<?xml version="1.0" encoding="UTF-8" ?>
<testsuite errors="0" failures="0" hostname="Guillaume-PC" name="carsequencing.AlgoTest" skipped="0" tests="2" time="95.371" timestamp="2015-08-02T07:43:01">
  <properties>
    <property name="libs.jsp-compiler.javadoc" value="" />
    <property name="netbeans.autoupdate.country" value="FR" />
    <property name="nb.wait.for.caches" value="true" />
    <property name="javac.test.classpath" value=":build/classes:C:\Program Files (x86)\NetBeans 8.0.2\platform\modules\ext\junit-4.10.jar" />
    <property name="libs.jsf20.maven-pom" value="" />
    <property name="libs.DataBindingME.src" value="C:\Program Files (x86)\NetBeans 8.0.2\mobility\sources\netbeans_databindingme-src.zip" />
    <property name="libs.junit.javadoc" value="C:\Program Files (x86)\NetBeans 8.0.2\java\docs\junit-3.8.2-api.zip" />
    <property name="libs.spring-webmvc4.0.src" value="" />
    <property name="ant.core.lib" value="C:\Users\Guillaume\AppData\Roaming\NetBeans\8.0.2\ant\lib\ant.jar" />
    <property name="javadoc.windowtitle" value="" />
    <property name="libs.jsp-compilation.javadoc" value="" />
    <property name="user.dir" value="C:\Users\Guillaume\Desktop\carsequencing\src\carsequencing" />
    <property name="libs.javaee-api-7.0.src" value="" />
    <property name="java.vm.version" value="25.25-b02" />
    <property name="libs.MyLibrary.src" value="" />
    <property name="libs.DataBindingME.classpath" value="C:\Program Files (x86)\NetBeans 8.0.2\mobility\modules\ext\netbeans_databindingme.jar" />
    <property name="libs.j2me_common_ant.src" value="" />
    <property name="libs.MySQLDriver.classpath" value="C:\Program Files (x86)\NetBeans 8.0.2\ide\modules\ext\mysql-connector-java-5.1.23-bin.jar" />
    <property name="libs.eclipselinkmodelgen.src" value="" />
    <property name="javadoc.notree" value="false" />
    <property name="netbeans.autoupdate.version" value="1.23" />
    <property name="libs.Princeton.maven-pom" value="" />
    <property name="libs.javaee-web-api-6.0.classpath" value="C:\Program Files (x86)\NetBeans 8.0.2\enterprise\modules\ext\javaee-web-api-6.0.jar" />
    <property name="libs.DataBindingME-PIM.maven-pom" value="" />
    <property name="javac.profile.cmd.line.arg" value="" />
    <property name="jdk.home" value="C:\Program Files (x86)\Java\jdk1.8.0_25" />
    <property name="libs.javac-api.src" value="" />
    <property name="javadoc.noindex" value="false" />
    <property name="libs.jpa2-persistence.classpath" value="C:\Program Files (x86)\NetBeans 8.0.2\java\modules\ext\hibernate4\hibernate-jpa-2.1-api-1.0.0.Final.jar" />
    <property name="sun.os.patch.level" value="Service Pack 1" />
    <property name="do.archive+manifest.available" value="true" />
    <property name="java.vm.specification.name" value="Java Virtual Machine Specification" />
    <property name="nb.show.statistics.ui" value="usageStatisticsEnabled" />
    <property name="netbeans.autoupdate.variant" value="" />
    <property name="have.tests" value="true" />
    <property name="org.xml.sax.driver" value="com.sun.org.apache.xerces.internal.jaxp.SAXParserImpl$JAXPSAXParser" />
    <property name="libs.javac-api.javadoc" value="" />
    <property name="os.name" value="Windows 7" />
    <property name="libs.beans-binding.classpath" value="C:\Program Files (x86)\NetBeans 8.0.2\java\modules\ext\beansbinding-1.2.1.jar" />
    <property name="libs.javaee-endorsed-api-7.0.maven-pom" value="" />
    <property name="ap.proc.none.internal" value="" />
    <property name="libs.DataBindingME-SVG.javadoc" value="C:\Program Files (x86)\NetBeans 8.0.2\mobility\modules\docs\netbeans_databindingme_svg-api.zip" />
    <property name="libs.restapi.javadoc" value="" />
    <property name="libs.JWSAntTasks.maven-pom" value="" />
    <property name="libs.jstl.classpath" value="C:\Program Files (x86)\NetBeans 8.0.2\enterprise\modules\ext\jstl-impl.jar;C:\Program Files (x86)\NetBeans 8.0.2\enterprise\modules\ext\jstl-api.jar" />
    <property name="libs.testng.src" value="" />
    <property name="libs.spring-webmvc3.0.src" value="" />
    <property name="libs.restapi.classpath" value="C:\Program Files (x86)\NetBeans 8.0.2\enterprise\modules\ext\jaxrs-2.0\javax.ws.rs-api-2.0.jar" />
    <property name="java.vendor.url.bug" value="http://bugreport.sun.com/bugreport/" />
    <property name="libs.jaxb.maven-pom" value="" />
    <property name="os.arch" value="x86" />
    <property name="libs.eclipselink.src" value="" />
    <property name="user.name" value="Guillaume" />
    <property name="libs.jsf12.javadoc" value="C:\Program Files (x86)\NetBeans 8.0.2\enterprise\docs\javaee-doc-api.jar" />
    <property name="libs.Libb.src" value="C:\Users\Guillaume\Desktop\SFA\M2 IRO\S1\Gestion des opérations et Planification de production\Projet\GUI\jfreechart-1.0.19.zip" />
    <property name="copylibs.rebase" value="true" />
    <property name="libs.j2me_common_ant.maven-pom" value="" />
    <property name="libs.spring-webmvc3.0.maven-pom" value="" />
    <property name="libs.swing-layout.maven-pom" value="" />
    <property name="sun.java.command" value="org.apache.tools.ant.taskdefs.optional.junit.JUnitTestRunner carsequencing.AlgoTest skipNonTests=false filtertrace=true haltOnError=false haltOnFailure=false showoutput=true outputtoformatters=true logfailedtests=true threadid=0 logtestlistenerevents=true formatter=org.apache.tools.ant.taskdefs.optional.junit.BriefJUnitResultFormatter formatter=org.apache.tools.ant.taskdefs.optional.junit.XMLJUnitResultFormatter,C:\Users\Guillaume\Desktop\carsequencing\src\carsequencing\build\test\results\TEST-carsequencing.AlgoTest.xml crashfile=C:\Users\Guillaume\Desktop\carsequencing\src\carsequencing\build\junitvmwatcher6819076655631249029.properties propsfile=C:\Users\Guillaume\Desktop\carsequencing\src\carsequencing\build\junit4304575582560687351.properties" />
    <property name="build.classes.dir" value="build/classes" />
    <property name="netbeans.accept_license_class" value="org.netbeans.license.AcceptLicense" />
    <property name="build.sysclasspath" value="ignore" />
    <property name="ap.supported.internal" value="true" />
    <property name="libs.javaee-endorsed-api-7.0.javadoc" value="C:\Program Files (x86)\NetBeans 8.0.2\enterprise\docs\javaee-doc-api.jar" />
    <property name="libs.jaxws21.javadoc" value="C:\Program Files (x86)\NetBeans 8.0.2\java\docs\jaxws-api-doc.zip" />
    <property name="libs.spring-webmvc4.0.javadoc" value="" />
    <property name="includes" value="**" />
    <property name="user.country" value="FR" />
    <property name="manifest.file" value="manifest.mf" />
    <property name="javadoc.encoding" value="UTF-8" />
    <property name="javac.classpath" value="" />
    <property name="libs.jsp-compilation-syscp.src" value="" />
    <property name="libs.JAVADB_DRIVER_LABEL.src" value="" />
    <property name="libs.Jfree.classpath" value="C:\Users\Guillaume\Desktop\SFA\M2 IRO\S1\Gestion des opérations et Planification de production\Projet\GUI\jfreechart-1.0.19\jfreechart-1.0.19\lib\jcommon-1.0.23.jar;C:\Users\Guillaume\Desktop\SFA\M2 IRO\S1\Gestion des opérations et Planification de production\Projet\GUI\jfreechart-1.0.19\jfreechart-1.0.19\lib\jfreechart-1.0.19.jar" />
    <property name="libs.spring-framework400.classpath" value="C:\Program Files (x86)\NetBeans 8.0.2\ide\modules\org-apache-commons-logging.jar;C:\Program Files (x86)\NetBeans 8.0.2\java\modules\ext\cglib-2.2.jar;C:\Program Files (x86)\NetBeans 8.0.2\java\modules\ext\spring-4\spring-aop-4.0.1.RELEASE.jar;C:\Program Files (x86)\NetBeans 8.0.2\java\modules\ext\spring-4\spring-aspects-4.0.1.RELEASE.jar;C:\Program Files (x86)\NetBeans 8.0.2\java\modules\ext\spring-4\spring-beans-4.0.1.RELEASE.jar;C:\Program Files (x86)\NetBeans 8.0.2\java\modules\ext\spring-4\spring-build-src-4.0.1.RELEASE.jar;C:\Program Files (x86)\NetBeans 8.0.2\java\modules\ext\spring-4\spring-context-4.0.1.RELEASE.jar;C:\Program Files (x86)\NetBeans 8.0.2\java\modules\ext\spring-4\spring-context-support-4.0.1.RELEASE.jar;C:\Program Files (x86)\NetBeans 8.0.2\java\modules\ext\spring-4\spring-core-4.0.1.RELEASE.jar;C:\Program Files (x86)\NetBeans 8.0.2\java\modules\ext\spring-4\spring-expression-4.0.1.RELEASE.jar;C:\Program Files (x86)\NetBeans 8.0.2\java\modules\ext\spring-4\spring-framework-bom-4.0.1.RELEASE.jar;C:\Program Files (x86)\NetBeans 8.0.2\java\modules\ext\spring-4\spring-instrument-4.0.1.RELEASE.jar;C:\Program Files (x86)\NetBeans 8.0.2\java\modules\ext\spring-4\spring-instrument-tomcat-4.0.1.RELEASE.jar;C:\Program Files (x86)\NetBeans 8.0.2\java\modules\ext\spring-4\spring-jdbc-4.0.1.RELEASE.jar;C:\Program Files (x86)\NetBeans 8.0.2\java\modules\ext\spring-4\spring-jms-4.0.1.RELEASE.jar;C:\Program Files (x86)\NetBeans 8.0.2\java\modules\ext\spring-4\spring-messaging-4.0.1.RELEASE.jar;C:\Program Files (x86)\NetBeans 8.0.2\java\modules\ext\spring-4\spring-orm-4.0.1.RELEASE.jar;C:\Program Files (x86)\NetBeans 8.0.2\java\modules\ext\spring-4\spring-oxm-4.0.1.RELEASE.jar;C:\Program Files (x86)\NetBeans 8.0.2\java\modules\ext\spring-4\spring-test-4.0.1.RELEASE.jar;C:\Program Files (x86)\NetBeans 8.0.2\java\modules\ext\spring-4\spring-tx-4.0.1.RELEASE.jar;C:\Program Files (x86)\NetBeans 8.0.2\java\modules\ext\spring-4\spring-web-4.0.1.RELEASE.jar;C:\Program Files (x86)\NetBeans 8.0.2\java\modules\ext\spring-4\spring-webmvc-4.0.1.RELEASE.jar;C:\Program Files (x86)\NetBeans 8.0.2\java\modules\ext\spring-4\spring-webmvc-portlet-4.0.1.RELEASE.jar;C:\Program Files (x86)\NetBeans 8.0.2\java\modules\ext\spring-4\spring-websocket-4.0.1.RELEASE.jar" />
    <property name="debug-transport" value="dt_shmem" />
    <property name="netbeans.home" value="C:\Program Files (x86)\NetBeans 8.0.2\platform" />
    <property name="build.compiler.emacs" value="true" />
    <property name="libs.javaee-web-api-6.0.src" value="" />
    <property name="libs.jsp-compilation-syscp.classpath" value="C:\Users\Guillaume\AppData\Roaming\NetBeans\8.0.2\ant\lib\ant.jar;C:\Program Files (x86)\NetBeans 8.0.2\enterprise\modules\ext\servlet3.1-jsp2.3-api.jar;C:\Program Files (x86)\NetBeans 8.0.2\enterprise\modules\ext\glassfish-jspparser-4.0.jar;C:\Program Files (x86)\NetBeans 8.0.2\enterprise\modules\ext\jstl-impl.jar;C:\Program Files (x86)\NetBeans 8.0.2\enterprise\modules\ext\jsf-2_2\javax.faces.jar" />
    <property name="java.endorsed.dirs" value="C:\Program Files (x86)\Java\jdk1.8.0_25\jre\lib\endorsed" />
    <property name="libs.groovy-all.src" value="" />
    <property name="netbeans.dynamic.classpath" value="C:\Program Files (x86)\NetBeans 8.0.2\platform\core\core.jar;C:\Program Files (x86)\NetBeans 8.0.2\platform\core\org-openide-filesystems.jar;C:\Program Files (x86)\NetBeans 8.0.2\platform\core\locale\core_ja.jar;C:\Program Files (x86)\NetBeans 8.0.2\platform\core\locale\core_pt_BR.jar;C:\Program Files (x86)\NetBeans 8.0.2\platform\core\locale\core_ru.jar;C:\Program Files (x86)\NetBeans 8.0.2\platform\core\locale\core_zh_CN.jar;C:\Program Files (x86)\NetBeans 8.0.2\platform\core\locale\org-openide-filesystems_ja.jar;C:\Program Files (x86)\NetBeans 8.0.2\platform\core\locale\org-openide-filesystems_pt_BR.jar;C:\Program Files (x86)\NetBeans 8.0.2\platform\core\locale\org-openide-filesystems_ru.jar;C:\Program Files (x86)\NetBeans 8.0.2\platform\core\locale\org-openide-filesystems_zh_CN.jar;C:\Program Files (x86)\NetBeans 8.0.2\nb\core\org-netbeans-upgrader.jar;C:\Program Files (x86)\NetBeans 8.0.2\nb\core\locale\core_nb.jar;C:\Program Files (x86)\NetBeans 8.0.2\nb\core\locale\core_nb_ja.jar;C:\Program Files (x86)\NetBeans 8.0.2\nb\core\locale\core_nb_pt_BR.jar;C:\Program Files (x86)\NetBeans 8.0.2\nb\core\locale\core_nb_ru.jar;C:\Program Files (x86)\NetBeans 8.0.2\nb\core\locale\core_nb_zh_CN.jar;C:\Program Files (x86)\NetBeans 8.0.2\nb\core\locale\org-netbeans-upgrader_ja.jar;C:\Program Files (x86)\NetBeans 8.0.2\nb\core\locale\org-netbeans-upgrader_pt_BR.jar;C:\Program Files (x86)\NetBeans 8.0.2\nb\core\locale\org-netbeans-upgrader_ru.jar;C:\Program Files (x86)\NetBeans 8.0.2\nb\core\locale\org-netbeans-upgrader_zh_CN.jar" />
    <property name="java.vm.specification.version" value="1.8" />
    <property name="libs.hibernate4-support.src" value="" />
    <property name="libs.primefaces.classpath" value="C:\Program Files (x86)\NetBeans 8.0.2\enterprise\modules\ext\primefaces\primefaces-5.0.jar" />
    <property name="libs.javaee-api-6.0.classpath" value="C:\Program Files (x86)\NetBeans 8.0.2\enterprise\modules\ext\javaee-api-6.0.jar" />
    <property name="libs.groovy-all.maven-pom" value="" />
    <property name="netbeans.productversion" value="NetBeans IDE 8.0.2 (Build 201411181905)" />
    <property name="libs.jaxws21.src" value="" />
    <property name="do.archive" value="true" />
    <property name="netbeans.autoupdate.language" value="fr" />
    <property name="java.vendor" value="Oracle Corporation" />
    <property name="libs.javaee-api-6.0.javadoc" value="C:\Program Files (x86)\NetBeans 8.0.2\enterprise\docs\javaee-doc-api.jar" />
    <property name="jar.index.metainf" value="false" />
    <property name="javac.debug" value="true" />
    <property name="javadoc.splitindex" value="true" />
    <property name="file.separator" value="\" />
    <property name="libs.jjjjjj.classpath" value="C:\Users\Guillaume\Desktop\SFA\M2 IRO\S1\Gestion des opérations et Planification de production\Projet\GUI\jfreechart-1.0.19\jfreechart-1.0.19\jfreechart-1.0.19-demo.jar;C:\Users\Guillaume\Desktop\SFA\M2 IRO\S1\Gestion des opérations et Planification de production\Projet\GUI\jfreechart-1.0.19\jfreechart-1.0.19\lib\jcommon-1.0.23.jar;C:\Users\Guillaume\Desktop\SFA\M2 IRO\S1\Gestion des opérations et Planification de production\Projet\GUI\jfreechart-1.0.19\jfreechart-1.0.19\lib\jfreechart-1.0.19.jar" />
    <property name="libs.junit_4.maven-pom" value="" />
    <property name="mkdist.disabled" value="false" />
    <property name="javac.test.processorpath" value=":build/classes:C:\Program Files (x86)\NetBeans 8.0.2\platform\modules\ext\junit-4.10.jar" />
    <property name="netbeans.buildnumber" value="201411181905" />
    <property name="libs.JWSAntTasks.javadoc" value="" />
    <property name="build.generated.sources.dir" value="build/generated-sources" />
    <property name="user.variant" value="" />
    <property name="libs.eclipselinkmodelgen.classpath" value="C:\Program Files (x86)\NetBeans 8.0.2\java\modules\ext\eclipselink\org.eclipse.persistence.jpa.modelgen_2.5.2.v20140319-9ad6abd.jar" />
    <property name="libs.javaee-endorsed-api-7.0.src" value="" />
    <property name="sun.java.launcher" value="SUN_STANDARD" />
    <property name="libs.junit.classpath" value="C:\Program Files (x86)\NetBeans 8.0.2\java\modules\ext\junit-3.8.2.jar" />
    <property name="libs.hibernate4-persistencemodelgen.javadoc" value="" />
    <property name="libs.jaxb.javadoc" value="C:\Program Files (x86)\NetBeans 8.0.2\ide\docs\jaxb-api-doc.zip" />
    <property name="libs.struts.classpath" value="C:\Program Files (x86)\NetBeans 8.0.2\enterprise\modules\ext\struts\antlr-2.7.2.jar;C:\Program Files (x86)\NetBeans 8.0.2\enterprise\modules\ext\struts\bsf-2.3.0.jar;C:\Program Files (x86)\NetBeans 8.0.2\enterprise\modules\ext\struts\commons-beanutils-1.8.0.jar;C:\Program Files (x86)\NetBeans 8.0.2\enterprise\modules\ext\struts\commons-chain-1.2.jar;C:\Program Files (x86)\NetBeans 8.0.2\enterprise\modules\ext\struts\commons-digester-1.8.jar;C:\Program Files (x86)\NetBeans 8.0.2\enterprise\modules\ext\struts\commons-fileupload-1.1.1.jar;C:\Program Files (x86)\NetBeans 8.0.2\enterprise\modules\ext\struts\commons-io-1.1.jar;C:\Program Files (x86)\NetBeans 8.0.2\enterprise\modules\ext\struts\commons-logging-1.0.4.jar;C:\Program Files (x86)\NetBeans 8.0.2\enterprise\modules\ext\struts\commons-validator-1.3.1.jar;C:\Program Files (x86)\NetBeans 8.0.2\enterprise\modules\ext\struts\jstl-1.0.2.jar;C:\Program Files (x86)\NetBeans 8.0.2\enterprise\modules\ext\struts\oro-2.0.8.jar;C:\Program Files (x86)\NetBeans 8.0.2\enterprise\modules\ext\struts\standard-1.0.6.jar;C:\Program Files (x86)\NetBeans 8.0.2\enterprise\modules\ext\struts\struts-core-1.3.10.jar;C:\Program Files (x86)\NetBeans 8.0.2\enterprise\modules\ext\struts\struts-el-1.3.10.jar;C:\Program Files (x86)\NetBeans 8.0.2\enterprise\modules\ext\struts\struts-extras-1.3.10.jar;C:\Program Files (x86)\NetBeans 8.0.2\enterprise\modules\ext\struts\struts-faces-1.3.10.jar;C:\Program Files (x86)\NetBeans 8.0.2\enterprise\modules\ext\struts\struts-mailreader-dao-1.3.10.jar;C:\Program Files (x86)\NetBeans 8.0.2\enterprise\modules\ext\struts\struts-scripting-1.3.10.jar;C:\Program Files (x86)\NetBeans 8.0.2\enterprise\modules\ext\struts\struts-taglib-1.3.10.jar;C:\Program Files (x86)\NetBeans 8.0.2\enterprise\modules\ext\struts\struts-tiles-1.3.10.jar" />
    <property name="ant.home" value="C:\Users\Guillaume\AppData\Roaming\NetBeans\8.0.2\ant" />
    <property name="libs.junit_4.src" value="C:\Program Files (x86)\NetBeans 8.0.2\java\docs\junit-4.10-sources.jar" />
    <property name="libs.testng.classpath" value="C:\Program Files (x86)\NetBeans 8.0.2\platform\modules\ext\testng-6.8.1-dist.jar" />
    <property name="libs.absolutelayout.maven-pom" value="" />
    <property name="ant.java.version" value="1.8" />
    <property name="java.library.path" value="C:\Program Files (x86)\Java\jdk1.8.0_25\jre\bin;C:\Windows\Sun\Java\bin;C:\Windows\system32;C:\Windows;C:\ProgramData\Oracle\Java\javapath;C:\Program Files (x86)\MiKTeX 2.8\miktex\bin;C:\watcom-1.3\binnt;C:\watcom-1.3\binw;C:\Windows\system32;C:\Windows;C:\Windows\System32\Wbem;C:\Windows\System32\WindowsPowerShell\v1.0\;C:\Program Files (x86)\IBM\ILOG\CPLEX_Studio_Preview125\opl\bin\x86_win32;C:\Program Files (x86)\IBM\ILOG\CPLEX_Studio_Preview125\opl\oplide\;C:\Program Files (x86)\IBM\ILOG\CPLEX_Studio_Preview125\cplex\bin\x86_win32;C:\Program Files (x86)\IBM\ILOG\CPLEX_Studio_Preview125\cpoptimizer\bin\x86_win32;C:\Program Files\TortoiseSVN\bin;C:\Program Files (x86)\Skype\Phone\;C:\Program Files (x86)\Git\cmd;C:\Program Files (x86)\Git\etc\;C:\Program Files (x86)\NVIDIA Corporation\PhysX\Common;." />
    <property name="javadoc.author" value="false" />
    <property name="libs.metro.maven-pom" value="" />
    <property name="java.util.logging.config.class" value="org.netbeans.core.startup.TopLogging" />
    <property name="libs.spring-framework400.src" value="" />
    <property name="libs.PostgreSQLDriver.src" value="" />
    <property name="sun.arch.data.model" value="32" />
    <property name="basedir" value="C:\Users\Guillaume\Desktop\carsequencing\src\carsequencing" />
    <property name="libs.jpa20-persistence.maven-pom" value="" />
    <property name="jar.compress" value="false" />
    <property name="libs.javaee-web-api-7.0.classpath" value="C:\Program Files (x86)\NetBeans 8.0.2\enterprise\modules\ext\javaee-web-api-7.0.jar" />
    <property name="path.separator" value=";" />
    <property name="libs.javaee-web-api-6.0.javadoc" value="C:\Program Files (x86)\NetBeans 8.0.2\enterprise\docs\javaee-doc-api.jar" />
    <property name="ant.junit.enabletestlistenerevents" value="true" />
    <property name="sun.io.unicode.encoding" value="UnicodeLittle" />
    <property name="libs.jaxws21.classpath" value="C:\Program Files (x86)\NetBeans 8.0.2\ide\modules\ext\jaxb\jaxb-impl.jar;C:\Program Files (x86)\NetBeans 8.0.2\ide\modules\ext\jaxb\jaxb-xjc.jar;C:\Program Files (x86)\NetBeans 8.0.2\java\modules\ext\jaxws22\FastInfoset.jar;C:\Program Files (x86)\NetBeans 8.0.2\java\modules\ext\jaxws22\gmbal-api-only.jar;C:\Program Files (x86)\NetBeans 8.0.2\java\modules\ext\jaxws22\ha-api.jar;C:\Program Files (x86)\NetBeans 8.0.2\java\modules\ext\jaxws22\javax.mail_1.4.jar;C:\Program Files (x86)\NetBeans 8.0.2\java\modules\ext\jaxws22\jaxws-rt.jar;C:\Program Files (x86)\NetBeans 8.0.2\java\modules\ext\jaxws22\jaxws-tools.jar;C:\Program Files (x86)\NetBeans 8.0.2\java\modules\ext\jaxws22\management-api.jar;C:\Program Files (x86)\NetBeans 8.0.2\java\modules\ext\jaxws22\mimepull.jar;C:\Program Files (x86)\NetBeans 8.0.2\java\modules\ext\jaxws22\policy.jar;C:\Program Files (x86)\NetBeans 8.0.2\java\modules\ext\jaxws22\saaj-impl.jar;C:\Program Files (x86)\NetBeans 8.0.2\java\modules\ext\jaxws22\stax-ex.jar;C:\Program Files (x86)\NetBeans 8.0.2\java\modules\ext\jaxws22\stax2-api.jar;C:\Program Files (x86)\NetBeans 8.0.2\java\modules\ext\jaxws22\streambuffer.jar;C:\Program Files (x86)\NetBeans 8.0.2\java\modules\ext\jaxws22\woodstox-core-asl.jar;C:\Program Files (x86)\NetBeans 8.0.2\java\modules\ext\jaxws22\api\jaxws-api.jar;C:\Program Files (x86)\NetBeans 8.0.2\java\modules\ext\jaxws22\api\jsr181-api.jar;C:\Program Files (x86)\NetBeans 8.0.2\java\modules\ext\jaxws22\api\javax.annotation.jar;C:\Program Files (x86)\NetBeans 8.0.2\java\modules\ext\jaxws22\api\saaj-api.jar;C:\Program Files (x86)\NetBeans 8.0.2\ide\modules\ext\jaxb\activation.jar;C:\Program Files (x86)\NetBeans 8.0.2\ide\modules\ext\jaxb\api\jaxb-api.jar;C:\Program Files (x86)\NetBeans 8.0.2\ide\modules\ext\jaxb\api\jsr173_1.0_api.jar" />
    <property name="libs.struts.src" value="" />
    <property name="compile.on.save" value="true" />
    <property name="apple.awt.graphics.UseQuartz" value="true" />
    <property name="user.language" value="fr" />
    <property name="libs.Princeton.classpath" value="F:\TEMPORARIRE\V1\01 - Discrétisation linéarisation fonction activation\netbeans\stdlib-package.jar;F:\TEMPORARIRE\V1\01 - Discrétisation linéarisation fonction activation\netbeans\algs4-package.jar" />
    <property name="testng.mode" value="testng" />
    <property name="libs.JAXB-ENDORSED.maven-pom" value="" />
    <property name="libs.eclipselink.maven-pom" value="" />
    <property name="ant.file.carsequencing-impl" value="C:\Users\Guillaume\Desktop\carsequencing\src\carsequencing\nbproject\build-impl.xml" />
    <property name="test.binaryincludes" value="&lt;nothing&gt;" />
    <property name="manifest.available" value="true" />
    <property name="libs.primefaces.javadoc" value="" />
    <property name="libs.spring-framework300.maven-pom" value="" />
    <property name="run.test.classpath" value=":build/classes:C:\Program Files (x86)\NetBeans 8.0.2\platform\modules\ext\junit-4.10.jar:build/test/classes" />
    <property name="ant.project.invoked-targets" value="test" />
    <property name="test.binaryexcludes" value="" />
    <property name="libs.swing-layout.javadoc" value="C:\Program Files (x86)\NetBeans 8.0.2\platform\docs\swing-layout-1.0.4-doc.zip" />
    <property name="sun.java2d.dpiaware" value="true" />
    <property name="libs.Libb.maven-pom" value="" />
    <property name="libs.hibernate4-persistence.maven-pom" value="" />
    <property name="libs.DataBindingME-SVG.classpath" value="C:\Program Files (x86)\NetBeans 8.0.2\mobility\modules\ext\netbeans_databindingme_svg.jar" />
    <property name="https.nonProxyHosts" value="localhost|127.0.0.1|Guillaume-PC" />
    <property name="libs.PostgreSQLDriver.maven-pom" value="" />
    <property name="java.class.version" value="52.0" />
    <property name="libs.JAVADB_DRIVER_LABEL.classpath" value="C:\Program Files (x86)\Java\jdk1.8.0_25\db\lib\derby.jar;C:\Program Files (x86)\Java\jdk1.8.0_25\db\lib\derbyclient.jar;C:\Program Files (x86)\Java\jdk1.8.0_25\db\lib\derbynet.jar" />
    <property name="libs.hibernate4-persistencemodelgen.maven-pom" value="" />
    <property name="libs.javaee-endorsed-api-6.0.src" value="" />
    <property name="libs.eclipselink.javadoc" value="C:\Program Files (x86)\NetBeans 8.0.2\java\modules\ext\docs\javax.persistence-2.1.0-doc.zip" />
    <property name="platforms.JDK_1.8.compiler" value="modern" />
    <property name="libs.jsp-compilation.maven-pom" value="" />
    <property name="user.properties.file" value="C:\Users\Guillaume\AppData\Roaming\NetBeans\8.0.2\build.properties" />
    <property name="runtime.encoding" value="UTF-8" />
    <property name="libs.javac-api.maven-pom" value="" />
    <property name="file.encoding.pkg" value="sun.io" />
    <property name="sun.cpu.endian" value="little" />
    <property name="libs.JAXB-ENDORSED.javadoc" value="" />
    <property name="libs.JWSAntTasks.classpath" value="C:\Program Files (x86)\NetBeans 8.0.2\java\ant\extra\org-netbeans-modules-javawebstart-anttasks.jar" />
    <property name="libs.spring-webmvc4.0.maven-pom" value="" />
    <property name="libs.spring-framework300.src" value="" />
    <property name="libs.jjjjjj.src" value="" />
    <property name="libs.jstl.src" value="" />
    <property name="empty.dir" value="C:\Users\Guillaume\Desktop\carsequencing\src\carsequencing\build\empty" />
    <property name="version-output" value="java version &quot;1.8" />
    <property name="test.binarytestincludes" value="" />
    <property name="libs.hibernate4-persistencemodelgen.src" value="" />
    <property name="javadoc.preview" value="true" />
    <property name="libs.jpa20-persistence.javadoc" value="C:\Program Files (x86)\NetBeans 8.0.2\java\modules\ext\docs\javax.persistence-2.1.0-doc.zip" />
    <property name="java.home" value="C:\Program Files (x86)\Java\jdk1.8.0_25\jre" />
    <property name="libs.jsp-compilation.src" value="" />
    <property name="libs.Jfree.javadoc" value="" />
    <property name="debug.test.classpath" value=":build/classes:C:\Program Files (x86)\NetBeans 8.0.2\platform\modules\ext\junit-4.10.jar:build/test/classes" />
    <property name="libs.javaee-endorsed-api-6.0.classpath" value="C:\Program Files (x86)\NetBeans 8.0.2\enterprise\modules\ext\javaee6-endorsed\javax.annotation.jar;C:\Program Files (x86)\NetBeans 8.0.2\enterprise\modules\ext\javaee6-endorsed\jaxb-api-osgi.jar;C:\Program Files (x86)\NetBeans 8.0.2\enterprise\modules\ext\javaee6-endorsed\webservices-api-osgi.jar" />
    <property name="libs.javaee-api-6.0.src" value="" />
    <property name="netbeans.importclass" value="org.netbeans.upgrade.AutoUpgrade" />
    <property name="ant.project.default-target" value="default" />
    <property name="annotation.processing.run.all.processors" value="true" />
    <property name="libs.MyLibrary.classpath" value="C:\Users\Guillaume\Desktop\SFA\M2 IRO\S1\Gestion des opérations et Planification de production\Projet\GUI\jfreechart-1.0.19.zip" />
    <property name="ant.file.type.carsequencing-impl" value="file" />
    <property name="libs.DataBindingME.maven-pom" value="" />
    <property name="libs.PostgreSQLDriver.javadoc" value="" />
    <property name="libs.restlib.classpath" value="C:\Program Files (x86)\NetBeans 8.0.2\enterprise\modules\ext\jersey2\ext\asm-all-repackaged-2.2.0-b21.jar;C:\Program Files (x86)\NetBeans 8.0.2\enterprise\modules\ext\jersey2\ext\cglib-2.2.0-b21.jar;C:\Program Files (x86)\NetBeans 8.0.2\enterprise\modules\ext\jersey2\ext\guava-14.0.1.jar;C:\Program Files (x86)\NetBeans 8.0.2\enterprise\modules\ext\jersey2\ext\hk2-api-2.2.0-b21.jar;C:\Program Files (x86)\NetBeans 8.0.2\enterprise\modules\ext\jersey2\ext\hk2-locator-2.2.0-b21.jar;C:\Program Files (x86)\NetBeans 8.0.2\enterprise\modules\ext\jersey2\ext\hk2-utils-2.2.0-b21.jar;C:\Program Files (x86)\NetBeans 8.0.2\enterprise\modules\ext\jersey2\ext\javax.annotation-api-1.2.jar;C:\Program Files (x86)\NetBeans 8.0.2\enterprise\modules\ext\jersey2\ext\javax.inject-2.2.0-b21.jar;C:\Program Files (x86)\NetBeans 8.0.2\enterprise\modules\ext\jersey2\ext\javax.servlet-api-3.0.1.jar;C:\Program Files (x86)\NetBeans 8.0.2\enterprise\modules\ext\jersey2\ext\jaxb-api-2.2.7.jar;C:\Program Files (x86)\NetBeans 8.0.2\enterprise\modules\ext\jersey2\ext\jersey-entity-filtering-2.5.1.jar;C:\Program Files (x86)\NetBeans 8.0.2\enterprise\modules\ext\jersey2\ext\jersey-media-moxy-2.5.1.jar;C:\Program Files (x86)\NetBeans 8.0.2\enterprise\modules\ext\jersey2\ext\org.osgi.core-4.2.0.jar;C:\Program Files (x86)\NetBeans 8.0.2\enterprise\modules\ext\jersey2\ext\osgi-resource-locator-1.0.1.jar;C:\Program Files (x86)\NetBeans 8.0.2\enterprise\modules\ext\jersey2\ext\persistence-api-1.0.jar;C:\Program Files (x86)\NetBeans 8.0.2\enterprise\modules\ext\jersey2\ext\validation-api-1.1.0.Final.jar;C:\Program Files (x86)\NetBeans 8.0.2\enterprise\modules\ext\jersey2\jersey-client.jar;C:\Program Files (x86)\NetBeans 8.0.2\enterprise\modules\ext\jersey2\jersey-common.jar;C:\Program Files (x86)\NetBeans 8.0.2\enterprise\modules\ext\jersey2\jersey-container-servlet.jar;C:\Program Files (x86)\NetBeans 8.0.2\enterprise\modules\ext\jersey2\jersey-container-servlet-core.jar;C:\Program Files (x86)\NetBeans 8.0.2\enterprise\modules\ext\jersey2\jersey-server.jar;C:\Program Files (x86)\NetBeans 8.0.2\java\modules\ext\eclipselink\eclipselink.jar" />
    <property name="libs.MySQLDriver.maven-pom" value="" />
    <property name="libs.hibernate4-persistence.javadoc" value="C:\Program Files (x86)\NetBeans 8.0.2\java\modules\ext\docs\javax.persistence-2.1.0-doc.zip" />
    <property name="http.nonProxyHosts" value="localhost|127.0.0.1|Guillaume-PC" />
    <property name="libs.junit_4.javadoc" value="C:\Program Files (x86)\NetBeans 8.0.2\java\docs\junit-4.10-javadoc.jar" />
    <property name="platforms.JDK_1.8.bootclasspath" value="C:\Program Files (x86)\Java\jdk1.8.0_40\jre\lib\resources.jar;C:\Program Files (x86)\Java\jdk1.8.0_40\jre\lib\rt.jar;C:\Program Files (x86)\Java\jdk1.8.0_40\jre\lib\sunrsasign.jar;C:\Program Files (x86)\Java\jdk1.8.0_40\jre\lib\jsse.jar;C:\Program Files (x86)\Java\jdk1.8.0_40\jre\lib\jce.jar;C:\Program Files (x86)\Java\jdk1.8.0_40\jre\lib\charsets.jar;C:\Program Files (x86)\Java\jdk1.8.0_40\jre\lib\jfr.jar;C:\Program Files (x86)\Java\jdk1.8.0_40\jre\classes;C:\Program Files (x86)\Java\jdk1.8.0_40\jre\lib\ext\access-bridge-32.jar;C:\Program Files (x86)\Java\jdk1.8.0_40\jre\lib\ext\cldrdata.jar;C:\Program Files (x86)\Java\jdk1.8.0_40\jre\lib\ext\dnsns.jar;C:\Program Files (x86)\Java\jdk1.8.0_40\jre\lib\ext\jaccess.jar;C:\Program Files (x86)\Java\jdk1.8.0_40\jre\lib\ext\jfxrt.jar;C:\Program Files (x86)\Java\jdk1.8.0_40\jre\lib\ext\localedata.jar;C:\Program Files (x86)\Java\jdk1.8.0_40\jre\lib\ext\nashorn.jar;C:\Program Files (x86)\Java\jdk1.8.0_40\jre\lib\ext\sunec.jar;C:\Program Files (x86)\Java\jdk1.8.0_40\jre\lib\ext\sunjce_provider.jar;C:\Program Files (x86)\Java\jdk1.8.0_40\jre\lib\ext\sunmscapi.jar;C:\Program Files (x86)\Java\jdk1.8.0_40\jre\lib\ext\sunpkcs11.jar;C:\Program Files (x86)\Java\jdk1.8.0_40\jre\lib\ext\zipfs.jar" />
    <property name="libs.javaee-web-api-6.0.maven-pom" value="" />
    <property name="run.classpath" value=":build/classes" />
    <property name="jna.boot.library.name" value="jnidispatch-410" />
    <property name="libs.javaee-endorsed-api-6.0.javadoc" value="C:\Program Files (x86)\NetBeans 8.0.2\enterprise\docs\javaee-doc-api.jar" />
    <property name="libs.javaee-api-7.0.classpath" value="C:\Program Files (x86)\NetBeans 8.0.2\enterprise\modules\ext\javaee-api-7.0.jar" />
    <property name="sun.awt.datatransfer.timeout" value="1000" />
    <property name="libs.spring-webmvc3.0.javadoc" value="" />
    <property name="libs.jpa2-persistence.maven-pom" value="" />
    <property name="annotation.processing.enabled.in.editor" value="false" />
    <property name="libs.hibernate4-support.classpath" value="C:\Program Files (x86)\NetBeans 8.0.2\java\modules\ext\hibernate4\antlr-2.7.7.jar;C:\Program Files (x86)\NetBeans 8.0.2\java\modules\ext\hibernate4\c3p0-0.9.2.1.jar;C:\Program Files (x86)\NetBeans 8.0.2\java\modules\ext\hibernate4\hibernate-c3p0-4.3.1.Final.jar;C:\Program Files (x86)\NetBeans 8.0.2\java\modules\ext\hibernate4\mchange-commons-java-0.2.3.4.jar;C:\Program Files (x86)\NetBeans 8.0.2\java\modules\ext\hibernate4\dom4j-1.6.1.jar;C:\Program Files (x86)\NetBeans 8.0.2\java\modules\ext\hibernate4\ehcache-core-2.4.3.jar;C:\Program Files (x86)\NetBeans 8.0.2\java\modules\ext\hibernate4\hibernate-ehcache-4.3.1.Final.jar;C:\Program Files (x86)\NetBeans 8.0.2\java\modules\ext\hibernate4\hibernate-core-4.3.1.Final.jar;C:\Program Files (x86)\NetBeans 8.0.2\java\modules\ext\hibernate4\jboss-logging-3.1.3.GA.jar;C:\Program Files (x86)\NetBeans 8.0.2\java\modules\ext\hibernate4\hibernate-commons-annotations-4.0.4.Final.jar;C:\Program Files (x86)\NetBeans 8.0.2\java\modules\ext\hibernate4\hibernate-entitymanager-4.3.1.Final.jar;C:\Program Files (x86)\NetBeans 8.0.2\java\modules\ext\hibernate4\javassist-3.18.1-GA.jar;C:\Program Files (x86)\NetBeans 8.0.2\java\modules\ext\hibernate4\jboss-transaction-api_1.2_spec-1.0.0.Final.jar;C:\Program Files (x86)\NetBeans 8.0.2\java\modules\ext\hibernate4\slf4j-api-1.6.1.jar;C:\Program Files (x86)\NetBeans 8.0.2\java\modules\ext\hibernate4\slf4j-simple-1.6.1.jar" />
    <property name="nb.native.filechooser" value="false" />
    <property name="libs.restapi.src" value="" />
    <property name="sun.management.compiler" value="HotSpot Client Compiler" />
    <property name="libs.j2me_common_ant.javadoc" value="" />
    <property name="javac.deprecation" value="false" />
    <property name="javadoc.use" value="true" />
    <property name="sun.java2d.noddraw" value="true" />
    <property name="libs.jsp-compiler.classpath" value="C:\Program Files (x86)\NetBeans 8.0.2\enterprise\ant\extra\jspcompile.jar" />
    <property name="javac.processorpath" value="" />
    <property name="javac.compilerargs" value="" />
    <property name="svnkit.http.methods" value="Basic" />
    <property name="ant.file" value="C:\Users\Guillaume\Desktop\carsequencing\src\carsequencing\build.xml" />
    <property name="libs.beans-binding.maven-pom" value="" />
    <property name="libs.hibernate4-support.javadoc" value="C:\Program Files (x86)\NetBeans 8.0.2\java\modules\ext\docs\javax.persistence-2.1.0-doc.zip" />
    <property name="libs.jsf12.classpath" value="C:\Program Files (x86)\NetBeans 8.0.2\enterprise\modules\ext\jsf-1_2\commons-beanutils.jar;C:\Program Files (x86)\NetBeans 8.0.2\enterprise\modules\ext\jsf-1_2\commons-collections.jar;C:\Program Files (x86)\NetBeans 8.0.2\enterprise\modules\ext\jsf-1_2\commons-digester.jar;C:\Program Files (x86)\NetBeans 8.0.2\enterprise\modules\ext\jsf-1_2\commons-logging.jar;C:\Program Files (x86)\NetBeans 8.0.2\enterprise\modules\ext\jsf-1_2\jsf-api.jar;C:\Program Files (x86)\NetBeans 8.0.2\enterprise\modules\ext\jsf-1_2\jsf-impl.jar" />
    <property name="libs.jstl.maven-pom" value="" />
    <property name="libs.restapi.maven-pom" value="" />
    <property name="libs.beans-binding.src" value="" />
    <property name="java.vm.specification.vendor" value="Oracle Corporation" />
    <property name="libs.DataBindingME-PIM.javadoc" value="C:\Program Files (x86)\NetBeans 8.0.2\mobility\modules\docs\netbeans_databindingme_pim-api.zip" />
    <property name="libs.swing-layout.src" value="C:\Program Files (x86)\NetBeans 8.0.2\platform\docs\swing-layout-1.0.4-src.zip" />
    <property name="libs.Libb.javadoc" value="" />
    <property name="org.openide.major.version" value="IDE/1" />
    <property name="java.vm.name" value="Java HotSpot(TM) Client VM" />
    <property name="netbeans.user" value="C:\Users\Guillaume\AppData\Roaming\NetBeans\8.0.2" />
    <property name="javadoc.additionalparam" value="" />
    <property name="java.io.tmpdir" value="C:\Users\GUILLA~1\AppData\Local\Temp\" />
    <property name="java.vendor.url" value="http://java.oracle.com/" />
    <property name="endorsed.classpath.cmd.line.arg" value="" />
    <property name="junit.available" value="true" />
    <property name="libs.jsp-compiler.src" value="" />
    <property name="sun.boot.library.path" value="C:\Program Files (x86)\Java\jdk1.8.0_25\jre\bin" />
    <property name="have.sources" value="true" />
    <property name="debug.classpath" value=":build/classes" />
    <property name="javadoc.private" value="false" />
    <property name="test.src.dir" value="test" />
    <property name="libs.MyLibrary.javadoc" value="" />
    <property name="libs.jsf20.classpath" value="C:\Program Files (x86)\NetBeans 8.0.2\enterprise\modules\ext\jsf-2_2\javax.faces.jar" />
    <property name="ap.processors.internal" value="" />
    <property name="meta.inf.dir" value="src/META-INF" />
    <property name="javadoc.encoding.used" value="UTF-8" />
    <property name="libs.DataBindingME-SVG.src" value="C:\Program Files (x86)\NetBeans 8.0.2\mobility\sources\netbeans_databindingme_svg-src.zip" />
    <property name="dist.jar" value="dist/carsequencing.jar" />
    <property name="libs.spring-framework400.maven-pom" value="" />
    <property name="java.runtime.name" value="Java(TM) SE Runtime Environment" />
    <property name="ant.project.name" value="carsequencing" />
    <property name="netbeans.hash.code" value="unique=NB_CND_EXTIDE_GFMOD_GROOVY_JAVA_JC_MOB_PHP_WEBCOMMON_WEBEE09760b07a-1351-404c-b64b-9c018559805f_ef21a96a-9006-4e85-8781-203f7380ddc7" />
    <property name="netbeans.default_userdir_root" value="C:\Users\Guillaume\AppData\Roaming\NetBeans" />
    <property name="libs.jsp-compilation-syscp.maven-pom" value="" />
    <property name="sun.cpu.isalist" value="pentium_pro+mmx pentium_pro pentium+mmx pentium i486 i386 i86" />
    <property name="libs.spring-framework400.javadoc" value="" />
    <property name="libs.CopyLibs.javadoc" value="" />
    <property name="org.openide.specification.version" value="6.2" />
    <property name="libs.Libb.classpath" value="" />
    <property name="libs.DataBindingME-PIM.classpath" value="C:\Program Files (x86)\NetBeans 8.0.2\mobility\modules\ext\netbeans_databindingme_pim.jar" />
    <property name="user.home" value="C:\Users\Guillaume" />
    <property name="annotation.processing.processors.list" value="" />
    <property name="libs.primefaces.maven-pom" value="" />
    <property name="debug-args-line" value="-Xdebug" />
    <property name="libs.javaee-api-6.0.maven-pom" value="" />
    <property name="libs.JWSAntTasks.src" value="" />
    <property name="jar.index" value="false" />
    <property name="libs.CopyLibs.maven-pom" value="" />
    <property name="libs.spring-framework300.javadoc" value="" />
    <property name="libs.absolutelayout.javadoc" value="C:\Program Files (x86)\IBM\ILOG\CPLEX_Studio_Preview125\doc\html\en-US\refjavacplex\html;C:\Program Files (x86)\IBM\ILOG\CPLEX_Studio_Preview125\doc\html\en-US\refjavacpoptimizer\html;C:\Program Files (x86)\IBM\ILOG\CPLEX_Studio_Preview125\doc\html\en-US\refjavaopl\html" />
    <property name="guice.disable.misplaced.annotation.check" value="true" />
    <property name="java.specification.name" value="Java Platform API Specification" />
    <property name="do.archive+main.class.available" value="true" />
    <property name="java.specification.vendor" value="Oracle Corporation" />
    <property name="libs.javac-api.classpath" value="C:\Program Files (x86)\NetBeans 8.0.2\java\modules\ext\nb-javac-api.jar" />
    <property name="java.version" value="1.8.0_25" />
    <property name="run.jvmargs.ide" value="" />
    <property name="javadoc.version" value="false" />
    <property name="libs.MySQLDriver.javadoc" value="" />
    <property name="org.openide.version" value="deprecated" />
    <property name="platform.java" value="C:\Program Files (x86)\Java\jdk1.8.0_25\jre/bin/java" />
    <property name="source.encoding" value="UTF-8" />
    <property name="ap.cmd.line.internal" value="" />
    <property name="libs.eclipselinkmodelgen.maven-pom" value="" />
    <property name="libs.jsp-compilation-syscp.javadoc" value="" />
    <property name="libs.junit.maven-pom" value="" />
    <property name="libs.eclipselinkmodelgen.javadoc" value="" />
    <property name="libs.javaee-endorsed-api-7.0.classpath" value="C:\Program Files (x86)\NetBeans 8.0.2\enterprise\modules\ext\javaee7-endorsed\javax.annotation-api.jar;C:\Program Files (x86)\NetBeans 8.0.2\enterprise\modules\ext\javaee7-endorsed\javax.xml.soap-api.jar;C:\Program Files (x86)\NetBeans 8.0.2\enterprise\modules\ext\javaee7-endorsed\jaxb-api-osgi.jar;C:\Program Files (x86)\NetBeans 8.0.2\enterprise\modules\ext\javaee7-endorsed\jaxws-api.jar;C:\Program Files (x86)\NetBeans 8.0.2\enterprise\modules\ext\javaee7-endorsed\jsr181-api.jar" />
    <property name="libs.metro.javadoc" value="C:\Program Files (x86)\NetBeans 8.0.2\enterprise\docs\metro-1.4-doc.zip" />
    <property name="libs.struts.maven-pom" value="" />
    <property name="netbeans.home+have.tests" value="true" />
    <property name="annotation.processing.processor.options" value="" />
    <property name="libs.testng.maven-pom" value="" />
    <property name="libs.jaxb.src" value="" />
    <property name="work.dir" value="C:\Users\Guillaume\Desktop\carsequencing\src\carsequencing" />
    <property name="libs.jaxb.classpath" value="C:\Program Files (x86)\NetBeans 8.0.2\ide\modules\ext\jaxb\jaxb-impl.jar;C:\Program Files (x86)\NetBeans 8.0.2\ide\modules\ext\jaxb\jaxb-xjc.jar;C:\Program Files (x86)\NetBeans 8.0.2\ide\modules\ext\jaxb\jaxb1-impl.jar;C:\Program Files (x86)\NetBeans 8.0.2\ide\modules\ext\jaxb\activation.jar;C:\Program Files (x86)\NetBeans 8.0.2\ide\modules\ext\jaxb\api\jaxb-api.jar;C:\Program Files (x86)\NetBeans 8.0.2\ide\modules\ext\jaxb\api\jsr173_1.0_api.jar" />
    <property name="libs.Jfree.src" value="" />
    <property name="do.depend" value="false" />
    <property name="dist.javadoc.dir" value="dist/javadoc" />
    <property name="libs.j2me_common_ant.classpath" value="C:\Program Files (x86)\NetBeans 8.0.2\mobility\modules\org-netbeans-modules-j2me-common-ant.jar;C:\Program Files (x86)\NetBeans 8.0.2\java\modules\org-netbeans-modules-classfile.jar" />
    <property name="libs.swing-layout.classpath" value="C:\Program Files (x86)\NetBeans 8.0.2\platform\modules\ext\swing-layout-1.0.4.jar" />
    <property name="libs.spring-webmvc3.0.classpath" value="C:\Program Files (x86)\NetBeans 8.0.2\java\modules\ext\spring-3.0\spring-webmvc-3.2.7.RELEASE.jar" />
    <property name="libs.javaee-web-api-7.0.maven-pom" value="" />
    <property name="libs.restlib.src" value="" />
    <property name="javac.source" value="1.8" />
    <property name="build.generated.dir" value="build/generated" />
    <property name="line.separator" value="&#xd;&#xa;" />
    <property name="java.specification.version" value="1.8" />
    <property name="java.vm.info" value="mixed mode" />
    <property name="libs.jaxws21.maven-pom" value="" />
    <property name="ant.file.carsequencing" value="C:\Users\Guillaume\Desktop\carsequencing\src\carsequencing\build.xml" />
    <property name="nb.junit.batch" value="true" />
    <property name="junit.forkmode" value="perTest" />
    <property name="libs.Princeton.src" value="" />
    <property name="sun.boot.class.path" value="C:\Program Files (x86)\Java\jdk1.8.0_25\jre\lib\resources.jar;C:\Program Files (x86)\Java\jdk1.8.0_25\jre\lib\rt.jar;C:\Program Files (x86)\Java\jdk1.8.0_25\jre\lib\sunrsasign.jar;C:\Program Files (x86)\Java\jdk1.8.0_25\jre\lib\jsse.jar;C:\Program Files (x86)\Java\jdk1.8.0_25\jre\lib\jce.jar;C:\Program Files (x86)\Java\jdk1.8.0_25\jre\lib\charsets.jar;C:\Program Files (x86)\Java\jdk1.8.0_25\jre\lib\jfr.jar;C:\Program Files (x86)\Java\jdk1.8.0_25\jre\classes" />
    <property name="javac.target" value="1.8" />
    <property name="built-jar.properties" value="C:\Users\Guillaume\Desktop\carsequencing\src\carsequencing\build\built-jar.properties" />
    <property name="build.test.classes.dir" value="build/test/classes" />
    <property name="src.dir" value="src" />
    <property name="libs.jpa2-persistence.src" value="" />
    <property name="sun.awt.keepWorkingSetOnMinimize" value="true" />
    <property name="annotation.processing.enabled" value="true" />
    <property name="libs.jsf20.src" value="" />
    <property name="libs.jpa20-persistence.src" value="" />
    <property name="libs.DataBindingME-SVG.maven-pom" value="" />
    <property name="libs.jsf12.src" value="" />
    <property name="libs.JAVADB_DRIVER_LABEL.maven-pom" value="" />
    <property name="libs.struts.javadoc" value="C:\Program Files (x86)\NetBeans 8.0.2\enterprise\docs\struts-1.3.10-javadoc.zip" />
    <property name="ignore.failing.tests" value="true" />
    <property name="libs.javaee-web-api-7.0.src" value="" />
    <property name="libs.primefaces.src" value="" />
    <property name="dist.dir" value="dist" />
    <property name="libs.groovy-all.javadoc" value="" />
    <property name="testng.debug.mode" value="" />
    <property name="libs.groovy-all.classpath" value="C:\Program Files (x86)\NetBeans 8.0.2\groovy\modules\ext\groovy-all.jar" />
    <property name="javac.fork" value="false" />
    <property name="java.awt.printerjob" value="sun.awt.windows.WPrinterJob" />
    <property name="default.javac.source" value="1.8" />
    <property name="debug-transport-by-os" value="dt_shmem" />
    <property name="sun.jnu.encoding" value="Cp1252" />
    <property name="libs.MySQLDriver.src" value="" />
    <property name="build.test.results.dir" value="build/test/results" />
    <property name="java.runtime.version" value="1.8.0_25-b18" />
    <property name="default.javac.target" value="1.8" />
    <property name="libs.junit_4.classpath" value="C:\Program Files (x86)\NetBeans 8.0.2\platform\modules\ext\junit-4.10.jar" />
    <property name="user.timezone" value="Europe/Paris" />
    <property name="nb.junit.single" value="false" />
    <property name="libs.javaee-endorsed-api-6.0.maven-pom" value="" />
    <property name="libs.JAVADB_DRIVER_LABEL.javadoc" value="" />
    <property name="netbeans.dirs" value="C:\Program Files (x86)\NetBeans 8.0.2\nb;C:\Program Files (x86)\NetBeans 8.0.2\ergonomics;C:\Program Files (x86)\NetBeans 8.0.2\ide;C:\Program Files (x86)\NetBeans 8.0.2\extide;C:\Program Files (x86)\NetBeans 8.0.2\java;C:\Program Files (x86)\NetBeans 8.0.2\apisupport;C:\Program Files (x86)\NetBeans 8.0.2\webcommon;C:\Program Files (x86)\NetBeans 8.0.2\websvccommon;C:\Program Files (x86)\NetBeans 8.0.2\enterprise;C:\Program Files (x86)\NetBeans 8.0.2\mobility;C:\Program Files (x86)\NetBeans 8.0.2\profiler;C:\Program Files (x86)\NetBeans 8.0.2\python;C:\Program Files (x86)\NetBeans 8.0.2\php;C:\Program Files (x86)\NetBeans 8.0.2\identity;C:\Program Files (x86)\NetBeans 8.0.2\harness;C:\Program Files (x86)\NetBeans 8.0.2\cnd;C:\Program Files (x86)\NetBeans 8.0.2\dlight;C:\Program Files (x86)\NetBeans 8.0.2\groovy;C:\Program Files (x86)\NetBeans 8.0.2\extra;C:\Program Files (x86)\NetBeans 8.0.2\javacard;C:\Program Files (x86)\NetBeans 8.0.2\javafx" />
    <property name="libs.Princeton.javadoc" value="" />
    <property name="libs.jsf20.javadoc" value="C:\Program Files (x86)\NetBeans 8.0.2\enterprise\docs\javaee-doc-api.jar" />
    <property name="libs.jstl.javadoc" value="C:\Program Files (x86)\NetBeans 8.0.2\enterprise\docs\javaee-doc-api.jar" />
    <property name="java.ext.dirs" value="C:\Program Files (x86)\Java\jdk1.8.0_25\jre\lib\ext;C:\Windows\Sun\Java\lib\ext" />
    <property name="libs.MyLibrary.maven-pom" value="" />
    <property name="libs.metro.src" value="" />
    <property name="libs.absolutelayout.classpath" value="C:\Program Files (x86)\NetBeans 8.0.2\java\modules\ext\AbsoluteLayout.jar" />
    <property name="excludes" value="" />
    <property name="libs.restlib.maven-pom" value="" />
    <property name="libs.metro.classpath" value="C:\Program Files (x86)\NetBeans 8.0.2\ide\modules\ext\jaxb\activation.jar;C:\Program Files (x86)\NetBeans 8.0.2\enterprise\modules\ext\metro\webservices-api.jar;C:\Program Files (x86)\NetBeans 8.0.2\enterprise\modules\ext\metro\webservices-extra-api.jar;C:\Program Files (x86)\NetBeans 8.0.2\enterprise\modules\ext\metro\webservices-extra.jar;C:\Program Files (x86)\NetBeans 8.0.2\enterprise\modules\ext\metro\webservices-rt.jar;C:\Program Files (x86)\NetBeans 8.0.2\enterprise\modules\ext\metro\webservices-tools.jar" />
    <property name="libs.jpa2-persistence.javadoc" value="C:\Program Files (x86)\NetBeans 8.0.2\java\modules\ext\docs\javax.persistence-2.1.0-doc.zip" />
    <property name="libs.DataBindingME.javadoc" value="C:\Program Files (x86)\NetBeans 8.0.2\mobility\modules\docs\netbeans_databindingme-api.zip" />
    <property name="java.class.path" value="C:\Users\Guillaume\Desktop\carsequencing\src\carsequencing\build\classes;C:\Program Files (x86)\NetBeans 8.0.2\platform\modules\ext\junit-4.10.jar;C:\Users\Guillaume\Desktop\carsequencing\src\carsequencing\build\test\classes;C:\Users\Guillaume\AppData\Roaming\NetBeans\8.0.2\ant\lib\ant-launcher.jar;C:\Users\Guillaume\AppData\Roaming\NetBeans\8.0.2\ant\lib\ant.jar;C:\Users\Guillaume\AppData\Roaming\NetBeans\8.0.2\ant\lib\ant-junit.jar;C:\Users\Guillaume\AppData\Roaming\NetBeans\8.0.2\ant\lib\ant-junit4.jar" />
    <property name="apple.laf.useScreenMenuBar" value="true" />
    <property name="do.mkdist" value="true" />
    <property name="libs.absolutelayout.src" value="" />
    <property name="libs.jpa20-persistence.classpath" value="C:\Program Files (x86)\NetBeans 8.0.2\java\modules\ext\eclipselink\javax.persistence_2.1.0.v201304241213.jar" />
    <property name="os.version" value="6.1" />
    <property name="application.args" value="" />
    <property name="libs.javaee-api-7.0.maven-pom" value="" />
    <property name="libs.Jfree.maven-pom" value="" />
    <property name="sun.awt.enableExtraMouseButtons" value="true" />
    <property name="main.class.available" value="true" />
    <property name="sun.desktop" value="windows" />
    <property name="libs.hibernate4-persistence.src" value="" />
    <property name="libs.hibernate4-support.maven-pom" value="" />
    <property name="libs.restlib.javadoc" value="" />
    <property name="libs.JAXB-ENDORSED.classpath" value="C:\Program Files (x86)\NetBeans 8.0.2\ide\modules\ext\jaxb\api\jaxb-api.jar" />
    <property name="nb.internal.action.name" value="test" />
    <property name="libs.eclipselink.classpath" value="C:\Program Files (x86)\NetBeans 8.0.2\java\modules\ext\eclipselink\eclipselink.jar;C:\Program Files (x86)\NetBeans 8.0.2\java\modules\ext\eclipselink\javax.persistence_2.1.0.v201304241213.jar;C:\Program Files (x86)\NetBeans 8.0.2\java\modules\ext\eclipselink\org.eclipse.persistence.jpa.jpql_2.5.2.v20140319-9ad6abd.jar" />
    <property name="libs.javaee-api-7.0.javadoc" value="C:\Program Files (x86)\NetBeans 8.0.2\enterprise\docs\javaee-doc-api.jar" />
    <property name="libs.beans-binding.javadoc" value="C:\Program Files (x86)\NetBeans 8.0.2\java\docs\beansbinding-1.2.1-doc.zip" />
    <property name="java.awt.graphicsenv" value="sun.awt.Win32GraphicsEnvironment" />
    <property name="java.vm.vendor" value="Oracle Corporation" />
    <property name="libs.CopyLibs.classpath" value="C:\Program Files (x86)\NetBeans 8.0.2\java\ant\extra\org-netbeans-modules-java-j2seproject-copylibstask.jar" />
    <property name="libs.spring-framework300.classpath" value="C:\Program Files (x86)\NetBeans 8.0.2\ide\modules\org-apache-commons-logging.jar;C:\Program Files (x86)\NetBeans 8.0.2\java\modules\ext\cglib-2.2.jar;C:\Program Files (x86)\NetBeans 8.0.2\java\modules\ext\spring-3.0\spring-aop-3.2.7.RELEASE.jar;C:\Program Files (x86)\NetBeans 8.0.2\java\modules\ext\spring-3.0\spring-aspects-3.2.7.RELEASE.jar;C:\Program Files (x86)\NetBeans 8.0.2\java\modules\ext\spring-3.0\spring-beans-3.2.7.RELEASE.jar;C:\Program Files (x86)\NetBeans 8.0.2\java\modules\ext\spring-3.0\spring-build-src-3.2.7.RELEASE.jar;C:\Program Files (x86)\NetBeans 8.0.2\java\modules\ext\spring-3.0\spring-context-3.2.7.RELEASE.jar;C:\Program Files (x86)\NetBeans 8.0.2\java\modules\ext\spring-3.0\spring-context-support-3.2.7.RELEASE.jar;C:\Program Files (x86)\NetBeans 8.0.2\java\modules\ext\spring-3.0\spring-core-3.2.7.RELEASE.jar;C:\Program Files (x86)\NetBeans 8.0.2\java\modules\ext\spring-3.0\spring-expression-3.2.7.RELEASE.jar;C:\Program Files (x86)\NetBeans 8.0.2\java\modules\ext\spring-3.0\spring-framework-bom-3.2.7.RELEASE.jar;C:\Program Files (x86)\NetBeans 8.0.2\java\modules\ext\spring-3.0\spring-instrument-3.2.7.RELEASE.jar;C:\Program Files (x86)\NetBeans 8.0.2\java\modules\ext\spring-3.0\spring-instrument-tomcat-3.2.7.RELEASE.jar;C:\Program Files (x86)\NetBeans 8.0.2\java\modules\ext\spring-3.0\spring-jdbc-3.2.7.RELEASE.jar;C:\Program Files (x86)\NetBeans 8.0.2\java\modules\ext\spring-3.0\spring-jms-3.2.7.RELEASE.jar;C:\Program Files (x86)\NetBeans 8.0.2\java\modules\ext\spring-3.0\spring-orm-3.2.7.RELEASE.jar;C:\Program Files (x86)\NetBeans 8.0.2\java\modules\ext\spring-3.0\spring-oxm-3.2.7.RELEASE.jar;C:\Program Files (x86)\NetBeans 8.0.2\java\modules\ext\spring-3.0\spring-struts-3.2.7.RELEASE.jar;C:\Program Files (x86)\NetBeans 8.0.2\java\modules\ext\spring-3.0\spring-test-3.2.7.RELEASE.jar;C:\Program Files (x86)\NetBeans 8.0.2\java\modules\ext\spring-3.0\spring-tx-3.2.7.RELEASE.jar;C:\Program Files (x86)\NetBeans 8.0.2\java\modules\ext\spring-3.0\spring-web-3.2.7.RELEASE.jar;C:\Program Files (x86)\NetBeans 8.0.2\java\modules\ext\spring-3.0\spring-webmvc-3.2.7.RELEASE.jar;C:\Program Files (x86)\NetBeans 8.0.2\java\modules\ext\spring-3.0\spring-webmvc-portlet-3.2.7.RELEASE.jar" />
    <property name="libs.jsp-compiler.maven-pom" value="" />
    <property name="run.jvmargs" value="" />
    <property name="libs.hibernate4-persistence.classpath" value="C:\Program Files (x86)\NetBeans 8.0.2\java\modules\ext\hibernate4\antlr-2.7.7.jar;C:\Program Files (x86)\NetBeans 8.0.2\java\modules\ext\hibernate4\c3p0-0.9.2.1.jar;C:\Program Files (x86)\NetBeans 8.0.2\java\modules\ext\hibernate4\hibernate-c3p0-4.3.1.Final.jar;C:\Program Files (x86)\NetBeans 8.0.2\java\modules\ext\hibernate4\mchange-commons-java-0.2.3.4.jar;C:\Program Files (x86)\NetBeans 8.0.2\java\modules\ext\hibernate4\dom4j-1.6.1.jar;C:\Program Files (x86)\NetBeans 8.0.2\java\modules\ext\hibernate4\ehcache-core-2.4.3.jar;C:\Program Files (x86)\NetBeans 8.0.2\java\modules\ext\hibernate4\hibernate-ehcache-4.3.1.Final.jar;C:\Program Files (x86)\NetBeans 8.0.2\java\modules\ext\hibernate4\hibernate-core-4.3.1.Final.jar;C:\Program Files (x86)\NetBeans 8.0.2\java\modules\ext\hibernate4\jboss-logging-3.1.3.GA.jar;C:\Program Files (x86)\NetBeans 8.0.2\java\modules\ext\hibernate4\hibernate-commons-annotations-4.0.4.Final.jar;C:\Program Files (x86)\NetBeans 8.0.2\java\modules\ext\hibernate4\hibernate-entitymanager-4.3.1.Final.jar;C:\Program Files (x86)\NetBeans 8.0.2\java\modules\ext\hibernate4\javassist-3.18.1-GA.jar;C:\Program Files (x86)\NetBeans 8.0.2\java\modules\ext\hibernate4\jboss-transaction-api_1.2_spec-1.0.0.Final.jar;C:\Program Files (x86)\NetBeans 8.0.2\java\modules\ext\hibernate4\slf4j-api-1.6.1.jar;C:\Program Files (x86)\NetBeans 8.0.2\java\modules\ext\hibernate4\slf4j-simple-1.6.1.jar;C:\Program Files (x86)\NetBeans 8.0.2\java\modules\ext\hibernate4\hibernate-jpa-2.1-api-1.0.0.Final.jar" />
    <property name="libs.JAXB-ENDORSED.src" value="" />
    <property name="dist.archive.excludes" value="" />
    <property name="libs.DataBindingME-PIM.src" value="C:\Program Files (x86)\NetBeans 8.0.2\mobility\sources\netbeans_databindingme_pim-src.zip" />
    <property name="libs.testng.javadoc" value="C:\Program Files (x86)\NetBeans 8.0.2\platform\docs\testng-6.8.1-javadoc.zip" />
    <property name="platforms.JDK_1.8.home" value="C:\Program Files (x86)\Java\jdk1.8.0_40" />
    <property name="libs.PostgreSQLDriver.classpath" value="C:\Program Files (x86)\NetBeans 8.0.2\ide\modules\ext\postgresql-9.2-1002.jdbc4.jar" />
    <property name="user.script" value="" />
    <property name="libs.jsf12.maven-pom" value="" />
    <property name="libs.hibernate4-persistencemodelgen.classpath" value="C:\Program Files (x86)\NetBeans 8.0.2\java\modules\ext\hibernate4\hibernate-jpamodelgen-4.3.1.Final.jar" />
    <property name="libs.junit.src" value="" />
    <property name="ant.file.type.carsequencing" value="file" />
    <property name="annotation.processing.source.output" value="build/generated-sources/ap-source-output" />
    <property name="main.class" value="carsequencing.CarSequencing" />
    <property name="libs.CopyLibs.src" value="" />
    <property name="build.dir" value="build" />
    <property name="libs.jsp-compilation.classpath" value="C:\Users\Guillaume\AppData\Roaming\NetBeans\8.0.2\ant\lib\ant.jar;C:\Program Files (x86)\NetBeans 8.0.2\enterprise\modules\ext\servlet3.1-jsp2.3-api.jar;C:\Program Files (x86)\NetBeans 8.0.2\enterprise\modules\ext\glassfish-jspparser-4.0.jar;C:\Program Files (x86)\NetBeans 8.0.2\enterprise\modules\ext\jsf-2_2\javax.faces.jar;C:\Program Files (x86)\NetBeans 8.0.2\enterprise\modules\ext\jstl-api.jar;C:\Users\Guillaume\AppData\Roaming\NetBeans\8.0.2\ant\lib\ant-launcher.jar" />
    <property name="ant.version" value="Apache Ant(TM) version 1.9.4 compiled on April 29 2014" />
    <property name="file.encoding" value="Cp1252" />
    <property name="build.classes.excludes" value="**/*.java,**/*.form" />
    <property name="libs.jjjjjj.maven-pom" value="" />
    <property name="jdkBug6558476" value="false" />
    <property name="javadoc.nonavbar" value="false" />
    <property name="libs.spring-webmvc4.0.classpath" value="C:\Program Files (x86)\NetBeans 8.0.2\java\modules\ext\spring-4\spring-webmvc-4.0.1.RELEASE.jar" />
    <property name="platform.active" value="default_platform" />
    <property name="awt.toolkit" value="sun.awt.windows.WToolkit" />
    <property name="libs.jjjjjj.javadoc" value="" />
    <property name="libs.javaee-web-api-7.0.javadoc" value="C:\Program Files (x86)\NetBeans 8.0.2\enterprise\docs\javaee-doc-api.jar" />
  </properties>
  <testcase classname="carsequencing.AlgoTest" name="testInitialyzeBaseSolutionValue" time="0.046" />
  <testcase classname="carsequencing.AlgoTest" name="testInitialyzeSolutionValue" time="95.271" />
  <system-out><![CDATA[objectives length = 3
high_priority_level_and_easy_to_satisfy_ratio_constraints
paint_color_batches
low_priority_level_ratio_constraints
load ratios : ligne non valide...
load Max consecutive paintings : ligne non valide...
InitialyzeBaseSolutionValue
objectives length = 3
high_priority_level_and_easy_to_satisfy_ratio_constraints
paint_color_batches
low_priority_level_ratio_constraints
load ratios : ligne non valide...
load Max consecutive paintings : ligne non valide...
InitialyzeBaseSolutionValue
	Initialyzed swapped data for i = 99, j = 100 sucessfully passed !
	Initialyzed swapped data for i = 99, j = 101 sucessfully passed !
	Initialyzed swapped data for i = 99, j = 102 sucessfully passed !
	Initialyzed swapped data for i = 99, j = 103 sucessfully passed !
	Initialyzed swapped data for i = 99, j = 104 sucessfully passed !
	Initialyzed swapped data for i = 99, j = 105 sucessfully passed !
	Initialyzed swapped data for i = 99, j = 106 sucessfully passed !
	Initialyzed swapped data for i = 99, j = 107 sucessfully passed !
	Initialyzed swapped data for i = 99, j = 108 sucessfully passed !
	Initialyzed swapped data for i = 99, j = 109 sucessfully passed !
	Initialyzed swapped data for i = 99, j = 110 sucessfully passed !
	Initialyzed swapped data for i = 99, j = 111 sucessfully passed !
	Initialyzed swapped data for i = 99, j = 112 sucessfully passed !
	Initialyzed swapped data for i = 99, j = 113 sucessfully passed !
	Initialyzed swapped data for i = 99, j = 114 sucessfully passed !
	Initialyzed swapped data for i = 99, j = 115 sucessfully passed !
	Initialyzed swapped data for i = 99, j = 116 sucessfully passed !
	Initialyzed swapped data for i = 99, j = 117 sucessfully passed !
	Initialyzed swapped data for i = 99, j = 118 sucessfully passed !
	Initialyzed swapped data for i = 99, j = 119 sucessfully passed !
	Initialyzed swapped data for i = 99, j = 120 sucessfully passed !
	Initialyzed swapped data for i = 99, j = 121 sucessfully passed !
	Initialyzed swapped data for i = 99, j = 122 sucessfully passed !
	Initialyzed swapped data for i = 99, j = 123 sucessfully passed !
	Initialyzed swapped data for i = 99, j = 124 sucessfully passed !
	Initialyzed swapped data for i = 99, j = 125 sucessfully passed !
	Initialyzed swapped data for i = 99, j = 126 sucessfully passed !
	Initialyzed swapped data for i = 99, j = 127 sucessfully passed !
	Initialyzed swapped data for i = 99, j = 128 sucessfully passed !
	Initialyzed swapped data for i = 99, j = 129 sucessfully passed !
	Initialyzed swapped data for i = 99, j = 130 sucessfully passed !
	Initialyzed swapped data for i = 99, j = 131 sucessfully passed !
	Initialyzed swapped data for i = 99, j = 132 sucessfully passed !
	Initialyzed swapped data for i = 99, j = 133 sucessfully passed !
	Initialyzed swapped data for i = 99, j = 134 sucessfully passed !
	Initialyzed swapped data for i = 99, j = 135 sucessfully passed !
	Initialyzed swapped data for i = 99, j = 136 sucessfully passed !
	Initialyzed swapped data for i = 99, j = 137 sucessfully passed !
	Initialyzed swapped data for i = 99, j = 138 sucessfully passed !
	Initialyzed swapped data for i = 99, j = 139 sucessfully passed !
	Initialyzed swapped data for i = 99, j = 140 sucessfully passed !
	Initialyzed swapped data for i = 99, j = 141 sucessfully passed !
	Initialyzed swapped data for i = 99, j = 142 sucessfully passed !
	Initialyzed swapped data for i = 99, j = 143 sucessfully passed !
	Initialyzed swapped data for i = 99, j = 144 sucessfully passed !
	Initialyzed swapped data for i = 99, j = 145 sucessfully passed !
	Initialyzed swapped data for i = 99, j = 146 sucessfully passed !
	Initialyzed swapped data for i = 99, j = 147 sucessfully passed !
	Initialyzed swapped data for i = 99, j = 148 sucessfully passed !
	Initialyzed swapped data for i = 99, j = 149 sucessfully passed !
	Initialyzed swapped data for i = 99, j = 150 sucessfully passed !
	Initialyzed swapped data for i = 99, j = 151 sucessfully passed !
	Initialyzed swapped data for i = 99, j = 152 sucessfully passed !
	Initialyzed swapped data for i = 99, j = 153 sucessfully passed !
	Initialyzed swapped data for i = 99, j = 154 sucessfully passed !
	Initialyzed swapped data for i = 99, j = 155 sucessfully passed !
	Initialyzed swapped data for i = 99, j = 156 sucessfully passed !
	Initialyzed swapped data for i = 99, j = 157 sucessfully passed !
	Initialyzed swapped data for i = 99, j = 158 sucessfully passed !
	Initialyzed swapped data for i = 99, j = 159 sucessfully passed !
	Initialyzed swapped data for i = 99, j = 160 sucessfully passed !
	Initialyzed swapped data for i = 99, j = 161 sucessfully passed !
	Initialyzed swapped data for i = 99, j = 162 sucessfully passed !
	Initialyzed swapped data for i = 99, j = 163 sucessfully passed !
	Initialyzed swapped data for i = 99, j = 164 sucessfully passed !
	Initialyzed swapped data for i = 99, j = 165 sucessfully passed !
	Initialyzed swapped data for i = 99, j = 166 sucessfully passed !
	Initialyzed swapped data for i = 99, j = 167 sucessfully passed !
	Initialyzed swapped data for i = 99, j = 168 sucessfully passed !
	Initialyzed swapped data for i = 99, j = 169 sucessfully passed !
	Initialyzed swapped data for i = 99, j = 170 sucessfully passed !
	Initialyzed swapped data for i = 99, j = 171 sucessfully passed !
	Initialyzed swapped data for i = 99, j = 172 sucessfully passed !
	Initialyzed swapped data for i = 99, j = 173 sucessfully passed !
	Initialyzed swapped data for i = 99, j = 174 sucessfully passed !
	Initialyzed swapped data for i = 99, j = 175 sucessfully passed !
	Initialyzed swapped data for i = 99, j = 176 sucessfully passed !
	Initialyzed swapped data for i = 99, j = 177 sucessfully passed !
	Initialyzed swapped data for i = 99, j = 178 sucessfully passed !
	Initialyzed swapped data for i = 99, j = 179 sucessfully passed !
	Initialyzed swapped data for i = 99, j = 180 sucessfully passed !
	Initialyzed swapped data for i = 99, j = 181 sucessfully passed !
	Initialyzed swapped data for i = 99, j = 182 sucessfully passed !
	Initialyzed swapped data for i = 99, j = 183 sucessfully passed !
	Initialyzed swapped data for i = 99, j = 184 sucessfully passed !
	Initialyzed swapped data for i = 99, j = 185 sucessfully passed !
	Initialyzed swapped data for i = 99, j = 186 sucessfully passed !
	Initialyzed swapped data for i = 99, j = 187 sucessfully passed !
	Initialyzed swapped data for i = 99, j = 188 sucessfully passed !
	Initialyzed swapped data for i = 99, j = 189 sucessfully passed !
	Initialyzed swapped data for i = 99, j = 190 sucessfully passed !
	Initialyzed swapped data for i = 99, j = 191 sucessfully passed !
	Initialyzed swapped data for i = 99, j = 192 sucessfully passed !
	Initialyzed swapped data for i = 99, j = 193 sucessfully passed !
	Initialyzed swapped data for i = 99, j = 194 sucessfully passed !
	Initialyzed swapped data for i = 99, j = 195 sucessfully passed !
	Initialyzed swapped data for i = 99, j = 196 sucessfully passed !
	Initialyzed swapped data for i = 99, j = 197 sucessfully passed !
	Initialyzed swapped data for i = 99, j = 198 sucessfully passed !
	Initialyzed swapped data for i = 99, j = 199 sucessfully passed !
	Initialyzed swapped data for i = 99, j = 200 sucessfully passed !
	Initialyzed swapped data for i = 99, j = 201 sucessfully passed !
	Initialyzed swapped data for i = 99, j = 202 sucessfully passed !
	Initialyzed swapped data for i = 99, j = 203 sucessfully passed !
	Initialyzed swapped data for i = 99, j = 204 sucessfully passed !
	Initialyzed swapped data for i = 99, j = 205 sucessfully passed !
	Initialyzed swapped data for i = 99, j = 206 sucessfully passed !
	Initialyzed swapped data for i = 99, j = 207 sucessfully passed !
	Initialyzed swapped data for i = 99, j = 208 sucessfully passed !
	Initialyzed swapped data for i = 99, j = 209 sucessfully passed !
	Initialyzed swapped data for i = 99, j = 210 sucessfully passed !
	Initialyzed swapped data for i = 99, j = 211 sucessfully passed !
	Initialyzed swapped data for i = 99, j = 212 sucessfully passed !
	Initialyzed swapped data for i = 99, j = 213 sucessfully passed !
	Initialyzed swapped data for i = 99, j = 214 sucessfully passed !
	Initialyzed swapped data for i = 99, j = 215 sucessfully passed !
	Initialyzed swapped data for i = 99, j = 216 sucessfully passed !
	Initialyzed swapped data for i = 99, j = 217 sucessfully passed !
	Initialyzed swapped data for i = 99, j = 218 sucessfully passed !
	Initialyzed swapped data for i = 99, j = 219 sucessfully passed !
	Initialyzed swapped data for i = 99, j = 220 sucessfully passed !
	Initialyzed swapped data for i = 99, j = 221 sucessfully passed !
	Initialyzed swapped data for i = 99, j = 222 sucessfully passed !
	Initialyzed swapped data for i = 99, j = 223 sucessfully passed !
	Initialyzed swapped data for i = 99, j = 224 sucessfully passed !
	Initialyzed swapped data for i = 99, j = 225 sucessfully passed !
	Initialyzed swapped data for i = 99, j = 226 sucessfully passed !
	Initialyzed swapped data for i = 99, j = 227 sucessfully passed !
	Initialyzed swapped data for i = 99, j = 228 sucessfully passed !
	Initialyzed swapped data for i = 99, j = 229 sucessfully passed !
	Initialyzed swapped data for i = 99, j = 230 sucessfully passed !
	Initialyzed swapped data for i = 99, j = 231 sucessfully passed !
	Initialyzed swapped data for i = 99, j = 232 sucessfully passed !
	Initialyzed swapped data for i = 99, j = 233 sucessfully passed !
	Initialyzed swapped data for i = 99, j = 234 sucessfully passed !
	Initialyzed swapped data for i = 99, j = 235 sucessfully passed !
	Initialyzed swapped data for i = 99, j = 236 sucessfully passed !
	Initialyzed swapped data for i = 99, j = 237 sucessfully passed !
	Initialyzed swapped data for i = 99, j = 238 sucessfully passed !
	Initialyzed swapped data for i = 99, j = 239 sucessfully passed !
	Initialyzed swapped data for i = 99, j = 240 sucessfully passed !
	Initialyzed swapped data for i = 99, j = 241 sucessfully passed !
	Initialyzed swapped data for i = 99, j = 242 sucessfully passed !
	Initialyzed swapped data for i = 99, j = 243 sucessfully passed !
	Initialyzed swapped data for i = 99, j = 244 sucessfully passed !
	Initialyzed swapped data for i = 99, j = 245 sucessfully passed !
	Initialyzed swapped data for i = 99, j = 246 sucessfully passed !
	Initialyzed swapped data for i = 99, j = 247 sucessfully passed !
	Initialyzed swapped data for i = 99, j = 248 sucessfully passed !
	Initialyzed swapped data for i = 99, j = 249 sucessfully passed !
	Initialyzed swapped data for i = 99, j = 250 sucessfully passed !
	Initialyzed swapped data for i = 99, j = 251 sucessfully passed !
	Initialyzed swapped data for i = 99, j = 252 sucessfully passed !
	Initialyzed swapped data for i = 99, j = 253 sucessfully passed !
	Initialyzed swapped data for i = 99, j = 254 sucessfully passed !
	Initialyzed swapped data for i = 99, j = 255 sucessfully passed !
	Initialyzed swapped data for i = 99, j = 256 sucessfully passed !
	Initialyzed swapped data for i = 99, j = 257 sucessfully passed !
	Initialyzed swapped data for i = 99, j = 258 sucessfully passed !
	Initialyzed swapped data for i = 99, j = 259 sucessfully passed !
	Initialyzed swapped data for i = 99, j = 260 sucessfully passed !
	Initialyzed swapped data for i = 99, j = 261 sucessfully passed !
	Initialyzed swapped data for i = 99, j = 262 sucessfully passed !
	Initialyzed swapped data for i = 99, j = 263 sucessfully passed !
	Initialyzed swapped data for i = 99, j = 264 sucessfully passed !
	Initialyzed swapped data for i = 99, j = 265 sucessfully passed !
	Initialyzed swapped data for i = 99, j = 266 sucessfully passed !
	Initialyzed swapped data for i = 99, j = 267 sucessfully passed !
	Initialyzed swapped data for i = 99, j = 268 sucessfully passed !
	Initialyzed swapped data for i = 99, j = 269 sucessfully passed !
	Initialyzed swapped data for i = 99, j = 270 sucessfully passed !
	Initialyzed swapped data for i = 99, j = 271 sucessfully passed !
	Initialyzed swapped data for i = 99, j = 272 sucessfully passed !
	Initialyzed swapped data for i = 99, j = 273 sucessfully passed !
	Initialyzed swapped data for i = 99, j = 274 sucessfully passed !
	Initialyzed swapped data for i = 99, j = 275 sucessfully passed !
	Initialyzed swapped data for i = 99, j = 276 sucessfully passed !
	Initialyzed swapped data for i = 99, j = 277 sucessfully passed !
	Initialyzed swapped data for i = 99, j = 278 sucessfully passed !
	Initialyzed swapped data for i = 99, j = 279 sucessfully passed !
	Initialyzed swapped data for i = 99, j = 280 sucessfully passed !
	Initialyzed swapped data for i = 99, j = 281 sucessfully passed !
	Initialyzed swapped data for i = 99, j = 282 sucessfully passed !
	Initialyzed swapped data for i = 99, j = 283 sucessfully passed !
	Initialyzed swapped data for i = 99, j = 284 sucessfully passed !
	Initialyzed swapped data for i = 99, j = 285 sucessfully passed !
	Initialyzed swapped data for i = 99, j = 286 sucessfully passed !
	Initialyzed swapped data for i = 99, j = 287 sucessfully passed !
	Initialyzed swapped data for i = 99, j = 288 sucessfully passed !
	Initialyzed swapped data for i = 99, j = 289 sucessfully passed !
	Initialyzed swapped data for i = 99, j = 290 sucessfully passed !
	Initialyzed swapped data for i = 99, j = 291 sucessfully passed !
	Initialyzed swapped data for i = 99, j = 292 sucessfully passed !
	Initialyzed swapped data for i = 99, j = 293 sucessfully passed !
	Initialyzed swapped data for i = 99, j = 294 sucessfully passed !
	Initialyzed swapped data for i = 99, j = 295 sucessfully passed !
	Initialyzed swapped data for i = 99, j = 296 sucessfully passed !
	Initialyzed swapped data for i = 99, j = 297 sucessfully passed !
	Initialyzed swapped data for i = 99, j = 298 sucessfully passed !
	Initialyzed swapped data for i = 99, j = 299 sucessfully passed !
	Initialyzed swapped data for i = 99, j = 300 sucessfully passed !
	Initialyzed swapped data for i = 99, j = 301 sucessfully passed !
	Initialyzed swapped data for i = 99, j = 302 sucessfully passed !
	Initialyzed swapped data for i = 99, j = 303 sucessfully passed !
	Initialyzed swapped data for i = 99, j = 304 sucessfully passed !
	Initialyzed swapped data for i = 99, j = 305 sucessfully passed !
	Initialyzed swapped data for i = 99, j = 306 sucessfully passed !
	Initialyzed swapped data for i = 99, j = 307 sucessfully passed !
	Initialyzed swapped data for i = 99, j = 308 sucessfully passed !
	Initialyzed swapped data for i = 99, j = 309 sucessfully passed !
	Initialyzed swapped data for i = 99, j = 310 sucessfully passed !
	Initialyzed swapped data for i = 99, j = 311 sucessfully passed !
	Initialyzed swapped data for i = 99, j = 312 sucessfully passed !
	Initialyzed swapped data for i = 99, j = 313 sucessfully passed !
	Initialyzed swapped data for i = 99, j = 314 sucessfully passed !
	Initialyzed swapped data for i = 99, j = 315 sucessfully passed !
	Initialyzed swapped data for i = 99, j = 316 sucessfully passed !
	Initialyzed swapped data for i = 99, j = 317 sucessfully passed !
	Initialyzed swapped data for i = 99, j = 318 sucessfully passed !
	Initialyzed swapped data for i = 99, j = 319 sucessfully passed !
	Initialyzed swapped data for i = 99, j = 320 sucessfully passed !
	Initialyzed swapped data for i = 99, j = 321 sucessfully passed !
	Initialyzed swapped data for i = 99, j = 322 sucessfully passed !
	Initialyzed swapped data for i = 99, j = 323 sucessfully passed !
	Initialyzed swapped data for i = 99, j = 324 sucessfully passed !
	Initialyzed swapped data for i = 99, j = 325 sucessfully passed !
	Initialyzed swapped data for i = 99, j = 326 sucessfully passed !
	Initialyzed swapped data for i = 99, j = 327 sucessfully passed !
	Initialyzed swapped data for i = 99, j = 328 sucessfully passed !
	Initialyzed swapped data for i = 99, j = 329 sucessfully passed !
	Initialyzed swapped data for i = 99, j = 330 sucessfully passed !
	Initialyzed swapped data for i = 99, j = 331 sucessfully passed !
	Initialyzed swapped data for i = 99, j = 332 sucessfully passed !
	Initialyzed swapped data for i = 99, j = 333 sucessfully passed !
	Initialyzed swapped data for i = 99, j = 334 sucessfully passed !
	Initialyzed swapped data for i = 99, j = 335 sucessfully passed !
	Initialyzed swapped data for i = 99, j = 336 sucessfully passed !
	Initialyzed swapped data for i = 99, j = 337 sucessfully passed !
	Initialyzed swapped data for i = 99, j = 338 sucessfully passed !
	Initialyzed swapped data for i = 99, j = 339 sucessfully passed !
	Initialyzed swapped data for i = 99, j = 340 sucessfully passed !
	Initialyzed swapped data for i = 99, j = 341 sucessfully passed !
	Initialyzed swapped data for i = 99, j = 342 sucessfully passed !
	Initialyzed swapped data for i = 99, j = 343 sucessfully passed !
	Initialyzed swapped data for i = 99, j = 344 sucessfully passed !
	Initialyzed swapped data for i = 99, j = 345 sucessfully passed !
	Initialyzed swapped data for i = 99, j = 346 sucessfully passed !
	Initialyzed swapped data for i = 99, j = 347 sucessfully passed !
	Initialyzed swapped data for i = 99, j = 348 sucessfully passed !
	Initialyzed swapped data for i = 99, j = 349 sucessfully passed !
	Initialyzed swapped data for i = 99, j = 350 sucessfully passed !
	Initialyzed swapped data for i = 99, j = 351 sucessfully passed !
	Initialyzed swapped data for i = 99, j = 352 sucessfully passed !
	Initialyzed swapped data for i = 99, j = 353 sucessfully passed !
	Initialyzed swapped data for i = 99, j = 354 sucessfully passed !
	Initialyzed swapped data for i = 99, j = 355 sucessfully passed !
	Initialyzed swapped data for i = 99, j = 356 sucessfully passed !
	Initialyzed swapped data for i = 99, j = 357 sucessfully passed !
	Initialyzed swapped data for i = 99, j = 358 sucessfully passed !
	Initialyzed swapped data for i = 99, j = 359 sucessfully passed !
	Initialyzed swapped data for i = 99, j = 360 sucessfully passed !
	Initialyzed swapped data for i = 99, j = 361 sucessfully passed !
	Initialyzed swapped data for i = 99, j = 362 sucessfully passed !
	Initialyzed swapped data for i = 99, j = 363 sucessfully passed !
	Initialyzed swapped data for i = 99, j = 364 sucessfully passed !
	Initialyzed swapped data for i = 99, j = 365 sucessfully passed !
	Initialyzed swapped data for i = 99, j = 366 sucessfully passed !
	Initialyzed swapped data for i = 99, j = 367 sucessfully passed !
	Initialyzed swapped data for i = 99, j = 368 sucessfully passed !
	Initialyzed swapped data for i = 99, j = 369 sucessfully passed !
	Initialyzed swapped data for i = 99, j = 370 sucessfully passed !
	Initialyzed swapped data for i = 99, j = 371 sucessfully passed !
	Initialyzed swapped data for i = 99, j = 372 sucessfully passed !
	Initialyzed swapped data for i = 99, j = 373 sucessfully passed !
	Initialyzed swapped data for i = 99, j = 374 sucessfully passed !
	Initialyzed swapped data for i = 99, j = 375 sucessfully passed !
	Initialyzed swapped data for i = 99, j = 376 sucessfully passed !
	Initialyzed swapped data for i = 99, j = 377 sucessfully passed !
	Initialyzed swapped data for i = 99, j = 378 sucessfully passed !
	Initialyzed swapped data for i = 99, j = 379 sucessfully passed !
	Initialyzed swapped data for i = 99, j = 380 sucessfully passed !
	Initialyzed swapped data for i = 99, j = 381 sucessfully passed !
	Initialyzed swapped data for i = 99, j = 382 sucessfully passed !
	Initialyzed swapped data for i = 99, j = 383 sucessfully passed !
	Initialyzed swapped data for i = 99, j = 384 sucessfully passed !
	Initialyzed swapped data for i = 99, j = 385 sucessfully passed !
	Initialyzed swapped data for i = 99, j = 386 sucessfully passed !
	Initialyzed swapped data for i = 99, j = 387 sucessfully passed !
	Initialyzed swapped data for i = 99, j = 388 sucessfully passed !
	Initialyzed swapped data for i = 99, j = 389 sucessfully passed !
	Initialyzed swapped data for i = 99, j = 390 sucessfully passed !
	Initialyzed swapped data for i = 99, j = 391 sucessfully passed !
	Initialyzed swapped data for i = 99, j = 392 sucessfully passed !
	Initialyzed swapped data for i = 99, j = 393 sucessfully passed !
	Initialyzed swapped data for i = 99, j = 394 sucessfully passed !
	Initialyzed swapped data for i = 99, j = 395 sucessfully passed !
	Initialyzed swapped data for i = 99, j = 396 sucessfully passed !
	Initialyzed swapped data for i = 99, j = 397 sucessfully passed !
	Initialyzed swapped data for i = 99, j = 398 sucessfully passed !
	Initialyzed swapped data for i = 99, j = 399 sucessfully passed !
	Initialyzed swapped data for i = 99, j = 400 sucessfully passed !
	Initialyzed swapped data for i = 99, j = 401 sucessfully passed !
	Initialyzed swapped data for i = 99, j = 402 sucessfully passed !
	Initialyzed swapped data for i = 99, j = 403 sucessfully passed !
	Initialyzed swapped data for i = 99, j = 404 sucessfully passed !
	Initialyzed swapped data for i = 99, j = 405 sucessfully passed !
	Initialyzed swapped data for i = 99, j = 406 sucessfully passed !
	Initialyzed swapped data for i = 99, j = 407 sucessfully passed !
	Initialyzed swapped data for i = 99, j = 408 sucessfully passed !
	Initialyzed swapped data for i = 99, j = 409 sucessfully passed !
	Initialyzed swapped data for i = 99, j = 410 sucessfully passed !
	Initialyzed swapped data for i = 99, j = 411 sucessfully passed !
	Initialyzed swapped data for i = 99, j = 412 sucessfully passed !
	Initialyzed swapped data for i = 99, j = 413 sucessfully passed !
	Initialyzed swapped data for i = 99, j = 414 sucessfully passed !
	Initialyzed swapped data for i = 99, j = 415 sucessfully passed !
	Initialyzed swapped data for i = 99, j = 416 sucessfully passed !
	Initialyzed swapped data for i = 99, j = 417 sucessfully passed !
	Initialyzed swapped data for i = 99, j = 418 sucessfully passed !
	Initialyzed swapped data for i = 99, j = 419 sucessfully passed !
	Initialyzed swapped data for i = 99, j = 420 sucessfully passed !
	Initialyzed swapped data for i = 99, j = 421 sucessfully passed !
	Initialyzed swapped data for i = 99, j = 422 sucessfully passed !
	Initialyzed swapped data for i = 99, j = 423 sucessfully passed !
	Initialyzed swapped data for i = 99, j = 424 sucessfully passed !
	Initialyzed swapped data for i = 99, j = 425 sucessfully passed !
	Initialyzed swapped data for i = 99, j = 426 sucessfully passed !
	Initialyzed swapped data for i = 99, j = 427 sucessfully passed !
	Initialyzed swapped data for i = 99, j = 428 sucessfully passed !
	Initialyzed swapped data for i = 99, j = 429 sucessfully passed !
	Initialyzed swapped data for i = 99, j = 430 sucessfully passed !
	Initialyzed swapped data for i = 99, j = 431 sucessfully passed !
	Initialyzed swapped data for i = 99, j = 432 sucessfully passed !
	Initialyzed swapped data for i = 99, j = 433 sucessfully passed !
	Initialyzed swapped data for i = 100, j = 101 sucessfully passed !
	Initialyzed swapped data for i = 100, j = 102 sucessfully passed !
	Initialyzed swapped data for i = 100, j = 103 sucessfully passed !
	Initialyzed swapped data for i = 100, j = 104 sucessfully passed !
	Initialyzed swapped data for i = 100, j = 105 sucessfully passed !
	Initialyzed swapped data for i = 100, j = 106 sucessfully passed !
	Initialyzed swapped data for i = 100, j = 107 sucessfully passed !
	Initialyzed swapped data for i = 100, j = 108 sucessfully passed !
	Initialyzed swapped data for i = 100, j = 109 sucessfully passed !
	Initialyzed swapped data for i = 100, j = 110 sucessfully passed !
	Initialyzed swapped data for i = 100, j = 111 sucessfully passed !
	Initialyzed swapped data for i = 100, j = 112 sucessfully passed !
	Initialyzed swapped data for i = 100, j = 113 sucessfully passed !
	Initialyzed swapped data for i = 100, j = 114 sucessfully passed !
	Initialyzed swapped data for i = 100, j = 115 sucessfully passed !
	Initialyzed swapped data for i = 100, j = 116 sucessfully passed !
	Initialyzed swapped data for i = 100, j = 117 sucessfully passed !
	Initialyzed swapped data for i = 100, j = 118 sucessfully passed !
	Initialyzed swapped data for i = 100, j = 119 sucessfully passed !
	Initialyzed swapped data for i = 100, j = 120 sucessfully passed !
	Initialyzed swapped data for i = 100, j = 121 sucessfully passed !
	Initialyzed swapped data for i = 100, j = 122 sucessfully passed !
	Initialyzed swapped data for i = 100, j = 123 sucessfully passed !
	Initialyzed swapped data for i = 100, j = 124 sucessfully passed !
	Initialyzed swapped data for i = 100, j = 125 sucessfully passed !
	Initialyzed swapped data for i = 100, j = 126 sucessfully passed !
	Initialyzed swapped data for i = 100, j = 127 sucessfully passed !
	Initialyzed swapped data for i = 100, j = 128 sucessfully passed !
	Initialyzed swapped data for i = 100, j = 129 sucessfully passed !
	Initialyzed swapped data for i = 100, j = 130 sucessfully passed !
	Initialyzed swapped data for i = 100, j = 131 sucessfully passed !
	Initialyzed swapped data for i = 100, j = 132 sucessfully passed !
	Initialyzed swapped data for i = 100, j = 133 sucessfully passed !
	Initialyzed swapped data for i = 100, j = 134 sucessfully passed !
	Initialyzed swapped data for i = 100, j = 135 sucessfully passed !
	Initialyzed swapped data for i = 100, j = 136 sucessfully passed !
	Initialyzed swapped data for i = 100, j = 137 sucessfully passed !
	Initialyzed swapped data for i = 100, j = 138 sucessfully passed !
	Initialyzed swapped data for i = 100, j = 139 sucessfully passed !
	Initialyzed swapped data for i = 100, j = 140 sucessfully passed !
	Initialyzed swapped data for i = 100, j = 141 sucessfully passed !
	Initialyzed swapped data for i = 100, j = 142 sucessfully passed !
	Initialyzed swapped data for i = 100, j = 143 sucessfully passed !
	Initialyzed swapped data for i = 100, j = 144 sucessfully passed !
	Initialyzed swapped data for i = 100, j = 145 sucessfully passed !
	Initialyzed swapped data for i = 100, j = 146 sucessfully passed !
	Initialyzed swapped data for i = 100, j = 147 sucessfully passed !
	Initialyzed swapped data for i = 100, j = 148 sucessfully passed !
	Initialyzed swapped data for i = 100, j = 149 sucessfully passed !
	Initialyzed swapped data for i = 100, j = 150 sucessfully passed !
	Initialyzed swapped data for i = 100, j = 151 sucessfully passed !
	Initialyzed swapped data for i = 100, j = 152 sucessfully passed !
	Initialyzed swapped data for i = 100, j = 153 sucessfully passed !
	Initialyzed swapped data for i = 100, j = 154 sucessfully passed !
	Initialyzed swapped data for i = 100, j = 155 sucessfully passed !
	Initialyzed swapped data for i = 100, j = 156 sucessfully passed !
	Initialyzed swapped data for i = 100, j = 157 sucessfully passed !
	Initialyzed swapped data for i = 100, j = 158 sucessfully passed !
	Initialyzed swapped data for i = 100, j = 159 sucessfully passed !
	Initialyzed swapped data for i = 100, j = 160 sucessfully passed !
	Initialyzed swapped data for i = 100, j = 161 sucessfully passed !
	Initialyzed swapped data for i = 100, j = 162 sucessfully passed !
	Initialyzed swapped data for i = 100, j = 163 sucessfully passed !
	Initialyzed swapped data for i = 100, j = 164 sucessfully passed !
	Initialyzed swapped data for i = 100, j = 165 sucessfully passed !
	Initialyzed swapped data for i = 100, j = 166 sucessfully passed !
	Initialyzed swapped data for i = 100, j = 167 sucessfully passed !
	Initialyzed swapped data for i = 100, j = 168 sucessfully passed !
	Initialyzed swapped data for i = 100, j = 169 sucessfully passed !
	Initialyzed swapped data for i = 100, j = 170 sucessfully passed !
	Initialyzed swapped data for i = 100, j = 171 sucessfully passed !
	Initialyzed swapped data for i = 100, j = 172 sucessfully passed !
	Initialyzed swapped data for i = 100, j = 173 sucessfully passed !
	Initialyzed swapped data for i = 100, j = 174 sucessfully passed !
	Initialyzed swapped data for i = 100, j = 175 sucessfully passed !
	Initialyzed swapped data for i = 100, j = 176 sucessfully passed !
	Initialyzed swapped data for i = 100, j = 177 sucessfully passed !
	Initialyzed swapped data for i = 100, j = 178 sucessfully passed !
	Initialyzed swapped data for i = 100, j = 179 sucessfully passed !
	Initialyzed swapped data for i = 100, j = 180 sucessfully passed !
	Initialyzed swapped data for i = 100, j = 181 sucessfully passed !
	Initialyzed swapped data for i = 100, j = 182 sucessfully passed !
	Initialyzed swapped data for i = 100, j = 183 sucessfully passed !
	Initialyzed swapped data for i = 100, j = 184 sucessfully passed !
	Initialyzed swapped data for i = 100, j = 185 sucessfully passed !
	Initialyzed swapped data for i = 100, j = 186 sucessfully passed !
	Initialyzed swapped data for i = 100, j = 187 sucessfully passed !
	Initialyzed swapped data for i = 100, j = 188 sucessfully passed !
	Initialyzed swapped data for i = 100, j = 189 sucessfully passed !
	Initialyzed swapped data for i = 100, j = 190 sucessfully passed !
	Initialyzed swapped data for i = 100, j = 191 sucessfully passed !
	Initialyzed swapped data for i = 100, j = 192 sucessfully passed !
	Initialyzed swapped data for i = 100, j = 193 sucessfully passed !
	Initialyzed swapped data for i = 100, j = 194 sucessfully passed !
	Initialyzed swapped data for i = 100, j = 195 sucessfully passed !
	Initialyzed swapped data for i = 100, j = 196 sucessfully passed !
	Initialyzed swapped data for i = 100, j = 197 sucessfully passed !
	Initialyzed swapped data for i = 100, j = 198 sucessfully passed !
	Initialyzed swapped data for i = 100, j = 199 sucessfully passed !
	Initialyzed swapped data for i = 100, j = 200 sucessfully passed !
	Initialyzed swapped data for i = 100, j = 201 sucessfully passed !
	Initialyzed swapped data for i = 100, j = 202 sucessfully passed !
	Initialyzed swapped data for i = 100, j = 203 sucessfully passed !
	Initialyzed swapped data for i = 100, j = 204 sucessfully passed !
	Initialyzed swapped data for i = 100, j = 205 sucessfully passed !
	Initialyzed swapped data for i = 100, j = 206 sucessfully passed !
	Initialyzed swapped data for i = 100, j = 207 sucessfully passed !
	Initialyzed swapped data for i = 100, j = 208 sucessfully passed !
	Initialyzed swapped data for i = 100, j = 209 sucessfully passed !
	Initialyzed swapped data for i = 100, j = 210 sucessfully passed !
	Initialyzed swapped data for i = 100, j = 211 sucessfully passed !
	Initialyzed swapped data for i = 100, j = 212 sucessfully passed !
	Initialyzed swapped data for i = 100, j = 213 sucessfully passed !
	Initialyzed swapped data for i = 100, j = 214 sucessfully passed !
	Initialyzed swapped data for i = 100, j = 215 sucessfully passed !
	Initialyzed swapped data for i = 100, j = 216 sucessfully passed !
	Initialyzed swapped data for i = 100, j = 217 sucessfully passed !
	Initialyzed swapped data for i = 100, j = 218 sucessfully passed !
	Initialyzed swapped data for i = 100, j = 219 sucessfully passed !
	Initialyzed swapped data for i = 100, j = 220 sucessfully passed !
	Initialyzed swapped data for i = 100, j = 221 sucessfully passed !
	Initialyzed swapped data for i = 100, j = 222 sucessfully passed !
	Initialyzed swapped data for i = 100, j = 223 sucessfully passed !
	Initialyzed swapped data for i = 100, j = 224 sucessfully passed !
	Initialyzed swapped data for i = 100, j = 225 sucessfully passed !
	Initialyzed swapped data for i = 100, j = 226 sucessfully passed !
	Initialyzed swapped data for i = 100, j = 227 sucessfully passed !
	Initialyzed swapped data for i = 100, j = 228 sucessfully passed !
	Initialyzed swapped data for i = 100, j = 229 sucessfully passed !
	Initialyzed swapped data for i = 100, j = 230 sucessfully passed !
	Initialyzed swapped data for i = 100, j = 231 sucessfully passed !
	Initialyzed swapped data for i = 100, j = 232 sucessfully passed !
	Initialyzed swapped data for i = 100, j = 233 sucessfully passed !
	Initialyzed swapped data for i = 100, j = 234 sucessfully passed !
	Initialyzed swapped data for i = 100, j = 235 sucessfully passed !
	Initialyzed swapped data for i = 100, j = 236 sucessfully passed !
	Initialyzed swapped data for i = 100, j = 237 sucessfully passed !
	Initialyzed swapped data for i = 100, j = 238 sucessfully passed !
	Initialyzed swapped data for i = 100, j = 239 sucessfully passed !
	Initialyzed swapped data for i = 100, j = 240 sucessfully passed !
	Initialyzed swapped data for i = 100, j = 241 sucessfully passed !
	Initialyzed swapped data for i = 100, j = 242 sucessfully passed !
	Initialyzed swapped data for i = 100, j = 243 sucessfully passed !
	Initialyzed swapped data for i = 100, j = 244 sucessfully passed !
	Initialyzed swapped data for i = 100, j = 245 sucessfully passed !
	Initialyzed swapped data for i = 100, j = 246 sucessfully passed !
	Initialyzed swapped data for i = 100, j = 247 sucessfully passed !
	Initialyzed swapped data for i = 100, j = 248 sucessfully passed !
	Initialyzed swapped data for i = 100, j = 249 sucessfully passed !
	Initialyzed swapped data for i = 100, j = 250 sucessfully passed !
	Initialyzed swapped data for i = 100, j = 251 sucessfully passed !
	Initialyzed swapped data for i = 100, j = 252 sucessfully passed !
	Initialyzed swapped data for i = 100, j = 253 sucessfully passed !
	Initialyzed swapped data for i = 100, j = 254 sucessfully passed !
	Initialyzed swapped data for i = 100, j = 255 sucessfully passed !
	Initialyzed swapped data for i = 100, j = 256 sucessfully passed !
	Initialyzed swapped data for i = 100, j = 257 sucessfully passed !
	Initialyzed swapped data for i = 100, j = 258 sucessfully passed !
	Initialyzed swapped data for i = 100, j = 259 sucessfully passed !
	Initialyzed swapped data for i = 100, j = 260 sucessfully passed !
	Initialyzed swapped data for i = 100, j = 261 sucessfully passed !
	Initialyzed swapped data for i = 100, j = 262 sucessfully passed !
	Initialyzed swapped data for i = 100, j = 263 sucessfully passed !
	Initialyzed swapped data for i = 100, j = 264 sucessfully passed !
	Initialyzed swapped data for i = 100, j = 265 sucessfully passed !
	Initialyzed swapped data for i = 100, j = 266 sucessfully passed !
	Initialyzed swapped data for i = 100, j = 267 sucessfully passed !
	Initialyzed swapped data for i = 100, j = 268 sucessfully passed !
	Initialyzed swapped data for i = 100, j = 269 sucessfully passed !
	Initialyzed swapped data for i = 100, j = 270 sucessfully passed !
	Initialyzed swapped data for i = 100, j = 271 sucessfully passed !
	Initialyzed swapped data for i = 100, j = 272 sucessfully passed !
	Initialyzed swapped data for i = 100, j = 273 sucessfully passed !
	Initialyzed swapped data for i = 100, j = 274 sucessfully passed !
	Initialyzed swapped data for i = 100, j = 275 sucessfully passed !
	Initialyzed swapped data for i = 100, j = 276 sucessfully passed !
	Initialyzed swapped data for i = 100, j = 277 sucessfully passed !
	Initialyzed swapped data for i = 100, j = 278 sucessfully passed !
	Initialyzed swapped data for i = 100, j = 279 sucessfully passed !
	Initialyzed swapped data for i = 100, j = 280 sucessfully passed !
	Initialyzed swapped data for i = 100, j = 281 sucessfully passed !
	Initialyzed swapped data for i = 100, j = 282 sucessfully passed !
	Initialyzed swapped data for i = 100, j = 283 sucessfully passed !
	Initialyzed swapped data for i = 100, j = 284 sucessfully passed !
	Initialyzed swapped data for i = 100, j = 285 sucessfully passed !
	Initialyzed swapped data for i = 100, j = 286 sucessfully passed !
	Initialyzed swapped data for i = 100, j = 287 sucessfully passed !
	Initialyzed swapped data for i = 100, j = 288 sucessfully passed !
	Initialyzed swapped data for i = 100, j = 289 sucessfully passed !
	Initialyzed swapped data for i = 100, j = 290 sucessfully passed !
	Initialyzed swapped data for i = 100, j = 291 sucessfully passed !
	Initialyzed swapped data for i = 100, j = 292 sucessfully passed !
	Initialyzed swapped data for i = 100, j = 293 sucessfully passed !
	Initialyzed swapped data for i = 100, j = 294 sucessfully passed !
	Initialyzed swapped data for i = 100, j = 295 sucessfully passed !
	Initialyzed swapped data for i = 100, j = 296 sucessfully passed !
	Initialyzed swapped data for i = 100, j = 297 sucessfully passed !
	Initialyzed swapped data for i = 100, j = 298 sucessfully passed !
	Initialyzed swapped data for i = 100, j = 299 sucessfully passed !
	Initialyzed swapped data for i = 100, j = 300 sucessfully passed !
	Initialyzed swapped data for i = 100, j = 301 sucessfully passed !
	Initialyzed swapped data for i = 100, j = 302 sucessfully passed !
	Initialyzed swapped data for i = 100, j = 303 sucessfully passed !
	Initialyzed swapped data for i = 100, j = 304 sucessfully passed !
	Initialyzed swapped data for i = 100, j = 305 sucessfully passed !
	Initialyzed swapped data for i = 100, j = 306 sucessfully passed !
	Initialyzed swapped data for i = 100, j = 307 sucessfully passed !
	Initialyzed swapped data for i = 100, j = 308 sucessfully passed !
	Initialyzed swapped data for i = 100, j = 309 sucessfully passed !
	Initialyzed swapped data for i = 100, j = 310 sucessfully passed !
	Initialyzed swapped data for i = 100, j = 311 sucessfully passed !
	Initialyzed swapped data for i = 100, j = 312 sucessfully passed !
	Initialyzed swapped data for i = 100, j = 313 sucessfully passed !
	Initialyzed swapped data for i = 100, j = 314 sucessfully passed !
	Initialyzed swapped data for i = 100, j = 315 sucessfully passed !
	Initialyzed swapped data for i = 100, j = 316 sucessfully passed !
	Initialyzed swapped data for i = 100, j = 317 sucessfully passed !
	Initialyzed swapped data for i = 100, j = 318 sucessfully passed !
	Initialyzed swapped data for i = 100, j = 319 sucessfully passed !
	Initialyzed swapped data for i = 100, j = 320 sucessfully passed !
	Initialyzed swapped data for i = 100, j = 321 sucessfully passed !
	Initialyzed swapped data for i = 100, j = 322 sucessfully passed !
	Initialyzed swapped data for i = 100, j = 323 sucessfully passed !
	Initialyzed swapped data for i = 100, j = 324 sucessfully passed !
	Initialyzed swapped data for i = 100, j = 325 sucessfully passed !
	Initialyzed swapped data for i = 100, j = 326 sucessfully passed !
	Initialyzed swapped data for i = 100, j = 327 sucessfully passed !
	Initialyzed swapped data for i = 100, j = 328 sucessfully passed !
	Initialyzed swapped data for i = 100, j = 329 sucessfully passed !
	Initialyzed swapped data for i = 100, j = 330 sucessfully passed !
	Initialyzed swapped data for i = 100, j = 331 sucessfully passed !
	Initialyzed swapped data for i = 100, j = 332 sucessfully passed !
	Initialyzed swapped data for i = 100, j = 333 sucessfully passed !
	Initialyzed swapped data for i = 100, j = 334 sucessfully passed !
	Initialyzed swapped data for i = 100, j = 335 sucessfully passed !
	Initialyzed swapped data for i = 100, j = 336 sucessfully passed !
	Initialyzed swapped data for i = 100, j = 337 sucessfully passed !
	Initialyzed swapped data for i = 100, j = 338 sucessfully passed !
	Initialyzed swapped data for i = 100, j = 339 sucessfully passed !
	Initialyzed swapped data for i = 100, j = 340 sucessfully passed !
	Initialyzed swapped data for i = 100, j = 341 sucessfully passed !
	Initialyzed swapped data for i = 100, j = 342 sucessfully passed !
	Initialyzed swapped data for i = 100, j = 343 sucessfully passed !
	Initialyzed swapped data for i = 100, j = 344 sucessfully passed !
	Initialyzed swapped data for i = 100, j = 345 sucessfully passed !
	Initialyzed swapped data for i = 100, j = 346 sucessfully passed !
	Initialyzed swapped data for i = 100, j = 347 sucessfully passed !
	Initialyzed swapped data for i = 100, j = 348 sucessfully passed !
	Initialyzed swapped data for i = 100, j = 349 sucessfully passed !
	Initialyzed swapped data for i = 100, j = 350 sucessfully passed !
	Initialyzed swapped data for i = 100, j = 351 sucessfully passed !
	Initialyzed swapped data for i = 100, j = 352 sucessfully passed !
	Initialyzed swapped data for i = 100, j = 353 sucessfully passed !
	Initialyzed swapped data for i = 100, j = 354 sucessfully passed !
	Initialyzed swapped data for i = 100, j = 355 sucessfully passed !
	Initialyzed swapped data for i = 100, j = 356 sucessfully passed !
	Initialyzed swapped data for i = 100, j = 357 sucessfully passed !
	Initialyzed swapped data for i = 100, j = 358 sucessfully passed !
	Initialyzed swapped data for i = 100, j = 359 sucessfully passed !
	Initialyzed swapped data for i = 100, j = 360 sucessfully passed !
	Initialyzed swapped data for i = 100, j = 361 sucessfully passed !
	Initialyzed swapped data for i = 100, j = 362 sucessfully passed !
	Initialyzed swapped data for i = 100, j = 363 sucessfully passed !
	Initialyzed swapped data for i = 100, j = 364 sucessfully passed !
	Initialyzed swapped data for i = 100, j = 365 sucessfully passed !
	Initialyzed swapped data for i = 100, j = 366 sucessfully passed !
	Initialyzed swapped data for i = 100, j = 367 sucessfully passed !
	Initialyzed swapped data for i = 100, j = 368 sucessfully passed !
	Initialyzed swapped data for i = 100, j = 369 sucessfully passed !
	Initialyzed swapped data for i = 100, j = 370 sucessfully passed !
	Initialyzed swapped data for i = 100, j = 371 sucessfully passed !
	Initialyzed swapped data for i = 100, j = 372 sucessfully passed !
	Initialyzed swapped data for i = 100, j = 373 sucessfully passed !
	Initialyzed swapped data for i = 100, j = 374 sucessfully passed !
	Initialyzed swapped data for i = 100, j = 375 sucessfully passed !
	Initialyzed swapped data for i = 100, j = 376 sucessfully passed !
	Initialyzed swapped data for i = 100, j = 377 sucessfully passed !
	Initialyzed swapped data for i = 100, j = 378 sucessfully passed !
	Initialyzed swapped data for i = 100, j = 379 sucessfully passed !
	Initialyzed swapped data for i = 100, j = 380 sucessfully passed !
	Initialyzed swapped data for i = 100, j = 381 sucessfully passed !
	Initialyzed swapped data for i = 100, j = 382 sucessfully passed !
	Initialyzed swapped data for i = 100, j = 383 sucessfully passed !
	Initialyzed swapped data for i = 100, j = 384 sucessfully passed !
	Initialyzed swapped data for i = 100, j = 385 sucessfully passed !
	Initialyzed swapped data for i = 100, j = 386 sucessfully passed !
	Initialyzed swapped data for i = 100, j = 387 sucessfully passed !
	Initialyzed swapped data for i = 100, j = 388 sucessfully passed !
	Initialyzed swapped data for i = 100, j = 389 sucessfully passed !
	Initialyzed swapped data for i = 100, j = 390 sucessfully passed !
	Initialyzed swapped data for i = 100, j = 391 sucessfully passed !
	Initialyzed swapped data for i = 100, j = 392 sucessfully passed !
	Initialyzed swapped data for i = 100, j = 393 sucessfully passed !
	Initialyzed swapped data for i = 100, j = 394 sucessfully passed !
	Initialyzed swapped data for i = 100, j = 395 sucessfully passed !
	Initialyzed swapped data for i = 100, j = 396 sucessfully passed !
	Initialyzed swapped data for i = 100, j = 397 sucessfully passed !
	Initialyzed swapped data for i = 100, j = 398 sucessfully passed !
	Initialyzed swapped data for i = 100, j = 399 sucessfully passed !
	Initialyzed swapped data for i = 100, j = 400 sucessfully passed !
	Initialyzed swapped data for i = 100, j = 401 sucessfully passed !
	Initialyzed swapped data for i = 100, j = 402 sucessfully passed !
	Initialyzed swapped data for i = 100, j = 403 sucessfully passed !
	Initialyzed swapped data for i = 100, j = 404 sucessfully passed !
	Initialyzed swapped data for i = 100, j = 405 sucessfully passed !
	Initialyzed swapped data for i = 100, j = 406 sucessfully passed !
	Initialyzed swapped data for i = 100, j = 407 sucessfully passed !
	Initialyzed swapped data for i = 100, j = 408 sucessfully passed !
	Initialyzed swapped data for i = 100, j = 409 sucessfully passed !
	Initialyzed swapped data for i = 100, j = 410 sucessfully passed !
	Initialyzed swapped data for i = 100, j = 411 sucessfully passed !
	Initialyzed swapped data for i = 100, j = 412 sucessfully passed !
	Initialyzed swapped data for i = 100, j = 413 sucessfully passed !
	Initialyzed swapped data for i = 100, j = 414 sucessfully passed !
	Initialyzed swapped data for i = 100, j = 415 sucessfully passed !
	Initialyzed swapped data for i = 100, j = 416 sucessfully passed !
	Initialyzed swapped data for i = 100, j = 417 sucessfully passed !
	Initialyzed swapped data for i = 100, j = 418 sucessfully passed !
	Initialyzed swapped data for i = 100, j = 419 sucessfully passed !
	Initialyzed swapped data for i = 100, j = 420 sucessfully passed !
	Initialyzed swapped data for i = 100, j = 421 sucessfully passed !
	Initialyzed swapped data for i = 100, j = 422 sucessfully passed !
	Initialyzed swapped data for i = 100, j = 423 sucessfully passed !
	Initialyzed swapped data for i = 100, j = 424 sucessfully passed !
	Initialyzed swapped data for i = 100, j = 425 sucessfully passed !
	Initialyzed swapped data for i = 100, j = 426 sucessfully passed !
	Initialyzed swapped data for i = 100, j = 427 sucessfully passed !
	Initialyzed swapped data for i = 100, j = 428 sucessfully passed !
	Initialyzed swapped data for i = 100, j = 429 sucessfully passed !
	Initialyzed swapped data for i = 100, j = 430 sucessfully passed !
	Initialyzed swapped data for i = 100, j = 431 sucessfully passed !
	Initialyzed swapped data for i = 100, j = 432 sucessfully passed !
	Initialyzed swapped data for i = 100, j = 433 sucessfully passed !
	Initialyzed swapped data for i = 101, j = 102 sucessfully passed !
	Initialyzed swapped data for i = 101, j = 103 sucessfully passed !
	Initialyzed swapped data for i = 101, j = 104 sucessfully passed !
	Initialyzed swapped data for i = 101, j = 105 sucessfully passed !
	Initialyzed swapped data for i = 101, j = 106 sucessfully passed !
	Initialyzed swapped data for i = 101, j = 107 sucessfully passed !
	Initialyzed swapped data for i = 101, j = 108 sucessfully passed !
	Initialyzed swapped data for i = 101, j = 109 sucessfully passed !
	Initialyzed swapped data for i = 101, j = 110 sucessfully passed !
	Initialyzed swapped data for i = 101, j = 111 sucessfully passed !
	Initialyzed swapped data for i = 101, j = 112 sucessfully passed !
	Initialyzed swapped data for i = 101, j = 113 sucessfully passed !
	Initialyzed swapped data for i = 101, j = 114 sucessfully passed !
	Initialyzed swapped data for i = 101, j = 115 sucessfully passed !
	Initialyzed swapped data for i = 101, j = 116 sucessfully passed !
	Initialyzed swapped data for i = 101, j = 117 sucessfully passed !
	Initialyzed swapped data for i = 101, j = 118 sucessfully passed !
	Initialyzed swapped data for i = 101, j = 119 sucessfully passed !
	Initialyzed swapped data for i = 101, j = 120 sucessfully passed !
	Initialyzed swapped data for i = 101, j = 121 sucessfully passed !
	Initialyzed swapped data for i = 101, j = 122 sucessfully passed !
	Initialyzed swapped data for i = 101, j = 123 sucessfully passed !
	Initialyzed swapped data for i = 101, j = 124 sucessfully passed !
	Initialyzed swapped data for i = 101, j = 125 sucessfully passed !
	Initialyzed swapped data for i = 101, j = 126 sucessfully passed !
	Initialyzed swapped data for i = 101, j = 127 sucessfully passed !
	Initialyzed swapped data for i = 101, j = 128 sucessfully passed !
	Initialyzed swapped data for i = 101, j = 129 sucessfully passed !
	Initialyzed swapped data for i = 101, j = 130 sucessfully passed !
	Initialyzed swapped data for i = 101, j = 131 sucessfully passed !
	Initialyzed swapped data for i = 101, j = 132 sucessfully passed !
	Initialyzed swapped data for i = 101, j = 133 sucessfully passed !
	Initialyzed swapped data for i = 101, j = 134 sucessfully passed !
	Initialyzed swapped data for i = 101, j = 135 sucessfully passed !
	Initialyzed swapped data for i = 101, j = 136 sucessfully passed !
	Initialyzed swapped data for i = 101, j = 137 sucessfully passed !
	Initialyzed swapped data for i = 101, j = 138 sucessfully passed !
	Initialyzed swapped data for i = 101, j = 139 sucessfully passed !
	Initialyzed swapped data for i = 101, j = 140 sucessfully passed !
	Initialyzed swapped data for i = 101, j = 141 sucessfully passed !
	Initialyzed swapped data for i = 101, j = 142 sucessfully passed !
	Initialyzed swapped data for i = 101, j = 143 sucessfully passed !
	Initialyzed swapped data for i = 101, j = 144 sucessfully passed !
	Initialyzed swapped data for i = 101, j = 145 sucessfully passed !
	Initialyzed swapped data for i = 101, j = 146 sucessfully passed !
	Initialyzed swapped data for i = 101, j = 147 sucessfully passed !
	Initialyzed swapped data for i = 101, j = 148 sucessfully passed !
	Initialyzed swapped data for i = 101, j = 149 sucessfully passed !
	Initialyzed swapped data for i = 101, j = 150 sucessfully passed !
	Initialyzed swapped data for i = 101, j = 151 sucessfully passed !
	Initialyzed swapped data for i = 101, j = 152 sucessfully passed !
	Initialyzed swapped data for i = 101, j = 153 sucessfully passed !
	Initialyzed swapped data for i = 101, j = 154 sucessfully passed !
	Initialyzed swapped data for i = 101, j = 155 sucessfully passed !
	Initialyzed swapped data for i = 101, j = 156 sucessfully passed !
	Initialyzed swapped data for i = 101, j = 157 sucessfully passed !
	Initialyzed swapped data for i = 101, j = 158 sucessfully passed !
	Initialyzed swapped data for i = 101, j = 159 sucessfully passed !
	Initialyzed swapped data for i = 101, j = 160 sucessfully passed !
	Initialyzed swapped data for i = 101, j = 161 sucessfully passed !
	Initialyzed swapped data for i = 101, j = 162 sucessfully passed !
	Initialyzed swapped data for i = 101, j = 163 sucessfully passed !
	Initialyzed swapped data for i = 101, j = 164 sucessfully passed !
	Initialyzed swapped data for i = 101, j = 165 sucessfully passed !
	Initialyzed swapped data for i = 101, j = 166 sucessfully passed !
	Initialyzed swapped data for i = 101, j = 167 sucessfully passed !
	Initialyzed swapped data for i = 101, j = 168 sucessfully passed !
	Initialyzed swapped data for i = 101, j = 169 sucessfully passed !
	Initialyzed swapped data for i = 101, j = 170 sucessfully passed !
	Initialyzed swapped data for i = 101, j = 171 sucessfully passed !
	Initialyzed swapped data for i = 101, j = 172 sucessfully passed !
	Initialyzed swapped data for i = 101, j = 173 sucessfully passed !
	Initialyzed swapped data for i = 101, j = 174 sucessfully passed !
	Initialyzed swapped data for i = 101, j = 175 sucessfully passed !
	Initialyzed swapped data for i = 101, j = 176 sucessfully passed !
	Initialyzed swapped data for i = 101, j = 177 sucessfully passed !
	Initialyzed swapped data for i = 101, j = 178 sucessfully passed !
	Initialyzed swapped data for i = 101, j = 179 sucessfully passed !
	Initialyzed swapped data for i = 101, j = 180 sucessfully passed !
	Initialyzed swapped data for i = 101, j = 181 sucessfully passed !
	Initialyzed swapped data for i = 101, j = 182 sucessfully passed !
	Initialyzed swapped data for i = 101, j = 183 sucessfully passed !
	Initialyzed swapped data for i = 101, j = 184 sucessfully passed !
	Initialyzed swapped data for i = 101, j = 185 sucessfully passed !
	Initialyzed swapped data for i = 101, j = 186 sucessfully passed !
	Initialyzed swapped data for i = 101, j = 187 sucessfully passed !
	Initialyzed swapped data for i = 101, j = 188 sucessfully passed !
	Initialyzed swapped data for i = 101, j = 189 sucessfully passed !
	Initialyzed swapped data for i = 101, j = 190 sucessfully passed !
	Initialyzed swapped data for i = 101, j = 191 sucessfully passed !
	Initialyzed swapped data for i = 101, j = 192 sucessfully passed !
	Initialyzed swapped data for i = 101, j = 193 sucessfully passed !
	Initialyzed swapped data for i = 101, j = 194 sucessfully passed !
	Initialyzed swapped data for i = 101, j = 195 sucessfully passed !
	Initialyzed swapped data for i = 101, j = 196 sucessfully passed !
	Initialyzed swapped data for i = 101, j = 197 sucessfully passed !
	Initialyzed swapped data for i = 101, j = 198 sucessfully passed !
	Initialyzed swapped data for i = 101, j = 199 sucessfully passed !
	Initialyzed swapped data for i = 101, j = 200 sucessfully passed !
	Initialyzed swapped data for i = 101, j = 201 sucessfully passed !
	Initialyzed swapped data for i = 101, j = 202 sucessfully passed !
	Initialyzed swapped data for i = 101, j = 203 sucessfully passed !
	Initialyzed swapped data for i = 101, j = 204 sucessfully passed !
	Initialyzed swapped data for i = 101, j = 205 sucessfully passed !
	Initialyzed swapped data for i = 101, j = 206 sucessfully passed !
	Initialyzed swapped data for i = 101, j = 207 sucessfully passed !
	Initialyzed swapped data for i = 101, j = 208 sucessfully passed !
	Initialyzed swapped data for i = 101, j = 209 sucessfully passed !
	Initialyzed swapped data for i = 101, j = 210 sucessfully passed !
	Initialyzed swapped data for i = 101, j = 211 sucessfully passed !
	Initialyzed swapped data for i = 101, j = 212 sucessfully passed !
	Initialyzed swapped data for i = 101, j = 213 sucessfully passed !
	Initialyzed swapped data for i = 101, j = 214 sucessfully passed !
	Initialyzed swapped data for i = 101, j = 215 sucessfully passed !
	Initialyzed swapped data for i = 101, j = 216 sucessfully passed !
	Initialyzed swapped data for i = 101, j = 217 sucessfully passed !
	Initialyzed swapped data for i = 101, j = 218 sucessfully passed !
	Initialyzed swapped data for i = 101, j = 219 sucessfully passed !
	Initialyzed swapped data for i = 101, j = 220 sucessfully passed !
	Initialyzed swapped data for i = 101, j = 221 sucessfully passed !
	Initialyzed swapped data for i = 101, j = 222 sucessfully passed !
	Initialyzed swapped data for i = 101, j = 223 sucessfully passed !
	Initialyzed swapped data for i = 101, j = 224 sucessfully passed !
	Initialyzed swapped data for i = 101, j = 225 sucessfully passed !
	Initialyzed swapped data for i = 101, j = 226 sucessfully passed !
	Initialyzed swapped data for i = 101, j = 227 sucessfully passed !
	Initialyzed swapped data for i = 101, j = 228 sucessfully passed !
	Initialyzed swapped data for i = 101, j = 229 sucessfully passed !
	Initialyzed swapped data for i = 101, j = 230 sucessfully passed !
	Initialyzed swapped data for i = 101, j = 231 sucessfully passed !
	Initialyzed swapped data for i = 101, j = 232 sucessfully passed !
	Initialyzed swapped data for i = 101, j = 233 sucessfully passed !
	Initialyzed swapped data for i = 101, j = 234 sucessfully passed !
	Initialyzed swapped data for i = 101, j = 235 sucessfully passed !
	Initialyzed swapped data for i = 101, j = 236 sucessfully passed !
	Initialyzed swapped data for i = 101, j = 237 sucessfully passed !
	Initialyzed swapped data for i = 101, j = 238 sucessfully passed !
	Initialyzed swapped data for i = 101, j = 239 sucessfully passed !
	Initialyzed swapped data for i = 101, j = 240 sucessfully passed !
	Initialyzed swapped data for i = 101, j = 241 sucessfully passed !
	Initialyzed swapped data for i = 101, j = 242 sucessfully passed !
	Initialyzed swapped data for i = 101, j = 243 sucessfully passed !
	Initialyzed swapped data for i = 101, j = 244 sucessfully passed !
	Initialyzed swapped data for i = 101, j = 245 sucessfully passed !
	Initialyzed swapped data for i = 101, j = 246 sucessfully passed !
	Initialyzed swapped data for i = 101, j = 247 sucessfully passed !
	Initialyzed swapped data for i = 101, j = 248 sucessfully passed !
	Initialyzed swapped data for i = 101, j = 249 sucessfully passed !
	Initialyzed swapped data for i = 101, j = 250 sucessfully passed !
	Initialyzed swapped data for i = 101, j = 251 sucessfully passed !
	Initialyzed swapped data for i = 101, j = 252 sucessfully passed !
	Initialyzed swapped data for i = 101, j = 253 sucessfully passed !
	Initialyzed swapped data for i = 101, j = 254 sucessfully passed !
	Initialyzed swapped data for i = 101, j = 255 sucessfully passed !
	Initialyzed swapped data for i = 101, j = 256 sucessfully passed !
	Initialyzed swapped data for i = 101, j = 257 sucessfully passed !
	Initialyzed swapped data for i = 101, j = 258 sucessfully passed !
	Initialyzed swapped data for i = 101, j = 259 sucessfully passed !
	Initialyzed swapped data for i = 101, j = 260 sucessfully passed !
	Initialyzed swapped data for i = 101, j = 261 sucessfully passed !
	Initialyzed swapped data for i = 101, j = 262 sucessfully passed !
	Initialyzed swapped data for i = 101, j = 263 sucessfully passed !
	Initialyzed swapped data for i = 101, j = 264 sucessfully passed !
	Initialyzed swapped data for i = 101, j = 265 sucessfully passed !
	Initialyzed swapped data for i = 101, j = 266 sucessfully passed !
	Initialyzed swapped data for i = 101, j = 267 sucessfully passed !
	Initialyzed swapped data for i = 101, j = 268 sucessfully passed !
	Initialyzed swapped data for i = 101, j = 269 sucessfully passed !
	Initialyzed swapped data for i = 101, j = 270 sucessfully passed !
	Initialyzed swapped data for i = 101, j = 271 sucessfully passed !
	Initialyzed swapped data for i = 101, j = 272 sucessfully passed !
	Initialyzed swapped data for i = 101, j = 273 sucessfully passed !
	Initialyzed swapped data for i = 101, j = 274 sucessfully passed !
	Initialyzed swapped data for i = 101, j = 275 sucessfully passed !
	Initialyzed swapped data for i = 101, j = 276 sucessfully passed !
	Initialyzed swapped data for i = 101, j = 277 sucessfully passed !
	Initialyzed swapped data for i = 101, j = 278 sucessfully passed !
	Initialyzed swapped data for i = 101, j = 279 sucessfully passed !
	Initialyzed swapped data for i = 101, j = 280 sucessfully passed !
	Initialyzed swapped data for i = 101, j = 281 sucessfully passed !
	Initialyzed swapped data for i = 101, j = 282 sucessfully passed !
	Initialyzed swapped data for i = 101, j = 283 sucessfully passed !
	Initialyzed swapped data for i = 101, j = 284 sucessfully passed !
	Initialyzed swapped data for i = 101, j = 285 sucessfully passed !
	Initialyzed swapped data for i = 101, j = 286 sucessfully passed !
	Initialyzed swapped data for i = 101, j = 287 sucessfully passed !
	Initialyzed swapped data for i = 101, j = 288 sucessfully passed !
	Initialyzed swapped data for i = 101, j = 289 sucessfully passed !
	Initialyzed swapped data for i = 101, j = 290 sucessfully passed !
	Initialyzed swapped data for i = 101, j = 291 sucessfully passed !
	Initialyzed swapped data for i = 101, j = 292 sucessfully passed !
	Initialyzed swapped data for i = 101, j = 293 sucessfully passed !
	Initialyzed swapped data for i = 101, j = 294 sucessfully passed !
	Initialyzed swapped data for i = 101, j = 295 sucessfully passed !
	Initialyzed swapped data for i = 101, j = 296 sucessfully passed !
	Initialyzed swapped data for i = 101, j = 297 sucessfully passed !
	Initialyzed swapped data for i = 101, j = 298 sucessfully passed !
	Initialyzed swapped data for i = 101, j = 299 sucessfully passed !
	Initialyzed swapped data for i = 101, j = 300 sucessfully passed !
	Initialyzed swapped data for i = 101, j = 301 sucessfully passed !
	Initialyzed swapped data for i = 101, j = 302 sucessfully passed !
	Initialyzed swapped data for i = 101, j = 303 sucessfully passed !
	Initialyzed swapped data for i = 101, j = 304 sucessfully passed !
	Initialyzed swapped data for i = 101, j = 305 sucessfully passed !
	Initialyzed swapped data for i = 101, j = 306 sucessfully passed !
	Initialyzed swapped data for i = 101, j = 307 sucessfully passed !
	Initialyzed swapped data for i = 101, j = 308 sucessfully passed !
	Initialyzed swapped data for i = 101, j = 309 sucessfully passed !
	Initialyzed swapped data for i = 101, j = 310 sucessfully passed !
	Initialyzed swapped data for i = 101, j = 311 sucessfully passed !
	Initialyzed swapped data for i = 101, j = 312 sucessfully passed !
	Initialyzed swapped data for i = 101, j = 313 sucessfully passed !
	Initialyzed swapped data for i = 101, j = 314 sucessfully passed !
	Initialyzed swapped data for i = 101, j = 315 sucessfully passed !
	Initialyzed swapped data for i = 101, j = 316 sucessfully passed !
	Initialyzed swapped data for i = 101, j = 317 sucessfully passed !
	Initialyzed swapped data for i = 101, j = 318 sucessfully passed !
	Initialyzed swapped data for i = 101, j = 319 sucessfully passed !
	Initialyzed swapped data for i = 101, j = 320 sucessfully passed !
	Initialyzed swapped data for i = 101, j = 321 sucessfully passed !
	Initialyzed swapped data for i = 101, j = 322 sucessfully passed !
	Initialyzed swapped data for i = 101, j = 323 sucessfully passed !
	Initialyzed swapped data for i = 101, j = 324 sucessfully passed !
	Initialyzed swapped data for i = 101, j = 325 sucessfully passed !
	Initialyzed swapped data for i = 101, j = 326 sucessfully passed !
	Initialyzed swapped data for i = 101, j = 327 sucessfully passed !
	Initialyzed swapped data for i = 101, j = 328 sucessfully passed !
	Initialyzed swapped data for i = 101, j = 329 sucessfully passed !
	Initialyzed swapped data for i = 101, j = 330 sucessfully passed !
	Initialyzed swapped data for i = 101, j = 331 sucessfully passed !
	Initialyzed swapped data for i = 101, j = 332 sucessfully passed !
	Initialyzed swapped data for i = 101, j = 333 sucessfully passed !
	Initialyzed swapped data for i = 101, j = 334 sucessfully passed !
	Initialyzed swapped data for i = 101, j = 335 sucessfully passed !
	Initialyzed swapped data for i = 101, j = 336 sucessfully passed !
	Initialyzed swapped data for i = 101, j = 337 sucessfully passed !
	Initialyzed swapped data for i = 101, j = 338 sucessfully passed !
	Initialyzed swapped data for i = 101, j = 339 sucessfully passed !
	Initialyzed swapped data for i = 101, j = 340 sucessfully passed !
	Initialyzed swapped data for i = 101, j = 341 sucessfully passed !
	Initialyzed swapped data for i = 101, j = 342 sucessfully passed !
	Initialyzed swapped data for i = 101, j = 343 sucessfully passed !
	Initialyzed swapped data for i = 101, j = 344 sucessfully passed !
	Initialyzed swapped data for i = 101, j = 345 sucessfully passed !
	Initialyzed swapped data for i = 101, j = 346 sucessfully passed !
	Initialyzed swapped data for i = 101, j = 347 sucessfully passed !
	Initialyzed swapped data for i = 101, j = 348 sucessfully passed !
	Initialyzed swapped data for i = 101, j = 349 sucessfully passed !
	Initialyzed swapped data for i = 101, j = 350 sucessfully passed !
	Initialyzed swapped data for i = 101, j = 351 sucessfully passed !
	Initialyzed swapped data for i = 101, j = 352 sucessfully passed !
	Initialyzed swapped data for i = 101, j = 353 sucessfully passed !
	Initialyzed swapped data for i = 101, j = 354 sucessfully passed !
	Initialyzed swapped data for i = 101, j = 355 sucessfully passed !
	Initialyzed swapped data for i = 101, j = 356 sucessfully passed !
	Initialyzed swapped data for i = 101, j = 357 sucessfully passed !
	Initialyzed swapped data for i = 101, j = 358 sucessfully passed !
	Initialyzed swapped data for i = 101, j = 359 sucessfully passed !
	Initialyzed swapped data for i = 101, j = 360 sucessfully passed !
	Initialyzed swapped data for i = 101, j = 361 sucessfully passed !
	Initialyzed swapped data for i = 101, j = 362 sucessfully passed !
	Initialyzed swapped data for i = 101, j = 363 sucessfully passed !
	Initialyzed swapped data for i = 101, j = 364 sucessfully passed !
	Initialyzed swapped data for i = 101, j = 365 sucessfully passed !
	Initialyzed swapped data for i = 101, j = 366 sucessfully passed !
	Initialyzed swapped data for i = 101, j = 367 sucessfully passed !
	Initialyzed swapped data for i = 101, j = 368 sucessfully passed !
	Initialyzed swapped data for i = 101, j = 369 sucessfully passed !
	Initialyzed swapped data for i = 101, j = 370 sucessfully passed !
	Initialyzed swapped data for i = 101, j = 371 sucessfully passed !
	Initialyzed swapped data for i = 101, j = 372 sucessfully passed !
	Initialyzed swapped data for i = 101, j = 373 sucessfully passed !
	Initialyzed swapped data for i = 101, j = 374 sucessfully passed !
	Initialyzed swapped data for i = 101, j = 375 sucessfully passed !
	Initialyzed swapped data for i = 101, j = 376 sucessfully passed !
	Initialyzed swapped data for i = 101, j = 377 sucessfully passed !
	Initialyzed swapped data for i = 101, j = 378 sucessfully passed !
	Initialyzed swapped data for i = 101, j = 379 sucessfully passed !
	Initialyzed swapped data for i = 101, j = 380 sucessfully passed !
	Initialyzed swapped data for i = 101, j = 381 sucessfully passed !
	Initialyzed swapped data for i = 101, j = 382 sucessfully passed !
	Initialyzed swapped data for i = 101, j = 383 sucessfully passed !
	Initialyzed swapped data for i = 101, j = 384 sucessfully passed !
	Initialyzed swapped data for i = 101, j = 385 sucessfully passed !
	Initialyzed swapped data for i = 101, j = 386 sucessfully passed !
	Initialyzed swapped data for i = 101, j = 387 sucessfully passed !
	Initialyzed swapped data for i = 101, j = 388 sucessfully passed !
	Initialyzed swapped data for i = 101, j = 389 sucessfully passed !
	Initialyzed swapped data for i = 101, j = 390 sucessfully passed !
	Initialyzed swapped data for i = 101, j = 391 sucessfully passed !
	Initialyzed swapped data for i = 101, j = 392 sucessfully passed !
	Initialyzed swapped data for i = 101, j = 393 sucessfully passed !
	Initialyzed swapped data for i = 101, j = 394 sucessfully passed !
	Initialyzed swapped data for i = 101, j = 395 sucessfully passed !
	Initialyzed swapped data for i = 101, j = 396 sucessfully passed !
	Initialyzed swapped data for i = 101, j = 397 sucessfully passed !
	Initialyzed swapped data for i = 101, j = 398 sucessfully passed !
	Initialyzed swapped data for i = 101, j = 399 sucessfully passed !
	Initialyzed swapped data for i = 101, j = 400 sucessfully passed !
	Initialyzed swapped data for i = 101, j = 401 sucessfully passed !
	Initialyzed swapped data for i = 101, j = 402 sucessfully passed !
	Initialyzed swapped data for i = 101, j = 403 sucessfully passed !
	Initialyzed swapped data for i = 101, j = 404 sucessfully passed !
	Initialyzed swapped data for i = 101, j = 405 sucessfully passed !
	Initialyzed swapped data for i = 101, j = 406 sucessfully passed !
	Initialyzed swapped data for i = 101, j = 407 sucessfully passed !
	Initialyzed swapped data for i = 101, j = 408 sucessfully passed !
	Initialyzed swapped data for i = 101, j = 409 sucessfully passed !
	Initialyzed swapped data for i = 101, j = 410 sucessfully passed !
	Initialyzed swapped data for i = 101, j = 411 sucessfully passed !
	Initialyzed swapped data for i = 101, j = 412 sucessfully passed !
	Initialyzed swapped data for i = 101, j = 413 sucessfully passed !
	Initialyzed swapped data for i = 101, j = 414 sucessfully passed !
	Initialyzed swapped data for i = 101, j = 415 sucessfully passed !
	Initialyzed swapped data for i = 101, j = 416 sucessfully passed !
	Initialyzed swapped data for i = 101, j = 417 sucessfully passed !
	Initialyzed swapped data for i = 101, j = 418 sucessfully passed !
	Initialyzed swapped data for i = 101, j = 419 sucessfully passed !
	Initialyzed swapped data for i = 101, j = 420 sucessfully passed !
	Initialyzed swapped data for i = 101, j = 421 sucessfully passed !
	Initialyzed swapped data for i = 101, j = 422 sucessfully passed !
	Initialyzed swapped data for i = 101, j = 423 sucessfully passed !
	Initialyzed swapped data for i = 101, j = 424 sucessfully passed !
	Initialyzed swapped data for i = 101, j = 425 sucessfully passed !
	Initialyzed swapped data for i = 101, j = 426 sucessfully passed !
	Initialyzed swapped data for i = 101, j = 427 sucessfully passed !
	Initialyzed swapped data for i = 101, j = 428 sucessfully passed !
	Initialyzed swapped data for i = 101, j = 429 sucessfully passed !
	Initialyzed swapped data for i = 101, j = 430 sucessfully passed !
	Initialyzed swapped data for i = 101, j = 431 sucessfully passed !
	Initialyzed swapped data for i = 101, j = 432 sucessfully passed !
	Initialyzed swapped data for i = 101, j = 433 sucessfully passed !
	Initialyzed swapped data for i = 102, j = 103 sucessfully passed !
	Initialyzed swapped data for i = 102, j = 104 sucessfully passed !
	Initialyzed swapped data for i = 102, j = 105 sucessfully passed !
	Initialyzed swapped data for i = 102, j = 106 sucessfully passed !
	Initialyzed swapped data for i = 102, j = 107 sucessfully passed !
	Initialyzed swapped data for i = 102, j = 108 sucessfully passed !
	Initialyzed swapped data for i = 102, j = 109 sucessfully passed !
	Initialyzed swapped data for i = 102, j = 110 sucessfully passed !
	Initialyzed swapped data for i = 102, j = 111 sucessfully passed !
	Initialyzed swapped data for i = 102, j = 112 sucessfully passed !
	Initialyzed swapped data for i = 102, j = 113 sucessfully passed !
	Initialyzed swapped data for i = 102, j = 114 sucessfully passed !
	Initialyzed swapped data for i = 102, j = 115 sucessfully passed !
	Initialyzed swapped data for i = 102, j = 116 sucessfully passed !
	Initialyzed swapped data for i = 102, j = 117 sucessfully passed !
	Initialyzed swapped data for i = 102, j = 118 sucessfully passed !
	Initialyzed swapped data for i = 102, j = 119 sucessfully passed !
	Initialyzed swapped data for i = 102, j = 120 sucessfully passed !
	Initialyzed swapped data for i = 102, j = 121 sucessfully passed !
	Initialyzed swapped data for i = 102, j = 122 sucessfully passed !
	Initialyzed swapped data for i = 102, j = 123 sucessfully passed !
	Initialyzed swapped data for i = 102, j = 124 sucessfully passed !
	Initialyzed swapped data for i = 102, j = 125 sucessfully passed !
	Initialyzed swapped data for i = 102, j = 126 sucessfully passed !
	Initialyzed swapped data for i = 102, j = 127 sucessfully passed !
	Initialyzed swapped data for i = 102, j = 128 sucessfully passed !
	Initialyzed swapped data for i = 102, j = 129 sucessfully passed !
	Initialyzed swapped data for i = 102, j = 130 sucessfully passed !
	Initialyzed swapped data for i = 102, j = 131 sucessfully passed !
	Initialyzed swapped data for i = 102, j = 132 sucessfully passed !
	Initialyzed swapped data for i = 102, j = 133 sucessfully passed !
	Initialyzed swapped data for i = 102, j = 134 sucessfully passed !
	Initialyzed swapped data for i = 102, j = 135 sucessfully passed !
	Initialyzed swapped data for i = 102, j = 136 sucessfully passed !
	Initialyzed swapped data for i = 102, j = 137 sucessfully passed !
	Initialyzed swapped data for i = 102, j = 138 sucessfully passed !
	Initialyzed swapped data for i = 102, j = 139 sucessfully passed !
	Initialyzed swapped data for i = 102, j = 140 sucessfully passed !
	Initialyzed swapped data for i = 102, j = 141 sucessfully passed !
	Initialyzed swapped data for i = 102, j = 142 sucessfully passed !
	Initialyzed swapped data for i = 102, j = 143 sucessfully passed !
	Initialyzed swapped data for i = 102, j = 144 sucessfully passed !
	Initialyzed swapped data for i = 102, j = 145 sucessfully passed !
	Initialyzed swapped data for i = 102, j = 146 sucessfully passed !
	Initialyzed swapped data for i = 102, j = 147 sucessfully passed !
	Initialyzed swapped data for i = 102, j = 148 sucessfully passed !
	Initialyzed swapped data for i = 102, j = 149 sucessfully passed !
	Initialyzed swapped data for i = 102, j = 150 sucessfully passed !
	Initialyzed swapped data for i = 102, j = 151 sucessfully passed !
	Initialyzed swapped data for i = 102, j = 152 sucessfully passed !
	Initialyzed swapped data for i = 102, j = 153 sucessfully passed !
	Initialyzed swapped data for i = 102, j = 154 sucessfully passed !
	Initialyzed swapped data for i = 102, j = 155 sucessfully passed !
	Initialyzed swapped data for i = 102, j = 156 sucessfully passed !
	Initialyzed swapped data for i = 102, j = 157 sucessfully passed !
	Initialyzed swapped data for i = 102, j = 158 sucessfully passed !
	Initialyzed swapped data for i = 102, j = 159 sucessfully passed !
	Initialyzed swapped data for i = 102, j = 160 sucessfully passed !
	Initialyzed swapped data for i = 102, j = 161 sucessfully passed !
	Initialyzed swapped data for i = 102, j = 162 sucessfully passed !
	Initialyzed swapped data for i = 102, j = 163 sucessfully passed !
	Initialyzed swapped data for i = 102, j = 164 sucessfully passed !
	Initialyzed swapped data for i = 102, j = 165 sucessfully passed !
	Initialyzed swapped data for i = 102, j = 166 sucessfully passed !
	Initialyzed swapped data for i = 102, j = 167 sucessfully passed !
	Initialyzed swapped data for i = 102, j = 168 sucessfully passed !
	Initialyzed swapped data for i = 102, j = 169 sucessfully passed !
	Initialyzed swapped data for i = 102, j = 170 sucessfully passed !
	Initialyzed swapped data for i = 102, j = 171 sucessfully passed !
	Initialyzed swapped data for i = 102, j = 172 sucessfully passed !
	Initialyzed swapped data for i = 102, j = 173 sucessfully passed !
	Initialyzed swapped data for i = 102, j = 174 sucessfully passed !
	Initialyzed swapped data for i = 102, j = 175 sucessfully passed !
	Initialyzed swapped data for i = 102, j = 176 sucessfully passed !
	Initialyzed swapped data for i = 102, j = 177 sucessfully passed !
	Initialyzed swapped data for i = 102, j = 178 sucessfully passed !
	Initialyzed swapped data for i = 102, j = 179 sucessfully passed !
	Initialyzed swapped data for i = 102, j = 180 sucessfully passed !
	Initialyzed swapped data for i = 102, j = 181 sucessfully passed !
	Initialyzed swapped data for i = 102, j = 182 sucessfully passed !
	Initialyzed swapped data for i = 102, j = 183 sucessfully passed !
	Initialyzed swapped data for i = 102, j = 184 sucessfully passed !
	Initialyzed swapped data for i = 102, j = 185 sucessfully passed !
	Initialyzed swapped data for i = 102, j = 186 sucessfully passed !
	Initialyzed swapped data for i = 102, j = 187 sucessfully passed !
	Initialyzed swapped data for i = 102, j = 188 sucessfully passed !
	Initialyzed swapped data for i = 102, j = 189 sucessfully passed !
	Initialyzed swapped data for i = 102, j = 190 sucessfully passed !
	Initialyzed swapped data for i = 102, j = 191 sucessfully passed !
	Initialyzed swapped data for i = 102, j = 192 sucessfully passed !
	Initialyzed swapped data for i = 102, j = 193 sucessfully passed !
	Initialyzed swapped data for i = 102, j = 194 sucessfully passed !
	Initialyzed swapped data for i = 102, j = 195 sucessfully passed !
	Initialyzed swapped data for i = 102, j = 196 sucessfully passed !
	Initialyzed swapped data for i = 102, j = 197 sucessfully passed !
	Initialyzed swapped data for i = 102, j = 198 sucessfully passed !
	Initialyzed swapped data for i = 102, j = 199 sucessfully passed !
	Initialyzed swapped data for i = 102, j = 200 sucessfully passed !
	Initialyzed swapped data for i = 102, j = 201 sucessfully passed !
	Initialyzed swapped data for i = 102, j = 202 sucessfully passed !
	Initialyzed swapped data for i = 102, j = 203 sucessfully passed !
	Initialyzed swapped data for i = 102, j = 204 sucessfully passed !
	Initialyzed swapped data for i = 102, j = 205 sucessfully passed !
	Initialyzed swapped data for i = 102, j = 206 sucessfully passed !
	Initialyzed swapped data for i = 102, j = 207 sucessfully passed !
	Initialyzed swapped data for i = 102, j = 208 sucessfully passed !
	Initialyzed swapped data for i = 102, j = 209 sucessfully passed !
	Initialyzed swapped data for i = 102, j = 210 sucessfully passed !
	Initialyzed swapped data for i = 102, j = 211 sucessfully passed !
	Initialyzed swapped data for i = 102, j = 212 sucessfully passed !
	Initialyzed swapped data for i = 102, j = 213 sucessfully passed !
	Initialyzed swapped data for i = 102, j = 214 sucessfully passed !
	Initialyzed swapped data for i = 102, j = 215 sucessfully passed !
	Initialyzed swapped data for i = 102, j = 216 sucessfully passed !
	Initialyzed swapped data for i = 102, j = 217 sucessfully passed !
	Initialyzed swapped data for i = 102, j = 218 sucessfully passed !
	Initialyzed swapped data for i = 102, j = 219 sucessfully passed !
	Initialyzed swapped data for i = 102, j = 220 sucessfully passed !
	Initialyzed swapped data for i = 102, j = 221 sucessfully passed !
	Initialyzed swapped data for i = 102, j = 222 sucessfully passed !
	Initialyzed swapped data for i = 102, j = 223 sucessfully passed !
	Initialyzed swapped data for i = 102, j = 224 sucessfully passed !
	Initialyzed swapped data for i = 102, j = 225 sucessfully passed !
	Initialyzed swapped data for i = 102, j = 226 sucessfully passed !
	Initialyzed swapped data for i = 102, j = 227 sucessfully passed !
	Initialyzed swapped data for i = 102, j = 228 sucessfully passed !
	Initialyzed swapped data for i = 102, j = 229 sucessfully passed !
	Initialyzed swapped data for i = 102, j = 230 sucessfully passed !
	Initialyzed swapped data for i = 102, j = 231 sucessfully passed !
	Initialyzed swapped data for i = 102, j = 232 sucessfully passed !
	Initialyzed swapped data for i = 102, j = 233 sucessfully passed !
	Initialyzed swapped data for i = 102, j = 234 sucessfully passed !
	Initialyzed swapped data for i = 102, j = 235 sucessfully passed !
	Initialyzed swapped data for i = 102, j = 236 sucessfully passed !
	Initialyzed swapped data for i = 102, j = 237 sucessfully passed !
	Initialyzed swapped data for i = 102, j = 238 sucessfully passed !
	Initialyzed swapped data for i = 102, j = 239 sucessfully passed !
	Initialyzed swapped data for i = 102, j = 240 sucessfully passed !
	Initialyzed swapped data for i = 102, j = 241 sucessfully passed !
	Initialyzed swapped data for i = 102, j = 242 sucessfully passed !
	Initialyzed swapped data for i = 102, j = 243 sucessfully passed !
	Initialyzed swapped data for i = 102, j = 244 sucessfully passed !
	Initialyzed swapped data for i = 102, j = 245 sucessfully passed !
	Initialyzed swapped data for i = 102, j = 246 sucessfully passed !
	Initialyzed swapped data for i = 102, j = 247 sucessfully passed !
	Initialyzed swapped data for i = 102, j = 248 sucessfully passed !
	Initialyzed swapped data for i = 102, j = 249 sucessfully passed !
	Initialyzed swapped data for i = 102, j = 250 sucessfully passed !
	Initialyzed swapped data for i = 102, j = 251 sucessfully passed !
	Initialyzed swapped data for i = 102, j = 252 sucessfully passed !
	Initialyzed swapped data for i = 102, j = 253 sucessfully passed !
	Initialyzed swapped data for i = 102, j = 254 sucessfully passed !
	Initialyzed swapped data for i = 102, j = 255 sucessfully passed !
	Initialyzed swapped data for i = 102, j = 256 sucessfully passed !
	Initialyzed swapped data for i = 102, j = 257 sucessfully passed !
	Initialyzed swapped data for i = 102, j = 258 sucessfully passed !
	Initialyzed swapped data for i = 102, j = 259 sucessfully passed !
	Initialyzed swapped data for i = 102, j = 260 sucessfully passed !
	Initialyzed swapped data for i = 102, j = 261 sucessfully passed !
	Initialyzed swapped data for i = 102, j = 262 sucessfully passed !
	Initialyzed swapped data for i = 102, j = 263 sucessfully passed !
	Initialyzed swapped data for i = 102, j = 264 sucessfully passed !
	Initialyzed swapped data for i = 102, j = 265 sucessfully passed !
	Initialyzed swapped data for i = 102, j = 266 sucessfully passed !
	Initialyzed swapped data for i = 102, j = 267 sucessfully passed !
	Initialyzed swapped data for i = 102, j = 268 sucessfully passed !
	Initialyzed swapped data for i = 102, j = 269 sucessfully passed !
	Initialyzed swapped data for i = 102, j = 270 sucessfully passed !
	Initialyzed swapped data for i = 102, j = 271 sucessfully passed !
	Initialyzed swapped data for i = 102, j = 272 sucessfully passed !
	Initialyzed swapped data for i = 102, j = 273 sucessfully passed !
	Initialyzed swapped data for i = 102, j = 274 sucessfully passed !
	Initialyzed swapped data for i = 102, j = 275 sucessfully passed !
	Initialyzed swapped data for i = 102, j = 276 sucessfully passed !
	Initialyzed swapped data for i = 102, j = 277 sucessfully passed !
	Initialyzed swapped data for i = 102, j = 278 sucessfully passed !
	Initialyzed swapped data for i = 102, j = 279 sucessfully passed !
	Initialyzed swapped data for i = 102, j = 280 sucessfully passed !
	Initialyzed swapped data for i = 102, j = 281 sucessfully passed !
	Initialyzed swapped data for i = 102, j = 282 sucessfully passed !
	Initialyzed swapped data for i = 102, j = 283 sucessfully passed !
	Initialyzed swapped data for i = 102, j = 284 sucessfully passed !
	Initialyzed swapped data for i = 102, j = 285 sucessfully passed !
	Initialyzed swapped data for i = 102, j = 286 sucessfully passed !
	Initialyzed swapped data for i = 102, j = 287 sucessfully passed !
	Initialyzed swapped data for i = 102, j = 288 sucessfully passed !
	Initialyzed swapped data for i = 102, j = 289 sucessfully passed !
	Initialyzed swapped data for i = 102, j = 290 sucessfully passed !
	Initialyzed swapped data for i = 102, j = 291 sucessfully passed !
	Initialyzed swapped data for i = 102, j = 292 sucessfully passed !
	Initialyzed swapped data for i = 102, j = 293 sucessfully passed !
	Initialyzed swapped data for i = 102, j = 294 sucessfully passed !
	Initialyzed swapped data for i = 102, j = 295 sucessfully passed !
	Initialyzed swapped data for i = 102, j = 296 sucessfully passed !
	Initialyzed swapped data for i = 102, j = 297 sucessfully passed !
	Initialyzed swapped data for i = 102, j = 298 sucessfully passed !
	Initialyzed swapped data for i = 102, j = 299 sucessfully passed !
	Initialyzed swapped data for i = 102, j = 300 sucessfully passed !
	Initialyzed swapped data for i = 102, j = 301 sucessfully passed !
	Initialyzed swapped data for i = 102, j = 302 sucessfully passed !
	Initialyzed swapped data for i = 102, j = 303 sucessfully passed !
	Initialyzed swapped data for i = 102, j = 304 sucessfully passed !
	Initialyzed swapped data for i = 102, j = 305 sucessfully passed !
	Initialyzed swapped data for i = 102, j = 306 sucessfully passed !
	Initialyzed swapped data for i = 102, j = 307 sucessfully passed !
	Initialyzed swapped data for i = 102, j = 308 sucessfully passed !
	Initialyzed swapped data for i = 102, j = 309 sucessfully passed !
	Initialyzed swapped data for i = 102, j = 310 sucessfully passed !
	Initialyzed swapped data for i = 102, j = 311 sucessfully passed !
	Initialyzed swapped data for i = 102, j = 312 sucessfully passed !
	Initialyzed swapped data for i = 102, j = 313 sucessfully passed !
	Initialyzed swapped data for i = 102, j = 314 sucessfully passed !
	Initialyzed swapped data for i = 102, j = 315 sucessfully passed !
	Initialyzed swapped data for i = 102, j = 316 sucessfully passed !
	Initialyzed swapped data for i = 102, j = 317 sucessfully passed !
	Initialyzed swapped data for i = 102, j = 318 sucessfully passed !
	Initialyzed swapped data for i = 102, j = 319 sucessfully passed !
	Initialyzed swapped data for i = 102, j = 320 sucessfully passed !
	Initialyzed swapped data for i = 102, j = 321 sucessfully passed !
	Initialyzed swapped data for i = 102, j = 322 sucessfully passed !
	Initialyzed swapped data for i = 102, j = 323 sucessfully passed !
	Initialyzed swapped data for i = 102, j = 324 sucessfully passed !
	Initialyzed swapped data for i = 102, j = 325 sucessfully passed !
	Initialyzed swapped data for i = 102, j = 326 sucessfully passed !
	Initialyzed swapped data for i = 102, j = 327 sucessfully passed !
	Initialyzed swapped data for i = 102, j = 328 sucessfully passed !
	Initialyzed swapped data for i = 102, j = 329 sucessfully passed !
	Initialyzed swapped data for i = 102, j = 330 sucessfully passed !
	Initialyzed swapped data for i = 102, j = 331 sucessfully passed !
	Initialyzed swapped data for i = 102, j = 332 sucessfully passed !
	Initialyzed swapped data for i = 102, j = 333 sucessfully passed !
	Initialyzed swapped data for i = 102, j = 334 sucessfully passed !
	Initialyzed swapped data for i = 102, j = 335 sucessfully passed !
	Initialyzed swapped data for i = 102, j = 336 sucessfully passed !
	Initialyzed swapped data for i = 102, j = 337 sucessfully passed !
	Initialyzed swapped data for i = 102, j = 338 sucessfully passed !
	Initialyzed swapped data for i = 102, j = 339 sucessfully passed !
	Initialyzed swapped data for i = 102, j = 340 sucessfully passed !
	Initialyzed swapped data for i = 102, j = 341 sucessfully passed !
	Initialyzed swapped data for i = 102, j = 342 sucessfully passed !
	Initialyzed swapped data for i = 102, j = 343 sucessfully passed !
	Initialyzed swapped data for i = 102, j = 344 sucessfully passed !
	Initialyzed swapped data for i = 102, j = 345 sucessfully passed !
	Initialyzed swapped data for i = 102, j = 346 sucessfully passed !
	Initialyzed swapped data for i = 102, j = 347 sucessfully passed !
	Initialyzed swapped data for i = 102, j = 348 sucessfully passed !
	Initialyzed swapped data for i = 102, j = 349 sucessfully passed !
	Initialyzed swapped data for i = 102, j = 350 sucessfully passed !
	Initialyzed swapped data for i = 102, j = 351 sucessfully passed !
	Initialyzed swapped data for i = 102, j = 352 sucessfully passed !
	Initialyzed swapped data for i = 102, j = 353 sucessfully passed !
	Initialyzed swapped data for i = 102, j = 354 sucessfully passed !
	Initialyzed swapped data for i = 102, j = 355 sucessfully passed !
	Initialyzed swapped data for i = 102, j = 356 sucessfully passed !
	Initialyzed swapped data for i = 102, j = 357 sucessfully passed !
	Initialyzed swapped data for i = 102, j = 358 sucessfully passed !
	Initialyzed swapped data for i = 102, j = 359 sucessfully passed !
	Initialyzed swapped data for i = 102, j = 360 sucessfully passed !
	Initialyzed swapped data for i = 102, j = 361 sucessfully passed !
	Initialyzed swapped data for i = 102, j = 362 sucessfully passed !
	Initialyzed swapped data for i = 102, j = 363 sucessfully passed !
	Initialyzed swapped data for i = 102, j = 364 sucessfully passed !
	Initialyzed swapped data for i = 102, j = 365 sucessfully passed !
	Initialyzed swapped data for i = 102, j = 366 sucessfully passed !
	Initialyzed swapped data for i = 102, j = 367 sucessfully passed !
	Initialyzed swapped data for i = 102, j = 368 sucessfully passed !
	Initialyzed swapped data for i = 102, j = 369 sucessfully passed !
	Initialyzed swapped data for i = 102, j = 370 sucessfully passed !
	Initialyzed swapped data for i = 102, j = 371 sucessfully passed !
	Initialyzed swapped data for i = 102, j = 372 sucessfully passed !
	Initialyzed swapped data for i = 102, j = 373 sucessfully passed !
	Initialyzed swapped data for i = 102, j = 374 sucessfully passed !
	Initialyzed swapped data for i = 102, j = 375 sucessfully passed !
	Initialyzed swapped data for i = 102, j = 376 sucessfully passed !
	Initialyzed swapped data for i = 102, j = 377 sucessfully passed !
	Initialyzed swapped data for i = 102, j = 378 sucessfully passed !
	Initialyzed swapped data for i = 102, j = 379 sucessfully passed !
	Initialyzed swapped data for i = 102, j = 380 sucessfully passed !
	Initialyzed swapped data for i = 102, j = 381 sucessfully passed !
	Initialyzed swapped data for i = 102, j = 382 sucessfully passed !
	Initialyzed swapped data for i = 102, j = 383 sucessfully passed !
	Initialyzed swapped data for i = 102, j = 384 sucessfully passed !
	Initialyzed swapped data for i = 102, j = 385 sucessfully passed !
	Initialyzed swapped data for i = 102, j = 386 sucessfully passed !
	Initialyzed swapped data for i = 102, j = 387 sucessfully passed !
	Initialyzed swapped data for i = 102, j = 388 sucessfully passed !
	Initialyzed swapped data for i = 102, j = 389 sucessfully passed !
	Initialyzed swapped data for i = 102, j = 390 sucessfully passed !
	Initialyzed swapped data for i = 102, j = 391 sucessfully passed !
	Initialyzed swapped data for i = 102, j = 392 sucessfully passed !
	Initialyzed swapped data for i = 102, j = 393 sucessfully passed !
	Initialyzed swapped data for i = 102, j = 394 sucessfully passed !
	Initialyzed swapped data for i = 102, j = 395 sucessfully passed !
	Initialyzed swapped data for i = 102, j = 396 sucessfully passed !
	Initialyzed swapped data for i = 102, j = 397 sucessfully passed !
	Initialyzed swapped data for i = 102, j = 398 sucessfully passed !
	Initialyzed swapped data for i = 102, j = 399 sucessfully passed !
	Initialyzed swapped data for i = 102, j = 400 sucessfully passed !
	Initialyzed swapped data for i = 102, j = 401 sucessfully passed !
	Initialyzed swapped data for i = 102, j = 402 sucessfully passed !
	Initialyzed swapped data for i = 102, j = 403 sucessfully passed !
	Initialyzed swapped data for i = 102, j = 404 sucessfully passed !
	Initialyzed swapped data for i = 102, j = 405 sucessfully passed !
	Initialyzed swapped data for i = 102, j = 406 sucessfully passed !
	Initialyzed swapped data for i = 102, j = 407 sucessfully passed !
	Initialyzed swapped data for i = 102, j = 408 sucessfully passed !
	Initialyzed swapped data for i = 102, j = 409 sucessfully passed !
	Initialyzed swapped data for i = 102, j = 410 sucessfully passed !
	Initialyzed swapped data for i = 102, j = 411 sucessfully passed !
	Initialyzed swapped data for i = 102, j = 412 sucessfully passed !
	Initialyzed swapped data for i = 102, j = 413 sucessfully passed !
	Initialyzed swapped data for i = 102, j = 414 sucessfully passed !
	Initialyzed swapped data for i = 102, j = 415 sucessfully passed !
	Initialyzed swapped data for i = 102, j = 416 sucessfully passed !
	Initialyzed swapped data for i = 102, j = 417 sucessfully passed !
	Initialyzed swapped data for i = 102, j = 418 sucessfully passed !
	Initialyzed swapped data for i = 102, j = 419 sucessfully passed !
	Initialyzed swapped data for i = 102, j = 420 sucessfully passed !
	Initialyzed swapped data for i = 102, j = 421 sucessfully passed !
	Initialyzed swapped data for i = 102, j = 422 sucessfully passed !
	Initialyzed swapped data for i = 102, j = 423 sucessfully passed !
	Initialyzed swapped data for i = 102, j = 424 sucessfully passed !
	Initialyzed swapped data for i = 102, j = 425 sucessfully passed !
	Initialyzed swapped data for i = 102, j = 426 sucessfully passed !
	Initialyzed swapped data for i = 102, j = 427 sucessfully passed !
	Initialyzed swapped data for i = 102, j = 428 sucessfully passed !
	Initialyzed swapped data for i = 102, j = 429 sucessfully passed !
	Initialyzed swapped data for i = 102, j = 430 sucessfully passed !
	Initialyzed swapped data for i = 102, j = 431 sucessfully passed !
	Initialyzed swapped data for i = 102, j = 432 sucessfully passed !
	Initialyzed swapped data for i = 102, j = 433 sucessfully passed !
	Initialyzed swapped data for i = 103, j = 104 sucessfully passed !
	Initialyzed swapped data for i = 103, j = 105 sucessfully passed !
	Initialyzed swapped data for i = 103, j = 106 sucessfully passed !
	Initialyzed swapped data for i = 103, j = 107 sucessfully passed !
	Initialyzed swapped data for i = 103, j = 108 sucessfully passed !
	Initialyzed swapped data for i = 103, j = 109 sucessfully passed !
	Initialyzed swapped data for i = 103, j = 110 sucessfully passed !
	Initialyzed swapped data for i = 103, j = 111 sucessfully passed !
	Initialyzed swapped data for i = 103, j = 112 sucessfully passed !
	Initialyzed swapped data for i = 103, j = 113 sucessfully passed !
	Initialyzed swapped data for i = 103, j = 114 sucessfully passed !
	Initialyzed swapped data for i = 103, j = 115 sucessfully passed !
	Initialyzed swapped data for i = 103, j = 116 sucessfully passed !
	Initialyzed swapped data for i = 103, j = 117 sucessfully passed !
	Initialyzed swapped data for i = 103, j = 118 sucessfully passed !
	Initialyzed swapped data for i = 103, j = 119 sucessfully passed !
	Initialyzed swapped data for i = 103, j = 120 sucessfully passed !
	Initialyzed swapped data for i = 103, j = 121 sucessfully passed !
	Initialyzed swapped data for i = 103, j = 122 sucessfully passed !
	Initialyzed swapped data for i = 103, j = 123 sucessfully passed !
	Initialyzed swapped data for i = 103, j = 124 sucessfully passed !
	Initialyzed swapped data for i = 103, j = 125 sucessfully passed !
	Initialyzed swapped data for i = 103, j = 126 sucessfully passed !
	Initialyzed swapped data for i = 103, j = 127 sucessfully passed !
	Initialyzed swapped data for i = 103, j = 128 sucessfully passed !
	Initialyzed swapped data for i = 103, j = 129 sucessfully passed !
	Initialyzed swapped data for i = 103, j = 130 sucessfully passed !
	Initialyzed swapped data for i = 103, j = 131 sucessfully passed !
	Initialyzed swapped data for i = 103, j = 132 sucessfully passed !
	Initialyzed swapped data for i = 103, j = 133 sucessfully passed !
	Initialyzed swapped data for i = 103, j = 134 sucessfully passed !
	Initialyzed swapped data for i = 103, j = 135 sucessfully passed !
	Initialyzed swapped data for i = 103, j = 136 sucessfully passed !
	Initialyzed swapped data for i = 103, j = 137 sucessfully passed !
	Initialyzed swapped data for i = 103, j = 138 sucessfully passed !
	Initialyzed swapped data for i = 103, j = 139 sucessfully passed !
	Initialyzed swapped data for i = 103, j = 140 sucessfully passed !
	Initialyzed swapped data for i = 103, j = 141 sucessfully passed !
	Initialyzed swapped data for i = 103, j = 142 sucessfully passed !
	Initialyzed swapped data for i = 103, j = 143 sucessfully passed !
	Initialyzed swapped data for i = 103, j = 144 sucessfully passed !
	Initialyzed swapped data for i = 103, j = 145 sucessfully passed !
	Initialyzed swapped data for i = 103, j = 146 sucessfully passed !
	Initialyzed swapped data for i = 103, j = 147 sucessfully passed !
	Initialyzed swapped data for i = 103, j = 148 sucessfully passed !
	Initialyzed swapped data for i = 103, j = 149 sucessfully passed !
	Initialyzed swapped data for i = 103, j = 150 sucessfully passed !
	Initialyzed swapped data for i = 103, j = 151 sucessfully passed !
	Initialyzed swapped data for i = 103, j = 152 sucessfully passed !
	Initialyzed swapped data for i = 103, j = 153 sucessfully passed !
	Initialyzed swapped data for i = 103, j = 154 sucessfully passed !
	Initialyzed swapped data for i = 103, j = 155 sucessfully passed !
	Initialyzed swapped data for i = 103, j = 156 sucessfully passed !
	Initialyzed swapped data for i = 103, j = 157 sucessfully passed !
	Initialyzed swapped data for i = 103, j = 158 sucessfully passed !
	Initialyzed swapped data for i = 103, j = 159 sucessfully passed !
	Initialyzed swapped data for i = 103, j = 160 sucessfully passed !
	Initialyzed swapped data for i = 103, j = 161 sucessfully passed !
	Initialyzed swapped data for i = 103, j = 162 sucessfully passed !
	Initialyzed swapped data for i = 103, j = 163 sucessfully passed !
	Initialyzed swapped data for i = 103, j = 164 sucessfully passed !
	Initialyzed swapped data for i = 103, j = 165 sucessfully passed !
	Initialyzed swapped data for i = 103, j = 166 sucessfully passed !
	Initialyzed swapped data for i = 103, j = 167 sucessfully passed !
	Initialyzed swapped data for i = 103, j = 168 sucessfully passed !
	Initialyzed swapped data for i = 103, j = 169 sucessfully passed !
	Initialyzed swapped data for i = 103, j = 170 sucessfully passed !
	Initialyzed swapped data for i = 103, j = 171 sucessfully passed !
	Initialyzed swapped data for i = 103, j = 172 sucessfully passed !
	Initialyzed swapped data for i = 103, j = 173 sucessfully passed !
	Initialyzed swapped data for i = 103, j = 174 sucessfully passed !
	Initialyzed swapped data for i = 103, j = 175 sucessfully passed !
	Initialyzed swapped data for i = 103, j = 176 sucessfully passed !
	Initialyzed swapped data for i = 103, j = 177 sucessfully passed !
	Initialyzed swapped data for i = 103, j = 178 sucessfully passed !
	Initialyzed swapped data for i = 103, j = 179 sucessfully passed !
	Initialyzed swapped data for i = 103, j = 180 sucessfully passed !
	Initialyzed swapped data for i = 103, j = 181 sucessfully passed !
	Initialyzed swapped data for i = 103, j = 182 sucessfully passed !
	Initialyzed swapped data for i = 103, j = 183 sucessfully passed !
	Initialyzed swapped data for i = 103, j = 184 sucessfully passed !
	Initialyzed swapped data for i = 103, j = 185 sucessfully passed !
	Initialyzed swapped data for i = 103, j = 186 sucessfully passed !
	Initialyzed swapped data for i = 103, j = 187 sucessfully passed !
	Initialyzed swapped data for i = 103, j = 188 sucessfully passed !
	Initialyzed swapped data for i = 103, j = 189 sucessfully passed !
	Initialyzed swapped data for i = 103, j = 190 sucessfully passed !
	Initialyzed swapped data for i = 103, j = 191 sucessfully passed !
	Initialyzed swapped data for i = 103, j = 192 sucessfully passed !
	Initialyzed swapped data for i = 103, j = 193 sucessfully passed !
	Initialyzed swapped data for i = 103, j = 194 sucessfully passed !
	Initialyzed swapped data for i = 103, j = 195 sucessfully passed !
	Initialyzed swapped data for i = 103, j = 196 sucessfully passed !
	Initialyzed swapped data for i = 103, j = 197 sucessfully passed !
	Initialyzed swapped data for i = 103, j = 198 sucessfully passed !
	Initialyzed swapped data for i = 103, j = 199 sucessfully passed !
	Initialyzed swapped data for i = 103, j = 200 sucessfully passed !
	Initialyzed swapped data for i = 103, j = 201 sucessfully passed !
	Initialyzed swapped data for i = 103, j = 202 sucessfully passed !
	Initialyzed swapped data for i = 103, j = 203 sucessfully passed !
	Initialyzed swapped data for i = 103, j = 204 sucessfully passed !
	Initialyzed swapped data for i = 103, j = 205 sucessfully passed !
	Initialyzed swapped data for i = 103, j = 206 sucessfully passed !
	Initialyzed swapped data for i = 103, j = 207 sucessfully passed !
	Initialyzed swapped data for i = 103, j = 208 sucessfully passed !
	Initialyzed swapped data for i = 103, j = 209 sucessfully passed !
	Initialyzed swapped data for i = 103, j = 210 sucessfully passed !
	Initialyzed swapped data for i = 103, j = 211 sucessfully passed !
	Initialyzed swapped data for i = 103, j = 212 sucessfully passed !
	Initialyzed swapped data for i = 103, j = 213 sucessfully passed !
	Initialyzed swapped data for i = 103, j = 214 sucessfully passed !
	Initialyzed swapped data for i = 103, j = 215 sucessfully passed !
	Initialyzed swapped data for i = 103, j = 216 sucessfully passed !
	Initialyzed swapped data for i = 103, j = 217 sucessfully passed !
	Initialyzed swapped data for i = 103, j = 218 sucessfully passed !
	Initialyzed swapped data for i = 103, j = 219 sucessfully passed !
	Initialyzed swapped data for i = 103, j = 220 sucessfully passed !
	Initialyzed swapped data for i = 103, j = 221 sucessfully passed !
	Initialyzed swapped data for i = 103, j = 222 sucessfully passed !
	Initialyzed swapped data for i = 103, j = 223 sucessfully passed !
	Initialyzed swapped data for i = 103, j = 224 sucessfully passed !
	Initialyzed swapped data for i = 103, j = 225 sucessfully passed !
	Initialyzed swapped data for i = 103, j = 226 sucessfully passed !
	Initialyzed swapped data for i = 103, j = 227 sucessfully passed !
	Initialyzed swapped data for i = 103, j = 228 sucessfully passed !
	Initialyzed swapped data for i = 103, j = 229 sucessfully passed !
	Initialyzed swapped data for i = 103, j = 230 sucessfully passed !
	Initialyzed swapped data for i = 103, j = 231 sucessfully passed !
	Initialyzed swapped data for i = 103, j = 232 sucessfully passed !
	Initialyzed swapped data for i = 103, j = 233 sucessfully passed !
	Initialyzed swapped data for i = 103, j = 234 sucessfully passed !
	Initialyzed swapped data for i = 103, j = 235 sucessfully passed !
	Initialyzed swapped data for i = 103, j = 236 sucessfully passed !
	Initialyzed swapped data for i = 103, j = 237 sucessfully passed !
	Initialyzed swapped data for i = 103, j = 238 sucessfully passed !
	Initialyzed swapped data for i = 103, j = 239 sucessfully passed !
	Initialyzed swapped data for i = 103, j = 240 sucessfully passed !
	Initialyzed swapped data for i = 103, j = 241 sucessfully passed !
	Initialyzed swapped data for i = 103, j = 242 sucessfully passed !
	Initialyzed swapped data for i = 103, j = 243 sucessfully passed !
	Initialyzed swapped data for i = 103, j = 244 sucessfully passed !
	Initialyzed swapped data for i = 103, j = 245 sucessfully passed !
	Initialyzed swapped data for i = 103, j = 246 sucessfully passed !
	Initialyzed swapped data for i = 103, j = 247 sucessfully passed !
	Initialyzed swapped data for i = 103, j = 248 sucessfully passed !
	Initialyzed swapped data for i = 103, j = 249 sucessfully passed !
	Initialyzed swapped data for i = 103, j = 250 sucessfully passed !
	Initialyzed swapped data for i = 103, j = 251 sucessfully passed !
	Initialyzed swapped data for i = 103, j = 252 sucessfully passed !
	Initialyzed swapped data for i = 103, j = 253 sucessfully passed !
	Initialyzed swapped data for i = 103, j = 254 sucessfully passed !
	Initialyzed swapped data for i = 103, j = 255 sucessfully passed !
	Initialyzed swapped data for i = 103, j = 256 sucessfully passed !
	Initialyzed swapped data for i = 103, j = 257 sucessfully passed !
	Initialyzed swapped data for i = 103, j = 258 sucessfully passed !
	Initialyzed swapped data for i = 103, j = 259 sucessfully passed !
	Initialyzed swapped data for i = 103, j = 260 sucessfully passed !
	Initialyzed swapped data for i = 103, j = 261 sucessfully passed !
	Initialyzed swapped data for i = 103, j = 262 sucessfully passed !
	Initialyzed swapped data for i = 103, j = 263 sucessfully passed !
	Initialyzed swapped data for i = 103, j = 264 sucessfully passed !
	Initialyzed swapped data for i = 103, j = 265 sucessfully passed !
	Initialyzed swapped data for i = 103, j = 266 sucessfully passed !
	Initialyzed swapped data for i = 103, j = 267 sucessfully passed !
	Initialyzed swapped data for i = 103, j = 268 sucessfully passed !
	Initialyzed swapped data for i = 103, j = 269 sucessfully passed !
	Initialyzed swapped data for i = 103, j = 270 sucessfully passed !
	Initialyzed swapped data for i = 103, j = 271 sucessfully passed !
	Initialyzed swapped data for i = 103, j = 272 sucessfully passed !
	Initialyzed swapped data for i = 103, j = 273 sucessfully passed !
	Initialyzed swapped data for i = 103, j = 274 sucessfully passed !
	Initialyzed swapped data for i = 103, j = 275 sucessfully passed !
	Initialyzed swapped data for i = 103, j = 276 sucessfully passed !
	Initialyzed swapped data for i = 103, j = 277 sucessfully passed !
	Initialyzed swapped data for i = 103, j = 278 sucessfully passed !
	Initialyzed swapped data for i = 103, j = 279 sucessfully passed !
	Initialyzed swapped data for i = 103, j = 280 sucessfully passed !
	Initialyzed swapped data for i = 103, j = 281 sucessfully passed !
	Initialyzed swapped data for i = 103, j = 282 sucessfully passed !
	Initialyzed swapped data for i = 103, j = 283 sucessfully passed !
	Initialyzed swapped data for i = 103, j = 284 sucessfully passed !
	Initialyzed swapped data for i = 103, j = 285 sucessfully passed !
	Initialyzed swapped data for i = 103, j = 286 sucessfully passed !
	Initialyzed swapped data for i = 103, j = 287 sucessfully passed !
	Initialyzed swapped data for i = 103, j = 288 sucessfully passed !
	Initialyzed swapped data for i = 103, j = 289 sucessfully passed !
	Initialyzed swapped data for i = 103, j = 290 sucessfully passed !
	Initialyzed swapped data for i = 103, j = 291 sucessfully passed !
	Initialyzed swapped data for i = 103, j = 292 sucessfully passed !
	Initialyzed swapped data for i = 103, j = 293 sucessfully passed !
	Initialyzed swapped data for i = 103, j = 294 sucessfully passed !
	Initialyzed swapped data for i = 103, j = 295 sucessfully passed !
	Initialyzed swapped data for i = 103, j = 296 sucessfully passed !
	Initialyzed swapped data for i = 103, j = 297 sucessfully passed !
	Initialyzed swapped data for i = 103, j = 298 sucessfully passed !
	Initialyzed swapped data for i = 103, j = 299 sucessfully passed !
	Initialyzed swapped data for i = 103, j = 300 sucessfully passed !
	Initialyzed swapped data for i = 103, j = 301 sucessfully passed !
	Initialyzed swapped data for i = 103, j = 302 sucessfully passed !
	Initialyzed swapped data for i = 103, j = 303 sucessfully passed !
	Initialyzed swapped data for i = 103, j = 304 sucessfully passed !
	Initialyzed swapped data for i = 103, j = 305 sucessfully passed !
	Initialyzed swapped data for i = 103, j = 306 sucessfully passed !
	Initialyzed swapped data for i = 103, j = 307 sucessfully passed !
	Initialyzed swapped data for i = 103, j = 308 sucessfully passed !
	Initialyzed swapped data for i = 103, j = 309 sucessfully passed !
	Initialyzed swapped data for i = 103, j = 310 sucessfully passed !
	Initialyzed swapped data for i = 103, j = 311 sucessfully passed !
	Initialyzed swapped data for i = 103, j = 312 sucessfully passed !
	Initialyzed swapped data for i = 103, j = 313 sucessfully passed !
	Initialyzed swapped data for i = 103, j = 314 sucessfully passed !
	Initialyzed swapped data for i = 103, j = 315 sucessfully passed !
	Initialyzed swapped data for i = 103, j = 316 sucessfully passed !
	Initialyzed swapped data for i = 103, j = 317 sucessfully passed !
	Initialyzed swapped data for i = 103, j = 318 sucessfully passed !
	Initialyzed swapped data for i = 103, j = 319 sucessfully passed !
	Initialyzed swapped data for i = 103, j = 320 sucessfully passed !
	Initialyzed swapped data for i = 103, j = 321 sucessfully passed !
	Initialyzed swapped data for i = 103, j = 322 sucessfully passed !
	Initialyzed swapped data for i = 103, j = 323 sucessfully passed !
	Initialyzed swapped data for i = 103, j = 324 sucessfully passed !
	Initialyzed swapped data for i = 103, j = 325 sucessfully passed !
	Initialyzed swapped data for i = 103, j = 326 sucessfully passed !
	Initialyzed swapped data for i = 103, j = 327 sucessfully passed !
	Initialyzed swapped data for i = 103, j = 328 sucessfully passed !
	Initialyzed swapped data for i = 103, j = 329 sucessfully passed !
	Initialyzed swapped data for i = 103, j = 330 sucessfully passed !
	Initialyzed swapped data for i = 103, j = 331 sucessfully passed !
	Initialyzed swapped data for i = 103, j = 332 sucessfully passed !
	Initialyzed swapped data for i = 103, j = 333 sucessfully passed !
	Initialyzed swapped data for i = 103, j = 334 sucessfully passed !
	Initialyzed swapped data for i = 103, j = 335 sucessfully passed !
	Initialyzed swapped data for i = 103, j = 336 sucessfully passed !
	Initialyzed swapped data for i = 103, j = 337 sucessfully passed !
	Initialyzed swapped data for i = 103, j = 338 sucessfully passed !
	Initialyzed swapped data for i = 103, j = 339 sucessfully passed !
	Initialyzed swapped data for i = 103, j = 340 sucessfully passed !
	Initialyzed swapped data for i = 103, j = 341 sucessfully passed !
	Initialyzed swapped data for i = 103, j = 342 sucessfully passed !
	Initialyzed swapped data for i = 103, j = 343 sucessfully passed !
	Initialyzed swapped data for i = 103, j = 344 sucessfully passed !
	Initialyzed swapped data for i = 103, j = 345 sucessfully passed !
	Initialyzed swapped data for i = 103, j = 346 sucessfully passed !
	Initialyzed swapped data for i = 103, j = 347 sucessfully passed !
	Initialyzed swapped data for i = 103, j = 348 sucessfully passed !
	Initialyzed swapped data for i = 103, j = 349 sucessfully passed !
	Initialyzed swapped data for i = 103, j = 350 sucessfully passed !
	Initialyzed swapped data for i = 103, j = 351 sucessfully passed !
	Initialyzed swapped data for i = 103, j = 352 sucessfully passed !
	Initialyzed swapped data for i = 103, j = 353 sucessfully passed !
	Initialyzed swapped data for i = 103, j = 354 sucessfully passed !
	Initialyzed swapped data for i = 103, j = 355 sucessfully passed !
	Initialyzed swapped data for i = 103, j = 356 sucessfully passed !
	Initialyzed swapped data for i = 103, j = 357 sucessfully passed !
	Initialyzed swapped data for i = 103, j = 358 sucessfully passed !
	Initialyzed swapped data for i = 103, j = 359 sucessfully passed !
	Initialyzed swapped data for i = 103, j = 360 sucessfully passed !
	Initialyzed swapped data for i = 103, j = 361 sucessfully passed !
	Initialyzed swapped data for i = 103, j = 362 sucessfully passed !
	Initialyzed swapped data for i = 103, j = 363 sucessfully passed !
	Initialyzed swapped data for i = 103, j = 364 sucessfully passed !
	Initialyzed swapped data for i = 103, j = 365 sucessfully passed !
	Initialyzed swapped data for i = 103, j = 366 sucessfully passed !
	Initialyzed swapped data for i = 103, j = 367 sucessfully passed !
	Initialyzed swapped data for i = 103, j = 368 sucessfully passed !
	Initialyzed swapped data for i = 103, j = 369 sucessfully passed !
	Initialyzed swapped data for i = 103, j = 370 sucessfully passed !
	Initialyzed swapped data for i = 103, j = 371 sucessfully passed !
	Initialyzed swapped data for i = 103, j = 372 sucessfully passed !
	Initialyzed swapped data for i = 103, j = 373 sucessfully passed !
	Initialyzed swapped data for i = 103, j = 374 sucessfully passed !
	Initialyzed swapped data for i = 103, j = 375 sucessfully passed !
	Initialyzed swapped data for i = 103, j = 376 sucessfully passed !
	Initialyzed swapped data for i = 103, j = 377 sucessfully passed !
	Initialyzed swapped data for i = 103, j = 378 sucessfully passed !
	Initialyzed swapped data for i = 103, j = 379 sucessfully passed !
	Initialyzed swapped data for i = 103, j = 380 sucessfully passed !
	Initialyzed swapped data for i = 103, j = 381 sucessfully passed !
	Initialyzed swapped data for i = 103, j = 382 sucessfully passed !
	Initialyzed swapped data for i = 103, j = 383 sucessfully passed !
	Initialyzed swapped data for i = 103, j = 384 sucessfully passed !
	Initialyzed swapped data for i = 103, j = 385 sucessfully passed !
	Initialyzed swapped data for i = 103, j = 386 sucessfully passed !
	Initialyzed swapped data for i = 103, j = 387 sucessfully passed !
	Initialyzed swapped data for i = 103, j = 388 sucessfully passed !
	Initialyzed swapped data for i = 103, j = 389 sucessfully passed !
	Initialyzed swapped data for i = 103, j = 390 sucessfully passed !
	Initialyzed swapped data for i = 103, j = 391 sucessfully passed !
	Initialyzed swapped data for i = 103, j = 392 sucessfully passed !
	Initialyzed swapped data for i = 103, j = 393 sucessfully passed !
	Initialyzed swapped data for i = 103, j = 394 sucessfully passed !
	Initialyzed swapped data for i = 103, j = 395 sucessfully passed !
	Initialyzed swapped data for i = 103, j = 396 sucessfully passed !
	Initialyzed swapped data for i = 103, j = 397 sucessfully passed !
	Initialyzed swapped data for i = 103, j = 398 sucessfully passed !
	Initialyzed swapped data for i = 103, j = 399 sucessfully passed !
	Initialyzed swapped data for i = 103, j = 400 sucessfully passed !
	Initialyzed swapped data for i = 103, j = 401 sucessfully passed !
	Initialyzed swapped data for i = 103, j = 402 sucessfully passed !
	Initialyzed swapped data for i = 103, j = 403 sucessfully passed !
	Initialyzed swapped data for i = 103, j = 404 sucessfully passed !
	Initialyzed swapped data for i = 103, j = 405 sucessfully passed !
	Initialyzed swapped data for i = 103, j = 406 sucessfully passed !
	Initialyzed swapped data for i = 103, j = 407 sucessfully passed !
	Initialyzed swapped data for i = 103, j = 408 sucessfully passed !
	Initialyzed swapped data for i = 103, j = 409 sucessfully passed !
	Initialyzed swapped data for i = 103, j = 410 sucessfully passed !
	Initialyzed swapped data for i = 103, j = 411 sucessfully passed !
	Initialyzed swapped data for i = 103, j = 412 sucessfully passed !
	Initialyzed swapped data for i = 103, j = 413 sucessfully passed !
	Initialyzed swapped data for i = 103, j = 414 sucessfully passed !
	Initialyzed swapped data for i = 103, j = 415 sucessfully passed !
	Initialyzed swapped data for i = 103, j = 416 sucessfully passed !
	Initialyzed swapped data for i = 103, j = 417 sucessfully passed !
	Initialyzed swapped data for i = 103, j = 418 sucessfully passed !
	Initialyzed swapped data for i = 103, j = 419 sucessfully passed !
	Initialyzed swapped data for i = 103, j = 420 sucessfully passed !
	Initialyzed swapped data for i = 103, j = 421 sucessfully passed !
	Initialyzed swapped data for i = 103, j = 422 sucessfully passed !
	Initialyzed swapped data for i = 103, j = 423 sucessfully passed !
	Initialyzed swapped data for i = 103, j = 424 sucessfully passed !
	Initialyzed swapped data for i = 103, j = 425 sucessfully passed !
	Initialyzed swapped data for i = 103, j = 426 sucessfully passed !
	Initialyzed swapped data for i = 103, j = 427 sucessfully passed !
	Initialyzed swapped data for i = 103, j = 428 sucessfully passed !
	Initialyzed swapped data for i = 103, j = 429 sucessfully passed !
	Initialyzed swapped data for i = 103, j = 430 sucessfully passed !
	Initialyzed swapped data for i = 103, j = 431 sucessfully passed !
	Initialyzed swapped data for i = 103, j = 432 sucessfully passed !
	Initialyzed swapped data for i = 103, j = 433 sucessfully passed !
	Initialyzed swapped data for i = 104, j = 105 sucessfully passed !
	Initialyzed swapped data for i = 104, j = 106 sucessfully passed !
	Initialyzed swapped data for i = 104, j = 107 sucessfully passed !
	Initialyzed swapped data for i = 104, j = 108 sucessfully passed !
	Initialyzed swapped data for i = 104, j = 109 sucessfully passed !
	Initialyzed swapped data for i = 104, j = 110 sucessfully passed !
	Initialyzed swapped data for i = 104, j = 111 sucessfully passed !
	Initialyzed swapped data for i = 104, j = 112 sucessfully passed !
	Initialyzed swapped data for i = 104, j = 113 sucessfully passed !
	Initialyzed swapped data for i = 104, j = 114 sucessfully passed !
	Initialyzed swapped data for i = 104, j = 115 sucessfully passed !
	Initialyzed swapped data for i = 104, j = 116 sucessfully passed !
	Initialyzed swapped data for i = 104, j = 117 sucessfully passed !
	Initialyzed swapped data for i = 104, j = 118 sucessfully passed !
	Initialyzed swapped data for i = 104, j = 119 sucessfully passed !
	Initialyzed swapped data for i = 104, j = 120 sucessfully passed !
	Initialyzed swapped data for i = 104, j = 121 sucessfully passed !
	Initialyzed swapped data for i = 104, j = 122 sucessfully passed !
	Initialyzed swapped data for i = 104, j = 123 sucessfully passed !
	Initialyzed swapped data for i = 104, j = 124 sucessfully passed !
	Initialyzed swapped data for i = 104, j = 125 sucessfully passed !
	Initialyzed swapped data for i = 104, j = 126 sucessfully passed !
	Initialyzed swapped data for i = 104, j = 127 sucessfully passed !
	Initialyzed swapped data for i = 104, j = 128 sucessfully passed !
	Initialyzed swapped data for i = 104, j = 129 sucessfully passed !
	Initialyzed swapped data for i = 104, j = 130 sucessfully passed !
	Initialyzed swapped data for i = 104, j = 131 sucessfully passed !
	Initialyzed swapped data for i = 104, j = 132 sucessfully passed !
	Initialyzed swapped data for i = 104, j = 133 sucessfully passed !
	Initialyzed swapped data for i = 104, j = 134 sucessfully passed !
	Initialyzed swapped data for i = 104, j = 135 sucessfully passed !
	Initialyzed swapped data for i = 104, j = 136 sucessfully passed !
	Initialyzed swapped data for i = 104, j = 137 sucessfully passed !
	Initialyzed swapped data for i = 104, j = 138 sucessfully passed !
	Initialyzed swapped data for i = 104, j = 139 sucessfully passed !
	Initialyzed swapped data for i = 104, j = 140 sucessfully passed !
	Initialyzed swapped data for i = 104, j = 141 sucessfully passed !
	Initialyzed swapped data for i = 104, j = 142 sucessfully passed !
	Initialyzed swapped data for i = 104, j = 143 sucessfully passed !
	Initialyzed swapped data for i = 104, j = 144 sucessfully passed !
	Initialyzed swapped data for i = 104, j = 145 sucessfully passed !
	Initialyzed swapped data for i = 104, j = 146 sucessfully passed !
	Initialyzed swapped data for i = 104, j = 147 sucessfully passed !
	Initialyzed swapped data for i = 104, j = 148 sucessfully passed !
	Initialyzed swapped data for i = 104, j = 149 sucessfully passed !
	Initialyzed swapped data for i = 104, j = 150 sucessfully passed !
	Initialyzed swapped data for i = 104, j = 151 sucessfully passed !
	Initialyzed swapped data for i = 104, j = 152 sucessfully passed !
	Initialyzed swapped data for i = 104, j = 153 sucessfully passed !
	Initialyzed swapped data for i = 104, j = 154 sucessfully passed !
	Initialyzed swapped data for i = 104, j = 155 sucessfully passed !
	Initialyzed swapped data for i = 104, j = 156 sucessfully passed !
	Initialyzed swapped data for i = 104, j = 157 sucessfully passed !
	Initialyzed swapped data for i = 104, j = 158 sucessfully passed !
	Initialyzed swapped data for i = 104, j = 159 sucessfully passed !
	Initialyzed swapped data for i = 104, j = 160 sucessfully passed !
	Initialyzed swapped data for i = 104, j = 161 sucessfully passed !
	Initialyzed swapped data for i = 104, j = 162 sucessfully passed !
	Initialyzed swapped data for i = 104, j = 163 sucessfully passed !
	Initialyzed swapped data for i = 104, j = 164 sucessfully passed !
	Initialyzed swapped data for i = 104, j = 165 sucessfully passed !
	Initialyzed swapped data for i = 104, j = 166 sucessfully passed !
	Initialyzed swapped data for i = 104, j = 167 sucessfully passed !
	Initialyzed swapped data for i = 104, j = 168 sucessfully passed !
	Initialyzed swapped data for i = 104, j = 169 sucessfully passed !
	Initialyzed swapped data for i = 104, j = 170 sucessfully passed !
	Initialyzed swapped data for i = 104, j = 171 sucessfully passed !
	Initialyzed swapped data for i = 104, j = 172 sucessfully passed !
	Initialyzed swapped data for i = 104, j = 173 sucessfully passed !
	Initialyzed swapped data for i = 104, j = 174 sucessfully passed !
	Initialyzed swapped data for i = 104, j = 175 sucessfully passed !
	Initialyzed swapped data for i = 104, j = 176 sucessfully passed !
	Initialyzed swapped data for i = 104, j = 177 sucessfully passed !
	Initialyzed swapped data for i = 104, j = 178 sucessfully passed !
	Initialyzed swapped data for i = 104, j = 179 sucessfully passed !
	Initialyzed swapped data for i = 104, j = 180 sucessfully passed !
	Initialyzed swapped data for i = 104, j = 181 sucessfully passed !
	Initialyzed swapped data for i = 104, j = 182 sucessfully passed !
	Initialyzed swapped data for i = 104, j = 183 sucessfully passed !
	Initialyzed swapped data for i = 104, j = 184 sucessfully passed !
	Initialyzed swapped data for i = 104, j = 185 sucessfully passed !
	Initialyzed swapped data for i = 104, j = 186 sucessfully passed !
	Initialyzed swapped data for i = 104, j = 187 sucessfully passed !
	Initialyzed swapped data for i = 104, j = 188 sucessfully passed !
	Initialyzed swapped data for i = 104, j = 189 sucessfully passed !
	Initialyzed swapped data for i = 104, j = 190 sucessfully passed !
	Initialyzed swapped data for i = 104, j = 191 sucessfully passed !
	Initialyzed swapped data for i = 104, j = 192 sucessfully passed !
	Initialyzed swapped data for i = 104, j = 193 sucessfully passed !
	Initialyzed swapped data for i = 104, j = 194 sucessfully passed !
	Initialyzed swapped data for i = 104, j = 195 sucessfully passed !
	Initialyzed swapped data for i = 104, j = 196 sucessfully passed !
	Initialyzed swapped data for i = 104, j = 197 sucessfully passed !
	Initialyzed swapped data for i = 104, j = 198 sucessfully passed !
	Initialyzed swapped data for i = 104, j = 199 sucessfully passed !
	Initialyzed swapped data for i = 104, j = 200 sucessfully passed !
	Initialyzed swapped data for i = 104, j = 201 sucessfully passed !
	Initialyzed swapped data for i = 104, j = 202 sucessfully passed !
	Initialyzed swapped data for i = 104, j = 203 sucessfully passed !
	Initialyzed swapped data for i = 104, j = 204 sucessfully passed !
	Initialyzed swapped data for i = 104, j = 205 sucessfully passed !
	Initialyzed swapped data for i = 104, j = 206 sucessfully passed !
	Initialyzed swapped data for i = 104, j = 207 sucessfully passed !
	Initialyzed swapped data for i = 104, j = 208 sucessfully passed !
	Initialyzed swapped data for i = 104, j = 209 sucessfully passed !
	Initialyzed swapped data for i = 104, j = 210 sucessfully passed !
	Initialyzed swapped data for i = 104, j = 211 sucessfully passed !
	Initialyzed swapped data for i = 104, j = 212 sucessfully passed !
	Initialyzed swapped data for i = 104, j = 213 sucessfully passed !
	Initialyzed swapped data for i = 104, j = 214 sucessfully passed !
	Initialyzed swapped data for i = 104, j = 215 sucessfully passed !
	Initialyzed swapped data for i = 104, j = 216 sucessfully passed !
	Initialyzed swapped data for i = 104, j = 217 sucessfully passed !
	Initialyzed swapped data for i = 104, j = 218 sucessfully passed !
	Initialyzed swapped data for i = 104, j = 219 sucessfully passed !
	Initialyzed swapped data for i = 104, j = 220 sucessfully passed !
	Initialyzed swapped data for i = 104, j = 221 sucessfully passed !
	Initialyzed swapped data for i = 104, j = 222 sucessfully passed !
	Initialyzed swapped data for i = 104, j = 223 sucessfully passed !
	Initialyzed swapped data for i = 104, j = 224 sucessfully passed !
	Initialyzed swapped data for i = 104, j = 225 sucessfully passed !
	Initialyzed swapped data for i = 104, j = 226 sucessfully passed !
	Initialyzed swapped data for i = 104, j = 227 sucessfully passed !
	Initialyzed swapped data for i = 104, j = 228 sucessfully passed !
	Initialyzed swapped data for i = 104, j = 229 sucessfully passed !
	Initialyzed swapped data for i = 104, j = 230 sucessfully passed !
	Initialyzed swapped data for i = 104, j = 231 sucessfully passed !
	Initialyzed swapped data for i = 104, j = 232 sucessfully passed !
	Initialyzed swapped data for i = 104, j = 233 sucessfully passed !
	Initialyzed swapped data for i = 104, j = 234 sucessfully passed !
	Initialyzed swapped data for i = 104, j = 235 sucessfully passed !
	Initialyzed swapped data for i = 104, j = 236 sucessfully passed !
	Initialyzed swapped data for i = 104, j = 237 sucessfully passed !
	Initialyzed swapped data for i = 104, j = 238 sucessfully passed !
	Initialyzed swapped data for i = 104, j = 239 sucessfully passed !
	Initialyzed swapped data for i = 104, j = 240 sucessfully passed !
	Initialyzed swapped data for i = 104, j = 241 sucessfully passed !
	Initialyzed swapped data for i = 104, j = 242 sucessfully passed !
	Initialyzed swapped data for i = 104, j = 243 sucessfully passed !
	Initialyzed swapped data for i = 104, j = 244 sucessfully passed !
	Initialyzed swapped data for i = 104, j = 245 sucessfully passed !
	Initialyzed swapped data for i = 104, j = 246 sucessfully passed !
	Initialyzed swapped data for i = 104, j = 247 sucessfully passed !
	Initialyzed swapped data for i = 104, j = 248 sucessfully passed !
	Initialyzed swapped data for i = 104, j = 249 sucessfully passed !
	Initialyzed swapped data for i = 104, j = 250 sucessfully passed !
	Initialyzed swapped data for i = 104, j = 251 sucessfully passed !
	Initialyzed swapped data for i = 104, j = 252 sucessfully passed !
	Initialyzed swapped data for i = 104, j = 253 sucessfully passed !
	Initialyzed swapped data for i = 104, j = 254 sucessfully passed !
	Initialyzed swapped data for i = 104, j = 255 sucessfully passed !
	Initialyzed swapped data for i = 104, j = 256 sucessfully passed !
	Initialyzed swapped data for i = 104, j = 257 sucessfully passed !
	Initialyzed swapped data for i = 104, j = 258 sucessfully passed !
	Initialyzed swapped data for i = 104, j = 259 sucessfully passed !
	Initialyzed swapped data for i = 104, j = 260 sucessfully passed !
	Initialyzed swapped data for i = 104, j = 261 sucessfully passed !
	Initialyzed swapped data for i = 104, j = 262 sucessfully passed !
	Initialyzed swapped data for i = 104, j = 263 sucessfully passed !
	Initialyzed swapped data for i = 104, j = 264 sucessfully passed !
	Initialyzed swapped data for i = 104, j = 265 sucessfully passed !
	Initialyzed swapped data for i = 104, j = 266 sucessfully passed !
	Initialyzed swapped data for i = 104, j = 267 sucessfully passed !
	Initialyzed swapped data for i = 104, j = 268 sucessfully passed !
	Initialyzed swapped data for i = 104, j = 269 sucessfully passed !
	Initialyzed swapped data for i = 104, j = 270 sucessfully passed !
	Initialyzed swapped data for i = 104, j = 271 sucessfully passed !
	Initialyzed swapped data for i = 104, j = 272 sucessfully passed !
	Initialyzed swapped data for i = 104, j = 273 sucessfully passed !
	Initialyzed swapped data for i = 104, j = 274 sucessfully passed !
	Initialyzed swapped data for i = 104, j = 275 sucessfully passed !
	Initialyzed swapped data for i = 104, j = 276 sucessfully passed !
	Initialyzed swapped data for i = 104, j = 277 sucessfully passed !
	Initialyzed swapped data for i = 104, j = 278 sucessfully passed !
	Initialyzed swapped data for i = 104, j = 279 sucessfully passed !
	Initialyzed swapped data for i = 104, j = 280 sucessfully passed !
	Initialyzed swapped data for i = 104, j = 281 sucessfully passed !
	Initialyzed swapped data for i = 104, j = 282 sucessfully passed !
	Initialyzed swapped data for i = 104, j = 283 sucessfully passed !
	Initialyzed swapped data for i = 104, j = 284 sucessfully passed !
	Initialyzed swapped data for i = 104, j = 285 sucessfully passed !
	Initialyzed swapped data for i = 104, j = 286 sucessfully passed !
	Initialyzed swapped data for i = 104, j = 287 sucessfully passed !
	Initialyzed swapped data for i = 104, j = 288 sucessfully passed !
	Initialyzed swapped data for i = 104, j = 289 sucessfully passed !
	Initialyzed swapped data for i = 104, j = 290 sucessfully passed !
	Initialyzed swapped data for i = 104, j = 291 sucessfully passed !
	Initialyzed swapped data for i = 104, j = 292 sucessfully passed !
	Initialyzed swapped data for i = 104, j = 293 sucessfully passed !
	Initialyzed swapped data for i = 104, j = 294 sucessfully passed !
	Initialyzed swapped data for i = 104, j = 295 sucessfully passed !
	Initialyzed swapped data for i = 104, j = 296 sucessfully passed !
	Initialyzed swapped data for i = 104, j = 297 sucessfully passed !
	Initialyzed swapped data for i = 104, j = 298 sucessfully passed !
	Initialyzed swapped data for i = 104, j = 299 sucessfully passed !
	Initialyzed swapped data for i = 104, j = 300 sucessfully passed !
	Initialyzed swapped data for i = 104, j = 301 sucessfully passed !
	Initialyzed swapped data for i = 104, j = 302 sucessfully passed !
	Initialyzed swapped data for i = 104, j = 303 sucessfully passed !
	Initialyzed swapped data for i = 104, j = 304 sucessfully passed !
	Initialyzed swapped data for i = 104, j = 305 sucessfully passed !
	Initialyzed swapped data for i = 104, j = 306 sucessfully passed !
	Initialyzed swapped data for i = 104, j = 307 sucessfully passed !
	Initialyzed swapped data for i = 104, j = 308 sucessfully passed !
	Initialyzed swapped data for i = 104, j = 309 sucessfully passed !
	Initialyzed swapped data for i = 104, j = 310 sucessfully passed !
	Initialyzed swapped data for i = 104, j = 311 sucessfully passed !
	Initialyzed swapped data for i = 104, j = 312 sucessfully passed !
	Initialyzed swapped data for i = 104, j = 313 sucessfully passed !
	Initialyzed swapped data for i = 104, j = 314 sucessfully passed !
	Initialyzed swapped data for i = 104, j = 315 sucessfully passed !
	Initialyzed swapped data for i = 104, j = 316 sucessfully passed !
	Initialyzed swapped data for i = 104, j = 317 sucessfully passed !
	Initialyzed swapped data for i = 104, j = 318 sucessfully passed !
	Initialyzed swapped data for i = 104, j = 319 sucessfully passed !
	Initialyzed swapped data for i = 104, j = 320 sucessfully passed !
	Initialyzed swapped data for i = 104, j = 321 sucessfully passed !
	Initialyzed swapped data for i = 104, j = 322 sucessfully passed !
	Initialyzed swapped data for i = 104, j = 323 sucessfully passed !
	Initialyzed swapped data for i = 104, j = 324 sucessfully passed !
	Initialyzed swapped data for i = 104, j = 325 sucessfully passed !
	Initialyzed swapped data for i = 104, j = 326 sucessfully passed !
	Initialyzed swapped data for i = 104, j = 327 sucessfully passed !
	Initialyzed swapped data for i = 104, j = 328 sucessfully passed !
	Initialyzed swapped data for i = 104, j = 329 sucessfully passed !
	Initialyzed swapped data for i = 104, j = 330 sucessfully passed !
	Initialyzed swapped data for i = 104, j = 331 sucessfully passed !
	Initialyzed swapped data for i = 104, j = 332 sucessfully passed !
	Initialyzed swapped data for i = 104, j = 333 sucessfully passed !
	Initialyzed swapped data for i = 104, j = 334 sucessfully passed !
	Initialyzed swapped data for i = 104, j = 335 sucessfully passed !
	Initialyzed swapped data for i = 104, j = 336 sucessfully passed !
	Initialyzed swapped data for i = 104, j = 337 sucessfully passed !
	Initialyzed swapped data for i = 104, j = 338 sucessfully passed !
	Initialyzed swapped data for i = 104, j = 339 sucessfully passed !
	Initialyzed swapped data for i = 104, j = 340 sucessfully passed !
	Initialyzed swapped data for i = 104, j = 341 sucessfully passed !
	Initialyzed swapped data for i = 104, j = 342 sucessfully passed !
	Initialyzed swapped data for i = 104, j = 343 sucessfully passed !
	Initialyzed swapped data for i = 104, j = 344 sucessfully passed !
	Initialyzed swapped data for i = 104, j = 345 sucessfully passed !
	Initialyzed swapped data for i = 104, j = 346 sucessfully passed !
	Initialyzed swapped data for i = 104, j = 347 sucessfully passed !
	Initialyzed swapped data for i = 104, j = 348 sucessfully passed !
	Initialyzed swapped data for i = 104, j = 349 sucessfully passed !
	Initialyzed swapped data for i = 104, j = 350 sucessfully passed !
	Initialyzed swapped data for i = 104, j = 351 sucessfully passed !
	Initialyzed swapped data for i = 104, j = 352 sucessfully passed !
	Initialyzed swapped data for i = 104, j = 353 sucessfully passed !
	Initialyzed swapped data for i = 104, j = 354 sucessfully passed !
	Initialyzed swapped data for i = 104, j = 355 sucessfully passed !
	Initialyzed swapped data for i = 104, j = 356 sucessfully passed !
	Initialyzed swapped data for i = 104, j = 357 sucessfully passed !
	Initialyzed swapped data for i = 104, j = 358 sucessfully passed !
	Initialyzed swapped data for i = 104, j = 359 sucessfully passed !
	Initialyzed swapped data for i = 104, j = 360 sucessfully passed !
	Initialyzed swapped data for i = 104, j = 361 sucessfully passed !
	Initialyzed swapped data for i = 104, j = 362 sucessfully passed !
	Initialyzed swapped data for i = 104, j = 363 sucessfully passed !
	Initialyzed swapped data for i = 104, j = 364 sucessfully passed !
	Initialyzed swapped data for i = 104, j = 365 sucessfully passed !
	Initialyzed swapped data for i = 104, j = 366 sucessfully passed !
	Initialyzed swapped data for i = 104, j = 367 sucessfully passed !
	Initialyzed swapped data for i = 104, j = 368 sucessfully passed !
	Initialyzed swapped data for i = 104, j = 369 sucessfully passed !
	Initialyzed swapped data for i = 104, j = 370 sucessfully passed !
	Initialyzed swapped data for i = 104, j = 371 sucessfully passed !
	Initialyzed swapped data for i = 104, j = 372 sucessfully passed !
	Initialyzed swapped data for i = 104, j = 373 sucessfully passed !
	Initialyzed swapped data for i = 104, j = 374 sucessfully passed !
	Initialyzed swapped data for i = 104, j = 375 sucessfully passed !
	Initialyzed swapped data for i = 104, j = 376 sucessfully passed !
	Initialyzed swapped data for i = 104, j = 377 sucessfully passed !
	Initialyzed swapped data for i = 104, j = 378 sucessfully passed !
	Initialyzed swapped data for i = 104, j = 379 sucessfully passed !
	Initialyzed swapped data for i = 104, j = 380 sucessfully passed !
	Initialyzed swapped data for i = 104, j = 381 sucessfully passed !
	Initialyzed swapped data for i = 104, j = 382 sucessfully passed !
	Initialyzed swapped data for i = 104, j = 383 sucessfully passed !
	Initialyzed swapped data for i = 104, j = 384 sucessfully passed !
	Initialyzed swapped data for i = 104, j = 385 sucessfully passed !
	Initialyzed swapped data for i = 104, j = 386 sucessfully passed !
	Initialyzed swapped data for i = 104, j = 387 sucessfully passed !
	Initialyzed swapped data for i = 104, j = 388 sucessfully passed !
	Initialyzed swapped data for i = 104, j = 389 sucessfully passed !
	Initialyzed swapped data for i = 104, j = 390 sucessfully passed !
	Initialyzed swapped data for i = 104, j = 391 sucessfully passed !
	Initialyzed swapped data for i = 104, j = 392 sucessfully passed !
	Initialyzed swapped data for i = 104, j = 393 sucessfully passed !
	Initialyzed swapped data for i = 104, j = 394 sucessfully passed !
	Initialyzed swapped data for i = 104, j = 395 sucessfully passed !
	Initialyzed swapped data for i = 104, j = 396 sucessfully passed !
	Initialyzed swapped data for i = 104, j = 397 sucessfully passed !
	Initialyzed swapped data for i = 104, j = 398 sucessfully passed !
	Initialyzed swapped data for i = 104, j = 399 sucessfully passed !
	Initialyzed swapped data for i = 104, j = 400 sucessfully passed !
	Initialyzed swapped data for i = 104, j = 401 sucessfully passed !
	Initialyzed swapped data for i = 104, j = 402 sucessfully passed !
	Initialyzed swapped data for i = 104, j = 403 sucessfully passed !
	Initialyzed swapped data for i = 104, j = 404 sucessfully passed !
	Initialyzed swapped data for i = 104, j = 405 sucessfully passed !
	Initialyzed swapped data for i = 104, j = 406 sucessfully passed !
	Initialyzed swapped data for i = 104, j = 407 sucessfully passed !
	Initialyzed swapped data for i = 104, j = 408 sucessfully passed !
	Initialyzed swapped data for i = 104, j = 409 sucessfully passed !
	Initialyzed swapped data for i = 104, j = 410 sucessfully passed !
	Initialyzed swapped data for i = 104, j = 411 sucessfully passed !
	Initialyzed swapped data for i = 104, j = 412 sucessfully passed !
	Initialyzed swapped data for i = 104, j = 413 sucessfully passed !
	Initialyzed swapped data for i = 104, j = 414 sucessfully passed !
	Initialyzed swapped data for i = 104, j = 415 sucessfully passed !
	Initialyzed swapped data for i = 104, j = 416 sucessfully passed !
	Initialyzed swapped data for i = 104, j = 417 sucessfully passed !
	Initialyzed swapped data for i = 104, j = 418 sucessfully passed !
	Initialyzed swapped data for i = 104, j = 419 sucessfully passed !
	Initialyzed swapped data for i = 104, j = 420 sucessfully passed !
	Initialyzed swapped data for i = 104, j = 421 sucessfully passed !
	Initialyzed swapped data for i = 104, j = 422 sucessfully passed !
	Initialyzed swapped data for i = 104, j = 423 sucessfully passed !
	Initialyzed swapped data for i = 104, j = 424 sucessfully passed !
	Initialyzed swapped data for i = 104, j = 425 sucessfully passed !
	Initialyzed swapped data for i = 104, j = 426 sucessfully passed !
	Initialyzed swapped data for i = 104, j = 427 sucessfully passed !
	Initialyzed swapped data for i = 104, j = 428 sucessfully passed !
	Initialyzed swapped data for i = 104, j = 429 sucessfully passed !
	Initialyzed swapped data for i = 104, j = 430 sucessfully passed !
	Initialyzed swapped data for i = 104, j = 431 sucessfully passed !
	Initialyzed swapped data for i = 104, j = 432 sucessfully passed !
	Initialyzed swapped data for i = 104, j = 433 sucessfully passed !
	Initialyzed swapped data for i = 105, j = 106 sucessfully passed !
	Initialyzed swapped data for i = 105, j = 107 sucessfully passed !
	Initialyzed swapped data for i = 105, j = 108 sucessfully passed !
	Initialyzed swapped data for i = 105, j = 109 sucessfully passed !
	Initialyzed swapped data for i = 105, j = 110 sucessfully passed !
	Initialyzed swapped data for i = 105, j = 111 sucessfully passed !
	Initialyzed swapped data for i = 105, j = 112 sucessfully passed !
	Initialyzed swapped data for i = 105, j = 113 sucessfully passed !
	Initialyzed swapped data for i = 105, j = 114 sucessfully passed !
	Initialyzed swapped data for i = 105, j = 115 sucessfully passed !
	Initialyzed swapped data for i = 105, j = 116 sucessfully passed !
	Initialyzed swapped data for i = 105, j = 117 sucessfully passed !
	Initialyzed swapped data for i = 105, j = 118 sucessfully passed !
	Initialyzed swapped data for i = 105, j = 119 sucessfully passed !
	Initialyzed swapped data for i = 105, j = 120 sucessfully passed !
	Initialyzed swapped data for i = 105, j = 121 sucessfully passed !
	Initialyzed swapped data for i = 105, j = 122 sucessfully passed !
	Initialyzed swapped data for i = 105, j = 123 sucessfully passed !
	Initialyzed swapped data for i = 105, j = 124 sucessfully passed !
	Initialyzed swapped data for i = 105, j = 125 sucessfully passed !
	Initialyzed swapped data for i = 105, j = 126 sucessfully passed !
	Initialyzed swapped data for i = 105, j = 127 sucessfully passed !
	Initialyzed swapped data for i = 105, j = 128 sucessfully passed !
	Initialyzed swapped data for i = 105, j = 129 sucessfully passed !
	Initialyzed swapped data for i = 105, j = 130 sucessfully passed !
	Initialyzed swapped data for i = 105, j = 131 sucessfully passed !
	Initialyzed swapped data for i = 105, j = 132 sucessfully passed !
	Initialyzed swapped data for i = 105, j = 133 sucessfully passed !
	Initialyzed swapped data for i = 105, j = 134 sucessfully passed !
	Initialyzed swapped data for i = 105, j = 135 sucessfully passed !
	Initialyzed swapped data for i = 105, j = 136 sucessfully passed !
	Initialyzed swapped data for i = 105, j = 137 sucessfully passed !
	Initialyzed swapped data for i = 105, j = 138 sucessfully passed !
	Initialyzed swapped data for i = 105, j = 139 sucessfully passed !
	Initialyzed swapped data for i = 105, j = 140 sucessfully passed !
	Initialyzed swapped data for i = 105, j = 141 sucessfully passed !
	Initialyzed swapped data for i = 105, j = 142 sucessfully passed !
	Initialyzed swapped data for i = 105, j = 143 sucessfully passed !
	Initialyzed swapped data for i = 105, j = 144 sucessfully passed !
	Initialyzed swapped data for i = 105, j = 145 sucessfully passed !
	Initialyzed swapped data for i = 105, j = 146 sucessfully passed !
	Initialyzed swapped data for i = 105, j = 147 sucessfully passed !
	Initialyzed swapped data for i = 105, j = 148 sucessfully passed !
	Initialyzed swapped data for i = 105, j = 149 sucessfully passed !
	Initialyzed swapped data for i = 105, j = 150 sucessfully passed !
	Initialyzed swapped data for i = 105, j = 151 sucessfully passed !
	Initialyzed swapped data for i = 105, j = 152 sucessfully passed !
	Initialyzed swapped data for i = 105, j = 153 sucessfully passed !
	Initialyzed swapped data for i = 105, j = 154 sucessfully passed !
	Initialyzed swapped data for i = 105, j = 155 sucessfully passed !
	Initialyzed swapped data for i = 105, j = 156 sucessfully passed !
	Initialyzed swapped data for i = 105, j = 157 sucessfully passed !
	Initialyzed swapped data for i = 105, j = 158 sucessfully passed !
	Initialyzed swapped data for i = 105, j = 159 sucessfully passed !
	Initialyzed swapped data for i = 105, j = 160 sucessfully passed !
	Initialyzed swapped data for i = 105, j = 161 sucessfully passed !
	Initialyzed swapped data for i = 105, j = 162 sucessfully passed !
	Initialyzed swapped data for i = 105, j = 163 sucessfully passed !
	Initialyzed swapped data for i = 105, j = 164 sucessfully passed !
	Initialyzed swapped data for i = 105, j = 165 sucessfully passed !
	Initialyzed swapped data for i = 105, j = 166 sucessfully passed !
	Initialyzed swapped data for i = 105, j = 167 sucessfully passed !
	Initialyzed swapped data for i = 105, j = 168 sucessfully passed !
	Initialyzed swapped data for i = 105, j = 169 sucessfully passed !
	Initialyzed swapped data for i = 105, j = 170 sucessfully passed !
	Initialyzed swapped data for i = 105, j = 171 sucessfully passed !
	Initialyzed swapped data for i = 105, j = 172 sucessfully passed !
	Initialyzed swapped data for i = 105, j = 173 sucessfully passed !
	Initialyzed swapped data for i = 105, j = 174 sucessfully passed !
	Initialyzed swapped data for i = 105, j = 175 sucessfully passed !
	Initialyzed swapped data for i = 105, j = 176 sucessfully passed !
	Initialyzed swapped data for i = 105, j = 177 sucessfully passed !
	Initialyzed swapped data for i = 105, j = 178 sucessfully passed !
	Initialyzed swapped data for i = 105, j = 179 sucessfully passed !
	Initialyzed swapped data for i = 105, j = 180 sucessfully passed !
	Initialyzed swapped data for i = 105, j = 181 sucessfully passed !
	Initialyzed swapped data for i = 105, j = 182 sucessfully passed !
	Initialyzed swapped data for i = 105, j = 183 sucessfully passed !
	Initialyzed swapped data for i = 105, j = 184 sucessfully passed !
	Initialyzed swapped data for i = 105, j = 185 sucessfully passed !
	Initialyzed swapped data for i = 105, j = 186 sucessfully passed !
	Initialyzed swapped data for i = 105, j = 187 sucessfully passed !
	Initialyzed swapped data for i = 105, j = 188 sucessfully passed !
	Initialyzed swapped data for i = 105, j = 189 sucessfully passed !
	Initialyzed swapped data for i = 105, j = 190 sucessfully passed !
	Initialyzed swapped data for i = 105, j = 191 sucessfully passed !
	Initialyzed swapped data for i = 105, j = 192 sucessfully passed !
	Initialyzed swapped data for i = 105, j = 193 sucessfully passed !
	Initialyzed swapped data for i = 105, j = 194 sucessfully passed !
	Initialyzed swapped data for i = 105, j = 195 sucessfully passed !
	Initialyzed swapped data for i = 105, j = 196 sucessfully passed !
	Initialyzed swapped data for i = 105, j = 197 sucessfully passed !
	Initialyzed swapped data for i = 105, j = 198 sucessfully passed !
	Initialyzed swapped data for i = 105, j = 199 sucessfully passed !
	Initialyzed swapped data for i = 105, j = 200 sucessfully passed !
	Initialyzed swapped data for i = 105, j = 201 sucessfully passed !
	Initialyzed swapped data for i = 105, j = 202 sucessfully passed !
	Initialyzed swapped data for i = 105, j = 203 sucessfully passed !
	Initialyzed swapped data for i = 105, j = 204 sucessfully passed !
	Initialyzed swapped data for i = 105, j = 205 sucessfully passed !
	Initialyzed swapped data for i = 105, j = 206 sucessfully passed !
	Initialyzed swapped data for i = 105, j = 207 sucessfully passed !
	Initialyzed swapped data for i = 105, j = 208 sucessfully passed !
	Initialyzed swapped data for i = 105, j = 209 sucessfully passed !
	Initialyzed swapped data for i = 105, j = 210 sucessfully passed !
	Initialyzed swapped data for i = 105, j = 211 sucessfully passed !
	Initialyzed swapped data for i = 105, j = 212 sucessfully passed !
	Initialyzed swapped data for i = 105, j = 213 sucessfully passed !
	Initialyzed swapped data for i = 105, j = 214 sucessfully passed !
	Initialyzed swapped data for i = 105, j = 215 sucessfully passed !
	Initialyzed swapped data for i = 105, j = 216 sucessfully passed !
	Initialyzed swapped data for i = 105, j = 217 sucessfully passed !
	Initialyzed swapped data for i = 105, j = 218 sucessfully passed !
	Initialyzed swapped data for i = 105, j = 219 sucessfully passed !
	Initialyzed swapped data for i = 105, j = 220 sucessfully passed !
	Initialyzed swapped data for i = 105, j = 221 sucessfully passed !
	Initialyzed swapped data for i = 105, j = 222 sucessfully passed !
	Initialyzed swapped data for i = 105, j = 223 sucessfully passed !
	Initialyzed swapped data for i = 105, j = 224 sucessfully passed !
	Initialyzed swapped data for i = 105, j = 225 sucessfully passed !
	Initialyzed swapped data for i = 105, j = 226 sucessfully passed !
	Initialyzed swapped data for i = 105, j = 227 sucessfully passed !
	Initialyzed swapped data for i = 105, j = 228 sucessfully passed !
	Initialyzed swapped data for i = 105, j = 229 sucessfully passed !
	Initialyzed swapped data for i = 105, j = 230 sucessfully passed !
	Initialyzed swapped data for i = 105, j = 231 sucessfully passed !
	Initialyzed swapped data for i = 105, j = 232 sucessfully passed !
	Initialyzed swapped data for i = 105, j = 233 sucessfully passed !
	Initialyzed swapped data for i = 105, j = 234 sucessfully passed !
	Initialyzed swapped data for i = 105, j = 235 sucessfully passed !
	Initialyzed swapped data for i = 105, j = 236 sucessfully passed !
	Initialyzed swapped data for i = 105, j = 237 sucessfully passed !
	Initialyzed swapped data for i = 105, j = 238 sucessfully passed !
	Initialyzed swapped data for i = 105, j = 239 sucessfully passed !
	Initialyzed swapped data for i = 105, j = 240 sucessfully passed !
	Initialyzed swapped data for i = 105, j = 241 sucessfully passed !
	Initialyzed swapped data for i = 105, j = 242 sucessfully passed !
	Initialyzed swapped data for i = 105, j = 243 sucessfully passed !
	Initialyzed swapped data for i = 105, j = 244 sucessfully passed !
	Initialyzed swapped data for i = 105, j = 245 sucessfully passed !
	Initialyzed swapped data for i = 105, j = 246 sucessfully passed !
	Initialyzed swapped data for i = 105, j = 247 sucessfully passed !
	Initialyzed swapped data for i = 105, j = 248 sucessfully passed !
	Initialyzed swapped data for i = 105, j = 249 sucessfully passed !
	Initialyzed swapped data for i = 105, j = 250 sucessfully passed !
	Initialyzed swapped data for i = 105, j = 251 sucessfully passed !
	Initialyzed swapped data for i = 105, j = 252 sucessfully passed !
	Initialyzed swapped data for i = 105, j = 253 sucessfully passed !
	Initialyzed swapped data for i = 105, j = 254 sucessfully passed !
	Initialyzed swapped data for i = 105, j = 255 sucessfully passed !
	Initialyzed swapped data for i = 105, j = 256 sucessfully passed !
	Initialyzed swapped data for i = 105, j = 257 sucessfully passed !
	Initialyzed swapped data for i = 105, j = 258 sucessfully passed !
	Initialyzed swapped data for i = 105, j = 259 sucessfully passed !
	Initialyzed swapped data for i = 105, j = 260 sucessfully passed !
	Initialyzed swapped data for i = 105, j = 261 sucessfully passed !
	Initialyzed swapped data for i = 105, j = 262 sucessfully passed !
	Initialyzed swapped data for i = 105, j = 263 sucessfully passed !
	Initialyzed swapped data for i = 105, j = 264 sucessfully passed !
	Initialyzed swapped data for i = 105, j = 265 sucessfully passed !
	Initialyzed swapped data for i = 105, j = 266 sucessfully passed !
	Initialyzed swapped data for i = 105, j = 267 sucessfully passed !
	Initialyzed swapped data for i = 105, j = 268 sucessfully passed !
	Initialyzed swapped data for i = 105, j = 269 sucessfully passed !
	Initialyzed swapped data for i = 105, j = 270 sucessfully passed !
	Initialyzed swapped data for i = 105, j = 271 sucessfully passed !
	Initialyzed swapped data for i = 105, j = 272 sucessfully passed !
	Initialyzed swapped data for i = 105, j = 273 sucessfully passed !
	Initialyzed swapped data for i = 105, j = 274 sucessfully passed !
	Initialyzed swapped data for i = 105, j = 275 sucessfully passed !
	Initialyzed swapped data for i = 105, j = 276 sucessfully passed !
	Initialyzed swapped data for i = 105, j = 277 sucessfully passed !
	Initialyzed swapped data for i = 105, j = 278 sucessfully passed !
	Initialyzed swapped data for i = 105, j = 279 sucessfully passed !
	Initialyzed swapped data for i = 105, j = 280 sucessfully passed !
	Initialyzed swapped data for i = 105, j = 281 sucessfully passed !
	Initialyzed swapped data for i = 105, j = 282 sucessfully passed !
	Initialyzed swapped data for i = 105, j = 283 sucessfully passed !
	Initialyzed swapped data for i = 105, j = 284 sucessfully passed !
	Initialyzed swapped data for i = 105, j = 285 sucessfully passed !
	Initialyzed swapped data for i = 105, j = 286 sucessfully passed !
	Initialyzed swapped data for i = 105, j = 287 sucessfully passed !
	Initialyzed swapped data for i = 105, j = 288 sucessfully passed !
	Initialyzed swapped data for i = 105, j = 289 sucessfully passed !
	Initialyzed swapped data for i = 105, j = 290 sucessfully passed !
	Initialyzed swapped data for i = 105, j = 291 sucessfully passed !
	Initialyzed swapped data for i = 105, j = 292 sucessfully passed !
	Initialyzed swapped data for i = 105, j = 293 sucessfully passed !
	Initialyzed swapped data for i = 105, j = 294 sucessfully passed !
	Initialyzed swapped data for i = 105, j = 295 sucessfully passed !
	Initialyzed swapped data for i = 105, j = 296 sucessfully passed !
	Initialyzed swapped data for i = 105, j = 297 sucessfully passed !
	Initialyzed swapped data for i = 105, j = 298 sucessfully passed !
	Initialyzed swapped data for i = 105, j = 299 sucessfully passed !
	Initialyzed swapped data for i = 105, j = 300 sucessfully passed !
	Initialyzed swapped data for i = 105, j = 301 sucessfully passed !
	Initialyzed swapped data for i = 105, j = 302 sucessfully passed !
	Initialyzed swapped data for i = 105, j = 303 sucessfully passed !
	Initialyzed swapped data for i = 105, j = 304 sucessfully passed !
	Initialyzed swapped data for i = 105, j = 305 sucessfully passed !
	Initialyzed swapped data for i = 105, j = 306 sucessfully passed !
	Initialyzed swapped data for i = 105, j = 307 sucessfully passed !
	Initialyzed swapped data for i = 105, j = 308 sucessfully passed !
	Initialyzed swapped data for i = 105, j = 309 sucessfully passed !
	Initialyzed swapped data for i = 105, j = 310 sucessfully passed !
	Initialyzed swapped data for i = 105, j = 311 sucessfully passed !
	Initialyzed swapped data for i = 105, j = 312 sucessfully passed !
	Initialyzed swapped data for i = 105, j = 313 sucessfully passed !
	Initialyzed swapped data for i = 105, j = 314 sucessfully passed !
	Initialyzed swapped data for i = 105, j = 315 sucessfully passed !
	Initialyzed swapped data for i = 105, j = 316 sucessfully passed !
	Initialyzed swapped data for i = 105, j = 317 sucessfully passed !
	Initialyzed swapped data for i = 105, j = 318 sucessfully passed !
	Initialyzed swapped data for i = 105, j = 319 sucessfully passed !
	Initialyzed swapped data for i = 105, j = 320 sucessfully passed !
	Initialyzed swapped data for i = 105, j = 321 sucessfully passed !
	Initialyzed swapped data for i = 105, j = 322 sucessfully passed !
	Initialyzed swapped data for i = 105, j = 323 sucessfully passed !
	Initialyzed swapped data for i = 105, j = 324 sucessfully passed !
	Initialyzed swapped data for i = 105, j = 325 sucessfully passed !
	Initialyzed swapped data for i = 105, j = 326 sucessfully passed !
	Initialyzed swapped data for i = 105, j = 327 sucessfully passed !
	Initialyzed swapped data for i = 105, j = 328 sucessfully passed !
	Initialyzed swapped data for i = 105, j = 329 sucessfully passed !
	Initialyzed swapped data for i = 105, j = 330 sucessfully passed !
	Initialyzed swapped data for i = 105, j = 331 sucessfully passed !
	Initialyzed swapped data for i = 105, j = 332 sucessfully passed !
	Initialyzed swapped data for i = 105, j = 333 sucessfully passed !
	Initialyzed swapped data for i = 105, j = 334 sucessfully passed !
	Initialyzed swapped data for i = 105, j = 335 sucessfully passed !
	Initialyzed swapped data for i = 105, j = 336 sucessfully passed !
	Initialyzed swapped data for i = 105, j = 337 sucessfully passed !
	Initialyzed swapped data for i = 105, j = 338 sucessfully passed !
	Initialyzed swapped data for i = 105, j = 339 sucessfully passed !
	Initialyzed swapped data for i = 105, j = 340 sucessfully passed !
	Initialyzed swapped data for i = 105, j = 341 sucessfully passed !
	Initialyzed swapped data for i = 105, j = 342 sucessfully passed !
	Initialyzed swapped data for i = 105, j = 343 sucessfully passed !
	Initialyzed swapped data for i = 105, j = 344 sucessfully passed !
	Initialyzed swapped data for i = 105, j = 345 sucessfully passed !
	Initialyzed swapped data for i = 105, j = 346 sucessfully passed !
	Initialyzed swapped data for i = 105, j = 347 sucessfully passed !
	Initialyzed swapped data for i = 105, j = 348 sucessfully passed !
	Initialyzed swapped data for i = 105, j = 349 sucessfully passed !
	Initialyzed swapped data for i = 105, j = 350 sucessfully passed !
	Initialyzed swapped data for i = 105, j = 351 sucessfully passed !
	Initialyzed swapped data for i = 105, j = 352 sucessfully passed !
	Initialyzed swapped data for i = 105, j = 353 sucessfully passed !
	Initialyzed swapped data for i = 105, j = 354 sucessfully passed !
	Initialyzed swapped data for i = 105, j = 355 sucessfully passed !
	Initialyzed swapped data for i = 105, j = 356 sucessfully passed !
	Initialyzed swapped data for i = 105, j = 357 sucessfully passed !
	Initialyzed swapped data for i = 105, j = 358 sucessfully passed !
	Initialyzed swapped data for i = 105, j = 359 sucessfully passed !
	Initialyzed swapped data for i = 105, j = 360 sucessfully passed !
	Initialyzed swapped data for i = 105, j = 361 sucessfully passed !
	Initialyzed swapped data for i = 105, j = 362 sucessfully passed !
	Initialyzed swapped data for i = 105, j = 363 sucessfully passed !
	Initialyzed swapped data for i = 105, j = 364 sucessfully passed !
	Initialyzed swapped data for i = 105, j = 365 sucessfully passed !
	Initialyzed swapped data for i = 105, j = 366 sucessfully passed !
	Initialyzed swapped data for i = 105, j = 367 sucessfully passed !
	Initialyzed swapped data for i = 105, j = 368 sucessfully passed !
	Initialyzed swapped data for i = 105, j = 369 sucessfully passed !
	Initialyzed swapped data for i = 105, j = 370 sucessfully passed !
	Initialyzed swapped data for i = 105, j = 371 sucessfully passed !
	Initialyzed swapped data for i = 105, j = 372 sucessfully passed !
	Initialyzed swapped data for i = 105, j = 373 sucessfully passed !
	Initialyzed swapped data for i = 105, j = 374 sucessfully passed !
	Initialyzed swapped data for i = 105, j = 375 sucessfully passed !
	Initialyzed swapped data for i = 105, j = 376 sucessfully passed !
	Initialyzed swapped data for i = 105, j = 377 sucessfully passed !
	Initialyzed swapped data for i = 105, j = 378 sucessfully passed !
	Initialyzed swapped data for i = 105, j = 379 sucessfully passed !
	Initialyzed swapped data for i = 105, j = 380 sucessfully passed !
	Initialyzed swapped data for i = 105, j = 381 sucessfully passed !
	Initialyzed swapped data for i = 105, j = 382 sucessfully passed !
	Initialyzed swapped data for i = 105, j = 383 sucessfully passed !
	Initialyzed swapped data for i = 105, j = 384 sucessfully passed !
	Initialyzed swapped data for i = 105, j = 385 sucessfully passed !
	Initialyzed swapped data for i = 105, j = 386 sucessfully passed !
	Initialyzed swapped data for i = 105, j = 387 sucessfully passed !
	Initialyzed swapped data for i = 105, j = 388 sucessfully passed !
	Initialyzed swapped data for i = 105, j = 389 sucessfully passed !
	Initialyzed swapped data for i = 105, j = 390 sucessfully passed !
	Initialyzed swapped data for i = 105, j = 391 sucessfully passed !
	Initialyzed swapped data for i = 105, j = 392 sucessfully passed !
	Initialyzed swapped data for i = 105, j = 393 sucessfully passed !
	Initialyzed swapped data for i = 105, j = 394 sucessfully passed !
	Initialyzed swapped data for i = 105, j = 395 sucessfully passed !
	Initialyzed swapped data for i = 105, j = 396 sucessfully passed !
	Initialyzed swapped data for i = 105, j = 397 sucessfully passed !
	Initialyzed swapped data for i = 105, j = 398 sucessfully passed !
	Initialyzed swapped data for i = 105, j = 399 sucessfully passed !
	Initialyzed swapped data for i = 105, j = 400 sucessfully passed !
	Initialyzed swapped data for i = 105, j = 401 sucessfully passed !
	Initialyzed swapped data for i = 105, j = 402 sucessfully passed !
	Initialyzed swapped data for i = 105, j = 403 sucessfully passed !
	Initialyzed swapped data for i = 105, j = 404 sucessfully passed !
	Initialyzed swapped data for i = 105, j = 405 sucessfully passed !
	Initialyzed swapped data for i = 105, j = 406 sucessfully passed !
	Initialyzed swapped data for i = 105, j = 407 sucessfully passed !
	Initialyzed swapped data for i = 105, j = 408 sucessfully passed !
	Initialyzed swapped data for i = 105, j = 409 sucessfully passed !
	Initialyzed swapped data for i = 105, j = 410 sucessfully passed !
	Initialyzed swapped data for i = 105, j = 411 sucessfully passed !
	Initialyzed swapped data for i = 105, j = 412 sucessfully passed !
	Initialyzed swapped data for i = 105, j = 413 sucessfully passed !
	Initialyzed swapped data for i = 105, j = 414 sucessfully passed !
	Initialyzed swapped data for i = 105, j = 415 sucessfully passed !
	Initialyzed swapped data for i = 105, j = 416 sucessfully passed !
	Initialyzed swapped data for i = 105, j = 417 sucessfully passed !
	Initialyzed swapped data for i = 105, j = 418 sucessfully passed !
	Initialyzed swapped data for i = 105, j = 419 sucessfully passed !
	Initialyzed swapped data for i = 105, j = 420 sucessfully passed !
	Initialyzed swapped data for i = 105, j = 421 sucessfully passed !
	Initialyzed swapped data for i = 105, j = 422 sucessfully passed !
	Initialyzed swapped data for i = 105, j = 423 sucessfully passed !
	Initialyzed swapped data for i = 105, j = 424 sucessfully passed !
	Initialyzed swapped data for i = 105, j = 425 sucessfully passed !
	Initialyzed swapped data for i = 105, j = 426 sucessfully passed !
	Initialyzed swapped data for i = 105, j = 427 sucessfully passed !
	Initialyzed swapped data for i = 105, j = 428 sucessfully passed !
	Initialyzed swapped data for i = 105, j = 429 sucessfully passed !
	Initialyzed swapped data for i = 105, j = 430 sucessfully passed !
	Initialyzed swapped data for i = 105, j = 431 sucessfully passed !
	Initialyzed swapped data for i = 105, j = 432 sucessfully passed !
	Initialyzed swapped data for i = 105, j = 433 sucessfully passed !
	Initialyzed swapped data for i = 106, j = 107 sucessfully passed !
	Initialyzed swapped data for i = 106, j = 108 sucessfully passed !
	Initialyzed swapped data for i = 106, j = 109 sucessfully passed !
	Initialyzed swapped data for i = 106, j = 110 sucessfully passed !
	Initialyzed swapped data for i = 106, j = 111 sucessfully passed !
	Initialyzed swapped data for i = 106, j = 112 sucessfully passed !
	Initialyzed swapped data for i = 106, j = 113 sucessfully passed !
	Initialyzed swapped data for i = 106, j = 114 sucessfully passed !
	Initialyzed swapped data for i = 106, j = 115 sucessfully passed !
	Initialyzed swapped data for i = 106, j = 116 sucessfully passed !
	Initialyzed swapped data for i = 106, j = 117 sucessfully passed !
	Initialyzed swapped data for i = 106, j = 118 sucessfully passed !
	Initialyzed swapped data for i = 106, j = 119 sucessfully passed !
	Initialyzed swapped data for i = 106, j = 120 sucessfully passed !
	Initialyzed swapped data for i = 106, j = 121 sucessfully passed !
	Initialyzed swapped data for i = 106, j = 122 sucessfully passed !
	Initialyzed swapped data for i = 106, j = 123 sucessfully passed !
	Initialyzed swapped data for i = 106, j = 124 sucessfully passed !
	Initialyzed swapped data for i = 106, j = 125 sucessfully passed !
	Initialyzed swapped data for i = 106, j = 126 sucessfully passed !
	Initialyzed swapped data for i = 106, j = 127 sucessfully passed !
	Initialyzed swapped data for i = 106, j = 128 sucessfully passed !
	Initialyzed swapped data for i = 106, j = 129 sucessfully passed !
	Initialyzed swapped data for i = 106, j = 130 sucessfully passed !
	Initialyzed swapped data for i = 106, j = 131 sucessfully passed !
	Initialyzed swapped data for i = 106, j = 132 sucessfully passed !
	Initialyzed swapped data for i = 106, j = 133 sucessfully passed !
	Initialyzed swapped data for i = 106, j = 134 sucessfully passed !
	Initialyzed swapped data for i = 106, j = 135 sucessfully passed !
	Initialyzed swapped data for i = 106, j = 136 sucessfully passed !
	Initialyzed swapped data for i = 106, j = 137 sucessfully passed !
	Initialyzed swapped data for i = 106, j = 138 sucessfully passed !
	Initialyzed swapped data for i = 106, j = 139 sucessfully passed !
	Initialyzed swapped data for i = 106, j = 140 sucessfully passed !
	Initialyzed swapped data for i = 106, j = 141 sucessfully passed !
	Initialyzed swapped data for i = 106, j = 142 sucessfully passed !
	Initialyzed swapped data for i = 106, j = 143 sucessfully passed !
	Initialyzed swapped data for i = 106, j = 144 sucessfully passed !
	Initialyzed swapped data for i = 106, j = 145 sucessfully passed !
	Initialyzed swapped data for i = 106, j = 146 sucessfully passed !
	Initialyzed swapped data for i = 106, j = 147 sucessfully passed !
	Initialyzed swapped data for i = 106, j = 148 sucessfully passed !
	Initialyzed swapped data for i = 106, j = 149 sucessfully passed !
	Initialyzed swapped data for i = 106, j = 150 sucessfully passed !
	Initialyzed swapped data for i = 106, j = 151 sucessfully passed !
	Initialyzed swapped data for i = 106, j = 152 sucessfully passed !
	Initialyzed swapped data for i = 106, j = 153 sucessfully passed !
	Initialyzed swapped data for i = 106, j = 154 sucessfully passed !
	Initialyzed swapped data for i = 106, j = 155 sucessfully passed !
	Initialyzed swapped data for i = 106, j = 156 sucessfully passed !
	Initialyzed swapped data for i = 106, j = 157 sucessfully passed !
	Initialyzed swapped data for i = 106, j = 158 sucessfully passed !
	Initialyzed swapped data for i = 106, j = 159 sucessfully passed !
	Initialyzed swapped data for i = 106, j = 160 sucessfully passed !
	Initialyzed swapped data for i = 106, j = 161 sucessfully passed !
	Initialyzed swapped data for i = 106, j = 162 sucessfully passed !
	Initialyzed swapped data for i = 106, j = 163 sucessfully passed !
	Initialyzed swapped data for i = 106, j = 164 sucessfully passed !
	Initialyzed swapped data for i = 106, j = 165 sucessfully passed !
	Initialyzed swapped data for i = 106, j = 166 sucessfully passed !
	Initialyzed swapped data for i = 106, j = 167 sucessfully passed !
	Initialyzed swapped data for i = 106, j = 168 sucessfully passed !
	Initialyzed swapped data for i = 106, j = 169 sucessfully passed !
	Initialyzed swapped data for i = 106, j = 170 sucessfully passed !
	Initialyzed swapped data for i = 106, j = 171 sucessfully passed !
	Initialyzed swapped data for i = 106, j = 172 sucessfully passed !
	Initialyzed swapped data for i = 106, j = 173 sucessfully passed !
	Initialyzed swapped data for i = 106, j = 174 sucessfully passed !
	Initialyzed swapped data for i = 106, j = 175 sucessfully passed !
	Initialyzed swapped data for i = 106, j = 176 sucessfully passed !
	Initialyzed swapped data for i = 106, j = 177 sucessfully passed !
	Initialyzed swapped data for i = 106, j = 178 sucessfully passed !
	Initialyzed swapped data for i = 106, j = 179 sucessfully passed !
	Initialyzed swapped data for i = 106, j = 180 sucessfully passed !
	Initialyzed swapped data for i = 106, j = 181 sucessfully passed !
	Initialyzed swapped data for i = 106, j = 182 sucessfully passed !
	Initialyzed swapped data for i = 106, j = 183 sucessfully passed !
	Initialyzed swapped data for i = 106, j = 184 sucessfully passed !
	Initialyzed swapped data for i = 106, j = 185 sucessfully passed !
	Initialyzed swapped data for i = 106, j = 186 sucessfully passed !
	Initialyzed swapped data for i = 106, j = 187 sucessfully passed !
	Initialyzed swapped data for i = 106, j = 188 sucessfully passed !
	Initialyzed swapped data for i = 106, j = 189 sucessfully passed !
	Initialyzed swapped data for i = 106, j = 190 sucessfully passed !
	Initialyzed swapped data for i = 106, j = 191 sucessfully passed !
	Initialyzed swapped data for i = 106, j = 192 sucessfully passed !
	Initialyzed swapped data for i = 106, j = 193 sucessfully passed !
	Initialyzed swapped data for i = 106, j = 194 sucessfully passed !
	Initialyzed swapped data for i = 106, j = 195 sucessfully passed !
	Initialyzed swapped data for i = 106, j = 196 sucessfully passed !
	Initialyzed swapped data for i = 106, j = 197 sucessfully passed !
	Initialyzed swapped data for i = 106, j = 198 sucessfully passed !
	Initialyzed swapped data for i = 106, j = 199 sucessfully passed !
	Initialyzed swapped data for i = 106, j = 200 sucessfully passed !
	Initialyzed swapped data for i = 106, j = 201 sucessfully passed !
	Initialyzed swapped data for i = 106, j = 202 sucessfully passed !
	Initialyzed swapped data for i = 106, j = 203 sucessfully passed !
	Initialyzed swapped data for i = 106, j = 204 sucessfully passed !
	Initialyzed swapped data for i = 106, j = 205 sucessfully passed !
	Initialyzed swapped data for i = 106, j = 206 sucessfully passed !
	Initialyzed swapped data for i = 106, j = 207 sucessfully passed !
	Initialyzed swapped data for i = 106, j = 208 sucessfully passed !
	Initialyzed swapped data for i = 106, j = 209 sucessfully passed !
	Initialyzed swapped data for i = 106, j = 210 sucessfully passed !
	Initialyzed swapped data for i = 106, j = 211 sucessfully passed !
	Initialyzed swapped data for i = 106, j = 212 sucessfully passed !
	Initialyzed swapped data for i = 106, j = 213 sucessfully passed !
	Initialyzed swapped data for i = 106, j = 214 sucessfully passed !
	Initialyzed swapped data for i = 106, j = 215 sucessfully passed !
	Initialyzed swapped data for i = 106, j = 216 sucessfully passed !
	Initialyzed swapped data for i = 106, j = 217 sucessfully passed !
	Initialyzed swapped data for i = 106, j = 218 sucessfully passed !
	Initialyzed swapped data for i = 106, j = 219 sucessfully passed !
	Initialyzed swapped data for i = 106, j = 220 sucessfully passed !
	Initialyzed swapped data for i = 106, j = 221 sucessfully passed !
	Initialyzed swapped data for i = 106, j = 222 sucessfully passed !
	Initialyzed swapped data for i = 106, j = 223 sucessfully passed !
	Initialyzed swapped data for i = 106, j = 224 sucessfully passed !
	Initialyzed swapped data for i = 106, j = 225 sucessfully passed !
	Initialyzed swapped data for i = 106, j = 226 sucessfully passed !
	Initialyzed swapped data for i = 106, j = 227 sucessfully passed !
	Initialyzed swapped data for i = 106, j = 228 sucessfully passed !
	Initialyzed swapped data for i = 106, j = 229 sucessfully passed !
	Initialyzed swapped data for i = 106, j = 230 sucessfully passed !
	Initialyzed swapped data for i = 106, j = 231 sucessfully passed !
	Initialyzed swapped data for i = 106, j = 232 sucessfully passed !
	Initialyzed swapped data for i = 106, j = 233 sucessfully passed !
	Initialyzed swapped data for i = 106, j = 234 sucessfully passed !
	Initialyzed swapped data for i = 106, j = 235 sucessfully passed !
	Initialyzed swapped data for i = 106, j = 236 sucessfully passed !
	Initialyzed swapped data for i = 106, j = 237 sucessfully passed !
	Initialyzed swapped data for i = 106, j = 238 sucessfully passed !
	Initialyzed swapped data for i = 106, j = 239 sucessfully passed !
	Initialyzed swapped data for i = 106, j = 240 sucessfully passed !
	Initialyzed swapped data for i = 106, j = 241 sucessfully passed !
	Initialyzed swapped data for i = 106, j = 242 sucessfully passed !
	Initialyzed swapped data for i = 106, j = 243 sucessfully passed !
	Initialyzed swapped data for i = 106, j = 244 sucessfully passed !
	Initialyzed swapped data for i = 106, j = 245 sucessfully passed !
	Initialyzed swapped data for i = 106, j = 246 sucessfully passed !
	Initialyzed swapped data for i = 106, j = 247 sucessfully passed !
	Initialyzed swapped data for i = 106, j = 248 sucessfully passed !
	Initialyzed swapped data for i = 106, j = 249 sucessfully passed !
	Initialyzed swapped data for i = 106, j = 250 sucessfully passed !
	Initialyzed swapped data for i = 106, j = 251 sucessfully passed !
	Initialyzed swapped data for i = 106, j = 252 sucessfully passed !
	Initialyzed swapped data for i = 106, j = 253 sucessfully passed !
	Initialyzed swapped data for i = 106, j = 254 sucessfully passed !
	Initialyzed swapped data for i = 106, j = 255 sucessfully passed !
	Initialyzed swapped data for i = 106, j = 256 sucessfully passed !
	Initialyzed swapped data for i = 106, j = 257 sucessfully passed !
	Initialyzed swapped data for i = 106, j = 258 sucessfully passed !
	Initialyzed swapped data for i = 106, j = 259 sucessfully passed !
	Initialyzed swapped data for i = 106, j = 260 sucessfully passed !
	Initialyzed swapped data for i = 106, j = 261 sucessfully passed !
	Initialyzed swapped data for i = 106, j = 262 sucessfully passed !
	Initialyzed swapped data for i = 106, j = 263 sucessfully passed !
	Initialyzed swapped data for i = 106, j = 264 sucessfully passed !
	Initialyzed swapped data for i = 106, j = 265 sucessfully passed !
	Initialyzed swapped data for i = 106, j = 266 sucessfully passed !
	Initialyzed swapped data for i = 106, j = 267 sucessfully passed !
	Initialyzed swapped data for i = 106, j = 268 sucessfully passed !
	Initialyzed swapped data for i = 106, j = 269 sucessfully passed !
	Initialyzed swapped data for i = 106, j = 270 sucessfully passed !
	Initialyzed swapped data for i = 106, j = 271 sucessfully passed !
	Initialyzed swapped data for i = 106, j = 272 sucessfully passed !
	Initialyzed swapped data for i = 106, j = 273 sucessfully passed !
	Initialyzed swapped data for i = 106, j = 274 sucessfully passed !
	Initialyzed swapped data for i = 106, j = 275 sucessfully passed !
	Initialyzed swapped data for i = 106, j = 276 sucessfully passed !
	Initialyzed swapped data for i = 106, j = 277 sucessfully passed !
	Initialyzed swapped data for i = 106, j = 278 sucessfully passed !
	Initialyzed swapped data for i = 106, j = 279 sucessfully passed !
	Initialyzed swapped data for i = 106, j = 280 sucessfully passed !
	Initialyzed swapped data for i = 106, j = 281 sucessfully passed !
	Initialyzed swapped data for i = 106, j = 282 sucessfully passed !
	Initialyzed swapped data for i = 106, j = 283 sucessfully passed !
	Initialyzed swapped data for i = 106, j = 284 sucessfully passed !
	Initialyzed swapped data for i = 106, j = 285 sucessfully passed !
	Initialyzed swapped data for i = 106, j = 286 sucessfully passed !
	Initialyzed swapped data for i = 106, j = 287 sucessfully passed !
	Initialyzed swapped data for i = 106, j = 288 sucessfully passed !
	Initialyzed swapped data for i = 106, j = 289 sucessfully passed !
	Initialyzed swapped data for i = 106, j = 290 sucessfully passed !
	Initialyzed swapped data for i = 106, j = 291 sucessfully passed !
	Initialyzed swapped data for i = 106, j = 292 sucessfully passed !
	Initialyzed swapped data for i = 106, j = 293 sucessfully passed !
	Initialyzed swapped data for i = 106, j = 294 sucessfully passed !
	Initialyzed swapped data for i = 106, j = 295 sucessfully passed !
	Initialyzed swapped data for i = 106, j = 296 sucessfully passed !
	Initialyzed swapped data for i = 106, j = 297 sucessfully passed !
	Initialyzed swapped data for i = 106, j = 298 sucessfully passed !
	Initialyzed swapped data for i = 106, j = 299 sucessfully passed !
	Initialyzed swapped data for i = 106, j = 300 sucessfully passed !
	Initialyzed swapped data for i = 106, j = 301 sucessfully passed !
	Initialyzed swapped data for i = 106, j = 302 sucessfully passed !
	Initialyzed swapped data for i = 106, j = 303 sucessfully passed !
	Initialyzed swapped data for i = 106, j = 304 sucessfully passed !
	Initialyzed swapped data for i = 106, j = 305 sucessfully passed !
	Initialyzed swapped data for i = 106, j = 306 sucessfully passed !
	Initialyzed swapped data for i = 106, j = 307 sucessfully passed !
	Initialyzed swapped data for i = 106, j = 308 sucessfully passed !
	Initialyzed swapped data for i = 106, j = 309 sucessfully passed !
	Initialyzed swapped data for i = 106, j = 310 sucessfully passed !
	Initialyzed swapped data for i = 106, j = 311 sucessfully passed !
	Initialyzed swapped data for i = 106, j = 312 sucessfully passed !
	Initialyzed swapped data for i = 106, j = 313 sucessfully passed !
	Initialyzed swapped data for i = 106, j = 314 sucessfully passed !
	Initialyzed swapped data for i = 106, j = 315 sucessfully passed !
	Initialyzed swapped data for i = 106, j = 316 sucessfully passed !
	Initialyzed swapped data for i = 106, j = 317 sucessfully passed !
	Initialyzed swapped data for i = 106, j = 318 sucessfully passed !
	Initialyzed swapped data for i = 106, j = 319 sucessfully passed !
	Initialyzed swapped data for i = 106, j = 320 sucessfully passed !
	Initialyzed swapped data for i = 106, j = 321 sucessfully passed !
	Initialyzed swapped data for i = 106, j = 322 sucessfully passed !
	Initialyzed swapped data for i = 106, j = 323 sucessfully passed !
	Initialyzed swapped data for i = 106, j = 324 sucessfully passed !
	Initialyzed swapped data for i = 106, j = 325 sucessfully passed !
	Initialyzed swapped data for i = 106, j = 326 sucessfully passed !
	Initialyzed swapped data for i = 106, j = 327 sucessfully passed !
	Initialyzed swapped data for i = 106, j = 328 sucessfully passed !
	Initialyzed swapped data for i = 106, j = 329 sucessfully passed !
	Initialyzed swapped data for i = 106, j = 330 sucessfully passed !
	Initialyzed swapped data for i = 106, j = 331 sucessfully passed !
	Initialyzed swapped data for i = 106, j = 332 sucessfully passed !
	Initialyzed swapped data for i = 106, j = 333 sucessfully passed !
	Initialyzed swapped data for i = 106, j = 334 sucessfully passed !
	Initialyzed swapped data for i = 106, j = 335 sucessfully passed !
	Initialyzed swapped data for i = 106, j = 336 sucessfully passed !
	Initialyzed swapped data for i = 106, j = 337 sucessfully passed !
	Initialyzed swapped data for i = 106, j = 338 sucessfully passed !
	Initialyzed swapped data for i = 106, j = 339 sucessfully passed !
	Initialyzed swapped data for i = 106, j = 340 sucessfully passed !
	Initialyzed swapped data for i = 106, j = 341 sucessfully passed !
	Initialyzed swapped data for i = 106, j = 342 sucessfully passed !
	Initialyzed swapped data for i = 106, j = 343 sucessfully passed !
	Initialyzed swapped data for i = 106, j = 344 sucessfully passed !
	Initialyzed swapped data for i = 106, j = 345 sucessfully passed !
	Initialyzed swapped data for i = 106, j = 346 sucessfully passed !
	Initialyzed swapped data for i = 106, j = 347 sucessfully passed !
	Initialyzed swapped data for i = 106, j = 348 sucessfully passed !
	Initialyzed swapped data for i = 106, j = 349 sucessfully passed !
	Initialyzed swapped data for i = 106, j = 350 sucessfully passed !
	Initialyzed swapped data for i = 106, j = 351 sucessfully passed !
	Initialyzed swapped data for i = 106, j = 352 sucessfully passed !
	Initialyzed swapped data for i = 106, j = 353 sucessfully passed !
	Initialyzed swapped data for i = 106, j = 354 sucessfully passed !
	Initialyzed swapped data for i = 106, j = 355 sucessfully passed !
	Initialyzed swapped data for i = 106, j = 356 sucessfully passed !
	Initialyzed swapped data for i = 106, j = 357 sucessfully passed !
	Initialyzed swapped data for i = 106, j = 358 sucessfully passed !
	Initialyzed swapped data for i = 106, j = 359 sucessfully passed !
	Initialyzed swapped data for i = 106, j = 360 sucessfully passed !
	Initialyzed swapped data for i = 106, j = 361 sucessfully passed !
	Initialyzed swapped data for i = 106, j = 362 sucessfully passed !
	Initialyzed swapped data for i = 106, j = 363 sucessfully passed !
	Initialyzed swapped data for i = 106, j = 364 sucessfully passed !
	Initialyzed swapped data for i = 106, j = 365 sucessfully passed !
	Initialyzed swapped data for i = 106, j = 366 sucessfully passed !
	Initialyzed swapped data for i = 106, j = 367 sucessfully passed !
	Initialyzed swapped data for i = 106, j = 368 sucessfully passed !
	Initialyzed swapped data for i = 106, j = 369 sucessfully passed !
	Initialyzed swapped data for i = 106, j = 370 sucessfully passed !
	Initialyzed swapped data for i = 106, j = 371 sucessfully passed !
	Initialyzed swapped data for i = 106, j = 372 sucessfully passed !
	Initialyzed swapped data for i = 106, j = 373 sucessfully passed !
	Initialyzed swapped data for i = 106, j = 374 sucessfully passed !
	Initialyzed swapped data for i = 106, j = 375 sucessfully passed !
	Initialyzed swapped data for i = 106, j = 376 sucessfully passed !
	Initialyzed swapped data for i = 106, j = 377 sucessfully passed !
	Initialyzed swapped data for i = 106, j = 378 sucessfully passed !
	Initialyzed swapped data for i = 106, j = 379 sucessfully passed !
	Initialyzed swapped data for i = 106, j = 380 sucessfully passed !
	Initialyzed swapped data for i = 106, j = 381 sucessfully passed !
	Initialyzed swapped data for i = 106, j = 382 sucessfully passed !
	Initialyzed swapped data for i = 106, j = 383 sucessfully passed !
	Initialyzed swapped data for i = 106, j = 384 sucessfully passed !
	Initialyzed swapped data for i = 106, j = 385 sucessfully passed !
	Initialyzed swapped data for i = 106, j = 386 sucessfully passed !
	Initialyzed swapped data for i = 106, j = 387 sucessfully passed !
	Initialyzed swapped data for i = 106, j = 388 sucessfully passed !
	Initialyzed swapped data for i = 106, j = 389 sucessfully passed !
	Initialyzed swapped data for i = 106, j = 390 sucessfully passed !
	Initialyzed swapped data for i = 106, j = 391 sucessfully passed !
	Initialyzed swapped data for i = 106, j = 392 sucessfully passed !
	Initialyzed swapped data for i = 106, j = 393 sucessfully passed !
	Initialyzed swapped data for i = 106, j = 394 sucessfully passed !
	Initialyzed swapped data for i = 106, j = 395 sucessfully passed !
	Initialyzed swapped data for i = 106, j = 396 sucessfully passed !
	Initialyzed swapped data for i = 106, j = 397 sucessfully passed !
	Initialyzed swapped data for i = 106, j = 398 sucessfully passed !
	Initialyzed swapped data for i = 106, j = 399 sucessfully passed !
	Initialyzed swapped data for i = 106, j = 400 sucessfully passed !
	Initialyzed swapped data for i = 106, j = 401 sucessfully passed !
	Initialyzed swapped data for i = 106, j = 402 sucessfully passed !
	Initialyzed swapped data for i = 106, j = 403 sucessfully passed !
	Initialyzed swapped data for i = 106, j = 404 sucessfully passed !
	Initialyzed swapped data for i = 106, j = 405 sucessfully passed !
	Initialyzed swapped data for i = 106, j = 406 sucessfully passed !
	Initialyzed swapped data for i = 106, j = 407 sucessfully passed !
	Initialyzed swapped data for i = 106, j = 408 sucessfully passed !
	Initialyzed swapped data for i = 106, j = 409 sucessfully passed !
	Initialyzed swapped data for i = 106, j = 410 sucessfully passed !
	Initialyzed swapped data for i = 106, j = 411 sucessfully passed !
	Initialyzed swapped data for i = 106, j = 412 sucessfully passed !
	Initialyzed swapped data for i = 106, j = 413 sucessfully passed !
	Initialyzed swapped data for i = 106, j = 414 sucessfully passed !
	Initialyzed swapped data for i = 106, j = 415 sucessfully passed !
	Initialyzed swapped data for i = 106, j = 416 sucessfully passed !
	Initialyzed swapped data for i = 106, j = 417 sucessfully passed !
	Initialyzed swapped data for i = 106, j = 418 sucessfully passed !
	Initialyzed swapped data for i = 106, j = 419 sucessfully passed !
	Initialyzed swapped data for i = 106, j = 420 sucessfully passed !
	Initialyzed swapped data for i = 106, j = 421 sucessfully passed !
	Initialyzed swapped data for i = 106, j = 422 sucessfully passed !
	Initialyzed swapped data for i = 106, j = 423 sucessfully passed !
	Initialyzed swapped data for i = 106, j = 424 sucessfully passed !
	Initialyzed swapped data for i = 106, j = 425 sucessfully passed !
	Initialyzed swapped data for i = 106, j = 426 sucessfully passed !
	Initialyzed swapped data for i = 106, j = 427 sucessfully passed !
	Initialyzed swapped data for i = 106, j = 428 sucessfully passed !
	Initialyzed swapped data for i = 106, j = 429 sucessfully passed !
	Initialyzed swapped data for i = 106, j = 430 sucessfully passed !
	Initialyzed swapped data for i = 106, j = 431 sucessfully passed !
	Initialyzed swapped data for i = 106, j = 432 sucessfully passed !
	Initialyzed swapped data for i = 106, j = 433 sucessfully passed !
	Initialyzed swapped data for i = 107, j = 108 sucessfully passed !
	Initialyzed swapped data for i = 107, j = 109 sucessfully passed !
	Initialyzed swapped data for i = 107, j = 110 sucessfully passed !
	Initialyzed swapped data for i = 107, j = 111 sucessfully passed !
	Initialyzed swapped data for i = 107, j = 112 sucessfully passed !
	Initialyzed swapped data for i = 107, j = 113 sucessfully passed !
	Initialyzed swapped data for i = 107, j = 114 sucessfully passed !
	Initialyzed swapped data for i = 107, j = 115 sucessfully passed !
	Initialyzed swapped data for i = 107, j = 116 sucessfully passed !
	Initialyzed swapped data for i = 107, j = 117 sucessfully passed !
	Initialyzed swapped data for i = 107, j = 118 sucessfully passed !
	Initialyzed swapped data for i = 107, j = 119 sucessfully passed !
	Initialyzed swapped data for i = 107, j = 120 sucessfully passed !
	Initialyzed swapped data for i = 107, j = 121 sucessfully passed !
	Initialyzed swapped data for i = 107, j = 122 sucessfully passed !
	Initialyzed swapped data for i = 107, j = 123 sucessfully passed !
	Initialyzed swapped data for i = 107, j = 124 sucessfully passed !
	Initialyzed swapped data for i = 107, j = 125 sucessfully passed !
	Initialyzed swapped data for i = 107, j = 126 sucessfully passed !
	Initialyzed swapped data for i = 107, j = 127 sucessfully passed !
	Initialyzed swapped data for i = 107, j = 128 sucessfully passed !
	Initialyzed swapped data for i = 107, j = 129 sucessfully passed !
	Initialyzed swapped data for i = 107, j = 130 sucessfully passed !
	Initialyzed swapped data for i = 107, j = 131 sucessfully passed !
	Initialyzed swapped data for i = 107, j = 132 sucessfully passed !
	Initialyzed swapped data for i = 107, j = 133 sucessfully passed !
	Initialyzed swapped data for i = 107, j = 134 sucessfully passed !
	Initialyzed swapped data for i = 107, j = 135 sucessfully passed !
	Initialyzed swapped data for i = 107, j = 136 sucessfully passed !
	Initialyzed swapped data for i = 107, j = 137 sucessfully passed !
	Initialyzed swapped data for i = 107, j = 138 sucessfully passed !
	Initialyzed swapped data for i = 107, j = 139 sucessfully passed !
	Initialyzed swapped data for i = 107, j = 140 sucessfully passed !
	Initialyzed swapped data for i = 107, j = 141 sucessfully passed !
	Initialyzed swapped data for i = 107, j = 142 sucessfully passed !
	Initialyzed swapped data for i = 107, j = 143 sucessfully passed !
	Initialyzed swapped data for i = 107, j = 144 sucessfully passed !
	Initialyzed swapped data for i = 107, j = 145 sucessfully passed !
	Initialyzed swapped data for i = 107, j = 146 sucessfully passed !
	Initialyzed swapped data for i = 107, j = 147 sucessfully passed !
	Initialyzed swapped data for i = 107, j = 148 sucessfully passed !
	Initialyzed swapped data for i = 107, j = 149 sucessfully passed !
	Initialyzed swapped data for i = 107, j = 150 sucessfully passed !
	Initialyzed swapped data for i = 107, j = 151 sucessfully passed !
	Initialyzed swapped data for i = 107, j = 152 sucessfully passed !
	Initialyzed swapped data for i = 107, j = 153 sucessfully passed !
	Initialyzed swapped data for i = 107, j = 154 sucessfully passed !
	Initialyzed swapped data for i = 107, j = 155 sucessfully passed !
	Initialyzed swapped data for i = 107, j = 156 sucessfully passed !
	Initialyzed swapped data for i = 107, j = 157 sucessfully passed !
	Initialyzed swapped data for i = 107, j = 158 sucessfully passed !
	Initialyzed swapped data for i = 107, j = 159 sucessfully passed !
	Initialyzed swapped data for i = 107, j = 160 sucessfully passed !
	Initialyzed swapped data for i = 107, j = 161 sucessfully passed !
	Initialyzed swapped data for i = 107, j = 162 sucessfully passed !
	Initialyzed swapped data for i = 107, j = 163 sucessfully passed !
	Initialyzed swapped data for i = 107, j = 164 sucessfully passed !
	Initialyzed swapped data for i = 107, j = 165 sucessfully passed !
	Initialyzed swapped data for i = 107, j = 166 sucessfully passed !
	Initialyzed swapped data for i = 107, j = 167 sucessfully passed !
	Initialyzed swapped data for i = 107, j = 168 sucessfully passed !
	Initialyzed swapped data for i = 107, j = 169 sucessfully passed !
	Initialyzed swapped data for i = 107, j = 170 sucessfully passed !
	Initialyzed swapped data for i = 107, j = 171 sucessfully passed !
	Initialyzed swapped data for i = 107, j = 172 sucessfully passed !
	Initialyzed swapped data for i = 107, j = 173 sucessfully passed !
	Initialyzed swapped data for i = 107, j = 174 sucessfully passed !
	Initialyzed swapped data for i = 107, j = 175 sucessfully passed !
	Initialyzed swapped data for i = 107, j = 176 sucessfully passed !
	Initialyzed swapped data for i = 107, j = 177 sucessfully passed !
	Initialyzed swapped data for i = 107, j = 178 sucessfully passed !
	Initialyzed swapped data for i = 107, j = 179 sucessfully passed !
	Initialyzed swapped data for i = 107, j = 180 sucessfully passed !
	Initialyzed swapped data for i = 107, j = 181 sucessfully passed !
	Initialyzed swapped data for i = 107, j = 182 sucessfully passed !
	Initialyzed swapped data for i = 107, j = 183 sucessfully passed !
	Initialyzed swapped data for i = 107, j = 184 sucessfully passed !
	Initialyzed swapped data for i = 107, j = 185 sucessfully passed !
	Initialyzed swapped data for i = 107, j = 186 sucessfully passed !
	Initialyzed swapped data for i = 107, j = 187 sucessfully passed !
	Initialyzed swapped data for i = 107, j = 188 sucessfully passed !
	Initialyzed swapped data for i = 107, j = 189 sucessfully passed !
	Initialyzed swapped data for i = 107, j = 190 sucessfully passed !
	Initialyzed swapped data for i = 107, j = 191 sucessfully passed !
	Initialyzed swapped data for i = 107, j = 192 sucessfully passed !
	Initialyzed swapped data for i = 107, j = 193 sucessfully passed !
	Initialyzed swapped data for i = 107, j = 194 sucessfully passed !
	Initialyzed swapped data for i = 107, j = 195 sucessfully passed !
	Initialyzed swapped data for i = 107, j = 196 sucessfully passed !
	Initialyzed swapped data for i = 107, j = 197 sucessfully passed !
	Initialyzed swapped data for i = 107, j = 198 sucessfully passed !
	Initialyzed swapped data for i = 107, j = 199 sucessfully passed !
	Initialyzed swapped data for i = 107, j = 200 sucessfully passed !
	Initialyzed swapped data for i = 107, j = 201 sucessfully passed !
	Initialyzed swapped data for i = 107, j = 202 sucessfully passed !
	Initialyzed swapped data for i = 107, j = 203 sucessfully passed !
	Initialyzed swapped data for i = 107, j = 204 sucessfully passed !
	Initialyzed swapped data for i = 107, j = 205 sucessfully passed !
	Initialyzed swapped data for i = 107, j = 206 sucessfully passed !
	Initialyzed swapped data for i = 107, j = 207 sucessfully passed !
	Initialyzed swapped data for i = 107, j = 208 sucessfully passed !
	Initialyzed swapped data for i = 107, j = 209 sucessfully passed !
	Initialyzed swapped data for i = 107, j = 210 sucessfully passed !
	Initialyzed swapped data for i = 107, j = 211 sucessfully passed !
	Initialyzed swapped data for i = 107, j = 212 sucessfully passed !
	Initialyzed swapped data for i = 107, j = 213 sucessfully passed !
	Initialyzed swapped data for i = 107, j = 214 sucessfully passed !
	Initialyzed swapped data for i = 107, j = 215 sucessfully passed !
	Initialyzed swapped data for i = 107, j = 216 sucessfully passed !
	Initialyzed swapped data for i = 107, j = 217 sucessfully passed !
	Initialyzed swapped data for i = 107, j = 218 sucessfully passed !
	Initialyzed swapped data for i = 107, j = 219 sucessfully passed !
	Initialyzed swapped data for i = 107, j = 220 sucessfully passed !
	Initialyzed swapped data for i = 107, j = 221 sucessfully passed !
	Initialyzed swapped data for i = 107, j = 222 sucessfully passed !
	Initialyzed swapped data for i = 107, j = 223 sucessfully passed !
	Initialyzed swapped data for i = 107, j = 224 sucessfully passed !
	Initialyzed swapped data for i = 107, j = 225 sucessfully passed !
	Initialyzed swapped data for i = 107, j = 226 sucessfully passed !
	Initialyzed swapped data for i = 107, j = 227 sucessfully passed !
	Initialyzed swapped data for i = 107, j = 228 sucessfully passed !
	Initialyzed swapped data for i = 107, j = 229 sucessfully passed !
	Initialyzed swapped data for i = 107, j = 230 sucessfully passed !
	Initialyzed swapped data for i = 107, j = 231 sucessfully passed !
	Initialyzed swapped data for i = 107, j = 232 sucessfully passed !
	Initialyzed swapped data for i = 107, j = 233 sucessfully passed !
	Initialyzed swapped data for i = 107, j = 234 sucessfully passed !
	Initialyzed swapped data for i = 107, j = 235 sucessfully passed !
	Initialyzed swapped data for i = 107, j = 236 sucessfully passed !
	Initialyzed swapped data for i = 107, j = 237 sucessfully passed !
	Initialyzed swapped data for i = 107, j = 238 sucessfully passed !
	Initialyzed swapped data for i = 107, j = 239 sucessfully passed !
	Initialyzed swapped data for i = 107, j = 240 sucessfully passed !
	Initialyzed swapped data for i = 107, j = 241 sucessfully passed !
	Initialyzed swapped data for i = 107, j = 242 sucessfully passed !
	Initialyzed swapped data for i = 107, j = 243 sucessfully passed !
	Initialyzed swapped data for i = 107, j = 244 sucessfully passed !
	Initialyzed swapped data for i = 107, j = 245 sucessfully passed !
	Initialyzed swapped data for i = 107, j = 246 sucessfully passed !
	Initialyzed swapped data for i = 107, j = 247 sucessfully passed !
	Initialyzed swapped data for i = 107, j = 248 sucessfully passed !
	Initialyzed swapped data for i = 107, j = 249 sucessfully passed !
	Initialyzed swapped data for i = 107, j = 250 sucessfully passed !
	Initialyzed swapped data for i = 107, j = 251 sucessfully passed !
	Initialyzed swapped data for i = 107, j = 252 sucessfully passed !
	Initialyzed swapped data for i = 107, j = 253 sucessfully passed !
	Initialyzed swapped data for i = 107, j = 254 sucessfully passed !
	Initialyzed swapped data for i = 107, j = 255 sucessfully passed !
	Initialyzed swapped data for i = 107, j = 256 sucessfully passed !
	Initialyzed swapped data for i = 107, j = 257 sucessfully passed !
	Initialyzed swapped data for i = 107, j = 258 sucessfully passed !
	Initialyzed swapped data for i = 107, j = 259 sucessfully passed !
	Initialyzed swapped data for i = 107, j = 260 sucessfully passed !
	Initialyzed swapped data for i = 107, j = 261 sucessfully passed !
	Initialyzed swapped data for i = 107, j = 262 sucessfully passed !
	Initialyzed swapped data for i = 107, j = 263 sucessfully passed !
	Initialyzed swapped data for i = 107, j = 264 sucessfully passed !
	Initialyzed swapped data for i = 107, j = 265 sucessfully passed !
	Initialyzed swapped data for i = 107, j = 266 sucessfully passed !
	Initialyzed swapped data for i = 107, j = 267 sucessfully passed !
	Initialyzed swapped data for i = 107, j = 268 sucessfully passed !
	Initialyzed swapped data for i = 107, j = 269 sucessfully passed !
	Initialyzed swapped data for i = 107, j = 270 sucessfully passed !
	Initialyzed swapped data for i = 107, j = 271 sucessfully passed !
	Initialyzed swapped data for i = 107, j = 272 sucessfully passed !
	Initialyzed swapped data for i = 107, j = 273 sucessfully passed !
	Initialyzed swapped data for i = 107, j = 274 sucessfully passed !
	Initialyzed swapped data for i = 107, j = 275 sucessfully passed !
	Initialyzed swapped data for i = 107, j = 276 sucessfully passed !
	Initialyzed swapped data for i = 107, j = 277 sucessfully passed !
	Initialyzed swapped data for i = 107, j = 278 sucessfully passed !
	Initialyzed swapped data for i = 107, j = 279 sucessfully passed !
	Initialyzed swapped data for i = 107, j = 280 sucessfully passed !
	Initialyzed swapped data for i = 107, j = 281 sucessfully passed !
	Initialyzed swapped data for i = 107, j = 282 sucessfully passed !
	Initialyzed swapped data for i = 107, j = 283 sucessfully passed !
	Initialyzed swapped data for i = 107, j = 284 sucessfully passed !
	Initialyzed swapped data for i = 107, j = 285 sucessfully passed !
	Initialyzed swapped data for i = 107, j = 286 sucessfully passed !
	Initialyzed swapped data for i = 107, j = 287 sucessfully passed !
	Initialyzed swapped data for i = 107, j = 288 sucessfully passed !
	Initialyzed swapped data for i = 107, j = 289 sucessfully passed !
	Initialyzed swapped data for i = 107, j = 290 sucessfully passed !
	Initialyzed swapped data for i = 107, j = 291 sucessfully passed !
	Initialyzed swapped data for i = 107, j = 292 sucessfully passed !
	Initialyzed swapped data for i = 107, j = 293 sucessfully passed !
	Initialyzed swapped data for i = 107, j = 294 sucessfully passed !
	Initialyzed swapped data for i = 107, j = 295 sucessfully passed !
	Initialyzed swapped data for i = 107, j = 296 sucessfully passed !
	Initialyzed swapped data for i = 107, j = 297 sucessfully passed !
	Initialyzed swapped data for i = 107, j = 298 sucessfully passed !
	Initialyzed swapped data for i = 107, j = 299 sucessfully passed !
	Initialyzed swapped data for i = 107, j = 300 sucessfully passed !
	Initialyzed swapped data for i = 107, j = 301 sucessfully passed !
	Initialyzed swapped data for i = 107, j = 302 sucessfully passed !
	Initialyzed swapped data for i = 107, j = 303 sucessfully passed !
	Initialyzed swapped data for i = 107, j = 304 sucessfully passed !
	Initialyzed swapped data for i = 107, j = 305 sucessfully passed !
	Initialyzed swapped data for i = 107, j = 306 sucessfully passed !
	Initialyzed swapped data for i = 107, j = 307 sucessfully passed !
	Initialyzed swapped data for i = 107, j = 308 sucessfully passed !
	Initialyzed swapped data for i = 107, j = 309 sucessfully passed !
	Initialyzed swapped data for i = 107, j = 310 sucessfully passed !
	Initialyzed swapped data for i = 107, j = 311 sucessfully passed !
	Initialyzed swapped data for i = 107, j = 312 sucessfully passed !
	Initialyzed swapped data for i = 107, j = 313 sucessfully passed !
	Initialyzed swapped data for i = 107, j = 314 sucessfully passed !
	Initialyzed swapped data for i = 107, j = 315 sucessfully passed !
	Initialyzed swapped data for i = 107, j = 316 sucessfully passed !
	Initialyzed swapped data for i = 107, j = 317 sucessfully passed !
	Initialyzed swapped data for i = 107, j = 318 sucessfully passed !
	Initialyzed swapped data for i = 107, j = 319 sucessfully passed !
	Initialyzed swapped data for i = 107, j = 320 sucessfully passed !
	Initialyzed swapped data for i = 107, j = 321 sucessfully passed !
	Initialyzed swapped data for i = 107, j = 322 sucessfully passed !
	Initialyzed swapped data for i = 107, j = 323 sucessfully passed !
	Initialyzed swapped data for i = 107, j = 324 sucessfully passed !
	Initialyzed swapped data for i = 107, j = 325 sucessfully passed !
	Initialyzed swapped data for i = 107, j = 326 sucessfully passed !
	Initialyzed swapped data for i = 107, j = 327 sucessfully passed !
	Initialyzed swapped data for i = 107, j = 328 sucessfully passed !
	Initialyzed swapped data for i = 107, j = 329 sucessfully passed !
	Initialyzed swapped data for i = 107, j = 330 sucessfully passed !
	Initialyzed swapped data for i = 107, j = 331 sucessfully passed !
	Initialyzed swapped data for i = 107, j = 332 sucessfully passed !
	Initialyzed swapped data for i = 107, j = 333 sucessfully passed !
	Initialyzed swapped data for i = 107, j = 334 sucessfully passed !
	Initialyzed swapped data for i = 107, j = 335 sucessfully passed !
	Initialyzed swapped data for i = 107, j = 336 sucessfully passed !
	Initialyzed swapped data for i = 107, j = 337 sucessfully passed !
	Initialyzed swapped data for i = 107, j = 338 sucessfully passed !
	Initialyzed swapped data for i = 107, j = 339 sucessfully passed !
	Initialyzed swapped data for i = 107, j = 340 sucessfully passed !
	Initialyzed swapped data for i = 107, j = 341 sucessfully passed !
	Initialyzed swapped data for i = 107, j = 342 sucessfully passed !
	Initialyzed swapped data for i = 107, j = 343 sucessfully passed !
	Initialyzed swapped data for i = 107, j = 344 sucessfully passed !
	Initialyzed swapped data for i = 107, j = 345 sucessfully passed !
	Initialyzed swapped data for i = 107, j = 346 sucessfully passed !
	Initialyzed swapped data for i = 107, j = 347 sucessfully passed !
	Initialyzed swapped data for i = 107, j = 348 sucessfully passed !
	Initialyzed swapped data for i = 107, j = 349 sucessfully passed !
	Initialyzed swapped data for i = 107, j = 350 sucessfully passed !
	Initialyzed swapped data for i = 107, j = 351 sucessfully passed !
	Initialyzed swapped data for i = 107, j = 352 sucessfully passed !
	Initialyzed swapped data for i = 107, j = 353 sucessfully passed !
	Initialyzed swapped data for i = 107, j = 354 sucessfully passed !
	Initialyzed swapped data for i = 107, j = 355 sucessfully passed !
	Initialyzed swapped data for i = 107, j = 356 sucessfully passed !
	Initialyzed swapped data for i = 107, j = 357 sucessfully passed !
	Initialyzed swapped data for i = 107, j = 358 sucessfully passed !
	Initialyzed swapped data for i = 107, j = 359 sucessfully passed !
	Initialyzed swapped data for i = 107, j = 360 sucessfully passed !
	Initialyzed swapped data for i = 107, j = 361 sucessfully passed !
	Initialyzed swapped data for i = 107, j = 362 sucessfully passed !
	Initialyzed swapped data for i = 107, j = 363 sucessfully passed !
	Initialyzed swapped data for i = 107, j = 364 sucessfully passed !
	Initialyzed swapped data for i = 107, j = 365 sucessfully passed !
	Initialyzed swapped data for i = 107, j = 366 sucessfully passed !
	Initialyzed swapped data for i = 107, j = 367 sucessfully passed !
	Initialyzed swapped data for i = 107, j = 368 sucessfully passed !
	Initialyzed swapped data for i = 107, j = 369 sucessfully passed !
	Initialyzed swapped data for i = 107, j = 370 sucessfully passed !
	Initialyzed swapped data for i = 107, j = 371 sucessfully passed !
	Initialyzed swapped data for i = 107, j = 372 sucessfully passed !
	Initialyzed swapped data for i = 107, j = 373 sucessfully passed !
	Initialyzed swapped data for i = 107, j = 374 sucessfully passed !
	Initialyzed swapped data for i = 107, j = 375 sucessfully passed !
	Initialyzed swapped data for i = 107, j = 376 sucessfully passed !
	Initialyzed swapped data for i = 107, j = 377 sucessfully passed !
	Initialyzed swapped data for i = 107, j = 378 sucessfully passed !
	Initialyzed swapped data for i = 107, j = 379 sucessfully passed !
	Initialyzed swapped data for i = 107, j = 380 sucessfully passed !
	Initialyzed swapped data for i = 107, j = 381 sucessfully passed !
	Initialyzed swapped data for i = 107, j = 382 sucessfully passed !
	Initialyzed swapped data for i = 107, j = 383 sucessfully passed !
	Initialyzed swapped data for i = 107, j = 384 sucessfully passed !
	Initialyzed swapped data for i = 107, j = 385 sucessfully passed !
	Initialyzed swapped data for i = 107, j = 386 sucessfully passed !
	Initialyzed swapped data for i = 107, j = 387 sucessfully passed !
	Initialyzed swapped data for i = 107, j = 388 sucessfully passed !
	Initialyzed swapped data for i = 107, j = 389 sucessfully passed !
	Initialyzed swapped data for i = 107, j = 390 sucessfully passed !
	Initialyzed swapped data for i = 107, j = 391 sucessfully passed !
	Initialyzed swapped data for i = 107, j = 392 sucessfully passed !
	Initialyzed swapped data for i = 107, j = 393 sucessfully passed !
	Initialyzed swapped data for i = 107, j = 394 sucessfully passed !
	Initialyzed swapped data for i = 107, j = 395 sucessfully passed !
	Initialyzed swapped data for i = 107, j = 396 sucessfully passed !
	Initialyzed swapped data for i = 107, j = 397 sucessfully passed !
	Initialyzed swapped data for i = 107, j = 398 sucessfully passed !
	Initialyzed swapped data for i = 107, j = 399 sucessfully passed !
	Initialyzed swapped data for i = 107, j = 400 sucessfully passed !
	Initialyzed swapped data for i = 107, j = 401 sucessfully passed !
	Initialyzed swapped data for i = 107, j = 402 sucessfully passed !
	Initialyzed swapped data for i = 107, j = 403 sucessfully passed !
	Initialyzed swapped data for i = 107, j = 404 sucessfully passed !
	Initialyzed swapped data for i = 107, j = 405 sucessfully passed !
	Initialyzed swapped data for i = 107, j = 406 sucessfully passed !
	Initialyzed swapped data for i = 107, j = 407 sucessfully passed !
	Initialyzed swapped data for i = 107, j = 408 sucessfully passed !
	Initialyzed swapped data for i = 107, j = 409 sucessfully passed !
	Initialyzed swapped data for i = 107, j = 410 sucessfully passed !
	Initialyzed swapped data for i = 107, j = 411 sucessfully passed !
	Initialyzed swapped data for i = 107, j = 412 sucessfully passed !
	Initialyzed swapped data for i = 107, j = 413 sucessfully passed !
	Initialyzed swapped data for i = 107, j = 414 sucessfully passed !
	Initialyzed swapped data for i = 107, j = 415 sucessfully passed !
	Initialyzed swapped data for i = 107, j = 416 sucessfully passed !
	Initialyzed swapped data for i = 107, j = 417 sucessfully passed !
	Initialyzed swapped data for i = 107, j = 418 sucessfully passed !
	Initialyzed swapped data for i = 107, j = 419 sucessfully passed !
	Initialyzed swapped data for i = 107, j = 420 sucessfully passed !
	Initialyzed swapped data for i = 107, j = 421 sucessfully passed !
	Initialyzed swapped data for i = 107, j = 422 sucessfully passed !
	Initialyzed swapped data for i = 107, j = 423 sucessfully passed !
	Initialyzed swapped data for i = 107, j = 424 sucessfully passed !
	Initialyzed swapped data for i = 107, j = 425 sucessfully passed !
	Initialyzed swapped data for i = 107, j = 426 sucessfully passed !
	Initialyzed swapped data for i = 107, j = 427 sucessfully passed !
	Initialyzed swapped data for i = 107, j = 428 sucessfully passed !
	Initialyzed swapped data for i = 107, j = 429 sucessfully passed !
	Initialyzed swapped data for i = 107, j = 430 sucessfully passed !
	Initialyzed swapped data for i = 107, j = 431 sucessfully passed !
	Initialyzed swapped data for i = 107, j = 432 sucessfully passed !
	Initialyzed swapped data for i = 107, j = 433 sucessfully passed !
	Initialyzed swapped data for i = 108, j = 109 sucessfully passed !
	Initialyzed swapped data for i = 108, j = 110 sucessfully passed !
	Initialyzed swapped data for i = 108, j = 111 sucessfully passed !
	Initialyzed swapped data for i = 108, j = 112 sucessfully passed !
	Initialyzed swapped data for i = 108, j = 113 sucessfully passed !
	Initialyzed swapped data for i = 108, j = 114 sucessfully passed !
	Initialyzed swapped data for i = 108, j = 115 sucessfully passed !
	Initialyzed swapped data for i = 108, j = 116 sucessfully passed !
	Initialyzed swapped data for i = 108, j = 117 sucessfully passed !
	Initialyzed swapped data for i = 108, j = 118 sucessfully passed !
	Initialyzed swapped data for i = 108, j = 119 sucessfully passed !
	Initialyzed swapped data for i = 108, j = 120 sucessfully passed !
	Initialyzed swapped data for i = 108, j = 121 sucessfully passed !
	Initialyzed swapped data for i = 108, j = 122 sucessfully passed !
	Initialyzed swapped data for i = 108, j = 123 sucessfully passed !
	Initialyzed swapped data for i = 108, j = 124 sucessfully passed !
	Initialyzed swapped data for i = 108, j = 125 sucessfully passed !
	Initialyzed swapped data for i = 108, j = 126 sucessfully passed !
	Initialyzed swapped data for i = 108, j = 127 sucessfully passed !
	Initialyzed swapped data for i = 108, j = 128 sucessfully passed !
	Initialyzed swapped data for i = 108, j = 129 sucessfully passed !
	Initialyzed swapped data for i = 108, j = 130 sucessfully passed !
	Initialyzed swapped data for i = 108, j = 131 sucessfully passed !
	Initialyzed swapped data for i = 108, j = 132 sucessfully passed !
	Initialyzed swapped data for i = 108, j = 133 sucessfully passed !
	Initialyzed swapped data for i = 108, j = 134 sucessfully passed !
	Initialyzed swapped data for i = 108, j = 135 sucessfully passed !
	Initialyzed swapped data for i = 108, j = 136 sucessfully passed !
	Initialyzed swapped data for i = 108, j = 137 sucessfully passed !
	Initialyzed swapped data for i = 108, j = 138 sucessfully passed !
	Initialyzed swapped data for i = 108, j = 139 sucessfully passed !
	Initialyzed swapped data for i = 108, j = 140 sucessfully passed !
	Initialyzed swapped data for i = 108, j = 141 sucessfully passed !
	Initialyzed swapped data for i = 108, j = 142 sucessfully passed !
	Initialyzed swapped data for i = 108, j = 143 sucessfully passed !
	Initialyzed swapped data for i = 108, j = 144 sucessfully passed !
	Initialyzed swapped data for i = 108, j = 145 sucessfully passed !
	Initialyzed swapped data for i = 108, j = 146 sucessfully passed !
	Initialyzed swapped data for i = 108, j = 147 sucessfully passed !
	Initialyzed swapped data for i = 108, j = 148 sucessfully passed !
	Initialyzed swapped data for i = 108, j = 149 sucessfully passed !
	Initialyzed swapped data for i = 108, j = 150 sucessfully passed !
	Initialyzed swapped data for i = 108, j = 151 sucessfully passed !
	Initialyzed swapped data for i = 108, j = 152 sucessfully passed !
	Initialyzed swapped data for i = 108, j = 153 sucessfully passed !
	Initialyzed swapped data for i = 108, j = 154 sucessfully passed !
	Initialyzed swapped data for i = 108, j = 155 sucessfully passed !
	Initialyzed swapped data for i = 108, j = 156 sucessfully passed !
	Initialyzed swapped data for i = 108, j = 157 sucessfully passed !
	Initialyzed swapped data for i = 108, j = 158 sucessfully passed !
	Initialyzed swapped data for i = 108, j = 159 sucessfully passed !
	Initialyzed swapped data for i = 108, j = 160 sucessfully passed !
	Initialyzed swapped data for i = 108, j = 161 sucessfully passed !
	Initialyzed swapped data for i = 108, j = 162 sucessfully passed !
	Initialyzed swapped data for i = 108, j = 163 sucessfully passed !
	Initialyzed swapped data for i = 108, j = 164 sucessfully passed !
	Initialyzed swapped data for i = 108, j = 165 sucessfully passed !
	Initialyzed swapped data for i = 108, j = 166 sucessfully passed !
	Initialyzed swapped data for i = 108, j = 167 sucessfully passed !
	Initialyzed swapped data for i = 108, j = 168 sucessfully passed !
	Initialyzed swapped data for i = 108, j = 169 sucessfully passed !
	Initialyzed swapped data for i = 108, j = 170 sucessfully passed !
	Initialyzed swapped data for i = 108, j = 171 sucessfully passed !
	Initialyzed swapped data for i = 108, j = 172 sucessfully passed !
	Initialyzed swapped data for i = 108, j = 173 sucessfully passed !
	Initialyzed swapped data for i = 108, j = 174 sucessfully passed !
	Initialyzed swapped data for i = 108, j = 175 sucessfully passed !
	Initialyzed swapped data for i = 108, j = 176 sucessfully passed !
	Initialyzed swapped data for i = 108, j = 177 sucessfully passed !
	Initialyzed swapped data for i = 108, j = 178 sucessfully passed !
	Initialyzed swapped data for i = 108, j = 179 sucessfully passed !
	Initialyzed swapped data for i = 108, j = 180 sucessfully passed !
	Initialyzed swapped data for i = 108, j = 181 sucessfully passed !
	Initialyzed swapped data for i = 108, j = 182 sucessfully passed !
	Initialyzed swapped data for i = 108, j = 183 sucessfully passed !
	Initialyzed swapped data for i = 108, j = 184 sucessfully passed !
	Initialyzed swapped data for i = 108, j = 185 sucessfully passed !
	Initialyzed swapped data for i = 108, j = 186 sucessfully passed !
	Initialyzed swapped data for i = 108, j = 187 sucessfully passed !
	Initialyzed swapped data for i = 108, j = 188 sucessfully passed !
	Initialyzed swapped data for i = 108, j = 189 sucessfully passed !
	Initialyzed swapped data for i = 108, j = 190 sucessfully passed !
	Initialyzed swapped data for i = 108, j = 191 sucessfully passed !
	Initialyzed swapped data for i = 108, j = 192 sucessfully passed !
	Initialyzed swapped data for i = 108, j = 193 sucessfully passed !
	Initialyzed swapped data for i = 108, j = 194 sucessfully passed !
	Initialyzed swapped data for i = 108, j = 195 sucessfully passed !
	Initialyzed swapped data for i = 108, j = 196 sucessfully passed !
	Initialyzed swapped data for i = 108, j = 197 sucessfully passed !
	Initialyzed swapped data for i = 108, j = 198 sucessfully passed !
	Initialyzed swapped data for i = 108, j = 199 sucessfully passed !
	Initialyzed swapped data for i = 108, j = 200 sucessfully passed !
	Initialyzed swapped data for i = 108, j = 201 sucessfully passed !
	Initialyzed swapped data for i = 108, j = 202 sucessfully passed !
	Initialyzed swapped data for i = 108, j = 203 sucessfully passed !
	Initialyzed swapped data for i = 108, j = 204 sucessfully passed !
	Initialyzed swapped data for i = 108, j = 205 sucessfully passed !
	Initialyzed swapped data for i = 108, j = 206 sucessfully passed !
	Initialyzed swapped data for i = 108, j = 207 sucessfully passed !
	Initialyzed swapped data for i = 108, j = 208 sucessfully passed !
	Initialyzed swapped data for i = 108, j = 209 sucessfully passed !
	Initialyzed swapped data for i = 108, j = 210 sucessfully passed !
	Initialyzed swapped data for i = 108, j = 211 sucessfully passed !
	Initialyzed swapped data for i = 108, j = 212 sucessfully passed !
	Initialyzed swapped data for i = 108, j = 213 sucessfully passed !
	Initialyzed swapped data for i = 108, j = 214 sucessfully passed !
	Initialyzed swapped data for i = 108, j = 215 sucessfully passed !
	Initialyzed swapped data for i = 108, j = 216 sucessfully passed !
	Initialyzed swapped data for i = 108, j = 217 sucessfully passed !
	Initialyzed swapped data for i = 108, j = 218 sucessfully passed !
	Initialyzed swapped data for i = 108, j = 219 sucessfully passed !
	Initialyzed swapped data for i = 108, j = 220 sucessfully passed !
	Initialyzed swapped data for i = 108, j = 221 sucessfully passed !
	Initialyzed swapped data for i = 108, j = 222 sucessfully passed !
	Initialyzed swapped data for i = 108, j = 223 sucessfully passed !
	Initialyzed swapped data for i = 108, j = 224 sucessfully passed !
	Initialyzed swapped data for i = 108, j = 225 sucessfully passed !
	Initialyzed swapped data for i = 108, j = 226 sucessfully passed !
	Initialyzed swapped data for i = 108, j = 227 sucessfully passed !
	Initialyzed swapped data for i = 108, j = 228 sucessfully passed !
	Initialyzed swapped data for i = 108, j = 229 sucessfully passed !
	Initialyzed swapped data for i = 108, j = 230 sucessfully passed !
	Initialyzed swapped data for i = 108, j = 231 sucessfully passed !
	Initialyzed swapped data for i = 108, j = 232 sucessfully passed !
	Initialyzed swapped data for i = 108, j = 233 sucessfully passed !
	Initialyzed swapped data for i = 108, j = 234 sucessfully passed !
	Initialyzed swapped data for i = 108, j = 235 sucessfully passed !
	Initialyzed swapped data for i = 108, j = 236 sucessfully passed !
	Initialyzed swapped data for i = 108, j = 237 sucessfully passed !
	Initialyzed swapped data for i = 108, j = 238 sucessfully passed !
	Initialyzed swapped data for i = 108, j = 239 sucessfully passed !
	Initialyzed swapped data for i = 108, j = 240 sucessfully passed !
	Initialyzed swapped data for i = 108, j = 241 sucessfully passed !
	Initialyzed swapped data for i = 108, j = 242 sucessfully passed !
	Initialyzed swapped data for i = 108, j = 243 sucessfully passed !
	Initialyzed swapped data for i = 108, j = 244 sucessfully passed !
	Initialyzed swapped data for i = 108, j = 245 sucessfully passed !
	Initialyzed swapped data for i = 108, j = 246 sucessfully passed !
	Initialyzed swapped data for i = 108, j = 247 sucessfully passed !
	Initialyzed swapped data for i = 108, j = 248 sucessfully passed !
	Initialyzed swapped data for i = 108, j = 249 sucessfully passed !
	Initialyzed swapped data for i = 108, j = 250 sucessfully passed !
	Initialyzed swapped data for i = 108, j = 251 sucessfully passed !
	Initialyzed swapped data for i = 108, j = 252 sucessfully passed !
	Initialyzed swapped data for i = 108, j = 253 sucessfully passed !
	Initialyzed swapped data for i = 108, j = 254 sucessfully passed !
	Initialyzed swapped data for i = 108, j = 255 sucessfully passed !
	Initialyzed swapped data for i = 108, j = 256 sucessfully passed !
	Initialyzed swapped data for i = 108, j = 257 sucessfully passed !
	Initialyzed swapped data for i = 108, j = 258 sucessfully passed !
	Initialyzed swapped data for i = 108, j = 259 sucessfully passed !
	Initialyzed swapped data for i = 108, j = 260 sucessfully passed !
	Initialyzed swapped data for i = 108, j = 261 sucessfully passed !
	Initialyzed swapped data for i = 108, j = 262 sucessfully passed !
	Initialyzed swapped data for i = 108, j = 263 sucessfully passed !
	Initialyzed swapped data for i = 108, j = 264 sucessfully passed !
	Initialyzed swapped data for i = 108, j = 265 sucessfully passed !
	Initialyzed swapped data for i = 108, j = 266 sucessfully passed !
	Initialyzed swapped data for i = 108, j = 267 sucessfully passed !
	Initialyzed swapped data for i = 108, j = 268 sucessfully passed !
	Initialyzed swapped data for i = 108, j = 269 sucessfully passed !
	Initialyzed swapped data for i = 108, j = 270 sucessfully passed !
	Initialyzed swapped data for i = 108, j = 271 sucessfully passed !
	Initialyzed swapped data for i = 108, j = 272 sucessfully passed !
	Initialyzed swapped data for i = 108, j = 273 sucessfully passed !
	Initialyzed swapped data for i = 108, j = 274 sucessfully passed !
	Initialyzed swapped data for i = 108, j = 275 sucessfully passed !
	Initialyzed swapped data for i = 108, j = 276 sucessfully passed !
	Initialyzed swapped data for i = 108, j = 277 sucessfully passed !
	Initialyzed swapped data for i = 108, j = 278 sucessfully passed !
	Initialyzed swapped data for i = 108, j = 279 sucessfully passed !
	Initialyzed swapped data for i = 108, j = 280 sucessfully passed !
	Initialyzed swapped data for i = 108, j = 281 sucessfully passed !
	Initialyzed swapped data for i = 108, j = 282 sucessfully passed !
	Initialyzed swapped data for i = 108, j = 283 sucessfully passed !
	Initialyzed swapped data for i = 108, j = 284 sucessfully passed !
	Initialyzed swapped data for i = 108, j = 285 sucessfully passed !
	Initialyzed swapped data for i = 108, j = 286 sucessfully passed !
	Initialyzed swapped data for i = 108, j = 287 sucessfully passed !
	Initialyzed swapped data for i = 108, j = 288 sucessfully passed !
	Initialyzed swapped data for i = 108, j = 289 sucessfully passed !
	Initialyzed swapped data for i = 108, j = 290 sucessfully passed !
	Initialyzed swapped data for i = 108, j = 291 sucessfully passed !
	Initialyzed swapped data for i = 108, j = 292 sucessfully passed !
	Initialyzed swapped data for i = 108, j = 293 sucessfully passed !
	Initialyzed swapped data for i = 108, j = 294 sucessfully passed !
	Initialyzed swapped data for i = 108, j = 295 sucessfully passed !
	Initialyzed swapped data for i = 108, j = 296 sucessfully passed !
	Initialyzed swapped data for i = 108, j = 297 sucessfully passed !
	Initialyzed swapped data for i = 108, j = 298 sucessfully passed !
	Initialyzed swapped data for i = 108, j = 299 sucessfully passed !
	Initialyzed swapped data for i = 108, j = 300 sucessfully passed !
	Initialyzed swapped data for i = 108, j = 301 sucessfully passed !
	Initialyzed swapped data for i = 108, j = 302 sucessfully passed !
	Initialyzed swapped data for i = 108, j = 303 sucessfully passed !
	Initialyzed swapped data for i = 108, j = 304 sucessfully passed !
	Initialyzed swapped data for i = 108, j = 305 sucessfully passed !
	Initialyzed swapped data for i = 108, j = 306 sucessfully passed !
	Initialyzed swapped data for i = 108, j = 307 sucessfully passed !
	Initialyzed swapped data for i = 108, j = 308 sucessfully passed !
	Initialyzed swapped data for i = 108, j = 309 sucessfully passed !
	Initialyzed swapped data for i = 108, j = 310 sucessfully passed !
	Initialyzed swapped data for i = 108, j = 311 sucessfully passed !
	Initialyzed swapped data for i = 108, j = 312 sucessfully passed !
	Initialyzed swapped data for i = 108, j = 313 sucessfully passed !
	Initialyzed swapped data for i = 108, j = 314 sucessfully passed !
	Initialyzed swapped data for i = 108, j = 315 sucessfully passed !
	Initialyzed swapped data for i = 108, j = 316 sucessfully passed !
	Initialyzed swapped data for i = 108, j = 317 sucessfully passed !
	Initialyzed swapped data for i = 108, j = 318 sucessfully passed !
	Initialyzed swapped data for i = 108, j = 319 sucessfully passed !
	Initialyzed swapped data for i = 108, j = 320 sucessfully passed !
	Initialyzed swapped data for i = 108, j = 321 sucessfully passed !
	Initialyzed swapped data for i = 108, j = 322 sucessfully passed !
	Initialyzed swapped data for i = 108, j = 323 sucessfully passed !
	Initialyzed swapped data for i = 108, j = 324 sucessfully passed !
	Initialyzed swapped data for i = 108, j = 325 sucessfully passed !
	Initialyzed swapped data for i = 108, j = 326 sucessfully passed !
	Initialyzed swapped data for i = 108, j = 327 sucessfully passed !
	Initialyzed swapped data for i = 108, j = 328 sucessfully passed !
	Initialyzed swapped data for i = 108, j = 329 sucessfully passed !
	Initialyzed swapped data for i = 108, j = 330 sucessfully passed !
	Initialyzed swapped data for i = 108, j = 331 sucessfully passed !
	Initialyzed swapped data for i = 108, j = 332 sucessfully passed !
	Initialyzed swapped data for i = 108, j = 333 sucessfully passed !
	Initialyzed swapped data for i = 108, j = 334 sucessfully passed !
	Initialyzed swapped data for i = 108, j = 335 sucessfully passed !
	Initialyzed swapped data for i = 108, j = 336 sucessfully passed !
	Initialyzed swapped data for i = 108, j = 337 sucessfully passed !
	Initialyzed swapped data for i = 108, j = 338 sucessfully passed !
	Initialyzed swapped data for i = 108, j = 339 sucessfully passed !
	Initialyzed swapped data for i = 108, j = 340 sucessfully passed !
	Initialyzed swapped data for i = 108, j = 341 sucessfully passed !
	Initialyzed swapped data for i = 108, j = 342 sucessfully passed !
	Initialyzed swapped data for i = 108, j = 343 sucessfully passed !
	Initialyzed swapped data for i = 108, j = 344 sucessfully passed !
	Initialyzed swapped data for i = 108, j = 345 sucessfully passed !
	Initialyzed swapped data for i = 108, j = 346 sucessfully passed !
	Initialyzed swapped data for i = 108, j = 347 sucessfully passed !
	Initialyzed swapped data for i = 108, j = 348 sucessfully passed !
	Initialyzed swapped data for i = 108, j = 349 sucessfully passed !
	Initialyzed swapped data for i = 108, j = 350 sucessfully passed !
	Initialyzed swapped data for i = 108, j = 351 sucessfully passed !
	Initialyzed swapped data for i = 108, j = 352 sucessfully passed !
	Initialyzed swapped data for i = 108, j = 353 sucessfully passed !
	Initialyzed swapped data for i = 108, j = 354 sucessfully passed !
	Initialyzed swapped data for i = 108, j = 355 sucessfully passed !
	Initialyzed swapped data for i = 108, j = 356 sucessfully passed !
	Initialyzed swapped data for i = 108, j = 357 sucessfully passed !
	Initialyzed swapped data for i = 108, j = 358 sucessfully passed !
	Initialyzed swapped data for i = 108, j = 359 sucessfully passed !
	Initialyzed swapped data for i = 108, j = 360 sucessfully passed !
	Initialyzed swapped data for i = 108, j = 361 sucessfully passed !
	Initialyzed swapped data for i = 108, j = 362 sucessfully passed !
	Initialyzed swapped data for i = 108, j = 363 sucessfully passed !
	Initialyzed swapped data for i = 108, j = 364 sucessfully passed !
	Initialyzed swapped data for i = 108, j = 365 sucessfully passed !
	Initialyzed swapped data for i = 108, j = 366 sucessfully passed !
	Initialyzed swapped data for i = 108, j = 367 sucessfully passed !
	Initialyzed swapped data for i = 108, j = 368 sucessfully passed !
	Initialyzed swapped data for i = 108, j = 369 sucessfully passed !
	Initialyzed swapped data for i = 108, j = 370 sucessfully passed !
	Initialyzed swapped data for i = 108, j = 371 sucessfully passed !
	Initialyzed swapped data for i = 108, j = 372 sucessfully passed !
	Initialyzed swapped data for i = 108, j = 373 sucessfully passed !
	Initialyzed swapped data for i = 108, j = 374 sucessfully passed !
	Initialyzed swapped data for i = 108, j = 375 sucessfully passed !
	Initialyzed swapped data for i = 108, j = 376 sucessfully passed !
	Initialyzed swapped data for i = 108, j = 377 sucessfully passed !
	Initialyzed swapped data for i = 108, j = 378 sucessfully passed !
	Initialyzed swapped data for i = 108, j = 379 sucessfully passed !
	Initialyzed swapped data for i = 108, j = 380 sucessfully passed !
	Initialyzed swapped data for i = 108, j = 381 sucessfully passed !
	Initialyzed swapped data for i = 108, j = 382 sucessfully passed !
	Initialyzed swapped data for i = 108, j = 383 sucessfully passed !
	Initialyzed swapped data for i = 108, j = 384 sucessfully passed !
	Initialyzed swapped data for i = 108, j = 385 sucessfully passed !
	Initialyzed swapped data for i = 108, j = 386 sucessfully passed !
	Initialyzed swapped data for i = 108, j = 387 sucessfully passed !
	Initialyzed swapped data for i = 108, j = 388 sucessfully passed !
	Initialyzed swapped data for i = 108, j = 389 sucessfully passed !
	Initialyzed swapped data for i = 108, j = 390 sucessfully passed !
	Initialyzed swapped data for i = 108, j = 391 sucessfully passed !
	Initialyzed swapped data for i = 108, j = 392 sucessfully passed !
	Initialyzed swapped data for i = 108, j = 393 sucessfully passed !
	Initialyzed swapped data for i = 108, j = 394 sucessfully passed !
	Initialyzed swapped data for i = 108, j = 395 sucessfully passed !
	Initialyzed swapped data for i = 108, j = 396 sucessfully passed !
	Initialyzed swapped data for i = 108, j = 397 sucessfully passed !
	Initialyzed swapped data for i = 108, j = 398 sucessfully passed !
	Initialyzed swapped data for i = 108, j = 399 sucessfully passed !
	Initialyzed swapped data for i = 108, j = 400 sucessfully passed !
	Initialyzed swapped data for i = 108, j = 401 sucessfully passed !
	Initialyzed swapped data for i = 108, j = 402 sucessfully passed !
	Initialyzed swapped data for i = 108, j = 403 sucessfully passed !
	Initialyzed swapped data for i = 108, j = 404 sucessfully passed !
	Initialyzed swapped data for i = 108, j = 405 sucessfully passed !
	Initialyzed swapped data for i = 108, j = 406 sucessfully passed !
	Initialyzed swapped data for i = 108, j = 407 sucessfully passed !
	Initialyzed swapped data for i = 108, j = 408 sucessfully passed !
	Initialyzed swapped data for i = 108, j = 409 sucessfully passed !
	Initialyzed swapped data for i = 108, j = 410 sucessfully passed !
	Initialyzed swapped data for i = 108, j = 411 sucessfully passed !
	Initialyzed swapped data for i = 108, j = 412 sucessfully passed !
	Initialyzed swapped data for i = 108, j = 413 sucessfully passed !
	Initialyzed swapped data for i = 108, j = 414 sucessfully passed !
	Initialyzed swapped data for i = 108, j = 415 sucessfully passed !
	Initialyzed swapped data for i = 108, j = 416 sucessfully passed !
	Initialyzed swapped data for i = 108, j = 417 sucessfully passed !
	Initialyzed swapped data for i = 108, j = 418 sucessfully passed !
	Initialyzed swapped data for i = 108, j = 419 sucessfully passed !
	Initialyzed swapped data for i = 108, j = 420 sucessfully passed !
	Initialyzed swapped data for i = 108, j = 421 sucessfully passed !
	Initialyzed swapped data for i = 108, j = 422 sucessfully passed !
	Initialyzed swapped data for i = 108, j = 423 sucessfully passed !
	Initialyzed swapped data for i = 108, j = 424 sucessfully passed !
	Initialyzed swapped data for i = 108, j = 425 sucessfully passed !
	Initialyzed swapped data for i = 108, j = 426 sucessfully passed !
	Initialyzed swapped data for i = 108, j = 427 sucessfully passed !
	Initialyzed swapped data for i = 108, j = 428 sucessfully passed !
	Initialyzed swapped data for i = 108, j = 429 sucessfully passed !
	Initialyzed swapped data for i = 108, j = 430 sucessfully passed !
	Initialyzed swapped data for i = 108, j = 431 sucessfully passed !
	Initialyzed swapped data for i = 108, j = 432 sucessfully passed !
	Initialyzed swapped data for i = 108, j = 433 sucessfully passed !
	Initialyzed swapped data for i = 109, j = 110 sucessfully passed !
	Initialyzed swapped data for i = 109, j = 111 sucessfully passed !
	Initialyzed swapped data for i = 109, j = 112 sucessfully passed !
	Initialyzed swapped data for i = 109, j = 113 sucessfully passed !
	Initialyzed swapped data for i = 109, j = 114 sucessfully passed !
	Initialyzed swapped data for i = 109, j = 115 sucessfully passed !
	Initialyzed swapped data for i = 109, j = 116 sucessfully passed !
	Initialyzed swapped data for i = 109, j = 117 sucessfully passed !
	Initialyzed swapped data for i = 109, j = 118 sucessfully passed !
	Initialyzed swapped data for i = 109, j = 119 sucessfully passed !
	Initialyzed swapped data for i = 109, j = 120 sucessfully passed !
	Initialyzed swapped data for i = 109, j = 121 sucessfully passed !
	Initialyzed swapped data for i = 109, j = 122 sucessfully passed !
	Initialyzed swapped data for i = 109, j = 123 sucessfully passed !
	Initialyzed swapped data for i = 109, j = 124 sucessfully passed !
	Initialyzed swapped data for i = 109, j = 125 sucessfully passed !
	Initialyzed swapped data for i = 109, j = 126 sucessfully passed !
	Initialyzed swapped data for i = 109, j = 127 sucessfully passed !
	Initialyzed swapped data for i = 109, j = 128 sucessfully passed !
	Initialyzed swapped data for i = 109, j = 129 sucessfully passed !
	Initialyzed swapped data for i = 109, j = 130 sucessfully passed !
	Initialyzed swapped data for i = 109, j = 131 sucessfully passed !
	Initialyzed swapped data for i = 109, j = 132 sucessfully passed !
	Initialyzed swapped data for i = 109, j = 133 sucessfully passed !
	Initialyzed swapped data for i = 109, j = 134 sucessfully passed !
	Initialyzed swapped data for i = 109, j = 135 sucessfully passed !
	Initialyzed swapped data for i = 109, j = 136 sucessfully passed !
	Initialyzed swapped data for i = 109, j = 137 sucessfully passed !
	Initialyzed swapped data for i = 109, j = 138 sucessfully passed !
	Initialyzed swapped data for i = 109, j = 139 sucessfully passed !
	Initialyzed swapped data for i = 109, j = 140 sucessfully passed !
	Initialyzed swapped data for i = 109, j = 141 sucessfully passed !
	Initialyzed swapped data for i = 109, j = 142 sucessfully passed !
	Initialyzed swapped data for i = 109, j = 143 sucessfully passed !
	Initialyzed swapped data for i = 109, j = 144 sucessfully passed !
	Initialyzed swapped data for i = 109, j = 145 sucessfully passed !
	Initialyzed swapped data for i = 109, j = 146 sucessfully passed !
	Initialyzed swapped data for i = 109, j = 147 sucessfully passed !
	Initialyzed swapped data for i = 109, j = 148 sucessfully passed !
	Initialyzed swapped data for i = 109, j = 149 sucessfully passed !
	Initialyzed swapped data for i = 109, j = 150 sucessfully passed !
	Initialyzed swapped data for i = 109, j = 151 sucessfully passed !
	Initialyzed swapped data for i = 109, j = 152 sucessfully passed !
	Initialyzed swapped data for i = 109, j = 153 sucessfully passed !
	Initialyzed swapped data for i = 109, j = 154 sucessfully passed !
	Initialyzed swapped data for i = 109, j = 155 sucessfully passed !
	Initialyzed swapped data for i = 109, j = 156 sucessfully passed !
	Initialyzed swapped data for i = 109, j = 157 sucessfully passed !
	Initialyzed swapped data for i = 109, j = 158 sucessfully passed !
	Initialyzed swapped data for i = 109, j = 159 sucessfully passed !
	Initialyzed swapped data for i = 109, j = 160 sucessfully passed !
	Initialyzed swapped data for i = 109, j = 161 sucessfully passed !
	Initialyzed swapped data for i = 109, j = 162 sucessfully passed !
	Initialyzed swapped data for i = 109, j = 163 sucessfully passed !
	Initialyzed swapped data for i = 109, j = 164 sucessfully passed !
	Initialyzed swapped data for i = 109, j = 165 sucessfully passed !
	Initialyzed swapped data for i = 109, j = 166 sucessfully passed !
	Initialyzed swapped data for i = 109, j = 167 sucessfully passed !
	Initialyzed swapped data for i = 109, j = 168 sucessfully passed !
	Initialyzed swapped data for i = 109, j = 169 sucessfully passed !
	Initialyzed swapped data for i = 109, j = 170 sucessfully passed !
	Initialyzed swapped data for i = 109, j = 171 sucessfully passed !
	Initialyzed swapped data for i = 109, j = 172 sucessfully passed !
	Initialyzed swapped data for i = 109, j = 173 sucessfully passed !
	Initialyzed swapped data for i = 109, j = 174 sucessfully passed !
	Initialyzed swapped data for i = 109, j = 175 sucessfully passed !
	Initialyzed swapped data for i = 109, j = 176 sucessfully passed !
	Initialyzed swapped data for i = 109, j = 177 sucessfully passed !
	Initialyzed swapped data for i = 109, j = 178 sucessfully passed !
	Initialyzed swapped data for i = 109, j = 179 sucessfully passed !
	Initialyzed swapped data for i = 109, j = 180 sucessfully passed !
	Initialyzed swapped data for i = 109, j = 181 sucessfully passed !
	Initialyzed swapped data for i = 109, j = 182 sucessfully passed !
	Initialyzed swapped data for i = 109, j = 183 sucessfully passed !
	Initialyzed swapped data for i = 109, j = 184 sucessfully passed !
	Initialyzed swapped data for i = 109, j = 185 sucessfully passed !
	Initialyzed swapped data for i = 109, j = 186 sucessfully passed !
	Initialyzed swapped data for i = 109, j = 187 sucessfully passed !
	Initialyzed swapped data for i = 109, j = 188 sucessfully passed !
	Initialyzed swapped data for i = 109, j = 189 sucessfully passed !
	Initialyzed swapped data for i = 109, j = 190 sucessfully passed !
	Initialyzed swapped data for i = 109, j = 191 sucessfully passed !
	Initialyzed swapped data for i = 109, j = 192 sucessfully passed !
	Initialyzed swapped data for i = 109, j = 193 sucessfully passed !
	Initialyzed swapped data for i = 109, j = 194 sucessfully passed !
	Initialyzed swapped data for i = 109, j = 195 sucessfully passed !
	Initialyzed swapped data for i = 109, j = 196 sucessfully passed !
	Initialyzed swapped data for i = 109, j = 197 sucessfully passed !
	Initialyzed swapped data for i = 109, j = 198 sucessfully passed !
	Initialyzed swapped data for i = 109, j = 199 sucessfully passed !
	Initialyzed swapped data for i = 109, j = 200 sucessfully passed !
	Initialyzed swapped data for i = 109, j = 201 sucessfully passed !
	Initialyzed swapped data for i = 109, j = 202 sucessfully passed !
	Initialyzed swapped data for i = 109, j = 203 sucessfully passed !
	Initialyzed swapped data for i = 109, j = 204 sucessfully passed !
	Initialyzed swapped data for i = 109, j = 205 sucessfully passed !
	Initialyzed swapped data for i = 109, j = 206 sucessfully passed !
	Initialyzed swapped data for i = 109, j = 207 sucessfully passed !
	Initialyzed swapped data for i = 109, j = 208 sucessfully passed !
	Initialyzed swapped data for i = 109, j = 209 sucessfully passed !
	Initialyzed swapped data for i = 109, j = 210 sucessfully passed !
	Initialyzed swapped data for i = 109, j = 211 sucessfully passed !
	Initialyzed swapped data for i = 109, j = 212 sucessfully passed !
	Initialyzed swapped data for i = 109, j = 213 sucessfully passed !
	Initialyzed swapped data for i = 109, j = 214 sucessfully passed !
	Initialyzed swapped data for i = 109, j = 215 sucessfully passed !
	Initialyzed swapped data for i = 109, j = 216 sucessfully passed !
	Initialyzed swapped data for i = 109, j = 217 sucessfully passed !
	Initialyzed swapped data for i = 109, j = 218 sucessfully passed !
	Initialyzed swapped data for i = 109, j = 219 sucessfully passed !
	Initialyzed swapped data for i = 109, j = 220 sucessfully passed !
	Initialyzed swapped data for i = 109, j = 221 sucessfully passed !
	Initialyzed swapped data for i = 109, j = 222 sucessfully passed !
	Initialyzed swapped data for i = 109, j = 223 sucessfully passed !
	Initialyzed swapped data for i = 109, j = 224 sucessfully passed !
	Initialyzed swapped data for i = 109, j = 225 sucessfully passed !
	Initialyzed swapped data for i = 109, j = 226 sucessfully passed !
	Initialyzed swapped data for i = 109, j = 227 sucessfully passed !
	Initialyzed swapped data for i = 109, j = 228 sucessfully passed !
	Initialyzed swapped data for i = 109, j = 229 sucessfully passed !
	Initialyzed swapped data for i = 109, j = 230 sucessfully passed !
	Initialyzed swapped data for i = 109, j = 231 sucessfully passed !
	Initialyzed swapped data for i = 109, j = 232 sucessfully passed !
	Initialyzed swapped data for i = 109, j = 233 sucessfully passed !
	Initialyzed swapped data for i = 109, j = 234 sucessfully passed !
	Initialyzed swapped data for i = 109, j = 235 sucessfully passed !
	Initialyzed swapped data for i = 109, j = 236 sucessfully passed !
	Initialyzed swapped data for i = 109, j = 237 sucessfully passed !
	Initialyzed swapped data for i = 109, j = 238 sucessfully passed !
	Initialyzed swapped data for i = 109, j = 239 sucessfully passed !
	Initialyzed swapped data for i = 109, j = 240 sucessfully passed !
	Initialyzed swapped data for i = 109, j = 241 sucessfully passed !
	Initialyzed swapped data for i = 109, j = 242 sucessfully passed !
	Initialyzed swapped data for i = 109, j = 243 sucessfully passed !
	Initialyzed swapped data for i = 109, j = 244 sucessfully passed !
	Initialyzed swapped data for i = 109, j = 245 sucessfully passed !
	Initialyzed swapped data for i = 109, j = 246 sucessfully passed !
	Initialyzed swapped data for i = 109, j = 247 sucessfully passed !
	Initialyzed swapped data for i = 109, j = 248 sucessfully passed !
	Initialyzed swapped data for i = 109, j = 249 sucessfully passed !
	Initialyzed swapped data for i = 109, j = 250 sucessfully passed !
	Initialyzed swapped data for i = 109, j = 251 sucessfully passed !
	Initialyzed swapped data for i = 109, j = 252 sucessfully passed !
	Initialyzed swapped data for i = 109, j = 253 sucessfully passed !
	Initialyzed swapped data for i = 109, j = 254 sucessfully passed !
	Initialyzed swapped data for i = 109, j = 255 sucessfully passed !
	Initialyzed swapped data for i = 109, j = 256 sucessfully passed !
	Initialyzed swapped data for i = 109, j = 257 sucessfully passed !
	Initialyzed swapped data for i = 109, j = 258 sucessfully passed !
	Initialyzed swapped data for i = 109, j = 259 sucessfully passed !
	Initialyzed swapped data for i = 109, j = 260 sucessfully passed !
	Initialyzed swapped data for i = 109, j = 261 sucessfully passed !
	Initialyzed swapped data for i = 109, j = 262 sucessfully passed !
	Initialyzed swapped data for i = 109, j = 263 sucessfully passed !
	Initialyzed swapped data for i = 109, j = 264 sucessfully passed !
	Initialyzed swapped data for i = 109, j = 265 sucessfully passed !
	Initialyzed swapped data for i = 109, j = 266 sucessfully passed !
	Initialyzed swapped data for i = 109, j = 267 sucessfully passed !
	Initialyzed swapped data for i = 109, j = 268 sucessfully passed !
	Initialyzed swapped data for i = 109, j = 269 sucessfully passed !
	Initialyzed swapped data for i = 109, j = 270 sucessfully passed !
	Initialyzed swapped data for i = 109, j = 271 sucessfully passed !
	Initialyzed swapped data for i = 109, j = 272 sucessfully passed !
	Initialyzed swapped data for i = 109, j = 273 sucessfully passed !
	Initialyzed swapped data for i = 109, j = 274 sucessfully passed !
	Initialyzed swapped data for i = 109, j = 275 sucessfully passed !
	Initialyzed swapped data for i = 109, j = 276 sucessfully passed !
	Initialyzed swapped data for i = 109, j = 277 sucessfully passed !
	Initialyzed swapped data for i = 109, j = 278 sucessfully passed !
	Initialyzed swapped data for i = 109, j = 279 sucessfully passed !
	Initialyzed swapped data for i = 109, j = 280 sucessfully passed !
	Initialyzed swapped data for i = 109, j = 281 sucessfully passed !
	Initialyzed swapped data for i = 109, j = 282 sucessfully passed !
	Initialyzed swapped data for i = 109, j = 283 sucessfully passed !
	Initialyzed swapped data for i = 109, j = 284 sucessfully passed !
	Initialyzed swapped data for i = 109, j = 285 sucessfully passed !
	Initialyzed swapped data for i = 109, j = 286 sucessfully passed !
	Initialyzed swapped data for i = 109, j = 287 sucessfully passed !
	Initialyzed swapped data for i = 109, j = 288 sucessfully passed !
	Initialyzed swapped data for i = 109, j = 289 sucessfully passed !
	Initialyzed swapped data for i = 109, j = 290 sucessfully passed !
	Initialyzed swapped data for i = 109, j = 291 sucessfully passed !
	Initialyzed swapped data for i = 109, j = 292 sucessfully passed !
	Initialyzed swapped data for i = 109, j = 293 sucessfully passed !
	Initialyzed swapped data for i = 109, j = 294 sucessfully passed !
	Initialyzed swapped data for i = 109, j = 295 sucessfully passed !
	Initialyzed swapped data for i = 109, j = 296 sucessfully passed !
	Initialyzed swapped data for i = 109, j = 297 sucessfully passed !
	Initialyzed swapped data for i = 109, j = 298 sucessfully passed !
	Initialyzed swapped data for i = 109, j = 299 sucessfully passed !
	Initialyzed swapped data for i = 109, j = 300 sucessfully passed !
	Initialyzed swapped data for i = 109, j = 301 sucessfully passed !
	Initialyzed swapped data for i = 109, j = 302 sucessfully passed !
	Initialyzed swapped data for i = 109, j = 303 sucessfully passed !
	Initialyzed swapped data for i = 109, j = 304 sucessfully passed !
	Initialyzed swapped data for i = 109, j = 305 sucessfully passed !
	Initialyzed swapped data for i = 109, j = 306 sucessfully passed !
	Initialyzed swapped data for i = 109, j = 307 sucessfully passed !
	Initialyzed swapped data for i = 109, j = 308 sucessfully passed !
	Initialyzed swapped data for i = 109, j = 309 sucessfully passed !
	Initialyzed swapped data for i = 109, j = 310 sucessfully passed !
	Initialyzed swapped data for i = 109, j = 311 sucessfully passed !
	Initialyzed swapped data for i = 109, j = 312 sucessfully passed !
	Initialyzed swapped data for i = 109, j = 313 sucessfully passed !
	Initialyzed swapped data for i = 109, j = 314 sucessfully passed !
	Initialyzed swapped data for i = 109, j = 315 sucessfully passed !
	Initialyzed swapped data for i = 109, j = 316 sucessfully passed !
	Initialyzed swapped data for i = 109, j = 317 sucessfully passed !
	Initialyzed swapped data for i = 109, j = 318 sucessfully passed !
	Initialyzed swapped data for i = 109, j = 319 sucessfully passed !
	Initialyzed swapped data for i = 109, j = 320 sucessfully passed !
	Initialyzed swapped data for i = 109, j = 321 sucessfully passed !
	Initialyzed swapped data for i = 109, j = 322 sucessfully passed !
	Initialyzed swapped data for i = 109, j = 323 sucessfully passed !
	Initialyzed swapped data for i = 109, j = 324 sucessfully passed !
	Initialyzed swapped data for i = 109, j = 325 sucessfully passed !
	Initialyzed swapped data for i = 109, j = 326 sucessfully passed !
	Initialyzed swapped data for i = 109, j = 327 sucessfully passed !
	Initialyzed swapped data for i = 109, j = 328 sucessfully passed !
	Initialyzed swapped data for i = 109, j = 329 sucessfully passed !
	Initialyzed swapped data for i = 109, j = 330 sucessfully passed !
	Initialyzed swapped data for i = 109, j = 331 sucessfully passed !
	Initialyzed swapped data for i = 109, j = 332 sucessfully passed !
	Initialyzed swapped data for i = 109, j = 333 sucessfully passed !
	Initialyzed swapped data for i = 109, j = 334 sucessfully passed !
	Initialyzed swapped data for i = 109, j = 335 sucessfully passed !
	Initialyzed swapped data for i = 109, j = 336 sucessfully passed !
	Initialyzed swapped data for i = 109, j = 337 sucessfully passed !
	Initialyzed swapped data for i = 109, j = 338 sucessfully passed !
	Initialyzed swapped data for i = 109, j = 339 sucessfully passed !
	Initialyzed swapped data for i = 109, j = 340 sucessfully passed !
	Initialyzed swapped data for i = 109, j = 341 sucessfully passed !
	Initialyzed swapped data for i = 109, j = 342 sucessfully passed !
	Initialyzed swapped data for i = 109, j = 343 sucessfully passed !
	Initialyzed swapped data for i = 109, j = 344 sucessfully passed !
	Initialyzed swapped data for i = 109, j = 345 sucessfully passed !
	Initialyzed swapped data for i = 109, j = 346 sucessfully passed !
	Initialyzed swapped data for i = 109, j = 347 sucessfully passed !
	Initialyzed swapped data for i = 109, j = 348 sucessfully passed !
	Initialyzed swapped data for i = 109, j = 349 sucessfully passed !
	Initialyzed swapped data for i = 109, j = 350 sucessfully passed !
	Initialyzed swapped data for i = 109, j = 351 sucessfully passed !
	Initialyzed swapped data for i = 109, j = 352 sucessfully passed !
	Initialyzed swapped data for i = 109, j = 353 sucessfully passed !
	Initialyzed swapped data for i = 109, j = 354 sucessfully passed !
	Initialyzed swapped data for i = 109, j = 355 sucessfully passed !
	Initialyzed swapped data for i = 109, j = 356 sucessfully passed !
	Initialyzed swapped data for i = 109, j = 357 sucessfully passed !
	Initialyzed swapped data for i = 109, j = 358 sucessfully passed !
	Initialyzed swapped data for i = 109, j = 359 sucessfully passed !
	Initialyzed swapped data for i = 109, j = 360 sucessfully passed !
	Initialyzed swapped data for i = 109, j = 361 sucessfully passed !
	Initialyzed swapped data for i = 109, j = 362 sucessfully passed !
	Initialyzed swapped data for i = 109, j = 363 sucessfully passed !
	Initialyzed swapped data for i = 109, j = 364 sucessfully passed !
	Initialyzed swapped data for i = 109, j = 365 sucessfully passed !
	Initialyzed swapped data for i = 109, j = 366 sucessfully passed !
	Initialyzed swapped data for i = 109, j = 367 sucessfully passed !
	Initialyzed swapped data for i = 109, j = 368 sucessfully passed !
	Initialyzed swapped data for i = 109, j = 369 sucessfully passed !
	Initialyzed swapped data for i = 109, j = 370 sucessfully passed !
	Initialyzed swapped data for i = 109, j = 371 sucessfully passed !
	Initialyzed swapped data for i = 109, j = 372 sucessfully passed !
	Initialyzed swapped data for i = 109, j = 373 sucessfully passed !
	Initialyzed swapped data for i = 109, j = 374 sucessfully passed !
	Initialyzed swapped data for i = 109, j = 375 sucessfully passed !
	Initialyzed swapped data for i = 109, j = 376 sucessfully passed !
	Initialyzed swapped data for i = 109, j = 377 sucessfully passed !
	Initialyzed swapped data for i = 109, j = 378 sucessfully passed !
	Initialyzed swapped data for i = 109, j = 379 sucessfully passed !
	Initialyzed swapped data for i = 109, j = 380 sucessfully passed !
	Initialyzed swapped data for i = 109, j = 381 sucessfully passed !
	Initialyzed swapped data for i = 109, j = 382 sucessfully passed !
	Initialyzed swapped data for i = 109, j = 383 sucessfully passed !
	Initialyzed swapped data for i = 109, j = 384 sucessfully passed !
	Initialyzed swapped data for i = 109, j = 385 sucessfully passed !
	Initialyzed swapped data for i = 109, j = 386 sucessfully passed !
	Initialyzed swapped data for i = 109, j = 387 sucessfully passed !
	Initialyzed swapped data for i = 109, j = 388 sucessfully passed !
	Initialyzed swapped data for i = 109, j = 389 sucessfully passed !
	Initialyzed swapped data for i = 109, j = 390 sucessfully passed !
	Initialyzed swapped data for i = 109, j = 391 sucessfully passed !
	Initialyzed swapped data for i = 109, j = 392 sucessfully passed !
	Initialyzed swapped data for i = 109, j = 393 sucessfully passed !
	Initialyzed swapped data for i = 109, j = 394 sucessfully passed !
	Initialyzed swapped data for i = 109, j = 395 sucessfully passed !
	Initialyzed swapped data for i = 109, j = 396 sucessfully passed !
	Initialyzed swapped data for i = 109, j = 397 sucessfully passed !
	Initialyzed swapped data for i = 109, j = 398 sucessfully passed !
	Initialyzed swapped data for i = 109, j = 399 sucessfully passed !
	Initialyzed swapped data for i = 109, j = 400 sucessfully passed !
	Initialyzed swapped data for i = 109, j = 401 sucessfully passed !
	Initialyzed swapped data for i = 109, j = 402 sucessfully passed !
	Initialyzed swapped data for i = 109, j = 403 sucessfully passed !
	Initialyzed swapped data for i = 109, j = 404 sucessfully passed !
	Initialyzed swapped data for i = 109, j = 405 sucessfully passed !
	Initialyzed swapped data for i = 109, j = 406 sucessfully passed !
	Initialyzed swapped data for i = 109, j = 407 sucessfully passed !
	Initialyzed swapped data for i = 109, j = 408 sucessfully passed !
	Initialyzed swapped data for i = 109, j = 409 sucessfully passed !
	Initialyzed swapped data for i = 109, j = 410 sucessfully passed !
	Initialyzed swapped data for i = 109, j = 411 sucessfully passed !
	Initialyzed swapped data for i = 109, j = 412 sucessfully passed !
	Initialyzed swapped data for i = 109, j = 413 sucessfully passed !
	Initialyzed swapped data for i = 109, j = 414 sucessfully passed !
	Initialyzed swapped data for i = 109, j = 415 sucessfully passed !
	Initialyzed swapped data for i = 109, j = 416 sucessfully passed !
	Initialyzed swapped data for i = 109, j = 417 sucessfully passed !
	Initialyzed swapped data for i = 109, j = 418 sucessfully passed !
	Initialyzed swapped data for i = 109, j = 419 sucessfully passed !
	Initialyzed swapped data for i = 109, j = 420 sucessfully passed !
	Initialyzed swapped data for i = 109, j = 421 sucessfully passed !
	Initialyzed swapped data for i = 109, j = 422 sucessfully passed !
	Initialyzed swapped data for i = 109, j = 423 sucessfully passed !
	Initialyzed swapped data for i = 109, j = 424 sucessfully passed !
	Initialyzed swapped data for i = 109, j = 425 sucessfully passed !
	Initialyzed swapped data for i = 109, j = 426 sucessfully passed !
	Initialyzed swapped data for i = 109, j = 427 sucessfully passed !
	Initialyzed swapped data for i = 109, j = 428 sucessfully passed !
	Initialyzed swapped data for i = 109, j = 429 sucessfully passed !
	Initialyzed swapped data for i = 109, j = 430 sucessfully passed !
	Initialyzed swapped data for i = 109, j = 431 sucessfully passed !
	Initialyzed swapped data for i = 109, j = 432 sucessfully passed !
	Initialyzed swapped data for i = 109, j = 433 sucessfully passed !
	Initialyzed swapped data for i = 110, j = 111 sucessfully passed !
	Initialyzed swapped data for i = 110, j = 112 sucessfully passed !
	Initialyzed swapped data for i = 110, j = 113 sucessfully passed !
	Initialyzed swapped data for i = 110, j = 114 sucessfully passed !
	Initialyzed swapped data for i = 110, j = 115 sucessfully passed !
	Initialyzed swapped data for i = 110, j = 116 sucessfully passed !
	Initialyzed swapped data for i = 110, j = 117 sucessfully passed !
	Initialyzed swapped data for i = 110, j = 118 sucessfully passed !
	Initialyzed swapped data for i = 110, j = 119 sucessfully passed !
	Initialyzed swapped data for i = 110, j = 120 sucessfully passed !
	Initialyzed swapped data for i = 110, j = 121 sucessfully passed !
	Initialyzed swapped data for i = 110, j = 122 sucessfully passed !
	Initialyzed swapped data for i = 110, j = 123 sucessfully passed !
	Initialyzed swapped data for i = 110, j = 124 sucessfully passed !
	Initialyzed swapped data for i = 110, j = 125 sucessfully passed !
	Initialyzed swapped data for i = 110, j = 126 sucessfully passed !
	Initialyzed swapped data for i = 110, j = 127 sucessfully passed !
	Initialyzed swapped data for i = 110, j = 128 sucessfully passed !
	Initialyzed swapped data for i = 110, j = 129 sucessfully passed !
	Initialyzed swapped data for i = 110, j = 130 sucessfully passed !
	Initialyzed swapped data for i = 110, j = 131 sucessfully passed !
	Initialyzed swapped data for i = 110, j = 132 sucessfully passed !
	Initialyzed swapped data for i = 110, j = 133 sucessfully passed !
	Initialyzed swapped data for i = 110, j = 134 sucessfully passed !
	Initialyzed swapped data for i = 110, j = 135 sucessfully passed !
	Initialyzed swapped data for i = 110, j = 136 sucessfully passed !
	Initialyzed swapped data for i = 110, j = 137 sucessfully passed !
	Initialyzed swapped data for i = 110, j = 138 sucessfully passed !
	Initialyzed swapped data for i = 110, j = 139 sucessfully passed !
	Initialyzed swapped data for i = 110, j = 140 sucessfully passed !
	Initialyzed swapped data for i = 110, j = 141 sucessfully passed !
	Initialyzed swapped data for i = 110, j = 142 sucessfully passed !
	Initialyzed swapped data for i = 110, j = 143 sucessfully passed !
	Initialyzed swapped data for i = 110, j = 144 sucessfully passed !
	Initialyzed swapped data for i = 110, j = 145 sucessfully passed !
	Initialyzed swapped data for i = 110, j = 146 sucessfully passed !
	Initialyzed swapped data for i = 110, j = 147 sucessfully passed !
	Initialyzed swapped data for i = 110, j = 148 sucessfully passed !
	Initialyzed swapped data for i = 110, j = 149 sucessfully passed !
	Initialyzed swapped data for i = 110, j = 150 sucessfully passed !
	Initialyzed swapped data for i = 110, j = 151 sucessfully passed !
	Initialyzed swapped data for i = 110, j = 152 sucessfully passed !
	Initialyzed swapped data for i = 110, j = 153 sucessfully passed !
	Initialyzed swapped data for i = 110, j = 154 sucessfully passed !
	Initialyzed swapped data for i = 110, j = 155 sucessfully passed !
	Initialyzed swapped data for i = 110, j = 156 sucessfully passed !
	Initialyzed swapped data for i = 110, j = 157 sucessfully passed !
	Initialyzed swapped data for i = 110, j = 158 sucessfully passed !
	Initialyzed swapped data for i = 110, j = 159 sucessfully passed !
	Initialyzed swapped data for i = 110, j = 160 sucessfully passed !
	Initialyzed swapped data for i = 110, j = 161 sucessfully passed !
	Initialyzed swapped data for i = 110, j = 162 sucessfully passed !
	Initialyzed swapped data for i = 110, j = 163 sucessfully passed !
	Initialyzed swapped data for i = 110, j = 164 sucessfully passed !
	Initialyzed swapped data for i = 110, j = 165 sucessfully passed !
	Initialyzed swapped data for i = 110, j = 166 sucessfully passed !
	Initialyzed swapped data for i = 110, j = 167 sucessfully passed !
	Initialyzed swapped data for i = 110, j = 168 sucessfully passed !
	Initialyzed swapped data for i = 110, j = 169 sucessfully passed !
	Initialyzed swapped data for i = 110, j = 170 sucessfully passed !
	Initialyzed swapped data for i = 110, j = 171 sucessfully passed !
	Initialyzed swapped data for i = 110, j = 172 sucessfully passed !
	Initialyzed swapped data for i = 110, j = 173 sucessfully passed !
	Initialyzed swapped data for i = 110, j = 174 sucessfully passed !
	Initialyzed swapped data for i = 110, j = 175 sucessfully passed !
	Initialyzed swapped data for i = 110, j = 176 sucessfully passed !
	Initialyzed swapped data for i = 110, j = 177 sucessfully passed !
	Initialyzed swapped data for i = 110, j = 178 sucessfully passed !
	Initialyzed swapped data for i = 110, j = 179 sucessfully passed !
	Initialyzed swapped data for i = 110, j = 180 sucessfully passed !
	Initialyzed swapped data for i = 110, j = 181 sucessfully passed !
	Initialyzed swapped data for i = 110, j = 182 sucessfully passed !
	Initialyzed swapped data for i = 110, j = 183 sucessfully passed !
	Initialyzed swapped data for i = 110, j = 184 sucessfully passed !
	Initialyzed swapped data for i = 110, j = 185 sucessfully passed !
	Initialyzed swapped data for i = 110, j = 186 sucessfully passed !
	Initialyzed swapped data for i = 110, j = 187 sucessfully passed !
	Initialyzed swapped data for i = 110, j = 188 sucessfully passed !
	Initialyzed swapped data for i = 110, j = 189 sucessfully passed !
	Initialyzed swapped data for i = 110, j = 190 sucessfully passed !
	Initialyzed swapped data for i = 110, j = 191 sucessfully passed !
	Initialyzed swapped data for i = 110, j = 192 sucessfully passed !
	Initialyzed swapped data for i = 110, j = 193 sucessfully passed !
	Initialyzed swapped data for i = 110, j = 194 sucessfully passed !
	Initialyzed swapped data for i = 110, j = 195 sucessfully passed !
	Initialyzed swapped data for i = 110, j = 196 sucessfully passed !
	Initialyzed swapped data for i = 110, j = 197 sucessfully passed !
	Initialyzed swapped data for i = 110, j = 198 sucessfully passed !
	Initialyzed swapped data for i = 110, j = 199 sucessfully passed !
	Initialyzed swapped data for i = 110, j = 200 sucessfully passed !
	Initialyzed swapped data for i = 110, j = 201 sucessfully passed !
	Initialyzed swapped data for i = 110, j = 202 sucessfully passed !
	Initialyzed swapped data for i = 110, j = 203 sucessfully passed !
	Initialyzed swapped data for i = 110, j = 204 sucessfully passed !
	Initialyzed swapped data for i = 110, j = 205 sucessfully passed !
	Initialyzed swapped data for i = 110, j = 206 sucessfully passed !
	Initialyzed swapped data for i = 110, j = 207 sucessfully passed !
	Initialyzed swapped data for i = 110, j = 208 sucessfully passed !
	Initialyzed swapped data for i = 110, j = 209 sucessfully passed !
	Initialyzed swapped data for i = 110, j = 210 sucessfully passed !
	Initialyzed swapped data for i = 110, j = 211 sucessfully passed !
	Initialyzed swapped data for i = 110, j = 212 sucessfully passed !
	Initialyzed swapped data for i = 110, j = 213 sucessfully passed !
	Initialyzed swapped data for i = 110, j = 214 sucessfully passed !
	Initialyzed swapped data for i = 110, j = 215 sucessfully passed !
	Initialyzed swapped data for i = 110, j = 216 sucessfully passed !
	Initialyzed swapped data for i = 110, j = 217 sucessfully passed !
	Initialyzed swapped data for i = 110, j = 218 sucessfully passed !
	Initialyzed swapped data for i = 110, j = 219 sucessfully passed !
	Initialyzed swapped data for i = 110, j = 220 sucessfully passed !
	Initialyzed swapped data for i = 110, j = 221 sucessfully passed !
	Initialyzed swapped data for i = 110, j = 222 sucessfully passed !
	Initialyzed swapped data for i = 110, j = 223 sucessfully passed !
	Initialyzed swapped data for i = 110, j = 224 sucessfully passed !
	Initialyzed swapped data for i = 110, j = 225 sucessfully passed !
	Initialyzed swapped data for i = 110, j = 226 sucessfully passed !
	Initialyzed swapped data for i = 110, j = 227 sucessfully passed !
	Initialyzed swapped data for i = 110, j = 228 sucessfully passed !
	Initialyzed swapped data for i = 110, j = 229 sucessfully passed !
	Initialyzed swapped data for i = 110, j = 230 sucessfully passed !
	Initialyzed swapped data for i = 110, j = 231 sucessfully passed !
	Initialyzed swapped data for i = 110, j = 232 sucessfully passed !
	Initialyzed swapped data for i = 110, j = 233 sucessfully passed !
	Initialyzed swapped data for i = 110, j = 234 sucessfully passed !
	Initialyzed swapped data for i = 110, j = 235 sucessfully passed !
	Initialyzed swapped data for i = 110, j = 236 sucessfully passed !
	Initialyzed swapped data for i = 110, j = 237 sucessfully passed !
	Initialyzed swapped data for i = 110, j = 238 sucessfully passed !
	Initialyzed swapped data for i = 110, j = 239 sucessfully passed !
	Initialyzed swapped data for i = 110, j = 240 sucessfully passed !
	Initialyzed swapped data for i = 110, j = 241 sucessfully passed !
	Initialyzed swapped data for i = 110, j = 242 sucessfully passed !
	Initialyzed swapped data for i = 110, j = 243 sucessfully passed !
	Initialyzed swapped data for i = 110, j = 244 sucessfully passed !
	Initialyzed swapped data for i = 110, j = 245 sucessfully passed !
	Initialyzed swapped data for i = 110, j = 246 sucessfully passed !
	Initialyzed swapped data for i = 110, j = 247 sucessfully passed !
	Initialyzed swapped data for i = 110, j = 248 sucessfully passed !
	Initialyzed swapped data for i = 110, j = 249 sucessfully passed !
	Initialyzed swapped data for i = 110, j = 250 sucessfully passed !
	Initialyzed swapped data for i = 110, j = 251 sucessfully passed !
	Initialyzed swapped data for i = 110, j = 252 sucessfully passed !
	Initialyzed swapped data for i = 110, j = 253 sucessfully passed !
	Initialyzed swapped data for i = 110, j = 254 sucessfully passed !
	Initialyzed swapped data for i = 110, j = 255 sucessfully passed !
	Initialyzed swapped data for i = 110, j = 256 sucessfully passed !
	Initialyzed swapped data for i = 110, j = 257 sucessfully passed !
	Initialyzed swapped data for i = 110, j = 258 sucessfully passed !
	Initialyzed swapped data for i = 110, j = 259 sucessfully passed !
	Initialyzed swapped data for i = 110, j = 260 sucessfully passed !
	Initialyzed swapped data for i = 110, j = 261 sucessfully passed !
	Initialyzed swapped data for i = 110, j = 262 sucessfully passed !
	Initialyzed swapped data for i = 110, j = 263 sucessfully passed !
	Initialyzed swapped data for i = 110, j = 264 sucessfully passed !
	Initialyzed swapped data for i = 110, j = 265 sucessfully passed !
	Initialyzed swapped data for i = 110, j = 266 sucessfully passed !
	Initialyzed swapped data for i = 110, j = 267 sucessfully passed !
	Initialyzed swapped data for i = 110, j = 268 sucessfully passed !
	Initialyzed swapped data for i = 110, j = 269 sucessfully passed !
	Initialyzed swapped data for i = 110, j = 270 sucessfully passed !
	Initialyzed swapped data for i = 110, j = 271 sucessfully passed !
	Initialyzed swapped data for i = 110, j = 272 sucessfully passed !
	Initialyzed swapped data for i = 110, j = 273 sucessfully passed !
	Initialyzed swapped data for i = 110, j = 274 sucessfully passed !
	Initialyzed swapped data for i = 110, j = 275 sucessfully passed !
	Initialyzed swapped data for i = 110, j = 276 sucessfully passed !
	Initialyzed swapped data for i = 110, j = 277 sucessfully passed !
	Initialyzed swapped data for i = 110, j = 278 sucessfully passed !
	Initialyzed swapped data for i = 110, j = 279 sucessfully passed !
	Initialyzed swapped data for i = 110, j = 280 sucessfully passed !
	Initialyzed swapped data for i = 110, j = 281 sucessfully passed !
	Initialyzed swapped data for i = 110, j = 282 sucessfully passed !
	Initialyzed swapped data for i = 110, j = 283 sucessfully passed !
	Initialyzed swapped data for i = 110, j = 284 sucessfully passed !
	Initialyzed swapped data for i = 110, j = 285 sucessfully passed !
	Initialyzed swapped data for i = 110, j = 286 sucessfully passed !
	Initialyzed swapped data for i = 110, j = 287 sucessfully passed !
	Initialyzed swapped data for i = 110, j = 288 sucessfully passed !
	Initialyzed swapped data for i = 110, j = 289 sucessfully passed !
	Initialyzed swapped data for i = 110, j = 290 sucessfully passed !
	Initialyzed swapped data for i = 110, j = 291 sucessfully passed !
	Initialyzed swapped data for i = 110, j = 292 sucessfully passed !
	Initialyzed swapped data for i = 110, j = 293 sucessfully passed !
	Initialyzed swapped data for i = 110, j = 294 sucessfully passed !
	Initialyzed swapped data for i = 110, j = 295 sucessfully passed !
	Initialyzed swapped data for i = 110, j = 296 sucessfully passed !
	Initialyzed swapped data for i = 110, j = 297 sucessfully passed !
	Initialyzed swapped data for i = 110, j = 298 sucessfully passed !
	Initialyzed swapped data for i = 110, j = 299 sucessfully passed !
	Initialyzed swapped data for i = 110, j = 300 sucessfully passed !
	Initialyzed swapped data for i = 110, j = 301 sucessfully passed !
	Initialyzed swapped data for i = 110, j = 302 sucessfully passed !
	Initialyzed swapped data for i = 110, j = 303 sucessfully passed !
	Initialyzed swapped data for i = 110, j = 304 sucessfully passed !
	Initialyzed swapped data for i = 110, j = 305 sucessfully passed !
	Initialyzed swapped data for i = 110, j = 306 sucessfully passed !
	Initialyzed swapped data for i = 110, j = 307 sucessfully passed !
	Initialyzed swapped data for i = 110, j = 308 sucessfully passed !
	Initialyzed swapped data for i = 110, j = 309 sucessfully passed !
	Initialyzed swapped data for i = 110, j = 310 sucessfully passed !
	Initialyzed swapped data for i = 110, j = 311 sucessfully passed !
	Initialyzed swapped data for i = 110, j = 312 sucessfully passed !
	Initialyzed swapped data for i = 110, j = 313 sucessfully passed !
	Initialyzed swapped data for i = 110, j = 314 sucessfully passed !
	Initialyzed swapped data for i = 110, j = 315 sucessfully passed !
	Initialyzed swapped data for i = 110, j = 316 sucessfully passed !
	Initialyzed swapped data for i = 110, j = 317 sucessfully passed !
	Initialyzed swapped data for i = 110, j = 318 sucessfully passed !
	Initialyzed swapped data for i = 110, j = 319 sucessfully passed !
	Initialyzed swapped data for i = 110, j = 320 sucessfully passed !
	Initialyzed swapped data for i = 110, j = 321 sucessfully passed !
	Initialyzed swapped data for i = 110, j = 322 sucessfully passed !
	Initialyzed swapped data for i = 110, j = 323 sucessfully passed !
	Initialyzed swapped data for i = 110, j = 324 sucessfully passed !
	Initialyzed swapped data for i = 110, j = 325 sucessfully passed !
	Initialyzed swapped data for i = 110, j = 326 sucessfully passed !
	Initialyzed swapped data for i = 110, j = 327 sucessfully passed !
	Initialyzed swapped data for i = 110, j = 328 sucessfully passed !
	Initialyzed swapped data for i = 110, j = 329 sucessfully passed !
	Initialyzed swapped data for i = 110, j = 330 sucessfully passed !
	Initialyzed swapped data for i = 110, j = 331 sucessfully passed !
	Initialyzed swapped data for i = 110, j = 332 sucessfully passed !
	Initialyzed swapped data for i = 110, j = 333 sucessfully passed !
	Initialyzed swapped data for i = 110, j = 334 sucessfully passed !
	Initialyzed swapped data for i = 110, j = 335 sucessfully passed !
	Initialyzed swapped data for i = 110, j = 336 sucessfully passed !
	Initialyzed swapped data for i = 110, j = 337 sucessfully passed !
	Initialyzed swapped data for i = 110, j = 338 sucessfully passed !
	Initialyzed swapped data for i = 110, j = 339 sucessfully passed !
	Initialyzed swapped data for i = 110, j = 340 sucessfully passed !
	Initialyzed swapped data for i = 110, j = 341 sucessfully passed !
	Initialyzed swapped data for i = 110, j = 342 sucessfully passed !
	Initialyzed swapped data for i = 110, j = 343 sucessfully passed !
	Initialyzed swapped data for i = 110, j = 344 sucessfully passed !
	Initialyzed swapped data for i = 110, j = 345 sucessfully passed !
	Initialyzed swapped data for i = 110, j = 346 sucessfully passed !
	Initialyzed swapped data for i = 110, j = 347 sucessfully passed !
	Initialyzed swapped data for i = 110, j = 348 sucessfully passed !
	Initialyzed swapped data for i = 110, j = 349 sucessfully passed !
	Initialyzed swapped data for i = 110, j = 350 sucessfully passed !
	Initialyzed swapped data for i = 110, j = 351 sucessfully passed !
	Initialyzed swapped data for i = 110, j = 352 sucessfully passed !
	Initialyzed swapped data for i = 110, j = 353 sucessfully passed !
	Initialyzed swapped data for i = 110, j = 354 sucessfully passed !
	Initialyzed swapped data for i = 110, j = 355 sucessfully passed !
	Initialyzed swapped data for i = 110, j = 356 sucessfully passed !
	Initialyzed swapped data for i = 110, j = 357 sucessfully passed !
	Initialyzed swapped data for i = 110, j = 358 sucessfully passed !
	Initialyzed swapped data for i = 110, j = 359 sucessfully passed !
	Initialyzed swapped data for i = 110, j = 360 sucessfully passed !
	Initialyzed swapped data for i = 110, j = 361 sucessfully passed !
	Initialyzed swapped data for i = 110, j = 362 sucessfully passed !
	Initialyzed swapped data for i = 110, j = 363 sucessfully passed !
	Initialyzed swapped data for i = 110, j = 364 sucessfully passed !
	Initialyzed swapped data for i = 110, j = 365 sucessfully passed !
	Initialyzed swapped data for i = 110, j = 366 sucessfully passed !
	Initialyzed swapped data for i = 110, j = 367 sucessfully passed !
	Initialyzed swapped data for i = 110, j = 368 sucessfully passed !
	Initialyzed swapped data for i = 110, j = 369 sucessfully passed !
	Initialyzed swapped data for i = 110, j = 370 sucessfully passed !
	Initialyzed swapped data for i = 110, j = 371 sucessfully passed !
	Initialyzed swapped data for i = 110, j = 372 sucessfully passed !
	Initialyzed swapped data for i = 110, j = 373 sucessfully passed !
	Initialyzed swapped data for i = 110, j = 374 sucessfully passed !
	Initialyzed swapped data for i = 110, j = 375 sucessfully passed !
	Initialyzed swapped data for i = 110, j = 376 sucessfully passed !
	Initialyzed swapped data for i = 110, j = 377 sucessfully passed !
	Initialyzed swapped data for i = 110, j = 378 sucessfully passed !
	Initialyzed swapped data for i = 110, j = 379 sucessfully passed !
	Initialyzed swapped data for i = 110, j = 380 sucessfully passed !
	Initialyzed swapped data for i = 110, j = 381 sucessfully passed !
	Initialyzed swapped data for i = 110, j = 382 sucessfully passed !
	Initialyzed swapped data for i = 110, j = 383 sucessfully passed !
	Initialyzed swapped data for i = 110, j = 384 sucessfully passed !
	Initialyzed swapped data for i = 110, j = 385 sucessfully passed !
	Initialyzed swapped data for i = 110, j = 386 sucessfully passed !
	Initialyzed swapped data for i = 110, j = 387 sucessfully passed !
	Initialyzed swapped data for i = 110, j = 388 sucessfully passed !
	Initialyzed swapped data for i = 110, j = 389 sucessfully passed !
	Initialyzed swapped data for i = 110, j = 390 sucessfully passed !
	Initialyzed swapped data for i = 110, j = 391 sucessfully passed !
	Initialyzed swapped data for i = 110, j = 392 sucessfully passed !
	Initialyzed swapped data for i = 110, j = 393 sucessfully passed !
	Initialyzed swapped data for i = 110, j = 394 sucessfully passed !
	Initialyzed swapped data for i = 110, j = 395 sucessfully passed !
	Initialyzed swapped data for i = 110, j = 396 sucessfully passed !
	Initialyzed swapped data for i = 110, j = 397 sucessfully passed !
	Initialyzed swapped data for i = 110, j = 398 sucessfully passed !
	Initialyzed swapped data for i = 110, j = 399 sucessfully passed !
	Initialyzed swapped data for i = 110, j = 400 sucessfully passed !
	Initialyzed swapped data for i = 110, j = 401 sucessfully passed !
	Initialyzed swapped data for i = 110, j = 402 sucessfully passed !
	Initialyzed swapped data for i = 110, j = 403 sucessfully passed !
	Initialyzed swapped data for i = 110, j = 404 sucessfully passed !
	Initialyzed swapped data for i = 110, j = 405 sucessfully passed !
	Initialyzed swapped data for i = 110, j = 406 sucessfully passed !
	Initialyzed swapped data for i = 110, j = 407 sucessfully passed !
	Initialyzed swapped data for i = 110, j = 408 sucessfully passed !
	Initialyzed swapped data for i = 110, j = 409 sucessfully passed !
	Initialyzed swapped data for i = 110, j = 410 sucessfully passed !
	Initialyzed swapped data for i = 110, j = 411 sucessfully passed !
	Initialyzed swapped data for i = 110, j = 412 sucessfully passed !
	Initialyzed swapped data for i = 110, j = 413 sucessfully passed !
	Initialyzed swapped data for i = 110, j = 414 sucessfully passed !
	Initialyzed swapped data for i = 110, j = 415 sucessfully passed !
	Initialyzed swapped data for i = 110, j = 416 sucessfully passed !
	Initialyzed swapped data for i = 110, j = 417 sucessfully passed !
	Initialyzed swapped data for i = 110, j = 418 sucessfully passed !
	Initialyzed swapped data for i = 110, j = 419 sucessfully passed !
	Initialyzed swapped data for i = 110, j = 420 sucessfully passed !
	Initialyzed swapped data for i = 110, j = 421 sucessfully passed !
	Initialyzed swapped data for i = 110, j = 422 sucessfully passed !
	Initialyzed swapped data for i = 110, j = 423 sucessfully passed !
	Initialyzed swapped data for i = 110, j = 424 sucessfully passed !
	Initialyzed swapped data for i = 110, j = 425 sucessfully passed !
	Initialyzed swapped data for i = 110, j = 426 sucessfully passed !
	Initialyzed swapped data for i = 110, j = 427 sucessfully passed !
	Initialyzed swapped data for i = 110, j = 428 sucessfully passed !
	Initialyzed swapped data for i = 110, j = 429 sucessfully passed !
	Initialyzed swapped data for i = 110, j = 430 sucessfully passed !
	Initialyzed swapped data for i = 110, j = 431 sucessfully passed !
	Initialyzed swapped data for i = 110, j = 432 sucessfully passed !
	Initialyzed swapped data for i = 110, j = 433 sucessfully passed !
	Initialyzed swapped data for i = 111, j = 112 sucessfully passed !
	Initialyzed swapped data for i = 111, j = 113 sucessfully passed !
	Initialyzed swapped data for i = 111, j = 114 sucessfully passed !
	Initialyzed swapped data for i = 111, j = 115 sucessfully passed !
	Initialyzed swapped data for i = 111, j = 116 sucessfully passed !
	Initialyzed swapped data for i = 111, j = 117 sucessfully passed !
	Initialyzed swapped data for i = 111, j = 118 sucessfully passed !
	Initialyzed swapped data for i = 111, j = 119 sucessfully passed !
	Initialyzed swapped data for i = 111, j = 120 sucessfully passed !
	Initialyzed swapped data for i = 111, j = 121 sucessfully passed !
	Initialyzed swapped data for i = 111, j = 122 sucessfully passed !
	Initialyzed swapped data for i = 111, j = 123 sucessfully passed !
	Initialyzed swapped data for i = 111, j = 124 sucessfully passed !
	Initialyzed swapped data for i = 111, j = 125 sucessfully passed !
	Initialyzed swapped data for i = 111, j = 126 sucessfully passed !
	Initialyzed swapped data for i = 111, j = 127 sucessfully passed !
	Initialyzed swapped data for i = 111, j = 128 sucessfully passed !
	Initialyzed swapped data for i = 111, j = 129 sucessfully passed !
	Initialyzed swapped data for i = 111, j = 130 sucessfully passed !
	Initialyzed swapped data for i = 111, j = 131 sucessfully passed !
	Initialyzed swapped data for i = 111, j = 132 sucessfully passed !
	Initialyzed swapped data for i = 111, j = 133 sucessfully passed !
	Initialyzed swapped data for i = 111, j = 134 sucessfully passed !
	Initialyzed swapped data for i = 111, j = 135 sucessfully passed !
	Initialyzed swapped data for i = 111, j = 136 sucessfully passed !
	Initialyzed swapped data for i = 111, j = 137 sucessfully passed !
	Initialyzed swapped data for i = 111, j = 138 sucessfully passed !
	Initialyzed swapped data for i = 111, j = 139 sucessfully passed !
	Initialyzed swapped data for i = 111, j = 140 sucessfully passed !
	Initialyzed swapped data for i = 111, j = 141 sucessfully passed !
	Initialyzed swapped data for i = 111, j = 142 sucessfully passed !
	Initialyzed swapped data for i = 111, j = 143 sucessfully passed !
	Initialyzed swapped data for i = 111, j = 144 sucessfully passed !
	Initialyzed swapped data for i = 111, j = 145 sucessfully passed !
	Initialyzed swapped data for i = 111, j = 146 sucessfully passed !
	Initialyzed swapped data for i = 111, j = 147 sucessfully passed !
	Initialyzed swapped data for i = 111, j = 148 sucessfully passed !
	Initialyzed swapped data for i = 111, j = 149 sucessfully passed !
	Initialyzed swapped data for i = 111, j = 150 sucessfully passed !
	Initialyzed swapped data for i = 111, j = 151 sucessfully passed !
	Initialyzed swapped data for i = 111, j = 152 sucessfully passed !
	Initialyzed swapped data for i = 111, j = 153 sucessfully passed !
	Initialyzed swapped data for i = 111, j = 154 sucessfully passed !
	Initialyzed swapped data for i = 111, j = 155 sucessfully passed !
	Initialyzed swapped data for i = 111, j = 156 sucessfully passed !
	Initialyzed swapped data for i = 111, j = 157 sucessfully passed !
	Initialyzed swapped data for i = 111, j = 158 sucessfully passed !
	Initialyzed swapped data for i = 111, j = 159 sucessfully passed !
	Initialyzed swapped data for i = 111, j = 160 sucessfully passed !
	Initialyzed swapped data for i = 111, j = 161 sucessfully passed !
	Initialyzed swapped data for i = 111, j = 162 sucessfully passed !
	Initialyzed swapped data for i = 111, j = 163 sucessfully passed !
	Initialyzed swapped data for i = 111, j = 164 sucessfully passed !
	Initialyzed swapped data for i = 111, j = 165 sucessfully passed !
	Initialyzed swapped data for i = 111, j = 166 sucessfully passed !
	Initialyzed swapped data for i = 111, j = 167 sucessfully passed !
	Initialyzed swapped data for i = 111, j = 168 sucessfully passed !
	Initialyzed swapped data for i = 111, j = 169 sucessfully passed !
	Initialyzed swapped data for i = 111, j = 170 sucessfully passed !
	Initialyzed swapped data for i = 111, j = 171 sucessfully passed !
	Initialyzed swapped data for i = 111, j = 172 sucessfully passed !
	Initialyzed swapped data for i = 111, j = 173 sucessfully passed !
	Initialyzed swapped data for i = 111, j = 174 sucessfully passed !
	Initialyzed swapped data for i = 111, j = 175 sucessfully passed !
	Initialyzed swapped data for i = 111, j = 176 sucessfully passed !
	Initialyzed swapped data for i = 111, j = 177 sucessfully passed !
	Initialyzed swapped data for i = 111, j = 178 sucessfully passed !
	Initialyzed swapped data for i = 111, j = 179 sucessfully passed !
	Initialyzed swapped data for i = 111, j = 180 sucessfully passed !
	Initialyzed swapped data for i = 111, j = 181 sucessfully passed !
	Initialyzed swapped data for i = 111, j = 182 sucessfully passed !
	Initialyzed swapped data for i = 111, j = 183 sucessfully passed !
	Initialyzed swapped data for i = 111, j = 184 sucessfully passed !
	Initialyzed swapped data for i = 111, j = 185 sucessfully passed !
	Initialyzed swapped data for i = 111, j = 186 sucessfully passed !
	Initialyzed swapped data for i = 111, j = 187 sucessfully passed !
	Initialyzed swapped data for i = 111, j = 188 sucessfully passed !
	Initialyzed swapped data for i = 111, j = 189 sucessfully passed !
	Initialyzed swapped data for i = 111, j = 190 sucessfully passed !
	Initialyzed swapped data for i = 111, j = 191 sucessfully passed !
	Initialyzed swapped data for i = 111, j = 192 sucessfully passed !
	Initialyzed swapped data for i = 111, j = 193 sucessfully passed !
	Initialyzed swapped data for i = 111, j = 194 sucessfully passed !
	Initialyzed swapped data for i = 111, j = 195 sucessfully passed !
	Initialyzed swapped data for i = 111, j = 196 sucessfully passed !
	Initialyzed swapped data for i = 111, j = 197 sucessfully passed !
	Initialyzed swapped data for i = 111, j = 198 sucessfully passed !
	Initialyzed swapped data for i = 111, j = 199 sucessfully passed !
	Initialyzed swapped data for i = 111, j = 200 sucessfully passed !
	Initialyzed swapped data for i = 111, j = 201 sucessfully passed !
	Initialyzed swapped data for i = 111, j = 202 sucessfully passed !
	Initialyzed swapped data for i = 111, j = 203 sucessfully passed !
	Initialyzed swapped data for i = 111, j = 204 sucessfully passed !
	Initialyzed swapped data for i = 111, j = 205 sucessfully passed !
	Initialyzed swapped data for i = 111, j = 206 sucessfully passed !
	Initialyzed swapped data for i = 111, j = 207 sucessfully passed !
	Initialyzed swapped data for i = 111, j = 208 sucessfully passed !
	Initialyzed swapped data for i = 111, j = 209 sucessfully passed !
	Initialyzed swapped data for i = 111, j = 210 sucessfully passed !
	Initialyzed swapped data for i = 111, j = 211 sucessfully passed !
	Initialyzed swapped data for i = 111, j = 212 sucessfully passed !
	Initialyzed swapped data for i = 111, j = 213 sucessfully passed !
	Initialyzed swapped data for i = 111, j = 214 sucessfully passed !
	Initialyzed swapped data for i = 111, j = 215 sucessfully passed !
	Initialyzed swapped data for i = 111, j = 216 sucessfully passed !
	Initialyzed swapped data for i = 111, j = 217 sucessfully passed !
	Initialyzed swapped data for i = 111, j = 218 sucessfully passed !
	Initialyzed swapped data for i = 111, j = 219 sucessfully passed !
	Initialyzed swapped data for i = 111, j = 220 sucessfully passed !
	Initialyzed swapped data for i = 111, j = 221 sucessfully passed !
	Initialyzed swapped data for i = 111, j = 222 sucessfully passed !
	Initialyzed swapped data for i = 111, j = 223 sucessfully passed !
	Initialyzed swapped data for i = 111, j = 224 sucessfully passed !
	Initialyzed swapped data for i = 111, j = 225 sucessfully passed !
	Initialyzed swapped data for i = 111, j = 226 sucessfully passed !
	Initialyzed swapped data for i = 111, j = 227 sucessfully passed !
	Initialyzed swapped data for i = 111, j = 228 sucessfully passed !
	Initialyzed swapped data for i = 111, j = 229 sucessfully passed !
	Initialyzed swapped data for i = 111, j = 230 sucessfully passed !
	Initialyzed swapped data for i = 111, j = 231 sucessfully passed !
	Initialyzed swapped data for i = 111, j = 232 sucessfully passed !
	Initialyzed swapped data for i = 111, j = 233 sucessfully passed !
	Initialyzed swapped data for i = 111, j = 234 sucessfully passed !
	Initialyzed swapped data for i = 111, j = 235 sucessfully passed !
	Initialyzed swapped data for i = 111, j = 236 sucessfully passed !
	Initialyzed swapped data for i = 111, j = 237 sucessfully passed !
	Initialyzed swapped data for i = 111, j = 238 sucessfully passed !
	Initialyzed swapped data for i = 111, j = 239 sucessfully passed !
	Initialyzed swapped data for i = 111, j = 240 sucessfully passed !
	Initialyzed swapped data for i = 111, j = 241 sucessfully passed !
	Initialyzed swapped data for i = 111, j = 242 sucessfully passed !
	Initialyzed swapped data for i = 111, j = 243 sucessfully passed !
	Initialyzed swapped data for i = 111, j = 244 sucessfully passed !
	Initialyzed swapped data for i = 111, j = 245 sucessfully passed !
	Initialyzed swapped data for i = 111, j = 246 sucessfully passed !
	Initialyzed swapped data for i = 111, j = 247 sucessfully passed !
	Initialyzed swapped data for i = 111, j = 248 sucessfully passed !
	Initialyzed swapped data for i = 111, j = 249 sucessfully passed !
	Initialyzed swapped data for i = 111, j = 250 sucessfully passed !
	Initialyzed swapped data for i = 111, j = 251 sucessfully passed !
	Initialyzed swapped data for i = 111, j = 252 sucessfully passed !
	Initialyzed swapped data for i = 111, j = 253 sucessfully passed !
	Initialyzed swapped data for i = 111, j = 254 sucessfully passed !
	Initialyzed swapped data for i = 111, j = 255 sucessfully passed !
	Initialyzed swapped data for i = 111, j = 256 sucessfully passed !
	Initialyzed swapped data for i = 111, j = 257 sucessfully passed !
	Initialyzed swapped data for i = 111, j = 258 sucessfully passed !
	Initialyzed swapped data for i = 111, j = 259 sucessfully passed !
	Initialyzed swapped data for i = 111, j = 260 sucessfully passed !
	Initialyzed swapped data for i = 111, j = 261 sucessfully passed !
	Initialyzed swapped data for i = 111, j = 262 sucessfully passed !
	Initialyzed swapped data for i = 111, j = 263 sucessfully passed !
	Initialyzed swapped data for i = 111, j = 264 sucessfully passed !
	Initialyzed swapped data for i = 111, j = 265 sucessfully passed !
	Initialyzed swapped data for i = 111, j = 266 sucessfully passed !
	Initialyzed swapped data for i = 111, j = 267 sucessfully passed !
	Initialyzed swapped data for i = 111, j = 268 sucessfully passed !
	Initialyzed swapped data for i = 111, j = 269 sucessfully passed !
	Initialyzed swapped data for i = 111, j = 270 sucessfully passed !
	Initialyzed swapped data for i = 111, j = 271 sucessfully passed !
	Initialyzed swapped data for i = 111, j = 272 sucessfully passed !
	Initialyzed swapped data for i = 111, j = 273 sucessfully passed !
	Initialyzed swapped data for i = 111, j = 274 sucessfully passed !
	Initialyzed swapped data for i = 111, j = 275 sucessfully passed !
	Initialyzed swapped data for i = 111, j = 276 sucessfully passed !
	Initialyzed swapped data for i = 111, j = 277 sucessfully passed !
	Initialyzed swapped data for i = 111, j = 278 sucessfully passed !
	Initialyzed swapped data for i = 111, j = 279 sucessfully passed !
	Initialyzed swapped data for i = 111, j = 280 sucessfully passed !
	Initialyzed swapped data for i = 111, j = 281 sucessfully passed !
	Initialyzed swapped data for i = 111, j = 282 sucessfully passed !
	Initialyzed swapped data for i = 111, j = 283 sucessfully passed !
	Initialyzed swapped data for i = 111, j = 284 sucessfully passed !
	Initialyzed swapped data for i = 111, j = 285 sucessfully passed !
	Initialyzed swapped data for i = 111, j = 286 sucessfully passed !
	Initialyzed swapped data for i = 111, j = 287 sucessfully passed !
	Initialyzed swapped data for i = 111, j = 288 sucessfully passed !
	Initialyzed swapped data for i = 111, j = 289 sucessfully passed !
	Initialyzed swapped data for i = 111, j = 290 sucessfully passed !
	Initialyzed swapped data for i = 111, j = 291 sucessfully passed !
	Initialyzed swapped data for i = 111, j = 292 sucessfully passed !
	Initialyzed swapped data for i = 111, j = 293 sucessfully passed !
	Initialyzed swapped data for i = 111, j = 294 sucessfully passed !
	Initialyzed swapped data for i = 111, j = 295 sucessfully passed !
	Initialyzed swapped data for i = 111, j = 296 sucessfully passed !
	Initialyzed swapped data for i = 111, j = 297 sucessfully passed !
	Initialyzed swapped data for i = 111, j = 298 sucessfully passed !
	Initialyzed swapped data for i = 111, j = 299 sucessfully passed !
	Initialyzed swapped data for i = 111, j = 300 sucessfully passed !
	Initialyzed swapped data for i = 111, j = 301 sucessfully passed !
	Initialyzed swapped data for i = 111, j = 302 sucessfully passed !
	Initialyzed swapped data for i = 111, j = 303 sucessfully passed !
	Initialyzed swapped data for i = 111, j = 304 sucessfully passed !
	Initialyzed swapped data for i = 111, j = 305 sucessfully passed !
	Initialyzed swapped data for i = 111, j = 306 sucessfully passed !
	Initialyzed swapped data for i = 111, j = 307 sucessfully passed !
	Initialyzed swapped data for i = 111, j = 308 sucessfully passed !
	Initialyzed swapped data for i = 111, j = 309 sucessfully passed !
	Initialyzed swapped data for i = 111, j = 310 sucessfully passed !
	Initialyzed swapped data for i = 111, j = 311 sucessfully passed !
	Initialyzed swapped data for i = 111, j = 312 sucessfully passed !
	Initialyzed swapped data for i = 111, j = 313 sucessfully passed !
	Initialyzed swapped data for i = 111, j = 314 sucessfully passed !
	Initialyzed swapped data for i = 111, j = 315 sucessfully passed !
	Initialyzed swapped data for i = 111, j = 316 sucessfully passed !
	Initialyzed swapped data for i = 111, j = 317 sucessfully passed !
	Initialyzed swapped data for i = 111, j = 318 sucessfully passed !
	Initialyzed swapped data for i = 111, j = 319 sucessfully passed !
	Initialyzed swapped data for i = 111, j = 320 sucessfully passed !
	Initialyzed swapped data for i = 111, j = 321 sucessfully passed !
	Initialyzed swapped data for i = 111, j = 322 sucessfully passed !
	Initialyzed swapped data for i = 111, j = 323 sucessfully passed !
	Initialyzed swapped data for i = 111, j = 324 sucessfully passed !
	Initialyzed swapped data for i = 111, j = 325 sucessfully passed !
	Initialyzed swapped data for i = 111, j = 326 sucessfully passed !
	Initialyzed swapped data for i = 111, j = 327 sucessfully passed !
	Initialyzed swapped data for i = 111, j = 328 sucessfully passed !
	Initialyzed swapped data for i = 111, j = 329 sucessfully passed !
	Initialyzed swapped data for i = 111, j = 330 sucessfully passed !
	Initialyzed swapped data for i = 111, j = 331 sucessfully passed !
	Initialyzed swapped data for i = 111, j = 332 sucessfully passed !
	Initialyzed swapped data for i = 111, j = 333 sucessfully passed !
	Initialyzed swapped data for i = 111, j = 334 sucessfully passed !
	Initialyzed swapped data for i = 111, j = 335 sucessfully passed !
	Initialyzed swapped data for i = 111, j = 336 sucessfully passed !
	Initialyzed swapped data for i = 111, j = 337 sucessfully passed !
	Initialyzed swapped data for i = 111, j = 338 sucessfully passed !
	Initialyzed swapped data for i = 111, j = 339 sucessfully passed !
	Initialyzed swapped data for i = 111, j = 340 sucessfully passed !
	Initialyzed swapped data for i = 111, j = 341 sucessfully passed !
	Initialyzed swapped data for i = 111, j = 342 sucessfully passed !
	Initialyzed swapped data for i = 111, j = 343 sucessfully passed !
	Initialyzed swapped data for i = 111, j = 344 sucessfully passed !
	Initialyzed swapped data for i = 111, j = 345 sucessfully passed !
	Initialyzed swapped data for i = 111, j = 346 sucessfully passed !
	Initialyzed swapped data for i = 111, j = 347 sucessfully passed !
	Initialyzed swapped data for i = 111, j = 348 sucessfully passed !
	Initialyzed swapped data for i = 111, j = 349 sucessfully passed !
	Initialyzed swapped data for i = 111, j = 350 sucessfully passed !
	Initialyzed swapped data for i = 111, j = 351 sucessfully passed !
	Initialyzed swapped data for i = 111, j = 352 sucessfully passed !
	Initialyzed swapped data for i = 111, j = 353 sucessfully passed !
	Initialyzed swapped data for i = 111, j = 354 sucessfully passed !
	Initialyzed swapped data for i = 111, j = 355 sucessfully passed !
	Initialyzed swapped data for i = 111, j = 356 sucessfully passed !
	Initialyzed swapped data for i = 111, j = 357 sucessfully passed !
	Initialyzed swapped data for i = 111, j = 358 sucessfully passed !
	Initialyzed swapped data for i = 111, j = 359 sucessfully passed !
	Initialyzed swapped data for i = 111, j = 360 sucessfully passed !
	Initialyzed swapped data for i = 111, j = 361 sucessfully passed !
	Initialyzed swapped data for i = 111, j = 362 sucessfully passed !
	Initialyzed swapped data for i = 111, j = 363 sucessfully passed !
	Initialyzed swapped data for i = 111, j = 364 sucessfully passed !
	Initialyzed swapped data for i = 111, j = 365 sucessfully passed !
	Initialyzed swapped data for i = 111, j = 366 sucessfully passed !
	Initialyzed swapped data for i = 111, j = 367 sucessfully passed !
	Initialyzed swapped data for i = 111, j = 368 sucessfully passed !
	Initialyzed swapped data for i = 111, j = 369 sucessfully passed !
	Initialyzed swapped data for i = 111, j = 370 sucessfully passed !
	Initialyzed swapped data for i = 111, j = 371 sucessfully passed !
	Initialyzed swapped data for i = 111, j = 372 sucessfully passed !
	Initialyzed swapped data for i = 111, j = 373 sucessfully passed !
	Initialyzed swapped data for i = 111, j = 374 sucessfully passed !
	Initialyzed swapped data for i = 111, j = 375 sucessfully passed !
	Initialyzed swapped data for i = 111, j = 376 sucessfully passed !
	Initialyzed swapped data for i = 111, j = 377 sucessfully passed !
	Initialyzed swapped data for i = 111, j = 378 sucessfully passed !
	Initialyzed swapped data for i = 111, j = 379 sucessfully passed !
	Initialyzed swapped data for i = 111, j = 380 sucessfully passed !
	Initialyzed swapped data for i = 111, j = 381 sucessfully passed !
	Initialyzed swapped data for i = 111, j = 382 sucessfully passed !
	Initialyzed swapped data for i = 111, j = 383 sucessfully passed !
	Initialyzed swapped data for i = 111, j = 384 sucessfully passed !
	Initialyzed swapped data for i = 111, j = 385 sucessfully passed !
	Initialyzed swapped data for i = 111, j = 386 sucessfully passed !
	Initialyzed swapped data for i = 111, j = 387 sucessfully passed !
	Initialyzed swapped data for i = 111, j = 388 sucessfully passed !
	Initialyzed swapped data for i = 111, j = 389 sucessfully passed !
	Initialyzed swapped data for i = 111, j = 390 sucessfully passed !
	Initialyzed swapped data for i = 111, j = 391 sucessfully passed !
	Initialyzed swapped data for i = 111, j = 392 sucessfully passed !
	Initialyzed swapped data for i = 111, j = 393 sucessfully passed !
	Initialyzed swapped data for i = 111, j = 394 sucessfully passed !
	Initialyzed swapped data for i = 111, j = 395 sucessfully passed !
	Initialyzed swapped data for i = 111, j = 396 sucessfully passed !
	Initialyzed swapped data for i = 111, j = 397 sucessfully passed !
	Initialyzed swapped data for i = 111, j = 398 sucessfully passed !
	Initialyzed swapped data for i = 111, j = 399 sucessfully passed !
	Initialyzed swapped data for i = 111, j = 400 sucessfully passed !
	Initialyzed swapped data for i = 111, j = 401 sucessfully passed !
	Initialyzed swapped data for i = 111, j = 402 sucessfully passed !
	Initialyzed swapped data for i = 111, j = 403 sucessfully passed !
	Initialyzed swapped data for i = 111, j = 404 sucessfully passed !
	Initialyzed swapped data for i = 111, j = 405 sucessfully passed !
	Initialyzed swapped data for i = 111, j = 406 sucessfully passed !
	Initialyzed swapped data for i = 111, j = 407 sucessfully passed !
	Initialyzed swapped data for i = 111, j = 408 sucessfully passed !
	Initialyzed swapped data for i = 111, j = 409 sucessfully passed !
	Initialyzed swapped data for i = 111, j = 410 sucessfully passed !
	Initialyzed swapped data for i = 111, j = 411 sucessfully passed !
	Initialyzed swapped data for i = 111, j = 412 sucessfully passed !
	Initialyzed swapped data for i = 111, j = 413 sucessfully passed !
	Initialyzed swapped data for i = 111, j = 414 sucessfully passed !
	Initialyzed swapped data for i = 111, j = 415 sucessfully passed !
	Initialyzed swapped data for i = 111, j = 416 sucessfully passed !
	Initialyzed swapped data for i = 111, j = 417 sucessfully passed !
	Initialyzed swapped data for i = 111, j = 418 sucessfully passed !
	Initialyzed swapped data for i = 111, j = 419 sucessfully passed !
	Initialyzed swapped data for i = 111, j = 420 sucessfully passed !
	Initialyzed swapped data for i = 111, j = 421 sucessfully passed !
	Initialyzed swapped data for i = 111, j = 422 sucessfully passed !
	Initialyzed swapped data for i = 111, j = 423 sucessfully passed !
	Initialyzed swapped data for i = 111, j = 424 sucessfully passed !
	Initialyzed swapped data for i = 111, j = 425 sucessfully passed !
	Initialyzed swapped data for i = 111, j = 426 sucessfully passed !
	Initialyzed swapped data for i = 111, j = 427 sucessfully passed !
	Initialyzed swapped data for i = 111, j = 428 sucessfully passed !
	Initialyzed swapped data for i = 111, j = 429 sucessfully passed !
	Initialyzed swapped data for i = 111, j = 430 sucessfully passed !
	Initialyzed swapped data for i = 111, j = 431 sucessfully passed !
	Initialyzed swapped data for i = 111, j = 432 sucessfully passed !
	Initialyzed swapped data for i = 111, j = 433 sucessfully passed !
	Initialyzed swapped data for i = 112, j = 113 sucessfully passed !
	Initialyzed swapped data for i = 112, j = 114 sucessfully passed !
	Initialyzed swapped data for i = 112, j = 115 sucessfully passed !
	Initialyzed swapped data for i = 112, j = 116 sucessfully passed !
	Initialyzed swapped data for i = 112, j = 117 sucessfully passed !
	Initialyzed swapped data for i = 112, j = 118 sucessfully passed !
	Initialyzed swapped data for i = 112, j = 119 sucessfully passed !
	Initialyzed swapped data for i = 112, j = 120 sucessfully passed !
	Initialyzed swapped data for i = 112, j = 121 sucessfully passed !
	Initialyzed swapped data for i = 112, j = 122 sucessfully passed !
	Initialyzed swapped data for i = 112, j = 123 sucessfully passed !
	Initialyzed swapped data for i = 112, j = 124 sucessfully passed !
	Initialyzed swapped data for i = 112, j = 125 sucessfully passed !
	Initialyzed swapped data for i = 112, j = 126 sucessfully passed !
	Initialyzed swapped data for i = 112, j = 127 sucessfully passed !
	Initialyzed swapped data for i = 112, j = 128 sucessfully passed !
	Initialyzed swapped data for i = 112, j = 129 sucessfully passed !
	Initialyzed swapped data for i = 112, j = 130 sucessfully passed !
	Initialyzed swapped data for i = 112, j = 131 sucessfully passed !
	Initialyzed swapped data for i = 112, j = 132 sucessfully passed !
	Initialyzed swapped data for i = 112, j = 133 sucessfully passed !
	Initialyzed swapped data for i = 112, j = 134 sucessfully passed !
	Initialyzed swapped data for i = 112, j = 135 sucessfully passed !
	Initialyzed swapped data for i = 112, j = 136 sucessfully passed !
	Initialyzed swapped data for i = 112, j = 137 sucessfully passed !
	Initialyzed swapped data for i = 112, j = 138 sucessfully passed !
	Initialyzed swapped data for i = 112, j = 139 sucessfully passed !
	Initialyzed swapped data for i = 112, j = 140 sucessfully passed !
	Initialyzed swapped data for i = 112, j = 141 sucessfully passed !
	Initialyzed swapped data for i = 112, j = 142 sucessfully passed !
	Initialyzed swapped data for i = 112, j = 143 sucessfully passed !
	Initialyzed swapped data for i = 112, j = 144 sucessfully passed !
	Initialyzed swapped data for i = 112, j = 145 sucessfully passed !
	Initialyzed swapped data for i = 112, j = 146 sucessfully passed !
	Initialyzed swapped data for i = 112, j = 147 sucessfully passed !
	Initialyzed swapped data for i = 112, j = 148 sucessfully passed !
	Initialyzed swapped data for i = 112, j = 149 sucessfully passed !
	Initialyzed swapped data for i = 112, j = 150 sucessfully passed !
	Initialyzed swapped data for i = 112, j = 151 sucessfully passed !
	Initialyzed swapped data for i = 112, j = 152 sucessfully passed !
	Initialyzed swapped data for i = 112, j = 153 sucessfully passed !
	Initialyzed swapped data for i = 112, j = 154 sucessfully passed !
	Initialyzed swapped data for i = 112, j = 155 sucessfully passed !
	Initialyzed swapped data for i = 112, j = 156 sucessfully passed !
	Initialyzed swapped data for i = 112, j = 157 sucessfully passed !
	Initialyzed swapped data for i = 112, j = 158 sucessfully passed !
	Initialyzed swapped data for i = 112, j = 159 sucessfully passed !
	Initialyzed swapped data for i = 112, j = 160 sucessfully passed !
	Initialyzed swapped data for i = 112, j = 161 sucessfully passed !
	Initialyzed swapped data for i = 112, j = 162 sucessfully passed !
	Initialyzed swapped data for i = 112, j = 163 sucessfully passed !
	Initialyzed swapped data for i = 112, j = 164 sucessfully passed !
	Initialyzed swapped data for i = 112, j = 165 sucessfully passed !
	Initialyzed swapped data for i = 112, j = 166 sucessfully passed !
	Initialyzed swapped data for i = 112, j = 167 sucessfully passed !
	Initialyzed swapped data for i = 112, j = 168 sucessfully passed !
	Initialyzed swapped data for i = 112, j = 169 sucessfully passed !
	Initialyzed swapped data for i = 112, j = 170 sucessfully passed !
	Initialyzed swapped data for i = 112, j = 171 sucessfully passed !
	Initialyzed swapped data for i = 112, j = 172 sucessfully passed !
	Initialyzed swapped data for i = 112, j = 173 sucessfully passed !
	Initialyzed swapped data for i = 112, j = 174 sucessfully passed !
	Initialyzed swapped data for i = 112, j = 175 sucessfully passed !
	Initialyzed swapped data for i = 112, j = 176 sucessfully passed !
	Initialyzed swapped data for i = 112, j = 177 sucessfully passed !
	Initialyzed swapped data for i = 112, j = 178 sucessfully passed !
	Initialyzed swapped data for i = 112, j = 179 sucessfully passed !
	Initialyzed swapped data for i = 112, j = 180 sucessfully passed !
	Initialyzed swapped data for i = 112, j = 181 sucessfully passed !
	Initialyzed swapped data for i = 112, j = 182 sucessfully passed !
	Initialyzed swapped data for i = 112, j = 183 sucessfully passed !
	Initialyzed swapped data for i = 112, j = 184 sucessfully passed !
	Initialyzed swapped data for i = 112, j = 185 sucessfully passed !
	Initialyzed swapped data for i = 112, j = 186 sucessfully passed !
	Initialyzed swapped data for i = 112, j = 187 sucessfully passed !
	Initialyzed swapped data for i = 112, j = 188 sucessfully passed !
	Initialyzed swapped data for i = 112, j = 189 sucessfully passed !
	Initialyzed swapped data for i = 112, j = 190 sucessfully passed !
	Initialyzed swapped data for i = 112, j = 191 sucessfully passed !
	Initialyzed swapped data for i = 112, j = 192 sucessfully passed !
	Initialyzed swapped data for i = 112, j = 193 sucessfully passed !
	Initialyzed swapped data for i = 112, j = 194 sucessfully passed !
	Initialyzed swapped data for i = 112, j = 195 sucessfully passed !
	Initialyzed swapped data for i = 112, j = 196 sucessfully passed !
	Initialyzed swapped data for i = 112, j = 197 sucessfully passed !
	Initialyzed swapped data for i = 112, j = 198 sucessfully passed !
	Initialyzed swapped data for i = 112, j = 199 sucessfully passed !
	Initialyzed swapped data for i = 112, j = 200 sucessfully passed !
	Initialyzed swapped data for i = 112, j = 201 sucessfully passed !
	Initialyzed swapped data for i = 112, j = 202 sucessfully passed !
	Initialyzed swapped data for i = 112, j = 203 sucessfully passed !
	Initialyzed swapped data for i = 112, j = 204 sucessfully passed !
	Initialyzed swapped data for i = 112, j = 205 sucessfully passed !
	Initialyzed swapped data for i = 112, j = 206 sucessfully passed !
	Initialyzed swapped data for i = 112, j = 207 sucessfully passed !
	Initialyzed swapped data for i = 112, j = 208 sucessfully passed !
	Initialyzed swapped data for i = 112, j = 209 sucessfully passed !
	Initialyzed swapped data for i = 112, j = 210 sucessfully passed !
	Initialyzed swapped data for i = 112, j = 211 sucessfully passed !
	Initialyzed swapped data for i = 112, j = 212 sucessfully passed !
	Initialyzed swapped data for i = 112, j = 213 sucessfully passed !
	Initialyzed swapped data for i = 112, j = 214 sucessfully passed !
	Initialyzed swapped data for i = 112, j = 215 sucessfully passed !
	Initialyzed swapped data for i = 112, j = 216 sucessfully passed !
	Initialyzed swapped data for i = 112, j = 217 sucessfully passed !
	Initialyzed swapped data for i = 112, j = 218 sucessfully passed !
	Initialyzed swapped data for i = 112, j = 219 sucessfully passed !
	Initialyzed swapped data for i = 112, j = 220 sucessfully passed !
	Initialyzed swapped data for i = 112, j = 221 sucessfully passed !
	Initialyzed swapped data for i = 112, j = 222 sucessfully passed !
	Initialyzed swapped data for i = 112, j = 223 sucessfully passed !
	Initialyzed swapped data for i = 112, j = 224 sucessfully passed !
	Initialyzed swapped data for i = 112, j = 225 sucessfully passed !
	Initialyzed swapped data for i = 112, j = 226 sucessfully passed !
	Initialyzed swapped data for i = 112, j = 227 sucessfully passed !
	Initialyzed swapped data for i = 112, j = 228 sucessfully passed !
	Initialyzed swapped data for i = 112, j = 229 sucessfully passed !
	Initialyzed swapped data for i = 112, j = 230 sucessfully passed !
	Initialyzed swapped data for i = 112, j = 231 sucessfully passed !
	Initialyzed swapped data for i = 112, j = 232 sucessfully passed !
	Initialyzed swapped data for i = 112, j = 233 sucessfully passed !
	Initialyzed swapped data for i = 112, j = 234 sucessfully passed !
	Initialyzed swapped data for i = 112, j = 235 sucessfully passed !
	Initialyzed swapped data for i = 112, j = 236 sucessfully passed !
	Initialyzed swapped data for i = 112, j = 237 sucessfully passed !
	Initialyzed swapped data for i = 112, j = 238 sucessfully passed !
	Initialyzed swapped data for i = 112, j = 239 sucessfully passed !
	Initialyzed swapped data for i = 112, j = 240 sucessfully passed !
	Initialyzed swapped data for i = 112, j = 241 sucessfully passed !
	Initialyzed swapped data for i = 112, j = 242 sucessfully passed !
	Initialyzed swapped data for i = 112, j = 243 sucessfully passed !
	Initialyzed swapped data for i = 112, j = 244 sucessfully passed !
	Initialyzed swapped data for i = 112, j = 245 sucessfully passed !
	Initialyzed swapped data for i = 112, j = 246 sucessfully passed !
	Initialyzed swapped data for i = 112, j = 247 sucessfully passed !
	Initialyzed swapped data for i = 112, j = 248 sucessfully passed !
	Initialyzed swapped data for i = 112, j = 249 sucessfully passed !
	Initialyzed swapped data for i = 112, j = 250 sucessfully passed !
	Initialyzed swapped data for i = 112, j = 251 sucessfully passed !
	Initialyzed swapped data for i = 112, j = 252 sucessfully passed !
	Initialyzed swapped data for i = 112, j = 253 sucessfully passed !
	Initialyzed swapped data for i = 112, j = 254 sucessfully passed !
	Initialyzed swapped data for i = 112, j = 255 sucessfully passed !
	Initialyzed swapped data for i = 112, j = 256 sucessfully passed !
	Initialyzed swapped data for i = 112, j = 257 sucessfully passed !
	Initialyzed swapped data for i = 112, j = 258 sucessfully passed !
	Initialyzed swapped data for i = 112, j = 259 sucessfully passed !
	Initialyzed swapped data for i = 112, j = 260 sucessfully passed !
	Initialyzed swapped data for i = 112, j = 261 sucessfully passed !
	Initialyzed swapped data for i = 112, j = 262 sucessfully passed !
	Initialyzed swapped data for i = 112, j = 263 sucessfully passed !
	Initialyzed swapped data for i = 112, j = 264 sucessfully passed !
	Initialyzed swapped data for i = 112, j = 265 sucessfully passed !
	Initialyzed swapped data for i = 112, j = 266 sucessfully passed !
	Initialyzed swapped data for i = 112, j = 267 sucessfully passed !
	Initialyzed swapped data for i = 112, j = 268 sucessfully passed !
	Initialyzed swapped data for i = 112, j = 269 sucessfully passed !
	Initialyzed swapped data for i = 112, j = 270 sucessfully passed !
	Initialyzed swapped data for i = 112, j = 271 sucessfully passed !
	Initialyzed swapped data for i = 112, j = 272 sucessfully passed !
	Initialyzed swapped data for i = 112, j = 273 sucessfully passed !
	Initialyzed swapped data for i = 112, j = 274 sucessfully passed !
	Initialyzed swapped data for i = 112, j = 275 sucessfully passed !
	Initialyzed swapped data for i = 112, j = 276 sucessfully passed !
	Initialyzed swapped data for i = 112, j = 277 sucessfully passed !
	Initialyzed swapped data for i = 112, j = 278 sucessfully passed !
	Initialyzed swapped data for i = 112, j = 279 sucessfully passed !
	Initialyzed swapped data for i = 112, j = 280 sucessfully passed !
	Initialyzed swapped data for i = 112, j = 281 sucessfully passed !
	Initialyzed swapped data for i = 112, j = 282 sucessfully passed !
	Initialyzed swapped data for i = 112, j = 283 sucessfully passed !
	Initialyzed swapped data for i = 112, j = 284 sucessfully passed !
	Initialyzed swapped data for i = 112, j = 285 sucessfully passed !
	Initialyzed swapped data for i = 112, j = 286 sucessfully passed !
	Initialyzed swapped data for i = 112, j = 287 sucessfully passed !
	Initialyzed swapped data for i = 112, j = 288 sucessfully passed !
	Initialyzed swapped data for i = 112, j = 289 sucessfully passed !
	Initialyzed swapped data for i = 112, j = 290 sucessfully passed !
	Initialyzed swapped data for i = 112, j = 291 sucessfully passed !
	Initialyzed swapped data for i = 112, j = 292 sucessfully passed !
	Initialyzed swapped data for i = 112, j = 293 sucessfully passed !
	Initialyzed swapped data for i = 112, j = 294 sucessfully passed !
	Initialyzed swapped data for i = 112, j = 295 sucessfully passed !
	Initialyzed swapped data for i = 112, j = 296 sucessfully passed !
	Initialyzed swapped data for i = 112, j = 297 sucessfully passed !
	Initialyzed swapped data for i = 112, j = 298 sucessfully passed !
	Initialyzed swapped data for i = 112, j = 299 sucessfully passed !
	Initialyzed swapped data for i = 112, j = 300 sucessfully passed !
	Initialyzed swapped data for i = 112, j = 301 sucessfully passed !
	Initialyzed swapped data for i = 112, j = 302 sucessfully passed !
	Initialyzed swapped data for i = 112, j = 303 sucessfully passed !
	Initialyzed swapped data for i = 112, j = 304 sucessfully passed !
	Initialyzed swapped data for i = 112, j = 305 sucessfully passed !
	Initialyzed swapped data for i = 112, j = 306 sucessfully passed !
	Initialyzed swapped data for i = 112, j = 307 sucessfully passed !
	Initialyzed swapped data for i = 112, j = 308 sucessfully passed !
	Initialyzed swapped data for i = 112, j = 309 sucessfully passed !
	Initialyzed swapped data for i = 112, j = 310 sucessfully passed !
	Initialyzed swapped data for i = 112, j = 311 sucessfully passed !
	Initialyzed swapped data for i = 112, j = 312 sucessfully passed !
	Initialyzed swapped data for i = 112, j = 313 sucessfully passed !
	Initialyzed swapped data for i = 112, j = 314 sucessfully passed !
	Initialyzed swapped data for i = 112, j = 315 sucessfully passed !
	Initialyzed swapped data for i = 112, j = 316 sucessfully passed !
	Initialyzed swapped data for i = 112, j = 317 sucessfully passed !
	Initialyzed swapped data for i = 112, j = 318 sucessfully passed !
	Initialyzed swapped data for i = 112, j = 319 sucessfully passed !
	Initialyzed swapped data for i = 112, j = 320 sucessfully passed !
	Initialyzed swapped data for i = 112, j = 321 sucessfully passed !
	Initialyzed swapped data for i = 112, j = 322 sucessfully passed !
	Initialyzed swapped data for i = 112, j = 323 sucessfully passed !
	Initialyzed swapped data for i = 112, j = 324 sucessfully passed !
	Initialyzed swapped data for i = 112, j = 325 sucessfully passed !
	Initialyzed swapped data for i = 112, j = 326 sucessfully passed !
	Initialyzed swapped data for i = 112, j = 327 sucessfully passed !
	Initialyzed swapped data for i = 112, j = 328 sucessfully passed !
	Initialyzed swapped data for i = 112, j = 329 sucessfully passed !
	Initialyzed swapped data for i = 112, j = 330 sucessfully passed !
	Initialyzed swapped data for i = 112, j = 331 sucessfully passed !
	Initialyzed swapped data for i = 112, j = 332 sucessfully passed !
	Initialyzed swapped data for i = 112, j = 333 sucessfully passed !
	Initialyzed swapped data for i = 112, j = 334 sucessfully passed !
	Initialyzed swapped data for i = 112, j = 335 sucessfully passed !
	Initialyzed swapped data for i = 112, j = 336 sucessfully passed !
	Initialyzed swapped data for i = 112, j = 337 sucessfully passed !
	Initialyzed swapped data for i = 112, j = 338 sucessfully passed !
	Initialyzed swapped data for i = 112, j = 339 sucessfully passed !
	Initialyzed swapped data for i = 112, j = 340 sucessfully passed !
	Initialyzed swapped data for i = 112, j = 341 sucessfully passed !
	Initialyzed swapped data for i = 112, j = 342 sucessfully passed !
	Initialyzed swapped data for i = 112, j = 343 sucessfully passed !
	Initialyzed swapped data for i = 112, j = 344 sucessfully passed !
	Initialyzed swapped data for i = 112, j = 345 sucessfully passed !
	Initialyzed swapped data for i = 112, j = 346 sucessfully passed !
	Initialyzed swapped data for i = 112, j = 347 sucessfully passed !
	Initialyzed swapped data for i = 112, j = 348 sucessfully passed !
	Initialyzed swapped data for i = 112, j = 349 sucessfully passed !
	Initialyzed swapped data for i = 112, j = 350 sucessfully passed !
	Initialyzed swapped data for i = 112, j = 351 sucessfully passed !
	Initialyzed swapped data for i = 112, j = 352 sucessfully passed !
	Initialyzed swapped data for i = 112, j = 353 sucessfully passed !
	Initialyzed swapped data for i = 112, j = 354 sucessfully passed !
	Initialyzed swapped data for i = 112, j = 355 sucessfully passed !
	Initialyzed swapped data for i = 112, j = 356 sucessfully passed !
	Initialyzed swapped data for i = 112, j = 357 sucessfully passed !
	Initialyzed swapped data for i = 112, j = 358 sucessfully passed !
	Initialyzed swapped data for i = 112, j = 359 sucessfully passed !
	Initialyzed swapped data for i = 112, j = 360 sucessfully passed !
	Initialyzed swapped data for i = 112, j = 361 sucessfully passed !
	Initialyzed swapped data for i = 112, j = 362 sucessfully passed !
	Initialyzed swapped data for i = 112, j = 363 sucessfully passed !
	Initialyzed swapped data for i = 112, j = 364 sucessfully passed !
	Initialyzed swapped data for i = 112, j = 365 sucessfully passed !
	Initialyzed swapped data for i = 112, j = 366 sucessfully passed !
	Initialyzed swapped data for i = 112, j = 367 sucessfully passed !
	Initialyzed swapped data for i = 112, j = 368 sucessfully passed !
	Initialyzed swapped data for i = 112, j = 369 sucessfully passed !
	Initialyzed swapped data for i = 112, j = 370 sucessfully passed !
	Initialyzed swapped data for i = 112, j = 371 sucessfully passed !
	Initialyzed swapped data for i = 112, j = 372 sucessfully passed !
	Initialyzed swapped data for i = 112, j = 373 sucessfully passed !
	Initialyzed swapped data for i = 112, j = 374 sucessfully passed !
	Initialyzed swapped data for i = 112, j = 375 sucessfully passed !
	Initialyzed swapped data for i = 112, j = 376 sucessfully passed !
	Initialyzed swapped data for i = 112, j = 377 sucessfully passed !
	Initialyzed swapped data for i = 112, j = 378 sucessfully passed !
	Initialyzed swapped data for i = 112, j = 379 sucessfully passed !
	Initialyzed swapped data for i = 112, j = 380 sucessfully passed !
	Initialyzed swapped data for i = 112, j = 381 sucessfully passed !
	Initialyzed swapped data for i = 112, j = 382 sucessfully passed !
	Initialyzed swapped data for i = 112, j = 383 sucessfully passed !
	Initialyzed swapped data for i = 112, j = 384 sucessfully passed !
	Initialyzed swapped data for i = 112, j = 385 sucessfully passed !
	Initialyzed swapped data for i = 112, j = 386 sucessfully passed !
	Initialyzed swapped data for i = 112, j = 387 sucessfully passed !
	Initialyzed swapped data for i = 112, j = 388 sucessfully passed !
	Initialyzed swapped data for i = 112, j = 389 sucessfully passed !
	Initialyzed swapped data for i = 112, j = 390 sucessfully passed !
	Initialyzed swapped data for i = 112, j = 391 sucessfully passed !
	Initialyzed swapped data for i = 112, j = 392 sucessfully passed !
	Initialyzed swapped data for i = 112, j = 393 sucessfully passed !
	Initialyzed swapped data for i = 112, j = 394 sucessfully passed !
	Initialyzed swapped data for i = 112, j = 395 sucessfully passed !
	Initialyzed swapped data for i = 112, j = 396 sucessfully passed !
	Initialyzed swapped data for i = 112, j = 397 sucessfully passed !
	Initialyzed swapped data for i = 112, j = 398 sucessfully passed !
	Initialyzed swapped data for i = 112, j = 399 sucessfully passed !
	Initialyzed swapped data for i = 112, j = 400 sucessfully passed !
	Initialyzed swapped data for i = 112, j = 401 sucessfully passed !
	Initialyzed swapped data for i = 112, j = 402 sucessfully passed !
	Initialyzed swapped data for i = 112, j = 403 sucessfully passed !
	Initialyzed swapped data for i = 112, j = 404 sucessfully passed !
	Initialyzed swapped data for i = 112, j = 405 sucessfully passed !
	Initialyzed swapped data for i = 112, j = 406 sucessfully passed !
	Initialyzed swapped data for i = 112, j = 407 sucessfully passed !
	Initialyzed swapped data for i = 112, j = 408 sucessfully passed !
	Initialyzed swapped data for i = 112, j = 409 sucessfully passed !
	Initialyzed swapped data for i = 112, j = 410 sucessfully passed !
	Initialyzed swapped data for i = 112, j = 411 sucessfully passed !
	Initialyzed swapped data for i = 112, j = 412 sucessfully passed !
	Initialyzed swapped data for i = 112, j = 413 sucessfully passed !
	Initialyzed swapped data for i = 112, j = 414 sucessfully passed !
	Initialyzed swapped data for i = 112, j = 415 sucessfully passed !
	Initialyzed swapped data for i = 112, j = 416 sucessfully passed !
	Initialyzed swapped data for i = 112, j = 417 sucessfully passed !
	Initialyzed swapped data for i = 112, j = 418 sucessfully passed !
	Initialyzed swapped data for i = 112, j = 419 sucessfully passed !
	Initialyzed swapped data for i = 112, j = 420 sucessfully passed !
	Initialyzed swapped data for i = 112, j = 421 sucessfully passed !
	Initialyzed swapped data for i = 112, j = 422 sucessfully passed !
	Initialyzed swapped data for i = 112, j = 423 sucessfully passed !
	Initialyzed swapped data for i = 112, j = 424 sucessfully passed !
	Initialyzed swapped data for i = 112, j = 425 sucessfully passed !
	Initialyzed swapped data for i = 112, j = 426 sucessfully passed !
	Initialyzed swapped data for i = 112, j = 427 sucessfully passed !
	Initialyzed swapped data for i = 112, j = 428 sucessfully passed !
	Initialyzed swapped data for i = 112, j = 429 sucessfully passed !
	Initialyzed swapped data for i = 112, j = 430 sucessfully passed !
	Initialyzed swapped data for i = 112, j = 431 sucessfully passed !
	Initialyzed swapped data for i = 112, j = 432 sucessfully passed !
	Initialyzed swapped data for i = 112, j = 433 sucessfully passed !
	Initialyzed swapped data for i = 113, j = 114 sucessfully passed !
	Initialyzed swapped data for i = 113, j = 115 sucessfully passed !
	Initialyzed swapped data for i = 113, j = 116 sucessfully passed !
	Initialyzed swapped data for i = 113, j = 117 sucessfully passed !
	Initialyzed swapped data for i = 113, j = 118 sucessfully passed !
	Initialyzed swapped data for i = 113, j = 119 sucessfully passed !
	Initialyzed swapped data for i = 113, j = 120 sucessfully passed !
	Initialyzed swapped data for i = 113, j = 121 sucessfully passed !
	Initialyzed swapped data for i = 113, j = 122 sucessfully passed !
	Initialyzed swapped data for i = 113, j = 123 sucessfully passed !
	Initialyzed swapped data for i = 113, j = 124 sucessfully passed !
	Initialyzed swapped data for i = 113, j = 125 sucessfully passed !
	Initialyzed swapped data for i = 113, j = 126 sucessfully passed !
	Initialyzed swapped data for i = 113, j = 127 sucessfully passed !
	Initialyzed swapped data for i = 113, j = 128 sucessfully passed !
	Initialyzed swapped data for i = 113, j = 129 sucessfully passed !
	Initialyzed swapped data for i = 113, j = 130 sucessfully passed !
	Initialyzed swapped data for i = 113, j = 131 sucessfully passed !
	Initialyzed swapped data for i = 113, j = 132 sucessfully passed !
	Initialyzed swapped data for i = 113, j = 133 sucessfully passed !
	Initialyzed swapped data for i = 113, j = 134 sucessfully passed !
	Initialyzed swapped data for i = 113, j = 135 sucessfully passed !
	Initialyzed swapped data for i = 113, j = 136 sucessfully passed !
	Initialyzed swapped data for i = 113, j = 137 sucessfully passed !
	Initialyzed swapped data for i = 113, j = 138 sucessfully passed !
	Initialyzed swapped data for i = 113, j = 139 sucessfully passed !
	Initialyzed swapped data for i = 113, j = 140 sucessfully passed !
	Initialyzed swapped data for i = 113, j = 141 sucessfully passed !
	Initialyzed swapped data for i = 113, j = 142 sucessfully passed !
	Initialyzed swapped data for i = 113, j = 143 sucessfully passed !
	Initialyzed swapped data for i = 113, j = 144 sucessfully passed !
	Initialyzed swapped data for i = 113, j = 145 sucessfully passed !
	Initialyzed swapped data for i = 113, j = 146 sucessfully passed !
	Initialyzed swapped data for i = 113, j = 147 sucessfully passed !
	Initialyzed swapped data for i = 113, j = 148 sucessfully passed !
	Initialyzed swapped data for i = 113, j = 149 sucessfully passed !
	Initialyzed swapped data for i = 113, j = 150 sucessfully passed !
	Initialyzed swapped data for i = 113, j = 151 sucessfully passed !
	Initialyzed swapped data for i = 113, j = 152 sucessfully passed !
	Initialyzed swapped data for i = 113, j = 153 sucessfully passed !
	Initialyzed swapped data for i = 113, j = 154 sucessfully passed !
	Initialyzed swapped data for i = 113, j = 155 sucessfully passed !
	Initialyzed swapped data for i = 113, j = 156 sucessfully passed !
	Initialyzed swapped data for i = 113, j = 157 sucessfully passed !
	Initialyzed swapped data for i = 113, j = 158 sucessfully passed !
	Initialyzed swapped data for i = 113, j = 159 sucessfully passed !
	Initialyzed swapped data for i = 113, j = 160 sucessfully passed !
	Initialyzed swapped data for i = 113, j = 161 sucessfully passed !
	Initialyzed swapped data for i = 113, j = 162 sucessfully passed !
	Initialyzed swapped data for i = 113, j = 163 sucessfully passed !
	Initialyzed swapped data for i = 113, j = 164 sucessfully passed !
	Initialyzed swapped data for i = 113, j = 165 sucessfully passed !
	Initialyzed swapped data for i = 113, j = 166 sucessfully passed !
	Initialyzed swapped data for i = 113, j = 167 sucessfully passed !
	Initialyzed swapped data for i = 113, j = 168 sucessfully passed !
	Initialyzed swapped data for i = 113, j = 169 sucessfully passed !
	Initialyzed swapped data for i = 113, j = 170 sucessfully passed !
	Initialyzed swapped data for i = 113, j = 171 sucessfully passed !
	Initialyzed swapped data for i = 113, j = 172 sucessfully passed !
	Initialyzed swapped data for i = 113, j = 173 sucessfully passed !
	Initialyzed swapped data for i = 113, j = 174 sucessfully passed !
	Initialyzed swapped data for i = 113, j = 175 sucessfully passed !
	Initialyzed swapped data for i = 113, j = 176 sucessfully passed !
	Initialyzed swapped data for i = 113, j = 177 sucessfully passed !
	Initialyzed swapped data for i = 113, j = 178 sucessfully passed !
	Initialyzed swapped data for i = 113, j = 179 sucessfully passed !
	Initialyzed swapped data for i = 113, j = 180 sucessfully passed !
	Initialyzed swapped data for i = 113, j = 181 sucessfully passed !
	Initialyzed swapped data for i = 113, j = 182 sucessfully passed !
	Initialyzed swapped data for i = 113, j = 183 sucessfully passed !
	Initialyzed swapped data for i = 113, j = 184 sucessfully passed !
	Initialyzed swapped data for i = 113, j = 185 sucessfully passed !
	Initialyzed swapped data for i = 113, j = 186 sucessfully passed !
	Initialyzed swapped data for i = 113, j = 187 sucessfully passed !
	Initialyzed swapped data for i = 113, j = 188 sucessfully passed !
	Initialyzed swapped data for i = 113, j = 189 sucessfully passed !
	Initialyzed swapped data for i = 113, j = 190 sucessfully passed !
	Initialyzed swapped data for i = 113, j = 191 sucessfully passed !
	Initialyzed swapped data for i = 113, j = 192 sucessfully passed !
	Initialyzed swapped data for i = 113, j = 193 sucessfully passed !
	Initialyzed swapped data for i = 113, j = 194 sucessfully passed !
	Initialyzed swapped data for i = 113, j = 195 sucessfully passed !
	Initialyzed swapped data for i = 113, j = 196 sucessfully passed !
	Initialyzed swapped data for i = 113, j = 197 sucessfully passed !
	Initialyzed swapped data for i = 113, j = 198 sucessfully passed !
	Initialyzed swapped data for i = 113, j = 199 sucessfully passed !
	Initialyzed swapped data for i = 113, j = 200 sucessfully passed !
	Initialyzed swapped data for i = 113, j = 201 sucessfully passed !
	Initialyzed swapped data for i = 113, j = 202 sucessfully passed !
	Initialyzed swapped data for i = 113, j = 203 sucessfully passed !
	Initialyzed swapped data for i = 113, j = 204 sucessfully passed !
	Initialyzed swapped data for i = 113, j = 205 sucessfully passed !
	Initialyzed swapped data for i = 113, j = 206 sucessfully passed !
	Initialyzed swapped data for i = 113, j = 207 sucessfully passed !
	Initialyzed swapped data for i = 113, j = 208 sucessfully passed !
	Initialyzed swapped data for i = 113, j = 209 sucessfully passed !
	Initialyzed swapped data for i = 113, j = 210 sucessfully passed !
	Initialyzed swapped data for i = 113, j = 211 sucessfully passed !
	Initialyzed swapped data for i = 113, j = 212 sucessfully passed !
	Initialyzed swapped data for i = 113, j = 213 sucessfully passed !
	Initialyzed swapped data for i = 113, j = 214 sucessfully passed !
	Initialyzed swapped data for i = 113, j = 215 sucessfully passed !
	Initialyzed swapped data for i = 113, j = 216 sucessfully passed !
	Initialyzed swapped data for i = 113, j = 217 sucessfully passed !
	Initialyzed swapped data for i = 113, j = 218 sucessfully passed !
	Initialyzed swapped data for i = 113, j = 219 sucessfully passed !
	Initialyzed swapped data for i = 113, j = 220 sucessfully passed !
	Initialyzed swapped data for i = 113, j = 221 sucessfully passed !
	Initialyzed swapped data for i = 113, j = 222 sucessfully passed !
	Initialyzed swapped data for i = 113, j = 223 sucessfully passed !
	Initialyzed swapped data for i = 113, j = 224 sucessfully passed !
	Initialyzed swapped data for i = 113, j = 225 sucessfully passed !
	Initialyzed swapped data for i = 113, j = 226 sucessfully passed !
	Initialyzed swapped data for i = 113, j = 227 sucessfully passed !
	Initialyzed swapped data for i = 113, j = 228 sucessfully passed !
	Initialyzed swapped data for i = 113, j = 229 sucessfully passed !
	Initialyzed swapped data for i = 113, j = 230 sucessfully passed !
	Initialyzed swapped data for i = 113, j = 231 sucessfully passed !
	Initialyzed swapped data for i = 113, j = 232 sucessfully passed !
	Initialyzed swapped data for i = 113, j = 233 sucessfully passed !
	Initialyzed swapped data for i = 113, j = 234 sucessfully passed !
	Initialyzed swapped data for i = 113, j = 235 sucessfully passed !
	Initialyzed swapped data for i = 113, j = 236 sucessfully passed !
	Initialyzed swapped data for i = 113, j = 237 sucessfully passed !
	Initialyzed swapped data for i = 113, j = 238 sucessfully passed !
	Initialyzed swapped data for i = 113, j = 239 sucessfully passed !
	Initialyzed swapped data for i = 113, j = 240 sucessfully passed !
	Initialyzed swapped data for i = 113, j = 241 sucessfully passed !
	Initialyzed swapped data for i = 113, j = 242 sucessfully passed !
	Initialyzed swapped data for i = 113, j = 243 sucessfully passed !
	Initialyzed swapped data for i = 113, j = 244 sucessfully passed !
	Initialyzed swapped data for i = 113, j = 245 sucessfully passed !
	Initialyzed swapped data for i = 113, j = 246 sucessfully passed !
	Initialyzed swapped data for i = 113, j = 247 sucessfully passed !
	Initialyzed swapped data for i = 113, j = 248 sucessfully passed !
	Initialyzed swapped data for i = 113, j = 249 sucessfully passed !
	Initialyzed swapped data for i = 113, j = 250 sucessfully passed !
	Initialyzed swapped data for i = 113, j = 251 sucessfully passed !
	Initialyzed swapped data for i = 113, j = 252 sucessfully passed !
	Initialyzed swapped data for i = 113, j = 253 sucessfully passed !
	Initialyzed swapped data for i = 113, j = 254 sucessfully passed !
	Initialyzed swapped data for i = 113, j = 255 sucessfully passed !
	Initialyzed swapped data for i = 113, j = 256 sucessfully passed !
	Initialyzed swapped data for i = 113, j = 257 sucessfully passed !
	Initialyzed swapped data for i = 113, j = 258 sucessfully passed !
	Initialyzed swapped data for i = 113, j = 259 sucessfully passed !
	Initialyzed swapped data for i = 113, j = 260 sucessfully passed !
	Initialyzed swapped data for i = 113, j = 261 sucessfully passed !
	Initialyzed swapped data for i = 113, j = 262 sucessfully passed !
	Initialyzed swapped data for i = 113, j = 263 sucessfully passed !
	Initialyzed swapped data for i = 113, j = 264 sucessfully passed !
	Initialyzed swapped data for i = 113, j = 265 sucessfully passed !
	Initialyzed swapped data for i = 113, j = 266 sucessfully passed !
	Initialyzed swapped data for i = 113, j = 267 sucessfully passed !
	Initialyzed swapped data for i = 113, j = 268 sucessfully passed !
	Initialyzed swapped data for i = 113, j = 269 sucessfully passed !
	Initialyzed swapped data for i = 113, j = 270 sucessfully passed !
	Initialyzed swapped data for i = 113, j = 271 sucessfully passed !
	Initialyzed swapped data for i = 113, j = 272 sucessfully passed !
	Initialyzed swapped data for i = 113, j = 273 sucessfully passed !
	Initialyzed swapped data for i = 113, j = 274 sucessfully passed !
	Initialyzed swapped data for i = 113, j = 275 sucessfully passed !
	Initialyzed swapped data for i = 113, j = 276 sucessfully passed !
	Initialyzed swapped data for i = 113, j = 277 sucessfully passed !
	Initialyzed swapped data for i = 113, j = 278 sucessfully passed !
	Initialyzed swapped data for i = 113, j = 279 sucessfully passed !
	Initialyzed swapped data for i = 113, j = 280 sucessfully passed !
	Initialyzed swapped data for i = 113, j = 281 sucessfully passed !
	Initialyzed swapped data for i = 113, j = 282 sucessfully passed !
	Initialyzed swapped data for i = 113, j = 283 sucessfully passed !
	Initialyzed swapped data for i = 113, j = 284 sucessfully passed !
	Initialyzed swapped data for i = 113, j = 285 sucessfully passed !
	Initialyzed swapped data for i = 113, j = 286 sucessfully passed !
	Initialyzed swapped data for i = 113, j = 287 sucessfully passed !
	Initialyzed swapped data for i = 113, j = 288 sucessfully passed !
	Initialyzed swapped data for i = 113, j = 289 sucessfully passed !
	Initialyzed swapped data for i = 113, j = 290 sucessfully passed !
	Initialyzed swapped data for i = 113, j = 291 sucessfully passed !
	Initialyzed swapped data for i = 113, j = 292 sucessfully passed !
	Initialyzed swapped data for i = 113, j = 293 sucessfully passed !
	Initialyzed swapped data for i = 113, j = 294 sucessfully passed !
	Initialyzed swapped data for i = 113, j = 295 sucessfully passed !
	Initialyzed swapped data for i = 113, j = 296 sucessfully passed !
	Initialyzed swapped data for i = 113, j = 297 sucessfully passed !
	Initialyzed swapped data for i = 113, j = 298 sucessfully passed !
	Initialyzed swapped data for i = 113, j = 299 sucessfully passed !
	Initialyzed swapped data for i = 113, j = 300 sucessfully passed !
	Initialyzed swapped data for i = 113, j = 301 sucessfully passed !
	Initialyzed swapped data for i = 113, j = 302 sucessfully passed !
	Initialyzed swapped data for i = 113, j = 303 sucessfully passed !
	Initialyzed swapped data for i = 113, j = 304 sucessfully passed !
	Initialyzed swapped data for i = 113, j = 305 sucessfully passed !
	Initialyzed swapped data for i = 113, j = 306 sucessfully passed !
	Initialyzed swapped data for i = 113, j = 307 sucessfully passed !
	Initialyzed swapped data for i = 113, j = 308 sucessfully passed !
	Initialyzed swapped data for i = 113, j = 309 sucessfully passed !
	Initialyzed swapped data for i = 113, j = 310 sucessfully passed !
	Initialyzed swapped data for i = 113, j = 311 sucessfully passed !
	Initialyzed swapped data for i = 113, j = 312 sucessfully passed !
	Initialyzed swapped data for i = 113, j = 313 sucessfully passed !
	Initialyzed swapped data for i = 113, j = 314 sucessfully passed !
	Initialyzed swapped data for i = 113, j = 315 sucessfully passed !
	Initialyzed swapped data for i = 113, j = 316 sucessfully passed !
	Initialyzed swapped data for i = 113, j = 317 sucessfully passed !
	Initialyzed swapped data for i = 113, j = 318 sucessfully passed !
	Initialyzed swapped data for i = 113, j = 319 sucessfully passed !
	Initialyzed swapped data for i = 113, j = 320 sucessfully passed !
	Initialyzed swapped data for i = 113, j = 321 sucessfully passed !
	Initialyzed swapped data for i = 113, j = 322 sucessfully passed !
	Initialyzed swapped data for i = 113, j = 323 sucessfully passed !
	Initialyzed swapped data for i = 113, j = 324 sucessfully passed !
	Initialyzed swapped data for i = 113, j = 325 sucessfully passed !
	Initialyzed swapped data for i = 113, j = 326 sucessfully passed !
	Initialyzed swapped data for i = 113, j = 327 sucessfully passed !
	Initialyzed swapped data for i = 113, j = 328 sucessfully passed !
	Initialyzed swapped data for i = 113, j = 329 sucessfully passed !
	Initialyzed swapped data for i = 113, j = 330 sucessfully passed !
	Initialyzed swapped data for i = 113, j = 331 sucessfully passed !
	Initialyzed swapped data for i = 113, j = 332 sucessfully passed !
	Initialyzed swapped data for i = 113, j = 333 sucessfully passed !
	Initialyzed swapped data for i = 113, j = 334 sucessfully passed !
	Initialyzed swapped data for i = 113, j = 335 sucessfully passed !
	Initialyzed swapped data for i = 113, j = 336 sucessfully passed !
	Initialyzed swapped data for i = 113, j = 337 sucessfully passed !
	Initialyzed swapped data for i = 113, j = 338 sucessfully passed !
	Initialyzed swapped data for i = 113, j = 339 sucessfully passed !
	Initialyzed swapped data for i = 113, j = 340 sucessfully passed !
	Initialyzed swapped data for i = 113, j = 341 sucessfully passed !
	Initialyzed swapped data for i = 113, j = 342 sucessfully passed !
	Initialyzed swapped data for i = 113, j = 343 sucessfully passed !
	Initialyzed swapped data for i = 113, j = 344 sucessfully passed !
	Initialyzed swapped data for i = 113, j = 345 sucessfully passed !
	Initialyzed swapped data for i = 113, j = 346 sucessfully passed !
	Initialyzed swapped data for i = 113, j = 347 sucessfully passed !
	Initialyzed swapped data for i = 113, j = 348 sucessfully passed !
	Initialyzed swapped data for i = 113, j = 349 sucessfully passed !
	Initialyzed swapped data for i = 113, j = 350 sucessfully passed !
	Initialyzed swapped data for i = 113, j = 351 sucessfully passed !
	Initialyzed swapped data for i = 113, j = 352 sucessfully passed !
	Initialyzed swapped data for i = 113, j = 353 sucessfully passed !
	Initialyzed swapped data for i = 113, j = 354 sucessfully passed !
	Initialyzed swapped data for i = 113, j = 355 sucessfully passed !
	Initialyzed swapped data for i = 113, j = 356 sucessfully passed !
	Initialyzed swapped data for i = 113, j = 357 sucessfully passed !
	Initialyzed swapped data for i = 113, j = 358 sucessfully passed !
	Initialyzed swapped data for i = 113, j = 359 sucessfully passed !
	Initialyzed swapped data for i = 113, j = 360 sucessfully passed !
	Initialyzed swapped data for i = 113, j = 361 sucessfully passed !
	Initialyzed swapped data for i = 113, j = 362 sucessfully passed !
	Initialyzed swapped data for i = 113, j = 363 sucessfully passed !
	Initialyzed swapped data for i = 113, j = 364 sucessfully passed !
	Initialyzed swapped data for i = 113, j = 365 sucessfully passed !
	Initialyzed swapped data for i = 113, j = 366 sucessfully passed !
	Initialyzed swapped data for i = 113, j = 367 sucessfully passed !
	Initialyzed swapped data for i = 113, j = 368 sucessfully passed !
	Initialyzed swapped data for i = 113, j = 369 sucessfully passed !
	Initialyzed swapped data for i = 113, j = 370 sucessfully passed !
	Initialyzed swapped data for i = 113, j = 371 sucessfully passed !
	Initialyzed swapped data for i = 113, j = 372 sucessfully passed !
	Initialyzed swapped data for i = 113, j = 373 sucessfully passed !
	Initialyzed swapped data for i = 113, j = 374 sucessfully passed !
	Initialyzed swapped data for i = 113, j = 375 sucessfully passed !
	Initialyzed swapped data for i = 113, j = 376 sucessfully passed !
	Initialyzed swapped data for i = 113, j = 377 sucessfully passed !
	Initialyzed swapped data for i = 113, j = 378 sucessfully passed !
	Initialyzed swapped data for i = 113, j = 379 sucessfully passed !
	Initialyzed swapped data for i = 113, j = 380 sucessfully passed !
	Initialyzed swapped data for i = 113, j = 381 sucessfully passed !
	Initialyzed swapped data for i = 113, j = 382 sucessfully passed !
	Initialyzed swapped data for i = 113, j = 383 sucessfully passed !
	Initialyzed swapped data for i = 113, j = 384 sucessfully passed !
	Initialyzed swapped data for i = 113, j = 385 sucessfully passed !
	Initialyzed swapped data for i = 113, j = 386 sucessfully passed !
	Initialyzed swapped data for i = 113, j = 387 sucessfully passed !
	Initialyzed swapped data for i = 113, j = 388 sucessfully passed !
	Initialyzed swapped data for i = 113, j = 389 sucessfully passed !
	Initialyzed swapped data for i = 113, j = 390 sucessfully passed !
	Initialyzed swapped data for i = 113, j = 391 sucessfully passed !
	Initialyzed swapped data for i = 113, j = 392 sucessfully passed !
	Initialyzed swapped data for i = 113, j = 393 sucessfully passed !
	Initialyzed swapped data for i = 113, j = 394 sucessfully passed !
	Initialyzed swapped data for i = 113, j = 395 sucessfully passed !
	Initialyzed swapped data for i = 113, j = 396 sucessfully passed !
	Initialyzed swapped data for i = 113, j = 397 sucessfully passed !
	Initialyzed swapped data for i = 113, j = 398 sucessfully passed !
	Initialyzed swapped data for i = 113, j = 399 sucessfully passed !
	Initialyzed swapped data for i = 113, j = 400 sucessfully passed !
	Initialyzed swapped data for i = 113, j = 401 sucessfully passed !
	Initialyzed swapped data for i = 113, j = 402 sucessfully passed !
	Initialyzed swapped data for i = 113, j = 403 sucessfully passed !
	Initialyzed swapped data for i = 113, j = 404 sucessfully passed !
	Initialyzed swapped data for i = 113, j = 405 sucessfully passed !
	Initialyzed swapped data for i = 113, j = 406 sucessfully passed !
	Initialyzed swapped data for i = 113, j = 407 sucessfully passed !
	Initialyzed swapped data for i = 113, j = 408 sucessfully passed !
	Initialyzed swapped data for i = 113, j = 409 sucessfully passed !
	Initialyzed swapped data for i = 113, j = 410 sucessfully passed !
	Initialyzed swapped data for i = 113, j = 411 sucessfully passed !
	Initialyzed swapped data for i = 113, j = 412 sucessfully passed !
	Initialyzed swapped data for i = 113, j = 413 sucessfully passed !
	Initialyzed swapped data for i = 113, j = 414 sucessfully passed !
	Initialyzed swapped data for i = 113, j = 415 sucessfully passed !
	Initialyzed swapped data for i = 113, j = 416 sucessfully passed !
	Initialyzed swapped data for i = 113, j = 417 sucessfully passed !
	Initialyzed swapped data for i = 113, j = 418 sucessfully passed !
	Initialyzed swapped data for i = 113, j = 419 sucessfully passed !
	Initialyzed swapped data for i = 113, j = 420 sucessfully passed !
	Initialyzed swapped data for i = 113, j = 421 sucessfully passed !
	Initialyzed swapped data for i = 113, j = 422 sucessfully passed !
	Initialyzed swapped data for i = 113, j = 423 sucessfully passed !
	Initialyzed swapped data for i = 113, j = 424 sucessfully passed !
	Initialyzed swapped data for i = 113, j = 425 sucessfully passed !
	Initialyzed swapped data for i = 113, j = 426 sucessfully passed !
	Initialyzed swapped data for i = 113, j = 427 sucessfully passed !
	Initialyzed swapped data for i = 113, j = 428 sucessfully passed !
	Initialyzed swapped data for i = 113, j = 429 sucessfully passed !
	Initialyzed swapped data for i = 113, j = 430 sucessfully passed !
	Initialyzed swapped data for i = 113, j = 431 sucessfully passed !
	Initialyzed swapped data for i = 113, j = 432 sucessfully passed !
	Initialyzed swapped data for i = 113, j = 433 sucessfully passed !
	Initialyzed swapped data for i = 114, j = 115 sucessfully passed !
	Initialyzed swapped data for i = 114, j = 116 sucessfully passed !
	Initialyzed swapped data for i = 114, j = 117 sucessfully passed !
	Initialyzed swapped data for i = 114, j = 118 sucessfully passed !
	Initialyzed swapped data for i = 114, j = 119 sucessfully passed !
	Initialyzed swapped data for i = 114, j = 120 sucessfully passed !
	Initialyzed swapped data for i = 114, j = 121 sucessfully passed !
	Initialyzed swapped data for i = 114, j = 122 sucessfully passed !
	Initialyzed swapped data for i = 114, j = 123 sucessfully passed !
	Initialyzed swapped data for i = 114, j = 124 sucessfully passed !
	Initialyzed swapped data for i = 114, j = 125 sucessfully passed !
	Initialyzed swapped data for i = 114, j = 126 sucessfully passed !
	Initialyzed swapped data for i = 114, j = 127 sucessfully passed !
	Initialyzed swapped data for i = 114, j = 128 sucessfully passed !
	Initialyzed swapped data for i = 114, j = 129 sucessfully passed !
	Initialyzed swapped data for i = 114, j = 130 sucessfully passed !
	Initialyzed swapped data for i = 114, j = 131 sucessfully passed !
	Initialyzed swapped data for i = 114, j = 132 sucessfully passed !
	Initialyzed swapped data for i = 114, j = 133 sucessfully passed !
	Initialyzed swapped data for i = 114, j = 134 sucessfully passed !
	Initialyzed swapped data for i = 114, j = 135 sucessfully passed !
	Initialyzed swapped data for i = 114, j = 136 sucessfully passed !
	Initialyzed swapped data for i = 114, j = 137 sucessfully passed !
	Initialyzed swapped data for i = 114, j = 138 sucessfully passed !
	Initialyzed swapped data for i = 114, j = 139 sucessfully passed !
	Initialyzed swapped data for i = 114, j = 140 sucessfully passed !
	Initialyzed swapped data for i = 114, j = 141 sucessfully passed !
	Initialyzed swapped data for i = 114, j = 142 sucessfully passed !
	Initialyzed swapped data for i = 114, j = 143 sucessfully passed !
	Initialyzed swapped data for i = 114, j = 144 sucessfully passed !
	Initialyzed swapped data for i = 114, j = 145 sucessfully passed !
	Initialyzed swapped data for i = 114, j = 146 sucessfully passed !
	Initialyzed swapped data for i = 114, j = 147 sucessfully passed !
	Initialyzed swapped data for i = 114, j = 148 sucessfully passed !
	Initialyzed swapped data for i = 114, j = 149 sucessfully passed !
	Initialyzed swapped data for i = 114, j = 150 sucessfully passed !
	Initialyzed swapped data for i = 114, j = 151 sucessfully passed !
	Initialyzed swapped data for i = 114, j = 152 sucessfully passed !
	Initialyzed swapped data for i = 114, j = 153 sucessfully passed !
	Initialyzed swapped data for i = 114, j = 154 sucessfully passed !
	Initialyzed swapped data for i = 114, j = 155 sucessfully passed !
	Initialyzed swapped data for i = 114, j = 156 sucessfully passed !
	Initialyzed swapped data for i = 114, j = 157 sucessfully passed !
	Initialyzed swapped data for i = 114, j = 158 sucessfully passed !
	Initialyzed swapped data for i = 114, j = 159 sucessfully passed !
	Initialyzed swapped data for i = 114, j = 160 sucessfully passed !
	Initialyzed swapped data for i = 114, j = 161 sucessfully passed !
	Initialyzed swapped data for i = 114, j = 162 sucessfully passed !
	Initialyzed swapped data for i = 114, j = 163 sucessfully passed !
	Initialyzed swapped data for i = 114, j = 164 sucessfully passed !
	Initialyzed swapped data for i = 114, j = 165 sucessfully passed !
	Initialyzed swapped data for i = 114, j = 166 sucessfully passed !
	Initialyzed swapped data for i = 114, j = 167 sucessfully passed !
	Initialyzed swapped data for i = 114, j = 168 sucessfully passed !
	Initialyzed swapped data for i = 114, j = 169 sucessfully passed !
	Initialyzed swapped data for i = 114, j = 170 sucessfully passed !
	Initialyzed swapped data for i = 114, j = 171 sucessfully passed !
	Initialyzed swapped data for i = 114, j = 172 sucessfully passed !
	Initialyzed swapped data for i = 114, j = 173 sucessfully passed !
	Initialyzed swapped data for i = 114, j = 174 sucessfully passed !
	Initialyzed swapped data for i = 114, j = 175 sucessfully passed !
	Initialyzed swapped data for i = 114, j = 176 sucessfully passed !
	Initialyzed swapped data for i = 114, j = 177 sucessfully passed !
	Initialyzed swapped data for i = 114, j = 178 sucessfully passed !
	Initialyzed swapped data for i = 114, j = 179 sucessfully passed !
	Initialyzed swapped data for i = 114, j = 180 sucessfully passed !
	Initialyzed swapped data for i = 114, j = 181 sucessfully passed !
	Initialyzed swapped data for i = 114, j = 182 sucessfully passed !
	Initialyzed swapped data for i = 114, j = 183 sucessfully passed !
	Initialyzed swapped data for i = 114, j = 184 sucessfully passed !
	Initialyzed swapped data for i = 114, j = 185 sucessfully passed !
	Initialyzed swapped data for i = 114, j = 186 sucessfully passed !
	Initialyzed swapped data for i = 114, j = 187 sucessfully passed !
	Initialyzed swapped data for i = 114, j = 188 sucessfully passed !
	Initialyzed swapped data for i = 114, j = 189 sucessfully passed !
	Initialyzed swapped data for i = 114, j = 190 sucessfully passed !
	Initialyzed swapped data for i = 114, j = 191 sucessfully passed !
	Initialyzed swapped data for i = 114, j = 192 sucessfully passed !
	Initialyzed swapped data for i = 114, j = 193 sucessfully passed !
	Initialyzed swapped data for i = 114, j = 194 sucessfully passed !
	Initialyzed swapped data for i = 114, j = 195 sucessfully passed !
	Initialyzed swapped data for i = 114, j = 196 sucessfully passed !
	Initialyzed swapped data for i = 114, j = 197 sucessfully passed !
	Initialyzed swapped data for i = 114, j = 198 sucessfully passed !
	Initialyzed swapped data for i = 114, j = 199 sucessfully passed !
	Initialyzed swapped data for i = 114, j = 200 sucessfully passed !
	Initialyzed swapped data for i = 114, j = 201 sucessfully passed !
	Initialyzed swapped data for i = 114, j = 202 sucessfully passed !
	Initialyzed swapped data for i = 114, j = 203 sucessfully passed !
	Initialyzed swapped data for i = 114, j = 204 sucessfully passed !
	Initialyzed swapped data for i = 114, j = 205 sucessfully passed !
	Initialyzed swapped data for i = 114, j = 206 sucessfully passed !
	Initialyzed swapped data for i = 114, j = 207 sucessfully passed !
	Initialyzed swapped data for i = 114, j = 208 sucessfully passed !
	Initialyzed swapped data for i = 114, j = 209 sucessfully passed !
	Initialyzed swapped data for i = 114, j = 210 sucessfully passed !
	Initialyzed swapped data for i = 114, j = 211 sucessfully passed !
	Initialyzed swapped data for i = 114, j = 212 sucessfully passed !
	Initialyzed swapped data for i = 114, j = 213 sucessfully passed !
	Initialyzed swapped data for i = 114, j = 214 sucessfully passed !
	Initialyzed swapped data for i = 114, j = 215 sucessfully passed !
	Initialyzed swapped data for i = 114, j = 216 sucessfully passed !
	Initialyzed swapped data for i = 114, j = 217 sucessfully passed !
	Initialyzed swapped data for i = 114, j = 218 sucessfully passed !
	Initialyzed swapped data for i = 114, j = 219 sucessfully passed !
	Initialyzed swapped data for i = 114, j = 220 sucessfully passed !
	Initialyzed swapped data for i = 114, j = 221 sucessfully passed !
	Initialyzed swapped data for i = 114, j = 222 sucessfully passed !
	Initialyzed swapped data for i = 114, j = 223 sucessfully passed !
	Initialyzed swapped data for i = 114, j = 224 sucessfully passed !
	Initialyzed swapped data for i = 114, j = 225 sucessfully passed !
	Initialyzed swapped data for i = 114, j = 226 sucessfully passed !
	Initialyzed swapped data for i = 114, j = 227 sucessfully passed !
	Initialyzed swapped data for i = 114, j = 228 sucessfully passed !
	Initialyzed swapped data for i = 114, j = 229 sucessfully passed !
	Initialyzed swapped data for i = 114, j = 230 sucessfully passed !
	Initialyzed swapped data for i = 114, j = 231 sucessfully passed !
	Initialyzed swapped data for i = 114, j = 232 sucessfully passed !
	Initialyzed swapped data for i = 114, j = 233 sucessfully passed !
	Initialyzed swapped data for i = 114, j = 234 sucessfully passed !
	Initialyzed swapped data for i = 114, j = 235 sucessfully passed !
	Initialyzed swapped data for i = 114, j = 236 sucessfully passed !
	Initialyzed swapped data for i = 114, j = 237 sucessfully passed !
	Initialyzed swapped data for i = 114, j = 238 sucessfully passed !
	Initialyzed swapped data for i = 114, j = 239 sucessfully passed !
	Initialyzed swapped data for i = 114, j = 240 sucessfully passed !
	Initialyzed swapped data for i = 114, j = 241 sucessfully passed !
	Initialyzed swapped data for i = 114, j = 242 sucessfully passed !
	Initialyzed swapped data for i = 114, j = 243 sucessfully passed !
	Initialyzed swapped data for i = 114, j = 244 sucessfully passed !
	Initialyzed swapped data for i = 114, j = 245 sucessfully passed !
	Initialyzed swapped data for i = 114, j = 246 sucessfully passed !
	Initialyzed swapped data for i = 114, j = 247 sucessfully passed !
	Initialyzed swapped data for i = 114, j = 248 sucessfully passed !
	Initialyzed swapped data for i = 114, j = 249 sucessfully passed !
	Initialyzed swapped data for i = 114, j = 250 sucessfully passed !
	Initialyzed swapped data for i = 114, j = 251 sucessfully passed !
	Initialyzed swapped data for i = 114, j = 252 sucessfully passed !
	Initialyzed swapped data for i = 114, j = 253 sucessfully passed !
	Initialyzed swapped data for i = 114, j = 254 sucessfully passed !
	Initialyzed swapped data for i = 114, j = 255 sucessfully passed !
	Initialyzed swapped data for i = 114, j = 256 sucessfully passed !
	Initialyzed swapped data for i = 114, j = 257 sucessfully passed !
	Initialyzed swapped data for i = 114, j = 258 sucessfully passed !
	Initialyzed swapped data for i = 114, j = 259 sucessfully passed !
	Initialyzed swapped data for i = 114, j = 260 sucessfully passed !
	Initialyzed swapped data for i = 114, j = 261 sucessfully passed !
	Initialyzed swapped data for i = 114, j = 262 sucessfully passed !
	Initialyzed swapped data for i = 114, j = 263 sucessfully passed !
	Initialyzed swapped data for i = 114, j = 264 sucessfully passed !
	Initialyzed swapped data for i = 114, j = 265 sucessfully passed !
	Initialyzed swapped data for i = 114, j = 266 sucessfully passed !
	Initialyzed swapped data for i = 114, j = 267 sucessfully passed !
	Initialyzed swapped data for i = 114, j = 268 sucessfully passed !
	Initialyzed swapped data for i = 114, j = 269 sucessfully passed !
	Initialyzed swapped data for i = 114, j = 270 sucessfully passed !
	Initialyzed swapped data for i = 114, j = 271 sucessfully passed !
	Initialyzed swapped data for i = 114, j = 272 sucessfully passed !
	Initialyzed swapped data for i = 114, j = 273 sucessfully passed !
	Initialyzed swapped data for i = 114, j = 274 sucessfully passed !
	Initialyzed swapped data for i = 114, j = 275 sucessfully passed !
	Initialyzed swapped data for i = 114, j = 276 sucessfully passed !
	Initialyzed swapped data for i = 114, j = 277 sucessfully passed !
	Initialyzed swapped data for i = 114, j = 278 sucessfully passed !
	Initialyzed swapped data for i = 114, j = 279 sucessfully passed !
	Initialyzed swapped data for i = 114, j = 280 sucessfully passed !
	Initialyzed swapped data for i = 114, j = 281 sucessfully passed !
	Initialyzed swapped data for i = 114, j = 282 sucessfully passed !
	Initialyzed swapped data for i = 114, j = 283 sucessfully passed !
	Initialyzed swapped data for i = 114, j = 284 sucessfully passed !
	Initialyzed swapped data for i = 114, j = 285 sucessfully passed !
	Initialyzed swapped data for i = 114, j = 286 sucessfully passed !
	Initialyzed swapped data for i = 114, j = 287 sucessfully passed !
	Initialyzed swapped data for i = 114, j = 288 sucessfully passed !
	Initialyzed swapped data for i = 114, j = 289 sucessfully passed !
	Initialyzed swapped data for i = 114, j = 290 sucessfully passed !
	Initialyzed swapped data for i = 114, j = 291 sucessfully passed !
	Initialyzed swapped data for i = 114, j = 292 sucessfully passed !
	Initialyzed swapped data for i = 114, j = 293 sucessfully passed !
	Initialyzed swapped data for i = 114, j = 294 sucessfully passed !
	Initialyzed swapped data for i = 114, j = 295 sucessfully passed !
	Initialyzed swapped data for i = 114, j = 296 sucessfully passed !
	Initialyzed swapped data for i = 114, j = 297 sucessfully passed !
	Initialyzed swapped data for i = 114, j = 298 sucessfully passed !
	Initialyzed swapped data for i = 114, j = 299 sucessfully passed !
	Initialyzed swapped data for i = 114, j = 300 sucessfully passed !
	Initialyzed swapped data for i = 114, j = 301 sucessfully passed !
	Initialyzed swapped data for i = 114, j = 302 sucessfully passed !
	Initialyzed swapped data for i = 114, j = 303 sucessfully passed !
	Initialyzed swapped data for i = 114, j = 304 sucessfully passed !
	Initialyzed swapped data for i = 114, j = 305 sucessfully passed !
	Initialyzed swapped data for i = 114, j = 306 sucessfully passed !
	Initialyzed swapped data for i = 114, j = 307 sucessfully passed !
	Initialyzed swapped data for i = 114, j = 308 sucessfully passed !
	Initialyzed swapped data for i = 114, j = 309 sucessfully passed !
	Initialyzed swapped data for i = 114, j = 310 sucessfully passed !
	Initialyzed swapped data for i = 114, j = 311 sucessfully passed !
	Initialyzed swapped data for i = 114, j = 312 sucessfully passed !
	Initialyzed swapped data for i = 114, j = 313 sucessfully passed !
	Initialyzed swapped data for i = 114, j = 314 sucessfully passed !
	Initialyzed swapped data for i = 114, j = 315 sucessfully passed !
	Initialyzed swapped data for i = 114, j = 316 sucessfully passed !
	Initialyzed swapped data for i = 114, j = 317 sucessfully passed !
	Initialyzed swapped data for i = 114, j = 318 sucessfully passed !
	Initialyzed swapped data for i = 114, j = 319 sucessfully passed !
	Initialyzed swapped data for i = 114, j = 320 sucessfully passed !
	Initialyzed swapped data for i = 114, j = 321 sucessfully passed !
	Initialyzed swapped data for i = 114, j = 322 sucessfully passed !
	Initialyzed swapped data for i = 114, j = 323 sucessfully passed !
	Initialyzed swapped data for i = 114, j = 324 sucessfully passed !
	Initialyzed swapped data for i = 114, j = 325 sucessfully passed !
	Initialyzed swapped data for i = 114, j = 326 sucessfully passed !
	Initialyzed swapped data for i = 114, j = 327 sucessfully passed !
	Initialyzed swapped data for i = 114, j = 328 sucessfully passed !
	Initialyzed swapped data for i = 114, j = 329 sucessfully passed !
	Initialyzed swapped data for i = 114, j = 330 sucessfully passed !
	Initialyzed swapped data for i = 114, j = 331 sucessfully passed !
	Initialyzed swapped data for i = 114, j = 332 sucessfully passed !
	Initialyzed swapped data for i = 114, j = 333 sucessfully passed !
	Initialyzed swapped data for i = 114, j = 334 sucessfully passed !
	Initialyzed swapped data for i = 114, j = 335 sucessfully passed !
	Initialyzed swapped data for i = 114, j = 336 sucessfully passed !
	Initialyzed swapped data for i = 114, j = 337 sucessfully passed !
	Initialyzed swapped data for i = 114, j = 338 sucessfully passed !
	Initialyzed swapped data for i = 114, j = 339 sucessfully passed !
	Initialyzed swapped data for i = 114, j = 340 sucessfully passed !
	Initialyzed swapped data for i = 114, j = 341 sucessfully passed !
	Initialyzed swapped data for i = 114, j = 342 sucessfully passed !
	Initialyzed swapped data for i = 114, j = 343 sucessfully passed !
	Initialyzed swapped data for i = 114, j = 344 sucessfully passed !
	Initialyzed swapped data for i = 114, j = 345 sucessfully passed !
	Initialyzed swapped data for i = 114, j = 346 sucessfully passed !
	Initialyzed swapped data for i = 114, j = 347 sucessfully passed !
	Initialyzed swapped data for i = 114, j = 348 sucessfully passed !
	Initialyzed swapped data for i = 114, j = 349 sucessfully passed !
	Initialyzed swapped data for i = 114, j = 350 sucessfully passed !
	Initialyzed swapped data for i = 114, j = 351 sucessfully passed !
	Initialyzed swapped data for i = 114, j = 352 sucessfully passed !
	Initialyzed swapped data for i = 114, j = 353 sucessfully passed !
	Initialyzed swapped data for i = 114, j = 354 sucessfully passed !
	Initialyzed swapped data for i = 114, j = 355 sucessfully passed !
	Initialyzed swapped data for i = 114, j = 356 sucessfully passed !
	Initialyzed swapped data for i = 114, j = 357 sucessfully passed !
	Initialyzed swapped data for i = 114, j = 358 sucessfully passed !
	Initialyzed swapped data for i = 114, j = 359 sucessfully passed !
	Initialyzed swapped data for i = 114, j = 360 sucessfully passed !
	Initialyzed swapped data for i = 114, j = 361 sucessfully passed !
	Initialyzed swapped data for i = 114, j = 362 sucessfully passed !
	Initialyzed swapped data for i = 114, j = 363 sucessfully passed !
	Initialyzed swapped data for i = 114, j = 364 sucessfully passed !
	Initialyzed swapped data for i = 114, j = 365 sucessfully passed !
	Initialyzed swapped data for i = 114, j = 366 sucessfully passed !
	Initialyzed swapped data for i = 114, j = 367 sucessfully passed !
	Initialyzed swapped data for i = 114, j = 368 sucessfully passed !
	Initialyzed swapped data for i = 114, j = 369 sucessfully passed !
	Initialyzed swapped data for i = 114, j = 370 sucessfully passed !
	Initialyzed swapped data for i = 114, j = 371 sucessfully passed !
	Initialyzed swapped data for i = 114, j = 372 sucessfully passed !
	Initialyzed swapped data for i = 114, j = 373 sucessfully passed !
	Initialyzed swapped data for i = 114, j = 374 sucessfully passed !
	Initialyzed swapped data for i = 114, j = 375 sucessfully passed !
	Initialyzed swapped data for i = 114, j = 376 sucessfully passed !
	Initialyzed swapped data for i = 114, j = 377 sucessfully passed !
	Initialyzed swapped data for i = 114, j = 378 sucessfully passed !
	Initialyzed swapped data for i = 114, j = 379 sucessfully passed !
	Initialyzed swapped data for i = 114, j = 380 sucessfully passed !
	Initialyzed swapped data for i = 114, j = 381 sucessfully passed !
	Initialyzed swapped data for i = 114, j = 382 sucessfully passed !
	Initialyzed swapped data for i = 114, j = 383 sucessfully passed !
	Initialyzed swapped data for i = 114, j = 384 sucessfully passed !
	Initialyzed swapped data for i = 114, j = 385 sucessfully passed !
	Initialyzed swapped data for i = 114, j = 386 sucessfully passed !
	Initialyzed swapped data for i = 114, j = 387 sucessfully passed !
	Initialyzed swapped data for i = 114, j = 388 sucessfully passed !
	Initialyzed swapped data for i = 114, j = 389 sucessfully passed !
	Initialyzed swapped data for i = 114, j = 390 sucessfully passed !
	Initialyzed swapped data for i = 114, j = 391 sucessfully passed !
	Initialyzed swapped data for i = 114, j = 392 sucessfully passed !
	Initialyzed swapped data for i = 114, j = 393 sucessfully passed !
	Initialyzed swapped data for i = 114, j = 394 sucessfully passed !
	Initialyzed swapped data for i = 114, j = 395 sucessfully passed !
	Initialyzed swapped data for i = 114, j = 396 sucessfully passed !
	Initialyzed swapped data for i = 114, j = 397 sucessfully passed !
	Initialyzed swapped data for i = 114, j = 398 sucessfully passed !
	Initialyzed swapped data for i = 114, j = 399 sucessfully passed !
	Initialyzed swapped data for i = 114, j = 400 sucessfully passed !
	Initialyzed swapped data for i = 114, j = 401 sucessfully passed !
	Initialyzed swapped data for i = 114, j = 402 sucessfully passed !
	Initialyzed swapped data for i = 114, j = 403 sucessfully passed !
	Initialyzed swapped data for i = 114, j = 404 sucessfully passed !
	Initialyzed swapped data for i = 114, j = 405 sucessfully passed !
	Initialyzed swapped data for i = 114, j = 406 sucessfully passed !
	Initialyzed swapped data for i = 114, j = 407 sucessfully passed !
	Initialyzed swapped data for i = 114, j = 408 sucessfully passed !
	Initialyzed swapped data for i = 114, j = 409 sucessfully passed !
	Initialyzed swapped data for i = 114, j = 410 sucessfully passed !
	Initialyzed swapped data for i = 114, j = 411 sucessfully passed !
	Initialyzed swapped data for i = 114, j = 412 sucessfully passed !
	Initialyzed swapped data for i = 114, j = 413 sucessfully passed !
	Initialyzed swapped data for i = 114, j = 414 sucessfully passed !
	Initialyzed swapped data for i = 114, j = 415 sucessfully passed !
	Initialyzed swapped data for i = 114, j = 416 sucessfully passed !
	Initialyzed swapped data for i = 114, j = 417 sucessfully passed !
	Initialyzed swapped data for i = 114, j = 418 sucessfully passed !
	Initialyzed swapped data for i = 114, j = 419 sucessfully passed !
	Initialyzed swapped data for i = 114, j = 420 sucessfully passed !
	Initialyzed swapped data for i = 114, j = 421 sucessfully passed !
	Initialyzed swapped data for i = 114, j = 422 sucessfully passed !
	Initialyzed swapped data for i = 114, j = 423 sucessfully passed !
	Initialyzed swapped data for i = 114, j = 424 sucessfully passed !
	Initialyzed swapped data for i = 114, j = 425 sucessfully passed !
	Initialyzed swapped data for i = 114, j = 426 sucessfully passed !
	Initialyzed swapped data for i = 114, j = 427 sucessfully passed !
	Initialyzed swapped data for i = 114, j = 428 sucessfully passed !
	Initialyzed swapped data for i = 114, j = 429 sucessfully passed !
	Initialyzed swapped data for i = 114, j = 430 sucessfully passed !
	Initialyzed swapped data for i = 114, j = 431 sucessfully passed !
	Initialyzed swapped data for i = 114, j = 432 sucessfully passed !
	Initialyzed swapped data for i = 114, j = 433 sucessfully passed !
	Initialyzed swapped data for i = 115, j = 116 sucessfully passed !
	Initialyzed swapped data for i = 115, j = 117 sucessfully passed !
	Initialyzed swapped data for i = 115, j = 118 sucessfully passed !
	Initialyzed swapped data for i = 115, j = 119 sucessfully passed !
	Initialyzed swapped data for i = 115, j = 120 sucessfully passed !
	Initialyzed swapped data for i = 115, j = 121 sucessfully passed !
	Initialyzed swapped data for i = 115, j = 122 sucessfully passed !
	Initialyzed swapped data for i = 115, j = 123 sucessfully passed !
	Initialyzed swapped data for i = 115, j = 124 sucessfully passed !
	Initialyzed swapped data for i = 115, j = 125 sucessfully passed !
	Initialyzed swapped data for i = 115, j = 126 sucessfully passed !
	Initialyzed swapped data for i = 115, j = 127 sucessfully passed !
	Initialyzed swapped data for i = 115, j = 128 sucessfully passed !
	Initialyzed swapped data for i = 115, j = 129 sucessfully passed !
	Initialyzed swapped data for i = 115, j = 130 sucessfully passed !
	Initialyzed swapped data for i = 115, j = 131 sucessfully passed !
	Initialyzed swapped data for i = 115, j = 132 sucessfully passed !
	Initialyzed swapped data for i = 115, j = 133 sucessfully passed !
	Initialyzed swapped data for i = 115, j = 134 sucessfully passed !
	Initialyzed swapped data for i = 115, j = 135 sucessfully passed !
	Initialyzed swapped data for i = 115, j = 136 sucessfully passed !
	Initialyzed swapped data for i = 115, j = 137 sucessfully passed !
	Initialyzed swapped data for i = 115, j = 138 sucessfully passed !
	Initialyzed swapped data for i = 115, j = 139 sucessfully passed !
	Initialyzed swapped data for i = 115, j = 140 sucessfully passed !
	Initialyzed swapped data for i = 115, j = 141 sucessfully passed !
	Initialyzed swapped data for i = 115, j = 142 sucessfully passed !
	Initialyzed swapped data for i = 115, j = 143 sucessfully passed !
	Initialyzed swapped data for i = 115, j = 144 sucessfully passed !
	Initialyzed swapped data for i = 115, j = 145 sucessfully passed !
	Initialyzed swapped data for i = 115, j = 146 sucessfully passed !
	Initialyzed swapped data for i = 115, j = 147 sucessfully passed !
	Initialyzed swapped data for i = 115, j = 148 sucessfully passed !
	Initialyzed swapped data for i = 115, j = 149 sucessfully passed !
	Initialyzed swapped data for i = 115, j = 150 sucessfully passed !
	Initialyzed swapped data for i = 115, j = 151 sucessfully passed !
	Initialyzed swapped data for i = 115, j = 152 sucessfully passed !
	Initialyzed swapped data for i = 115, j = 153 sucessfully passed !
	Initialyzed swapped data for i = 115, j = 154 sucessfully passed !
	Initialyzed swapped data for i = 115, j = 155 sucessfully passed !
	Initialyzed swapped data for i = 115, j = 156 sucessfully passed !
	Initialyzed swapped data for i = 115, j = 157 sucessfully passed !
	Initialyzed swapped data for i = 115, j = 158 sucessfully passed !
	Initialyzed swapped data for i = 115, j = 159 sucessfully passed !
	Initialyzed swapped data for i = 115, j = 160 sucessfully passed !
	Initialyzed swapped data for i = 115, j = 161 sucessfully passed !
	Initialyzed swapped data for i = 115, j = 162 sucessfully passed !
	Initialyzed swapped data for i = 115, j = 163 sucessfully passed !
	Initialyzed swapped data for i = 115, j = 164 sucessfully passed !
	Initialyzed swapped data for i = 115, j = 165 sucessfully passed !
	Initialyzed swapped data for i = 115, j = 166 sucessfully passed !
	Initialyzed swapped data for i = 115, j = 167 sucessfully passed !
	Initialyzed swapped data for i = 115, j = 168 sucessfully passed !
	Initialyzed swapped data for i = 115, j = 169 sucessfully passed !
	Initialyzed swapped data for i = 115, j = 170 sucessfully passed !
	Initialyzed swapped data for i = 115, j = 171 sucessfully passed !
	Initialyzed swapped data for i = 115, j = 172 sucessfully passed !
	Initialyzed swapped data for i = 115, j = 173 sucessfully passed !
	Initialyzed swapped data for i = 115, j = 174 sucessfully passed !
	Initialyzed swapped data for i = 115, j = 175 sucessfully passed !
	Initialyzed swapped data for i = 115, j = 176 sucessfully passed !
	Initialyzed swapped data for i = 115, j = 177 sucessfully passed !
	Initialyzed swapped data for i = 115, j = 178 sucessfully passed !
	Initialyzed swapped data for i = 115, j = 179 sucessfully passed !
	Initialyzed swapped data for i = 115, j = 180 sucessfully passed !
	Initialyzed swapped data for i = 115, j = 181 sucessfully passed !
	Initialyzed swapped data for i = 115, j = 182 sucessfully passed !
	Initialyzed swapped data for i = 115, j = 183 sucessfully passed !
	Initialyzed swapped data for i = 115, j = 184 sucessfully passed !
	Initialyzed swapped data for i = 115, j = 185 sucessfully passed !
	Initialyzed swapped data for i = 115, j = 186 sucessfully passed !
	Initialyzed swapped data for i = 115, j = 187 sucessfully passed !
	Initialyzed swapped data for i = 115, j = 188 sucessfully passed !
	Initialyzed swapped data for i = 115, j = 189 sucessfully passed !
	Initialyzed swapped data for i = 115, j = 190 sucessfully passed !
	Initialyzed swapped data for i = 115, j = 191 sucessfully passed !
	Initialyzed swapped data for i = 115, j = 192 sucessfully passed !
	Initialyzed swapped data for i = 115, j = 193 sucessfully passed !
	Initialyzed swapped data for i = 115, j = 194 sucessfully passed !
	Initialyzed swapped data for i = 115, j = 195 sucessfully passed !
	Initialyzed swapped data for i = 115, j = 196 sucessfully passed !
	Initialyzed swapped data for i = 115, j = 197 sucessfully passed !
	Initialyzed swapped data for i = 115, j = 198 sucessfully passed !
	Initialyzed swapped data for i = 115, j = 199 sucessfully passed !
	Initialyzed swapped data for i = 115, j = 200 sucessfully passed !
	Initialyzed swapped data for i = 115, j = 201 sucessfully passed !
	Initialyzed swapped data for i = 115, j = 202 sucessfully passed !
	Initialyzed swapped data for i = 115, j = 203 sucessfully passed !
	Initialyzed swapped data for i = 115, j = 204 sucessfully passed !
	Initialyzed swapped data for i = 115, j = 205 sucessfully passed !
	Initialyzed swapped data for i = 115, j = 206 sucessfully passed !
	Initialyzed swapped data for i = 115, j = 207 sucessfully passed !
	Initialyzed swapped data for i = 115, j = 208 sucessfully passed !
	Initialyzed swapped data for i = 115, j = 209 sucessfully passed !
	Initialyzed swapped data for i = 115, j = 210 sucessfully passed !
	Initialyzed swapped data for i = 115, j = 211 sucessfully passed !
	Initialyzed swapped data for i = 115, j = 212 sucessfully passed !
	Initialyzed swapped data for i = 115, j = 213 sucessfully passed !
	Initialyzed swapped data for i = 115, j = 214 sucessfully passed !
	Initialyzed swapped data for i = 115, j = 215 sucessfully passed !
	Initialyzed swapped data for i = 115, j = 216 sucessfully passed !
	Initialyzed swapped data for i = 115, j = 217 sucessfully passed !
	Initialyzed swapped data for i = 115, j = 218 sucessfully passed !
	Initialyzed swapped data for i = 115, j = 219 sucessfully passed !
	Initialyzed swapped data for i = 115, j = 220 sucessfully passed !
	Initialyzed swapped data for i = 115, j = 221 sucessfully passed !
	Initialyzed swapped data for i = 115, j = 222 sucessfully passed !
	Initialyzed swapped data for i = 115, j = 223 sucessfully passed !
	Initialyzed swapped data for i = 115, j = 224 sucessfully passed !
	Initialyzed swapped data for i = 115, j = 225 sucessfully passed !
	Initialyzed swapped data for i = 115, j = 226 sucessfully passed !
	Initialyzed swapped data for i = 115, j = 227 sucessfully passed !
	Initialyzed swapped data for i = 115, j = 228 sucessfully passed !
	Initialyzed swapped data for i = 115, j = 229 sucessfully passed !
	Initialyzed swapped data for i = 115, j = 230 sucessfully passed !
	Initialyzed swapped data for i = 115, j = 231 sucessfully passed !
	Initialyzed swapped data for i = 115, j = 232 sucessfully passed !
	Initialyzed swapped data for i = 115, j = 233 sucessfully passed !
	Initialyzed swapped data for i = 115, j = 234 sucessfully passed !
	Initialyzed swapped data for i = 115, j = 235 sucessfully passed !
	Initialyzed swapped data for i = 115, j = 236 sucessfully passed !
	Initialyzed swapped data for i = 115, j = 237 sucessfully passed !
	Initialyzed swapped data for i = 115, j = 238 sucessfully passed !
	Initialyzed swapped data for i = 115, j = 239 sucessfully passed !
	Initialyzed swapped data for i = 115, j = 240 sucessfully passed !
	Initialyzed swapped data for i = 115, j = 241 sucessfully passed !
	Initialyzed swapped data for i = 115, j = 242 sucessfully passed !
	Initialyzed swapped data for i = 115, j = 243 sucessfully passed !
	Initialyzed swapped data for i = 115, j = 244 sucessfully passed !
	Initialyzed swapped data for i = 115, j = 245 sucessfully passed !
	Initialyzed swapped data for i = 115, j = 246 sucessfully passed !
	Initialyzed swapped data for i = 115, j = 247 sucessfully passed !
	Initialyzed swapped data for i = 115, j = 248 sucessfully passed !
	Initialyzed swapped data for i = 115, j = 249 sucessfully passed !
	Initialyzed swapped data for i = 115, j = 250 sucessfully passed !
	Initialyzed swapped data for i = 115, j = 251 sucessfully passed !
	Initialyzed swapped data for i = 115, j = 252 sucessfully passed !
	Initialyzed swapped data for i = 115, j = 253 sucessfully passed !
	Initialyzed swapped data for i = 115, j = 254 sucessfully passed !
	Initialyzed swapped data for i = 115, j = 255 sucessfully passed !
	Initialyzed swapped data for i = 115, j = 256 sucessfully passed !
	Initialyzed swapped data for i = 115, j = 257 sucessfully passed !
	Initialyzed swapped data for i = 115, j = 258 sucessfully passed !
	Initialyzed swapped data for i = 115, j = 259 sucessfully passed !
	Initialyzed swapped data for i = 115, j = 260 sucessfully passed !
	Initialyzed swapped data for i = 115, j = 261 sucessfully passed !
	Initialyzed swapped data for i = 115, j = 262 sucessfully passed !
	Initialyzed swapped data for i = 115, j = 263 sucessfully passed !
	Initialyzed swapped data for i = 115, j = 264 sucessfully passed !
	Initialyzed swapped data for i = 115, j = 265 sucessfully passed !
	Initialyzed swapped data for i = 115, j = 266 sucessfully passed !
	Initialyzed swapped data for i = 115, j = 267 sucessfully passed !
	Initialyzed swapped data for i = 115, j = 268 sucessfully passed !
	Initialyzed swapped data for i = 115, j = 269 sucessfully passed !
	Initialyzed swapped data for i = 115, j = 270 sucessfully passed !
	Initialyzed swapped data for i = 115, j = 271 sucessfully passed !
	Initialyzed swapped data for i = 115, j = 272 sucessfully passed !
	Initialyzed swapped data for i = 115, j = 273 sucessfully passed !
	Initialyzed swapped data for i = 115, j = 274 sucessfully passed !
	Initialyzed swapped data for i = 115, j = 275 sucessfully passed !
	Initialyzed swapped data for i = 115, j = 276 sucessfully passed !
	Initialyzed swapped data for i = 115, j = 277 sucessfully passed !
	Initialyzed swapped data for i = 115, j = 278 sucessfully passed !
	Initialyzed swapped data for i = 115, j = 279 sucessfully passed !
	Initialyzed swapped data for i = 115, j = 280 sucessfully passed !
	Initialyzed swapped data for i = 115, j = 281 sucessfully passed !
	Initialyzed swapped data for i = 115, j = 282 sucessfully passed !
	Initialyzed swapped data for i = 115, j = 283 sucessfully passed !
	Initialyzed swapped data for i = 115, j = 284 sucessfully passed !
	Initialyzed swapped data for i = 115, j = 285 sucessfully passed !
	Initialyzed swapped data for i = 115, j = 286 sucessfully passed !
	Initialyzed swapped data for i = 115, j = 287 sucessfully passed !
	Initialyzed swapped data for i = 115, j = 288 sucessfully passed !
	Initialyzed swapped data for i = 115, j = 289 sucessfully passed !
	Initialyzed swapped data for i = 115, j = 290 sucessfully passed !
	Initialyzed swapped data for i = 115, j = 291 sucessfully passed !
	Initialyzed swapped data for i = 115, j = 292 sucessfully passed !
	Initialyzed swapped data for i = 115, j = 293 sucessfully passed !
	Initialyzed swapped data for i = 115, j = 294 sucessfully passed !
	Initialyzed swapped data for i = 115, j = 295 sucessfully passed !
	Initialyzed swapped data for i = 115, j = 296 sucessfully passed !
	Initialyzed swapped data for i = 115, j = 297 sucessfully passed !
	Initialyzed swapped data for i = 115, j = 298 sucessfully passed !
	Initialyzed swapped data for i = 115, j = 299 sucessfully passed !
	Initialyzed swapped data for i = 115, j = 300 sucessfully passed !
	Initialyzed swapped data for i = 115, j = 301 sucessfully passed !
	Initialyzed swapped data for i = 115, j = 302 sucessfully passed !
	Initialyzed swapped data for i = 115, j = 303 sucessfully passed !
	Initialyzed swapped data for i = 115, j = 304 sucessfully passed !
	Initialyzed swapped data for i = 115, j = 305 sucessfully passed !
	Initialyzed swapped data for i = 115, j = 306 sucessfully passed !
	Initialyzed swapped data for i = 115, j = 307 sucessfully passed !
	Initialyzed swapped data for i = 115, j = 308 sucessfully passed !
	Initialyzed swapped data for i = 115, j = 309 sucessfully passed !
	Initialyzed swapped data for i = 115, j = 310 sucessfully passed !
	Initialyzed swapped data for i = 115, j = 311 sucessfully passed !
	Initialyzed swapped data for i = 115, j = 312 sucessfully passed !
	Initialyzed swapped data for i = 115, j = 313 sucessfully passed !
	Initialyzed swapped data for i = 115, j = 314 sucessfully passed !
	Initialyzed swapped data for i = 115, j = 315 sucessfully passed !
	Initialyzed swapped data for i = 115, j = 316 sucessfully passed !
	Initialyzed swapped data for i = 115, j = 317 sucessfully passed !
	Initialyzed swapped data for i = 115, j = 318 sucessfully passed !
	Initialyzed swapped data for i = 115, j = 319 sucessfully passed !
	Initialyzed swapped data for i = 115, j = 320 sucessfully passed !
	Initialyzed swapped data for i = 115, j = 321 sucessfully passed !
	Initialyzed swapped data for i = 115, j = 322 sucessfully passed !
	Initialyzed swapped data for i = 115, j = 323 sucessfully passed !
	Initialyzed swapped data for i = 115, j = 324 sucessfully passed !
	Initialyzed swapped data for i = 115, j = 325 sucessfully passed !
	Initialyzed swapped data for i = 115, j = 326 sucessfully passed !
	Initialyzed swapped data for i = 115, j = 327 sucessfully passed !
	Initialyzed swapped data for i = 115, j = 328 sucessfully passed !
	Initialyzed swapped data for i = 115, j = 329 sucessfully passed !
	Initialyzed swapped data for i = 115, j = 330 sucessfully passed !
	Initialyzed swapped data for i = 115, j = 331 sucessfully passed !
	Initialyzed swapped data for i = 115, j = 332 sucessfully passed !
	Initialyzed swapped data for i = 115, j = 333 sucessfully passed !
	Initialyzed swapped data for i = 115, j = 334 sucessfully passed !
	Initialyzed swapped data for i = 115, j = 335 sucessfully passed !
	Initialyzed swapped data for i = 115, j = 336 sucessfully passed !
	Initialyzed swapped data for i = 115, j = 337 sucessfully passed !
	Initialyzed swapped data for i = 115, j = 338 sucessfully passed !
	Initialyzed swapped data for i = 115, j = 339 sucessfully passed !
	Initialyzed swapped data for i = 115, j = 340 sucessfully passed !
	Initialyzed swapped data for i = 115, j = 341 sucessfully passed !
	Initialyzed swapped data for i = 115, j = 342 sucessfully passed !
	Initialyzed swapped data for i = 115, j = 343 sucessfully passed !
	Initialyzed swapped data for i = 115, j = 344 sucessfully passed !
	Initialyzed swapped data for i = 115, j = 345 sucessfully passed !
	Initialyzed swapped data for i = 115, j = 346 sucessfully passed !
	Initialyzed swapped data for i = 115, j = 347 sucessfully passed !
	Initialyzed swapped data for i = 115, j = 348 sucessfully passed !
	Initialyzed swapped data for i = 115, j = 349 sucessfully passed !
	Initialyzed swapped data for i = 115, j = 350 sucessfully passed !
	Initialyzed swapped data for i = 115, j = 351 sucessfully passed !
	Initialyzed swapped data for i = 115, j = 352 sucessfully passed !
	Initialyzed swapped data for i = 115, j = 353 sucessfully passed !
	Initialyzed swapped data for i = 115, j = 354 sucessfully passed !
	Initialyzed swapped data for i = 115, j = 355 sucessfully passed !
	Initialyzed swapped data for i = 115, j = 356 sucessfully passed !
	Initialyzed swapped data for i = 115, j = 357 sucessfully passed !
	Initialyzed swapped data for i = 115, j = 358 sucessfully passed !
	Initialyzed swapped data for i = 115, j = 359 sucessfully passed !
	Initialyzed swapped data for i = 115, j = 360 sucessfully passed !
	Initialyzed swapped data for i = 115, j = 361 sucessfully passed !
	Initialyzed swapped data for i = 115, j = 362 sucessfully passed !
	Initialyzed swapped data for i = 115, j = 363 sucessfully passed !
	Initialyzed swapped data for i = 115, j = 364 sucessfully passed !
	Initialyzed swapped data for i = 115, j = 365 sucessfully passed !
	Initialyzed swapped data for i = 115, j = 366 sucessfully passed !
	Initialyzed swapped data for i = 115, j = 367 sucessfully passed !
	Initialyzed swapped data for i = 115, j = 368 sucessfully passed !
	Initialyzed swapped data for i = 115, j = 369 sucessfully passed !
	Initialyzed swapped data for i = 115, j = 370 sucessfully passed !
	Initialyzed swapped data for i = 115, j = 371 sucessfully passed !
	Initialyzed swapped data for i = 115, j = 372 sucessfully passed !
	Initialyzed swapped data for i = 115, j = 373 sucessfully passed !
	Initialyzed swapped data for i = 115, j = 374 sucessfully passed !
	Initialyzed swapped data for i = 115, j = 375 sucessfully passed !
	Initialyzed swapped data for i = 115, j = 376 sucessfully passed !
	Initialyzed swapped data for i = 115, j = 377 sucessfully passed !
	Initialyzed swapped data for i = 115, j = 378 sucessfully passed !
	Initialyzed swapped data for i = 115, j = 379 sucessfully passed !
	Initialyzed swapped data for i = 115, j = 380 sucessfully passed !
	Initialyzed swapped data for i = 115, j = 381 sucessfully passed !
	Initialyzed swapped data for i = 115, j = 382 sucessfully passed !
	Initialyzed swapped data for i = 115, j = 383 sucessfully passed !
	Initialyzed swapped data for i = 115, j = 384 sucessfully passed !
	Initialyzed swapped data for i = 115, j = 385 sucessfully passed !
	Initialyzed swapped data for i = 115, j = 386 sucessfully passed !
	Initialyzed swapped data for i = 115, j = 387 sucessfully passed !
	Initialyzed swapped data for i = 115, j = 388 sucessfully passed !
	Initialyzed swapped data for i = 115, j = 389 sucessfully passed !
	Initialyzed swapped data for i = 115, j = 390 sucessfully passed !
	Initialyzed swapped data for i = 115, j = 391 sucessfully passed !
	Initialyzed swapped data for i = 115, j = 392 sucessfully passed !
	Initialyzed swapped data for i = 115, j = 393 sucessfully passed !
	Initialyzed swapped data for i = 115, j = 394 sucessfully passed !
	Initialyzed swapped data for i = 115, j = 395 sucessfully passed !
	Initialyzed swapped data for i = 115, j = 396 sucessfully passed !
	Initialyzed swapped data for i = 115, j = 397 sucessfully passed !
	Initialyzed swapped data for i = 115, j = 398 sucessfully passed !
	Initialyzed swapped data for i = 115, j = 399 sucessfully passed !
	Initialyzed swapped data for i = 115, j = 400 sucessfully passed !
	Initialyzed swapped data for i = 115, j = 401 sucessfully passed !
	Initialyzed swapped data for i = 115, j = 402 sucessfully passed !
	Initialyzed swapped data for i = 115, j = 403 sucessfully passed !
	Initialyzed swapped data for i = 115, j = 404 sucessfully passed !
	Initialyzed swapped data for i = 115, j = 405 sucessfully passed !
	Initialyzed swapped data for i = 115, j = 406 sucessfully passed !
	Initialyzed swapped data for i = 115, j = 407 sucessfully passed !
	Initialyzed swapped data for i = 115, j = 408 sucessfully passed !
	Initialyzed swapped data for i = 115, j = 409 sucessfully passed !
	Initialyzed swapped data for i = 115, j = 410 sucessfully passed !
	Initialyzed swapped data for i = 115, j = 411 sucessfully passed !
	Initialyzed swapped data for i = 115, j = 412 sucessfully passed !
	Initialyzed swapped data for i = 115, j = 413 sucessfully passed !
	Initialyzed swapped data for i = 115, j = 414 sucessfully passed !
	Initialyzed swapped data for i = 115, j = 415 sucessfully passed !
	Initialyzed swapped data for i = 115, j = 416 sucessfully passed !
	Initialyzed swapped data for i = 115, j = 417 sucessfully passed !
	Initialyzed swapped data for i = 115, j = 418 sucessfully passed !
	Initialyzed swapped data for i = 115, j = 419 sucessfully passed !
	Initialyzed swapped data for i = 115, j = 420 sucessfully passed !
	Initialyzed swapped data for i = 115, j = 421 sucessfully passed !
	Initialyzed swapped data for i = 115, j = 422 sucessfully passed !
	Initialyzed swapped data for i = 115, j = 423 sucessfully passed !
	Initialyzed swapped data for i = 115, j = 424 sucessfully passed !
	Initialyzed swapped data for i = 115, j = 425 sucessfully passed !
	Initialyzed swapped data for i = 115, j = 426 sucessfully passed !
	Initialyzed swapped data for i = 115, j = 427 sucessfully passed !
	Initialyzed swapped data for i = 115, j = 428 sucessfully passed !
	Initialyzed swapped data for i = 115, j = 429 sucessfully passed !
	Initialyzed swapped data for i = 115, j = 430 sucessfully passed !
	Initialyzed swapped data for i = 115, j = 431 sucessfully passed !
	Initialyzed swapped data for i = 115, j = 432 sucessfully passed !
	Initialyzed swapped data for i = 115, j = 433 sucessfully passed !
	Initialyzed swapped data for i = 116, j = 117 sucessfully passed !
	Initialyzed swapped data for i = 116, j = 118 sucessfully passed !
	Initialyzed swapped data for i = 116, j = 119 sucessfully passed !
	Initialyzed swapped data for i = 116, j = 120 sucessfully passed !
	Initialyzed swapped data for i = 116, j = 121 sucessfully passed !
	Initialyzed swapped data for i = 116, j = 122 sucessfully passed !
	Initialyzed swapped data for i = 116, j = 123 sucessfully passed !
	Initialyzed swapped data for i = 116, j = 124 sucessfully passed !
	Initialyzed swapped data for i = 116, j = 125 sucessfully passed !
	Initialyzed swapped data for i = 116, j = 126 sucessfully passed !
	Initialyzed swapped data for i = 116, j = 127 sucessfully passed !
	Initialyzed swapped data for i = 116, j = 128 sucessfully passed !
	Initialyzed swapped data for i = 116, j = 129 sucessfully passed !
	Initialyzed swapped data for i = 116, j = 130 sucessfully passed !
	Initialyzed swapped data for i = 116, j = 131 sucessfully passed !
	Initialyzed swapped data for i = 116, j = 132 sucessfully passed !
	Initialyzed swapped data for i = 116, j = 133 sucessfully passed !
	Initialyzed swapped data for i = 116, j = 134 sucessfully passed !
	Initialyzed swapped data for i = 116, j = 135 sucessfully passed !
	Initialyzed swapped data for i = 116, j = 136 sucessfully passed !
	Initialyzed swapped data for i = 116, j = 137 sucessfully passed !
	Initialyzed swapped data for i = 116, j = 138 sucessfully passed !
	Initialyzed swapped data for i = 116, j = 139 sucessfully passed !
	Initialyzed swapped data for i = 116, j = 140 sucessfully passed !
	Initialyzed swapped data for i = 116, j = 141 sucessfully passed !
	Initialyzed swapped data for i = 116, j = 142 sucessfully passed !
	Initialyzed swapped data for i = 116, j = 143 sucessfully passed !
	Initialyzed swapped data for i = 116, j = 144 sucessfully passed !
	Initialyzed swapped data for i = 116, j = 145 sucessfully passed !
	Initialyzed swapped data for i = 116, j = 146 sucessfully passed !
	Initialyzed swapped data for i = 116, j = 147 sucessfully passed !
	Initialyzed swapped data for i = 116, j = 148 sucessfully passed !
	Initialyzed swapped data for i = 116, j = 149 sucessfully passed !
	Initialyzed swapped data for i = 116, j = 150 sucessfully passed !
	Initialyzed swapped data for i = 116, j = 151 sucessfully passed !
	Initialyzed swapped data for i = 116, j = 152 sucessfully passed !
	Initialyzed swapped data for i = 116, j = 153 sucessfully passed !
	Initialyzed swapped data for i = 116, j = 154 sucessfully passed !
	Initialyzed swapped data for i = 116, j = 155 sucessfully passed !
	Initialyzed swapped data for i = 116, j = 156 sucessfully passed !
	Initialyzed swapped data for i = 116, j = 157 sucessfully passed !
	Initialyzed swapped data for i = 116, j = 158 sucessfully passed !
	Initialyzed swapped data for i = 116, j = 159 sucessfully passed !
	Initialyzed swapped data for i = 116, j = 160 sucessfully passed !
	Initialyzed swapped data for i = 116, j = 161 sucessfully passed !
	Initialyzed swapped data for i = 116, j = 162 sucessfully passed !
	Initialyzed swapped data for i = 116, j = 163 sucessfully passed !
	Initialyzed swapped data for i = 116, j = 164 sucessfully passed !
	Initialyzed swapped data for i = 116, j = 165 sucessfully passed !
	Initialyzed swapped data for i = 116, j = 166 sucessfully passed !
	Initialyzed swapped data for i = 116, j = 167 sucessfully passed !
	Initialyzed swapped data for i = 116, j = 168 sucessfully passed !
	Initialyzed swapped data for i = 116, j = 169 sucessfully passed !
	Initialyzed swapped data for i = 116, j = 170 sucessfully passed !
	Initialyzed swapped data for i = 116, j = 171 sucessfully passed !
	Initialyzed swapped data for i = 116, j = 172 sucessfully passed !
	Initialyzed swapped data for i = 116, j = 173 sucessfully passed !
	Initialyzed swapped data for i = 116, j = 174 sucessfully passed !
	Initialyzed swapped data for i = 116, j = 175 sucessfully passed !
	Initialyzed swapped data for i = 116, j = 176 sucessfully passed !
	Initialyzed swapped data for i = 116, j = 177 sucessfully passed !
	Initialyzed swapped data for i = 116, j = 178 sucessfully passed !
	Initialyzed swapped data for i = 116, j = 179 sucessfully passed !
	Initialyzed swapped data for i = 116, j = 180 sucessfully passed !
	Initialyzed swapped data for i = 116, j = 181 sucessfully passed !
	Initialyzed swapped data for i = 116, j = 182 sucessfully passed !
	Initialyzed swapped data for i = 116, j = 183 sucessfully passed !
	Initialyzed swapped data for i = 116, j = 184 sucessfully passed !
	Initialyzed swapped data for i = 116, j = 185 sucessfully passed !
	Initialyzed swapped data for i = 116, j = 186 sucessfully passed !
	Initialyzed swapped data for i = 116, j = 187 sucessfully passed !
	Initialyzed swapped data for i = 116, j = 188 sucessfully passed !
	Initialyzed swapped data for i = 116, j = 189 sucessfully passed !
	Initialyzed swapped data for i = 116, j = 190 sucessfully passed !
	Initialyzed swapped data for i = 116, j = 191 sucessfully passed !
	Initialyzed swapped data for i = 116, j = 192 sucessfully passed !
	Initialyzed swapped data for i = 116, j = 193 sucessfully passed !
	Initialyzed swapped data for i = 116, j = 194 sucessfully passed !
	Initialyzed swapped data for i = 116, j = 195 sucessfully passed !
	Initialyzed swapped data for i = 116, j = 196 sucessfully passed !
	Initialyzed swapped data for i = 116, j = 197 sucessfully passed !
	Initialyzed swapped data for i = 116, j = 198 sucessfully passed !
	Initialyzed swapped data for i = 116, j = 199 sucessfully passed !
	Initialyzed swapped data for i = 116, j = 200 sucessfully passed !
	Initialyzed swapped data for i = 116, j = 201 sucessfully passed !
	Initialyzed swapped data for i = 116, j = 202 sucessfully passed !
	Initialyzed swapped data for i = 116, j = 203 sucessfully passed !
	Initialyzed swapped data for i = 116, j = 204 sucessfully passed !
	Initialyzed swapped data for i = 116, j = 205 sucessfully passed !
	Initialyzed swapped data for i = 116, j = 206 sucessfully passed !
	Initialyzed swapped data for i = 116, j = 207 sucessfully passed !
	Initialyzed swapped data for i = 116, j = 208 sucessfully passed !
	Initialyzed swapped data for i = 116, j = 209 sucessfully passed !
	Initialyzed swapped data for i = 116, j = 210 sucessfully passed !
	Initialyzed swapped data for i = 116, j = 211 sucessfully passed !
	Initialyzed swapped data for i = 116, j = 212 sucessfully passed !
	Initialyzed swapped data for i = 116, j = 213 sucessfully passed !
	Initialyzed swapped data for i = 116, j = 214 sucessfully passed !
	Initialyzed swapped data for i = 116, j = 215 sucessfully passed !
	Initialyzed swapped data for i = 116, j = 216 sucessfully passed !
	Initialyzed swapped data for i = 116, j = 217 sucessfully passed !
	Initialyzed swapped data for i = 116, j = 218 sucessfully passed !
	Initialyzed swapped data for i = 116, j = 219 sucessfully passed !
	Initialyzed swapped data for i = 116, j = 220 sucessfully passed !
	Initialyzed swapped data for i = 116, j = 221 sucessfully passed !
	Initialyzed swapped data for i = 116, j = 222 sucessfully passed !
	Initialyzed swapped data for i = 116, j = 223 sucessfully passed !
	Initialyzed swapped data for i = 116, j = 224 sucessfully passed !
	Initialyzed swapped data for i = 116, j = 225 sucessfully passed !
	Initialyzed swapped data for i = 116, j = 226 sucessfully passed !
	Initialyzed swapped data for i = 116, j = 227 sucessfully passed !
	Initialyzed swapped data for i = 116, j = 228 sucessfully passed !
	Initialyzed swapped data for i = 116, j = 229 sucessfully passed !
	Initialyzed swapped data for i = 116, j = 230 sucessfully passed !
	Initialyzed swapped data for i = 116, j = 231 sucessfully passed !
	Initialyzed swapped data for i = 116, j = 232 sucessfully passed !
	Initialyzed swapped data for i = 116, j = 233 sucessfully passed !
	Initialyzed swapped data for i = 116, j = 234 sucessfully passed !
	Initialyzed swapped data for i = 116, j = 235 sucessfully passed !
	Initialyzed swapped data for i = 116, j = 236 sucessfully passed !
	Initialyzed swapped data for i = 116, j = 237 sucessfully passed !
	Initialyzed swapped data for i = 116, j = 238 sucessfully passed !
	Initialyzed swapped data for i = 116, j = 239 sucessfully passed !
	Initialyzed swapped data for i = 116, j = 240 sucessfully passed !
	Initialyzed swapped data for i = 116, j = 241 sucessfully passed !
	Initialyzed swapped data for i = 116, j = 242 sucessfully passed !
	Initialyzed swapped data for i = 116, j = 243 sucessfully passed !
	Initialyzed swapped data for i = 116, j = 244 sucessfully passed !
	Initialyzed swapped data for i = 116, j = 245 sucessfully passed !
	Initialyzed swapped data for i = 116, j = 246 sucessfully passed !
	Initialyzed swapped data for i = 116, j = 247 sucessfully passed !
	Initialyzed swapped data for i = 116, j = 248 sucessfully passed !
	Initialyzed swapped data for i = 116, j = 249 sucessfully passed !
	Initialyzed swapped data for i = 116, j = 250 sucessfully passed !
	Initialyzed swapped data for i = 116, j = 251 sucessfully passed !
	Initialyzed swapped data for i = 116, j = 252 sucessfully passed !
	Initialyzed swapped data for i = 116, j = 253 sucessfully passed !
	Initialyzed swapped data for i = 116, j = 254 sucessfully passed !
	Initialyzed swapped data for i = 116, j = 255 sucessfully passed !
	Initialyzed swapped data for i = 116, j = 256 sucessfully passed !
	Initialyzed swapped data for i = 116, j = 257 sucessfully passed !
	Initialyzed swapped data for i = 116, j = 258 sucessfully passed !
	Initialyzed swapped data for i = 116, j = 259 sucessfully passed !
	Initialyzed swapped data for i = 116, j = 260 sucessfully passed !
	Initialyzed swapped data for i = 116, j = 261 sucessfully passed !
	Initialyzed swapped data for i = 116, j = 262 sucessfully passed !
	Initialyzed swapped data for i = 116, j = 263 sucessfully passed !
	Initialyzed swapped data for i = 116, j = 264 sucessfully passed !
	Initialyzed swapped data for i = 116, j = 265 sucessfully passed !
	Initialyzed swapped data for i = 116, j = 266 sucessfully passed !
	Initialyzed swapped data for i = 116, j = 267 sucessfully passed !
	Initialyzed swapped data for i = 116, j = 268 sucessfully passed !
	Initialyzed swapped data for i = 116, j = 269 sucessfully passed !
	Initialyzed swapped data for i = 116, j = 270 sucessfully passed !
	Initialyzed swapped data for i = 116, j = 271 sucessfully passed !
	Initialyzed swapped data for i = 116, j = 272 sucessfully passed !
	Initialyzed swapped data for i = 116, j = 273 sucessfully passed !
	Initialyzed swapped data for i = 116, j = 274 sucessfully passed !
	Initialyzed swapped data for i = 116, j = 275 sucessfully passed !
	Initialyzed swapped data for i = 116, j = 276 sucessfully passed !
	Initialyzed swapped data for i = 116, j = 277 sucessfully passed !
	Initialyzed swapped data for i = 116, j = 278 sucessfully passed !
	Initialyzed swapped data for i = 116, j = 279 sucessfully passed !
	Initialyzed swapped data for i = 116, j = 280 sucessfully passed !
	Initialyzed swapped data for i = 116, j = 281 sucessfully passed !
	Initialyzed swapped data for i = 116, j = 282 sucessfully passed !
	Initialyzed swapped data for i = 116, j = 283 sucessfully passed !
	Initialyzed swapped data for i = 116, j = 284 sucessfully passed !
	Initialyzed swapped data for i = 116, j = 285 sucessfully passed !
	Initialyzed swapped data for i = 116, j = 286 sucessfully passed !
	Initialyzed swapped data for i = 116, j = 287 sucessfully passed !
	Initialyzed swapped data for i = 116, j = 288 sucessfully passed !
	Initialyzed swapped data for i = 116, j = 289 sucessfully passed !
	Initialyzed swapped data for i = 116, j = 290 sucessfully passed !
	Initialyzed swapped data for i = 116, j = 291 sucessfully passed !
	Initialyzed swapped data for i = 116, j = 292 sucessfully passed !
	Initialyzed swapped data for i = 116, j = 293 sucessfully passed !
	Initialyzed swapped data for i = 116, j = 294 sucessfully passed !
	Initialyzed swapped data for i = 116, j = 295 sucessfully passed !
	Initialyzed swapped data for i = 116, j = 296 sucessfully passed !
	Initialyzed swapped data for i = 116, j = 297 sucessfully passed !
	Initialyzed swapped data for i = 116, j = 298 sucessfully passed !
	Initialyzed swapped data for i = 116, j = 299 sucessfully passed !
	Initialyzed swapped data for i = 116, j = 300 sucessfully passed !
	Initialyzed swapped data for i = 116, j = 301 sucessfully passed !
	Initialyzed swapped data for i = 116, j = 302 sucessfully passed !
	Initialyzed swapped data for i = 116, j = 303 sucessfully passed !
	Initialyzed swapped data for i = 116, j = 304 sucessfully passed !
	Initialyzed swapped data for i = 116, j = 305 sucessfully passed !
	Initialyzed swapped data for i = 116, j = 306 sucessfully passed !
	Initialyzed swapped data for i = 116, j = 307 sucessfully passed !
	Initialyzed swapped data for i = 116, j = 308 sucessfully passed !
	Initialyzed swapped data for i = 116, j = 309 sucessfully passed !
	Initialyzed swapped data for i = 116, j = 310 sucessfully passed !
	Initialyzed swapped data for i = 116, j = 311 sucessfully passed !
	Initialyzed swapped data for i = 116, j = 312 sucessfully passed !
	Initialyzed swapped data for i = 116, j = 313 sucessfully passed !
	Initialyzed swapped data for i = 116, j = 314 sucessfully passed !
	Initialyzed swapped data for i = 116, j = 315 sucessfully passed !
	Initialyzed swapped data for i = 116, j = 316 sucessfully passed !
	Initialyzed swapped data for i = 116, j = 317 sucessfully passed !
	Initialyzed swapped data for i = 116, j = 318 sucessfully passed !
	Initialyzed swapped data for i = 116, j = 319 sucessfully passed !
	Initialyzed swapped data for i = 116, j = 320 sucessfully passed !
	Initialyzed swapped data for i = 116, j = 321 sucessfully passed !
	Initialyzed swapped data for i = 116, j = 322 sucessfully passed !
	Initialyzed swapped data for i = 116, j = 323 sucessfully passed !
	Initialyzed swapped data for i = 116, j = 324 sucessfully passed !
	Initialyzed swapped data for i = 116, j = 325 sucessfully passed !
	Initialyzed swapped data for i = 116, j = 326 sucessfully passed !
	Initialyzed swapped data for i = 116, j = 327 sucessfully passed !
	Initialyzed swapped data for i = 116, j = 328 sucessfully passed !
	Initialyzed swapped data for i = 116, j = 329 sucessfully passed !
	Initialyzed swapped data for i = 116, j = 330 sucessfully passed !
	Initialyzed swapped data for i = 116, j = 331 sucessfully passed !
	Initialyzed swapped data for i = 116, j = 332 sucessfully passed !
	Initialyzed swapped data for i = 116, j = 333 sucessfully passed !
	Initialyzed swapped data for i = 116, j = 334 sucessfully passed !
	Initialyzed swapped data for i = 116, j = 335 sucessfully passed !
	Initialyzed swapped data for i = 116, j = 336 sucessfully passed !
	Initialyzed swapped data for i = 116, j = 337 sucessfully passed !
	Initialyzed swapped data for i = 116, j = 338 sucessfully passed !
	Initialyzed swapped data for i = 116, j = 339 sucessfully passed !
	Initialyzed swapped data for i = 116, j = 340 sucessfully passed !
	Initialyzed swapped data for i = 116, j = 341 sucessfully passed !
	Initialyzed swapped data for i = 116, j = 342 sucessfully passed !
	Initialyzed swapped data for i = 116, j = 343 sucessfully passed !
	Initialyzed swapped data for i = 116, j = 344 sucessfully passed !
	Initialyzed swapped data for i = 116, j = 345 sucessfully passed !
	Initialyzed swapped data for i = 116, j = 346 sucessfully passed !
	Initialyzed swapped data for i = 116, j = 347 sucessfully passed !
	Initialyzed swapped data for i = 116, j = 348 sucessfully passed !
	Initialyzed swapped data for i = 116, j = 349 sucessfully passed !
	Initialyzed swapped data for i = 116, j = 350 sucessfully passed !
	Initialyzed swapped data for i = 116, j = 351 sucessfully passed !
	Initialyzed swapped data for i = 116, j = 352 sucessfully passed !
	Initialyzed swapped data for i = 116, j = 353 sucessfully passed !
	Initialyzed swapped data for i = 116, j = 354 sucessfully passed !
	Initialyzed swapped data for i = 116, j = 355 sucessfully passed !
	Initialyzed swapped data for i = 116, j = 356 sucessfully passed !
	Initialyzed swapped data for i = 116, j = 357 sucessfully passed !
	Initialyzed swapped data for i = 116, j = 358 sucessfully passed !
	Initialyzed swapped data for i = 116, j = 359 sucessfully passed !
	Initialyzed swapped data for i = 116, j = 360 sucessfully passed !
	Initialyzed swapped data for i = 116, j = 361 sucessfully passed !
	Initialyzed swapped data for i = 116, j = 362 sucessfully passed !
	Initialyzed swapped data for i = 116, j = 363 sucessfully passed !
	Initialyzed swapped data for i = 116, j = 364 sucessfully passed !
	Initialyzed swapped data for i = 116, j = 365 sucessfully passed !
	Initialyzed swapped data for i = 116, j = 366 sucessfully passed !
	Initialyzed swapped data for i = 116, j = 367 sucessfully passed !
	Initialyzed swapped data for i = 116, j = 368 sucessfully passed !
	Initialyzed swapped data for i = 116, j = 369 sucessfully passed !
	Initialyzed swapped data for i = 116, j = 370 sucessfully passed !
	Initialyzed swapped data for i = 116, j = 371 sucessfully passed !
	Initialyzed swapped data for i = 116, j = 372 sucessfully passed !
	Initialyzed swapped data for i = 116, j = 373 sucessfully passed !
	Initialyzed swapped data for i = 116, j = 374 sucessfully passed !
	Initialyzed swapped data for i = 116, j = 375 sucessfully passed !
	Initialyzed swapped data for i = 116, j = 376 sucessfully passed !
	Initialyzed swapped data for i = 116, j = 377 sucessfully passed !
	Initialyzed swapped data for i = 116, j = 378 sucessfully passed !
	Initialyzed swapped data for i = 116, j = 379 sucessfully passed !
	Initialyzed swapped data for i = 116, j = 380 sucessfully passed !
	Initialyzed swapped data for i = 116, j = 381 sucessfully passed !
	Initialyzed swapped data for i = 116, j = 382 sucessfully passed !
	Initialyzed swapped data for i = 116, j = 383 sucessfully passed !
	Initialyzed swapped data for i = 116, j = 384 sucessfully passed !
	Initialyzed swapped data for i = 116, j = 385 sucessfully passed !
	Initialyzed swapped data for i = 116, j = 386 sucessfully passed !
	Initialyzed swapped data for i = 116, j = 387 sucessfully passed !
	Initialyzed swapped data for i = 116, j = 388 sucessfully passed !
	Initialyzed swapped data for i = 116, j = 389 sucessfully passed !
	Initialyzed swapped data for i = 116, j = 390 sucessfully passed !
	Initialyzed swapped data for i = 116, j = 391 sucessfully passed !
	Initialyzed swapped data for i = 116, j = 392 sucessfully passed !
	Initialyzed swapped data for i = 116, j = 393 sucessfully passed !
	Initialyzed swapped data for i = 116, j = 394 sucessfully passed !
	Initialyzed swapped data for i = 116, j = 395 sucessfully passed !
	Initialyzed swapped data for i = 116, j = 396 sucessfully passed !
	Initialyzed swapped data for i = 116, j = 397 sucessfully passed !
	Initialyzed swapped data for i = 116, j = 398 sucessfully passed !
	Initialyzed swapped data for i = 116, j = 399 sucessfully passed !
	Initialyzed swapped data for i = 116, j = 400 sucessfully passed !
	Initialyzed swapped data for i = 116, j = 401 sucessfully passed !
	Initialyzed swapped data for i = 116, j = 402 sucessfully passed !
	Initialyzed swapped data for i = 116, j = 403 sucessfully passed !
	Initialyzed swapped data for i = 116, j = 404 sucessfully passed !
	Initialyzed swapped data for i = 116, j = 405 sucessfully passed !
	Initialyzed swapped data for i = 116, j = 406 sucessfully passed !
	Initialyzed swapped data for i = 116, j = 407 sucessfully passed !
	Initialyzed swapped data for i = 116, j = 408 sucessfully passed !
	Initialyzed swapped data for i = 116, j = 409 sucessfully passed !
	Initialyzed swapped data for i = 116, j = 410 sucessfully passed !
	Initialyzed swapped data for i = 116, j = 411 sucessfully passed !
	Initialyzed swapped data for i = 116, j = 412 sucessfully passed !
	Initialyzed swapped data for i = 116, j = 413 sucessfully passed !
	Initialyzed swapped data for i = 116, j = 414 sucessfully passed !
	Initialyzed swapped data for i = 116, j = 415 sucessfully passed !
	Initialyzed swapped data for i = 116, j = 416 sucessfully passed !
	Initialyzed swapped data for i = 116, j = 417 sucessfully passed !
	Initialyzed swapped data for i = 116, j = 418 sucessfully passed !
	Initialyzed swapped data for i = 116, j = 419 sucessfully passed !
	Initialyzed swapped data for i = 116, j = 420 sucessfully passed !
	Initialyzed swapped data for i = 116, j = 421 sucessfully passed !
	Initialyzed swapped data for i = 116, j = 422 sucessfully passed !
	Initialyzed swapped data for i = 116, j = 423 sucessfully passed !
	Initialyzed swapped data for i = 116, j = 424 sucessfully passed !
	Initialyzed swapped data for i = 116, j = 425 sucessfully passed !
	Initialyzed swapped data for i = 116, j = 426 sucessfully passed !
	Initialyzed swapped data for i = 116, j = 427 sucessfully passed !
	Initialyzed swapped data for i = 116, j = 428 sucessfully passed !
	Initialyzed swapped data for i = 116, j = 429 sucessfully passed !
	Initialyzed swapped data for i = 116, j = 430 sucessfully passed !
	Initialyzed swapped data for i = 116, j = 431 sucessfully passed !
	Initialyzed swapped data for i = 116, j = 432 sucessfully passed !
	Initialyzed swapped data for i = 116, j = 433 sucessfully passed !
	Initialyzed swapped data for i = 117, j = 118 sucessfully passed !
	Initialyzed swapped data for i = 117, j = 119 sucessfully passed !
	Initialyzed swapped data for i = 117, j = 120 sucessfully passed !
	Initialyzed swapped data for i = 117, j = 121 sucessfully passed !
	Initialyzed swapped data for i = 117, j = 122 sucessfully passed !
	Initialyzed swapped data for i = 117, j = 123 sucessfully passed !
	Initialyzed swapped data for i = 117, j = 124 sucessfully passed !
	Initialyzed swapped data for i = 117, j = 125 sucessfully passed !
	Initialyzed swapped data for i = 117, j = 126 sucessfully passed !
	Initialyzed swapped data for i = 117, j = 127 sucessfully passed !
	Initialyzed swapped data for i = 117, j = 128 sucessfully passed !
	Initialyzed swapped data for i = 117, j = 129 sucessfully passed !
	Initialyzed swapped data for i = 117, j = 130 sucessfully passed !
	Initialyzed swapped data for i = 117, j = 131 sucessfully passed !
	Initialyzed swapped data for i = 117, j = 132 sucessfully passed !
	Initialyzed swapped data for i = 117, j = 133 sucessfully passed !
	Initialyzed swapped data for i = 117, j = 134 sucessfully passed !
	Initialyzed swapped data for i = 117, j = 135 sucessfully passed !
	Initialyzed swapped data for i = 117, j = 136 sucessfully passed !
	Initialyzed swapped data for i = 117, j = 137 sucessfully passed !
	Initialyzed swapped data for i = 117, j = 138 sucessfully passed !
	Initialyzed swapped data for i = 117, j = 139 sucessfully passed !
	Initialyzed swapped data for i = 117, j = 140 sucessfully passed !
	Initialyzed swapped data for i = 117, j = 141 sucessfully passed !
	Initialyzed swapped data for i = 117, j = 142 sucessfully passed !
	Initialyzed swapped data for i = 117, j = 143 sucessfully passed !
	Initialyzed swapped data for i = 117, j = 144 sucessfully passed !
	Initialyzed swapped data for i = 117, j = 145 sucessfully passed !
	Initialyzed swapped data for i = 117, j = 146 sucessfully passed !
	Initialyzed swapped data for i = 117, j = 147 sucessfully passed !
	Initialyzed swapped data for i = 117, j = 148 sucessfully passed !
	Initialyzed swapped data for i = 117, j = 149 sucessfully passed !
	Initialyzed swapped data for i = 117, j = 150 sucessfully passed !
	Initialyzed swapped data for i = 117, j = 151 sucessfully passed !
	Initialyzed swapped data for i = 117, j = 152 sucessfully passed !
	Initialyzed swapped data for i = 117, j = 153 sucessfully passed !
	Initialyzed swapped data for i = 117, j = 154 sucessfully passed !
	Initialyzed swapped data for i = 117, j = 155 sucessfully passed !
	Initialyzed swapped data for i = 117, j = 156 sucessfully passed !
	Initialyzed swapped data for i = 117, j = 157 sucessfully passed !
	Initialyzed swapped data for i = 117, j = 158 sucessfully passed !
	Initialyzed swapped data for i = 117, j = 159 sucessfully passed !
	Initialyzed swapped data for i = 117, j = 160 sucessfully passed !
	Initialyzed swapped data for i = 117, j = 161 sucessfully passed !
	Initialyzed swapped data for i = 117, j = 162 sucessfully passed !
	Initialyzed swapped data for i = 117, j = 163 sucessfully passed !
	Initialyzed swapped data for i = 117, j = 164 sucessfully passed !
	Initialyzed swapped data for i = 117, j = 165 sucessfully passed !
	Initialyzed swapped data for i = 117, j = 166 sucessfully passed !
	Initialyzed swapped data for i = 117, j = 167 sucessfully passed !
	Initialyzed swapped data for i = 117, j = 168 sucessfully passed !
	Initialyzed swapped data for i = 117, j = 169 sucessfully passed !
	Initialyzed swapped data for i = 117, j = 170 sucessfully passed !
	Initialyzed swapped data for i = 117, j = 171 sucessfully passed !
	Initialyzed swapped data for i = 117, j = 172 sucessfully passed !
	Initialyzed swapped data for i = 117, j = 173 sucessfully passed !
	Initialyzed swapped data for i = 117, j = 174 sucessfully passed !
	Initialyzed swapped data for i = 117, j = 175 sucessfully passed !
	Initialyzed swapped data for i = 117, j = 176 sucessfully passed !
	Initialyzed swapped data for i = 117, j = 177 sucessfully passed !
	Initialyzed swapped data for i = 117, j = 178 sucessfully passed !
	Initialyzed swapped data for i = 117, j = 179 sucessfully passed !
	Initialyzed swapped data for i = 117, j = 180 sucessfully passed !
	Initialyzed swapped data for i = 117, j = 181 sucessfully passed !
	Initialyzed swapped data for i = 117, j = 182 sucessfully passed !
	Initialyzed swapped data for i = 117, j = 183 sucessfully passed !
	Initialyzed swapped data for i = 117, j = 184 sucessfully passed !
	Initialyzed swapped data for i = 117, j = 185 sucessfully passed !
	Initialyzed swapped data for i = 117, j = 186 sucessfully passed !
	Initialyzed swapped data for i = 117, j = 187 sucessfully passed !
	Initialyzed swapped data for i = 117, j = 188 sucessfully passed !
	Initialyzed swapped data for i = 117, j = 189 sucessfully passed !
	Initialyzed swapped data for i = 117, j = 190 sucessfully passed !
	Initialyzed swapped data for i = 117, j = 191 sucessfully passed !
	Initialyzed swapped data for i = 117, j = 192 sucessfully passed !
	Initialyzed swapped data for i = 117, j = 193 sucessfully passed !
	Initialyzed swapped data for i = 117, j = 194 sucessfully passed !
	Initialyzed swapped data for i = 117, j = 195 sucessfully passed !
	Initialyzed swapped data for i = 117, j = 196 sucessfully passed !
	Initialyzed swapped data for i = 117, j = 197 sucessfully passed !
	Initialyzed swapped data for i = 117, j = 198 sucessfully passed !
	Initialyzed swapped data for i = 117, j = 199 sucessfully passed !
	Initialyzed swapped data for i = 117, j = 200 sucessfully passed !
	Initialyzed swapped data for i = 117, j = 201 sucessfully passed !
	Initialyzed swapped data for i = 117, j = 202 sucessfully passed !
	Initialyzed swapped data for i = 117, j = 203 sucessfully passed !
	Initialyzed swapped data for i = 117, j = 204 sucessfully passed !
	Initialyzed swapped data for i = 117, j = 205 sucessfully passed !
	Initialyzed swapped data for i = 117, j = 206 sucessfully passed !
	Initialyzed swapped data for i = 117, j = 207 sucessfully passed !
	Initialyzed swapped data for i = 117, j = 208 sucessfully passed !
	Initialyzed swapped data for i = 117, j = 209 sucessfully passed !
	Initialyzed swapped data for i = 117, j = 210 sucessfully passed !
	Initialyzed swapped data for i = 117, j = 211 sucessfully passed !
	Initialyzed swapped data for i = 117, j = 212 sucessfully passed !
	Initialyzed swapped data for i = 117, j = 213 sucessfully passed !
	Initialyzed swapped data for i = 117, j = 214 sucessfully passed !
	Initialyzed swapped data for i = 117, j = 215 sucessfully passed !
	Initialyzed swapped data for i = 117, j = 216 sucessfully passed !
	Initialyzed swapped data for i = 117, j = 217 sucessfully passed !
	Initialyzed swapped data for i = 117, j = 218 sucessfully passed !
	Initialyzed swapped data for i = 117, j = 219 sucessfully passed !
	Initialyzed swapped data for i = 117, j = 220 sucessfully passed !
	Initialyzed swapped data for i = 117, j = 221 sucessfully passed !
	Initialyzed swapped data for i = 117, j = 222 sucessfully passed !
	Initialyzed swapped data for i = 117, j = 223 sucessfully passed !
	Initialyzed swapped data for i = 117, j = 224 sucessfully passed !
	Initialyzed swapped data for i = 117, j = 225 sucessfully passed !
	Initialyzed swapped data for i = 117, j = 226 sucessfully passed !
	Initialyzed swapped data for i = 117, j = 227 sucessfully passed !
	Initialyzed swapped data for i = 117, j = 228 sucessfully passed !
	Initialyzed swapped data for i = 117, j = 229 sucessfully passed !
	Initialyzed swapped data for i = 117, j = 230 sucessfully passed !
	Initialyzed swapped data for i = 117, j = 231 sucessfully passed !
	Initialyzed swapped data for i = 117, j = 232 sucessfully passed !
	Initialyzed swapped data for i = 117, j = 233 sucessfully passed !
	Initialyzed swapped data for i = 117, j = 234 sucessfully passed !
	Initialyzed swapped data for i = 117, j = 235 sucessfully passed !
	Initialyzed swapped data for i = 117, j = 236 sucessfully passed !
	Initialyzed swapped data for i = 117, j = 237 sucessfully passed !
	Initialyzed swapped data for i = 117, j = 238 sucessfully passed !
	Initialyzed swapped data for i = 117, j = 239 sucessfully passed !
	Initialyzed swapped data for i = 117, j = 240 sucessfully passed !
	Initialyzed swapped data for i = 117, j = 241 sucessfully passed !
	Initialyzed swapped data for i = 117, j = 242 sucessfully passed !
	Initialyzed swapped data for i = 117, j = 243 sucessfully passed !
	Initialyzed swapped data for i = 117, j = 244 sucessfully passed !
	Initialyzed swapped data for i = 117, j = 245 sucessfully passed !
	Initialyzed swapped data for i = 117, j = 246 sucessfully passed !
	Initialyzed swapped data for i = 117, j = 247 sucessfully passed !
	Initialyzed swapped data for i = 117, j = 248 sucessfully passed !
	Initialyzed swapped data for i = 117, j = 249 sucessfully passed !
	Initialyzed swapped data for i = 117, j = 250 sucessfully passed !
	Initialyzed swapped data for i = 117, j = 251 sucessfully passed !
	Initialyzed swapped data for i = 117, j = 252 sucessfully passed !
	Initialyzed swapped data for i = 117, j = 253 sucessfully passed !
	Initialyzed swapped data for i = 117, j = 254 sucessfully passed !
	Initialyzed swapped data for i = 117, j = 255 sucessfully passed !
	Initialyzed swapped data for i = 117, j = 256 sucessfully passed !
	Initialyzed swapped data for i = 117, j = 257 sucessfully passed !
	Initialyzed swapped data for i = 117, j = 258 sucessfully passed !
	Initialyzed swapped data for i = 117, j = 259 sucessfully passed !
	Initialyzed swapped data for i = 117, j = 260 sucessfully passed !
	Initialyzed swapped data for i = 117, j = 261 sucessfully passed !
	Initialyzed swapped data for i = 117, j = 262 sucessfully passed !
	Initialyzed swapped data for i = 117, j = 263 sucessfully passed !
	Initialyzed swapped data for i = 117, j = 264 sucessfully passed !
	Initialyzed swapped data for i = 117, j = 265 sucessfully passed !
	Initialyzed swapped data for i = 117, j = 266 sucessfully passed !
	Initialyzed swapped data for i = 117, j = 267 sucessfully passed !
	Initialyzed swapped data for i = 117, j = 268 sucessfully passed !
	Initialyzed swapped data for i = 117, j = 269 sucessfully passed !
	Initialyzed swapped data for i = 117, j = 270 sucessfully passed !
	Initialyzed swapped data for i = 117, j = 271 sucessfully passed !
	Initialyzed swapped data for i = 117, j = 272 sucessfully passed !
	Initialyzed swapped data for i = 117, j = 273 sucessfully passed !
	Initialyzed swapped data for i = 117, j = 274 sucessfully passed !
	Initialyzed swapped data for i = 117, j = 275 sucessfully passed !
	Initialyzed swapped data for i = 117, j = 276 sucessfully passed !
	Initialyzed swapped data for i = 117, j = 277 sucessfully passed !
	Initialyzed swapped data for i = 117, j = 278 sucessfully passed !
	Initialyzed swapped data for i = 117, j = 279 sucessfully passed !
	Initialyzed swapped data for i = 117, j = 280 sucessfully passed !
	Initialyzed swapped data for i = 117, j = 281 sucessfully passed !
	Initialyzed swapped data for i = 117, j = 282 sucessfully passed !
	Initialyzed swapped data for i = 117, j = 283 sucessfully passed !
	Initialyzed swapped data for i = 117, j = 284 sucessfully passed !
	Initialyzed swapped data for i = 117, j = 285 sucessfully passed !
	Initialyzed swapped data for i = 117, j = 286 sucessfully passed !
	Initialyzed swapped data for i = 117, j = 287 sucessfully passed !
	Initialyzed swapped data for i = 117, j = 288 sucessfully passed !
	Initialyzed swapped data for i = 117, j = 289 sucessfully passed !
	Initialyzed swapped data for i = 117, j = 290 sucessfully passed !
	Initialyzed swapped data for i = 117, j = 291 sucessfully passed !
	Initialyzed swapped data for i = 117, j = 292 sucessfully passed !
	Initialyzed swapped data for i = 117, j = 293 sucessfully passed !
	Initialyzed swapped data for i = 117, j = 294 sucessfully passed !
	Initialyzed swapped data for i = 117, j = 295 sucessfully passed !
	Initialyzed swapped data for i = 117, j = 296 sucessfully passed !
	Initialyzed swapped data for i = 117, j = 297 sucessfully passed !
	Initialyzed swapped data for i = 117, j = 298 sucessfully passed !
	Initialyzed swapped data for i = 117, j = 299 sucessfully passed !
	Initialyzed swapped data for i = 117, j = 300 sucessfully passed !
	Initialyzed swapped data for i = 117, j = 301 sucessfully passed !
	Initialyzed swapped data for i = 117, j = 302 sucessfully passed !
	Initialyzed swapped data for i = 117, j = 303 sucessfully passed !
	Initialyzed swapped data for i = 117, j = 304 sucessfully passed !
	Initialyzed swapped data for i = 117, j = 305 sucessfully passed !
	Initialyzed swapped data for i = 117, j = 306 sucessfully passed !
	Initialyzed swapped data for i = 117, j = 307 sucessfully passed !
	Initialyzed swapped data for i = 117, j = 308 sucessfully passed !
	Initialyzed swapped data for i = 117, j = 309 sucessfully passed !
	Initialyzed swapped data for i = 117, j = 310 sucessfully passed !
	Initialyzed swapped data for i = 117, j = 311 sucessfully passed !
	Initialyzed swapped data for i = 117, j = 312 sucessfully passed !
	Initialyzed swapped data for i = 117, j = 313 sucessfully passed !
	Initialyzed swapped data for i = 117, j = 314 sucessfully passed !
	Initialyzed swapped data for i = 117, j = 315 sucessfully passed !
	Initialyzed swapped data for i = 117, j = 316 sucessfully passed !
	Initialyzed swapped data for i = 117, j = 317 sucessfully passed !
	Initialyzed swapped data for i = 117, j = 318 sucessfully passed !
	Initialyzed swapped data for i = 117, j = 319 sucessfully passed !
	Initialyzed swapped data for i = 117, j = 320 sucessfully passed !
	Initialyzed swapped data for i = 117, j = 321 sucessfully passed !
	Initialyzed swapped data for i = 117, j = 322 sucessfully passed !
	Initialyzed swapped data for i = 117, j = 323 sucessfully passed !
	Initialyzed swapped data for i = 117, j = 324 sucessfully passed !
	Initialyzed swapped data for i = 117, j = 325 sucessfully passed !
	Initialyzed swapped data for i = 117, j = 326 sucessfully passed !
	Initialyzed swapped data for i = 117, j = 327 sucessfully passed !
	Initialyzed swapped data for i = 117, j = 328 sucessfully passed !
	Initialyzed swapped data for i = 117, j = 329 sucessfully passed !
	Initialyzed swapped data for i = 117, j = 330 sucessfully passed !
	Initialyzed swapped data for i = 117, j = 331 sucessfully passed !
	Initialyzed swapped data for i = 117, j = 332 sucessfully passed !
	Initialyzed swapped data for i = 117, j = 333 sucessfully passed !
	Initialyzed swapped data for i = 117, j = 334 sucessfully passed !
	Initialyzed swapped data for i = 117, j = 335 sucessfully passed !
	Initialyzed swapped data for i = 117, j = 336 sucessfully passed !
	Initialyzed swapped data for i = 117, j = 337 sucessfully passed !
	Initialyzed swapped data for i = 117, j = 338 sucessfully passed !
	Initialyzed swapped data for i = 117, j = 339 sucessfully passed !
	Initialyzed swapped data for i = 117, j = 340 sucessfully passed !
	Initialyzed swapped data for i = 117, j = 341 sucessfully passed !
	Initialyzed swapped data for i = 117, j = 342 sucessfully passed !
	Initialyzed swapped data for i = 117, j = 343 sucessfully passed !
	Initialyzed swapped data for i = 117, j = 344 sucessfully passed !
	Initialyzed swapped data for i = 117, j = 345 sucessfully passed !
	Initialyzed swapped data for i = 117, j = 346 sucessfully passed !
	Initialyzed swapped data for i = 117, j = 347 sucessfully passed !
	Initialyzed swapped data for i = 117, j = 348 sucessfully passed !
	Initialyzed swapped data for i = 117, j = 349 sucessfully passed !
	Initialyzed swapped data for i = 117, j = 350 sucessfully passed !
	Initialyzed swapped data for i = 117, j = 351 sucessfully passed !
	Initialyzed swapped data for i = 117, j = 352 sucessfully passed !
	Initialyzed swapped data for i = 117, j = 353 sucessfully passed !
	Initialyzed swapped data for i = 117, j = 354 sucessfully passed !
	Initialyzed swapped data for i = 117, j = 355 sucessfully passed !
	Initialyzed swapped data for i = 117, j = 356 sucessfully passed !
	Initialyzed swapped data for i = 117, j = 357 sucessfully passed !
	Initialyzed swapped data for i = 117, j = 358 sucessfully passed !
	Initialyzed swapped data for i = 117, j = 359 sucessfully passed !
	Initialyzed swapped data for i = 117, j = 360 sucessfully passed !
	Initialyzed swapped data for i = 117, j = 361 sucessfully passed !
	Initialyzed swapped data for i = 117, j = 362 sucessfully passed !
	Initialyzed swapped data for i = 117, j = 363 sucessfully passed !
	Initialyzed swapped data for i = 117, j = 364 sucessfully passed !
	Initialyzed swapped data for i = 117, j = 365 sucessfully passed !
	Initialyzed swapped data for i = 117, j = 366 sucessfully passed !
	Initialyzed swapped data for i = 117, j = 367 sucessfully passed !
	Initialyzed swapped data for i = 117, j = 368 sucessfully passed !
	Initialyzed swapped data for i = 117, j = 369 sucessfully passed !
	Initialyzed swapped data for i = 117, j = 370 sucessfully passed !
	Initialyzed swapped data for i = 117, j = 371 sucessfully passed !
	Initialyzed swapped data for i = 117, j = 372 sucessfully passed !
	Initialyzed swapped data for i = 117, j = 373 sucessfully passed !
	Initialyzed swapped data for i = 117, j = 374 sucessfully passed !
	Initialyzed swapped data for i = 117, j = 375 sucessfully passed !
	Initialyzed swapped data for i = 117, j = 376 sucessfully passed !
	Initialyzed swapped data for i = 117, j = 377 sucessfully passed !
	Initialyzed swapped data for i = 117, j = 378 sucessfully passed !
	Initialyzed swapped data for i = 117, j = 379 sucessfully passed !
	Initialyzed swapped data for i = 117, j = 380 sucessfully passed !
	Initialyzed swapped data for i = 117, j = 381 sucessfully passed !
	Initialyzed swapped data for i = 117, j = 382 sucessfully passed !
	Initialyzed swapped data for i = 117, j = 383 sucessfully passed !
	Initialyzed swapped data for i = 117, j = 384 sucessfully passed !
	Initialyzed swapped data for i = 117, j = 385 sucessfully passed !
	Initialyzed swapped data for i = 117, j = 386 sucessfully passed !
	Initialyzed swapped data for i = 117, j = 387 sucessfully passed !
	Initialyzed swapped data for i = 117, j = 388 sucessfully passed !
	Initialyzed swapped data for i = 117, j = 389 sucessfully passed !
	Initialyzed swapped data for i = 117, j = 390 sucessfully passed !
	Initialyzed swapped data for i = 117, j = 391 sucessfully passed !
	Initialyzed swapped data for i = 117, j = 392 sucessfully passed !
	Initialyzed swapped data for i = 117, j = 393 sucessfully passed !
	Initialyzed swapped data for i = 117, j = 394 sucessfully passed !
	Initialyzed swapped data for i = 117, j = 395 sucessfully passed !
	Initialyzed swapped data for i = 117, j = 396 sucessfully passed !
	Initialyzed swapped data for i = 117, j = 397 sucessfully passed !
	Initialyzed swapped data for i = 117, j = 398 sucessfully passed !
	Initialyzed swapped data for i = 117, j = 399 sucessfully passed !
	Initialyzed swapped data for i = 117, j = 400 sucessfully passed !
	Initialyzed swapped data for i = 117, j = 401 sucessfully passed !
	Initialyzed swapped data for i = 117, j = 402 sucessfully passed !
	Initialyzed swapped data for i = 117, j = 403 sucessfully passed !
	Initialyzed swapped data for i = 117, j = 404 sucessfully passed !
	Initialyzed swapped data for i = 117, j = 405 sucessfully passed !
	Initialyzed swapped data for i = 117, j = 406 sucessfully passed !
	Initialyzed swapped data for i = 117, j = 407 sucessfully passed !
	Initialyzed swapped data for i = 117, j = 408 sucessfully passed !
	Initialyzed swapped data for i = 117, j = 409 sucessfully passed !
	Initialyzed swapped data for i = 117, j = 410 sucessfully passed !
	Initialyzed swapped data for i = 117, j = 411 sucessfully passed !
	Initialyzed swapped data for i = 117, j = 412 sucessfully passed !
	Initialyzed swapped data for i = 117, j = 413 sucessfully passed !
	Initialyzed swapped data for i = 117, j = 414 sucessfully passed !
	Initialyzed swapped data for i = 117, j = 415 sucessfully passed !
	Initialyzed swapped data for i = 117, j = 416 sucessfully passed !
	Initialyzed swapped data for i = 117, j = 417 sucessfully passed !
	Initialyzed swapped data for i = 117, j = 418 sucessfully passed !
	Initialyzed swapped data for i = 117, j = 419 sucessfully passed !
	Initialyzed swapped data for i = 117, j = 420 sucessfully passed !
	Initialyzed swapped data for i = 117, j = 421 sucessfully passed !
	Initialyzed swapped data for i = 117, j = 422 sucessfully passed !
	Initialyzed swapped data for i = 117, j = 423 sucessfully passed !
	Initialyzed swapped data for i = 117, j = 424 sucessfully passed !
	Initialyzed swapped data for i = 117, j = 425 sucessfully passed !
	Initialyzed swapped data for i = 117, j = 426 sucessfully passed !
	Initialyzed swapped data for i = 117, j = 427 sucessfully passed !
	Initialyzed swapped data for i = 117, j = 428 sucessfully passed !
	Initialyzed swapped data for i = 117, j = 429 sucessfully passed !
	Initialyzed swapped data for i = 117, j = 430 sucessfully passed !
	Initialyzed swapped data for i = 117, j = 431 sucessfully passed !
	Initialyzed swapped data for i = 117, j = 432 sucessfully passed !
	Initialyzed swapped data for i = 117, j = 433 sucessfully passed !
	Initialyzed swapped data for i = 118, j = 119 sucessfully passed !
	Initialyzed swapped data for i = 118, j = 120 sucessfully passed !
	Initialyzed swapped data for i = 118, j = 121 sucessfully passed !
	Initialyzed swapped data for i = 118, j = 122 sucessfully passed !
	Initialyzed swapped data for i = 118, j = 123 sucessfully passed !
	Initialyzed swapped data for i = 118, j = 124 sucessfully passed !
	Initialyzed swapped data for i = 118, j = 125 sucessfully passed !
	Initialyzed swapped data for i = 118, j = 126 sucessfully passed !
	Initialyzed swapped data for i = 118, j = 127 sucessfully passed !
	Initialyzed swapped data for i = 118, j = 128 sucessfully passed !
	Initialyzed swapped data for i = 118, j = 129 sucessfully passed !
	Initialyzed swapped data for i = 118, j = 130 sucessfully passed !
	Initialyzed swapped data for i = 118, j = 131 sucessfully passed !
	Initialyzed swapped data for i = 118, j = 132 sucessfully passed !
	Initialyzed swapped data for i = 118, j = 133 sucessfully passed !
	Initialyzed swapped data for i = 118, j = 134 sucessfully passed !
	Initialyzed swapped data for i = 118, j = 135 sucessfully passed !
	Initialyzed swapped data for i = 118, j = 136 sucessfully passed !
	Initialyzed swapped data for i = 118, j = 137 sucessfully passed !
	Initialyzed swapped data for i = 118, j = 138 sucessfully passed !
	Initialyzed swapped data for i = 118, j = 139 sucessfully passed !
	Initialyzed swapped data for i = 118, j = 140 sucessfully passed !
	Initialyzed swapped data for i = 118, j = 141 sucessfully passed !
	Initialyzed swapped data for i = 118, j = 142 sucessfully passed !
	Initialyzed swapped data for i = 118, j = 143 sucessfully passed !
	Initialyzed swapped data for i = 118, j = 144 sucessfully passed !
	Initialyzed swapped data for i = 118, j = 145 sucessfully passed !
	Initialyzed swapped data for i = 118, j = 146 sucessfully passed !
	Initialyzed swapped data for i = 118, j = 147 sucessfully passed !
	Initialyzed swapped data for i = 118, j = 148 sucessfully passed !
	Initialyzed swapped data for i = 118, j = 149 sucessfully passed !
	Initialyzed swapped data for i = 118, j = 150 sucessfully passed !
	Initialyzed swapped data for i = 118, j = 151 sucessfully passed !
	Initialyzed swapped data for i = 118, j = 152 sucessfully passed !
	Initialyzed swapped data for i = 118, j = 153 sucessfully passed !
	Initialyzed swapped data for i = 118, j = 154 sucessfully passed !
	Initialyzed swapped data for i = 118, j = 155 sucessfully passed !
	Initialyzed swapped data for i = 118, j = 156 sucessfully passed !
	Initialyzed swapped data for i = 118, j = 157 sucessfully passed !
	Initialyzed swapped data for i = 118, j = 158 sucessfully passed !
	Initialyzed swapped data for i = 118, j = 159 sucessfully passed !
	Initialyzed swapped data for i = 118, j = 160 sucessfully passed !
	Initialyzed swapped data for i = 118, j = 161 sucessfully passed !
	Initialyzed swapped data for i = 118, j = 162 sucessfully passed !
	Initialyzed swapped data for i = 118, j = 163 sucessfully passed !
	Initialyzed swapped data for i = 118, j = 164 sucessfully passed !
	Initialyzed swapped data for i = 118, j = 165 sucessfully passed !
	Initialyzed swapped data for i = 118, j = 166 sucessfully passed !
	Initialyzed swapped data for i = 118, j = 167 sucessfully passed !
	Initialyzed swapped data for i = 118, j = 168 sucessfully passed !
	Initialyzed swapped data for i = 118, j = 169 sucessfully passed !
	Initialyzed swapped data for i = 118, j = 170 sucessfully passed !
	Initialyzed swapped data for i = 118, j = 171 sucessfully passed !
	Initialyzed swapped data for i = 118, j = 172 sucessfully passed !
	Initialyzed swapped data for i = 118, j = 173 sucessfully passed !
	Initialyzed swapped data for i = 118, j = 174 sucessfully passed !
	Initialyzed swapped data for i = 118, j = 175 sucessfully passed !
	Initialyzed swapped data for i = 118, j = 176 sucessfully passed !
	Initialyzed swapped data for i = 118, j = 177 sucessfully passed !
	Initialyzed swapped data for i = 118, j = 178 sucessfully passed !
	Initialyzed swapped data for i = 118, j = 179 sucessfully passed !
	Initialyzed swapped data for i = 118, j = 180 sucessfully passed !
	Initialyzed swapped data for i = 118, j = 181 sucessfully passed !
	Initialyzed swapped data for i = 118, j = 182 sucessfully passed !
	Initialyzed swapped data for i = 118, j = 183 sucessfully passed !
	Initialyzed swapped data for i = 118, j = 184 sucessfully passed !
	Initialyzed swapped data for i = 118, j = 185 sucessfully passed !
	Initialyzed swapped data for i = 118, j = 186 sucessfully passed !
	Initialyzed swapped data for i = 118, j = 187 sucessfully passed !
	Initialyzed swapped data for i = 118, j = 188 sucessfully passed !
	Initialyzed swapped data for i = 118, j = 189 sucessfully passed !
	Initialyzed swapped data for i = 118, j = 190 sucessfully passed !
	Initialyzed swapped data for i = 118, j = 191 sucessfully passed !
	Initialyzed swapped data for i = 118, j = 192 sucessfully passed !
	Initialyzed swapped data for i = 118, j = 193 sucessfully passed !
	Initialyzed swapped data for i = 118, j = 194 sucessfully passed !
	Initialyzed swapped data for i = 118, j = 195 sucessfully passed !
	Initialyzed swapped data for i = 118, j = 196 sucessfully passed !
	Initialyzed swapped data for i = 118, j = 197 sucessfully passed !
	Initialyzed swapped data for i = 118, j = 198 sucessfully passed !
	Initialyzed swapped data for i = 118, j = 199 sucessfully passed !
	Initialyzed swapped data for i = 118, j = 200 sucessfully passed !
	Initialyzed swapped data for i = 118, j = 201 sucessfully passed !
	Initialyzed swapped data for i = 118, j = 202 sucessfully passed !
	Initialyzed swapped data for i = 118, j = 203 sucessfully passed !
	Initialyzed swapped data for i = 118, j = 204 sucessfully passed !
	Initialyzed swapped data for i = 118, j = 205 sucessfully passed !
	Initialyzed swapped data for i = 118, j = 206 sucessfully passed !
	Initialyzed swapped data for i = 118, j = 207 sucessfully passed !
	Initialyzed swapped data for i = 118, j = 208 sucessfully passed !
	Initialyzed swapped data for i = 118, j = 209 sucessfully passed !
	Initialyzed swapped data for i = 118, j = 210 sucessfully passed !
	Initialyzed swapped data for i = 118, j = 211 sucessfully passed !
	Initialyzed swapped data for i = 118, j = 212 sucessfully passed !
	Initialyzed swapped data for i = 118, j = 213 sucessfully passed !
	Initialyzed swapped data for i = 118, j = 214 sucessfully passed !
	Initialyzed swapped data for i = 118, j = 215 sucessfully passed !
	Initialyzed swapped data for i = 118, j = 216 sucessfully passed !
	Initialyzed swapped data for i = 118, j = 217 sucessfully passed !
	Initialyzed swapped data for i = 118, j = 218 sucessfully passed !
	Initialyzed swapped data for i = 118, j = 219 sucessfully passed !
	Initialyzed swapped data for i = 118, j = 220 sucessfully passed !
	Initialyzed swapped data for i = 118, j = 221 sucessfully passed !
	Initialyzed swapped data for i = 118, j = 222 sucessfully passed !
	Initialyzed swapped data for i = 118, j = 223 sucessfully passed !
	Initialyzed swapped data for i = 118, j = 224 sucessfully passed !
	Initialyzed swapped data for i = 118, j = 225 sucessfully passed !
	Initialyzed swapped data for i = 118, j = 226 sucessfully passed !
	Initialyzed swapped data for i = 118, j = 227 sucessfully passed !
	Initialyzed swapped data for i = 118, j = 228 sucessfully passed !
	Initialyzed swapped data for i = 118, j = 229 sucessfully passed !
	Initialyzed swapped data for i = 118, j = 230 sucessfully passed !
	Initialyzed swapped data for i = 118, j = 231 sucessfully passed !
	Initialyzed swapped data for i = 118, j = 232 sucessfully passed !
	Initialyzed swapped data for i = 118, j = 233 sucessfully passed !
	Initialyzed swapped data for i = 118, j = 234 sucessfully passed !
	Initialyzed swapped data for i = 118, j = 235 sucessfully passed !
	Initialyzed swapped data for i = 118, j = 236 sucessfully passed !
	Initialyzed swapped data for i = 118, j = 237 sucessfully passed !
	Initialyzed swapped data for i = 118, j = 238 sucessfully passed !
	Initialyzed swapped data for i = 118, j = 239 sucessfully passed !
	Initialyzed swapped data for i = 118, j = 240 sucessfully passed !
	Initialyzed swapped data for i = 118, j = 241 sucessfully passed !
	Initialyzed swapped data for i = 118, j = 242 sucessfully passed !
	Initialyzed swapped data for i = 118, j = 243 sucessfully passed !
	Initialyzed swapped data for i = 118, j = 244 sucessfully passed !
	Initialyzed swapped data for i = 118, j = 245 sucessfully passed !
	Initialyzed swapped data for i = 118, j = 246 sucessfully passed !
	Initialyzed swapped data for i = 118, j = 247 sucessfully passed !
	Initialyzed swapped data for i = 118, j = 248 sucessfully passed !
	Initialyzed swapped data for i = 118, j = 249 sucessfully passed !
	Initialyzed swapped data for i = 118, j = 250 sucessfully passed !
	Initialyzed swapped data for i = 118, j = 251 sucessfully passed !
	Initialyzed swapped data for i = 118, j = 252 sucessfully passed !
	Initialyzed swapped data for i = 118, j = 253 sucessfully passed !
	Initialyzed swapped data for i = 118, j = 254 sucessfully passed !
	Initialyzed swapped data for i = 118, j = 255 sucessfully passed !
	Initialyzed swapped data for i = 118, j = 256 sucessfully passed !
	Initialyzed swapped data for i = 118, j = 257 sucessfully passed !
	Initialyzed swapped data for i = 118, j = 258 sucessfully passed !
	Initialyzed swapped data for i = 118, j = 259 sucessfully passed !
	Initialyzed swapped data for i = 118, j = 260 sucessfully passed !
	Initialyzed swapped data for i = 118, j = 261 sucessfully passed !
	Initialyzed swapped data for i = 118, j = 262 sucessfully passed !
	Initialyzed swapped data for i = 118, j = 263 sucessfully passed !
	Initialyzed swapped data for i = 118, j = 264 sucessfully passed !
	Initialyzed swapped data for i = 118, j = 265 sucessfully passed !
	Initialyzed swapped data for i = 118, j = 266 sucessfully passed !
	Initialyzed swapped data for i = 118, j = 267 sucessfully passed !
	Initialyzed swapped data for i = 118, j = 268 sucessfully passed !
	Initialyzed swapped data for i = 118, j = 269 sucessfully passed !
	Initialyzed swapped data for i = 118, j = 270 sucessfully passed !
	Initialyzed swapped data for i = 118, j = 271 sucessfully passed !
	Initialyzed swapped data for i = 118, j = 272 sucessfully passed !
	Initialyzed swapped data for i = 118, j = 273 sucessfully passed !
	Initialyzed swapped data for i = 118, j = 274 sucessfully passed !
	Initialyzed swapped data for i = 118, j = 275 sucessfully passed !
	Initialyzed swapped data for i = 118, j = 276 sucessfully passed !
	Initialyzed swapped data for i = 118, j = 277 sucessfully passed !
	Initialyzed swapped data for i = 118, j = 278 sucessfully passed !
	Initialyzed swapped data for i = 118, j = 279 sucessfully passed !
	Initialyzed swapped data for i = 118, j = 280 sucessfully passed !
	Initialyzed swapped data for i = 118, j = 281 sucessfully passed !
	Initialyzed swapped data for i = 118, j = 282 sucessfully passed !
	Initialyzed swapped data for i = 118, j = 283 sucessfully passed !
	Initialyzed swapped data for i = 118, j = 284 sucessfully passed !
	Initialyzed swapped data for i = 118, j = 285 sucessfully passed !
	Initialyzed swapped data for i = 118, j = 286 sucessfully passed !
	Initialyzed swapped data for i = 118, j = 287 sucessfully passed !
	Initialyzed swapped data for i = 118, j = 288 sucessfully passed !
	Initialyzed swapped data for i = 118, j = 289 sucessfully passed !
	Initialyzed swapped data for i = 118, j = 290 sucessfully passed !
	Initialyzed swapped data for i = 118, j = 291 sucessfully passed !
	Initialyzed swapped data for i = 118, j = 292 sucessfully passed !
	Initialyzed swapped data for i = 118, j = 293 sucessfully passed !
	Initialyzed swapped data for i = 118, j = 294 sucessfully passed !
	Initialyzed swapped data for i = 118, j = 295 sucessfully passed !
	Initialyzed swapped data for i = 118, j = 296 sucessfully passed !
	Initialyzed swapped data for i = 118, j = 297 sucessfully passed !
	Initialyzed swapped data for i = 118, j = 298 sucessfully passed !
	Initialyzed swapped data for i = 118, j = 299 sucessfully passed !
	Initialyzed swapped data for i = 118, j = 300 sucessfully passed !
	Initialyzed swapped data for i = 118, j = 301 sucessfully passed !
	Initialyzed swapped data for i = 118, j = 302 sucessfully passed !
	Initialyzed swapped data for i = 118, j = 303 sucessfully passed !
	Initialyzed swapped data for i = 118, j = 304 sucessfully passed !
	Initialyzed swapped data for i = 118, j = 305 sucessfully passed !
	Initialyzed swapped data for i = 118, j = 306 sucessfully passed !
	Initialyzed swapped data for i = 118, j = 307 sucessfully passed !
	Initialyzed swapped data for i = 118, j = 308 sucessfully passed !
	Initialyzed swapped data for i = 118, j = 309 sucessfully passed !
	Initialyzed swapped data for i = 118, j = 310 sucessfully passed !
	Initialyzed swapped data for i = 118, j = 311 sucessfully passed !
	Initialyzed swapped data for i = 118, j = 312 sucessfully passed !
	Initialyzed swapped data for i = 118, j = 313 sucessfully passed !
	Initialyzed swapped data for i = 118, j = 314 sucessfully passed !
	Initialyzed swapped data for i = 118, j = 315 sucessfully passed !
	Initialyzed swapped data for i = 118, j = 316 sucessfully passed !
	Initialyzed swapped data for i = 118, j = 317 sucessfully passed !
	Initialyzed swapped data for i = 118, j = 318 sucessfully passed !
	Initialyzed swapped data for i = 118, j = 319 sucessfully passed !
	Initialyzed swapped data for i = 118, j = 320 sucessfully passed !
	Initialyzed swapped data for i = 118, j = 321 sucessfully passed !
	Initialyzed swapped data for i = 118, j = 322 sucessfully passed !
	Initialyzed swapped data for i = 118, j = 323 sucessfully passed !
	Initialyzed swapped data for i = 118, j = 324 sucessfully passed !
	Initialyzed swapped data for i = 118, j = 325 sucessfully passed !
	Initialyzed swapped data for i = 118, j = 326 sucessfully passed !
	Initialyzed swapped data for i = 118, j = 327 sucessfully passed !
	Initialyzed swapped data for i = 118, j = 328 sucessfully passed !
	Initialyzed swapped data for i = 118, j = 329 sucessfully passed !
	Initialyzed swapped data for i = 118, j = 330 sucessfully passed !
	Initialyzed swapped data for i = 118, j = 331 sucessfully passed !
	Initialyzed swapped data for i = 118, j = 332 sucessfully passed !
	Initialyzed swapped data for i = 118, j = 333 sucessfully passed !
	Initialyzed swapped data for i = 118, j = 334 sucessfully passed !
	Initialyzed swapped data for i = 118, j = 335 sucessfully passed !
	Initialyzed swapped data for i = 118, j = 336 sucessfully passed !
	Initialyzed swapped data for i = 118, j = 337 sucessfully passed !
	Initialyzed swapped data for i = 118, j = 338 sucessfully passed !
	Initialyzed swapped data for i = 118, j = 339 sucessfully passed !
	Initialyzed swapped data for i = 118, j = 340 sucessfully passed !
	Initialyzed swapped data for i = 118, j = 341 sucessfully passed !
	Initialyzed swapped data for i = 118, j = 342 sucessfully passed !
	Initialyzed swapped data for i = 118, j = 343 sucessfully passed !
	Initialyzed swapped data for i = 118, j = 344 sucessfully passed !
	Initialyzed swapped data for i = 118, j = 345 sucessfully passed !
	Initialyzed swapped data for i = 118, j = 346 sucessfully passed !
	Initialyzed swapped data for i = 118, j = 347 sucessfully passed !
	Initialyzed swapped data for i = 118, j = 348 sucessfully passed !
	Initialyzed swapped data for i = 118, j = 349 sucessfully passed !
	Initialyzed swapped data for i = 118, j = 350 sucessfully passed !
	Initialyzed swapped data for i = 118, j = 351 sucessfully passed !
	Initialyzed swapped data for i = 118, j = 352 sucessfully passed !
	Initialyzed swapped data for i = 118, j = 353 sucessfully passed !
	Initialyzed swapped data for i = 118, j = 354 sucessfully passed !
	Initialyzed swapped data for i = 118, j = 355 sucessfully passed !
	Initialyzed swapped data for i = 118, j = 356 sucessfully passed !
	Initialyzed swapped data for i = 118, j = 357 sucessfully passed !
	Initialyzed swapped data for i = 118, j = 358 sucessfully passed !
	Initialyzed swapped data for i = 118, j = 359 sucessfully passed !
	Initialyzed swapped data for i = 118, j = 360 sucessfully passed !
	Initialyzed swapped data for i = 118, j = 361 sucessfully passed !
	Initialyzed swapped data for i = 118, j = 362 sucessfully passed !
	Initialyzed swapped data for i = 118, j = 363 sucessfully passed !
	Initialyzed swapped data for i = 118, j = 364 sucessfully passed !
	Initialyzed swapped data for i = 118, j = 365 sucessfully passed !
	Initialyzed swapped data for i = 118, j = 366 sucessfully passed !
	Initialyzed swapped data for i = 118, j = 367 sucessfully passed !
	Initialyzed swapped data for i = 118, j = 368 sucessfully passed !
	Initialyzed swapped data for i = 118, j = 369 sucessfully passed !
	Initialyzed swapped data for i = 118, j = 370 sucessfully passed !
	Initialyzed swapped data for i = 118, j = 371 sucessfully passed !
	Initialyzed swapped data for i = 118, j = 372 sucessfully passed !
	Initialyzed swapped data for i = 118, j = 373 sucessfully passed !
	Initialyzed swapped data for i = 118, j = 374 sucessfully passed !
	Initialyzed swapped data for i = 118, j = 375 sucessfully passed !
	Initialyzed swapped data for i = 118, j = 376 sucessfully passed !
	Initialyzed swapped data for i = 118, j = 377 sucessfully passed !
	Initialyzed swapped data for i = 118, j = 378 sucessfully passed !
	Initialyzed swapped data for i = 118, j = 379 sucessfully passed !
	Initialyzed swapped data for i = 118, j = 380 sucessfully passed !
	Initialyzed swapped data for i = 118, j = 381 sucessfully passed !
	Initialyzed swapped data for i = 118, j = 382 sucessfully passed !
	Initialyzed swapped data for i = 118, j = 383 sucessfully passed !
	Initialyzed swapped data for i = 118, j = 384 sucessfully passed !
	Initialyzed swapped data for i = 118, j = 385 sucessfully passed !
	Initialyzed swapped data for i = 118, j = 386 sucessfully passed !
	Initialyzed swapped data for i = 118, j = 387 sucessfully passed !
	Initialyzed swapped data for i = 118, j = 388 sucessfully passed !
	Initialyzed swapped data for i = 118, j = 389 sucessfully passed !
	Initialyzed swapped data for i = 118, j = 390 sucessfully passed !
	Initialyzed swapped data for i = 118, j = 391 sucessfully passed !
	Initialyzed swapped data for i = 118, j = 392 sucessfully passed !
	Initialyzed swapped data for i = 118, j = 393 sucessfully passed !
	Initialyzed swapped data for i = 118, j = 394 sucessfully passed !
	Initialyzed swapped data for i = 118, j = 395 sucessfully passed !
	Initialyzed swapped data for i = 118, j = 396 sucessfully passed !
	Initialyzed swapped data for i = 118, j = 397 sucessfully passed !
	Initialyzed swapped data for i = 118, j = 398 sucessfully passed !
	Initialyzed swapped data for i = 118, j = 399 sucessfully passed !
	Initialyzed swapped data for i = 118, j = 400 sucessfully passed !
	Initialyzed swapped data for i = 118, j = 401 sucessfully passed !
	Initialyzed swapped data for i = 118, j = 402 sucessfully passed !
	Initialyzed swapped data for i = 118, j = 403 sucessfully passed !
	Initialyzed swapped data for i = 118, j = 404 sucessfully passed !
	Initialyzed swapped data for i = 118, j = 405 sucessfully passed !
	Initialyzed swapped data for i = 118, j = 406 sucessfully passed !
	Initialyzed swapped data for i = 118, j = 407 sucessfully passed !
	Initialyzed swapped data for i = 118, j = 408 sucessfully passed !
	Initialyzed swapped data for i = 118, j = 409 sucessfully passed !
	Initialyzed swapped data for i = 118, j = 410 sucessfully passed !
	Initialyzed swapped data for i = 118, j = 411 sucessfully passed !
	Initialyzed swapped data for i = 118, j = 412 sucessfully passed !
	Initialyzed swapped data for i = 118, j = 413 sucessfully passed !
	Initialyzed swapped data for i = 118, j = 414 sucessfully passed !
	Initialyzed swapped data for i = 118, j = 415 sucessfully passed !
	Initialyzed swapped data for i = 118, j = 416 sucessfully passed !
	Initialyzed swapped data for i = 118, j = 417 sucessfully passed !
	Initialyzed swapped data for i = 118, j = 418 sucessfully passed !
	Initialyzed swapped data for i = 118, j = 419 sucessfully passed !
	Initialyzed swapped data for i = 118, j = 420 sucessfully passed !
	Initialyzed swapped data for i = 118, j = 421 sucessfully passed !
	Initialyzed swapped data for i = 118, j = 422 sucessfully passed !
	Initialyzed swapped data for i = 118, j = 423 sucessfully passed !
	Initialyzed swapped data for i = 118, j = 424 sucessfully passed !
	Initialyzed swapped data for i = 118, j = 425 sucessfully passed !
	Initialyzed swapped data for i = 118, j = 426 sucessfully passed !
	Initialyzed swapped data for i = 118, j = 427 sucessfully passed !
	Initialyzed swapped data for i = 118, j = 428 sucessfully passed !
	Initialyzed swapped data for i = 118, j = 429 sucessfully passed !
	Initialyzed swapped data for i = 118, j = 430 sucessfully passed !
	Initialyzed swapped data for i = 118, j = 431 sucessfully passed !
	Initialyzed swapped data for i = 118, j = 432 sucessfully passed !
	Initialyzed swapped data for i = 118, j = 433 sucessfully passed !
	Initialyzed swapped data for i = 119, j = 120 sucessfully passed !
	Initialyzed swapped data for i = 119, j = 121 sucessfully passed !
	Initialyzed swapped data for i = 119, j = 122 sucessfully passed !
	Initialyzed swapped data for i = 119, j = 123 sucessfully passed !
	Initialyzed swapped data for i = 119, j = 124 sucessfully passed !
	Initialyzed swapped data for i = 119, j = 125 sucessfully passed !
	Initialyzed swapped data for i = 119, j = 126 sucessfully passed !
	Initialyzed swapped data for i = 119, j = 127 sucessfully passed !
	Initialyzed swapped data for i = 119, j = 128 sucessfully passed !
	Initialyzed swapped data for i = 119, j = 129 sucessfully passed !
	Initialyzed swapped data for i = 119, j = 130 sucessfully passed !
	Initialyzed swapped data for i = 119, j = 131 sucessfully passed !
	Initialyzed swapped data for i = 119, j = 132 sucessfully passed !
	Initialyzed swapped data for i = 119, j = 133 sucessfully passed !
	Initialyzed swapped data for i = 119, j = 134 sucessfully passed !
	Initialyzed swapped data for i = 119, j = 135 sucessfully passed !
	Initialyzed swapped data for i = 119, j = 136 sucessfully passed !
	Initialyzed swapped data for i = 119, j = 137 sucessfully passed !
	Initialyzed swapped data for i = 119, j = 138 sucessfully passed !
	Initialyzed swapped data for i = 119, j = 139 sucessfully passed !
	Initialyzed swapped data for i = 119, j = 140 sucessfully passed !
	Initialyzed swapped data for i = 119, j = 141 sucessfully passed !
	Initialyzed swapped data for i = 119, j = 142 sucessfully passed !
	Initialyzed swapped data for i = 119, j = 143 sucessfully passed !
	Initialyzed swapped data for i = 119, j = 144 sucessfully passed !
	Initialyzed swapped data for i = 119, j = 145 sucessfully passed !
	Initialyzed swapped data for i = 119, j = 146 sucessfully passed !
	Initialyzed swapped data for i = 119, j = 147 sucessfully passed !
	Initialyzed swapped data for i = 119, j = 148 sucessfully passed !
	Initialyzed swapped data for i = 119, j = 149 sucessfully passed !
	Initialyzed swapped data for i = 119, j = 150 sucessfully passed !
	Initialyzed swapped data for i = 119, j = 151 sucessfully passed !
	Initialyzed swapped data for i = 119, j = 152 sucessfully passed !
	Initialyzed swapped data for i = 119, j = 153 sucessfully passed !
	Initialyzed swapped data for i = 119, j = 154 sucessfully passed !
	Initialyzed swapped data for i = 119, j = 155 sucessfully passed !
	Initialyzed swapped data for i = 119, j = 156 sucessfully passed !
	Initialyzed swapped data for i = 119, j = 157 sucessfully passed !
	Initialyzed swapped data for i = 119, j = 158 sucessfully passed !
	Initialyzed swapped data for i = 119, j = 159 sucessfully passed !
	Initialyzed swapped data for i = 119, j = 160 sucessfully passed !
	Initialyzed swapped data for i = 119, j = 161 sucessfully passed !
	Initialyzed swapped data for i = 119, j = 162 sucessfully passed !
	Initialyzed swapped data for i = 119, j = 163 sucessfully passed !
	Initialyzed swapped data for i = 119, j = 164 sucessfully passed !
	Initialyzed swapped data for i = 119, j = 165 sucessfully passed !
	Initialyzed swapped data for i = 119, j = 166 sucessfully passed !
	Initialyzed swapped data for i = 119, j = 167 sucessfully passed !
	Initialyzed swapped data for i = 119, j = 168 sucessfully passed !
	Initialyzed swapped data for i = 119, j = 169 sucessfully passed !
	Initialyzed swapped data for i = 119, j = 170 sucessfully passed !
	Initialyzed swapped data for i = 119, j = 171 sucessfully passed !
	Initialyzed swapped data for i = 119, j = 172 sucessfully passed !
	Initialyzed swapped data for i = 119, j = 173 sucessfully passed !
	Initialyzed swapped data for i = 119, j = 174 sucessfully passed !
	Initialyzed swapped data for i = 119, j = 175 sucessfully passed !
	Initialyzed swapped data for i = 119, j = 176 sucessfully passed !
	Initialyzed swapped data for i = 119, j = 177 sucessfully passed !
	Initialyzed swapped data for i = 119, j = 178 sucessfully passed !
	Initialyzed swapped data for i = 119, j = 179 sucessfully passed !
	Initialyzed swapped data for i = 119, j = 180 sucessfully passed !
	Initialyzed swapped data for i = 119, j = 181 sucessfully passed !
	Initialyzed swapped data for i = 119, j = 182 sucessfully passed !
	Initialyzed swapped data for i = 119, j = 183 sucessfully passed !
	Initialyzed swapped data for i = 119, j = 184 sucessfully passed !
	Initialyzed swapped data for i = 119, j = 185 sucessfully passed !
	Initialyzed swapped data for i = 119, j = 186 sucessfully passed !
	Initialyzed swapped data for i = 119, j = 187 sucessfully passed !
	Initialyzed swapped data for i = 119, j = 188 sucessfully passed !
	Initialyzed swapped data for i = 119, j = 189 sucessfully passed !
	Initialyzed swapped data for i = 119, j = 190 sucessfully passed !
	Initialyzed swapped data for i = 119, j = 191 sucessfully passed !
	Initialyzed swapped data for i = 119, j = 192 sucessfully passed !
	Initialyzed swapped data for i = 119, j = 193 sucessfully passed !
	Initialyzed swapped data for i = 119, j = 194 sucessfully passed !
	Initialyzed swapped data for i = 119, j = 195 sucessfully passed !
	Initialyzed swapped data for i = 119, j = 196 sucessfully passed !
	Initialyzed swapped data for i = 119, j = 197 sucessfully passed !
	Initialyzed swapped data for i = 119, j = 198 sucessfully passed !
	Initialyzed swapped data for i = 119, j = 199 sucessfully passed !
	Initialyzed swapped data for i = 119, j = 200 sucessfully passed !
	Initialyzed swapped data for i = 119, j = 201 sucessfully passed !
	Initialyzed swapped data for i = 119, j = 202 sucessfully passed !
	Initialyzed swapped data for i = 119, j = 203 sucessfully passed !
	Initialyzed swapped data for i = 119, j = 204 sucessfully passed !
	Initialyzed swapped data for i = 119, j = 205 sucessfully passed !
	Initialyzed swapped data for i = 119, j = 206 sucessfully passed !
	Initialyzed swapped data for i = 119, j = 207 sucessfully passed !
	Initialyzed swapped data for i = 119, j = 208 sucessfully passed !
	Initialyzed swapped data for i = 119, j = 209 sucessfully passed !
	Initialyzed swapped data for i = 119, j = 210 sucessfully passed !
	Initialyzed swapped data for i = 119, j = 211 sucessfully passed !
	Initialyzed swapped data for i = 119, j = 212 sucessfully passed !
	Initialyzed swapped data for i = 119, j = 213 sucessfully passed !
	Initialyzed swapped data for i = 119, j = 214 sucessfully passed !
	Initialyzed swapped data for i = 119, j = 215 sucessfully passed !
	Initialyzed swapped data for i = 119, j = 216 sucessfully passed !
	Initialyzed swapped data for i = 119, j = 217 sucessfully passed !
	Initialyzed swapped data for i = 119, j = 218 sucessfully passed !
	Initialyzed swapped data for i = 119, j = 219 sucessfully passed !
	Initialyzed swapped data for i = 119, j = 220 sucessfully passed !
	Initialyzed swapped data for i = 119, j = 221 sucessfully passed !
	Initialyzed swapped data for i = 119, j = 222 sucessfully passed !
	Initialyzed swapped data for i = 119, j = 223 sucessfully passed !
	Initialyzed swapped data for i = 119, j = 224 sucessfully passed !
	Initialyzed swapped data for i = 119, j = 225 sucessfully passed !
	Initialyzed swapped data for i = 119, j = 226 sucessfully passed !
	Initialyzed swapped data for i = 119, j = 227 sucessfully passed !
	Initialyzed swapped data for i = 119, j = 228 sucessfully passed !
	Initialyzed swapped data for i = 119, j = 229 sucessfully passed !
	Initialyzed swapped data for i = 119, j = 230 sucessfully passed !
	Initialyzed swapped data for i = 119, j = 231 sucessfully passed !
	Initialyzed swapped data for i = 119, j = 232 sucessfully passed !
	Initialyzed swapped data for i = 119, j = 233 sucessfully passed !
	Initialyzed swapped data for i = 119, j = 234 sucessfully passed !
	Initialyzed swapped data for i = 119, j = 235 sucessfully passed !
	Initialyzed swapped data for i = 119, j = 236 sucessfully passed !
	Initialyzed swapped data for i = 119, j = 237 sucessfully passed !
	Initialyzed swapped data for i = 119, j = 238 sucessfully passed !
	Initialyzed swapped data for i = 119, j = 239 sucessfully passed !
	Initialyzed swapped data for i = 119, j = 240 sucessfully passed !
	Initialyzed swapped data for i = 119, j = 241 sucessfully passed !
	Initialyzed swapped data for i = 119, j = 242 sucessfully passed !
	Initialyzed swapped data for i = 119, j = 243 sucessfully passed !
	Initialyzed swapped data for i = 119, j = 244 sucessfully passed !
	Initialyzed swapped data for i = 119, j = 245 sucessfully passed !
	Initialyzed swapped data for i = 119, j = 246 sucessfully passed !
	Initialyzed swapped data for i = 119, j = 247 sucessfully passed !
	Initialyzed swapped data for i = 119, j = 248 sucessfully passed !
	Initialyzed swapped data for i = 119, j = 249 sucessfully passed !
	Initialyzed swapped data for i = 119, j = 250 sucessfully passed !
	Initialyzed swapped data for i = 119, j = 251 sucessfully passed !
	Initialyzed swapped data for i = 119, j = 252 sucessfully passed !
	Initialyzed swapped data for i = 119, j = 253 sucessfully passed !
	Initialyzed swapped data for i = 119, j = 254 sucessfully passed !
	Initialyzed swapped data for i = 119, j = 255 sucessfully passed !
	Initialyzed swapped data for i = 119, j = 256 sucessfully passed !
	Initialyzed swapped data for i = 119, j = 257 sucessfully passed !
	Initialyzed swapped data for i = 119, j = 258 sucessfully passed !
	Initialyzed swapped data for i = 119, j = 259 sucessfully passed !
	Initialyzed swapped data for i = 119, j = 260 sucessfully passed !
	Initialyzed swapped data for i = 119, j = 261 sucessfully passed !
	Initialyzed swapped data for i = 119, j = 262 sucessfully passed !
	Initialyzed swapped data for i = 119, j = 263 sucessfully passed !
	Initialyzed swapped data for i = 119, j = 264 sucessfully passed !
	Initialyzed swapped data for i = 119, j = 265 sucessfully passed !
	Initialyzed swapped data for i = 119, j = 266 sucessfully passed !
	Initialyzed swapped data for i = 119, j = 267 sucessfully passed !
	Initialyzed swapped data for i = 119, j = 268 sucessfully passed !
	Initialyzed swapped data for i = 119, j = 269 sucessfully passed !
	Initialyzed swapped data for i = 119, j = 270 sucessfully passed !
	Initialyzed swapped data for i = 119, j = 271 sucessfully passed !
	Initialyzed swapped data for i = 119, j = 272 sucessfully passed !
	Initialyzed swapped data for i = 119, j = 273 sucessfully passed !
	Initialyzed swapped data for i = 119, j = 274 sucessfully passed !
	Initialyzed swapped data for i = 119, j = 275 sucessfully passed !
	Initialyzed swapped data for i = 119, j = 276 sucessfully passed !
	Initialyzed swapped data for i = 119, j = 277 sucessfully passed !
	Initialyzed swapped data for i = 119, j = 278 sucessfully passed !
	Initialyzed swapped data for i = 119, j = 279 sucessfully passed !
	Initialyzed swapped data for i = 119, j = 280 sucessfully passed !
	Initialyzed swapped data for i = 119, j = 281 sucessfully passed !
	Initialyzed swapped data for i = 119, j = 282 sucessfully passed !
	Initialyzed swapped data for i = 119, j = 283 sucessfully passed !
	Initialyzed swapped data for i = 119, j = 284 sucessfully passed !
	Initialyzed swapped data for i = 119, j = 285 sucessfully passed !
	Initialyzed swapped data for i = 119, j = 286 sucessfully passed !
	Initialyzed swapped data for i = 119, j = 287 sucessfully passed !
	Initialyzed swapped data for i = 119, j = 288 sucessfully passed !
	Initialyzed swapped data for i = 119, j = 289 sucessfully passed !
	Initialyzed swapped data for i = 119, j = 290 sucessfully passed !
	Initialyzed swapped data for i = 119, j = 291 sucessfully passed !
	Initialyzed swapped data for i = 119, j = 292 sucessfully passed !
	Initialyzed swapped data for i = 119, j = 293 sucessfully passed !
	Initialyzed swapped data for i = 119, j = 294 sucessfully passed !
	Initialyzed swapped data for i = 119, j = 295 sucessfully passed !
	Initialyzed swapped data for i = 119, j = 296 sucessfully passed !
	Initialyzed swapped data for i = 119, j = 297 sucessfully passed !
	Initialyzed swapped data for i = 119, j = 298 sucessfully passed !
	Initialyzed swapped data for i = 119, j = 299 sucessfully passed !
	Initialyzed swapped data for i = 119, j = 300 sucessfully passed !
	Initialyzed swapped data for i = 119, j = 301 sucessfully passed !
	Initialyzed swapped data for i = 119, j = 302 sucessfully passed !
	Initialyzed swapped data for i = 119, j = 303 sucessfully passed !
	Initialyzed swapped data for i = 119, j = 304 sucessfully passed !
	Initialyzed swapped data for i = 119, j = 305 sucessfully passed !
	Initialyzed swapped data for i = 119, j = 306 sucessfully passed !
	Initialyzed swapped data for i = 119, j = 307 sucessfully passed !
	Initialyzed swapped data for i = 119, j = 308 sucessfully passed !
	Initialyzed swapped data for i = 119, j = 309 sucessfully passed !
	Initialyzed swapped data for i = 119, j = 310 sucessfully passed !
	Initialyzed swapped data for i = 119, j = 311 sucessfully passed !
	Initialyzed swapped data for i = 119, j = 312 sucessfully passed !
	Initialyzed swapped data for i = 119, j = 313 sucessfully passed !
	Initialyzed swapped data for i = 119, j = 314 sucessfully passed !
	Initialyzed swapped data for i = 119, j = 315 sucessfully passed !
	Initialyzed swapped data for i = 119, j = 316 sucessfully passed !
	Initialyzed swapped data for i = 119, j = 317 sucessfully passed !
	Initialyzed swapped data for i = 119, j = 318 sucessfully passed !
	Initialyzed swapped data for i = 119, j = 319 sucessfully passed !
	Initialyzed swapped data for i = 119, j = 320 sucessfully passed !
	Initialyzed swapped data for i = 119, j = 321 sucessfully passed !
	Initialyzed swapped data for i = 119, j = 322 sucessfully passed !
	Initialyzed swapped data for i = 119, j = 323 sucessfully passed !
	Initialyzed swapped data for i = 119, j = 324 sucessfully passed !
	Initialyzed swapped data for i = 119, j = 325 sucessfully passed !
	Initialyzed swapped data for i = 119, j = 326 sucessfully passed !
	Initialyzed swapped data for i = 119, j = 327 sucessfully passed !
	Initialyzed swapped data for i = 119, j = 328 sucessfully passed !
	Initialyzed swapped data for i = 119, j = 329 sucessfully passed !
	Initialyzed swapped data for i = 119, j = 330 sucessfully passed !
	Initialyzed swapped data for i = 119, j = 331 sucessfully passed !
	Initialyzed swapped data for i = 119, j = 332 sucessfully passed !
	Initialyzed swapped data for i = 119, j = 333 sucessfully passed !
	Initialyzed swapped data for i = 119, j = 334 sucessfully passed !
	Initialyzed swapped data for i = 119, j = 335 sucessfully passed !
	Initialyzed swapped data for i = 119, j = 336 sucessfully passed !
	Initialyzed swapped data for i = 119, j = 337 sucessfully passed !
	Initialyzed swapped data for i = 119, j = 338 sucessfully passed !
	Initialyzed swapped data for i = 119, j = 339 sucessfully passed !
	Initialyzed swapped data for i = 119, j = 340 sucessfully passed !
	Initialyzed swapped data for i = 119, j = 341 sucessfully passed !
	Initialyzed swapped data for i = 119, j = 342 sucessfully passed !
	Initialyzed swapped data for i = 119, j = 343 sucessfully passed !
	Initialyzed swapped data for i = 119, j = 344 sucessfully passed !
	Initialyzed swapped data for i = 119, j = 345 sucessfully passed !
	Initialyzed swapped data for i = 119, j = 346 sucessfully passed !
	Initialyzed swapped data for i = 119, j = 347 sucessfully passed !
	Initialyzed swapped data for i = 119, j = 348 sucessfully passed !
	Initialyzed swapped data for i = 119, j = 349 sucessfully passed !
	Initialyzed swapped data for i = 119, j = 350 sucessfully passed !
	Initialyzed swapped data for i = 119, j = 351 sucessfully passed !
	Initialyzed swapped data for i = 119, j = 352 sucessfully passed !
	Initialyzed swapped data for i = 119, j = 353 sucessfully passed !
	Initialyzed swapped data for i = 119, j = 354 sucessfully passed !
	Initialyzed swapped data for i = 119, j = 355 sucessfully passed !
	Initialyzed swapped data for i = 119, j = 356 sucessfully passed !
	Initialyzed swapped data for i = 119, j = 357 sucessfully passed !
	Initialyzed swapped data for i = 119, j = 358 sucessfully passed !
	Initialyzed swapped data for i = 119, j = 359 sucessfully passed !
	Initialyzed swapped data for i = 119, j = 360 sucessfully passed !
	Initialyzed swapped data for i = 119, j = 361 sucessfully passed !
	Initialyzed swapped data for i = 119, j = 362 sucessfully passed !
	Initialyzed swapped data for i = 119, j = 363 sucessfully passed !
	Initialyzed swapped data for i = 119, j = 364 sucessfully passed !
	Initialyzed swapped data for i = 119, j = 365 sucessfully passed !
	Initialyzed swapped data for i = 119, j = 366 sucessfully passed !
	Initialyzed swapped data for i = 119, j = 367 sucessfully passed !
	Initialyzed swapped data for i = 119, j = 368 sucessfully passed !
	Initialyzed swapped data for i = 119, j = 369 sucessfully passed !
	Initialyzed swapped data for i = 119, j = 370 sucessfully passed !
	Initialyzed swapped data for i = 119, j = 371 sucessfully passed !
	Initialyzed swapped data for i = 119, j = 372 sucessfully passed !
	Initialyzed swapped data for i = 119, j = 373 sucessfully passed !
	Initialyzed swapped data for i = 119, j = 374 sucessfully passed !
	Initialyzed swapped data for i = 119, j = 375 sucessfully passed !
	Initialyzed swapped data for i = 119, j = 376 sucessfully passed !
	Initialyzed swapped data for i = 119, j = 377 sucessfully passed !
	Initialyzed swapped data for i = 119, j = 378 sucessfully passed !
	Initialyzed swapped data for i = 119, j = 379 sucessfully passed !
	Initialyzed swapped data for i = 119, j = 380 sucessfully passed !
	Initialyzed swapped data for i = 119, j = 381 sucessfully passed !
	Initialyzed swapped data for i = 119, j = 382 sucessfully passed !
	Initialyzed swapped data for i = 119, j = 383 sucessfully passed !
	Initialyzed swapped data for i = 119, j = 384 sucessfully passed !
	Initialyzed swapped data for i = 119, j = 385 sucessfully passed !
	Initialyzed swapped data for i = 119, j = 386 sucessfully passed !
	Initialyzed swapped data for i = 119, j = 387 sucessfully passed !
	Initialyzed swapped data for i = 119, j = 388 sucessfully passed !
	Initialyzed swapped data for i = 119, j = 389 sucessfully passed !
	Initialyzed swapped data for i = 119, j = 390 sucessfully passed !
	Initialyzed swapped data for i = 119, j = 391 sucessfully passed !
	Initialyzed swapped data for i = 119, j = 392 sucessfully passed !
	Initialyzed swapped data for i = 119, j = 393 sucessfully passed !
	Initialyzed swapped data for i = 119, j = 394 sucessfully passed !
	Initialyzed swapped data for i = 119, j = 395 sucessfully passed !
	Initialyzed swapped data for i = 119, j = 396 sucessfully passed !
	Initialyzed swapped data for i = 119, j = 397 sucessfully passed !
	Initialyzed swapped data for i = 119, j = 398 sucessfully passed !
	Initialyzed swapped data for i = 119, j = 399 sucessfully passed !
	Initialyzed swapped data for i = 119, j = 400 sucessfully passed !
	Initialyzed swapped data for i = 119, j = 401 sucessfully passed !
	Initialyzed swapped data for i = 119, j = 402 sucessfully passed !
	Initialyzed swapped data for i = 119, j = 403 sucessfully passed !
	Initialyzed swapped data for i = 119, j = 404 sucessfully passed !
	Initialyzed swapped data for i = 119, j = 405 sucessfully passed !
	Initialyzed swapped data for i = 119, j = 406 sucessfully passed !
	Initialyzed swapped data for i = 119, j = 407 sucessfully passed !
	Initialyzed swapped data for i = 119, j = 408 sucessfully passed !
	Initialyzed swapped data for i = 119, j = 409 sucessfully passed !
	Initialyzed swapped data for i = 119, j = 410 sucessfully passed !
	Initialyzed swapped data for i = 119, j = 411 sucessfully passed !
	Initialyzed swapped data for i = 119, j = 412 sucessfully passed !
	Initialyzed swapped data for i = 119, j = 413 sucessfully passed !
	Initialyzed swapped data for i = 119, j = 414 sucessfully passed !
	Initialyzed swapped data for i = 119, j = 415 sucessfully passed !
	Initialyzed swapped data for i = 119, j = 416 sucessfully passed !
	Initialyzed swapped data for i = 119, j = 417 sucessfully passed !
	Initialyzed swapped data for i = 119, j = 418 sucessfully passed !
	Initialyzed swapped data for i = 119, j = 419 sucessfully passed !
	Initialyzed swapped data for i = 119, j = 420 sucessfully passed !
	Initialyzed swapped data for i = 119, j = 421 sucessfully passed !
	Initialyzed swapped data for i = 119, j = 422 sucessfully passed !
	Initialyzed swapped data for i = 119, j = 423 sucessfully passed !
	Initialyzed swapped data for i = 119, j = 424 sucessfully passed !
	Initialyzed swapped data for i = 119, j = 425 sucessfully passed !
	Initialyzed swapped data for i = 119, j = 426 sucessfully passed !
	Initialyzed swapped data for i = 119, j = 427 sucessfully passed !
	Initialyzed swapped data for i = 119, j = 428 sucessfully passed !
	Initialyzed swapped data for i = 119, j = 429 sucessfully passed !
	Initialyzed swapped data for i = 119, j = 430 sucessfully passed !
	Initialyzed swapped data for i = 119, j = 431 sucessfully passed !
	Initialyzed swapped data for i = 119, j = 432 sucessfully passed !
	Initialyzed swapped data for i = 119, j = 433 sucessfully passed !
	Initialyzed swapped data for i = 120, j = 121 sucessfully passed !
	Initialyzed swapped data for i = 120, j = 122 sucessfully passed !
	Initialyzed swapped data for i = 120, j = 123 sucessfully passed !
	Initialyzed swapped data for i = 120, j = 124 sucessfully passed !
	Initialyzed swapped data for i = 120, j = 125 sucessfully passed !
	Initialyzed swapped data for i = 120, j = 126 sucessfully passed !
	Initialyzed swapped data for i = 120, j = 127 sucessfully passed !
	Initialyzed swapped data for i = 120, j = 128 sucessfully passed !
	Initialyzed swapped data for i = 120, j = 129 sucessfully passed !
	Initialyzed swapped data for i = 120, j = 130 sucessfully passed !
	Initialyzed swapped data for i = 120, j = 131 sucessfully passed !
	Initialyzed swapped data for i = 120, j = 132 sucessfully passed !
	Initialyzed swapped data for i = 120, j = 133 sucessfully passed !
	Initialyzed swapped data for i = 120, j = 134 sucessfully passed !
	Initialyzed swapped data for i = 120, j = 135 sucessfully passed !
	Initialyzed swapped data for i = 120, j = 136 sucessfully passed !
	Initialyzed swapped data for i = 120, j = 137 sucessfully passed !
	Initialyzed swapped data for i = 120, j = 138 sucessfully passed !
	Initialyzed swapped data for i = 120, j = 139 sucessfully passed !
	Initialyzed swapped data for i = 120, j = 140 sucessfully passed !
	Initialyzed swapped data for i = 120, j = 141 sucessfully passed !
	Initialyzed swapped data for i = 120, j = 142 sucessfully passed !
	Initialyzed swapped data for i = 120, j = 143 sucessfully passed !
	Initialyzed swapped data for i = 120, j = 144 sucessfully passed !
	Initialyzed swapped data for i = 120, j = 145 sucessfully passed !
	Initialyzed swapped data for i = 120, j = 146 sucessfully passed !
	Initialyzed swapped data for i = 120, j = 147 sucessfully passed !
	Initialyzed swapped data for i = 120, j = 148 sucessfully passed !
	Initialyzed swapped data for i = 120, j = 149 sucessfully passed !
	Initialyzed swapped data for i = 120, j = 150 sucessfully passed !
	Initialyzed swapped data for i = 120, j = 151 sucessfully passed !
	Initialyzed swapped data for i = 120, j = 152 sucessfully passed !
	Initialyzed swapped data for i = 120, j = 153 sucessfully passed !
	Initialyzed swapped data for i = 120, j = 154 sucessfully passed !
	Initialyzed swapped data for i = 120, j = 155 sucessfully passed !
	Initialyzed swapped data for i = 120, j = 156 sucessfully passed !
	Initialyzed swapped data for i = 120, j = 157 sucessfully passed !
	Initialyzed swapped data for i = 120, j = 158 sucessfully passed !
	Initialyzed swapped data for i = 120, j = 159 sucessfully passed !
	Initialyzed swapped data for i = 120, j = 160 sucessfully passed !
	Initialyzed swapped data for i = 120, j = 161 sucessfully passed !
	Initialyzed swapped data for i = 120, j = 162 sucessfully passed !
	Initialyzed swapped data for i = 120, j = 163 sucessfully passed !
	Initialyzed swapped data for i = 120, j = 164 sucessfully passed !
	Initialyzed swapped data for i = 120, j = 165 sucessfully passed !
	Initialyzed swapped data for i = 120, j = 166 sucessfully passed !
	Initialyzed swapped data for i = 120, j = 167 sucessfully passed !
	Initialyzed swapped data for i = 120, j = 168 sucessfully passed !
	Initialyzed swapped data for i = 120, j = 169 sucessfully passed !
	Initialyzed swapped data for i = 120, j = 170 sucessfully passed !
	Initialyzed swapped data for i = 120, j = 171 sucessfully passed !
	Initialyzed swapped data for i = 120, j = 172 sucessfully passed !
	Initialyzed swapped data for i = 120, j = 173 sucessfully passed !
	Initialyzed swapped data for i = 120, j = 174 sucessfully passed !
	Initialyzed swapped data for i = 120, j = 175 sucessfully passed !
	Initialyzed swapped data for i = 120, j = 176 sucessfully passed !
	Initialyzed swapped data for i = 120, j = 177 sucessfully passed !
	Initialyzed swapped data for i = 120, j = 178 sucessfully passed !
	Initialyzed swapped data for i = 120, j = 179 sucessfully passed !
	Initialyzed swapped data for i = 120, j = 180 sucessfully passed !
	Initialyzed swapped data for i = 120, j = 181 sucessfully passed !
	Initialyzed swapped data for i = 120, j = 182 sucessfully passed !
	Initialyzed swapped data for i = 120, j = 183 sucessfully passed !
	Initialyzed swapped data for i = 120, j = 184 sucessfully passed !
	Initialyzed swapped data for i = 120, j = 185 sucessfully passed !
	Initialyzed swapped data for i = 120, j = 186 sucessfully passed !
	Initialyzed swapped data for i = 120, j = 187 sucessfully passed !
	Initialyzed swapped data for i = 120, j = 188 sucessfully passed !
	Initialyzed swapped data for i = 120, j = 189 sucessfully passed !
	Initialyzed swapped data for i = 120, j = 190 sucessfully passed !
	Initialyzed swapped data for i = 120, j = 191 sucessfully passed !
	Initialyzed swapped data for i = 120, j = 192 sucessfully passed !
	Initialyzed swapped data for i = 120, j = 193 sucessfully passed !
	Initialyzed swapped data for i = 120, j = 194 sucessfully passed !
	Initialyzed swapped data for i = 120, j = 195 sucessfully passed !
	Initialyzed swapped data for i = 120, j = 196 sucessfully passed !
	Initialyzed swapped data for i = 120, j = 197 sucessfully passed !
	Initialyzed swapped data for i = 120, j = 198 sucessfully passed !
	Initialyzed swapped data for i = 120, j = 199 sucessfully passed !
	Initialyzed swapped data for i = 120, j = 200 sucessfully passed !
	Initialyzed swapped data for i = 120, j = 201 sucessfully passed !
	Initialyzed swapped data for i = 120, j = 202 sucessfully passed !
	Initialyzed swapped data for i = 120, j = 203 sucessfully passed !
	Initialyzed swapped data for i = 120, j = 204 sucessfully passed !
	Initialyzed swapped data for i = 120, j = 205 sucessfully passed !
	Initialyzed swapped data for i = 120, j = 206 sucessfully passed !
	Initialyzed swapped data for i = 120, j = 207 sucessfully passed !
	Initialyzed swapped data for i = 120, j = 208 sucessfully passed !
	Initialyzed swapped data for i = 120, j = 209 sucessfully passed !
	Initialyzed swapped data for i = 120, j = 210 sucessfully passed !
	Initialyzed swapped data for i = 120, j = 211 sucessfully passed !
	Initialyzed swapped data for i = 120, j = 212 sucessfully passed !
	Initialyzed swapped data for i = 120, j = 213 sucessfully passed !
	Initialyzed swapped data for i = 120, j = 214 sucessfully passed !
	Initialyzed swapped data for i = 120, j = 215 sucessfully passed !
	Initialyzed swapped data for i = 120, j = 216 sucessfully passed !
	Initialyzed swapped data for i = 120, j = 217 sucessfully passed !
	Initialyzed swapped data for i = 120, j = 218 sucessfully passed !
	Initialyzed swapped data for i = 120, j = 219 sucessfully passed !
	Initialyzed swapped data for i = 120, j = 220 sucessfully passed !
	Initialyzed swapped data for i = 120, j = 221 sucessfully passed !
	Initialyzed swapped data for i = 120, j = 222 sucessfully passed !
	Initialyzed swapped data for i = 120, j = 223 sucessfully passed !
	Initialyzed swapped data for i = 120, j = 224 sucessfully passed !
	Initialyzed swapped data for i = 120, j = 225 sucessfully passed !
	Initialyzed swapped data for i = 120, j = 226 sucessfully passed !
	Initialyzed swapped data for i = 120, j = 227 sucessfully passed !
	Initialyzed swapped data for i = 120, j = 228 sucessfully passed !
	Initialyzed swapped data for i = 120, j = 229 sucessfully passed !
	Initialyzed swapped data for i = 120, j = 230 sucessfully passed !
	Initialyzed swapped data for i = 120, j = 231 sucessfully passed !
	Initialyzed swapped data for i = 120, j = 232 sucessfully passed !
	Initialyzed swapped data for i = 120, j = 233 sucessfully passed !
	Initialyzed swapped data for i = 120, j = 234 sucessfully passed !
	Initialyzed swapped data for i = 120, j = 235 sucessfully passed !
	Initialyzed swapped data for i = 120, j = 236 sucessfully passed !
	Initialyzed swapped data for i = 120, j = 237 sucessfully passed !
	Initialyzed swapped data for i = 120, j = 238 sucessfully passed !
	Initialyzed swapped data for i = 120, j = 239 sucessfully passed !
	Initialyzed swapped data for i = 120, j = 240 sucessfully passed !
	Initialyzed swapped data for i = 120, j = 241 sucessfully passed !
	Initialyzed swapped data for i = 120, j = 242 sucessfully passed !
	Initialyzed swapped data for i = 120, j = 243 sucessfully passed !
	Initialyzed swapped data for i = 120, j = 244 sucessfully passed !
	Initialyzed swapped data for i = 120, j = 245 sucessfully passed !
	Initialyzed swapped data for i = 120, j = 246 sucessfully passed !
	Initialyzed swapped data for i = 120, j = 247 sucessfully passed !
	Initialyzed swapped data for i = 120, j = 248 sucessfully passed !
	Initialyzed swapped data for i = 120, j = 249 sucessfully passed !
	Initialyzed swapped data for i = 120, j = 250 sucessfully passed !
	Initialyzed swapped data for i = 120, j = 251 sucessfully passed !
	Initialyzed swapped data for i = 120, j = 252 sucessfully passed !
	Initialyzed swapped data for i = 120, j = 253 sucessfully passed !
	Initialyzed swapped data for i = 120, j = 254 sucessfully passed !
	Initialyzed swapped data for i = 120, j = 255 sucessfully passed !
	Initialyzed swapped data for i = 120, j = 256 sucessfully passed !
	Initialyzed swapped data for i = 120, j = 257 sucessfully passed !
	Initialyzed swapped data for i = 120, j = 258 sucessfully passed !
	Initialyzed swapped data for i = 120, j = 259 sucessfully passed !
	Initialyzed swapped data for i = 120, j = 260 sucessfully passed !
	Initialyzed swapped data for i = 120, j = 261 sucessfully passed !
	Initialyzed swapped data for i = 120, j = 262 sucessfully passed !
	Initialyzed swapped data for i = 120, j = 263 sucessfully passed !
	Initialyzed swapped data for i = 120, j = 264 sucessfully passed !
	Initialyzed swapped data for i = 120, j = 265 sucessfully passed !
	Initialyzed swapped data for i = 120, j = 266 sucessfully passed !
	Initialyzed swapped data for i = 120, j = 267 sucessfully passed !
	Initialyzed swapped data for i = 120, j = 268 sucessfully passed !
	Initialyzed swapped data for i = 120, j = 269 sucessfully passed !
	Initialyzed swapped data for i = 120, j = 270 sucessfully passed !
	Initialyzed swapped data for i = 120, j = 271 sucessfully passed !
	Initialyzed swapped data for i = 120, j = 272 sucessfully passed !
	Initialyzed swapped data for i = 120, j = 273 sucessfully passed !
	Initialyzed swapped data for i = 120, j = 274 sucessfully passed !
	Initialyzed swapped data for i = 120, j = 275 sucessfully passed !
	Initialyzed swapped data for i = 120, j = 276 sucessfully passed !
	Initialyzed swapped data for i = 120, j = 277 sucessfully passed !
	Initialyzed swapped data for i = 120, j = 278 sucessfully passed !
	Initialyzed swapped data for i = 120, j = 279 sucessfully passed !
	Initialyzed swapped data for i = 120, j = 280 sucessfully passed !
	Initialyzed swapped data for i = 120, j = 281 sucessfully passed !
	Initialyzed swapped data for i = 120, j = 282 sucessfully passed !
	Initialyzed swapped data for i = 120, j = 283 sucessfully passed !
	Initialyzed swapped data for i = 120, j = 284 sucessfully passed !
	Initialyzed swapped data for i = 120, j = 285 sucessfully passed !
	Initialyzed swapped data for i = 120, j = 286 sucessfully passed !
	Initialyzed swapped data for i = 120, j = 287 sucessfully passed !
	Initialyzed swapped data for i = 120, j = 288 sucessfully passed !
	Initialyzed swapped data for i = 120, j = 289 sucessfully passed !
	Initialyzed swapped data for i = 120, j = 290 sucessfully passed !
	Initialyzed swapped data for i = 120, j = 291 sucessfully passed !
	Initialyzed swapped data for i = 120, j = 292 sucessfully passed !
	Initialyzed swapped data for i = 120, j = 293 sucessfully passed !
	Initialyzed swapped data for i = 120, j = 294 sucessfully passed !
	Initialyzed swapped data for i = 120, j = 295 sucessfully passed !
	Initialyzed swapped data for i = 120, j = 296 sucessfully passed !
	Initialyzed swapped data for i = 120, j = 297 sucessfully passed !
	Initialyzed swapped data for i = 120, j = 298 sucessfully passed !
	Initialyzed swapped data for i = 120, j = 299 sucessfully passed !
	Initialyzed swapped data for i = 120, j = 300 sucessfully passed !
	Initialyzed swapped data for i = 120, j = 301 sucessfully passed !
	Initialyzed swapped data for i = 120, j = 302 sucessfully passed !
	Initialyzed swapped data for i = 120, j = 303 sucessfully passed !
	Initialyzed swapped data for i = 120, j = 304 sucessfully passed !
	Initialyzed swapped data for i = 120, j = 305 sucessfully passed !
	Initialyzed swapped data for i = 120, j = 306 sucessfully passed !
	Initialyzed swapped data for i = 120, j = 307 sucessfully passed !
	Initialyzed swapped data for i = 120, j = 308 sucessfully passed !
	Initialyzed swapped data for i = 120, j = 309 sucessfully passed !
	Initialyzed swapped data for i = 120, j = 310 sucessfully passed !
	Initialyzed swapped data for i = 120, j = 311 sucessfully passed !
	Initialyzed swapped data for i = 120, j = 312 sucessfully passed !
	Initialyzed swapped data for i = 120, j = 313 sucessfully passed !
	Initialyzed swapped data for i = 120, j = 314 sucessfully passed !
	Initialyzed swapped data for i = 120, j = 315 sucessfully passed !
	Initialyzed swapped data for i = 120, j = 316 sucessfully passed !
	Initialyzed swapped data for i = 120, j = 317 sucessfully passed !
	Initialyzed swapped data for i = 120, j = 318 sucessfully passed !
	Initialyzed swapped data for i = 120, j = 319 sucessfully passed !
	Initialyzed swapped data for i = 120, j = 320 sucessfully passed !
	Initialyzed swapped data for i = 120, j = 321 sucessfully passed !
	Initialyzed swapped data for i = 120, j = 322 sucessfully passed !
	Initialyzed swapped data for i = 120, j = 323 sucessfully passed !
	Initialyzed swapped data for i = 120, j = 324 sucessfully passed !
	Initialyzed swapped data for i = 120, j = 325 sucessfully passed !
	Initialyzed swapped data for i = 120, j = 326 sucessfully passed !
	Initialyzed swapped data for i = 120, j = 327 sucessfully passed !
	Initialyzed swapped data for i = 120, j = 328 sucessfully passed !
	Initialyzed swapped data for i = 120, j = 329 sucessfully passed !
	Initialyzed swapped data for i = 120, j = 330 sucessfully passed !
	Initialyzed swapped data for i = 120, j = 331 sucessfully passed !
	Initialyzed swapped data for i = 120, j = 332 sucessfully passed !
	Initialyzed swapped data for i = 120, j = 333 sucessfully passed !
	Initialyzed swapped data for i = 120, j = 334 sucessfully passed !
	Initialyzed swapped data for i = 120, j = 335 sucessfully passed !
	Initialyzed swapped data for i = 120, j = 336 sucessfully passed !
	Initialyzed swapped data for i = 120, j = 337 sucessfully passed !
	Initialyzed swapped data for i = 120, j = 338 sucessfully passed !
	Initialyzed swapped data for i = 120, j = 339 sucessfully passed !
	Initialyzed swapped data for i = 120, j = 340 sucessfully passed !
	Initialyzed swapped data for i = 120, j = 341 sucessfully passed !
	Initialyzed swapped data for i = 120, j = 342 sucessfully passed !
	Initialyzed swapped data for i = 120, j = 343 sucessfully passed !
	Initialyzed swapped data for i = 120, j = 344 sucessfully passed !
	Initialyzed swapped data for i = 120, j = 345 sucessfully passed !
	Initialyzed swapped data for i = 120, j = 346 sucessfully passed !
	Initialyzed swapped data for i = 120, j = 347 sucessfully passed !
	Initialyzed swapped data for i = 120, j = 348 sucessfully passed !
	Initialyzed swapped data for i = 120, j = 349 sucessfully passed !
	Initialyzed swapped data for i = 120, j = 350 sucessfully passed !
	Initialyzed swapped data for i = 120, j = 351 sucessfully passed !
	Initialyzed swapped data for i = 120, j = 352 sucessfully passed !
	Initialyzed swapped data for i = 120, j = 353 sucessfully passed !
	Initialyzed swapped data for i = 120, j = 354 sucessfully passed !
	Initialyzed swapped data for i = 120, j = 355 sucessfully passed !
	Initialyzed swapped data for i = 120, j = 356 sucessfully passed !
	Initialyzed swapped data for i = 120, j = 357 sucessfully passed !
	Initialyzed swapped data for i = 120, j = 358 sucessfully passed !
	Initialyzed swapped data for i = 120, j = 359 sucessfully passed !
	Initialyzed swapped data for i = 120, j = 360 sucessfully passed !
	Initialyzed swapped data for i = 120, j = 361 sucessfully passed !
	Initialyzed swapped data for i = 120, j = 362 sucessfully passed !
	Initialyzed swapped data for i = 120, j = 363 sucessfully passed !
	Initialyzed swapped data for i = 120, j = 364 sucessfully passed !
	Initialyzed swapped data for i = 120, j = 365 sucessfully passed !
	Initialyzed swapped data for i = 120, j = 366 sucessfully passed !
	Initialyzed swapped data for i = 120, j = 367 sucessfully passed !
	Initialyzed swapped data for i = 120, j = 368 sucessfully passed !
	Initialyzed swapped data for i = 120, j = 369 sucessfully passed !
	Initialyzed swapped data for i = 120, j = 370 sucessfully passed !
	Initialyzed swapped data for i = 120, j = 371 sucessfully passed !
	Initialyzed swapped data for i = 120, j = 372 sucessfully passed !
	Initialyzed swapped data for i = 120, j = 373 sucessfully passed !
	Initialyzed swapped data for i = 120, j = 374 sucessfully passed !
	Initialyzed swapped data for i = 120, j = 375 sucessfully passed !
	Initialyzed swapped data for i = 120, j = 376 sucessfully passed !
	Initialyzed swapped data for i = 120, j = 377 sucessfully passed !
	Initialyzed swapped data for i = 120, j = 378 sucessfully passed !
	Initialyzed swapped data for i = 120, j = 379 sucessfully passed !
	Initialyzed swapped data for i = 120, j = 380 sucessfully passed !
	Initialyzed swapped data for i = 120, j = 381 sucessfully passed !
	Initialyzed swapped data for i = 120, j = 382 sucessfully passed !
	Initialyzed swapped data for i = 120, j = 383 sucessfully passed !
	Initialyzed swapped data for i = 120, j = 384 sucessfully passed !
	Initialyzed swapped data for i = 120, j = 385 sucessfully passed !
	Initialyzed swapped data for i = 120, j = 386 sucessfully passed !
	Initialyzed swapped data for i = 120, j = 387 sucessfully passed !
	Initialyzed swapped data for i = 120, j = 388 sucessfully passed !
	Initialyzed swapped data for i = 120, j = 389 sucessfully passed !
	Initialyzed swapped data for i = 120, j = 390 sucessfully passed !
	Initialyzed swapped data for i = 120, j = 391 sucessfully passed !
	Initialyzed swapped data for i = 120, j = 392 sucessfully passed !
	Initialyzed swapped data for i = 120, j = 393 sucessfully passed !
	Initialyzed swapped data for i = 120, j = 394 sucessfully passed !
	Initialyzed swapped data for i = 120, j = 395 sucessfully passed !
	Initialyzed swapped data for i = 120, j = 396 sucessfully passed !
	Initialyzed swapped data for i = 120, j = 397 sucessfully passed !
	Initialyzed swapped data for i = 120, j = 398 sucessfully passed !
	Initialyzed swapped data for i = 120, j = 399 sucessfully passed !
	Initialyzed swapped data for i = 120, j = 400 sucessfully passed !
	Initialyzed swapped data for i = 120, j = 401 sucessfully passed !
	Initialyzed swapped data for i = 120, j = 402 sucessfully passed !
	Initialyzed swapped data for i = 120, j = 403 sucessfully passed !
	Initialyzed swapped data for i = 120, j = 404 sucessfully passed !
	Initialyzed swapped data for i = 120, j = 405 sucessfully passed !
	Initialyzed swapped data for i = 120, j = 406 sucessfully passed !
	Initialyzed swapped data for i = 120, j = 407 sucessfully passed !
	Initialyzed swapped data for i = 120, j = 408 sucessfully passed !
	Initialyzed swapped data for i = 120, j = 409 sucessfully passed !
	Initialyzed swapped data for i = 120, j = 410 sucessfully passed !
	Initialyzed swapped data for i = 120, j = 411 sucessfully passed !
	Initialyzed swapped data for i = 120, j = 412 sucessfully passed !
	Initialyzed swapped data for i = 120, j = 413 sucessfully passed !
	Initialyzed swapped data for i = 120, j = 414 sucessfully passed !
	Initialyzed swapped data for i = 120, j = 415 sucessfully passed !
	Initialyzed swapped data for i = 120, j = 416 sucessfully passed !
	Initialyzed swapped data for i = 120, j = 417 sucessfully passed !
	Initialyzed swapped data for i = 120, j = 418 sucessfully passed !
	Initialyzed swapped data for i = 120, j = 419 sucessfully passed !
	Initialyzed swapped data for i = 120, j = 420 sucessfully passed !
	Initialyzed swapped data for i = 120, j = 421 sucessfully passed !
	Initialyzed swapped data for i = 120, j = 422 sucessfully passed !
	Initialyzed swapped data for i = 120, j = 423 sucessfully passed !
	Initialyzed swapped data for i = 120, j = 424 sucessfully passed !
	Initialyzed swapped data for i = 120, j = 425 sucessfully passed !
	Initialyzed swapped data for i = 120, j = 426 sucessfully passed !
	Initialyzed swapped data for i = 120, j = 427 sucessfully passed !
	Initialyzed swapped data for i = 120, j = 428 sucessfully passed !
	Initialyzed swapped data for i = 120, j = 429 sucessfully passed !
	Initialyzed swapped data for i = 120, j = 430 sucessfully passed !
	Initialyzed swapped data for i = 120, j = 431 sucessfully passed !
	Initialyzed swapped data for i = 120, j = 432 sucessfully passed !
	Initialyzed swapped data for i = 120, j = 433 sucessfully passed !
	Initialyzed swapped data for i = 121, j = 122 sucessfully passed !
	Initialyzed swapped data for i = 121, j = 123 sucessfully passed !
	Initialyzed swapped data for i = 121, j = 124 sucessfully passed !
	Initialyzed swapped data for i = 121, j = 125 sucessfully passed !
	Initialyzed swapped data for i = 121, j = 126 sucessfully passed !
	Initialyzed swapped data for i = 121, j = 127 sucessfully passed !
	Initialyzed swapped data for i = 121, j = 128 sucessfully passed !
	Initialyzed swapped data for i = 121, j = 129 sucessfully passed !
	Initialyzed swapped data for i = 121, j = 130 sucessfully passed !
	Initialyzed swapped data for i = 121, j = 131 sucessfully passed !
	Initialyzed swapped data for i = 121, j = 132 sucessfully passed !
	Initialyzed swapped data for i = 121, j = 133 sucessfully passed !
	Initialyzed swapped data for i = 121, j = 134 sucessfully passed !
	Initialyzed swapped data for i = 121, j = 135 sucessfully passed !
	Initialyzed swapped data for i = 121, j = 136 sucessfully passed !
	Initialyzed swapped data for i = 121, j = 137 sucessfully passed !
	Initialyzed swapped data for i = 121, j = 138 sucessfully passed !
	Initialyzed swapped data for i = 121, j = 139 sucessfully passed !
	Initialyzed swapped data for i = 121, j = 140 sucessfully passed !
	Initialyzed swapped data for i = 121, j = 141 sucessfully passed !
	Initialyzed swapped data for i = 121, j = 142 sucessfully passed !
	Initialyzed swapped data for i = 121, j = 143 sucessfully passed !
	Initialyzed swapped data for i = 121, j = 144 sucessfully passed !
	Initialyzed swapped data for i = 121, j = 145 sucessfully passed !
	Initialyzed swapped data for i = 121, j = 146 sucessfully passed !
	Initialyzed swapped data for i = 121, j = 147 sucessfully passed !
	Initialyzed swapped data for i = 121, j = 148 sucessfully passed !
	Initialyzed swapped data for i = 121, j = 149 sucessfully passed !
	Initialyzed swapped data for i = 121, j = 150 sucessfully passed !
	Initialyzed swapped data for i = 121, j = 151 sucessfully passed !
	Initialyzed swapped data for i = 121, j = 152 sucessfully passed !
	Initialyzed swapped data for i = 121, j = 153 sucessfully passed !
	Initialyzed swapped data for i = 121, j = 154 sucessfully passed !
	Initialyzed swapped data for i = 121, j = 155 sucessfully passed !
	Initialyzed swapped data for i = 121, j = 156 sucessfully passed !
	Initialyzed swapped data for i = 121, j = 157 sucessfully passed !
	Initialyzed swapped data for i = 121, j = 158 sucessfully passed !
	Initialyzed swapped data for i = 121, j = 159 sucessfully passed !
	Initialyzed swapped data for i = 121, j = 160 sucessfully passed !
	Initialyzed swapped data for i = 121, j = 161 sucessfully passed !
	Initialyzed swapped data for i = 121, j = 162 sucessfully passed !
	Initialyzed swapped data for i = 121, j = 163 sucessfully passed !
	Initialyzed swapped data for i = 121, j = 164 sucessfully passed !
	Initialyzed swapped data for i = 121, j = 165 sucessfully passed !
	Initialyzed swapped data for i = 121, j = 166 sucessfully passed !
	Initialyzed swapped data for i = 121, j = 167 sucessfully passed !
	Initialyzed swapped data for i = 121, j = 168 sucessfully passed !
	Initialyzed swapped data for i = 121, j = 169 sucessfully passed !
	Initialyzed swapped data for i = 121, j = 170 sucessfully passed !
	Initialyzed swapped data for i = 121, j = 171 sucessfully passed !
	Initialyzed swapped data for i = 121, j = 172 sucessfully passed !
	Initialyzed swapped data for i = 121, j = 173 sucessfully passed !
	Initialyzed swapped data for i = 121, j = 174 sucessfully passed !
	Initialyzed swapped data for i = 121, j = 175 sucessfully passed !
	Initialyzed swapped data for i = 121, j = 176 sucessfully passed !
	Initialyzed swapped data for i = 121, j = 177 sucessfully passed !
	Initialyzed swapped data for i = 121, j = 178 sucessfully passed !
	Initialyzed swapped data for i = 121, j = 179 sucessfully passed !
	Initialyzed swapped data for i = 121, j = 180 sucessfully passed !
	Initialyzed swapped data for i = 121, j = 181 sucessfully passed !
	Initialyzed swapped data for i = 121, j = 182 sucessfully passed !
	Initialyzed swapped data for i = 121, j = 183 sucessfully passed !
	Initialyzed swapped data for i = 121, j = 184 sucessfully passed !
	Initialyzed swapped data for i = 121, j = 185 sucessfully passed !
	Initialyzed swapped data for i = 121, j = 186 sucessfully passed !
	Initialyzed swapped data for i = 121, j = 187 sucessfully passed !
	Initialyzed swapped data for i = 121, j = 188 sucessfully passed !
	Initialyzed swapped data for i = 121, j = 189 sucessfully passed !
	Initialyzed swapped data for i = 121, j = 190 sucessfully passed !
	Initialyzed swapped data for i = 121, j = 191 sucessfully passed !
	Initialyzed swapped data for i = 121, j = 192 sucessfully passed !
	Initialyzed swapped data for i = 121, j = 193 sucessfully passed !
	Initialyzed swapped data for i = 121, j = 194 sucessfully passed !
	Initialyzed swapped data for i = 121, j = 195 sucessfully passed !
	Initialyzed swapped data for i = 121, j = 196 sucessfully passed !
	Initialyzed swapped data for i = 121, j = 197 sucessfully passed !
	Initialyzed swapped data for i = 121, j = 198 sucessfully passed !
	Initialyzed swapped data for i = 121, j = 199 sucessfully passed !
	Initialyzed swapped data for i = 121, j = 200 sucessfully passed !
	Initialyzed swapped data for i = 121, j = 201 sucessfully passed !
	Initialyzed swapped data for i = 121, j = 202 sucessfully passed !
	Initialyzed swapped data for i = 121, j = 203 sucessfully passed !
	Initialyzed swapped data for i = 121, j = 204 sucessfully passed !
	Initialyzed swapped data for i = 121, j = 205 sucessfully passed !
	Initialyzed swapped data for i = 121, j = 206 sucessfully passed !
	Initialyzed swapped data for i = 121, j = 207 sucessfully passed !
	Initialyzed swapped data for i = 121, j = 208 sucessfully passed !
	Initialyzed swapped data for i = 121, j = 209 sucessfully passed !
	Initialyzed swapped data for i = 121, j = 210 sucessfully passed !
	Initialyzed swapped data for i = 121, j = 211 sucessfully passed !
	Initialyzed swapped data for i = 121, j = 212 sucessfully passed !
	Initialyzed swapped data for i = 121, j = 213 sucessfully passed !
	Initialyzed swapped data for i = 121, j = 214 sucessfully passed !
	Initialyzed swapped data for i = 121, j = 215 sucessfully passed !
	Initialyzed swapped data for i = 121, j = 216 sucessfully passed !
	Initialyzed swapped data for i = 121, j = 217 sucessfully passed !
	Initialyzed swapped data for i = 121, j = 218 sucessfully passed !
	Initialyzed swapped data for i = 121, j = 219 sucessfully passed !
	Initialyzed swapped data for i = 121, j = 220 sucessfully passed !
	Initialyzed swapped data for i = 121, j = 221 sucessfully passed !
	Initialyzed swapped data for i = 121, j = 222 sucessfully passed !
	Initialyzed swapped data for i = 121, j = 223 sucessfully passed !
	Initialyzed swapped data for i = 121, j = 224 sucessfully passed !
	Initialyzed swapped data for i = 121, j = 225 sucessfully passed !
	Initialyzed swapped data for i = 121, j = 226 sucessfully passed !
	Initialyzed swapped data for i = 121, j = 227 sucessfully passed !
	Initialyzed swapped data for i = 121, j = 228 sucessfully passed !
	Initialyzed swapped data for i = 121, j = 229 sucessfully passed !
	Initialyzed swapped data for i = 121, j = 230 sucessfully passed !
	Initialyzed swapped data for i = 121, j = 231 sucessfully passed !
	Initialyzed swapped data for i = 121, j = 232 sucessfully passed !
	Initialyzed swapped data for i = 121, j = 233 sucessfully passed !
	Initialyzed swapped data for i = 121, j = 234 sucessfully passed !
	Initialyzed swapped data for i = 121, j = 235 sucessfully passed !
	Initialyzed swapped data for i = 121, j = 236 sucessfully passed !
	Initialyzed swapped data for i = 121, j = 237 sucessfully passed !
	Initialyzed swapped data for i = 121, j = 238 sucessfully passed !
	Initialyzed swapped data for i = 121, j = 239 sucessfully passed !
	Initialyzed swapped data for i = 121, j = 240 sucessfully passed !
	Initialyzed swapped data for i = 121, j = 241 sucessfully passed !
	Initialyzed swapped data for i = 121, j = 242 sucessfully passed !
	Initialyzed swapped data for i = 121, j = 243 sucessfully passed !
	Initialyzed swapped data for i = 121, j = 244 sucessfully passed !
	Initialyzed swapped data for i = 121, j = 245 sucessfully passed !
	Initialyzed swapped data for i = 121, j = 246 sucessfully passed !
	Initialyzed swapped data for i = 121, j = 247 sucessfully passed !
	Initialyzed swapped data for i = 121, j = 248 sucessfully passed !
	Initialyzed swapped data for i = 121, j = 249 sucessfully passed !
	Initialyzed swapped data for i = 121, j = 250 sucessfully passed !
	Initialyzed swapped data for i = 121, j = 251 sucessfully passed !
	Initialyzed swapped data for i = 121, j = 252 sucessfully passed !
	Initialyzed swapped data for i = 121, j = 253 sucessfully passed !
	Initialyzed swapped data for i = 121, j = 254 sucessfully passed !
	Initialyzed swapped data for i = 121, j = 255 sucessfully passed !
	Initialyzed swapped data for i = 121, j = 256 sucessfully passed !
	Initialyzed swapped data for i = 121, j = 257 sucessfully passed !
	Initialyzed swapped data for i = 121, j = 258 sucessfully passed !
	Initialyzed swapped data for i = 121, j = 259 sucessfully passed !
	Initialyzed swapped data for i = 121, j = 260 sucessfully passed !
	Initialyzed swapped data for i = 121, j = 261 sucessfully passed !
	Initialyzed swapped data for i = 121, j = 262 sucessfully passed !
	Initialyzed swapped data for i = 121, j = 263 sucessfully passed !
	Initialyzed swapped data for i = 121, j = 264 sucessfully passed !
	Initialyzed swapped data for i = 121, j = 265 sucessfully passed !
	Initialyzed swapped data for i = 121, j = 266 sucessfully passed !
	Initialyzed swapped data for i = 121, j = 267 sucessfully passed !
	Initialyzed swapped data for i = 121, j = 268 sucessfully passed !
	Initialyzed swapped data for i = 121, j = 269 sucessfully passed !
	Initialyzed swapped data for i = 121, j = 270 sucessfully passed !
	Initialyzed swapped data for i = 121, j = 271 sucessfully passed !
	Initialyzed swapped data for i = 121, j = 272 sucessfully passed !
	Initialyzed swapped data for i = 121, j = 273 sucessfully passed !
	Initialyzed swapped data for i = 121, j = 274 sucessfully passed !
	Initialyzed swapped data for i = 121, j = 275 sucessfully passed !
	Initialyzed swapped data for i = 121, j = 276 sucessfully passed !
	Initialyzed swapped data for i = 121, j = 277 sucessfully passed !
	Initialyzed swapped data for i = 121, j = 278 sucessfully passed !
	Initialyzed swapped data for i = 121, j = 279 sucessfully passed !
	Initialyzed swapped data for i = 121, j = 280 sucessfully passed !
	Initialyzed swapped data for i = 121, j = 281 sucessfully passed !
	Initialyzed swapped data for i = 121, j = 282 sucessfully passed !
	Initialyzed swapped data for i = 121, j = 283 sucessfully passed !
	Initialyzed swapped data for i = 121, j = 284 sucessfully passed !
	Initialyzed swapped data for i = 121, j = 285 sucessfully passed !
	Initialyzed swapped data for i = 121, j = 286 sucessfully passed !
	Initialyzed swapped data for i = 121, j = 287 sucessfully passed !
	Initialyzed swapped data for i = 121, j = 288 sucessfully passed !
	Initialyzed swapped data for i = 121, j = 289 sucessfully passed !
	Initialyzed swapped data for i = 121, j = 290 sucessfully passed !
	Initialyzed swapped data for i = 121, j = 291 sucessfully passed !
	Initialyzed swapped data for i = 121, j = 292 sucessfully passed !
	Initialyzed swapped data for i = 121, j = 293 sucessfully passed !
	Initialyzed swapped data for i = 121, j = 294 sucessfully passed !
	Initialyzed swapped data for i = 121, j = 295 sucessfully passed !
	Initialyzed swapped data for i = 121, j = 296 sucessfully passed !
	Initialyzed swapped data for i = 121, j = 297 sucessfully passed !
	Initialyzed swapped data for i = 121, j = 298 sucessfully passed !
	Initialyzed swapped data for i = 121, j = 299 sucessfully passed !
	Initialyzed swapped data for i = 121, j = 300 sucessfully passed !
	Initialyzed swapped data for i = 121, j = 301 sucessfully passed !
	Initialyzed swapped data for i = 121, j = 302 sucessfully passed !
	Initialyzed swapped data for i = 121, j = 303 sucessfully passed !
	Initialyzed swapped data for i = 121, j = 304 sucessfully passed !
	Initialyzed swapped data for i = 121, j = 305 sucessfully passed !
	Initialyzed swapped data for i = 121, j = 306 sucessfully passed !
	Initialyzed swapped data for i = 121, j = 307 sucessfully passed !
	Initialyzed swapped data for i = 121, j = 308 sucessfully passed !
	Initialyzed swapped data for i = 121, j = 309 sucessfully passed !
	Initialyzed swapped data for i = 121, j = 310 sucessfully passed !
	Initialyzed swapped data for i = 121, j = 311 sucessfully passed !
	Initialyzed swapped data for i = 121, j = 312 sucessfully passed !
	Initialyzed swapped data for i = 121, j = 313 sucessfully passed !
	Initialyzed swapped data for i = 121, j = 314 sucessfully passed !
	Initialyzed swapped data for i = 121, j = 315 sucessfully passed !
	Initialyzed swapped data for i = 121, j = 316 sucessfully passed !
	Initialyzed swapped data for i = 121, j = 317 sucessfully passed !
	Initialyzed swapped data for i = 121, j = 318 sucessfully passed !
	Initialyzed swapped data for i = 121, j = 319 sucessfully passed !
	Initialyzed swapped data for i = 121, j = 320 sucessfully passed !
	Initialyzed swapped data for i = 121, j = 321 sucessfully passed !
	Initialyzed swapped data for i = 121, j = 322 sucessfully passed !
	Initialyzed swapped data for i = 121, j = 323 sucessfully passed !
	Initialyzed swapped data for i = 121, j = 324 sucessfully passed !
	Initialyzed swapped data for i = 121, j = 325 sucessfully passed !
	Initialyzed swapped data for i = 121, j = 326 sucessfully passed !
	Initialyzed swapped data for i = 121, j = 327 sucessfully passed !
	Initialyzed swapped data for i = 121, j = 328 sucessfully passed !
	Initialyzed swapped data for i = 121, j = 329 sucessfully passed !
	Initialyzed swapped data for i = 121, j = 330 sucessfully passed !
	Initialyzed swapped data for i = 121, j = 331 sucessfully passed !
	Initialyzed swapped data for i = 121, j = 332 sucessfully passed !
	Initialyzed swapped data for i = 121, j = 333 sucessfully passed !
	Initialyzed swapped data for i = 121, j = 334 sucessfully passed !
	Initialyzed swapped data for i = 121, j = 335 sucessfully passed !
	Initialyzed swapped data for i = 121, j = 336 sucessfully passed !
	Initialyzed swapped data for i = 121, j = 337 sucessfully passed !
	Initialyzed swapped data for i = 121, j = 338 sucessfully passed !
	Initialyzed swapped data for i = 121, j = 339 sucessfully passed !
	Initialyzed swapped data for i = 121, j = 340 sucessfully passed !
	Initialyzed swapped data for i = 121, j = 341 sucessfully passed !
	Initialyzed swapped data for i = 121, j = 342 sucessfully passed !
	Initialyzed swapped data for i = 121, j = 343 sucessfully passed !
	Initialyzed swapped data for i = 121, j = 344 sucessfully passed !
	Initialyzed swapped data for i = 121, j = 345 sucessfully passed !
	Initialyzed swapped data for i = 121, j = 346 sucessfully passed !
	Initialyzed swapped data for i = 121, j = 347 sucessfully passed !
	Initialyzed swapped data for i = 121, j = 348 sucessfully passed !
	Initialyzed swapped data for i = 121, j = 349 sucessfully passed !
	Initialyzed swapped data for i = 121, j = 350 sucessfully passed !
	Initialyzed swapped data for i = 121, j = 351 sucessfully passed !
	Initialyzed swapped data for i = 121, j = 352 sucessfully passed !
	Initialyzed swapped data for i = 121, j = 353 sucessfully passed !
	Initialyzed swapped data for i = 121, j = 354 sucessfully passed !
	Initialyzed swapped data for i = 121, j = 355 sucessfully passed !
	Initialyzed swapped data for i = 121, j = 356 sucessfully passed !
	Initialyzed swapped data for i = 121, j = 357 sucessfully passed !
	Initialyzed swapped data for i = 121, j = 358 sucessfully passed !
	Initialyzed swapped data for i = 121, j = 359 sucessfully passed !
	Initialyzed swapped data for i = 121, j = 360 sucessfully passed !
	Initialyzed swapped data for i = 121, j = 361 sucessfully passed !
	Initialyzed swapped data for i = 121, j = 362 sucessfully passed !
	Initialyzed swapped data for i = 121, j = 363 sucessfully passed !
	Initialyzed swapped data for i = 121, j = 364 sucessfully passed !
	Initialyzed swapped data for i = 121, j = 365 sucessfully passed !
	Initialyzed swapped data for i = 121, j = 366 sucessfully passed !
	Initialyzed swapped data for i = 121, j = 367 sucessfully passed !
	Initialyzed swapped data for i = 121, j = 368 sucessfully passed !
	Initialyzed swapped data for i = 121, j = 369 sucessfully passed !
	Initialyzed swapped data for i = 121, j = 370 sucessfully passed !
	Initialyzed swapped data for i = 121, j = 371 sucessfully passed !
	Initialyzed swapped data for i = 121, j = 372 sucessfully passed !
	Initialyzed swapped data for i = 121, j = 373 sucessfully passed !
	Initialyzed swapped data for i = 121, j = 374 sucessfully passed !
	Initialyzed swapped data for i = 121, j = 375 sucessfully passed !
	Initialyzed swapped data for i = 121, j = 376 sucessfully passed !
	Initialyzed swapped data for i = 121, j = 377 sucessfully passed !
	Initialyzed swapped data for i = 121, j = 378 sucessfully passed !
	Initialyzed swapped data for i = 121, j = 379 sucessfully passed !
	Initialyzed swapped data for i = 121, j = 380 sucessfully passed !
	Initialyzed swapped data for i = 121, j = 381 sucessfully passed !
	Initialyzed swapped data for i = 121, j = 382 sucessfully passed !
	Initialyzed swapped data for i = 121, j = 383 sucessfully passed !
	Initialyzed swapped data for i = 121, j = 384 sucessfully passed !
	Initialyzed swapped data for i = 121, j = 385 sucessfully passed !
	Initialyzed swapped data for i = 121, j = 386 sucessfully passed !
	Initialyzed swapped data for i = 121, j = 387 sucessfully passed !
	Initialyzed swapped data for i = 121, j = 388 sucessfully passed !
	Initialyzed swapped data for i = 121, j = 389 sucessfully passed !
	Initialyzed swapped data for i = 121, j = 390 sucessfully passed !
	Initialyzed swapped data for i = 121, j = 391 sucessfully passed !
	Initialyzed swapped data for i = 121, j = 392 sucessfully passed !
	Initialyzed swapped data for i = 121, j = 393 sucessfully passed !
	Initialyzed swapped data for i = 121, j = 394 sucessfully passed !
	Initialyzed swapped data for i = 121, j = 395 sucessfully passed !
	Initialyzed swapped data for i = 121, j = 396 sucessfully passed !
	Initialyzed swapped data for i = 121, j = 397 sucessfully passed !
	Initialyzed swapped data for i = 121, j = 398 sucessfully passed !
	Initialyzed swapped data for i = 121, j = 399 sucessfully passed !
	Initialyzed swapped data for i = 121, j = 400 sucessfully passed !
	Initialyzed swapped data for i = 121, j = 401 sucessfully passed !
	Initialyzed swapped data for i = 121, j = 402 sucessfully passed !
	Initialyzed swapped data for i = 121, j = 403 sucessfully passed !
	Initialyzed swapped data for i = 121, j = 404 sucessfully passed !
	Initialyzed swapped data for i = 121, j = 405 sucessfully passed !
	Initialyzed swapped data for i = 121, j = 406 sucessfully passed !
	Initialyzed swapped data for i = 121, j = 407 sucessfully passed !
	Initialyzed swapped data for i = 121, j = 408 sucessfully passed !
	Initialyzed swapped data for i = 121, j = 409 sucessfully passed !
	Initialyzed swapped data for i = 121, j = 410 sucessfully passed !
	Initialyzed swapped data for i = 121, j = 411 sucessfully passed !
	Initialyzed swapped data for i = 121, j = 412 sucessfully passed !
	Initialyzed swapped data for i = 121, j = 413 sucessfully passed !
	Initialyzed swapped data for i = 121, j = 414 sucessfully passed !
	Initialyzed swapped data for i = 121, j = 415 sucessfully passed !
	Initialyzed swapped data for i = 121, j = 416 sucessfully passed !
	Initialyzed swapped data for i = 121, j = 417 sucessfully passed !
	Initialyzed swapped data for i = 121, j = 418 sucessfully passed !
	Initialyzed swapped data for i = 121, j = 419 sucessfully passed !
	Initialyzed swapped data for i = 121, j = 420 sucessfully passed !
	Initialyzed swapped data for i = 121, j = 421 sucessfully passed !
	Initialyzed swapped data for i = 121, j = 422 sucessfully passed !
	Initialyzed swapped data for i = 121, j = 423 sucessfully passed !
	Initialyzed swapped data for i = 121, j = 424 sucessfully passed !
	Initialyzed swapped data for i = 121, j = 425 sucessfully passed !
	Initialyzed swapped data for i = 121, j = 426 sucessfully passed !
	Initialyzed swapped data for i = 121, j = 427 sucessfully passed !
	Initialyzed swapped data for i = 121, j = 428 sucessfully passed !
	Initialyzed swapped data for i = 121, j = 429 sucessfully passed !
	Initialyzed swapped data for i = 121, j = 430 sucessfully passed !
	Initialyzed swapped data for i = 121, j = 431 sucessfully passed !
	Initialyzed swapped data for i = 121, j = 432 sucessfully passed !
	Initialyzed swapped data for i = 121, j = 433 sucessfully passed !
	Initialyzed swapped data for i = 122, j = 123 sucessfully passed !
	Initialyzed swapped data for i = 122, j = 124 sucessfully passed !
	Initialyzed swapped data for i = 122, j = 125 sucessfully passed !
	Initialyzed swapped data for i = 122, j = 126 sucessfully passed !
	Initialyzed swapped data for i = 122, j = 127 sucessfully passed !
	Initialyzed swapped data for i = 122, j = 128 sucessfully passed !
	Initialyzed swapped data for i = 122, j = 129 sucessfully passed !
	Initialyzed swapped data for i = 122, j = 130 sucessfully passed !
	Initialyzed swapped data for i = 122, j = 131 sucessfully passed !
	Initialyzed swapped data for i = 122, j = 132 sucessfully passed !
	Initialyzed swapped data for i = 122, j = 133 sucessfully passed !
	Initialyzed swapped data for i = 122, j = 134 sucessfully passed !
	Initialyzed swapped data for i = 122, j = 135 sucessfully passed !
	Initialyzed swapped data for i = 122, j = 136 sucessfully passed !
	Initialyzed swapped data for i = 122, j = 137 sucessfully passed !
	Initialyzed swapped data for i = 122, j = 138 sucessfully passed !
	Initialyzed swapped data for i = 122, j = 139 sucessfully passed !
	Initialyzed swapped data for i = 122, j = 140 sucessfully passed !
	Initialyzed swapped data for i = 122, j = 141 sucessfully passed !
	Initialyzed swapped data for i = 122, j = 142 sucessfully passed !
	Initialyzed swapped data for i = 122, j = 143 sucessfully passed !
	Initialyzed swapped data for i = 122, j = 144 sucessfully passed !
	Initialyzed swapped data for i = 122, j = 145 sucessfully passed !
	Initialyzed swapped data for i = 122, j = 146 sucessfully passed !
	Initialyzed swapped data for i = 122, j = 147 sucessfully passed !
	Initialyzed swapped data for i = 122, j = 148 sucessfully passed !
	Initialyzed swapped data for i = 122, j = 149 sucessfully passed !
	Initialyzed swapped data for i = 122, j = 150 sucessfully passed !
	Initialyzed swapped data for i = 122, j = 151 sucessfully passed !
	Initialyzed swapped data for i = 122, j = 152 sucessfully passed !
	Initialyzed swapped data for i = 122, j = 153 sucessfully passed !
	Initialyzed swapped data for i = 122, j = 154 sucessfully passed !
	Initialyzed swapped data for i = 122, j = 155 sucessfully passed !
	Initialyzed swapped data for i = 122, j = 156 sucessfully passed !
	Initialyzed swapped data for i = 122, j = 157 sucessfully passed !
	Initialyzed swapped data for i = 122, j = 158 sucessfully passed !
	Initialyzed swapped data for i = 122, j = 159 sucessfully passed !
	Initialyzed swapped data for i = 122, j = 160 sucessfully passed !
	Initialyzed swapped data for i = 122, j = 161 sucessfully passed !
	Initialyzed swapped data for i = 122, j = 162 sucessfully passed !
	Initialyzed swapped data for i = 122, j = 163 sucessfully passed !
	Initialyzed swapped data for i = 122, j = 164 sucessfully passed !
	Initialyzed swapped data for i = 122, j = 165 sucessfully passed !
	Initialyzed swapped data for i = 122, j = 166 sucessfully passed !
	Initialyzed swapped data for i = 122, j = 167 sucessfully passed !
	Initialyzed swapped data for i = 122, j = 168 sucessfully passed !
	Initialyzed swapped data for i = 122, j = 169 sucessfully passed !
	Initialyzed swapped data for i = 122, j = 170 sucessfully passed !
	Initialyzed swapped data for i = 122, j = 171 sucessfully passed !
	Initialyzed swapped data for i = 122, j = 172 sucessfully passed !
	Initialyzed swapped data for i = 122, j = 173 sucessfully passed !
	Initialyzed swapped data for i = 122, j = 174 sucessfully passed !
	Initialyzed swapped data for i = 122, j = 175 sucessfully passed !
	Initialyzed swapped data for i = 122, j = 176 sucessfully passed !
	Initialyzed swapped data for i = 122, j = 177 sucessfully passed !
	Initialyzed swapped data for i = 122, j = 178 sucessfully passed !
	Initialyzed swapped data for i = 122, j = 179 sucessfully passed !
	Initialyzed swapped data for i = 122, j = 180 sucessfully passed !
	Initialyzed swapped data for i = 122, j = 181 sucessfully passed !
	Initialyzed swapped data for i = 122, j = 182 sucessfully passed !
	Initialyzed swapped data for i = 122, j = 183 sucessfully passed !
	Initialyzed swapped data for i = 122, j = 184 sucessfully passed !
	Initialyzed swapped data for i = 122, j = 185 sucessfully passed !
	Initialyzed swapped data for i = 122, j = 186 sucessfully passed !
	Initialyzed swapped data for i = 122, j = 187 sucessfully passed !
	Initialyzed swapped data for i = 122, j = 188 sucessfully passed !
	Initialyzed swapped data for i = 122, j = 189 sucessfully passed !
	Initialyzed swapped data for i = 122, j = 190 sucessfully passed !
	Initialyzed swapped data for i = 122, j = 191 sucessfully passed !
	Initialyzed swapped data for i = 122, j = 192 sucessfully passed !
	Initialyzed swapped data for i = 122, j = 193 sucessfully passed !
	Initialyzed swapped data for i = 122, j = 194 sucessfully passed !
	Initialyzed swapped data for i = 122, j = 195 sucessfully passed !
	Initialyzed swapped data for i = 122, j = 196 sucessfully passed !
	Initialyzed swapped data for i = 122, j = 197 sucessfully passed !
	Initialyzed swapped data for i = 122, j = 198 sucessfully passed !
	Initialyzed swapped data for i = 122, j = 199 sucessfully passed !
	Initialyzed swapped data for i = 122, j = 200 sucessfully passed !
	Initialyzed swapped data for i = 122, j = 201 sucessfully passed !
	Initialyzed swapped data for i = 122, j = 202 sucessfully passed !
	Initialyzed swapped data for i = 122, j = 203 sucessfully passed !
	Initialyzed swapped data for i = 122, j = 204 sucessfully passed !
	Initialyzed swapped data for i = 122, j = 205 sucessfully passed !
	Initialyzed swapped data for i = 122, j = 206 sucessfully passed !
	Initialyzed swapped data for i = 122, j = 207 sucessfully passed !
	Initialyzed swapped data for i = 122, j = 208 sucessfully passed !
	Initialyzed swapped data for i = 122, j = 209 sucessfully passed !
	Initialyzed swapped data for i = 122, j = 210 sucessfully passed !
	Initialyzed swapped data for i = 122, j = 211 sucessfully passed !
	Initialyzed swapped data for i = 122, j = 212 sucessfully passed !
	Initialyzed swapped data for i = 122, j = 213 sucessfully passed !
	Initialyzed swapped data for i = 122, j = 214 sucessfully passed !
	Initialyzed swapped data for i = 122, j = 215 sucessfully passed !
	Initialyzed swapped data for i = 122, j = 216 sucessfully passed !
	Initialyzed swapped data for i = 122, j = 217 sucessfully passed !
	Initialyzed swapped data for i = 122, j = 218 sucessfully passed !
	Initialyzed swapped data for i = 122, j = 219 sucessfully passed !
	Initialyzed swapped data for i = 122, j = 220 sucessfully passed !
	Initialyzed swapped data for i = 122, j = 221 sucessfully passed !
	Initialyzed swapped data for i = 122, j = 222 sucessfully passed !
	Initialyzed swapped data for i = 122, j = 223 sucessfully passed !
	Initialyzed swapped data for i = 122, j = 224 sucessfully passed !
	Initialyzed swapped data for i = 122, j = 225 sucessfully passed !
	Initialyzed swapped data for i = 122, j = 226 sucessfully passed !
	Initialyzed swapped data for i = 122, j = 227 sucessfully passed !
	Initialyzed swapped data for i = 122, j = 228 sucessfully passed !
	Initialyzed swapped data for i = 122, j = 229 sucessfully passed !
	Initialyzed swapped data for i = 122, j = 230 sucessfully passed !
	Initialyzed swapped data for i = 122, j = 231 sucessfully passed !
	Initialyzed swapped data for i = 122, j = 232 sucessfully passed !
	Initialyzed swapped data for i = 122, j = 233 sucessfully passed !
	Initialyzed swapped data for i = 122, j = 234 sucessfully passed !
	Initialyzed swapped data for i = 122, j = 235 sucessfully passed !
	Initialyzed swapped data for i = 122, j = 236 sucessfully passed !
	Initialyzed swapped data for i = 122, j = 237 sucessfully passed !
	Initialyzed swapped data for i = 122, j = 238 sucessfully passed !
	Initialyzed swapped data for i = 122, j = 239 sucessfully passed !
	Initialyzed swapped data for i = 122, j = 240 sucessfully passed !
	Initialyzed swapped data for i = 122, j = 241 sucessfully passed !
	Initialyzed swapped data for i = 122, j = 242 sucessfully passed !
	Initialyzed swapped data for i = 122, j = 243 sucessfully passed !
	Initialyzed swapped data for i = 122, j = 244 sucessfully passed !
	Initialyzed swapped data for i = 122, j = 245 sucessfully passed !
	Initialyzed swapped data for i = 122, j = 246 sucessfully passed !
	Initialyzed swapped data for i = 122, j = 247 sucessfully passed !
	Initialyzed swapped data for i = 122, j = 248 sucessfully passed !
	Initialyzed swapped data for i = 122, j = 249 sucessfully passed !
	Initialyzed swapped data for i = 122, j = 250 sucessfully passed !
	Initialyzed swapped data for i = 122, j = 251 sucessfully passed !
	Initialyzed swapped data for i = 122, j = 252 sucessfully passed !
	Initialyzed swapped data for i = 122, j = 253 sucessfully passed !
	Initialyzed swapped data for i = 122, j = 254 sucessfully passed !
	Initialyzed swapped data for i = 122, j = 255 sucessfully passed !
	Initialyzed swapped data for i = 122, j = 256 sucessfully passed !
	Initialyzed swapped data for i = 122, j = 257 sucessfully passed !
	Initialyzed swapped data for i = 122, j = 258 sucessfully passed !
	Initialyzed swapped data for i = 122, j = 259 sucessfully passed !
	Initialyzed swapped data for i = 122, j = 260 sucessfully passed !
	Initialyzed swapped data for i = 122, j = 261 sucessfully passed !
	Initialyzed swapped data for i = 122, j = 262 sucessfully passed !
	Initialyzed swapped data for i = 122, j = 263 sucessfully passed !
	Initialyzed swapped data for i = 122, j = 264 sucessfully passed !
	Initialyzed swapped data for i = 122, j = 265 sucessfully passed !
	Initialyzed swapped data for i = 122, j = 266 sucessfully passed !
	Initialyzed swapped data for i = 122, j = 267 sucessfully passed !
	Initialyzed swapped data for i = 122, j = 268 sucessfully passed !
	Initialyzed swapped data for i = 122, j = 269 sucessfully passed !
	Initialyzed swapped data for i = 122, j = 270 sucessfully passed !
	Initialyzed swapped data for i = 122, j = 271 sucessfully passed !
	Initialyzed swapped data for i = 122, j = 272 sucessfully passed !
	Initialyzed swapped data for i = 122, j = 273 sucessfully passed !
	Initialyzed swapped data for i = 122, j = 274 sucessfully passed !
	Initialyzed swapped data for i = 122, j = 275 sucessfully passed !
	Initialyzed swapped data for i = 122, j = 276 sucessfully passed !
	Initialyzed swapped data for i = 122, j = 277 sucessfully passed !
	Initialyzed swapped data for i = 122, j = 278 sucessfully passed !
	Initialyzed swapped data for i = 122, j = 279 sucessfully passed !
	Initialyzed swapped data for i = 122, j = 280 sucessfully passed !
	Initialyzed swapped data for i = 122, j = 281 sucessfully passed !
	Initialyzed swapped data for i = 122, j = 282 sucessfully passed !
	Initialyzed swapped data for i = 122, j = 283 sucessfully passed !
	Initialyzed swapped data for i = 122, j = 284 sucessfully passed !
	Initialyzed swapped data for i = 122, j = 285 sucessfully passed !
	Initialyzed swapped data for i = 122, j = 286 sucessfully passed !
	Initialyzed swapped data for i = 122, j = 287 sucessfully passed !
	Initialyzed swapped data for i = 122, j = 288 sucessfully passed !
	Initialyzed swapped data for i = 122, j = 289 sucessfully passed !
	Initialyzed swapped data for i = 122, j = 290 sucessfully passed !
	Initialyzed swapped data for i = 122, j = 291 sucessfully passed !
	Initialyzed swapped data for i = 122, j = 292 sucessfully passed !
	Initialyzed swapped data for i = 122, j = 293 sucessfully passed !
	Initialyzed swapped data for i = 122, j = 294 sucessfully passed !
	Initialyzed swapped data for i = 122, j = 295 sucessfully passed !
	Initialyzed swapped data for i = 122, j = 296 sucessfully passed !
	Initialyzed swapped data for i = 122, j = 297 sucessfully passed !
	Initialyzed swapped data for i = 122, j = 298 sucessfully passed !
	Initialyzed swapped data for i = 122, j = 299 sucessfully passed !
	Initialyzed swapped data for i = 122, j = 300 sucessfully passed !
	Initialyzed swapped data for i = 122, j = 301 sucessfully passed !
	Initialyzed swapped data for i = 122, j = 302 sucessfully passed !
	Initialyzed swapped data for i = 122, j = 303 sucessfully passed !
	Initialyzed swapped data for i = 122, j = 304 sucessfully passed !
	Initialyzed swapped data for i = 122, j = 305 sucessfully passed !
	Initialyzed swapped data for i = 122, j = 306 sucessfully passed !
	Initialyzed swapped data for i = 122, j = 307 sucessfully passed !
	Initialyzed swapped data for i = 122, j = 308 sucessfully passed !
	Initialyzed swapped data for i = 122, j = 309 sucessfully passed !
	Initialyzed swapped data for i = 122, j = 310 sucessfully passed !
	Initialyzed swapped data for i = 122, j = 311 sucessfully passed !
	Initialyzed swapped data for i = 122, j = 312 sucessfully passed !
	Initialyzed swapped data for i = 122, j = 313 sucessfully passed !
	Initialyzed swapped data for i = 122, j = 314 sucessfully passed !
	Initialyzed swapped data for i = 122, j = 315 sucessfully passed !
	Initialyzed swapped data for i = 122, j = 316 sucessfully passed !
	Initialyzed swapped data for i = 122, j = 317 sucessfully passed !
	Initialyzed swapped data for i = 122, j = 318 sucessfully passed !
	Initialyzed swapped data for i = 122, j = 319 sucessfully passed !
	Initialyzed swapped data for i = 122, j = 320 sucessfully passed !
	Initialyzed swapped data for i = 122, j = 321 sucessfully passed !
	Initialyzed swapped data for i = 122, j = 322 sucessfully passed !
	Initialyzed swapped data for i = 122, j = 323 sucessfully passed !
	Initialyzed swapped data for i = 122, j = 324 sucessfully passed !
	Initialyzed swapped data for i = 122, j = 325 sucessfully passed !
	Initialyzed swapped data for i = 122, j = 326 sucessfully passed !
	Initialyzed swapped data for i = 122, j = 327 sucessfully passed !
	Initialyzed swapped data for i = 122, j = 328 sucessfully passed !
	Initialyzed swapped data for i = 122, j = 329 sucessfully passed !
	Initialyzed swapped data for i = 122, j = 330 sucessfully passed !
	Initialyzed swapped data for i = 122, j = 331 sucessfully passed !
	Initialyzed swapped data for i = 122, j = 332 sucessfully passed !
	Initialyzed swapped data for i = 122, j = 333 sucessfully passed !
	Initialyzed swapped data for i = 122, j = 334 sucessfully passed !
	Initialyzed swapped data for i = 122, j = 335 sucessfully passed !
	Initialyzed swapped data for i = 122, j = 336 sucessfully passed !
	Initialyzed swapped data for i = 122, j = 337 sucessfully passed !
	Initialyzed swapped data for i = 122, j = 338 sucessfully passed !
	Initialyzed swapped data for i = 122, j = 339 sucessfully passed !
	Initialyzed swapped data for i = 122, j = 340 sucessfully passed !
	Initialyzed swapped data for i = 122, j = 341 sucessfully passed !
	Initialyzed swapped data for i = 122, j = 342 sucessfully passed !
	Initialyzed swapped data for i = 122, j = 343 sucessfully passed !
	Initialyzed swapped data for i = 122, j = 344 sucessfully passed !
	Initialyzed swapped data for i = 122, j = 345 sucessfully passed !
	Initialyzed swapped data for i = 122, j = 346 sucessfully passed !
	Initialyzed swapped data for i = 122, j = 347 sucessfully passed !
	Initialyzed swapped data for i = 122, j = 348 sucessfully passed !
	Initialyzed swapped data for i = 122, j = 349 sucessfully passed !
	Initialyzed swapped data for i = 122, j = 350 sucessfully passed !
	Initialyzed swapped data for i = 122, j = 351 sucessfully passed !
	Initialyzed swapped data for i = 122, j = 352 sucessfully passed !
	Initialyzed swapped data for i = 122, j = 353 sucessfully passed !
	Initialyzed swapped data for i = 122, j = 354 sucessfully passed !
	Initialyzed swapped data for i = 122, j = 355 sucessfully passed !
	Initialyzed swapped data for i = 122, j = 356 sucessfully passed !
	Initialyzed swapped data for i = 122, j = 357 sucessfully passed !
	Initialyzed swapped data for i = 122, j = 358 sucessfully passed !
	Initialyzed swapped data for i = 122, j = 359 sucessfully passed !
	Initialyzed swapped data for i = 122, j = 360 sucessfully passed !
	Initialyzed swapped data for i = 122, j = 361 sucessfully passed !
	Initialyzed swapped data for i = 122, j = 362 sucessfully passed !
	Initialyzed swapped data for i = 122, j = 363 sucessfully passed !
	Initialyzed swapped data for i = 122, j = 364 sucessfully passed !
	Initialyzed swapped data for i = 122, j = 365 sucessfully passed !
	Initialyzed swapped data for i = 122, j = 366 sucessfully passed !
	Initialyzed swapped data for i = 122, j = 367 sucessfully passed !
	Initialyzed swapped data for i = 122, j = 368 sucessfully passed !
	Initialyzed swapped data for i = 122, j = 369 sucessfully passed !
	Initialyzed swapped data for i = 122, j = 370 sucessfully passed !
	Initialyzed swapped data for i = 122, j = 371 sucessfully passed !
	Initialyzed swapped data for i = 122, j = 372 sucessfully passed !
	Initialyzed swapped data for i = 122, j = 373 sucessfully passed !
	Initialyzed swapped data for i = 122, j = 374 sucessfully passed !
	Initialyzed swapped data for i = 122, j = 375 sucessfully passed !
	Initialyzed swapped data for i = 122, j = 376 sucessfully passed !
	Initialyzed swapped data for i = 122, j = 377 sucessfully passed !
	Initialyzed swapped data for i = 122, j = 378 sucessfully passed !
	Initialyzed swapped data for i = 122, j = 379 sucessfully passed !
	Initialyzed swapped data for i = 122, j = 380 sucessfully passed !
	Initialyzed swapped data for i = 122, j = 381 sucessfully passed !
	Initialyzed swapped data for i = 122, j = 382 sucessfully passed !
	Initialyzed swapped data for i = 122, j = 383 sucessfully passed !
	Initialyzed swapped data for i = 122, j = 384 sucessfully passed !
	Initialyzed swapped data for i = 122, j = 385 sucessfully passed !
	Initialyzed swapped data for i = 122, j = 386 sucessfully passed !
	Initialyzed swapped data for i = 122, j = 387 sucessfully passed !
	Initialyzed swapped data for i = 122, j = 388 sucessfully passed !
	Initialyzed swapped data for i = 122, j = 389 sucessfully passed !
	Initialyzed swapped data for i = 122, j = 390 sucessfully passed !
	Initialyzed swapped data for i = 122, j = 391 sucessfully passed !
	Initialyzed swapped data for i = 122, j = 392 sucessfully passed !
	Initialyzed swapped data for i = 122, j = 393 sucessfully passed !
	Initialyzed swapped data for i = 122, j = 394 sucessfully passed !
	Initialyzed swapped data for i = 122, j = 395 sucessfully passed !
	Initialyzed swapped data for i = 122, j = 396 sucessfully passed !
	Initialyzed swapped data for i = 122, j = 397 sucessfully passed !
	Initialyzed swapped data for i = 122, j = 398 sucessfully passed !
	Initialyzed swapped data for i = 122, j = 399 sucessfully passed !
	Initialyzed swapped data for i = 122, j = 400 sucessfully passed !
	Initialyzed swapped data for i = 122, j = 401 sucessfully passed !
	Initialyzed swapped data for i = 122, j = 402 sucessfully passed !
	Initialyzed swapped data for i = 122, j = 403 sucessfully passed !
	Initialyzed swapped data for i = 122, j = 404 sucessfully passed !
	Initialyzed swapped data for i = 122, j = 405 sucessfully passed !
	Initialyzed swapped data for i = 122, j = 406 sucessfully passed !
	Initialyzed swapped data for i = 122, j = 407 sucessfully passed !
	Initialyzed swapped data for i = 122, j = 408 sucessfully passed !
	Initialyzed swapped data for i = 122, j = 409 sucessfully passed !
	Initialyzed swapped data for i = 122, j = 410 sucessfully passed !
	Initialyzed swapped data for i = 122, j = 411 sucessfully passed !
	Initialyzed swapped data for i = 122, j = 412 sucessfully passed !
	Initialyzed swapped data for i = 122, j = 413 sucessfully passed !
	Initialyzed swapped data for i = 122, j = 414 sucessfully passed !
	Initialyzed swapped data for i = 122, j = 415 sucessfully passed !
	Initialyzed swapped data for i = 122, j = 416 sucessfully passed !
	Initialyzed swapped data for i = 122, j = 417 sucessfully passed !
	Initialyzed swapped data for i = 122, j = 418 sucessfully passed !
	Initialyzed swapped data for i = 122, j = 419 sucessfully passed !
	Initialyzed swapped data for i = 122, j = 420 sucessfully passed !
	Initialyzed swapped data for i = 122, j = 421 sucessfully passed !
	Initialyzed swapped data for i = 122, j = 422 sucessfully passed !
	Initialyzed swapped data for i = 122, j = 423 sucessfully passed !
	Initialyzed swapped data for i = 122, j = 424 sucessfully passed !
	Initialyzed swapped data for i = 122, j = 425 sucessfully passed !
	Initialyzed swapped data for i = 122, j = 426 sucessfully passed !
	Initialyzed swapped data for i = 122, j = 427 sucessfully passed !
	Initialyzed swapped data for i = 122, j = 428 sucessfully passed !
	Initialyzed swapped data for i = 122, j = 429 sucessfully passed !
	Initialyzed swapped data for i = 122, j = 430 sucessfully passed !
	Initialyzed swapped data for i = 122, j = 431 sucessfully passed !
	Initialyzed swapped data for i = 122, j = 432 sucessfully passed !
	Initialyzed swapped data for i = 122, j = 433 sucessfully passed !
	Initialyzed swapped data for i = 123, j = 124 sucessfully passed !
	Initialyzed swapped data for i = 123, j = 125 sucessfully passed !
	Initialyzed swapped data for i = 123, j = 126 sucessfully passed !
	Initialyzed swapped data for i = 123, j = 127 sucessfully passed !
	Initialyzed swapped data for i = 123, j = 128 sucessfully passed !
	Initialyzed swapped data for i = 123, j = 129 sucessfully passed !
	Initialyzed swapped data for i = 123, j = 130 sucessfully passed !
	Initialyzed swapped data for i = 123, j = 131 sucessfully passed !
	Initialyzed swapped data for i = 123, j = 132 sucessfully passed !
	Initialyzed swapped data for i = 123, j = 133 sucessfully passed !
	Initialyzed swapped data for i = 123, j = 134 sucessfully passed !
	Initialyzed swapped data for i = 123, j = 135 sucessfully passed !
	Initialyzed swapped data for i = 123, j = 136 sucessfully passed !
	Initialyzed swapped data for i = 123, j = 137 sucessfully passed !
	Initialyzed swapped data for i = 123, j = 138 sucessfully passed !
	Initialyzed swapped data for i = 123, j = 139 sucessfully passed !
	Initialyzed swapped data for i = 123, j = 140 sucessfully passed !
	Initialyzed swapped data for i = 123, j = 141 sucessfully passed !
	Initialyzed swapped data for i = 123, j = 142 sucessfully passed !
	Initialyzed swapped data for i = 123, j = 143 sucessfully passed !
	Initialyzed swapped data for i = 123, j = 144 sucessfully passed !
	Initialyzed swapped data for i = 123, j = 145 sucessfully passed !
	Initialyzed swapped data for i = 123, j = 146 sucessfully passed !
	Initialyzed swapped data for i = 123, j = 147 sucessfully passed !
	Initialyzed swapped data for i = 123, j = 148 sucessfully passed !
	Initialyzed swapped data for i = 123, j = 149 sucessfully passed !
	Initialyzed swapped data for i = 123, j = 150 sucessfully passed !
	Initialyzed swapped data for i = 123, j = 151 sucessfully passed !
	Initialyzed swapped data for i = 123, j = 152 sucessfully passed !
	Initialyzed swapped data for i = 123, j = 153 sucessfully passed !
	Initialyzed swapped data for i = 123, j = 154 sucessfully passed !
	Initialyzed swapped data for i = 123, j = 155 sucessfully passed !
	Initialyzed swapped data for i = 123, j = 156 sucessfully passed !
	Initialyzed swapped data for i = 123, j = 157 sucessfully passed !
	Initialyzed swapped data for i = 123, j = 158 sucessfully passed !
	Initialyzed swapped data for i = 123, j = 159 sucessfully passed !
	Initialyzed swapped data for i = 123, j = 160 sucessfully passed !
	Initialyzed swapped data for i = 123, j = 161 sucessfully passed !
	Initialyzed swapped data for i = 123, j = 162 sucessfully passed !
	Initialyzed swapped data for i = 123, j = 163 sucessfully passed !
	Initialyzed swapped data for i = 123, j = 164 sucessfully passed !
	Initialyzed swapped data for i = 123, j = 165 sucessfully passed !
	Initialyzed swapped data for i = 123, j = 166 sucessfully passed !
	Initialyzed swapped data for i = 123, j = 167 sucessfully passed !
	Initialyzed swapped data for i = 123, j = 168 sucessfully passed !
	Initialyzed swapped data for i = 123, j = 169 sucessfully passed !
	Initialyzed swapped data for i = 123, j = 170 sucessfully passed !
	Initialyzed swapped data for i = 123, j = 171 sucessfully passed !
	Initialyzed swapped data for i = 123, j = 172 sucessfully passed !
	Initialyzed swapped data for i = 123, j = 173 sucessfully passed !
	Initialyzed swapped data for i = 123, j = 174 sucessfully passed !
	Initialyzed swapped data for i = 123, j = 175 sucessfully passed !
	Initialyzed swapped data for i = 123, j = 176 sucessfully passed !
	Initialyzed swapped data for i = 123, j = 177 sucessfully passed !
	Initialyzed swapped data for i = 123, j = 178 sucessfully passed !
	Initialyzed swapped data for i = 123, j = 179 sucessfully passed !
	Initialyzed swapped data for i = 123, j = 180 sucessfully passed !
	Initialyzed swapped data for i = 123, j = 181 sucessfully passed !
	Initialyzed swapped data for i = 123, j = 182 sucessfully passed !
	Initialyzed swapped data for i = 123, j = 183 sucessfully passed !
	Initialyzed swapped data for i = 123, j = 184 sucessfully passed !
	Initialyzed swapped data for i = 123, j = 185 sucessfully passed !
	Initialyzed swapped data for i = 123, j = 186 sucessfully passed !
	Initialyzed swapped data for i = 123, j = 187 sucessfully passed !
	Initialyzed swapped data for i = 123, j = 188 sucessfully passed !
	Initialyzed swapped data for i = 123, j = 189 sucessfully passed !
	Initialyzed swapped data for i = 123, j = 190 sucessfully passed !
	Initialyzed swapped data for i = 123, j = 191 sucessfully passed !
	Initialyzed swapped data for i = 123, j = 192 sucessfully passed !
	Initialyzed swapped data for i = 123, j = 193 sucessfully passed !
	Initialyzed swapped data for i = 123, j = 194 sucessfully passed !
	Initialyzed swapped data for i = 123, j = 195 sucessfully passed !
	Initialyzed swapped data for i = 123, j = 196 sucessfully passed !
	Initialyzed swapped data for i = 123, j = 197 sucessfully passed !
	Initialyzed swapped data for i = 123, j = 198 sucessfully passed !
	Initialyzed swapped data for i = 123, j = 199 sucessfully passed !
	Initialyzed swapped data for i = 123, j = 200 sucessfully passed !
	Initialyzed swapped data for i = 123, j = 201 sucessfully passed !
	Initialyzed swapped data for i = 123, j = 202 sucessfully passed !
	Initialyzed swapped data for i = 123, j = 203 sucessfully passed !
	Initialyzed swapped data for i = 123, j = 204 sucessfully passed !
	Initialyzed swapped data for i = 123, j = 205 sucessfully passed !
	Initialyzed swapped data for i = 123, j = 206 sucessfully passed !
	Initialyzed swapped data for i = 123, j = 207 sucessfully passed !
	Initialyzed swapped data for i = 123, j = 208 sucessfully passed !
	Initialyzed swapped data for i = 123, j = 209 sucessfully passed !
	Initialyzed swapped data for i = 123, j = 210 sucessfully passed !
	Initialyzed swapped data for i = 123, j = 211 sucessfully passed !
	Initialyzed swapped data for i = 123, j = 212 sucessfully passed !
	Initialyzed swapped data for i = 123, j = 213 sucessfully passed !
	Initialyzed swapped data for i = 123, j = 214 sucessfully passed !
	Initialyzed swapped data for i = 123, j = 215 sucessfully passed !
	Initialyzed swapped data for i = 123, j = 216 sucessfully passed !
	Initialyzed swapped data for i = 123, j = 217 sucessfully passed !
	Initialyzed swapped data for i = 123, j = 218 sucessfully passed !
	Initialyzed swapped data for i = 123, j = 219 sucessfully passed !
	Initialyzed swapped data for i = 123, j = 220 sucessfully passed !
	Initialyzed swapped data for i = 123, j = 221 sucessfully passed !
	Initialyzed swapped data for i = 123, j = 222 sucessfully passed !
	Initialyzed swapped data for i = 123, j = 223 sucessfully passed !
	Initialyzed swapped data for i = 123, j = 224 sucessfully passed !
	Initialyzed swapped data for i = 123, j = 225 sucessfully passed !
	Initialyzed swapped data for i = 123, j = 226 sucessfully passed !
	Initialyzed swapped data for i = 123, j = 227 sucessfully passed !
	Initialyzed swapped data for i = 123, j = 228 sucessfully passed !
	Initialyzed swapped data for i = 123, j = 229 sucessfully passed !
	Initialyzed swapped data for i = 123, j = 230 sucessfully passed !
	Initialyzed swapped data for i = 123, j = 231 sucessfully passed !
	Initialyzed swapped data for i = 123, j = 232 sucessfully passed !
	Initialyzed swapped data for i = 123, j = 233 sucessfully passed !
	Initialyzed swapped data for i = 123, j = 234 sucessfully passed !
	Initialyzed swapped data for i = 123, j = 235 sucessfully passed !
	Initialyzed swapped data for i = 123, j = 236 sucessfully passed !
	Initialyzed swapped data for i = 123, j = 237 sucessfully passed !
	Initialyzed swapped data for i = 123, j = 238 sucessfully passed !
	Initialyzed swapped data for i = 123, j = 239 sucessfully passed !
	Initialyzed swapped data for i = 123, j = 240 sucessfully passed !
	Initialyzed swapped data for i = 123, j = 241 sucessfully passed !
	Initialyzed swapped data for i = 123, j = 242 sucessfully passed !
	Initialyzed swapped data for i = 123, j = 243 sucessfully passed !
	Initialyzed swapped data for i = 123, j = 244 sucessfully passed !
	Initialyzed swapped data for i = 123, j = 245 sucessfully passed !
	Initialyzed swapped data for i = 123, j = 246 sucessfully passed !
	Initialyzed swapped data for i = 123, j = 247 sucessfully passed !
	Initialyzed swapped data for i = 123, j = 248 sucessfully passed !
	Initialyzed swapped data for i = 123, j = 249 sucessfully passed !
	Initialyzed swapped data for i = 123, j = 250 sucessfully passed !
	Initialyzed swapped data for i = 123, j = 251 sucessfully passed !
	Initialyzed swapped data for i = 123, j = 252 sucessfully passed !
	Initialyzed swapped data for i = 123, j = 253 sucessfully passed !
	Initialyzed swapped data for i = 123, j = 254 sucessfully passed !
	Initialyzed swapped data for i = 123, j = 255 sucessfully passed !
	Initialyzed swapped data for i = 123, j = 256 sucessfully passed !
	Initialyzed swapped data for i = 123, j = 257 sucessfully passed !
	Initialyzed swapped data for i = 123, j = 258 sucessfully passed !
	Initialyzed swapped data for i = 123, j = 259 sucessfully passed !
	Initialyzed swapped data for i = 123, j = 260 sucessfully passed !
	Initialyzed swapped data for i = 123, j = 261 sucessfully passed !
	Initialyzed swapped data for i = 123, j = 262 sucessfully passed !
	Initialyzed swapped data for i = 123, j = 263 sucessfully passed !
	Initialyzed swapped data for i = 123, j = 264 sucessfully passed !
	Initialyzed swapped data for i = 123, j = 265 sucessfully passed !
	Initialyzed swapped data for i = 123, j = 266 sucessfully passed !
	Initialyzed swapped data for i = 123, j = 267 sucessfully passed !
	Initialyzed swapped data for i = 123, j = 268 sucessfully passed !
	Initialyzed swapped data for i = 123, j = 269 sucessfully passed !
	Initialyzed swapped data for i = 123, j = 270 sucessfully passed !
	Initialyzed swapped data for i = 123, j = 271 sucessfully passed !
	Initialyzed swapped data for i = 123, j = 272 sucessfully passed !
	Initialyzed swapped data for i = 123, j = 273 sucessfully passed !
	Initialyzed swapped data for i = 123, j = 274 sucessfully passed !
	Initialyzed swapped data for i = 123, j = 275 sucessfully passed !
	Initialyzed swapped data for i = 123, j = 276 sucessfully passed !
	Initialyzed swapped data for i = 123, j = 277 sucessfully passed !
	Initialyzed swapped data for i = 123, j = 278 sucessfully passed !
	Initialyzed swapped data for i = 123, j = 279 sucessfully passed !
	Initialyzed swapped data for i = 123, j = 280 sucessfully passed !
	Initialyzed swapped data for i = 123, j = 281 sucessfully passed !
	Initialyzed swapped data for i = 123, j = 282 sucessfully passed !
	Initialyzed swapped data for i = 123, j = 283 sucessfully passed !
	Initialyzed swapped data for i = 123, j = 284 sucessfully passed !
	Initialyzed swapped data for i = 123, j = 285 sucessfully passed !
	Initialyzed swapped data for i = 123, j = 286 sucessfully passed !
	Initialyzed swapped data for i = 123, j = 287 sucessfully passed !
	Initialyzed swapped data for i = 123, j = 288 sucessfully passed !
	Initialyzed swapped data for i = 123, j = 289 sucessfully passed !
	Initialyzed swapped data for i = 123, j = 290 sucessfully passed !
	Initialyzed swapped data for i = 123, j = 291 sucessfully passed !
	Initialyzed swapped data for i = 123, j = 292 sucessfully passed !
	Initialyzed swapped data for i = 123, j = 293 sucessfully passed !
	Initialyzed swapped data for i = 123, j = 294 sucessfully passed !
	Initialyzed swapped data for i = 123, j = 295 sucessfully passed !
	Initialyzed swapped data for i = 123, j = 296 sucessfully passed !
	Initialyzed swapped data for i = 123, j = 297 sucessfully passed !
	Initialyzed swapped data for i = 123, j = 298 sucessfully passed !
	Initialyzed swapped data for i = 123, j = 299 sucessfully passed !
	Initialyzed swapped data for i = 123, j = 300 sucessfully passed !
	Initialyzed swapped data for i = 123, j = 301 sucessfully passed !
	Initialyzed swapped data for i = 123, j = 302 sucessfully passed !
	Initialyzed swapped data for i = 123, j = 303 sucessfully passed !
	Initialyzed swapped data for i = 123, j = 304 sucessfully passed !
	Initialyzed swapped data for i = 123, j = 305 sucessfully passed !
	Initialyzed swapped data for i = 123, j = 306 sucessfully passed !
	Initialyzed swapped data for i = 123, j = 307 sucessfully passed !
	Initialyzed swapped data for i = 123, j = 308 sucessfully passed !
	Initialyzed swapped data for i = 123, j = 309 sucessfully passed !
	Initialyzed swapped data for i = 123, j = 310 sucessfully passed !
	Initialyzed swapped data for i = 123, j = 311 sucessfully passed !
	Initialyzed swapped data for i = 123, j = 312 sucessfully passed !
	Initialyzed swapped data for i = 123, j = 313 sucessfully passed !
	Initialyzed swapped data for i = 123, j = 314 sucessfully passed !
	Initialyzed swapped data for i = 123, j = 315 sucessfully passed !
	Initialyzed swapped data for i = 123, j = 316 sucessfully passed !
	Initialyzed swapped data for i = 123, j = 317 sucessfully passed !
	Initialyzed swapped data for i = 123, j = 318 sucessfully passed !
	Initialyzed swapped data for i = 123, j = 319 sucessfully passed !
	Initialyzed swapped data for i = 123, j = 320 sucessfully passed !
	Initialyzed swapped data for i = 123, j = 321 sucessfully passed !
	Initialyzed swapped data for i = 123, j = 322 sucessfully passed !
	Initialyzed swapped data for i = 123, j = 323 sucessfully passed !
	Initialyzed swapped data for i = 123, j = 324 sucessfully passed !
	Initialyzed swapped data for i = 123, j = 325 sucessfully passed !
	Initialyzed swapped data for i = 123, j = 326 sucessfully passed !
	Initialyzed swapped data for i = 123, j = 327 sucessfully passed !
	Initialyzed swapped data for i = 123, j = 328 sucessfully passed !
	Initialyzed swapped data for i = 123, j = 329 sucessfully passed !
	Initialyzed swapped data for i = 123, j = 330 sucessfully passed !
	Initialyzed swapped data for i = 123, j = 331 sucessfully passed !
	Initialyzed swapped data for i = 123, j = 332 sucessfully passed !
	Initialyzed swapped data for i = 123, j = 333 sucessfully passed !
	Initialyzed swapped data for i = 123, j = 334 sucessfully passed !
	Initialyzed swapped data for i = 123, j = 335 sucessfully passed !
	Initialyzed swapped data for i = 123, j = 336 sucessfully passed !
	Initialyzed swapped data for i = 123, j = 337 sucessfully passed !
	Initialyzed swapped data for i = 123, j = 338 sucessfully passed !
	Initialyzed swapped data for i = 123, j = 339 sucessfully passed !
	Initialyzed swapped data for i = 123, j = 340 sucessfully passed !
	Initialyzed swapped data for i = 123, j = 341 sucessfully passed !
	Initialyzed swapped data for i = 123, j = 342 sucessfully passed !
	Initialyzed swapped data for i = 123, j = 343 sucessfully passed !
	Initialyzed swapped data for i = 123, j = 344 sucessfully passed !
	Initialyzed swapped data for i = 123, j = 345 sucessfully passed !
	Initialyzed swapped data for i = 123, j = 346 sucessfully passed !
	Initialyzed swapped data for i = 123, j = 347 sucessfully passed !
	Initialyzed swapped data for i = 123, j = 348 sucessfully passed !
	Initialyzed swapped data for i = 123, j = 349 sucessfully passed !
	Initialyzed swapped data for i = 123, j = 350 sucessfully passed !
	Initialyzed swapped data for i = 123, j = 351 sucessfully passed !
	Initialyzed swapped data for i = 123, j = 352 sucessfully passed !
	Initialyzed swapped data for i = 123, j = 353 sucessfully passed !
	Initialyzed swapped data for i = 123, j = 354 sucessfully passed !
	Initialyzed swapped data for i = 123, j = 355 sucessfully passed !
	Initialyzed swapped data for i = 123, j = 356 sucessfully passed !
	Initialyzed swapped data for i = 123, j = 357 sucessfully passed !
	Initialyzed swapped data for i = 123, j = 358 sucessfully passed !
	Initialyzed swapped data for i = 123, j = 359 sucessfully passed !
	Initialyzed swapped data for i = 123, j = 360 sucessfully passed !
	Initialyzed swapped data for i = 123, j = 361 sucessfully passed !
	Initialyzed swapped data for i = 123, j = 362 sucessfully passed !
	Initialyzed swapped data for i = 123, j = 363 sucessfully passed !
	Initialyzed swapped data for i = 123, j = 364 sucessfully passed !
	Initialyzed swapped data for i = 123, j = 365 sucessfully passed !
	Initialyzed swapped data for i = 123, j = 366 sucessfully passed !
	Initialyzed swapped data for i = 123, j = 367 sucessfully passed !
	Initialyzed swapped data for i = 123, j = 368 sucessfully passed !
	Initialyzed swapped data for i = 123, j = 369 sucessfully passed !
	Initialyzed swapped data for i = 123, j = 370 sucessfully passed !
	Initialyzed swapped data for i = 123, j = 371 sucessfully passed !
	Initialyzed swapped data for i = 123, j = 372 sucessfully passed !
	Initialyzed swapped data for i = 123, j = 373 sucessfully passed !
	Initialyzed swapped data for i = 123, j = 374 sucessfully passed !
	Initialyzed swapped data for i = 123, j = 375 sucessfully passed !
	Initialyzed swapped data for i = 123, j = 376 sucessfully passed !
	Initialyzed swapped data for i = 123, j = 377 sucessfully passed !
	Initialyzed swapped data for i = 123, j = 378 sucessfully passed !
	Initialyzed swapped data for i = 123, j = 379 sucessfully passed !
	Initialyzed swapped data for i = 123, j = 380 sucessfully passed !
	Initialyzed swapped data for i = 123, j = 381 sucessfully passed !
	Initialyzed swapped data for i = 123, j = 382 sucessfully passed !
	Initialyzed swapped data for i = 123, j = 383 sucessfully passed !
	Initialyzed swapped data for i = 123, j = 384 sucessfully passed !
	Initialyzed swapped data for i = 123, j = 385 sucessfully passed !
	Initialyzed swapped data for i = 123, j = 386 sucessfully passed !
	Initialyzed swapped data for i = 123, j = 387 sucessfully passed !
	Initialyzed swapped data for i = 123, j = 388 sucessfully passed !
	Initialyzed swapped data for i = 123, j = 389 sucessfully passed !
	Initialyzed swapped data for i = 123, j = 390 sucessfully passed !
	Initialyzed swapped data for i = 123, j = 391 sucessfully passed !
	Initialyzed swapped data for i = 123, j = 392 sucessfully passed !
	Initialyzed swapped data for i = 123, j = 393 sucessfully passed !
	Initialyzed swapped data for i = 123, j = 394 sucessfully passed !
	Initialyzed swapped data for i = 123, j = 395 sucessfully passed !
	Initialyzed swapped data for i = 123, j = 396 sucessfully passed !
	Initialyzed swapped data for i = 123, j = 397 sucessfully passed !
	Initialyzed swapped data for i = 123, j = 398 sucessfully passed !
	Initialyzed swapped data for i = 123, j = 399 sucessfully passed !
	Initialyzed swapped data for i = 123, j = 400 sucessfully passed !
	Initialyzed swapped data for i = 123, j = 401 sucessfully passed !
	Initialyzed swapped data for i = 123, j = 402 sucessfully passed !
	Initialyzed swapped data for i = 123, j = 403 sucessfully passed !
	Initialyzed swapped data for i = 123, j = 404 sucessfully passed !
	Initialyzed swapped data for i = 123, j = 405 sucessfully passed !
	Initialyzed swapped data for i = 123, j = 406 sucessfully passed !
	Initialyzed swapped data for i = 123, j = 407 sucessfully passed !
	Initialyzed swapped data for i = 123, j = 408 sucessfully passed !
	Initialyzed swapped data for i = 123, j = 409 sucessfully passed !
	Initialyzed swapped data for i = 123, j = 410 sucessfully passed !
	Initialyzed swapped data for i = 123, j = 411 sucessfully passed !
	Initialyzed swapped data for i = 123, j = 412 sucessfully passed !
	Initialyzed swapped data for i = 123, j = 413 sucessfully passed !
	Initialyzed swapped data for i = 123, j = 414 sucessfully passed !
	Initialyzed swapped data for i = 123, j = 415 sucessfully passed !
	Initialyzed swapped data for i = 123, j = 416 sucessfully passed !
	Initialyzed swapped data for i = 123, j = 417 sucessfully passed !
	Initialyzed swapped data for i = 123, j = 418 sucessfully passed !
	Initialyzed swapped data for i = 123, j = 419 sucessfully passed !
	Initialyzed swapped data for i = 123, j = 420 sucessfully passed !
	Initialyzed swapped data for i = 123, j = 421 sucessfully passed !
	Initialyzed swapped data for i = 123, j = 422 sucessfully passed !
	Initialyzed swapped data for i = 123, j = 423 sucessfully passed !
	Initialyzed swapped data for i = 123, j = 424 sucessfully passed !
	Initialyzed swapped data for i = 123, j = 425 sucessfully passed !
	Initialyzed swapped data for i = 123, j = 426 sucessfully passed !
	Initialyzed swapped data for i = 123, j = 427 sucessfully passed !
	Initialyzed swapped data for i = 123, j = 428 sucessfully passed !
	Initialyzed swapped data for i = 123, j = 429 sucessfully passed !
	Initialyzed swapped data for i = 123, j = 430 sucessfully passed !
	Initialyzed swapped data for i = 123, j = 431 sucessfully passed !
	Initialyzed swapped data for i = 123, j = 432 sucessfully passed !
	Initialyzed swapped data for i = 123, j = 433 sucessfully passed !
	Initialyzed swapped data for i = 124, j = 125 sucessfully passed !
	Initialyzed swapped data for i = 124, j = 126 sucessfully passed !
	Initialyzed swapped data for i = 124, j = 127 sucessfully passed !
	Initialyzed swapped data for i = 124, j = 128 sucessfully passed !
	Initialyzed swapped data for i = 124, j = 129 sucessfully passed !
	Initialyzed swapped data for i = 124, j = 130 sucessfully passed !
	Initialyzed swapped data for i = 124, j = 131 sucessfully passed !
	Initialyzed swapped data for i = 124, j = 132 sucessfully passed !
	Initialyzed swapped data for i = 124, j = 133 sucessfully passed !
	Initialyzed swapped data for i = 124, j = 134 sucessfully passed !
	Initialyzed swapped data for i = 124, j = 135 sucessfully passed !
	Initialyzed swapped data for i = 124, j = 136 sucessfully passed !
	Initialyzed swapped data for i = 124, j = 137 sucessfully passed !
	Initialyzed swapped data for i = 124, j = 138 sucessfully passed !
	Initialyzed swapped data for i = 124, j = 139 sucessfully passed !
	Initialyzed swapped data for i = 124, j = 140 sucessfully passed !
	Initialyzed swapped data for i = 124, j = 141 sucessfully passed !
	Initialyzed swapped data for i = 124, j = 142 sucessfully passed !
	Initialyzed swapped data for i = 124, j = 143 sucessfully passed !
	Initialyzed swapped data for i = 124, j = 144 sucessfully passed !
	Initialyzed swapped data for i = 124, j = 145 sucessfully passed !
	Initialyzed swapped data for i = 124, j = 146 sucessfully passed !
	Initialyzed swapped data for i = 124, j = 147 sucessfully passed !
	Initialyzed swapped data for i = 124, j = 148 sucessfully passed !
	Initialyzed swapped data for i = 124, j = 149 sucessfully passed !
	Initialyzed swapped data for i = 124, j = 150 sucessfully passed !
	Initialyzed swapped data for i = 124, j = 151 sucessfully passed !
	Initialyzed swapped data for i = 124, j = 152 sucessfully passed !
	Initialyzed swapped data for i = 124, j = 153 sucessfully passed !
	Initialyzed swapped data for i = 124, j = 154 sucessfully passed !
	Initialyzed swapped data for i = 124, j = 155 sucessfully passed !
	Initialyzed swapped data for i = 124, j = 156 sucessfully passed !
	Initialyzed swapped data for i = 124, j = 157 sucessfully passed !
	Initialyzed swapped data for i = 124, j = 158 sucessfully passed !
	Initialyzed swapped data for i = 124, j = 159 sucessfully passed !
	Initialyzed swapped data for i = 124, j = 160 sucessfully passed !
	Initialyzed swapped data for i = 124, j = 161 sucessfully passed !
	Initialyzed swapped data for i = 124, j = 162 sucessfully passed !
	Initialyzed swapped data for i = 124, j = 163 sucessfully passed !
	Initialyzed swapped data for i = 124, j = 164 sucessfully passed !
	Initialyzed swapped data for i = 124, j = 165 sucessfully passed !
	Initialyzed swapped data for i = 124, j = 166 sucessfully passed !
	Initialyzed swapped data for i = 124, j = 167 sucessfully passed !
	Initialyzed swapped data for i = 124, j = 168 sucessfully passed !
	Initialyzed swapped data for i = 124, j = 169 sucessfully passed !
	Initialyzed swapped data for i = 124, j = 170 sucessfully passed !
	Initialyzed swapped data for i = 124, j = 171 sucessfully passed !
	Initialyzed swapped data for i = 124, j = 172 sucessfully passed !
	Initialyzed swapped data for i = 124, j = 173 sucessfully passed !
	Initialyzed swapped data for i = 124, j = 174 sucessfully passed !
	Initialyzed swapped data for i = 124, j = 175 sucessfully passed !
	Initialyzed swapped data for i = 124, j = 176 sucessfully passed !
	Initialyzed swapped data for i = 124, j = 177 sucessfully passed !
	Initialyzed swapped data for i = 124, j = 178 sucessfully passed !
	Initialyzed swapped data for i = 124, j = 179 sucessfully passed !
	Initialyzed swapped data for i = 124, j = 180 sucessfully passed !
	Initialyzed swapped data for i = 124, j = 181 sucessfully passed !
	Initialyzed swapped data for i = 124, j = 182 sucessfully passed !
	Initialyzed swapped data for i = 124, j = 183 sucessfully passed !
	Initialyzed swapped data for i = 124, j = 184 sucessfully passed !
	Initialyzed swapped data for i = 124, j = 185 sucessfully passed !
	Initialyzed swapped data for i = 124, j = 186 sucessfully passed !
	Initialyzed swapped data for i = 124, j = 187 sucessfully passed !
	Initialyzed swapped data for i = 124, j = 188 sucessfully passed !
	Initialyzed swapped data for i = 124, j = 189 sucessfully passed !
	Initialyzed swapped data for i = 124, j = 190 sucessfully passed !
	Initialyzed swapped data for i = 124, j = 191 sucessfully passed !
	Initialyzed swapped data for i = 124, j = 192 sucessfully passed !
	Initialyzed swapped data for i = 124, j = 193 sucessfully passed !
	Initialyzed swapped data for i = 124, j = 194 sucessfully passed !
	Initialyzed swapped data for i = 124, j = 195 sucessfully passed !
	Initialyzed swapped data for i = 124, j = 196 sucessfully passed !
	Initialyzed swapped data for i = 124, j = 197 sucessfully passed !
	Initialyzed swapped data for i = 124, j = 198 sucessfully passed !
	Initialyzed swapped data for i = 124, j = 199 sucessfully passed !
	Initialyzed swapped data for i = 124, j = 200 sucessfully passed !
	Initialyzed swapped data for i = 124, j = 201 sucessfully passed !
	Initialyzed swapped data for i = 124, j = 202 sucessfully passed !
	Initialyzed swapped data for i = 124, j = 203 sucessfully passed !
	Initialyzed swapped data for i = 124, j = 204 sucessfully passed !
	Initialyzed swapped data for i = 124, j = 205 sucessfully passed !
	Initialyzed swapped data for i = 124, j = 206 sucessfully passed !
	Initialyzed swapped data for i = 124, j = 207 sucessfully passed !
	Initialyzed swapped data for i = 124, j = 208 sucessfully passed !
	Initialyzed swapped data for i = 124, j = 209 sucessfully passed !
	Initialyzed swapped data for i = 124, j = 210 sucessfully passed !
	Initialyzed swapped data for i = 124, j = 211 sucessfully passed !
	Initialyzed swapped data for i = 124, j = 212 sucessfully passed !
	Initialyzed swapped data for i = 124, j = 213 sucessfully passed !
	Initialyzed swapped data for i = 124, j = 214 sucessfully passed !
	Initialyzed swapped data for i = 124, j = 215 sucessfully passed !
	Initialyzed swapped data for i = 124, j = 216 sucessfully passed !
	Initialyzed swapped data for i = 124, j = 217 sucessfully passed !
	Initialyzed swapped data for i = 124, j = 218 sucessfully passed !
	Initialyzed swapped data for i = 124, j = 219 sucessfully passed !
	Initialyzed swapped data for i = 124, j = 220 sucessfully passed !
	Initialyzed swapped data for i = 124, j = 221 sucessfully passed !
	Initialyzed swapped data for i = 124, j = 222 sucessfully passed !
	Initialyzed swapped data for i = 124, j = 223 sucessfully passed !
	Initialyzed swapped data for i = 124, j = 224 sucessfully passed !
	Initialyzed swapped data for i = 124, j = 225 sucessfully passed !
	Initialyzed swapped data for i = 124, j = 226 sucessfully passed !
	Initialyzed swapped data for i = 124, j = 227 sucessfully passed !
	Initialyzed swapped data for i = 124, j = 228 sucessfully passed !
	Initialyzed swapped data for i = 124, j = 229 sucessfully passed !
	Initialyzed swapped data for i = 124, j = 230 sucessfully passed !
	Initialyzed swapped data for i = 124, j = 231 sucessfully passed !
	Initialyzed swapped data for i = 124, j = 232 sucessfully passed !
	Initialyzed swapped data for i = 124, j = 233 sucessfully passed !
	Initialyzed swapped data for i = 124, j = 234 sucessfully passed !
	Initialyzed swapped data for i = 124, j = 235 sucessfully passed !
	Initialyzed swapped data for i = 124, j = 236 sucessfully passed !
	Initialyzed swapped data for i = 124, j = 237 sucessfully passed !
	Initialyzed swapped data for i = 124, j = 238 sucessfully passed !
	Initialyzed swapped data for i = 124, j = 239 sucessfully passed !
	Initialyzed swapped data for i = 124, j = 240 sucessfully passed !
	Initialyzed swapped data for i = 124, j = 241 sucessfully passed !
	Initialyzed swapped data for i = 124, j = 242 sucessfully passed !
	Initialyzed swapped data for i = 124, j = 243 sucessfully passed !
	Initialyzed swapped data for i = 124, j = 244 sucessfully passed !
	Initialyzed swapped data for i = 124, j = 245 sucessfully passed !
	Initialyzed swapped data for i = 124, j = 246 sucessfully passed !
	Initialyzed swapped data for i = 124, j = 247 sucessfully passed !
	Initialyzed swapped data for i = 124, j = 248 sucessfully passed !
	Initialyzed swapped data for i = 124, j = 249 sucessfully passed !
	Initialyzed swapped data for i = 124, j = 250 sucessfully passed !
	Initialyzed swapped data for i = 124, j = 251 sucessfully passed !
	Initialyzed swapped data for i = 124, j = 252 sucessfully passed !
	Initialyzed swapped data for i = 124, j = 253 sucessfully passed !
	Initialyzed swapped data for i = 124, j = 254 sucessfully passed !
	Initialyzed swapped data for i = 124, j = 255 sucessfully passed !
	Initialyzed swapped data for i = 124, j = 256 sucessfully passed !
	Initialyzed swapped data for i = 124, j = 257 sucessfully passed !
	Initialyzed swapped data for i = 124, j = 258 sucessfully passed !
	Initialyzed swapped data for i = 124, j = 259 sucessfully passed !
	Initialyzed swapped data for i = 124, j = 260 sucessfully passed !
	Initialyzed swapped data for i = 124, j = 261 sucessfully passed !
	Initialyzed swapped data for i = 124, j = 262 sucessfully passed !
	Initialyzed swapped data for i = 124, j = 263 sucessfully passed !
	Initialyzed swapped data for i = 124, j = 264 sucessfully passed !
	Initialyzed swapped data for i = 124, j = 265 sucessfully passed !
	Initialyzed swapped data for i = 124, j = 266 sucessfully passed !
	Initialyzed swapped data for i = 124, j = 267 sucessfully passed !
	Initialyzed swapped data for i = 124, j = 268 sucessfully passed !
	Initialyzed swapped data for i = 124, j = 269 sucessfully passed !
	Initialyzed swapped data for i = 124, j = 270 sucessfully passed !
	Initialyzed swapped data for i = 124, j = 271 sucessfully passed !
	Initialyzed swapped data for i = 124, j = 272 sucessfully passed !
	Initialyzed swapped data for i = 124, j = 273 sucessfully passed !
	Initialyzed swapped data for i = 124, j = 274 sucessfully passed !
	Initialyzed swapped data for i = 124, j = 275 sucessfully passed !
	Initialyzed swapped data for i = 124, j = 276 sucessfully passed !
	Initialyzed swapped data for i = 124, j = 277 sucessfully passed !
	Initialyzed swapped data for i = 124, j = 278 sucessfully passed !
	Initialyzed swapped data for i = 124, j = 279 sucessfully passed !
	Initialyzed swapped data for i = 124, j = 280 sucessfully passed !
	Initialyzed swapped data for i = 124, j = 281 sucessfully passed !
	Initialyzed swapped data for i = 124, j = 282 sucessfully passed !
	Initialyzed swapped data for i = 124, j = 283 sucessfully passed !
	Initialyzed swapped data for i = 124, j = 284 sucessfully passed !
	Initialyzed swapped data for i = 124, j = 285 sucessfully passed !
	Initialyzed swapped data for i = 124, j = 286 sucessfully passed !
	Initialyzed swapped data for i = 124, j = 287 sucessfully passed !
	Initialyzed swapped data for i = 124, j = 288 sucessfully passed !
	Initialyzed swapped data for i = 124, j = 289 sucessfully passed !
	Initialyzed swapped data for i = 124, j = 290 sucessfully passed !
	Initialyzed swapped data for i = 124, j = 291 sucessfully passed !
	Initialyzed swapped data for i = 124, j = 292 sucessfully passed !
	Initialyzed swapped data for i = 124, j = 293 sucessfully passed !
	Initialyzed swapped data for i = 124, j = 294 sucessfully passed !
	Initialyzed swapped data for i = 124, j = 295 sucessfully passed !
	Initialyzed swapped data for i = 124, j = 296 sucessfully passed !
	Initialyzed swapped data for i = 124, j = 297 sucessfully passed !
	Initialyzed swapped data for i = 124, j = 298 sucessfully passed !
	Initialyzed swapped data for i = 124, j = 299 sucessfully passed !
	Initialyzed swapped data for i = 124, j = 300 sucessfully passed !
	Initialyzed swapped data for i = 124, j = 301 sucessfully passed !
	Initialyzed swapped data for i = 124, j = 302 sucessfully passed !
	Initialyzed swapped data for i = 124, j = 303 sucessfully passed !
	Initialyzed swapped data for i = 124, j = 304 sucessfully passed !
	Initialyzed swapped data for i = 124, j = 305 sucessfully passed !
	Initialyzed swapped data for i = 124, j = 306 sucessfully passed !
	Initialyzed swapped data for i = 124, j = 307 sucessfully passed !
	Initialyzed swapped data for i = 124, j = 308 sucessfully passed !
	Initialyzed swapped data for i = 124, j = 309 sucessfully passed !
	Initialyzed swapped data for i = 124, j = 310 sucessfully passed !
	Initialyzed swapped data for i = 124, j = 311 sucessfully passed !
	Initialyzed swapped data for i = 124, j = 312 sucessfully passed !
	Initialyzed swapped data for i = 124, j = 313 sucessfully passed !
	Initialyzed swapped data for i = 124, j = 314 sucessfully passed !
	Initialyzed swapped data for i = 124, j = 315 sucessfully passed !
	Initialyzed swapped data for i = 124, j = 316 sucessfully passed !
	Initialyzed swapped data for i = 124, j = 317 sucessfully passed !
	Initialyzed swapped data for i = 124, j = 318 sucessfully passed !
	Initialyzed swapped data for i = 124, j = 319 sucessfully passed !
	Initialyzed swapped data for i = 124, j = 320 sucessfully passed !
	Initialyzed swapped data for i = 124, j = 321 sucessfully passed !
	Initialyzed swapped data for i = 124, j = 322 sucessfully passed !
	Initialyzed swapped data for i = 124, j = 323 sucessfully passed !
	Initialyzed swapped data for i = 124, j = 324 sucessfully passed !
	Initialyzed swapped data for i = 124, j = 325 sucessfully passed !
	Initialyzed swapped data for i = 124, j = 326 sucessfully passed !
	Initialyzed swapped data for i = 124, j = 327 sucessfully passed !
	Initialyzed swapped data for i = 124, j = 328 sucessfully passed !
	Initialyzed swapped data for i = 124, j = 329 sucessfully passed !
	Initialyzed swapped data for i = 124, j = 330 sucessfully passed !
	Initialyzed swapped data for i = 124, j = 331 sucessfully passed !
	Initialyzed swapped data for i = 124, j = 332 sucessfully passed !
	Initialyzed swapped data for i = 124, j = 333 sucessfully passed !
	Initialyzed swapped data for i = 124, j = 334 sucessfully passed !
	Initialyzed swapped data for i = 124, j = 335 sucessfully passed !
	Initialyzed swapped data for i = 124, j = 336 sucessfully passed !
	Initialyzed swapped data for i = 124, j = 337 sucessfully passed !
	Initialyzed swapped data for i = 124, j = 338 sucessfully passed !
	Initialyzed swapped data for i = 124, j = 339 sucessfully passed !
	Initialyzed swapped data for i = 124, j = 340 sucessfully passed !
	Initialyzed swapped data for i = 124, j = 341 sucessfully passed !
	Initialyzed swapped data for i = 124, j = 342 sucessfully passed !
	Initialyzed swapped data for i = 124, j = 343 sucessfully passed !
	Initialyzed swapped data for i = 124, j = 344 sucessfully passed !
	Initialyzed swapped data for i = 124, j = 345 sucessfully passed !
	Initialyzed swapped data for i = 124, j = 346 sucessfully passed !
	Initialyzed swapped data for i = 124, j = 347 sucessfully passed !
	Initialyzed swapped data for i = 124, j = 348 sucessfully passed !
	Initialyzed swapped data for i = 124, j = 349 sucessfully passed !
	Initialyzed swapped data for i = 124, j = 350 sucessfully passed !
	Initialyzed swapped data for i = 124, j = 351 sucessfully passed !
	Initialyzed swapped data for i = 124, j = 352 sucessfully passed !
	Initialyzed swapped data for i = 124, j = 353 sucessfully passed !
	Initialyzed swapped data for i = 124, j = 354 sucessfully passed !
	Initialyzed swapped data for i = 124, j = 355 sucessfully passed !
	Initialyzed swapped data for i = 124, j = 356 sucessfully passed !
	Initialyzed swapped data for i = 124, j = 357 sucessfully passed !
	Initialyzed swapped data for i = 124, j = 358 sucessfully passed !
	Initialyzed swapped data for i = 124, j = 359 sucessfully passed !
	Initialyzed swapped data for i = 124, j = 360 sucessfully passed !
	Initialyzed swapped data for i = 124, j = 361 sucessfully passed !
	Initialyzed swapped data for i = 124, j = 362 sucessfully passed !
	Initialyzed swapped data for i = 124, j = 363 sucessfully passed !
	Initialyzed swapped data for i = 124, j = 364 sucessfully passed !
	Initialyzed swapped data for i = 124, j = 365 sucessfully passed !
	Initialyzed swapped data for i = 124, j = 366 sucessfully passed !
	Initialyzed swapped data for i = 124, j = 367 sucessfully passed !
	Initialyzed swapped data for i = 124, j = 368 sucessfully passed !
	Initialyzed swapped data for i = 124, j = 369 sucessfully passed !
	Initialyzed swapped data for i = 124, j = 370 sucessfully passed !
	Initialyzed swapped data for i = 124, j = 371 sucessfully passed !
	Initialyzed swapped data for i = 124, j = 372 sucessfully passed !
	Initialyzed swapped data for i = 124, j = 373 sucessfully passed !
	Initialyzed swapped data for i = 124, j = 374 sucessfully passed !
	Initialyzed swapped data for i = 124, j = 375 sucessfully passed !
	Initialyzed swapped data for i = 124, j = 376 sucessfully passed !
	Initialyzed swapped data for i = 124, j = 377 sucessfully passed !
	Initialyzed swapped data for i = 124, j = 378 sucessfully passed !
	Initialyzed swapped data for i = 124, j = 379 sucessfully passed !
	Initialyzed swapped data for i = 124, j = 380 sucessfully passed !
	Initialyzed swapped data for i = 124, j = 381 sucessfully passed !
	Initialyzed swapped data for i = 124, j = 382 sucessfully passed !
	Initialyzed swapped data for i = 124, j = 383 sucessfully passed !
	Initialyzed swapped data for i = 124, j = 384 sucessfully passed !
	Initialyzed swapped data for i = 124, j = 385 sucessfully passed !
	Initialyzed swapped data for i = 124, j = 386 sucessfully passed !
	Initialyzed swapped data for i = 124, j = 387 sucessfully passed !
	Initialyzed swapped data for i = 124, j = 388 sucessfully passed !
	Initialyzed swapped data for i = 124, j = 389 sucessfully passed !
	Initialyzed swapped data for i = 124, j = 390 sucessfully passed !
	Initialyzed swapped data for i = 124, j = 391 sucessfully passed !
	Initialyzed swapped data for i = 124, j = 392 sucessfully passed !
	Initialyzed swapped data for i = 124, j = 393 sucessfully passed !
	Initialyzed swapped data for i = 124, j = 394 sucessfully passed !
	Initialyzed swapped data for i = 124, j = 395 sucessfully passed !
	Initialyzed swapped data for i = 124, j = 396 sucessfully passed !
	Initialyzed swapped data for i = 124, j = 397 sucessfully passed !
	Initialyzed swapped data for i = 124, j = 398 sucessfully passed !
	Initialyzed swapped data for i = 124, j = 399 sucessfully passed !
	Initialyzed swapped data for i = 124, j = 400 sucessfully passed !
	Initialyzed swapped data for i = 124, j = 401 sucessfully passed !
	Initialyzed swapped data for i = 124, j = 402 sucessfully passed !
	Initialyzed swapped data for i = 124, j = 403 sucessfully passed !
	Initialyzed swapped data for i = 124, j = 404 sucessfully passed !
	Initialyzed swapped data for i = 124, j = 405 sucessfully passed !
	Initialyzed swapped data for i = 124, j = 406 sucessfully passed !
	Initialyzed swapped data for i = 124, j = 407 sucessfully passed !
	Initialyzed swapped data for i = 124, j = 408 sucessfully passed !
	Initialyzed swapped data for i = 124, j = 409 sucessfully passed !
	Initialyzed swapped data for i = 124, j = 410 sucessfully passed !
	Initialyzed swapped data for i = 124, j = 411 sucessfully passed !
	Initialyzed swapped data for i = 124, j = 412 sucessfully passed !
	Initialyzed swapped data for i = 124, j = 413 sucessfully passed !
	Initialyzed swapped data for i = 124, j = 414 sucessfully passed !
	Initialyzed swapped data for i = 124, j = 415 sucessfully passed !
	Initialyzed swapped data for i = 124, j = 416 sucessfully passed !
	Initialyzed swapped data for i = 124, j = 417 sucessfully passed !
	Initialyzed swapped data for i = 124, j = 418 sucessfully passed !
	Initialyzed swapped data for i = 124, j = 419 sucessfully passed !
	Initialyzed swapped data for i = 124, j = 420 sucessfully passed !
	Initialyzed swapped data for i = 124, j = 421 sucessfully passed !
	Initialyzed swapped data for i = 124, j = 422 sucessfully passed !
	Initialyzed swapped data for i = 124, j = 423 sucessfully passed !
	Initialyzed swapped data for i = 124, j = 424 sucessfully passed !
	Initialyzed swapped data for i = 124, j = 425 sucessfully passed !
	Initialyzed swapped data for i = 124, j = 426 sucessfully passed !
	Initialyzed swapped data for i = 124, j = 427 sucessfully passed !
	Initialyzed swapped data for i = 124, j = 428 sucessfully passed !
	Initialyzed swapped data for i = 124, j = 429 sucessfully passed !
	Initialyzed swapped data for i = 124, j = 430 sucessfully passed !
	Initialyzed swapped data for i = 124, j = 431 sucessfully passed !
	Initialyzed swapped data for i = 124, j = 432 sucessfully passed !
	Initialyzed swapped data for i = 124, j = 433 sucessfully passed !
	Initialyzed swapped data for i = 125, j = 126 sucessfully passed !
	Initialyzed swapped data for i = 125, j = 127 sucessfully passed !
	Initialyzed swapped data for i = 125, j = 128 sucessfully passed !
	Initialyzed swapped data for i = 125, j = 129 sucessfully passed !
	Initialyzed swapped data for i = 125, j = 130 sucessfully passed !
	Initialyzed swapped data for i = 125, j = 131 sucessfully passed !
	Initialyzed swapped data for i = 125, j = 132 sucessfully passed !
	Initialyzed swapped data for i = 125, j = 133 sucessfully passed !
	Initialyzed swapped data for i = 125, j = 134 sucessfully passed !
	Initialyzed swapped data for i = 125, j = 135 sucessfully passed !
	Initialyzed swapped data for i = 125, j = 136 sucessfully passed !
	Initialyzed swapped data for i = 125, j = 137 sucessfully passed !
	Initialyzed swapped data for i = 125, j = 138 sucessfully passed !
	Initialyzed swapped data for i = 125, j = 139 sucessfully passed !
	Initialyzed swapped data for i = 125, j = 140 sucessfully passed !
	Initialyzed swapped data for i = 125, j = 141 sucessfully passed !
	Initialyzed swapped data for i = 125, j = 142 sucessfully passed !
	Initialyzed swapped data for i = 125, j = 143 sucessfully passed !
	Initialyzed swapped data for i = 125, j = 144 sucessfully passed !
	Initialyzed swapped data for i = 125, j = 145 sucessfully passed !
	Initialyzed swapped data for i = 125, j = 146 sucessfully passed !
	Initialyzed swapped data for i = 125, j = 147 sucessfully passed !
	Initialyzed swapped data for i = 125, j = 148 sucessfully passed !
	Initialyzed swapped data for i = 125, j = 149 sucessfully passed !
	Initialyzed swapped data for i = 125, j = 150 sucessfully passed !
	Initialyzed swapped data for i = 125, j = 151 sucessfully passed !
	Initialyzed swapped data for i = 125, j = 152 sucessfully passed !
	Initialyzed swapped data for i = 125, j = 153 sucessfully passed !
	Initialyzed swapped data for i = 125, j = 154 sucessfully passed !
	Initialyzed swapped data for i = 125, j = 155 sucessfully passed !
	Initialyzed swapped data for i = 125, j = 156 sucessfully passed !
	Initialyzed swapped data for i = 125, j = 157 sucessfully passed !
	Initialyzed swapped data for i = 125, j = 158 sucessfully passed !
	Initialyzed swapped data for i = 125, j = 159 sucessfully passed !
	Initialyzed swapped data for i = 125, j = 160 sucessfully passed !
	Initialyzed swapped data for i = 125, j = 161 sucessfully passed !
	Initialyzed swapped data for i = 125, j = 162 sucessfully passed !
	Initialyzed swapped data for i = 125, j = 163 sucessfully passed !
	Initialyzed swapped data for i = 125, j = 164 sucessfully passed !
	Initialyzed swapped data for i = 125, j = 165 sucessfully passed !
	Initialyzed swapped data for i = 125, j = 166 sucessfully passed !
	Initialyzed swapped data for i = 125, j = 167 sucessfully passed !
	Initialyzed swapped data for i = 125, j = 168 sucessfully passed !
	Initialyzed swapped data for i = 125, j = 169 sucessfully passed !
	Initialyzed swapped data for i = 125, j = 170 sucessfully passed !
	Initialyzed swapped data for i = 125, j = 171 sucessfully passed !
	Initialyzed swapped data for i = 125, j = 172 sucessfully passed !
	Initialyzed swapped data for i = 125, j = 173 sucessfully passed !
	Initialyzed swapped data for i = 125, j = 174 sucessfully passed !
	Initialyzed swapped data for i = 125, j = 175 sucessfully passed !
	Initialyzed swapped data for i = 125, j = 176 sucessfully passed !
	Initialyzed swapped data for i = 125, j = 177 sucessfully passed !
	Initialyzed swapped data for i = 125, j = 178 sucessfully passed !
	Initialyzed swapped data for i = 125, j = 179 sucessfully passed !
	Initialyzed swapped data for i = 125, j = 180 sucessfully passed !
	Initialyzed swapped data for i = 125, j = 181 sucessfully passed !
	Initialyzed swapped data for i = 125, j = 182 sucessfully passed !
	Initialyzed swapped data for i = 125, j = 183 sucessfully passed !
	Initialyzed swapped data for i = 125, j = 184 sucessfully passed !
	Initialyzed swapped data for i = 125, j = 185 sucessfully passed !
	Initialyzed swapped data for i = 125, j = 186 sucessfully passed !
	Initialyzed swapped data for i = 125, j = 187 sucessfully passed !
	Initialyzed swapped data for i = 125, j = 188 sucessfully passed !
	Initialyzed swapped data for i = 125, j = 189 sucessfully passed !
	Initialyzed swapped data for i = 125, j = 190 sucessfully passed !
	Initialyzed swapped data for i = 125, j = 191 sucessfully passed !
	Initialyzed swapped data for i = 125, j = 192 sucessfully passed !
	Initialyzed swapped data for i = 125, j = 193 sucessfully passed !
	Initialyzed swapped data for i = 125, j = 194 sucessfully passed !
	Initialyzed swapped data for i = 125, j = 195 sucessfully passed !
	Initialyzed swapped data for i = 125, j = 196 sucessfully passed !
	Initialyzed swapped data for i = 125, j = 197 sucessfully passed !
	Initialyzed swapped data for i = 125, j = 198 sucessfully passed !
	Initialyzed swapped data for i = 125, j = 199 sucessfully passed !
	Initialyzed swapped data for i = 125, j = 200 sucessfully passed !
	Initialyzed swapped data for i = 125, j = 201 sucessfully passed !
	Initialyzed swapped data for i = 125, j = 202 sucessfully passed !
	Initialyzed swapped data for i = 125, j = 203 sucessfully passed !
	Initialyzed swapped data for i = 125, j = 204 sucessfully passed !
	Initialyzed swapped data for i = 125, j = 205 sucessfully passed !
	Initialyzed swapped data for i = 125, j = 206 sucessfully passed !
	Initialyzed swapped data for i = 125, j = 207 sucessfully passed !
	Initialyzed swapped data for i = 125, j = 208 sucessfully passed !
	Initialyzed swapped data for i = 125, j = 209 sucessfully passed !
	Initialyzed swapped data for i = 125, j = 210 sucessfully passed !
	Initialyzed swapped data for i = 125, j = 211 sucessfully passed !
	Initialyzed swapped data for i = 125, j = 212 sucessfully passed !
	Initialyzed swapped data for i = 125, j = 213 sucessfully passed !
	Initialyzed swapped data for i = 125, j = 214 sucessfully passed !
	Initialyzed swapped data for i = 125, j = 215 sucessfully passed !
	Initialyzed swapped data for i = 125, j = 216 sucessfully passed !
	Initialyzed swapped data for i = 125, j = 217 sucessfully passed !
	Initialyzed swapped data for i = 125, j = 218 sucessfully passed !
	Initialyzed swapped data for i = 125, j = 219 sucessfully passed !
	Initialyzed swapped data for i = 125, j = 220 sucessfully passed !
	Initialyzed swapped data for i = 125, j = 221 sucessfully passed !
	Initialyzed swapped data for i = 125, j = 222 sucessfully passed !
	Initialyzed swapped data for i = 125, j = 223 sucessfully passed !
	Initialyzed swapped data for i = 125, j = 224 sucessfully passed !
	Initialyzed swapped data for i = 125, j = 225 sucessfully passed !
	Initialyzed swapped data for i = 125, j = 226 sucessfully passed !
	Initialyzed swapped data for i = 125, j = 227 sucessfully passed !
	Initialyzed swapped data for i = 125, j = 228 sucessfully passed !
	Initialyzed swapped data for i = 125, j = 229 sucessfully passed !
	Initialyzed swapped data for i = 125, j = 230 sucessfully passed !
	Initialyzed swapped data for i = 125, j = 231 sucessfully passed !
	Initialyzed swapped data for i = 125, j = 232 sucessfully passed !
	Initialyzed swapped data for i = 125, j = 233 sucessfully passed !
	Initialyzed swapped data for i = 125, j = 234 sucessfully passed !
	Initialyzed swapped data for i = 125, j = 235 sucessfully passed !
	Initialyzed swapped data for i = 125, j = 236 sucessfully passed !
	Initialyzed swapped data for i = 125, j = 237 sucessfully passed !
	Initialyzed swapped data for i = 125, j = 238 sucessfully passed !
	Initialyzed swapped data for i = 125, j = 239 sucessfully passed !
	Initialyzed swapped data for i = 125, j = 240 sucessfully passed !
	Initialyzed swapped data for i = 125, j = 241 sucessfully passed !
	Initialyzed swapped data for i = 125, j = 242 sucessfully passed !
	Initialyzed swapped data for i = 125, j = 243 sucessfully passed !
	Initialyzed swapped data for i = 125, j = 244 sucessfully passed !
	Initialyzed swapped data for i = 125, j = 245 sucessfully passed !
	Initialyzed swapped data for i = 125, j = 246 sucessfully passed !
	Initialyzed swapped data for i = 125, j = 247 sucessfully passed !
	Initialyzed swapped data for i = 125, j = 248 sucessfully passed !
	Initialyzed swapped data for i = 125, j = 249 sucessfully passed !
	Initialyzed swapped data for i = 125, j = 250 sucessfully passed !
	Initialyzed swapped data for i = 125, j = 251 sucessfully passed !
	Initialyzed swapped data for i = 125, j = 252 sucessfully passed !
	Initialyzed swapped data for i = 125, j = 253 sucessfully passed !
	Initialyzed swapped data for i = 125, j = 254 sucessfully passed !
	Initialyzed swapped data for i = 125, j = 255 sucessfully passed !
	Initialyzed swapped data for i = 125, j = 256 sucessfully passed !
	Initialyzed swapped data for i = 125, j = 257 sucessfully passed !
	Initialyzed swapped data for i = 125, j = 258 sucessfully passed !
	Initialyzed swapped data for i = 125, j = 259 sucessfully passed !
	Initialyzed swapped data for i = 125, j = 260 sucessfully passed !
	Initialyzed swapped data for i = 125, j = 261 sucessfully passed !
	Initialyzed swapped data for i = 125, j = 262 sucessfully passed !
	Initialyzed swapped data for i = 125, j = 263 sucessfully passed !
	Initialyzed swapped data for i = 125, j = 264 sucessfully passed !
	Initialyzed swapped data for i = 125, j = 265 sucessfully passed !
	Initialyzed swapped data for i = 125, j = 266 sucessfully passed !
	Initialyzed swapped data for i = 125, j = 267 sucessfully passed !
	Initialyzed swapped data for i = 125, j = 268 sucessfully passed !
	Initialyzed swapped data for i = 125, j = 269 sucessfully passed !
	Initialyzed swapped data for i = 125, j = 270 sucessfully passed !
	Initialyzed swapped data for i = 125, j = 271 sucessfully passed !
	Initialyzed swapped data for i = 125, j = 272 sucessfully passed !
	Initialyzed swapped data for i = 125, j = 273 sucessfully passed !
	Initialyzed swapped data for i = 125, j = 274 sucessfully passed !
	Initialyzed swapped data for i = 125, j = 275 sucessfully passed !
	Initialyzed swapped data for i = 125, j = 276 sucessfully passed !
	Initialyzed swapped data for i = 125, j = 277 sucessfully passed !
	Initialyzed swapped data for i = 125, j = 278 sucessfully passed !
	Initialyzed swapped data for i = 125, j = 279 sucessfully passed !
	Initialyzed swapped data for i = 125, j = 280 sucessfully passed !
	Initialyzed swapped data for i = 125, j = 281 sucessfully passed !
	Initialyzed swapped data for i = 125, j = 282 sucessfully passed !
	Initialyzed swapped data for i = 125, j = 283 sucessfully passed !
	Initialyzed swapped data for i = 125, j = 284 sucessfully passed !
	Initialyzed swapped data for i = 125, j = 285 sucessfully passed !
	Initialyzed swapped data for i = 125, j = 286 sucessfully passed !
	Initialyzed swapped data for i = 125, j = 287 sucessfully passed !
	Initialyzed swapped data for i = 125, j = 288 sucessfully passed !
	Initialyzed swapped data for i = 125, j = 289 sucessfully passed !
	Initialyzed swapped data for i = 125, j = 290 sucessfully passed !
	Initialyzed swapped data for i = 125, j = 291 sucessfully passed !
	Initialyzed swapped data for i = 125, j = 292 sucessfully passed !
	Initialyzed swapped data for i = 125, j = 293 sucessfully passed !
	Initialyzed swapped data for i = 125, j = 294 sucessfully passed !
	Initialyzed swapped data for i = 125, j = 295 sucessfully passed !
	Initialyzed swapped data for i = 125, j = 296 sucessfully passed !
	Initialyzed swapped data for i = 125, j = 297 sucessfully passed !
	Initialyzed swapped data for i = 125, j = 298 sucessfully passed !
	Initialyzed swapped data for i = 125, j = 299 sucessfully passed !
	Initialyzed swapped data for i = 125, j = 300 sucessfully passed !
	Initialyzed swapped data for i = 125, j = 301 sucessfully passed !
	Initialyzed swapped data for i = 125, j = 302 sucessfully passed !
	Initialyzed swapped data for i = 125, j = 303 sucessfully passed !
	Initialyzed swapped data for i = 125, j = 304 sucessfully passed !
	Initialyzed swapped data for i = 125, j = 305 sucessfully passed !
	Initialyzed swapped data for i = 125, j = 306 sucessfully passed !
	Initialyzed swapped data for i = 125, j = 307 sucessfully passed !
	Initialyzed swapped data for i = 125, j = 308 sucessfully passed !
	Initialyzed swapped data for i = 125, j = 309 sucessfully passed !
	Initialyzed swapped data for i = 125, j = 310 sucessfully passed !
	Initialyzed swapped data for i = 125, j = 311 sucessfully passed !
	Initialyzed swapped data for i = 125, j = 312 sucessfully passed !
	Initialyzed swapped data for i = 125, j = 313 sucessfully passed !
	Initialyzed swapped data for i = 125, j = 314 sucessfully passed !
	Initialyzed swapped data for i = 125, j = 315 sucessfully passed !
	Initialyzed swapped data for i = 125, j = 316 sucessfully passed !
	Initialyzed swapped data for i = 125, j = 317 sucessfully passed !
	Initialyzed swapped data for i = 125, j = 318 sucessfully passed !
	Initialyzed swapped data for i = 125, j = 319 sucessfully passed !
	Initialyzed swapped data for i = 125, j = 320 sucessfully passed !
	Initialyzed swapped data for i = 125, j = 321 sucessfully passed !
	Initialyzed swapped data for i = 125, j = 322 sucessfully passed !
	Initialyzed swapped data for i = 125, j = 323 sucessfully passed !
	Initialyzed swapped data for i = 125, j = 324 sucessfully passed !
	Initialyzed swapped data for i = 125, j = 325 sucessfully passed !
	Initialyzed swapped data for i = 125, j = 326 sucessfully passed !
	Initialyzed swapped data for i = 125, j = 327 sucessfully passed !
	Initialyzed swapped data for i = 125, j = 328 sucessfully passed !
	Initialyzed swapped data for i = 125, j = 329 sucessfully passed !
	Initialyzed swapped data for i = 125, j = 330 sucessfully passed !
	Initialyzed swapped data for i = 125, j = 331 sucessfully passed !
	Initialyzed swapped data for i = 125, j = 332 sucessfully passed !
	Initialyzed swapped data for i = 125, j = 333 sucessfully passed !
	Initialyzed swapped data for i = 125, j = 334 sucessfully passed !
	Initialyzed swapped data for i = 125, j = 335 sucessfully passed !
	Initialyzed swapped data for i = 125, j = 336 sucessfully passed !
	Initialyzed swapped data for i = 125, j = 337 sucessfully passed !
	Initialyzed swapped data for i = 125, j = 338 sucessfully passed !
	Initialyzed swapped data for i = 125, j = 339 sucessfully passed !
	Initialyzed swapped data for i = 125, j = 340 sucessfully passed !
	Initialyzed swapped data for i = 125, j = 341 sucessfully passed !
	Initialyzed swapped data for i = 125, j = 342 sucessfully passed !
	Initialyzed swapped data for i = 125, j = 343 sucessfully passed !
	Initialyzed swapped data for i = 125, j = 344 sucessfully passed !
	Initialyzed swapped data for i = 125, j = 345 sucessfully passed !
	Initialyzed swapped data for i = 125, j = 346 sucessfully passed !
	Initialyzed swapped data for i = 125, j = 347 sucessfully passed !
	Initialyzed swapped data for i = 125, j = 348 sucessfully passed !
	Initialyzed swapped data for i = 125, j = 349 sucessfully passed !
	Initialyzed swapped data for i = 125, j = 350 sucessfully passed !
	Initialyzed swapped data for i = 125, j = 351 sucessfully passed !
	Initialyzed swapped data for i = 125, j = 352 sucessfully passed !
	Initialyzed swapped data for i = 125, j = 353 sucessfully passed !
	Initialyzed swapped data for i = 125, j = 354 sucessfully passed !
	Initialyzed swapped data for i = 125, j = 355 sucessfully passed !
	Initialyzed swapped data for i = 125, j = 356 sucessfully passed !
	Initialyzed swapped data for i = 125, j = 357 sucessfully passed !
	Initialyzed swapped data for i = 125, j = 358 sucessfully passed !
	Initialyzed swapped data for i = 125, j = 359 sucessfully passed !
	Initialyzed swapped data for i = 125, j = 360 sucessfully passed !
	Initialyzed swapped data for i = 125, j = 361 sucessfully passed !
	Initialyzed swapped data for i = 125, j = 362 sucessfully passed !
	Initialyzed swapped data for i = 125, j = 363 sucessfully passed !
	Initialyzed swapped data for i = 125, j = 364 sucessfully passed !
	Initialyzed swapped data for i = 125, j = 365 sucessfully passed !
	Initialyzed swapped data for i = 125, j = 366 sucessfully passed !
	Initialyzed swapped data for i = 125, j = 367 sucessfully passed !
	Initialyzed swapped data for i = 125, j = 368 sucessfully passed !
	Initialyzed swapped data for i = 125, j = 369 sucessfully passed !
	Initialyzed swapped data for i = 125, j = 370 sucessfully passed !
	Initialyzed swapped data for i = 125, j = 371 sucessfully passed !
	Initialyzed swapped data for i = 125, j = 372 sucessfully passed !
	Initialyzed swapped data for i = 125, j = 373 sucessfully passed !
	Initialyzed swapped data for i = 125, j = 374 sucessfully passed !
	Initialyzed swapped data for i = 125, j = 375 sucessfully passed !
	Initialyzed swapped data for i = 125, j = 376 sucessfully passed !
	Initialyzed swapped data for i = 125, j = 377 sucessfully passed !
	Initialyzed swapped data for i = 125, j = 378 sucessfully passed !
	Initialyzed swapped data for i = 125, j = 379 sucessfully passed !
	Initialyzed swapped data for i = 125, j = 380 sucessfully passed !
	Initialyzed swapped data for i = 125, j = 381 sucessfully passed !
	Initialyzed swapped data for i = 125, j = 382 sucessfully passed !
	Initialyzed swapped data for i = 125, j = 383 sucessfully passed !
	Initialyzed swapped data for i = 125, j = 384 sucessfully passed !
	Initialyzed swapped data for i = 125, j = 385 sucessfully passed !
	Initialyzed swapped data for i = 125, j = 386 sucessfully passed !
	Initialyzed swapped data for i = 125, j = 387 sucessfully passed !
	Initialyzed swapped data for i = 125, j = 388 sucessfully passed !
	Initialyzed swapped data for i = 125, j = 389 sucessfully passed !
	Initialyzed swapped data for i = 125, j = 390 sucessfully passed !
	Initialyzed swapped data for i = 125, j = 391 sucessfully passed !
	Initialyzed swapped data for i = 125, j = 392 sucessfully passed !
	Initialyzed swapped data for i = 125, j = 393 sucessfully passed !
	Initialyzed swapped data for i = 125, j = 394 sucessfully passed !
	Initialyzed swapped data for i = 125, j = 395 sucessfully passed !
	Initialyzed swapped data for i = 125, j = 396 sucessfully passed !
	Initialyzed swapped data for i = 125, j = 397 sucessfully passed !
	Initialyzed swapped data for i = 125, j = 398 sucessfully passed !
	Initialyzed swapped data for i = 125, j = 399 sucessfully passed !
	Initialyzed swapped data for i = 125, j = 400 sucessfully passed !
	Initialyzed swapped data for i = 125, j = 401 sucessfully passed !
	Initialyzed swapped data for i = 125, j = 402 sucessfully passed !
	Initialyzed swapped data for i = 125, j = 403 sucessfully passed !
	Initialyzed swapped data for i = 125, j = 404 sucessfully passed !
	Initialyzed swapped data for i = 125, j = 405 sucessfully passed !
	Initialyzed swapped data for i = 125, j = 406 sucessfully passed !
	Initialyzed swapped data for i = 125, j = 407 sucessfully passed !
	Initialyzed swapped data for i = 125, j = 408 sucessfully passed !
	Initialyzed swapped data for i = 125, j = 409 sucessfully passed !
	Initialyzed swapped data for i = 125, j = 410 sucessfully passed !
	Initialyzed swapped data for i = 125, j = 411 sucessfully passed !
	Initialyzed swapped data for i = 125, j = 412 sucessfully passed !
	Initialyzed swapped data for i = 125, j = 413 sucessfully passed !
	Initialyzed swapped data for i = 125, j = 414 sucessfully passed !
	Initialyzed swapped data for i = 125, j = 415 sucessfully passed !
	Initialyzed swapped data for i = 125, j = 416 sucessfully passed !
	Initialyzed swapped data for i = 125, j = 417 sucessfully passed !
	Initialyzed swapped data for i = 125, j = 418 sucessfully passed !
	Initialyzed swapped data for i = 125, j = 419 sucessfully passed !
	Initialyzed swapped data for i = 125, j = 420 sucessfully passed !
	Initialyzed swapped data for i = 125, j = 421 sucessfully passed !
	Initialyzed swapped data for i = 125, j = 422 sucessfully passed !
	Initialyzed swapped data for i = 125, j = 423 sucessfully passed !
	Initialyzed swapped data for i = 125, j = 424 sucessfully passed !
	Initialyzed swapped data for i = 125, j = 425 sucessfully passed !
	Initialyzed swapped data for i = 125, j = 426 sucessfully passed !
	Initialyzed swapped data for i = 125, j = 427 sucessfully passed !
	Initialyzed swapped data for i = 125, j = 428 sucessfully passed !
	Initialyzed swapped data for i = 125, j = 429 sucessfully passed !
	Initialyzed swapped data for i = 125, j = 430 sucessfully passed !
	Initialyzed swapped data for i = 125, j = 431 sucessfully passed !
	Initialyzed swapped data for i = 125, j = 432 sucessfully passed !
	Initialyzed swapped data for i = 125, j = 433 sucessfully passed !
	Initialyzed swapped data for i = 126, j = 127 sucessfully passed !
	Initialyzed swapped data for i = 126, j = 128 sucessfully passed !
	Initialyzed swapped data for i = 126, j = 129 sucessfully passed !
	Initialyzed swapped data for i = 126, j = 130 sucessfully passed !
	Initialyzed swapped data for i = 126, j = 131 sucessfully passed !
	Initialyzed swapped data for i = 126, j = 132 sucessfully passed !
	Initialyzed swapped data for i = 126, j = 133 sucessfully passed !
	Initialyzed swapped data for i = 126, j = 134 sucessfully passed !
	Initialyzed swapped data for i = 126, j = 135 sucessfully passed !
	Initialyzed swapped data for i = 126, j = 136 sucessfully passed !
	Initialyzed swapped data for i = 126, j = 137 sucessfully passed !
	Initialyzed swapped data for i = 126, j = 138 sucessfully passed !
	Initialyzed swapped data for i = 126, j = 139 sucessfully passed !
	Initialyzed swapped data for i = 126, j = 140 sucessfully passed !
	Initialyzed swapped data for i = 126, j = 141 sucessfully passed !
	Initialyzed swapped data for i = 126, j = 142 sucessfully passed !
	Initialyzed swapped data for i = 126, j = 143 sucessfully passed !
	Initialyzed swapped data for i = 126, j = 144 sucessfully passed !
	Initialyzed swapped data for i = 126, j = 145 sucessfully passed !
	Initialyzed swapped data for i = 126, j = 146 sucessfully passed !
	Initialyzed swapped data for i = 126, j = 147 sucessfully passed !
	Initialyzed swapped data for i = 126, j = 148 sucessfully passed !
	Initialyzed swapped data for i = 126, j = 149 sucessfully passed !
	Initialyzed swapped data for i = 126, j = 150 sucessfully passed !
	Initialyzed swapped data for i = 126, j = 151 sucessfully passed !
	Initialyzed swapped data for i = 126, j = 152 sucessfully passed !
	Initialyzed swapped data for i = 126, j = 153 sucessfully passed !
	Initialyzed swapped data for i = 126, j = 154 sucessfully passed !
	Initialyzed swapped data for i = 126, j = 155 sucessfully passed !
	Initialyzed swapped data for i = 126, j = 156 sucessfully passed !
	Initialyzed swapped data for i = 126, j = 157 sucessfully passed !
	Initialyzed swapped data for i = 126, j = 158 sucessfully passed !
	Initialyzed swapped data for i = 126, j = 159 sucessfully passed !
	Initialyzed swapped data for i = 126, j = 160 sucessfully passed !
	Initialyzed swapped data for i = 126, j = 161 sucessfully passed !
	Initialyzed swapped data for i = 126, j = 162 sucessfully passed !
	Initialyzed swapped data for i = 126, j = 163 sucessfully passed !
	Initialyzed swapped data for i = 126, j = 164 sucessfully passed !
	Initialyzed swapped data for i = 126, j = 165 sucessfully passed !
	Initialyzed swapped data for i = 126, j = 166 sucessfully passed !
	Initialyzed swapped data for i = 126, j = 167 sucessfully passed !
	Initialyzed swapped data for i = 126, j = 168 sucessfully passed !
	Initialyzed swapped data for i = 126, j = 169 sucessfully passed !
	Initialyzed swapped data for i = 126, j = 170 sucessfully passed !
	Initialyzed swapped data for i = 126, j = 171 sucessfully passed !
	Initialyzed swapped data for i = 126, j = 172 sucessfully passed !
	Initialyzed swapped data for i = 126, j = 173 sucessfully passed !
	Initialyzed swapped data for i = 126, j = 174 sucessfully passed !
	Initialyzed swapped data for i = 126, j = 175 sucessfully passed !
	Initialyzed swapped data for i = 126, j = 176 sucessfully passed !
	Initialyzed swapped data for i = 126, j = 177 sucessfully passed !
	Initialyzed swapped data for i = 126, j = 178 sucessfully passed !
	Initialyzed swapped data for i = 126, j = 179 sucessfully passed !
	Initialyzed swapped data for i = 126, j = 180 sucessfully passed !
	Initialyzed swapped data for i = 126, j = 181 sucessfully passed !
	Initialyzed swapped data for i = 126, j = 182 sucessfully passed !
	Initialyzed swapped data for i = 126, j = 183 sucessfully passed !
	Initialyzed swapped data for i = 126, j = 184 sucessfully passed !
	Initialyzed swapped data for i = 126, j = 185 sucessfully passed !
	Initialyzed swapped data for i = 126, j = 186 sucessfully passed !
	Initialyzed swapped data for i = 126, j = 187 sucessfully passed !
	Initialyzed swapped data for i = 126, j = 188 sucessfully passed !
	Initialyzed swapped data for i = 126, j = 189 sucessfully passed !
	Initialyzed swapped data for i = 126, j = 190 sucessfully passed !
	Initialyzed swapped data for i = 126, j = 191 sucessfully passed !
	Initialyzed swapped data for i = 126, j = 192 sucessfully passed !
	Initialyzed swapped data for i = 126, j = 193 sucessfully passed !
	Initialyzed swapped data for i = 126, j = 194 sucessfully passed !
	Initialyzed swapped data for i = 126, j = 195 sucessfully passed !
	Initialyzed swapped data for i = 126, j = 196 sucessfully passed !
	Initialyzed swapped data for i = 126, j = 197 sucessfully passed !
	Initialyzed swapped data for i = 126, j = 198 sucessfully passed !
	Initialyzed swapped data for i = 126, j = 199 sucessfully passed !
	Initialyzed swapped data for i = 126, j = 200 sucessfully passed !
	Initialyzed swapped data for i = 126, j = 201 sucessfully passed !
	Initialyzed swapped data for i = 126, j = 202 sucessfully passed !
	Initialyzed swapped data for i = 126, j = 203 sucessfully passed !
	Initialyzed swapped data for i = 126, j = 204 sucessfully passed !
	Initialyzed swapped data for i = 126, j = 205 sucessfully passed !
	Initialyzed swapped data for i = 126, j = 206 sucessfully passed !
	Initialyzed swapped data for i = 126, j = 207 sucessfully passed !
	Initialyzed swapped data for i = 126, j = 208 sucessfully passed !
	Initialyzed swapped data for i = 126, j = 209 sucessfully passed !
	Initialyzed swapped data for i = 126, j = 210 sucessfully passed !
	Initialyzed swapped data for i = 126, j = 211 sucessfully passed !
	Initialyzed swapped data for i = 126, j = 212 sucessfully passed !
	Initialyzed swapped data for i = 126, j = 213 sucessfully passed !
	Initialyzed swapped data for i = 126, j = 214 sucessfully passed !
	Initialyzed swapped data for i = 126, j = 215 sucessfully passed !
	Initialyzed swapped data for i = 126, j = 216 sucessfully passed !
	Initialyzed swapped data for i = 126, j = 217 sucessfully passed !
	Initialyzed swapped data for i = 126, j = 218 sucessfully passed !
	Initialyzed swapped data for i = 126, j = 219 sucessfully passed !
	Initialyzed swapped data for i = 126, j = 220 sucessfully passed !
	Initialyzed swapped data for i = 126, j = 221 sucessfully passed !
	Initialyzed swapped data for i = 126, j = 222 sucessfully passed !
	Initialyzed swapped data for i = 126, j = 223 sucessfully passed !
	Initialyzed swapped data for i = 126, j = 224 sucessfully passed !
	Initialyzed swapped data for i = 126, j = 225 sucessfully passed !
	Initialyzed swapped data for i = 126, j = 226 sucessfully passed !
	Initialyzed swapped data for i = 126, j = 227 sucessfully passed !
	Initialyzed swapped data for i = 126, j = 228 sucessfully passed !
	Initialyzed swapped data for i = 126, j = 229 sucessfully passed !
	Initialyzed swapped data for i = 126, j = 230 sucessfully passed !
	Initialyzed swapped data for i = 126, j = 231 sucessfully passed !
	Initialyzed swapped data for i = 126, j = 232 sucessfully passed !
	Initialyzed swapped data for i = 126, j = 233 sucessfully passed !
	Initialyzed swapped data for i = 126, j = 234 sucessfully passed !
	Initialyzed swapped data for i = 126, j = 235 sucessfully passed !
	Initialyzed swapped data for i = 126, j = 236 sucessfully passed !
	Initialyzed swapped data for i = 126, j = 237 sucessfully passed !
	Initialyzed swapped data for i = 126, j = 238 sucessfully passed !
	Initialyzed swapped data for i = 126, j = 239 sucessfully passed !
	Initialyzed swapped data for i = 126, j = 240 sucessfully passed !
	Initialyzed swapped data for i = 126, j = 241 sucessfully passed !
	Initialyzed swapped data for i = 126, j = 242 sucessfully passed !
	Initialyzed swapped data for i = 126, j = 243 sucessfully passed !
	Initialyzed swapped data for i = 126, j = 244 sucessfully passed !
	Initialyzed swapped data for i = 126, j = 245 sucessfully passed !
	Initialyzed swapped data for i = 126, j = 246 sucessfully passed !
	Initialyzed swapped data for i = 126, j = 247 sucessfully passed !
	Initialyzed swapped data for i = 126, j = 248 sucessfully passed !
	Initialyzed swapped data for i = 126, j = 249 sucessfully passed !
	Initialyzed swapped data for i = 126, j = 250 sucessfully passed !
	Initialyzed swapped data for i = 126, j = 251 sucessfully passed !
	Initialyzed swapped data for i = 126, j = 252 sucessfully passed !
	Initialyzed swapped data for i = 126, j = 253 sucessfully passed !
	Initialyzed swapped data for i = 126, j = 254 sucessfully passed !
	Initialyzed swapped data for i = 126, j = 255 sucessfully passed !
	Initialyzed swapped data for i = 126, j = 256 sucessfully passed !
	Initialyzed swapped data for i = 126, j = 257 sucessfully passed !
	Initialyzed swapped data for i = 126, j = 258 sucessfully passed !
	Initialyzed swapped data for i = 126, j = 259 sucessfully passed !
	Initialyzed swapped data for i = 126, j = 260 sucessfully passed !
	Initialyzed swapped data for i = 126, j = 261 sucessfully passed !
	Initialyzed swapped data for i = 126, j = 262 sucessfully passed !
	Initialyzed swapped data for i = 126, j = 263 sucessfully passed !
	Initialyzed swapped data for i = 126, j = 264 sucessfully passed !
	Initialyzed swapped data for i = 126, j = 265 sucessfully passed !
	Initialyzed swapped data for i = 126, j = 266 sucessfully passed !
	Initialyzed swapped data for i = 126, j = 267 sucessfully passed !
	Initialyzed swapped data for i = 126, j = 268 sucessfully passed !
	Initialyzed swapped data for i = 126, j = 269 sucessfully passed !
	Initialyzed swapped data for i = 126, j = 270 sucessfully passed !
	Initialyzed swapped data for i = 126, j = 271 sucessfully passed !
	Initialyzed swapped data for i = 126, j = 272 sucessfully passed !
	Initialyzed swapped data for i = 126, j = 273 sucessfully passed !
	Initialyzed swapped data for i = 126, j = 274 sucessfully passed !
	Initialyzed swapped data for i = 126, j = 275 sucessfully passed !
	Initialyzed swapped data for i = 126, j = 276 sucessfully passed !
	Initialyzed swapped data for i = 126, j = 277 sucessfully passed !
	Initialyzed swapped data for i = 126, j = 278 sucessfully passed !
	Initialyzed swapped data for i = 126, j = 279 sucessfully passed !
	Initialyzed swapped data for i = 126, j = 280 sucessfully passed !
	Initialyzed swapped data for i = 126, j = 281 sucessfully passed !
	Initialyzed swapped data for i = 126, j = 282 sucessfully passed !
	Initialyzed swapped data for i = 126, j = 283 sucessfully passed !
	Initialyzed swapped data for i = 126, j = 284 sucessfully passed !
	Initialyzed swapped data for i = 126, j = 285 sucessfully passed !
	Initialyzed swapped data for i = 126, j = 286 sucessfully passed !
	Initialyzed swapped data for i = 126, j = 287 sucessfully passed !
	Initialyzed swapped data for i = 126, j = 288 sucessfully passed !
	Initialyzed swapped data for i = 126, j = 289 sucessfully passed !
	Initialyzed swapped data for i = 126, j = 290 sucessfully passed !
	Initialyzed swapped data for i = 126, j = 291 sucessfully passed !
	Initialyzed swapped data for i = 126, j = 292 sucessfully passed !
	Initialyzed swapped data for i = 126, j = 293 sucessfully passed !
	Initialyzed swapped data for i = 126, j = 294 sucessfully passed !
	Initialyzed swapped data for i = 126, j = 295 sucessfully passed !
	Initialyzed swapped data for i = 126, j = 296 sucessfully passed !
	Initialyzed swapped data for i = 126, j = 297 sucessfully passed !
	Initialyzed swapped data for i = 126, j = 298 sucessfully passed !
	Initialyzed swapped data for i = 126, j = 299 sucessfully passed !
	Initialyzed swapped data for i = 126, j = 300 sucessfully passed !
	Initialyzed swapped data for i = 126, j = 301 sucessfully passed !
	Initialyzed swapped data for i = 126, j = 302 sucessfully passed !
	Initialyzed swapped data for i = 126, j = 303 sucessfully passed !
	Initialyzed swapped data for i = 126, j = 304 sucessfully passed !
	Initialyzed swapped data for i = 126, j = 305 sucessfully passed !
	Initialyzed swapped data for i = 126, j = 306 sucessfully passed !
	Initialyzed swapped data for i = 126, j = 307 sucessfully passed !
	Initialyzed swapped data for i = 126, j = 308 sucessfully passed !
	Initialyzed swapped data for i = 126, j = 309 sucessfully passed !
	Initialyzed swapped data for i = 126, j = 310 sucessfully passed !
	Initialyzed swapped data for i = 126, j = 311 sucessfully passed !
	Initialyzed swapped data for i = 126, j = 312 sucessfully passed !
	Initialyzed swapped data for i = 126, j = 313 sucessfully passed !
	Initialyzed swapped data for i = 126, j = 314 sucessfully passed !
	Initialyzed swapped data for i = 126, j = 315 sucessfully passed !
	Initialyzed swapped data for i = 126, j = 316 sucessfully passed !
	Initialyzed swapped data for i = 126, j = 317 sucessfully passed !
	Initialyzed swapped data for i = 126, j = 318 sucessfully passed !
	Initialyzed swapped data for i = 126, j = 319 sucessfully passed !
	Initialyzed swapped data for i = 126, j = 320 sucessfully passed !
	Initialyzed swapped data for i = 126, j = 321 sucessfully passed !
	Initialyzed swapped data for i = 126, j = 322 sucessfully passed !
	Initialyzed swapped data for i = 126, j = 323 sucessfully passed !
	Initialyzed swapped data for i = 126, j = 324 sucessfully passed !
	Initialyzed swapped data for i = 126, j = 325 sucessfully passed !
	Initialyzed swapped data for i = 126, j = 326 sucessfully passed !
	Initialyzed swapped data for i = 126, j = 327 sucessfully passed !
	Initialyzed swapped data for i = 126, j = 328 sucessfully passed !
	Initialyzed swapped data for i = 126, j = 329 sucessfully passed !
	Initialyzed swapped data for i = 126, j = 330 sucessfully passed !
	Initialyzed swapped data for i = 126, j = 331 sucessfully passed !
	Initialyzed swapped data for i = 126, j = 332 sucessfully passed !
	Initialyzed swapped data for i = 126, j = 333 sucessfully passed !
	Initialyzed swapped data for i = 126, j = 334 sucessfully passed !
	Initialyzed swapped data for i = 126, j = 335 sucessfully passed !
	Initialyzed swapped data for i = 126, j = 336 sucessfully passed !
	Initialyzed swapped data for i = 126, j = 337 sucessfully passed !
	Initialyzed swapped data for i = 126, j = 338 sucessfully passed !
	Initialyzed swapped data for i = 126, j = 339 sucessfully passed !
	Initialyzed swapped data for i = 126, j = 340 sucessfully passed !
	Initialyzed swapped data for i = 126, j = 341 sucessfully passed !
	Initialyzed swapped data for i = 126, j = 342 sucessfully passed !
	Initialyzed swapped data for i = 126, j = 343 sucessfully passed !
	Initialyzed swapped data for i = 126, j = 344 sucessfully passed !
	Initialyzed swapped data for i = 126, j = 345 sucessfully passed !
	Initialyzed swapped data for i = 126, j = 346 sucessfully passed !
	Initialyzed swapped data for i = 126, j = 347 sucessfully passed !
	Initialyzed swapped data for i = 126, j = 348 sucessfully passed !
	Initialyzed swapped data for i = 126, j = 349 sucessfully passed !
	Initialyzed swapped data for i = 126, j = 350 sucessfully passed !
	Initialyzed swapped data for i = 126, j = 351 sucessfully passed !
	Initialyzed swapped data for i = 126, j = 352 sucessfully passed !
	Initialyzed swapped data for i = 126, j = 353 sucessfully passed !
	Initialyzed swapped data for i = 126, j = 354 sucessfully passed !
	Initialyzed swapped data for i = 126, j = 355 sucessfully passed !
	Initialyzed swapped data for i = 126, j = 356 sucessfully passed !
	Initialyzed swapped data for i = 126, j = 357 sucessfully passed !
	Initialyzed swapped data for i = 126, j = 358 sucessfully passed !
	Initialyzed swapped data for i = 126, j = 359 sucessfully passed !
	Initialyzed swapped data for i = 126, j = 360 sucessfully passed !
	Initialyzed swapped data for i = 126, j = 361 sucessfully passed !
	Initialyzed swapped data for i = 126, j = 362 sucessfully passed !
	Initialyzed swapped data for i = 126, j = 363 sucessfully passed !
	Initialyzed swapped data for i = 126, j = 364 sucessfully passed !
	Initialyzed swapped data for i = 126, j = 365 sucessfully passed !
	Initialyzed swapped data for i = 126, j = 366 sucessfully passed !
	Initialyzed swapped data for i = 126, j = 367 sucessfully passed !
	Initialyzed swapped data for i = 126, j = 368 sucessfully passed !
	Initialyzed swapped data for i = 126, j = 369 sucessfully passed !
	Initialyzed swapped data for i = 126, j = 370 sucessfully passed !
	Initialyzed swapped data for i = 126, j = 371 sucessfully passed !
	Initialyzed swapped data for i = 126, j = 372 sucessfully passed !
	Initialyzed swapped data for i = 126, j = 373 sucessfully passed !
	Initialyzed swapped data for i = 126, j = 374 sucessfully passed !
	Initialyzed swapped data for i = 126, j = 375 sucessfully passed !
	Initialyzed swapped data for i = 126, j = 376 sucessfully passed !
	Initialyzed swapped data for i = 126, j = 377 sucessfully passed !
	Initialyzed swapped data for i = 126, j = 378 sucessfully passed !
	Initialyzed swapped data for i = 126, j = 379 sucessfully passed !
	Initialyzed swapped data for i = 126, j = 380 sucessfully passed !
	Initialyzed swapped data for i = 126, j = 381 sucessfully passed !
	Initialyzed swapped data for i = 126, j = 382 sucessfully passed !
	Initialyzed swapped data for i = 126, j = 383 sucessfully passed !
	Initialyzed swapped data for i = 126, j = 384 sucessfully passed !
	Initialyzed swapped data for i = 126, j = 385 sucessfully passed !
	Initialyzed swapped data for i = 126, j = 386 sucessfully passed !
	Initialyzed swapped data for i = 126, j = 387 sucessfully passed !
	Initialyzed swapped data for i = 126, j = 388 sucessfully passed !
	Initialyzed swapped data for i = 126, j = 389 sucessfully passed !
	Initialyzed swapped data for i = 126, j = 390 sucessfully passed !
	Initialyzed swapped data for i = 126, j = 391 sucessfully passed !
	Initialyzed swapped data for i = 126, j = 392 sucessfully passed !
	Initialyzed swapped data for i = 126, j = 393 sucessfully passed !
	Initialyzed swapped data for i = 126, j = 394 sucessfully passed !
	Initialyzed swapped data for i = 126, j = 395 sucessfully passed !
	Initialyzed swapped data for i = 126, j = 396 sucessfully passed !
	Initialyzed swapped data for i = 126, j = 397 sucessfully passed !
	Initialyzed swapped data for i = 126, j = 398 sucessfully passed !
	Initialyzed swapped data for i = 126, j = 399 sucessfully passed !
	Initialyzed swapped data for i = 126, j = 400 sucessfully passed !
	Initialyzed swapped data for i = 126, j = 401 sucessfully passed !
	Initialyzed swapped data for i = 126, j = 402 sucessfully passed !
	Initialyzed swapped data for i = 126, j = 403 sucessfully passed !
	Initialyzed swapped data for i = 126, j = 404 sucessfully passed !
	Initialyzed swapped data for i = 126, j = 405 sucessfully passed !
	Initialyzed swapped data for i = 126, j = 406 sucessfully passed !
	Initialyzed swapped data for i = 126, j = 407 sucessfully passed !
	Initialyzed swapped data for i = 126, j = 408 sucessfully passed !
	Initialyzed swapped data for i = 126, j = 409 sucessfully passed !
	Initialyzed swapped data for i = 126, j = 410 sucessfully passed !
	Initialyzed swapped data for i = 126, j = 411 sucessfully passed !
	Initialyzed swapped data for i = 126, j = 412 sucessfully passed !
	Initialyzed swapped data for i = 126, j = 413 sucessfully passed !
	Initialyzed swapped data for i = 126, j = 414 sucessfully passed !
	Initialyzed swapped data for i = 126, j = 415 sucessfully passed !
	Initialyzed swapped data for i = 126, j = 416 sucessfully passed !
	Initialyzed swapped data for i = 126, j = 417 sucessfully passed !
	Initialyzed swapped data for i = 126, j = 418 sucessfully passed !
	Initialyzed swapped data for i = 126, j = 419 sucessfully passed !
	Initialyzed swapped data for i = 126, j = 420 sucessfully passed !
	Initialyzed swapped data for i = 126, j = 421 sucessfully passed !
	Initialyzed swapped data for i = 126, j = 422 sucessfully passed !
	Initialyzed swapped data for i = 126, j = 423 sucessfully passed !
	Initialyzed swapped data for i = 126, j = 424 sucessfully passed !
	Initialyzed swapped data for i = 126, j = 425 sucessfully passed !
	Initialyzed swapped data for i = 126, j = 426 sucessfully passed !
	Initialyzed swapped data for i = 126, j = 427 sucessfully passed !
	Initialyzed swapped data for i = 126, j = 428 sucessfully passed !
	Initialyzed swapped data for i = 126, j = 429 sucessfully passed !
	Initialyzed swapped data for i = 126, j = 430 sucessfully passed !
	Initialyzed swapped data for i = 126, j = 431 sucessfully passed !
	Initialyzed swapped data for i = 126, j = 432 sucessfully passed !
	Initialyzed swapped data for i = 126, j = 433 sucessfully passed !
	Initialyzed swapped data for i = 127, j = 128 sucessfully passed !
	Initialyzed swapped data for i = 127, j = 129 sucessfully passed !
	Initialyzed swapped data for i = 127, j = 130 sucessfully passed !
	Initialyzed swapped data for i = 127, j = 131 sucessfully passed !
	Initialyzed swapped data for i = 127, j = 132 sucessfully passed !
	Initialyzed swapped data for i = 127, j = 133 sucessfully passed !
	Initialyzed swapped data for i = 127, j = 134 sucessfully passed !
	Initialyzed swapped data for i = 127, j = 135 sucessfully passed !
	Initialyzed swapped data for i = 127, j = 136 sucessfully passed !
	Initialyzed swapped data for i = 127, j = 137 sucessfully passed !
	Initialyzed swapped data for i = 127, j = 138 sucessfully passed !
	Initialyzed swapped data for i = 127, j = 139 sucessfully passed !
	Initialyzed swapped data for i = 127, j = 140 sucessfully passed !
	Initialyzed swapped data for i = 127, j = 141 sucessfully passed !
	Initialyzed swapped data for i = 127, j = 142 sucessfully passed !
	Initialyzed swapped data for i = 127, j = 143 sucessfully passed !
	Initialyzed swapped data for i = 127, j = 144 sucessfully passed !
	Initialyzed swapped data for i = 127, j = 145 sucessfully passed !
	Initialyzed swapped data for i = 127, j = 146 sucessfully passed !
	Initialyzed swapped data for i = 127, j = 147 sucessfully passed !
	Initialyzed swapped data for i = 127, j = 148 sucessfully passed !
	Initialyzed swapped data for i = 127, j = 149 sucessfully passed !
	Initialyzed swapped data for i = 127, j = 150 sucessfully passed !
	Initialyzed swapped data for i = 127, j = 151 sucessfully passed !
	Initialyzed swapped data for i = 127, j = 152 sucessfully passed !
	Initialyzed swapped data for i = 127, j = 153 sucessfully passed !
	Initialyzed swapped data for i = 127, j = 154 sucessfully passed !
	Initialyzed swapped data for i = 127, j = 155 sucessfully passed !
	Initialyzed swapped data for i = 127, j = 156 sucessfully passed !
	Initialyzed swapped data for i = 127, j = 157 sucessfully passed !
	Initialyzed swapped data for i = 127, j = 158 sucessfully passed !
	Initialyzed swapped data for i = 127, j = 159 sucessfully passed !
	Initialyzed swapped data for i = 127, j = 160 sucessfully passed !
	Initialyzed swapped data for i = 127, j = 161 sucessfully passed !
	Initialyzed swapped data for i = 127, j = 162 sucessfully passed !
	Initialyzed swapped data for i = 127, j = 163 sucessfully passed !
	Initialyzed swapped data for i = 127, j = 164 sucessfully passed !
	Initialyzed swapped data for i = 127, j = 165 sucessfully passed !
	Initialyzed swapped data for i = 127, j = 166 sucessfully passed !
	Initialyzed swapped data for i = 127, j = 167 sucessfully passed !
	Initialyzed swapped data for i = 127, j = 168 sucessfully passed !
	Initialyzed swapped data for i = 127, j = 169 sucessfully passed !
	Initialyzed swapped data for i = 127, j = 170 sucessfully passed !
	Initialyzed swapped data for i = 127, j = 171 sucessfully passed !
	Initialyzed swapped data for i = 127, j = 172 sucessfully passed !
	Initialyzed swapped data for i = 127, j = 173 sucessfully passed !
	Initialyzed swapped data for i = 127, j = 174 sucessfully passed !
	Initialyzed swapped data for i = 127, j = 175 sucessfully passed !
	Initialyzed swapped data for i = 127, j = 176 sucessfully passed !
	Initialyzed swapped data for i = 127, j = 177 sucessfully passed !
	Initialyzed swapped data for i = 127, j = 178 sucessfully passed !
	Initialyzed swapped data for i = 127, j = 179 sucessfully passed !
	Initialyzed swapped data for i = 127, j = 180 sucessfully passed !
	Initialyzed swapped data for i = 127, j = 181 sucessfully passed !
	Initialyzed swapped data for i = 127, j = 182 sucessfully passed !
	Initialyzed swapped data for i = 127, j = 183 sucessfully passed !
	Initialyzed swapped data for i = 127, j = 184 sucessfully passed !
	Initialyzed swapped data for i = 127, j = 185 sucessfully passed !
	Initialyzed swapped data for i = 127, j = 186 sucessfully passed !
	Initialyzed swapped data for i = 127, j = 187 sucessfully passed !
	Initialyzed swapped data for i = 127, j = 188 sucessfully passed !
	Initialyzed swapped data for i = 127, j = 189 sucessfully passed !
	Initialyzed swapped data for i = 127, j = 190 sucessfully passed !
	Initialyzed swapped data for i = 127, j = 191 sucessfully passed !
	Initialyzed swapped data for i = 127, j = 192 sucessfully passed !
	Initialyzed swapped data for i = 127, j = 193 sucessfully passed !
	Initialyzed swapped data for i = 127, j = 194 sucessfully passed !
	Initialyzed swapped data for i = 127, j = 195 sucessfully passed !
	Initialyzed swapped data for i = 127, j = 196 sucessfully passed !
	Initialyzed swapped data for i = 127, j = 197 sucessfully passed !
	Initialyzed swapped data for i = 127, j = 198 sucessfully passed !
	Initialyzed swapped data for i = 127, j = 199 sucessfully passed !
	Initialyzed swapped data for i = 127, j = 200 sucessfully passed !
	Initialyzed swapped data for i = 127, j = 201 sucessfully passed !
	Initialyzed swapped data for i = 127, j = 202 sucessfully passed !
	Initialyzed swapped data for i = 127, j = 203 sucessfully passed !
	Initialyzed swapped data for i = 127, j = 204 sucessfully passed !
	Initialyzed swapped data for i = 127, j = 205 sucessfully passed !
	Initialyzed swapped data for i = 127, j = 206 sucessfully passed !
	Initialyzed swapped data for i = 127, j = 207 sucessfully passed !
	Initialyzed swapped data for i = 127, j = 208 sucessfully passed !
	Initialyzed swapped data for i = 127, j = 209 sucessfully passed !
	Initialyzed swapped data for i = 127, j = 210 sucessfully passed !
	Initialyzed swapped data for i = 127, j = 211 sucessfully passed !
	Initialyzed swapped data for i = 127, j = 212 sucessfully passed !
	Initialyzed swapped data for i = 127, j = 213 sucessfully passed !
	Initialyzed swapped data for i = 127, j = 214 sucessfully passed !
	Initialyzed swapped data for i = 127, j = 215 sucessfully passed !
	Initialyzed swapped data for i = 127, j = 216 sucessfully passed !
	Initialyzed swapped data for i = 127, j = 217 sucessfully passed !
	Initialyzed swapped data for i = 127, j = 218 sucessfully passed !
	Initialyzed swapped data for i = 127, j = 219 sucessfully passed !
	Initialyzed swapped data for i = 127, j = 220 sucessfully passed !
	Initialyzed swapped data for i = 127, j = 221 sucessfully passed !
	Initialyzed swapped data for i = 127, j = 222 sucessfully passed !
	Initialyzed swapped data for i = 127, j = 223 sucessfully passed !
	Initialyzed swapped data for i = 127, j = 224 sucessfully passed !
	Initialyzed swapped data for i = 127, j = 225 sucessfully passed !
	Initialyzed swapped data for i = 127, j = 226 sucessfully passed !
	Initialyzed swapped data for i = 127, j = 227 sucessfully passed !
	Initialyzed swapped data for i = 127, j = 228 sucessfully passed !
	Initialyzed swapped data for i = 127, j = 229 sucessfully passed !
	Initialyzed swapped data for i = 127, j = 230 sucessfully passed !
	Initialyzed swapped data for i = 127, j = 231 sucessfully passed !
	Initialyzed swapped data for i = 127, j = 232 sucessfully passed !
	Initialyzed swapped data for i = 127, j = 233 sucessfully passed !
	Initialyzed swapped data for i = 127, j = 234 sucessfully passed !
	Initialyzed swapped data for i = 127, j = 235 sucessfully passed !
	Initialyzed swapped data for i = 127, j = 236 sucessfully passed !
	Initialyzed swapped data for i = 127, j = 237 sucessfully passed !
	Initialyzed swapped data for i = 127, j = 238 sucessfully passed !
	Initialyzed swapped data for i = 127, j = 239 sucessfully passed !
	Initialyzed swapped data for i = 127, j = 240 sucessfully passed !
	Initialyzed swapped data for i = 127, j = 241 sucessfully passed !
	Initialyzed swapped data for i = 127, j = 242 sucessfully passed !
	Initialyzed swapped data for i = 127, j = 243 sucessfully passed !
	Initialyzed swapped data for i = 127, j = 244 sucessfully passed !
	Initialyzed swapped data for i = 127, j = 245 sucessfully passed !
	Initialyzed swapped data for i = 127, j = 246 sucessfully passed !
	Initialyzed swapped data for i = 127, j = 247 sucessfully passed !
	Initialyzed swapped data for i = 127, j = 248 sucessfully passed !
	Initialyzed swapped data for i = 127, j = 249 sucessfully passed !
	Initialyzed swapped data for i = 127, j = 250 sucessfully passed !
	Initialyzed swapped data for i = 127, j = 251 sucessfully passed !
	Initialyzed swapped data for i = 127, j = 252 sucessfully passed !
	Initialyzed swapped data for i = 127, j = 253 sucessfully passed !
	Initialyzed swapped data for i = 127, j = 254 sucessfully passed !
	Initialyzed swapped data for i = 127, j = 255 sucessfully passed !
	Initialyzed swapped data for i = 127, j = 256 sucessfully passed !
	Initialyzed swapped data for i = 127, j = 257 sucessfully passed !
	Initialyzed swapped data for i = 127, j = 258 sucessfully passed !
	Initialyzed swapped data for i = 127, j = 259 sucessfully passed !
	Initialyzed swapped data for i = 127, j = 260 sucessfully passed !
	Initialyzed swapped data for i = 127, j = 261 sucessfully passed !
	Initialyzed swapped data for i = 127, j = 262 sucessfully passed !
	Initialyzed swapped data for i = 127, j = 263 sucessfully passed !
	Initialyzed swapped data for i = 127, j = 264 sucessfully passed !
	Initialyzed swapped data for i = 127, j = 265 sucessfully passed !
	Initialyzed swapped data for i = 127, j = 266 sucessfully passed !
	Initialyzed swapped data for i = 127, j = 267 sucessfully passed !
	Initialyzed swapped data for i = 127, j = 268 sucessfully passed !
	Initialyzed swapped data for i = 127, j = 269 sucessfully passed !
	Initialyzed swapped data for i = 127, j = 270 sucessfully passed !
	Initialyzed swapped data for i = 127, j = 271 sucessfully passed !
	Initialyzed swapped data for i = 127, j = 272 sucessfully passed !
	Initialyzed swapped data for i = 127, j = 273 sucessfully passed !
	Initialyzed swapped data for i = 127, j = 274 sucessfully passed !
	Initialyzed swapped data for i = 127, j = 275 sucessfully passed !
	Initialyzed swapped data for i = 127, j = 276 sucessfully passed !
	Initialyzed swapped data for i = 127, j = 277 sucessfully passed !
	Initialyzed swapped data for i = 127, j = 278 sucessfully passed !
	Initialyzed swapped data for i = 127, j = 279 sucessfully passed !
	Initialyzed swapped data for i = 127, j = 280 sucessfully passed !
	Initialyzed swapped data for i = 127, j = 281 sucessfully passed !
	Initialyzed swapped data for i = 127, j = 282 sucessfully passed !
	Initialyzed swapped data for i = 127, j = 283 sucessfully passed !
	Initialyzed swapped data for i = 127, j = 284 sucessfully passed !
	Initialyzed swapped data for i = 127, j = 285 sucessfully passed !
	Initialyzed swapped data for i = 127, j = 286 sucessfully passed !
	Initialyzed swapped data for i = 127, j = 287 sucessfully passed !
	Initialyzed swapped data for i = 127, j = 288 sucessfully passed !
	Initialyzed swapped data for i = 127, j = 289 sucessfully passed !
	Initialyzed swapped data for i = 127, j = 290 sucessfully passed !
	Initialyzed swapped data for i = 127, j = 291 sucessfully passed !
	Initialyzed swapped data for i = 127, j = 292 sucessfully passed !
	Initialyzed swapped data for i = 127, j = 293 sucessfully passed !
	Initialyzed swapped data for i = 127, j = 294 sucessfully passed !
	Initialyzed swapped data for i = 127, j = 295 sucessfully passed !
	Initialyzed swapped data for i = 127, j = 296 sucessfully passed !
	Initialyzed swapped data for i = 127, j = 297 sucessfully passed !
	Initialyzed swapped data for i = 127, j = 298 sucessfully passed !
	Initialyzed swapped data for i = 127, j = 299 sucessfully passed !
	Initialyzed swapped data for i = 127, j = 300 sucessfully passed !
	Initialyzed swapped data for i = 127, j = 301 sucessfully passed !
	Initialyzed swapped data for i = 127, j = 302 sucessfully passed !
	Initialyzed swapped data for i = 127, j = 303 sucessfully passed !
	Initialyzed swapped data for i = 127, j = 304 sucessfully passed !
	Initialyzed swapped data for i = 127, j = 305 sucessfully passed !
	Initialyzed swapped data for i = 127, j = 306 sucessfully passed !
	Initialyzed swapped data for i = 127, j = 307 sucessfully passed !
	Initialyzed swapped data for i = 127, j = 308 sucessfully passed !
	Initialyzed swapped data for i = 127, j = 309 sucessfully passed !
	Initialyzed swapped data for i = 127, j = 310 sucessfully passed !
	Initialyzed swapped data for i = 127, j = 311 sucessfully passed !
	Initialyzed swapped data for i = 127, j = 312 sucessfully passed !
	Initialyzed swapped data for i = 127, j = 313 sucessfully passed !
	Initialyzed swapped data for i = 127, j = 314 sucessfully passed !
	Initialyzed swapped data for i = 127, j = 315 sucessfully passed !
	Initialyzed swapped data for i = 127, j = 316 sucessfully passed !
	Initialyzed swapped data for i = 127, j = 317 sucessfully passed !
	Initialyzed swapped data for i = 127, j = 318 sucessfully passed !
	Initialyzed swapped data for i = 127, j = 319 sucessfully passed !
	Initialyzed swapped data for i = 127, j = 320 sucessfully passed !
	Initialyzed swapped data for i = 127, j = 321 sucessfully passed !
	Initialyzed swapped data for i = 127, j = 322 sucessfully passed !
	Initialyzed swapped data for i = 127, j = 323 sucessfully passed !
	Initialyzed swapped data for i = 127, j = 324 sucessfully passed !
	Initialyzed swapped data for i = 127, j = 325 sucessfully passed !
	Initialyzed swapped data for i = 127, j = 326 sucessfully passed !
	Initialyzed swapped data for i = 127, j = 327 sucessfully passed !
	Initialyzed swapped data for i = 127, j = 328 sucessfully passed !
	Initialyzed swapped data for i = 127, j = 329 sucessfully passed !
	Initialyzed swapped data for i = 127, j = 330 sucessfully passed !
	Initialyzed swapped data for i = 127, j = 331 sucessfully passed !
	Initialyzed swapped data for i = 127, j = 332 sucessfully passed !
	Initialyzed swapped data for i = 127, j = 333 sucessfully passed !
	Initialyzed swapped data for i = 127, j = 334 sucessfully passed !
	Initialyzed swapped data for i = 127, j = 335 sucessfully passed !
	Initialyzed swapped data for i = 127, j = 336 sucessfully passed !
	Initialyzed swapped data for i = 127, j = 337 sucessfully passed !
	Initialyzed swapped data for i = 127, j = 338 sucessfully passed !
	Initialyzed swapped data for i = 127, j = 339 sucessfully passed !
	Initialyzed swapped data for i = 127, j = 340 sucessfully passed !
	Initialyzed swapped data for i = 127, j = 341 sucessfully passed !
	Initialyzed swapped data for i = 127, j = 342 sucessfully passed !
	Initialyzed swapped data for i = 127, j = 343 sucessfully passed !
	Initialyzed swapped data for i = 127, j = 344 sucessfully passed !
	Initialyzed swapped data for i = 127, j = 345 sucessfully passed !
	Initialyzed swapped data for i = 127, j = 346 sucessfully passed !
	Initialyzed swapped data for i = 127, j = 347 sucessfully passed !
	Initialyzed swapped data for i = 127, j = 348 sucessfully passed !
	Initialyzed swapped data for i = 127, j = 349 sucessfully passed !
	Initialyzed swapped data for i = 127, j = 350 sucessfully passed !
	Initialyzed swapped data for i = 127, j = 351 sucessfully passed !
	Initialyzed swapped data for i = 127, j = 352 sucessfully passed !
	Initialyzed swapped data for i = 127, j = 353 sucessfully passed !
	Initialyzed swapped data for i = 127, j = 354 sucessfully passed !
	Initialyzed swapped data for i = 127, j = 355 sucessfully passed !
	Initialyzed swapped data for i = 127, j = 356 sucessfully passed !
	Initialyzed swapped data for i = 127, j = 357 sucessfully passed !
	Initialyzed swapped data for i = 127, j = 358 sucessfully passed !
	Initialyzed swapped data for i = 127, j = 359 sucessfully passed !
	Initialyzed swapped data for i = 127, j = 360 sucessfully passed !
	Initialyzed swapped data for i = 127, j = 361 sucessfully passed !
	Initialyzed swapped data for i = 127, j = 362 sucessfully passed !
	Initialyzed swapped data for i = 127, j = 363 sucessfully passed !
	Initialyzed swapped data for i = 127, j = 364 sucessfully passed !
	Initialyzed swapped data for i = 127, j = 365 sucessfully passed !
	Initialyzed swapped data for i = 127, j = 366 sucessfully passed !
	Initialyzed swapped data for i = 127, j = 367 sucessfully passed !
	Initialyzed swapped data for i = 127, j = 368 sucessfully passed !
	Initialyzed swapped data for i = 127, j = 369 sucessfully passed !
	Initialyzed swapped data for i = 127, j = 370 sucessfully passed !
	Initialyzed swapped data for i = 127, j = 371 sucessfully passed !
	Initialyzed swapped data for i = 127, j = 372 sucessfully passed !
	Initialyzed swapped data for i = 127, j = 373 sucessfully passed !
	Initialyzed swapped data for i = 127, j = 374 sucessfully passed !
	Initialyzed swapped data for i = 127, j = 375 sucessfully passed !
	Initialyzed swapped data for i = 127, j = 376 sucessfully passed !
	Initialyzed swapped data for i = 127, j = 377 sucessfully passed !
	Initialyzed swapped data for i = 127, j = 378 sucessfully passed !
	Initialyzed swapped data for i = 127, j = 379 sucessfully passed !
	Initialyzed swapped data for i = 127, j = 380 sucessfully passed !
	Initialyzed swapped data for i = 127, j = 381 sucessfully passed !
	Initialyzed swapped data for i = 127, j = 382 sucessfully passed !
	Initialyzed swapped data for i = 127, j = 383 sucessfully passed !
	Initialyzed swapped data for i = 127, j = 384 sucessfully passed !
	Initialyzed swapped data for i = 127, j = 385 sucessfully passed !
	Initialyzed swapped data for i = 127, j = 386 sucessfully passed !
	Initialyzed swapped data for i = 127, j = 387 sucessfully passed !
	Initialyzed swapped data for i = 127, j = 388 sucessfully passed !
	Initialyzed swapped data for i = 127, j = 389 sucessfully passed !
	Initialyzed swapped data for i = 127, j = 390 sucessfully passed !
	Initialyzed swapped data for i = 127, j = 391 sucessfully passed !
	Initialyzed swapped data for i = 127, j = 392 sucessfully passed !
	Initialyzed swapped data for i = 127, j = 393 sucessfully passed !
	Initialyzed swapped data for i = 127, j = 394 sucessfully passed !
	Initialyzed swapped data for i = 127, j = 395 sucessfully passed !
	Initialyzed swapped data for i = 127, j = 396 sucessfully passed !
	Initialyzed swapped data for i = 127, j = 397 sucessfully passed !
	Initialyzed swapped data for i = 127, j = 398 sucessfully passed !
	Initialyzed swapped data for i = 127, j = 399 sucessfully passed !
	Initialyzed swapped data for i = 127, j = 400 sucessfully passed !
	Initialyzed swapped data for i = 127, j = 401 sucessfully passed !
	Initialyzed swapped data for i = 127, j = 402 sucessfully passed !
	Initialyzed swapped data for i = 127, j = 403 sucessfully passed !
	Initialyzed swapped data for i = 127, j = 404 sucessfully passed !
	Initialyzed swapped data for i = 127, j = 405 sucessfully passed !
	Initialyzed swapped data for i = 127, j = 406 sucessfully passed !
	Initialyzed swapped data for i = 127, j = 407 sucessfully passed !
	Initialyzed swapped data for i = 127, j = 408 sucessfully passed !
	Initialyzed swapped data for i = 127, j = 409 sucessfully passed !
	Initialyzed swapped data for i = 127, j = 410 sucessfully passed !
	Initialyzed swapped data for i = 127, j = 411 sucessfully passed !
	Initialyzed swapped data for i = 127, j = 412 sucessfully passed !
	Initialyzed swapped data for i = 127, j = 413 sucessfully passed !
	Initialyzed swapped data for i = 127, j = 414 sucessfully passed !
	Initialyzed swapped data for i = 127, j = 415 sucessfully passed !
	Initialyzed swapped data for i = 127, j = 416 sucessfully passed !
	Initialyzed swapped data for i = 127, j = 417 sucessfully passed !
	Initialyzed swapped data for i = 127, j = 418 sucessfully passed !
	Initialyzed swapped data for i = 127, j = 419 sucessfully passed !
	Initialyzed swapped data for i = 127, j = 420 sucessfully passed !
	Initialyzed swapped data for i = 127, j = 421 sucessfully passed !
	Initialyzed swapped data for i = 127, j = 422 sucessfully passed !
	Initialyzed swapped data for i = 127, j = 423 sucessfully passed !
	Initialyzed swapped data for i = 127, j = 424 sucessfully passed !
	Initialyzed swapped data for i = 127, j = 425 sucessfully passed !
	Initialyzed swapped data for i = 127, j = 426 sucessfully passed !
	Initialyzed swapped data for i = 127, j = 427 sucessfully passed !
	Initialyzed swapped data for i = 127, j = 428 sucessfully passed !
	Initialyzed swapped data for i = 127, j = 429 sucessfully passed !
	Initialyzed swapped data for i = 127, j = 430 sucessfully passed !
	Initialyzed swapped data for i = 127, j = 431 sucessfully passed !
	Initialyzed swapped data for i = 127, j = 432 sucessfully passed !
	Initialyzed swapped data for i = 127, j = 433 sucessfully passed !
	Initialyzed swapped data for i = 128, j = 129 sucessfully passed !
	Initialyzed swapped data for i = 128, j = 130 sucessfully passed !
	Initialyzed swapped data for i = 128, j = 131 sucessfully passed !
	Initialyzed swapped data for i = 128, j = 132 sucessfully passed !
	Initialyzed swapped data for i = 128, j = 133 sucessfully passed !
	Initialyzed swapped data for i = 128, j = 134 sucessfully passed !
	Initialyzed swapped data for i = 128, j = 135 sucessfully passed !
	Initialyzed swapped data for i = 128, j = 136 sucessfully passed !
	Initialyzed swapped data for i = 128, j = 137 sucessfully passed !
	Initialyzed swapped data for i = 128, j = 138 sucessfully passed !
	Initialyzed swapped data for i = 128, j = 139 sucessfully passed !
	Initialyzed swapped data for i = 128, j = 140 sucessfully passed !
	Initialyzed swapped data for i = 128, j = 141 sucessfully passed !
	Initialyzed swapped data for i = 128, j = 142 sucessfully passed !
	Initialyzed swapped data for i = 128, j = 143 sucessfully passed !
	Initialyzed swapped data for i = 128, j = 144 sucessfully passed !
	Initialyzed swapped data for i = 128, j = 145 sucessfully passed !
	Initialyzed swapped data for i = 128, j = 146 sucessfully passed !
	Initialyzed swapped data for i = 128, j = 147 sucessfully passed !
	Initialyzed swapped data for i = 128, j = 148 sucessfully passed !
	Initialyzed swapped data for i = 128, j = 149 sucessfully passed !
	Initialyzed swapped data for i = 128, j = 150 sucessfully passed !
	Initialyzed swapped data for i = 128, j = 151 sucessfully passed !
	Initialyzed swapped data for i = 128, j = 152 sucessfully passed !
	Initialyzed swapped data for i = 128, j = 153 sucessfully passed !
	Initialyzed swapped data for i = 128, j = 154 sucessfully passed !
	Initialyzed swapped data for i = 128, j = 155 sucessfully passed !
	Initialyzed swapped data for i = 128, j = 156 sucessfully passed !
	Initialyzed swapped data for i = 128, j = 157 sucessfully passed !
	Initialyzed swapped data for i = 128, j = 158 sucessfully passed !
	Initialyzed swapped data for i = 128, j = 159 sucessfully passed !
	Initialyzed swapped data for i = 128, j = 160 sucessfully passed !
	Initialyzed swapped data for i = 128, j = 161 sucessfully passed !
	Initialyzed swapped data for i = 128, j = 162 sucessfully passed !
	Initialyzed swapped data for i = 128, j = 163 sucessfully passed !
	Initialyzed swapped data for i = 128, j = 164 sucessfully passed !
	Initialyzed swapped data for i = 128, j = 165 sucessfully passed !
	Initialyzed swapped data for i = 128, j = 166 sucessfully passed !
	Initialyzed swapped data for i = 128, j = 167 sucessfully passed !
	Initialyzed swapped data for i = 128, j = 168 sucessfully passed !
	Initialyzed swapped data for i = 128, j = 169 sucessfully passed !
	Initialyzed swapped data for i = 128, j = 170 sucessfully passed !
	Initialyzed swapped data for i = 128, j = 171 sucessfully passed !
	Initialyzed swapped data for i = 128, j = 172 sucessfully passed !
	Initialyzed swapped data for i = 128, j = 173 sucessfully passed !
	Initialyzed swapped data for i = 128, j = 174 sucessfully passed !
	Initialyzed swapped data for i = 128, j = 175 sucessfully passed !
	Initialyzed swapped data for i = 128, j = 176 sucessfully passed !
	Initialyzed swapped data for i = 128, j = 177 sucessfully passed !
	Initialyzed swapped data for i = 128, j = 178 sucessfully passed !
	Initialyzed swapped data for i = 128, j = 179 sucessfully passed !
	Initialyzed swapped data for i = 128, j = 180 sucessfully passed !
	Initialyzed swapped data for i = 128, j = 181 sucessfully passed !
	Initialyzed swapped data for i = 128, j = 182 sucessfully passed !
	Initialyzed swapped data for i = 128, j = 183 sucessfully passed !
	Initialyzed swapped data for i = 128, j = 184 sucessfully passed !
	Initialyzed swapped data for i = 128, j = 185 sucessfully passed !
	Initialyzed swapped data for i = 128, j = 186 sucessfully passed !
	Initialyzed swapped data for i = 128, j = 187 sucessfully passed !
	Initialyzed swapped data for i = 128, j = 188 sucessfully passed !
	Initialyzed swapped data for i = 128, j = 189 sucessfully passed !
	Initialyzed swapped data for i = 128, j = 190 sucessfully passed !
	Initialyzed swapped data for i = 128, j = 191 sucessfully passed !
	Initialyzed swapped data for i = 128, j = 192 sucessfully passed !
	Initialyzed swapped data for i = 128, j = 193 sucessfully passed !
	Initialyzed swapped data for i = 128, j = 194 sucessfully passed !
	Initialyzed swapped data for i = 128, j = 195 sucessfully passed !
	Initialyzed swapped data for i = 128, j = 196 sucessfully passed !
	Initialyzed swapped data for i = 128, j = 197 sucessfully passed !
	Initialyzed swapped data for i = 128, j = 198 sucessfully passed !
	Initialyzed swapped data for i = 128, j = 199 sucessfully passed !
	Initialyzed swapped data for i = 128, j = 200 sucessfully passed !
	Initialyzed swapped data for i = 128, j = 201 sucessfully passed !
	Initialyzed swapped data for i = 128, j = 202 sucessfully passed !
	Initialyzed swapped data for i = 128, j = 203 sucessfully passed !
	Initialyzed swapped data for i = 128, j = 204 sucessfully passed !
	Initialyzed swapped data for i = 128, j = 205 sucessfully passed !
	Initialyzed swapped data for i = 128, j = 206 sucessfully passed !
	Initialyzed swapped data for i = 128, j = 207 sucessfully passed !
	Initialyzed swapped data for i = 128, j = 208 sucessfully passed !
	Initialyzed swapped data for i = 128, j = 209 sucessfully passed !
	Initialyzed swapped data for i = 128, j = 210 sucessfully passed !
	Initialyzed swapped data for i = 128, j = 211 sucessfully passed !
	Initialyzed swapped data for i = 128, j = 212 sucessfully passed !
	Initialyzed swapped data for i = 128, j = 213 sucessfully passed !
	Initialyzed swapped data for i = 128, j = 214 sucessfully passed !
	Initialyzed swapped data for i = 128, j = 215 sucessfully passed !
	Initialyzed swapped data for i = 128, j = 216 sucessfully passed !
	Initialyzed swapped data for i = 128, j = 217 sucessfully passed !
	Initialyzed swapped data for i = 128, j = 218 sucessfully passed !
	Initialyzed swapped data for i = 128, j = 219 sucessfully passed !
	Initialyzed swapped data for i = 128, j = 220 sucessfully passed !
	Initialyzed swapped data for i = 128, j = 221 sucessfully passed !
	Initialyzed swapped data for i = 128, j = 222 sucessfully passed !
	Initialyzed swapped data for i = 128, j = 223 sucessfully passed !
	Initialyzed swapped data for i = 128, j = 224 sucessfully passed !
	Initialyzed swapped data for i = 128, j = 225 sucessfully passed !
	Initialyzed swapped data for i = 128, j = 226 sucessfully passed !
	Initialyzed swapped data for i = 128, j = 227 sucessfully passed !
	Initialyzed swapped data for i = 128, j = 228 sucessfully passed !
	Initialyzed swapped data for i = 128, j = 229 sucessfully passed !
	Initialyzed swapped data for i = 128, j = 230 sucessfully passed !
	Initialyzed swapped data for i = 128, j = 231 sucessfully passed !
	Initialyzed swapped data for i = 128, j = 232 sucessfully passed !
	Initialyzed swapped data for i = 128, j = 233 sucessfully passed !
	Initialyzed swapped data for i = 128, j = 234 sucessfully passed !
	Initialyzed swapped data for i = 128, j = 235 sucessfully passed !
	Initialyzed swapped data for i = 128, j = 236 sucessfully passed !
	Initialyzed swapped data for i = 128, j = 237 sucessfully passed !
	Initialyzed swapped data for i = 128, j = 238 sucessfully passed !
	Initialyzed swapped data for i = 128, j = 239 sucessfully passed !
	Initialyzed swapped data for i = 128, j = 240 sucessfully passed !
	Initialyzed swapped data for i = 128, j = 241 sucessfully passed !
	Initialyzed swapped data for i = 128, j = 242 sucessfully passed !
	Initialyzed swapped data for i = 128, j = 243 sucessfully passed !
	Initialyzed swapped data for i = 128, j = 244 sucessfully passed !
	Initialyzed swapped data for i = 128, j = 245 sucessfully passed !
	Initialyzed swapped data for i = 128, j = 246 sucessfully passed !
	Initialyzed swapped data for i = 128, j = 247 sucessfully passed !
	Initialyzed swapped data for i = 128, j = 248 sucessfully passed !
	Initialyzed swapped data for i = 128, j = 249 sucessfully passed !
	Initialyzed swapped data for i = 128, j = 250 sucessfully passed !
	Initialyzed swapped data for i = 128, j = 251 sucessfully passed !
	Initialyzed swapped data for i = 128, j = 252 sucessfully passed !
	Initialyzed swapped data for i = 128, j = 253 sucessfully passed !
	Initialyzed swapped data for i = 128, j = 254 sucessfully passed !
	Initialyzed swapped data for i = 128, j = 255 sucessfully passed !
	Initialyzed swapped data for i = 128, j = 256 sucessfully passed !
	Initialyzed swapped data for i = 128, j = 257 sucessfully passed !
	Initialyzed swapped data for i = 128, j = 258 sucessfully passed !
	Initialyzed swapped data for i = 128, j = 259 sucessfully passed !
	Initialyzed swapped data for i = 128, j = 260 sucessfully passed !
	Initialyzed swapped data for i = 128, j = 261 sucessfully passed !
	Initialyzed swapped data for i = 128, j = 262 sucessfully passed !
	Initialyzed swapped data for i = 128, j = 263 sucessfully passed !
	Initialyzed swapped data for i = 128, j = 264 sucessfully passed !
	Initialyzed swapped data for i = 128, j = 265 sucessfully passed !
	Initialyzed swapped data for i = 128, j = 266 sucessfully passed !
	Initialyzed swapped data for i = 128, j = 267 sucessfully passed !
	Initialyzed swapped data for i = 128, j = 268 sucessfully passed !
	Initialyzed swapped data for i = 128, j = 269 sucessfully passed !
	Initialyzed swapped data for i = 128, j = 270 sucessfully passed !
	Initialyzed swapped data for i = 128, j = 271 sucessfully passed !
	Initialyzed swapped data for i = 128, j = 272 sucessfully passed !
	Initialyzed swapped data for i = 128, j = 273 sucessfully passed !
	Initialyzed swapped data for i = 128, j = 274 sucessfully passed !
	Initialyzed swapped data for i = 128, j = 275 sucessfully passed !
	Initialyzed swapped data for i = 128, j = 276 sucessfully passed !
	Initialyzed swapped data for i = 128, j = 277 sucessfully passed !
	Initialyzed swapped data for i = 128, j = 278 sucessfully passed !
	Initialyzed swapped data for i = 128, j = 279 sucessfully passed !
	Initialyzed swapped data for i = 128, j = 280 sucessfully passed !
	Initialyzed swapped data for i = 128, j = 281 sucessfully passed !
	Initialyzed swapped data for i = 128, j = 282 sucessfully passed !
	Initialyzed swapped data for i = 128, j = 283 sucessfully passed !
	Initialyzed swapped data for i = 128, j = 284 sucessfully passed !
	Initialyzed swapped data for i = 128, j = 285 sucessfully passed !
	Initialyzed swapped data for i = 128, j = 286 sucessfully passed !
	Initialyzed swapped data for i = 128, j = 287 sucessfully passed !
	Initialyzed swapped data for i = 128, j = 288 sucessfully passed !
	Initialyzed swapped data for i = 128, j = 289 sucessfully passed !
	Initialyzed swapped data for i = 128, j = 290 sucessfully passed !
	Initialyzed swapped data for i = 128, j = 291 sucessfully passed !
	Initialyzed swapped data for i = 128, j = 292 sucessfully passed !
	Initialyzed swapped data for i = 128, j = 293 sucessfully passed !
	Initialyzed swapped data for i = 128, j = 294 sucessfully passed !
	Initialyzed swapped data for i = 128, j = 295 sucessfully passed !
	Initialyzed swapped data for i = 128, j = 296 sucessfully passed !
	Initialyzed swapped data for i = 128, j = 297 sucessfully passed !
	Initialyzed swapped data for i = 128, j = 298 sucessfully passed !
	Initialyzed swapped data for i = 128, j = 299 sucessfully passed !
	Initialyzed swapped data for i = 128, j = 300 sucessfully passed !
	Initialyzed swapped data for i = 128, j = 301 sucessfully passed !
	Initialyzed swapped data for i = 128, j = 302 sucessfully passed !
	Initialyzed swapped data for i = 128, j = 303 sucessfully passed !
	Initialyzed swapped data for i = 128, j = 304 sucessfully passed !
	Initialyzed swapped data for i = 128, j = 305 sucessfully passed !
	Initialyzed swapped data for i = 128, j = 306 sucessfully passed !
	Initialyzed swapped data for i = 128, j = 307 sucessfully passed !
	Initialyzed swapped data for i = 128, j = 308 sucessfully passed !
	Initialyzed swapped data for i = 128, j = 309 sucessfully passed !
	Initialyzed swapped data for i = 128, j = 310 sucessfully passed !
	Initialyzed swapped data for i = 128, j = 311 sucessfully passed !
	Initialyzed swapped data for i = 128, j = 312 sucessfully passed !
	Initialyzed swapped data for i = 128, j = 313 sucessfully passed !
	Initialyzed swapped data for i = 128, j = 314 sucessfully passed !
	Initialyzed swapped data for i = 128, j = 315 sucessfully passed !
	Initialyzed swapped data for i = 128, j = 316 sucessfully passed !
	Initialyzed swapped data for i = 128, j = 317 sucessfully passed !
	Initialyzed swapped data for i = 128, j = 318 sucessfully passed !
	Initialyzed swapped data for i = 128, j = 319 sucessfully passed !
	Initialyzed swapped data for i = 128, j = 320 sucessfully passed !
	Initialyzed swapped data for i = 128, j = 321 sucessfully passed !
	Initialyzed swapped data for i = 128, j = 322 sucessfully passed !
	Initialyzed swapped data for i = 128, j = 323 sucessfully passed !
	Initialyzed swapped data for i = 128, j = 324 sucessfully passed !
	Initialyzed swapped data for i = 128, j = 325 sucessfully passed !
	Initialyzed swapped data for i = 128, j = 326 sucessfully passed !
	Initialyzed swapped data for i = 128, j = 327 sucessfully passed !
	Initialyzed swapped data for i = 128, j = 328 sucessfully passed !
	Initialyzed swapped data for i = 128, j = 329 sucessfully passed !
	Initialyzed swapped data for i = 128, j = 330 sucessfully passed !
	Initialyzed swapped data for i = 128, j = 331 sucessfully passed !
	Initialyzed swapped data for i = 128, j = 332 sucessfully passed !
	Initialyzed swapped data for i = 128, j = 333 sucessfully passed !
	Initialyzed swapped data for i = 128, j = 334 sucessfully passed !
	Initialyzed swapped data for i = 128, j = 335 sucessfully passed !
	Initialyzed swapped data for i = 128, j = 336 sucessfully passed !
	Initialyzed swapped data for i = 128, j = 337 sucessfully passed !
	Initialyzed swapped data for i = 128, j = 338 sucessfully passed !
	Initialyzed swapped data for i = 128, j = 339 sucessfully passed !
	Initialyzed swapped data for i = 128, j = 340 sucessfully passed !
	Initialyzed swapped data for i = 128, j = 341 sucessfully passed !
	Initialyzed swapped data for i = 128, j = 342 sucessfully passed !
	Initialyzed swapped data for i = 128, j = 343 sucessfully passed !
	Initialyzed swapped data for i = 128, j = 344 sucessfully passed !
	Initialyzed swapped data for i = 128, j = 345 sucessfully passed !
	Initialyzed swapped data for i = 128, j = 346 sucessfully passed !
	Initialyzed swapped data for i = 128, j = 347 sucessfully passed !
	Initialyzed swapped data for i = 128, j = 348 sucessfully passed !
	Initialyzed swapped data for i = 128, j = 349 sucessfully passed !
	Initialyzed swapped data for i = 128, j = 350 sucessfully passed !
	Initialyzed swapped data for i = 128, j = 351 sucessfully passed !
	Initialyzed swapped data for i = 128, j = 352 sucessfully passed !
	Initialyzed swapped data for i = 128, j = 353 sucessfully passed !
	Initialyzed swapped data for i = 128, j = 354 sucessfully passed !
	Initialyzed swapped data for i = 128, j = 355 sucessfully passed !
	Initialyzed swapped data for i = 128, j = 356 sucessfully passed !
	Initialyzed swapped data for i = 128, j = 357 sucessfully passed !
	Initialyzed swapped data for i = 128, j = 358 sucessfully passed !
	Initialyzed swapped data for i = 128, j = 359 sucessfully passed !
	Initialyzed swapped data for i = 128, j = 360 sucessfully passed !
	Initialyzed swapped data for i = 128, j = 361 sucessfully passed !
	Initialyzed swapped data for i = 128, j = 362 sucessfully passed !
	Initialyzed swapped data for i = 128, j = 363 sucessfully passed !
	Initialyzed swapped data for i = 128, j = 364 sucessfully passed !
	Initialyzed swapped data for i = 128, j = 365 sucessfully passed !
	Initialyzed swapped data for i = 128, j = 366 sucessfully passed !
	Initialyzed swapped data for i = 128, j = 367 sucessfully passed !
	Initialyzed swapped data for i = 128, j = 368 sucessfully passed !
	Initialyzed swapped data for i = 128, j = 369 sucessfully passed !
	Initialyzed swapped data for i = 128, j = 370 sucessfully passed !
	Initialyzed swapped data for i = 128, j = 371 sucessfully passed !
	Initialyzed swapped data for i = 128, j = 372 sucessfully passed !
	Initialyzed swapped data for i = 128, j = 373 sucessfully passed !
	Initialyzed swapped data for i = 128, j = 374 sucessfully passed !
	Initialyzed swapped data for i = 128, j = 375 sucessfully passed !
	Initialyzed swapped data for i = 128, j = 376 sucessfully passed !
	Initialyzed swapped data for i = 128, j = 377 sucessfully passed !
	Initialyzed swapped data for i = 128, j = 378 sucessfully passed !
	Initialyzed swapped data for i = 128, j = 379 sucessfully passed !
	Initialyzed swapped data for i = 128, j = 380 sucessfully passed !
	Initialyzed swapped data for i = 128, j = 381 sucessfully passed !
	Initialyzed swapped data for i = 128, j = 382 sucessfully passed !
	Initialyzed swapped data for i = 128, j = 383 sucessfully passed !
	Initialyzed swapped data for i = 128, j = 384 sucessfully passed !
	Initialyzed swapped data for i = 128, j = 385 sucessfully passed !
	Initialyzed swapped data for i = 128, j = 386 sucessfully passed !
	Initialyzed swapped data for i = 128, j = 387 sucessfully passed !
	Initialyzed swapped data for i = 128, j = 388 sucessfully passed !
	Initialyzed swapped data for i = 128, j = 389 sucessfully passed !
	Initialyzed swapped data for i = 128, j = 390 sucessfully passed !
	Initialyzed swapped data for i = 128, j = 391 sucessfully passed !
	Initialyzed swapped data for i = 128, j = 392 sucessfully passed !
	Initialyzed swapped data for i = 128, j = 393 sucessfully passed !
	Initialyzed swapped data for i = 128, j = 394 sucessfully passed !
	Initialyzed swapped data for i = 128, j = 395 sucessfully passed !
	Initialyzed swapped data for i = 128, j = 396 sucessfully passed !
	Initialyzed swapped data for i = 128, j = 397 sucessfully passed !
	Initialyzed swapped data for i = 128, j = 398 sucessfully passed !
	Initialyzed swapped data for i = 128, j = 399 sucessfully passed !
	Initialyzed swapped data for i = 128, j = 400 sucessfully passed !
	Initialyzed swapped data for i = 128, j = 401 sucessfully passed !
	Initialyzed swapped data for i = 128, j = 402 sucessfully passed !
	Initialyzed swapped data for i = 128, j = 403 sucessfully passed !
	Initialyzed swapped data for i = 128, j = 404 sucessfully passed !
	Initialyzed swapped data for i = 128, j = 405 sucessfully passed !
	Initialyzed swapped data for i = 128, j = 406 sucessfully passed !
	Initialyzed swapped data for i = 128, j = 407 sucessfully passed !
	Initialyzed swapped data for i = 128, j = 408 sucessfully passed !
	Initialyzed swapped data for i = 128, j = 409 sucessfully passed !
	Initialyzed swapped data for i = 128, j = 410 sucessfully passed !
	Initialyzed swapped data for i = 128, j = 411 sucessfully passed !
	Initialyzed swapped data for i = 128, j = 412 sucessfully passed !
	Initialyzed swapped data for i = 128, j = 413 sucessfully passed !
	Initialyzed swapped data for i = 128, j = 414 sucessfully passed !
	Initialyzed swapped data for i = 128, j = 415 sucessfully passed !
	Initialyzed swapped data for i = 128, j = 416 sucessfully passed !
	Initialyzed swapped data for i = 128, j = 417 sucessfully passed !
	Initialyzed swapped data for i = 128, j = 418 sucessfully passed !
	Initialyzed swapped data for i = 128, j = 419 sucessfully passed !
	Initialyzed swapped data for i = 128, j = 420 sucessfully passed !
	Initialyzed swapped data for i = 128, j = 421 sucessfully passed !
	Initialyzed swapped data for i = 128, j = 422 sucessfully passed !
	Initialyzed swapped data for i = 128, j = 423 sucessfully passed !
	Initialyzed swapped data for i = 128, j = 424 sucessfully passed !
	Initialyzed swapped data for i = 128, j = 425 sucessfully passed !
	Initialyzed swapped data for i = 128, j = 426 sucessfully passed !
	Initialyzed swapped data for i = 128, j = 427 sucessfully passed !
	Initialyzed swapped data for i = 128, j = 428 sucessfully passed !
	Initialyzed swapped data for i = 128, j = 429 sucessfully passed !
	Initialyzed swapped data for i = 128, j = 430 sucessfully passed !
	Initialyzed swapped data for i = 128, j = 431 sucessfully passed !
	Initialyzed swapped data for i = 128, j = 432 sucessfully passed !
	Initialyzed swapped data for i = 128, j = 433 sucessfully passed !
	Initialyzed swapped data for i = 129, j = 130 sucessfully passed !
	Initialyzed swapped data for i = 129, j = 131 sucessfully passed !
	Initialyzed swapped data for i = 129, j = 132 sucessfully passed !
	Initialyzed swapped data for i = 129, j = 133 sucessfully passed !
	Initialyzed swapped data for i = 129, j = 134 sucessfully passed !
	Initialyzed swapped data for i = 129, j = 135 sucessfully passed !
	Initialyzed swapped data for i = 129, j = 136 sucessfully passed !
	Initialyzed swapped data for i = 129, j = 137 sucessfully passed !
	Initialyzed swapped data for i = 129, j = 138 sucessfully passed !
	Initialyzed swapped data for i = 129, j = 139 sucessfully passed !
	Initialyzed swapped data for i = 129, j = 140 sucessfully passed !
	Initialyzed swapped data for i = 129, j = 141 sucessfully passed !
	Initialyzed swapped data for i = 129, j = 142 sucessfully passed !
	Initialyzed swapped data for i = 129, j = 143 sucessfully passed !
	Initialyzed swapped data for i = 129, j = 144 sucessfully passed !
	Initialyzed swapped data for i = 129, j = 145 sucessfully passed !
	Initialyzed swapped data for i = 129, j = 146 sucessfully passed !
	Initialyzed swapped data for i = 129, j = 147 sucessfully passed !
	Initialyzed swapped data for i = 129, j = 148 sucessfully passed !
	Initialyzed swapped data for i = 129, j = 149 sucessfully passed !
	Initialyzed swapped data for i = 129, j = 150 sucessfully passed !
	Initialyzed swapped data for i = 129, j = 151 sucessfully passed !
	Initialyzed swapped data for i = 129, j = 152 sucessfully passed !
	Initialyzed swapped data for i = 129, j = 153 sucessfully passed !
	Initialyzed swapped data for i = 129, j = 154 sucessfully passed !
	Initialyzed swapped data for i = 129, j = 155 sucessfully passed !
	Initialyzed swapped data for i = 129, j = 156 sucessfully passed !
	Initialyzed swapped data for i = 129, j = 157 sucessfully passed !
	Initialyzed swapped data for i = 129, j = 158 sucessfully passed !
	Initialyzed swapped data for i = 129, j = 159 sucessfully passed !
	Initialyzed swapped data for i = 129, j = 160 sucessfully passed !
	Initialyzed swapped data for i = 129, j = 161 sucessfully passed !
	Initialyzed swapped data for i = 129, j = 162 sucessfully passed !
	Initialyzed swapped data for i = 129, j = 163 sucessfully passed !
	Initialyzed swapped data for i = 129, j = 164 sucessfully passed !
	Initialyzed swapped data for i = 129, j = 165 sucessfully passed !
	Initialyzed swapped data for i = 129, j = 166 sucessfully passed !
	Initialyzed swapped data for i = 129, j = 167 sucessfully passed !
	Initialyzed swapped data for i = 129, j = 168 sucessfully passed !
	Initialyzed swapped data for i = 129, j = 169 sucessfully passed !
	Initialyzed swapped data for i = 129, j = 170 sucessfully passed !
	Initialyzed swapped data for i = 129, j = 171 sucessfully passed !
	Initialyzed swapped data for i = 129, j = 172 sucessfully passed !
	Initialyzed swapped data for i = 129, j = 173 sucessfully passed !
	Initialyzed swapped data for i = 129, j = 174 sucessfully passed !
	Initialyzed swapped data for i = 129, j = 175 sucessfully passed !
	Initialyzed swapped data for i = 129, j = 176 sucessfully passed !
	Initialyzed swapped data for i = 129, j = 177 sucessfully passed !
	Initialyzed swapped data for i = 129, j = 178 sucessfully passed !
	Initialyzed swapped data for i = 129, j = 179 sucessfully passed !
	Initialyzed swapped data for i = 129, j = 180 sucessfully passed !
	Initialyzed swapped data for i = 129, j = 181 sucessfully passed !
	Initialyzed swapped data for i = 129, j = 182 sucessfully passed !
	Initialyzed swapped data for i = 129, j = 183 sucessfully passed !
	Initialyzed swapped data for i = 129, j = 184 sucessfully passed !
	Initialyzed swapped data for i = 129, j = 185 sucessfully passed !
	Initialyzed swapped data for i = 129, j = 186 sucessfully passed !
	Initialyzed swapped data for i = 129, j = 187 sucessfully passed !
	Initialyzed swapped data for i = 129, j = 188 sucessfully passed !
	Initialyzed swapped data for i = 129, j = 189 sucessfully passed !
	Initialyzed swapped data for i = 129, j = 190 sucessfully passed !
	Initialyzed swapped data for i = 129, j = 191 sucessfully passed !
	Initialyzed swapped data for i = 129, j = 192 sucessfully passed !
	Initialyzed swapped data for i = 129, j = 193 sucessfully passed !
	Initialyzed swapped data for i = 129, j = 194 sucessfully passed !
	Initialyzed swapped data for i = 129, j = 195 sucessfully passed !
	Initialyzed swapped data for i = 129, j = 196 sucessfully passed !
	Initialyzed swapped data for i = 129, j = 197 sucessfully passed !
	Initialyzed swapped data for i = 129, j = 198 sucessfully passed !
	Initialyzed swapped data for i = 129, j = 199 sucessfully passed !
	Initialyzed swapped data for i = 129, j = 200 sucessfully passed !
	Initialyzed swapped data for i = 129, j = 201 sucessfully passed !
	Initialyzed swapped data for i = 129, j = 202 sucessfully passed !
	Initialyzed swapped data for i = 129, j = 203 sucessfully passed !
	Initialyzed swapped data for i = 129, j = 204 sucessfully passed !
	Initialyzed swapped data for i = 129, j = 205 sucessfully passed !
	Initialyzed swapped data for i = 129, j = 206 sucessfully passed !
	Initialyzed swapped data for i = 129, j = 207 sucessfully passed !
	Initialyzed swapped data for i = 129, j = 208 sucessfully passed !
	Initialyzed swapped data for i = 129, j = 209 sucessfully passed !
	Initialyzed swapped data for i = 129, j = 210 sucessfully passed !
	Initialyzed swapped data for i = 129, j = 211 sucessfully passed !
	Initialyzed swapped data for i = 129, j = 212 sucessfully passed !
	Initialyzed swapped data for i = 129, j = 213 sucessfully passed !
	Initialyzed swapped data for i = 129, j = 214 sucessfully passed !
	Initialyzed swapped data for i = 129, j = 215 sucessfully passed !
	Initialyzed swapped data for i = 129, j = 216 sucessfully passed !
	Initialyzed swapped data for i = 129, j = 217 sucessfully passed !
	Initialyzed swapped data for i = 129, j = 218 sucessfully passed !
	Initialyzed swapped data for i = 129, j = 219 sucessfully passed !
	Initialyzed swapped data for i = 129, j = 220 sucessfully passed !
	Initialyzed swapped data for i = 129, j = 221 sucessfully passed !
	Initialyzed swapped data for i = 129, j = 222 sucessfully passed !
	Initialyzed swapped data for i = 129, j = 223 sucessfully passed !
	Initialyzed swapped data for i = 129, j = 224 sucessfully passed !
	Initialyzed swapped data for i = 129, j = 225 sucessfully passed !
	Initialyzed swapped data for i = 129, j = 226 sucessfully passed !
	Initialyzed swapped data for i = 129, j = 227 sucessfully passed !
	Initialyzed swapped data for i = 129, j = 228 sucessfully passed !
	Initialyzed swapped data for i = 129, j = 229 sucessfully passed !
	Initialyzed swapped data for i = 129, j = 230 sucessfully passed !
	Initialyzed swapped data for i = 129, j = 231 sucessfully passed !
	Initialyzed swapped data for i = 129, j = 232 sucessfully passed !
	Initialyzed swapped data for i = 129, j = 233 sucessfully passed !
	Initialyzed swapped data for i = 129, j = 234 sucessfully passed !
	Initialyzed swapped data for i = 129, j = 235 sucessfully passed !
	Initialyzed swapped data for i = 129, j = 236 sucessfully passed !
	Initialyzed swapped data for i = 129, j = 237 sucessfully passed !
	Initialyzed swapped data for i = 129, j = 238 sucessfully passed !
	Initialyzed swapped data for i = 129, j = 239 sucessfully passed !
	Initialyzed swapped data for i = 129, j = 240 sucessfully passed !
	Initialyzed swapped data for i = 129, j = 241 sucessfully passed !
	Initialyzed swapped data for i = 129, j = 242 sucessfully passed !
	Initialyzed swapped data for i = 129, j = 243 sucessfully passed !
	Initialyzed swapped data for i = 129, j = 244 sucessfully passed !
	Initialyzed swapped data for i = 129, j = 245 sucessfully passed !
	Initialyzed swapped data for i = 129, j = 246 sucessfully passed !
	Initialyzed swapped data for i = 129, j = 247 sucessfully passed !
	Initialyzed swapped data for i = 129, j = 248 sucessfully passed !
	Initialyzed swapped data for i = 129, j = 249 sucessfully passed !
	Initialyzed swapped data for i = 129, j = 250 sucessfully passed !
	Initialyzed swapped data for i = 129, j = 251 sucessfully passed !
	Initialyzed swapped data for i = 129, j = 252 sucessfully passed !
	Initialyzed swapped data for i = 129, j = 253 sucessfully passed !
	Initialyzed swapped data for i = 129, j = 254 sucessfully passed !
	Initialyzed swapped data for i = 129, j = 255 sucessfully passed !
	Initialyzed swapped data for i = 129, j = 256 sucessfully passed !
	Initialyzed swapped data for i = 129, j = 257 sucessfully passed !
	Initialyzed swapped data for i = 129, j = 258 sucessfully passed !
	Initialyzed swapped data for i = 129, j = 259 sucessfully passed !
	Initialyzed swapped data for i = 129, j = 260 sucessfully passed !
	Initialyzed swapped data for i = 129, j = 261 sucessfully passed !
	Initialyzed swapped data for i = 129, j = 262 sucessfully passed !
	Initialyzed swapped data for i = 129, j = 263 sucessfully passed !
	Initialyzed swapped data for i = 129, j = 264 sucessfully passed !
	Initialyzed swapped data for i = 129, j = 265 sucessfully passed !
	Initialyzed swapped data for i = 129, j = 266 sucessfully passed !
	Initialyzed swapped data for i = 129, j = 267 sucessfully passed !
	Initialyzed swapped data for i = 129, j = 268 sucessfully passed !
	Initialyzed swapped data for i = 129, j = 269 sucessfully passed !
	Initialyzed swapped data for i = 129, j = 270 sucessfully passed !
	Initialyzed swapped data for i = 129, j = 271 sucessfully passed !
	Initialyzed swapped data for i = 129, j = 272 sucessfully passed !
	Initialyzed swapped data for i = 129, j = 273 sucessfully passed !
	Initialyzed swapped data for i = 129, j = 274 sucessfully passed !
	Initialyzed swapped data for i = 129, j = 275 sucessfully passed !
	Initialyzed swapped data for i = 129, j = 276 sucessfully passed !
	Initialyzed swapped data for i = 129, j = 277 sucessfully passed !
	Initialyzed swapped data for i = 129, j = 278 sucessfully passed !
	Initialyzed swapped data for i = 129, j = 279 sucessfully passed !
	Initialyzed swapped data for i = 129, j = 280 sucessfully passed !
	Initialyzed swapped data for i = 129, j = 281 sucessfully passed !
	Initialyzed swapped data for i = 129, j = 282 sucessfully passed !
	Initialyzed swapped data for i = 129, j = 283 sucessfully passed !
	Initialyzed swapped data for i = 129, j = 284 sucessfully passed !
	Initialyzed swapped data for i = 129, j = 285 sucessfully passed !
	Initialyzed swapped data for i = 129, j = 286 sucessfully passed !
	Initialyzed swapped data for i = 129, j = 287 sucessfully passed !
	Initialyzed swapped data for i = 129, j = 288 sucessfully passed !
	Initialyzed swapped data for i = 129, j = 289 sucessfully passed !
	Initialyzed swapped data for i = 129, j = 290 sucessfully passed !
	Initialyzed swapped data for i = 129, j = 291 sucessfully passed !
	Initialyzed swapped data for i = 129, j = 292 sucessfully passed !
	Initialyzed swapped data for i = 129, j = 293 sucessfully passed !
	Initialyzed swapped data for i = 129, j = 294 sucessfully passed !
	Initialyzed swapped data for i = 129, j = 295 sucessfully passed !
	Initialyzed swapped data for i = 129, j = 296 sucessfully passed !
	Initialyzed swapped data for i = 129, j = 297 sucessfully passed !
	Initialyzed swapped data for i = 129, j = 298 sucessfully passed !
	Initialyzed swapped data for i = 129, j = 299 sucessfully passed !
	Initialyzed swapped data for i = 129, j = 300 sucessfully passed !
	Initialyzed swapped data for i = 129, j = 301 sucessfully passed !
	Initialyzed swapped data for i = 129, j = 302 sucessfully passed !
	Initialyzed swapped data for i = 129, j = 303 sucessfully passed !
	Initialyzed swapped data for i = 129, j = 304 sucessfully passed !
	Initialyzed swapped data for i = 129, j = 305 sucessfully passed !
	Initialyzed swapped data for i = 129, j = 306 sucessfully passed !
	Initialyzed swapped data for i = 129, j = 307 sucessfully passed !
	Initialyzed swapped data for i = 129, j = 308 sucessfully passed !
	Initialyzed swapped data for i = 129, j = 309 sucessfully passed !
	Initialyzed swapped data for i = 129, j = 310 sucessfully passed !
	Initialyzed swapped data for i = 129, j = 311 sucessfully passed !
	Initialyzed swapped data for i = 129, j = 312 sucessfully passed !
	Initialyzed swapped data for i = 129, j = 313 sucessfully passed !
	Initialyzed swapped data for i = 129, j = 314 sucessfully passed !
	Initialyzed swapped data for i = 129, j = 315 sucessfully passed !
	Initialyzed swapped data for i = 129, j = 316 sucessfully passed !
	Initialyzed swapped data for i = 129, j = 317 sucessfully passed !
	Initialyzed swapped data for i = 129, j = 318 sucessfully passed !
	Initialyzed swapped data for i = 129, j = 319 sucessfully passed !
	Initialyzed swapped data for i = 129, j = 320 sucessfully passed !
	Initialyzed swapped data for i = 129, j = 321 sucessfully passed !
	Initialyzed swapped data for i = 129, j = 322 sucessfully passed !
	Initialyzed swapped data for i = 129, j = 323 sucessfully passed !
	Initialyzed swapped data for i = 129, j = 324 sucessfully passed !
	Initialyzed swapped data for i = 129, j = 325 sucessfully passed !
	Initialyzed swapped data for i = 129, j = 326 sucessfully passed !
	Initialyzed swapped data for i = 129, j = 327 sucessfully passed !
	Initialyzed swapped data for i = 129, j = 328 sucessfully passed !
	Initialyzed swapped data for i = 129, j = 329 sucessfully passed !
	Initialyzed swapped data for i = 129, j = 330 sucessfully passed !
	Initialyzed swapped data for i = 129, j = 331 sucessfully passed !
	Initialyzed swapped data for i = 129, j = 332 sucessfully passed !
	Initialyzed swapped data for i = 129, j = 333 sucessfully passed !
	Initialyzed swapped data for i = 129, j = 334 sucessfully passed !
	Initialyzed swapped data for i = 129, j = 335 sucessfully passed !
	Initialyzed swapped data for i = 129, j = 336 sucessfully passed !
	Initialyzed swapped data for i = 129, j = 337 sucessfully passed !
	Initialyzed swapped data for i = 129, j = 338 sucessfully passed !
	Initialyzed swapped data for i = 129, j = 339 sucessfully passed !
	Initialyzed swapped data for i = 129, j = 340 sucessfully passed !
	Initialyzed swapped data for i = 129, j = 341 sucessfully passed !
	Initialyzed swapped data for i = 129, j = 342 sucessfully passed !
	Initialyzed swapped data for i = 129, j = 343 sucessfully passed !
	Initialyzed swapped data for i = 129, j = 344 sucessfully passed !
	Initialyzed swapped data for i = 129, j = 345 sucessfully passed !
	Initialyzed swapped data for i = 129, j = 346 sucessfully passed !
	Initialyzed swapped data for i = 129, j = 347 sucessfully passed !
	Initialyzed swapped data for i = 129, j = 348 sucessfully passed !
	Initialyzed swapped data for i = 129, j = 349 sucessfully passed !
	Initialyzed swapped data for i = 129, j = 350 sucessfully passed !
	Initialyzed swapped data for i = 129, j = 351 sucessfully passed !
	Initialyzed swapped data for i = 129, j = 352 sucessfully passed !
	Initialyzed swapped data for i = 129, j = 353 sucessfully passed !
	Initialyzed swapped data for i = 129, j = 354 sucessfully passed !
	Initialyzed swapped data for i = 129, j = 355 sucessfully passed !
	Initialyzed swapped data for i = 129, j = 356 sucessfully passed !
	Initialyzed swapped data for i = 129, j = 357 sucessfully passed !
	Initialyzed swapped data for i = 129, j = 358 sucessfully passed !
	Initialyzed swapped data for i = 129, j = 359 sucessfully passed !
	Initialyzed swapped data for i = 129, j = 360 sucessfully passed !
	Initialyzed swapped data for i = 129, j = 361 sucessfully passed !
	Initialyzed swapped data for i = 129, j = 362 sucessfully passed !
	Initialyzed swapped data for i = 129, j = 363 sucessfully passed !
	Initialyzed swapped data for i = 129, j = 364 sucessfully passed !
	Initialyzed swapped data for i = 129, j = 365 sucessfully passed !
	Initialyzed swapped data for i = 129, j = 366 sucessfully passed !
	Initialyzed swapped data for i = 129, j = 367 sucessfully passed !
	Initialyzed swapped data for i = 129, j = 368 sucessfully passed !
	Initialyzed swapped data for i = 129, j = 369 sucessfully passed !
	Initialyzed swapped data for i = 129, j = 370 sucessfully passed !
	Initialyzed swapped data for i = 129, j = 371 sucessfully passed !
	Initialyzed swapped data for i = 129, j = 372 sucessfully passed !
	Initialyzed swapped data for i = 129, j = 373 sucessfully passed !
	Initialyzed swapped data for i = 129, j = 374 sucessfully passed !
	Initialyzed swapped data for i = 129, j = 375 sucessfully passed !
	Initialyzed swapped data for i = 129, j = 376 sucessfully passed !
	Initialyzed swapped data for i = 129, j = 377 sucessfully passed !
	Initialyzed swapped data for i = 129, j = 378 sucessfully passed !
	Initialyzed swapped data for i = 129, j = 379 sucessfully passed !
	Initialyzed swapped data for i = 129, j = 380 sucessfully passed !
	Initialyzed swapped data for i = 129, j = 381 sucessfully passed !
	Initialyzed swapped data for i = 129, j = 382 sucessfully passed !
	Initialyzed swapped data for i = 129, j = 383 sucessfully passed !
	Initialyzed swapped data for i = 129, j = 384 sucessfully passed !
	Initialyzed swapped data for i = 129, j = 385 sucessfully passed !
	Initialyzed swapped data for i = 129, j = 386 sucessfully passed !
	Initialyzed swapped data for i = 129, j = 387 sucessfully passed !
	Initialyzed swapped data for i = 129, j = 388 sucessfully passed !
	Initialyzed swapped data for i = 129, j = 389 sucessfully passed !
	Initialyzed swapped data for i = 129, j = 390 sucessfully passed !
	Initialyzed swapped data for i = 129, j = 391 sucessfully passed !
	Initialyzed swapped data for i = 129, j = 392 sucessfully passed !
	Initialyzed swapped data for i = 129, j = 393 sucessfully passed !
	Initialyzed swapped data for i = 129, j = 394 sucessfully passed !
	Initialyzed swapped data for i = 129, j = 395 sucessfully passed !
	Initialyzed swapped data for i = 129, j = 396 sucessfully passed !
	Initialyzed swapped data for i = 129, j = 397 sucessfully passed !
	Initialyzed swapped data for i = 129, j = 398 sucessfully passed !
	Initialyzed swapped data for i = 129, j = 399 sucessfully passed !
	Initialyzed swapped data for i = 129, j = 400 sucessfully passed !
	Initialyzed swapped data for i = 129, j = 401 sucessfully passed !
	Initialyzed swapped data for i = 129, j = 402 sucessfully passed !
	Initialyzed swapped data for i = 129, j = 403 sucessfully passed !
	Initialyzed swapped data for i = 129, j = 404 sucessfully passed !
	Initialyzed swapped data for i = 129, j = 405 sucessfully passed !
	Initialyzed swapped data for i = 129, j = 406 sucessfully passed !
	Initialyzed swapped data for i = 129, j = 407 sucessfully passed !
	Initialyzed swapped data for i = 129, j = 408 sucessfully passed !
	Initialyzed swapped data for i = 129, j = 409 sucessfully passed !
	Initialyzed swapped data for i = 129, j = 410 sucessfully passed !
	Initialyzed swapped data for i = 129, j = 411 sucessfully passed !
	Initialyzed swapped data for i = 129, j = 412 sucessfully passed !
	Initialyzed swapped data for i = 129, j = 413 sucessfully passed !
	Initialyzed swapped data for i = 129, j = 414 sucessfully passed !
	Initialyzed swapped data for i = 129, j = 415 sucessfully passed !
	Initialyzed swapped data for i = 129, j = 416 sucessfully passed !
	Initialyzed swapped data for i = 129, j = 417 sucessfully passed !
	Initialyzed swapped data for i = 129, j = 418 sucessfully passed !
	Initialyzed swapped data for i = 129, j = 419 sucessfully passed !
	Initialyzed swapped data for i = 129, j = 420 sucessfully passed !
	Initialyzed swapped data for i = 129, j = 421 sucessfully passed !
	Initialyzed swapped data for i = 129, j = 422 sucessfully passed !
	Initialyzed swapped data for i = 129, j = 423 sucessfully passed !
	Initialyzed swapped data for i = 129, j = 424 sucessfully passed !
	Initialyzed swapped data for i = 129, j = 425 sucessfully passed !
	Initialyzed swapped data for i = 129, j = 426 sucessfully passed !
	Initialyzed swapped data for i = 129, j = 427 sucessfully passed !
	Initialyzed swapped data for i = 129, j = 428 sucessfully passed !
	Initialyzed swapped data for i = 129, j = 429 sucessfully passed !
	Initialyzed swapped data for i = 129, j = 430 sucessfully passed !
	Initialyzed swapped data for i = 129, j = 431 sucessfully passed !
	Initialyzed swapped data for i = 129, j = 432 sucessfully passed !
	Initialyzed swapped data for i = 129, j = 433 sucessfully passed !
	Initialyzed swapped data for i = 130, j = 131 sucessfully passed !
	Initialyzed swapped data for i = 130, j = 132 sucessfully passed !
	Initialyzed swapped data for i = 130, j = 133 sucessfully passed !
	Initialyzed swapped data for i = 130, j = 134 sucessfully passed !
	Initialyzed swapped data for i = 130, j = 135 sucessfully passed !
	Initialyzed swapped data for i = 130, j = 136 sucessfully passed !
	Initialyzed swapped data for i = 130, j = 137 sucessfully passed !
	Initialyzed swapped data for i = 130, j = 138 sucessfully passed !
	Initialyzed swapped data for i = 130, j = 139 sucessfully passed !
	Initialyzed swapped data for i = 130, j = 140 sucessfully passed !
	Initialyzed swapped data for i = 130, j = 141 sucessfully passed !
	Initialyzed swapped data for i = 130, j = 142 sucessfully passed !
	Initialyzed swapped data for i = 130, j = 143 sucessfully passed !
	Initialyzed swapped data for i = 130, j = 144 sucessfully passed !
	Initialyzed swapped data for i = 130, j = 145 sucessfully passed !
	Initialyzed swapped data for i = 130, j = 146 sucessfully passed !
	Initialyzed swapped data for i = 130, j = 147 sucessfully passed !
	Initialyzed swapped data for i = 130, j = 148 sucessfully passed !
	Initialyzed swapped data for i = 130, j = 149 sucessfully passed !
	Initialyzed swapped data for i = 130, j = 150 sucessfully passed !
	Initialyzed swapped data for i = 130, j = 151 sucessfully passed !
	Initialyzed swapped data for i = 130, j = 152 sucessfully passed !
	Initialyzed swapped data for i = 130, j = 153 sucessfully passed !
	Initialyzed swapped data for i = 130, j = 154 sucessfully passed !
	Initialyzed swapped data for i = 130, j = 155 sucessfully passed !
	Initialyzed swapped data for i = 130, j = 156 sucessfully passed !
	Initialyzed swapped data for i = 130, j = 157 sucessfully passed !
	Initialyzed swapped data for i = 130, j = 158 sucessfully passed !
	Initialyzed swapped data for i = 130, j = 159 sucessfully passed !
	Initialyzed swapped data for i = 130, j = 160 sucessfully passed !
	Initialyzed swapped data for i = 130, j = 161 sucessfully passed !
	Initialyzed swapped data for i = 130, j = 162 sucessfully passed !
	Initialyzed swapped data for i = 130, j = 163 sucessfully passed !
	Initialyzed swapped data for i = 130, j = 164 sucessfully passed !
	Initialyzed swapped data for i = 130, j = 165 sucessfully passed !
	Initialyzed swapped data for i = 130, j = 166 sucessfully passed !
	Initialyzed swapped data for i = 130, j = 167 sucessfully passed !
	Initialyzed swapped data for i = 130, j = 168 sucessfully passed !
	Initialyzed swapped data for i = 130, j = 169 sucessfully passed !
	Initialyzed swapped data for i = 130, j = 170 sucessfully passed !
	Initialyzed swapped data for i = 130, j = 171 sucessfully passed !
	Initialyzed swapped data for i = 130, j = 172 sucessfully passed !
	Initialyzed swapped data for i = 130, j = 173 sucessfully passed !
	Initialyzed swapped data for i = 130, j = 174 sucessfully passed !
	Initialyzed swapped data for i = 130, j = 175 sucessfully passed !
	Initialyzed swapped data for i = 130, j = 176 sucessfully passed !
	Initialyzed swapped data for i = 130, j = 177 sucessfully passed !
	Initialyzed swapped data for i = 130, j = 178 sucessfully passed !
	Initialyzed swapped data for i = 130, j = 179 sucessfully passed !
	Initialyzed swapped data for i = 130, j = 180 sucessfully passed !
	Initialyzed swapped data for i = 130, j = 181 sucessfully passed !
	Initialyzed swapped data for i = 130, j = 182 sucessfully passed !
	Initialyzed swapped data for i = 130, j = 183 sucessfully passed !
	Initialyzed swapped data for i = 130, j = 184 sucessfully passed !
	Initialyzed swapped data for i = 130, j = 185 sucessfully passed !
	Initialyzed swapped data for i = 130, j = 186 sucessfully passed !
	Initialyzed swapped data for i = 130, j = 187 sucessfully passed !
	Initialyzed swapped data for i = 130, j = 188 sucessfully passed !
	Initialyzed swapped data for i = 130, j = 189 sucessfully passed !
	Initialyzed swapped data for i = 130, j = 190 sucessfully passed !
	Initialyzed swapped data for i = 130, j = 191 sucessfully passed !
	Initialyzed swapped data for i = 130, j = 192 sucessfully passed !
	Initialyzed swapped data for i = 130, j = 193 sucessfully passed !
	Initialyzed swapped data for i = 130, j = 194 sucessfully passed !
	Initialyzed swapped data for i = 130, j = 195 sucessfully passed !
	Initialyzed swapped data for i = 130, j = 196 sucessfully passed !
	Initialyzed swapped data for i = 130, j = 197 sucessfully passed !
	Initialyzed swapped data for i = 130, j = 198 sucessfully passed !
	Initialyzed swapped data for i = 130, j = 199 sucessfully passed !
	Initialyzed swapped data for i = 130, j = 200 sucessfully passed !
	Initialyzed swapped data for i = 130, j = 201 sucessfully passed !
	Initialyzed swapped data for i = 130, j = 202 sucessfully passed !
	Initialyzed swapped data for i = 130, j = 203 sucessfully passed !
	Initialyzed swapped data for i = 130, j = 204 sucessfully passed !
	Initialyzed swapped data for i = 130, j = 205 sucessfully passed !
	Initialyzed swapped data for i = 130, j = 206 sucessfully passed !
	Initialyzed swapped data for i = 130, j = 207 sucessfully passed !
	Initialyzed swapped data for i = 130, j = 208 sucessfully passed !
	Initialyzed swapped data for i = 130, j = 209 sucessfully passed !
	Initialyzed swapped data for i = 130, j = 210 sucessfully passed !
	Initialyzed swapped data for i = 130, j = 211 sucessfully passed !
	Initialyzed swapped data for i = 130, j = 212 sucessfully passed !
	Initialyzed swapped data for i = 130, j = 213 sucessfully passed !
	Initialyzed swapped data for i = 130, j = 214 sucessfully passed !
	Initialyzed swapped data for i = 130, j = 215 sucessfully passed !
	Initialyzed swapped data for i = 130, j = 216 sucessfully passed !
	Initialyzed swapped data for i = 130, j = 217 sucessfully passed !
	Initialyzed swapped data for i = 130, j = 218 sucessfully passed !
	Initialyzed swapped data for i = 130, j = 219 sucessfully passed !
	Initialyzed swapped data for i = 130, j = 220 sucessfully passed !
	Initialyzed swapped data for i = 130, j = 221 sucessfully passed !
	Initialyzed swapped data for i = 130, j = 222 sucessfully passed !
	Initialyzed swapped data for i = 130, j = 223 sucessfully passed !
	Initialyzed swapped data for i = 130, j = 224 sucessfully passed !
	Initialyzed swapped data for i = 130, j = 225 sucessfully passed !
	Initialyzed swapped data for i = 130, j = 226 sucessfully passed !
	Initialyzed swapped data for i = 130, j = 227 sucessfully passed !
	Initialyzed swapped data for i = 130, j = 228 sucessfully passed !
	Initialyzed swapped data for i = 130, j = 229 sucessfully passed !
	Initialyzed swapped data for i = 130, j = 230 sucessfully passed !
	Initialyzed swapped data for i = 130, j = 231 sucessfully passed !
	Initialyzed swapped data for i = 130, j = 232 sucessfully passed !
	Initialyzed swapped data for i = 130, j = 233 sucessfully passed !
	Initialyzed swapped data for i = 130, j = 234 sucessfully passed !
	Initialyzed swapped data for i = 130, j = 235 sucessfully passed !
	Initialyzed swapped data for i = 130, j = 236 sucessfully passed !
	Initialyzed swapped data for i = 130, j = 237 sucessfully passed !
	Initialyzed swapped data for i = 130, j = 238 sucessfully passed !
	Initialyzed swapped data for i = 130, j = 239 sucessfully passed !
	Initialyzed swapped data for i = 130, j = 240 sucessfully passed !
	Initialyzed swapped data for i = 130, j = 241 sucessfully passed !
	Initialyzed swapped data for i = 130, j = 242 sucessfully passed !
	Initialyzed swapped data for i = 130, j = 243 sucessfully passed !
	Initialyzed swapped data for i = 130, j = 244 sucessfully passed !
	Initialyzed swapped data for i = 130, j = 245 sucessfully passed !
	Initialyzed swapped data for i = 130, j = 246 sucessfully passed !
	Initialyzed swapped data for i = 130, j = 247 sucessfully passed !
	Initialyzed swapped data for i = 130, j = 248 sucessfully passed !
	Initialyzed swapped data for i = 130, j = 249 sucessfully passed !
	Initialyzed swapped data for i = 130, j = 250 sucessfully passed !
	Initialyzed swapped data for i = 130, j = 251 sucessfully passed !
	Initialyzed swapped data for i = 130, j = 252 sucessfully passed !
	Initialyzed swapped data for i = 130, j = 253 sucessfully passed !
	Initialyzed swapped data for i = 130, j = 254 sucessfully passed !
	Initialyzed swapped data for i = 130, j = 255 sucessfully passed !
	Initialyzed swapped data for i = 130, j = 256 sucessfully passed !
	Initialyzed swapped data for i = 130, j = 257 sucessfully passed !
	Initialyzed swapped data for i = 130, j = 258 sucessfully passed !
	Initialyzed swapped data for i = 130, j = 259 sucessfully passed !
	Initialyzed swapped data for i = 130, j = 260 sucessfully passed !
	Initialyzed swapped data for i = 130, j = 261 sucessfully passed !
	Initialyzed swapped data for i = 130, j = 262 sucessfully passed !
	Initialyzed swapped data for i = 130, j = 263 sucessfully passed !
	Initialyzed swapped data for i = 130, j = 264 sucessfully passed !
	Initialyzed swapped data for i = 130, j = 265 sucessfully passed !
	Initialyzed swapped data for i = 130, j = 266 sucessfully passed !
	Initialyzed swapped data for i = 130, j = 267 sucessfully passed !
	Initialyzed swapped data for i = 130, j = 268 sucessfully passed !
	Initialyzed swapped data for i = 130, j = 269 sucessfully passed !
	Initialyzed swapped data for i = 130, j = 270 sucessfully passed !
	Initialyzed swapped data for i = 130, j = 271 sucessfully passed !
	Initialyzed swapped data for i = 130, j = 272 sucessfully passed !
	Initialyzed swapped data for i = 130, j = 273 sucessfully passed !
	Initialyzed swapped data for i = 130, j = 274 sucessfully passed !
	Initialyzed swapped data for i = 130, j = 275 sucessfully passed !
	Initialyzed swapped data for i = 130, j = 276 sucessfully passed !
	Initialyzed swapped data for i = 130, j = 277 sucessfully passed !
	Initialyzed swapped data for i = 130, j = 278 sucessfully passed !
	Initialyzed swapped data for i = 130, j = 279 sucessfully passed !
	Initialyzed swapped data for i = 130, j = 280 sucessfully passed !
	Initialyzed swapped data for i = 130, j = 281 sucessfully passed !
	Initialyzed swapped data for i = 130, j = 282 sucessfully passed !
	Initialyzed swapped data for i = 130, j = 283 sucessfully passed !
	Initialyzed swapped data for i = 130, j = 284 sucessfully passed !
	Initialyzed swapped data for i = 130, j = 285 sucessfully passed !
	Initialyzed swapped data for i = 130, j = 286 sucessfully passed !
	Initialyzed swapped data for i = 130, j = 287 sucessfully passed !
	Initialyzed swapped data for i = 130, j = 288 sucessfully passed !
	Initialyzed swapped data for i = 130, j = 289 sucessfully passed !
	Initialyzed swapped data for i = 130, j = 290 sucessfully passed !
	Initialyzed swapped data for i = 130, j = 291 sucessfully passed !
	Initialyzed swapped data for i = 130, j = 292 sucessfully passed !
	Initialyzed swapped data for i = 130, j = 293 sucessfully passed !
	Initialyzed swapped data for i = 130, j = 294 sucessfully passed !
	Initialyzed swapped data for i = 130, j = 295 sucessfully passed !
	Initialyzed swapped data for i = 130, j = 296 sucessfully passed !
	Initialyzed swapped data for i = 130, j = 297 sucessfully passed !
	Initialyzed swapped data for i = 130, j = 298 sucessfully passed !
	Initialyzed swapped data for i = 130, j = 299 sucessfully passed !
	Initialyzed swapped data for i = 130, j = 300 sucessfully passed !
	Initialyzed swapped data for i = 130, j = 301 sucessfully passed !
	Initialyzed swapped data for i = 130, j = 302 sucessfully passed !
	Initialyzed swapped data for i = 130, j = 303 sucessfully passed !
	Initialyzed swapped data for i = 130, j = 304 sucessfully passed !
	Initialyzed swapped data for i = 130, j = 305 sucessfully passed !
	Initialyzed swapped data for i = 130, j = 306 sucessfully passed !
	Initialyzed swapped data for i = 130, j = 307 sucessfully passed !
	Initialyzed swapped data for i = 130, j = 308 sucessfully passed !
	Initialyzed swapped data for i = 130, j = 309 sucessfully passed !
	Initialyzed swapped data for i = 130, j = 310 sucessfully passed !
	Initialyzed swapped data for i = 130, j = 311 sucessfully passed !
	Initialyzed swapped data for i = 130, j = 312 sucessfully passed !
	Initialyzed swapped data for i = 130, j = 313 sucessfully passed !
	Initialyzed swapped data for i = 130, j = 314 sucessfully passed !
	Initialyzed swapped data for i = 130, j = 315 sucessfully passed !
	Initialyzed swapped data for i = 130, j = 316 sucessfully passed !
	Initialyzed swapped data for i = 130, j = 317 sucessfully passed !
	Initialyzed swapped data for i = 130, j = 318 sucessfully passed !
	Initialyzed swapped data for i = 130, j = 319 sucessfully passed !
	Initialyzed swapped data for i = 130, j = 320 sucessfully passed !
	Initialyzed swapped data for i = 130, j = 321 sucessfully passed !
	Initialyzed swapped data for i = 130, j = 322 sucessfully passed !
	Initialyzed swapped data for i = 130, j = 323 sucessfully passed !
	Initialyzed swapped data for i = 130, j = 324 sucessfully passed !
	Initialyzed swapped data for i = 130, j = 325 sucessfully passed !
	Initialyzed swapped data for i = 130, j = 326 sucessfully passed !
	Initialyzed swapped data for i = 130, j = 327 sucessfully passed !
	Initialyzed swapped data for i = 130, j = 328 sucessfully passed !
	Initialyzed swapped data for i = 130, j = 329 sucessfully passed !
	Initialyzed swapped data for i = 130, j = 330 sucessfully passed !
	Initialyzed swapped data for i = 130, j = 331 sucessfully passed !
	Initialyzed swapped data for i = 130, j = 332 sucessfully passed !
	Initialyzed swapped data for i = 130, j = 333 sucessfully passed !
	Initialyzed swapped data for i = 130, j = 334 sucessfully passed !
	Initialyzed swapped data for i = 130, j = 335 sucessfully passed !
	Initialyzed swapped data for i = 130, j = 336 sucessfully passed !
	Initialyzed swapped data for i = 130, j = 337 sucessfully passed !
	Initialyzed swapped data for i = 130, j = 338 sucessfully passed !
	Initialyzed swapped data for i = 130, j = 339 sucessfully passed !
	Initialyzed swapped data for i = 130, j = 340 sucessfully passed !
	Initialyzed swapped data for i = 130, j = 341 sucessfully passed !
	Initialyzed swapped data for i = 130, j = 342 sucessfully passed !
	Initialyzed swapped data for i = 130, j = 343 sucessfully passed !
	Initialyzed swapped data for i = 130, j = 344 sucessfully passed !
	Initialyzed swapped data for i = 130, j = 345 sucessfully passed !
	Initialyzed swapped data for i = 130, j = 346 sucessfully passed !
	Initialyzed swapped data for i = 130, j = 347 sucessfully passed !
	Initialyzed swapped data for i = 130, j = 348 sucessfully passed !
	Initialyzed swapped data for i = 130, j = 349 sucessfully passed !
	Initialyzed swapped data for i = 130, j = 350 sucessfully passed !
	Initialyzed swapped data for i = 130, j = 351 sucessfully passed !
	Initialyzed swapped data for i = 130, j = 352 sucessfully passed !
	Initialyzed swapped data for i = 130, j = 353 sucessfully passed !
	Initialyzed swapped data for i = 130, j = 354 sucessfully passed !
	Initialyzed swapped data for i = 130, j = 355 sucessfully passed !
	Initialyzed swapped data for i = 130, j = 356 sucessfully passed !
	Initialyzed swapped data for i = 130, j = 357 sucessfully passed !
	Initialyzed swapped data for i = 130, j = 358 sucessfully passed !
	Initialyzed swapped data for i = 130, j = 359 sucessfully passed !
	Initialyzed swapped data for i = 130, j = 360 sucessfully passed !
	Initialyzed swapped data for i = 130, j = 361 sucessfully passed !
	Initialyzed swapped data for i = 130, j = 362 sucessfully passed !
	Initialyzed swapped data for i = 130, j = 363 sucessfully passed !
	Initialyzed swapped data for i = 130, j = 364 sucessfully passed !
	Initialyzed swapped data for i = 130, j = 365 sucessfully passed !
	Initialyzed swapped data for i = 130, j = 366 sucessfully passed !
	Initialyzed swapped data for i = 130, j = 367 sucessfully passed !
	Initialyzed swapped data for i = 130, j = 368 sucessfully passed !
	Initialyzed swapped data for i = 130, j = 369 sucessfully passed !
	Initialyzed swapped data for i = 130, j = 370 sucessfully passed !
	Initialyzed swapped data for i = 130, j = 371 sucessfully passed !
	Initialyzed swapped data for i = 130, j = 372 sucessfully passed !
	Initialyzed swapped data for i = 130, j = 373 sucessfully passed !
	Initialyzed swapped data for i = 130, j = 374 sucessfully passed !
	Initialyzed swapped data for i = 130, j = 375 sucessfully passed !
	Initialyzed swapped data for i = 130, j = 376 sucessfully passed !
	Initialyzed swapped data for i = 130, j = 377 sucessfully passed !
	Initialyzed swapped data for i = 130, j = 378 sucessfully passed !
	Initialyzed swapped data for i = 130, j = 379 sucessfully passed !
	Initialyzed swapped data for i = 130, j = 380 sucessfully passed !
	Initialyzed swapped data for i = 130, j = 381 sucessfully passed !
	Initialyzed swapped data for i = 130, j = 382 sucessfully passed !
	Initialyzed swapped data for i = 130, j = 383 sucessfully passed !
	Initialyzed swapped data for i = 130, j = 384 sucessfully passed !
	Initialyzed swapped data for i = 130, j = 385 sucessfully passed !
	Initialyzed swapped data for i = 130, j = 386 sucessfully passed !
	Initialyzed swapped data for i = 130, j = 387 sucessfully passed !
	Initialyzed swapped data for i = 130, j = 388 sucessfully passed !
	Initialyzed swapped data for i = 130, j = 389 sucessfully passed !
	Initialyzed swapped data for i = 130, j = 390 sucessfully passed !
	Initialyzed swapped data for i = 130, j = 391 sucessfully passed !
	Initialyzed swapped data for i = 130, j = 392 sucessfully passed !
	Initialyzed swapped data for i = 130, j = 393 sucessfully passed !
	Initialyzed swapped data for i = 130, j = 394 sucessfully passed !
	Initialyzed swapped data for i = 130, j = 395 sucessfully passed !
	Initialyzed swapped data for i = 130, j = 396 sucessfully passed !
	Initialyzed swapped data for i = 130, j = 397 sucessfully passed !
	Initialyzed swapped data for i = 130, j = 398 sucessfully passed !
	Initialyzed swapped data for i = 130, j = 399 sucessfully passed !
	Initialyzed swapped data for i = 130, j = 400 sucessfully passed !
	Initialyzed swapped data for i = 130, j = 401 sucessfully passed !
	Initialyzed swapped data for i = 130, j = 402 sucessfully passed !
	Initialyzed swapped data for i = 130, j = 403 sucessfully passed !
	Initialyzed swapped data for i = 130, j = 404 sucessfully passed !
	Initialyzed swapped data for i = 130, j = 405 sucessfully passed !
	Initialyzed swapped data for i = 130, j = 406 sucessfully passed !
	Initialyzed swapped data for i = 130, j = 407 sucessfully passed !
	Initialyzed swapped data for i = 130, j = 408 sucessfully passed !
	Initialyzed swapped data for i = 130, j = 409 sucessfully passed !
	Initialyzed swapped data for i = 130, j = 410 sucessfully passed !
	Initialyzed swapped data for i = 130, j = 411 sucessfully passed !
	Initialyzed swapped data for i = 130, j = 412 sucessfully passed !
	Initialyzed swapped data for i = 130, j = 413 sucessfully passed !
	Initialyzed swapped data for i = 130, j = 414 sucessfully passed !
	Initialyzed swapped data for i = 130, j = 415 sucessfully passed !
	Initialyzed swapped data for i = 130, j = 416 sucessfully passed !
	Initialyzed swapped data for i = 130, j = 417 sucessfully passed !
	Initialyzed swapped data for i = 130, j = 418 sucessfully passed !
	Initialyzed swapped data for i = 130, j = 419 sucessfully passed !
	Initialyzed swapped data for i = 130, j = 420 sucessfully passed !
	Initialyzed swapped data for i = 130, j = 421 sucessfully passed !
	Initialyzed swapped data for i = 130, j = 422 sucessfully passed !
	Initialyzed swapped data for i = 130, j = 423 sucessfully passed !
	Initialyzed swapped data for i = 130, j = 424 sucessfully passed !
	Initialyzed swapped data for i = 130, j = 425 sucessfully passed !
	Initialyzed swapped data for i = 130, j = 426 sucessfully passed !
	Initialyzed swapped data for i = 130, j = 427 sucessfully passed !
	Initialyzed swapped data for i = 130, j = 428 sucessfully passed !
	Initialyzed swapped data for i = 130, j = 429 sucessfully passed !
	Initialyzed swapped data for i = 130, j = 430 sucessfully passed !
	Initialyzed swapped data for i = 130, j = 431 sucessfully passed !
	Initialyzed swapped data for i = 130, j = 432 sucessfully passed !
	Initialyzed swapped data for i = 130, j = 433 sucessfully passed !
	Initialyzed swapped data for i = 131, j = 132 sucessfully passed !
	Initialyzed swapped data for i = 131, j = 133 sucessfully passed !
	Initialyzed swapped data for i = 131, j = 134 sucessfully passed !
	Initialyzed swapped data for i = 131, j = 135 sucessfully passed !
	Initialyzed swapped data for i = 131, j = 136 sucessfully passed !
	Initialyzed swapped data for i = 131, j = 137 sucessfully passed !
	Initialyzed swapped data for i = 131, j = 138 sucessfully passed !
	Initialyzed swapped data for i = 131, j = 139 sucessfully passed !
	Initialyzed swapped data for i = 131, j = 140 sucessfully passed !
	Initialyzed swapped data for i = 131, j = 141 sucessfully passed !
	Initialyzed swapped data for i = 131, j = 142 sucessfully passed !
	Initialyzed swapped data for i = 131, j = 143 sucessfully passed !
	Initialyzed swapped data for i = 131, j = 144 sucessfully passed !
	Initialyzed swapped data for i = 131, j = 145 sucessfully passed !
	Initialyzed swapped data for i = 131, j = 146 sucessfully passed !
	Initialyzed swapped data for i = 131, j = 147 sucessfully passed !
	Initialyzed swapped data for i = 131, j = 148 sucessfully passed !
	Initialyzed swapped data for i = 131, j = 149 sucessfully passed !
	Initialyzed swapped data for i = 131, j = 150 sucessfully passed !
	Initialyzed swapped data for i = 131, j = 151 sucessfully passed !
	Initialyzed swapped data for i = 131, j = 152 sucessfully passed !
	Initialyzed swapped data for i = 131, j = 153 sucessfully passed !
	Initialyzed swapped data for i = 131, j = 154 sucessfully passed !
	Initialyzed swapped data for i = 131, j = 155 sucessfully passed !
	Initialyzed swapped data for i = 131, j = 156 sucessfully passed !
	Initialyzed swapped data for i = 131, j = 157 sucessfully passed !
	Initialyzed swapped data for i = 131, j = 158 sucessfully passed !
	Initialyzed swapped data for i = 131, j = 159 sucessfully passed !
	Initialyzed swapped data for i = 131, j = 160 sucessfully passed !
	Initialyzed swapped data for i = 131, j = 161 sucessfully passed !
	Initialyzed swapped data for i = 131, j = 162 sucessfully passed !
	Initialyzed swapped data for i = 131, j = 163 sucessfully passed !
	Initialyzed swapped data for i = 131, j = 164 sucessfully passed !
	Initialyzed swapped data for i = 131, j = 165 sucessfully passed !
	Initialyzed swapped data for i = 131, j = 166 sucessfully passed !
	Initialyzed swapped data for i = 131, j = 167 sucessfully passed !
	Initialyzed swapped data for i = 131, j = 168 sucessfully passed !
	Initialyzed swapped data for i = 131, j = 169 sucessfully passed !
	Initialyzed swapped data for i = 131, j = 170 sucessfully passed !
	Initialyzed swapped data for i = 131, j = 171 sucessfully passed !
	Initialyzed swapped data for i = 131, j = 172 sucessfully passed !
	Initialyzed swapped data for i = 131, j = 173 sucessfully passed !
	Initialyzed swapped data for i = 131, j = 174 sucessfully passed !
	Initialyzed swapped data for i = 131, j = 175 sucessfully passed !
	Initialyzed swapped data for i = 131, j = 176 sucessfully passed !
	Initialyzed swapped data for i = 131, j = 177 sucessfully passed !
	Initialyzed swapped data for i = 131, j = 178 sucessfully passed !
	Initialyzed swapped data for i = 131, j = 179 sucessfully passed !
	Initialyzed swapped data for i = 131, j = 180 sucessfully passed !
	Initialyzed swapped data for i = 131, j = 181 sucessfully passed !
	Initialyzed swapped data for i = 131, j = 182 sucessfully passed !
	Initialyzed swapped data for i = 131, j = 183 sucessfully passed !
	Initialyzed swapped data for i = 131, j = 184 sucessfully passed !
	Initialyzed swapped data for i = 131, j = 185 sucessfully passed !
	Initialyzed swapped data for i = 131, j = 186 sucessfully passed !
	Initialyzed swapped data for i = 131, j = 187 sucessfully passed !
	Initialyzed swapped data for i = 131, j = 188 sucessfully passed !
	Initialyzed swapped data for i = 131, j = 189 sucessfully passed !
	Initialyzed swapped data for i = 131, j = 190 sucessfully passed !
	Initialyzed swapped data for i = 131, j = 191 sucessfully passed !
	Initialyzed swapped data for i = 131, j = 192 sucessfully passed !
	Initialyzed swapped data for i = 131, j = 193 sucessfully passed !
	Initialyzed swapped data for i = 131, j = 194 sucessfully passed !
	Initialyzed swapped data for i = 131, j = 195 sucessfully passed !
	Initialyzed swapped data for i = 131, j = 196 sucessfully passed !
	Initialyzed swapped data for i = 131, j = 197 sucessfully passed !
	Initialyzed swapped data for i = 131, j = 198 sucessfully passed !
	Initialyzed swapped data for i = 131, j = 199 sucessfully passed !
	Initialyzed swapped data for i = 131, j = 200 sucessfully passed !
	Initialyzed swapped data for i = 131, j = 201 sucessfully passed !
	Initialyzed swapped data for i = 131, j = 202 sucessfully passed !
	Initialyzed swapped data for i = 131, j = 203 sucessfully passed !
	Initialyzed swapped data for i = 131, j = 204 sucessfully passed !
	Initialyzed swapped data for i = 131, j = 205 sucessfully passed !
	Initialyzed swapped data for i = 131, j = 206 sucessfully passed !
	Initialyzed swapped data for i = 131, j = 207 sucessfully passed !
	Initialyzed swapped data for i = 131, j = 208 sucessfully passed !
	Initialyzed swapped data for i = 131, j = 209 sucessfully passed !
	Initialyzed swapped data for i = 131, j = 210 sucessfully passed !
	Initialyzed swapped data for i = 131, j = 211 sucessfully passed !
	Initialyzed swapped data for i = 131, j = 212 sucessfully passed !
	Initialyzed swapped data for i = 131, j = 213 sucessfully passed !
	Initialyzed swapped data for i = 131, j = 214 sucessfully passed !
	Initialyzed swapped data for i = 131, j = 215 sucessfully passed !
	Initialyzed swapped data for i = 131, j = 216 sucessfully passed !
	Initialyzed swapped data for i = 131, j = 217 sucessfully passed !
	Initialyzed swapped data for i = 131, j = 218 sucessfully passed !
	Initialyzed swapped data for i = 131, j = 219 sucessfully passed !
	Initialyzed swapped data for i = 131, j = 220 sucessfully passed !
	Initialyzed swapped data for i = 131, j = 221 sucessfully passed !
	Initialyzed swapped data for i = 131, j = 222 sucessfully passed !
	Initialyzed swapped data for i = 131, j = 223 sucessfully passed !
	Initialyzed swapped data for i = 131, j = 224 sucessfully passed !
	Initialyzed swapped data for i = 131, j = 225 sucessfully passed !
	Initialyzed swapped data for i = 131, j = 226 sucessfully passed !
	Initialyzed swapped data for i = 131, j = 227 sucessfully passed !
	Initialyzed swapped data for i = 131, j = 228 sucessfully passed !
	Initialyzed swapped data for i = 131, j = 229 sucessfully passed !
	Initialyzed swapped data for i = 131, j = 230 sucessfully passed !
	Initialyzed swapped data for i = 131, j = 231 sucessfully passed !
	Initialyzed swapped data for i = 131, j = 232 sucessfully passed !
	Initialyzed swapped data for i = 131, j = 233 sucessfully passed !
	Initialyzed swapped data for i = 131, j = 234 sucessfully passed !
	Initialyzed swapped data for i = 131, j = 235 sucessfully passed !
	Initialyzed swapped data for i = 131, j = 236 sucessfully passed !
	Initialyzed swapped data for i = 131, j = 237 sucessfully passed !
	Initialyzed swapped data for i = 131, j = 238 sucessfully passed !
	Initialyzed swapped data for i = 131, j = 239 sucessfully passed !
	Initialyzed swapped data for i = 131, j = 240 sucessfully passed !
	Initialyzed swapped data for i = 131, j = 241 sucessfully passed !
	Initialyzed swapped data for i = 131, j = 242 sucessfully passed !
	Initialyzed swapped data for i = 131, j = 243 sucessfully passed !
	Initialyzed swapped data for i = 131, j = 244 sucessfully passed !
	Initialyzed swapped data for i = 131, j = 245 sucessfully passed !
	Initialyzed swapped data for i = 131, j = 246 sucessfully passed !
	Initialyzed swapped data for i = 131, j = 247 sucessfully passed !
	Initialyzed swapped data for i = 131, j = 248 sucessfully passed !
	Initialyzed swapped data for i = 131, j = 249 sucessfully passed !
	Initialyzed swapped data for i = 131, j = 250 sucessfully passed !
	Initialyzed swapped data for i = 131, j = 251 sucessfully passed !
	Initialyzed swapped data for i = 131, j = 252 sucessfully passed !
	Initialyzed swapped data for i = 131, j = 253 sucessfully passed !
	Initialyzed swapped data for i = 131, j = 254 sucessfully passed !
	Initialyzed swapped data for i = 131, j = 255 sucessfully passed !
	Initialyzed swapped data for i = 131, j = 256 sucessfully passed !
	Initialyzed swapped data for i = 131, j = 257 sucessfully passed !
	Initialyzed swapped data for i = 131, j = 258 sucessfully passed !
	Initialyzed swapped data for i = 131, j = 259 sucessfully passed !
	Initialyzed swapped data for i = 131, j = 260 sucessfully passed !
	Initialyzed swapped data for i = 131, j = 261 sucessfully passed !
	Initialyzed swapped data for i = 131, j = 262 sucessfully passed !
	Initialyzed swapped data for i = 131, j = 263 sucessfully passed !
	Initialyzed swapped data for i = 131, j = 264 sucessfully passed !
	Initialyzed swapped data for i = 131, j = 265 sucessfully passed !
	Initialyzed swapped data for i = 131, j = 266 sucessfully passed !
	Initialyzed swapped data for i = 131, j = 267 sucessfully passed !
	Initialyzed swapped data for i = 131, j = 268 sucessfully passed !
	Initialyzed swapped data for i = 131, j = 269 sucessfully passed !
	Initialyzed swapped data for i = 131, j = 270 sucessfully passed !
	Initialyzed swapped data for i = 131, j = 271 sucessfully passed !
	Initialyzed swapped data for i = 131, j = 272 sucessfully passed !
	Initialyzed swapped data for i = 131, j = 273 sucessfully passed !
	Initialyzed swapped data for i = 131, j = 274 sucessfully passed !
	Initialyzed swapped data for i = 131, j = 275 sucessfully passed !
	Initialyzed swapped data for i = 131, j = 276 sucessfully passed !
	Initialyzed swapped data for i = 131, j = 277 sucessfully passed !
	Initialyzed swapped data for i = 131, j = 278 sucessfully passed !
	Initialyzed swapped data for i = 131, j = 279 sucessfully passed !
	Initialyzed swapped data for i = 131, j = 280 sucessfully passed !
	Initialyzed swapped data for i = 131, j = 281 sucessfully passed !
	Initialyzed swapped data for i = 131, j = 282 sucessfully passed !
	Initialyzed swapped data for i = 131, j = 283 sucessfully passed !
	Initialyzed swapped data for i = 131, j = 284 sucessfully passed !
	Initialyzed swapped data for i = 131, j = 285 sucessfully passed !
	Initialyzed swapped data for i = 131, j = 286 sucessfully passed !
	Initialyzed swapped data for i = 131, j = 287 sucessfully passed !
	Initialyzed swapped data for i = 131, j = 288 sucessfully passed !
	Initialyzed swapped data for i = 131, j = 289 sucessfully passed !
	Initialyzed swapped data for i = 131, j = 290 sucessfully passed !
	Initialyzed swapped data for i = 131, j = 291 sucessfully passed !
	Initialyzed swapped data for i = 131, j = 292 sucessfully passed !
	Initialyzed swapped data for i = 131, j = 293 sucessfully passed !
	Initialyzed swapped data for i = 131, j = 294 sucessfully passed !
	Initialyzed swapped data for i = 131, j = 295 sucessfully passed !
	Initialyzed swapped data for i = 131, j = 296 sucessfully passed !
	Initialyzed swapped data for i = 131, j = 297 sucessfully passed !
	Initialyzed swapped data for i = 131, j = 298 sucessfully passed !
	Initialyzed swapped data for i = 131, j = 299 sucessfully passed !
	Initialyzed swapped data for i = 131, j = 300 sucessfully passed !
	Initialyzed swapped data for i = 131, j = 301 sucessfully passed !
	Initialyzed swapped data for i = 131, j = 302 sucessfully passed !
	Initialyzed swapped data for i = 131, j = 303 sucessfully passed !
	Initialyzed swapped data for i = 131, j = 304 sucessfully passed !
	Initialyzed swapped data for i = 131, j = 305 sucessfully passed !
	Initialyzed swapped data for i = 131, j = 306 sucessfully passed !
	Initialyzed swapped data for i = 131, j = 307 sucessfully passed !
	Initialyzed swapped data for i = 131, j = 308 sucessfully passed !
	Initialyzed swapped data for i = 131, j = 309 sucessfully passed !
	Initialyzed swapped data for i = 131, j = 310 sucessfully passed !
	Initialyzed swapped data for i = 131, j = 311 sucessfully passed !
	Initialyzed swapped data for i = 131, j = 312 sucessfully passed !
	Initialyzed swapped data for i = 131, j = 313 sucessfully passed !
	Initialyzed swapped data for i = 131, j = 314 sucessfully passed !
	Initialyzed swapped data for i = 131, j = 315 sucessfully passed !
	Initialyzed swapped data for i = 131, j = 316 sucessfully passed !
	Initialyzed swapped data for i = 131, j = 317 sucessfully passed !
	Initialyzed swapped data for i = 131, j = 318 sucessfully passed !
	Initialyzed swapped data for i = 131, j = 319 sucessfully passed !
	Initialyzed swapped data for i = 131, j = 320 sucessfully passed !
	Initialyzed swapped data for i = 131, j = 321 sucessfully passed !
	Initialyzed swapped data for i = 131, j = 322 sucessfully passed !
	Initialyzed swapped data for i = 131, j = 323 sucessfully passed !
	Initialyzed swapped data for i = 131, j = 324 sucessfully passed !
	Initialyzed swapped data for i = 131, j = 325 sucessfully passed !
	Initialyzed swapped data for i = 131, j = 326 sucessfully passed !
	Initialyzed swapped data for i = 131, j = 327 sucessfully passed !
	Initialyzed swapped data for i = 131, j = 328 sucessfully passed !
	Initialyzed swapped data for i = 131, j = 329 sucessfully passed !
	Initialyzed swapped data for i = 131, j = 330 sucessfully passed !
	Initialyzed swapped data for i = 131, j = 331 sucessfully passed !
	Initialyzed swapped data for i = 131, j = 332 sucessfully passed !
	Initialyzed swapped data for i = 131, j = 333 sucessfully passed !
	Initialyzed swapped data for i = 131, j = 334 sucessfully passed !
	Initialyzed swapped data for i = 131, j = 335 sucessfully passed !
	Initialyzed swapped data for i = 131, j = 336 sucessfully passed !
	Initialyzed swapped data for i = 131, j = 337 sucessfully passed !
	Initialyzed swapped data for i = 131, j = 338 sucessfully passed !
	Initialyzed swapped data for i = 131, j = 339 sucessfully passed !
	Initialyzed swapped data for i = 131, j = 340 sucessfully passed !
	Initialyzed swapped data for i = 131, j = 341 sucessfully passed !
	Initialyzed swapped data for i = 131, j = 342 sucessfully passed !
	Initialyzed swapped data for i = 131, j = 343 sucessfully passed !
	Initialyzed swapped data for i = 131, j = 344 sucessfully passed !
	Initialyzed swapped data for i = 131, j = 345 sucessfully passed !
	Initialyzed swapped data for i = 131, j = 346 sucessfully passed !
	Initialyzed swapped data for i = 131, j = 347 sucessfully passed !
	Initialyzed swapped data for i = 131, j = 348 sucessfully passed !
	Initialyzed swapped data for i = 131, j = 349 sucessfully passed !
	Initialyzed swapped data for i = 131, j = 350 sucessfully passed !
	Initialyzed swapped data for i = 131, j = 351 sucessfully passed !
	Initialyzed swapped data for i = 131, j = 352 sucessfully passed !
	Initialyzed swapped data for i = 131, j = 353 sucessfully passed !
	Initialyzed swapped data for i = 131, j = 354 sucessfully passed !
	Initialyzed swapped data for i = 131, j = 355 sucessfully passed !
	Initialyzed swapped data for i = 131, j = 356 sucessfully passed !
	Initialyzed swapped data for i = 131, j = 357 sucessfully passed !
	Initialyzed swapped data for i = 131, j = 358 sucessfully passed !
	Initialyzed swapped data for i = 131, j = 359 sucessfully passed !
	Initialyzed swapped data for i = 131, j = 360 sucessfully passed !
	Initialyzed swapped data for i = 131, j = 361 sucessfully passed !
	Initialyzed swapped data for i = 131, j = 362 sucessfully passed !
	Initialyzed swapped data for i = 131, j = 363 sucessfully passed !
	Initialyzed swapped data for i = 131, j = 364 sucessfully passed !
	Initialyzed swapped data for i = 131, j = 365 sucessfully passed !
	Initialyzed swapped data for i = 131, j = 366 sucessfully passed !
	Initialyzed swapped data for i = 131, j = 367 sucessfully passed !
	Initialyzed swapped data for i = 131, j = 368 sucessfully passed !
	Initialyzed swapped data for i = 131, j = 369 sucessfully passed !
	Initialyzed swapped data for i = 131, j = 370 sucessfully passed !
	Initialyzed swapped data for i = 131, j = 371 sucessfully passed !
	Initialyzed swapped data for i = 131, j = 372 sucessfully passed !
	Initialyzed swapped data for i = 131, j = 373 sucessfully passed !
	Initialyzed swapped data for i = 131, j = 374 sucessfully passed !
	Initialyzed swapped data for i = 131, j = 375 sucessfully passed !
	Initialyzed swapped data for i = 131, j = 376 sucessfully passed !
	Initialyzed swapped data for i = 131, j = 377 sucessfully passed !
	Initialyzed swapped data for i = 131, j = 378 sucessfully passed !
	Initialyzed swapped data for i = 131, j = 379 sucessfully passed !
	Initialyzed swapped data for i = 131, j = 380 sucessfully passed !
	Initialyzed swapped data for i = 131, j = 381 sucessfully passed !
	Initialyzed swapped data for i = 131, j = 382 sucessfully passed !
	Initialyzed swapped data for i = 131, j = 383 sucessfully passed !
	Initialyzed swapped data for i = 131, j = 384 sucessfully passed !
	Initialyzed swapped data for i = 131, j = 385 sucessfully passed !
	Initialyzed swapped data for i = 131, j = 386 sucessfully passed !
	Initialyzed swapped data for i = 131, j = 387 sucessfully passed !
	Initialyzed swapped data for i = 131, j = 388 sucessfully passed !
	Initialyzed swapped data for i = 131, j = 389 sucessfully passed !
	Initialyzed swapped data for i = 131, j = 390 sucessfully passed !
	Initialyzed swapped data for i = 131, j = 391 sucessfully passed !
	Initialyzed swapped data for i = 131, j = 392 sucessfully passed !
	Initialyzed swapped data for i = 131, j = 393 sucessfully passed !
	Initialyzed swapped data for i = 131, j = 394 sucessfully passed !
	Initialyzed swapped data for i = 131, j = 395 sucessfully passed !
	Initialyzed swapped data for i = 131, j = 396 sucessfully passed !
	Initialyzed swapped data for i = 131, j = 397 sucessfully passed !
	Initialyzed swapped data for i = 131, j = 398 sucessfully passed !
	Initialyzed swapped data for i = 131, j = 399 sucessfully passed !
	Initialyzed swapped data for i = 131, j = 400 sucessfully passed !
	Initialyzed swapped data for i = 131, j = 401 sucessfully passed !
	Initialyzed swapped data for i = 131, j = 402 sucessfully passed !
	Initialyzed swapped data for i = 131, j = 403 sucessfully passed !
	Initialyzed swapped data for i = 131, j = 404 sucessfully passed !
	Initialyzed swapped data for i = 131, j = 405 sucessfully passed !
	Initialyzed swapped data for i = 131, j = 406 sucessfully passed !
	Initialyzed swapped data for i = 131, j = 407 sucessfully passed !
	Initialyzed swapped data for i = 131, j = 408 sucessfully passed !
	Initialyzed swapped data for i = 131, j = 409 sucessfully passed !
	Initialyzed swapped data for i = 131, j = 410 sucessfully passed !
	Initialyzed swapped data for i = 131, j = 411 sucessfully passed !
	Initialyzed swapped data for i = 131, j = 412 sucessfully passed !
	Initialyzed swapped data for i = 131, j = 413 sucessfully passed !
	Initialyzed swapped data for i = 131, j = 414 sucessfully passed !
	Initialyzed swapped data for i = 131, j = 415 sucessfully passed !
	Initialyzed swapped data for i = 131, j = 416 sucessfully passed !
	Initialyzed swapped data for i = 131, j = 417 sucessfully passed !
	Initialyzed swapped data for i = 131, j = 418 sucessfully passed !
	Initialyzed swapped data for i = 131, j = 419 sucessfully passed !
	Initialyzed swapped data for i = 131, j = 420 sucessfully passed !
	Initialyzed swapped data for i = 131, j = 421 sucessfully passed !
	Initialyzed swapped data for i = 131, j = 422 sucessfully passed !
	Initialyzed swapped data for i = 131, j = 423 sucessfully passed !
	Initialyzed swapped data for i = 131, j = 424 sucessfully passed !
	Initialyzed swapped data for i = 131, j = 425 sucessfully passed !
	Initialyzed swapped data for i = 131, j = 426 sucessfully passed !
	Initialyzed swapped data for i = 131, j = 427 sucessfully passed !
	Initialyzed swapped data for i = 131, j = 428 sucessfully passed !
	Initialyzed swapped data for i = 131, j = 429 sucessfully passed !
	Initialyzed swapped data for i = 131, j = 430 sucessfully passed !
	Initialyzed swapped data for i = 131, j = 431 sucessfully passed !
	Initialyzed swapped data for i = 131, j = 432 sucessfully passed !
	Initialyzed swapped data for i = 131, j = 433 sucessfully passed !
	Initialyzed swapped data for i = 132, j = 133 sucessfully passed !
	Initialyzed swapped data for i = 132, j = 134 sucessfully passed !
	Initialyzed swapped data for i = 132, j = 135 sucessfully passed !
	Initialyzed swapped data for i = 132, j = 136 sucessfully passed !
	Initialyzed swapped data for i = 132, j = 137 sucessfully passed !
	Initialyzed swapped data for i = 132, j = 138 sucessfully passed !
	Initialyzed swapped data for i = 132, j = 139 sucessfully passed !
	Initialyzed swapped data for i = 132, j = 140 sucessfully passed !
	Initialyzed swapped data for i = 132, j = 141 sucessfully passed !
	Initialyzed swapped data for i = 132, j = 142 sucessfully passed !
	Initialyzed swapped data for i = 132, j = 143 sucessfully passed !
	Initialyzed swapped data for i = 132, j = 144 sucessfully passed !
	Initialyzed swapped data for i = 132, j = 145 sucessfully passed !
	Initialyzed swapped data for i = 132, j = 146 sucessfully passed !
	Initialyzed swapped data for i = 132, j = 147 sucessfully passed !
	Initialyzed swapped data for i = 132, j = 148 sucessfully passed !
	Initialyzed swapped data for i = 132, j = 149 sucessfully passed !
	Initialyzed swapped data for i = 132, j = 150 sucessfully passed !
	Initialyzed swapped data for i = 132, j = 151 sucessfully passed !
	Initialyzed swapped data for i = 132, j = 152 sucessfully passed !
	Initialyzed swapped data for i = 132, j = 153 sucessfully passed !
	Initialyzed swapped data for i = 132, j = 154 sucessfully passed !
	Initialyzed swapped data for i = 132, j = 155 sucessfully passed !
	Initialyzed swapped data for i = 132, j = 156 sucessfully passed !
	Initialyzed swapped data for i = 132, j = 157 sucessfully passed !
	Initialyzed swapped data for i = 132, j = 158 sucessfully passed !
	Initialyzed swapped data for i = 132, j = 159 sucessfully passed !
	Initialyzed swapped data for i = 132, j = 160 sucessfully passed !
	Initialyzed swapped data for i = 132, j = 161 sucessfully passed !
	Initialyzed swapped data for i = 132, j = 162 sucessfully passed !
	Initialyzed swapped data for i = 132, j = 163 sucessfully passed !
	Initialyzed swapped data for i = 132, j = 164 sucessfully passed !
	Initialyzed swapped data for i = 132, j = 165 sucessfully passed !
	Initialyzed swapped data for i = 132, j = 166 sucessfully passed !
	Initialyzed swapped data for i = 132, j = 167 sucessfully passed !
	Initialyzed swapped data for i = 132, j = 168 sucessfully passed !
	Initialyzed swapped data for i = 132, j = 169 sucessfully passed !
	Initialyzed swapped data for i = 132, j = 170 sucessfully passed !
	Initialyzed swapped data for i = 132, j = 171 sucessfully passed !
	Initialyzed swapped data for i = 132, j = 172 sucessfully passed !
	Initialyzed swapped data for i = 132, j = 173 sucessfully passed !
	Initialyzed swapped data for i = 132, j = 174 sucessfully passed !
	Initialyzed swapped data for i = 132, j = 175 sucessfully passed !
	Initialyzed swapped data for i = 132, j = 176 sucessfully passed !
	Initialyzed swapped data for i = 132, j = 177 sucessfully passed !
	Initialyzed swapped data for i = 132, j = 178 sucessfully passed !
	Initialyzed swapped data for i = 132, j = 179 sucessfully passed !
	Initialyzed swapped data for i = 132, j = 180 sucessfully passed !
	Initialyzed swapped data for i = 132, j = 181 sucessfully passed !
	Initialyzed swapped data for i = 132, j = 182 sucessfully passed !
	Initialyzed swapped data for i = 132, j = 183 sucessfully passed !
	Initialyzed swapped data for i = 132, j = 184 sucessfully passed !
	Initialyzed swapped data for i = 132, j = 185 sucessfully passed !
	Initialyzed swapped data for i = 132, j = 186 sucessfully passed !
	Initialyzed swapped data for i = 132, j = 187 sucessfully passed !
	Initialyzed swapped data for i = 132, j = 188 sucessfully passed !
	Initialyzed swapped data for i = 132, j = 189 sucessfully passed !
	Initialyzed swapped data for i = 132, j = 190 sucessfully passed !
	Initialyzed swapped data for i = 132, j = 191 sucessfully passed !
	Initialyzed swapped data for i = 132, j = 192 sucessfully passed !
	Initialyzed swapped data for i = 132, j = 193 sucessfully passed !
	Initialyzed swapped data for i = 132, j = 194 sucessfully passed !
	Initialyzed swapped data for i = 132, j = 195 sucessfully passed !
	Initialyzed swapped data for i = 132, j = 196 sucessfully passed !
	Initialyzed swapped data for i = 132, j = 197 sucessfully passed !
	Initialyzed swapped data for i = 132, j = 198 sucessfully passed !
	Initialyzed swapped data for i = 132, j = 199 sucessfully passed !
	Initialyzed swapped data for i = 132, j = 200 sucessfully passed !
	Initialyzed swapped data for i = 132, j = 201 sucessfully passed !
	Initialyzed swapped data for i = 132, j = 202 sucessfully passed !
	Initialyzed swapped data for i = 132, j = 203 sucessfully passed !
	Initialyzed swapped data for i = 132, j = 204 sucessfully passed !
	Initialyzed swapped data for i = 132, j = 205 sucessfully passed !
	Initialyzed swapped data for i = 132, j = 206 sucessfully passed !
	Initialyzed swapped data for i = 132, j = 207 sucessfully passed !
	Initialyzed swapped data for i = 132, j = 208 sucessfully passed !
	Initialyzed swapped data for i = 132, j = 209 sucessfully passed !
	Initialyzed swapped data for i = 132, j = 210 sucessfully passed !
	Initialyzed swapped data for i = 132, j = 211 sucessfully passed !
	Initialyzed swapped data for i = 132, j = 212 sucessfully passed !
	Initialyzed swapped data for i = 132, j = 213 sucessfully passed !
	Initialyzed swapped data for i = 132, j = 214 sucessfully passed !
	Initialyzed swapped data for i = 132, j = 215 sucessfully passed !
	Initialyzed swapped data for i = 132, j = 216 sucessfully passed !
	Initialyzed swapped data for i = 132, j = 217 sucessfully passed !
	Initialyzed swapped data for i = 132, j = 218 sucessfully passed !
	Initialyzed swapped data for i = 132, j = 219 sucessfully passed !
	Initialyzed swapped data for i = 132, j = 220 sucessfully passed !
	Initialyzed swapped data for i = 132, j = 221 sucessfully passed !
	Initialyzed swapped data for i = 132, j = 222 sucessfully passed !
	Initialyzed swapped data for i = 132, j = 223 sucessfully passed !
	Initialyzed swapped data for i = 132, j = 224 sucessfully passed !
	Initialyzed swapped data for i = 132, j = 225 sucessfully passed !
	Initialyzed swapped data for i = 132, j = 226 sucessfully passed !
	Initialyzed swapped data for i = 132, j = 227 sucessfully passed !
	Initialyzed swapped data for i = 132, j = 228 sucessfully passed !
	Initialyzed swapped data for i = 132, j = 229 sucessfully passed !
	Initialyzed swapped data for i = 132, j = 230 sucessfully passed !
	Initialyzed swapped data for i = 132, j = 231 sucessfully passed !
	Initialyzed swapped data for i = 132, j = 232 sucessfully passed !
	Initialyzed swapped data for i = 132, j = 233 sucessfully passed !
	Initialyzed swapped data for i = 132, j = 234 sucessfully passed !
	Initialyzed swapped data for i = 132, j = 235 sucessfully passed !
	Initialyzed swapped data for i = 132, j = 236 sucessfully passed !
	Initialyzed swapped data for i = 132, j = 237 sucessfully passed !
	Initialyzed swapped data for i = 132, j = 238 sucessfully passed !
	Initialyzed swapped data for i = 132, j = 239 sucessfully passed !
	Initialyzed swapped data for i = 132, j = 240 sucessfully passed !
	Initialyzed swapped data for i = 132, j = 241 sucessfully passed !
	Initialyzed swapped data for i = 132, j = 242 sucessfully passed !
	Initialyzed swapped data for i = 132, j = 243 sucessfully passed !
	Initialyzed swapped data for i = 132, j = 244 sucessfully passed !
	Initialyzed swapped data for i = 132, j = 245 sucessfully passed !
	Initialyzed swapped data for i = 132, j = 246 sucessfully passed !
	Initialyzed swapped data for i = 132, j = 247 sucessfully passed !
	Initialyzed swapped data for i = 132, j = 248 sucessfully passed !
	Initialyzed swapped data for i = 132, j = 249 sucessfully passed !
	Initialyzed swapped data for i = 132, j = 250 sucessfully passed !
	Initialyzed swapped data for i = 132, j = 251 sucessfully passed !
	Initialyzed swapped data for i = 132, j = 252 sucessfully passed !
	Initialyzed swapped data for i = 132, j = 253 sucessfully passed !
	Initialyzed swapped data for i = 132, j = 254 sucessfully passed !
	Initialyzed swapped data for i = 132, j = 255 sucessfully passed !
	Initialyzed swapped data for i = 132, j = 256 sucessfully passed !
	Initialyzed swapped data for i = 132, j = 257 sucessfully passed !
	Initialyzed swapped data for i = 132, j = 258 sucessfully passed !
	Initialyzed swapped data for i = 132, j = 259 sucessfully passed !
	Initialyzed swapped data for i = 132, j = 260 sucessfully passed !
	Initialyzed swapped data for i = 132, j = 261 sucessfully passed !
	Initialyzed swapped data for i = 132, j = 262 sucessfully passed !
	Initialyzed swapped data for i = 132, j = 263 sucessfully passed !
	Initialyzed swapped data for i = 132, j = 264 sucessfully passed !
	Initialyzed swapped data for i = 132, j = 265 sucessfully passed !
	Initialyzed swapped data for i = 132, j = 266 sucessfully passed !
	Initialyzed swapped data for i = 132, j = 267 sucessfully passed !
	Initialyzed swapped data for i = 132, j = 268 sucessfully passed !
	Initialyzed swapped data for i = 132, j = 269 sucessfully passed !
	Initialyzed swapped data for i = 132, j = 270 sucessfully passed !
	Initialyzed swapped data for i = 132, j = 271 sucessfully passed !
	Initialyzed swapped data for i = 132, j = 272 sucessfully passed !
	Initialyzed swapped data for i = 132, j = 273 sucessfully passed !
	Initialyzed swapped data for i = 132, j = 274 sucessfully passed !
	Initialyzed swapped data for i = 132, j = 275 sucessfully passed !
	Initialyzed swapped data for i = 132, j = 276 sucessfully passed !
	Initialyzed swapped data for i = 132, j = 277 sucessfully passed !
	Initialyzed swapped data for i = 132, j = 278 sucessfully passed !
	Initialyzed swapped data for i = 132, j = 279 sucessfully passed !
	Initialyzed swapped data for i = 132, j = 280 sucessfully passed !
	Initialyzed swapped data for i = 132, j = 281 sucessfully passed !
	Initialyzed swapped data for i = 132, j = 282 sucessfully passed !
	Initialyzed swapped data for i = 132, j = 283 sucessfully passed !
	Initialyzed swapped data for i = 132, j = 284 sucessfully passed !
	Initialyzed swapped data for i = 132, j = 285 sucessfully passed !
	Initialyzed swapped data for i = 132, j = 286 sucessfully passed !
	Initialyzed swapped data for i = 132, j = 287 sucessfully passed !
	Initialyzed swapped data for i = 132, j = 288 sucessfully passed !
	Initialyzed swapped data for i = 132, j = 289 sucessfully passed !
	Initialyzed swapped data for i = 132, j = 290 sucessfully passed !
	Initialyzed swapped data for i = 132, j = 291 sucessfully passed !
	Initialyzed swapped data for i = 132, j = 292 sucessfully passed !
	Initialyzed swapped data for i = 132, j = 293 sucessfully passed !
	Initialyzed swapped data for i = 132, j = 294 sucessfully passed !
	Initialyzed swapped data for i = 132, j = 295 sucessfully passed !
	Initialyzed swapped data for i = 132, j = 296 sucessfully passed !
	Initialyzed swapped data for i = 132, j = 297 sucessfully passed !
	Initialyzed swapped data for i = 132, j = 298 sucessfully passed !
	Initialyzed swapped data for i = 132, j = 299 sucessfully passed !
	Initialyzed swapped data for i = 132, j = 300 sucessfully passed !
	Initialyzed swapped data for i = 132, j = 301 sucessfully passed !
	Initialyzed swapped data for i = 132, j = 302 sucessfully passed !
	Initialyzed swapped data for i = 132, j = 303 sucessfully passed !
	Initialyzed swapped data for i = 132, j = 304 sucessfully passed !
	Initialyzed swapped data for i = 132, j = 305 sucessfully passed !
	Initialyzed swapped data for i = 132, j = 306 sucessfully passed !
	Initialyzed swapped data for i = 132, j = 307 sucessfully passed !
	Initialyzed swapped data for i = 132, j = 308 sucessfully passed !
	Initialyzed swapped data for i = 132, j = 309 sucessfully passed !
	Initialyzed swapped data for i = 132, j = 310 sucessfully passed !
	Initialyzed swapped data for i = 132, j = 311 sucessfully passed !
	Initialyzed swapped data for i = 132, j = 312 sucessfully passed !
	Initialyzed swapped data for i = 132, j = 313 sucessfully passed !
	Initialyzed swapped data for i = 132, j = 314 sucessfully passed !
	Initialyzed swapped data for i = 132, j = 315 sucessfully passed !
	Initialyzed swapped data for i = 132, j = 316 sucessfully passed !
	Initialyzed swapped data for i = 132, j = 317 sucessfully passed !
	Initialyzed swapped data for i = 132, j = 318 sucessfully passed !
	Initialyzed swapped data for i = 132, j = 319 sucessfully passed !
	Initialyzed swapped data for i = 132, j = 320 sucessfully passed !
	Initialyzed swapped data for i = 132, j = 321 sucessfully passed !
	Initialyzed swapped data for i = 132, j = 322 sucessfully passed !
	Initialyzed swapped data for i = 132, j = 323 sucessfully passed !
	Initialyzed swapped data for i = 132, j = 324 sucessfully passed !
	Initialyzed swapped data for i = 132, j = 325 sucessfully passed !
	Initialyzed swapped data for i = 132, j = 326 sucessfully passed !
	Initialyzed swapped data for i = 132, j = 327 sucessfully passed !
	Initialyzed swapped data for i = 132, j = 328 sucessfully passed !
	Initialyzed swapped data for i = 132, j = 329 sucessfully passed !
	Initialyzed swapped data for i = 132, j = 330 sucessfully passed !
	Initialyzed swapped data for i = 132, j = 331 sucessfully passed !
	Initialyzed swapped data for i = 132, j = 332 sucessfully passed !
	Initialyzed swapped data for i = 132, j = 333 sucessfully passed !
	Initialyzed swapped data for i = 132, j = 334 sucessfully passed !
	Initialyzed swapped data for i = 132, j = 335 sucessfully passed !
	Initialyzed swapped data for i = 132, j = 336 sucessfully passed !
	Initialyzed swapped data for i = 132, j = 337 sucessfully passed !
	Initialyzed swapped data for i = 132, j = 338 sucessfully passed !
	Initialyzed swapped data for i = 132, j = 339 sucessfully passed !
	Initialyzed swapped data for i = 132, j = 340 sucessfully passed !
	Initialyzed swapped data for i = 132, j = 341 sucessfully passed !
	Initialyzed swapped data for i = 132, j = 342 sucessfully passed !
	Initialyzed swapped data for i = 132, j = 343 sucessfully passed !
	Initialyzed swapped data for i = 132, j = 344 sucessfully passed !
	Initialyzed swapped data for i = 132, j = 345 sucessfully passed !
	Initialyzed swapped data for i = 132, j = 346 sucessfully passed !
	Initialyzed swapped data for i = 132, j = 347 sucessfully passed !
	Initialyzed swapped data for i = 132, j = 348 sucessfully passed !
	Initialyzed swapped data for i = 132, j = 349 sucessfully passed !
	Initialyzed swapped data for i = 132, j = 350 sucessfully passed !
	Initialyzed swapped data for i = 132, j = 351 sucessfully passed !
	Initialyzed swapped data for i = 132, j = 352 sucessfully passed !
	Initialyzed swapped data for i = 132, j = 353 sucessfully passed !
	Initialyzed swapped data for i = 132, j = 354 sucessfully passed !
	Initialyzed swapped data for i = 132, j = 355 sucessfully passed !
	Initialyzed swapped data for i = 132, j = 356 sucessfully passed !
	Initialyzed swapped data for i = 132, j = 357 sucessfully passed !
	Initialyzed swapped data for i = 132, j = 358 sucessfully passed !
	Initialyzed swapped data for i = 132, j = 359 sucessfully passed !
	Initialyzed swapped data for i = 132, j = 360 sucessfully passed !
	Initialyzed swapped data for i = 132, j = 361 sucessfully passed !
	Initialyzed swapped data for i = 132, j = 362 sucessfully passed !
	Initialyzed swapped data for i = 132, j = 363 sucessfully passed !
	Initialyzed swapped data for i = 132, j = 364 sucessfully passed !
	Initialyzed swapped data for i = 132, j = 365 sucessfully passed !
	Initialyzed swapped data for i = 132, j = 366 sucessfully passed !
	Initialyzed swapped data for i = 132, j = 367 sucessfully passed !
	Initialyzed swapped data for i = 132, j = 368 sucessfully passed !
	Initialyzed swapped data for i = 132, j = 369 sucessfully passed !
	Initialyzed swapped data for i = 132, j = 370 sucessfully passed !
	Initialyzed swapped data for i = 132, j = 371 sucessfully passed !
	Initialyzed swapped data for i = 132, j = 372 sucessfully passed !
	Initialyzed swapped data for i = 132, j = 373 sucessfully passed !
	Initialyzed swapped data for i = 132, j = 374 sucessfully passed !
	Initialyzed swapped data for i = 132, j = 375 sucessfully passed !
	Initialyzed swapped data for i = 132, j = 376 sucessfully passed !
	Initialyzed swapped data for i = 132, j = 377 sucessfully passed !
	Initialyzed swapped data for i = 132, j = 378 sucessfully passed !
	Initialyzed swapped data for i = 132, j = 379 sucessfully passed !
	Initialyzed swapped data for i = 132, j = 380 sucessfully passed !
	Initialyzed swapped data for i = 132, j = 381 sucessfully passed !
	Initialyzed swapped data for i = 132, j = 382 sucessfully passed !
	Initialyzed swapped data for i = 132, j = 383 sucessfully passed !
	Initialyzed swapped data for i = 132, j = 384 sucessfully passed !
	Initialyzed swapped data for i = 132, j = 385 sucessfully passed !
	Initialyzed swapped data for i = 132, j = 386 sucessfully passed !
	Initialyzed swapped data for i = 132, j = 387 sucessfully passed !
	Initialyzed swapped data for i = 132, j = 388 sucessfully passed !
	Initialyzed swapped data for i = 132, j = 389 sucessfully passed !
	Initialyzed swapped data for i = 132, j = 390 sucessfully passed !
	Initialyzed swapped data for i = 132, j = 391 sucessfully passed !
	Initialyzed swapped data for i = 132, j = 392 sucessfully passed !
	Initialyzed swapped data for i = 132, j = 393 sucessfully passed !
	Initialyzed swapped data for i = 132, j = 394 sucessfully passed !
	Initialyzed swapped data for i = 132, j = 395 sucessfully passed !
	Initialyzed swapped data for i = 132, j = 396 sucessfully passed !
	Initialyzed swapped data for i = 132, j = 397 sucessfully passed !
	Initialyzed swapped data for i = 132, j = 398 sucessfully passed !
	Initialyzed swapped data for i = 132, j = 399 sucessfully passed !
	Initialyzed swapped data for i = 132, j = 400 sucessfully passed !
	Initialyzed swapped data for i = 132, j = 401 sucessfully passed !
	Initialyzed swapped data for i = 132, j = 402 sucessfully passed !
	Initialyzed swapped data for i = 132, j = 403 sucessfully passed !
	Initialyzed swapped data for i = 132, j = 404 sucessfully passed !
	Initialyzed swapped data for i = 132, j = 405 sucessfully passed !
	Initialyzed swapped data for i = 132, j = 406 sucessfully passed !
	Initialyzed swapped data for i = 132, j = 407 sucessfully passed !
	Initialyzed swapped data for i = 132, j = 408 sucessfully passed !
	Initialyzed swapped data for i = 132, j = 409 sucessfully passed !
	Initialyzed swapped data for i = 132, j = 410 sucessfully passed !
	Initialyzed swapped data for i = 132, j = 411 sucessfully passed !
	Initialyzed swapped data for i = 132, j = 412 sucessfully passed !
	Initialyzed swapped data for i = 132, j = 413 sucessfully passed !
	Initialyzed swapped data for i = 132, j = 414 sucessfully passed !
	Initialyzed swapped data for i = 132, j = 415 sucessfully passed !
	Initialyzed swapped data for i = 132, j = 416 sucessfully passed !
	Initialyzed swapped data for i = 132, j = 417 sucessfully passed !
	Initialyzed swapped data for i = 132, j = 418 sucessfully passed !
	Initialyzed swapped data for i = 132, j = 419 sucessfully passed !
	Initialyzed swapped data for i = 132, j = 420 sucessfully passed !
	Initialyzed swapped data for i = 132, j = 421 sucessfully passed !
	Initialyzed swapped data for i = 132, j = 422 sucessfully passed !
	Initialyzed swapped data for i = 132, j = 423 sucessfully passed !
	Initialyzed swapped data for i = 132, j = 424 sucessfully passed !
	Initialyzed swapped data for i = 132, j = 425 sucessfully passed !
	Initialyzed swapped data for i = 132, j = 426 sucessfully passed !
	Initialyzed swapped data for i = 132, j = 427 sucessfully passed !
	Initialyzed swapped data for i = 132, j = 428 sucessfully passed !
	Initialyzed swapped data for i = 132, j = 429 sucessfully passed !
	Initialyzed swapped data for i = 132, j = 430 sucessfully passed !
	Initialyzed swapped data for i = 132, j = 431 sucessfully passed !
	Initialyzed swapped data for i = 132, j = 432 sucessfully passed !
	Initialyzed swapped data for i = 132, j = 433 sucessfully passed !
	Initialyzed swapped data for i = 133, j = 134 sucessfully passed !
	Initialyzed swapped data for i = 133, j = 135 sucessfully passed !
	Initialyzed swapped data for i = 133, j = 136 sucessfully passed !
	Initialyzed swapped data for i = 133, j = 137 sucessfully passed !
	Initialyzed swapped data for i = 133, j = 138 sucessfully passed !
	Initialyzed swapped data for i = 133, j = 139 sucessfully passed !
	Initialyzed swapped data for i = 133, j = 140 sucessfully passed !
	Initialyzed swapped data for i = 133, j = 141 sucessfully passed !
	Initialyzed swapped data for i = 133, j = 142 sucessfully passed !
	Initialyzed swapped data for i = 133, j = 143 sucessfully passed !
	Initialyzed swapped data for i = 133, j = 144 sucessfully passed !
	Initialyzed swapped data for i = 133, j = 145 sucessfully passed !
	Initialyzed swapped data for i = 133, j = 146 sucessfully passed !
	Initialyzed swapped data for i = 133, j = 147 sucessfully passed !
	Initialyzed swapped data for i = 133, j = 148 sucessfully passed !
	Initialyzed swapped data for i = 133, j = 149 sucessfully passed !
	Initialyzed swapped data for i = 133, j = 150 sucessfully passed !
	Initialyzed swapped data for i = 133, j = 151 sucessfully passed !
	Initialyzed swapped data for i = 133, j = 152 sucessfully passed !
	Initialyzed swapped data for i = 133, j = 153 sucessfully passed !
	Initialyzed swapped data for i = 133, j = 154 sucessfully passed !
	Initialyzed swapped data for i = 133, j = 155 sucessfully passed !
	Initialyzed swapped data for i = 133, j = 156 sucessfully passed !
	Initialyzed swapped data for i = 133, j = 157 sucessfully passed !
	Initialyzed swapped data for i = 133, j = 158 sucessfully passed !
	Initialyzed swapped data for i = 133, j = 159 sucessfully passed !
	Initialyzed swapped data for i = 133, j = 160 sucessfully passed !
	Initialyzed swapped data for i = 133, j = 161 sucessfully passed !
	Initialyzed swapped data for i = 133, j = 162 sucessfully passed !
	Initialyzed swapped data for i = 133, j = 163 sucessfully passed !
	Initialyzed swapped data for i = 133, j = 164 sucessfully passed !
	Initialyzed swapped data for i = 133, j = 165 sucessfully passed !
	Initialyzed swapped data for i = 133, j = 166 sucessfully passed !
	Initialyzed swapped data for i = 133, j = 167 sucessfully passed !
	Initialyzed swapped data for i = 133, j = 168 sucessfully passed !
	Initialyzed swapped data for i = 133, j = 169 sucessfully passed !
	Initialyzed swapped data for i = 133, j = 170 sucessfully passed !
	Initialyzed swapped data for i = 133, j = 171 sucessfully passed !
	Initialyzed swapped data for i = 133, j = 172 sucessfully passed !
	Initialyzed swapped data for i = 133, j = 173 sucessfully passed !
	Initialyzed swapped data for i = 133, j = 174 sucessfully passed !
	Initialyzed swapped data for i = 133, j = 175 sucessfully passed !
	Initialyzed swapped data for i = 133, j = 176 sucessfully passed !
	Initialyzed swapped data for i = 133, j = 177 sucessfully passed !
	Initialyzed swapped data for i = 133, j = 178 sucessfully passed !
	Initialyzed swapped data for i = 133, j = 179 sucessfully passed !
	Initialyzed swapped data for i = 133, j = 180 sucessfully passed !
	Initialyzed swapped data for i = 133, j = 181 sucessfully passed !
	Initialyzed swapped data for i = 133, j = 182 sucessfully passed !
	Initialyzed swapped data for i = 133, j = 183 sucessfully passed !
	Initialyzed swapped data for i = 133, j = 184 sucessfully passed !
	Initialyzed swapped data for i = 133, j = 185 sucessfully passed !
	Initialyzed swapped data for i = 133, j = 186 sucessfully passed !
	Initialyzed swapped data for i = 133, j = 187 sucessfully passed !
	Initialyzed swapped data for i = 133, j = 188 sucessfully passed !
	Initialyzed swapped data for i = 133, j = 189 sucessfully passed !
	Initialyzed swapped data for i = 133, j = 190 sucessfully passed !
	Initialyzed swapped data for i = 133, j = 191 sucessfully passed !
	Initialyzed swapped data for i = 133, j = 192 sucessfully passed !
	Initialyzed swapped data for i = 133, j = 193 sucessfully passed !
	Initialyzed swapped data for i = 133, j = 194 sucessfully passed !
	Initialyzed swapped data for i = 133, j = 195 sucessfully passed !
	Initialyzed swapped data for i = 133, j = 196 sucessfully passed !
	Initialyzed swapped data for i = 133, j = 197 sucessfully passed !
	Initialyzed swapped data for i = 133, j = 198 sucessfully passed !
	Initialyzed swapped data for i = 133, j = 199 sucessfully passed !
	Initialyzed swapped data for i = 133, j = 200 sucessfully passed !
	Initialyzed swapped data for i = 133, j = 201 sucessfully passed !
	Initialyzed swapped data for i = 133, j = 202 sucessfully passed !
	Initialyzed swapped data for i = 133, j = 203 sucessfully passed !
	Initialyzed swapped data for i = 133, j = 204 sucessfully passed !
	Initialyzed swapped data for i = 133, j = 205 sucessfully passed !
	Initialyzed swapped data for i = 133, j = 206 sucessfully passed !
	Initialyzed swapped data for i = 133, j = 207 sucessfully passed !
	Initialyzed swapped data for i = 133, j = 208 sucessfully passed !
	Initialyzed swapped data for i = 133, j = 209 sucessfully passed !
	Initialyzed swapped data for i = 133, j = 210 sucessfully passed !
	Initialyzed swapped data for i = 133, j = 211 sucessfully passed !
	Initialyzed swapped data for i = 133, j = 212 sucessfully passed !
	Initialyzed swapped data for i = 133, j = 213 sucessfully passed !
	Initialyzed swapped data for i = 133, j = 214 sucessfully passed !
	Initialyzed swapped data for i = 133, j = 215 sucessfully passed !
	Initialyzed swapped data for i = 133, j = 216 sucessfully passed !
	Initialyzed swapped data for i = 133, j = 217 sucessfully passed !
	Initialyzed swapped data for i = 133, j = 218 sucessfully passed !
	Initialyzed swapped data for i = 133, j = 219 sucessfully passed !
	Initialyzed swapped data for i = 133, j = 220 sucessfully passed !
	Initialyzed swapped data for i = 133, j = 221 sucessfully passed !
	Initialyzed swapped data for i = 133, j = 222 sucessfully passed !
	Initialyzed swapped data for i = 133, j = 223 sucessfully passed !
	Initialyzed swapped data for i = 133, j = 224 sucessfully passed !
	Initialyzed swapped data for i = 133, j = 225 sucessfully passed !
	Initialyzed swapped data for i = 133, j = 226 sucessfully passed !
	Initialyzed swapped data for i = 133, j = 227 sucessfully passed !
	Initialyzed swapped data for i = 133, j = 228 sucessfully passed !
	Initialyzed swapped data for i = 133, j = 229 sucessfully passed !
	Initialyzed swapped data for i = 133, j = 230 sucessfully passed !
	Initialyzed swapped data for i = 133, j = 231 sucessfully passed !
	Initialyzed swapped data for i = 133, j = 232 sucessfully passed !
	Initialyzed swapped data for i = 133, j = 233 sucessfully passed !
	Initialyzed swapped data for i = 133, j = 234 sucessfully passed !
	Initialyzed swapped data for i = 133, j = 235 sucessfully passed !
	Initialyzed swapped data for i = 133, j = 236 sucessfully passed !
	Initialyzed swapped data for i = 133, j = 237 sucessfully passed !
	Initialyzed swapped data for i = 133, j = 238 sucessfully passed !
	Initialyzed swapped data for i = 133, j = 239 sucessfully passed !
	Initialyzed swapped data for i = 133, j = 240 sucessfully passed !
	Initialyzed swapped data for i = 133, j = 241 sucessfully passed !
	Initialyzed swapped data for i = 133, j = 242 sucessfully passed !
	Initialyzed swapped data for i = 133, j = 243 sucessfully passed !
	Initialyzed swapped data for i = 133, j = 244 sucessfully passed !
	Initialyzed swapped data for i = 133, j = 245 sucessfully passed !
	Initialyzed swapped data for i = 133, j = 246 sucessfully passed !
	Initialyzed swapped data for i = 133, j = 247 sucessfully passed !
	Initialyzed swapped data for i = 133, j = 248 sucessfully passed !
	Initialyzed swapped data for i = 133, j = 249 sucessfully passed !
	Initialyzed swapped data for i = 133, j = 250 sucessfully passed !
	Initialyzed swapped data for i = 133, j = 251 sucessfully passed !
	Initialyzed swapped data for i = 133, j = 252 sucessfully passed !
	Initialyzed swapped data for i = 133, j = 253 sucessfully passed !
	Initialyzed swapped data for i = 133, j = 254 sucessfully passed !
	Initialyzed swapped data for i = 133, j = 255 sucessfully passed !
	Initialyzed swapped data for i = 133, j = 256 sucessfully passed !
	Initialyzed swapped data for i = 133, j = 257 sucessfully passed !
	Initialyzed swapped data for i = 133, j = 258 sucessfully passed !
	Initialyzed swapped data for i = 133, j = 259 sucessfully passed !
	Initialyzed swapped data for i = 133, j = 260 sucessfully passed !
	Initialyzed swapped data for i = 133, j = 261 sucessfully passed !
	Initialyzed swapped data for i = 133, j = 262 sucessfully passed !
	Initialyzed swapped data for i = 133, j = 263 sucessfully passed !
	Initialyzed swapped data for i = 133, j = 264 sucessfully passed !
	Initialyzed swapped data for i = 133, j = 265 sucessfully passed !
	Initialyzed swapped data for i = 133, j = 266 sucessfully passed !
	Initialyzed swapped data for i = 133, j = 267 sucessfully passed !
	Initialyzed swapped data for i = 133, j = 268 sucessfully passed !
	Initialyzed swapped data for i = 133, j = 269 sucessfully passed !
	Initialyzed swapped data for i = 133, j = 270 sucessfully passed !
	Initialyzed swapped data for i = 133, j = 271 sucessfully passed !
	Initialyzed swapped data for i = 133, j = 272 sucessfully passed !
	Initialyzed swapped data for i = 133, j = 273 sucessfully passed !
	Initialyzed swapped data for i = 133, j = 274 sucessfully passed !
	Initialyzed swapped data for i = 133, j = 275 sucessfully passed !
	Initialyzed swapped data for i = 133, j = 276 sucessfully passed !
	Initialyzed swapped data for i = 133, j = 277 sucessfully passed !
	Initialyzed swapped data for i = 133, j = 278 sucessfully passed !
	Initialyzed swapped data for i = 133, j = 279 sucessfully passed !
	Initialyzed swapped data for i = 133, j = 280 sucessfully passed !
	Initialyzed swapped data for i = 133, j = 281 sucessfully passed !
	Initialyzed swapped data for i = 133, j = 282 sucessfully passed !
	Initialyzed swapped data for i = 133, j = 283 sucessfully passed !
	Initialyzed swapped data for i = 133, j = 284 sucessfully passed !
	Initialyzed swapped data for i = 133, j = 285 sucessfully passed !
	Initialyzed swapped data for i = 133, j = 286 sucessfully passed !
	Initialyzed swapped data for i = 133, j = 287 sucessfully passed !
	Initialyzed swapped data for i = 133, j = 288 sucessfully passed !
	Initialyzed swapped data for i = 133, j = 289 sucessfully passed !
	Initialyzed swapped data for i = 133, j = 290 sucessfully passed !
	Initialyzed swapped data for i = 133, j = 291 sucessfully passed !
	Initialyzed swapped data for i = 133, j = 292 sucessfully passed !
	Initialyzed swapped data for i = 133, j = 293 sucessfully passed !
	Initialyzed swapped data for i = 133, j = 294 sucessfully passed !
	Initialyzed swapped data for i = 133, j = 295 sucessfully passed !
	Initialyzed swapped data for i = 133, j = 296 sucessfully passed !
	Initialyzed swapped data for i = 133, j = 297 sucessfully passed !
	Initialyzed swapped data for i = 133, j = 298 sucessfully passed !
	Initialyzed swapped data for i = 133, j = 299 sucessfully passed !
	Initialyzed swapped data for i = 133, j = 300 sucessfully passed !
	Initialyzed swapped data for i = 133, j = 301 sucessfully passed !
	Initialyzed swapped data for i = 133, j = 302 sucessfully passed !
	Initialyzed swapped data for i = 133, j = 303 sucessfully passed !
	Initialyzed swapped data for i = 133, j = 304 sucessfully passed !
	Initialyzed swapped data for i = 133, j = 305 sucessfully passed !
	Initialyzed swapped data for i = 133, j = 306 sucessfully passed !
	Initialyzed swapped data for i = 133, j = 307 sucessfully passed !
	Initialyzed swapped data for i = 133, j = 308 sucessfully passed !
	Initialyzed swapped data for i = 133, j = 309 sucessfully passed !
	Initialyzed swapped data for i = 133, j = 310 sucessfully passed !
	Initialyzed swapped data for i = 133, j = 311 sucessfully passed !
	Initialyzed swapped data for i = 133, j = 312 sucessfully passed !
	Initialyzed swapped data for i = 133, j = 313 sucessfully passed !
	Initialyzed swapped data for i = 133, j = 314 sucessfully passed !
	Initialyzed swapped data for i = 133, j = 315 sucessfully passed !
	Initialyzed swapped data for i = 133, j = 316 sucessfully passed !
	Initialyzed swapped data for i = 133, j = 317 sucessfully passed !
	Initialyzed swapped data for i = 133, j = 318 sucessfully passed !
	Initialyzed swapped data for i = 133, j = 319 sucessfully passed !
	Initialyzed swapped data for i = 133, j = 320 sucessfully passed !
	Initialyzed swapped data for i = 133, j = 321 sucessfully passed !
	Initialyzed swapped data for i = 133, j = 322 sucessfully passed !
	Initialyzed swapped data for i = 133, j = 323 sucessfully passed !
	Initialyzed swapped data for i = 133, j = 324 sucessfully passed !
	Initialyzed swapped data for i = 133, j = 325 sucessfully passed !
	Initialyzed swapped data for i = 133, j = 326 sucessfully passed !
	Initialyzed swapped data for i = 133, j = 327 sucessfully passed !
	Initialyzed swapped data for i = 133, j = 328 sucessfully passed !
	Initialyzed swapped data for i = 133, j = 329 sucessfully passed !
	Initialyzed swapped data for i = 133, j = 330 sucessfully passed !
	Initialyzed swapped data for i = 133, j = 331 sucessfully passed !
	Initialyzed swapped data for i = 133, j = 332 sucessfully passed !
	Initialyzed swapped data for i = 133, j = 333 sucessfully passed !
	Initialyzed swapped data for i = 133, j = 334 sucessfully passed !
	Initialyzed swapped data for i = 133, j = 335 sucessfully passed !
	Initialyzed swapped data for i = 133, j = 336 sucessfully passed !
	Initialyzed swapped data for i = 133, j = 337 sucessfully passed !
	Initialyzed swapped data for i = 133, j = 338 sucessfully passed !
	Initialyzed swapped data for i = 133, j = 339 sucessfully passed !
	Initialyzed swapped data for i = 133, j = 340 sucessfully passed !
	Initialyzed swapped data for i = 133, j = 341 sucessfully passed !
	Initialyzed swapped data for i = 133, j = 342 sucessfully passed !
	Initialyzed swapped data for i = 133, j = 343 sucessfully passed !
	Initialyzed swapped data for i = 133, j = 344 sucessfully passed !
	Initialyzed swapped data for i = 133, j = 345 sucessfully passed !
	Initialyzed swapped data for i = 133, j = 346 sucessfully passed !
	Initialyzed swapped data for i = 133, j = 347 sucessfully passed !
	Initialyzed swapped data for i = 133, j = 348 sucessfully passed !
	Initialyzed swapped data for i = 133, j = 349 sucessfully passed !
	Initialyzed swapped data for i = 133, j = 350 sucessfully passed !
	Initialyzed swapped data for i = 133, j = 351 sucessfully passed !
	Initialyzed swapped data for i = 133, j = 352 sucessfully passed !
	Initialyzed swapped data for i = 133, j = 353 sucessfully passed !
	Initialyzed swapped data for i = 133, j = 354 sucessfully passed !
	Initialyzed swapped data for i = 133, j = 355 sucessfully passed !
	Initialyzed swapped data for i = 133, j = 356 sucessfully passed !
	Initialyzed swapped data for i = 133, j = 357 sucessfully passed !
	Initialyzed swapped data for i = 133, j = 358 sucessfully passed !
	Initialyzed swapped data for i = 133, j = 359 sucessfully passed !
	Initialyzed swapped data for i = 133, j = 360 sucessfully passed !
	Initialyzed swapped data for i = 133, j = 361 sucessfully passed !
	Initialyzed swapped data for i = 133, j = 362 sucessfully passed !
	Initialyzed swapped data for i = 133, j = 363 sucessfully passed !
	Initialyzed swapped data for i = 133, j = 364 sucessfully passed !
	Initialyzed swapped data for i = 133, j = 365 sucessfully passed !
	Initialyzed swapped data for i = 133, j = 366 sucessfully passed !
	Initialyzed swapped data for i = 133, j = 367 sucessfully passed !
	Initialyzed swapped data for i = 133, j = 368 sucessfully passed !
	Initialyzed swapped data for i = 133, j = 369 sucessfully passed !
	Initialyzed swapped data for i = 133, j = 370 sucessfully passed !
	Initialyzed swapped data for i = 133, j = 371 sucessfully passed !
	Initialyzed swapped data for i = 133, j = 372 sucessfully passed !
	Initialyzed swapped data for i = 133, j = 373 sucessfully passed !
	Initialyzed swapped data for i = 133, j = 374 sucessfully passed !
	Initialyzed swapped data for i = 133, j = 375 sucessfully passed !
	Initialyzed swapped data for i = 133, j = 376 sucessfully passed !
	Initialyzed swapped data for i = 133, j = 377 sucessfully passed !
	Initialyzed swapped data for i = 133, j = 378 sucessfully passed !
	Initialyzed swapped data for i = 133, j = 379 sucessfully passed !
	Initialyzed swapped data for i = 133, j = 380 sucessfully passed !
	Initialyzed swapped data for i = 133, j = 381 sucessfully passed !
	Initialyzed swapped data for i = 133, j = 382 sucessfully passed !
	Initialyzed swapped data for i = 133, j = 383 sucessfully passed !
	Initialyzed swapped data for i = 133, j = 384 sucessfully passed !
	Initialyzed swapped data for i = 133, j = 385 sucessfully passed !
	Initialyzed swapped data for i = 133, j = 386 sucessfully passed !
	Initialyzed swapped data for i = 133, j = 387 sucessfully passed !
	Initialyzed swapped data for i = 133, j = 388 sucessfully passed !
	Initialyzed swapped data for i = 133, j = 389 sucessfully passed !
	Initialyzed swapped data for i = 133, j = 390 sucessfully passed !
	Initialyzed swapped data for i = 133, j = 391 sucessfully passed !
	Initialyzed swapped data for i = 133, j = 392 sucessfully passed !
	Initialyzed swapped data for i = 133, j = 393 sucessfully passed !
	Initialyzed swapped data for i = 133, j = 394 sucessfully passed !
	Initialyzed swapped data for i = 133, j = 395 sucessfully passed !
	Initialyzed swapped data for i = 133, j = 396 sucessfully passed !
	Initialyzed swapped data for i = 133, j = 397 sucessfully passed !
	Initialyzed swapped data for i = 133, j = 398 sucessfully passed !
	Initialyzed swapped data for i = 133, j = 399 sucessfully passed !
	Initialyzed swapped data for i = 133, j = 400 sucessfully passed !
	Initialyzed swapped data for i = 133, j = 401 sucessfully passed !
	Initialyzed swapped data for i = 133, j = 402 sucessfully passed !
	Initialyzed swapped data for i = 133, j = 403 sucessfully passed !
	Initialyzed swapped data for i = 133, j = 404 sucessfully passed !
	Initialyzed swapped data for i = 133, j = 405 sucessfully passed !
	Initialyzed swapped data for i = 133, j = 406 sucessfully passed !
	Initialyzed swapped data for i = 133, j = 407 sucessfully passed !
	Initialyzed swapped data for i = 133, j = 408 sucessfully passed !
	Initialyzed swapped data for i = 133, j = 409 sucessfully passed !
	Initialyzed swapped data for i = 133, j = 410 sucessfully passed !
	Initialyzed swapped data for i = 133, j = 411 sucessfully passed !
	Initialyzed swapped data for i = 133, j = 412 sucessfully passed !
	Initialyzed swapped data for i = 133, j = 413 sucessfully passed !
	Initialyzed swapped data for i = 133, j = 414 sucessfully passed !
	Initialyzed swapped data for i = 133, j = 415 sucessfully passed !
	Initialyzed swapped data for i = 133, j = 416 sucessfully passed !
	Initialyzed swapped data for i = 133, j = 417 sucessfully passed !
	Initialyzed swapped data for i = 133, j = 418 sucessfully passed !
	Initialyzed swapped data for i = 133, j = 419 sucessfully passed !
	Initialyzed swapped data for i = 133, j = 420 sucessfully passed !
	Initialyzed swapped data for i = 133, j = 421 sucessfully passed !
	Initialyzed swapped data for i = 133, j = 422 sucessfully passed !
	Initialyzed swapped data for i = 133, j = 423 sucessfully passed !
	Initialyzed swapped data for i = 133, j = 424 sucessfully passed !
	Initialyzed swapped data for i = 133, j = 425 sucessfully passed !
	Initialyzed swapped data for i = 133, j = 426 sucessfully passed !
	Initialyzed swapped data for i = 133, j = 427 sucessfully passed !
	Initialyzed swapped data for i = 133, j = 428 sucessfully passed !
	Initialyzed swapped data for i = 133, j = 429 sucessfully passed !
	Initialyzed swapped data for i = 133, j = 430 sucessfully passed !
	Initialyzed swapped data for i = 133, j = 431 sucessfully passed !
	Initialyzed swapped data for i = 133, j = 432 sucessfully passed !
	Initialyzed swapped data for i = 133, j = 433 sucessfully passed !
	Initialyzed swapped data for i = 134, j = 135 sucessfully passed !
	Initialyzed swapped data for i = 134, j = 136 sucessfully passed !
	Initialyzed swapped data for i = 134, j = 137 sucessfully passed !
	Initialyzed swapped data for i = 134, j = 138 sucessfully passed !
	Initialyzed swapped data for i = 134, j = 139 sucessfully passed !
	Initialyzed swapped data for i = 134, j = 140 sucessfully passed !
	Initialyzed swapped data for i = 134, j = 141 sucessfully passed !
	Initialyzed swapped data for i = 134, j = 142 sucessfully passed !
	Initialyzed swapped data for i = 134, j = 143 sucessfully passed !
	Initialyzed swapped data for i = 134, j = 144 sucessfully passed !
	Initialyzed swapped data for i = 134, j = 145 sucessfully passed !
	Initialyzed swapped data for i = 134, j = 146 sucessfully passed !
	Initialyzed swapped data for i = 134, j = 147 sucessfully passed !
	Initialyzed swapped data for i = 134, j = 148 sucessfully passed !
	Initialyzed swapped data for i = 134, j = 149 sucessfully passed !
	Initialyzed swapped data for i = 134, j = 150 sucessfully passed !
	Initialyzed swapped data for i = 134, j = 151 sucessfully passed !
	Initialyzed swapped data for i = 134, j = 152 sucessfully passed !
	Initialyzed swapped data for i = 134, j = 153 sucessfully passed !
	Initialyzed swapped data for i = 134, j = 154 sucessfully passed !
	Initialyzed swapped data for i = 134, j = 155 sucessfully passed !
	Initialyzed swapped data for i = 134, j = 156 sucessfully passed !
	Initialyzed swapped data for i = 134, j = 157 sucessfully passed !
	Initialyzed swapped data for i = 134, j = 158 sucessfully passed !
	Initialyzed swapped data for i = 134, j = 159 sucessfully passed !
	Initialyzed swapped data for i = 134, j = 160 sucessfully passed !
	Initialyzed swapped data for i = 134, j = 161 sucessfully passed !
	Initialyzed swapped data for i = 134, j = 162 sucessfully passed !
	Initialyzed swapped data for i = 134, j = 163 sucessfully passed !
	Initialyzed swapped data for i = 134, j = 164 sucessfully passed !
	Initialyzed swapped data for i = 134, j = 165 sucessfully passed !
	Initialyzed swapped data for i = 134, j = 166 sucessfully passed !
	Initialyzed swapped data for i = 134, j = 167 sucessfully passed !
	Initialyzed swapped data for i = 134, j = 168 sucessfully passed !
	Initialyzed swapped data for i = 134, j = 169 sucessfully passed !
	Initialyzed swapped data for i = 134, j = 170 sucessfully passed !
	Initialyzed swapped data for i = 134, j = 171 sucessfully passed !
	Initialyzed swapped data for i = 134, j = 172 sucessfully passed !
	Initialyzed swapped data for i = 134, j = 173 sucessfully passed !
	Initialyzed swapped data for i = 134, j = 174 sucessfully passed !
	Initialyzed swapped data for i = 134, j = 175 sucessfully passed !
	Initialyzed swapped data for i = 134, j = 176 sucessfully passed !
	Initialyzed swapped data for i = 134, j = 177 sucessfully passed !
	Initialyzed swapped data for i = 134, j = 178 sucessfully passed !
	Initialyzed swapped data for i = 134, j = 179 sucessfully passed !
	Initialyzed swapped data for i = 134, j = 180 sucessfully passed !
	Initialyzed swapped data for i = 134, j = 181 sucessfully passed !
	Initialyzed swapped data for i = 134, j = 182 sucessfully passed !
	Initialyzed swapped data for i = 134, j = 183 sucessfully passed !
	Initialyzed swapped data for i = 134, j = 184 sucessfully passed !
	Initialyzed swapped data for i = 134, j = 185 sucessfully passed !
	Initialyzed swapped data for i = 134, j = 186 sucessfully passed !
	Initialyzed swapped data for i = 134, j = 187 sucessfully passed !
	Initialyzed swapped data for i = 134, j = 188 sucessfully passed !
	Initialyzed swapped data for i = 134, j = 189 sucessfully passed !
	Initialyzed swapped data for i = 134, j = 190 sucessfully passed !
	Initialyzed swapped data for i = 134, j = 191 sucessfully passed !
	Initialyzed swapped data for i = 134, j = 192 sucessfully passed !
	Initialyzed swapped data for i = 134, j = 193 sucessfully passed !
	Initialyzed swapped data for i = 134, j = 194 sucessfully passed !
	Initialyzed swapped data for i = 134, j = 195 sucessfully passed !
	Initialyzed swapped data for i = 134, j = 196 sucessfully passed !
	Initialyzed swapped data for i = 134, j = 197 sucessfully passed !
	Initialyzed swapped data for i = 134, j = 198 sucessfully passed !
	Initialyzed swapped data for i = 134, j = 199 sucessfully passed !
	Initialyzed swapped data for i = 134, j = 200 sucessfully passed !
	Initialyzed swapped data for i = 134, j = 201 sucessfully passed !
	Initialyzed swapped data for i = 134, j = 202 sucessfully passed !
	Initialyzed swapped data for i = 134, j = 203 sucessfully passed !
	Initialyzed swapped data for i = 134, j = 204 sucessfully passed !
	Initialyzed swapped data for i = 134, j = 205 sucessfully passed !
	Initialyzed swapped data for i = 134, j = 206 sucessfully passed !
	Initialyzed swapped data for i = 134, j = 207 sucessfully passed !
	Initialyzed swapped data for i = 134, j = 208 sucessfully passed !
	Initialyzed swapped data for i = 134, j = 209 sucessfully passed !
	Initialyzed swapped data for i = 134, j = 210 sucessfully passed !
	Initialyzed swapped data for i = 134, j = 211 sucessfully passed !
	Initialyzed swapped data for i = 134, j = 212 sucessfully passed !
	Initialyzed swapped data for i = 134, j = 213 sucessfully passed !
	Initialyzed swapped data for i = 134, j = 214 sucessfully passed !
	Initialyzed swapped data for i = 134, j = 215 sucessfully passed !
	Initialyzed swapped data for i = 134, j = 216 sucessfully passed !
	Initialyzed swapped data for i = 134, j = 217 sucessfully passed !
	Initialyzed swapped data for i = 134, j = 218 sucessfully passed !
	Initialyzed swapped data for i = 134, j = 219 sucessfully passed !
	Initialyzed swapped data for i = 134, j = 220 sucessfully passed !
	Initialyzed swapped data for i = 134, j = 221 sucessfully passed !
	Initialyzed swapped data for i = 134, j = 222 sucessfully passed !
	Initialyzed swapped data for i = 134, j = 223 sucessfully passed !
	Initialyzed swapped data for i = 134, j = 224 sucessfully passed !
	Initialyzed swapped data for i = 134, j = 225 sucessfully passed !
	Initialyzed swapped data for i = 134, j = 226 sucessfully passed !
	Initialyzed swapped data for i = 134, j = 227 sucessfully passed !
	Initialyzed swapped data for i = 134, j = 228 sucessfully passed !
	Initialyzed swapped data for i = 134, j = 229 sucessfully passed !
	Initialyzed swapped data for i = 134, j = 230 sucessfully passed !
	Initialyzed swapped data for i = 134, j = 231 sucessfully passed !
	Initialyzed swapped data for i = 134, j = 232 sucessfully passed !
	Initialyzed swapped data for i = 134, j = 233 sucessfully passed !
	Initialyzed swapped data for i = 134, j = 234 sucessfully passed !
	Initialyzed swapped data for i = 134, j = 235 sucessfully passed !
	Initialyzed swapped data for i = 134, j = 236 sucessfully passed !
	Initialyzed swapped data for i = 134, j = 237 sucessfully passed !
	Initialyzed swapped data for i = 134, j = 238 sucessfully passed !
	Initialyzed swapped data for i = 134, j = 239 sucessfully passed !
	Initialyzed swapped data for i = 134, j = 240 sucessfully passed !
	Initialyzed swapped data for i = 134, j = 241 sucessfully passed !
	Initialyzed swapped data for i = 134, j = 242 sucessfully passed !
	Initialyzed swapped data for i = 134, j = 243 sucessfully passed !
	Initialyzed swapped data for i = 134, j = 244 sucessfully passed !
	Initialyzed swapped data for i = 134, j = 245 sucessfully passed !
	Initialyzed swapped data for i = 134, j = 246 sucessfully passed !
	Initialyzed swapped data for i = 134, j = 247 sucessfully passed !
	Initialyzed swapped data for i = 134, j = 248 sucessfully passed !
	Initialyzed swapped data for i = 134, j = 249 sucessfully passed !
	Initialyzed swapped data for i = 134, j = 250 sucessfully passed !
	Initialyzed swapped data for i = 134, j = 251 sucessfully passed !
	Initialyzed swapped data for i = 134, j = 252 sucessfully passed !
	Initialyzed swapped data for i = 134, j = 253 sucessfully passed !
	Initialyzed swapped data for i = 134, j = 254 sucessfully passed !
	Initialyzed swapped data for i = 134, j = 255 sucessfully passed !
	Initialyzed swapped data for i = 134, j = 256 sucessfully passed !
	Initialyzed swapped data for i = 134, j = 257 sucessfully passed !
	Initialyzed swapped data for i = 134, j = 258 sucessfully passed !
	Initialyzed swapped data for i = 134, j = 259 sucessfully passed !
	Initialyzed swapped data for i = 134, j = 260 sucessfully passed !
	Initialyzed swapped data for i = 134, j = 261 sucessfully passed !
	Initialyzed swapped data for i = 134, j = 262 sucessfully passed !
	Initialyzed swapped data for i = 134, j = 263 sucessfully passed !
	Initialyzed swapped data for i = 134, j = 264 sucessfully passed !
	Initialyzed swapped data for i = 134, j = 265 sucessfully passed !
	Initialyzed swapped data for i = 134, j = 266 sucessfully passed !
	Initialyzed swapped data for i = 134, j = 267 sucessfully passed !
	Initialyzed swapped data for i = 134, j = 268 sucessfully passed !
	Initialyzed swapped data for i = 134, j = 269 sucessfully passed !
	Initialyzed swapped data for i = 134, j = 270 sucessfully passed !
	Initialyzed swapped data for i = 134, j = 271 sucessfully passed !
	Initialyzed swapped data for i = 134, j = 272 sucessfully passed !
	Initialyzed swapped data for i = 134, j = 273 sucessfully passed !
	Initialyzed swapped data for i = 134, j = 274 sucessfully passed !
	Initialyzed swapped data for i = 134, j = 275 sucessfully passed !
	Initialyzed swapped data for i = 134, j = 276 sucessfully passed !
	Initialyzed swapped data for i = 134, j = 277 sucessfully passed !
	Initialyzed swapped data for i = 134, j = 278 sucessfully passed !
	Initialyzed swapped data for i = 134, j = 279 sucessfully passed !
	Initialyzed swapped data for i = 134, j = 280 sucessfully passed !
	Initialyzed swapped data for i = 134, j = 281 sucessfully passed !
	Initialyzed swapped data for i = 134, j = 282 sucessfully passed !
	Initialyzed swapped data for i = 134, j = 283 sucessfully passed !
	Initialyzed swapped data for i = 134, j = 284 sucessfully passed !
	Initialyzed swapped data for i = 134, j = 285 sucessfully passed !
	Initialyzed swapped data for i = 134, j = 286 sucessfully passed !
	Initialyzed swapped data for i = 134, j = 287 sucessfully passed !
	Initialyzed swapped data for i = 134, j = 288 sucessfully passed !
	Initialyzed swapped data for i = 134, j = 289 sucessfully passed !
	Initialyzed swapped data for i = 134, j = 290 sucessfully passed !
	Initialyzed swapped data for i = 134, j = 291 sucessfully passed !
	Initialyzed swapped data for i = 134, j = 292 sucessfully passed !
	Initialyzed swapped data for i = 134, j = 293 sucessfully passed !
	Initialyzed swapped data for i = 134, j = 294 sucessfully passed !
	Initialyzed swapped data for i = 134, j = 295 sucessfully passed !
	Initialyzed swapped data for i = 134, j = 296 sucessfully passed !
	Initialyzed swapped data for i = 134, j = 297 sucessfully passed !
	Initialyzed swapped data for i = 134, j = 298 sucessfully passed !
	Initialyzed swapped data for i = 134, j = 299 sucessfully passed !
	Initialyzed swapped data for i = 134, j = 300 sucessfully passed !
	Initialyzed swapped data for i = 134, j = 301 sucessfully passed !
	Initialyzed swapped data for i = 134, j = 302 sucessfully passed !
	Initialyzed swapped data for i = 134, j = 303 sucessfully passed !
	Initialyzed swapped data for i = 134, j = 304 sucessfully passed !
	Initialyzed swapped data for i = 134, j = 305 sucessfully passed !
	Initialyzed swapped data for i = 134, j = 306 sucessfully passed !
	Initialyzed swapped data for i = 134, j = 307 sucessfully passed !
	Initialyzed swapped data for i = 134, j = 308 sucessfully passed !
	Initialyzed swapped data for i = 134, j = 309 sucessfully passed !
	Initialyzed swapped data for i = 134, j = 310 sucessfully passed !
	Initialyzed swapped data for i = 134, j = 311 sucessfully passed !
	Initialyzed swapped data for i = 134, j = 312 sucessfully passed !
	Initialyzed swapped data for i = 134, j = 313 sucessfully passed !
	Initialyzed swapped data for i = 134, j = 314 sucessfully passed !
	Initialyzed swapped data for i = 134, j = 315 sucessfully passed !
	Initialyzed swapped data for i = 134, j = 316 sucessfully passed !
	Initialyzed swapped data for i = 134, j = 317 sucessfully passed !
	Initialyzed swapped data for i = 134, j = 318 sucessfully passed !
	Initialyzed swapped data for i = 134, j = 319 sucessfully passed !
	Initialyzed swapped data for i = 134, j = 320 sucessfully passed !
	Initialyzed swapped data for i = 134, j = 321 sucessfully passed !
	Initialyzed swapped data for i = 134, j = 322 sucessfully passed !
	Initialyzed swapped data for i = 134, j = 323 sucessfully passed !
	Initialyzed swapped data for i = 134, j = 324 sucessfully passed !
	Initialyzed swapped data for i = 134, j = 325 sucessfully passed !
	Initialyzed swapped data for i = 134, j = 326 sucessfully passed !
	Initialyzed swapped data for i = 134, j = 327 sucessfully passed !
	Initialyzed swapped data for i = 134, j = 328 sucessfully passed !
	Initialyzed swapped data for i = 134, j = 329 sucessfully passed !
	Initialyzed swapped data for i = 134, j = 330 sucessfully passed !
	Initialyzed swapped data for i = 134, j = 331 sucessfully passed !
	Initialyzed swapped data for i = 134, j = 332 sucessfully passed !
	Initialyzed swapped data for i = 134, j = 333 sucessfully passed !
	Initialyzed swapped data for i = 134, j = 334 sucessfully passed !
	Initialyzed swapped data for i = 134, j = 335 sucessfully passed !
	Initialyzed swapped data for i = 134, j = 336 sucessfully passed !
	Initialyzed swapped data for i = 134, j = 337 sucessfully passed !
	Initialyzed swapped data for i = 134, j = 338 sucessfully passed !
	Initialyzed swapped data for i = 134, j = 339 sucessfully passed !
	Initialyzed swapped data for i = 134, j = 340 sucessfully passed !
	Initialyzed swapped data for i = 134, j = 341 sucessfully passed !
	Initialyzed swapped data for i = 134, j = 342 sucessfully passed !
	Initialyzed swapped data for i = 134, j = 343 sucessfully passed !
	Initialyzed swapped data for i = 134, j = 344 sucessfully passed !
	Initialyzed swapped data for i = 134, j = 345 sucessfully passed !
	Initialyzed swapped data for i = 134, j = 346 sucessfully passed !
	Initialyzed swapped data for i = 134, j = 347 sucessfully passed !
	Initialyzed swapped data for i = 134, j = 348 sucessfully passed !
	Initialyzed swapped data for i = 134, j = 349 sucessfully passed !
	Initialyzed swapped data for i = 134, j = 350 sucessfully passed !
	Initialyzed swapped data for i = 134, j = 351 sucessfully passed !
	Initialyzed swapped data for i = 134, j = 352 sucessfully passed !
	Initialyzed swapped data for i = 134, j = 353 sucessfully passed !
	Initialyzed swapped data for i = 134, j = 354 sucessfully passed !
	Initialyzed swapped data for i = 134, j = 355 sucessfully passed !
	Initialyzed swapped data for i = 134, j = 356 sucessfully passed !
	Initialyzed swapped data for i = 134, j = 357 sucessfully passed !
	Initialyzed swapped data for i = 134, j = 358 sucessfully passed !
	Initialyzed swapped data for i = 134, j = 359 sucessfully passed !
	Initialyzed swapped data for i = 134, j = 360 sucessfully passed !
	Initialyzed swapped data for i = 134, j = 361 sucessfully passed !
	Initialyzed swapped data for i = 134, j = 362 sucessfully passed !
	Initialyzed swapped data for i = 134, j = 363 sucessfully passed !
	Initialyzed swapped data for i = 134, j = 364 sucessfully passed !
	Initialyzed swapped data for i = 134, j = 365 sucessfully passed !
	Initialyzed swapped data for i = 134, j = 366 sucessfully passed !
	Initialyzed swapped data for i = 134, j = 367 sucessfully passed !
	Initialyzed swapped data for i = 134, j = 368 sucessfully passed !
	Initialyzed swapped data for i = 134, j = 369 sucessfully passed !
	Initialyzed swapped data for i = 134, j = 370 sucessfully passed !
	Initialyzed swapped data for i = 134, j = 371 sucessfully passed !
	Initialyzed swapped data for i = 134, j = 372 sucessfully passed !
	Initialyzed swapped data for i = 134, j = 373 sucessfully passed !
	Initialyzed swapped data for i = 134, j = 374 sucessfully passed !
	Initialyzed swapped data for i = 134, j = 375 sucessfully passed !
	Initialyzed swapped data for i = 134, j = 376 sucessfully passed !
	Initialyzed swapped data for i = 134, j = 377 sucessfully passed !
	Initialyzed swapped data for i = 134, j = 378 sucessfully passed !
	Initialyzed swapped data for i = 134, j = 379 sucessfully passed !
	Initialyzed swapped data for i = 134, j = 380 sucessfully passed !
	Initialyzed swapped data for i = 134, j = 381 sucessfully passed !
	Initialyzed swapped data for i = 134, j = 382 sucessfully passed !
	Initialyzed swapped data for i = 134, j = 383 sucessfully passed !
	Initialyzed swapped data for i = 134, j = 384 sucessfully passed !
	Initialyzed swapped data for i = 134, j = 385 sucessfully passed !
	Initialyzed swapped data for i = 134, j = 386 sucessfully passed !
	Initialyzed swapped data for i = 134, j = 387 sucessfully passed !
	Initialyzed swapped data for i = 134, j = 388 sucessfully passed !
	Initialyzed swapped data for i = 134, j = 389 sucessfully passed !
	Initialyzed swapped data for i = 134, j = 390 sucessfully passed !
	Initialyzed swapped data for i = 134, j = 391 sucessfully passed !
	Initialyzed swapped data for i = 134, j = 392 sucessfully passed !
	Initialyzed swapped data for i = 134, j = 393 sucessfully passed !
	Initialyzed swapped data for i = 134, j = 394 sucessfully passed !
	Initialyzed swapped data for i = 134, j = 395 sucessfully passed !
	Initialyzed swapped data for i = 134, j = 396 sucessfully passed !
	Initialyzed swapped data for i = 134, j = 397 sucessfully passed !
	Initialyzed swapped data for i = 134, j = 398 sucessfully passed !
	Initialyzed swapped data for i = 134, j = 399 sucessfully passed !
	Initialyzed swapped data for i = 134, j = 400 sucessfully passed !
	Initialyzed swapped data for i = 134, j = 401 sucessfully passed !
	Initialyzed swapped data for i = 134, j = 402 sucessfully passed !
	Initialyzed swapped data for i = 134, j = 403 sucessfully passed !
	Initialyzed swapped data for i = 134, j = 404 sucessfully passed !
	Initialyzed swapped data for i = 134, j = 405 sucessfully passed !
	Initialyzed swapped data for i = 134, j = 406 sucessfully passed !
	Initialyzed swapped data for i = 134, j = 407 sucessfully passed !
	Initialyzed swapped data for i = 134, j = 408 sucessfully passed !
	Initialyzed swapped data for i = 134, j = 409 sucessfully passed !
	Initialyzed swapped data for i = 134, j = 410 sucessfully passed !
	Initialyzed swapped data for i = 134, j = 411 sucessfully passed !
	Initialyzed swapped data for i = 134, j = 412 sucessfully passed !
	Initialyzed swapped data for i = 134, j = 413 sucessfully passed !
	Initialyzed swapped data for i = 134, j = 414 sucessfully passed !
	Initialyzed swapped data for i = 134, j = 415 sucessfully passed !
	Initialyzed swapped data for i = 134, j = 416 sucessfully passed !
	Initialyzed swapped data for i = 134, j = 417 sucessfully passed !
	Initialyzed swapped data for i = 134, j = 418 sucessfully passed !
	Initialyzed swapped data for i = 134, j = 419 sucessfully passed !
	Initialyzed swapped data for i = 134, j = 420 sucessfully passed !
	Initialyzed swapped data for i = 134, j = 421 sucessfully passed !
	Initialyzed swapped data for i = 134, j = 422 sucessfully passed !
	Initialyzed swapped data for i = 134, j = 423 sucessfully passed !
	Initialyzed swapped data for i = 134, j = 424 sucessfully passed !
	Initialyzed swapped data for i = 134, j = 425 sucessfully passed !
	Initialyzed swapped data for i = 134, j = 426 sucessfully passed !
	Initialyzed swapped data for i = 134, j = 427 sucessfully passed !
	Initialyzed swapped data for i = 134, j = 428 sucessfully passed !
	Initialyzed swapped data for i = 134, j = 429 sucessfully passed !
	Initialyzed swapped data for i = 134, j = 430 sucessfully passed !
	Initialyzed swapped data for i = 134, j = 431 sucessfully passed !
	Initialyzed swapped data for i = 134, j = 432 sucessfully passed !
	Initialyzed swapped data for i = 134, j = 433 sucessfully passed !
	Initialyzed swapped data for i = 135, j = 136 sucessfully passed !
	Initialyzed swapped data for i = 135, j = 137 sucessfully passed !
	Initialyzed swapped data for i = 135, j = 138 sucessfully passed !
	Initialyzed swapped data for i = 135, j = 139 sucessfully passed !
	Initialyzed swapped data for i = 135, j = 140 sucessfully passed !
	Initialyzed swapped data for i = 135, j = 141 sucessfully passed !
	Initialyzed swapped data for i = 135, j = 142 sucessfully passed !
	Initialyzed swapped data for i = 135, j = 143 sucessfully passed !
	Initialyzed swapped data for i = 135, j = 144 sucessfully passed !
	Initialyzed swapped data for i = 135, j = 145 sucessfully passed !
	Initialyzed swapped data for i = 135, j = 146 sucessfully passed !
	Initialyzed swapped data for i = 135, j = 147 sucessfully passed !
	Initialyzed swapped data for i = 135, j = 148 sucessfully passed !
	Initialyzed swapped data for i = 135, j = 149 sucessfully passed !
	Initialyzed swapped data for i = 135, j = 150 sucessfully passed !
	Initialyzed swapped data for i = 135, j = 151 sucessfully passed !
	Initialyzed swapped data for i = 135, j = 152 sucessfully passed !
	Initialyzed swapped data for i = 135, j = 153 sucessfully passed !
	Initialyzed swapped data for i = 135, j = 154 sucessfully passed !
	Initialyzed swapped data for i = 135, j = 155 sucessfully passed !
	Initialyzed swapped data for i = 135, j = 156 sucessfully passed !
	Initialyzed swapped data for i = 135, j = 157 sucessfully passed !
	Initialyzed swapped data for i = 135, j = 158 sucessfully passed !
	Initialyzed swapped data for i = 135, j = 159 sucessfully passed !
	Initialyzed swapped data for i = 135, j = 160 sucessfully passed !
	Initialyzed swapped data for i = 135, j = 161 sucessfully passed !
	Initialyzed swapped data for i = 135, j = 162 sucessfully passed !
	Initialyzed swapped data for i = 135, j = 163 sucessfully passed !
	Initialyzed swapped data for i = 135, j = 164 sucessfully passed !
	Initialyzed swapped data for i = 135, j = 165 sucessfully passed !
	Initialyzed swapped data for i = 135, j = 166 sucessfully passed !
	Initialyzed swapped data for i = 135, j = 167 sucessfully passed !
	Initialyzed swapped data for i = 135, j = 168 sucessfully passed !
	Initialyzed swapped data for i = 135, j = 169 sucessfully passed !
	Initialyzed swapped data for i = 135, j = 170 sucessfully passed !
	Initialyzed swapped data for i = 135, j = 171 sucessfully passed !
	Initialyzed swapped data for i = 135, j = 172 sucessfully passed !
	Initialyzed swapped data for i = 135, j = 173 sucessfully passed !
	Initialyzed swapped data for i = 135, j = 174 sucessfully passed !
	Initialyzed swapped data for i = 135, j = 175 sucessfully passed !
	Initialyzed swapped data for i = 135, j = 176 sucessfully passed !
	Initialyzed swapped data for i = 135, j = 177 sucessfully passed !
	Initialyzed swapped data for i = 135, j = 178 sucessfully passed !
	Initialyzed swapped data for i = 135, j = 179 sucessfully passed !
	Initialyzed swapped data for i = 135, j = 180 sucessfully passed !
	Initialyzed swapped data for i = 135, j = 181 sucessfully passed !
	Initialyzed swapped data for i = 135, j = 182 sucessfully passed !
	Initialyzed swapped data for i = 135, j = 183 sucessfully passed !
	Initialyzed swapped data for i = 135, j = 184 sucessfully passed !
	Initialyzed swapped data for i = 135, j = 185 sucessfully passed !
	Initialyzed swapped data for i = 135, j = 186 sucessfully passed !
	Initialyzed swapped data for i = 135, j = 187 sucessfully passed !
	Initialyzed swapped data for i = 135, j = 188 sucessfully passed !
	Initialyzed swapped data for i = 135, j = 189 sucessfully passed !
	Initialyzed swapped data for i = 135, j = 190 sucessfully passed !
	Initialyzed swapped data for i = 135, j = 191 sucessfully passed !
	Initialyzed swapped data for i = 135, j = 192 sucessfully passed !
	Initialyzed swapped data for i = 135, j = 193 sucessfully passed !
	Initialyzed swapped data for i = 135, j = 194 sucessfully passed !
	Initialyzed swapped data for i = 135, j = 195 sucessfully passed !
	Initialyzed swapped data for i = 135, j = 196 sucessfully passed !
	Initialyzed swapped data for i = 135, j = 197 sucessfully passed !
	Initialyzed swapped data for i = 135, j = 198 sucessfully passed !
	Initialyzed swapped data for i = 135, j = 199 sucessfully passed !
	Initialyzed swapped data for i = 135, j = 200 sucessfully passed !
	Initialyzed swapped data for i = 135, j = 201 sucessfully passed !
	Initialyzed swapped data for i = 135, j = 202 sucessfully passed !
	Initialyzed swapped data for i = 135, j = 203 sucessfully passed !
	Initialyzed swapped data for i = 135, j = 204 sucessfully passed !
	Initialyzed swapped data for i = 135, j = 205 sucessfully passed !
	Initialyzed swapped data for i = 135, j = 206 sucessfully passed !
	Initialyzed swapped data for i = 135, j = 207 sucessfully passed !
	Initialyzed swapped data for i = 135, j = 208 sucessfully passed !
	Initialyzed swapped data for i = 135, j = 209 sucessfully passed !
	Initialyzed swapped data for i = 135, j = 210 sucessfully passed !
	Initialyzed swapped data for i = 135, j = 211 sucessfully passed !
	Initialyzed swapped data for i = 135, j = 212 sucessfully passed !
	Initialyzed swapped data for i = 135, j = 213 sucessfully passed !
	Initialyzed swapped data for i = 135, j = 214 sucessfully passed !
	Initialyzed swapped data for i = 135, j = 215 sucessfully passed !
	Initialyzed swapped data for i = 135, j = 216 sucessfully passed !
	Initialyzed swapped data for i = 135, j = 217 sucessfully passed !
	Initialyzed swapped data for i = 135, j = 218 sucessfully passed !
	Initialyzed swapped data for i = 135, j = 219 sucessfully passed !
	Initialyzed swapped data for i = 135, j = 220 sucessfully passed !
	Initialyzed swapped data for i = 135, j = 221 sucessfully passed !
	Initialyzed swapped data for i = 135, j = 222 sucessfully passed !
	Initialyzed swapped data for i = 135, j = 223 sucessfully passed !
	Initialyzed swapped data for i = 135, j = 224 sucessfully passed !
	Initialyzed swapped data for i = 135, j = 225 sucessfully passed !
	Initialyzed swapped data for i = 135, j = 226 sucessfully passed !
	Initialyzed swapped data for i = 135, j = 227 sucessfully passed !
	Initialyzed swapped data for i = 135, j = 228 sucessfully passed !
	Initialyzed swapped data for i = 135, j = 229 sucessfully passed !
	Initialyzed swapped data for i = 135, j = 230 sucessfully passed !
	Initialyzed swapped data for i = 135, j = 231 sucessfully passed !
	Initialyzed swapped data for i = 135, j = 232 sucessfully passed !
	Initialyzed swapped data for i = 135, j = 233 sucessfully passed !
	Initialyzed swapped data for i = 135, j = 234 sucessfully passed !
	Initialyzed swapped data for i = 135, j = 235 sucessfully passed !
	Initialyzed swapped data for i = 135, j = 236 sucessfully passed !
	Initialyzed swapped data for i = 135, j = 237 sucessfully passed !
	Initialyzed swapped data for i = 135, j = 238 sucessfully passed !
	Initialyzed swapped data for i = 135, j = 239 sucessfully passed !
	Initialyzed swapped data for i = 135, j = 240 sucessfully passed !
	Initialyzed swapped data for i = 135, j = 241 sucessfully passed !
	Initialyzed swapped data for i = 135, j = 242 sucessfully passed !
	Initialyzed swapped data for i = 135, j = 243 sucessfully passed !
	Initialyzed swapped data for i = 135, j = 244 sucessfully passed !
	Initialyzed swapped data for i = 135, j = 245 sucessfully passed !
	Initialyzed swapped data for i = 135, j = 246 sucessfully passed !
	Initialyzed swapped data for i = 135, j = 247 sucessfully passed !
	Initialyzed swapped data for i = 135, j = 248 sucessfully passed !
	Initialyzed swapped data for i = 135, j = 249 sucessfully passed !
	Initialyzed swapped data for i = 135, j = 250 sucessfully passed !
	Initialyzed swapped data for i = 135, j = 251 sucessfully passed !
	Initialyzed swapped data for i = 135, j = 252 sucessfully passed !
	Initialyzed swapped data for i = 135, j = 253 sucessfully passed !
	Initialyzed swapped data for i = 135, j = 254 sucessfully passed !
	Initialyzed swapped data for i = 135, j = 255 sucessfully passed !
	Initialyzed swapped data for i = 135, j = 256 sucessfully passed !
	Initialyzed swapped data for i = 135, j = 257 sucessfully passed !
	Initialyzed swapped data for i = 135, j = 258 sucessfully passed !
	Initialyzed swapped data for i = 135, j = 259 sucessfully passed !
	Initialyzed swapped data for i = 135, j = 260 sucessfully passed !
	Initialyzed swapped data for i = 135, j = 261 sucessfully passed !
	Initialyzed swapped data for i = 135, j = 262 sucessfully passed !
	Initialyzed swapped data for i = 135, j = 263 sucessfully passed !
	Initialyzed swapped data for i = 135, j = 264 sucessfully passed !
	Initialyzed swapped data for i = 135, j = 265 sucessfully passed !
	Initialyzed swapped data for i = 135, j = 266 sucessfully passed !
	Initialyzed swapped data for i = 135, j = 267 sucessfully passed !
	Initialyzed swapped data for i = 135, j = 268 sucessfully passed !
	Initialyzed swapped data for i = 135, j = 269 sucessfully passed !
	Initialyzed swapped data for i = 135, j = 270 sucessfully passed !
	Initialyzed swapped data for i = 135, j = 271 sucessfully passed !
	Initialyzed swapped data for i = 135, j = 272 sucessfully passed !
	Initialyzed swapped data for i = 135, j = 273 sucessfully passed !
	Initialyzed swapped data for i = 135, j = 274 sucessfully passed !
	Initialyzed swapped data for i = 135, j = 275 sucessfully passed !
	Initialyzed swapped data for i = 135, j = 276 sucessfully passed !
	Initialyzed swapped data for i = 135, j = 277 sucessfully passed !
	Initialyzed swapped data for i = 135, j = 278 sucessfully passed !
	Initialyzed swapped data for i = 135, j = 279 sucessfully passed !
	Initialyzed swapped data for i = 135, j = 280 sucessfully passed !
	Initialyzed swapped data for i = 135, j = 281 sucessfully passed !
	Initialyzed swapped data for i = 135, j = 282 sucessfully passed !
	Initialyzed swapped data for i = 135, j = 283 sucessfully passed !
	Initialyzed swapped data for i = 135, j = 284 sucessfully passed !
	Initialyzed swapped data for i = 135, j = 285 sucessfully passed !
	Initialyzed swapped data for i = 135, j = 286 sucessfully passed !
	Initialyzed swapped data for i = 135, j = 287 sucessfully passed !
	Initialyzed swapped data for i = 135, j = 288 sucessfully passed !
	Initialyzed swapped data for i = 135, j = 289 sucessfully passed !
	Initialyzed swapped data for i = 135, j = 290 sucessfully passed !
	Initialyzed swapped data for i = 135, j = 291 sucessfully passed !
	Initialyzed swapped data for i = 135, j = 292 sucessfully passed !
	Initialyzed swapped data for i = 135, j = 293 sucessfully passed !
	Initialyzed swapped data for i = 135, j = 294 sucessfully passed !
	Initialyzed swapped data for i = 135, j = 295 sucessfully passed !
	Initialyzed swapped data for i = 135, j = 296 sucessfully passed !
	Initialyzed swapped data for i = 135, j = 297 sucessfully passed !
	Initialyzed swapped data for i = 135, j = 298 sucessfully passed !
	Initialyzed swapped data for i = 135, j = 299 sucessfully passed !
	Initialyzed swapped data for i = 135, j = 300 sucessfully passed !
	Initialyzed swapped data for i = 135, j = 301 sucessfully passed !
	Initialyzed swapped data for i = 135, j = 302 sucessfully passed !
	Initialyzed swapped data for i = 135, j = 303 sucessfully passed !
	Initialyzed swapped data for i = 135, j = 304 sucessfully passed !
	Initialyzed swapped data for i = 135, j = 305 sucessfully passed !
	Initialyzed swapped data for i = 135, j = 306 sucessfully passed !
	Initialyzed swapped data for i = 135, j = 307 sucessfully passed !
	Initialyzed swapped data for i = 135, j = 308 sucessfully passed !
	Initialyzed swapped data for i = 135, j = 309 sucessfully passed !
	Initialyzed swapped data for i = 135, j = 310 sucessfully passed !
	Initialyzed swapped data for i = 135, j = 311 sucessfully passed !
	Initialyzed swapped data for i = 135, j = 312 sucessfully passed !
	Initialyzed swapped data for i = 135, j = 313 sucessfully passed !
	Initialyzed swapped data for i = 135, j = 314 sucessfully passed !
	Initialyzed swapped data for i = 135, j = 315 sucessfully passed !
	Initialyzed swapped data for i = 135, j = 316 sucessfully passed !
	Initialyzed swapped data for i = 135, j = 317 sucessfully passed !
	Initialyzed swapped data for i = 135, j = 318 sucessfully passed !
	Initialyzed swapped data for i = 135, j = 319 sucessfully passed !
	Initialyzed swapped data for i = 135, j = 320 sucessfully passed !
	Initialyzed swapped data for i = 135, j = 321 sucessfully passed !
	Initialyzed swapped data for i = 135, j = 322 sucessfully passed !
	Initialyzed swapped data for i = 135, j = 323 sucessfully passed !
	Initialyzed swapped data for i = 135, j = 324 sucessfully passed !
	Initialyzed swapped data for i = 135, j = 325 sucessfully passed !
	Initialyzed swapped data for i = 135, j = 326 sucessfully passed !
	Initialyzed swapped data for i = 135, j = 327 sucessfully passed !
	Initialyzed swapped data for i = 135, j = 328 sucessfully passed !
	Initialyzed swapped data for i = 135, j = 329 sucessfully passed !
	Initialyzed swapped data for i = 135, j = 330 sucessfully passed !
	Initialyzed swapped data for i = 135, j = 331 sucessfully passed !
	Initialyzed swapped data for i = 135, j = 332 sucessfully passed !
	Initialyzed swapped data for i = 135, j = 333 sucessfully passed !
	Initialyzed swapped data for i = 135, j = 334 sucessfully passed !
	Initialyzed swapped data for i = 135, j = 335 sucessfully passed !
	Initialyzed swapped data for i = 135, j = 336 sucessfully passed !
	Initialyzed swapped data for i = 135, j = 337 sucessfully passed !
	Initialyzed swapped data for i = 135, j = 338 sucessfully passed !
	Initialyzed swapped data for i = 135, j = 339 sucessfully passed !
	Initialyzed swapped data for i = 135, j = 340 sucessfully passed !
	Initialyzed swapped data for i = 135, j = 341 sucessfully passed !
	Initialyzed swapped data for i = 135, j = 342 sucessfully passed !
	Initialyzed swapped data for i = 135, j = 343 sucessfully passed !
	Initialyzed swapped data for i = 135, j = 344 sucessfully passed !
	Initialyzed swapped data for i = 135, j = 345 sucessfully passed !
	Initialyzed swapped data for i = 135, j = 346 sucessfully passed !
	Initialyzed swapped data for i = 135, j = 347 sucessfully passed !
	Initialyzed swapped data for i = 135, j = 348 sucessfully passed !
	Initialyzed swapped data for i = 135, j = 349 sucessfully passed !
	Initialyzed swapped data for i = 135, j = 350 sucessfully passed !
	Initialyzed swapped data for i = 135, j = 351 sucessfully passed !
	Initialyzed swapped data for i = 135, j = 352 sucessfully passed !
	Initialyzed swapped data for i = 135, j = 353 sucessfully passed !
	Initialyzed swapped data for i = 135, j = 354 sucessfully passed !
	Initialyzed swapped data for i = 135, j = 355 sucessfully passed !
	Initialyzed swapped data for i = 135, j = 356 sucessfully passed !
	Initialyzed swapped data for i = 135, j = 357 sucessfully passed !
	Initialyzed swapped data for i = 135, j = 358 sucessfully passed !
	Initialyzed swapped data for i = 135, j = 359 sucessfully passed !
	Initialyzed swapped data for i = 135, j = 360 sucessfully passed !
	Initialyzed swapped data for i = 135, j = 361 sucessfully passed !
	Initialyzed swapped data for i = 135, j = 362 sucessfully passed !
	Initialyzed swapped data for i = 135, j = 363 sucessfully passed !
	Initialyzed swapped data for i = 135, j = 364 sucessfully passed !
	Initialyzed swapped data for i = 135, j = 365 sucessfully passed !
	Initialyzed swapped data for i = 135, j = 366 sucessfully passed !
	Initialyzed swapped data for i = 135, j = 367 sucessfully passed !
	Initialyzed swapped data for i = 135, j = 368 sucessfully passed !
	Initialyzed swapped data for i = 135, j = 369 sucessfully passed !
	Initialyzed swapped data for i = 135, j = 370 sucessfully passed !
	Initialyzed swapped data for i = 135, j = 371 sucessfully passed !
	Initialyzed swapped data for i = 135, j = 372 sucessfully passed !
	Initialyzed swapped data for i = 135, j = 373 sucessfully passed !
	Initialyzed swapped data for i = 135, j = 374 sucessfully passed !
	Initialyzed swapped data for i = 135, j = 375 sucessfully passed !
	Initialyzed swapped data for i = 135, j = 376 sucessfully passed !
	Initialyzed swapped data for i = 135, j = 377 sucessfully passed !
	Initialyzed swapped data for i = 135, j = 378 sucessfully passed !
	Initialyzed swapped data for i = 135, j = 379 sucessfully passed !
	Initialyzed swapped data for i = 135, j = 380 sucessfully passed !
	Initialyzed swapped data for i = 135, j = 381 sucessfully passed !
	Initialyzed swapped data for i = 135, j = 382 sucessfully passed !
	Initialyzed swapped data for i = 135, j = 383 sucessfully passed !
	Initialyzed swapped data for i = 135, j = 384 sucessfully passed !
	Initialyzed swapped data for i = 135, j = 385 sucessfully passed !
	Initialyzed swapped data for i = 135, j = 386 sucessfully passed !
	Initialyzed swapped data for i = 135, j = 387 sucessfully passed !
	Initialyzed swapped data for i = 135, j = 388 sucessfully passed !
	Initialyzed swapped data for i = 135, j = 389 sucessfully passed !
	Initialyzed swapped data for i = 135, j = 390 sucessfully passed !
	Initialyzed swapped data for i = 135, j = 391 sucessfully passed !
	Initialyzed swapped data for i = 135, j = 392 sucessfully passed !
	Initialyzed swapped data for i = 135, j = 393 sucessfully passed !
	Initialyzed swapped data for i = 135, j = 394 sucessfully passed !
	Initialyzed swapped data for i = 135, j = 395 sucessfully passed !
	Initialyzed swapped data for i = 135, j = 396 sucessfully passed !
	Initialyzed swapped data for i = 135, j = 397 sucessfully passed !
	Initialyzed swapped data for i = 135, j = 398 sucessfully passed !
	Initialyzed swapped data for i = 135, j = 399 sucessfully passed !
	Initialyzed swapped data for i = 135, j = 400 sucessfully passed !
	Initialyzed swapped data for i = 135, j = 401 sucessfully passed !
	Initialyzed swapped data for i = 135, j = 402 sucessfully passed !
	Initialyzed swapped data for i = 135, j = 403 sucessfully passed !
	Initialyzed swapped data for i = 135, j = 404 sucessfully passed !
	Initialyzed swapped data for i = 135, j = 405 sucessfully passed !
	Initialyzed swapped data for i = 135, j = 406 sucessfully passed !
	Initialyzed swapped data for i = 135, j = 407 sucessfully passed !
	Initialyzed swapped data for i = 135, j = 408 sucessfully passed !
	Initialyzed swapped data for i = 135, j = 409 sucessfully passed !
	Initialyzed swapped data for i = 135, j = 410 sucessfully passed !
	Initialyzed swapped data for i = 135, j = 411 sucessfully passed !
	Initialyzed swapped data for i = 135, j = 412 sucessfully passed !
	Initialyzed swapped data for i = 135, j = 413 sucessfully passed !
	Initialyzed swapped data for i = 135, j = 414 sucessfully passed !
	Initialyzed swapped data for i = 135, j = 415 sucessfully passed !
	Initialyzed swapped data for i = 135, j = 416 sucessfully passed !
	Initialyzed swapped data for i = 135, j = 417 sucessfully passed !
	Initialyzed swapped data for i = 135, j = 418 sucessfully passed !
	Initialyzed swapped data for i = 135, j = 419 sucessfully passed !
	Initialyzed swapped data for i = 135, j = 420 sucessfully passed !
	Initialyzed swapped data for i = 135, j = 421 sucessfully passed !
	Initialyzed swapped data for i = 135, j = 422 sucessfully passed !
	Initialyzed swapped data for i = 135, j = 423 sucessfully passed !
	Initialyzed swapped data for i = 135, j = 424 sucessfully passed !
	Initialyzed swapped data for i = 135, j = 425 sucessfully passed !
	Initialyzed swapped data for i = 135, j = 426 sucessfully passed !
	Initialyzed swapped data for i = 135, j = 427 sucessfully passed !
	Initialyzed swapped data for i = 135, j = 428 sucessfully passed !
	Initialyzed swapped data for i = 135, j = 429 sucessfully passed !
	Initialyzed swapped data for i = 135, j = 430 sucessfully passed !
	Initialyzed swapped data for i = 135, j = 431 sucessfully passed !
	Initialyzed swapped data for i = 135, j = 432 sucessfully passed !
	Initialyzed swapped data for i = 135, j = 433 sucessfully passed !
	Initialyzed swapped data for i = 136, j = 137 sucessfully passed !
	Initialyzed swapped data for i = 136, j = 138 sucessfully passed !
	Initialyzed swapped data for i = 136, j = 139 sucessfully passed !
	Initialyzed swapped data for i = 136, j = 140 sucessfully passed !
	Initialyzed swapped data for i = 136, j = 141 sucessfully passed !
	Initialyzed swapped data for i = 136, j = 142 sucessfully passed !
	Initialyzed swapped data for i = 136, j = 143 sucessfully passed !
	Initialyzed swapped data for i = 136, j = 144 sucessfully passed !
	Initialyzed swapped data for i = 136, j = 145 sucessfully passed !
	Initialyzed swapped data for i = 136, j = 146 sucessfully passed !
	Initialyzed swapped data for i = 136, j = 147 sucessfully passed !
	Initialyzed swapped data for i = 136, j = 148 sucessfully passed !
	Initialyzed swapped data for i = 136, j = 149 sucessfully passed !
	Initialyzed swapped data for i = 136, j = 150 sucessfully passed !
	Initialyzed swapped data for i = 136, j = 151 sucessfully passed !
	Initialyzed swapped data for i = 136, j = 152 sucessfully passed !
	Initialyzed swapped data for i = 136, j = 153 sucessfully passed !
	Initialyzed swapped data for i = 136, j = 154 sucessfully passed !
	Initialyzed swapped data for i = 136, j = 155 sucessfully passed !
	Initialyzed swapped data for i = 136, j = 156 sucessfully passed !
	Initialyzed swapped data for i = 136, j = 157 sucessfully passed !
	Initialyzed swapped data for i = 136, j = 158 sucessfully passed !
	Initialyzed swapped data for i = 136, j = 159 sucessfully passed !
	Initialyzed swapped data for i = 136, j = 160 sucessfully passed !
	Initialyzed swapped data for i = 136, j = 161 sucessfully passed !
	Initialyzed swapped data for i = 136, j = 162 sucessfully passed !
	Initialyzed swapped data for i = 136, j = 163 sucessfully passed !
	Initialyzed swapped data for i = 136, j = 164 sucessfully passed !
	Initialyzed swapped data for i = 136, j = 165 sucessfully passed !
	Initialyzed swapped data for i = 136, j = 166 sucessfully passed !
	Initialyzed swapped data for i = 136, j = 167 sucessfully passed !
	Initialyzed swapped data for i = 136, j = 168 sucessfully passed !
	Initialyzed swapped data for i = 136, j = 169 sucessfully passed !
	Initialyzed swapped data for i = 136, j = 170 sucessfully passed !
	Initialyzed swapped data for i = 136, j = 171 sucessfully passed !
	Initialyzed swapped data for i = 136, j = 172 sucessfully passed !
	Initialyzed swapped data for i = 136, j = 173 sucessfully passed !
	Initialyzed swapped data for i = 136, j = 174 sucessfully passed !
	Initialyzed swapped data for i = 136, j = 175 sucessfully passed !
	Initialyzed swapped data for i = 136, j = 176 sucessfully passed !
	Initialyzed swapped data for i = 136, j = 177 sucessfully passed !
	Initialyzed swapped data for i = 136, j = 178 sucessfully passed !
	Initialyzed swapped data for i = 136, j = 179 sucessfully passed !
	Initialyzed swapped data for i = 136, j = 180 sucessfully passed !
	Initialyzed swapped data for i = 136, j = 181 sucessfully passed !
	Initialyzed swapped data for i = 136, j = 182 sucessfully passed !
	Initialyzed swapped data for i = 136, j = 183 sucessfully passed !
	Initialyzed swapped data for i = 136, j = 184 sucessfully passed !
	Initialyzed swapped data for i = 136, j = 185 sucessfully passed !
	Initialyzed swapped data for i = 136, j = 186 sucessfully passed !
	Initialyzed swapped data for i = 136, j = 187 sucessfully passed !
	Initialyzed swapped data for i = 136, j = 188 sucessfully passed !
	Initialyzed swapped data for i = 136, j = 189 sucessfully passed !
	Initialyzed swapped data for i = 136, j = 190 sucessfully passed !
	Initialyzed swapped data for i = 136, j = 191 sucessfully passed !
	Initialyzed swapped data for i = 136, j = 192 sucessfully passed !
	Initialyzed swapped data for i = 136, j = 193 sucessfully passed !
	Initialyzed swapped data for i = 136, j = 194 sucessfully passed !
	Initialyzed swapped data for i = 136, j = 195 sucessfully passed !
	Initialyzed swapped data for i = 136, j = 196 sucessfully passed !
	Initialyzed swapped data for i = 136, j = 197 sucessfully passed !
	Initialyzed swapped data for i = 136, j = 198 sucessfully passed !
	Initialyzed swapped data for i = 136, j = 199 sucessfully passed !
	Initialyzed swapped data for i = 136, j = 200 sucessfully passed !
	Initialyzed swapped data for i = 136, j = 201 sucessfully passed !
	Initialyzed swapped data for i = 136, j = 202 sucessfully passed !
	Initialyzed swapped data for i = 136, j = 203 sucessfully passed !
	Initialyzed swapped data for i = 136, j = 204 sucessfully passed !
	Initialyzed swapped data for i = 136, j = 205 sucessfully passed !
	Initialyzed swapped data for i = 136, j = 206 sucessfully passed !
	Initialyzed swapped data for i = 136, j = 207 sucessfully passed !
	Initialyzed swapped data for i = 136, j = 208 sucessfully passed !
	Initialyzed swapped data for i = 136, j = 209 sucessfully passed !
	Initialyzed swapped data for i = 136, j = 210 sucessfully passed !
	Initialyzed swapped data for i = 136, j = 211 sucessfully passed !
	Initialyzed swapped data for i = 136, j = 212 sucessfully passed !
	Initialyzed swapped data for i = 136, j = 213 sucessfully passed !
	Initialyzed swapped data for i = 136, j = 214 sucessfully passed !
	Initialyzed swapped data for i = 136, j = 215 sucessfully passed !
	Initialyzed swapped data for i = 136, j = 216 sucessfully passed !
	Initialyzed swapped data for i = 136, j = 217 sucessfully passed !
	Initialyzed swapped data for i = 136, j = 218 sucessfully passed !
	Initialyzed swapped data for i = 136, j = 219 sucessfully passed !
	Initialyzed swapped data for i = 136, j = 220 sucessfully passed !
	Initialyzed swapped data for i = 136, j = 221 sucessfully passed !
	Initialyzed swapped data for i = 136, j = 222 sucessfully passed !
	Initialyzed swapped data for i = 136, j = 223 sucessfully passed !
	Initialyzed swapped data for i = 136, j = 224 sucessfully passed !
	Initialyzed swapped data for i = 136, j = 225 sucessfully passed !
	Initialyzed swapped data for i = 136, j = 226 sucessfully passed !
	Initialyzed swapped data for i = 136, j = 227 sucessfully passed !
	Initialyzed swapped data for i = 136, j = 228 sucessfully passed !
	Initialyzed swapped data for i = 136, j = 229 sucessfully passed !
	Initialyzed swapped data for i = 136, j = 230 sucessfully passed !
	Initialyzed swapped data for i = 136, j = 231 sucessfully passed !
	Initialyzed swapped data for i = 136, j = 232 sucessfully passed !
	Initialyzed swapped data for i = 136, j = 233 sucessfully passed !
	Initialyzed swapped data for i = 136, j = 234 sucessfully passed !
	Initialyzed swapped data for i = 136, j = 235 sucessfully passed !
	Initialyzed swapped data for i = 136, j = 236 sucessfully passed !
	Initialyzed swapped data for i = 136, j = 237 sucessfully passed !
	Initialyzed swapped data for i = 136, j = 238 sucessfully passed !
	Initialyzed swapped data for i = 136, j = 239 sucessfully passed !
	Initialyzed swapped data for i = 136, j = 240 sucessfully passed !
	Initialyzed swapped data for i = 136, j = 241 sucessfully passed !
	Initialyzed swapped data for i = 136, j = 242 sucessfully passed !
	Initialyzed swapped data for i = 136, j = 243 sucessfully passed !
	Initialyzed swapped data for i = 136, j = 244 sucessfully passed !
	Initialyzed swapped data for i = 136, j = 245 sucessfully passed !
	Initialyzed swapped data for i = 136, j = 246 sucessfully passed !
	Initialyzed swapped data for i = 136, j = 247 sucessfully passed !
	Initialyzed swapped data for i = 136, j = 248 sucessfully passed !
	Initialyzed swapped data for i = 136, j = 249 sucessfully passed !
	Initialyzed swapped data for i = 136, j = 250 sucessfully passed !
	Initialyzed swapped data for i = 136, j = 251 sucessfully passed !
	Initialyzed swapped data for i = 136, j = 252 sucessfully passed !
	Initialyzed swapped data for i = 136, j = 253 sucessfully passed !
	Initialyzed swapped data for i = 136, j = 254 sucessfully passed !
	Initialyzed swapped data for i = 136, j = 255 sucessfully passed !
	Initialyzed swapped data for i = 136, j = 256 sucessfully passed !
	Initialyzed swapped data for i = 136, j = 257 sucessfully passed !
	Initialyzed swapped data for i = 136, j = 258 sucessfully passed !
	Initialyzed swapped data for i = 136, j = 259 sucessfully passed !
	Initialyzed swapped data for i = 136, j = 260 sucessfully passed !
	Initialyzed swapped data for i = 136, j = 261 sucessfully passed !
	Initialyzed swapped data for i = 136, j = 262 sucessfully passed !
	Initialyzed swapped data for i = 136, j = 263 sucessfully passed !
	Initialyzed swapped data for i = 136, j = 264 sucessfully passed !
	Initialyzed swapped data for i = 136, j = 265 sucessfully passed !
	Initialyzed swapped data for i = 136, j = 266 sucessfully passed !
	Initialyzed swapped data for i = 136, j = 267 sucessfully passed !
	Initialyzed swapped data for i = 136, j = 268 sucessfully passed !
	Initialyzed swapped data for i = 136, j = 269 sucessfully passed !
	Initialyzed swapped data for i = 136, j = 270 sucessfully passed !
	Initialyzed swapped data for i = 136, j = 271 sucessfully passed !
	Initialyzed swapped data for i = 136, j = 272 sucessfully passed !
	Initialyzed swapped data for i = 136, j = 273 sucessfully passed !
	Initialyzed swapped data for i = 136, j = 274 sucessfully passed !
	Initialyzed swapped data for i = 136, j = 275 sucessfully passed !
	Initialyzed swapped data for i = 136, j = 276 sucessfully passed !
	Initialyzed swapped data for i = 136, j = 277 sucessfully passed !
	Initialyzed swapped data for i = 136, j = 278 sucessfully passed !
	Initialyzed swapped data for i = 136, j = 279 sucessfully passed !
	Initialyzed swapped data for i = 136, j = 280 sucessfully passed !
	Initialyzed swapped data for i = 136, j = 281 sucessfully passed !
	Initialyzed swapped data for i = 136, j = 282 sucessfully passed !
	Initialyzed swapped data for i = 136, j = 283 sucessfully passed !
	Initialyzed swapped data for i = 136, j = 284 sucessfully passed !
	Initialyzed swapped data for i = 136, j = 285 sucessfully passed !
	Initialyzed swapped data for i = 136, j = 286 sucessfully passed !
	Initialyzed swapped data for i = 136, j = 287 sucessfully passed !
	Initialyzed swapped data for i = 136, j = 288 sucessfully passed !
	Initialyzed swapped data for i = 136, j = 289 sucessfully passed !
	Initialyzed swapped data for i = 136, j = 290 sucessfully passed !
	Initialyzed swapped data for i = 136, j = 291 sucessfully passed !
	Initialyzed swapped data for i = 136, j = 292 sucessfully passed !
	Initialyzed swapped data for i = 136, j = 293 sucessfully passed !
	Initialyzed swapped data for i = 136, j = 294 sucessfully passed !
	Initialyzed swapped data for i = 136, j = 295 sucessfully passed !
	Initialyzed swapped data for i = 136, j = 296 sucessfully passed !
	Initialyzed swapped data for i = 136, j = 297 sucessfully passed !
	Initialyzed swapped data for i = 136, j = 298 sucessfully passed !
	Initialyzed swapped data for i = 136, j = 299 sucessfully passed !
	Initialyzed swapped data for i = 136, j = 300 sucessfully passed !
	Initialyzed swapped data for i = 136, j = 301 sucessfully passed !
	Initialyzed swapped data for i = 136, j = 302 sucessfully passed !
	Initialyzed swapped data for i = 136, j = 303 sucessfully passed !
	Initialyzed swapped data for i = 136, j = 304 sucessfully passed !
	Initialyzed swapped data for i = 136, j = 305 sucessfully passed !
	Initialyzed swapped data for i = 136, j = 306 sucessfully passed !
	Initialyzed swapped data for i = 136, j = 307 sucessfully passed !
	Initialyzed swapped data for i = 136, j = 308 sucessfully passed !
	Initialyzed swapped data for i = 136, j = 309 sucessfully passed !
	Initialyzed swapped data for i = 136, j = 310 sucessfully passed !
	Initialyzed swapped data for i = 136, j = 311 sucessfully passed !
	Initialyzed swapped data for i = 136, j = 312 sucessfully passed !
	Initialyzed swapped data for i = 136, j = 313 sucessfully passed !
	Initialyzed swapped data for i = 136, j = 314 sucessfully passed !
	Initialyzed swapped data for i = 136, j = 315 sucessfully passed !
	Initialyzed swapped data for i = 136, j = 316 sucessfully passed !
	Initialyzed swapped data for i = 136, j = 317 sucessfully passed !
	Initialyzed swapped data for i = 136, j = 318 sucessfully passed !
	Initialyzed swapped data for i = 136, j = 319 sucessfully passed !
	Initialyzed swapped data for i = 136, j = 320 sucessfully passed !
	Initialyzed swapped data for i = 136, j = 321 sucessfully passed !
	Initialyzed swapped data for i = 136, j = 322 sucessfully passed !
	Initialyzed swapped data for i = 136, j = 323 sucessfully passed !
	Initialyzed swapped data for i = 136, j = 324 sucessfully passed !
	Initialyzed swapped data for i = 136, j = 325 sucessfully passed !
	Initialyzed swapped data for i = 136, j = 326 sucessfully passed !
	Initialyzed swapped data for i = 136, j = 327 sucessfully passed !
	Initialyzed swapped data for i = 136, j = 328 sucessfully passed !
	Initialyzed swapped data for i = 136, j = 329 sucessfully passed !
	Initialyzed swapped data for i = 136, j = 330 sucessfully passed !
	Initialyzed swapped data for i = 136, j = 331 sucessfully passed !
	Initialyzed swapped data for i = 136, j = 332 sucessfully passed !
	Initialyzed swapped data for i = 136, j = 333 sucessfully passed !
	Initialyzed swapped data for i = 136, j = 334 sucessfully passed !
	Initialyzed swapped data for i = 136, j = 335 sucessfully passed !
	Initialyzed swapped data for i = 136, j = 336 sucessfully passed !
	Initialyzed swapped data for i = 136, j = 337 sucessfully passed !
	Initialyzed swapped data for i = 136, j = 338 sucessfully passed !
	Initialyzed swapped data for i = 136, j = 339 sucessfully passed !
	Initialyzed swapped data for i = 136, j = 340 sucessfully passed !
	Initialyzed swapped data for i = 136, j = 341 sucessfully passed !
	Initialyzed swapped data for i = 136, j = 342 sucessfully passed !
	Initialyzed swapped data for i = 136, j = 343 sucessfully passed !
	Initialyzed swapped data for i = 136, j = 344 sucessfully passed !
	Initialyzed swapped data for i = 136, j = 345 sucessfully passed !
	Initialyzed swapped data for i = 136, j = 346 sucessfully passed !
	Initialyzed swapped data for i = 136, j = 347 sucessfully passed !
	Initialyzed swapped data for i = 136, j = 348 sucessfully passed !
	Initialyzed swapped data for i = 136, j = 349 sucessfully passed !
	Initialyzed swapped data for i = 136, j = 350 sucessfully passed !
	Initialyzed swapped data for i = 136, j = 351 sucessfully passed !
	Initialyzed swapped data for i = 136, j = 352 sucessfully passed !
	Initialyzed swapped data for i = 136, j = 353 sucessfully passed !
	Initialyzed swapped data for i = 136, j = 354 sucessfully passed !
	Initialyzed swapped data for i = 136, j = 355 sucessfully passed !
	Initialyzed swapped data for i = 136, j = 356 sucessfully passed !
	Initialyzed swapped data for i = 136, j = 357 sucessfully passed !
	Initialyzed swapped data for i = 136, j = 358 sucessfully passed !
	Initialyzed swapped data for i = 136, j = 359 sucessfully passed !
	Initialyzed swapped data for i = 136, j = 360 sucessfully passed !
	Initialyzed swapped data for i = 136, j = 361 sucessfully passed !
	Initialyzed swapped data for i = 136, j = 362 sucessfully passed !
	Initialyzed swapped data for i = 136, j = 363 sucessfully passed !
	Initialyzed swapped data for i = 136, j = 364 sucessfully passed !
	Initialyzed swapped data for i = 136, j = 365 sucessfully passed !
	Initialyzed swapped data for i = 136, j = 366 sucessfully passed !
	Initialyzed swapped data for i = 136, j = 367 sucessfully passed !
	Initialyzed swapped data for i = 136, j = 368 sucessfully passed !
	Initialyzed swapped data for i = 136, j = 369 sucessfully passed !
	Initialyzed swapped data for i = 136, j = 370 sucessfully passed !
	Initialyzed swapped data for i = 136, j = 371 sucessfully passed !
	Initialyzed swapped data for i = 136, j = 372 sucessfully passed !
	Initialyzed swapped data for i = 136, j = 373 sucessfully passed !
	Initialyzed swapped data for i = 136, j = 374 sucessfully passed !
	Initialyzed swapped data for i = 136, j = 375 sucessfully passed !
	Initialyzed swapped data for i = 136, j = 376 sucessfully passed !
	Initialyzed swapped data for i = 136, j = 377 sucessfully passed !
	Initialyzed swapped data for i = 136, j = 378 sucessfully passed !
	Initialyzed swapped data for i = 136, j = 379 sucessfully passed !
	Initialyzed swapped data for i = 136, j = 380 sucessfully passed !
	Initialyzed swapped data for i = 136, j = 381 sucessfully passed !
	Initialyzed swapped data for i = 136, j = 382 sucessfully passed !
	Initialyzed swapped data for i = 136, j = 383 sucessfully passed !
	Initialyzed swapped data for i = 136, j = 384 sucessfully passed !
	Initialyzed swapped data for i = 136, j = 385 sucessfully passed !
	Initialyzed swapped data for i = 136, j = 386 sucessfully passed !
	Initialyzed swapped data for i = 136, j = 387 sucessfully passed !
	Initialyzed swapped data for i = 136, j = 388 sucessfully passed !
	Initialyzed swapped data for i = 136, j = 389 sucessfully passed !
	Initialyzed swapped data for i = 136, j = 390 sucessfully passed !
	Initialyzed swapped data for i = 136, j = 391 sucessfully passed !
	Initialyzed swapped data for i = 136, j = 392 sucessfully passed !
	Initialyzed swapped data for i = 136, j = 393 sucessfully passed !
	Initialyzed swapped data for i = 136, j = 394 sucessfully passed !
	Initialyzed swapped data for i = 136, j = 395 sucessfully passed !
	Initialyzed swapped data for i = 136, j = 396 sucessfully passed !
	Initialyzed swapped data for i = 136, j = 397 sucessfully passed !
	Initialyzed swapped data for i = 136, j = 398 sucessfully passed !
	Initialyzed swapped data for i = 136, j = 399 sucessfully passed !
	Initialyzed swapped data for i = 136, j = 400 sucessfully passed !
	Initialyzed swapped data for i = 136, j = 401 sucessfully passed !
	Initialyzed swapped data for i = 136, j = 402 sucessfully passed !
	Initialyzed swapped data for i = 136, j = 403 sucessfully passed !
	Initialyzed swapped data for i = 136, j = 404 sucessfully passed !
	Initialyzed swapped data for i = 136, j = 405 sucessfully passed !
	Initialyzed swapped data for i = 136, j = 406 sucessfully passed !
	Initialyzed swapped data for i = 136, j = 407 sucessfully passed !
	Initialyzed swapped data for i = 136, j = 408 sucessfully passed !
	Initialyzed swapped data for i = 136, j = 409 sucessfully passed !
	Initialyzed swapped data for i = 136, j = 410 sucessfully passed !
	Initialyzed swapped data for i = 136, j = 411 sucessfully passed !
	Initialyzed swapped data for i = 136, j = 412 sucessfully passed !
	Initialyzed swapped data for i = 136, j = 413 sucessfully passed !
	Initialyzed swapped data for i = 136, j = 414 sucessfully passed !
	Initialyzed swapped data for i = 136, j = 415 sucessfully passed !
	Initialyzed swapped data for i = 136, j = 416 sucessfully passed !
	Initialyzed swapped data for i = 136, j = 417 sucessfully passed !
	Initialyzed swapped data for i = 136, j = 418 sucessfully passed !
	Initialyzed swapped data for i = 136, j = 419 sucessfully passed !
	Initialyzed swapped data for i = 136, j = 420 sucessfully passed !
	Initialyzed swapped data for i = 136, j = 421 sucessfully passed !
	Initialyzed swapped data for i = 136, j = 422 sucessfully passed !
	Initialyzed swapped data for i = 136, j = 423 sucessfully passed !
	Initialyzed swapped data for i = 136, j = 424 sucessfully passed !
	Initialyzed swapped data for i = 136, j = 425 sucessfully passed !
	Initialyzed swapped data for i = 136, j = 426 sucessfully passed !
	Initialyzed swapped data for i = 136, j = 427 sucessfully passed !
	Initialyzed swapped data for i = 136, j = 428 sucessfully passed !
	Initialyzed swapped data for i = 136, j = 429 sucessfully passed !
	Initialyzed swapped data for i = 136, j = 430 sucessfully passed !
	Initialyzed swapped data for i = 136, j = 431 sucessfully passed !
	Initialyzed swapped data for i = 136, j = 432 sucessfully passed !
	Initialyzed swapped data for i = 136, j = 433 sucessfully passed !
	Initialyzed swapped data for i = 137, j = 138 sucessfully passed !
	Initialyzed swapped data for i = 137, j = 139 sucessfully passed !
	Initialyzed swapped data for i = 137, j = 140 sucessfully passed !
	Initialyzed swapped data for i = 137, j = 141 sucessfully passed !
	Initialyzed swapped data for i = 137, j = 142 sucessfully passed !
	Initialyzed swapped data for i = 137, j = 143 sucessfully passed !
	Initialyzed swapped data for i = 137, j = 144 sucessfully passed !
	Initialyzed swapped data for i = 137, j = 145 sucessfully passed !
	Initialyzed swapped data for i = 137, j = 146 sucessfully passed !
	Initialyzed swapped data for i = 137, j = 147 sucessfully passed !
	Initialyzed swapped data for i = 137, j = 148 sucessfully passed !
	Initialyzed swapped data for i = 137, j = 149 sucessfully passed !
	Initialyzed swapped data for i = 137, j = 150 sucessfully passed !
	Initialyzed swapped data for i = 137, j = 151 sucessfully passed !
	Initialyzed swapped data for i = 137, j = 152 sucessfully passed !
	Initialyzed swapped data for i = 137, j = 153 sucessfully passed !
	Initialyzed swapped data for i = 137, j = 154 sucessfully passed !
	Initialyzed swapped data for i = 137, j = 155 sucessfully passed !
	Initialyzed swapped data for i = 137, j = 156 sucessfully passed !
	Initialyzed swapped data for i = 137, j = 157 sucessfully passed !
	Initialyzed swapped data for i = 137, j = 158 sucessfully passed !
	Initialyzed swapped data for i = 137, j = 159 sucessfully passed !
	Initialyzed swapped data for i = 137, j = 160 sucessfully passed !
	Initialyzed swapped data for i = 137, j = 161 sucessfully passed !
	Initialyzed swapped data for i = 137, j = 162 sucessfully passed !
	Initialyzed swapped data for i = 137, j = 163 sucessfully passed !
	Initialyzed swapped data for i = 137, j = 164 sucessfully passed !
	Initialyzed swapped data for i = 137, j = 165 sucessfully passed !
	Initialyzed swapped data for i = 137, j = 166 sucessfully passed !
	Initialyzed swapped data for i = 137, j = 167 sucessfully passed !
	Initialyzed swapped data for i = 137, j = 168 sucessfully passed !
	Initialyzed swapped data for i = 137, j = 169 sucessfully passed !
	Initialyzed swapped data for i = 137, j = 170 sucessfully passed !
	Initialyzed swapped data for i = 137, j = 171 sucessfully passed !
	Initialyzed swapped data for i = 137, j = 172 sucessfully passed !
	Initialyzed swapped data for i = 137, j = 173 sucessfully passed !
	Initialyzed swapped data for i = 137, j = 174 sucessfully passed !
	Initialyzed swapped data for i = 137, j = 175 sucessfully passed !
	Initialyzed swapped data for i = 137, j = 176 sucessfully passed !
	Initialyzed swapped data for i = 137, j = 177 sucessfully passed !
	Initialyzed swapped data for i = 137, j = 178 sucessfully passed !
	Initialyzed swapped data for i = 137, j = 179 sucessfully passed !
	Initialyzed swapped data for i = 137, j = 180 sucessfully passed !
	Initialyzed swapped data for i = 137, j = 181 sucessfully passed !
	Initialyzed swapped data for i = 137, j = 182 sucessfully passed !
	Initialyzed swapped data for i = 137, j = 183 sucessfully passed !
	Initialyzed swapped data for i = 137, j = 184 sucessfully passed !
	Initialyzed swapped data for i = 137, j = 185 sucessfully passed !
	Initialyzed swapped data for i = 137, j = 186 sucessfully passed !
	Initialyzed swapped data for i = 137, j = 187 sucessfully passed !
	Initialyzed swapped data for i = 137, j = 188 sucessfully passed !
	Initialyzed swapped data for i = 137, j = 189 sucessfully passed !
	Initialyzed swapped data for i = 137, j = 190 sucessfully passed !
	Initialyzed swapped data for i = 137, j = 191 sucessfully passed !
	Initialyzed swapped data for i = 137, j = 192 sucessfully passed !
	Initialyzed swapped data for i = 137, j = 193 sucessfully passed !
	Initialyzed swapped data for i = 137, j = 194 sucessfully passed !
	Initialyzed swapped data for i = 137, j = 195 sucessfully passed !
	Initialyzed swapped data for i = 137, j = 196 sucessfully passed !
	Initialyzed swapped data for i = 137, j = 197 sucessfully passed !
	Initialyzed swapped data for i = 137, j = 198 sucessfully passed !
	Initialyzed swapped data for i = 137, j = 199 sucessfully passed !
	Initialyzed swapped data for i = 137, j = 200 sucessfully passed !
	Initialyzed swapped data for i = 137, j = 201 sucessfully passed !
	Initialyzed swapped data for i = 137, j = 202 sucessfully passed !
	Initialyzed swapped data for i = 137, j = 203 sucessfully passed !
	Initialyzed swapped data for i = 137, j = 204 sucessfully passed !
	Initialyzed swapped data for i = 137, j = 205 sucessfully passed !
	Initialyzed swapped data for i = 137, j = 206 sucessfully passed !
	Initialyzed swapped data for i = 137, j = 207 sucessfully passed !
	Initialyzed swapped data for i = 137, j = 208 sucessfully passed !
	Initialyzed swapped data for i = 137, j = 209 sucessfully passed !
	Initialyzed swapped data for i = 137, j = 210 sucessfully passed !
	Initialyzed swapped data for i = 137, j = 211 sucessfully passed !
	Initialyzed swapped data for i = 137, j = 212 sucessfully passed !
	Initialyzed swapped data for i = 137, j = 213 sucessfully passed !
	Initialyzed swapped data for i = 137, j = 214 sucessfully passed !
	Initialyzed swapped data for i = 137, j = 215 sucessfully passed !
	Initialyzed swapped data for i = 137, j = 216 sucessfully passed !
	Initialyzed swapped data for i = 137, j = 217 sucessfully passed !
	Initialyzed swapped data for i = 137, j = 218 sucessfully passed !
	Initialyzed swapped data for i = 137, j = 219 sucessfully passed !
	Initialyzed swapped data for i = 137, j = 220 sucessfully passed !
	Initialyzed swapped data for i = 137, j = 221 sucessfully passed !
	Initialyzed swapped data for i = 137, j = 222 sucessfully passed !
	Initialyzed swapped data for i = 137, j = 223 sucessfully passed !
	Initialyzed swapped data for i = 137, j = 224 sucessfully passed !
	Initialyzed swapped data for i = 137, j = 225 sucessfully passed !
	Initialyzed swapped data for i = 137, j = 226 sucessfully passed !
	Initialyzed swapped data for i = 137, j = 227 sucessfully passed !
	Initialyzed swapped data for i = 137, j = 228 sucessfully passed !
	Initialyzed swapped data for i = 137, j = 229 sucessfully passed !
	Initialyzed swapped data for i = 137, j = 230 sucessfully passed !
	Initialyzed swapped data for i = 137, j = 231 sucessfully passed !
	Initialyzed swapped data for i = 137, j = 232 sucessfully passed !
	Initialyzed swapped data for i = 137, j = 233 sucessfully passed !
	Initialyzed swapped data for i = 137, j = 234 sucessfully passed !
	Initialyzed swapped data for i = 137, j = 235 sucessfully passed !
	Initialyzed swapped data for i = 137, j = 236 sucessfully passed !
	Initialyzed swapped data for i = 137, j = 237 sucessfully passed !
	Initialyzed swapped data for i = 137, j = 238 sucessfully passed !
	Initialyzed swapped data for i = 137, j = 239 sucessfully passed !
	Initialyzed swapped data for i = 137, j = 240 sucessfully passed !
	Initialyzed swapped data for i = 137, j = 241 sucessfully passed !
	Initialyzed swapped data for i = 137, j = 242 sucessfully passed !
	Initialyzed swapped data for i = 137, j = 243 sucessfully passed !
	Initialyzed swapped data for i = 137, j = 244 sucessfully passed !
	Initialyzed swapped data for i = 137, j = 245 sucessfully passed !
	Initialyzed swapped data for i = 137, j = 246 sucessfully passed !
	Initialyzed swapped data for i = 137, j = 247 sucessfully passed !
	Initialyzed swapped data for i = 137, j = 248 sucessfully passed !
	Initialyzed swapped data for i = 137, j = 249 sucessfully passed !
	Initialyzed swapped data for i = 137, j = 250 sucessfully passed !
	Initialyzed swapped data for i = 137, j = 251 sucessfully passed !
	Initialyzed swapped data for i = 137, j = 252 sucessfully passed !
	Initialyzed swapped data for i = 137, j = 253 sucessfully passed !
	Initialyzed swapped data for i = 137, j = 254 sucessfully passed !
	Initialyzed swapped data for i = 137, j = 255 sucessfully passed !
	Initialyzed swapped data for i = 137, j = 256 sucessfully passed !
	Initialyzed swapped data for i = 137, j = 257 sucessfully passed !
	Initialyzed swapped data for i = 137, j = 258 sucessfully passed !
	Initialyzed swapped data for i = 137, j = 259 sucessfully passed !
	Initialyzed swapped data for i = 137, j = 260 sucessfully passed !
	Initialyzed swapped data for i = 137, j = 261 sucessfully passed !
	Initialyzed swapped data for i = 137, j = 262 sucessfully passed !
	Initialyzed swapped data for i = 137, j = 263 sucessfully passed !
	Initialyzed swapped data for i = 137, j = 264 sucessfully passed !
	Initialyzed swapped data for i = 137, j = 265 sucessfully passed !
	Initialyzed swapped data for i = 137, j = 266 sucessfully passed !
	Initialyzed swapped data for i = 137, j = 267 sucessfully passed !
	Initialyzed swapped data for i = 137, j = 268 sucessfully passed !
	Initialyzed swapped data for i = 137, j = 269 sucessfully passed !
	Initialyzed swapped data for i = 137, j = 270 sucessfully passed !
	Initialyzed swapped data for i = 137, j = 271 sucessfully passed !
	Initialyzed swapped data for i = 137, j = 272 sucessfully passed !
	Initialyzed swapped data for i = 137, j = 273 sucessfully passed !
	Initialyzed swapped data for i = 137, j = 274 sucessfully passed !
	Initialyzed swapped data for i = 137, j = 275 sucessfully passed !
	Initialyzed swapped data for i = 137, j = 276 sucessfully passed !
	Initialyzed swapped data for i = 137, j = 277 sucessfully passed !
	Initialyzed swapped data for i = 137, j = 278 sucessfully passed !
	Initialyzed swapped data for i = 137, j = 279 sucessfully passed !
	Initialyzed swapped data for i = 137, j = 280 sucessfully passed !
	Initialyzed swapped data for i = 137, j = 281 sucessfully passed !
	Initialyzed swapped data for i = 137, j = 282 sucessfully passed !
	Initialyzed swapped data for i = 137, j = 283 sucessfully passed !
	Initialyzed swapped data for i = 137, j = 284 sucessfully passed !
	Initialyzed swapped data for i = 137, j = 285 sucessfully passed !
	Initialyzed swapped data for i = 137, j = 286 sucessfully passed !
	Initialyzed swapped data for i = 137, j = 287 sucessfully passed !
	Initialyzed swapped data for i = 137, j = 288 sucessfully passed !
	Initialyzed swapped data for i = 137, j = 289 sucessfully passed !
	Initialyzed swapped data for i = 137, j = 290 sucessfully passed !
	Initialyzed swapped data for i = 137, j = 291 sucessfully passed !
	Initialyzed swapped data for i = 137, j = 292 sucessfully passed !
	Initialyzed swapped data for i = 137, j = 293 sucessfully passed !
	Initialyzed swapped data for i = 137, j = 294 sucessfully passed !
	Initialyzed swapped data for i = 137, j = 295 sucessfully passed !
	Initialyzed swapped data for i = 137, j = 296 sucessfully passed !
	Initialyzed swapped data for i = 137, j = 297 sucessfully passed !
	Initialyzed swapped data for i = 137, j = 298 sucessfully passed !
	Initialyzed swapped data for i = 137, j = 299 sucessfully passed !
	Initialyzed swapped data for i = 137, j = 300 sucessfully passed !
	Initialyzed swapped data for i = 137, j = 301 sucessfully passed !
	Initialyzed swapped data for i = 137, j = 302 sucessfully passed !
	Initialyzed swapped data for i = 137, j = 303 sucessfully passed !
	Initialyzed swapped data for i = 137, j = 304 sucessfully passed !
	Initialyzed swapped data for i = 137, j = 305 sucessfully passed !
	Initialyzed swapped data for i = 137, j = 306 sucessfully passed !
	Initialyzed swapped data for i = 137, j = 307 sucessfully passed !
	Initialyzed swapped data for i = 137, j = 308 sucessfully passed !
	Initialyzed swapped data for i = 137, j = 309 sucessfully passed !
	Initialyzed swapped data for i = 137, j = 310 sucessfully passed !
	Initialyzed swapped data for i = 137, j = 311 sucessfully passed !
	Initialyzed swapped data for i = 137, j = 312 sucessfully passed !
	Initialyzed swapped data for i = 137, j = 313 sucessfully passed !
	Initialyzed swapped data for i = 137, j = 314 sucessfully passed !
	Initialyzed swapped data for i = 137, j = 315 sucessfully passed !
	Initialyzed swapped data for i = 137, j = 316 sucessfully passed !
	Initialyzed swapped data for i = 137, j = 317 sucessfully passed !
	Initialyzed swapped data for i = 137, j = 318 sucessfully passed !
	Initialyzed swapped data for i = 137, j = 319 sucessfully passed !
	Initialyzed swapped data for i = 137, j = 320 sucessfully passed !
	Initialyzed swapped data for i = 137, j = 321 sucessfully passed !
	Initialyzed swapped data for i = 137, j = 322 sucessfully passed !
	Initialyzed swapped data for i = 137, j = 323 sucessfully passed !
	Initialyzed swapped data for i = 137, j = 324 sucessfully passed !
	Initialyzed swapped data for i = 137, j = 325 sucessfully passed !
	Initialyzed swapped data for i = 137, j = 326 sucessfully passed !
	Initialyzed swapped data for i = 137, j = 327 sucessfully passed !
	Initialyzed swapped data for i = 137, j = 328 sucessfully passed !
	Initialyzed swapped data for i = 137, j = 329 sucessfully passed !
	Initialyzed swapped data for i = 137, j = 330 sucessfully passed !
	Initialyzed swapped data for i = 137, j = 331 sucessfully passed !
	Initialyzed swapped data for i = 137, j = 332 sucessfully passed !
	Initialyzed swapped data for i = 137, j = 333 sucessfully passed !
	Initialyzed swapped data for i = 137, j = 334 sucessfully passed !
	Initialyzed swapped data for i = 137, j = 335 sucessfully passed !
	Initialyzed swapped data for i = 137, j = 336 sucessfully passed !
	Initialyzed swapped data for i = 137, j = 337 sucessfully passed !
	Initialyzed swapped data for i = 137, j = 338 sucessfully passed !
	Initialyzed swapped data for i = 137, j = 339 sucessfully passed !
	Initialyzed swapped data for i = 137, j = 340 sucessfully passed !
	Initialyzed swapped data for i = 137, j = 341 sucessfully passed !
	Initialyzed swapped data for i = 137, j = 342 sucessfully passed !
	Initialyzed swapped data for i = 137, j = 343 sucessfully passed !
	Initialyzed swapped data for i = 137, j = 344 sucessfully passed !
	Initialyzed swapped data for i = 137, j = 345 sucessfully passed !
	Initialyzed swapped data for i = 137, j = 346 sucessfully passed !
	Initialyzed swapped data for i = 137, j = 347 sucessfully passed !
	Initialyzed swapped data for i = 137, j = 348 sucessfully passed !
	Initialyzed swapped data for i = 137, j = 349 sucessfully passed !
	Initialyzed swapped data for i = 137, j = 350 sucessfully passed !
	Initialyzed swapped data for i = 137, j = 351 sucessfully passed !
	Initialyzed swapped data for i = 137, j = 352 sucessfully passed !
	Initialyzed swapped data for i = 137, j = 353 sucessfully passed !
	Initialyzed swapped data for i = 137, j = 354 sucessfully passed !
	Initialyzed swapped data for i = 137, j = 355 sucessfully passed !
	Initialyzed swapped data for i = 137, j = 356 sucessfully passed !
	Initialyzed swapped data for i = 137, j = 357 sucessfully passed !
	Initialyzed swapped data for i = 137, j = 358 sucessfully passed !
	Initialyzed swapped data for i = 137, j = 359 sucessfully passed !
	Initialyzed swapped data for i = 137, j = 360 sucessfully passed !
	Initialyzed swapped data for i = 137, j = 361 sucessfully passed !
	Initialyzed swapped data for i = 137, j = 362 sucessfully passed !
	Initialyzed swapped data for i = 137, j = 363 sucessfully passed !
	Initialyzed swapped data for i = 137, j = 364 sucessfully passed !
	Initialyzed swapped data for i = 137, j = 365 sucessfully passed !
	Initialyzed swapped data for i = 137, j = 366 sucessfully passed !
	Initialyzed swapped data for i = 137, j = 367 sucessfully passed !
	Initialyzed swapped data for i = 137, j = 368 sucessfully passed !
	Initialyzed swapped data for i = 137, j = 369 sucessfully passed !
	Initialyzed swapped data for i = 137, j = 370 sucessfully passed !
	Initialyzed swapped data for i = 137, j = 371 sucessfully passed !
	Initialyzed swapped data for i = 137, j = 372 sucessfully passed !
	Initialyzed swapped data for i = 137, j = 373 sucessfully passed !
	Initialyzed swapped data for i = 137, j = 374 sucessfully passed !
	Initialyzed swapped data for i = 137, j = 375 sucessfully passed !
	Initialyzed swapped data for i = 137, j = 376 sucessfully passed !
	Initialyzed swapped data for i = 137, j = 377 sucessfully passed !
	Initialyzed swapped data for i = 137, j = 378 sucessfully passed !
	Initialyzed swapped data for i = 137, j = 379 sucessfully passed !
	Initialyzed swapped data for i = 137, j = 380 sucessfully passed !
	Initialyzed swapped data for i = 137, j = 381 sucessfully passed !
	Initialyzed swapped data for i = 137, j = 382 sucessfully passed !
	Initialyzed swapped data for i = 137, j = 383 sucessfully passed !
	Initialyzed swapped data for i = 137, j = 384 sucessfully passed !
	Initialyzed swapped data for i = 137, j = 385 sucessfully passed !
	Initialyzed swapped data for i = 137, j = 386 sucessfully passed !
	Initialyzed swapped data for i = 137, j = 387 sucessfully passed !
	Initialyzed swapped data for i = 137, j = 388 sucessfully passed !
	Initialyzed swapped data for i = 137, j = 389 sucessfully passed !
	Initialyzed swapped data for i = 137, j = 390 sucessfully passed !
	Initialyzed swapped data for i = 137, j = 391 sucessfully passed !
	Initialyzed swapped data for i = 137, j = 392 sucessfully passed !
	Initialyzed swapped data for i = 137, j = 393 sucessfully passed !
	Initialyzed swapped data for i = 137, j = 394 sucessfully passed !
	Initialyzed swapped data for i = 137, j = 395 sucessfully passed !
	Initialyzed swapped data for i = 137, j = 396 sucessfully passed !
	Initialyzed swapped data for i = 137, j = 397 sucessfully passed !
	Initialyzed swapped data for i = 137, j = 398 sucessfully passed !
	Initialyzed swapped data for i = 137, j = 399 sucessfully passed !
	Initialyzed swapped data for i = 137, j = 400 sucessfully passed !
	Initialyzed swapped data for i = 137, j = 401 sucessfully passed !
	Initialyzed swapped data for i = 137, j = 402 sucessfully passed !
	Initialyzed swapped data for i = 137, j = 403 sucessfully passed !
	Initialyzed swapped data for i = 137, j = 404 sucessfully passed !
	Initialyzed swapped data for i = 137, j = 405 sucessfully passed !
	Initialyzed swapped data for i = 137, j = 406 sucessfully passed !
	Initialyzed swapped data for i = 137, j = 407 sucessfully passed !
	Initialyzed swapped data for i = 137, j = 408 sucessfully passed !
	Initialyzed swapped data for i = 137, j = 409 sucessfully passed !
	Initialyzed swapped data for i = 137, j = 410 sucessfully passed !
	Initialyzed swapped data for i = 137, j = 411 sucessfully passed !
	Initialyzed swapped data for i = 137, j = 412 sucessfully passed !
	Initialyzed swapped data for i = 137, j = 413 sucessfully passed !
	Initialyzed swapped data for i = 137, j = 414 sucessfully passed !
	Initialyzed swapped data for i = 137, j = 415 sucessfully passed !
	Initialyzed swapped data for i = 137, j = 416 sucessfully passed !
	Initialyzed swapped data for i = 137, j = 417 sucessfully passed !
	Initialyzed swapped data for i = 137, j = 418 sucessfully passed !
	Initialyzed swapped data for i = 137, j = 419 sucessfully passed !
	Initialyzed swapped data for i = 137, j = 420 sucessfully passed !
	Initialyzed swapped data for i = 137, j = 421 sucessfully passed !
	Initialyzed swapped data for i = 137, j = 422 sucessfully passed !
	Initialyzed swapped data for i = 137, j = 423 sucessfully passed !
	Initialyzed swapped data for i = 137, j = 424 sucessfully passed !
	Initialyzed swapped data for i = 137, j = 425 sucessfully passed !
	Initialyzed swapped data for i = 137, j = 426 sucessfully passed !
	Initialyzed swapped data for i = 137, j = 427 sucessfully passed !
	Initialyzed swapped data for i = 137, j = 428 sucessfully passed !
	Initialyzed swapped data for i = 137, j = 429 sucessfully passed !
	Initialyzed swapped data for i = 137, j = 430 sucessfully passed !
	Initialyzed swapped data for i = 137, j = 431 sucessfully passed !
	Initialyzed swapped data for i = 137, j = 432 sucessfully passed !
	Initialyzed swapped data for i = 137, j = 433 sucessfully passed !
	Initialyzed swapped data for i = 138, j = 139 sucessfully passed !
	Initialyzed swapped data for i = 138, j = 140 sucessfully passed !
	Initialyzed swapped data for i = 138, j = 141 sucessfully passed !
	Initialyzed swapped data for i = 138, j = 142 sucessfully passed !
	Initialyzed swapped data for i = 138, j = 143 sucessfully passed !
	Initialyzed swapped data for i = 138, j = 144 sucessfully passed !
	Initialyzed swapped data for i = 138, j = 145 sucessfully passed !
	Initialyzed swapped data for i = 138, j = 146 sucessfully passed !
	Initialyzed swapped data for i = 138, j = 147 sucessfully passed !
	Initialyzed swapped data for i = 138, j = 148 sucessfully passed !
	Initialyzed swapped data for i = 138, j = 149 sucessfully passed !
	Initialyzed swapped data for i = 138, j = 150 sucessfully passed !
	Initialyzed swapped data for i = 138, j = 151 sucessfully passed !
	Initialyzed swapped data for i = 138, j = 152 sucessfully passed !
	Initialyzed swapped data for i = 138, j = 153 sucessfully passed !
	Initialyzed swapped data for i = 138, j = 154 sucessfully passed !
	Initialyzed swapped data for i = 138, j = 155 sucessfully passed !
	Initialyzed swapped data for i = 138, j = 156 sucessfully passed !
	Initialyzed swapped data for i = 138, j = 157 sucessfully passed !
	Initialyzed swapped data for i = 138, j = 158 sucessfully passed !
	Initialyzed swapped data for i = 138, j = 159 sucessfully passed !
	Initialyzed swapped data for i = 138, j = 160 sucessfully passed !
	Initialyzed swapped data for i = 138, j = 161 sucessfully passed !
	Initialyzed swapped data for i = 138, j = 162 sucessfully passed !
	Initialyzed swapped data for i = 138, j = 163 sucessfully passed !
	Initialyzed swapped data for i = 138, j = 164 sucessfully passed !
	Initialyzed swapped data for i = 138, j = 165 sucessfully passed !
	Initialyzed swapped data for i = 138, j = 166 sucessfully passed !
	Initialyzed swapped data for i = 138, j = 167 sucessfully passed !
	Initialyzed swapped data for i = 138, j = 168 sucessfully passed !
	Initialyzed swapped data for i = 138, j = 169 sucessfully passed !
	Initialyzed swapped data for i = 138, j = 170 sucessfully passed !
	Initialyzed swapped data for i = 138, j = 171 sucessfully passed !
	Initialyzed swapped data for i = 138, j = 172 sucessfully passed !
	Initialyzed swapped data for i = 138, j = 173 sucessfully passed !
	Initialyzed swapped data for i = 138, j = 174 sucessfully passed !
	Initialyzed swapped data for i = 138, j = 175 sucessfully passed !
	Initialyzed swapped data for i = 138, j = 176 sucessfully passed !
	Initialyzed swapped data for i = 138, j = 177 sucessfully passed !
	Initialyzed swapped data for i = 138, j = 178 sucessfully passed !
	Initialyzed swapped data for i = 138, j = 179 sucessfully passed !
	Initialyzed swapped data for i = 138, j = 180 sucessfully passed !
	Initialyzed swapped data for i = 138, j = 181 sucessfully passed !
	Initialyzed swapped data for i = 138, j = 182 sucessfully passed !
	Initialyzed swapped data for i = 138, j = 183 sucessfully passed !
	Initialyzed swapped data for i = 138, j = 184 sucessfully passed !
	Initialyzed swapped data for i = 138, j = 185 sucessfully passed !
	Initialyzed swapped data for i = 138, j = 186 sucessfully passed !
	Initialyzed swapped data for i = 138, j = 187 sucessfully passed !
	Initialyzed swapped data for i = 138, j = 188 sucessfully passed !
	Initialyzed swapped data for i = 138, j = 189 sucessfully passed !
	Initialyzed swapped data for i = 138, j = 190 sucessfully passed !
	Initialyzed swapped data for i = 138, j = 191 sucessfully passed !
	Initialyzed swapped data for i = 138, j = 192 sucessfully passed !
	Initialyzed swapped data for i = 138, j = 193 sucessfully passed !
	Initialyzed swapped data for i = 138, j = 194 sucessfully passed !
	Initialyzed swapped data for i = 138, j = 195 sucessfully passed !
	Initialyzed swapped data for i = 138, j = 196 sucessfully passed !
	Initialyzed swapped data for i = 138, j = 197 sucessfully passed !
	Initialyzed swapped data for i = 138, j = 198 sucessfully passed !
	Initialyzed swapped data for i = 138, j = 199 sucessfully passed !
	Initialyzed swapped data for i = 138, j = 200 sucessfully passed !
	Initialyzed swapped data for i = 138, j = 201 sucessfully passed !
	Initialyzed swapped data for i = 138, j = 202 sucessfully passed !
	Initialyzed swapped data for i = 138, j = 203 sucessfully passed !
	Initialyzed swapped data for i = 138, j = 204 sucessfully passed !
	Initialyzed swapped data for i = 138, j = 205 sucessfully passed !
	Initialyzed swapped data for i = 138, j = 206 sucessfully passed !
	Initialyzed swapped data for i = 138, j = 207 sucessfully passed !
	Initialyzed swapped data for i = 138, j = 208 sucessfully passed !
	Initialyzed swapped data for i = 138, j = 209 sucessfully passed !
	Initialyzed swapped data for i = 138, j = 210 sucessfully passed !
	Initialyzed swapped data for i = 138, j = 211 sucessfully passed !
	Initialyzed swapped data for i = 138, j = 212 sucessfully passed !
	Initialyzed swapped data for i = 138, j = 213 sucessfully passed !
	Initialyzed swapped data for i = 138, j = 214 sucessfully passed !
	Initialyzed swapped data for i = 138, j = 215 sucessfully passed !
	Initialyzed swapped data for i = 138, j = 216 sucessfully passed !
	Initialyzed swapped data for i = 138, j = 217 sucessfully passed !
	Initialyzed swapped data for i = 138, j = 218 sucessfully passed !
	Initialyzed swapped data for i = 138, j = 219 sucessfully passed !
	Initialyzed swapped data for i = 138, j = 220 sucessfully passed !
	Initialyzed swapped data for i = 138, j = 221 sucessfully passed !
	Initialyzed swapped data for i = 138, j = 222 sucessfully passed !
	Initialyzed swapped data for i = 138, j = 223 sucessfully passed !
	Initialyzed swapped data for i = 138, j = 224 sucessfully passed !
	Initialyzed swapped data for i = 138, j = 225 sucessfully passed !
	Initialyzed swapped data for i = 138, j = 226 sucessfully passed !
	Initialyzed swapped data for i = 138, j = 227 sucessfully passed !
	Initialyzed swapped data for i = 138, j = 228 sucessfully passed !
	Initialyzed swapped data for i = 138, j = 229 sucessfully passed !
	Initialyzed swapped data for i = 138, j = 230 sucessfully passed !
	Initialyzed swapped data for i = 138, j = 231 sucessfully passed !
	Initialyzed swapped data for i = 138, j = 232 sucessfully passed !
	Initialyzed swapped data for i = 138, j = 233 sucessfully passed !
	Initialyzed swapped data for i = 138, j = 234 sucessfully passed !
	Initialyzed swapped data for i = 138, j = 235 sucessfully passed !
	Initialyzed swapped data for i = 138, j = 236 sucessfully passed !
	Initialyzed swapped data for i = 138, j = 237 sucessfully passed !
	Initialyzed swapped data for i = 138, j = 238 sucessfully passed !
	Initialyzed swapped data for i = 138, j = 239 sucessfully passed !
	Initialyzed swapped data for i = 138, j = 240 sucessfully passed !
	Initialyzed swapped data for i = 138, j = 241 sucessfully passed !
	Initialyzed swapped data for i = 138, j = 242 sucessfully passed !
	Initialyzed swapped data for i = 138, j = 243 sucessfully passed !
	Initialyzed swapped data for i = 138, j = 244 sucessfully passed !
	Initialyzed swapped data for i = 138, j = 245 sucessfully passed !
	Initialyzed swapped data for i = 138, j = 246 sucessfully passed !
	Initialyzed swapped data for i = 138, j = 247 sucessfully passed !
	Initialyzed swapped data for i = 138, j = 248 sucessfully passed !
	Initialyzed swapped data for i = 138, j = 249 sucessfully passed !
	Initialyzed swapped data for i = 138, j = 250 sucessfully passed !
	Initialyzed swapped data for i = 138, j = 251 sucessfully passed !
	Initialyzed swapped data for i = 138, j = 252 sucessfully passed !
	Initialyzed swapped data for i = 138, j = 253 sucessfully passed !
	Initialyzed swapped data for i = 138, j = 254 sucessfully passed !
	Initialyzed swapped data for i = 138, j = 255 sucessfully passed !
	Initialyzed swapped data for i = 138, j = 256 sucessfully passed !
	Initialyzed swapped data for i = 138, j = 257 sucessfully passed !
	Initialyzed swapped data for i = 138, j = 258 sucessfully passed !
	Initialyzed swapped data for i = 138, j = 259 sucessfully passed !
	Initialyzed swapped data for i = 138, j = 260 sucessfully passed !
	Initialyzed swapped data for i = 138, j = 261 sucessfully passed !
	Initialyzed swapped data for i = 138, j = 262 sucessfully passed !
	Initialyzed swapped data for i = 138, j = 263 sucessfully passed !
	Initialyzed swapped data for i = 138, j = 264 sucessfully passed !
	Initialyzed swapped data for i = 138, j = 265 sucessfully passed !
	Initialyzed swapped data for i = 138, j = 266 sucessfully passed !
	Initialyzed swapped data for i = 138, j = 267 sucessfully passed !
	Initialyzed swapped data for i = 138, j = 268 sucessfully passed !
	Initialyzed swapped data for i = 138, j = 269 sucessfully passed !
	Initialyzed swapped data for i = 138, j = 270 sucessfully passed !
	Initialyzed swapped data for i = 138, j = 271 sucessfully passed !
	Initialyzed swapped data for i = 138, j = 272 sucessfully passed !
	Initialyzed swapped data for i = 138, j = 273 sucessfully passed !
	Initialyzed swapped data for i = 138, j = 274 sucessfully passed !
	Initialyzed swapped data for i = 138, j = 275 sucessfully passed !
	Initialyzed swapped data for i = 138, j = 276 sucessfully passed !
	Initialyzed swapped data for i = 138, j = 277 sucessfully passed !
	Initialyzed swapped data for i = 138, j = 278 sucessfully passed !
	Initialyzed swapped data for i = 138, j = 279 sucessfully passed !
	Initialyzed swapped data for i = 138, j = 280 sucessfully passed !
	Initialyzed swapped data for i = 138, j = 281 sucessfully passed !
	Initialyzed swapped data for i = 138, j = 282 sucessfully passed !
	Initialyzed swapped data for i = 138, j = 283 sucessfully passed !
	Initialyzed swapped data for i = 138, j = 284 sucessfully passed !
	Initialyzed swapped data for i = 138, j = 285 sucessfully passed !
	Initialyzed swapped data for i = 138, j = 286 sucessfully passed !
	Initialyzed swapped data for i = 138, j = 287 sucessfully passed !
	Initialyzed swapped data for i = 138, j = 288 sucessfully passed !
	Initialyzed swapped data for i = 138, j = 289 sucessfully passed !
	Initialyzed swapped data for i = 138, j = 290 sucessfully passed !
	Initialyzed swapped data for i = 138, j = 291 sucessfully passed !
	Initialyzed swapped data for i = 138, j = 292 sucessfully passed !
	Initialyzed swapped data for i = 138, j = 293 sucessfully passed !
	Initialyzed swapped data for i = 138, j = 294 sucessfully passed !
	Initialyzed swapped data for i = 138, j = 295 sucessfully passed !
	Initialyzed swapped data for i = 138, j = 296 sucessfully passed !
	Initialyzed swapped data for i = 138, j = 297 sucessfully passed !
	Initialyzed swapped data for i = 138, j = 298 sucessfully passed !
	Initialyzed swapped data for i = 138, j = 299 sucessfully passed !
	Initialyzed swapped data for i = 138, j = 300 sucessfully passed !
	Initialyzed swapped data for i = 138, j = 301 sucessfully passed !
	Initialyzed swapped data for i = 138, j = 302 sucessfully passed !
	Initialyzed swapped data for i = 138, j = 303 sucessfully passed !
	Initialyzed swapped data for i = 138, j = 304 sucessfully passed !
	Initialyzed swapped data for i = 138, j = 305 sucessfully passed !
	Initialyzed swapped data for i = 138, j = 306 sucessfully passed !
	Initialyzed swapped data for i = 138, j = 307 sucessfully passed !
	Initialyzed swapped data for i = 138, j = 308 sucessfully passed !
	Initialyzed swapped data for i = 138, j = 309 sucessfully passed !
	Initialyzed swapped data for i = 138, j = 310 sucessfully passed !
	Initialyzed swapped data for i = 138, j = 311 sucessfully passed !
	Initialyzed swapped data for i = 138, j = 312 sucessfully passed !
	Initialyzed swapped data for i = 138, j = 313 sucessfully passed !
	Initialyzed swapped data for i = 138, j = 314 sucessfully passed !
	Initialyzed swapped data for i = 138, j = 315 sucessfully passed !
	Initialyzed swapped data for i = 138, j = 316 sucessfully passed !
	Initialyzed swapped data for i = 138, j = 317 sucessfully passed !
	Initialyzed swapped data for i = 138, j = 318 sucessfully passed !
	Initialyzed swapped data for i = 138, j = 319 sucessfully passed !
	Initialyzed swapped data for i = 138, j = 320 sucessfully passed !
	Initialyzed swapped data for i = 138, j = 321 sucessfully passed !
	Initialyzed swapped data for i = 138, j = 322 sucessfully passed !
	Initialyzed swapped data for i = 138, j = 323 sucessfully passed !
	Initialyzed swapped data for i = 138, j = 324 sucessfully passed !
	Initialyzed swapped data for i = 138, j = 325 sucessfully passed !
	Initialyzed swapped data for i = 138, j = 326 sucessfully passed !
	Initialyzed swapped data for i = 138, j = 327 sucessfully passed !
	Initialyzed swapped data for i = 138, j = 328 sucessfully passed !
	Initialyzed swapped data for i = 138, j = 329 sucessfully passed !
	Initialyzed swapped data for i = 138, j = 330 sucessfully passed !
	Initialyzed swapped data for i = 138, j = 331 sucessfully passed !
	Initialyzed swapped data for i = 138, j = 332 sucessfully passed !
	Initialyzed swapped data for i = 138, j = 333 sucessfully passed !
	Initialyzed swapped data for i = 138, j = 334 sucessfully passed !
	Initialyzed swapped data for i = 138, j = 335 sucessfully passed !
	Initialyzed swapped data for i = 138, j = 336 sucessfully passed !
	Initialyzed swapped data for i = 138, j = 337 sucessfully passed !
	Initialyzed swapped data for i = 138, j = 338 sucessfully passed !
	Initialyzed swapped data for i = 138, j = 339 sucessfully passed !
	Initialyzed swapped data for i = 138, j = 340 sucessfully passed !
	Initialyzed swapped data for i = 138, j = 341 sucessfully passed !
	Initialyzed swapped data for i = 138, j = 342 sucessfully passed !
	Initialyzed swapped data for i = 138, j = 343 sucessfully passed !
	Initialyzed swapped data for i = 138, j = 344 sucessfully passed !
	Initialyzed swapped data for i = 138, j = 345 sucessfully passed !
	Initialyzed swapped data for i = 138, j = 346 sucessfully passed !
	Initialyzed swapped data for i = 138, j = 347 sucessfully passed !
	Initialyzed swapped data for i = 138, j = 348 sucessfully passed !
	Initialyzed swapped data for i = 138, j = 349 sucessfully passed !
	Initialyzed swapped data for i = 138, j = 350 sucessfully passed !
	Initialyzed swapped data for i = 138, j = 351 sucessfully passed !
	Initialyzed swapped data for i = 138, j = 352 sucessfully passed !
	Initialyzed swapped data for i = 138, j = 353 sucessfully passed !
	Initialyzed swapped data for i = 138, j = 354 sucessfully passed !
	Initialyzed swapped data for i = 138, j = 355 sucessfully passed !
	Initialyzed swapped data for i = 138, j = 356 sucessfully passed !
	Initialyzed swapped data for i = 138, j = 357 sucessfully passed !
	Initialyzed swapped data for i = 138, j = 358 sucessfully passed !
	Initialyzed swapped data for i = 138, j = 359 sucessfully passed !
	Initialyzed swapped data for i = 138, j = 360 sucessfully passed !
	Initialyzed swapped data for i = 138, j = 361 sucessfully passed !
	Initialyzed swapped data for i = 138, j = 362 sucessfully passed !
	Initialyzed swapped data for i = 138, j = 363 sucessfully passed !
	Initialyzed swapped data for i = 138, j = 364 sucessfully passed !
	Initialyzed swapped data for i = 138, j = 365 sucessfully passed !
	Initialyzed swapped data for i = 138, j = 366 sucessfully passed !
	Initialyzed swapped data for i = 138, j = 367 sucessfully passed !
	Initialyzed swapped data for i = 138, j = 368 sucessfully passed !
	Initialyzed swapped data for i = 138, j = 369 sucessfully passed !
	Initialyzed swapped data for i = 138, j = 370 sucessfully passed !
	Initialyzed swapped data for i = 138, j = 371 sucessfully passed !
	Initialyzed swapped data for i = 138, j = 372 sucessfully passed !
	Initialyzed swapped data for i = 138, j = 373 sucessfully passed !
	Initialyzed swapped data for i = 138, j = 374 sucessfully passed !
	Initialyzed swapped data for i = 138, j = 375 sucessfully passed !
	Initialyzed swapped data for i = 138, j = 376 sucessfully passed !
	Initialyzed swapped data for i = 138, j = 377 sucessfully passed !
	Initialyzed swapped data for i = 138, j = 378 sucessfully passed !
	Initialyzed swapped data for i = 138, j = 379 sucessfully passed !
	Initialyzed swapped data for i = 138, j = 380 sucessfully passed !
	Initialyzed swapped data for i = 138, j = 381 sucessfully passed !
	Initialyzed swapped data for i = 138, j = 382 sucessfully passed !
	Initialyzed swapped data for i = 138, j = 383 sucessfully passed !
	Initialyzed swapped data for i = 138, j = 384 sucessfully passed !
	Initialyzed swapped data for i = 138, j = 385 sucessfully passed !
	Initialyzed swapped data for i = 138, j = 386 sucessfully passed !
	Initialyzed swapped data for i = 138, j = 387 sucessfully passed !
	Initialyzed swapped data for i = 138, j = 388 sucessfully passed !
	Initialyzed swapped data for i = 138, j = 389 sucessfully passed !
	Initialyzed swapped data for i = 138, j = 390 sucessfully passed !
	Initialyzed swapped data for i = 138, j = 391 sucessfully passed !
	Initialyzed swapped data for i = 138, j = 392 sucessfully passed !
	Initialyzed swapped data for i = 138, j = 393 sucessfully passed !
	Initialyzed swapped data for i = 138, j = 394 sucessfully passed !
	Initialyzed swapped data for i = 138, j = 395 sucessfully passed !
	Initialyzed swapped data for i = 138, j = 396 sucessfully passed !
	Initialyzed swapped data for i = 138, j = 397 sucessfully passed !
	Initialyzed swapped data for i = 138, j = 398 sucessfully passed !
	Initialyzed swapped data for i = 138, j = 399 sucessfully passed !
	Initialyzed swapped data for i = 138, j = 400 sucessfully passed !
	Initialyzed swapped data for i = 138, j = 401 sucessfully passed !
	Initialyzed swapped data for i = 138, j = 402 sucessfully passed !
	Initialyzed swapped data for i = 138, j = 403 sucessfully passed !
	Initialyzed swapped data for i = 138, j = 404 sucessfully passed !
	Initialyzed swapped data for i = 138, j = 405 sucessfully passed !
	Initialyzed swapped data for i = 138, j = 406 sucessfully passed !
	Initialyzed swapped data for i = 138, j = 407 sucessfully passed !
	Initialyzed swapped data for i = 138, j = 408 sucessfully passed !
	Initialyzed swapped data for i = 138, j = 409 sucessfully passed !
	Initialyzed swapped data for i = 138, j = 410 sucessfully passed !
	Initialyzed swapped data for i = 138, j = 411 sucessfully passed !
	Initialyzed swapped data for i = 138, j = 412 sucessfully passed !
	Initialyzed swapped data for i = 138, j = 413 sucessfully passed !
	Initialyzed swapped data for i = 138, j = 414 sucessfully passed !
	Initialyzed swapped data for i = 138, j = 415 sucessfully passed !
	Initialyzed swapped data for i = 138, j = 416 sucessfully passed !
	Initialyzed swapped data for i = 138, j = 417 sucessfully passed !
	Initialyzed swapped data for i = 138, j = 418 sucessfully passed !
	Initialyzed swapped data for i = 138, j = 419 sucessfully passed !
	Initialyzed swapped data for i = 138, j = 420 sucessfully passed !
	Initialyzed swapped data for i = 138, j = 421 sucessfully passed !
	Initialyzed swapped data for i = 138, j = 422 sucessfully passed !
	Initialyzed swapped data for i = 138, j = 423 sucessfully passed !
	Initialyzed swapped data for i = 138, j = 424 sucessfully passed !
	Initialyzed swapped data for i = 138, j = 425 sucessfully passed !
	Initialyzed swapped data for i = 138, j = 426 sucessfully passed !
	Initialyzed swapped data for i = 138, j = 427 sucessfully passed !
	Initialyzed swapped data for i = 138, j = 428 sucessfully passed !
	Initialyzed swapped data for i = 138, j = 429 sucessfully passed !
	Initialyzed swapped data for i = 138, j = 430 sucessfully passed !
	Initialyzed swapped data for i = 138, j = 431 sucessfully passed !
	Initialyzed swapped data for i = 138, j = 432 sucessfully passed !
	Initialyzed swapped data for i = 138, j = 433 sucessfully passed !
	Initialyzed swapped data for i = 139, j = 140 sucessfully passed !
	Initialyzed swapped data for i = 139, j = 141 sucessfully passed !
	Initialyzed swapped data for i = 139, j = 142 sucessfully passed !
	Initialyzed swapped data for i = 139, j = 143 sucessfully passed !
	Initialyzed swapped data for i = 139, j = 144 sucessfully passed !
	Initialyzed swapped data for i = 139, j = 145 sucessfully passed !
	Initialyzed swapped data for i = 139, j = 146 sucessfully passed !
	Initialyzed swapped data for i = 139, j = 147 sucessfully passed !
	Initialyzed swapped data for i = 139, j = 148 sucessfully passed !
	Initialyzed swapped data for i = 139, j = 149 sucessfully passed !
	Initialyzed swapped data for i = 139, j = 150 sucessfully passed !
	Initialyzed swapped data for i = 139, j = 151 sucessfully passed !
	Initialyzed swapped data for i = 139, j = 152 sucessfully passed !
	Initialyzed swapped data for i = 139, j = 153 sucessfully passed !
	Initialyzed swapped data for i = 139, j = 154 sucessfully passed !
	Initialyzed swapped data for i = 139, j = 155 sucessfully passed !
	Initialyzed swapped data for i = 139, j = 156 sucessfully passed !
	Initialyzed swapped data for i = 139, j = 157 sucessfully passed !
	Initialyzed swapped data for i = 139, j = 158 sucessfully passed !
	Initialyzed swapped data for i = 139, j = 159 sucessfully passed !
	Initialyzed swapped data for i = 139, j = 160 sucessfully passed !
	Initialyzed swapped data for i = 139, j = 161 sucessfully passed !
	Initialyzed swapped data for i = 139, j = 162 sucessfully passed !
	Initialyzed swapped data for i = 139, j = 163 sucessfully passed !
	Initialyzed swapped data for i = 139, j = 164 sucessfully passed !
	Initialyzed swapped data for i = 139, j = 165 sucessfully passed !
	Initialyzed swapped data for i = 139, j = 166 sucessfully passed !
	Initialyzed swapped data for i = 139, j = 167 sucessfully passed !
	Initialyzed swapped data for i = 139, j = 168 sucessfully passed !
	Initialyzed swapped data for i = 139, j = 169 sucessfully passed !
	Initialyzed swapped data for i = 139, j = 170 sucessfully passed !
	Initialyzed swapped data for i = 139, j = 171 sucessfully passed !
	Initialyzed swapped data for i = 139, j = 172 sucessfully passed !
	Initialyzed swapped data for i = 139, j = 173 sucessfully passed !
	Initialyzed swapped data for i = 139, j = 174 sucessfully passed !
	Initialyzed swapped data for i = 139, j = 175 sucessfully passed !
	Initialyzed swapped data for i = 139, j = 176 sucessfully passed !
	Initialyzed swapped data for i = 139, j = 177 sucessfully passed !
	Initialyzed swapped data for i = 139, j = 178 sucessfully passed !
	Initialyzed swapped data for i = 139, j = 179 sucessfully passed !
	Initialyzed swapped data for i = 139, j = 180 sucessfully passed !
	Initialyzed swapped data for i = 139, j = 181 sucessfully passed !
	Initialyzed swapped data for i = 139, j = 182 sucessfully passed !
	Initialyzed swapped data for i = 139, j = 183 sucessfully passed !
	Initialyzed swapped data for i = 139, j = 184 sucessfully passed !
	Initialyzed swapped data for i = 139, j = 185 sucessfully passed !
	Initialyzed swapped data for i = 139, j = 186 sucessfully passed !
	Initialyzed swapped data for i = 139, j = 187 sucessfully passed !
	Initialyzed swapped data for i = 139, j = 188 sucessfully passed !
	Initialyzed swapped data for i = 139, j = 189 sucessfully passed !
	Initialyzed swapped data for i = 139, j = 190 sucessfully passed !
	Initialyzed swapped data for i = 139, j = 191 sucessfully passed !
	Initialyzed swapped data for i = 139, j = 192 sucessfully passed !
	Initialyzed swapped data for i = 139, j = 193 sucessfully passed !
	Initialyzed swapped data for i = 139, j = 194 sucessfully passed !
	Initialyzed swapped data for i = 139, j = 195 sucessfully passed !
	Initialyzed swapped data for i = 139, j = 196 sucessfully passed !
	Initialyzed swapped data for i = 139, j = 197 sucessfully passed !
	Initialyzed swapped data for i = 139, j = 198 sucessfully passed !
	Initialyzed swapped data for i = 139, j = 199 sucessfully passed !
	Initialyzed swapped data for i = 139, j = 200 sucessfully passed !
	Initialyzed swapped data for i = 139, j = 201 sucessfully passed !
	Initialyzed swapped data for i = 139, j = 202 sucessfully passed !
	Initialyzed swapped data for i = 139, j = 203 sucessfully passed !
	Initialyzed swapped data for i = 139, j = 204 sucessfully passed !
	Initialyzed swapped data for i = 139, j = 205 sucessfully passed !
	Initialyzed swapped data for i = 139, j = 206 sucessfully passed !
	Initialyzed swapped data for i = 139, j = 207 sucessfully passed !
	Initialyzed swapped data for i = 139, j = 208 sucessfully passed !
	Initialyzed swapped data for i = 139, j = 209 sucessfully passed !
	Initialyzed swapped data for i = 139, j = 210 sucessfully passed !
	Initialyzed swapped data for i = 139, j = 211 sucessfully passed !
	Initialyzed swapped data for i = 139, j = 212 sucessfully passed !
	Initialyzed swapped data for i = 139, j = 213 sucessfully passed !
	Initialyzed swapped data for i = 139, j = 214 sucessfully passed !
	Initialyzed swapped data for i = 139, j = 215 sucessfully passed !
	Initialyzed swapped data for i = 139, j = 216 sucessfully passed !
	Initialyzed swapped data for i = 139, j = 217 sucessfully passed !
	Initialyzed swapped data for i = 139, j = 218 sucessfully passed !
	Initialyzed swapped data for i = 139, j = 219 sucessfully passed !
	Initialyzed swapped data for i = 139, j = 220 sucessfully passed !
	Initialyzed swapped data for i = 139, j = 221 sucessfully passed !
	Initialyzed swapped data for i = 139, j = 222 sucessfully passed !
	Initialyzed swapped data for i = 139, j = 223 sucessfully passed !
	Initialyzed swapped data for i = 139, j = 224 sucessfully passed !
	Initialyzed swapped data for i = 139, j = 225 sucessfully passed !
	Initialyzed swapped data for i = 139, j = 226 sucessfully passed !
	Initialyzed swapped data for i = 139, j = 227 sucessfully passed !
	Initialyzed swapped data for i = 139, j = 228 sucessfully passed !
	Initialyzed swapped data for i = 139, j = 229 sucessfully passed !
	Initialyzed swapped data for i = 139, j = 230 sucessfully passed !
	Initialyzed swapped data for i = 139, j = 231 sucessfully passed !
	Initialyzed swapped data for i = 139, j = 232 sucessfully passed !
	Initialyzed swapped data for i = 139, j = 233 sucessfully passed !
	Initialyzed swapped data for i = 139, j = 234 sucessfully passed !
	Initialyzed swapped data for i = 139, j = 235 sucessfully passed !
	Initialyzed swapped data for i = 139, j = 236 sucessfully passed !
	Initialyzed swapped data for i = 139, j = 237 sucessfully passed !
	Initialyzed swapped data for i = 139, j = 238 sucessfully passed !
	Initialyzed swapped data for i = 139, j = 239 sucessfully passed !
	Initialyzed swapped data for i = 139, j = 240 sucessfully passed !
	Initialyzed swapped data for i = 139, j = 241 sucessfully passed !
	Initialyzed swapped data for i = 139, j = 242 sucessfully passed !
	Initialyzed swapped data for i = 139, j = 243 sucessfully passed !
	Initialyzed swapped data for i = 139, j = 244 sucessfully passed !
	Initialyzed swapped data for i = 139, j = 245 sucessfully passed !
	Initialyzed swapped data for i = 139, j = 246 sucessfully passed !
	Initialyzed swapped data for i = 139, j = 247 sucessfully passed !
	Initialyzed swapped data for i = 139, j = 248 sucessfully passed !
	Initialyzed swapped data for i = 139, j = 249 sucessfully passed !
	Initialyzed swapped data for i = 139, j = 250 sucessfully passed !
	Initialyzed swapped data for i = 139, j = 251 sucessfully passed !
	Initialyzed swapped data for i = 139, j = 252 sucessfully passed !
	Initialyzed swapped data for i = 139, j = 253 sucessfully passed !
	Initialyzed swapped data for i = 139, j = 254 sucessfully passed !
	Initialyzed swapped data for i = 139, j = 255 sucessfully passed !
	Initialyzed swapped data for i = 139, j = 256 sucessfully passed !
	Initialyzed swapped data for i = 139, j = 257 sucessfully passed !
	Initialyzed swapped data for i = 139, j = 258 sucessfully passed !
	Initialyzed swapped data for i = 139, j = 259 sucessfully passed !
	Initialyzed swapped data for i = 139, j = 260 sucessfully passed !
	Initialyzed swapped data for i = 139, j = 261 sucessfully passed !
	Initialyzed swapped data for i = 139, j = 262 sucessfully passed !
	Initialyzed swapped data for i = 139, j = 263 sucessfully passed !
	Initialyzed swapped data for i = 139, j = 264 sucessfully passed !
	Initialyzed swapped data for i = 139, j = 265 sucessfully passed !
	Initialyzed swapped data for i = 139, j = 266 sucessfully passed !
	Initialyzed swapped data for i = 139, j = 267 sucessfully passed !
	Initialyzed swapped data for i = 139, j = 268 sucessfully passed !
	Initialyzed swapped data for i = 139, j = 269 sucessfully passed !
	Initialyzed swapped data for i = 139, j = 270 sucessfully passed !
	Initialyzed swapped data for i = 139, j = 271 sucessfully passed !
	Initialyzed swapped data for i = 139, j = 272 sucessfully passed !
	Initialyzed swapped data for i = 139, j = 273 sucessfully passed !
	Initialyzed swapped data for i = 139, j = 274 sucessfully passed !
	Initialyzed swapped data for i = 139, j = 275 sucessfully passed !
	Initialyzed swapped data for i = 139, j = 276 sucessfully passed !
	Initialyzed swapped data for i = 139, j = 277 sucessfully passed !
	Initialyzed swapped data for i = 139, j = 278 sucessfully passed !
	Initialyzed swapped data for i = 139, j = 279 sucessfully passed !
	Initialyzed swapped data for i = 139, j = 280 sucessfully passed !
	Initialyzed swapped data for i = 139, j = 281 sucessfully passed !
	Initialyzed swapped data for i = 139, j = 282 sucessfully passed !
	Initialyzed swapped data for i = 139, j = 283 sucessfully passed !
	Initialyzed swapped data for i = 139, j = 284 sucessfully passed !
	Initialyzed swapped data for i = 139, j = 285 sucessfully passed !
	Initialyzed swapped data for i = 139, j = 286 sucessfully passed !
	Initialyzed swapped data for i = 139, j = 287 sucessfully passed !
	Initialyzed swapped data for i = 139, j = 288 sucessfully passed !
	Initialyzed swapped data for i = 139, j = 289 sucessfully passed !
	Initialyzed swapped data for i = 139, j = 290 sucessfully passed !
	Initialyzed swapped data for i = 139, j = 291 sucessfully passed !
	Initialyzed swapped data for i = 139, j = 292 sucessfully passed !
	Initialyzed swapped data for i = 139, j = 293 sucessfully passed !
	Initialyzed swapped data for i = 139, j = 294 sucessfully passed !
	Initialyzed swapped data for i = 139, j = 295 sucessfully passed !
	Initialyzed swapped data for i = 139, j = 296 sucessfully passed !
	Initialyzed swapped data for i = 139, j = 297 sucessfully passed !
	Initialyzed swapped data for i = 139, j = 298 sucessfully passed !
	Initialyzed swapped data for i = 139, j = 299 sucessfully passed !
	Initialyzed swapped data for i = 139, j = 300 sucessfully passed !
	Initialyzed swapped data for i = 139, j = 301 sucessfully passed !
	Initialyzed swapped data for i = 139, j = 302 sucessfully passed !
	Initialyzed swapped data for i = 139, j = 303 sucessfully passed !
	Initialyzed swapped data for i = 139, j = 304 sucessfully passed !
	Initialyzed swapped data for i = 139, j = 305 sucessfully passed !
	Initialyzed swapped data for i = 139, j = 306 sucessfully passed !
	Initialyzed swapped data for i = 139, j = 307 sucessfully passed !
	Initialyzed swapped data for i = 139, j = 308 sucessfully passed !
	Initialyzed swapped data for i = 139, j = 309 sucessfully passed !
	Initialyzed swapped data for i = 139, j = 310 sucessfully passed !
	Initialyzed swapped data for i = 139, j = 311 sucessfully passed !
	Initialyzed swapped data for i = 139, j = 312 sucessfully passed !
	Initialyzed swapped data for i = 139, j = 313 sucessfully passed !
	Initialyzed swapped data for i = 139, j = 314 sucessfully passed !
	Initialyzed swapped data for i = 139, j = 315 sucessfully passed !
	Initialyzed swapped data for i = 139, j = 316 sucessfully passed !
	Initialyzed swapped data for i = 139, j = 317 sucessfully passed !
	Initialyzed swapped data for i = 139, j = 318 sucessfully passed !
	Initialyzed swapped data for i = 139, j = 319 sucessfully passed !
	Initialyzed swapped data for i = 139, j = 320 sucessfully passed !
	Initialyzed swapped data for i = 139, j = 321 sucessfully passed !
	Initialyzed swapped data for i = 139, j = 322 sucessfully passed !
	Initialyzed swapped data for i = 139, j = 323 sucessfully passed !
	Initialyzed swapped data for i = 139, j = 324 sucessfully passed !
	Initialyzed swapped data for i = 139, j = 325 sucessfully passed !
	Initialyzed swapped data for i = 139, j = 326 sucessfully passed !
	Initialyzed swapped data for i = 139, j = 327 sucessfully passed !
	Initialyzed swapped data for i = 139, j = 328 sucessfully passed !
	Initialyzed swapped data for i = 139, j = 329 sucessfully passed !
	Initialyzed swapped data for i = 139, j = 330 sucessfully passed !
	Initialyzed swapped data for i = 139, j = 331 sucessfully passed !
	Initialyzed swapped data for i = 139, j = 332 sucessfully passed !
	Initialyzed swapped data for i = 139, j = 333 sucessfully passed !
	Initialyzed swapped data for i = 139, j = 334 sucessfully passed !
	Initialyzed swapped data for i = 139, j = 335 sucessfully passed !
	Initialyzed swapped data for i = 139, j = 336 sucessfully passed !
	Initialyzed swapped data for i = 139, j = 337 sucessfully passed !
	Initialyzed swapped data for i = 139, j = 338 sucessfully passed !
	Initialyzed swapped data for i = 139, j = 339 sucessfully passed !
	Initialyzed swapped data for i = 139, j = 340 sucessfully passed !
	Initialyzed swapped data for i = 139, j = 341 sucessfully passed !
	Initialyzed swapped data for i = 139, j = 342 sucessfully passed !
	Initialyzed swapped data for i = 139, j = 343 sucessfully passed !
	Initialyzed swapped data for i = 139, j = 344 sucessfully passed !
	Initialyzed swapped data for i = 139, j = 345 sucessfully passed !
	Initialyzed swapped data for i = 139, j = 346 sucessfully passed !
	Initialyzed swapped data for i = 139, j = 347 sucessfully passed !
	Initialyzed swapped data for i = 139, j = 348 sucessfully passed !
	Initialyzed swapped data for i = 139, j = 349 sucessfully passed !
	Initialyzed swapped data for i = 139, j = 350 sucessfully passed !
	Initialyzed swapped data for i = 139, j = 351 sucessfully passed !
	Initialyzed swapped data for i = 139, j = 352 sucessfully passed !
	Initialyzed swapped data for i = 139, j = 353 sucessfully passed !
	Initialyzed swapped data for i = 139, j = 354 sucessfully passed !
	Initialyzed swapped data for i = 139, j = 355 sucessfully passed !
	Initialyzed swapped data for i = 139, j = 356 sucessfully passed !
	Initialyzed swapped data for i = 139, j = 357 sucessfully passed !
	Initialyzed swapped data for i = 139, j = 358 sucessfully passed !
	Initialyzed swapped data for i = 139, j = 359 sucessfully passed !
	Initialyzed swapped data for i = 139, j = 360 sucessfully passed !
	Initialyzed swapped data for i = 139, j = 361 sucessfully passed !
	Initialyzed swapped data for i = 139, j = 362 sucessfully passed !
	Initialyzed swapped data for i = 139, j = 363 sucessfully passed !
	Initialyzed swapped data for i = 139, j = 364 sucessfully passed !
	Initialyzed swapped data for i = 139, j = 365 sucessfully passed !
	Initialyzed swapped data for i = 139, j = 366 sucessfully passed !
	Initialyzed swapped data for i = 139, j = 367 sucessfully passed !
	Initialyzed swapped data for i = 139, j = 368 sucessfully passed !
	Initialyzed swapped data for i = 139, j = 369 sucessfully passed !
	Initialyzed swapped data for i = 139, j = 370 sucessfully passed !
	Initialyzed swapped data for i = 139, j = 371 sucessfully passed !
	Initialyzed swapped data for i = 139, j = 372 sucessfully passed !
	Initialyzed swapped data for i = 139, j = 373 sucessfully passed !
	Initialyzed swapped data for i = 139, j = 374 sucessfully passed !
	Initialyzed swapped data for i = 139, j = 375 sucessfully passed !
	Initialyzed swapped data for i = 139, j = 376 sucessfully passed !
	Initialyzed swapped data for i = 139, j = 377 sucessfully passed !
	Initialyzed swapped data for i = 139, j = 378 sucessfully passed !
	Initialyzed swapped data for i = 139, j = 379 sucessfully passed !
	Initialyzed swapped data for i = 139, j = 380 sucessfully passed !
	Initialyzed swapped data for i = 139, j = 381 sucessfully passed !
	Initialyzed swapped data for i = 139, j = 382 sucessfully passed !
	Initialyzed swapped data for i = 139, j = 383 sucessfully passed !
	Initialyzed swapped data for i = 139, j = 384 sucessfully passed !
	Initialyzed swapped data for i = 139, j = 385 sucessfully passed !
	Initialyzed swapped data for i = 139, j = 386 sucessfully passed !
	Initialyzed swapped data for i = 139, j = 387 sucessfully passed !
	Initialyzed swapped data for i = 139, j = 388 sucessfully passed !
	Initialyzed swapped data for i = 139, j = 389 sucessfully passed !
	Initialyzed swapped data for i = 139, j = 390 sucessfully passed !
	Initialyzed swapped data for i = 139, j = 391 sucessfully passed !
	Initialyzed swapped data for i = 139, j = 392 sucessfully passed !
	Initialyzed swapped data for i = 139, j = 393 sucessfully passed !
	Initialyzed swapped data for i = 139, j = 394 sucessfully passed !
	Initialyzed swapped data for i = 139, j = 395 sucessfully passed !
	Initialyzed swapped data for i = 139, j = 396 sucessfully passed !
	Initialyzed swapped data for i = 139, j = 397 sucessfully passed !
	Initialyzed swapped data for i = 139, j = 398 sucessfully passed !
	Initialyzed swapped data for i = 139, j = 399 sucessfully passed !
	Initialyzed swapped data for i = 139, j = 400 sucessfully passed !
	Initialyzed swapped data for i = 139, j = 401 sucessfully passed !
	Initialyzed swapped data for i = 139, j = 402 sucessfully passed !
	Initialyzed swapped data for i = 139, j = 403 sucessfully passed !
	Initialyzed swapped data for i = 139, j = 404 sucessfully passed !
	Initialyzed swapped data for i = 139, j = 405 sucessfully passed !
	Initialyzed swapped data for i = 139, j = 406 sucessfully passed !
	Initialyzed swapped data for i = 139, j = 407 sucessfully passed !
	Initialyzed swapped data for i = 139, j = 408 sucessfully passed !
	Initialyzed swapped data for i = 139, j = 409 sucessfully passed !
	Initialyzed swapped data for i = 139, j = 410 sucessfully passed !
	Initialyzed swapped data for i = 139, j = 411 sucessfully passed !
	Initialyzed swapped data for i = 139, j = 412 sucessfully passed !
	Initialyzed swapped data for i = 139, j = 413 sucessfully passed !
	Initialyzed swapped data for i = 139, j = 414 sucessfully passed !
	Initialyzed swapped data for i = 139, j = 415 sucessfully passed !
	Initialyzed swapped data for i = 139, j = 416 sucessfully passed !
	Initialyzed swapped data for i = 139, j = 417 sucessfully passed !
	Initialyzed swapped data for i = 139, j = 418 sucessfully passed !
	Initialyzed swapped data for i = 139, j = 419 sucessfully passed !
	Initialyzed swapped data for i = 139, j = 420 sucessfully passed !
	Initialyzed swapped data for i = 139, j = 421 sucessfully passed !
	Initialyzed swapped data for i = 139, j = 422 sucessfully passed !
	Initialyzed swapped data for i = 139, j = 423 sucessfully passed !
	Initialyzed swapped data for i = 139, j = 424 sucessfully passed !
	Initialyzed swapped data for i = 139, j = 425 sucessfully passed !
	Initialyzed swapped data for i = 139, j = 426 sucessfully passed !
	Initialyzed swapped data for i = 139, j = 427 sucessfully passed !
	Initialyzed swapped data for i = 139, j = 428 sucessfully passed !
	Initialyzed swapped data for i = 139, j = 429 sucessfully passed !
	Initialyzed swapped data for i = 139, j = 430 sucessfully passed !
	Initialyzed swapped data for i = 139, j = 431 sucessfully passed !
	Initialyzed swapped data for i = 139, j = 432 sucessfully passed !
	Initialyzed swapped data for i = 139, j = 433 sucessfully passed !
	Initialyzed swapped data for i = 140, j = 141 sucessfully passed !
	Initialyzed swapped data for i = 140, j = 142 sucessfully passed !
	Initialyzed swapped data for i = 140, j = 143 sucessfully passed !
	Initialyzed swapped data for i = 140, j = 144 sucessfully passed !
	Initialyzed swapped data for i = 140, j = 145 sucessfully passed !
	Initialyzed swapped data for i = 140, j = 146 sucessfully passed !
	Initialyzed swapped data for i = 140, j = 147 sucessfully passed !
	Initialyzed swapped data for i = 140, j = 148 sucessfully passed !
	Initialyzed swapped data for i = 140, j = 149 sucessfully passed !
	Initialyzed swapped data for i = 140, j = 150 sucessfully passed !
	Initialyzed swapped data for i = 140, j = 151 sucessfully passed !
	Initialyzed swapped data for i = 140, j = 152 sucessfully passed !
	Initialyzed swapped data for i = 140, j = 153 sucessfully passed !
	Initialyzed swapped data for i = 140, j = 154 sucessfully passed !
	Initialyzed swapped data for i = 140, j = 155 sucessfully passed !
	Initialyzed swapped data for i = 140, j = 156 sucessfully passed !
	Initialyzed swapped data for i = 140, j = 157 sucessfully passed !
	Initialyzed swapped data for i = 140, j = 158 sucessfully passed !
	Initialyzed swapped data for i = 140, j = 159 sucessfully passed !
	Initialyzed swapped data for i = 140, j = 160 sucessfully passed !
	Initialyzed swapped data for i = 140, j = 161 sucessfully passed !
	Initialyzed swapped data for i = 140, j = 162 sucessfully passed !
	Initialyzed swapped data for i = 140, j = 163 sucessfully passed !
	Initialyzed swapped data for i = 140, j = 164 sucessfully passed !
	Initialyzed swapped data for i = 140, j = 165 sucessfully passed !
	Initialyzed swapped data for i = 140, j = 166 sucessfully passed !
	Initialyzed swapped data for i = 140, j = 167 sucessfully passed !
	Initialyzed swapped data for i = 140, j = 168 sucessfully passed !
	Initialyzed swapped data for i = 140, j = 169 sucessfully passed !
	Initialyzed swapped data for i = 140, j = 170 sucessfully passed !
	Initialyzed swapped data for i = 140, j = 171 sucessfully passed !
	Initialyzed swapped data for i = 140, j = 172 sucessfully passed !
	Initialyzed swapped data for i = 140, j = 173 sucessfully passed !
	Initialyzed swapped data for i = 140, j = 174 sucessfully passed !
	Initialyzed swapped data for i = 140, j = 175 sucessfully passed !
	Initialyzed swapped data for i = 140, j = 176 sucessfully passed !
	Initialyzed swapped data for i = 140, j = 177 sucessfully passed !
	Initialyzed swapped data for i = 140, j = 178 sucessfully passed !
	Initialyzed swapped data for i = 140, j = 179 sucessfully passed !
	Initialyzed swapped data for i = 140, j = 180 sucessfully passed !
	Initialyzed swapped data for i = 140, j = 181 sucessfully passed !
	Initialyzed swapped data for i = 140, j = 182 sucessfully passed !
	Initialyzed swapped data for i = 140, j = 183 sucessfully passed !
	Initialyzed swapped data for i = 140, j = 184 sucessfully passed !
	Initialyzed swapped data for i = 140, j = 185 sucessfully passed !
	Initialyzed swapped data for i = 140, j = 186 sucessfully passed !
	Initialyzed swapped data for i = 140, j = 187 sucessfully passed !
	Initialyzed swapped data for i = 140, j = 188 sucessfully passed !
	Initialyzed swapped data for i = 140, j = 189 sucessfully passed !
	Initialyzed swapped data for i = 140, j = 190 sucessfully passed !
	Initialyzed swapped data for i = 140, j = 191 sucessfully passed !
	Initialyzed swapped data for i = 140, j = 192 sucessfully passed !
	Initialyzed swapped data for i = 140, j = 193 sucessfully passed !
	Initialyzed swapped data for i = 140, j = 194 sucessfully passed !
	Initialyzed swapped data for i = 140, j = 195 sucessfully passed !
	Initialyzed swapped data for i = 140, j = 196 sucessfully passed !
	Initialyzed swapped data for i = 140, j = 197 sucessfully passed !
	Initialyzed swapped data for i = 140, j = 198 sucessfully passed !
	Initialyzed swapped data for i = 140, j = 199 sucessfully passed !
	Initialyzed swapped data for i = 140, j = 200 sucessfully passed !
	Initialyzed swapped data for i = 140, j = 201 sucessfully passed !
	Initialyzed swapped data for i = 140, j = 202 sucessfully passed !
	Initialyzed swapped data for i = 140, j = 203 sucessfully passed !
	Initialyzed swapped data for i = 140, j = 204 sucessfully passed !
	Initialyzed swapped data for i = 140, j = 205 sucessfully passed !
	Initialyzed swapped data for i = 140, j = 206 sucessfully passed !
	Initialyzed swapped data for i = 140, j = 207 sucessfully passed !
	Initialyzed swapped data for i = 140, j = 208 sucessfully passed !
	Initialyzed swapped data for i = 140, j = 209 sucessfully passed !
	Initialyzed swapped data for i = 140, j = 210 sucessfully passed !
	Initialyzed swapped data for i = 140, j = 211 sucessfully passed !
	Initialyzed swapped data for i = 140, j = 212 sucessfully passed !
	Initialyzed swapped data for i = 140, j = 213 sucessfully passed !
	Initialyzed swapped data for i = 140, j = 214 sucessfully passed !
	Initialyzed swapped data for i = 140, j = 215 sucessfully passed !
	Initialyzed swapped data for i = 140, j = 216 sucessfully passed !
	Initialyzed swapped data for i = 140, j = 217 sucessfully passed !
	Initialyzed swapped data for i = 140, j = 218 sucessfully passed !
	Initialyzed swapped data for i = 140, j = 219 sucessfully passed !
	Initialyzed swapped data for i = 140, j = 220 sucessfully passed !
	Initialyzed swapped data for i = 140, j = 221 sucessfully passed !
	Initialyzed swapped data for i = 140, j = 222 sucessfully passed !
	Initialyzed swapped data for i = 140, j = 223 sucessfully passed !
	Initialyzed swapped data for i = 140, j = 224 sucessfully passed !
	Initialyzed swapped data for i = 140, j = 225 sucessfully passed !
	Initialyzed swapped data for i = 140, j = 226 sucessfully passed !
	Initialyzed swapped data for i = 140, j = 227 sucessfully passed !
	Initialyzed swapped data for i = 140, j = 228 sucessfully passed !
	Initialyzed swapped data for i = 140, j = 229 sucessfully passed !
	Initialyzed swapped data for i = 140, j = 230 sucessfully passed !
	Initialyzed swapped data for i = 140, j = 231 sucessfully passed !
	Initialyzed swapped data for i = 140, j = 232 sucessfully passed !
	Initialyzed swapped data for i = 140, j = 233 sucessfully passed !
	Initialyzed swapped data for i = 140, j = 234 sucessfully passed !
	Initialyzed swapped data for i = 140, j = 235 sucessfully passed !
	Initialyzed swapped data for i = 140, j = 236 sucessfully passed !
	Initialyzed swapped data for i = 140, j = 237 sucessfully passed !
	Initialyzed swapped data for i = 140, j = 238 sucessfully passed !
	Initialyzed swapped data for i = 140, j = 239 sucessfully passed !
	Initialyzed swapped data for i = 140, j = 240 sucessfully passed !
	Initialyzed swapped data for i = 140, j = 241 sucessfully passed !
	Initialyzed swapped data for i = 140, j = 242 sucessfully passed !
	Initialyzed swapped data for i = 140, j = 243 sucessfully passed !
	Initialyzed swapped data for i = 140, j = 244 sucessfully passed !
	Initialyzed swapped data for i = 140, j = 245 sucessfully passed !
	Initialyzed swapped data for i = 140, j = 246 sucessfully passed !
	Initialyzed swapped data for i = 140, j = 247 sucessfully passed !
	Initialyzed swapped data for i = 140, j = 248 sucessfully passed !
	Initialyzed swapped data for i = 140, j = 249 sucessfully passed !
	Initialyzed swapped data for i = 140, j = 250 sucessfully passed !
	Initialyzed swapped data for i = 140, j = 251 sucessfully passed !
	Initialyzed swapped data for i = 140, j = 252 sucessfully passed !
	Initialyzed swapped data for i = 140, j = 253 sucessfully passed !
	Initialyzed swapped data for i = 140, j = 254 sucessfully passed !
	Initialyzed swapped data for i = 140, j = 255 sucessfully passed !
	Initialyzed swapped data for i = 140, j = 256 sucessfully passed !
	Initialyzed swapped data for i = 140, j = 257 sucessfully passed !
	Initialyzed swapped data for i = 140, j = 258 sucessfully passed !
	Initialyzed swapped data for i = 140, j = 259 sucessfully passed !
	Initialyzed swapped data for i = 140, j = 260 sucessfully passed !
	Initialyzed swapped data for i = 140, j = 261 sucessfully passed !
	Initialyzed swapped data for i = 140, j = 262 sucessfully passed !
	Initialyzed swapped data for i = 140, j = 263 sucessfully passed !
	Initialyzed swapped data for i = 140, j = 264 sucessfully passed !
	Initialyzed swapped data for i = 140, j = 265 sucessfully passed !
	Initialyzed swapped data for i = 140, j = 266 sucessfully passed !
	Initialyzed swapped data for i = 140, j = 267 sucessfully passed !
	Initialyzed swapped data for i = 140, j = 268 sucessfully passed !
	Initialyzed swapped data for i = 140, j = 269 sucessfully passed !
	Initialyzed swapped data for i = 140, j = 270 sucessfully passed !
	Initialyzed swapped data for i = 140, j = 271 sucessfully passed !
	Initialyzed swapped data for i = 140, j = 272 sucessfully passed !
	Initialyzed swapped data for i = 140, j = 273 sucessfully passed !
	Initialyzed swapped data for i = 140, j = 274 sucessfully passed !
	Initialyzed swapped data for i = 140, j = 275 sucessfully passed !
	Initialyzed swapped data for i = 140, j = 276 sucessfully passed !
	Initialyzed swapped data for i = 140, j = 277 sucessfully passed !
	Initialyzed swapped data for i = 140, j = 278 sucessfully passed !
	Initialyzed swapped data for i = 140, j = 279 sucessfully passed !
	Initialyzed swapped data for i = 140, j = 280 sucessfully passed !
	Initialyzed swapped data for i = 140, j = 281 sucessfully passed !
	Initialyzed swapped data for i = 140, j = 282 sucessfully passed !
	Initialyzed swapped data for i = 140, j = 283 sucessfully passed !
	Initialyzed swapped data for i = 140, j = 284 sucessfully passed !
	Initialyzed swapped data for i = 140, j = 285 sucessfully passed !
	Initialyzed swapped data for i = 140, j = 286 sucessfully passed !
	Initialyzed swapped data for i = 140, j = 287 sucessfully passed !
	Initialyzed swapped data for i = 140, j = 288 sucessfully passed !
	Initialyzed swapped data for i = 140, j = 289 sucessfully passed !
	Initialyzed swapped data for i = 140, j = 290 sucessfully passed !
	Initialyzed swapped data for i = 140, j = 291 sucessfully passed !
	Initialyzed swapped data for i = 140, j = 292 sucessfully passed !
	Initialyzed swapped data for i = 140, j = 293 sucessfully passed !
	Initialyzed swapped data for i = 140, j = 294 sucessfully passed !
	Initialyzed swapped data for i = 140, j = 295 sucessfully passed !
	Initialyzed swapped data for i = 140, j = 296 sucessfully passed !
	Initialyzed swapped data for i = 140, j = 297 sucessfully passed !
	Initialyzed swapped data for i = 140, j = 298 sucessfully passed !
	Initialyzed swapped data for i = 140, j = 299 sucessfully passed !
	Initialyzed swapped data for i = 140, j = 300 sucessfully passed !
	Initialyzed swapped data for i = 140, j = 301 sucessfully passed !
	Initialyzed swapped data for i = 140, j = 302 sucessfully passed !
	Initialyzed swapped data for i = 140, j = 303 sucessfully passed !
	Initialyzed swapped data for i = 140, j = 304 sucessfully passed !
	Initialyzed swapped data for i = 140, j = 305 sucessfully passed !
	Initialyzed swapped data for i = 140, j = 306 sucessfully passed !
	Initialyzed swapped data for i = 140, j = 307 sucessfully passed !
	Initialyzed swapped data for i = 140, j = 308 sucessfully passed !
	Initialyzed swapped data for i = 140, j = 309 sucessfully passed !
	Initialyzed swapped data for i = 140, j = 310 sucessfully passed !
	Initialyzed swapped data for i = 140, j = 311 sucessfully passed !
	Initialyzed swapped data for i = 140, j = 312 sucessfully passed !
	Initialyzed swapped data for i = 140, j = 313 sucessfully passed !
	Initialyzed swapped data for i = 140, j = 314 sucessfully passed !
	Initialyzed swapped data for i = 140, j = 315 sucessfully passed !
	Initialyzed swapped data for i = 140, j = 316 sucessfully passed !
	Initialyzed swapped data for i = 140, j = 317 sucessfully passed !
	Initialyzed swapped data for i = 140, j = 318 sucessfully passed !
	Initialyzed swapped data for i = 140, j = 319 sucessfully passed !
	Initialyzed swapped data for i = 140, j = 320 sucessfully passed !
	Initialyzed swapped data for i = 140, j = 321 sucessfully passed !
	Initialyzed swapped data for i = 140, j = 322 sucessfully passed !
	Initialyzed swapped data for i = 140, j = 323 sucessfully passed !
	Initialyzed swapped data for i = 140, j = 324 sucessfully passed !
	Initialyzed swapped data for i = 140, j = 325 sucessfully passed !
	Initialyzed swapped data for i = 140, j = 326 sucessfully passed !
	Initialyzed swapped data for i = 140, j = 327 sucessfully passed !
	Initialyzed swapped data for i = 140, j = 328 sucessfully passed !
	Initialyzed swapped data for i = 140, j = 329 sucessfully passed !
	Initialyzed swapped data for i = 140, j = 330 sucessfully passed !
	Initialyzed swapped data for i = 140, j = 331 sucessfully passed !
	Initialyzed swapped data for i = 140, j = 332 sucessfully passed !
	Initialyzed swapped data for i = 140, j = 333 sucessfully passed !
	Initialyzed swapped data for i = 140, j = 334 sucessfully passed !
	Initialyzed swapped data for i = 140, j = 335 sucessfully passed !
	Initialyzed swapped data for i = 140, j = 336 sucessfully passed !
	Initialyzed swapped data for i = 140, j = 337 sucessfully passed !
	Initialyzed swapped data for i = 140, j = 338 sucessfully passed !
	Initialyzed swapped data for i = 140, j = 339 sucessfully passed !
	Initialyzed swapped data for i = 140, j = 340 sucessfully passed !
	Initialyzed swapped data for i = 140, j = 341 sucessfully passed !
	Initialyzed swapped data for i = 140, j = 342 sucessfully passed !
	Initialyzed swapped data for i = 140, j = 343 sucessfully passed !
	Initialyzed swapped data for i = 140, j = 344 sucessfully passed !
	Initialyzed swapped data for i = 140, j = 345 sucessfully passed !
	Initialyzed swapped data for i = 140, j = 346 sucessfully passed !
	Initialyzed swapped data for i = 140, j = 347 sucessfully passed !
	Initialyzed swapped data for i = 140, j = 348 sucessfully passed !
	Initialyzed swapped data for i = 140, j = 349 sucessfully passed !
	Initialyzed swapped data for i = 140, j = 350 sucessfully passed !
	Initialyzed swapped data for i = 140, j = 351 sucessfully passed !
	Initialyzed swapped data for i = 140, j = 352 sucessfully passed !
	Initialyzed swapped data for i = 140, j = 353 sucessfully passed !
	Initialyzed swapped data for i = 140, j = 354 sucessfully passed !
	Initialyzed swapped data for i = 140, j = 355 sucessfully passed !
	Initialyzed swapped data for i = 140, j = 356 sucessfully passed !
	Initialyzed swapped data for i = 140, j = 357 sucessfully passed !
	Initialyzed swapped data for i = 140, j = 358 sucessfully passed !
	Initialyzed swapped data for i = 140, j = 359 sucessfully passed !
	Initialyzed swapped data for i = 140, j = 360 sucessfully passed !
	Initialyzed swapped data for i = 140, j = 361 sucessfully passed !
	Initialyzed swapped data for i = 140, j = 362 sucessfully passed !
	Initialyzed swapped data for i = 140, j = 363 sucessfully passed !
	Initialyzed swapped data for i = 140, j = 364 sucessfully passed !
	Initialyzed swapped data for i = 140, j = 365 sucessfully passed !
	Initialyzed swapped data for i = 140, j = 366 sucessfully passed !
	Initialyzed swapped data for i = 140, j = 367 sucessfully passed !
	Initialyzed swapped data for i = 140, j = 368 sucessfully passed !
	Initialyzed swapped data for i = 140, j = 369 sucessfully passed !
	Initialyzed swapped data for i = 140, j = 370 sucessfully passed !
	Initialyzed swapped data for i = 140, j = 371 sucessfully passed !
	Initialyzed swapped data for i = 140, j = 372 sucessfully passed !
	Initialyzed swapped data for i = 140, j = 373 sucessfully passed !
	Initialyzed swapped data for i = 140, j = 374 sucessfully passed !
	Initialyzed swapped data for i = 140, j = 375 sucessfully passed !
	Initialyzed swapped data for i = 140, j = 376 sucessfully passed !
	Initialyzed swapped data for i = 140, j = 377 sucessfully passed !
	Initialyzed swapped data for i = 140, j = 378 sucessfully passed !
	Initialyzed swapped data for i = 140, j = 379 sucessfully passed !
	Initialyzed swapped data for i = 140, j = 380 sucessfully passed !
	Initialyzed swapped data for i = 140, j = 381 sucessfully passed !
	Initialyzed swapped data for i = 140, j = 382 sucessfully passed !
	Initialyzed swapped data for i = 140, j = 383 sucessfully passed !
	Initialyzed swapped data for i = 140, j = 384 sucessfully passed !
	Initialyzed swapped data for i = 140, j = 385 sucessfully passed !
	Initialyzed swapped data for i = 140, j = 386 sucessfully passed !
	Initialyzed swapped data for i = 140, j = 387 sucessfully passed !
	Initialyzed swapped data for i = 140, j = 388 sucessfully passed !
	Initialyzed swapped data for i = 140, j = 389 sucessfully passed !
	Initialyzed swapped data for i = 140, j = 390 sucessfully passed !
	Initialyzed swapped data for i = 140, j = 391 sucessfully passed !
	Initialyzed swapped data for i = 140, j = 392 sucessfully passed !
	Initialyzed swapped data for i = 140, j = 393 sucessfully passed !
	Initialyzed swapped data for i = 140, j = 394 sucessfully passed !
	Initialyzed swapped data for i = 140, j = 395 sucessfully passed !
	Initialyzed swapped data for i = 140, j = 396 sucessfully passed !
	Initialyzed swapped data for i = 140, j = 397 sucessfully passed !
	Initialyzed swapped data for i = 140, j = 398 sucessfully passed !
	Initialyzed swapped data for i = 140, j = 399 sucessfully passed !
	Initialyzed swapped data for i = 140, j = 400 sucessfully passed !
	Initialyzed swapped data for i = 140, j = 401 sucessfully passed !
	Initialyzed swapped data for i = 140, j = 402 sucessfully passed !
	Initialyzed swapped data for i = 140, j = 403 sucessfully passed !
	Initialyzed swapped data for i = 140, j = 404 sucessfully passed !
	Initialyzed swapped data for i = 140, j = 405 sucessfully passed !
	Initialyzed swapped data for i = 140, j = 406 sucessfully passed !
	Initialyzed swapped data for i = 140, j = 407 sucessfully passed !
	Initialyzed swapped data for i = 140, j = 408 sucessfully passed !
	Initialyzed swapped data for i = 140, j = 409 sucessfully passed !
	Initialyzed swapped data for i = 140, j = 410 sucessfully passed !
	Initialyzed swapped data for i = 140, j = 411 sucessfully passed !
	Initialyzed swapped data for i = 140, j = 412 sucessfully passed !
	Initialyzed swapped data for i = 140, j = 413 sucessfully passed !
	Initialyzed swapped data for i = 140, j = 414 sucessfully passed !
	Initialyzed swapped data for i = 140, j = 415 sucessfully passed !
	Initialyzed swapped data for i = 140, j = 416 sucessfully passed !
	Initialyzed swapped data for i = 140, j = 417 sucessfully passed !
	Initialyzed swapped data for i = 140, j = 418 sucessfully passed !
	Initialyzed swapped data for i = 140, j = 419 sucessfully passed !
	Initialyzed swapped data for i = 140, j = 420 sucessfully passed !
	Initialyzed swapped data for i = 140, j = 421 sucessfully passed !
	Initialyzed swapped data for i = 140, j = 422 sucessfully passed !
	Initialyzed swapped data for i = 140, j = 423 sucessfully passed !
	Initialyzed swapped data for i = 140, j = 424 sucessfully passed !
	Initialyzed swapped data for i = 140, j = 425 sucessfully passed !
	Initialyzed swapped data for i = 140, j = 426 sucessfully passed !
	Initialyzed swapped data for i = 140, j = 427 sucessfully passed !
	Initialyzed swapped data for i = 140, j = 428 sucessfully passed !
	Initialyzed swapped data for i = 140, j = 429 sucessfully passed !
	Initialyzed swapped data for i = 140, j = 430 sucessfully passed !
	Initialyzed swapped data for i = 140, j = 431 sucessfully passed !
	Initialyzed swapped data for i = 140, j = 432 sucessfully passed !
	Initialyzed swapped data for i = 140, j = 433 sucessfully passed !
	Initialyzed swapped data for i = 141, j = 142 sucessfully passed !
	Initialyzed swapped data for i = 141, j = 143 sucessfully passed !
	Initialyzed swapped data for i = 141, j = 144 sucessfully passed !
	Initialyzed swapped data for i = 141, j = 145 sucessfully passed !
	Initialyzed swapped data for i = 141, j = 146 sucessfully passed !
	Initialyzed swapped data for i = 141, j = 147 sucessfully passed !
	Initialyzed swapped data for i = 141, j = 148 sucessfully passed !
	Initialyzed swapped data for i = 141, j = 149 sucessfully passed !
	Initialyzed swapped data for i = 141, j = 150 sucessfully passed !
	Initialyzed swapped data for i = 141, j = 151 sucessfully passed !
	Initialyzed swapped data for i = 141, j = 152 sucessfully passed !
	Initialyzed swapped data for i = 141, j = 153 sucessfully passed !
	Initialyzed swapped data for i = 141, j = 154 sucessfully passed !
	Initialyzed swapped data for i = 141, j = 155 sucessfully passed !
	Initialyzed swapped data for i = 141, j = 156 sucessfully passed !
	Initialyzed swapped data for i = 141, j = 157 sucessfully passed !
	Initialyzed swapped data for i = 141, j = 158 sucessfully passed !
	Initialyzed swapped data for i = 141, j = 159 sucessfully passed !
	Initialyzed swapped data for i = 141, j = 160 sucessfully passed !
	Initialyzed swapped data for i = 141, j = 161 sucessfully passed !
	Initialyzed swapped data for i = 141, j = 162 sucessfully passed !
	Initialyzed swapped data for i = 141, j = 163 sucessfully passed !
	Initialyzed swapped data for i = 141, j = 164 sucessfully passed !
	Initialyzed swapped data for i = 141, j = 165 sucessfully passed !
	Initialyzed swapped data for i = 141, j = 166 sucessfully passed !
	Initialyzed swapped data for i = 141, j = 167 sucessfully passed !
	Initialyzed swapped data for i = 141, j = 168 sucessfully passed !
	Initialyzed swapped data for i = 141, j = 169 sucessfully passed !
	Initialyzed swapped data for i = 141, j = 170 sucessfully passed !
	Initialyzed swapped data for i = 141, j = 171 sucessfully passed !
	Initialyzed swapped data for i = 141, j = 172 sucessfully passed !
	Initialyzed swapped data for i = 141, j = 173 sucessfully passed !
	Initialyzed swapped data for i = 141, j = 174 sucessfully passed !
	Initialyzed swapped data for i = 141, j = 175 sucessfully passed !
	Initialyzed swapped data for i = 141, j = 176 sucessfully passed !
	Initialyzed swapped data for i = 141, j = 177 sucessfully passed !
	Initialyzed swapped data for i = 141, j = 178 sucessfully passed !
	Initialyzed swapped data for i = 141, j = 179 sucessfully passed !
	Initialyzed swapped data for i = 141, j = 180 sucessfully passed !
	Initialyzed swapped data for i = 141, j = 181 sucessfully passed !
	Initialyzed swapped data for i = 141, j = 182 sucessfully passed !
	Initialyzed swapped data for i = 141, j = 183 sucessfully passed !
	Initialyzed swapped data for i = 141, j = 184 sucessfully passed !
	Initialyzed swapped data for i = 141, j = 185 sucessfully passed !
	Initialyzed swapped data for i = 141, j = 186 sucessfully passed !
	Initialyzed swapped data for i = 141, j = 187 sucessfully passed !
	Initialyzed swapped data for i = 141, j = 188 sucessfully passed !
	Initialyzed swapped data for i = 141, j = 189 sucessfully passed !
	Initialyzed swapped data for i = 141, j = 190 sucessfully passed !
	Initialyzed swapped data for i = 141, j = 191 sucessfully passed !
	Initialyzed swapped data for i = 141, j = 192 sucessfully passed !
	Initialyzed swapped data for i = 141, j = 193 sucessfully passed !
	Initialyzed swapped data for i = 141, j = 194 sucessfully passed !
	Initialyzed swapped data for i = 141, j = 195 sucessfully passed !
	Initialyzed swapped data for i = 141, j = 196 sucessfully passed !
	Initialyzed swapped data for i = 141, j = 197 sucessfully passed !
	Initialyzed swapped data for i = 141, j = 198 sucessfully passed !
	Initialyzed swapped data for i = 141, j = 199 sucessfully passed !
	Initialyzed swapped data for i = 141, j = 200 sucessfully passed !
	Initialyzed swapped data for i = 141, j = 201 sucessfully passed !
	Initialyzed swapped data for i = 141, j = 202 sucessfully passed !
	Initialyzed swapped data for i = 141, j = 203 sucessfully passed !
	Initialyzed swapped data for i = 141, j = 204 sucessfully passed !
	Initialyzed swapped data for i = 141, j = 205 sucessfully passed !
	Initialyzed swapped data for i = 141, j = 206 sucessfully passed !
	Initialyzed swapped data for i = 141, j = 207 sucessfully passed !
	Initialyzed swapped data for i = 141, j = 208 sucessfully passed !
	Initialyzed swapped data for i = 141, j = 209 sucessfully passed !
	Initialyzed swapped data for i = 141, j = 210 sucessfully passed !
	Initialyzed swapped data for i = 141, j = 211 sucessfully passed !
	Initialyzed swapped data for i = 141, j = 212 sucessfully passed !
	Initialyzed swapped data for i = 141, j = 213 sucessfully passed !
	Initialyzed swapped data for i = 141, j = 214 sucessfully passed !
	Initialyzed swapped data for i = 141, j = 215 sucessfully passed !
	Initialyzed swapped data for i = 141, j = 216 sucessfully passed !
	Initialyzed swapped data for i = 141, j = 217 sucessfully passed !
	Initialyzed swapped data for i = 141, j = 218 sucessfully passed !
	Initialyzed swapped data for i = 141, j = 219 sucessfully passed !
	Initialyzed swapped data for i = 141, j = 220 sucessfully passed !
	Initialyzed swapped data for i = 141, j = 221 sucessfully passed !
	Initialyzed swapped data for i = 141, j = 222 sucessfully passed !
	Initialyzed swapped data for i = 141, j = 223 sucessfully passed !
	Initialyzed swapped data for i = 141, j = 224 sucessfully passed !
	Initialyzed swapped data for i = 141, j = 225 sucessfully passed !
	Initialyzed swapped data for i = 141, j = 226 sucessfully passed !
	Initialyzed swapped data for i = 141, j = 227 sucessfully passed !
	Initialyzed swapped data for i = 141, j = 228 sucessfully passed !
	Initialyzed swapped data for i = 141, j = 229 sucessfully passed !
	Initialyzed swapped data for i = 141, j = 230 sucessfully passed !
	Initialyzed swapped data for i = 141, j = 231 sucessfully passed !
	Initialyzed swapped data for i = 141, j = 232 sucessfully passed !
	Initialyzed swapped data for i = 141, j = 233 sucessfully passed !
	Initialyzed swapped data for i = 141, j = 234 sucessfully passed !
	Initialyzed swapped data for i = 141, j = 235 sucessfully passed !
	Initialyzed swapped data for i = 141, j = 236 sucessfully passed !
	Initialyzed swapped data for i = 141, j = 237 sucessfully passed !
	Initialyzed swapped data for i = 141, j = 238 sucessfully passed !
	Initialyzed swapped data for i = 141, j = 239 sucessfully passed !
	Initialyzed swapped data for i = 141, j = 240 sucessfully passed !
	Initialyzed swapped data for i = 141, j = 241 sucessfully passed !
	Initialyzed swapped data for i = 141, j = 242 sucessfully passed !
	Initialyzed swapped data for i = 141, j = 243 sucessfully passed !
	Initialyzed swapped data for i = 141, j = 244 sucessfully passed !
	Initialyzed swapped data for i = 141, j = 245 sucessfully passed !
	Initialyzed swapped data for i = 141, j = 246 sucessfully passed !
	Initialyzed swapped data for i = 141, j = 247 sucessfully passed !
	Initialyzed swapped data for i = 141, j = 248 sucessfully passed !
	Initialyzed swapped data for i = 141, j = 249 sucessfully passed !
	Initialyzed swapped data for i = 141, j = 250 sucessfully passed !
	Initialyzed swapped data for i = 141, j = 251 sucessfully passed !
	Initialyzed swapped data for i = 141, j = 252 sucessfully passed !
	Initialyzed swapped data for i = 141, j = 253 sucessfully passed !
	Initialyzed swapped data for i = 141, j = 254 sucessfully passed !
	Initialyzed swapped data for i = 141, j = 255 sucessfully passed !
	Initialyzed swapped data for i = 141, j = 256 sucessfully passed !
	Initialyzed swapped data for i = 141, j = 257 sucessfully passed !
	Initialyzed swapped data for i = 141, j = 258 sucessfully passed !
	Initialyzed swapped data for i = 141, j = 259 sucessfully passed !
	Initialyzed swapped data for i = 141, j = 260 sucessfully passed !
	Initialyzed swapped data for i = 141, j = 261 sucessfully passed !
	Initialyzed swapped data for i = 141, j = 262 sucessfully passed !
	Initialyzed swapped data for i = 141, j = 263 sucessfully passed !
	Initialyzed swapped data for i = 141, j = 264 sucessfully passed !
	Initialyzed swapped data for i = 141, j = 265 sucessfully passed !
	Initialyzed swapped data for i = 141, j = 266 sucessfully passed !
	Initialyzed swapped data for i = 141, j = 267 sucessfully passed !
	Initialyzed swapped data for i = 141, j = 268 sucessfully passed !
	Initialyzed swapped data for i = 141, j = 269 sucessfully passed !
	Initialyzed swapped data for i = 141, j = 270 sucessfully passed !
	Initialyzed swapped data for i = 141, j = 271 sucessfully passed !
	Initialyzed swapped data for i = 141, j = 272 sucessfully passed !
	Initialyzed swapped data for i = 141, j = 273 sucessfully passed !
	Initialyzed swapped data for i = 141, j = 274 sucessfully passed !
	Initialyzed swapped data for i = 141, j = 275 sucessfully passed !
	Initialyzed swapped data for i = 141, j = 276 sucessfully passed !
	Initialyzed swapped data for i = 141, j = 277 sucessfully passed !
	Initialyzed swapped data for i = 141, j = 278 sucessfully passed !
	Initialyzed swapped data for i = 141, j = 279 sucessfully passed !
	Initialyzed swapped data for i = 141, j = 280 sucessfully passed !
	Initialyzed swapped data for i = 141, j = 281 sucessfully passed !
	Initialyzed swapped data for i = 141, j = 282 sucessfully passed !
	Initialyzed swapped data for i = 141, j = 283 sucessfully passed !
	Initialyzed swapped data for i = 141, j = 284 sucessfully passed !
	Initialyzed swapped data for i = 141, j = 285 sucessfully passed !
	Initialyzed swapped data for i = 141, j = 286 sucessfully passed !
	Initialyzed swapped data for i = 141, j = 287 sucessfully passed !
	Initialyzed swapped data for i = 141, j = 288 sucessfully passed !
	Initialyzed swapped data for i = 141, j = 289 sucessfully passed !
	Initialyzed swapped data for i = 141, j = 290 sucessfully passed !
	Initialyzed swapped data for i = 141, j = 291 sucessfully passed !
	Initialyzed swapped data for i = 141, j = 292 sucessfully passed !
	Initialyzed swapped data for i = 141, j = 293 sucessfully passed !
	Initialyzed swapped data for i = 141, j = 294 sucessfully passed !
	Initialyzed swapped data for i = 141, j = 295 sucessfully passed !
	Initialyzed swapped data for i = 141, j = 296 sucessfully passed !
	Initialyzed swapped data for i = 141, j = 297 sucessfully passed !
	Initialyzed swapped data for i = 141, j = 298 sucessfully passed !
	Initialyzed swapped data for i = 141, j = 299 sucessfully passed !
	Initialyzed swapped data for i = 141, j = 300 sucessfully passed !
	Initialyzed swapped data for i = 141, j = 301 sucessfully passed !
	Initialyzed swapped data for i = 141, j = 302 sucessfully passed !
	Initialyzed swapped data for i = 141, j = 303 sucessfully passed !
	Initialyzed swapped data for i = 141, j = 304 sucessfully passed !
	Initialyzed swapped data for i = 141, j = 305 sucessfully passed !
	Initialyzed swapped data for i = 141, j = 306 sucessfully passed !
	Initialyzed swapped data for i = 141, j = 307 sucessfully passed !
	Initialyzed swapped data for i = 141, j = 308 sucessfully passed !
	Initialyzed swapped data for i = 141, j = 309 sucessfully passed !
	Initialyzed swapped data for i = 141, j = 310 sucessfully passed !
	Initialyzed swapped data for i = 141, j = 311 sucessfully passed !
	Initialyzed swapped data for i = 141, j = 312 sucessfully passed !
	Initialyzed swapped data for i = 141, j = 313 sucessfully passed !
	Initialyzed swapped data for i = 141, j = 314 sucessfully passed !
	Initialyzed swapped data for i = 141, j = 315 sucessfully passed !
	Initialyzed swapped data for i = 141, j = 316 sucessfully passed !
	Initialyzed swapped data for i = 141, j = 317 sucessfully passed !
	Initialyzed swapped data for i = 141, j = 318 sucessfully passed !
	Initialyzed swapped data for i = 141, j = 319 sucessfully passed !
	Initialyzed swapped data for i = 141, j = 320 sucessfully passed !
	Initialyzed swapped data for i = 141, j = 321 sucessfully passed !
	Initialyzed swapped data for i = 141, j = 322 sucessfully passed !
	Initialyzed swapped data for i = 141, j = 323 sucessfully passed !
	Initialyzed swapped data for i = 141, j = 324 sucessfully passed !
	Initialyzed swapped data for i = 141, j = 325 sucessfully passed !
	Initialyzed swapped data for i = 141, j = 326 sucessfully passed !
	Initialyzed swapped data for i = 141, j = 327 sucessfully passed !
	Initialyzed swapped data for i = 141, j = 328 sucessfully passed !
	Initialyzed swapped data for i = 141, j = 329 sucessfully passed !
	Initialyzed swapped data for i = 141, j = 330 sucessfully passed !
	Initialyzed swapped data for i = 141, j = 331 sucessfully passed !
	Initialyzed swapped data for i = 141, j = 332 sucessfully passed !
	Initialyzed swapped data for i = 141, j = 333 sucessfully passed !
	Initialyzed swapped data for i = 141, j = 334 sucessfully passed !
	Initialyzed swapped data for i = 141, j = 335 sucessfully passed !
	Initialyzed swapped data for i = 141, j = 336 sucessfully passed !
	Initialyzed swapped data for i = 141, j = 337 sucessfully passed !
	Initialyzed swapped data for i = 141, j = 338 sucessfully passed !
	Initialyzed swapped data for i = 141, j = 339 sucessfully passed !
	Initialyzed swapped data for i = 141, j = 340 sucessfully passed !
	Initialyzed swapped data for i = 141, j = 341 sucessfully passed !
	Initialyzed swapped data for i = 141, j = 342 sucessfully passed !
	Initialyzed swapped data for i = 141, j = 343 sucessfully passed !
	Initialyzed swapped data for i = 141, j = 344 sucessfully passed !
	Initialyzed swapped data for i = 141, j = 345 sucessfully passed !
	Initialyzed swapped data for i = 141, j = 346 sucessfully passed !
	Initialyzed swapped data for i = 141, j = 347 sucessfully passed !
	Initialyzed swapped data for i = 141, j = 348 sucessfully passed !
	Initialyzed swapped data for i = 141, j = 349 sucessfully passed !
	Initialyzed swapped data for i = 141, j = 350 sucessfully passed !
	Initialyzed swapped data for i = 141, j = 351 sucessfully passed !
	Initialyzed swapped data for i = 141, j = 352 sucessfully passed !
	Initialyzed swapped data for i = 141, j = 353 sucessfully passed !
	Initialyzed swapped data for i = 141, j = 354 sucessfully passed !
	Initialyzed swapped data for i = 141, j = 355 sucessfully passed !
	Initialyzed swapped data for i = 141, j = 356 sucessfully passed !
	Initialyzed swapped data for i = 141, j = 357 sucessfully passed !
	Initialyzed swapped data for i = 141, j = 358 sucessfully passed !
	Initialyzed swapped data for i = 141, j = 359 sucessfully passed !
	Initialyzed swapped data for i = 141, j = 360 sucessfully passed !
	Initialyzed swapped data for i = 141, j = 361 sucessfully passed !
	Initialyzed swapped data for i = 141, j = 362 sucessfully passed !
	Initialyzed swapped data for i = 141, j = 363 sucessfully passed !
	Initialyzed swapped data for i = 141, j = 364 sucessfully passed !
	Initialyzed swapped data for i = 141, j = 365 sucessfully passed !
	Initialyzed swapped data for i = 141, j = 366 sucessfully passed !
	Initialyzed swapped data for i = 141, j = 367 sucessfully passed !
	Initialyzed swapped data for i = 141, j = 368 sucessfully passed !
	Initialyzed swapped data for i = 141, j = 369 sucessfully passed !
	Initialyzed swapped data for i = 141, j = 370 sucessfully passed !
	Initialyzed swapped data for i = 141, j = 371 sucessfully passed !
	Initialyzed swapped data for i = 141, j = 372 sucessfully passed !
	Initialyzed swapped data for i = 141, j = 373 sucessfully passed !
	Initialyzed swapped data for i = 141, j = 374 sucessfully passed !
	Initialyzed swapped data for i = 141, j = 375 sucessfully passed !
	Initialyzed swapped data for i = 141, j = 376 sucessfully passed !
	Initialyzed swapped data for i = 141, j = 377 sucessfully passed !
	Initialyzed swapped data for i = 141, j = 378 sucessfully passed !
	Initialyzed swapped data for i = 141, j = 379 sucessfully passed !
	Initialyzed swapped data for i = 141, j = 380 sucessfully passed !
	Initialyzed swapped data for i = 141, j = 381 sucessfully passed !
	Initialyzed swapped data for i = 141, j = 382 sucessfully passed !
	Initialyzed swapped data for i = 141, j = 383 sucessfully passed !
	Initialyzed swapped data for i = 141, j = 384 sucessfully passed !
	Initialyzed swapped data for i = 141, j = 385 sucessfully passed !
	Initialyzed swapped data for i = 141, j = 386 sucessfully passed !
	Initialyzed swapped data for i = 141, j = 387 sucessfully passed !
	Initialyzed swapped data for i = 141, j = 388 sucessfully passed !
	Initialyzed swapped data for i = 141, j = 389 sucessfully passed !
	Initialyzed swapped data for i = 141, j = 390 sucessfully passed !
	Initialyzed swapped data for i = 141, j = 391 sucessfully passed !
	Initialyzed swapped data for i = 141, j = 392 sucessfully passed !
	Initialyzed swapped data for i = 141, j = 393 sucessfully passed !
	Initialyzed swapped data for i = 141, j = 394 sucessfully passed !
	Initialyzed swapped data for i = 141, j = 395 sucessfully passed !
	Initialyzed swapped data for i = 141, j = 396 sucessfully passed !
	Initialyzed swapped data for i = 141, j = 397 sucessfully passed !
	Initialyzed swapped data for i = 141, j = 398 sucessfully passed !
	Initialyzed swapped data for i = 141, j = 399 sucessfully passed !
	Initialyzed swapped data for i = 141, j = 400 sucessfully passed !
	Initialyzed swapped data for i = 141, j = 401 sucessfully passed !
	Initialyzed swapped data for i = 141, j = 402 sucessfully passed !
	Initialyzed swapped data for i = 141, j = 403 sucessfully passed !
	Initialyzed swapped data for i = 141, j = 404 sucessfully passed !
	Initialyzed swapped data for i = 141, j = 405 sucessfully passed !
	Initialyzed swapped data for i = 141, j = 406 sucessfully passed !
	Initialyzed swapped data for i = 141, j = 407 sucessfully passed !
	Initialyzed swapped data for i = 141, j = 408 sucessfully passed !
	Initialyzed swapped data for i = 141, j = 409 sucessfully passed !
	Initialyzed swapped data for i = 141, j = 410 sucessfully passed !
	Initialyzed swapped data for i = 141, j = 411 sucessfully passed !
	Initialyzed swapped data for i = 141, j = 412 sucessfully passed !
	Initialyzed swapped data for i = 141, j = 413 sucessfully passed !
	Initialyzed swapped data for i = 141, j = 414 sucessfully passed !
	Initialyzed swapped data for i = 141, j = 415 sucessfully passed !
	Initialyzed swapped data for i = 141, j = 416 sucessfully passed !
	Initialyzed swapped data for i = 141, j = 417 sucessfully passed !
	Initialyzed swapped data for i = 141, j = 418 sucessfully passed !
	Initialyzed swapped data for i = 141, j = 419 sucessfully passed !
	Initialyzed swapped data for i = 141, j = 420 sucessfully passed !
	Initialyzed swapped data for i = 141, j = 421 sucessfully passed !
	Initialyzed swapped data for i = 141, j = 422 sucessfully passed !
	Initialyzed swapped data for i = 141, j = 423 sucessfully passed !
	Initialyzed swapped data for i = 141, j = 424 sucessfully passed !
	Initialyzed swapped data for i = 141, j = 425 sucessfully passed !
	Initialyzed swapped data for i = 141, j = 426 sucessfully passed !
	Initialyzed swapped data for i = 141, j = 427 sucessfully passed !
	Initialyzed swapped data for i = 141, j = 428 sucessfully passed !
	Initialyzed swapped data for i = 141, j = 429 sucessfully passed !
	Initialyzed swapped data for i = 141, j = 430 sucessfully passed !
	Initialyzed swapped data for i = 141, j = 431 sucessfully passed !
	Initialyzed swapped data for i = 141, j = 432 sucessfully passed !
	Initialyzed swapped data for i = 141, j = 433 sucessfully passed !
	Initialyzed swapped data for i = 142, j = 143 sucessfully passed !
	Initialyzed swapped data for i = 142, j = 144 sucessfully passed !
	Initialyzed swapped data for i = 142, j = 145 sucessfully passed !
	Initialyzed swapped data for i = 142, j = 146 sucessfully passed !
	Initialyzed swapped data for i = 142, j = 147 sucessfully passed !
	Initialyzed swapped data for i = 142, j = 148 sucessfully passed !
	Initialyzed swapped data for i = 142, j = 149 sucessfully passed !
	Initialyzed swapped data for i = 142, j = 150 sucessfully passed !
	Initialyzed swapped data for i = 142, j = 151 sucessfully passed !
	Initialyzed swapped data for i = 142, j = 152 sucessfully passed !
	Initialyzed swapped data for i = 142, j = 153 sucessfully passed !
	Initialyzed swapped data for i = 142, j = 154 sucessfully passed !
	Initialyzed swapped data for i = 142, j = 155 sucessfully passed !
	Initialyzed swapped data for i = 142, j = 156 sucessfully passed !
	Initialyzed swapped data for i = 142, j = 157 sucessfully passed !
	Initialyzed swapped data for i = 142, j = 158 sucessfully passed !
	Initialyzed swapped data for i = 142, j = 159 sucessfully passed !
	Initialyzed swapped data for i = 142, j = 160 sucessfully passed !
	Initialyzed swapped data for i = 142, j = 161 sucessfully passed !
	Initialyzed swapped data for i = 142, j = 162 sucessfully passed !
	Initialyzed swapped data for i = 142, j = 163 sucessfully passed !
	Initialyzed swapped data for i = 142, j = 164 sucessfully passed !
	Initialyzed swapped data for i = 142, j = 165 sucessfully passed !
	Initialyzed swapped data for i = 142, j = 166 sucessfully passed !
	Initialyzed swapped data for i = 142, j = 167 sucessfully passed !
	Initialyzed swapped data for i = 142, j = 168 sucessfully passed !
	Initialyzed swapped data for i = 142, j = 169 sucessfully passed !
	Initialyzed swapped data for i = 142, j = 170 sucessfully passed !
	Initialyzed swapped data for i = 142, j = 171 sucessfully passed !
	Initialyzed swapped data for i = 142, j = 172 sucessfully passed !
	Initialyzed swapped data for i = 142, j = 173 sucessfully passed !
	Initialyzed swapped data for i = 142, j = 174 sucessfully passed !
	Initialyzed swapped data for i = 142, j = 175 sucessfully passed !
	Initialyzed swapped data for i = 142, j = 176 sucessfully passed !
	Initialyzed swapped data for i = 142, j = 177 sucessfully passed !
	Initialyzed swapped data for i = 142, j = 178 sucessfully passed !
	Initialyzed swapped data for i = 142, j = 179 sucessfully passed !
	Initialyzed swapped data for i = 142, j = 180 sucessfully passed !
	Initialyzed swapped data for i = 142, j = 181 sucessfully passed !
	Initialyzed swapped data for i = 142, j = 182 sucessfully passed !
	Initialyzed swapped data for i = 142, j = 183 sucessfully passed !
	Initialyzed swapped data for i = 142, j = 184 sucessfully passed !
	Initialyzed swapped data for i = 142, j = 185 sucessfully passed !
	Initialyzed swapped data for i = 142, j = 186 sucessfully passed !
	Initialyzed swapped data for i = 142, j = 187 sucessfully passed !
	Initialyzed swapped data for i = 142, j = 188 sucessfully passed !
	Initialyzed swapped data for i = 142, j = 189 sucessfully passed !
	Initialyzed swapped data for i = 142, j = 190 sucessfully passed !
	Initialyzed swapped data for i = 142, j = 191 sucessfully passed !
	Initialyzed swapped data for i = 142, j = 192 sucessfully passed !
	Initialyzed swapped data for i = 142, j = 193 sucessfully passed !
	Initialyzed swapped data for i = 142, j = 194 sucessfully passed !
	Initialyzed swapped data for i = 142, j = 195 sucessfully passed !
	Initialyzed swapped data for i = 142, j = 196 sucessfully passed !
	Initialyzed swapped data for i = 142, j = 197 sucessfully passed !
	Initialyzed swapped data for i = 142, j = 198 sucessfully passed !
	Initialyzed swapped data for i = 142, j = 199 sucessfully passed !
	Initialyzed swapped data for i = 142, j = 200 sucessfully passed !
	Initialyzed swapped data for i = 142, j = 201 sucessfully passed !
	Initialyzed swapped data for i = 142, j = 202 sucessfully passed !
	Initialyzed swapped data for i = 142, j = 203 sucessfully passed !
	Initialyzed swapped data for i = 142, j = 204 sucessfully passed !
	Initialyzed swapped data for i = 142, j = 205 sucessfully passed !
	Initialyzed swapped data for i = 142, j = 206 sucessfully passed !
	Initialyzed swapped data for i = 142, j = 207 sucessfully passed !
	Initialyzed swapped data for i = 142, j = 208 sucessfully passed !
	Initialyzed swapped data for i = 142, j = 209 sucessfully passed !
	Initialyzed swapped data for i = 142, j = 210 sucessfully passed !
	Initialyzed swapped data for i = 142, j = 211 sucessfully passed !
	Initialyzed swapped data for i = 142, j = 212 sucessfully passed !
	Initialyzed swapped data for i = 142, j = 213 sucessfully passed !
	Initialyzed swapped data for i = 142, j = 214 sucessfully passed !
	Initialyzed swapped data for i = 142, j = 215 sucessfully passed !
	Initialyzed swapped data for i = 142, j = 216 sucessfully passed !
	Initialyzed swapped data for i = 142, j = 217 sucessfully passed !
	Initialyzed swapped data for i = 142, j = 218 sucessfully passed !
	Initialyzed swapped data for i = 142, j = 219 sucessfully passed !
	Initialyzed swapped data for i = 142, j = 220 sucessfully passed !
	Initialyzed swapped data for i = 142, j = 221 sucessfully passed !
	Initialyzed swapped data for i = 142, j = 222 sucessfully passed !
	Initialyzed swapped data for i = 142, j = 223 sucessfully passed !
	Initialyzed swapped data for i = 142, j = 224 sucessfully passed !
	Initialyzed swapped data for i = 142, j = 225 sucessfully passed !
	Initialyzed swapped data for i = 142, j = 226 sucessfully passed !
	Initialyzed swapped data for i = 142, j = 227 sucessfully passed !
	Initialyzed swapped data for i = 142, j = 228 sucessfully passed !
	Initialyzed swapped data for i = 142, j = 229 sucessfully passed !
	Initialyzed swapped data for i = 142, j = 230 sucessfully passed !
	Initialyzed swapped data for i = 142, j = 231 sucessfully passed !
	Initialyzed swapped data for i = 142, j = 232 sucessfully passed !
	Initialyzed swapped data for i = 142, j = 233 sucessfully passed !
	Initialyzed swapped data for i = 142, j = 234 sucessfully passed !
	Initialyzed swapped data for i = 142, j = 235 sucessfully passed !
	Initialyzed swapped data for i = 142, j = 236 sucessfully passed !
	Initialyzed swapped data for i = 142, j = 237 sucessfully passed !
	Initialyzed swapped data for i = 142, j = 238 sucessfully passed !
	Initialyzed swapped data for i = 142, j = 239 sucessfully passed !
	Initialyzed swapped data for i = 142, j = 240 sucessfully passed !
	Initialyzed swapped data for i = 142, j = 241 sucessfully passed !
	Initialyzed swapped data for i = 142, j = 242 sucessfully passed !
	Initialyzed swapped data for i = 142, j = 243 sucessfully passed !
	Initialyzed swapped data for i = 142, j = 244 sucessfully passed !
	Initialyzed swapped data for i = 142, j = 245 sucessfully passed !
	Initialyzed swapped data for i = 142, j = 246 sucessfully passed !
	Initialyzed swapped data for i = 142, j = 247 sucessfully passed !
	Initialyzed swapped data for i = 142, j = 248 sucessfully passed !
	Initialyzed swapped data for i = 142, j = 249 sucessfully passed !
	Initialyzed swapped data for i = 142, j = 250 sucessfully passed !
	Initialyzed swapped data for i = 142, j = 251 sucessfully passed !
	Initialyzed swapped data for i = 142, j = 252 sucessfully passed !
	Initialyzed swapped data for i = 142, j = 253 sucessfully passed !
	Initialyzed swapped data for i = 142, j = 254 sucessfully passed !
	Initialyzed swapped data for i = 142, j = 255 sucessfully passed !
	Initialyzed swapped data for i = 142, j = 256 sucessfully passed !
	Initialyzed swapped data for i = 142, j = 257 sucessfully passed !
	Initialyzed swapped data for i = 142, j = 258 sucessfully passed !
	Initialyzed swapped data for i = 142, j = 259 sucessfully passed !
	Initialyzed swapped data for i = 142, j = 260 sucessfully passed !
	Initialyzed swapped data for i = 142, j = 261 sucessfully passed !
	Initialyzed swapped data for i = 142, j = 262 sucessfully passed !
	Initialyzed swapped data for i = 142, j = 263 sucessfully passed !
	Initialyzed swapped data for i = 142, j = 264 sucessfully passed !
	Initialyzed swapped data for i = 142, j = 265 sucessfully passed !
	Initialyzed swapped data for i = 142, j = 266 sucessfully passed !
	Initialyzed swapped data for i = 142, j = 267 sucessfully passed !
	Initialyzed swapped data for i = 142, j = 268 sucessfully passed !
	Initialyzed swapped data for i = 142, j = 269 sucessfully passed !
	Initialyzed swapped data for i = 142, j = 270 sucessfully passed !
	Initialyzed swapped data for i = 142, j = 271 sucessfully passed !
	Initialyzed swapped data for i = 142, j = 272 sucessfully passed !
	Initialyzed swapped data for i = 142, j = 273 sucessfully passed !
	Initialyzed swapped data for i = 142, j = 274 sucessfully passed !
	Initialyzed swapped data for i = 142, j = 275 sucessfully passed !
	Initialyzed swapped data for i = 142, j = 276 sucessfully passed !
	Initialyzed swapped data for i = 142, j = 277 sucessfully passed !
	Initialyzed swapped data for i = 142, j = 278 sucessfully passed !
	Initialyzed swapped data for i = 142, j = 279 sucessfully passed !
	Initialyzed swapped data for i = 142, j = 280 sucessfully passed !
	Initialyzed swapped data for i = 142, j = 281 sucessfully passed !
	Initialyzed swapped data for i = 142, j = 282 sucessfully passed !
	Initialyzed swapped data for i = 142, j = 283 sucessfully passed !
	Initialyzed swapped data for i = 142, j = 284 sucessfully passed !
	Initialyzed swapped data for i = 142, j = 285 sucessfully passed !
	Initialyzed swapped data for i = 142, j = 286 sucessfully passed !
	Initialyzed swapped data for i = 142, j = 287 sucessfully passed !
	Initialyzed swapped data for i = 142, j = 288 sucessfully passed !
	Initialyzed swapped data for i = 142, j = 289 sucessfully passed !
	Initialyzed swapped data for i = 142, j = 290 sucessfully passed !
	Initialyzed swapped data for i = 142, j = 291 sucessfully passed !
	Initialyzed swapped data for i = 142, j = 292 sucessfully passed !
	Initialyzed swapped data for i = 142, j = 293 sucessfully passed !
	Initialyzed swapped data for i = 142, j = 294 sucessfully passed !
	Initialyzed swapped data for i = 142, j = 295 sucessfully passed !
	Initialyzed swapped data for i = 142, j = 296 sucessfully passed !
	Initialyzed swapped data for i = 142, j = 297 sucessfully passed !
	Initialyzed swapped data for i = 142, j = 298 sucessfully passed !
	Initialyzed swapped data for i = 142, j = 299 sucessfully passed !
	Initialyzed swapped data for i = 142, j = 300 sucessfully passed !
	Initialyzed swapped data for i = 142, j = 301 sucessfully passed !
	Initialyzed swapped data for i = 142, j = 302 sucessfully passed !
	Initialyzed swapped data for i = 142, j = 303 sucessfully passed !
	Initialyzed swapped data for i = 142, j = 304 sucessfully passed !
	Initialyzed swapped data for i = 142, j = 305 sucessfully passed !
	Initialyzed swapped data for i = 142, j = 306 sucessfully passed !
	Initialyzed swapped data for i = 142, j = 307 sucessfully passed !
	Initialyzed swapped data for i = 142, j = 308 sucessfully passed !
	Initialyzed swapped data for i = 142, j = 309 sucessfully passed !
	Initialyzed swapped data for i = 142, j = 310 sucessfully passed !
	Initialyzed swapped data for i = 142, j = 311 sucessfully passed !
	Initialyzed swapped data for i = 142, j = 312 sucessfully passed !
	Initialyzed swapped data for i = 142, j = 313 sucessfully passed !
	Initialyzed swapped data for i = 142, j = 314 sucessfully passed !
	Initialyzed swapped data for i = 142, j = 315 sucessfully passed !
	Initialyzed swapped data for i = 142, j = 316 sucessfully passed !
	Initialyzed swapped data for i = 142, j = 317 sucessfully passed !
	Initialyzed swapped data for i = 142, j = 318 sucessfully passed !
	Initialyzed swapped data for i = 142, j = 319 sucessfully passed !
	Initialyzed swapped data for i = 142, j = 320 sucessfully passed !
	Initialyzed swapped data for i = 142, j = 321 sucessfully passed !
	Initialyzed swapped data for i = 142, j = 322 sucessfully passed !
	Initialyzed swapped data for i = 142, j = 323 sucessfully passed !
	Initialyzed swapped data for i = 142, j = 324 sucessfully passed !
	Initialyzed swapped data for i = 142, j = 325 sucessfully passed !
	Initialyzed swapped data for i = 142, j = 326 sucessfully passed !
	Initialyzed swapped data for i = 142, j = 327 sucessfully passed !
	Initialyzed swapped data for i = 142, j = 328 sucessfully passed !
	Initialyzed swapped data for i = 142, j = 329 sucessfully passed !
	Initialyzed swapped data for i = 142, j = 330 sucessfully passed !
	Initialyzed swapped data for i = 142, j = 331 sucessfully passed !
	Initialyzed swapped data for i = 142, j = 332 sucessfully passed !
	Initialyzed swapped data for i = 142, j = 333 sucessfully passed !
	Initialyzed swapped data for i = 142, j = 334 sucessfully passed !
	Initialyzed swapped data for i = 142, j = 335 sucessfully passed !
	Initialyzed swapped data for i = 142, j = 336 sucessfully passed !
	Initialyzed swapped data for i = 142, j = 337 sucessfully passed !
	Initialyzed swapped data for i = 142, j = 338 sucessfully passed !
	Initialyzed swapped data for i = 142, j = 339 sucessfully passed !
	Initialyzed swapped data for i = 142, j = 340 sucessfully passed !
	Initialyzed swapped data for i = 142, j = 341 sucessfully passed !
	Initialyzed swapped data for i = 142, j = 342 sucessfully passed !
	Initialyzed swapped data for i = 142, j = 343 sucessfully passed !
	Initialyzed swapped data for i = 142, j = 344 sucessfully passed !
	Initialyzed swapped data for i = 142, j = 345 sucessfully passed !
	Initialyzed swapped data for i = 142, j = 346 sucessfully passed !
	Initialyzed swapped data for i = 142, j = 347 sucessfully passed !
	Initialyzed swapped data for i = 142, j = 348 sucessfully passed !
	Initialyzed swapped data for i = 142, j = 349 sucessfully passed !
	Initialyzed swapped data for i = 142, j = 350 sucessfully passed !
	Initialyzed swapped data for i = 142, j = 351 sucessfully passed !
	Initialyzed swapped data for i = 142, j = 352 sucessfully passed !
	Initialyzed swapped data for i = 142, j = 353 sucessfully passed !
	Initialyzed swapped data for i = 142, j = 354 sucessfully passed !
	Initialyzed swapped data for i = 142, j = 355 sucessfully passed !
	Initialyzed swapped data for i = 142, j = 356 sucessfully passed !
	Initialyzed swapped data for i = 142, j = 357 sucessfully passed !
	Initialyzed swapped data for i = 142, j = 358 sucessfully passed !
	Initialyzed swapped data for i = 142, j = 359 sucessfully passed !
	Initialyzed swapped data for i = 142, j = 360 sucessfully passed !
	Initialyzed swapped data for i = 142, j = 361 sucessfully passed !
	Initialyzed swapped data for i = 142, j = 362 sucessfully passed !
	Initialyzed swapped data for i = 142, j = 363 sucessfully passed !
	Initialyzed swapped data for i = 142, j = 364 sucessfully passed !
	Initialyzed swapped data for i = 142, j = 365 sucessfully passed !
	Initialyzed swapped data for i = 142, j = 366 sucessfully passed !
	Initialyzed swapped data for i = 142, j = 367 sucessfully passed !
	Initialyzed swapped data for i = 142, j = 368 sucessfully passed !
	Initialyzed swapped data for i = 142, j = 369 sucessfully passed !
	Initialyzed swapped data for i = 142, j = 370 sucessfully passed !
	Initialyzed swapped data for i = 142, j = 371 sucessfully passed !
	Initialyzed swapped data for i = 142, j = 372 sucessfully passed !
	Initialyzed swapped data for i = 142, j = 373 sucessfully passed !
	Initialyzed swapped data for i = 142, j = 374 sucessfully passed !
	Initialyzed swapped data for i = 142, j = 375 sucessfully passed !
	Initialyzed swapped data for i = 142, j = 376 sucessfully passed !
	Initialyzed swapped data for i = 142, j = 377 sucessfully passed !
	Initialyzed swapped data for i = 142, j = 378 sucessfully passed !
	Initialyzed swapped data for i = 142, j = 379 sucessfully passed !
	Initialyzed swapped data for i = 142, j = 380 sucessfully passed !
	Initialyzed swapped data for i = 142, j = 381 sucessfully passed !
	Initialyzed swapped data for i = 142, j = 382 sucessfully passed !
	Initialyzed swapped data for i = 142, j = 383 sucessfully passed !
	Initialyzed swapped data for i = 142, j = 384 sucessfully passed !
	Initialyzed swapped data for i = 142, j = 385 sucessfully passed !
	Initialyzed swapped data for i = 142, j = 386 sucessfully passed !
	Initialyzed swapped data for i = 142, j = 387 sucessfully passed !
	Initialyzed swapped data for i = 142, j = 388 sucessfully passed !
	Initialyzed swapped data for i = 142, j = 389 sucessfully passed !
	Initialyzed swapped data for i = 142, j = 390 sucessfully passed !
	Initialyzed swapped data for i = 142, j = 391 sucessfully passed !
	Initialyzed swapped data for i = 142, j = 392 sucessfully passed !
	Initialyzed swapped data for i = 142, j = 393 sucessfully passed !
	Initialyzed swapped data for i = 142, j = 394 sucessfully passed !
	Initialyzed swapped data for i = 142, j = 395 sucessfully passed !
	Initialyzed swapped data for i = 142, j = 396 sucessfully passed !
	Initialyzed swapped data for i = 142, j = 397 sucessfully passed !
	Initialyzed swapped data for i = 142, j = 398 sucessfully passed !
	Initialyzed swapped data for i = 142, j = 399 sucessfully passed !
	Initialyzed swapped data for i = 142, j = 400 sucessfully passed !
	Initialyzed swapped data for i = 142, j = 401 sucessfully passed !
	Initialyzed swapped data for i = 142, j = 402 sucessfully passed !
	Initialyzed swapped data for i = 142, j = 403 sucessfully passed !
	Initialyzed swapped data for i = 142, j = 404 sucessfully passed !
	Initialyzed swapped data for i = 142, j = 405 sucessfully passed !
	Initialyzed swapped data for i = 142, j = 406 sucessfully passed !
	Initialyzed swapped data for i = 142, j = 407 sucessfully passed !
	Initialyzed swapped data for i = 142, j = 408 sucessfully passed !
	Initialyzed swapped data for i = 142, j = 409 sucessfully passed !
	Initialyzed swapped data for i = 142, j = 410 sucessfully passed !
	Initialyzed swapped data for i = 142, j = 411 sucessfully passed !
	Initialyzed swapped data for i = 142, j = 412 sucessfully passed !
	Initialyzed swapped data for i = 142, j = 413 sucessfully passed !
	Initialyzed swapped data for i = 142, j = 414 sucessfully passed !
	Initialyzed swapped data for i = 142, j = 415 sucessfully passed !
	Initialyzed swapped data for i = 142, j = 416 sucessfully passed !
	Initialyzed swapped data for i = 142, j = 417 sucessfully passed !
	Initialyzed swapped data for i = 142, j = 418 sucessfully passed !
	Initialyzed swapped data for i = 142, j = 419 sucessfully passed !
	Initialyzed swapped data for i = 142, j = 420 sucessfully passed !
	Initialyzed swapped data for i = 142, j = 421 sucessfully passed !
	Initialyzed swapped data for i = 142, j = 422 sucessfully passed !
	Initialyzed swapped data for i = 142, j = 423 sucessfully passed !
	Initialyzed swapped data for i = 142, j = 424 sucessfully passed !
	Initialyzed swapped data for i = 142, j = 425 sucessfully passed !
	Initialyzed swapped data for i = 142, j = 426 sucessfully passed !
	Initialyzed swapped data for i = 142, j = 427 sucessfully passed !
	Initialyzed swapped data for i = 142, j = 428 sucessfully passed !
	Initialyzed swapped data for i = 142, j = 429 sucessfully passed !
	Initialyzed swapped data for i = 142, j = 430 sucessfully passed !
	Initialyzed swapped data for i = 142, j = 431 sucessfully passed !
	Initialyzed swapped data for i = 142, j = 432 sucessfully passed !
	Initialyzed swapped data for i = 142, j = 433 sucessfully passed !
	Initialyzed swapped data for i = 143, j = 144 sucessfully passed !
	Initialyzed swapped data for i = 143, j = 145 sucessfully passed !
	Initialyzed swapped data for i = 143, j = 146 sucessfully passed !
	Initialyzed swapped data for i = 143, j = 147 sucessfully passed !
	Initialyzed swapped data for i = 143, j = 148 sucessfully passed !
	Initialyzed swapped data for i = 143, j = 149 sucessfully passed !
	Initialyzed swapped data for i = 143, j = 150 sucessfully passed !
	Initialyzed swapped data for i = 143, j = 151 sucessfully passed !
	Initialyzed swapped data for i = 143, j = 152 sucessfully passed !
	Initialyzed swapped data for i = 143, j = 153 sucessfully passed !
	Initialyzed swapped data for i = 143, j = 154 sucessfully passed !
	Initialyzed swapped data for i = 143, j = 155 sucessfully passed !
	Initialyzed swapped data for i = 143, j = 156 sucessfully passed !
	Initialyzed swapped data for i = 143, j = 157 sucessfully passed !
	Initialyzed swapped data for i = 143, j = 158 sucessfully passed !
	Initialyzed swapped data for i = 143, j = 159 sucessfully passed !
	Initialyzed swapped data for i = 143, j = 160 sucessfully passed !
	Initialyzed swapped data for i = 143, j = 161 sucessfully passed !
	Initialyzed swapped data for i = 143, j = 162 sucessfully passed !
	Initialyzed swapped data for i = 143, j = 163 sucessfully passed !
	Initialyzed swapped data for i = 143, j = 164 sucessfully passed !
	Initialyzed swapped data for i = 143, j = 165 sucessfully passed !
	Initialyzed swapped data for i = 143, j = 166 sucessfully passed !
	Initialyzed swapped data for i = 143, j = 167 sucessfully passed !
	Initialyzed swapped data for i = 143, j = 168 sucessfully passed !
	Initialyzed swapped data for i = 143, j = 169 sucessfully passed !
	Initialyzed swapped data for i = 143, j = 170 sucessfully passed !
	Initialyzed swapped data for i = 143, j = 171 sucessfully passed !
	Initialyzed swapped data for i = 143, j = 172 sucessfully passed !
	Initialyzed swapped data for i = 143, j = 173 sucessfully passed !
	Initialyzed swapped data for i = 143, j = 174 sucessfully passed !
	Initialyzed swapped data for i = 143, j = 175 sucessfully passed !
	Initialyzed swapped data for i = 143, j = 176 sucessfully passed !
	Initialyzed swapped data for i = 143, j = 177 sucessfully passed !
	Initialyzed swapped data for i = 143, j = 178 sucessfully passed !
	Initialyzed swapped data for i = 143, j = 179 sucessfully passed !
	Initialyzed swapped data for i = 143, j = 180 sucessfully passed !
	Initialyzed swapped data for i = 143, j = 181 sucessfully passed !
	Initialyzed swapped data for i = 143, j = 182 sucessfully passed !
	Initialyzed swapped data for i = 143, j = 183 sucessfully passed !
	Initialyzed swapped data for i = 143, j = 184 sucessfully passed !
	Initialyzed swapped data for i = 143, j = 185 sucessfully passed !
	Initialyzed swapped data for i = 143, j = 186 sucessfully passed !
	Initialyzed swapped data for i = 143, j = 187 sucessfully passed !
	Initialyzed swapped data for i = 143, j = 188 sucessfully passed !
	Initialyzed swapped data for i = 143, j = 189 sucessfully passed !
	Initialyzed swapped data for i = 143, j = 190 sucessfully passed !
	Initialyzed swapped data for i = 143, j = 191 sucessfully passed !
	Initialyzed swapped data for i = 143, j = 192 sucessfully passed !
	Initialyzed swapped data for i = 143, j = 193 sucessfully passed !
	Initialyzed swapped data for i = 143, j = 194 sucessfully passed !
	Initialyzed swapped data for i = 143, j = 195 sucessfully passed !
	Initialyzed swapped data for i = 143, j = 196 sucessfully passed !
	Initialyzed swapped data for i = 143, j = 197 sucessfully passed !
	Initialyzed swapped data for i = 143, j = 198 sucessfully passed !
	Initialyzed swapped data for i = 143, j = 199 sucessfully passed !
	Initialyzed swapped data for i = 143, j = 200 sucessfully passed !
	Initialyzed swapped data for i = 143, j = 201 sucessfully passed !
	Initialyzed swapped data for i = 143, j = 202 sucessfully passed !
	Initialyzed swapped data for i = 143, j = 203 sucessfully passed !
	Initialyzed swapped data for i = 143, j = 204 sucessfully passed !
	Initialyzed swapped data for i = 143, j = 205 sucessfully passed !
	Initialyzed swapped data for i = 143, j = 206 sucessfully passed !
	Initialyzed swapped data for i = 143, j = 207 sucessfully passed !
	Initialyzed swapped data for i = 143, j = 208 sucessfully passed !
	Initialyzed swapped data for i = 143, j = 209 sucessfully passed !
	Initialyzed swapped data for i = 143, j = 210 sucessfully passed !
	Initialyzed swapped data for i = 143, j = 211 sucessfully passed !
	Initialyzed swapped data for i = 143, j = 212 sucessfully passed !
	Initialyzed swapped data for i = 143, j = 213 sucessfully passed !
	Initialyzed swapped data for i = 143, j = 214 sucessfully passed !
	Initialyzed swapped data for i = 143, j = 215 sucessfully passed !
	Initialyzed swapped data for i = 143, j = 216 sucessfully passed !
	Initialyzed swapped data for i = 143, j = 217 sucessfully passed !
	Initialyzed swapped data for i = 143, j = 218 sucessfully passed !
	Initialyzed swapped data for i = 143, j = 219 sucessfully passed !
	Initialyzed swapped data for i = 143, j = 220 sucessfully passed !
	Initialyzed swapped data for i = 143, j = 221 sucessfully passed !
	Initialyzed swapped data for i = 143, j = 222 sucessfully passed !
	Initialyzed swapped data for i = 143, j = 223 sucessfully passed !
	Initialyzed swapped data for i = 143, j = 224 sucessfully passed !
	Initialyzed swapped data for i = 143, j = 225 sucessfully passed !
	Initialyzed swapped data for i = 143, j = 226 sucessfully passed !
	Initialyzed swapped data for i = 143, j = 227 sucessfully passed !
	Initialyzed swapped data for i = 143, j = 228 sucessfully passed !
	Initialyzed swapped data for i = 143, j = 229 sucessfully passed !
	Initialyzed swapped data for i = 143, j = 230 sucessfully passed !
	Initialyzed swapped data for i = 143, j = 231 sucessfully passed !
	Initialyzed swapped data for i = 143, j = 232 sucessfully passed !
	Initialyzed swapped data for i = 143, j = 233 sucessfully passed !
	Initialyzed swapped data for i = 143, j = 234 sucessfully passed !
	Initialyzed swapped data for i = 143, j = 235 sucessfully passed !
	Initialyzed swapped data for i = 143, j = 236 sucessfully passed !
	Initialyzed swapped data for i = 143, j = 237 sucessfully passed !
	Initialyzed swapped data for i = 143, j = 238 sucessfully passed !
	Initialyzed swapped data for i = 143, j = 239 sucessfully passed !
	Initialyzed swapped data for i = 143, j = 240 sucessfully passed !
	Initialyzed swapped data for i = 143, j = 241 sucessfully passed !
	Initialyzed swapped data for i = 143, j = 242 sucessfully passed !
	Initialyzed swapped data for i = 143, j = 243 sucessfully passed !
	Initialyzed swapped data for i = 143, j = 244 sucessfully passed !
	Initialyzed swapped data for i = 143, j = 245 sucessfully passed !
	Initialyzed swapped data for i = 143, j = 246 sucessfully passed !
	Initialyzed swapped data for i = 143, j = 247 sucessfully passed !
	Initialyzed swapped data for i = 143, j = 248 sucessfully passed !
	Initialyzed swapped data for i = 143, j = 249 sucessfully passed !
	Initialyzed swapped data for i = 143, j = 250 sucessfully passed !
	Initialyzed swapped data for i = 143, j = 251 sucessfully passed !
	Initialyzed swapped data for i = 143, j = 252 sucessfully passed !
	Initialyzed swapped data for i = 143, j = 253 sucessfully passed !
	Initialyzed swapped data for i = 143, j = 254 sucessfully passed !
	Initialyzed swapped data for i = 143, j = 255 sucessfully passed !
	Initialyzed swapped data for i = 143, j = 256 sucessfully passed !
	Initialyzed swapped data for i = 143, j = 257 sucessfully passed !
	Initialyzed swapped data for i = 143, j = 258 sucessfully passed !
	Initialyzed swapped data for i = 143, j = 259 sucessfully passed !
	Initialyzed swapped data for i = 143, j = 260 sucessfully passed !
	Initialyzed swapped data for i = 143, j = 261 sucessfully passed !
	Initialyzed swapped data for i = 143, j = 262 sucessfully passed !
	Initialyzed swapped data for i = 143, j = 263 sucessfully passed !
	Initialyzed swapped data for i = 143, j = 264 sucessfully passed !
	Initialyzed swapped data for i = 143, j = 265 sucessfully passed !
	Initialyzed swapped data for i = 143, j = 266 sucessfully passed !
	Initialyzed swapped data for i = 143, j = 267 sucessfully passed !
	Initialyzed swapped data for i = 143, j = 268 sucessfully passed !
	Initialyzed swapped data for i = 143, j = 269 sucessfully passed !
	Initialyzed swapped data for i = 143, j = 270 sucessfully passed !
	Initialyzed swapped data for i = 143, j = 271 sucessfully passed !
	Initialyzed swapped data for i = 143, j = 272 sucessfully passed !
	Initialyzed swapped data for i = 143, j = 273 sucessfully passed !
	Initialyzed swapped data for i = 143, j = 274 sucessfully passed !
	Initialyzed swapped data for i = 143, j = 275 sucessfully passed !
	Initialyzed swapped data for i = 143, j = 276 sucessfully passed !
	Initialyzed swapped data for i = 143, j = 277 sucessfully passed !
	Initialyzed swapped data for i = 143, j = 278 sucessfully passed !
	Initialyzed swapped data for i = 143, j = 279 sucessfully passed !
	Initialyzed swapped data for i = 143, j = 280 sucessfully passed !
	Initialyzed swapped data for i = 143, j = 281 sucessfully passed !
	Initialyzed swapped data for i = 143, j = 282 sucessfully passed !
	Initialyzed swapped data for i = 143, j = 283 sucessfully passed !
	Initialyzed swapped data for i = 143, j = 284 sucessfully passed !
	Initialyzed swapped data for i = 143, j = 285 sucessfully passed !
	Initialyzed swapped data for i = 143, j = 286 sucessfully passed !
	Initialyzed swapped data for i = 143, j = 287 sucessfully passed !
	Initialyzed swapped data for i = 143, j = 288 sucessfully passed !
	Initialyzed swapped data for i = 143, j = 289 sucessfully passed !
	Initialyzed swapped data for i = 143, j = 290 sucessfully passed !
	Initialyzed swapped data for i = 143, j = 291 sucessfully passed !
	Initialyzed swapped data for i = 143, j = 292 sucessfully passed !
	Initialyzed swapped data for i = 143, j = 293 sucessfully passed !
	Initialyzed swapped data for i = 143, j = 294 sucessfully passed !
	Initialyzed swapped data for i = 143, j = 295 sucessfully passed !
	Initialyzed swapped data for i = 143, j = 296 sucessfully passed !
	Initialyzed swapped data for i = 143, j = 297 sucessfully passed !
	Initialyzed swapped data for i = 143, j = 298 sucessfully passed !
	Initialyzed swapped data for i = 143, j = 299 sucessfully passed !
	Initialyzed swapped data for i = 143, j = 300 sucessfully passed !
	Initialyzed swapped data for i = 143, j = 301 sucessfully passed !
	Initialyzed swapped data for i = 143, j = 302 sucessfully passed !
	Initialyzed swapped data for i = 143, j = 303 sucessfully passed !
	Initialyzed swapped data for i = 143, j = 304 sucessfully passed !
	Initialyzed swapped data for i = 143, j = 305 sucessfully passed !
	Initialyzed swapped data for i = 143, j = 306 sucessfully passed !
	Initialyzed swapped data for i = 143, j = 307 sucessfully passed !
	Initialyzed swapped data for i = 143, j = 308 sucessfully passed !
	Initialyzed swapped data for i = 143, j = 309 sucessfully passed !
	Initialyzed swapped data for i = 143, j = 310 sucessfully passed !
	Initialyzed swapped data for i = 143, j = 311 sucessfully passed !
	Initialyzed swapped data for i = 143, j = 312 sucessfully passed !
	Initialyzed swapped data for i = 143, j = 313 sucessfully passed !
	Initialyzed swapped data for i = 143, j = 314 sucessfully passed !
	Initialyzed swapped data for i = 143, j = 315 sucessfully passed !
	Initialyzed swapped data for i = 143, j = 316 sucessfully passed !
	Initialyzed swapped data for i = 143, j = 317 sucessfully passed !
	Initialyzed swapped data for i = 143, j = 318 sucessfully passed !
	Initialyzed swapped data for i = 143, j = 319 sucessfully passed !
	Initialyzed swapped data for i = 143, j = 320 sucessfully passed !
	Initialyzed swapped data for i = 143, j = 321 sucessfully passed !
	Initialyzed swapped data for i = 143, j = 322 sucessfully passed !
	Initialyzed swapped data for i = 143, j = 323 sucessfully passed !
	Initialyzed swapped data for i = 143, j = 324 sucessfully passed !
	Initialyzed swapped data for i = 143, j = 325 sucessfully passed !
	Initialyzed swapped data for i = 143, j = 326 sucessfully passed !
	Initialyzed swapped data for i = 143, j = 327 sucessfully passed !
	Initialyzed swapped data for i = 143, j = 328 sucessfully passed !
	Initialyzed swapped data for i = 143, j = 329 sucessfully passed !
	Initialyzed swapped data for i = 143, j = 330 sucessfully passed !
	Initialyzed swapped data for i = 143, j = 331 sucessfully passed !
	Initialyzed swapped data for i = 143, j = 332 sucessfully passed !
	Initialyzed swapped data for i = 143, j = 333 sucessfully passed !
	Initialyzed swapped data for i = 143, j = 334 sucessfully passed !
	Initialyzed swapped data for i = 143, j = 335 sucessfully passed !
	Initialyzed swapped data for i = 143, j = 336 sucessfully passed !
	Initialyzed swapped data for i = 143, j = 337 sucessfully passed !
	Initialyzed swapped data for i = 143, j = 338 sucessfully passed !
	Initialyzed swapped data for i = 143, j = 339 sucessfully passed !
	Initialyzed swapped data for i = 143, j = 340 sucessfully passed !
	Initialyzed swapped data for i = 143, j = 341 sucessfully passed !
	Initialyzed swapped data for i = 143, j = 342 sucessfully passed !
	Initialyzed swapped data for i = 143, j = 343 sucessfully passed !
	Initialyzed swapped data for i = 143, j = 344 sucessfully passed !
	Initialyzed swapped data for i = 143, j = 345 sucessfully passed !
	Initialyzed swapped data for i = 143, j = 346 sucessfully passed !
	Initialyzed swapped data for i = 143, j = 347 sucessfully passed !
	Initialyzed swapped data for i = 143, j = 348 sucessfully passed !
	Initialyzed swapped data for i = 143, j = 349 sucessfully passed !
	Initialyzed swapped data for i = 143, j = 350 sucessfully passed !
	Initialyzed swapped data for i = 143, j = 351 sucessfully passed !
	Initialyzed swapped data for i = 143, j = 352 sucessfully passed !
	Initialyzed swapped data for i = 143, j = 353 sucessfully passed !
	Initialyzed swapped data for i = 143, j = 354 sucessfully passed !
	Initialyzed swapped data for i = 143, j = 355 sucessfully passed !
	Initialyzed swapped data for i = 143, j = 356 sucessfully passed !
	Initialyzed swapped data for i = 143, j = 357 sucessfully passed !
	Initialyzed swapped data for i = 143, j = 358 sucessfully passed !
	Initialyzed swapped data for i = 143, j = 359 sucessfully passed !
	Initialyzed swapped data for i = 143, j = 360 sucessfully passed !
	Initialyzed swapped data for i = 143, j = 361 sucessfully passed !
	Initialyzed swapped data for i = 143, j = 362 sucessfully passed !
	Initialyzed swapped data for i = 143, j = 363 sucessfully passed !
	Initialyzed swapped data for i = 143, j = 364 sucessfully passed !
	Initialyzed swapped data for i = 143, j = 365 sucessfully passed !
	Initialyzed swapped data for i = 143, j = 366 sucessfully passed !
	Initialyzed swapped data for i = 143, j = 367 sucessfully passed !
	Initialyzed swapped data for i = 143, j = 368 sucessfully passed !
	Initialyzed swapped data for i = 143, j = 369 sucessfully passed !
	Initialyzed swapped data for i = 143, j = 370 sucessfully passed !
	Initialyzed swapped data for i = 143, j = 371 sucessfully passed !
	Initialyzed swapped data for i = 143, j = 372 sucessfully passed !
	Initialyzed swapped data for i = 143, j = 373 sucessfully passed !
	Initialyzed swapped data for i = 143, j = 374 sucessfully passed !
	Initialyzed swapped data for i = 143, j = 375 sucessfully passed !
	Initialyzed swapped data for i = 143, j = 376 sucessfully passed !
	Initialyzed swapped data for i = 143, j = 377 sucessfully passed !
	Initialyzed swapped data for i = 143, j = 378 sucessfully passed !
	Initialyzed swapped data for i = 143, j = 379 sucessfully passed !
	Initialyzed swapped data for i = 143, j = 380 sucessfully passed !
	Initialyzed swapped data for i = 143, j = 381 sucessfully passed !
	Initialyzed swapped data for i = 143, j = 382 sucessfully passed !
	Initialyzed swapped data for i = 143, j = 383 sucessfully passed !
	Initialyzed swapped data for i = 143, j = 384 sucessfully passed !
	Initialyzed swapped data for i = 143, j = 385 sucessfully passed !
	Initialyzed swapped data for i = 143, j = 386 sucessfully passed !
	Initialyzed swapped data for i = 143, j = 387 sucessfully passed !
	Initialyzed swapped data for i = 143, j = 388 sucessfully passed !
	Initialyzed swapped data for i = 143, j = 389 sucessfully passed !
	Initialyzed swapped data for i = 143, j = 390 sucessfully passed !
	Initialyzed swapped data for i = 143, j = 391 sucessfully passed !
	Initialyzed swapped data for i = 143, j = 392 sucessfully passed !
	Initialyzed swapped data for i = 143, j = 393 sucessfully passed !
	Initialyzed swapped data for i = 143, j = 394 sucessfully passed !
	Initialyzed swapped data for i = 143, j = 395 sucessfully passed !
	Initialyzed swapped data for i = 143, j = 396 sucessfully passed !
	Initialyzed swapped data for i = 143, j = 397 sucessfully passed !
	Initialyzed swapped data for i = 143, j = 398 sucessfully passed !
	Initialyzed swapped data for i = 143, j = 399 sucessfully passed !
	Initialyzed swapped data for i = 143, j = 400 sucessfully passed !
	Initialyzed swapped data for i = 143, j = 401 sucessfully passed !
	Initialyzed swapped data for i = 143, j = 402 sucessfully passed !
	Initialyzed swapped data for i = 143, j = 403 sucessfully passed !
	Initialyzed swapped data for i = 143, j = 404 sucessfully passed !
	Initialyzed swapped data for i = 143, j = 405 sucessfully passed !
	Initialyzed swapped data for i = 143, j = 406 sucessfully passed !
	Initialyzed swapped data for i = 143, j = 407 sucessfully passed !
	Initialyzed swapped data for i = 143, j = 408 sucessfully passed !
	Initialyzed swapped data for i = 143, j = 409 sucessfully passed !
	Initialyzed swapped data for i = 143, j = 410 sucessfully passed !
	Initialyzed swapped data for i = 143, j = 411 sucessfully passed !
	Initialyzed swapped data for i = 143, j = 412 sucessfully passed !
	Initialyzed swapped data for i = 143, j = 413 sucessfully passed !
	Initialyzed swapped data for i = 143, j = 414 sucessfully passed !
	Initialyzed swapped data for i = 143, j = 415 sucessfully passed !
	Initialyzed swapped data for i = 143, j = 416 sucessfully passed !
	Initialyzed swapped data for i = 143, j = 417 sucessfully passed !
	Initialyzed swapped data for i = 143, j = 418 sucessfully passed !
	Initialyzed swapped data for i = 143, j = 419 sucessfully passed !
	Initialyzed swapped data for i = 143, j = 420 sucessfully passed !
	Initialyzed swapped data for i = 143, j = 421 sucessfully passed !
	Initialyzed swapped data for i = 143, j = 422 sucessfully passed !
	Initialyzed swapped data for i = 143, j = 423 sucessfully passed !
	Initialyzed swapped data for i = 143, j = 424 sucessfully passed !
	Initialyzed swapped data for i = 143, j = 425 sucessfully passed !
	Initialyzed swapped data for i = 143, j = 426 sucessfully passed !
	Initialyzed swapped data for i = 143, j = 427 sucessfully passed !
	Initialyzed swapped data for i = 143, j = 428 sucessfully passed !
	Initialyzed swapped data for i = 143, j = 429 sucessfully passed !
	Initialyzed swapped data for i = 143, j = 430 sucessfully passed !
	Initialyzed swapped data for i = 143, j = 431 sucessfully passed !
	Initialyzed swapped data for i = 143, j = 432 sucessfully passed !
	Initialyzed swapped data for i = 143, j = 433 sucessfully passed !
	Initialyzed swapped data for i = 144, j = 145 sucessfully passed !
	Initialyzed swapped data for i = 144, j = 146 sucessfully passed !
	Initialyzed swapped data for i = 144, j = 147 sucessfully passed !
	Initialyzed swapped data for i = 144, j = 148 sucessfully passed !
	Initialyzed swapped data for i = 144, j = 149 sucessfully passed !
	Initialyzed swapped data for i = 144, j = 150 sucessfully passed !
	Initialyzed swapped data for i = 144, j = 151 sucessfully passed !
	Initialyzed swapped data for i = 144, j = 152 sucessfully passed !
	Initialyzed swapped data for i = 144, j = 153 sucessfully passed !
	Initialyzed swapped data for i = 144, j = 154 sucessfully passed !
	Initialyzed swapped data for i = 144, j = 155 sucessfully passed !
	Initialyzed swapped data for i = 144, j = 156 sucessfully passed !
	Initialyzed swapped data for i = 144, j = 157 sucessfully passed !
	Initialyzed swapped data for i = 144, j = 158 sucessfully passed !
	Initialyzed swapped data for i = 144, j = 159 sucessfully passed !
	Initialyzed swapped data for i = 144, j = 160 sucessfully passed !
	Initialyzed swapped data for i = 144, j = 161 sucessfully passed !
	Initialyzed swapped data for i = 144, j = 162 sucessfully passed !
	Initialyzed swapped data for i = 144, j = 163 sucessfully passed !
	Initialyzed swapped data for i = 144, j = 164 sucessfully passed !
	Initialyzed swapped data for i = 144, j = 165 sucessfully passed !
	Initialyzed swapped data for i = 144, j = 166 sucessfully passed !
	Initialyzed swapped data for i = 144, j = 167 sucessfully passed !
	Initialyzed swapped data for i = 144, j = 168 sucessfully passed !
	Initialyzed swapped data for i = 144, j = 169 sucessfully passed !
	Initialyzed swapped data for i = 144, j = 170 sucessfully passed !
	Initialyzed swapped data for i = 144, j = 171 sucessfully passed !
	Initialyzed swapped data for i = 144, j = 172 sucessfully passed !
	Initialyzed swapped data for i = 144, j = 173 sucessfully passed !
	Initialyzed swapped data for i = 144, j = 174 sucessfully passed !
	Initialyzed swapped data for i = 144, j = 175 sucessfully passed !
	Initialyzed swapped data for i = 144, j = 176 sucessfully passed !
	Initialyzed swapped data for i = 144, j = 177 sucessfully passed !
	Initialyzed swapped data for i = 144, j = 178 sucessfully passed !
	Initialyzed swapped data for i = 144, j = 179 sucessfully passed !
	Initialyzed swapped data for i = 144, j = 180 sucessfully passed !
	Initialyzed swapped data for i = 144, j = 181 sucessfully passed !
	Initialyzed swapped data for i = 144, j = 182 sucessfully passed !
	Initialyzed swapped data for i = 144, j = 183 sucessfully passed !
	Initialyzed swapped data for i = 144, j = 184 sucessfully passed !
	Initialyzed swapped data for i = 144, j = 185 sucessfully passed !
	Initialyzed swapped data for i = 144, j = 186 sucessfully passed !
	Initialyzed swapped data for i = 144, j = 187 sucessfully passed !
	Initialyzed swapped data for i = 144, j = 188 sucessfully passed !
	Initialyzed swapped data for i = 144, j = 189 sucessfully passed !
	Initialyzed swapped data for i = 144, j = 190 sucessfully passed !
	Initialyzed swapped data for i = 144, j = 191 sucessfully passed !
	Initialyzed swapped data for i = 144, j = 192 sucessfully passed !
	Initialyzed swapped data for i = 144, j = 193 sucessfully passed !
	Initialyzed swapped data for i = 144, j = 194 sucessfully passed !
	Initialyzed swapped data for i = 144, j = 195 sucessfully passed !
	Initialyzed swapped data for i = 144, j = 196 sucessfully passed !
	Initialyzed swapped data for i = 144, j = 197 sucessfully passed !
	Initialyzed swapped data for i = 144, j = 198 sucessfully passed !
	Initialyzed swapped data for i = 144, j = 199 sucessfully passed !
	Initialyzed swapped data for i = 144, j = 200 sucessfully passed !
	Initialyzed swapped data for i = 144, j = 201 sucessfully passed !
	Initialyzed swapped data for i = 144, j = 202 sucessfully passed !
	Initialyzed swapped data for i = 144, j = 203 sucessfully passed !
	Initialyzed swapped data for i = 144, j = 204 sucessfully passed !
	Initialyzed swapped data for i = 144, j = 205 sucessfully passed !
	Initialyzed swapped data for i = 144, j = 206 sucessfully passed !
	Initialyzed swapped data for i = 144, j = 207 sucessfully passed !
	Initialyzed swapped data for i = 144, j = 208 sucessfully passed !
	Initialyzed swapped data for i = 144, j = 209 sucessfully passed !
	Initialyzed swapped data for i = 144, j = 210 sucessfully passed !
	Initialyzed swapped data for i = 144, j = 211 sucessfully passed !
	Initialyzed swapped data for i = 144, j = 212 sucessfully passed !
	Initialyzed swapped data for i = 144, j = 213 sucessfully passed !
	Initialyzed swapped data for i = 144, j = 214 sucessfully passed !
	Initialyzed swapped data for i = 144, j = 215 sucessfully passed !
	Initialyzed swapped data for i = 144, j = 216 sucessfully passed !
	Initialyzed swapped data for i = 144, j = 217 sucessfully passed !
	Initialyzed swapped data for i = 144, j = 218 sucessfully passed !
	Initialyzed swapped data for i = 144, j = 219 sucessfully passed !
	Initialyzed swapped data for i = 144, j = 220 sucessfully passed !
	Initialyzed swapped data for i = 144, j = 221 sucessfully passed !
	Initialyzed swapped data for i = 144, j = 222 sucessfully passed !
	Initialyzed swapped data for i = 144, j = 223 sucessfully passed !
	Initialyzed swapped data for i = 144, j = 224 sucessfully passed !
	Initialyzed swapped data for i = 144, j = 225 sucessfully passed !
	Initialyzed swapped data for i = 144, j = 226 sucessfully passed !
	Initialyzed swapped data for i = 144, j = 227 sucessfully passed !
	Initialyzed swapped data for i = 144, j = 228 sucessfully passed !
	Initialyzed swapped data for i = 144, j = 229 sucessfully passed !
	Initialyzed swapped data for i = 144, j = 230 sucessfully passed !
	Initialyzed swapped data for i = 144, j = 231 sucessfully passed !
	Initialyzed swapped data for i = 144, j = 232 sucessfully passed !
	Initialyzed swapped data for i = 144, j = 233 sucessfully passed !
	Initialyzed swapped data for i = 144, j = 234 sucessfully passed !
	Initialyzed swapped data for i = 144, j = 235 sucessfully passed !
	Initialyzed swapped data for i = 144, j = 236 sucessfully passed !
	Initialyzed swapped data for i = 144, j = 237 sucessfully passed !
	Initialyzed swapped data for i = 144, j = 238 sucessfully passed !
	Initialyzed swapped data for i = 144, j = 239 sucessfully passed !
	Initialyzed swapped data for i = 144, j = 240 sucessfully passed !
	Initialyzed swapped data for i = 144, j = 241 sucessfully passed !
	Initialyzed swapped data for i = 144, j = 242 sucessfully passed !
	Initialyzed swapped data for i = 144, j = 243 sucessfully passed !
	Initialyzed swapped data for i = 144, j = 244 sucessfully passed !
	Initialyzed swapped data for i = 144, j = 245 sucessfully passed !
	Initialyzed swapped data for i = 144, j = 246 sucessfully passed !
	Initialyzed swapped data for i = 144, j = 247 sucessfully passed !
	Initialyzed swapped data for i = 144, j = 248 sucessfully passed !
	Initialyzed swapped data for i = 144, j = 249 sucessfully passed !
	Initialyzed swapped data for i = 144, j = 250 sucessfully passed !
	Initialyzed swapped data for i = 144, j = 251 sucessfully passed !
	Initialyzed swapped data for i = 144, j = 252 sucessfully passed !
	Initialyzed swapped data for i = 144, j = 253 sucessfully passed !
	Initialyzed swapped data for i = 144, j = 254 sucessfully passed !
	Initialyzed swapped data for i = 144, j = 255 sucessfully passed !
	Initialyzed swapped data for i = 144, j = 256 sucessfully passed !
	Initialyzed swapped data for i = 144, j = 257 sucessfully passed !
	Initialyzed swapped data for i = 144, j = 258 sucessfully passed !
	Initialyzed swapped data for i = 144, j = 259 sucessfully passed !
	Initialyzed swapped data for i = 144, j = 260 sucessfully passed !
	Initialyzed swapped data for i = 144, j = 261 sucessfully passed !
	Initialyzed swapped data for i = 144, j = 262 sucessfully passed !
	Initialyzed swapped data for i = 144, j = 263 sucessfully passed !
	Initialyzed swapped data for i = 144, j = 264 sucessfully passed !
	Initialyzed swapped data for i = 144, j = 265 sucessfully passed !
	Initialyzed swapped data for i = 144, j = 266 sucessfully passed !
	Initialyzed swapped data for i = 144, j = 267 sucessfully passed !
	Initialyzed swapped data for i = 144, j = 268 sucessfully passed !
	Initialyzed swapped data for i = 144, j = 269 sucessfully passed !
	Initialyzed swapped data for i = 144, j = 270 sucessfully passed !
	Initialyzed swapped data for i = 144, j = 271 sucessfully passed !
	Initialyzed swapped data for i = 144, j = 272 sucessfully passed !
	Initialyzed swapped data for i = 144, j = 273 sucessfully passed !
	Initialyzed swapped data for i = 144, j = 274 sucessfully passed !
	Initialyzed swapped data for i = 144, j = 275 sucessfully passed !
	Initialyzed swapped data for i = 144, j = 276 sucessfully passed !
	Initialyzed swapped data for i = 144, j = 277 sucessfully passed !
	Initialyzed swapped data for i = 144, j = 278 sucessfully passed !
	Initialyzed swapped data for i = 144, j = 279 sucessfully passed !
	Initialyzed swapped data for i = 144, j = 280 sucessfully passed !
	Initialyzed swapped data for i = 144, j = 281 sucessfully passed !
	Initialyzed swapped data for i = 144, j = 282 sucessfully passed !
	Initialyzed swapped data for i = 144, j = 283 sucessfully passed !
	Initialyzed swapped data for i = 144, j = 284 sucessfully passed !
	Initialyzed swapped data for i = 144, j = 285 sucessfully passed !
	Initialyzed swapped data for i = 144, j = 286 sucessfully passed !
	Initialyzed swapped data for i = 144, j = 287 sucessfully passed !
	Initialyzed swapped data for i = 144, j = 288 sucessfully passed !
	Initialyzed swapped data for i = 144, j = 289 sucessfully passed !
	Initialyzed swapped data for i = 144, j = 290 sucessfully passed !
	Initialyzed swapped data for i = 144, j = 291 sucessfully passed !
	Initialyzed swapped data for i = 144, j = 292 sucessfully passed !
	Initialyzed swapped data for i = 144, j = 293 sucessfully passed !
	Initialyzed swapped data for i = 144, j = 294 sucessfully passed !
	Initialyzed swapped data for i = 144, j = 295 sucessfully passed !
	Initialyzed swapped data for i = 144, j = 296 sucessfully passed !
	Initialyzed swapped data for i = 144, j = 297 sucessfully passed !
	Initialyzed swapped data for i = 144, j = 298 sucessfully passed !
	Initialyzed swapped data for i = 144, j = 299 sucessfully passed !
	Initialyzed swapped data for i = 144, j = 300 sucessfully passed !
	Initialyzed swapped data for i = 144, j = 301 sucessfully passed !
	Initialyzed swapped data for i = 144, j = 302 sucessfully passed !
	Initialyzed swapped data for i = 144, j = 303 sucessfully passed !
	Initialyzed swapped data for i = 144, j = 304 sucessfully passed !
	Initialyzed swapped data for i = 144, j = 305 sucessfully passed !
	Initialyzed swapped data for i = 144, j = 306 sucessfully passed !
	Initialyzed swapped data for i = 144, j = 307 sucessfully passed !
	Initialyzed swapped data for i = 144, j = 308 sucessfully passed !
	Initialyzed swapped data for i = 144, j = 309 sucessfully passed !
	Initialyzed swapped data for i = 144, j = 310 sucessfully passed !
	Initialyzed swapped data for i = 144, j = 311 sucessfully passed !
	Initialyzed swapped data for i = 144, j = 312 sucessfully passed !
	Initialyzed swapped data for i = 144, j = 313 sucessfully passed !
	Initialyzed swapped data for i = 144, j = 314 sucessfully passed !
	Initialyzed swapped data for i = 144, j = 315 sucessfully passed !
	Initialyzed swapped data for i = 144, j = 316 sucessfully passed !
	Initialyzed swapped data for i = 144, j = 317 sucessfully passed !
	Initialyzed swapped data for i = 144, j = 318 sucessfully passed !
	Initialyzed swapped data for i = 144, j = 319 sucessfully passed !
	Initialyzed swapped data for i = 144, j = 320 sucessfully passed !
	Initialyzed swapped data for i = 144, j = 321 sucessfully passed !
	Initialyzed swapped data for i = 144, j = 322 sucessfully passed !
	Initialyzed swapped data for i = 144, j = 323 sucessfully passed !
	Initialyzed swapped data for i = 144, j = 324 sucessfully passed !
	Initialyzed swapped data for i = 144, j = 325 sucessfully passed !
	Initialyzed swapped data for i = 144, j = 326 sucessfully passed !
	Initialyzed swapped data for i = 144, j = 327 sucessfully passed !
	Initialyzed swapped data for i = 144, j = 328 sucessfully passed !
	Initialyzed swapped data for i = 144, j = 329 sucessfully passed !
	Initialyzed swapped data for i = 144, j = 330 sucessfully passed !
	Initialyzed swapped data for i = 144, j = 331 sucessfully passed !
	Initialyzed swapped data for i = 144, j = 332 sucessfully passed !
	Initialyzed swapped data for i = 144, j = 333 sucessfully passed !
	Initialyzed swapped data for i = 144, j = 334 sucessfully passed !
	Initialyzed swapped data for i = 144, j = 335 sucessfully passed !
	Initialyzed swapped data for i = 144, j = 336 sucessfully passed !
	Initialyzed swapped data for i = 144, j = 337 sucessfully passed !
	Initialyzed swapped data for i = 144, j = 338 sucessfully passed !
	Initialyzed swapped data for i = 144, j = 339 sucessfully passed !
	Initialyzed swapped data for i = 144, j = 340 sucessfully passed !
	Initialyzed swapped data for i = 144, j = 341 sucessfully passed !
	Initialyzed swapped data for i = 144, j = 342 sucessfully passed !
	Initialyzed swapped data for i = 144, j = 343 sucessfully passed !
	Initialyzed swapped data for i = 144, j = 344 sucessfully passed !
	Initialyzed swapped data for i = 144, j = 345 sucessfully passed !
	Initialyzed swapped data for i = 144, j = 346 sucessfully passed !
	Initialyzed swapped data for i = 144, j = 347 sucessfully passed !
	Initialyzed swapped data for i = 144, j = 348 sucessfully passed !
	Initialyzed swapped data for i = 144, j = 349 sucessfully passed !
	Initialyzed swapped data for i = 144, j = 350 sucessfully passed !
	Initialyzed swapped data for i = 144, j = 351 sucessfully passed !
	Initialyzed swapped data for i = 144, j = 352 sucessfully passed !
	Initialyzed swapped data for i = 144, j = 353 sucessfully passed !
	Initialyzed swapped data for i = 144, j = 354 sucessfully passed !
	Initialyzed swapped data for i = 144, j = 355 sucessfully passed !
	Initialyzed swapped data for i = 144, j = 356 sucessfully passed !
	Initialyzed swapped data for i = 144, j = 357 sucessfully passed !
	Initialyzed swapped data for i = 144, j = 358 sucessfully passed !
	Initialyzed swapped data for i = 144, j = 359 sucessfully passed !
	Initialyzed swapped data for i = 144, j = 360 sucessfully passed !
	Initialyzed swapped data for i = 144, j = 361 sucessfully passed !
	Initialyzed swapped data for i = 144, j = 362 sucessfully passed !
	Initialyzed swapped data for i = 144, j = 363 sucessfully passed !
	Initialyzed swapped data for i = 144, j = 364 sucessfully passed !
	Initialyzed swapped data for i = 144, j = 365 sucessfully passed !
	Initialyzed swapped data for i = 144, j = 366 sucessfully passed !
	Initialyzed swapped data for i = 144, j = 367 sucessfully passed !
	Initialyzed swapped data for i = 144, j = 368 sucessfully passed !
	Initialyzed swapped data for i = 144, j = 369 sucessfully passed !
	Initialyzed swapped data for i = 144, j = 370 sucessfully passed !
	Initialyzed swapped data for i = 144, j = 371 sucessfully passed !
	Initialyzed swapped data for i = 144, j = 372 sucessfully passed !
	Initialyzed swapped data for i = 144, j = 373 sucessfully passed !
	Initialyzed swapped data for i = 144, j = 374 sucessfully passed !
	Initialyzed swapped data for i = 144, j = 375 sucessfully passed !
	Initialyzed swapped data for i = 144, j = 376 sucessfully passed !
	Initialyzed swapped data for i = 144, j = 377 sucessfully passed !
	Initialyzed swapped data for i = 144, j = 378 sucessfully passed !
	Initialyzed swapped data for i = 144, j = 379 sucessfully passed !
	Initialyzed swapped data for i = 144, j = 380 sucessfully passed !
	Initialyzed swapped data for i = 144, j = 381 sucessfully passed !
	Initialyzed swapped data for i = 144, j = 382 sucessfully passed !
	Initialyzed swapped data for i = 144, j = 383 sucessfully passed !
	Initialyzed swapped data for i = 144, j = 384 sucessfully passed !
	Initialyzed swapped data for i = 144, j = 385 sucessfully passed !
	Initialyzed swapped data for i = 144, j = 386 sucessfully passed !
	Initialyzed swapped data for i = 144, j = 387 sucessfully passed !
	Initialyzed swapped data for i = 144, j = 388 sucessfully passed !
	Initialyzed swapped data for i = 144, j = 389 sucessfully passed !
	Initialyzed swapped data for i = 144, j = 390 sucessfully passed !
	Initialyzed swapped data for i = 144, j = 391 sucessfully passed !
	Initialyzed swapped data for i = 144, j = 392 sucessfully passed !
	Initialyzed swapped data for i = 144, j = 393 sucessfully passed !
	Initialyzed swapped data for i = 144, j = 394 sucessfully passed !
	Initialyzed swapped data for i = 144, j = 395 sucessfully passed !
	Initialyzed swapped data for i = 144, j = 396 sucessfully passed !
	Initialyzed swapped data for i = 144, j = 397 sucessfully passed !
	Initialyzed swapped data for i = 144, j = 398 sucessfully passed !
	Initialyzed swapped data for i = 144, j = 399 sucessfully passed !
	Initialyzed swapped data for i = 144, j = 400 sucessfully passed !
	Initialyzed swapped data for i = 144, j = 401 sucessfully passed !
	Initialyzed swapped data for i = 144, j = 402 sucessfully passed !
	Initialyzed swapped data for i = 144, j = 403 sucessfully passed !
	Initialyzed swapped data for i = 144, j = 404 sucessfully passed !
	Initialyzed swapped data for i = 144, j = 405 sucessfully passed !
	Initialyzed swapped data for i = 144, j = 406 sucessfully passed !
	Initialyzed swapped data for i = 144, j = 407 sucessfully passed !
	Initialyzed swapped data for i = 144, j = 408 sucessfully passed !
	Initialyzed swapped data for i = 144, j = 409 sucessfully passed !
	Initialyzed swapped data for i = 144, j = 410 sucessfully passed !
	Initialyzed swapped data for i = 144, j = 411 sucessfully passed !
	Initialyzed swapped data for i = 144, j = 412 sucessfully passed !
	Initialyzed swapped data for i = 144, j = 413 sucessfully passed !
	Initialyzed swapped data for i = 144, j = 414 sucessfully passed !
	Initialyzed swapped data for i = 144, j = 415 sucessfully passed !
	Initialyzed swapped data for i = 144, j = 416 sucessfully passed !
	Initialyzed swapped data for i = 144, j = 417 sucessfully passed !
	Initialyzed swapped data for i = 144, j = 418 sucessfully passed !
	Initialyzed swapped data for i = 144, j = 419 sucessfully passed !
	Initialyzed swapped data for i = 144, j = 420 sucessfully passed !
	Initialyzed swapped data for i = 144, j = 421 sucessfully passed !
	Initialyzed swapped data for i = 144, j = 422 sucessfully passed !
	Initialyzed swapped data for i = 144, j = 423 sucessfully passed !
	Initialyzed swapped data for i = 144, j = 424 sucessfully passed !
	Initialyzed swapped data for i = 144, j = 425 sucessfully passed !
	Initialyzed swapped data for i = 144, j = 426 sucessfully passed !
	Initialyzed swapped data for i = 144, j = 427 sucessfully passed !
	Initialyzed swapped data for i = 144, j = 428 sucessfully passed !
	Initialyzed swapped data for i = 144, j = 429 sucessfully passed !
	Initialyzed swapped data for i = 144, j = 430 sucessfully passed !
	Initialyzed swapped data for i = 144, j = 431 sucessfully passed !
	Initialyzed swapped data for i = 144, j = 432 sucessfully passed !
	Initialyzed swapped data for i = 144, j = 433 sucessfully passed !
	Initialyzed swapped data for i = 145, j = 146 sucessfully passed !
	Initialyzed swapped data for i = 145, j = 147 sucessfully passed !
	Initialyzed swapped data for i = 145, j = 148 sucessfully passed !
	Initialyzed swapped data for i = 145, j = 149 sucessfully passed !
	Initialyzed swapped data for i = 145, j = 150 sucessfully passed !
	Initialyzed swapped data for i = 145, j = 151 sucessfully passed !
	Initialyzed swapped data for i = 145, j = 152 sucessfully passed !
	Initialyzed swapped data for i = 145, j = 153 sucessfully passed !
	Initialyzed swapped data for i = 145, j = 154 sucessfully passed !
	Initialyzed swapped data for i = 145, j = 155 sucessfully passed !
	Initialyzed swapped data for i = 145, j = 156 sucessfully passed !
	Initialyzed swapped data for i = 145, j = 157 sucessfully passed !
	Initialyzed swapped data for i = 145, j = 158 sucessfully passed !
	Initialyzed swapped data for i = 145, j = 159 sucessfully passed !
	Initialyzed swapped data for i = 145, j = 160 sucessfully passed !
	Initialyzed swapped data for i = 145, j = 161 sucessfully passed !
	Initialyzed swapped data for i = 145, j = 162 sucessfully passed !
	Initialyzed swapped data for i = 145, j = 163 sucessfully passed !
	Initialyzed swapped data for i = 145, j = 164 sucessfully passed !
	Initialyzed swapped data for i = 145, j = 165 sucessfully passed !
	Initialyzed swapped data for i = 145, j = 166 sucessfully passed !
	Initialyzed swapped data for i = 145, j = 167 sucessfully passed !
	Initialyzed swapped data for i = 145, j = 168 sucessfully passed !
	Initialyzed swapped data for i = 145, j = 169 sucessfully passed !
	Initialyzed swapped data for i = 145, j = 170 sucessfully passed !
	Initialyzed swapped data for i = 145, j = 171 sucessfully passed !
	Initialyzed swapped data for i = 145, j = 172 sucessfully passed !
	Initialyzed swapped data for i = 145, j = 173 sucessfully passed !
	Initialyzed swapped data for i = 145, j = 174 sucessfully passed !
	Initialyzed swapped data for i = 145, j = 175 sucessfully passed !
	Initialyzed swapped data for i = 145, j = 176 sucessfully passed !
	Initialyzed swapped data for i = 145, j = 177 sucessfully passed !
	Initialyzed swapped data for i = 145, j = 178 sucessfully passed !
	Initialyzed swapped data for i = 145, j = 179 sucessfully passed !
	Initialyzed swapped data for i = 145, j = 180 sucessfully passed !
	Initialyzed swapped data for i = 145, j = 181 sucessfully passed !
	Initialyzed swapped data for i = 145, j = 182 sucessfully passed !
	Initialyzed swapped data for i = 145, j = 183 sucessfully passed !
	Initialyzed swapped data for i = 145, j = 184 sucessfully passed !
	Initialyzed swapped data for i = 145, j = 185 sucessfully passed !
	Initialyzed swapped data for i = 145, j = 186 sucessfully passed !
	Initialyzed swapped data for i = 145, j = 187 sucessfully passed !
	Initialyzed swapped data for i = 145, j = 188 sucessfully passed !
	Initialyzed swapped data for i = 145, j = 189 sucessfully passed !
	Initialyzed swapped data for i = 145, j = 190 sucessfully passed !
	Initialyzed swapped data for i = 145, j = 191 sucessfully passed !
	Initialyzed swapped data for i = 145, j = 192 sucessfully passed !
	Initialyzed swapped data for i = 145, j = 193 sucessfully passed !
	Initialyzed swapped data for i = 145, j = 194 sucessfully passed !
	Initialyzed swapped data for i = 145, j = 195 sucessfully passed !
	Initialyzed swapped data for i = 145, j = 196 sucessfully passed !
	Initialyzed swapped data for i = 145, j = 197 sucessfully passed !
	Initialyzed swapped data for i = 145, j = 198 sucessfully passed !
	Initialyzed swapped data for i = 145, j = 199 sucessfully passed !
	Initialyzed swapped data for i = 145, j = 200 sucessfully passed !
	Initialyzed swapped data for i = 145, j = 201 sucessfully passed !
	Initialyzed swapped data for i = 145, j = 202 sucessfully passed !
	Initialyzed swapped data for i = 145, j = 203 sucessfully passed !
	Initialyzed swapped data for i = 145, j = 204 sucessfully passed !
	Initialyzed swapped data for i = 145, j = 205 sucessfully passed !
	Initialyzed swapped data for i = 145, j = 206 sucessfully passed !
	Initialyzed swapped data for i = 145, j = 207 sucessfully passed !
	Initialyzed swapped data for i = 145, j = 208 sucessfully passed !
	Initialyzed swapped data for i = 145, j = 209 sucessfully passed !
	Initialyzed swapped data for i = 145, j = 210 sucessfully passed !
	Initialyzed swapped data for i = 145, j = 211 sucessfully passed !
	Initialyzed swapped data for i = 145, j = 212 sucessfully passed !
	Initialyzed swapped data for i = 145, j = 213 sucessfully passed !
	Initialyzed swapped data for i = 145, j = 214 sucessfully passed !
	Initialyzed swapped data for i = 145, j = 215 sucessfully passed !
	Initialyzed swapped data for i = 145, j = 216 sucessfully passed !
	Initialyzed swapped data for i = 145, j = 217 sucessfully passed !
	Initialyzed swapped data for i = 145, j = 218 sucessfully passed !
	Initialyzed swapped data for i = 145, j = 219 sucessfully passed !
	Initialyzed swapped data for i = 145, j = 220 sucessfully passed !
	Initialyzed swapped data for i = 145, j = 221 sucessfully passed !
	Initialyzed swapped data for i = 145, j = 222 sucessfully passed !
	Initialyzed swapped data for i = 145, j = 223 sucessfully passed !
	Initialyzed swapped data for i = 145, j = 224 sucessfully passed !
	Initialyzed swapped data for i = 145, j = 225 sucessfully passed !
	Initialyzed swapped data for i = 145, j = 226 sucessfully passed !
	Initialyzed swapped data for i = 145, j = 227 sucessfully passed !
	Initialyzed swapped data for i = 145, j = 228 sucessfully passed !
	Initialyzed swapped data for i = 145, j = 229 sucessfully passed !
	Initialyzed swapped data for i = 145, j = 230 sucessfully passed !
	Initialyzed swapped data for i = 145, j = 231 sucessfully passed !
	Initialyzed swapped data for i = 145, j = 232 sucessfully passed !
	Initialyzed swapped data for i = 145, j = 233 sucessfully passed !
	Initialyzed swapped data for i = 145, j = 234 sucessfully passed !
	Initialyzed swapped data for i = 145, j = 235 sucessfully passed !
	Initialyzed swapped data for i = 145, j = 236 sucessfully passed !
	Initialyzed swapped data for i = 145, j = 237 sucessfully passed !
	Initialyzed swapped data for i = 145, j = 238 sucessfully passed !
	Initialyzed swapped data for i = 145, j = 239 sucessfully passed !
	Initialyzed swapped data for i = 145, j = 240 sucessfully passed !
	Initialyzed swapped data for i = 145, j = 241 sucessfully passed !
	Initialyzed swapped data for i = 145, j = 242 sucessfully passed !
	Initialyzed swapped data for i = 145, j = 243 sucessfully passed !
	Initialyzed swapped data for i = 145, j = 244 sucessfully passed !
	Initialyzed swapped data for i = 145, j = 245 sucessfully passed !
	Initialyzed swapped data for i = 145, j = 246 sucessfully passed !
	Initialyzed swapped data for i = 145, j = 247 sucessfully passed !
	Initialyzed swapped data for i = 145, j = 248 sucessfully passed !
	Initialyzed swapped data for i = 145, j = 249 sucessfully passed !
	Initialyzed swapped data for i = 145, j = 250 sucessfully passed !
	Initialyzed swapped data for i = 145, j = 251 sucessfully passed !
	Initialyzed swapped data for i = 145, j = 252 sucessfully passed !
	Initialyzed swapped data for i = 145, j = 253 sucessfully passed !
	Initialyzed swapped data for i = 145, j = 254 sucessfully passed !
	Initialyzed swapped data for i = 145, j = 255 sucessfully passed !
	Initialyzed swapped data for i = 145, j = 256 sucessfully passed !
	Initialyzed swapped data for i = 145, j = 257 sucessfully passed !
	Initialyzed swapped data for i = 145, j = 258 sucessfully passed !
	Initialyzed swapped data for i = 145, j = 259 sucessfully passed !
	Initialyzed swapped data for i = 145, j = 260 sucessfully passed !
	Initialyzed swapped data for i = 145, j = 261 sucessfully passed !
	Initialyzed swapped data for i = 145, j = 262 sucessfully passed !
	Initialyzed swapped data for i = 145, j = 263 sucessfully passed !
	Initialyzed swapped data for i = 145, j = 264 sucessfully passed !
	Initialyzed swapped data for i = 145, j = 265 sucessfully passed !
	Initialyzed swapped data for i = 145, j = 266 sucessfully passed !
	Initialyzed swapped data for i = 145, j = 267 sucessfully passed !
	Initialyzed swapped data for i = 145, j = 268 sucessfully passed !
	Initialyzed swapped data for i = 145, j = 269 sucessfully passed !
	Initialyzed swapped data for i = 145, j = 270 sucessfully passed !
	Initialyzed swapped data for i = 145, j = 271 sucessfully passed !
	Initialyzed swapped data for i = 145, j = 272 sucessfully passed !
	Initialyzed swapped data for i = 145, j = 273 sucessfully passed !
	Initialyzed swapped data for i = 145, j = 274 sucessfully passed !
	Initialyzed swapped data for i = 145, j = 275 sucessfully passed !
	Initialyzed swapped data for i = 145, j = 276 sucessfully passed !
	Initialyzed swapped data for i = 145, j = 277 sucessfully passed !
	Initialyzed swapped data for i = 145, j = 278 sucessfully passed !
	Initialyzed swapped data for i = 145, j = 279 sucessfully passed !
	Initialyzed swapped data for i = 145, j = 280 sucessfully passed !
	Initialyzed swapped data for i = 145, j = 281 sucessfully passed !
	Initialyzed swapped data for i = 145, j = 282 sucessfully passed !
	Initialyzed swapped data for i = 145, j = 283 sucessfully passed !
	Initialyzed swapped data for i = 145, j = 284 sucessfully passed !
	Initialyzed swapped data for i = 145, j = 285 sucessfully passed !
	Initialyzed swapped data for i = 145, j = 286 sucessfully passed !
	Initialyzed swapped data for i = 145, j = 287 sucessfully passed !
	Initialyzed swapped data for i = 145, j = 288 sucessfully passed !
	Initialyzed swapped data for i = 145, j = 289 sucessfully passed !
	Initialyzed swapped data for i = 145, j = 290 sucessfully passed !
	Initialyzed swapped data for i = 145, j = 291 sucessfully passed !
	Initialyzed swapped data for i = 145, j = 292 sucessfully passed !
	Initialyzed swapped data for i = 145, j = 293 sucessfully passed !
	Initialyzed swapped data for i = 145, j = 294 sucessfully passed !
	Initialyzed swapped data for i = 145, j = 295 sucessfully passed !
	Initialyzed swapped data for i = 145, j = 296 sucessfully passed !
	Initialyzed swapped data for i = 145, j = 297 sucessfully passed !
	Initialyzed swapped data for i = 145, j = 298 sucessfully passed !
	Initialyzed swapped data for i = 145, j = 299 sucessfully passed !
	Initialyzed swapped data for i = 145, j = 300 sucessfully passed !
	Initialyzed swapped data for i = 145, j = 301 sucessfully passed !
	Initialyzed swapped data for i = 145, j = 302 sucessfully passed !
	Initialyzed swapped data for i = 145, j = 303 sucessfully passed !
	Initialyzed swapped data for i = 145, j = 304 sucessfully passed !
	Initialyzed swapped data for i = 145, j = 305 sucessfully passed !
	Initialyzed swapped data for i = 145, j = 306 sucessfully passed !
	Initialyzed swapped data for i = 145, j = 307 sucessfully passed !
	Initialyzed swapped data for i = 145, j = 308 sucessfully passed !
	Initialyzed swapped data for i = 145, j = 309 sucessfully passed !
	Initialyzed swapped data for i = 145, j = 310 sucessfully passed !
	Initialyzed swapped data for i = 145, j = 311 sucessfully passed !
	Initialyzed swapped data for i = 145, j = 312 sucessfully passed !
	Initialyzed swapped data for i = 145, j = 313 sucessfully passed !
	Initialyzed swapped data for i = 145, j = 314 sucessfully passed !
	Initialyzed swapped data for i = 145, j = 315 sucessfully passed !
	Initialyzed swapped data for i = 145, j = 316 sucessfully passed !
	Initialyzed swapped data for i = 145, j = 317 sucessfully passed !
	Initialyzed swapped data for i = 145, j = 318 sucessfully passed !
	Initialyzed swapped data for i = 145, j = 319 sucessfully passed !
	Initialyzed swapped data for i = 145, j = 320 sucessfully passed !
	Initialyzed swapped data for i = 145, j = 321 sucessfully passed !
	Initialyzed swapped data for i = 145, j = 322 sucessfully passed !
	Initialyzed swapped data for i = 145, j = 323 sucessfully passed !
	Initialyzed swapped data for i = 145, j = 324 sucessfully passed !
	Initialyzed swapped data for i = 145, j = 325 sucessfully passed !
	Initialyzed swapped data for i = 145, j = 326 sucessfully passed !
	Initialyzed swapped data for i = 145, j = 327 sucessfully passed !
	Initialyzed swapped data for i = 145, j = 328 sucessfully passed !
	Initialyzed swapped data for i = 145, j = 329 sucessfully passed !
	Initialyzed swapped data for i = 145, j = 330 sucessfully passed !
	Initialyzed swapped data for i = 145, j = 331 sucessfully passed !
	Initialyzed swapped data for i = 145, j = 332 sucessfully passed !
	Initialyzed swapped data for i = 145, j = 333 sucessfully passed !
	Initialyzed swapped data for i = 145, j = 334 sucessfully passed !
	Initialyzed swapped data for i = 145, j = 335 sucessfully passed !
	Initialyzed swapped data for i = 145, j = 336 sucessfully passed !
	Initialyzed swapped data for i = 145, j = 337 sucessfully passed !
	Initialyzed swapped data for i = 145, j = 338 sucessfully passed !
	Initialyzed swapped data for i = 145, j = 339 sucessfully passed !
	Initialyzed swapped data for i = 145, j = 340 sucessfully passed !
	Initialyzed swapped data for i = 145, j = 341 sucessfully passed !
	Initialyzed swapped data for i = 145, j = 342 sucessfully passed !
	Initialyzed swapped data for i = 145, j = 343 sucessfully passed !
	Initialyzed swapped data for i = 145, j = 344 sucessfully passed !
	Initialyzed swapped data for i = 145, j = 345 sucessfully passed !
	Initialyzed swapped data for i = 145, j = 346 sucessfully passed !
	Initialyzed swapped data for i = 145, j = 347 sucessfully passed !
	Initialyzed swapped data for i = 145, j = 348 sucessfully passed !
	Initialyzed swapped data for i = 145, j = 349 sucessfully passed !
	Initialyzed swapped data for i = 145, j = 350 sucessfully passed !
	Initialyzed swapped data for i = 145, j = 351 sucessfully passed !
	Initialyzed swapped data for i = 145, j = 352 sucessfully passed !
	Initialyzed swapped data for i = 145, j = 353 sucessfully passed !
	Initialyzed swapped data for i = 145, j = 354 sucessfully passed !
	Initialyzed swapped data for i = 145, j = 355 sucessfully passed !
	Initialyzed swapped data for i = 145, j = 356 sucessfully passed !
	Initialyzed swapped data for i = 145, j = 357 sucessfully passed !
	Initialyzed swapped data for i = 145, j = 358 sucessfully passed !
	Initialyzed swapped data for i = 145, j = 359 sucessfully passed !
	Initialyzed swapped data for i = 145, j = 360 sucessfully passed !
	Initialyzed swapped data for i = 145, j = 361 sucessfully passed !
	Initialyzed swapped data for i = 145, j = 362 sucessfully passed !
	Initialyzed swapped data for i = 145, j = 363 sucessfully passed !
	Initialyzed swapped data for i = 145, j = 364 sucessfully passed !
	Initialyzed swapped data for i = 145, j = 365 sucessfully passed !
	Initialyzed swapped data for i = 145, j = 366 sucessfully passed !
	Initialyzed swapped data for i = 145, j = 367 sucessfully passed !
	Initialyzed swapped data for i = 145, j = 368 sucessfully passed !
	Initialyzed swapped data for i = 145, j = 369 sucessfully passed !
	Initialyzed swapped data for i = 145, j = 370 sucessfully passed !
	Initialyzed swapped data for i = 145, j = 371 sucessfully passed !
	Initialyzed swapped data for i = 145, j = 372 sucessfully passed !
	Initialyzed swapped data for i = 145, j = 373 sucessfully passed !
	Initialyzed swapped data for i = 145, j = 374 sucessfully passed !
	Initialyzed swapped data for i = 145, j = 375 sucessfully passed !
	Initialyzed swapped data for i = 145, j = 376 sucessfully passed !
	Initialyzed swapped data for i = 145, j = 377 sucessfully passed !
	Initialyzed swapped data for i = 145, j = 378 sucessfully passed !
	Initialyzed swapped data for i = 145, j = 379 sucessfully passed !
	Initialyzed swapped data for i = 145, j = 380 sucessfully passed !
	Initialyzed swapped data for i = 145, j = 381 sucessfully passed !
	Initialyzed swapped data for i = 145, j = 382 sucessfully passed !
	Initialyzed swapped data for i = 145, j = 383 sucessfully passed !
	Initialyzed swapped data for i = 145, j = 384 sucessfully passed !
	Initialyzed swapped data for i = 145, j = 385 sucessfully passed !
	Initialyzed swapped data for i = 145, j = 386 sucessfully passed !
	Initialyzed swapped data for i = 145, j = 387 sucessfully passed !
	Initialyzed swapped data for i = 145, j = 388 sucessfully passed !
	Initialyzed swapped data for i = 145, j = 389 sucessfully passed !
	Initialyzed swapped data for i = 145, j = 390 sucessfully passed !
	Initialyzed swapped data for i = 145, j = 391 sucessfully passed !
	Initialyzed swapped data for i = 145, j = 392 sucessfully passed !
	Initialyzed swapped data for i = 145, j = 393 sucessfully passed !
	Initialyzed swapped data for i = 145, j = 394 sucessfully passed !
	Initialyzed swapped data for i = 145, j = 395 sucessfully passed !
	Initialyzed swapped data for i = 145, j = 396 sucessfully passed !
	Initialyzed swapped data for i = 145, j = 397 sucessfully passed !
	Initialyzed swapped data for i = 145, j = 398 sucessfully passed !
	Initialyzed swapped data for i = 145, j = 399 sucessfully passed !
	Initialyzed swapped data for i = 145, j = 400 sucessfully passed !
	Initialyzed swapped data for i = 145, j = 401 sucessfully passed !
	Initialyzed swapped data for i = 145, j = 402 sucessfully passed !
	Initialyzed swapped data for i = 145, j = 403 sucessfully passed !
	Initialyzed swapped data for i = 145, j = 404 sucessfully passed !
	Initialyzed swapped data for i = 145, j = 405 sucessfully passed !
	Initialyzed swapped data for i = 145, j = 406 sucessfully passed !
	Initialyzed swapped data for i = 145, j = 407 sucessfully passed !
	Initialyzed swapped data for i = 145, j = 408 sucessfully passed !
	Initialyzed swapped data for i = 145, j = 409 sucessfully passed !
	Initialyzed swapped data for i = 145, j = 410 sucessfully passed !
	Initialyzed swapped data for i = 145, j = 411 sucessfully passed !
	Initialyzed swapped data for i = 145, j = 412 sucessfully passed !
	Initialyzed swapped data for i = 145, j = 413 sucessfully passed !
	Initialyzed swapped data for i = 145, j = 414 sucessfully passed !
	Initialyzed swapped data for i = 145, j = 415 sucessfully passed !
	Initialyzed swapped data for i = 145, j = 416 sucessfully passed !
	Initialyzed swapped data for i = 145, j = 417 sucessfully passed !
	Initialyzed swapped data for i = 145, j = 418 sucessfully passed !
	Initialyzed swapped data for i = 145, j = 419 sucessfully passed !
	Initialyzed swapped data for i = 145, j = 420 sucessfully passed !
	Initialyzed swapped data for i = 145, j = 421 sucessfully passed !
	Initialyzed swapped data for i = 145, j = 422 sucessfully passed !
	Initialyzed swapped data for i = 145, j = 423 sucessfully passed !
	Initialyzed swapped data for i = 145, j = 424 sucessfully passed !
	Initialyzed swapped data for i = 145, j = 425 sucessfully passed !
	Initialyzed swapped data for i = 145, j = 426 sucessfully passed !
	Initialyzed swapped data for i = 145, j = 427 sucessfully passed !
	Initialyzed swapped data for i = 145, j = 428 sucessfully passed !
	Initialyzed swapped data for i = 145, j = 429 sucessfully passed !
	Initialyzed swapped data for i = 145, j = 430 sucessfully passed !
	Initialyzed swapped data for i = 145, j = 431 sucessfully passed !
	Initialyzed swapped data for i = 145, j = 432 sucessfully passed !
	Initialyzed swapped data for i = 145, j = 433 sucessfully passed !
	Initialyzed swapped data for i = 146, j = 147 sucessfully passed !
	Initialyzed swapped data for i = 146, j = 148 sucessfully passed !
	Initialyzed swapped data for i = 146, j = 149 sucessfully passed !
	Initialyzed swapped data for i = 146, j = 150 sucessfully passed !
	Initialyzed swapped data for i = 146, j = 151 sucessfully passed !
	Initialyzed swapped data for i = 146, j = 152 sucessfully passed !
	Initialyzed swapped data for i = 146, j = 153 sucessfully passed !
	Initialyzed swapped data for i = 146, j = 154 sucessfully passed !
	Initialyzed swapped data for i = 146, j = 155 sucessfully passed !
	Initialyzed swapped data for i = 146, j = 156 sucessfully passed !
	Initialyzed swapped data for i = 146, j = 157 sucessfully passed !
	Initialyzed swapped data for i = 146, j = 158 sucessfully passed !
	Initialyzed swapped data for i = 146, j = 159 sucessfully passed !
	Initialyzed swapped data for i = 146, j = 160 sucessfully passed !
	Initialyzed swapped data for i = 146, j = 161 sucessfully passed !
	Initialyzed swapped data for i = 146, j = 162 sucessfully passed !
	Initialyzed swapped data for i = 146, j = 163 sucessfully passed !
	Initialyzed swapped data for i = 146, j = 164 sucessfully passed !
	Initialyzed swapped data for i = 146, j = 165 sucessfully passed !
	Initialyzed swapped data for i = 146, j = 166 sucessfully passed !
	Initialyzed swapped data for i = 146, j = 167 sucessfully passed !
	Initialyzed swapped data for i = 146, j = 168 sucessfully passed !
	Initialyzed swapped data for i = 146, j = 169 sucessfully passed !
	Initialyzed swapped data for i = 146, j = 170 sucessfully passed !
	Initialyzed swapped data for i = 146, j = 171 sucessfully passed !
	Initialyzed swapped data for i = 146, j = 172 sucessfully passed !
	Initialyzed swapped data for i = 146, j = 173 sucessfully passed !
	Initialyzed swapped data for i = 146, j = 174 sucessfully passed !
	Initialyzed swapped data for i = 146, j = 175 sucessfully passed !
	Initialyzed swapped data for i = 146, j = 176 sucessfully passed !
	Initialyzed swapped data for i = 146, j = 177 sucessfully passed !
	Initialyzed swapped data for i = 146, j = 178 sucessfully passed !
	Initialyzed swapped data for i = 146, j = 179 sucessfully passed !
	Initialyzed swapped data for i = 146, j = 180 sucessfully passed !
	Initialyzed swapped data for i = 146, j = 181 sucessfully passed !
	Initialyzed swapped data for i = 146, j = 182 sucessfully passed !
	Initialyzed swapped data for i = 146, j = 183 sucessfully passed !
	Initialyzed swapped data for i = 146, j = 184 sucessfully passed !
	Initialyzed swapped data for i = 146, j = 185 sucessfully passed !
	Initialyzed swapped data for i = 146, j = 186 sucessfully passed !
	Initialyzed swapped data for i = 146, j = 187 sucessfully passed !
	Initialyzed swapped data for i = 146, j = 188 sucessfully passed !
	Initialyzed swapped data for i = 146, j = 189 sucessfully passed !
	Initialyzed swapped data for i = 146, j = 190 sucessfully passed !
	Initialyzed swapped data for i = 146, j = 191 sucessfully passed !
	Initialyzed swapped data for i = 146, j = 192 sucessfully passed !
	Initialyzed swapped data for i = 146, j = 193 sucessfully passed !
	Initialyzed swapped data for i = 146, j = 194 sucessfully passed !
	Initialyzed swapped data for i = 146, j = 195 sucessfully passed !
	Initialyzed swapped data for i = 146, j = 196 sucessfully passed !
	Initialyzed swapped data for i = 146, j = 197 sucessfully passed !
	Initialyzed swapped data for i = 146, j = 198 sucessfully passed !
	Initialyzed swapped data for i = 146, j = 199 sucessfully passed !
	Initialyzed swapped data for i = 146, j = 200 sucessfully passed !
	Initialyzed swapped data for i = 146, j = 201 sucessfully passed !
	Initialyzed swapped data for i = 146, j = 202 sucessfully passed !
	Initialyzed swapped data for i = 146, j = 203 sucessfully passed !
	Initialyzed swapped data for i = 146, j = 204 sucessfully passed !
	Initialyzed swapped data for i = 146, j = 205 sucessfully passed !
	Initialyzed swapped data for i = 146, j = 206 sucessfully passed !
	Initialyzed swapped data for i = 146, j = 207 sucessfully passed !
	Initialyzed swapped data for i = 146, j = 208 sucessfully passed !
	Initialyzed swapped data for i = 146, j = 209 sucessfully passed !
	Initialyzed swapped data for i = 146, j = 210 sucessfully passed !
	Initialyzed swapped data for i = 146, j = 211 sucessfully passed !
	Initialyzed swapped data for i = 146, j = 212 sucessfully passed !
	Initialyzed swapped data for i = 146, j = 213 sucessfully passed !
	Initialyzed swapped data for i = 146, j = 214 sucessfully passed !
	Initialyzed swapped data for i = 146, j = 215 sucessfully passed !
	Initialyzed swapped data for i = 146, j = 216 sucessfully passed !
	Initialyzed swapped data for i = 146, j = 217 sucessfully passed !
	Initialyzed swapped data for i = 146, j = 218 sucessfully passed !
	Initialyzed swapped data for i = 146, j = 219 sucessfully passed !
	Initialyzed swapped data for i = 146, j = 220 sucessfully passed !
	Initialyzed swapped data for i = 146, j = 221 sucessfully passed !
	Initialyzed swapped data for i = 146, j = 222 sucessfully passed !
	Initialyzed swapped data for i = 146, j = 223 sucessfully passed !
	Initialyzed swapped data for i = 146, j = 224 sucessfully passed !
	Initialyzed swapped data for i = 146, j = 225 sucessfully passed !
	Initialyzed swapped data for i = 146, j = 226 sucessfully passed !
	Initialyzed swapped data for i = 146, j = 227 sucessfully passed !
	Initialyzed swapped data for i = 146, j = 228 sucessfully passed !
	Initialyzed swapped data for i = 146, j = 229 sucessfully passed !
	Initialyzed swapped data for i = 146, j = 230 sucessfully passed !
	Initialyzed swapped data for i = 146, j = 231 sucessfully passed !
	Initialyzed swapped data for i = 146, j = 232 sucessfully passed !
	Initialyzed swapped data for i = 146, j = 233 sucessfully passed !
	Initialyzed swapped data for i = 146, j = 234 sucessfully passed !
	Initialyzed swapped data for i = 146, j = 235 sucessfully passed !
	Initialyzed swapped data for i = 146, j = 236 sucessfully passed !
	Initialyzed swapped data for i = 146, j = 237 sucessfully passed !
	Initialyzed swapped data for i = 146, j = 238 sucessfully passed !
	Initialyzed swapped data for i = 146, j = 239 sucessfully passed !
	Initialyzed swapped data for i = 146, j = 240 sucessfully passed !
	Initialyzed swapped data for i = 146, j = 241 sucessfully passed !
	Initialyzed swapped data for i = 146, j = 242 sucessfully passed !
	Initialyzed swapped data for i = 146, j = 243 sucessfully passed !
	Initialyzed swapped data for i = 146, j = 244 sucessfully passed !
	Initialyzed swapped data for i = 146, j = 245 sucessfully passed !
	Initialyzed swapped data for i = 146, j = 246 sucessfully passed !
	Initialyzed swapped data for i = 146, j = 247 sucessfully passed !
	Initialyzed swapped data for i = 146, j = 248 sucessfully passed !
	Initialyzed swapped data for i = 146, j = 249 sucessfully passed !
	Initialyzed swapped data for i = 146, j = 250 sucessfully passed !
	Initialyzed swapped data for i = 146, j = 251 sucessfully passed !
	Initialyzed swapped data for i = 146, j = 252 sucessfully passed !
	Initialyzed swapped data for i = 146, j = 253 sucessfully passed !
	Initialyzed swapped data for i = 146, j = 254 sucessfully passed !
	Initialyzed swapped data for i = 146, j = 255 sucessfully passed !
	Initialyzed swapped data for i = 146, j = 256 sucessfully passed !
	Initialyzed swapped data for i = 146, j = 257 sucessfully passed !
	Initialyzed swapped data for i = 146, j = 258 sucessfully passed !
	Initialyzed swapped data for i = 146, j = 259 sucessfully passed !
	Initialyzed swapped data for i = 146, j = 260 sucessfully passed !
	Initialyzed swapped data for i = 146, j = 261 sucessfully passed !
	Initialyzed swapped data for i = 146, j = 262 sucessfully passed !
	Initialyzed swapped data for i = 146, j = 263 sucessfully passed !
	Initialyzed swapped data for i = 146, j = 264 sucessfully passed !
	Initialyzed swapped data for i = 146, j = 265 sucessfully passed !
	Initialyzed swapped data for i = 146, j = 266 sucessfully passed !
	Initialyzed swapped data for i = 146, j = 267 sucessfully passed !
	Initialyzed swapped data for i = 146, j = 268 sucessfully passed !
	Initialyzed swapped data for i = 146, j = 269 sucessfully passed !
	Initialyzed swapped data for i = 146, j = 270 sucessfully passed !
	Initialyzed swapped data for i = 146, j = 271 sucessfully passed !
	Initialyzed swapped data for i = 146, j = 272 sucessfully passed !
	Initialyzed swapped data for i = 146, j = 273 sucessfully passed !
	Initialyzed swapped data for i = 146, j = 274 sucessfully passed !
	Initialyzed swapped data for i = 146, j = 275 sucessfully passed !
	Initialyzed swapped data for i = 146, j = 276 sucessfully passed !
	Initialyzed swapped data for i = 146, j = 277 sucessfully passed !
	Initialyzed swapped data for i = 146, j = 278 sucessfully passed !
	Initialyzed swapped data for i = 146, j = 279 sucessfully passed !
	Initialyzed swapped data for i = 146, j = 280 sucessfully passed !
	Initialyzed swapped data for i = 146, j = 281 sucessfully passed !
	Initialyzed swapped data for i = 146, j = 282 sucessfully passed !
	Initialyzed swapped data for i = 146, j = 283 sucessfully passed !
	Initialyzed swapped data for i = 146, j = 284 sucessfully passed !
	Initialyzed swapped data for i = 146, j = 285 sucessfully passed !
	Initialyzed swapped data for i = 146, j = 286 sucessfully passed !
	Initialyzed swapped data for i = 146, j = 287 sucessfully passed !
	Initialyzed swapped data for i = 146, j = 288 sucessfully passed !
	Initialyzed swapped data for i = 146, j = 289 sucessfully passed !
	Initialyzed swapped data for i = 146, j = 290 sucessfully passed !
	Initialyzed swapped data for i = 146, j = 291 sucessfully passed !
	Initialyzed swapped data for i = 146, j = 292 sucessfully passed !
	Initialyzed swapped data for i = 146, j = 293 sucessfully passed !
	Initialyzed swapped data for i = 146, j = 294 sucessfully passed !
	Initialyzed swapped data for i = 146, j = 295 sucessfully passed !
	Initialyzed swapped data for i = 146, j = 296 sucessfully passed !
	Initialyzed swapped data for i = 146, j = 297 sucessfully passed !
	Initialyzed swapped data for i = 146, j = 298 sucessfully passed !
	Initialyzed swapped data for i = 146, j = 299 sucessfully passed !
	Initialyzed swapped data for i = 146, j = 300 sucessfully passed !
	Initialyzed swapped data for i = 146, j = 301 sucessfully passed !
	Initialyzed swapped data for i = 146, j = 302 sucessfully passed !
	Initialyzed swapped data for i = 146, j = 303 sucessfully passed !
	Initialyzed swapped data for i = 146, j = 304 sucessfully passed !
	Initialyzed swapped data for i = 146, j = 305 sucessfully passed !
	Initialyzed swapped data for i = 146, j = 306 sucessfully passed !
	Initialyzed swapped data for i = 146, j = 307 sucessfully passed !
	Initialyzed swapped data for i = 146, j = 308 sucessfully passed !
	Initialyzed swapped data for i = 146, j = 309 sucessfully passed !
	Initialyzed swapped data for i = 146, j = 310 sucessfully passed !
	Initialyzed swapped data for i = 146, j = 311 sucessfully passed !
	Initialyzed swapped data for i = 146, j = 312 sucessfully passed !
	Initialyzed swapped data for i = 146, j = 313 sucessfully passed !
	Initialyzed swapped data for i = 146, j = 314 sucessfully passed !
	Initialyzed swapped data for i = 146, j = 315 sucessfully passed !
	Initialyzed swapped data for i = 146, j = 316 sucessfully passed !
	Initialyzed swapped data for i = 146, j = 317 sucessfully passed !
	Initialyzed swapped data for i = 146, j = 318 sucessfully passed !
	Initialyzed swapped data for i = 146, j = 319 sucessfully passed !
	Initialyzed swapped data for i = 146, j = 320 sucessfully passed !
	Initialyzed swapped data for i = 146, j = 321 sucessfully passed !
	Initialyzed swapped data for i = 146, j = 322 sucessfully passed !
	Initialyzed swapped data for i = 146, j = 323 sucessfully passed !
	Initialyzed swapped data for i = 146, j = 324 sucessfully passed !
	Initialyzed swapped data for i = 146, j = 325 sucessfully passed !
	Initialyzed swapped data for i = 146, j = 326 sucessfully passed !
	Initialyzed swapped data for i = 146, j = 327 sucessfully passed !
	Initialyzed swapped data for i = 146, j = 328 sucessfully passed !
	Initialyzed swapped data for i = 146, j = 329 sucessfully passed !
	Initialyzed swapped data for i = 146, j = 330 sucessfully passed !
	Initialyzed swapped data for i = 146, j = 331 sucessfully passed !
	Initialyzed swapped data for i = 146, j = 332 sucessfully passed !
	Initialyzed swapped data for i = 146, j = 333 sucessfully passed !
	Initialyzed swapped data for i = 146, j = 334 sucessfully passed !
	Initialyzed swapped data for i = 146, j = 335 sucessfully passed !
	Initialyzed swapped data for i = 146, j = 336 sucessfully passed !
	Initialyzed swapped data for i = 146, j = 337 sucessfully passed !
	Initialyzed swapped data for i = 146, j = 338 sucessfully passed !
	Initialyzed swapped data for i = 146, j = 339 sucessfully passed !
	Initialyzed swapped data for i = 146, j = 340 sucessfully passed !
	Initialyzed swapped data for i = 146, j = 341 sucessfully passed !
	Initialyzed swapped data for i = 146, j = 342 sucessfully passed !
	Initialyzed swapped data for i = 146, j = 343 sucessfully passed !
	Initialyzed swapped data for i = 146, j = 344 sucessfully passed !
	Initialyzed swapped data for i = 146, j = 345 sucessfully passed !
	Initialyzed swapped data for i = 146, j = 346 sucessfully passed !
	Initialyzed swapped data for i = 146, j = 347 sucessfully passed !
	Initialyzed swapped data for i = 146, j = 348 sucessfully passed !
	Initialyzed swapped data for i = 146, j = 349 sucessfully passed !
	Initialyzed swapped data for i = 146, j = 350 sucessfully passed !
	Initialyzed swapped data for i = 146, j = 351 sucessfully passed !
	Initialyzed swapped data for i = 146, j = 352 sucessfully passed !
	Initialyzed swapped data for i = 146, j = 353 sucessfully passed !
	Initialyzed swapped data for i = 146, j = 354 sucessfully passed !
	Initialyzed swapped data for i = 146, j = 355 sucessfully passed !
	Initialyzed swapped data for i = 146, j = 356 sucessfully passed !
	Initialyzed swapped data for i = 146, j = 357 sucessfully passed !
	Initialyzed swapped data for i = 146, j = 358 sucessfully passed !
	Initialyzed swapped data for i = 146, j = 359 sucessfully passed !
	Initialyzed swapped data for i = 146, j = 360 sucessfully passed !
	Initialyzed swapped data for i = 146, j = 361 sucessfully passed !
	Initialyzed swapped data for i = 146, j = 362 sucessfully passed !
	Initialyzed swapped data for i = 146, j = 363 sucessfully passed !
	Initialyzed swapped data for i = 146, j = 364 sucessfully passed !
	Initialyzed swapped data for i = 146, j = 365 sucessfully passed !
	Initialyzed swapped data for i = 146, j = 366 sucessfully passed !
	Initialyzed swapped data for i = 146, j = 367 sucessfully passed !
	Initialyzed swapped data for i = 146, j = 368 sucessfully passed !
	Initialyzed swapped data for i = 146, j = 369 sucessfully passed !
	Initialyzed swapped data for i = 146, j = 370 sucessfully passed !
	Initialyzed swapped data for i = 146, j = 371 sucessfully passed !
	Initialyzed swapped data for i = 146, j = 372 sucessfully passed !
	Initialyzed swapped data for i = 146, j = 373 sucessfully passed !
	Initialyzed swapped data for i = 146, j = 374 sucessfully passed !
	Initialyzed swapped data for i = 146, j = 375 sucessfully passed !
	Initialyzed swapped data for i = 146, j = 376 sucessfully passed !
	Initialyzed swapped data for i = 146, j = 377 sucessfully passed !
	Initialyzed swapped data for i = 146, j = 378 sucessfully passed !
	Initialyzed swapped data for i = 146, j = 379 sucessfully passed !
	Initialyzed swapped data for i = 146, j = 380 sucessfully passed !
	Initialyzed swapped data for i = 146, j = 381 sucessfully passed !
	Initialyzed swapped data for i = 146, j = 382 sucessfully passed !
	Initialyzed swapped data for i = 146, j = 383 sucessfully passed !
	Initialyzed swapped data for i = 146, j = 384 sucessfully passed !
	Initialyzed swapped data for i = 146, j = 385 sucessfully passed !
	Initialyzed swapped data for i = 146, j = 386 sucessfully passed !
	Initialyzed swapped data for i = 146, j = 387 sucessfully passed !
	Initialyzed swapped data for i = 146, j = 388 sucessfully passed !
	Initialyzed swapped data for i = 146, j = 389 sucessfully passed !
	Initialyzed swapped data for i = 146, j = 390 sucessfully passed !
	Initialyzed swapped data for i = 146, j = 391 sucessfully passed !
	Initialyzed swapped data for i = 146, j = 392 sucessfully passed !
	Initialyzed swapped data for i = 146, j = 393 sucessfully passed !
	Initialyzed swapped data for i = 146, j = 394 sucessfully passed !
	Initialyzed swapped data for i = 146, j = 395 sucessfully passed !
	Initialyzed swapped data for i = 146, j = 396 sucessfully passed !
	Initialyzed swapped data for i = 146, j = 397 sucessfully passed !
	Initialyzed swapped data for i = 146, j = 398 sucessfully passed !
	Initialyzed swapped data for i = 146, j = 399 sucessfully passed !
	Initialyzed swapped data for i = 146, j = 400 sucessfully passed !
	Initialyzed swapped data for i = 146, j = 401 sucessfully passed !
	Initialyzed swapped data for i = 146, j = 402 sucessfully passed !
	Initialyzed swapped data for i = 146, j = 403 sucessfully passed !
	Initialyzed swapped data for i = 146, j = 404 sucessfully passed !
	Initialyzed swapped data for i = 146, j = 405 sucessfully passed !
	Initialyzed swapped data for i = 146, j = 406 sucessfully passed !
	Initialyzed swapped data for i = 146, j = 407 sucessfully passed !
	Initialyzed swapped data for i = 146, j = 408 sucessfully passed !
	Initialyzed swapped data for i = 146, j = 409 sucessfully passed !
	Initialyzed swapped data for i = 146, j = 410 sucessfully passed !
	Initialyzed swapped data for i = 146, j = 411 sucessfully passed !
	Initialyzed swapped data for i = 146, j = 412 sucessfully passed !
	Initialyzed swapped data for i = 146, j = 413 sucessfully passed !
	Initialyzed swapped data for i = 146, j = 414 sucessfully passed !
	Initialyzed swapped data for i = 146, j = 415 sucessfully passed !
	Initialyzed swapped data for i = 146, j = 416 sucessfully passed !
	Initialyzed swapped data for i = 146, j = 417 sucessfully passed !
	Initialyzed swapped data for i = 146, j = 418 sucessfully passed !
	Initialyzed swapped data for i = 146, j = 419 sucessfully passed !
	Initialyzed swapped data for i = 146, j = 420 sucessfully passed !
	Initialyzed swapped data for i = 146, j = 421 sucessfully passed !
	Initialyzed swapped data for i = 146, j = 422 sucessfully passed !
	Initialyzed swapped data for i = 146, j = 423 sucessfully passed !
	Initialyzed swapped data for i = 146, j = 424 sucessfully passed !
	Initialyzed swapped data for i = 146, j = 425 sucessfully passed !
	Initialyzed swapped data for i = 146, j = 426 sucessfully passed !
	Initialyzed swapped data for i = 146, j = 427 sucessfully passed !
	Initialyzed swapped data for i = 146, j = 428 sucessfully passed !
	Initialyzed swapped data for i = 146, j = 429 sucessfully passed !
	Initialyzed swapped data for i = 146, j = 430 sucessfully passed !
	Initialyzed swapped data for i = 146, j = 431 sucessfully passed !
	Initialyzed swapped data for i = 146, j = 432 sucessfully passed !
	Initialyzed swapped data for i = 146, j = 433 sucessfully passed !
	Initialyzed swapped data for i = 147, j = 148 sucessfully passed !
	Initialyzed swapped data for i = 147, j = 149 sucessfully passed !
	Initialyzed swapped data for i = 147, j = 150 sucessfully passed !
	Initialyzed swapped data for i = 147, j = 151 sucessfully passed !
	Initialyzed swapped data for i = 147, j = 152 sucessfully passed !
	Initialyzed swapped data for i = 147, j = 153 sucessfully passed !
	Initialyzed swapped data for i = 147, j = 154 sucessfully passed !
	Initialyzed swapped data for i = 147, j = 155 sucessfully passed !
	Initialyzed swapped data for i = 147, j = 156 sucessfully passed !
	Initialyzed swapped data for i = 147, j = 157 sucessfully passed !
	Initialyzed swapped data for i = 147, j = 158 sucessfully passed !
	Initialyzed swapped data for i = 147, j = 159 sucessfully passed !
	Initialyzed swapped data for i = 147, j = 160 sucessfully passed !
	Initialyzed swapped data for i = 147, j = 161 sucessfully passed !
	Initialyzed swapped data for i = 147, j = 162 sucessfully passed !
	Initialyzed swapped data for i = 147, j = 163 sucessfully passed !
	Initialyzed swapped data for i = 147, j = 164 sucessfully passed !
	Initialyzed swapped data for i = 147, j = 165 sucessfully passed !
	Initialyzed swapped data for i = 147, j = 166 sucessfully passed !
	Initialyzed swapped data for i = 147, j = 167 sucessfully passed !
	Initialyzed swapped data for i = 147, j = 168 sucessfully passed !
	Initialyzed swapped data for i = 147, j = 169 sucessfully passed !
	Initialyzed swapped data for i = 147, j = 170 sucessfully passed !
	Initialyzed swapped data for i = 147, j = 171 sucessfully passed !
	Initialyzed swapped data for i = 147, j = 172 sucessfully passed !
	Initialyzed swapped data for i = 147, j = 173 sucessfully passed !
	Initialyzed swapped data for i = 147, j = 174 sucessfully passed !
	Initialyzed swapped data for i = 147, j = 175 sucessfully passed !
	Initialyzed swapped data for i = 147, j = 176 sucessfully passed !
	Initialyzed swapped data for i = 147, j = 177 sucessfully passed !
	Initialyzed swapped data for i = 147, j = 178 sucessfully passed !
	Initialyzed swapped data for i = 147, j = 179 sucessfully passed !
	Initialyzed swapped data for i = 147, j = 180 sucessfully passed !
	Initialyzed swapped data for i = 147, j = 181 sucessfully passed !
	Initialyzed swapped data for i = 147, j = 182 sucessfully passed !
	Initialyzed swapped data for i = 147, j = 183 sucessfully passed !
	Initialyzed swapped data for i = 147, j = 184 sucessfully passed !
	Initialyzed swapped data for i = 147, j = 185 sucessfully passed !
	Initialyzed swapped data for i = 147, j = 186 sucessfully passed !
	Initialyzed swapped data for i = 147, j = 187 sucessfully passed !
	Initialyzed swapped data for i = 147, j = 188 sucessfully passed !
	Initialyzed swapped data for i = 147, j = 189 sucessfully passed !
	Initialyzed swapped data for i = 147, j = 190 sucessfully passed !
	Initialyzed swapped data for i = 147, j = 191 sucessfully passed !
	Initialyzed swapped data for i = 147, j = 192 sucessfully passed !
	Initialyzed swapped data for i = 147, j = 193 sucessfully passed !
	Initialyzed swapped data for i = 147, j = 194 sucessfully passed !
	Initialyzed swapped data for i = 147, j = 195 sucessfully passed !
	Initialyzed swapped data for i = 147, j = 196 sucessfully passed !
	Initialyzed swapped data for i = 147, j = 197 sucessfully passed !
	Initialyzed swapped data for i = 147, j = 198 sucessfully passed !
	Initialyzed swapped data for i = 147, j = 199 sucessfully passed !
	Initialyzed swapped data for i = 147, j = 200 sucessfully passed !
	Initialyzed swapped data for i = 147, j = 201 sucessfully passed !
	Initialyzed swapped data for i = 147, j = 202 sucessfully passed !
	Initialyzed swapped data for i = 147, j = 203 sucessfully passed !
	Initialyzed swapped data for i = 147, j = 204 sucessfully passed !
	Initialyzed swapped data for i = 147, j = 205 sucessfully passed !
	Initialyzed swapped data for i = 147, j = 206 sucessfully passed !
	Initialyzed swapped data for i = 147, j = 207 sucessfully passed !
	Initialyzed swapped data for i = 147, j = 208 sucessfully passed !
	Initialyzed swapped data for i = 147, j = 209 sucessfully passed !
	Initialyzed swapped data for i = 147, j = 210 sucessfully passed !
	Initialyzed swapped data for i = 147, j = 211 sucessfully passed !
	Initialyzed swapped data for i = 147, j = 212 sucessfully passed !
	Initialyzed swapped data for i = 147, j = 213 sucessfully passed !
	Initialyzed swapped data for i = 147, j = 214 sucessfully passed !
	Initialyzed swapped data for i = 147, j = 215 sucessfully passed !
	Initialyzed swapped data for i = 147, j = 216 sucessfully passed !
	Initialyzed swapped data for i = 147, j = 217 sucessfully passed !
	Initialyzed swapped data for i = 147, j = 218 sucessfully passed !
	Initialyzed swapped data for i = 147, j = 219 sucessfully passed !
	Initialyzed swapped data for i = 147, j = 220 sucessfully passed !
	Initialyzed swapped data for i = 147, j = 221 sucessfully passed !
	Initialyzed swapped data for i = 147, j = 222 sucessfully passed !
	Initialyzed swapped data for i = 147, j = 223 sucessfully passed !
	Initialyzed swapped data for i = 147, j = 224 sucessfully passed !
	Initialyzed swapped data for i = 147, j = 225 sucessfully passed !
	Initialyzed swapped data for i = 147, j = 226 sucessfully passed !
	Initialyzed swapped data for i = 147, j = 227 sucessfully passed !
	Initialyzed swapped data for i = 147, j = 228 sucessfully passed !
	Initialyzed swapped data for i = 147, j = 229 sucessfully passed !
	Initialyzed swapped data for i = 147, j = 230 sucessfully passed !
	Initialyzed swapped data for i = 147, j = 231 sucessfully passed !
	Initialyzed swapped data for i = 147, j = 232 sucessfully passed !
	Initialyzed swapped data for i = 147, j = 233 sucessfully passed !
	Initialyzed swapped data for i = 147, j = 234 sucessfully passed !
	Initialyzed swapped data for i = 147, j = 235 sucessfully passed !
	Initialyzed swapped data for i = 147, j = 236 sucessfully passed !
	Initialyzed swapped data for i = 147, j = 237 sucessfully passed !
	Initialyzed swapped data for i = 147, j = 238 sucessfully passed !
	Initialyzed swapped data for i = 147, j = 239 sucessfully passed !
	Initialyzed swapped data for i = 147, j = 240 sucessfully passed !
	Initialyzed swapped data for i = 147, j = 241 sucessfully passed !
	Initialyzed swapped data for i = 147, j = 242 sucessfully passed !
	Initialyzed swapped data for i = 147, j = 243 sucessfully passed !
	Initialyzed swapped data for i = 147, j = 244 sucessfully passed !
	Initialyzed swapped data for i = 147, j = 245 sucessfully passed !
	Initialyzed swapped data for i = 147, j = 246 sucessfully passed !
	Initialyzed swapped data for i = 147, j = 247 sucessfully passed !
	Initialyzed swapped data for i = 147, j = 248 sucessfully passed !
	Initialyzed swapped data for i = 147, j = 249 sucessfully passed !
	Initialyzed swapped data for i = 147, j = 250 sucessfully passed !
	Initialyzed swapped data for i = 147, j = 251 sucessfully passed !
	Initialyzed swapped data for i = 147, j = 252 sucessfully passed !
	Initialyzed swapped data for i = 147, j = 253 sucessfully passed !
	Initialyzed swapped data for i = 147, j = 254 sucessfully passed !
	Initialyzed swapped data for i = 147, j = 255 sucessfully passed !
	Initialyzed swapped data for i = 147, j = 256 sucessfully passed !
	Initialyzed swapped data for i = 147, j = 257 sucessfully passed !
	Initialyzed swapped data for i = 147, j = 258 sucessfully passed !
	Initialyzed swapped data for i = 147, j = 259 sucessfully passed !
	Initialyzed swapped data for i = 147, j = 260 sucessfully passed !
	Initialyzed swapped data for i = 147, j = 261 sucessfully passed !
	Initialyzed swapped data for i = 147, j = 262 sucessfully passed !
	Initialyzed swapped data for i = 147, j = 263 sucessfully passed !
	Initialyzed swapped data for i = 147, j = 264 sucessfully passed !
	Initialyzed swapped data for i = 147, j = 265 sucessfully passed !
	Initialyzed swapped data for i = 147, j = 266 sucessfully passed !
	Initialyzed swapped data for i = 147, j = 267 sucessfully passed !
	Initialyzed swapped data for i = 147, j = 268 sucessfully passed !
	Initialyzed swapped data for i = 147, j = 269 sucessfully passed !
	Initialyzed swapped data for i = 147, j = 270 sucessfully passed !
	Initialyzed swapped data for i = 147, j = 271 sucessfully passed !
	Initialyzed swapped data for i = 147, j = 272 sucessfully passed !
	Initialyzed swapped data for i = 147, j = 273 sucessfully passed !
	Initialyzed swapped data for i = 147, j = 274 sucessfully passed !
	Initialyzed swapped data for i = 147, j = 275 sucessfully passed !
	Initialyzed swapped data for i = 147, j = 276 sucessfully passed !
	Initialyzed swapped data for i = 147, j = 277 sucessfully passed !
	Initialyzed swapped data for i = 147, j = 278 sucessfully passed !
	Initialyzed swapped data for i = 147, j = 279 sucessfully passed !
	Initialyzed swapped data for i = 147, j = 280 sucessfully passed !
	Initialyzed swapped data for i = 147, j = 281 sucessfully passed !
	Initialyzed swapped data for i = 147, j = 282 sucessfully passed !
	Initialyzed swapped data for i = 147, j = 283 sucessfully passed !
	Initialyzed swapped data for i = 147, j = 284 sucessfully passed !
	Initialyzed swapped data for i = 147, j = 285 sucessfully passed !
	Initialyzed swapped data for i = 147, j = 286 sucessfully passed !
	Initialyzed swapped data for i = 147, j = 287 sucessfully passed !
	Initialyzed swapped data for i = 147, j = 288 sucessfully passed !
	Initialyzed swapped data for i = 147, j = 289 sucessfully passed !
	Initialyzed swapped data for i = 147, j = 290 sucessfully passed !
	Initialyzed swapped data for i = 147, j = 291 sucessfully passed !
	Initialyzed swapped data for i = 147, j = 292 sucessfully passed !
	Initialyzed swapped data for i = 147, j = 293 sucessfully passed !
	Initialyzed swapped data for i = 147, j = 294 sucessfully passed !
	Initialyzed swapped data for i = 147, j = 295 sucessfully passed !
	Initialyzed swapped data for i = 147, j = 296 sucessfully passed !
	Initialyzed swapped data for i = 147, j = 297 sucessfully passed !
	Initialyzed swapped data for i = 147, j = 298 sucessfully passed !
	Initialyzed swapped data for i = 147, j = 299 sucessfully passed !
	Initialyzed swapped data for i = 147, j = 300 sucessfully passed !
	Initialyzed swapped data for i = 147, j = 301 sucessfully passed !
	Initialyzed swapped data for i = 147, j = 302 sucessfully passed !
	Initialyzed swapped data for i = 147, j = 303 sucessfully passed !
	Initialyzed swapped data for i = 147, j = 304 sucessfully passed !
	Initialyzed swapped data for i = 147, j = 305 sucessfully passed !
	Initialyzed swapped data for i = 147, j = 306 sucessfully passed !
	Initialyzed swapped data for i = 147, j = 307 sucessfully passed !
	Initialyzed swapped data for i = 147, j = 308 sucessfully passed !
	Initialyzed swapped data for i = 147, j = 309 sucessfully passed !
	Initialyzed swapped data for i = 147, j = 310 sucessfully passed !
	Initialyzed swapped data for i = 147, j = 311 sucessfully passed !
	Initialyzed swapped data for i = 147, j = 312 sucessfully passed !
	Initialyzed swapped data for i = 147, j = 313 sucessfully passed !
	Initialyzed swapped data for i = 147, j = 314 sucessfully passed !
	Initialyzed swapped data for i = 147, j = 315 sucessfully passed !
	Initialyzed swapped data for i = 147, j = 316 sucessfully passed !
	Initialyzed swapped data for i = 147, j = 317 sucessfully passed !
	Initialyzed swapped data for i = 147, j = 318 sucessfully passed !
	Initialyzed swapped data for i = 147, j = 319 sucessfully passed !
	Initialyzed swapped data for i = 147, j = 320 sucessfully passed !
	Initialyzed swapped data for i = 147, j = 321 sucessfully passed !
	Initialyzed swapped data for i = 147, j = 322 sucessfully passed !
	Initialyzed swapped data for i = 147, j = 323 sucessfully passed !
	Initialyzed swapped data for i = 147, j = 324 sucessfully passed !
	Initialyzed swapped data for i = 147, j = 325 sucessfully passed !
	Initialyzed swapped data for i = 147, j = 326 sucessfully passed !
	Initialyzed swapped data for i = 147, j = 327 sucessfully passed !
	Initialyzed swapped data for i = 147, j = 328 sucessfully passed !
	Initialyzed swapped data for i = 147, j = 329 sucessfully passed !
	Initialyzed swapped data for i = 147, j = 330 sucessfully passed !
	Initialyzed swapped data for i = 147, j = 331 sucessfully passed !
	Initialyzed swapped data for i = 147, j = 332 sucessfully passed !
	Initialyzed swapped data for i = 147, j = 333 sucessfully passed !
	Initialyzed swapped data for i = 147, j = 334 sucessfully passed !
	Initialyzed swapped data for i = 147, j = 335 sucessfully passed !
	Initialyzed swapped data for i = 147, j = 336 sucessfully passed !
	Initialyzed swapped data for i = 147, j = 337 sucessfully passed !
	Initialyzed swapped data for i = 147, j = 338 sucessfully passed !
	Initialyzed swapped data for i = 147, j = 339 sucessfully passed !
	Initialyzed swapped data for i = 147, j = 340 sucessfully passed !
	Initialyzed swapped data for i = 147, j = 341 sucessfully passed !
	Initialyzed swapped data for i = 147, j = 342 sucessfully passed !
	Initialyzed swapped data for i = 147, j = 343 sucessfully passed !
	Initialyzed swapped data for i = 147, j = 344 sucessfully passed !
	Initialyzed swapped data for i = 147, j = 345 sucessfully passed !
	Initialyzed swapped data for i = 147, j = 346 sucessfully passed !
	Initialyzed swapped data for i = 147, j = 347 sucessfully passed !
	Initialyzed swapped data for i = 147, j = 348 sucessfully passed !
	Initialyzed swapped data for i = 147, j = 349 sucessfully passed !
	Initialyzed swapped data for i = 147, j = 350 sucessfully passed !
	Initialyzed swapped data for i = 147, j = 351 sucessfully passed !
	Initialyzed swapped data for i = 147, j = 352 sucessfully passed !
	Initialyzed swapped data for i = 147, j = 353 sucessfully passed !
	Initialyzed swapped data for i = 147, j = 354 sucessfully passed !
	Initialyzed swapped data for i = 147, j = 355 sucessfully passed !
	Initialyzed swapped data for i = 147, j = 356 sucessfully passed !
	Initialyzed swapped data for i = 147, j = 357 sucessfully passed !
	Initialyzed swapped data for i = 147, j = 358 sucessfully passed !
	Initialyzed swapped data for i = 147, j = 359 sucessfully passed !
	Initialyzed swapped data for i = 147, j = 360 sucessfully passed !
	Initialyzed swapped data for i = 147, j = 361 sucessfully passed !
	Initialyzed swapped data for i = 147, j = 362 sucessfully passed !
	Initialyzed swapped data for i = 147, j = 363 sucessfully passed !
	Initialyzed swapped data for i = 147, j = 364 sucessfully passed !
	Initialyzed swapped data for i = 147, j = 365 sucessfully passed !
	Initialyzed swapped data for i = 147, j = 366 sucessfully passed !
	Initialyzed swapped data for i = 147, j = 367 sucessfully passed !
	Initialyzed swapped data for i = 147, j = 368 sucessfully passed !
	Initialyzed swapped data for i = 147, j = 369 sucessfully passed !
	Initialyzed swapped data for i = 147, j = 370 sucessfully passed !
	Initialyzed swapped data for i = 147, j = 371 sucessfully passed !
	Initialyzed swapped data for i = 147, j = 372 sucessfully passed !
	Initialyzed swapped data for i = 147, j = 373 sucessfully passed !
	Initialyzed swapped data for i = 147, j = 374 sucessfully passed !
	Initialyzed swapped data for i = 147, j = 375 sucessfully passed !
	Initialyzed swapped data for i = 147, j = 376 sucessfully passed !
	Initialyzed swapped data for i = 147, j = 377 sucessfully passed !
	Initialyzed swapped data for i = 147, j = 378 sucessfully passed !
	Initialyzed swapped data for i = 147, j = 379 sucessfully passed !
	Initialyzed swapped data for i = 147, j = 380 sucessfully passed !
	Initialyzed swapped data for i = 147, j = 381 sucessfully passed !
	Initialyzed swapped data for i = 147, j = 382 sucessfully passed !
	Initialyzed swapped data for i = 147, j = 383 sucessfully passed !
	Initialyzed swapped data for i = 147, j = 384 sucessfully passed !
	Initialyzed swapped data for i = 147, j = 385 sucessfully passed !
	Initialyzed swapped data for i = 147, j = 386 sucessfully passed !
	Initialyzed swapped data for i = 147, j = 387 sucessfully passed !
	Initialyzed swapped data for i = 147, j = 388 sucessfully passed !
	Initialyzed swapped data for i = 147, j = 389 sucessfully passed !
	Initialyzed swapped data for i = 147, j = 390 sucessfully passed !
	Initialyzed swapped data for i = 147, j = 391 sucessfully passed !
	Initialyzed swapped data for i = 147, j = 392 sucessfully passed !
	Initialyzed swapped data for i = 147, j = 393 sucessfully passed !
	Initialyzed swapped data for i = 147, j = 394 sucessfully passed !
	Initialyzed swapped data for i = 147, j = 395 sucessfully passed !
	Initialyzed swapped data for i = 147, j = 396 sucessfully passed !
	Initialyzed swapped data for i = 147, j = 397 sucessfully passed !
	Initialyzed swapped data for i = 147, j = 398 sucessfully passed !
	Initialyzed swapped data for i = 147, j = 399 sucessfully passed !
	Initialyzed swapped data for i = 147, j = 400 sucessfully passed !
	Initialyzed swapped data for i = 147, j = 401 sucessfully passed !
	Initialyzed swapped data for i = 147, j = 402 sucessfully passed !
	Initialyzed swapped data for i = 147, j = 403 sucessfully passed !
	Initialyzed swapped data for i = 147, j = 404 sucessfully passed !
	Initialyzed swapped data for i = 147, j = 405 sucessfully passed !
	Initialyzed swapped data for i = 147, j = 406 sucessfully passed !
	Initialyzed swapped data for i = 147, j = 407 sucessfully passed !
	Initialyzed swapped data for i = 147, j = 408 sucessfully passed !
	Initialyzed swapped data for i = 147, j = 409 sucessfully passed !
	Initialyzed swapped data for i = 147, j = 410 sucessfully passed !
	Initialyzed swapped data for i = 147, j = 411 sucessfully passed !
	Initialyzed swapped data for i = 147, j = 412 sucessfully passed !
	Initialyzed swapped data for i = 147, j = 413 sucessfully passed !
	Initialyzed swapped data for i = 147, j = 414 sucessfully passed !
	Initialyzed swapped data for i = 147, j = 415 sucessfully passed !
	Initialyzed swapped data for i = 147, j = 416 sucessfully passed !
	Initialyzed swapped data for i = 147, j = 417 sucessfully passed !
	Initialyzed swapped data for i = 147, j = 418 sucessfully passed !
	Initialyzed swapped data for i = 147, j = 419 sucessfully passed !
	Initialyzed swapped data for i = 147, j = 420 sucessfully passed !
	Initialyzed swapped data for i = 147, j = 421 sucessfully passed !
	Initialyzed swapped data for i = 147, j = 422 sucessfully passed !
	Initialyzed swapped data for i = 147, j = 423 sucessfully passed !
	Initialyzed swapped data for i = 147, j = 424 sucessfully passed !
	Initialyzed swapped data for i = 147, j = 425 sucessfully passed !
	Initialyzed swapped data for i = 147, j = 426 sucessfully passed !
	Initialyzed swapped data for i = 147, j = 427 sucessfully passed !
	Initialyzed swapped data for i = 147, j = 428 sucessfully passed !
	Initialyzed swapped data for i = 147, j = 429 sucessfully passed !
	Initialyzed swapped data for i = 147, j = 430 sucessfully passed !
	Initialyzed swapped data for i = 147, j = 431 sucessfully passed !
	Initialyzed swapped data for i = 147, j = 432 sucessfully passed !
	Initialyzed swapped data for i = 147, j = 433 sucessfully passed !
	Initialyzed swapped data for i = 148, j = 149 sucessfully passed !
	Initialyzed swapped data for i = 148, j = 150 sucessfully passed !
	Initialyzed swapped data for i = 148, j = 151 sucessfully passed !
	Initialyzed swapped data for i = 148, j = 152 sucessfully passed !
	Initialyzed swapped data for i = 148, j = 153 sucessfully passed !
	Initialyzed swapped data for i = 148, j = 154 sucessfully passed !
	Initialyzed swapped data for i = 148, j = 155 sucessfully passed !
	Initialyzed swapped data for i = 148, j = 156 sucessfully passed !
	Initialyzed swapped data for i = 148, j = 157 sucessfully passed !
	Initialyzed swapped data for i = 148, j = 158 sucessfully passed !
	Initialyzed swapped data for i = 148, j = 159 sucessfully passed !
	Initialyzed swapped data for i = 148, j = 160 sucessfully passed !
	Initialyzed swapped data for i = 148, j = 161 sucessfully passed !
	Initialyzed swapped data for i = 148, j = 162 sucessfully passed !
	Initialyzed swapped data for i = 148, j = 163 sucessfully passed !
	Initialyzed swapped data for i = 148, j = 164 sucessfully passed !
	Initialyzed swapped data for i = 148, j = 165 sucessfully passed !
	Initialyzed swapped data for i = 148, j = 166 sucessfully passed !
	Initialyzed swapped data for i = 148, j = 167 sucessfully passed !
	Initialyzed swapped data for i = 148, j = 168 sucessfully passed !
	Initialyzed swapped data for i = 148, j = 169 sucessfully passed !
	Initialyzed swapped data for i = 148, j = 170 sucessfully passed !
	Initialyzed swapped data for i = 148, j = 171 sucessfully passed !
	Initialyzed swapped data for i = 148, j = 172 sucessfully passed !
	Initialyzed swapped data for i = 148, j = 173 sucessfully passed !
	Initialyzed swapped data for i = 148, j = 174 sucessfully passed !
	Initialyzed swapped data for i = 148, j = 175 sucessfully passed !
	Initialyzed swapped data for i = 148, j = 176 sucessfully passed !
	Initialyzed swapped data for i = 148, j = 177 sucessfully passed !
	Initialyzed swapped data for i = 148, j = 178 sucessfully passed !
	Initialyzed swapped data for i = 148, j = 179 sucessfully passed !
	Initialyzed swapped data for i = 148, j = 180 sucessfully passed !
	Initialyzed swapped data for i = 148, j = 181 sucessfully passed !
	Initialyzed swapped data for i = 148, j = 182 sucessfully passed !
	Initialyzed swapped data for i = 148, j = 183 sucessfully passed !
	Initialyzed swapped data for i = 148, j = 184 sucessfully passed !
	Initialyzed swapped data for i = 148, j = 185 sucessfully passed !
	Initialyzed swapped data for i = 148, j = 186 sucessfully passed !
	Initialyzed swapped data for i = 148, j = 187 sucessfully passed !
	Initialyzed swapped data for i = 148, j = 188 sucessfully passed !
	Initialyzed swapped data for i = 148, j = 189 sucessfully passed !
	Initialyzed swapped data for i = 148, j = 190 sucessfully passed !
	Initialyzed swapped data for i = 148, j = 191 sucessfully passed !
	Initialyzed swapped data for i = 148, j = 192 sucessfully passed !
	Initialyzed swapped data for i = 148, j = 193 sucessfully passed !
	Initialyzed swapped data for i = 148, j = 194 sucessfully passed !
	Initialyzed swapped data for i = 148, j = 195 sucessfully passed !
	Initialyzed swapped data for i = 148, j = 196 sucessfully passed !
	Initialyzed swapped data for i = 148, j = 197 sucessfully passed !
	Initialyzed swapped data for i = 148, j = 198 sucessfully passed !
	Initialyzed swapped data for i = 148, j = 199 sucessfully passed !
	Initialyzed swapped data for i = 148, j = 200 sucessfully passed !
	Initialyzed swapped data for i = 148, j = 201 sucessfully passed !
	Initialyzed swapped data for i = 148, j = 202 sucessfully passed !
	Initialyzed swapped data for i = 148, j = 203 sucessfully passed !
	Initialyzed swapped data for i = 148, j = 204 sucessfully passed !
	Initialyzed swapped data for i = 148, j = 205 sucessfully passed !
	Initialyzed swapped data for i = 148, j = 206 sucessfully passed !
	Initialyzed swapped data for i = 148, j = 207 sucessfully passed !
	Initialyzed swapped data for i = 148, j = 208 sucessfully passed !
	Initialyzed swapped data for i = 148, j = 209 sucessfully passed !
	Initialyzed swapped data for i = 148, j = 210 sucessfully passed !
	Initialyzed swapped data for i = 148, j = 211 sucessfully passed !
	Initialyzed swapped data for i = 148, j = 212 sucessfully passed !
	Initialyzed swapped data for i = 148, j = 213 sucessfully passed !
	Initialyzed swapped data for i = 148, j = 214 sucessfully passed !
	Initialyzed swapped data for i = 148, j = 215 sucessfully passed !
	Initialyzed swapped data for i = 148, j = 216 sucessfully passed !
	Initialyzed swapped data for i = 148, j = 217 sucessfully passed !
	Initialyzed swapped data for i = 148, j = 218 sucessfully passed !
	Initialyzed swapped data for i = 148, j = 219 sucessfully passed !
	Initialyzed swapped data for i = 148, j = 220 sucessfully passed !
	Initialyzed swapped data for i = 148, j = 221 sucessfully passed !
	Initialyzed swapped data for i = 148, j = 222 sucessfully passed !
	Initialyzed swapped data for i = 148, j = 223 sucessfully passed !
	Initialyzed swapped data for i = 148, j = 224 sucessfully passed !
	Initialyzed swapped data for i = 148, j = 225 sucessfully passed !
	Initialyzed swapped data for i = 148, j = 226 sucessfully passed !
	Initialyzed swapped data for i = 148, j = 227 sucessfully passed !
	Initialyzed swapped data for i = 148, j = 228 sucessfully passed !
	Initialyzed swapped data for i = 148, j = 229 sucessfully passed !
	Initialyzed swapped data for i = 148, j = 230 sucessfully passed !
	Initialyzed swapped data for i = 148, j = 231 sucessfully passed !
	Initialyzed swapped data for i = 148, j = 232 sucessfully passed !
	Initialyzed swapped data for i = 148, j = 233 sucessfully passed !
	Initialyzed swapped data for i = 148, j = 234 sucessfully passed !
	Initialyzed swapped data for i = 148, j = 235 sucessfully passed !
	Initialyzed swapped data for i = 148, j = 236 sucessfully passed !
	Initialyzed swapped data for i = 148, j = 237 sucessfully passed !
	Initialyzed swapped data for i = 148, j = 238 sucessfully passed !
	Initialyzed swapped data for i = 148, j = 239 sucessfully passed !
	Initialyzed swapped data for i = 148, j = 240 sucessfully passed !
	Initialyzed swapped data for i = 148, j = 241 sucessfully passed !
	Initialyzed swapped data for i = 148, j = 242 sucessfully passed !
	Initialyzed swapped data for i = 148, j = 243 sucessfully passed !
	Initialyzed swapped data for i = 148, j = 244 sucessfully passed !
	Initialyzed swapped data for i = 148, j = 245 sucessfully passed !
	Initialyzed swapped data for i = 148, j = 246 sucessfully passed !
	Initialyzed swapped data for i = 148, j = 247 sucessfully passed !
	Initialyzed swapped data for i = 148, j = 248 sucessfully passed !
	Initialyzed swapped data for i = 148, j = 249 sucessfully passed !
	Initialyzed swapped data for i = 148, j = 250 sucessfully passed !
	Initialyzed swapped data for i = 148, j = 251 sucessfully passed !
	Initialyzed swapped data for i = 148, j = 252 sucessfully passed !
	Initialyzed swapped data for i = 148, j = 253 sucessfully passed !
	Initialyzed swapped data for i = 148, j = 254 sucessfully passed !
	Initialyzed swapped data for i = 148, j = 255 sucessfully passed !
	Initialyzed swapped data for i = 148, j = 256 sucessfully passed !
	Initialyzed swapped data for i = 148, j = 257 sucessfully passed !
	Initialyzed swapped data for i = 148, j = 258 sucessfully passed !
	Initialyzed swapped data for i = 148, j = 259 sucessfully passed !
	Initialyzed swapped data for i = 148, j = 260 sucessfully passed !
	Initialyzed swapped data for i = 148, j = 261 sucessfully passed !
	Initialyzed swapped data for i = 148, j = 262 sucessfully passed !
	Initialyzed swapped data for i = 148, j = 263 sucessfully passed !
	Initialyzed swapped data for i = 148, j = 264 sucessfully passed !
	Initialyzed swapped data for i = 148, j = 265 sucessfully passed !
	Initialyzed swapped data for i = 148, j = 266 sucessfully passed !
	Initialyzed swapped data for i = 148, j = 267 sucessfully passed !
	Initialyzed swapped data for i = 148, j = 268 sucessfully passed !
	Initialyzed swapped data for i = 148, j = 269 sucessfully passed !
	Initialyzed swapped data for i = 148, j = 270 sucessfully passed !
	Initialyzed swapped data for i = 148, j = 271 sucessfully passed !
	Initialyzed swapped data for i = 148, j = 272 sucessfully passed !
	Initialyzed swapped data for i = 148, j = 273 sucessfully passed !
	Initialyzed swapped data for i = 148, j = 274 sucessfully passed !
	Initialyzed swapped data for i = 148, j = 275 sucessfully passed !
	Initialyzed swapped data for i = 148, j = 276 sucessfully passed !
	Initialyzed swapped data for i = 148, j = 277 sucessfully passed !
	Initialyzed swapped data for i = 148, j = 278 sucessfully passed !
	Initialyzed swapped data for i = 148, j = 279 sucessfully passed !
	Initialyzed swapped data for i = 148, j = 280 sucessfully passed !
	Initialyzed swapped data for i = 148, j = 281 sucessfully passed !
	Initialyzed swapped data for i = 148, j = 282 sucessfully passed !
	Initialyzed swapped data for i = 148, j = 283 sucessfully passed !
	Initialyzed swapped data for i = 148, j = 284 sucessfully passed !
	Initialyzed swapped data for i = 148, j = 285 sucessfully passed !
	Initialyzed swapped data for i = 148, j = 286 sucessfully passed !
	Initialyzed swapped data for i = 148, j = 287 sucessfully passed !
	Initialyzed swapped data for i = 148, j = 288 sucessfully passed !
	Initialyzed swapped data for i = 148, j = 289 sucessfully passed !
	Initialyzed swapped data for i = 148, j = 290 sucessfully passed !
	Initialyzed swapped data for i = 148, j = 291 sucessfully passed !
	Initialyzed swapped data for i = 148, j = 292 sucessfully passed !
	Initialyzed swapped data for i = 148, j = 293 sucessfully passed !
	Initialyzed swapped data for i = 148, j = 294 sucessfully passed !
	Initialyzed swapped data for i = 148, j = 295 sucessfully passed !
	Initialyzed swapped data for i = 148, j = 296 sucessfully passed !
	Initialyzed swapped data for i = 148, j = 297 sucessfully passed !
	Initialyzed swapped data for i = 148, j = 298 sucessfully passed !
	Initialyzed swapped data for i = 148, j = 299 sucessfully passed !
	Initialyzed swapped data for i = 148, j = 300 sucessfully passed !
	Initialyzed swapped data for i = 148, j = 301 sucessfully passed !
	Initialyzed swapped data for i = 148, j = 302 sucessfully passed !
	Initialyzed swapped data for i = 148, j = 303 sucessfully passed !
	Initialyzed swapped data for i = 148, j = 304 sucessfully passed !
	Initialyzed swapped data for i = 148, j = 305 sucessfully passed !
	Initialyzed swapped data for i = 148, j = 306 sucessfully passed !
	Initialyzed swapped data for i = 148, j = 307 sucessfully passed !
	Initialyzed swapped data for i = 148, j = 308 sucessfully passed !
	Initialyzed swapped data for i = 148, j = 309 sucessfully passed !
	Initialyzed swapped data for i = 148, j = 310 sucessfully passed !
	Initialyzed swapped data for i = 148, j = 311 sucessfully passed !
	Initialyzed swapped data for i = 148, j = 312 sucessfully passed !
	Initialyzed swapped data for i = 148, j = 313 sucessfully passed !
	Initialyzed swapped data for i = 148, j = 314 sucessfully passed !
	Initialyzed swapped data for i = 148, j = 315 sucessfully passed !
	Initialyzed swapped data for i = 148, j = 316 sucessfully passed !
	Initialyzed swapped data for i = 148, j = 317 sucessfully passed !
	Initialyzed swapped data for i = 148, j = 318 sucessfully passed !
	Initialyzed swapped data for i = 148, j = 319 sucessfully passed !
	Initialyzed swapped data for i = 148, j = 320 sucessfully passed !
	Initialyzed swapped data for i = 148, j = 321 sucessfully passed !
	Initialyzed swapped data for i = 148, j = 322 sucessfully passed !
	Initialyzed swapped data for i = 148, j = 323 sucessfully passed !
	Initialyzed swapped data for i = 148, j = 324 sucessfully passed !
	Initialyzed swapped data for i = 148, j = 325 sucessfully passed !
	Initialyzed swapped data for i = 148, j = 326 sucessfully passed !
	Initialyzed swapped data for i = 148, j = 327 sucessfully passed !
	Initialyzed swapped data for i = 148, j = 328 sucessfully passed !
	Initialyzed swapped data for i = 148, j = 329 sucessfully passed !
	Initialyzed swapped data for i = 148, j = 330 sucessfully passed !
	Initialyzed swapped data for i = 148, j = 331 sucessfully passed !
	Initialyzed swapped data for i = 148, j = 332 sucessfully passed !
	Initialyzed swapped data for i = 148, j = 333 sucessfully passed !
	Initialyzed swapped data for i = 148, j = 334 sucessfully passed !
	Initialyzed swapped data for i = 148, j = 335 sucessfully passed !
	Initialyzed swapped data for i = 148, j = 336 sucessfully passed !
	Initialyzed swapped data for i = 148, j = 337 sucessfully passed !
	Initialyzed swapped data for i = 148, j = 338 sucessfully passed !
	Initialyzed swapped data for i = 148, j = 339 sucessfully passed !
	Initialyzed swapped data for i = 148, j = 340 sucessfully passed !
	Initialyzed swapped data for i = 148, j = 341 sucessfully passed !
	Initialyzed swapped data for i = 148, j = 342 sucessfully passed !
	Initialyzed swapped data for i = 148, j = 343 sucessfully passed !
	Initialyzed swapped data for i = 148, j = 344 sucessfully passed !
	Initialyzed swapped data for i = 148, j = 345 sucessfully passed !
	Initialyzed swapped data for i = 148, j = 346 sucessfully passed !
	Initialyzed swapped data for i = 148, j = 347 sucessfully passed !
	Initialyzed swapped data for i = 148, j = 348 sucessfully passed !
	Initialyzed swapped data for i = 148, j = 349 sucessfully passed !
	Initialyzed swapped data for i = 148, j = 350 sucessfully passed !
	Initialyzed swapped data for i = 148, j = 351 sucessfully passed !
	Initialyzed swapped data for i = 148, j = 352 sucessfully passed !
	Initialyzed swapped data for i = 148, j = 353 sucessfully passed !
	Initialyzed swapped data for i = 148, j = 354 sucessfully passed !
	Initialyzed swapped data for i = 148, j = 355 sucessfully passed !
	Initialyzed swapped data for i = 148, j = 356 sucessfully passed !
	Initialyzed swapped data for i = 148, j = 357 sucessfully passed !
	Initialyzed swapped data for i = 148, j = 358 sucessfully passed !
	Initialyzed swapped data for i = 148, j = 359 sucessfully passed !
	Initialyzed swapped data for i = 148, j = 360 sucessfully passed !
	Initialyzed swapped data for i = 148, j = 361 sucessfully passed !
	Initialyzed swapped data for i = 148, j = 362 sucessfully passed !
	Initialyzed swapped data for i = 148, j = 363 sucessfully passed !
	Initialyzed swapped data for i = 148, j = 364 sucessfully passed !
	Initialyzed swapped data for i = 148, j = 365 sucessfully passed !
	Initialyzed swapped data for i = 148, j = 366 sucessfully passed !
	Initialyzed swapped data for i = 148, j = 367 sucessfully passed !
	Initialyzed swapped data for i = 148, j = 368 sucessfully passed !
	Initialyzed swapped data for i = 148, j = 369 sucessfully passed !
	Initialyzed swapped data for i = 148, j = 370 sucessfully passed !
	Initialyzed swapped data for i = 148, j = 371 sucessfully passed !
	Initialyzed swapped data for i = 148, j = 372 sucessfully passed !
	Initialyzed swapped data for i = 148, j = 373 sucessfully passed !
	Initialyzed swapped data for i = 148, j = 374 sucessfully passed !
	Initialyzed swapped data for i = 148, j = 375 sucessfully passed !
	Initialyzed swapped data for i = 148, j = 376 sucessfully passed !
	Initialyzed swapped data for i = 148, j = 377 sucessfully passed !
	Initialyzed swapped data for i = 148, j = 378 sucessfully passed !
	Initialyzed swapped data for i = 148, j = 379 sucessfully passed !
	Initialyzed swapped data for i = 148, j = 380 sucessfully passed !
	Initialyzed swapped data for i = 148, j = 381 sucessfully passed !
	Initialyzed swapped data for i = 148, j = 382 sucessfully passed !
	Initialyzed swapped data for i = 148, j = 383 sucessfully passed !
	Initialyzed swapped data for i = 148, j = 384 sucessfully passed !
	Initialyzed swapped data for i = 148, j = 385 sucessfully passed !
	Initialyzed swapped data for i = 148, j = 386 sucessfully passed !
	Initialyzed swapped data for i = 148, j = 387 sucessfully passed !
	Initialyzed swapped data for i = 148, j = 388 sucessfully passed !
	Initialyzed swapped data for i = 148, j = 389 sucessfully passed !
	Initialyzed swapped data for i = 148, j = 390 sucessfully passed !
	Initialyzed swapped data for i = 148, j = 391 sucessfully passed !
	Initialyzed swapped data for i = 148, j = 392 sucessfully passed !
	Initialyzed swapped data for i = 148, j = 393 sucessfully passed !
	Initialyzed swapped data for i = 148, j = 394 sucessfully passed !
	Initialyzed swapped data for i = 148, j = 395 sucessfully passed !
	Initialyzed swapped data for i = 148, j = 396 sucessfully passed !
	Initialyzed swapped data for i = 148, j = 397 sucessfully passed !
	Initialyzed swapped data for i = 148, j = 398 sucessfully passed !
	Initialyzed swapped data for i = 148, j = 399 sucessfully passed !
	Initialyzed swapped data for i = 148, j = 400 sucessfully passed !
	Initialyzed swapped data for i = 148, j = 401 sucessfully passed !
	Initialyzed swapped data for i = 148, j = 402 sucessfully passed !
	Initialyzed swapped data for i = 148, j = 403 sucessfully passed !
	Initialyzed swapped data for i = 148, j = 404 sucessfully passed !
	Initialyzed swapped data for i = 148, j = 405 sucessfully passed !
	Initialyzed swapped data for i = 148, j = 406 sucessfully passed !
	Initialyzed swapped data for i = 148, j = 407 sucessfully passed !
	Initialyzed swapped data for i = 148, j = 408 sucessfully passed !
	Initialyzed swapped data for i = 148, j = 409 sucessfully passed !
	Initialyzed swapped data for i = 148, j = 410 sucessfully passed !
	Initialyzed swapped data for i = 148, j = 411 sucessfully passed !
	Initialyzed swapped data for i = 148, j = 412 sucessfully passed !
	Initialyzed swapped data for i = 148, j = 413 sucessfully passed !
	Initialyzed swapped data for i = 148, j = 414 sucessfully passed !
	Initialyzed swapped data for i = 148, j = 415 sucessfully passed !
	Initialyzed swapped data for i = 148, j = 416 sucessfully passed !
	Initialyzed swapped data for i = 148, j = 417 sucessfully passed !
	Initialyzed swapped data for i = 148, j = 418 sucessfully passed !
	Initialyzed swapped data for i = 148, j = 419 sucessfully passed !
	Initialyzed swapped data for i = 148, j = 420 sucessfully passed !
	Initialyzed swapped data for i = 148, j = 421 sucessfully passed !
	Initialyzed swapped data for i = 148, j = 422 sucessfully passed !
	Initialyzed swapped data for i = 148, j = 423 sucessfully passed !
	Initialyzed swapped data for i = 148, j = 424 sucessfully passed !
	Initialyzed swapped data for i = 148, j = 425 sucessfully passed !
	Initialyzed swapped data for i = 148, j = 426 sucessfully passed !
	Initialyzed swapped data for i = 148, j = 427 sucessfully passed !
	Initialyzed swapped data for i = 148, j = 428 sucessfully passed !
	Initialyzed swapped data for i = 148, j = 429 sucessfully passed !
	Initialyzed swapped data for i = 148, j = 430 sucessfully passed !
	Initialyzed swapped data for i = 148, j = 431 sucessfully passed !
	Initialyzed swapped data for i = 148, j = 432 sucessfully passed !
	Initialyzed swapped data for i = 148, j = 433 sucessfully passed !
	Initialyzed swapped data for i = 149, j = 150 sucessfully passed !
	Initialyzed swapped data for i = 149, j = 151 sucessfully passed !
	Initialyzed swapped data for i = 149, j = 152 sucessfully passed !
	Initialyzed swapped data for i = 149, j = 153 sucessfully passed !
	Initialyzed swapped data for i = 149, j = 154 sucessfully passed !
	Initialyzed swapped data for i = 149, j = 155 sucessfully passed !
	Initialyzed swapped data for i = 149, j = 156 sucessfully passed !
	Initialyzed swapped data for i = 149, j = 157 sucessfully passed !
	Initialyzed swapped data for i = 149, j = 158 sucessfully passed !
	Initialyzed swapped data for i = 149, j = 159 sucessfully passed !
	Initialyzed swapped data for i = 149, j = 160 sucessfully passed !
	Initialyzed swapped data for i = 149, j = 161 sucessfully passed !
	Initialyzed swapped data for i = 149, j = 162 sucessfully passed !
	Initialyzed swapped data for i = 149, j = 163 sucessfully passed !
	Initialyzed swapped data for i = 149, j = 164 sucessfully passed !
	Initialyzed swapped data for i = 149, j = 165 sucessfully passed !
	Initialyzed swapped data for i = 149, j = 166 sucessfully passed !
	Initialyzed swapped data for i = 149, j = 167 sucessfully passed !
	Initialyzed swapped data for i = 149, j = 168 sucessfully passed !
	Initialyzed swapped data for i = 149, j = 169 sucessfully passed !
	Initialyzed swapped data for i = 149, j = 170 sucessfully passed !
	Initialyzed swapped data for i = 149, j = 171 sucessfully passed !
	Initialyzed swapped data for i = 149, j = 172 sucessfully passed !
	Initialyzed swapped data for i = 149, j = 173 sucessfully passed !
	Initialyzed swapped data for i = 149, j = 174 sucessfully passed !
	Initialyzed swapped data for i = 149, j = 175 sucessfully passed !
	Initialyzed swapped data for i = 149, j = 176 sucessfully passed !
	Initialyzed swapped data for i = 149, j = 177 sucessfully passed !
	Initialyzed swapped data for i = 149, j = 178 sucessfully passed !
	Initialyzed swapped data for i = 149, j = 179 sucessfully passed !
	Initialyzed swapped data for i = 149, j = 180 sucessfully passed !
	Initialyzed swapped data for i = 149, j = 181 sucessfully passed !
	Initialyzed swapped data for i = 149, j = 182 sucessfully passed !
	Initialyzed swapped data for i = 149, j = 183 sucessfully passed !
	Initialyzed swapped data for i = 149, j = 184 sucessfully passed !
	Initialyzed swapped data for i = 149, j = 185 sucessfully passed !
	Initialyzed swapped data for i = 149, j = 186 sucessfully passed !
	Initialyzed swapped data for i = 149, j = 187 sucessfully passed !
	Initialyzed swapped data for i = 149, j = 188 sucessfully passed !
	Initialyzed swapped data for i = 149, j = 189 sucessfully passed !
	Initialyzed swapped data for i = 149, j = 190 sucessfully passed !
	Initialyzed swapped data for i = 149, j = 191 sucessfully passed !
	Initialyzed swapped data for i = 149, j = 192 sucessfully passed !
	Initialyzed swapped data for i = 149, j = 193 sucessfully passed !
	Initialyzed swapped data for i = 149, j = 194 sucessfully passed !
	Initialyzed swapped data for i = 149, j = 195 sucessfully passed !
	Initialyzed swapped data for i = 149, j = 196 sucessfully passed !
	Initialyzed swapped data for i = 149, j = 197 sucessfully passed !
	Initialyzed swapped data for i = 149, j = 198 sucessfully passed !
	Initialyzed swapped data for i = 149, j = 199 sucessfully passed !
	Initialyzed swapped data for i = 149, j = 200 sucessfully passed !
	Initialyzed swapped data for i = 149, j = 201 sucessfully passed !
	Initialyzed swapped data for i = 149, j = 202 sucessfully passed !
	Initialyzed swapped data for i = 149, j = 203 sucessfully passed !
	Initialyzed swapped data for i = 149, j = 204 sucessfully passed !
	Initialyzed swapped data for i = 149, j = 205 sucessfully passed !
	Initialyzed swapped data for i = 149, j = 206 sucessfully passed !
	Initialyzed swapped data for i = 149, j = 207 sucessfully passed !
	Initialyzed swapped data for i = 149, j = 208 sucessfully passed !
	Initialyzed swapped data for i = 149, j = 209 sucessfully passed !
	Initialyzed swapped data for i = 149, j = 210 sucessfully passed !
	Initialyzed swapped data for i = 149, j = 211 sucessfully passed !
	Initialyzed swapped data for i = 149, j = 212 sucessfully passed !
	Initialyzed swapped data for i = 149, j = 213 sucessfully passed !
	Initialyzed swapped data for i = 149, j = 214 sucessfully passed !
	Initialyzed swapped data for i = 149, j = 215 sucessfully passed !
	Initialyzed swapped data for i = 149, j = 216 sucessfully passed !
	Initialyzed swapped data for i = 149, j = 217 sucessfully passed !
	Initialyzed swapped data for i = 149, j = 218 sucessfully passed !
	Initialyzed swapped data for i = 149, j = 219 sucessfully passed !
	Initialyzed swapped data for i = 149, j = 220 sucessfully passed !
	Initialyzed swapped data for i = 149, j = 221 sucessfully passed !
	Initialyzed swapped data for i = 149, j = 222 sucessfully passed !
	Initialyzed swapped data for i = 149, j = 223 sucessfully passed !
	Initialyzed swapped data for i = 149, j = 224 sucessfully passed !
	Initialyzed swapped data for i = 149, j = 225 sucessfully passed !
	Initialyzed swapped data for i = 149, j = 226 sucessfully passed !
	Initialyzed swapped data for i = 149, j = 227 sucessfully passed !
	Initialyzed swapped data for i = 149, j = 228 sucessfully passed !
	Initialyzed swapped data for i = 149, j = 229 sucessfully passed !
	Initialyzed swapped data for i = 149, j = 230 sucessfully passed !
	Initialyzed swapped data for i = 149, j = 231 sucessfully passed !
	Initialyzed swapped data for i = 149, j = 232 sucessfully passed !
	Initialyzed swapped data for i = 149, j = 233 sucessfully passed !
	Initialyzed swapped data for i = 149, j = 234 sucessfully passed !
	Initialyzed swapped data for i = 149, j = 235 sucessfully passed !
	Initialyzed swapped data for i = 149, j = 236 sucessfully passed !
	Initialyzed swapped data for i = 149, j = 237 sucessfully passed !
	Initialyzed swapped data for i = 149, j = 238 sucessfully passed !
	Initialyzed swapped data for i = 149, j = 239 sucessfully passed !
	Initialyzed swapped data for i = 149, j = 240 sucessfully passed !
	Initialyzed swapped data for i = 149, j = 241 sucessfully passed !
	Initialyzed swapped data for i = 149, j = 242 sucessfully passed !
	Initialyzed swapped data for i = 149, j = 243 sucessfully passed !
	Initialyzed swapped data for i = 149, j = 244 sucessfully passed !
	Initialyzed swapped data for i = 149, j = 245 sucessfully passed !
	Initialyzed swapped data for i = 149, j = 246 sucessfully passed !
	Initialyzed swapped data for i = 149, j = 247 sucessfully passed !
	Initialyzed swapped data for i = 149, j = 248 sucessfully passed !
	Initialyzed swapped data for i = 149, j = 249 sucessfully passed !
	Initialyzed swapped data for i = 149, j = 250 sucessfully passed !
	Initialyzed swapped data for i = 149, j = 251 sucessfully passed !
	Initialyzed swapped data for i = 149, j = 252 sucessfully passed !
	Initialyzed swapped data for i = 149, j = 253 sucessfully passed !
	Initialyzed swapped data for i = 149, j = 254 sucessfully passed !
	Initialyzed swapped data for i = 149, j = 255 sucessfully passed !
	Initialyzed swapped data for i = 149, j = 256 sucessfully passed !
	Initialyzed swapped data for i = 149, j = 257 sucessfully passed !
	Initialyzed swapped data for i = 149, j = 258 sucessfully passed !
	Initialyzed swapped data for i = 149, j = 259 sucessfully passed !
	Initialyzed swapped data for i = 149, j = 260 sucessfully passed !
	Initialyzed swapped data for i = 149, j = 261 sucessfully passed !
	Initialyzed swapped data for i = 149, j = 262 sucessfully passed !
	Initialyzed swapped data for i = 149, j = 263 sucessfully passed !
	Initialyzed swapped data for i = 149, j = 264 sucessfully passed !
	Initialyzed swapped data for i = 149, j = 265 sucessfully passed !
	Initialyzed swapped data for i = 149, j = 266 sucessfully passed !
	Initialyzed swapped data for i = 149, j = 267 sucessfully passed !
	Initialyzed swapped data for i = 149, j = 268 sucessfully passed !
	Initialyzed swapped data for i = 149, j = 269 sucessfully passed !
	Initialyzed swapped data for i = 149, j = 270 sucessfully passed !
	Initialyzed swapped data for i = 149, j = 271 sucessfully passed !
	Initialyzed swapped data for i = 149, j = 272 sucessfully passed !
	Initialyzed swapped data for i = 149, j = 273 sucessfully passed !
	Initialyzed swapped data for i = 149, j = 274 sucessfully passed !
	Initialyzed swapped data for i = 149, j = 275 sucessfully passed !
	Initialyzed swapped data for i = 149, j = 276 sucessfully passed !
	Initialyzed swapped data for i = 149, j = 277 sucessfully passed !
	Initialyzed swapped data for i = 149, j = 278 sucessfully passed !
	Initialyzed swapped data for i = 149, j = 279 sucessfully passed !
	Initialyzed swapped data for i = 149, j = 280 sucessfully passed !
	Initialyzed swapped data for i = 149, j = 281 sucessfully passed !
	Initialyzed swapped data for i = 149, j = 282 sucessfully passed !
	Initialyzed swapped data for i = 149, j = 283 sucessfully passed !
	Initialyzed swapped data for i = 149, j = 284 sucessfully passed !
	Initialyzed swapped data for i = 149, j = 285 sucessfully passed !
	Initialyzed swapped data for i = 149, j = 286 sucessfully passed !
	Initialyzed swapped data for i = 149, j = 287 sucessfully passed !
	Initialyzed swapped data for i = 149, j = 288 sucessfully passed !
	Initialyzed swapped data for i = 149, j = 289 sucessfully passed !
	Initialyzed swapped data for i = 149, j = 290 sucessfully passed !
	Initialyzed swapped data for i = 149, j = 291 sucessfully passed !
	Initialyzed swapped data for i = 149, j = 292 sucessfully passed !
	Initialyzed swapped data for i = 149, j = 293 sucessfully passed !
	Initialyzed swapped data for i = 149, j = 294 sucessfully passed !
	Initialyzed swapped data for i = 149, j = 295 sucessfully passed !
	Initialyzed swapped data for i = 149, j = 296 sucessfully passed !
	Initialyzed swapped data for i = 149, j = 297 sucessfully passed !
	Initialyzed swapped data for i = 149, j = 298 sucessfully passed !
	Initialyzed swapped data for i = 149, j = 299 sucessfully passed !
	Initialyzed swapped data for i = 149, j = 300 sucessfully passed !
	Initialyzed swapped data for i = 149, j = 301 sucessfully passed !
	Initialyzed swapped data for i = 149, j = 302 sucessfully passed !
	Initialyzed swapped data for i = 149, j = 303 sucessfully passed !
	Initialyzed swapped data for i = 149, j = 304 sucessfully passed !
	Initialyzed swapped data for i = 149, j = 305 sucessfully passed !
	Initialyzed swapped data for i = 149, j = 306 sucessfully passed !
	Initialyzed swapped data for i = 149, j = 307 sucessfully passed !
	Initialyzed swapped data for i = 149, j = 308 sucessfully passed !
	Initialyzed swapped data for i = 149, j = 309 sucessfully passed !
	Initialyzed swapped data for i = 149, j = 310 sucessfully passed !
	Initialyzed swapped data for i = 149, j = 311 sucessfully passed !
	Initialyzed swapped data for i = 149, j = 312 sucessfully passed !
	Initialyzed swapped data for i = 149, j = 313 sucessfully passed !
	Initialyzed swapped data for i = 149, j = 314 sucessfully passed !
	Initialyzed swapped data for i = 149, j = 315 sucessfully passed !
	Initialyzed swapped data for i = 149, j = 316 sucessfully passed !
	Initialyzed swapped data for i = 149, j = 317 sucessfully passed !
	Initialyzed swapped data for i = 149, j = 318 sucessfully passed !
	Initialyzed swapped data for i = 149, j = 319 sucessfully passed !
	Initialyzed swapped data for i = 149, j = 320 sucessfully passed !
	Initialyzed swapped data for i = 149, j = 321 sucessfully passed !
	Initialyzed swapped data for i = 149, j = 322 sucessfully passed !
	Initialyzed swapped data for i = 149, j = 323 sucessfully passed !
	Initialyzed swapped data for i = 149, j = 324 sucessfully passed !
	Initialyzed swapped data for i = 149, j = 325 sucessfully passed !
	Initialyzed swapped data for i = 149, j = 326 sucessfully passed !
	Initialyzed swapped data for i = 149, j = 327 sucessfully passed !
	Initialyzed swapped data for i = 149, j = 328 sucessfully passed !
	Initialyzed swapped data for i = 149, j = 329 sucessfully passed !
	Initialyzed swapped data for i = 149, j = 330 sucessfully passed !
	Initialyzed swapped data for i = 149, j = 331 sucessfully passed !
	Initialyzed swapped data for i = 149, j = 332 sucessfully passed !
	Initialyzed swapped data for i = 149, j = 333 sucessfully passed !
	Initialyzed swapped data for i = 149, j = 334 sucessfully passed !
	Initialyzed swapped data for i = 149, j = 335 sucessfully passed !
	Initialyzed swapped data for i = 149, j = 336 sucessfully passed !
	Initialyzed swapped data for i = 149, j = 337 sucessfully passed !
	Initialyzed swapped data for i = 149, j = 338 sucessfully passed !
	Initialyzed swapped data for i = 149, j = 339 sucessfully passed !
	Initialyzed swapped data for i = 149, j = 340 sucessfully passed !
	Initialyzed swapped data for i = 149, j = 341 sucessfully passed !
	Initialyzed swapped data for i = 149, j = 342 sucessfully passed !
	Initialyzed swapped data for i = 149, j = 343 sucessfully passed !
	Initialyzed swapped data for i = 149, j = 344 sucessfully passed !
	Initialyzed swapped data for i = 149, j = 345 sucessfully passed !
	Initialyzed swapped data for i = 149, j = 346 sucessfully passed !
	Initialyzed swapped data for i = 149, j = 347 sucessfully passed !
	Initialyzed swapped data for i = 149, j = 348 sucessfully passed !
	Initialyzed swapped data for i = 149, j = 349 sucessfully passed !
	Initialyzed swapped data for i = 149, j = 350 sucessfully passed !
	Initialyzed swapped data for i = 149, j = 351 sucessfully passed !
	Initialyzed swapped data for i = 149, j = 352 sucessfully passed !
	Initialyzed swapped data for i = 149, j = 353 sucessfully passed !
	Initialyzed swapped data for i = 149, j = 354 sucessfully passed !
	Initialyzed swapped data for i = 149, j = 355 sucessfully passed !
	Initialyzed swapped data for i = 149, j = 356 sucessfully passed !
	Initialyzed swapped data for i = 149, j = 357 sucessfully passed !
	Initialyzed swapped data for i = 149, j = 358 sucessfully passed !
	Initialyzed swapped data for i = 149, j = 359 sucessfully passed !
	Initialyzed swapped data for i = 149, j = 360 sucessfully passed !
	Initialyzed swapped data for i = 149, j = 361 sucessfully passed !
	Initialyzed swapped data for i = 149, j = 362 sucessfully passed !
	Initialyzed swapped data for i = 149, j = 363 sucessfully passed !
	Initialyzed swapped data for i = 149, j = 364 sucessfully passed !
	Initialyzed swapped data for i = 149, j = 365 sucessfully passed !
	Initialyzed swapped data for i = 149, j = 366 sucessfully passed !
	Initialyzed swapped data for i = 149, j = 367 sucessfully passed !
	Initialyzed swapped data for i = 149, j = 368 sucessfully passed !
	Initialyzed swapped data for i = 149, j = 369 sucessfully passed !
	Initialyzed swapped data for i = 149, j = 370 sucessfully passed !
	Initialyzed swapped data for i = 149, j = 371 sucessfully passed !
	Initialyzed swapped data for i = 149, j = 372 sucessfully passed !
	Initialyzed swapped data for i = 149, j = 373 sucessfully passed !
	Initialyzed swapped data for i = 149, j = 374 sucessfully passed !
	Initialyzed swapped data for i = 149, j = 375 sucessfully passed !
	Initialyzed swapped data for i = 149, j = 376 sucessfully passed !
	Initialyzed swapped data for i = 149, j = 377 sucessfully passed !
	Initialyzed swapped data for i = 149, j = 378 sucessfully passed !
	Initialyzed swapped data for i = 149, j = 379 sucessfully passed !
	Initialyzed swapped data for i = 149, j = 380 sucessfully passed !
	Initialyzed swapped data for i = 149, j = 381 sucessfully passed !
	Initialyzed swapped data for i = 149, j = 382 sucessfully passed !
	Initialyzed swapped data for i = 149, j = 383 sucessfully passed !
	Initialyzed swapped data for i = 149, j = 384 sucessfully passed !
	Initialyzed swapped data for i = 149, j = 385 sucessfully passed !
	Initialyzed swapped data for i = 149, j = 386 sucessfully passed !
	Initialyzed swapped data for i = 149, j = 387 sucessfully passed !
	Initialyzed swapped data for i = 149, j = 388 sucessfully passed !
	Initialyzed swapped data for i = 149, j = 389 sucessfully passed !
	Initialyzed swapped data for i = 149, j = 390 sucessfully passed !
	Initialyzed swapped data for i = 149, j = 391 sucessfully passed !
	Initialyzed swapped data for i = 149, j = 392 sucessfully passed !
	Initialyzed swapped data for i = 149, j = 393 sucessfully passed !
	Initialyzed swapped data for i = 149, j = 394 sucessfully passed !
	Initialyzed swapped data for i = 149, j = 395 sucessfully passed !
	Initialyzed swapped data for i = 149, j = 396 sucessfully passed !
	Initialyzed swapped data for i = 149, j = 397 sucessfully passed !
	Initialyzed swapped data for i = 149, j = 398 sucessfully passed !
	Initialyzed swapped data for i = 149, j = 399 sucessfully passed !
	Initialyzed swapped data for i = 149, j = 400 sucessfully passed !
	Initialyzed swapped data for i = 149, j = 401 sucessfully passed !
	Initialyzed swapped data for i = 149, j = 402 sucessfully passed !
	Initialyzed swapped data for i = 149, j = 403 sucessfully passed !
	Initialyzed swapped data for i = 149, j = 404 sucessfully passed !
	Initialyzed swapped data for i = 149, j = 405 sucessfully passed !
	Initialyzed swapped data for i = 149, j = 406 sucessfully passed !
	Initialyzed swapped data for i = 149, j = 407 sucessfully passed !
	Initialyzed swapped data for i = 149, j = 408 sucessfully passed !
	Initialyzed swapped data for i = 149, j = 409 sucessfully passed !
	Initialyzed swapped data for i = 149, j = 410 sucessfully passed !
	Initialyzed swapped data for i = 149, j = 411 sucessfully passed !
	Initialyzed swapped data for i = 149, j = 412 sucessfully passed !
	Initialyzed swapped data for i = 149, j = 413 sucessfully passed !
	Initialyzed swapped data for i = 149, j = 414 sucessfully passed !
	Initialyzed swapped data for i = 149, j = 415 sucessfully passed !
	Initialyzed swapped data for i = 149, j = 416 sucessfully passed !
	Initialyzed swapped data for i = 149, j = 417 sucessfully passed !
	Initialyzed swapped data for i = 149, j = 418 sucessfully passed !
	Initialyzed swapped data for i = 149, j = 419 sucessfully passed !
	Initialyzed swapped data for i = 149, j = 420 sucessfully passed !
	Initialyzed swapped data for i = 149, j = 421 sucessfully passed !
	Initialyzed swapped data for i = 149, j = 422 sucessfully passed !
	Initialyzed swapped data for i = 149, j = 423 sucessfully passed !
	Initialyzed swapped data for i = 149, j = 424 sucessfully passed !
	Initialyzed swapped data for i = 149, j = 425 sucessfully passed !
	Initialyzed swapped data for i = 149, j = 426 sucessfully passed !
	Initialyzed swapped data for i = 149, j = 427 sucessfully passed !
	Initialyzed swapped data for i = 149, j = 428 sucessfully passed !
	Initialyzed swapped data for i = 149, j = 429 sucessfully passed !
	Initialyzed swapped data for i = 149, j = 430 sucessfully passed !
	Initialyzed swapped data for i = 149, j = 431 sucessfully passed !
	Initialyzed swapped data for i = 149, j = 432 sucessfully passed !
	Initialyzed swapped data for i = 149, j = 433 sucessfully passed !
	Initialyzed swapped data for i = 150, j = 151 sucessfully passed !
	Initialyzed swapped data for i = 150, j = 152 sucessfully passed !
	Initialyzed swapped data for i = 150, j = 153 sucessfully passed !
	Initialyzed swapped data for i = 150, j = 154 sucessfully passed !
	Initialyzed swapped data for i = 150, j = 155 sucessfully passed !
	Initialyzed swapped data for i = 150, j = 156 sucessfully passed !
	Initialyzed swapped data for i = 150, j = 157 sucessfully passed !
	Initialyzed swapped data for i = 150, j = 158 sucessfully passed !
	Initialyzed swapped data for i = 150, j = 159 sucessfully passed !
	Initialyzed swapped data for i = 150, j = 160 sucessfully passed !
	Initialyzed swapped data for i = 150, j = 161 sucessfully passed !
	Initialyzed swapped data for i = 150, j = 162 sucessfully passed !
	Initialyzed swapped data for i = 150, j = 163 sucessfully passed !
	Initialyzed swapped data for i = 150, j = 164 sucessfully passed !
	Initialyzed swapped data for i = 150, j = 165 sucessfully passed !
	Initialyzed swapped data for i = 150, j = 166 sucessfully passed !
	Initialyzed swapped data for i = 150, j = 167 sucessfully passed !
	Initialyzed swapped data for i = 150, j = 168 sucessfully passed !
	Initialyzed swapped data for i = 150, j = 169 sucessfully passed !
	Initialyzed swapped data for i = 150, j = 170 sucessfully passed !
	Initialyzed swapped data for i = 150, j = 171 sucessfully passed !
	Initialyzed swapped data for i = 150, j = 172 sucessfully passed !
	Initialyzed swapped data for i = 150, j = 173 sucessfully passed !
	Initialyzed swapped data for i = 150, j = 174 sucessfully passed !
	Initialyzed swapped data for i = 150, j = 175 sucessfully passed !
	Initialyzed swapped data for i = 150, j = 176 sucessfully passed !
	Initialyzed swapped data for i = 150, j = 177 sucessfully passed !
	Initialyzed swapped data for i = 150, j = 178 sucessfully passed !
	Initialyzed swapped data for i = 150, j = 179 sucessfully passed !
	Initialyzed swapped data for i = 150, j = 180 sucessfully passed !
	Initialyzed swapped data for i = 150, j = 181 sucessfully passed !
	Initialyzed swapped data for i = 150, j = 182 sucessfully passed !
	Initialyzed swapped data for i = 150, j = 183 sucessfully passed !
	Initialyzed swapped data for i = 150, j = 184 sucessfully passed !
	Initialyzed swapped data for i = 150, j = 185 sucessfully passed !
	Initialyzed swapped data for i = 150, j = 186 sucessfully passed !
	Initialyzed swapped data for i = 150, j = 187 sucessfully passed !
	Initialyzed swapped data for i = 150, j = 188 sucessfully passed !
	Initialyzed swapped data for i = 150, j = 189 sucessfully passed !
	Initialyzed swapped data for i = 150, j = 190 sucessfully passed !
	Initialyzed swapped data for i = 150, j = 191 sucessfully passed !
	Initialyzed swapped data for i = 150, j = 192 sucessfully passed !
	Initialyzed swapped data for i = 150, j = 193 sucessfully passed !
	Initialyzed swapped data for i = 150, j = 194 sucessfully passed !
	Initialyzed swapped data for i = 150, j = 195 sucessfully passed !
	Initialyzed swapped data for i = 150, j = 196 sucessfully passed !
	Initialyzed swapped data for i = 150, j = 197 sucessfully passed !
	Initialyzed swapped data for i = 150, j = 198 sucessfully passed !
	Initialyzed swapped data for i = 150, j = 199 sucessfully passed !
	Initialyzed swapped data for i = 150, j = 200 sucessfully passed !
	Initialyzed swapped data for i = 150, j = 201 sucessfully passed !
	Initialyzed swapped data for i = 150, j = 202 sucessfully passed !
	Initialyzed swapped data for i = 150, j = 203 sucessfully passed !
	Initialyzed swapped data for i = 150, j = 204 sucessfully passed !
	Initialyzed swapped data for i = 150, j = 205 sucessfully passed !
	Initialyzed swapped data for i = 150, j = 206 sucessfully passed !
	Initialyzed swapped data for i = 150, j = 207 sucessfully passed !
	Initialyzed swapped data for i = 150, j = 208 sucessfully passed !
	Initialyzed swapped data for i = 150, j = 209 sucessfully passed !
	Initialyzed swapped data for i = 150, j = 210 sucessfully passed !
	Initialyzed swapped data for i = 150, j = 211 sucessfully passed !
	Initialyzed swapped data for i = 150, j = 212 sucessfully passed !
	Initialyzed swapped data for i = 150, j = 213 sucessfully passed !
	Initialyzed swapped data for i = 150, j = 214 sucessfully passed !
	Initialyzed swapped data for i = 150, j = 215 sucessfully passed !
	Initialyzed swapped data for i = 150, j = 216 sucessfully passed !
	Initialyzed swapped data for i = 150, j = 217 sucessfully passed !
	Initialyzed swapped data for i = 150, j = 218 sucessfully passed !
	Initialyzed swapped data for i = 150, j = 219 sucessfully passed !
	Initialyzed swapped data for i = 150, j = 220 sucessfully passed !
	Initialyzed swapped data for i = 150, j = 221 sucessfully passed !
	Initialyzed swapped data for i = 150, j = 222 sucessfully passed !
	Initialyzed swapped data for i = 150, j = 223 sucessfully passed !
	Initialyzed swapped data for i = 150, j = 224 sucessfully passed !
	Initialyzed swapped data for i = 150, j = 225 sucessfully passed !
	Initialyzed swapped data for i = 150, j = 226 sucessfully passed !
	Initialyzed swapped data for i = 150, j = 227 sucessfully passed !
	Initialyzed swapped data for i = 150, j = 228 sucessfully passed !
	Initialyzed swapped data for i = 150, j = 229 sucessfully passed !
	Initialyzed swapped data for i = 150, j = 230 sucessfully passed !
	Initialyzed swapped data for i = 150, j = 231 sucessfully passed !
	Initialyzed swapped data for i = 150, j = 232 sucessfully passed !
	Initialyzed swapped data for i = 150, j = 233 sucessfully passed !
	Initialyzed swapped data for i = 150, j = 234 sucessfully passed !
	Initialyzed swapped data for i = 150, j = 235 sucessfully passed !
	Initialyzed swapped data for i = 150, j = 236 sucessfully passed !
	Initialyzed swapped data for i = 150, j = 237 sucessfully passed !
	Initialyzed swapped data for i = 150, j = 238 sucessfully passed !
	Initialyzed swapped data for i = 150, j = 239 sucessfully passed !
	Initialyzed swapped data for i = 150, j = 240 sucessfully passed !
	Initialyzed swapped data for i = 150, j = 241 sucessfully passed !
	Initialyzed swapped data for i = 150, j = 242 sucessfully passed !
	Initialyzed swapped data for i = 150, j = 243 sucessfully passed !
	Initialyzed swapped data for i = 150, j = 244 sucessfully passed !
	Initialyzed swapped data for i = 150, j = 245 sucessfully passed !
	Initialyzed swapped data for i = 150, j = 246 sucessfully passed !
	Initialyzed swapped data for i = 150, j = 247 sucessfully passed !
	Initialyzed swapped data for i = 150, j = 248 sucessfully passed !
	Initialyzed swapped data for i = 150, j = 249 sucessfully passed !
	Initialyzed swapped data for i = 150, j = 250 sucessfully passed !
	Initialyzed swapped data for i = 150, j = 251 sucessfully passed !
	Initialyzed swapped data for i = 150, j = 252 sucessfully passed !
	Initialyzed swapped data for i = 150, j = 253 sucessfully passed !
	Initialyzed swapped data for i = 150, j = 254 sucessfully passed !
	Initialyzed swapped data for i = 150, j = 255 sucessfully passed !
	Initialyzed swapped data for i = 150, j = 256 sucessfully passed !
	Initialyzed swapped data for i = 150, j = 257 sucessfully passed !
	Initialyzed swapped data for i = 150, j = 258 sucessfully passed !
	Initialyzed swapped data for i = 150, j = 259 sucessfully passed !
	Initialyzed swapped data for i = 150, j = 260 sucessfully passed !
	Initialyzed swapped data for i = 150, j = 261 sucessfully passed !
	Initialyzed swapped data for i = 150, j = 262 sucessfully passed !
	Initialyzed swapped data for i = 150, j = 263 sucessfully passed !
	Initialyzed swapped data for i = 150, j = 264 sucessfully passed !
	Initialyzed swapped data for i = 150, j = 265 sucessfully passed !
	Initialyzed swapped data for i = 150, j = 266 sucessfully passed !
	Initialyzed swapped data for i = 150, j = 267 sucessfully passed !
	Initialyzed swapped data for i = 150, j = 268 sucessfully passed !
	Initialyzed swapped data for i = 150, j = 269 sucessfully passed !
	Initialyzed swapped data for i = 150, j = 270 sucessfully passed !
	Initialyzed swapped data for i = 150, j = 271 sucessfully passed !
	Initialyzed swapped data for i = 150, j = 272 sucessfully passed !
	Initialyzed swapped data for i = 150, j = 273 sucessfully passed !
	Initialyzed swapped data for i = 150, j = 274 sucessfully passed !
	Initialyzed swapped data for i = 150, j = 275 sucessfully passed !
	Initialyzed swapped data for i = 150, j = 276 sucessfully passed !
	Initialyzed swapped data for i = 150, j = 277 sucessfully passed !
	Initialyzed swapped data for i = 150, j = 278 sucessfully passed !
	Initialyzed swapped data for i = 150, j = 279 sucessfully passed !
	Initialyzed swapped data for i = 150, j = 280 sucessfully passed !
	Initialyzed swapped data for i = 150, j = 281 sucessfully passed !
	Initialyzed swapped data for i = 150, j = 282 sucessfully passed !
	Initialyzed swapped data for i = 150, j = 283 sucessfully passed !
	Initialyzed swapped data for i = 150, j = 284 sucessfully passed !
	Initialyzed swapped data for i = 150, j = 285 sucessfully passed !
	Initialyzed swapped data for i = 150, j = 286 sucessfully passed !
	Initialyzed swapped data for i = 150, j = 287 sucessfully passed !
	Initialyzed swapped data for i = 150, j = 288 sucessfully passed !
	Initialyzed swapped data for i = 150, j = 289 sucessfully passed !
	Initialyzed swapped data for i = 150, j = 290 sucessfully passed !
	Initialyzed swapped data for i = 150, j = 291 sucessfully passed !
	Initialyzed swapped data for i = 150, j = 292 sucessfully passed !
	Initialyzed swapped data for i = 150, j = 293 sucessfully passed !
	Initialyzed swapped data for i = 150, j = 294 sucessfully passed !
	Initialyzed swapped data for i = 150, j = 295 sucessfully passed !
	Initialyzed swapped data for i = 150, j = 296 sucessfully passed !
	Initialyzed swapped data for i = 150, j = 297 sucessfully passed !
	Initialyzed swapped data for i = 150, j = 298 sucessfully passed !
	Initialyzed swapped data for i = 150, j = 299 sucessfully passed !
	Initialyzed swapped data for i = 150, j = 300 sucessfully passed !
	Initialyzed swapped data for i = 150, j = 301 sucessfully passed !
	Initialyzed swapped data for i = 150, j = 302 sucessfully passed !
	Initialyzed swapped data for i = 150, j = 303 sucessfully passed !
	Initialyzed swapped data for i = 150, j = 304 sucessfully passed !
	Initialyzed swapped data for i = 150, j = 305 sucessfully passed !
	Initialyzed swapped data for i = 150, j = 306 sucessfully passed !
	Initialyzed swapped data for i = 150, j = 307 sucessfully passed !
	Initialyzed swapped data for i = 150, j = 308 sucessfully passed !
	Initialyzed swapped data for i = 150, j = 309 sucessfully passed !
	Initialyzed swapped data for i = 150, j = 310 sucessfully passed !
	Initialyzed swapped data for i = 150, j = 311 sucessfully passed !
	Initialyzed swapped data for i = 150, j = 312 sucessfully passed !
	Initialyzed swapped data for i = 150, j = 313 sucessfully passed !
	Initialyzed swapped data for i = 150, j = 314 sucessfully passed !
	Initialyzed swapped data for i = 150, j = 315 sucessfully passed !
	Initialyzed swapped data for i = 150, j = 316 sucessfully passed !
	Initialyzed swapped data for i = 150, j = 317 sucessfully passed !
	Initialyzed swapped data for i = 150, j = 318 sucessfully passed !
	Initialyzed swapped data for i = 150, j = 319 sucessfully passed !
	Initialyzed swapped data for i = 150, j = 320 sucessfully passed !
	Initialyzed swapped data for i = 150, j = 321 sucessfully passed !
	Initialyzed swapped data for i = 150, j = 322 sucessfully passed !
	Initialyzed swapped data for i = 150, j = 323 sucessfully passed !
	Initialyzed swapped data for i = 150, j = 324 sucessfully passed !
	Initialyzed swapped data for i = 150, j = 325 sucessfully passed !
	Initialyzed swapped data for i = 150, j = 326 sucessfully passed !
	Initialyzed swapped data for i = 150, j = 327 sucessfully passed !
	Initialyzed swapped data for i = 150, j = 328 sucessfully passed !
	Initialyzed swapped data for i = 150, j = 329 sucessfully passed !
	Initialyzed swapped data for i = 150, j = 330 sucessfully passed !
	Initialyzed swapped data for i = 150, j = 331 sucessfully passed !
	Initialyzed swapped data for i = 150, j = 332 sucessfully passed !
	Initialyzed swapped data for i = 150, j = 333 sucessfully passed !
	Initialyzed swapped data for i = 150, j = 334 sucessfully passed !
	Initialyzed swapped data for i = 150, j = 335 sucessfully passed !
	Initialyzed swapped data for i = 150, j = 336 sucessfully passed !
	Initialyzed swapped data for i = 150, j = 337 sucessfully passed !
	Initialyzed swapped data for i = 150, j = 338 sucessfully passed !
	Initialyzed swapped data for i = 150, j = 339 sucessfully passed !
	Initialyzed swapped data for i = 150, j = 340 sucessfully passed !
	Initialyzed swapped data for i = 150, j = 341 sucessfully passed !
	Initialyzed swapped data for i = 150, j = 342 sucessfully passed !
	Initialyzed swapped data for i = 150, j = 343 sucessfully passed !
	Initialyzed swapped data for i = 150, j = 344 sucessfully passed !
	Initialyzed swapped data for i = 150, j = 345 sucessfully passed !
	Initialyzed swapped data for i = 150, j = 346 sucessfully passed !
	Initialyzed swapped data for i = 150, j = 347 sucessfully passed !
	Initialyzed swapped data for i = 150, j = 348 sucessfully passed !
	Initialyzed swapped data for i = 150, j = 349 sucessfully passed !
	Initialyzed swapped data for i = 150, j = 350 sucessfully passed !
	Initialyzed swapped data for i = 150, j = 351 sucessfully passed !
	Initialyzed swapped data for i = 150, j = 352 sucessfully passed !
	Initialyzed swapped data for i = 150, j = 353 sucessfully passed !
	Initialyzed swapped data for i = 150, j = 354 sucessfully passed !
	Initialyzed swapped data for i = 150, j = 355 sucessfully passed !
	Initialyzed swapped data for i = 150, j = 356 sucessfully passed !
	Initialyzed swapped data for i = 150, j = 357 sucessfully passed !
	Initialyzed swapped data for i = 150, j = 358 sucessfully passed !
	Initialyzed swapped data for i = 150, j = 359 sucessfully passed !
	Initialyzed swapped data for i = 150, j = 360 sucessfully passed !
	Initialyzed swapped data for i = 150, j = 361 sucessfully passed !
	Initialyzed swapped data for i = 150, j = 362 sucessfully passed !
	Initialyzed swapped data for i = 150, j = 363 sucessfully passed !
	Initialyzed swapped data for i = 150, j = 364 sucessfully passed !
	Initialyzed swapped data for i = 150, j = 365 sucessfully passed !
	Initialyzed swapped data for i = 150, j = 366 sucessfully passed !
	Initialyzed swapped data for i = 150, j = 367 sucessfully passed !
	Initialyzed swapped data for i = 150, j = 368 sucessfully passed !
	Initialyzed swapped data for i = 150, j = 369 sucessfully passed !
	Initialyzed swapped data for i = 150, j = 370 sucessfully passed !
	Initialyzed swapped data for i = 150, j = 371 sucessfully passed !
	Initialyzed swapped data for i = 150, j = 372 sucessfully passed !
	Initialyzed swapped data for i = 150, j = 373 sucessfully passed !
	Initialyzed swapped data for i = 150, j = 374 sucessfully passed !
	Initialyzed swapped data for i = 150, j = 375 sucessfully passed !
	Initialyzed swapped data for i = 150, j = 376 sucessfully passed !
	Initialyzed swapped data for i = 150, j = 377 sucessfully passed !
	Initialyzed swapped data for i = 150, j = 378 sucessfully passed !
	Initialyzed swapped data for i = 150, j = 379 sucessfully passed !
	Initialyzed swapped data for i = 150, j = 380 sucessfully passed !
	Initialyzed swapped data for i = 150, j = 381 sucessfully passed !
	Initialyzed swapped data for i = 150, j = 382 sucessfully passed !
	Initialyzed swapped data for i = 150, j = 383 sucessfully passed !
	Initialyzed swapped data for i = 150, j = 384 sucessfully passed !
	Initialyzed swapped data for i = 150, j = 385 sucessfully passed !
	Initialyzed swapped data for i = 150, j = 386 sucessfully passed !
	Initialyzed swapped data for i = 150, j = 387 sucessfully passed !
	Initialyzed swapped data for i = 150, j = 388 sucessfully passed !
	Initialyzed swapped data for i = 150, j = 389 sucessfully passed !
	Initialyzed swapped data for i = 150, j = 390 sucessfully passed !
	Initialyzed swapped data for i = 150, j = 391 sucessfully passed !
	Initialyzed swapped data for i = 150, j = 392 sucessfully passed !
	Initialyzed swapped data for i = 150, j = 393 sucessfully passed !
	Initialyzed swapped data for i = 150, j = 394 sucessfully passed !
	Initialyzed swapped data for i = 150, j = 395 sucessfully passed !
	Initialyzed swapped data for i = 150, j = 396 sucessfully passed !
	Initialyzed swapped data for i = 150, j = 397 sucessfully passed !
	Initialyzed swapped data for i = 150, j = 398 sucessfully passed !
	Initialyzed swapped data for i = 150, j = 399 sucessfully passed !
	Initialyzed swapped data for i = 150, j = 400 sucessfully passed !
	Initialyzed swapped data for i = 150, j = 401 sucessfully passed !
	Initialyzed swapped data for i = 150, j = 402 sucessfully passed !
	Initialyzed swapped data for i = 150, j = 403 sucessfully passed !
	Initialyzed swapped data for i = 150, j = 404 sucessfully passed !
	Initialyzed swapped data for i = 150, j = 405 sucessfully passed !
	Initialyzed swapped data for i = 150, j = 406 sucessfully passed !
	Initialyzed swapped data for i = 150, j = 407 sucessfully passed !
	Initialyzed swapped data for i = 150, j = 408 sucessfully passed !
	Initialyzed swapped data for i = 150, j = 409 sucessfully passed !
	Initialyzed swapped data for i = 150, j = 410 sucessfully passed !
	Initialyzed swapped data for i = 150, j = 411 sucessfully passed !
	Initialyzed swapped data for i = 150, j = 412 sucessfully passed !
	Initialyzed swapped data for i = 150, j = 413 sucessfully passed !
	Initialyzed swapped data for i = 150, j = 414 sucessfully passed !
	Initialyzed swapped data for i = 150, j = 415 sucessfully passed !
	Initialyzed swapped data for i = 150, j = 416 sucessfully passed !
	Initialyzed swapped data for i = 150, j = 417 sucessfully passed !
	Initialyzed swapped data for i = 150, j = 418 sucessfully passed !
	Initialyzed swapped data for i = 150, j = 419 sucessfully passed !
	Initialyzed swapped data for i = 150, j = 420 sucessfully passed !
	Initialyzed swapped data for i = 150, j = 421 sucessfully passed !
	Initialyzed swapped data for i = 150, j = 422 sucessfully passed !
	Initialyzed swapped data for i = 150, j = 423 sucessfully passed !
	Initialyzed swapped data for i = 150, j = 424 sucessfully passed !
	Initialyzed swapped data for i = 150, j = 425 sucessfully passed !
	Initialyzed swapped data for i = 150, j = 426 sucessfully passed !
	Initialyzed swapped data for i = 150, j = 427 sucessfully passed !
	Initialyzed swapped data for i = 150, j = 428 sucessfully passed !
	Initialyzed swapped data for i = 150, j = 429 sucessfully passed !
	Initialyzed swapped data for i = 150, j = 430 sucessfully passed !
	Initialyzed swapped data for i = 150, j = 431 sucessfully passed !
	Initialyzed swapped data for i = 150, j = 432 sucessfully passed !
	Initialyzed swapped data for i = 150, j = 433 sucessfully passed !
	Initialyzed swapped data for i = 151, j = 152 sucessfully passed !
	Initialyzed swapped data for i = 151, j = 153 sucessfully passed !
	Initialyzed swapped data for i = 151, j = 154 sucessfully passed !
	Initialyzed swapped data for i = 151, j = 155 sucessfully passed !
	Initialyzed swapped data for i = 151, j = 156 sucessfully passed !
	Initialyzed swapped data for i = 151, j = 157 sucessfully passed !
	Initialyzed swapped data for i = 151, j = 158 sucessfully passed !
	Initialyzed swapped data for i = 151, j = 159 sucessfully passed !
	Initialyzed swapped data for i = 151, j = 160 sucessfully passed !
	Initialyzed swapped data for i = 151, j = 161 sucessfully passed !
	Initialyzed swapped data for i = 151, j = 162 sucessfully passed !
	Initialyzed swapped data for i = 151, j = 163 sucessfully passed !
	Initialyzed swapped data for i = 151, j = 164 sucessfully passed !
	Initialyzed swapped data for i = 151, j = 165 sucessfully passed !
	Initialyzed swapped data for i = 151, j = 166 sucessfully passed !
	Initialyzed swapped data for i = 151, j = 167 sucessfully passed !
	Initialyzed swapped data for i = 151, j = 168 sucessfully passed !
	Initialyzed swapped data for i = 151, j = 169 sucessfully passed !
	Initialyzed swapped data for i = 151, j = 170 sucessfully passed !
	Initialyzed swapped data for i = 151, j = 171 sucessfully passed !
	Initialyzed swapped data for i = 151, j = 172 sucessfully passed !
	Initialyzed swapped data for i = 151, j = 173 sucessfully passed !
	Initialyzed swapped data for i = 151, j = 174 sucessfully passed !
	Initialyzed swapped data for i = 151, j = 175 sucessfully passed !
	Initialyzed swapped data for i = 151, j = 176 sucessfully passed !
	Initialyzed swapped data for i = 151, j = 177 sucessfully passed !
	Initialyzed swapped data for i = 151, j = 178 sucessfully passed !
	Initialyzed swapped data for i = 151, j = 179 sucessfully passed !
	Initialyzed swapped data for i = 151, j = 180 sucessfully passed !
	Initialyzed swapped data for i = 151, j = 181 sucessfully passed !
	Initialyzed swapped data for i = 151, j = 182 sucessfully passed !
	Initialyzed swapped data for i = 151, j = 183 sucessfully passed !
	Initialyzed swapped data for i = 151, j = 184 sucessfully passed !
	Initialyzed swapped data for i = 151, j = 185 sucessfully passed !
	Initialyzed swapped data for i = 151, j = 186 sucessfully passed !
	Initialyzed swapped data for i = 151, j = 187 sucessfully passed !
	Initialyzed swapped data for i = 151, j = 188 sucessfully passed !
	Initialyzed swapped data for i = 151, j = 189 sucessfully passed !
	Initialyzed swapped data for i = 151, j = 190 sucessfully passed !
	Initialyzed swapped data for i = 151, j = 191 sucessfully passed !
	Initialyzed swapped data for i = 151, j = 192 sucessfully passed !
	Initialyzed swapped data for i = 151, j = 193 sucessfully passed !
	Initialyzed swapped data for i = 151, j = 194 sucessfully passed !
	Initialyzed swapped data for i = 151, j = 195 sucessfully passed !
	Initialyzed swapped data for i = 151, j = 196 sucessfully passed !
	Initialyzed swapped data for i = 151, j = 197 sucessfully passed !
	Initialyzed swapped data for i = 151, j = 198 sucessfully passed !
	Initialyzed swapped data for i = 151, j = 199 sucessfully passed !
	Initialyzed swapped data for i = 151, j = 200 sucessfully passed !
	Initialyzed swapped data for i = 151, j = 201 sucessfully passed !
	Initialyzed swapped data for i = 151, j = 202 sucessfully passed !
	Initialyzed swapped data for i = 151, j = 203 sucessfully passed !
	Initialyzed swapped data for i = 151, j = 204 sucessfully passed !
	Initialyzed swapped data for i = 151, j = 205 sucessfully passed !
	Initialyzed swapped data for i = 151, j = 206 sucessfully passed !
	Initialyzed swapped data for i = 151, j = 207 sucessfully passed !
	Initialyzed swapped data for i = 151, j = 208 sucessfully passed !
	Initialyzed swapped data for i = 151, j = 209 sucessfully passed !
	Initialyzed swapped data for i = 151, j = 210 sucessfully passed !
	Initialyzed swapped data for i = 151, j = 211 sucessfully passed !
	Initialyzed swapped data for i = 151, j = 212 sucessfully passed !
	Initialyzed swapped data for i = 151, j = 213 sucessfully passed !
	Initialyzed swapped data for i = 151, j = 214 sucessfully passed !
	Initialyzed swapped data for i = 151, j = 215 sucessfully passed !
	Initialyzed swapped data for i = 151, j = 216 sucessfully passed !
	Initialyzed swapped data for i = 151, j = 217 sucessfully passed !
	Initialyzed swapped data for i = 151, j = 218 sucessfully passed !
	Initialyzed swapped data for i = 151, j = 219 sucessfully passed !
	Initialyzed swapped data for i = 151, j = 220 sucessfully passed !
	Initialyzed swapped data for i = 151, j = 221 sucessfully passed !
	Initialyzed swapped data for i = 151, j = 222 sucessfully passed !
	Initialyzed swapped data for i = 151, j = 223 sucessfully passed !
	Initialyzed swapped data for i = 151, j = 224 sucessfully passed !
	Initialyzed swapped data for i = 151, j = 225 sucessfully passed !
	Initialyzed swapped data for i = 151, j = 226 sucessfully passed !
	Initialyzed swapped data for i = 151, j = 227 sucessfully passed !
	Initialyzed swapped data for i = 151, j = 228 sucessfully passed !
	Initialyzed swapped data for i = 151, j = 229 sucessfully passed !
	Initialyzed swapped data for i = 151, j = 230 sucessfully passed !
	Initialyzed swapped data for i = 151, j = 231 sucessfully passed !
	Initialyzed swapped data for i = 151, j = 232 sucessfully passed !
	Initialyzed swapped data for i = 151, j = 233 sucessfully passed !
	Initialyzed swapped data for i = 151, j = 234 sucessfully passed !
	Initialyzed swapped data for i = 151, j = 235 sucessfully passed !
	Initialyzed swapped data for i = 151, j = 236 sucessfully passed !
	Initialyzed swapped data for i = 151, j = 237 sucessfully passed !
	Initialyzed swapped data for i = 151, j = 238 sucessfully passed !
	Initialyzed swapped data for i = 151, j = 239 sucessfully passed !
	Initialyzed swapped data for i = 151, j = 240 sucessfully passed !
	Initialyzed swapped data for i = 151, j = 241 sucessfully passed !
	Initialyzed swapped data for i = 151, j = 242 sucessfully passed !
	Initialyzed swapped data for i = 151, j = 243 sucessfully passed !
	Initialyzed swapped data for i = 151, j = 244 sucessfully passed !
	Initialyzed swapped data for i = 151, j = 245 sucessfully passed !
	Initialyzed swapped data for i = 151, j = 246 sucessfully passed !
	Initialyzed swapped data for i = 151, j = 247 sucessfully passed !
	Initialyzed swapped data for i = 151, j = 248 sucessfully passed !
	Initialyzed swapped data for i = 151, j = 249 sucessfully passed !
	Initialyzed swapped data for i = 151, j = 250 sucessfully passed !
	Initialyzed swapped data for i = 151, j = 251 sucessfully passed !
	Initialyzed swapped data for i = 151, j = 252 sucessfully passed !
	Initialyzed swapped data for i = 151, j = 253 sucessfully passed !
	Initialyzed swapped data for i = 151, j = 254 sucessfully passed !
	Initialyzed swapped data for i = 151, j = 255 sucessfully passed !
	Initialyzed swapped data for i = 151, j = 256 sucessfully passed !
	Initialyzed swapped data for i = 151, j = 257 sucessfully passed !
	Initialyzed swapped data for i = 151, j = 258 sucessfully passed !
	Initialyzed swapped data for i = 151, j = 259 sucessfully passed !
	Initialyzed swapped data for i = 151, j = 260 sucessfully passed !
	Initialyzed swapped data for i = 151, j = 261 sucessfully passed !
	Initialyzed swapped data for i = 151, j = 262 sucessfully passed !
	Initialyzed swapped data for i = 151, j = 263 sucessfully passed !
	Initialyzed swapped data for i = 151, j = 264 sucessfully passed !
	Initialyzed swapped data for i = 151, j = 265 sucessfully passed !
	Initialyzed swapped data for i = 151, j = 266 sucessfully passed !
	Initialyzed swapped data for i = 151, j = 267 sucessfully passed !
	Initialyzed swapped data for i = 151, j = 268 sucessfully passed !
	Initialyzed swapped data for i = 151, j = 269 sucessfully passed !
	Initialyzed swapped data for i = 151, j = 270 sucessfully passed !
	Initialyzed swapped data for i = 151, j = 271 sucessfully passed !
	Initialyzed swapped data for i = 151, j = 272 sucessfully passed !
	Initialyzed swapped data for i = 151, j = 273 sucessfully passed !
	Initialyzed swapped data for i = 151, j = 274 sucessfully passed !
	Initialyzed swapped data for i = 151, j = 275 sucessfully passed !
	Initialyzed swapped data for i = 151, j = 276 sucessfully passed !
	Initialyzed swapped data for i = 151, j = 277 sucessfully passed !
	Initialyzed swapped data for i = 151, j = 278 sucessfully passed !
	Initialyzed swapped data for i = 151, j = 279 sucessfully passed !
	Initialyzed swapped data for i = 151, j = 280 sucessfully passed !
	Initialyzed swapped data for i = 151, j = 281 sucessfully passed !
	Initialyzed swapped data for i = 151, j = 282 sucessfully passed !
	Initialyzed swapped data for i = 151, j = 283 sucessfully passed !
	Initialyzed swapped data for i = 151, j = 284 sucessfully passed !
	Initialyzed swapped data for i = 151, j = 285 sucessfully passed !
	Initialyzed swapped data for i = 151, j = 286 sucessfully passed !
	Initialyzed swapped data for i = 151, j = 287 sucessfully passed !
	Initialyzed swapped data for i = 151, j = 288 sucessfully passed !
	Initialyzed swapped data for i = 151, j = 289 sucessfully passed !
	Initialyzed swapped data for i = 151, j = 290 sucessfully passed !
	Initialyzed swapped data for i = 151, j = 291 sucessfully passed !
	Initialyzed swapped data for i = 151, j = 292 sucessfully passed !
	Initialyzed swapped data for i = 151, j = 293 sucessfully passed !
	Initialyzed swapped data for i = 151, j = 294 sucessfully passed !
	Initialyzed swapped data for i = 151, j = 295 sucessfully passed !
	Initialyzed swapped data for i = 151, j = 296 sucessfully passed !
	Initialyzed swapped data for i = 151, j = 297 sucessfully passed !
	Initialyzed swapped data for i = 151, j = 298 sucessfully passed !
	Initialyzed swapped data for i = 151, j = 299 sucessfully passed !
	Initialyzed swapped data for i = 151, j = 300 sucessfully passed !
	Initialyzed swapped data for i = 151, j = 301 sucessfully passed !
	Initialyzed swapped data for i = 151, j = 302 sucessfully passed !
	Initialyzed swapped data for i = 151, j = 303 sucessfully passed !
	Initialyzed swapped data for i = 151, j = 304 sucessfully passed !
	Initialyzed swapped data for i = 151, j = 305 sucessfully passed !
	Initialyzed swapped data for i = 151, j = 306 sucessfully passed !
	Initialyzed swapped data for i = 151, j = 307 sucessfully passed !
	Initialyzed swapped data for i = 151, j = 308 sucessfully passed !
	Initialyzed swapped data for i = 151, j = 309 sucessfully passed !
	Initialyzed swapped data for i = 151, j = 310 sucessfully passed !
	Initialyzed swapped data for i = 151, j = 311 sucessfully passed !
	Initialyzed swapped data for i = 151, j = 312 sucessfully passed !
	Initialyzed swapped data for i = 151, j = 313 sucessfully passed !
	Initialyzed swapped data for i = 151, j = 314 sucessfully passed !
	Initialyzed swapped data for i = 151, j = 315 sucessfully passed !
	Initialyzed swapped data for i = 151, j = 316 sucessfully passed !
	Initialyzed swapped data for i = 151, j = 317 sucessfully passed !
	Initialyzed swapped data for i = 151, j = 318 sucessfully passed !
	Initialyzed swapped data for i = 151, j = 319 sucessfully passed !
	Initialyzed swapped data for i = 151, j = 320 sucessfully passed !
	Initialyzed swapped data for i = 151, j = 321 sucessfully passed !
	Initialyzed swapped data for i = 151, j = 322 sucessfully passed !
	Initialyzed swapped data for i = 151, j = 323 sucessfully passed !
	Initialyzed swapped data for i = 151, j = 324 sucessfully passed !
	Initialyzed swapped data for i = 151, j = 325 sucessfully passed !
	Initialyzed swapped data for i = 151, j = 326 sucessfully passed !
	Initialyzed swapped data for i = 151, j = 327 sucessfully passed !
	Initialyzed swapped data for i = 151, j = 328 sucessfully passed !
	Initialyzed swapped data for i = 151, j = 329 sucessfully passed !
	Initialyzed swapped data for i = 151, j = 330 sucessfully passed !
	Initialyzed swapped data for i = 151, j = 331 sucessfully passed !
	Initialyzed swapped data for i = 151, j = 332 sucessfully passed !
	Initialyzed swapped data for i = 151, j = 333 sucessfully passed !
	Initialyzed swapped data for i = 151, j = 334 sucessfully passed !
	Initialyzed swapped data for i = 151, j = 335 sucessfully passed !
	Initialyzed swapped data for i = 151, j = 336 sucessfully passed !
	Initialyzed swapped data for i = 151, j = 337 sucessfully passed !
	Initialyzed swapped data for i = 151, j = 338 sucessfully passed !
	Initialyzed swapped data for i = 151, j = 339 sucessfully passed !
	Initialyzed swapped data for i = 151, j = 340 sucessfully passed !
	Initialyzed swapped data for i = 151, j = 341 sucessfully passed !
	Initialyzed swapped data for i = 151, j = 342 sucessfully passed !
	Initialyzed swapped data for i = 151, j = 343 sucessfully passed !
	Initialyzed swapped data for i = 151, j = 344 sucessfully passed !
	Initialyzed swapped data for i = 151, j = 345 sucessfully passed !
	Initialyzed swapped data for i = 151, j = 346 sucessfully passed !
	Initialyzed swapped data for i = 151, j = 347 sucessfully passed !
	Initialyzed swapped data for i = 151, j = 348 sucessfully passed !
	Initialyzed swapped data for i = 151, j = 349 sucessfully passed !
	Initialyzed swapped data for i = 151, j = 350 sucessfully passed !
	Initialyzed swapped data for i = 151, j = 351 sucessfully passed !
	Initialyzed swapped data for i = 151, j = 352 sucessfully passed !
	Initialyzed swapped data for i = 151, j = 353 sucessfully passed !
	Initialyzed swapped data for i = 151, j = 354 sucessfully passed !
	Initialyzed swapped data for i = 151, j = 355 sucessfully passed !
	Initialyzed swapped data for i = 151, j = 356 sucessfully passed !
	Initialyzed swapped data for i = 151, j = 357 sucessfully passed !
	Initialyzed swapped data for i = 151, j = 358 sucessfully passed !
	Initialyzed swapped data for i = 151, j = 359 sucessfully passed !
	Initialyzed swapped data for i = 151, j = 360 sucessfully passed !
	Initialyzed swapped data for i = 151, j = 361 sucessfully passed !
	Initialyzed swapped data for i = 151, j = 362 sucessfully passed !
	Initialyzed swapped data for i = 151, j = 363 sucessfully passed !
	Initialyzed swapped data for i = 151, j = 364 sucessfully passed !
	Initialyzed swapped data for i = 151, j = 365 sucessfully passed !
	Initialyzed swapped data for i = 151, j = 366 sucessfully passed !
	Initialyzed swapped data for i = 151, j = 367 sucessfully passed !
	Initialyzed swapped data for i = 151, j = 368 sucessfully passed !
	Initialyzed swapped data for i = 151, j = 369 sucessfully passed !
	Initialyzed swapped data for i = 151, j = 370 sucessfully passed !
	Initialyzed swapped data for i = 151, j = 371 sucessfully passed !
	Initialyzed swapped data for i = 151, j = 372 sucessfully passed !
	Initialyzed swapped data for i = 151, j = 373 sucessfully passed !
	Initialyzed swapped data for i = 151, j = 374 sucessfully passed !
	Initialyzed swapped data for i = 151, j = 375 sucessfully passed !
	Initialyzed swapped data for i = 151, j = 376 sucessfully passed !
	Initialyzed swapped data for i = 151, j = 377 sucessfully passed !
	Initialyzed swapped data for i = 151, j = 378 sucessfully passed !
	Initialyzed swapped data for i = 151, j = 379 sucessfully passed !
	Initialyzed swapped data for i = 151, j = 380 sucessfully passed !
	Initialyzed swapped data for i = 151, j = 381 sucessfully passed !
	Initialyzed swapped data for i = 151, j = 382 sucessfully passed !
	Initialyzed swapped data for i = 151, j = 383 sucessfully passed !
	Initialyzed swapped data for i = 151, j = 384 sucessfully passed !
	Initialyzed swapped data for i = 151, j = 385 sucessfully passed !
	Initialyzed swapped data for i = 151, j = 386 sucessfully passed !
	Initialyzed swapped data for i = 151, j = 387 sucessfully passed !
	Initialyzed swapped data for i = 151, j = 388 sucessfully passed !
	Initialyzed swapped data for i = 151, j = 389 sucessfully passed !
	Initialyzed swapped data for i = 151, j = 390 sucessfully passed !
	Initialyzed swapped data for i = 151, j = 391 sucessfully passed !
	Initialyzed swapped data for i = 151, j = 392 sucessfully passed !
	Initialyzed swapped data for i = 151, j = 393 sucessfully passed !
	Initialyzed swapped data for i = 151, j = 394 sucessfully passed !
	Initialyzed swapped data for i = 151, j = 395 sucessfully passed !
	Initialyzed swapped data for i = 151, j = 396 sucessfully passed !
	Initialyzed swapped data for i = 151, j = 397 sucessfully passed !
	Initialyzed swapped data for i = 151, j = 398 sucessfully passed !
	Initialyzed swapped data for i = 151, j = 399 sucessfully passed !
	Initialyzed swapped data for i = 151, j = 400 sucessfully passed !
	Initialyzed swapped data for i = 151, j = 401 sucessfully passed !
	Initialyzed swapped data for i = 151, j = 402 sucessfully passed !
	Initialyzed swapped data for i = 151, j = 403 sucessfully passed !
	Initialyzed swapped data for i = 151, j = 404 sucessfully passed !
	Initialyzed swapped data for i = 151, j = 405 sucessfully passed !
	Initialyzed swapped data for i = 151, j = 406 sucessfully passed !
	Initialyzed swapped data for i = 151, j = 407 sucessfully passed !
	Initialyzed swapped data for i = 151, j = 408 sucessfully passed !
	Initialyzed swapped data for i = 151, j = 409 sucessfully passed !
	Initialyzed swapped data for i = 151, j = 410 sucessfully passed !
	Initialyzed swapped data for i = 151, j = 411 sucessfully passed !
	Initialyzed swapped data for i = 151, j = 412 sucessfully passed !
	Initialyzed swapped data for i = 151, j = 413 sucessfully passed !
	Initialyzed swapped data for i = 151, j = 414 sucessfully passed !
	Initialyzed swapped data for i = 151, j = 415 sucessfully passed !
	Initialyzed swapped data for i = 151, j = 416 sucessfully passed !
	Initialyzed swapped data for i = 151, j = 417 sucessfully passed !
	Initialyzed swapped data for i = 151, j = 418 sucessfully passed !
	Initialyzed swapped data for i = 151, j = 419 sucessfully passed !
	Initialyzed swapped data for i = 151, j = 420 sucessfully passed !
	Initialyzed swapped data for i = 151, j = 421 sucessfully passed !
	Initialyzed swapped data for i = 151, j = 422 sucessfully passed !
	Initialyzed swapped data for i = 151, j = 423 sucessfully passed !
	Initialyzed swapped data for i = 151, j = 424 sucessfully passed !
	Initialyzed swapped data for i = 151, j = 425 sucessfully passed !
	Initialyzed swapped data for i = 151, j = 426 sucessfully passed !
	Initialyzed swapped data for i = 151, j = 427 sucessfully passed !
	Initialyzed swapped data for i = 151, j = 428 sucessfully passed !
	Initialyzed swapped data for i = 151, j = 429 sucessfully passed !
	Initialyzed swapped data for i = 151, j = 430 sucessfully passed !
	Initialyzed swapped data for i = 151, j = 431 sucessfully passed !
	Initialyzed swapped data for i = 151, j = 432 sucessfully passed !
	Initialyzed swapped data for i = 151, j = 433 sucessfully passed !
	Initialyzed swapped data for i = 152, j = 153 sucessfully passed !
	Initialyzed swapped data for i = 152, j = 154 sucessfully passed !
	Initialyzed swapped data for i = 152, j = 155 sucessfully passed !
	Initialyzed swapped data for i = 152, j = 156 sucessfully passed !
	Initialyzed swapped data for i = 152, j = 157 sucessfully passed !
	Initialyzed swapped data for i = 152, j = 158 sucessfully passed !
	Initialyzed swapped data for i = 152, j = 159 sucessfully passed !
	Initialyzed swapped data for i = 152, j = 160 sucessfully passed !
	Initialyzed swapped data for i = 152, j = 161 sucessfully passed !
	Initialyzed swapped data for i = 152, j = 162 sucessfully passed !
	Initialyzed swapped data for i = 152, j = 163 sucessfully passed !
	Initialyzed swapped data for i = 152, j = 164 sucessfully passed !
	Initialyzed swapped data for i = 152, j = 165 sucessfully passed !
	Initialyzed swapped data for i = 152, j = 166 sucessfully passed !
	Initialyzed swapped data for i = 152, j = 167 sucessfully passed !
	Initialyzed swapped data for i = 152, j = 168 sucessfully passed !
	Initialyzed swapped data for i = 152, j = 169 sucessfully passed !
	Initialyzed swapped data for i = 152, j = 170 sucessfully passed !
	Initialyzed swapped data for i = 152, j = 171 sucessfully passed !
	Initialyzed swapped data for i = 152, j = 172 sucessfully passed !
	Initialyzed swapped data for i = 152, j = 173 sucessfully passed !
	Initialyzed swapped data for i = 152, j = 174 sucessfully passed !
	Initialyzed swapped data for i = 152, j = 175 sucessfully passed !
	Initialyzed swapped data for i = 152, j = 176 sucessfully passed !
	Initialyzed swapped data for i = 152, j = 177 sucessfully passed !
	Initialyzed swapped data for i = 152, j = 178 sucessfully passed !
	Initialyzed swapped data for i = 152, j = 179 sucessfully passed !
	Initialyzed swapped data for i = 152, j = 180 sucessfully passed !
	Initialyzed swapped data for i = 152, j = 181 sucessfully passed !
	Initialyzed swapped data for i = 152, j = 182 sucessfully passed !
	Initialyzed swapped data for i = 152, j = 183 sucessfully passed !
	Initialyzed swapped data for i = 152, j = 184 sucessfully passed !
	Initialyzed swapped data for i = 152, j = 185 sucessfully passed !
	Initialyzed swapped data for i = 152, j = 186 sucessfully passed !
	Initialyzed swapped data for i = 152, j = 187 sucessfully passed !
	Initialyzed swapped data for i = 152, j = 188 sucessfully passed !
	Initialyzed swapped data for i = 152, j = 189 sucessfully passed !
	Initialyzed swapped data for i = 152, j = 190 sucessfully passed !
	Initialyzed swapped data for i = 152, j = 191 sucessfully passed !
	Initialyzed swapped data for i = 152, j = 192 sucessfully passed !
	Initialyzed swapped data for i = 152, j = 193 sucessfully passed !
	Initialyzed swapped data for i = 152, j = 194 sucessfully passed !
	Initialyzed swapped data for i = 152, j = 195 sucessfully passed !
	Initialyzed swapped data for i = 152, j = 196 sucessfully passed !
	Initialyzed swapped data for i = 152, j = 197 sucessfully passed !
	Initialyzed swapped data for i = 152, j = 198 sucessfully passed !
	Initialyzed swapped data for i = 152, j = 199 sucessfully passed !
	Initialyzed swapped data for i = 152, j = 200 sucessfully passed !
	Initialyzed swapped data for i = 152, j = 201 sucessfully passed !
	Initialyzed swapped data for i = 152, j = 202 sucessfully passed !
	Initialyzed swapped data for i = 152, j = 203 sucessfully passed !
	Initialyzed swapped data for i = 152, j = 204 sucessfully passed !
	Initialyzed swapped data for i = 152, j = 205 sucessfully passed !
	Initialyzed swapped data for i = 152, j = 206 sucessfully passed !
	Initialyzed swapped data for i = 152, j = 207 sucessfully passed !
	Initialyzed swapped data for i = 152, j = 208 sucessfully passed !
	Initialyzed swapped data for i = 152, j = 209 sucessfully passed !
	Initialyzed swapped data for i = 152, j = 210 sucessfully passed !
	Initialyzed swapped data for i = 152, j = 211 sucessfully passed !
	Initialyzed swapped data for i = 152, j = 212 sucessfully passed !
	Initialyzed swapped data for i = 152, j = 213 sucessfully passed !
	Initialyzed swapped data for i = 152, j = 214 sucessfully passed !
	Initialyzed swapped data for i = 152, j = 215 sucessfully passed !
	Initialyzed swapped data for i = 152, j = 216 sucessfully passed !
	Initialyzed swapped data for i = 152, j = 217 sucessfully passed !
	Initialyzed swapped data for i = 152, j = 218 sucessfully passed !
	Initialyzed swapped data for i = 152, j = 219 sucessfully passed !
	Initialyzed swapped data for i = 152, j = 220 sucessfully passed !
	Initialyzed swapped data for i = 152, j = 221 sucessfully passed !
	Initialyzed swapped data for i = 152, j = 222 sucessfully passed !
	Initialyzed swapped data for i = 152, j = 223 sucessfully passed !
	Initialyzed swapped data for i = 152, j = 224 sucessfully passed !
	Initialyzed swapped data for i = 152, j = 225 sucessfully passed !
	Initialyzed swapped data for i = 152, j = 226 sucessfully passed !
	Initialyzed swapped data for i = 152, j = 227 sucessfully passed !
	Initialyzed swapped data for i = 152, j = 228 sucessfully passed !
	Initialyzed swapped data for i = 152, j = 229 sucessfully passed !
	Initialyzed swapped data for i = 152, j = 230 sucessfully passed !
	Initialyzed swapped data for i = 152, j = 231 sucessfully passed !
	Initialyzed swapped data for i = 152, j = 232 sucessfully passed !
	Initialyzed swapped data for i = 152, j = 233 sucessfully passed !
	Initialyzed swapped data for i = 152, j = 234 sucessfully passed !
	Initialyzed swapped data for i = 152, j = 235 sucessfully passed !
	Initialyzed swapped data for i = 152, j = 236 sucessfully passed !
	Initialyzed swapped data for i = 152, j = 237 sucessfully passed !
	Initialyzed swapped data for i = 152, j = 238 sucessfully passed !
	Initialyzed swapped data for i = 152, j = 239 sucessfully passed !
	Initialyzed swapped data for i = 152, j = 240 sucessfully passed !
	Initialyzed swapped data for i = 152, j = 241 sucessfully passed !
	Initialyzed swapped data for i = 152, j = 242 sucessfully passed !
	Initialyzed swapped data for i = 152, j = 243 sucessfully passed !
	Initialyzed swapped data for i = 152, j = 244 sucessfully passed !
	Initialyzed swapped data for i = 152, j = 245 sucessfully passed !
	Initialyzed swapped data for i = 152, j = 246 sucessfully passed !
	Initialyzed swapped data for i = 152, j = 247 sucessfully passed !
	Initialyzed swapped data for i = 152, j = 248 sucessfully passed !
	Initialyzed swapped data for i = 152, j = 249 sucessfully passed !
	Initialyzed swapped data for i = 152, j = 250 sucessfully passed !
	Initialyzed swapped data for i = 152, j = 251 sucessfully passed !
	Initialyzed swapped data for i = 152, j = 252 sucessfully passed !
	Initialyzed swapped data for i = 152, j = 253 sucessfully passed !
	Initialyzed swapped data for i = 152, j = 254 sucessfully passed !
	Initialyzed swapped data for i = 152, j = 255 sucessfully passed !
	Initialyzed swapped data for i = 152, j = 256 sucessfully passed !
	Initialyzed swapped data for i = 152, j = 257 sucessfully passed !
	Initialyzed swapped data for i = 152, j = 258 sucessfully passed !
	Initialyzed swapped data for i = 152, j = 259 sucessfully passed !
	Initialyzed swapped data for i = 152, j = 260 sucessfully passed !
	Initialyzed swapped data for i = 152, j = 261 sucessfully passed !
	Initialyzed swapped data for i = 152, j = 262 sucessfully passed !
	Initialyzed swapped data for i = 152, j = 263 sucessfully passed !
	Initialyzed swapped data for i = 152, j = 264 sucessfully passed !
	Initialyzed swapped data for i = 152, j = 265 sucessfully passed !
	Initialyzed swapped data for i = 152, j = 266 sucessfully passed !
	Initialyzed swapped data for i = 152, j = 267 sucessfully passed !
	Initialyzed swapped data for i = 152, j = 268 sucessfully passed !
	Initialyzed swapped data for i = 152, j = 269 sucessfully passed !
	Initialyzed swapped data for i = 152, j = 270 sucessfully passed !
	Initialyzed swapped data for i = 152, j = 271 sucessfully passed !
	Initialyzed swapped data for i = 152, j = 272 sucessfully passed !
	Initialyzed swapped data for i = 152, j = 273 sucessfully passed !
	Initialyzed swapped data for i = 152, j = 274 sucessfully passed !
	Initialyzed swapped data for i = 152, j = 275 sucessfully passed !
	Initialyzed swapped data for i = 152, j = 276 sucessfully passed !
	Initialyzed swapped data for i = 152, j = 277 sucessfully passed !
	Initialyzed swapped data for i = 152, j = 278 sucessfully passed !
	Initialyzed swapped data for i = 152, j = 279 sucessfully passed !
	Initialyzed swapped data for i = 152, j = 280 sucessfully passed !
	Initialyzed swapped data for i = 152, j = 281 sucessfully passed !
	Initialyzed swapped data for i = 152, j = 282 sucessfully passed !
	Initialyzed swapped data for i = 152, j = 283 sucessfully passed !
	Initialyzed swapped data for i = 152, j = 284 sucessfully passed !
	Initialyzed swapped data for i = 152, j = 285 sucessfully passed !
	Initialyzed swapped data for i = 152, j = 286 sucessfully passed !
	Initialyzed swapped data for i = 152, j = 287 sucessfully passed !
	Initialyzed swapped data for i = 152, j = 288 sucessfully passed !
	Initialyzed swapped data for i = 152, j = 289 sucessfully passed !
	Initialyzed swapped data for i = 152, j = 290 sucessfully passed !
	Initialyzed swapped data for i = 152, j = 291 sucessfully passed !
	Initialyzed swapped data for i = 152, j = 292 sucessfully passed !
	Initialyzed swapped data for i = 152, j = 293 sucessfully passed !
	Initialyzed swapped data for i = 152, j = 294 sucessfully passed !
	Initialyzed swapped data for i = 152, j = 295 sucessfully passed !
	Initialyzed swapped data for i = 152, j = 296 sucessfully passed !
	Initialyzed swapped data for i = 152, j = 297 sucessfully passed !
	Initialyzed swapped data for i = 152, j = 298 sucessfully passed !
	Initialyzed swapped data for i = 152, j = 299 sucessfully passed !
	Initialyzed swapped data for i = 152, j = 300 sucessfully passed !
	Initialyzed swapped data for i = 152, j = 301 sucessfully passed !
	Initialyzed swapped data for i = 152, j = 302 sucessfully passed !
	Initialyzed swapped data for i = 152, j = 303 sucessfully passed !
	Initialyzed swapped data for i = 152, j = 304 sucessfully passed !
	Initialyzed swapped data for i = 152, j = 305 sucessfully passed !
	Initialyzed swapped data for i = 152, j = 306 sucessfully passed !
	Initialyzed swapped data for i = 152, j = 307 sucessfully passed !
	Initialyzed swapped data for i = 152, j = 308 sucessfully passed !
	Initialyzed swapped data for i = 152, j = 309 sucessfully passed !
	Initialyzed swapped data for i = 152, j = 310 sucessfully passed !
	Initialyzed swapped data for i = 152, j = 311 sucessfully passed !
	Initialyzed swapped data for i = 152, j = 312 sucessfully passed !
	Initialyzed swapped data for i = 152, j = 313 sucessfully passed !
	Initialyzed swapped data for i = 152, j = 314 sucessfully passed !
	Initialyzed swapped data for i = 152, j = 315 sucessfully passed !
	Initialyzed swapped data for i = 152, j = 316 sucessfully passed !
	Initialyzed swapped data for i = 152, j = 317 sucessfully passed !
	Initialyzed swapped data for i = 152, j = 318 sucessfully passed !
	Initialyzed swapped data for i = 152, j = 319 sucessfully passed !
	Initialyzed swapped data for i = 152, j = 320 sucessfully passed !
	Initialyzed swapped data for i = 152, j = 321 sucessfully passed !
	Initialyzed swapped data for i = 152, j = 322 sucessfully passed !
	Initialyzed swapped data for i = 152, j = 323 sucessfully passed !
	Initialyzed swapped data for i = 152, j = 324 sucessfully passed !
	Initialyzed swapped data for i = 152, j = 325 sucessfully passed !
	Initialyzed swapped data for i = 152, j = 326 sucessfully passed !
	Initialyzed swapped data for i = 152, j = 327 sucessfully passed !
	Initialyzed swapped data for i = 152, j = 328 sucessfully passed !
	Initialyzed swapped data for i = 152, j = 329 sucessfully passed !
	Initialyzed swapped data for i = 152, j = 330 sucessfully passed !
	Initialyzed swapped data for i = 152, j = 331 sucessfully passed !
	Initialyzed swapped data for i = 152, j = 332 sucessfully passed !
	Initialyzed swapped data for i = 152, j = 333 sucessfully passed !
	Initialyzed swapped data for i = 152, j = 334 sucessfully passed !
	Initialyzed swapped data for i = 152, j = 335 sucessfully passed !
	Initialyzed swapped data for i = 152, j = 336 sucessfully passed !
	Initialyzed swapped data for i = 152, j = 337 sucessfully passed !
	Initialyzed swapped data for i = 152, j = 338 sucessfully passed !
	Initialyzed swapped data for i = 152, j = 339 sucessfully passed !
	Initialyzed swapped data for i = 152, j = 340 sucessfully passed !
	Initialyzed swapped data for i = 152, j = 341 sucessfully passed !
	Initialyzed swapped data for i = 152, j = 342 sucessfully passed !
	Initialyzed swapped data for i = 152, j = 343 sucessfully passed !
	Initialyzed swapped data for i = 152, j = 344 sucessfully passed !
	Initialyzed swapped data for i = 152, j = 345 sucessfully passed !
	Initialyzed swapped data for i = 152, j = 346 sucessfully passed !
	Initialyzed swapped data for i = 152, j = 347 sucessfully passed !
	Initialyzed swapped data for i = 152, j = 348 sucessfully passed !
	Initialyzed swapped data for i = 152, j = 349 sucessfully passed !
	Initialyzed swapped data for i = 152, j = 350 sucessfully passed !
	Initialyzed swapped data for i = 152, j = 351 sucessfully passed !
	Initialyzed swapped data for i = 152, j = 352 sucessfully passed !
	Initialyzed swapped data for i = 152, j = 353 sucessfully passed !
	Initialyzed swapped data for i = 152, j = 354 sucessfully passed !
	Initialyzed swapped data for i = 152, j = 355 sucessfully passed !
	Initialyzed swapped data for i = 152, j = 356 sucessfully passed !
	Initialyzed swapped data for i = 152, j = 357 sucessfully passed !
	Initialyzed swapped data for i = 152, j = 358 sucessfully passed !
	Initialyzed swapped data for i = 152, j = 359 sucessfully passed !
	Initialyzed swapped data for i = 152, j = 360 sucessfully passed !
	Initialyzed swapped data for i = 152, j = 361 sucessfully passed !
	Initialyzed swapped data for i = 152, j = 362 sucessfully passed !
	Initialyzed swapped data for i = 152, j = 363 sucessfully passed !
	Initialyzed swapped data for i = 152, j = 364 sucessfully passed !
	Initialyzed swapped data for i = 152, j = 365 sucessfully passed !
	Initialyzed swapped data for i = 152, j = 366 sucessfully passed !
	Initialyzed swapped data for i = 152, j = 367 sucessfully passed !
	Initialyzed swapped data for i = 152, j = 368 sucessfully passed !
	Initialyzed swapped data for i = 152, j = 369 sucessfully passed !
	Initialyzed swapped data for i = 152, j = 370 sucessfully passed !
	Initialyzed swapped data for i = 152, j = 371 sucessfully passed !
	Initialyzed swapped data for i = 152, j = 372 sucessfully passed !
	Initialyzed swapped data for i = 152, j = 373 sucessfully passed !
	Initialyzed swapped data for i = 152, j = 374 sucessfully passed !
	Initialyzed swapped data for i = 152, j = 375 sucessfully passed !
	Initialyzed swapped data for i = 152, j = 376 sucessfully passed !
	Initialyzed swapped data for i = 152, j = 377 sucessfully passed !
	Initialyzed swapped data for i = 152, j = 378 sucessfully passed !
	Initialyzed swapped data for i = 152, j = 379 sucessfully passed !
	Initialyzed swapped data for i = 152, j = 380 sucessfully passed !
	Initialyzed swapped data for i = 152, j = 381 sucessfully passed !
	Initialyzed swapped data for i = 152, j = 382 sucessfully passed !
	Initialyzed swapped data for i = 152, j = 383 sucessfully passed !
	Initialyzed swapped data for i = 152, j = 384 sucessfully passed !
	Initialyzed swapped data for i = 152, j = 385 sucessfully passed !
	Initialyzed swapped data for i = 152, j = 386 sucessfully passed !
	Initialyzed swapped data for i = 152, j = 387 sucessfully passed !
	Initialyzed swapped data for i = 152, j = 388 sucessfully passed !
	Initialyzed swapped data for i = 152, j = 389 sucessfully passed !
	Initialyzed swapped data for i = 152, j = 390 sucessfully passed !
	Initialyzed swapped data for i = 152, j = 391 sucessfully passed !
	Initialyzed swapped data for i = 152, j = 392 sucessfully passed !
	Initialyzed swapped data for i = 152, j = 393 sucessfully passed !
	Initialyzed swapped data for i = 152, j = 394 sucessfully passed !
	Initialyzed swapped data for i = 152, j = 395 sucessfully passed !
	Initialyzed swapped data for i = 152, j = 396 sucessfully passed !
	Initialyzed swapped data for i = 152, j = 397 sucessfully passed !
	Initialyzed swapped data for i = 152, j = 398 sucessfully passed !
	Initialyzed swapped data for i = 152, j = 399 sucessfully passed !
	Initialyzed swapped data for i = 152, j = 400 sucessfully passed !
	Initialyzed swapped data for i = 152, j = 401 sucessfully passed !
	Initialyzed swapped data for i = 152, j = 402 sucessfully passed !
	Initialyzed swapped data for i = 152, j = 403 sucessfully passed !
	Initialyzed swapped data for i = 152, j = 404 sucessfully passed !
	Initialyzed swapped data for i = 152, j = 405 sucessfully passed !
	Initialyzed swapped data for i = 152, j = 406 sucessfully passed !
	Initialyzed swapped data for i = 152, j = 407 sucessfully passed !
	Initialyzed swapped data for i = 152, j = 408 sucessfully passed !
	Initialyzed swapped data for i = 152, j = 409 sucessfully passed !
	Initialyzed swapped data for i = 152, j = 410 sucessfully passed !
	Initialyzed swapped data for i = 152, j = 411 sucessfully passed !
	Initialyzed swapped data for i = 152, j = 412 sucessfully passed !
	Initialyzed swapped data for i = 152, j = 413 sucessfully passed !
	Initialyzed swapped data for i = 152, j = 414 sucessfully passed !
	Initialyzed swapped data for i = 152, j = 415 sucessfully passed !
	Initialyzed swapped data for i = 152, j = 416 sucessfully passed !
	Initialyzed swapped data for i = 152, j = 417 sucessfully passed !
	Initialyzed swapped data for i = 152, j = 418 sucessfully passed !
	Initialyzed swapped data for i = 152, j = 419 sucessfully passed !
	Initialyzed swapped data for i = 152, j = 420 sucessfully passed !
	Initialyzed swapped data for i = 152, j = 421 sucessfully passed !
	Initialyzed swapped data for i = 152, j = 422 sucessfully passed !
	Initialyzed swapped data for i = 152, j = 423 sucessfully passed !
	Initialyzed swapped data for i = 152, j = 424 sucessfully passed !
	Initialyzed swapped data for i = 152, j = 425 sucessfully passed !
	Initialyzed swapped data for i = 152, j = 426 sucessfully passed !
	Initialyzed swapped data for i = 152, j = 427 sucessfully passed !
	Initialyzed swapped data for i = 152, j = 428 sucessfully passed !
	Initialyzed swapped data for i = 152, j = 429 sucessfully passed !
	Initialyzed swapped data for i = 152, j = 430 sucessfully passed !
	Initialyzed swapped data for i = 152, j = 431 sucessfully passed !
	Initialyzed swapped data for i = 152, j = 432 sucessfully passed !
	Initialyzed swapped data for i = 152, j = 433 sucessfully passed !
	Initialyzed swapped data for i = 153, j = 154 sucessfully passed !
	Initialyzed swapped data for i = 153, j = 155 sucessfully passed !
	Initialyzed swapped data for i = 153, j = 156 sucessfully passed !
	Initialyzed swapped data for i = 153, j = 157 sucessfully passed !
	Initialyzed swapped data for i = 153, j = 158 sucessfully passed !
	Initialyzed swapped data for i = 153, j = 159 sucessfully passed !
	Initialyzed swapped data for i = 153, j = 160 sucessfully passed !
	Initialyzed swapped data for i = 153, j = 161 sucessfully passed !
	Initialyzed swapped data for i = 153, j = 162 sucessfully passed !
	Initialyzed swapped data for i = 153, j = 163 sucessfully passed !
	Initialyzed swapped data for i = 153, j = 164 sucessfully passed !
	Initialyzed swapped data for i = 153, j = 165 sucessfully passed !
	Initialyzed swapped data for i = 153, j = 166 sucessfully passed !
	Initialyzed swapped data for i = 153, j = 167 sucessfully passed !
	Initialyzed swapped data for i = 153, j = 168 sucessfully passed !
	Initialyzed swapped data for i = 153, j = 169 sucessfully passed !
	Initialyzed swapped data for i = 153, j = 170 sucessfully passed !
	Initialyzed swapped data for i = 153, j = 171 sucessfully passed !
	Initialyzed swapped data for i = 153, j = 172 sucessfully passed !
	Initialyzed swapped data for i = 153, j = 173 sucessfully passed !
	Initialyzed swapped data for i = 153, j = 174 sucessfully passed !
	Initialyzed swapped data for i = 153, j = 175 sucessfully passed !
	Initialyzed swapped data for i = 153, j = 176 sucessfully passed !
	Initialyzed swapped data for i = 153, j = 177 sucessfully passed !
	Initialyzed swapped data for i = 153, j = 178 sucessfully passed !
	Initialyzed swapped data for i = 153, j = 179 sucessfully passed !
	Initialyzed swapped data for i = 153, j = 180 sucessfully passed !
	Initialyzed swapped data for i = 153, j = 181 sucessfully passed !
	Initialyzed swapped data for i = 153, j = 182 sucessfully passed !
	Initialyzed swapped data for i = 153, j = 183 sucessfully passed !
	Initialyzed swapped data for i = 153, j = 184 sucessfully passed !
	Initialyzed swapped data for i = 153, j = 185 sucessfully passed !
	Initialyzed swapped data for i = 153, j = 186 sucessfully passed !
	Initialyzed swapped data for i = 153, j = 187 sucessfully passed !
	Initialyzed swapped data for i = 153, j = 188 sucessfully passed !
	Initialyzed swapped data for i = 153, j = 189 sucessfully passed !
	Initialyzed swapped data for i = 153, j = 190 sucessfully passed !
	Initialyzed swapped data for i = 153, j = 191 sucessfully passed !
	Initialyzed swapped data for i = 153, j = 192 sucessfully passed !
	Initialyzed swapped data for i = 153, j = 193 sucessfully passed !
	Initialyzed swapped data for i = 153, j = 194 sucessfully passed !
	Initialyzed swapped data for i = 153, j = 195 sucessfully passed !
	Initialyzed swapped data for i = 153, j = 196 sucessfully passed !
	Initialyzed swapped data for i = 153, j = 197 sucessfully passed !
	Initialyzed swapped data for i = 153, j = 198 sucessfully passed !
	Initialyzed swapped data for i = 153, j = 199 sucessfully passed !
	Initialyzed swapped data for i = 153, j = 200 sucessfully passed !
	Initialyzed swapped data for i = 153, j = 201 sucessfully passed !
	Initialyzed swapped data for i = 153, j = 202 sucessfully passed !
	Initialyzed swapped data for i = 153, j = 203 sucessfully passed !
	Initialyzed swapped data for i = 153, j = 204 sucessfully passed !
	Initialyzed swapped data for i = 153, j = 205 sucessfully passed !
	Initialyzed swapped data for i = 153, j = 206 sucessfully passed !
	Initialyzed swapped data for i = 153, j = 207 sucessfully passed !
	Initialyzed swapped data for i = 153, j = 208 sucessfully passed !
	Initialyzed swapped data for i = 153, j = 209 sucessfully passed !
	Initialyzed swapped data for i = 153, j = 210 sucessfully passed !
	Initialyzed swapped data for i = 153, j = 211 sucessfully passed !
	Initialyzed swapped data for i = 153, j = 212 sucessfully passed !
	Initialyzed swapped data for i = 153, j = 213 sucessfully passed !
	Initialyzed swapped data for i = 153, j = 214 sucessfully passed !
	Initialyzed swapped data for i = 153, j = 215 sucessfully passed !
	Initialyzed swapped data for i = 153, j = 216 sucessfully passed !
	Initialyzed swapped data for i = 153, j = 217 sucessfully passed !
	Initialyzed swapped data for i = 153, j = 218 sucessfully passed !
	Initialyzed swapped data for i = 153, j = 219 sucessfully passed !
	Initialyzed swapped data for i = 153, j = 220 sucessfully passed !
	Initialyzed swapped data for i = 153, j = 221 sucessfully passed !
	Initialyzed swapped data for i = 153, j = 222 sucessfully passed !
	Initialyzed swapped data for i = 153, j = 223 sucessfully passed !
	Initialyzed swapped data for i = 153, j = 224 sucessfully passed !
	Initialyzed swapped data for i = 153, j = 225 sucessfully passed !
	Initialyzed swapped data for i = 153, j = 226 sucessfully passed !
	Initialyzed swapped data for i = 153, j = 227 sucessfully passed !
	Initialyzed swapped data for i = 153, j = 228 sucessfully passed !
	Initialyzed swapped data for i = 153, j = 229 sucessfully passed !
	Initialyzed swapped data for i = 153, j = 230 sucessfully passed !
	Initialyzed swapped data for i = 153, j = 231 sucessfully passed !
	Initialyzed swapped data for i = 153, j = 232 sucessfully passed !
	Initialyzed swapped data for i = 153, j = 233 sucessfully passed !
	Initialyzed swapped data for i = 153, j = 234 sucessfully passed !
	Initialyzed swapped data for i = 153, j = 235 sucessfully passed !
	Initialyzed swapped data for i = 153, j = 236 sucessfully passed !
	Initialyzed swapped data for i = 153, j = 237 sucessfully passed !
	Initialyzed swapped data for i = 153, j = 238 sucessfully passed !
	Initialyzed swapped data for i = 153, j = 239 sucessfully passed !
	Initialyzed swapped data for i = 153, j = 240 sucessfully passed !
	Initialyzed swapped data for i = 153, j = 241 sucessfully passed !
	Initialyzed swapped data for i = 153, j = 242 sucessfully passed !
	Initialyzed swapped data for i = 153, j = 243 sucessfully passed !
	Initialyzed swapped data for i = 153, j = 244 sucessfully passed !
	Initialyzed swapped data for i = 153, j = 245 sucessfully passed !
	Initialyzed swapped data for i = 153, j = 246 sucessfully passed !
	Initialyzed swapped data for i = 153, j = 247 sucessfully passed !
	Initialyzed swapped data for i = 153, j = 248 sucessfully passed !
	Initialyzed swapped data for i = 153, j = 249 sucessfully passed !
	Initialyzed swapped data for i = 153, j = 250 sucessfully passed !
	Initialyzed swapped data for i = 153, j = 251 sucessfully passed !
	Initialyzed swapped data for i = 153, j = 252 sucessfully passed !
	Initialyzed swapped data for i = 153, j = 253 sucessfully passed !
	Initialyzed swapped data for i = 153, j = 254 sucessfully passed !
	Initialyzed swapped data for i = 153, j = 255 sucessfully passed !
	Initialyzed swapped data for i = 153, j = 256 sucessfully passed !
	Initialyzed swapped data for i = 153, j = 257 sucessfully passed !
	Initialyzed swapped data for i = 153, j = 258 sucessfully passed !
	Initialyzed swapped data for i = 153, j = 259 sucessfully passed !
	Initialyzed swapped data for i = 153, j = 260 sucessfully passed !
	Initialyzed swapped data for i = 153, j = 261 sucessfully passed !
	Initialyzed swapped data for i = 153, j = 262 sucessfully passed !
	Initialyzed swapped data for i = 153, j = 263 sucessfully passed !
	Initialyzed swapped data for i = 153, j = 264 sucessfully passed !
	Initialyzed swapped data for i = 153, j = 265 sucessfully passed !
	Initialyzed swapped data for i = 153, j = 266 sucessfully passed !
	Initialyzed swapped data for i = 153, j = 267 sucessfully passed !
	Initialyzed swapped data for i = 153, j = 268 sucessfully passed !
	Initialyzed swapped data for i = 153, j = 269 sucessfully passed !
	Initialyzed swapped data for i = 153, j = 270 sucessfully passed !
	Initialyzed swapped data for i = 153, j = 271 sucessfully passed !
	Initialyzed swapped data for i = 153, j = 272 sucessfully passed !
	Initialyzed swapped data for i = 153, j = 273 sucessfully passed !
	Initialyzed swapped data for i = 153, j = 274 sucessfully passed !
	Initialyzed swapped data for i = 153, j = 275 sucessfully passed !
	Initialyzed swapped data for i = 153, j = 276 sucessfully passed !
	Initialyzed swapped data for i = 153, j = 277 sucessfully passed !
	Initialyzed swapped data for i = 153, j = 278 sucessfully passed !
	Initialyzed swapped data for i = 153, j = 279 sucessfully passed !
	Initialyzed swapped data for i = 153, j = 280 sucessfully passed !
	Initialyzed swapped data for i = 153, j = 281 sucessfully passed !
	Initialyzed swapped data for i = 153, j = 282 sucessfully passed !
	Initialyzed swapped data for i = 153, j = 283 sucessfully passed !
	Initialyzed swapped data for i = 153, j = 284 sucessfully passed !
	Initialyzed swapped data for i = 153, j = 285 sucessfully passed !
	Initialyzed swapped data for i = 153, j = 286 sucessfully passed !
	Initialyzed swapped data for i = 153, j = 287 sucessfully passed !
	Initialyzed swapped data for i = 153, j = 288 sucessfully passed !
	Initialyzed swapped data for i = 153, j = 289 sucessfully passed !
	Initialyzed swapped data for i = 153, j = 290 sucessfully passed !
	Initialyzed swapped data for i = 153, j = 291 sucessfully passed !
	Initialyzed swapped data for i = 153, j = 292 sucessfully passed !
	Initialyzed swapped data for i = 153, j = 293 sucessfully passed !
	Initialyzed swapped data for i = 153, j = 294 sucessfully passed !
	Initialyzed swapped data for i = 153, j = 295 sucessfully passed !
	Initialyzed swapped data for i = 153, j = 296 sucessfully passed !
	Initialyzed swapped data for i = 153, j = 297 sucessfully passed !
	Initialyzed swapped data for i = 153, j = 298 sucessfully passed !
	Initialyzed swapped data for i = 153, j = 299 sucessfully passed !
	Initialyzed swapped data for i = 153, j = 300 sucessfully passed !
	Initialyzed swapped data for i = 153, j = 301 sucessfully passed !
	Initialyzed swapped data for i = 153, j = 302 sucessfully passed !
	Initialyzed swapped data for i = 153, j = 303 sucessfully passed !
	Initialyzed swapped data for i = 153, j = 304 sucessfully passed !
	Initialyzed swapped data for i = 153, j = 305 sucessfully passed !
	Initialyzed swapped data for i = 153, j = 306 sucessfully passed !
	Initialyzed swapped data for i = 153, j = 307 sucessfully passed !
	Initialyzed swapped data for i = 153, j = 308 sucessfully passed !
	Initialyzed swapped data for i = 153, j = 309 sucessfully passed !
	Initialyzed swapped data for i = 153, j = 310 sucessfully passed !
	Initialyzed swapped data for i = 153, j = 311 sucessfully passed !
	Initialyzed swapped data for i = 153, j = 312 sucessfully passed !
	Initialyzed swapped data for i = 153, j = 313 sucessfully passed !
	Initialyzed swapped data for i = 153, j = 314 sucessfully passed !
	Initialyzed swapped data for i = 153, j = 315 sucessfully passed !
	Initialyzed swapped data for i = 153, j = 316 sucessfully passed !
	Initialyzed swapped data for i = 153, j = 317 sucessfully passed !
	Initialyzed swapped data for i = 153, j = 318 sucessfully passed !
	Initialyzed swapped data for i = 153, j = 319 sucessfully passed !
	Initialyzed swapped data for i = 153, j = 320 sucessfully passed !
	Initialyzed swapped data for i = 153, j = 321 sucessfully passed !
	Initialyzed swapped data for i = 153, j = 322 sucessfully passed !
	Initialyzed swapped data for i = 153, j = 323 sucessfully passed !
	Initialyzed swapped data for i = 153, j = 324 sucessfully passed !
	Initialyzed swapped data for i = 153, j = 325 sucessfully passed !
	Initialyzed swapped data for i = 153, j = 326 sucessfully passed !
	Initialyzed swapped data for i = 153, j = 327 sucessfully passed !
	Initialyzed swapped data for i = 153, j = 328 sucessfully passed !
	Initialyzed swapped data for i = 153, j = 329 sucessfully passed !
	Initialyzed swapped data for i = 153, j = 330 sucessfully passed !
	Initialyzed swapped data for i = 153, j = 331 sucessfully passed !
	Initialyzed swapped data for i = 153, j = 332 sucessfully passed !
	Initialyzed swapped data for i = 153, j = 333 sucessfully passed !
	Initialyzed swapped data for i = 153, j = 334 sucessfully passed !
	Initialyzed swapped data for i = 153, j = 335 sucessfully passed !
	Initialyzed swapped data for i = 153, j = 336 sucessfully passed !
	Initialyzed swapped data for i = 153, j = 337 sucessfully passed !
	Initialyzed swapped data for i = 153, j = 338 sucessfully passed !
	Initialyzed swapped data for i = 153, j = 339 sucessfully passed !
	Initialyzed swapped data for i = 153, j = 340 sucessfully passed !
	Initialyzed swapped data for i = 153, j = 341 sucessfully passed !
	Initialyzed swapped data for i = 153, j = 342 sucessfully passed !
	Initialyzed swapped data for i = 153, j = 343 sucessfully passed !
	Initialyzed swapped data for i = 153, j = 344 sucessfully passed !
	Initialyzed swapped data for i = 153, j = 345 sucessfully passed !
	Initialyzed swapped data for i = 153, j = 346 sucessfully passed !
	Initialyzed swapped data for i = 153, j = 347 sucessfully passed !
	Initialyzed swapped data for i = 153, j = 348 sucessfully passed !
	Initialyzed swapped data for i = 153, j = 349 sucessfully passed !
	Initialyzed swapped data for i = 153, j = 350 sucessfully passed !
	Initialyzed swapped data for i = 153, j = 351 sucessfully passed !
	Initialyzed swapped data for i = 153, j = 352 sucessfully passed !
	Initialyzed swapped data for i = 153, j = 353 sucessfully passed !
	Initialyzed swapped data for i = 153, j = 354 sucessfully passed !
	Initialyzed swapped data for i = 153, j = 355 sucessfully passed !
	Initialyzed swapped data for i = 153, j = 356 sucessfully passed !
	Initialyzed swapped data for i = 153, j = 357 sucessfully passed !
	Initialyzed swapped data for i = 153, j = 358 sucessfully passed !
	Initialyzed swapped data for i = 153, j = 359 sucessfully passed !
	Initialyzed swapped data for i = 153, j = 360 sucessfully passed !
	Initialyzed swapped data for i = 153, j = 361 sucessfully passed !
	Initialyzed swapped data for i = 153, j = 362 sucessfully passed !
	Initialyzed swapped data for i = 153, j = 363 sucessfully passed !
	Initialyzed swapped data for i = 153, j = 364 sucessfully passed !
	Initialyzed swapped data for i = 153, j = 365 sucessfully passed !
	Initialyzed swapped data for i = 153, j = 366 sucessfully passed !
	Initialyzed swapped data for i = 153, j = 367 sucessfully passed !
	Initialyzed swapped data for i = 153, j = 368 sucessfully passed !
	Initialyzed swapped data for i = 153, j = 369 sucessfully passed !
	Initialyzed swapped data for i = 153, j = 370 sucessfully passed !
	Initialyzed swapped data for i = 153, j = 371 sucessfully passed !
	Initialyzed swapped data for i = 153, j = 372 sucessfully passed !
	Initialyzed swapped data for i = 153, j = 373 sucessfully passed !
	Initialyzed swapped data for i = 153, j = 374 sucessfully passed !
	Initialyzed swapped data for i = 153, j = 375 sucessfully passed !
	Initialyzed swapped data for i = 153, j = 376 sucessfully passed !
	Initialyzed swapped data for i = 153, j = 377 sucessfully passed !
	Initialyzed swapped data for i = 153, j = 378 sucessfully passed !
	Initialyzed swapped data for i = 153, j = 379 sucessfully passed !
	Initialyzed swapped data for i = 153, j = 380 sucessfully passed !
	Initialyzed swapped data for i = 153, j = 381 sucessfully passed !
	Initialyzed swapped data for i = 153, j = 382 sucessfully passed !
	Initialyzed swapped data for i = 153, j = 383 sucessfully passed !
	Initialyzed swapped data for i = 153, j = 384 sucessfully passed !
	Initialyzed swapped data for i = 153, j = 385 sucessfully passed !
	Initialyzed swapped data for i = 153, j = 386 sucessfully passed !
	Initialyzed swapped data for i = 153, j = 387 sucessfully passed !
	Initialyzed swapped data for i = 153, j = 388 sucessfully passed !
	Initialyzed swapped data for i = 153, j = 389 sucessfully passed !
	Initialyzed swapped data for i = 153, j = 390 sucessfully passed !
	Initialyzed swapped data for i = 153, j = 391 sucessfully passed !
	Initialyzed swapped data for i = 153, j = 392 sucessfully passed !
	Initialyzed swapped data for i = 153, j = 393 sucessfully passed !
	Initialyzed swapped data for i = 153, j = 394 sucessfully passed !
	Initialyzed swapped data for i = 153, j = 395 sucessfully passed !
	Initialyzed swapped data for i = 153, j = 396 sucessfully passed !
	Initialyzed swapped data for i = 153, j = 397 sucessfully passed !
	Initialyzed swapped data for i = 153, j = 398 sucessfully passed !
	Initialyzed swapped data for i = 153, j = 399 sucessfully passed !
	Initialyzed swapped data for i = 153, j = 400 sucessfully passed !
	Initialyzed swapped data for i = 153, j = 401 sucessfully passed !
	Initialyzed swapped data for i = 153, j = 402 sucessfully passed !
	Initialyzed swapped data for i = 153, j = 403 sucessfully passed !
	Initialyzed swapped data for i = 153, j = 404 sucessfully passed !
	Initialyzed swapped data for i = 153, j = 405 sucessfully passed !
	Initialyzed swapped data for i = 153, j = 406 sucessfully passed !
	Initialyzed swapped data for i = 153, j = 407 sucessfully passed !
	Initialyzed swapped data for i = 153, j = 408 sucessfully passed !
	Initialyzed swapped data for i = 153, j = 409 sucessfully passed !
	Initialyzed swapped data for i = 153, j = 410 sucessfully passed !
	Initialyzed swapped data for i = 153, j = 411 sucessfully passed !
	Initialyzed swapped data for i = 153, j = 412 sucessfully passed !
	Initialyzed swapped data for i = 153, j = 413 sucessfully passed !
	Initialyzed swapped data for i = 153, j = 414 sucessfully passed !
	Initialyzed swapped data for i = 153, j = 415 sucessfully passed !
	Initialyzed swapped data for i = 153, j = 416 sucessfully passed !
	Initialyzed swapped data for i = 153, j = 417 sucessfully passed !
	Initialyzed swapped data for i = 153, j = 418 sucessfully passed !
	Initialyzed swapped data for i = 153, j = 419 sucessfully passed !
	Initialyzed swapped data for i = 153, j = 420 sucessfully passed !
	Initialyzed swapped data for i = 153, j = 421 sucessfully passed !
	Initialyzed swapped data for i = 153, j = 422 sucessfully passed !
	Initialyzed swapped data for i = 153, j = 423 sucessfully passed !
	Initialyzed swapped data for i = 153, j = 424 sucessfully passed !
	Initialyzed swapped data for i = 153, j = 425 sucessfully passed !
	Initialyzed swapped data for i = 153, j = 426 sucessfully passed !
	Initialyzed swapped data for i = 153, j = 427 sucessfully passed !
	Initialyzed swapped data for i = 153, j = 428 sucessfully passed !
	Initialyzed swapped data for i = 153, j = 429 sucessfully passed !
	Initialyzed swapped data for i = 153, j = 430 sucessfully passed !
	Initialyzed swapped data for i = 153, j = 431 sucessfully passed !
	Initialyzed swapped data for i = 153, j = 432 sucessfully passed !
	Initialyzed swapped data for i = 153, j = 433 sucessfully passed !
	Initialyzed swapped data for i = 154, j = 155 sucessfully passed !
	Initialyzed swapped data for i = 154, j = 156 sucessfully passed !
	Initialyzed swapped data for i = 154, j = 157 sucessfully passed !
	Initialyzed swapped data for i = 154, j = 158 sucessfully passed !
	Initialyzed swapped data for i = 154, j = 159 sucessfully passed !
	Initialyzed swapped data for i = 154, j = 160 sucessfully passed !
	Initialyzed swapped data for i = 154, j = 161 sucessfully passed !
	Initialyzed swapped data for i = 154, j = 162 sucessfully passed !
	Initialyzed swapped data for i = 154, j = 163 sucessfully passed !
	Initialyzed swapped data for i = 154, j = 164 sucessfully passed !
	Initialyzed swapped data for i = 154, j = 165 sucessfully passed !
	Initialyzed swapped data for i = 154, j = 166 sucessfully passed !
	Initialyzed swapped data for i = 154, j = 167 sucessfully passed !
	Initialyzed swapped data for i = 154, j = 168 sucessfully passed !
	Initialyzed swapped data for i = 154, j = 169 sucessfully passed !
	Initialyzed swapped data for i = 154, j = 170 sucessfully passed !
	Initialyzed swapped data for i = 154, j = 171 sucessfully passed !
	Initialyzed swapped data for i = 154, j = 172 sucessfully passed !
	Initialyzed swapped data for i = 154, j = 173 sucessfully passed !
	Initialyzed swapped data for i = 154, j = 174 sucessfully passed !
	Initialyzed swapped data for i = 154, j = 175 sucessfully passed !
	Initialyzed swapped data for i = 154, j = 176 sucessfully passed !
	Initialyzed swapped data for i = 154, j = 177 sucessfully passed !
	Initialyzed swapped data for i = 154, j = 178 sucessfully passed !
	Initialyzed swapped data for i = 154, j = 179 sucessfully passed !
	Initialyzed swapped data for i = 154, j = 180 sucessfully passed !
	Initialyzed swapped data for i = 154, j = 181 sucessfully passed !
	Initialyzed swapped data for i = 154, j = 182 sucessfully passed !
	Initialyzed swapped data for i = 154, j = 183 sucessfully passed !
	Initialyzed swapped data for i = 154, j = 184 sucessfully passed !
	Initialyzed swapped data for i = 154, j = 185 sucessfully passed !
	Initialyzed swapped data for i = 154, j = 186 sucessfully passed !
	Initialyzed swapped data for i = 154, j = 187 sucessfully passed !
	Initialyzed swapped data for i = 154, j = 188 sucessfully passed !
	Initialyzed swapped data for i = 154, j = 189 sucessfully passed !
	Initialyzed swapped data for i = 154, j = 190 sucessfully passed !
	Initialyzed swapped data for i = 154, j = 191 sucessfully passed !
	Initialyzed swapped data for i = 154, j = 192 sucessfully passed !
	Initialyzed swapped data for i = 154, j = 193 sucessfully passed !
	Initialyzed swapped data for i = 154, j = 194 sucessfully passed !
	Initialyzed swapped data for i = 154, j = 195 sucessfully passed !
	Initialyzed swapped data for i = 154, j = 196 sucessfully passed !
	Initialyzed swapped data for i = 154, j = 197 sucessfully passed !
	Initialyzed swapped data for i = 154, j = 198 sucessfully passed !
	Initialyzed swapped data for i = 154, j = 199 sucessfully passed !
	Initialyzed swapped data for i = 154, j = 200 sucessfully passed !
	Initialyzed swapped data for i = 154, j = 201 sucessfully passed !
	Initialyzed swapped data for i = 154, j = 202 sucessfully passed !
	Initialyzed swapped data for i = 154, j = 203 sucessfully passed !
	Initialyzed swapped data for i = 154, j = 204 sucessfully passed !
	Initialyzed swapped data for i = 154, j = 205 sucessfully passed !
	Initialyzed swapped data for i = 154, j = 206 sucessfully passed !
	Initialyzed swapped data for i = 154, j = 207 sucessfully passed !
	Initialyzed swapped data for i = 154, j = 208 sucessfully passed !
	Initialyzed swapped data for i = 154, j = 209 sucessfully passed !
	Initialyzed swapped data for i = 154, j = 210 sucessfully passed !
	Initialyzed swapped data for i = 154, j = 211 sucessfully passed !
	Initialyzed swapped data for i = 154, j = 212 sucessfully passed !
	Initialyzed swapped data for i = 154, j = 213 sucessfully passed !
	Initialyzed swapped data for i = 154, j = 214 sucessfully passed !
	Initialyzed swapped data for i = 154, j = 215 sucessfully passed !
	Initialyzed swapped data for i = 154, j = 216 sucessfully passed !
	Initialyzed swapped data for i = 154, j = 217 sucessfully passed !
	Initialyzed swapped data for i = 154, j = 218 sucessfully passed !
	Initialyzed swapped data for i = 154, j = 219 sucessfully passed !
	Initialyzed swapped data for i = 154, j = 220 sucessfully passed !
	Initialyzed swapped data for i = 154, j = 221 sucessfully passed !
	Initialyzed swapped data for i = 154, j = 222 sucessfully passed !
	Initialyzed swapped data for i = 154, j = 223 sucessfully passed !
	Initialyzed swapped data for i = 154, j = 224 sucessfully passed !
	Initialyzed swapped data for i = 154, j = 225 sucessfully passed !
	Initialyzed swapped data for i = 154, j = 226 sucessfully passed !
	Initialyzed swapped data for i = 154, j = 227 sucessfully passed !
	Initialyzed swapped data for i = 154, j = 228 sucessfully passed !
	Initialyzed swapped data for i = 154, j = 229 sucessfully passed !
	Initialyzed swapped data for i = 154, j = 230 sucessfully passed !
	Initialyzed swapped data for i = 154, j = 231 sucessfully passed !
	Initialyzed swapped data for i = 154, j = 232 sucessfully passed !
	Initialyzed swapped data for i = 154, j = 233 sucessfully passed !
	Initialyzed swapped data for i = 154, j = 234 sucessfully passed !
	Initialyzed swapped data for i = 154, j = 235 sucessfully passed !
	Initialyzed swapped data for i = 154, j = 236 sucessfully passed !
	Initialyzed swapped data for i = 154, j = 237 sucessfully passed !
	Initialyzed swapped data for i = 154, j = 238 sucessfully passed !
	Initialyzed swapped data for i = 154, j = 239 sucessfully passed !
	Initialyzed swapped data for i = 154, j = 240 sucessfully passed !
	Initialyzed swapped data for i = 154, j = 241 sucessfully passed !
	Initialyzed swapped data for i = 154, j = 242 sucessfully passed !
	Initialyzed swapped data for i = 154, j = 243 sucessfully passed !
	Initialyzed swapped data for i = 154, j = 244 sucessfully passed !
	Initialyzed swapped data for i = 154, j = 245 sucessfully passed !
	Initialyzed swapped data for i = 154, j = 246 sucessfully passed !
	Initialyzed swapped data for i = 154, j = 247 sucessfully passed !
	Initialyzed swapped data for i = 154, j = 248 sucessfully passed !
	Initialyzed swapped data for i = 154, j = 249 sucessfully passed !
	Initialyzed swapped data for i = 154, j = 250 sucessfully passed !
	Initialyzed swapped data for i = 154, j = 251 sucessfully passed !
	Initialyzed swapped data for i = 154, j = 252 sucessfully passed !
	Initialyzed swapped data for i = 154, j = 253 sucessfully passed !
	Initialyzed swapped data for i = 154, j = 254 sucessfully passed !
	Initialyzed swapped data for i = 154, j = 255 sucessfully passed !
	Initialyzed swapped data for i = 154, j = 256 sucessfully passed !
	Initialyzed swapped data for i = 154, j = 257 sucessfully passed !
	Initialyzed swapped data for i = 154, j = 258 sucessfully passed !
	Initialyzed swapped data for i = 154, j = 259 sucessfully passed !
	Initialyzed swapped data for i = 154, j = 260 sucessfully passed !
	Initialyzed swapped data for i = 154, j = 261 sucessfully passed !
	Initialyzed swapped data for i = 154, j = 262 sucessfully passed !
	Initialyzed swapped data for i = 154, j = 263 sucessfully passed !
	Initialyzed swapped data for i = 154, j = 264 sucessfully passed !
	Initialyzed swapped data for i = 154, j = 265 sucessfully passed !
	Initialyzed swapped data for i = 154, j = 266 sucessfully passed !
	Initialyzed swapped data for i = 154, j = 267 sucessfully passed !
	Initialyzed swapped data for i = 154, j = 268 sucessfully passed !
	Initialyzed swapped data for i = 154, j = 269 sucessfully passed !
	Initialyzed swapped data for i = 154, j = 270 sucessfully passed !
	Initialyzed swapped data for i = 154, j = 271 sucessfully passed !
	Initialyzed swapped data for i = 154, j = 272 sucessfully passed !
	Initialyzed swapped data for i = 154, j = 273 sucessfully passed !
	Initialyzed swapped data for i = 154, j = 274 sucessfully passed !
	Initialyzed swapped data for i = 154, j = 275 sucessfully passed !
	Initialyzed swapped data for i = 154, j = 276 sucessfully passed !
	Initialyzed swapped data for i = 154, j = 277 sucessfully passed !
	Initialyzed swapped data for i = 154, j = 278 sucessfully passed !
	Initialyzed swapped data for i = 154, j = 279 sucessfully passed !
	Initialyzed swapped data for i = 154, j = 280 sucessfully passed !
	Initialyzed swapped data for i = 154, j = 281 sucessfully passed !
	Initialyzed swapped data for i = 154, j = 282 sucessfully passed !
	Initialyzed swapped data for i = 154, j = 283 sucessfully passed !
	Initialyzed swapped data for i = 154, j = 284 sucessfully passed !
	Initialyzed swapped data for i = 154, j = 285 sucessfully passed !
	Initialyzed swapped data for i = 154, j = 286 sucessfully passed !
	Initialyzed swapped data for i = 154, j = 287 sucessfully passed !
	Initialyzed swapped data for i = 154, j = 288 sucessfully passed !
	Initialyzed swapped data for i = 154, j = 289 sucessfully passed !
	Initialyzed swapped data for i = 154, j = 290 sucessfully passed !
	Initialyzed swapped data for i = 154, j = 291 sucessfully passed !
	Initialyzed swapped data for i = 154, j = 292 sucessfully passed !
	Initialyzed swapped data for i = 154, j = 293 sucessfully passed !
	Initialyzed swapped data for i = 154, j = 294 sucessfully passed !
	Initialyzed swapped data for i = 154, j = 295 sucessfully passed !
	Initialyzed swapped data for i = 154, j = 296 sucessfully passed !
	Initialyzed swapped data for i = 154, j = 297 sucessfully passed !
	Initialyzed swapped data for i = 154, j = 298 sucessfully passed !
	Initialyzed swapped data for i = 154, j = 299 sucessfully passed !
	Initialyzed swapped data for i = 154, j = 300 sucessfully passed !
	Initialyzed swapped data for i = 154, j = 301 sucessfully passed !
	Initialyzed swapped data for i = 154, j = 302 sucessfully passed !
	Initialyzed swapped data for i = 154, j = 303 sucessfully passed !
	Initialyzed swapped data for i = 154, j = 304 sucessfully passed !
	Initialyzed swapped data for i = 154, j = 305 sucessfully passed !
	Initialyzed swapped data for i = 154, j = 306 sucessfully passed !
	Initialyzed swapped data for i = 154, j = 307 sucessfully passed !
	Initialyzed swapped data for i = 154, j = 308 sucessfully passed !
	Initialyzed swapped data for i = 154, j = 309 sucessfully passed !
	Initialyzed swapped data for i = 154, j = 310 sucessfully passed !
	Initialyzed swapped data for i = 154, j = 311 sucessfully passed !
	Initialyzed swapped data for i = 154, j = 312 sucessfully passed !
	Initialyzed swapped data for i = 154, j = 313 sucessfully passed !
	Initialyzed swapped data for i = 154, j = 314 sucessfully passed !
	Initialyzed swapped data for i = 154, j = 315 sucessfully passed !
	Initialyzed swapped data for i = 154, j = 316 sucessfully passed !
	Initialyzed swapped data for i = 154, j = 317 sucessfully passed !
	Initialyzed swapped data for i = 154, j = 318 sucessfully passed !
	Initialyzed swapped data for i = 154, j = 319 sucessfully passed !
	Initialyzed swapped data for i = 154, j = 320 sucessfully passed !
	Initialyzed swapped data for i = 154, j = 321 sucessfully passed !
	Initialyzed swapped data for i = 154, j = 322 sucessfully passed !
	Initialyzed swapped data for i = 154, j = 323 sucessfully passed !
	Initialyzed swapped data for i = 154, j = 324 sucessfully passed !
	Initialyzed swapped data for i = 154, j = 325 sucessfully passed !
	Initialyzed swapped data for i = 154, j = 326 sucessfully passed !
	Initialyzed swapped data for i = 154, j = 327 sucessfully passed !
	Initialyzed swapped data for i = 154, j = 328 sucessfully passed !
	Initialyzed swapped data for i = 154, j = 329 sucessfully passed !
	Initialyzed swapped data for i = 154, j = 330 sucessfully passed !
	Initialyzed swapped data for i = 154, j = 331 sucessfully passed !
	Initialyzed swapped data for i = 154, j = 332 sucessfully passed !
	Initialyzed swapped data for i = 154, j = 333 sucessfully passed !
	Initialyzed swapped data for i = 154, j = 334 sucessfully passed !
	Initialyzed swapped data for i = 154, j = 335 sucessfully passed !
	Initialyzed swapped data for i = 154, j = 336 sucessfully passed !
	Initialyzed swapped data for i = 154, j = 337 sucessfully passed !
	Initialyzed swapped data for i = 154, j = 338 sucessfully passed !
	Initialyzed swapped data for i = 154, j = 339 sucessfully passed !
	Initialyzed swapped data for i = 154, j = 340 sucessfully passed !
	Initialyzed swapped data for i = 154, j = 341 sucessfully passed !
	Initialyzed swapped data for i = 154, j = 342 sucessfully passed !
	Initialyzed swapped data for i = 154, j = 343 sucessfully passed !
	Initialyzed swapped data for i = 154, j = 344 sucessfully passed !
	Initialyzed swapped data for i = 154, j = 345 sucessfully passed !
	Initialyzed swapped data for i = 154, j = 346 sucessfully passed !
	Initialyzed swapped data for i = 154, j = 347 sucessfully passed !
	Initialyzed swapped data for i = 154, j = 348 sucessfully passed !
	Initialyzed swapped data for i = 154, j = 349 sucessfully passed !
	Initialyzed swapped data for i = 154, j = 350 sucessfully passed !
	Initialyzed swapped data for i = 154, j = 351 sucessfully passed !
	Initialyzed swapped data for i = 154, j = 352 sucessfully passed !
	Initialyzed swapped data for i = 154, j = 353 sucessfully passed !
	Initialyzed swapped data for i = 154, j = 354 sucessfully passed !
	Initialyzed swapped data for i = 154, j = 355 sucessfully passed !
	Initialyzed swapped data for i = 154, j = 356 sucessfully passed !
	Initialyzed swapped data for i = 154, j = 357 sucessfully passed !
	Initialyzed swapped data for i = 154, j = 358 sucessfully passed !
	Initialyzed swapped data for i = 154, j = 359 sucessfully passed !
	Initialyzed swapped data for i = 154, j = 360 sucessfully passed !
	Initialyzed swapped data for i = 154, j = 361 sucessfully passed !
	Initialyzed swapped data for i = 154, j = 362 sucessfully passed !
	Initialyzed swapped data for i = 154, j = 363 sucessfully passed !
	Initialyzed swapped data for i = 154, j = 364 sucessfully passed !
	Initialyzed swapped data for i = 154, j = 365 sucessfully passed !
	Initialyzed swapped data for i = 154, j = 366 sucessfully passed !
	Initialyzed swapped data for i = 154, j = 367 sucessfully passed !
	Initialyzed swapped data for i = 154, j = 368 sucessfully passed !
	Initialyzed swapped data for i = 154, j = 369 sucessfully passed !
	Initialyzed swapped data for i = 154, j = 370 sucessfully passed !
	Initialyzed swapped data for i = 154, j = 371 sucessfully passed !
	Initialyzed swapped data for i = 154, j = 372 sucessfully passed !
	Initialyzed swapped data for i = 154, j = 373 sucessfully passed !
	Initialyzed swapped data for i = 154, j = 374 sucessfully passed !
	Initialyzed swapped data for i = 154, j = 375 sucessfully passed !
	Initialyzed swapped data for i = 154, j = 376 sucessfully passed !
	Initialyzed swapped data for i = 154, j = 377 sucessfully passed !
	Initialyzed swapped data for i = 154, j = 378 sucessfully passed !
	Initialyzed swapped data for i = 154, j = 379 sucessfully passed !
	Initialyzed swapped data for i = 154, j = 380 sucessfully passed !
	Initialyzed swapped data for i = 154, j = 381 sucessfully passed !
	Initialyzed swapped data for i = 154, j = 382 sucessfully passed !
	Initialyzed swapped data for i = 154, j = 383 sucessfully passed !
	Initialyzed swapped data for i = 154, j = 384 sucessfully passed !
	Initialyzed swapped data for i = 154, j = 385 sucessfully passed !
	Initialyzed swapped data for i = 154, j = 386 sucessfully passed !
	Initialyzed swapped data for i = 154, j = 387 sucessfully passed !
	Initialyzed swapped data for i = 154, j = 388 sucessfully passed !
	Initialyzed swapped data for i = 154, j = 389 sucessfully passed !
	Initialyzed swapped data for i = 154, j = 390 sucessfully passed !
	Initialyzed swapped data for i = 154, j = 391 sucessfully passed !
	Initialyzed swapped data for i = 154, j = 392 sucessfully passed !
	Initialyzed swapped data for i = 154, j = 393 sucessfully passed !
	Initialyzed swapped data for i = 154, j = 394 sucessfully passed !
	Initialyzed swapped data for i = 154, j = 395 sucessfully passed !
	Initialyzed swapped data for i = 154, j = 396 sucessfully passed !
	Initialyzed swapped data for i = 154, j = 397 sucessfully passed !
	Initialyzed swapped data for i = 154, j = 398 sucessfully passed !
	Initialyzed swapped data for i = 154, j = 399 sucessfully passed !
	Initialyzed swapped data for i = 154, j = 400 sucessfully passed !
	Initialyzed swapped data for i = 154, j = 401 sucessfully passed !
	Initialyzed swapped data for i = 154, j = 402 sucessfully passed !
	Initialyzed swapped data for i = 154, j = 403 sucessfully passed !
	Initialyzed swapped data for i = 154, j = 404 sucessfully passed !
	Initialyzed swapped data for i = 154, j = 405 sucessfully passed !
	Initialyzed swapped data for i = 154, j = 406 sucessfully passed !
	Initialyzed swapped data for i = 154, j = 407 sucessfully passed !
	Initialyzed swapped data for i = 154, j = 408 sucessfully passed !
	Initialyzed swapped data for i = 154, j = 409 sucessfully passed !
	Initialyzed swapped data for i = 154, j = 410 sucessfully passed !
	Initialyzed swapped data for i = 154, j = 411 sucessfully passed !
	Initialyzed swapped data for i = 154, j = 412 sucessfully passed !
	Initialyzed swapped data for i = 154, j = 413 sucessfully passed !
	Initialyzed swapped data for i = 154, j = 414 sucessfully passed !
	Initialyzed swapped data for i = 154, j = 415 sucessfully passed !
	Initialyzed swapped data for i = 154, j = 416 sucessfully passed !
	Initialyzed swapped data for i = 154, j = 417 sucessfully passed !
	Initialyzed swapped data for i = 154, j = 418 sucessfully passed !
	Initialyzed swapped data for i = 154, j = 419 sucessfully passed !
	Initialyzed swapped data for i = 154, j = 420 sucessfully passed !
	Initialyzed swapped data for i = 154, j = 421 sucessfully passed !
	Initialyzed swapped data for i = 154, j = 422 sucessfully passed !
	Initialyzed swapped data for i = 154, j = 423 sucessfully passed !
	Initialyzed swapped data for i = 154, j = 424 sucessfully passed !
	Initialyzed swapped data for i = 154, j = 425 sucessfully passed !
	Initialyzed swapped data for i = 154, j = 426 sucessfully passed !
	Initialyzed swapped data for i = 154, j = 427 sucessfully passed !
	Initialyzed swapped data for i = 154, j = 428 sucessfully passed !
	Initialyzed swapped data for i = 154, j = 429 sucessfully passed !
	Initialyzed swapped data for i = 154, j = 430 sucessfully passed !
	Initialyzed swapped data for i = 154, j = 431 sucessfully passed !
	Initialyzed swapped data for i = 154, j = 432 sucessfully passed !
	Initialyzed swapped data for i = 154, j = 433 sucessfully passed !
	Initialyzed swapped data for i = 155, j = 156 sucessfully passed !
	Initialyzed swapped data for i = 155, j = 157 sucessfully passed !
	Initialyzed swapped data for i = 155, j = 158 sucessfully passed !
	Initialyzed swapped data for i = 155, j = 159 sucessfully passed !
	Initialyzed swapped data for i = 155, j = 160 sucessfully passed !
	Initialyzed swapped data for i = 155, j = 161 sucessfully passed !
	Initialyzed swapped data for i = 155, j = 162 sucessfully passed !
	Initialyzed swapped data for i = 155, j = 163 sucessfully passed !
	Initialyzed swapped data for i = 155, j = 164 sucessfully passed !
	Initialyzed swapped data for i = 155, j = 165 sucessfully passed !
	Initialyzed swapped data for i = 155, j = 166 sucessfully passed !
	Initialyzed swapped data for i = 155, j = 167 sucessfully passed !
	Initialyzed swapped data for i = 155, j = 168 sucessfully passed !
	Initialyzed swapped data for i = 155, j = 169 sucessfully passed !
	Initialyzed swapped data for i = 155, j = 170 sucessfully passed !
	Initialyzed swapped data for i = 155, j = 171 sucessfully passed !
	Initialyzed swapped data for i = 155, j = 172 sucessfully passed !
	Initialyzed swapped data for i = 155, j = 173 sucessfully passed !
	Initialyzed swapped data for i = 155, j = 174 sucessfully passed !
	Initialyzed swapped data for i = 155, j = 175 sucessfully passed !
	Initialyzed swapped data for i = 155, j = 176 sucessfully passed !
	Initialyzed swapped data for i = 155, j = 177 sucessfully passed !
	Initialyzed swapped data for i = 155, j = 178 sucessfully passed !
	Initialyzed swapped data for i = 155, j = 179 sucessfully passed !
	Initialyzed swapped data for i = 155, j = 180 sucessfully passed !
	Initialyzed swapped data for i = 155, j = 181 sucessfully passed !
	Initialyzed swapped data for i = 155, j = 182 sucessfully passed !
	Initialyzed swapped data for i = 155, j = 183 sucessfully passed !
	Initialyzed swapped data for i = 155, j = 184 sucessfully passed !
	Initialyzed swapped data for i = 155, j = 185 sucessfully passed !
	Initialyzed swapped data for i = 155, j = 186 sucessfully passed !
	Initialyzed swapped data for i = 155, j = 187 sucessfully passed !
	Initialyzed swapped data for i = 155, j = 188 sucessfully passed !
	Initialyzed swapped data for i = 155, j = 189 sucessfully passed !
	Initialyzed swapped data for i = 155, j = 190 sucessfully passed !
	Initialyzed swapped data for i = 155, j = 191 sucessfully passed !
	Initialyzed swapped data for i = 155, j = 192 sucessfully passed !
	Initialyzed swapped data for i = 155, j = 193 sucessfully passed !
	Initialyzed swapped data for i = 155, j = 194 sucessfully passed !
	Initialyzed swapped data for i = 155, j = 195 sucessfully passed !
	Initialyzed swapped data for i = 155, j = 196 sucessfully passed !
	Initialyzed swapped data for i = 155, j = 197 sucessfully passed !
	Initialyzed swapped data for i = 155, j = 198 sucessfully passed !
	Initialyzed swapped data for i = 155, j = 199 sucessfully passed !
	Initialyzed swapped data for i = 155, j = 200 sucessfully passed !
	Initialyzed swapped data for i = 155, j = 201 sucessfully passed !
	Initialyzed swapped data for i = 155, j = 202 sucessfully passed !
	Initialyzed swapped data for i = 155, j = 203 sucessfully passed !
	Initialyzed swapped data for i = 155, j = 204 sucessfully passed !
	Initialyzed swapped data for i = 155, j = 205 sucessfully passed !
	Initialyzed swapped data for i = 155, j = 206 sucessfully passed !
	Initialyzed swapped data for i = 155, j = 207 sucessfully passed !
	Initialyzed swapped data for i = 155, j = 208 sucessfully passed !
	Initialyzed swapped data for i = 155, j = 209 sucessfully passed !
	Initialyzed swapped data for i = 155, j = 210 sucessfully passed !
	Initialyzed swapped data for i = 155, j = 211 sucessfully passed !
	Initialyzed swapped data for i = 155, j = 212 sucessfully passed !
	Initialyzed swapped data for i = 155, j = 213 sucessfully passed !
	Initialyzed swapped data for i = 155, j = 214 sucessfully passed !
	Initialyzed swapped data for i = 155, j = 215 sucessfully passed !
	Initialyzed swapped data for i = 155, j = 216 sucessfully passed !
	Initialyzed swapped data for i = 155, j = 217 sucessfully passed !
	Initialyzed swapped data for i = 155, j = 218 sucessfully passed !
	Initialyzed swapped data for i = 155, j = 219 sucessfully passed !
	Initialyzed swapped data for i = 155, j = 220 sucessfully passed !
	Initialyzed swapped data for i = 155, j = 221 sucessfully passed !
	Initialyzed swapped data for i = 155, j = 222 sucessfully passed !
	Initialyzed swapped data for i = 155, j = 223 sucessfully passed !
	Initialyzed swapped data for i = 155, j = 224 sucessfully passed !
	Initialyzed swapped data for i = 155, j = 225 sucessfully passed !
	Initialyzed swapped data for i = 155, j = 226 sucessfully passed !
	Initialyzed swapped data for i = 155, j = 227 sucessfully passed !
	Initialyzed swapped data for i = 155, j = 228 sucessfully passed !
	Initialyzed swapped data for i = 155, j = 229 sucessfully passed !
	Initialyzed swapped data for i = 155, j = 230 sucessfully passed !
	Initialyzed swapped data for i = 155, j = 231 sucessfully passed !
	Initialyzed swapped data for i = 155, j = 232 sucessfully passed !
	Initialyzed swapped data for i = 155, j = 233 sucessfully passed !
	Initialyzed swapped data for i = 155, j = 234 sucessfully passed !
	Initialyzed swapped data for i = 155, j = 235 sucessfully passed !
	Initialyzed swapped data for i = 155, j = 236 sucessfully passed !
	Initialyzed swapped data for i = 155, j = 237 sucessfully passed !
	Initialyzed swapped data for i = 155, j = 238 sucessfully passed !
	Initialyzed swapped data for i = 155, j = 239 sucessfully passed !
	Initialyzed swapped data for i = 155, j = 240 sucessfully passed !
	Initialyzed swapped data for i = 155, j = 241 sucessfully passed !
	Initialyzed swapped data for i = 155, j = 242 sucessfully passed !
	Initialyzed swapped data for i = 155, j = 243 sucessfully passed !
	Initialyzed swapped data for i = 155, j = 244 sucessfully passed !
	Initialyzed swapped data for i = 155, j = 245 sucessfully passed !
	Initialyzed swapped data for i = 155, j = 246 sucessfully passed !
	Initialyzed swapped data for i = 155, j = 247 sucessfully passed !
	Initialyzed swapped data for i = 155, j = 248 sucessfully passed !
	Initialyzed swapped data for i = 155, j = 249 sucessfully passed !
	Initialyzed swapped data for i = 155, j = 250 sucessfully passed !
	Initialyzed swapped data for i = 155, j = 251 sucessfully passed !
	Initialyzed swapped data for i = 155, j = 252 sucessfully passed !
	Initialyzed swapped data for i = 155, j = 253 sucessfully passed !
	Initialyzed swapped data for i = 155, j = 254 sucessfully passed !
	Initialyzed swapped data for i = 155, j = 255 sucessfully passed !
	Initialyzed swapped data for i = 155, j = 256 sucessfully passed !
	Initialyzed swapped data for i = 155, j = 257 sucessfully passed !
	Initialyzed swapped data for i = 155, j = 258 sucessfully passed !
	Initialyzed swapped data for i = 155, j = 259 sucessfully passed !
	Initialyzed swapped data for i = 155, j = 260 sucessfully passed !
	Initialyzed swapped data for i = 155, j = 261 sucessfully passed !
	Initialyzed swapped data for i = 155, j = 262 sucessfully passed !
	Initialyzed swapped data for i = 155, j = 263 sucessfully passed !
	Initialyzed swapped data for i = 155, j = 264 sucessfully passed !
	Initialyzed swapped data for i = 155, j = 265 sucessfully passed !
	Initialyzed swapped data for i = 155, j = 266 sucessfully passed !
	Initialyzed swapped data for i = 155, j = 267 sucessfully passed !
	Initialyzed swapped data for i = 155, j = 268 sucessfully passed !
	Initialyzed swapped data for i = 155, j = 269 sucessfully passed !
	Initialyzed swapped data for i = 155, j = 270 sucessfully passed !
	Initialyzed swapped data for i = 155, j = 271 sucessfully passed !
	Initialyzed swapped data for i = 155, j = 272 sucessfully passed !
	Initialyzed swapped data for i = 155, j = 273 sucessfully passed !
	Initialyzed swapped data for i = 155, j = 274 sucessfully passed !
	Initialyzed swapped data for i = 155, j = 275 sucessfully passed !
	Initialyzed swapped data for i = 155, j = 276 sucessfully passed !
	Initialyzed swapped data for i = 155, j = 277 sucessfully passed !
	Initialyzed swapped data for i = 155, j = 278 sucessfully passed !
	Initialyzed swapped data for i = 155, j = 279 sucessfully passed !
	Initialyzed swapped data for i = 155, j = 280 sucessfully passed !
	Initialyzed swapped data for i = 155, j = 281 sucessfully passed !
	Initialyzed swapped data for i = 155, j = 282 sucessfully passed !
	Initialyzed swapped data for i = 155, j = 283 sucessfully passed !
	Initialyzed swapped data for i = 155, j = 284 sucessfully passed !
	Initialyzed swapped data for i = 155, j = 285 sucessfully passed !
	Initialyzed swapped data for i = 155, j = 286 sucessfully passed !
	Initialyzed swapped data for i = 155, j = 287 sucessfully passed !
	Initialyzed swapped data for i = 155, j = 288 sucessfully passed !
	Initialyzed swapped data for i = 155, j = 289 sucessfully passed !
	Initialyzed swapped data for i = 155, j = 290 sucessfully passed !
	Initialyzed swapped data for i = 155, j = 291 sucessfully passed !
	Initialyzed swapped data for i = 155, j = 292 sucessfully passed !
	Initialyzed swapped data for i = 155, j = 293 sucessfully passed !
	Initialyzed swapped data for i = 155, j = 294 sucessfully passed !
	Initialyzed swapped data for i = 155, j = 295 sucessfully passed !
	Initialyzed swapped data for i = 155, j = 296 sucessfully passed !
	Initialyzed swapped data for i = 155, j = 297 sucessfully passed !
	Initialyzed swapped data for i = 155, j = 298 sucessfully passed !
	Initialyzed swapped data for i = 155, j = 299 sucessfully passed !
	Initialyzed swapped data for i = 155, j = 300 sucessfully passed !
	Initialyzed swapped data for i = 155, j = 301 sucessfully passed !
	Initialyzed swapped data for i = 155, j = 302 sucessfully passed !
	Initialyzed swapped data for i = 155, j = 303 sucessfully passed !
	Initialyzed swapped data for i = 155, j = 304 sucessfully passed !
	Initialyzed swapped data for i = 155, j = 305 sucessfully passed !
	Initialyzed swapped data for i = 155, j = 306 sucessfully passed !
	Initialyzed swapped data for i = 155, j = 307 sucessfully passed !
	Initialyzed swapped data for i = 155, j = 308 sucessfully passed !
	Initialyzed swapped data for i = 155, j = 309 sucessfully passed !
	Initialyzed swapped data for i = 155, j = 310 sucessfully passed !
	Initialyzed swapped data for i = 155, j = 311 sucessfully passed !
	Initialyzed swapped data for i = 155, j = 312 sucessfully passed !
	Initialyzed swapped data for i = 155, j = 313 sucessfully passed !
	Initialyzed swapped data for i = 155, j = 314 sucessfully passed !
	Initialyzed swapped data for i = 155, j = 315 sucessfully passed !
	Initialyzed swapped data for i = 155, j = 316 sucessfully passed !
	Initialyzed swapped data for i = 155, j = 317 sucessfully passed !
	Initialyzed swapped data for i = 155, j = 318 sucessfully passed !
	Initialyzed swapped data for i = 155, j = 319 sucessfully passed !
	Initialyzed swapped data for i = 155, j = 320 sucessfully passed !
	Initialyzed swapped data for i = 155, j = 321 sucessfully passed !
	Initialyzed swapped data for i = 155, j = 322 sucessfully passed !
	Initialyzed swapped data for i = 155, j = 323 sucessfully passed !
	Initialyzed swapped data for i = 155, j = 324 sucessfully passed !
	Initialyzed swapped data for i = 155, j = 325 sucessfully passed !
	Initialyzed swapped data for i = 155, j = 326 sucessfully passed !
	Initialyzed swapped data for i = 155, j = 327 sucessfully passed !
	Initialyzed swapped data for i = 155, j = 328 sucessfully passed !
	Initialyzed swapped data for i = 155, j = 329 sucessfully passed !
	Initialyzed swapped data for i = 155, j = 330 sucessfully passed !
	Initialyzed swapped data for i = 155, j = 331 sucessfully passed !
	Initialyzed swapped data for i = 155, j = 332 sucessfully passed !
	Initialyzed swapped data for i = 155, j = 333 sucessfully passed !
	Initialyzed swapped data for i = 155, j = 334 sucessfully passed !
	Initialyzed swapped data for i = 155, j = 335 sucessfully passed !
	Initialyzed swapped data for i = 155, j = 336 sucessfully passed !
	Initialyzed swapped data for i = 155, j = 337 sucessfully passed !
	Initialyzed swapped data for i = 155, j = 338 sucessfully passed !
	Initialyzed swapped data for i = 155, j = 339 sucessfully passed !
	Initialyzed swapped data for i = 155, j = 340 sucessfully passed !
	Initialyzed swapped data for i = 155, j = 341 sucessfully passed !
	Initialyzed swapped data for i = 155, j = 342 sucessfully passed !
	Initialyzed swapped data for i = 155, j = 343 sucessfully passed !
	Initialyzed swapped data for i = 155, j = 344 sucessfully passed !
	Initialyzed swapped data for i = 155, j = 345 sucessfully passed !
	Initialyzed swapped data for i = 155, j = 346 sucessfully passed !
	Initialyzed swapped data for i = 155, j = 347 sucessfully passed !
	Initialyzed swapped data for i = 155, j = 348 sucessfully passed !
	Initialyzed swapped data for i = 155, j = 349 sucessfully passed !
	Initialyzed swapped data for i = 155, j = 350 sucessfully passed !
	Initialyzed swapped data for i = 155, j = 351 sucessfully passed !
	Initialyzed swapped data for i = 155, j = 352 sucessfully passed !
	Initialyzed swapped data for i = 155, j = 353 sucessfully passed !
	Initialyzed swapped data for i = 155, j = 354 sucessfully passed !
	Initialyzed swapped data for i = 155, j = 355 sucessfully passed !
	Initialyzed swapped data for i = 155, j = 356 sucessfully passed !
	Initialyzed swapped data for i = 155, j = 357 sucessfully passed !
	Initialyzed swapped data for i = 155, j = 358 sucessfully passed !
	Initialyzed swapped data for i = 155, j = 359 sucessfully passed !
	Initialyzed swapped data for i = 155, j = 360 sucessfully passed !
	Initialyzed swapped data for i = 155, j = 361 sucessfully passed !
	Initialyzed swapped data for i = 155, j = 362 sucessfully passed !
	Initialyzed swapped data for i = 155, j = 363 sucessfully passed !
	Initialyzed swapped data for i = 155, j = 364 sucessfully passed !
	Initialyzed swapped data for i = 155, j = 365 sucessfully passed !
	Initialyzed swapped data for i = 155, j = 366 sucessfully passed !
	Initialyzed swapped data for i = 155, j = 367 sucessfully passed !
	Initialyzed swapped data for i = 155, j = 368 sucessfully passed !
	Initialyzed swapped data for i = 155, j = 369 sucessfully passed !
	Initialyzed swapped data for i = 155, j = 370 sucessfully passed !
	Initialyzed swapped data for i = 155, j = 371 sucessfully passed !
	Initialyzed swapped data for i = 155, j = 372 sucessfully passed !
	Initialyzed swapped data for i = 155, j = 373 sucessfully passed !
	Initialyzed swapped data for i = 155, j = 374 sucessfully passed !
	Initialyzed swapped data for i = 155, j = 375 sucessfully passed !
	Initialyzed swapped data for i = 155, j = 376 sucessfully passed !
	Initialyzed swapped data for i = 155, j = 377 sucessfully passed !
	Initialyzed swapped data for i = 155, j = 378 sucessfully passed !
	Initialyzed swapped data for i = 155, j = 379 sucessfully passed !
	Initialyzed swapped data for i = 155, j = 380 sucessfully passed !
	Initialyzed swapped data for i = 155, j = 381 sucessfully passed !
	Initialyzed swapped data for i = 155, j = 382 sucessfully passed !
	Initialyzed swapped data for i = 155, j = 383 sucessfully passed !
	Initialyzed swapped data for i = 155, j = 384 sucessfully passed !
	Initialyzed swapped data for i = 155, j = 385 sucessfully passed !
	Initialyzed swapped data for i = 155, j = 386 sucessfully passed !
	Initialyzed swapped data for i = 155, j = 387 sucessfully passed !
	Initialyzed swapped data for i = 155, j = 388 sucessfully passed !
	Initialyzed swapped data for i = 155, j = 389 sucessfully passed !
	Initialyzed swapped data for i = 155, j = 390 sucessfully passed !
	Initialyzed swapped data for i = 155, j = 391 sucessfully passed !
	Initialyzed swapped data for i = 155, j = 392 sucessfully passed !
	Initialyzed swapped data for i = 155, j = 393 sucessfully passed !
	Initialyzed swapped data for i = 155, j = 394 sucessfully passed !
	Initialyzed swapped data for i = 155, j = 395 sucessfully passed !
	Initialyzed swapped data for i = 155, j = 396 sucessfully passed !
	Initialyzed swapped data for i = 155, j = 397 sucessfully passed !
	Initialyzed swapped data for i = 155, j = 398 sucessfully passed !
	Initialyzed swapped data for i = 155, j = 399 sucessfully passed !
	Initialyzed swapped data for i = 155, j = 400 sucessfully passed !
	Initialyzed swapped data for i = 155, j = 401 sucessfully passed !
	Initialyzed swapped data for i = 155, j = 402 sucessfully passed !
	Initialyzed swapped data for i = 155, j = 403 sucessfully passed !
	Initialyzed swapped data for i = 155, j = 404 sucessfully passed !
	Initialyzed swapped data for i = 155, j = 405 sucessfully passed !
	Initialyzed swapped data for i = 155, j = 406 sucessfully passed !
	Initialyzed swapped data for i = 155, j = 407 sucessfully passed !
	Initialyzed swapped data for i = 155, j = 408 sucessfully passed !
	Initialyzed swapped data for i = 155, j = 409 sucessfully passed !
	Initialyzed swapped data for i = 155, j = 410 sucessfully passed !
	Initialyzed swapped data for i = 155, j = 411 sucessfully passed !
	Initialyzed swapped data for i = 155, j = 412 sucessfully passed !
	Initialyzed swapped data for i = 155, j = 413 sucessfully passed !
	Initialyzed swapped data for i = 155, j = 414 sucessfully passed !
	Initialyzed swapped data for i = 155, j = 415 sucessfully passed !
	Initialyzed swapped data for i = 155, j = 416 sucessfully passed !
	Initialyzed swapped data for i = 155, j = 417 sucessfully passed !
	Initialyzed swapped data for i = 155, j = 418 sucessfully passed !
	Initialyzed swapped data for i = 155, j = 419 sucessfully passed !
	Initialyzed swapped data for i = 155, j = 420 sucessfully passed !
	Initialyzed swapped data for i = 155, j = 421 sucessfully passed !
	Initialyzed swapped data for i = 155, j = 422 sucessfully passed !
	Initialyzed swapped data for i = 155, j = 423 sucessfully passed !
	Initialyzed swapped data for i = 155, j = 424 sucessfully passed !
	Initialyzed swapped data for i = 155, j = 425 sucessfully passed !
	Initialyzed swapped data for i = 155, j = 426 sucessfully passed !
	Initialyzed swapped data for i = 155, j = 427 sucessfully passed !
	Initialyzed swapped data for i = 155, j = 428 sucessfully passed !
	Initialyzed swapped data for i = 155, j = 429 sucessfully passed !
	Initialyzed swapped data for i = 155, j = 430 sucessfully passed !
	Initialyzed swapped data for i = 155, j = 431 sucessfully passed !
	Initialyzed swapped data for i = 155, j = 432 sucessfully passed !
	Initialyzed swapped data for i = 155, j = 433 sucessfully passed !
	Initialyzed swapped data for i = 156, j = 157 sucessfully passed !
	Initialyzed swapped data for i = 156, j = 158 sucessfully passed !
	Initialyzed swapped data for i = 156, j = 159 sucessfully passed !
	Initialyzed swapped data for i = 156, j = 160 sucessfully passed !
	Initialyzed swapped data for i = 156, j = 161 sucessfully passed !
	Initialyzed swapped data for i = 156, j = 162 sucessfully passed !
	Initialyzed swapped data for i = 156, j = 163 sucessfully passed !
	Initialyzed swapped data for i = 156, j = 164 sucessfully passed !
	Initialyzed swapped data for i = 156, j = 165 sucessfully passed !
	Initialyzed swapped data for i = 156, j = 166 sucessfully passed !
	Initialyzed swapped data for i = 156, j = 167 sucessfully passed !
	Initialyzed swapped data for i = 156, j = 168 sucessfully passed !
	Initialyzed swapped data for i = 156, j = 169 sucessfully passed !
	Initialyzed swapped data for i = 156, j = 170 sucessfully passed !
	Initialyzed swapped data for i = 156, j = 171 sucessfully passed !
	Initialyzed swapped data for i = 156, j = 172 sucessfully passed !
	Initialyzed swapped data for i = 156, j = 173 sucessfully passed !
	Initialyzed swapped data for i = 156, j = 174 sucessfully passed !
	Initialyzed swapped data for i = 156, j = 175 sucessfully passed !
	Initialyzed swapped data for i = 156, j = 176 sucessfully passed !
	Initialyzed swapped data for i = 156, j = 177 sucessfully passed !
	Initialyzed swapped data for i = 156, j = 178 sucessfully passed !
	Initialyzed swapped data for i = 156, j = 179 sucessfully passed !
	Initialyzed swapped data for i = 156, j = 180 sucessfully passed !
	Initialyzed swapped data for i = 156, j = 181 sucessfully passed !
	Initialyzed swapped data for i = 156, j = 182 sucessfully passed !
	Initialyzed swapped data for i = 156, j = 183 sucessfully passed !
	Initialyzed swapped data for i = 156, j = 184 sucessfully passed !
	Initialyzed swapped data for i = 156, j = 185 sucessfully passed !
	Initialyzed swapped data for i = 156, j = 186 sucessfully passed !
	Initialyzed swapped data for i = 156, j = 187 sucessfully passed !
	Initialyzed swapped data for i = 156, j = 188 sucessfully passed !
	Initialyzed swapped data for i = 156, j = 189 sucessfully passed !
	Initialyzed swapped data for i = 156, j = 190 sucessfully passed !
	Initialyzed swapped data for i = 156, j = 191 sucessfully passed !
	Initialyzed swapped data for i = 156, j = 192 sucessfully passed !
	Initialyzed swapped data for i = 156, j = 193 sucessfully passed !
	Initialyzed swapped data for i = 156, j = 194 sucessfully passed !
	Initialyzed swapped data for i = 156, j = 195 sucessfully passed !
	Initialyzed swapped data for i = 156, j = 196 sucessfully passed !
	Initialyzed swapped data for i = 156, j = 197 sucessfully passed !
	Initialyzed swapped data for i = 156, j = 198 sucessfully passed !
	Initialyzed swapped data for i = 156, j = 199 sucessfully passed !
	Initialyzed swapped data for i = 156, j = 200 sucessfully passed !
	Initialyzed swapped data for i = 156, j = 201 sucessfully passed !
	Initialyzed swapped data for i = 156, j = 202 sucessfully passed !
	Initialyzed swapped data for i = 156, j = 203 sucessfully passed !
	Initialyzed swapped data for i = 156, j = 204 sucessfully passed !
	Initialyzed swapped data for i = 156, j = 205 sucessfully passed !
	Initialyzed swapped data for i = 156, j = 206 sucessfully passed !
	Initialyzed swapped data for i = 156, j = 207 sucessfully passed !
	Initialyzed swapped data for i = 156, j = 208 sucessfully passed !
	Initialyzed swapped data for i = 156, j = 209 sucessfully passed !
	Initialyzed swapped data for i = 156, j = 210 sucessfully passed !
	Initialyzed swapped data for i = 156, j = 211 sucessfully passed !
	Initialyzed swapped data for i = 156, j = 212 sucessfully passed !
	Initialyzed swapped data for i = 156, j = 213 sucessfully passed !
	Initialyzed swapped data for i = 156, j = 214 sucessfully passed !
	Initialyzed swapped data for i = 156, j = 215 sucessfully passed !
	Initialyzed swapped data for i = 156, j = 216 sucessfully passed !
	Initialyzed swapped data for i = 156, j = 217 sucessfully passed !
	Initialyzed swapped data for i = 156, j = 218 sucessfully passed !
	Initialyzed swapped data for i = 156, j = 219 sucessfully passed !
	Initialyzed swapped data for i = 156, j = 220 sucessfully passed !
	Initialyzed swapped data for i = 156, j = 221 sucessfully passed !
	Initialyzed swapped data for i = 156, j = 222 sucessfully passed !
	Initialyzed swapped data for i = 156, j = 223 sucessfully passed !
	Initialyzed swapped data for i = 156, j = 224 sucessfully passed !
	Initialyzed swapped data for i = 156, j = 225 sucessfully passed !
	Initialyzed swapped data for i = 156, j = 226 sucessfully passed !
	Initialyzed swapped data for i = 156, j = 227 sucessfully passed !
	Initialyzed swapped data for i = 156, j = 228 sucessfully passed !
	Initialyzed swapped data for i = 156, j = 229 sucessfully passed !
	Initialyzed swapped data for i = 156, j = 230 sucessfully passed !
	Initialyzed swapped data for i = 156, j = 231 sucessfully passed !
	Initialyzed swapped data for i = 156, j = 232 sucessfully passed !
	Initialyzed swapped data for i = 156, j = 233 sucessfully passed !
	Initialyzed swapped data for i = 156, j = 234 sucessfully passed !
	Initialyzed swapped data for i = 156, j = 235 sucessfully passed !
	Initialyzed swapped data for i = 156, j = 236 sucessfully passed !
	Initialyzed swapped data for i = 156, j = 237 sucessfully passed !
	Initialyzed swapped data for i = 156, j = 238 sucessfully passed !
	Initialyzed swapped data for i = 156, j = 239 sucessfully passed !
	Initialyzed swapped data for i = 156, j = 240 sucessfully passed !
	Initialyzed swapped data for i = 156, j = 241 sucessfully passed !
	Initialyzed swapped data for i = 156, j = 242 sucessfully passed !
	Initialyzed swapped data for i = 156, j = 243 sucessfully passed !
	Initialyzed swapped data for i = 156, j = 244 sucessfully passed !
	Initialyzed swapped data for i = 156, j = 245 sucessfully passed !
	Initialyzed swapped data for i = 156, j = 246 sucessfully passed !
	Initialyzed swapped data for i = 156, j = 247 sucessfully passed !
	Initialyzed swapped data for i = 156, j = 248 sucessfully passed !
	Initialyzed swapped data for i = 156, j = 249 sucessfully passed !
	Initialyzed swapped data for i = 156, j = 250 sucessfully passed !
	Initialyzed swapped data for i = 156, j = 251 sucessfully passed !
	Initialyzed swapped data for i = 156, j = 252 sucessfully passed !
	Initialyzed swapped data for i = 156, j = 253 sucessfully passed !
	Initialyzed swapped data for i = 156, j = 254 sucessfully passed !
	Initialyzed swapped data for i = 156, j = 255 sucessfully passed !
	Initialyzed swapped data for i = 156, j = 256 sucessfully passed !
	Initialyzed swapped data for i = 156, j = 257 sucessfully passed !
	Initialyzed swapped data for i = 156, j = 258 sucessfully passed !
	Initialyzed swapped data for i = 156, j = 259 sucessfully passed !
	Initialyzed swapped data for i = 156, j = 260 sucessfully passed !
	Initialyzed swapped data for i = 156, j = 261 sucessfully passed !
	Initialyzed swapped data for i = 156, j = 262 sucessfully passed !
	Initialyzed swapped data for i = 156, j = 263 sucessfully passed !
	Initialyzed swapped data for i = 156, j = 264 sucessfully passed !
	Initialyzed swapped data for i = 156, j = 265 sucessfully passed !
	Initialyzed swapped data for i = 156, j = 266 sucessfully passed !
	Initialyzed swapped data for i = 156, j = 267 sucessfully passed !
	Initialyzed swapped data for i = 156, j = 268 sucessfully passed !
	Initialyzed swapped data for i = 156, j = 269 sucessfully passed !
	Initialyzed swapped data for i = 156, j = 270 sucessfully passed !
	Initialyzed swapped data for i = 156, j = 271 sucessfully passed !
	Initialyzed swapped data for i = 156, j = 272 sucessfully passed !
	Initialyzed swapped data for i = 156, j = 273 sucessfully passed !
	Initialyzed swapped data for i = 156, j = 274 sucessfully passed !
	Initialyzed swapped data for i = 156, j = 275 sucessfully passed !
	Initialyzed swapped data for i = 156, j = 276 sucessfully passed !
	Initialyzed swapped data for i = 156, j = 277 sucessfully passed !
	Initialyzed swapped data for i = 156, j = 278 sucessfully passed !
	Initialyzed swapped data for i = 156, j = 279 sucessfully passed !
	Initialyzed swapped data for i = 156, j = 280 sucessfully passed !
	Initialyzed swapped data for i = 156, j = 281 sucessfully passed !
	Initialyzed swapped data for i = 156, j = 282 sucessfully passed !
	Initialyzed swapped data for i = 156, j = 283 sucessfully passed !
	Initialyzed swapped data for i = 156, j = 284 sucessfully passed !
	Initialyzed swapped data for i = 156, j = 285 sucessfully passed !
	Initialyzed swapped data for i = 156, j = 286 sucessfully passed !
	Initialyzed swapped data for i = 156, j = 287 sucessfully passed !
	Initialyzed swapped data for i = 156, j = 288 sucessfully passed !
	Initialyzed swapped data for i = 156, j = 289 sucessfully passed !
	Initialyzed swapped data for i = 156, j = 290 sucessfully passed !
	Initialyzed swapped data for i = 156, j = 291 sucessfully passed !
	Initialyzed swapped data for i = 156, j = 292 sucessfully passed !
	Initialyzed swapped data for i = 156, j = 293 sucessfully passed !
	Initialyzed swapped data for i = 156, j = 294 sucessfully passed !
	Initialyzed swapped data for i = 156, j = 295 sucessfully passed !
	Initialyzed swapped data for i = 156, j = 296 sucessfully passed !
	Initialyzed swapped data for i = 156, j = 297 sucessfully passed !
	Initialyzed swapped data for i = 156, j = 298 sucessfully passed !
	Initialyzed swapped data for i = 156, j = 299 sucessfully passed !
	Initialyzed swapped data for i = 156, j = 300 sucessfully passed !
	Initialyzed swapped data for i = 156, j = 301 sucessfully passed !
	Initialyzed swapped data for i = 156, j = 302 sucessfully passed !
	Initialyzed swapped data for i = 156, j = 303 sucessfully passed !
	Initialyzed swapped data for i = 156, j = 304 sucessfully passed !
	Initialyzed swapped data for i = 156, j = 305 sucessfully passed !
	Initialyzed swapped data for i = 156, j = 306 sucessfully passed !
	Initialyzed swapped data for i = 156, j = 307 sucessfully passed !
	Initialyzed swapped data for i = 156, j = 308 sucessfully passed !
	Initialyzed swapped data for i = 156, j = 309 sucessfully passed !
	Initialyzed swapped data for i = 156, j = 310 sucessfully passed !
	Initialyzed swapped data for i = 156, j = 311 sucessfully passed !
	Initialyzed swapped data for i = 156, j = 312 sucessfully passed !
	Initialyzed swapped data for i = 156, j = 313 sucessfully passed !
	Initialyzed swapped data for i = 156, j = 314 sucessfully passed !
	Initialyzed swapped data for i = 156, j = 315 sucessfully passed !
	Initialyzed swapped data for i = 156, j = 316 sucessfully passed !
	Initialyzed swapped data for i = 156, j = 317 sucessfully passed !
	Initialyzed swapped data for i = 156, j = 318 sucessfully passed !
	Initialyzed swapped data for i = 156, j = 319 sucessfully passed !
	Initialyzed swapped data for i = 156, j = 320 sucessfully passed !
	Initialyzed swapped data for i = 156, j = 321 sucessfully passed !
	Initialyzed swapped data for i = 156, j = 322 sucessfully passed !
	Initialyzed swapped data for i = 156, j = 323 sucessfully passed !
	Initialyzed swapped data for i = 156, j = 324 sucessfully passed !
	Initialyzed swapped data for i = 156, j = 325 sucessfully passed !
	Initialyzed swapped data for i = 156, j = 326 sucessfully passed !
	Initialyzed swapped data for i = 156, j = 327 sucessfully passed !
	Initialyzed swapped data for i = 156, j = 328 sucessfully passed !
	Initialyzed swapped data for i = 156, j = 329 sucessfully passed !
	Initialyzed swapped data for i = 156, j = 330 sucessfully passed !
	Initialyzed swapped data for i = 156, j = 331 sucessfully passed !
	Initialyzed swapped data for i = 156, j = 332 sucessfully passed !
	Initialyzed swapped data for i = 156, j = 333 sucessfully passed !
	Initialyzed swapped data for i = 156, j = 334 sucessfully passed !
	Initialyzed swapped data for i = 156, j = 335 sucessfully passed !
	Initialyzed swapped data for i = 156, j = 336 sucessfully passed !
	Initialyzed swapped data for i = 156, j = 337 sucessfully passed !
	Initialyzed swapped data for i = 156, j = 338 sucessfully passed !
	Initialyzed swapped data for i = 156, j = 339 sucessfully passed !
	Initialyzed swapped data for i = 156, j = 340 sucessfully passed !
	Initialyzed swapped data for i = 156, j = 341 sucessfully passed !
	Initialyzed swapped data for i = 156, j = 342 sucessfully passed !
	Initialyzed swapped data for i = 156, j = 343 sucessfully passed !
	Initialyzed swapped data for i = 156, j = 344 sucessfully passed !
	Initialyzed swapped data for i = 156, j = 345 sucessfully passed !
	Initialyzed swapped data for i = 156, j = 346 sucessfully passed !
	Initialyzed swapped data for i = 156, j = 347 sucessfully passed !
	Initialyzed swapped data for i = 156, j = 348 sucessfully passed !
	Initialyzed swapped data for i = 156, j = 349 sucessfully passed !
	Initialyzed swapped data for i = 156, j = 350 sucessfully passed !
	Initialyzed swapped data for i = 156, j = 351 sucessfully passed !
	Initialyzed swapped data for i = 156, j = 352 sucessfully passed !
	Initialyzed swapped data for i = 156, j = 353 sucessfully passed !
	Initialyzed swapped data for i = 156, j = 354 sucessfully passed !
	Initialyzed swapped data for i = 156, j = 355 sucessfully passed !
	Initialyzed swapped data for i = 156, j = 356 sucessfully passed !
	Initialyzed swapped data for i = 156, j = 357 sucessfully passed !
	Initialyzed swapped data for i = 156, j = 358 sucessfully passed !
	Initialyzed swapped data for i = 156, j = 359 sucessfully passed !
	Initialyzed swapped data for i = 156, j = 360 sucessfully passed !
	Initialyzed swapped data for i = 156, j = 361 sucessfully passed !
	Initialyzed swapped data for i = 156, j = 362 sucessfully passed !
	Initialyzed swapped data for i = 156, j = 363 sucessfully passed !
	Initialyzed swapped data for i = 156, j = 364 sucessfully passed !
	Initialyzed swapped data for i = 156, j = 365 sucessfully passed !
	Initialyzed swapped data for i = 156, j = 366 sucessfully passed !
	Initialyzed swapped data for i = 156, j = 367 sucessfully passed !
	Initialyzed swapped data for i = 156, j = 368 sucessfully passed !
	Initialyzed swapped data for i = 156, j = 369 sucessfully passed !
	Initialyzed swapped data for i = 156, j = 370 sucessfully passed !
	Initialyzed swapped data for i = 156, j = 371 sucessfully passed !
	Initialyzed swapped data for i = 156, j = 372 sucessfully passed !
	Initialyzed swapped data for i = 156, j = 373 sucessfully passed !
	Initialyzed swapped data for i = 156, j = 374 sucessfully passed !
	Initialyzed swapped data for i = 156, j = 375 sucessfully passed !
	Initialyzed swapped data for i = 156, j = 376 sucessfully passed !
	Initialyzed swapped data for i = 156, j = 377 sucessfully passed !
	Initialyzed swapped data for i = 156, j = 378 sucessfully passed !
	Initialyzed swapped data for i = 156, j = 379 sucessfully passed !
	Initialyzed swapped data for i = 156, j = 380 sucessfully passed !
	Initialyzed swapped data for i = 156, j = 381 sucessfully passed !
	Initialyzed swapped data for i = 156, j = 382 sucessfully passed !
	Initialyzed swapped data for i = 156, j = 383 sucessfully passed !
	Initialyzed swapped data for i = 156, j = 384 sucessfully passed !
	Initialyzed swapped data for i = 156, j = 385 sucessfully passed !
	Initialyzed swapped data for i = 156, j = 386 sucessfully passed !
	Initialyzed swapped data for i = 156, j = 387 sucessfully passed !
	Initialyzed swapped data for i = 156, j = 388 sucessfully passed !
	Initialyzed swapped data for i = 156, j = 389 sucessfully passed !
	Initialyzed swapped data for i = 156, j = 390 sucessfully passed !
	Initialyzed swapped data for i = 156, j = 391 sucessfully passed !
	Initialyzed swapped data for i = 156, j = 392 sucessfully passed !
	Initialyzed swapped data for i = 156, j = 393 sucessfully passed !
	Initialyzed swapped data for i = 156, j = 394 sucessfully passed !
	Initialyzed swapped data for i = 156, j = 395 sucessfully passed !
	Initialyzed swapped data for i = 156, j = 396 sucessfully passed !
	Initialyzed swapped data for i = 156, j = 397 sucessfully passed !
	Initialyzed swapped data for i = 156, j = 398 sucessfully passed !
	Initialyzed swapped data for i = 156, j = 399 sucessfully passed !
	Initialyzed swapped data for i = 156, j = 400 sucessfully passed !
	Initialyzed swapped data for i = 156, j = 401 sucessfully passed !
	Initialyzed swapped data for i = 156, j = 402 sucessfully passed !
	Initialyzed swapped data for i = 156, j = 403 sucessfully passed !
	Initialyzed swapped data for i = 156, j = 404 sucessfully passed !
	Initialyzed swapped data for i = 156, j = 405 sucessfully passed !
	Initialyzed swapped data for i = 156, j = 406 sucessfully passed !
	Initialyzed swapped data for i = 156, j = 407 sucessfully passed !
	Initialyzed swapped data for i = 156, j = 408 sucessfully passed !
	Initialyzed swapped data for i = 156, j = 409 sucessfully passed !
	Initialyzed swapped data for i = 156, j = 410 sucessfully passed !
	Initialyzed swapped data for i = 156, j = 411 sucessfully passed !
	Initialyzed swapped data for i = 156, j = 412 sucessfully passed !
	Initialyzed swapped data for i = 156, j = 413 sucessfully passed !
	Initialyzed swapped data for i = 156, j = 414 sucessfully passed !
	Initialyzed swapped data for i = 156, j = 415 sucessfully passed !
	Initialyzed swapped data for i = 156, j = 416 sucessfully passed !
	Initialyzed swapped data for i = 156, j = 417 sucessfully passed !
	Initialyzed swapped data for i = 156, j = 418 sucessfully passed !
	Initialyzed swapped data for i = 156, j = 419 sucessfully passed !
	Initialyzed swapped data for i = 156, j = 420 sucessfully passed !
	Initialyzed swapped data for i = 156, j = 421 sucessfully passed !
	Initialyzed swapped data for i = 156, j = 422 sucessfully passed !
	Initialyzed swapped data for i = 156, j = 423 sucessfully passed !
	Initialyzed swapped data for i = 156, j = 424 sucessfully passed !
	Initialyzed swapped data for i = 156, j = 425 sucessfully passed !
	Initialyzed swapped data for i = 156, j = 426 sucessfully passed !
	Initialyzed swapped data for i = 156, j = 427 sucessfully passed !
	Initialyzed swapped data for i = 156, j = 428 sucessfully passed !
	Initialyzed swapped data for i = 156, j = 429 sucessfully passed !
	Initialyzed swapped data for i = 156, j = 430 sucessfully passed !
	Initialyzed swapped data for i = 156, j = 431 sucessfully passed !
	Initialyzed swapped data for i = 156, j = 432 sucessfully passed !
	Initialyzed swapped data for i = 156, j = 433 sucessfully passed !
	Initialyzed swapped data for i = 157, j = 158 sucessfully passed !
	Initialyzed swapped data for i = 157, j = 159 sucessfully passed !
	Initialyzed swapped data for i = 157, j = 160 sucessfully passed !
	Initialyzed swapped data for i = 157, j = 161 sucessfully passed !
	Initialyzed swapped data for i = 157, j = 162 sucessfully passed !
	Initialyzed swapped data for i = 157, j = 163 sucessfully passed !
	Initialyzed swapped data for i = 157, j = 164 sucessfully passed !
	Initialyzed swapped data for i = 157, j = 165 sucessfully passed !
	Initialyzed swapped data for i = 157, j = 166 sucessfully passed !
	Initialyzed swapped data for i = 157, j = 167 sucessfully passed !
	Initialyzed swapped data for i = 157, j = 168 sucessfully passed !
	Initialyzed swapped data for i = 157, j = 169 sucessfully passed !
	Initialyzed swapped data for i = 157, j = 170 sucessfully passed !
	Initialyzed swapped data for i = 157, j = 171 sucessfully passed !
	Initialyzed swapped data for i = 157, j = 172 sucessfully passed !
	Initialyzed swapped data for i = 157, j = 173 sucessfully passed !
	Initialyzed swapped data for i = 157, j = 174 sucessfully passed !
	Initialyzed swapped data for i = 157, j = 175 sucessfully passed !
	Initialyzed swapped data for i = 157, j = 176 sucessfully passed !
	Initialyzed swapped data for i = 157, j = 177 sucessfully passed !
	Initialyzed swapped data for i = 157, j = 178 sucessfully passed !
	Initialyzed swapped data for i = 157, j = 179 sucessfully passed !
	Initialyzed swapped data for i = 157, j = 180 sucessfully passed !
	Initialyzed swapped data for i = 157, j = 181 sucessfully passed !
	Initialyzed swapped data for i = 157, j = 182 sucessfully passed !
	Initialyzed swapped data for i = 157, j = 183 sucessfully passed !
	Initialyzed swapped data for i = 157, j = 184 sucessfully passed !
	Initialyzed swapped data for i = 157, j = 185 sucessfully passed !
	Initialyzed swapped data for i = 157, j = 186 sucessfully passed !
	Initialyzed swapped data for i = 157, j = 187 sucessfully passed !
	Initialyzed swapped data for i = 157, j = 188 sucessfully passed !
	Initialyzed swapped data for i = 157, j = 189 sucessfully passed !
	Initialyzed swapped data for i = 157, j = 190 sucessfully passed !
	Initialyzed swapped data for i = 157, j = 191 sucessfully passed !
	Initialyzed swapped data for i = 157, j = 192 sucessfully passed !
	Initialyzed swapped data for i = 157, j = 193 sucessfully passed !
	Initialyzed swapped data for i = 157, j = 194 sucessfully passed !
	Initialyzed swapped data for i = 157, j = 195 sucessfully passed !
	Initialyzed swapped data for i = 157, j = 196 sucessfully passed !
	Initialyzed swapped data for i = 157, j = 197 sucessfully passed !
	Initialyzed swapped data for i = 157, j = 198 sucessfully passed !
	Initialyzed swapped data for i = 157, j = 199 sucessfully passed !
	Initialyzed swapped data for i = 157, j = 200 sucessfully passed !
	Initialyzed swapped data for i = 157, j = 201 sucessfully passed !
	Initialyzed swapped data for i = 157, j = 202 sucessfully passed !
	Initialyzed swapped data for i = 157, j = 203 sucessfully passed !
	Initialyzed swapped data for i = 157, j = 204 sucessfully passed !
	Initialyzed swapped data for i = 157, j = 205 sucessfully passed !
	Initialyzed swapped data for i = 157, j = 206 sucessfully passed !
	Initialyzed swapped data for i = 157, j = 207 sucessfully passed !
	Initialyzed swapped data for i = 157, j = 208 sucessfully passed !
	Initialyzed swapped data for i = 157, j = 209 sucessfully passed !
	Initialyzed swapped data for i = 157, j = 210 sucessfully passed !
	Initialyzed swapped data for i = 157, j = 211 sucessfully passed !
	Initialyzed swapped data for i = 157, j = 212 sucessfully passed !
	Initialyzed swapped data for i = 157, j = 213 sucessfully passed !
	Initialyzed swapped data for i = 157, j = 214 sucessfully passed !
	Initialyzed swapped data for i = 157, j = 215 sucessfully passed !
	Initialyzed swapped data for i = 157, j = 216 sucessfully passed !
	Initialyzed swapped data for i = 157, j = 217 sucessfully passed !
	Initialyzed swapped data for i = 157, j = 218 sucessfully passed !
	Initialyzed swapped data for i = 157, j = 219 sucessfully passed !
	Initialyzed swapped data for i = 157, j = 220 sucessfully passed !
	Initialyzed swapped data for i = 157, j = 221 sucessfully passed !
	Initialyzed swapped data for i = 157, j = 222 sucessfully passed !
	Initialyzed swapped data for i = 157, j = 223 sucessfully passed !
	Initialyzed swapped data for i = 157, j = 224 sucessfully passed !
	Initialyzed swapped data for i = 157, j = 225 sucessfully passed !
	Initialyzed swapped data for i = 157, j = 226 sucessfully passed !
	Initialyzed swapped data for i = 157, j = 227 sucessfully passed !
	Initialyzed swapped data for i = 157, j = 228 sucessfully passed !
	Initialyzed swapped data for i = 157, j = 229 sucessfully passed !
	Initialyzed swapped data for i = 157, j = 230 sucessfully passed !
	Initialyzed swapped data for i = 157, j = 231 sucessfully passed !
	Initialyzed swapped data for i = 157, j = 232 sucessfully passed !
	Initialyzed swapped data for i = 157, j = 233 sucessfully passed !
	Initialyzed swapped data for i = 157, j = 234 sucessfully passed !
	Initialyzed swapped data for i = 157, j = 235 sucessfully passed !
	Initialyzed swapped data for i = 157, j = 236 sucessfully passed !
	Initialyzed swapped data for i = 157, j = 237 sucessfully passed !
	Initialyzed swapped data for i = 157, j = 238 sucessfully passed !
	Initialyzed swapped data for i = 157, j = 239 sucessfully passed !
	Initialyzed swapped data for i = 157, j = 240 sucessfully passed !
	Initialyzed swapped data for i = 157, j = 241 sucessfully passed !
	Initialyzed swapped data for i = 157, j = 242 sucessfully passed !
	Initialyzed swapped data for i = 157, j = 243 sucessfully passed !
	Initialyzed swapped data for i = 157, j = 244 sucessfully passed !
	Initialyzed swapped data for i = 157, j = 245 sucessfully passed !
	Initialyzed swapped data for i = 157, j = 246 sucessfully passed !
	Initialyzed swapped data for i = 157, j = 247 sucessfully passed !
	Initialyzed swapped data for i = 157, j = 248 sucessfully passed !
	Initialyzed swapped data for i = 157, j = 249 sucessfully passed !
	Initialyzed swapped data for i = 157, j = 250 sucessfully passed !
	Initialyzed swapped data for i = 157, j = 251 sucessfully passed !
	Initialyzed swapped data for i = 157, j = 252 sucessfully passed !
	Initialyzed swapped data for i = 157, j = 253 sucessfully passed !
	Initialyzed swapped data for i = 157, j = 254 sucessfully passed !
	Initialyzed swapped data for i = 157, j = 255 sucessfully passed !
	Initialyzed swapped data for i = 157, j = 256 sucessfully passed !
	Initialyzed swapped data for i = 157, j = 257 sucessfully passed !
	Initialyzed swapped data for i = 157, j = 258 sucessfully passed !
	Initialyzed swapped data for i = 157, j = 259 sucessfully passed !
	Initialyzed swapped data for i = 157, j = 260 sucessfully passed !
	Initialyzed swapped data for i = 157, j = 261 sucessfully passed !
	Initialyzed swapped data for i = 157, j = 262 sucessfully passed !
	Initialyzed swapped data for i = 157, j = 263 sucessfully passed !
	Initialyzed swapped data for i = 157, j = 264 sucessfully passed !
	Initialyzed swapped data for i = 157, j = 265 sucessfully passed !
	Initialyzed swapped data for i = 157, j = 266 sucessfully passed !
	Initialyzed swapped data for i = 157, j = 267 sucessfully passed !
	Initialyzed swapped data for i = 157, j = 268 sucessfully passed !
	Initialyzed swapped data for i = 157, j = 269 sucessfully passed !
	Initialyzed swapped data for i = 157, j = 270 sucessfully passed !
	Initialyzed swapped data for i = 157, j = 271 sucessfully passed !
	Initialyzed swapped data for i = 157, j = 272 sucessfully passed !
	Initialyzed swapped data for i = 157, j = 273 sucessfully passed !
	Initialyzed swapped data for i = 157, j = 274 sucessfully passed !
	Initialyzed swapped data for i = 157, j = 275 sucessfully passed !
	Initialyzed swapped data for i = 157, j = 276 sucessfully passed !
	Initialyzed swapped data for i = 157, j = 277 sucessfully passed !
	Initialyzed swapped data for i = 157, j = 278 sucessfully passed !
	Initialyzed swapped data for i = 157, j = 279 sucessfully passed !
	Initialyzed swapped data for i = 157, j = 280 sucessfully passed !
	Initialyzed swapped data for i = 157, j = 281 sucessfully passed !
	Initialyzed swapped data for i = 157, j = 282 sucessfully passed !
	Initialyzed swapped data for i = 157, j = 283 sucessfully passed !
	Initialyzed swapped data for i = 157, j = 284 sucessfully passed !
	Initialyzed swapped data for i = 157, j = 285 sucessfully passed !
	Initialyzed swapped data for i = 157, j = 286 sucessfully passed !
	Initialyzed swapped data for i = 157, j = 287 sucessfully passed !
	Initialyzed swapped data for i = 157, j = 288 sucessfully passed !
	Initialyzed swapped data for i = 157, j = 289 sucessfully passed !
	Initialyzed swapped data for i = 157, j = 290 sucessfully passed !
	Initialyzed swapped data for i = 157, j = 291 sucessfully passed !
	Initialyzed swapped data for i = 157, j = 292 sucessfully passed !
	Initialyzed swapped data for i = 157, j = 293 sucessfully passed !
	Initialyzed swapped data for i = 157, j = 294 sucessfully passed !
	Initialyzed swapped data for i = 157, j = 295 sucessfully passed !
	Initialyzed swapped data for i = 157, j = 296 sucessfully passed !
	Initialyzed swapped data for i = 157, j = 297 sucessfully passed !
	Initialyzed swapped data for i = 157, j = 298 sucessfully passed !
	Initialyzed swapped data for i = 157, j = 299 sucessfully passed !
	Initialyzed swapped data for i = 157, j = 300 sucessfully passed !
	Initialyzed swapped data for i = 157, j = 301 sucessfully passed !
	Initialyzed swapped data for i = 157, j = 302 sucessfully passed !
	Initialyzed swapped data for i = 157, j = 303 sucessfully passed !
	Initialyzed swapped data for i = 157, j = 304 sucessfully passed !
	Initialyzed swapped data for i = 157, j = 305 sucessfully passed !
	Initialyzed swapped data for i = 157, j = 306 sucessfully passed !
	Initialyzed swapped data for i = 157, j = 307 sucessfully passed !
	Initialyzed swapped data for i = 157, j = 308 sucessfully passed !
	Initialyzed swapped data for i = 157, j = 309 sucessfully passed !
	Initialyzed swapped data for i = 157, j = 310 sucessfully passed !
	Initialyzed swapped data for i = 157, j = 311 sucessfully passed !
	Initialyzed swapped data for i = 157, j = 312 sucessfully passed !
	Initialyzed swapped data for i = 157, j = 313 sucessfully passed !
	Initialyzed swapped data for i = 157, j = 314 sucessfully passed !
	Initialyzed swapped data for i = 157, j = 315 sucessfully passed !
	Initialyzed swapped data for i = 157, j = 316 sucessfully passed !
	Initialyzed swapped data for i = 157, j = 317 sucessfully passed !
	Initialyzed swapped data for i = 157, j = 318 sucessfully passed !
	Initialyzed swapped data for i = 157, j = 319 sucessfully passed !
	Initialyzed swapped data for i = 157, j = 320 sucessfully passed !
	Initialyzed swapped data for i = 157, j = 321 sucessfully passed !
	Initialyzed swapped data for i = 157, j = 322 sucessfully passed !
	Initialyzed swapped data for i = 157, j = 323 sucessfully passed !
	Initialyzed swapped data for i = 157, j = 324 sucessfully passed !
	Initialyzed swapped data for i = 157, j = 325 sucessfully passed !
	Initialyzed swapped data for i = 157, j = 326 sucessfully passed !
	Initialyzed swapped data for i = 157, j = 327 sucessfully passed !
	Initialyzed swapped data for i = 157, j = 328 sucessfully passed !
	Initialyzed swapped data for i = 157, j = 329 sucessfully passed !
	Initialyzed swapped data for i = 157, j = 330 sucessfully passed !
	Initialyzed swapped data for i = 157, j = 331 sucessfully passed !
	Initialyzed swapped data for i = 157, j = 332 sucessfully passed !
	Initialyzed swapped data for i = 157, j = 333 sucessfully passed !
	Initialyzed swapped data for i = 157, j = 334 sucessfully passed !
	Initialyzed swapped data for i = 157, j = 335 sucessfully passed !
	Initialyzed swapped data for i = 157, j = 336 sucessfully passed !
	Initialyzed swapped data for i = 157, j = 337 sucessfully passed !
	Initialyzed swapped data for i = 157, j = 338 sucessfully passed !
	Initialyzed swapped data for i = 157, j = 339 sucessfully passed !
	Initialyzed swapped data for i = 157, j = 340 sucessfully passed !
	Initialyzed swapped data for i = 157, j = 341 sucessfully passed !
	Initialyzed swapped data for i = 157, j = 342 sucessfully passed !
	Initialyzed swapped data for i = 157, j = 343 sucessfully passed !
	Initialyzed swapped data for i = 157, j = 344 sucessfully passed !
	Initialyzed swapped data for i = 157, j = 345 sucessfully passed !
	Initialyzed swapped data for i = 157, j = 346 sucessfully passed !
	Initialyzed swapped data for i = 157, j = 347 sucessfully passed !
	Initialyzed swapped data for i = 157, j = 348 sucessfully passed !
	Initialyzed swapped data for i = 157, j = 349 sucessfully passed !
	Initialyzed swapped data for i = 157, j = 350 sucessfully passed !
	Initialyzed swapped data for i = 157, j = 351 sucessfully passed !
	Initialyzed swapped data for i = 157, j = 352 sucessfully passed !
	Initialyzed swapped data for i = 157, j = 353 sucessfully passed !
	Initialyzed swapped data for i = 157, j = 354 sucessfully passed !
	Initialyzed swapped data for i = 157, j = 355 sucessfully passed !
	Initialyzed swapped data for i = 157, j = 356 sucessfully passed !
	Initialyzed swapped data for i = 157, j = 357 sucessfully passed !
	Initialyzed swapped data for i = 157, j = 358 sucessfully passed !
	Initialyzed swapped data for i = 157, j = 359 sucessfully passed !
	Initialyzed swapped data for i = 157, j = 360 sucessfully passed !
	Initialyzed swapped data for i = 157, j = 361 sucessfully passed !
	Initialyzed swapped data for i = 157, j = 362 sucessfully passed !
	Initialyzed swapped data for i = 157, j = 363 sucessfully passed !
	Initialyzed swapped data for i = 157, j = 364 sucessfully passed !
	Initialyzed swapped data for i = 157, j = 365 sucessfully passed !
	Initialyzed swapped data for i = 157, j = 366 sucessfully passed !
	Initialyzed swapped data for i = 157, j = 367 sucessfully passed !
	Initialyzed swapped data for i = 157, j = 368 sucessfully passed !
	Initialyzed swapped data for i = 157, j = 369 sucessfully passed !
	Initialyzed swapped data for i = 157, j = 370 sucessfully passed !
	Initialyzed swapped data for i = 157, j = 371 sucessfully passed !
	Initialyzed swapped data for i = 157, j = 372 sucessfully passed !
	Initialyzed swapped data for i = 157, j = 373 sucessfully passed !
	Initialyzed swapped data for i = 157, j = 374 sucessfully passed !
	Initialyzed swapped data for i = 157, j = 375 sucessfully passed !
	Initialyzed swapped data for i = 157, j = 376 sucessfully passed !
	Initialyzed swapped data for i = 157, j = 377 sucessfully passed !
	Initialyzed swapped data for i = 157, j = 378 sucessfully passed !
	Initialyzed swapped data for i = 157, j = 379 sucessfully passed !
	Initialyzed swapped data for i = 157, j = 380 sucessfully passed !
	Initialyzed swapped data for i = 157, j = 381 sucessfully passed !
	Initialyzed swapped data for i = 157, j = 382 sucessfully passed !
	Initialyzed swapped data for i = 157, j = 383 sucessfully passed !
	Initialyzed swapped data for i = 157, j = 384 sucessfully passed !
	Initialyzed swapped data for i = 157, j = 385 sucessfully passed !
	Initialyzed swapped data for i = 157, j = 386 sucessfully passed !
	Initialyzed swapped data for i = 157, j = 387 sucessfully passed !
	Initialyzed swapped data for i = 157, j = 388 sucessfully passed !
	Initialyzed swapped data for i = 157, j = 389 sucessfully passed !
	Initialyzed swapped data for i = 157, j = 390 sucessfully passed !
	Initialyzed swapped data for i = 157, j = 391 sucessfully passed !
	Initialyzed swapped data for i = 157, j = 392 sucessfully passed !
	Initialyzed swapped data for i = 157, j = 393 sucessfully passed !
	Initialyzed swapped data for i = 157, j = 394 sucessfully passed !
	Initialyzed swapped data for i = 157, j = 395 sucessfully passed !
	Initialyzed swapped data for i = 157, j = 396 sucessfully passed !
	Initialyzed swapped data for i = 157, j = 397 sucessfully passed !
	Initialyzed swapped data for i = 157, j = 398 sucessfully passed !
	Initialyzed swapped data for i = 157, j = 399 sucessfully passed !
	Initialyzed swapped data for i = 157, j = 400 sucessfully passed !
	Initialyzed swapped data for i = 157, j = 401 sucessfully passed !
	Initialyzed swapped data for i = 157, j = 402 sucessfully passed !
	Initialyzed swapped data for i = 157, j = 403 sucessfully passed !
	Initialyzed swapped data for i = 157, j = 404 sucessfully passed !
	Initialyzed swapped data for i = 157, j = 405 sucessfully passed !
	Initialyzed swapped data for i = 157, j = 406 sucessfully passed !
	Initialyzed swapped data for i = 157, j = 407 sucessfully passed !
	Initialyzed swapped data for i = 157, j = 408 sucessfully passed !
	Initialyzed swapped data for i = 157, j = 409 sucessfully passed !
	Initialyzed swapped data for i = 157, j = 410 sucessfully passed !
	Initialyzed swapped data for i = 157, j = 411 sucessfully passed !
	Initialyzed swapped data for i = 157, j = 412 sucessfully passed !
	Initialyzed swapped data for i = 157, j = 413 sucessfully passed !
	Initialyzed swapped data for i = 157, j = 414 sucessfully passed !
	Initialyzed swapped data for i = 157, j = 415 sucessfully passed !
	Initialyzed swapped data for i = 157, j = 416 sucessfully passed !
	Initialyzed swapped data for i = 157, j = 417 sucessfully passed !
	Initialyzed swapped data for i = 157, j = 418 sucessfully passed !
	Initialyzed swapped data for i = 157, j = 419 sucessfully passed !
	Initialyzed swapped data for i = 157, j = 420 sucessfully passed !
	Initialyzed swapped data for i = 157, j = 421 sucessfully passed !
	Initialyzed swapped data for i = 157, j = 422 sucessfully passed !
	Initialyzed swapped data for i = 157, j = 423 sucessfully passed !
	Initialyzed swapped data for i = 157, j = 424 sucessfully passed !
	Initialyzed swapped data for i = 157, j = 425 sucessfully passed !
	Initialyzed swapped data for i = 157, j = 426 sucessfully passed !
	Initialyzed swapped data for i = 157, j = 427 sucessfully passed !
	Initialyzed swapped data for i = 157, j = 428 sucessfully passed !
	Initialyzed swapped data for i = 157, j = 429 sucessfully passed !
	Initialyzed swapped data for i = 157, j = 430 sucessfully passed !
	Initialyzed swapped data for i = 157, j = 431 sucessfully passed !
	Initialyzed swapped data for i = 157, j = 432 sucessfully passed !
	Initialyzed swapped data for i = 157, j = 433 sucessfully passed !
	Initialyzed swapped data for i = 158, j = 159 sucessfully passed !
	Initialyzed swapped data for i = 158, j = 160 sucessfully passed !
	Initialyzed swapped data for i = 158, j = 161 sucessfully passed !
	Initialyzed swapped data for i = 158, j = 162 sucessfully passed !
	Initialyzed swapped data for i = 158, j = 163 sucessfully passed !
	Initialyzed swapped data for i = 158, j = 164 sucessfully passed !
	Initialyzed swapped data for i = 158, j = 165 sucessfully passed !
	Initialyzed swapped data for i = 158, j = 166 sucessfully passed !
	Initialyzed swapped data for i = 158, j = 167 sucessfully passed !
	Initialyzed swapped data for i = 158, j = 168 sucessfully passed !
	Initialyzed swapped data for i = 158, j = 169 sucessfully passed !
	Initialyzed swapped data for i = 158, j = 170 sucessfully passed !
	Initialyzed swapped data for i = 158, j = 171 sucessfully passed !
	Initialyzed swapped data for i = 158, j = 172 sucessfully passed !
	Initialyzed swapped data for i = 158, j = 173 sucessfully passed !
	Initialyzed swapped data for i = 158, j = 174 sucessfully passed !
	Initialyzed swapped data for i = 158, j = 175 sucessfully passed !
	Initialyzed swapped data for i = 158, j = 176 sucessfully passed !
	Initialyzed swapped data for i = 158, j = 177 sucessfully passed !
	Initialyzed swapped data for i = 158, j = 178 sucessfully passed !
	Initialyzed swapped data for i = 158, j = 179 sucessfully passed !
	Initialyzed swapped data for i = 158, j = 180 sucessfully passed !
	Initialyzed swapped data for i = 158, j = 181 sucessfully passed !
	Initialyzed swapped data for i = 158, j = 182 sucessfully passed !
	Initialyzed swapped data for i = 158, j = 183 sucessfully passed !
	Initialyzed swapped data for i = 158, j = 184 sucessfully passed !
	Initialyzed swapped data for i = 158, j = 185 sucessfully passed !
	Initialyzed swapped data for i = 158, j = 186 sucessfully passed !
	Initialyzed swapped data for i = 158, j = 187 sucessfully passed !
	Initialyzed swapped data for i = 158, j = 188 sucessfully passed !
	Initialyzed swapped data for i = 158, j = 189 sucessfully passed !
	Initialyzed swapped data for i = 158, j = 190 sucessfully passed !
	Initialyzed swapped data for i = 158, j = 191 sucessfully passed !
	Initialyzed swapped data for i = 158, j = 192 sucessfully passed !
	Initialyzed swapped data for i = 158, j = 193 sucessfully passed !
	Initialyzed swapped data for i = 158, j = 194 sucessfully passed !
	Initialyzed swapped data for i = 158, j = 195 sucessfully passed !
	Initialyzed swapped data for i = 158, j = 196 sucessfully passed !
	Initialyzed swapped data for i = 158, j = 197 sucessfully passed !
	Initialyzed swapped data for i = 158, j = 198 sucessfully passed !
	Initialyzed swapped data for i = 158, j = 199 sucessfully passed !
	Initialyzed swapped data for i = 158, j = 200 sucessfully passed !
	Initialyzed swapped data for i = 158, j = 201 sucessfully passed !
	Initialyzed swapped data for i = 158, j = 202 sucessfully passed !
	Initialyzed swapped data for i = 158, j = 203 sucessfully passed !
	Initialyzed swapped data for i = 158, j = 204 sucessfully passed !
	Initialyzed swapped data for i = 158, j = 205 sucessfully passed !
	Initialyzed swapped data for i = 158, j = 206 sucessfully passed !
	Initialyzed swapped data for i = 158, j = 207 sucessfully passed !
	Initialyzed swapped data for i = 158, j = 208 sucessfully passed !
	Initialyzed swapped data for i = 158, j = 209 sucessfully passed !
	Initialyzed swapped data for i = 158, j = 210 sucessfully passed !
	Initialyzed swapped data for i = 158, j = 211 sucessfully passed !
	Initialyzed swapped data for i = 158, j = 212 sucessfully passed !
	Initialyzed swapped data for i = 158, j = 213 sucessfully passed !
	Initialyzed swapped data for i = 158, j = 214 sucessfully passed !
	Initialyzed swapped data for i = 158, j = 215 sucessfully passed !
	Initialyzed swapped data for i = 158, j = 216 sucessfully passed !
	Initialyzed swapped data for i = 158, j = 217 sucessfully passed !
	Initialyzed swapped data for i = 158, j = 218 sucessfully passed !
	Initialyzed swapped data for i = 158, j = 219 sucessfully passed !
	Initialyzed swapped data for i = 158, j = 220 sucessfully passed !
	Initialyzed swapped data for i = 158, j = 221 sucessfully passed !
	Initialyzed swapped data for i = 158, j = 222 sucessfully passed !
	Initialyzed swapped data for i = 158, j = 223 sucessfully passed !
	Initialyzed swapped data for i = 158, j = 224 sucessfully passed !
	Initialyzed swapped data for i = 158, j = 225 sucessfully passed !
	Initialyzed swapped data for i = 158, j = 226 sucessfully passed !
	Initialyzed swapped data for i = 158, j = 227 sucessfully passed !
	Initialyzed swapped data for i = 158, j = 228 sucessfully passed !
	Initialyzed swapped data for i = 158, j = 229 sucessfully passed !
	Initialyzed swapped data for i = 158, j = 230 sucessfully passed !
	Initialyzed swapped data for i = 158, j = 231 sucessfully passed !
	Initialyzed swapped data for i = 158, j = 232 sucessfully passed !
	Initialyzed swapped data for i = 158, j = 233 sucessfully passed !
	Initialyzed swapped data for i = 158, j = 234 sucessfully passed !
	Initialyzed swapped data for i = 158, j = 235 sucessfully passed !
	Initialyzed swapped data for i = 158, j = 236 sucessfully passed !
	Initialyzed swapped data for i = 158, j = 237 sucessfully passed !
	Initialyzed swapped data for i = 158, j = 238 sucessfully passed !
	Initialyzed swapped data for i = 158, j = 239 sucessfully passed !
	Initialyzed swapped data for i = 158, j = 240 sucessfully passed !
	Initialyzed swapped data for i = 158, j = 241 sucessfully passed !
	Initialyzed swapped data for i = 158, j = 242 sucessfully passed !
	Initialyzed swapped data for i = 158, j = 243 sucessfully passed !
	Initialyzed swapped data for i = 158, j = 244 sucessfully passed !
	Initialyzed swapped data for i = 158, j = 245 sucessfully passed !
	Initialyzed swapped data for i = 158, j = 246 sucessfully passed !
	Initialyzed swapped data for i = 158, j = 247 sucessfully passed !
	Initialyzed swapped data for i = 158, j = 248 sucessfully passed !
	Initialyzed swapped data for i = 158, j = 249 sucessfully passed !
	Initialyzed swapped data for i = 158, j = 250 sucessfully passed !
	Initialyzed swapped data for i = 158, j = 251 sucessfully passed !
	Initialyzed swapped data for i = 158, j = 252 sucessfully passed !
	Initialyzed swapped data for i = 158, j = 253 sucessfully passed !
	Initialyzed swapped data for i = 158, j = 254 sucessfully passed !
	Initialyzed swapped data for i = 158, j = 255 sucessfully passed !
	Initialyzed swapped data for i = 158, j = 256 sucessfully passed !
	Initialyzed swapped data for i = 158, j = 257 sucessfully passed !
	Initialyzed swapped data for i = 158, j = 258 sucessfully passed !
	Initialyzed swapped data for i = 158, j = 259 sucessfully passed !
	Initialyzed swapped data for i = 158, j = 260 sucessfully passed !
	Initialyzed swapped data for i = 158, j = 261 sucessfully passed !
	Initialyzed swapped data for i = 158, j = 262 sucessfully passed !
	Initialyzed swapped data for i = 158, j = 263 sucessfully passed !
	Initialyzed swapped data for i = 158, j = 264 sucessfully passed !
	Initialyzed swapped data for i = 158, j = 265 sucessfully passed !
	Initialyzed swapped data for i = 158, j = 266 sucessfully passed !
	Initialyzed swapped data for i = 158, j = 267 sucessfully passed !
	Initialyzed swapped data for i = 158, j = 268 sucessfully passed !
	Initialyzed swapped data for i = 158, j = 269 sucessfully passed !
	Initialyzed swapped data for i = 158, j = 270 sucessfully passed !
	Initialyzed swapped data for i = 158, j = 271 sucessfully passed !
	Initialyzed swapped data for i = 158, j = 272 sucessfully passed !
	Initialyzed swapped data for i = 158, j = 273 sucessfully passed !
	Initialyzed swapped data for i = 158, j = 274 sucessfully passed !
	Initialyzed swapped data for i = 158, j = 275 sucessfully passed !
	Initialyzed swapped data for i = 158, j = 276 sucessfully passed !
	Initialyzed swapped data for i = 158, j = 277 sucessfully passed !
	Initialyzed swapped data for i = 158, j = 278 sucessfully passed !
	Initialyzed swapped data for i = 158, j = 279 sucessfully passed !
	Initialyzed swapped data for i = 158, j = 280 sucessfully passed !
	Initialyzed swapped data for i = 158, j = 281 sucessfully passed !
	Initialyzed swapped data for i = 158, j = 282 sucessfully passed !
	Initialyzed swapped data for i = 158, j = 283 sucessfully passed !
	Initialyzed swapped data for i = 158, j = 284 sucessfully passed !
	Initialyzed swapped data for i = 158, j = 285 sucessfully passed !
	Initialyzed swapped data for i = 158, j = 286 sucessfully passed !
	Initialyzed swapped data for i = 158, j = 287 sucessfully passed !
	Initialyzed swapped data for i = 158, j = 288 sucessfully passed !
	Initialyzed swapped data for i = 158, j = 289 sucessfully passed !
	Initialyzed swapped data for i = 158, j = 290 sucessfully passed !
	Initialyzed swapped data for i = 158, j = 291 sucessfully passed !
	Initialyzed swapped data for i = 158, j = 292 sucessfully passed !
	Initialyzed swapped data for i = 158, j = 293 sucessfully passed !
	Initialyzed swapped data for i = 158, j = 294 sucessfully passed !
	Initialyzed swapped data for i = 158, j = 295 sucessfully passed !
	Initialyzed swapped data for i = 158, j = 296 sucessfully passed !
	Initialyzed swapped data for i = 158, j = 297 sucessfully passed !
	Initialyzed swapped data for i = 158, j = 298 sucessfully passed !
	Initialyzed swapped data for i = 158, j = 299 sucessfully passed !
	Initialyzed swapped data for i = 158, j = 300 sucessfully passed !
	Initialyzed swapped data for i = 158, j = 301 sucessfully passed !
	Initialyzed swapped data for i = 158, j = 302 sucessfully passed !
	Initialyzed swapped data for i = 158, j = 303 sucessfully passed !
	Initialyzed swapped data for i = 158, j = 304 sucessfully passed !
	Initialyzed swapped data for i = 158, j = 305 sucessfully passed !
	Initialyzed swapped data for i = 158, j = 306 sucessfully passed !
	Initialyzed swapped data for i = 158, j = 307 sucessfully passed !
	Initialyzed swapped data for i = 158, j = 308 sucessfully passed !
	Initialyzed swapped data for i = 158, j = 309 sucessfully passed !
	Initialyzed swapped data for i = 158, j = 310 sucessfully passed !
	Initialyzed swapped data for i = 158, j = 311 sucessfully passed !
	Initialyzed swapped data for i = 158, j = 312 sucessfully passed !
	Initialyzed swapped data for i = 158, j = 313 sucessfully passed !
	Initialyzed swapped data for i = 158, j = 314 sucessfully passed !
	Initialyzed swapped data for i = 158, j = 315 sucessfully passed !
	Initialyzed swapped data for i = 158, j = 316 sucessfully passed !
	Initialyzed swapped data for i = 158, j = 317 sucessfully passed !
	Initialyzed swapped data for i = 158, j = 318 sucessfully passed !
	Initialyzed swapped data for i = 158, j = 319 sucessfully passed !
	Initialyzed swapped data for i = 158, j = 320 sucessfully passed !
	Initialyzed swapped data for i = 158, j = 321 sucessfully passed !
	Initialyzed swapped data for i = 158, j = 322 sucessfully passed !
	Initialyzed swapped data for i = 158, j = 323 sucessfully passed !
	Initialyzed swapped data for i = 158, j = 324 sucessfully passed !
	Initialyzed swapped data for i = 158, j = 325 sucessfully passed !
	Initialyzed swapped data for i = 158, j = 326 sucessfully passed !
	Initialyzed swapped data for i = 158, j = 327 sucessfully passed !
	Initialyzed swapped data for i = 158, j = 328 sucessfully passed !
	Initialyzed swapped data for i = 158, j = 329 sucessfully passed !
	Initialyzed swapped data for i = 158, j = 330 sucessfully passed !
	Initialyzed swapped data for i = 158, j = 331 sucessfully passed !
	Initialyzed swapped data for i = 158, j = 332 sucessfully passed !
	Initialyzed swapped data for i = 158, j = 333 sucessfully passed !
	Initialyzed swapped data for i = 158, j = 334 sucessfully passed !
	Initialyzed swapped data for i = 158, j = 335 sucessfully passed !
	Initialyzed swapped data for i = 158, j = 336 sucessfully passed !
	Initialyzed swapped data for i = 158, j = 337 sucessfully passed !
	Initialyzed swapped data for i = 158, j = 338 sucessfully passed !
	Initialyzed swapped data for i = 158, j = 339 sucessfully passed !
	Initialyzed swapped data for i = 158, j = 340 sucessfully passed !
	Initialyzed swapped data for i = 158, j = 341 sucessfully passed !
	Initialyzed swapped data for i = 158, j = 342 sucessfully passed !
	Initialyzed swapped data for i = 158, j = 343 sucessfully passed !
	Initialyzed swapped data for i = 158, j = 344 sucessfully passed !
	Initialyzed swapped data for i = 158, j = 345 sucessfully passed !
	Initialyzed swapped data for i = 158, j = 346 sucessfully passed !
	Initialyzed swapped data for i = 158, j = 347 sucessfully passed !
	Initialyzed swapped data for i = 158, j = 348 sucessfully passed !
	Initialyzed swapped data for i = 158, j = 349 sucessfully passed !
	Initialyzed swapped data for i = 158, j = 350 sucessfully passed !
	Initialyzed swapped data for i = 158, j = 351 sucessfully passed !
	Initialyzed swapped data for i = 158, j = 352 sucessfully passed !
	Initialyzed swapped data for i = 158, j = 353 sucessfully passed !
	Initialyzed swapped data for i = 158, j = 354 sucessfully passed !
	Initialyzed swapped data for i = 158, j = 355 sucessfully passed !
	Initialyzed swapped data for i = 158, j = 356 sucessfully passed !
	Initialyzed swapped data for i = 158, j = 357 sucessfully passed !
	Initialyzed swapped data for i = 158, j = 358 sucessfully passed !
	Initialyzed swapped data for i = 158, j = 359 sucessfully passed !
	Initialyzed swapped data for i = 158, j = 360 sucessfully passed !
	Initialyzed swapped data for i = 158, j = 361 sucessfully passed !
	Initialyzed swapped data for i = 158, j = 362 sucessfully passed !
	Initialyzed swapped data for i = 158, j = 363 sucessfully passed !
	Initialyzed swapped data for i = 158, j = 364 sucessfully passed !
	Initialyzed swapped data for i = 158, j = 365 sucessfully passed !
	Initialyzed swapped data for i = 158, j = 366 sucessfully passed !
	Initialyzed swapped data for i = 158, j = 367 sucessfully passed !
	Initialyzed swapped data for i = 158, j = 368 sucessfully passed !
	Initialyzed swapped data for i = 158, j = 369 sucessfully passed !
	Initialyzed swapped data for i = 158, j = 370 sucessfully passed !
	Initialyzed swapped data for i = 158, j = 371 sucessfully passed !
	Initialyzed swapped data for i = 158, j = 372 sucessfully passed !
	Initialyzed swapped data for i = 158, j = 373 sucessfully passed !
	Initialyzed swapped data for i = 158, j = 374 sucessfully passed !
	Initialyzed swapped data for i = 158, j = 375 sucessfully passed !
	Initialyzed swapped data for i = 158, j = 376 sucessfully passed !
	Initialyzed swapped data for i = 158, j = 377 sucessfully passed !
	Initialyzed swapped data for i = 158, j = 378 sucessfully passed !
	Initialyzed swapped data for i = 158, j = 379 sucessfully passed !
	Initialyzed swapped data for i = 158, j = 380 sucessfully passed !
	Initialyzed swapped data for i = 158, j = 381 sucessfully passed !
	Initialyzed swapped data for i = 158, j = 382 sucessfully passed !
	Initialyzed swapped data for i = 158, j = 383 sucessfully passed !
	Initialyzed swapped data for i = 158, j = 384 sucessfully passed !
	Initialyzed swapped data for i = 158, j = 385 sucessfully passed !
	Initialyzed swapped data for i = 158, j = 386 sucessfully passed !
	Initialyzed swapped data for i = 158, j = 387 sucessfully passed !
	Initialyzed swapped data for i = 158, j = 388 sucessfully passed !
	Initialyzed swapped data for i = 158, j = 389 sucessfully passed !
	Initialyzed swapped data for i = 158, j = 390 sucessfully passed !
	Initialyzed swapped data for i = 158, j = 391 sucessfully passed !
	Initialyzed swapped data for i = 158, j = 392 sucessfully passed !
	Initialyzed swapped data for i = 158, j = 393 sucessfully passed !
	Initialyzed swapped data for i = 158, j = 394 sucessfully passed !
	Initialyzed swapped data for i = 158, j = 395 sucessfully passed !
	Initialyzed swapped data for i = 158, j = 396 sucessfully passed !
	Initialyzed swapped data for i = 158, j = 397 sucessfully passed !
	Initialyzed swapped data for i = 158, j = 398 sucessfully passed !
	Initialyzed swapped data for i = 158, j = 399 sucessfully passed !
	Initialyzed swapped data for i = 158, j = 400 sucessfully passed !
	Initialyzed swapped data for i = 158, j = 401 sucessfully passed !
	Initialyzed swapped data for i = 158, j = 402 sucessfully passed !
	Initialyzed swapped data for i = 158, j = 403 sucessfully passed !
	Initialyzed swapped data for i = 158, j = 404 sucessfully passed !
	Initialyzed swapped data for i = 158, j = 405 sucessfully passed !
	Initialyzed swapped data for i = 158, j = 406 sucessfully passed !
	Initialyzed swapped data for i = 158, j = 407 sucessfully passed !
	Initialyzed swapped data for i = 158, j = 408 sucessfully passed !
	Initialyzed swapped data for i = 158, j = 409 sucessfully passed !
	Initialyzed swapped data for i = 158, j = 410 sucessfully passed !
	Initialyzed swapped data for i = 158, j = 411 sucessfully passed !
	Initialyzed swapped data for i = 158, j = 412 sucessfully passed !
	Initialyzed swapped data for i = 158, j = 413 sucessfully passed !
	Initialyzed swapped data for i = 158, j = 414 sucessfully passed !
	Initialyzed swapped data for i = 158, j = 415 sucessfully passed !
	Initialyzed swapped data for i = 158, j = 416 sucessfully passed !
	Initialyzed swapped data for i = 158, j = 417 sucessfully passed !
	Initialyzed swapped data for i = 158, j = 418 sucessfully passed !
	Initialyzed swapped data for i = 158, j = 419 sucessfully passed !
	Initialyzed swapped data for i = 158, j = 420 sucessfully passed !
	Initialyzed swapped data for i = 158, j = 421 sucessfully passed !
	Initialyzed swapped data for i = 158, j = 422 sucessfully passed !
	Initialyzed swapped data for i = 158, j = 423 sucessfully passed !
	Initialyzed swapped data for i = 158, j = 424 sucessfully passed !
	Initialyzed swapped data for i = 158, j = 425 sucessfully passed !
	Initialyzed swapped data for i = 158, j = 426 sucessfully passed !
	Initialyzed swapped data for i = 158, j = 427 sucessfully passed !
	Initialyzed swapped data for i = 158, j = 428 sucessfully passed !
	Initialyzed swapped data for i = 158, j = 429 sucessfully passed !
	Initialyzed swapped data for i = 158, j = 430 sucessfully passed !
	Initialyzed swapped data for i = 158, j = 431 sucessfully passed !
	Initialyzed swapped data for i = 158, j = 432 sucessfully passed !
	Initialyzed swapped data for i = 158, j = 433 sucessfully passed !
	Initialyzed swapped data for i = 159, j = 160 sucessfully passed !
	Initialyzed swapped data for i = 159, j = 161 sucessfully passed !
	Initialyzed swapped data for i = 159, j = 162 sucessfully passed !
	Initialyzed swapped data for i = 159, j = 163 sucessfully passed !
	Initialyzed swapped data for i = 159, j = 164 sucessfully passed !
	Initialyzed swapped data for i = 159, j = 165 sucessfully passed !
	Initialyzed swapped data for i = 159, j = 166 sucessfully passed !
	Initialyzed swapped data for i = 159, j = 167 sucessfully passed !
	Initialyzed swapped data for i = 159, j = 168 sucessfully passed !
	Initialyzed swapped data for i = 159, j = 169 sucessfully passed !
	Initialyzed swapped data for i = 159, j = 170 sucessfully passed !
	Initialyzed swapped data for i = 159, j = 171 sucessfully passed !
	Initialyzed swapped data for i = 159, j = 172 sucessfully passed !
	Initialyzed swapped data for i = 159, j = 173 sucessfully passed !
	Initialyzed swapped data for i = 159, j = 174 sucessfully passed !
	Initialyzed swapped data for i = 159, j = 175 sucessfully passed !
	Initialyzed swapped data for i = 159, j = 176 sucessfully passed !
	Initialyzed swapped data for i = 159, j = 177 sucessfully passed !
	Initialyzed swapped data for i = 159, j = 178 sucessfully passed !
	Initialyzed swapped data for i = 159, j = 179 sucessfully passed !
	Initialyzed swapped data for i = 159, j = 180 sucessfully passed !
	Initialyzed swapped data for i = 159, j = 181 sucessfully passed !
	Initialyzed swapped data for i = 159, j = 182 sucessfully passed !
	Initialyzed swapped data for i = 159, j = 183 sucessfully passed !
	Initialyzed swapped data for i = 159, j = 184 sucessfully passed !
	Initialyzed swapped data for i = 159, j = 185 sucessfully passed !
	Initialyzed swapped data for i = 159, j = 186 sucessfully passed !
	Initialyzed swapped data for i = 159, j = 187 sucessfully passed !
	Initialyzed swapped data for i = 159, j = 188 sucessfully passed !
	Initialyzed swapped data for i = 159, j = 189 sucessfully passed !
	Initialyzed swapped data for i = 159, j = 190 sucessfully passed !
	Initialyzed swapped data for i = 159, j = 191 sucessfully passed !
	Initialyzed swapped data for i = 159, j = 192 sucessfully passed !
	Initialyzed swapped data for i = 159, j = 193 sucessfully passed !
	Initialyzed swapped data for i = 159, j = 194 sucessfully passed !
	Initialyzed swapped data for i = 159, j = 195 sucessfully passed !
	Initialyzed swapped data for i = 159, j = 196 sucessfully passed !
	Initialyzed swapped data for i = 159, j = 197 sucessfully passed !
	Initialyzed swapped data for i = 159, j = 198 sucessfully passed !
	Initialyzed swapped data for i = 159, j = 199 sucessfully passed !
	Initialyzed swapped data for i = 159, j = 200 sucessfully passed !
	Initialyzed swapped data for i = 159, j = 201 sucessfully passed !
	Initialyzed swapped data for i = 159, j = 202 sucessfully passed !
	Initialyzed swapped data for i = 159, j = 203 sucessfully passed !
	Initialyzed swapped data for i = 159, j = 204 sucessfully passed !
	Initialyzed swapped data for i = 159, j = 205 sucessfully passed !
	Initialyzed swapped data for i = 159, j = 206 sucessfully passed !
	Initialyzed swapped data for i = 159, j = 207 sucessfully passed !
	Initialyzed swapped data for i = 159, j = 208 sucessfully passed !
	Initialyzed swapped data for i = 159, j = 209 sucessfully passed !
	Initialyzed swapped data for i = 159, j = 210 sucessfully passed !
	Initialyzed swapped data for i = 159, j = 211 sucessfully passed !
	Initialyzed swapped data for i = 159, j = 212 sucessfully passed !
	Initialyzed swapped data for i = 159, j = 213 sucessfully passed !
	Initialyzed swapped data for i = 159, j = 214 sucessfully passed !
	Initialyzed swapped data for i = 159, j = 215 sucessfully passed !
	Initialyzed swapped data for i = 159, j = 216 sucessfully passed !
	Initialyzed swapped data for i = 159, j = 217 sucessfully passed !
	Initialyzed swapped data for i = 159, j = 218 sucessfully passed !
	Initialyzed swapped data for i = 159, j = 219 sucessfully passed !
	Initialyzed swapped data for i = 159, j = 220 sucessfully passed !
	Initialyzed swapped data for i = 159, j = 221 sucessfully passed !
	Initialyzed swapped data for i = 159, j = 222 sucessfully passed !
	Initialyzed swapped data for i = 159, j = 223 sucessfully passed !
	Initialyzed swapped data for i = 159, j = 224 sucessfully passed !
	Initialyzed swapped data for i = 159, j = 225 sucessfully passed !
	Initialyzed swapped data for i = 159, j = 226 sucessfully passed !
	Initialyzed swapped data for i = 159, j = 227 sucessfully passed !
	Initialyzed swapped data for i = 159, j = 228 sucessfully passed !
	Initialyzed swapped data for i = 159, j = 229 sucessfully passed !
	Initialyzed swapped data for i = 159, j = 230 sucessfully passed !
	Initialyzed swapped data for i = 159, j = 231 sucessfully passed !
	Initialyzed swapped data for i = 159, j = 232 sucessfully passed !
	Initialyzed swapped data for i = 159, j = 233 sucessfully passed !
	Initialyzed swapped data for i = 159, j = 234 sucessfully passed !
	Initialyzed swapped data for i = 159, j = 235 sucessfully passed !
	Initialyzed swapped data for i = 159, j = 236 sucessfully passed !
	Initialyzed swapped data for i = 159, j = 237 sucessfully passed !
	Initialyzed swapped data for i = 159, j = 238 sucessfully passed !
	Initialyzed swapped data for i = 159, j = 239 sucessfully passed !
	Initialyzed swapped data for i = 159, j = 240 sucessfully passed !
	Initialyzed swapped data for i = 159, j = 241 sucessfully passed !
	Initialyzed swapped data for i = 159, j = 242 sucessfully passed !
	Initialyzed swapped data for i = 159, j = 243 sucessfully passed !
	Initialyzed swapped data for i = 159, j = 244 sucessfully passed !
	Initialyzed swapped data for i = 159, j = 245 sucessfully passed !
	Initialyzed swapped data for i = 159, j = 246 sucessfully passed !
	Initialyzed swapped data for i = 159, j = 247 sucessfully passed !
	Initialyzed swapped data for i = 159, j = 248 sucessfully passed !
	Initialyzed swapped data for i = 159, j = 249 sucessfully passed !
	Initialyzed swapped data for i = 159, j = 250 sucessfully passed !
	Initialyzed swapped data for i = 159, j = 251 sucessfully passed !
	Initialyzed swapped data for i = 159, j = 252 sucessfully passed !
	Initialyzed swapped data for i = 159, j = 253 sucessfully passed !
	Initialyzed swapped data for i = 159, j = 254 sucessfully passed !
	Initialyzed swapped data for i = 159, j = 255 sucessfully passed !
	Initialyzed swapped data for i = 159, j = 256 sucessfully passed !
	Initialyzed swapped data for i = 159, j = 257 sucessfully passed !
	Initialyzed swapped data for i = 159, j = 258 sucessfully passed !
	Initialyzed swapped data for i = 159, j = 259 sucessfully passed !
	Initialyzed swapped data for i = 159, j = 260 sucessfully passed !
	Initialyzed swapped data for i = 159, j = 261 sucessfully passed !
	Initialyzed swapped data for i = 159, j = 262 sucessfully passed !
	Initialyzed swapped data for i = 159, j = 263 sucessfully passed !
	Initialyzed swapped data for i = 159, j = 264 sucessfully passed !
	Initialyzed swapped data for i = 159, j = 265 sucessfully passed !
	Initialyzed swapped data for i = 159, j = 266 sucessfully passed !
	Initialyzed swapped data for i = 159, j = 267 sucessfully passed !
	Initialyzed swapped data for i = 159, j = 268 sucessfully passed !
	Initialyzed swapped data for i = 159, j = 269 sucessfully passed !
	Initialyzed swapped data for i = 159, j = 270 sucessfully passed !
	Initialyzed swapped data for i = 159, j = 271 sucessfully passed !
	Initialyzed swapped data for i = 159, j = 272 sucessfully passed !
	Initialyzed swapped data for i = 159, j = 273 sucessfully passed !
	Initialyzed swapped data for i = 159, j = 274 sucessfully passed !
	Initialyzed swapped data for i = 159, j = 275 sucessfully passed !
	Initialyzed swapped data for i = 159, j = 276 sucessfully passed !
	Initialyzed swapped data for i = 159, j = 277 sucessfully passed !
	Initialyzed swapped data for i = 159, j = 278 sucessfully passed !
	Initialyzed swapped data for i = 159, j = 279 sucessfully passed !
	Initialyzed swapped data for i = 159, j = 280 sucessfully passed !
	Initialyzed swapped data for i = 159, j = 281 sucessfully passed !
	Initialyzed swapped data for i = 159, j = 282 sucessfully passed !
	Initialyzed swapped data for i = 159, j = 283 sucessfully passed !
	Initialyzed swapped data for i = 159, j = 284 sucessfully passed !
	Initialyzed swapped data for i = 159, j = 285 sucessfully passed !
	Initialyzed swapped data for i = 159, j = 286 sucessfully passed !
	Initialyzed swapped data for i = 159, j = 287 sucessfully passed !
	Initialyzed swapped data for i = 159, j = 288 sucessfully passed !
	Initialyzed swapped data for i = 159, j = 289 sucessfully passed !
	Initialyzed swapped data for i = 159, j = 290 sucessfully passed !
	Initialyzed swapped data for i = 159, j = 291 sucessfully passed !
	Initialyzed swapped data for i = 159, j = 292 sucessfully passed !
	Initialyzed swapped data for i = 159, j = 293 sucessfully passed !
	Initialyzed swapped data for i = 159, j = 294 sucessfully passed !
	Initialyzed swapped data for i = 159, j = 295 sucessfully passed !
	Initialyzed swapped data for i = 159, j = 296 sucessfully passed !
	Initialyzed swapped data for i = 159, j = 297 sucessfully passed !
	Initialyzed swapped data for i = 159, j = 298 sucessfully passed !
	Initialyzed swapped data for i = 159, j = 299 sucessfully passed !
	Initialyzed swapped data for i = 159, j = 300 sucessfully passed !
	Initialyzed swapped data for i = 159, j = 301 sucessfully passed !
	Initialyzed swapped data for i = 159, j = 302 sucessfully passed !
	Initialyzed swapped data for i = 159, j = 303 sucessfully passed !
	Initialyzed swapped data for i = 159, j = 304 sucessfully passed !
	Initialyzed swapped data for i = 159, j = 305 sucessfully passed !
	Initialyzed swapped data for i = 159, j = 306 sucessfully passed !
	Initialyzed swapped data for i = 159, j = 307 sucessfully passed !
	Initialyzed swapped data for i = 159, j = 308 sucessfully passed !
	Initialyzed swapped data for i = 159, j = 309 sucessfully passed !
	Initialyzed swapped data for i = 159, j = 310 sucessfully passed !
	Initialyzed swapped data for i = 159, j = 311 sucessfully passed !
	Initialyzed swapped data for i = 159, j = 312 sucessfully passed !
	Initialyzed swapped data for i = 159, j = 313 sucessfully passed !
	Initialyzed swapped data for i = 159, j = 314 sucessfully passed !
	Initialyzed swapped data for i = 159, j = 315 sucessfully passed !
	Initialyzed swapped data for i = 159, j = 316 sucessfully passed !
	Initialyzed swapped data for i = 159, j = 317 sucessfully passed !
	Initialyzed swapped data for i = 159, j = 318 sucessfully passed !
	Initialyzed swapped data for i = 159, j = 319 sucessfully passed !
	Initialyzed swapped data for i = 159, j = 320 sucessfully passed !
	Initialyzed swapped data for i = 159, j = 321 sucessfully passed !
	Initialyzed swapped data for i = 159, j = 322 sucessfully passed !
	Initialyzed swapped data for i = 159, j = 323 sucessfully passed !
	Initialyzed swapped data for i = 159, j = 324 sucessfully passed !
	Initialyzed swapped data for i = 159, j = 325 sucessfully passed !
	Initialyzed swapped data for i = 159, j = 326 sucessfully passed !
	Initialyzed swapped data for i = 159, j = 327 sucessfully passed !
	Initialyzed swapped data for i = 159, j = 328 sucessfully passed !
	Initialyzed swapped data for i = 159, j = 329 sucessfully passed !
	Initialyzed swapped data for i = 159, j = 330 sucessfully passed !
	Initialyzed swapped data for i = 159, j = 331 sucessfully passed !
	Initialyzed swapped data for i = 159, j = 332 sucessfully passed !
	Initialyzed swapped data for i = 159, j = 333 sucessfully passed !
	Initialyzed swapped data for i = 159, j = 334 sucessfully passed !
	Initialyzed swapped data for i = 159, j = 335 sucessfully passed !
	Initialyzed swapped data for i = 159, j = 336 sucessfully passed !
	Initialyzed swapped data for i = 159, j = 337 sucessfully passed !
	Initialyzed swapped data for i = 159, j = 338 sucessfully passed !
	Initialyzed swapped data for i = 159, j = 339 sucessfully passed !
	Initialyzed swapped data for i = 159, j = 340 sucessfully passed !
	Initialyzed swapped data for i = 159, j = 341 sucessfully passed !
	Initialyzed swapped data for i = 159, j = 342 sucessfully passed !
	Initialyzed swapped data for i = 159, j = 343 sucessfully passed !
	Initialyzed swapped data for i = 159, j = 344 sucessfully passed !
	Initialyzed swapped data for i = 159, j = 345 sucessfully passed !
	Initialyzed swapped data for i = 159, j = 346 sucessfully passed !
	Initialyzed swapped data for i = 159, j = 347 sucessfully passed !
	Initialyzed swapped data for i = 159, j = 348 sucessfully passed !
	Initialyzed swapped data for i = 159, j = 349 sucessfully passed !
	Initialyzed swapped data for i = 159, j = 350 sucessfully passed !
	Initialyzed swapped data for i = 159, j = 351 sucessfully passed !
	Initialyzed swapped data for i = 159, j = 352 sucessfully passed !
	Initialyzed swapped data for i = 159, j = 353 sucessfully passed !
	Initialyzed swapped data for i = 159, j = 354 sucessfully passed !
	Initialyzed swapped data for i = 159, j = 355 sucessfully passed !
	Initialyzed swapped data for i = 159, j = 356 sucessfully passed !
	Initialyzed swapped data for i = 159, j = 357 sucessfully passed !
	Initialyzed swapped data for i = 159, j = 358 sucessfully passed !
	Initialyzed swapped data for i = 159, j = 359 sucessfully passed !
	Initialyzed swapped data for i = 159, j = 360 sucessfully passed !
	Initialyzed swapped data for i = 159, j = 361 sucessfully passed !
	Initialyzed swapped data for i = 159, j = 362 sucessfully passed !
	Initialyzed swapped data for i = 159, j = 363 sucessfully passed !
	Initialyzed swapped data for i = 159, j = 364 sucessfully passed !
	Initialyzed swapped data for i = 159, j = 365 sucessfully passed !
	Initialyzed swapped data for i = 159, j = 366 sucessfully passed !
	Initialyzed swapped data for i = 159, j = 367 sucessfully passed !
	Initialyzed swapped data for i = 159, j = 368 sucessfully passed !
	Initialyzed swapped data for i = 159, j = 369 sucessfully passed !
	Initialyzed swapped data for i = 159, j = 370 sucessfully passed !
	Initialyzed swapped data for i = 159, j = 371 sucessfully passed !
	Initialyzed swapped data for i = 159, j = 372 sucessfully passed !
	Initialyzed swapped data for i = 159, j = 373 sucessfully passed !
	Initialyzed swapped data for i = 159, j = 374 sucessfully passed !
	Initialyzed swapped data for i = 159, j = 375 sucessfully passed !
	Initialyzed swapped data for i = 159, j = 376 sucessfully passed !
	Initialyzed swapped data for i = 159, j = 377 sucessfully passed !
	Initialyzed swapped data for i = 159, j = 378 sucessfully passed !
	Initialyzed swapped data for i = 159, j = 379 sucessfully passed !
	Initialyzed swapped data for i = 159, j = 380 sucessfully passed !
	Initialyzed swapped data for i = 159, j = 381 sucessfully passed !
	Initialyzed swapped data for i = 159, j = 382 sucessfully passed !
	Initialyzed swapped data for i = 159, j = 383 sucessfully passed !
	Initialyzed swapped data for i = 159, j = 384 sucessfully passed !
	Initialyzed swapped data for i = 159, j = 385 sucessfully passed !
	Initialyzed swapped data for i = 159, j = 386 sucessfully passed !
	Initialyzed swapped data for i = 159, j = 387 sucessfully passed !
	Initialyzed swapped data for i = 159, j = 388 sucessfully passed !
	Initialyzed swapped data for i = 159, j = 389 sucessfully passed !
	Initialyzed swapped data for i = 159, j = 390 sucessfully passed !
	Initialyzed swapped data for i = 159, j = 391 sucessfully passed !
	Initialyzed swapped data for i = 159, j = 392 sucessfully passed !
	Initialyzed swapped data for i = 159, j = 393 sucessfully passed !
	Initialyzed swapped data for i = 159, j = 394 sucessfully passed !
	Initialyzed swapped data for i = 159, j = 395 sucessfully passed !
	Initialyzed swapped data for i = 159, j = 396 sucessfully passed !
	Initialyzed swapped data for i = 159, j = 397 sucessfully passed !
	Initialyzed swapped data for i = 159, j = 398 sucessfully passed !
	Initialyzed swapped data for i = 159, j = 399 sucessfully passed !
	Initialyzed swapped data for i = 159, j = 400 sucessfully passed !
	Initialyzed swapped data for i = 159, j = 401 sucessfully passed !
	Initialyzed swapped data for i = 159, j = 402 sucessfully passed !
	Initialyzed swapped data for i = 159, j = 403 sucessfully passed !
	Initialyzed swapped data for i = 159, j = 404 sucessfully passed !
	Initialyzed swapped data for i = 159, j = 405 sucessfully passed !
	Initialyzed swapped data for i = 159, j = 406 sucessfully passed !
	Initialyzed swapped data for i = 159, j = 407 sucessfully passed !
	Initialyzed swapped data for i = 159, j = 408 sucessfully passed !
	Initialyzed swapped data for i = 159, j = 409 sucessfully passed !
	Initialyzed swapped data for i = 159, j = 410 sucessfully passed !
	Initialyzed swapped data for i = 159, j = 411 sucessfully passed !
	Initialyzed swapped data for i = 159, j = 412 sucessfully passed !
	Initialyzed swapped data for i = 159, j = 413 sucessfully passed !
	Initialyzed swapped data for i = 159, j = 414 sucessfully passed !
	Initialyzed swapped data for i = 159, j = 415 sucessfully passed !
	Initialyzed swapped data for i = 159, j = 416 sucessfully passed !
	Initialyzed swapped data for i = 159, j = 417 sucessfully passed !
	Initialyzed swapped data for i = 159, j = 418 sucessfully passed !
	Initialyzed swapped data for i = 159, j = 419 sucessfully passed !
	Initialyzed swapped data for i = 159, j = 420 sucessfully passed !
	Initialyzed swapped data for i = 159, j = 421 sucessfully passed !
	Initialyzed swapped data for i = 159, j = 422 sucessfully passed !
	Initialyzed swapped data for i = 159, j = 423 sucessfully passed !
	Initialyzed swapped data for i = 159, j = 424 sucessfully passed !
	Initialyzed swapped data for i = 159, j = 425 sucessfully passed !
	Initialyzed swapped data for i = 159, j = 426 sucessfully passed !
	Initialyzed swapped data for i = 159, j = 427 sucessfully passed !
	Initialyzed swapped data for i = 159, j = 428 sucessfully passed !
	Initialyzed swapped data for i = 159, j = 429 sucessfully passed !
	Initialyzed swapped data for i = 159, j = 430 sucessfully passed !
	Initialyzed swapped data for i = 159, j = 431 sucessfully passed !
	Initialyzed swapped data for i = 159, j = 432 sucessfully passed !
	Initialyzed swapped data for i = 159, j = 433 sucessfully passed !
	Initialyzed swapped data for i = 160, j = 161 sucessfully passed !
	Initialyzed swapped data for i = 160, j = 162 sucessfully passed !
	Initialyzed swapped data for i = 160, j = 163 sucessfully passed !
	Initialyzed swapped data for i = 160, j = 164 sucessfully passed !
	Initialyzed swapped data for i = 160, j = 165 sucessfully passed !
	Initialyzed swapped data for i = 160, j = 166 sucessfully passed !
	Initialyzed swapped data for i = 160, j = 167 sucessfully passed !
	Initialyzed swapped data for i = 160, j = 168 sucessfully passed !
	Initialyzed swapped data for i = 160, j = 169 sucessfully passed !
	Initialyzed swapped data for i = 160, j = 170 sucessfully passed !
	Initialyzed swapped data for i = 160, j = 171 sucessfully passed !
	Initialyzed swapped data for i = 160, j = 172 sucessfully passed !
	Initialyzed swapped data for i = 160, j = 173 sucessfully passed !
	Initialyzed swapped data for i = 160, j = 174 sucessfully passed !
	Initialyzed swapped data for i = 160, j = 175 sucessfully passed !
	Initialyzed swapped data for i = 160, j = 176 sucessfully passed !
	Initialyzed swapped data for i = 160, j = 177 sucessfully passed !
	Initialyzed swapped data for i = 160, j = 178 sucessfully passed !
	Initialyzed swapped data for i = 160, j = 179 sucessfully passed !
	Initialyzed swapped data for i = 160, j = 180 sucessfully passed !
	Initialyzed swapped data for i = 160, j = 181 sucessfully passed !
	Initialyzed swapped data for i = 160, j = 182 sucessfully passed !
	Initialyzed swapped data for i = 160, j = 183 sucessfully passed !
	Initialyzed swapped data for i = 160, j = 184 sucessfully passed !
	Initialyzed swapped data for i = 160, j = 185 sucessfully passed !
	Initialyzed swapped data for i = 160, j = 186 sucessfully passed !
	Initialyzed swapped data for i = 160, j = 187 sucessfully passed !
	Initialyzed swapped data for i = 160, j = 188 sucessfully passed !
	Initialyzed swapped data for i = 160, j = 189 sucessfully passed !
	Initialyzed swapped data for i = 160, j = 190 sucessfully passed !
	Initialyzed swapped data for i = 160, j = 191 sucessfully passed !
	Initialyzed swapped data for i = 160, j = 192 sucessfully passed !
	Initialyzed swapped data for i = 160, j = 193 sucessfully passed !
	Initialyzed swapped data for i = 160, j = 194 sucessfully passed !
	Initialyzed swapped data for i = 160, j = 195 sucessfully passed !
	Initialyzed swapped data for i = 160, j = 196 sucessfully passed !
	Initialyzed swapped data for i = 160, j = 197 sucessfully passed !
	Initialyzed swapped data for i = 160, j = 198 sucessfully passed !
	Initialyzed swapped data for i = 160, j = 199 sucessfully passed !
	Initialyzed swapped data for i = 160, j = 200 sucessfully passed !
	Initialyzed swapped data for i = 160, j = 201 sucessfully passed !
	Initialyzed swapped data for i = 160, j = 202 sucessfully passed !
	Initialyzed swapped data for i = 160, j = 203 sucessfully passed !
	Initialyzed swapped data for i = 160, j = 204 sucessfully passed !
	Initialyzed swapped data for i = 160, j = 205 sucessfully passed !
	Initialyzed swapped data for i = 160, j = 206 sucessfully passed !
	Initialyzed swapped data for i = 160, j = 207 sucessfully passed !
	Initialyzed swapped data for i = 160, j = 208 sucessfully passed !
	Initialyzed swapped data for i = 160, j = 209 sucessfully passed !
	Initialyzed swapped data for i = 160, j = 210 sucessfully passed !
	Initialyzed swapped data for i = 160, j = 211 sucessfully passed !
	Initialyzed swapped data for i = 160, j = 212 sucessfully passed !
	Initialyzed swapped data for i = 160, j = 213 sucessfully passed !
	Initialyzed swapped data for i = 160, j = 214 sucessfully passed !
	Initialyzed swapped data for i = 160, j = 215 sucessfully passed !
	Initialyzed swapped data for i = 160, j = 216 sucessfully passed !
	Initialyzed swapped data for i = 160, j = 217 sucessfully passed !
	Initialyzed swapped data for i = 160, j = 218 sucessfully passed !
	Initialyzed swapped data for i = 160, j = 219 sucessfully passed !
	Initialyzed swapped data for i = 160, j = 220 sucessfully passed !
	Initialyzed swapped data for i = 160, j = 221 sucessfully passed !
	Initialyzed swapped data for i = 160, j = 222 sucessfully passed !
	Initialyzed swapped data for i = 160, j = 223 sucessfully passed !
	Initialyzed swapped data for i = 160, j = 224 sucessfully passed !
	Initialyzed swapped data for i = 160, j = 225 sucessfully passed !
	Initialyzed swapped data for i = 160, j = 226 sucessfully passed !
	Initialyzed swapped data for i = 160, j = 227 sucessfully passed !
	Initialyzed swapped data for i = 160, j = 228 sucessfully passed !
	Initialyzed swapped data for i = 160, j = 229 sucessfully passed !
	Initialyzed swapped data for i = 160, j = 230 sucessfully passed !
	Initialyzed swapped data for i = 160, j = 231 sucessfully passed !
	Initialyzed swapped data for i = 160, j = 232 sucessfully passed !
	Initialyzed swapped data for i = 160, j = 233 sucessfully passed !
	Initialyzed swapped data for i = 160, j = 234 sucessfully passed !
	Initialyzed swapped data for i = 160, j = 235 sucessfully passed !
	Initialyzed swapped data for i = 160, j = 236 sucessfully passed !
	Initialyzed swapped data for i = 160, j = 237 sucessfully passed !
	Initialyzed swapped data for i = 160, j = 238 sucessfully passed !
	Initialyzed swapped data for i = 160, j = 239 sucessfully passed !
	Initialyzed swapped data for i = 160, j = 240 sucessfully passed !
	Initialyzed swapped data for i = 160, j = 241 sucessfully passed !
	Initialyzed swapped data for i = 160, j = 242 sucessfully passed !
	Initialyzed swapped data for i = 160, j = 243 sucessfully passed !
	Initialyzed swapped data for i = 160, j = 244 sucessfully passed !
	Initialyzed swapped data for i = 160, j = 245 sucessfully passed !
	Initialyzed swapped data for i = 160, j = 246 sucessfully passed !
	Initialyzed swapped data for i = 160, j = 247 sucessfully passed !
	Initialyzed swapped data for i = 160, j = 248 sucessfully passed !
	Initialyzed swapped data for i = 160, j = 249 sucessfully passed !
	Initialyzed swapped data for i = 160, j = 250 sucessfully passed !
	Initialyzed swapped data for i = 160, j = 251 sucessfully passed !
	Initialyzed swapped data for i = 160, j = 252 sucessfully passed !
	Initialyzed swapped data for i = 160, j = 253 sucessfully passed !
	Initialyzed swapped data for i = 160, j = 254 sucessfully passed !
	Initialyzed swapped data for i = 160, j = 255 sucessfully passed !
	Initialyzed swapped data for i = 160, j = 256 sucessfully passed !
	Initialyzed swapped data for i = 160, j = 257 sucessfully passed !
	Initialyzed swapped data for i = 160, j = 258 sucessfully passed !
	Initialyzed swapped data for i = 160, j = 259 sucessfully passed !
	Initialyzed swapped data for i = 160, j = 260 sucessfully passed !
	Initialyzed swapped data for i = 160, j = 261 sucessfully passed !
	Initialyzed swapped data for i = 160, j = 262 sucessfully passed !
	Initialyzed swapped data for i = 160, j = 263 sucessfully passed !
	Initialyzed swapped data for i = 160, j = 264 sucessfully passed !
	Initialyzed swapped data for i = 160, j = 265 sucessfully passed !
	Initialyzed swapped data for i = 160, j = 266 sucessfully passed !
	Initialyzed swapped data for i = 160, j = 267 sucessfully passed !
	Initialyzed swapped data for i = 160, j = 268 sucessfully passed !
	Initialyzed swapped data for i = 160, j = 269 sucessfully passed !
	Initialyzed swapped data for i = 160, j = 270 sucessfully passed !
	Initialyzed swapped data for i = 160, j = 271 sucessfully passed !
	Initialyzed swapped data for i = 160, j = 272 sucessfully passed !
	Initialyzed swapped data for i = 160, j = 273 sucessfully passed !
	Initialyzed swapped data for i = 160, j = 274 sucessfully passed !
	Initialyzed swapped data for i = 160, j = 275 sucessfully passed !
	Initialyzed swapped data for i = 160, j = 276 sucessfully passed !
	Initialyzed swapped data for i = 160, j = 277 sucessfully passed !
	Initialyzed swapped data for i = 160, j = 278 sucessfully passed !
	Initialyzed swapped data for i = 160, j = 279 sucessfully passed !
	Initialyzed swapped data for i = 160, j = 280 sucessfully passed !
	Initialyzed swapped data for i = 160, j = 281 sucessfully passed !
	Initialyzed swapped data for i = 160, j = 282 sucessfully passed !
	Initialyzed swapped data for i = 160, j = 283 sucessfully passed !
	Initialyzed swapped data for i = 160, j = 284 sucessfully passed !
	Initialyzed swapped data for i = 160, j = 285 sucessfully passed !
	Initialyzed swapped data for i = 160, j = 286 sucessfully passed !
	Initialyzed swapped data for i = 160, j = 287 sucessfully passed !
	Initialyzed swapped data for i = 160, j = 288 sucessfully passed !
	Initialyzed swapped data for i = 160, j = 289 sucessfully passed !
	Initialyzed swapped data for i = 160, j = 290 sucessfully passed !
	Initialyzed swapped data for i = 160, j = 291 sucessfully passed !
	Initialyzed swapped data for i = 160, j = 292 sucessfully passed !
	Initialyzed swapped data for i = 160, j = 293 sucessfully passed !
	Initialyzed swapped data for i = 160, j = 294 sucessfully passed !
	Initialyzed swapped data for i = 160, j = 295 sucessfully passed !
	Initialyzed swapped data for i = 160, j = 296 sucessfully passed !
	Initialyzed swapped data for i = 160, j = 297 sucessfully passed !
	Initialyzed swapped data for i = 160, j = 298 sucessfully passed !
	Initialyzed swapped data for i = 160, j = 299 sucessfully passed !
	Initialyzed swapped data for i = 160, j = 300 sucessfully passed !
	Initialyzed swapped data for i = 160, j = 301 sucessfully passed !
	Initialyzed swapped data for i = 160, j = 302 sucessfully passed !
	Initialyzed swapped data for i = 160, j = 303 sucessfully passed !
	Initialyzed swapped data for i = 160, j = 304 sucessfully passed !
	Initialyzed swapped data for i = 160, j = 305 sucessfully passed !
	Initialyzed swapped data for i = 160, j = 306 sucessfully passed !
	Initialyzed swapped data for i = 160, j = 307 sucessfully passed !
	Initialyzed swapped data for i = 160, j = 308 sucessfully passed !
	Initialyzed swapped data for i = 160, j = 309 sucessfully passed !
	Initialyzed swapped data for i = 160, j = 310 sucessfully passed !
	Initialyzed swapped data for i = 160, j = 311 sucessfully passed !
	Initialyzed swapped data for i = 160, j = 312 sucessfully passed !
	Initialyzed swapped data for i = 160, j = 313 sucessfully passed !
	Initialyzed swapped data for i = 160, j = 314 sucessfully passed !
	Initialyzed swapped data for i = 160, j = 315 sucessfully passed !
	Initialyzed swapped data for i = 160, j = 316 sucessfully passed !
	Initialyzed swapped data for i = 160, j = 317 sucessfully passed !
	Initialyzed swapped data for i = 160, j = 318 sucessfully passed !
	Initialyzed swapped data for i = 160, j = 319 sucessfully passed !
	Initialyzed swapped data for i = 160, j = 320 sucessfully passed !
	Initialyzed swapped data for i = 160, j = 321 sucessfully passed !
	Initialyzed swapped data for i = 160, j = 322 sucessfully passed !
	Initialyzed swapped data for i = 160, j = 323 sucessfully passed !
	Initialyzed swapped data for i = 160, j = 324 sucessfully passed !
	Initialyzed swapped data for i = 160, j = 325 sucessfully passed !
	Initialyzed swapped data for i = 160, j = 326 sucessfully passed !
	Initialyzed swapped data for i = 160, j = 327 sucessfully passed !
	Initialyzed swapped data for i = 160, j = 328 sucessfully passed !
	Initialyzed swapped data for i = 160, j = 329 sucessfully passed !
	Initialyzed swapped data for i = 160, j = 330 sucessfully passed !
	Initialyzed swapped data for i = 160, j = 331 sucessfully passed !
	Initialyzed swapped data for i = 160, j = 332 sucessfully passed !
	Initialyzed swapped data for i = 160, j = 333 sucessfully passed !
	Initialyzed swapped data for i = 160, j = 334 sucessfully passed !
	Initialyzed swapped data for i = 160, j = 335 sucessfully passed !
	Initialyzed swapped data for i = 160, j = 336 sucessfully passed !
	Initialyzed swapped data for i = 160, j = 337 sucessfully passed !
	Initialyzed swapped data for i = 160, j = 338 sucessfully passed !
	Initialyzed swapped data for i = 160, j = 339 sucessfully passed !
	Initialyzed swapped data for i = 160, j = 340 sucessfully passed !
	Initialyzed swapped data for i = 160, j = 341 sucessfully passed !
	Initialyzed swapped data for i = 160, j = 342 sucessfully passed !
	Initialyzed swapped data for i = 160, j = 343 sucessfully passed !
	Initialyzed swapped data for i = 160, j = 344 sucessfully passed !
	Initialyzed swapped data for i = 160, j = 345 sucessfully passed !
	Initialyzed swapped data for i = 160, j = 346 sucessfully passed !
	Initialyzed swapped data for i = 160, j = 347 sucessfully passed !
	Initialyzed swapped data for i = 160, j = 348 sucessfully passed !
	Initialyzed swapped data for i = 160, j = 349 sucessfully passed !
	Initialyzed swapped data for i = 160, j = 350 sucessfully passed !
	Initialyzed swapped data for i = 160, j = 351 sucessfully passed !
	Initialyzed swapped data for i = 160, j = 352 sucessfully passed !
	Initialyzed swapped data for i = 160, j = 353 sucessfully passed !
	Initialyzed swapped data for i = 160, j = 354 sucessfully passed !
	Initialyzed swapped data for i = 160, j = 355 sucessfully passed !
	Initialyzed swapped data for i = 160, j = 356 sucessfully passed !
	Initialyzed swapped data for i = 160, j = 357 sucessfully passed !
	Initialyzed swapped data for i = 160, j = 358 sucessfully passed !
	Initialyzed swapped data for i = 160, j = 359 sucessfully passed !
	Initialyzed swapped data for i = 160, j = 360 sucessfully passed !
	Initialyzed swapped data for i = 160, j = 361 sucessfully passed !
	Initialyzed swapped data for i = 160, j = 362 sucessfully passed !
	Initialyzed swapped data for i = 160, j = 363 sucessfully passed !
	Initialyzed swapped data for i = 160, j = 364 sucessfully passed !
	Initialyzed swapped data for i = 160, j = 365 sucessfully passed !
	Initialyzed swapped data for i = 160, j = 366 sucessfully passed !
	Initialyzed swapped data for i = 160, j = 367 sucessfully passed !
	Initialyzed swapped data for i = 160, j = 368 sucessfully passed !
	Initialyzed swapped data for i = 160, j = 369 sucessfully passed !
	Initialyzed swapped data for i = 160, j = 370 sucessfully passed !
	Initialyzed swapped data for i = 160, j = 371 sucessfully passed !
	Initialyzed swapped data for i = 160, j = 372 sucessfully passed !
	Initialyzed swapped data for i = 160, j = 373 sucessfully passed !
	Initialyzed swapped data for i = 160, j = 374 sucessfully passed !
	Initialyzed swapped data for i = 160, j = 375 sucessfully passed !
	Initialyzed swapped data for i = 160, j = 376 sucessfully passed !
	Initialyzed swapped data for i = 160, j = 377 sucessfully passed !
	Initialyzed swapped data for i = 160, j = 378 sucessfully passed !
	Initialyzed swapped data for i = 160, j = 379 sucessfully passed !
	Initialyzed swapped data for i = 160, j = 380 sucessfully passed !
	Initialyzed swapped data for i = 160, j = 381 sucessfully passed !
	Initialyzed swapped data for i = 160, j = 382 sucessfully passed !
	Initialyzed swapped data for i = 160, j = 383 sucessfully passed !
	Initialyzed swapped data for i = 160, j = 384 sucessfully passed !
	Initialyzed swapped data for i = 160, j = 385 sucessfully passed !
	Initialyzed swapped data for i = 160, j = 386 sucessfully passed !
	Initialyzed swapped data for i = 160, j = 387 sucessfully passed !
	Initialyzed swapped data for i = 160, j = 388 sucessfully passed !
	Initialyzed swapped data for i = 160, j = 389 sucessfully passed !
	Initialyzed swapped data for i = 160, j = 390 sucessfully passed !
	Initialyzed swapped data for i = 160, j = 391 sucessfully passed !
	Initialyzed swapped data for i = 160, j = 392 sucessfully passed !
	Initialyzed swapped data for i = 160, j = 393 sucessfully passed !
	Initialyzed swapped data for i = 160, j = 394 sucessfully passed !
	Initialyzed swapped data for i = 160, j = 395 sucessfully passed !
	Initialyzed swapped data for i = 160, j = 396 sucessfully passed !
	Initialyzed swapped data for i = 160, j = 397 sucessfully passed !
	Initialyzed swapped data for i = 160, j = 398 sucessfully passed !
	Initialyzed swapped data for i = 160, j = 399 sucessfully passed !
	Initialyzed swapped data for i = 160, j = 400 sucessfully passed !
	Initialyzed swapped data for i = 160, j = 401 sucessfully passed !
	Initialyzed swapped data for i = 160, j = 402 sucessfully passed !
	Initialyzed swapped data for i = 160, j = 403 sucessfully passed !
	Initialyzed swapped data for i = 160, j = 404 sucessfully passed !
	Initialyzed swapped data for i = 160, j = 405 sucessfully passed !
	Initialyzed swapped data for i = 160, j = 406 sucessfully passed !
	Initialyzed swapped data for i = 160, j = 407 sucessfully passed !
	Initialyzed swapped data for i = 160, j = 408 sucessfully passed !
	Initialyzed swapped data for i = 160, j = 409 sucessfully passed !
	Initialyzed swapped data for i = 160, j = 410 sucessfully passed !
	Initialyzed swapped data for i = 160, j = 411 sucessfully passed !
	Initialyzed swapped data for i = 160, j = 412 sucessfully passed !
	Initialyzed swapped data for i = 160, j = 413 sucessfully passed !
	Initialyzed swapped data for i = 160, j = 414 sucessfully passed !
	Initialyzed swapped data for i = 160, j = 415 sucessfully passed !
	Initialyzed swapped data for i = 160, j = 416 sucessfully passed !
	Initialyzed swapped data for i = 160, j = 417 sucessfully passed !
	Initialyzed swapped data for i = 160, j = 418 sucessfully passed !
	Initialyzed swapped data for i = 160, j = 419 sucessfully passed !
	Initialyzed swapped data for i = 160, j = 420 sucessfully passed !
	Initialyzed swapped data for i = 160, j = 421 sucessfully passed !
	Initialyzed swapped data for i = 160, j = 422 sucessfully passed !
	Initialyzed swapped data for i = 160, j = 423 sucessfully passed !
	Initialyzed swapped data for i = 160, j = 424 sucessfully passed !
	Initialyzed swapped data for i = 160, j = 425 sucessfully passed !
	Initialyzed swapped data for i = 160, j = 426 sucessfully passed !
	Initialyzed swapped data for i = 160, j = 427 sucessfully passed !
	Initialyzed swapped data for i = 160, j = 428 sucessfully passed !
	Initialyzed swapped data for i = 160, j = 429 sucessfully passed !
	Initialyzed swapped data for i = 160, j = 430 sucessfully passed !
	Initialyzed swapped data for i = 160, j = 431 sucessfully passed !
	Initialyzed swapped data for i = 160, j = 432 sucessfully passed !
	Initialyzed swapped data for i = 160, j = 433 sucessfully passed !
	Initialyzed swapped data for i = 161, j = 162 sucessfully passed !
	Initialyzed swapped data for i = 161, j = 163 sucessfully passed !
	Initialyzed swapped data for i = 161, j = 164 sucessfully passed !
	Initialyzed swapped data for i = 161, j = 165 sucessfully passed !
	Initialyzed swapped data for i = 161, j = 166 sucessfully passed !
	Initialyzed swapped data for i = 161, j = 167 sucessfully passed !
	Initialyzed swapped data for i = 161, j = 168 sucessfully passed !
	Initialyzed swapped data for i = 161, j = 169 sucessfully passed !
	Initialyzed swapped data for i = 161, j = 170 sucessfully passed !
	Initialyzed swapped data for i = 161, j = 171 sucessfully passed !
	Initialyzed swapped data for i = 161, j = 172 sucessfully passed !
	Initialyzed swapped data for i = 161, j = 173 sucessfully passed !
	Initialyzed swapped data for i = 161, j = 174 sucessfully passed !
	Initialyzed swapped data for i = 161, j = 175 sucessfully passed !
	Initialyzed swapped data for i = 161, j = 176 sucessfully passed !
	Initialyzed swapped data for i = 161, j = 177 sucessfully passed !
	Initialyzed swapped data for i = 161, j = 178 sucessfully passed !
	Initialyzed swapped data for i = 161, j = 179 sucessfully passed !
	Initialyzed swapped data for i = 161, j = 180 sucessfully passed !
	Initialyzed swapped data for i = 161, j = 181 sucessfully passed !
	Initialyzed swapped data for i = 161, j = 182 sucessfully passed !
	Initialyzed swapped data for i = 161, j = 183 sucessfully passed !
	Initialyzed swapped data for i = 161, j = 184 sucessfully passed !
	Initialyzed swapped data for i = 161, j = 185 sucessfully passed !
	Initialyzed swapped data for i = 161, j = 186 sucessfully passed !
	Initialyzed swapped data for i = 161, j = 187 sucessfully passed !
	Initialyzed swapped data for i = 161, j = 188 sucessfully passed !
	Initialyzed swapped data for i = 161, j = 189 sucessfully passed !
	Initialyzed swapped data for i = 161, j = 190 sucessfully passed !
	Initialyzed swapped data for i = 161, j = 191 sucessfully passed !
	Initialyzed swapped data for i = 161, j = 192 sucessfully passed !
	Initialyzed swapped data for i = 161, j = 193 sucessfully passed !
	Initialyzed swapped data for i = 161, j = 194 sucessfully passed !
	Initialyzed swapped data for i = 161, j = 195 sucessfully passed !
	Initialyzed swapped data for i = 161, j = 196 sucessfully passed !
	Initialyzed swapped data for i = 161, j = 197 sucessfully passed !
	Initialyzed swapped data for i = 161, j = 198 sucessfully passed !
	Initialyzed swapped data for i = 161, j = 199 sucessfully passed !
	Initialyzed swapped data for i = 161, j = 200 sucessfully passed !
	Initialyzed swapped data for i = 161, j = 201 sucessfully passed !
	Initialyzed swapped data for i = 161, j = 202 sucessfully passed !
	Initialyzed swapped data for i = 161, j = 203 sucessfully passed !
	Initialyzed swapped data for i = 161, j = 204 sucessfully passed !
	Initialyzed swapped data for i = 161, j = 205 sucessfully passed !
	Initialyzed swapped data for i = 161, j = 206 sucessfully passed !
	Initialyzed swapped data for i = 161, j = 207 sucessfully passed !
	Initialyzed swapped data for i = 161, j = 208 sucessfully passed !
	Initialyzed swapped data for i = 161, j = 209 sucessfully passed !
	Initialyzed swapped data for i = 161, j = 210 sucessfully passed !
	Initialyzed swapped data for i = 161, j = 211 sucessfully passed !
	Initialyzed swapped data for i = 161, j = 212 sucessfully passed !
	Initialyzed swapped data for i = 161, j = 213 sucessfully passed !
	Initialyzed swapped data for i = 161, j = 214 sucessfully passed !
	Initialyzed swapped data for i = 161, j = 215 sucessfully passed !
	Initialyzed swapped data for i = 161, j = 216 sucessfully passed !
	Initialyzed swapped data for i = 161, j = 217 sucessfully passed !
	Initialyzed swapped data for i = 161, j = 218 sucessfully passed !
	Initialyzed swapped data for i = 161, j = 219 sucessfully passed !
	Initialyzed swapped data for i = 161, j = 220 sucessfully passed !
	Initialyzed swapped data for i = 161, j = 221 sucessfully passed !
	Initialyzed swapped data for i = 161, j = 222 sucessfully passed !
	Initialyzed swapped data for i = 161, j = 223 sucessfully passed !
	Initialyzed swapped data for i = 161, j = 224 sucessfully passed !
	Initialyzed swapped data for i = 161, j = 225 sucessfully passed !
	Initialyzed swapped data for i = 161, j = 226 sucessfully passed !
	Initialyzed swapped data for i = 161, j = 227 sucessfully passed !
	Initialyzed swapped data for i = 161, j = 228 sucessfully passed !
	Initialyzed swapped data for i = 161, j = 229 sucessfully passed !
	Initialyzed swapped data for i = 161, j = 230 sucessfully passed !
	Initialyzed swapped data for i = 161, j = 231 sucessfully passed !
	Initialyzed swapped data for i = 161, j = 232 sucessfully passed !
	Initialyzed swapped data for i = 161, j = 233 sucessfully passed !
	Initialyzed swapped data for i = 161, j = 234 sucessfully passed !
	Initialyzed swapped data for i = 161, j = 235 sucessfully passed !
	Initialyzed swapped data for i = 161, j = 236 sucessfully passed !
	Initialyzed swapped data for i = 161, j = 237 sucessfully passed !
	Initialyzed swapped data for i = 161, j = 238 sucessfully passed !
	Initialyzed swapped data for i = 161, j = 239 sucessfully passed !
	Initialyzed swapped data for i = 161, j = 240 sucessfully passed !
	Initialyzed swapped data for i = 161, j = 241 sucessfully passed !
	Initialyzed swapped data for i = 161, j = 242 sucessfully passed !
	Initialyzed swapped data for i = 161, j = 243 sucessfully passed !
	Initialyzed swapped data for i = 161, j = 244 sucessfully passed !
	Initialyzed swapped data for i = 161, j = 245 sucessfully passed !
	Initialyzed swapped data for i = 161, j = 246 sucessfully passed !
	Initialyzed swapped data for i = 161, j = 247 sucessfully passed !
	Initialyzed swapped data for i = 161, j = 248 sucessfully passed !
	Initialyzed swapped data for i = 161, j = 249 sucessfully passed !
	Initialyzed swapped data for i = 161, j = 250 sucessfully passed !
	Initialyzed swapped data for i = 161, j = 251 sucessfully passed !
	Initialyzed swapped data for i = 161, j = 252 sucessfully passed !
	Initialyzed swapped data for i = 161, j = 253 sucessfully passed !
	Initialyzed swapped data for i = 161, j = 254 sucessfully passed !
	Initialyzed swapped data for i = 161, j = 255 sucessfully passed !
	Initialyzed swapped data for i = 161, j = 256 sucessfully passed !
	Initialyzed swapped data for i = 161, j = 257 sucessfully passed !
	Initialyzed swapped data for i = 161, j = 258 sucessfully passed !
	Initialyzed swapped data for i = 161, j = 259 sucessfully passed !
	Initialyzed swapped data for i = 161, j = 260 sucessfully passed !
	Initialyzed swapped data for i = 161, j = 261 sucessfully passed !
	Initialyzed swapped data for i = 161, j = 262 sucessfully passed !
	Initialyzed swapped data for i = 161, j = 263 sucessfully passed !
	Initialyzed swapped data for i = 161, j = 264 sucessfully passed !
	Initialyzed swapped data for i = 161, j = 265 sucessfully passed !
	Initialyzed swapped data for i = 161, j = 266 sucessfully passed !
	Initialyzed swapped data for i = 161, j = 267 sucessfully passed !
	Initialyzed swapped data for i = 161, j = 268 sucessfully passed !
	Initialyzed swapped data for i = 161, j = 269 sucessfully passed !
	Initialyzed swapped data for i = 161, j = 270 sucessfully passed !
	Initialyzed swapped data for i = 161, j = 271 sucessfully passed !
	Initialyzed swapped data for i = 161, j = 272 sucessfully passed !
	Initialyzed swapped data for i = 161, j = 273 sucessfully passed !
	Initialyzed swapped data for i = 161, j = 274 sucessfully passed !
	Initialyzed swapped data for i = 161, j = 275 sucessfully passed !
	Initialyzed swapped data for i = 161, j = 276 sucessfully passed !
	Initialyzed swapped data for i = 161, j = 277 sucessfully passed !
	Initialyzed swapped data for i = 161, j = 278 sucessfully passed !
	Initialyzed swapped data for i = 161, j = 279 sucessfully passed !
	Initialyzed swapped data for i = 161, j = 280 sucessfully passed !
	Initialyzed swapped data for i = 161, j = 281 sucessfully passed !
	Initialyzed swapped data for i = 161, j = 282 sucessfully passed !
	Initialyzed swapped data for i = 161, j = 283 sucessfully passed !
	Initialyzed swapped data for i = 161, j = 284 sucessfully passed !
	Initialyzed swapped data for i = 161, j = 285 sucessfully passed !
	Initialyzed swapped data for i = 161, j = 286 sucessfully passed !
	Initialyzed swapped data for i = 161, j = 287 sucessfully passed !
	Initialyzed swapped data for i = 161, j = 288 sucessfully passed !
	Initialyzed swapped data for i = 161, j = 289 sucessfully passed !
	Initialyzed swapped data for i = 161, j = 290 sucessfully passed !
	Initialyzed swapped data for i = 161, j = 291 sucessfully passed !
	Initialyzed swapped data for i = 161, j = 292 sucessfully passed !
	Initialyzed swapped data for i = 161, j = 293 sucessfully passed !
	Initialyzed swapped data for i = 161, j = 294 sucessfully passed !
	Initialyzed swapped data for i = 161, j = 295 sucessfully passed !
	Initialyzed swapped data for i = 161, j = 296 sucessfully passed !
	Initialyzed swapped data for i = 161, j = 297 sucessfully passed !
	Initialyzed swapped data for i = 161, j = 298 sucessfully passed !
	Initialyzed swapped data for i = 161, j = 299 sucessfully passed !
	Initialyzed swapped data for i = 161, j = 300 sucessfully passed !
	Initialyzed swapped data for i = 161, j = 301 sucessfully passed !
	Initialyzed swapped data for i = 161, j = 302 sucessfully passed !
	Initialyzed swapped data for i = 161, j = 303 sucessfully passed !
	Initialyzed swapped data for i = 161, j = 304 sucessfully passed !
	Initialyzed swapped data for i = 161, j = 305 sucessfully passed !
	Initialyzed swapped data for i = 161, j = 306 sucessfully passed !
	Initialyzed swapped data for i = 161, j = 307 sucessfully passed !
	Initialyzed swapped data for i = 161, j = 308 sucessfully passed !
	Initialyzed swapped data for i = 161, j = 309 sucessfully passed !
	Initialyzed swapped data for i = 161, j = 310 sucessfully passed !
	Initialyzed swapped data for i = 161, j = 311 sucessfully passed !
	Initialyzed swapped data for i = 161, j = 312 sucessfully passed !
	Initialyzed swapped data for i = 161, j = 313 sucessfully passed !
	Initialyzed swapped data for i = 161, j = 314 sucessfully passed !
	Initialyzed swapped data for i = 161, j = 315 sucessfully passed !
	Initialyzed swapped data for i = 161, j = 316 sucessfully passed !
	Initialyzed swapped data for i = 161, j = 317 sucessfully passed !
	Initialyzed swapped data for i = 161, j = 318 sucessfully passed !
	Initialyzed swapped data for i = 161, j = 319 sucessfully passed !
	Initialyzed swapped data for i = 161, j = 320 sucessfully passed !
	Initialyzed swapped data for i = 161, j = 321 sucessfully passed !
	Initialyzed swapped data for i = 161, j = 322 sucessfully passed !
	Initialyzed swapped data for i = 161, j = 323 sucessfully passed !
	Initialyzed swapped data for i = 161, j = 324 sucessfully passed !
	Initialyzed swapped data for i = 161, j = 325 sucessfully passed !
	Initialyzed swapped data for i = 161, j = 326 sucessfully passed !
	Initialyzed swapped data for i = 161, j = 327 sucessfully passed !
	Initialyzed swapped data for i = 161, j = 328 sucessfully passed !
	Initialyzed swapped data for i = 161, j = 329 sucessfully passed !
	Initialyzed swapped data for i = 161, j = 330 sucessfully passed !
	Initialyzed swapped data for i = 161, j = 331 sucessfully passed !
	Initialyzed swapped data for i = 161, j = 332 sucessfully passed !
	Initialyzed swapped data for i = 161, j = 333 sucessfully passed !
	Initialyzed swapped data for i = 161, j = 334 sucessfully passed !
	Initialyzed swapped data for i = 161, j = 335 sucessfully passed !
	Initialyzed swapped data for i = 161, j = 336 sucessfully passed !
	Initialyzed swapped data for i = 161, j = 337 sucessfully passed !
	Initialyzed swapped data for i = 161, j = 338 sucessfully passed !
	Initialyzed swapped data for i = 161, j = 339 sucessfully passed !
	Initialyzed swapped data for i = 161, j = 340 sucessfully passed !
	Initialyzed swapped data for i = 161, j = 341 sucessfully passed !
	Initialyzed swapped data for i = 161, j = 342 sucessfully passed !
	Initialyzed swapped data for i = 161, j = 343 sucessfully passed !
	Initialyzed swapped data for i = 161, j = 344 sucessfully passed !
	Initialyzed swapped data for i = 161, j = 345 sucessfully passed !
	Initialyzed swapped data for i = 161, j = 346 sucessfully passed !
	Initialyzed swapped data for i = 161, j = 347 sucessfully passed !
	Initialyzed swapped data for i = 161, j = 348 sucessfully passed !
	Initialyzed swapped data for i = 161, j = 349 sucessfully passed !
	Initialyzed swapped data for i = 161, j = 350 sucessfully passed !
	Initialyzed swapped data for i = 161, j = 351 sucessfully passed !
	Initialyzed swapped data for i = 161, j = 352 sucessfully passed !
	Initialyzed swapped data for i = 161, j = 353 sucessfully passed !
	Initialyzed swapped data for i = 161, j = 354 sucessfully passed !
	Initialyzed swapped data for i = 161, j = 355 sucessfully passed !
	Initialyzed swapped data for i = 161, j = 356 sucessfully passed !
	Initialyzed swapped data for i = 161, j = 357 sucessfully passed !
	Initialyzed swapped data for i = 161, j = 358 sucessfully passed !
	Initialyzed swapped data for i = 161, j = 359 sucessfully passed !
	Initialyzed swapped data for i = 161, j = 360 sucessfully passed !
	Initialyzed swapped data for i = 161, j = 361 sucessfully passed !
	Initialyzed swapped data for i = 161, j = 362 sucessfully passed !
	Initialyzed swapped data for i = 161, j = 363 sucessfully passed !
	Initialyzed swapped data for i = 161, j = 364 sucessfully passed !
	Initialyzed swapped data for i = 161, j = 365 sucessfully passed !
	Initialyzed swapped data for i = 161, j = 366 sucessfully passed !
	Initialyzed swapped data for i = 161, j = 367 sucessfully passed !
	Initialyzed swapped data for i = 161, j = 368 sucessfully passed !
	Initialyzed swapped data for i = 161, j = 369 sucessfully passed !
	Initialyzed swapped data for i = 161, j = 370 sucessfully passed !
	Initialyzed swapped data for i = 161, j = 371 sucessfully passed !
	Initialyzed swapped data for i = 161, j = 372 sucessfully passed !
	Initialyzed swapped data for i = 161, j = 373 sucessfully passed !
	Initialyzed swapped data for i = 161, j = 374 sucessfully passed !
	Initialyzed swapped data for i = 161, j = 375 sucessfully passed !
	Initialyzed swapped data for i = 161, j = 376 sucessfully passed !
	Initialyzed swapped data for i = 161, j = 377 sucessfully passed !
	Initialyzed swapped data for i = 161, j = 378 sucessfully passed !
	Initialyzed swapped data for i = 161, j = 379 sucessfully passed !
	Initialyzed swapped data for i = 161, j = 380 sucessfully passed !
	Initialyzed swapped data for i = 161, j = 381 sucessfully passed !
	Initialyzed swapped data for i = 161, j = 382 sucessfully passed !
	Initialyzed swapped data for i = 161, j = 383 sucessfully passed !
	Initialyzed swapped data for i = 161, j = 384 sucessfully passed !
	Initialyzed swapped data for i = 161, j = 385 sucessfully passed !
	Initialyzed swapped data for i = 161, j = 386 sucessfully passed !
	Initialyzed swapped data for i = 161, j = 387 sucessfully passed !
	Initialyzed swapped data for i = 161, j = 388 sucessfully passed !
	Initialyzed swapped data for i = 161, j = 389 sucessfully passed !
	Initialyzed swapped data for i = 161, j = 390 sucessfully passed !
	Initialyzed swapped data for i = 161, j = 391 sucessfully passed !
	Initialyzed swapped data for i = 161, j = 392 sucessfully passed !
	Initialyzed swapped data for i = 161, j = 393 sucessfully passed !
	Initialyzed swapped data for i = 161, j = 394 sucessfully passed !
	Initialyzed swapped data for i = 161, j = 395 sucessfully passed !
	Initialyzed swapped data for i = 161, j = 396 sucessfully passed !
	Initialyzed swapped data for i = 161, j = 397 sucessfully passed !
	Initialyzed swapped data for i = 161, j = 398 sucessfully passed !
	Initialyzed swapped data for i = 161, j = 399 sucessfully passed !
	Initialyzed swapped data for i = 161, j = 400 sucessfully passed !
	Initialyzed swapped data for i = 161, j = 401 sucessfully passed !
	Initialyzed swapped data for i = 161, j = 402 sucessfully passed !
	Initialyzed swapped data for i = 161, j = 403 sucessfully passed !
	Initialyzed swapped data for i = 161, j = 404 sucessfully passed !
	Initialyzed swapped data for i = 161, j = 405 sucessfully passed !
	Initialyzed swapped data for i = 161, j = 406 sucessfully passed !
	Initialyzed swapped data for i = 161, j = 407 sucessfully passed !
	Initialyzed swapped data for i = 161, j = 408 sucessfully passed !
	Initialyzed swapped data for i = 161, j = 409 sucessfully passed !
	Initialyzed swapped data for i = 161, j = 410 sucessfully passed !
	Initialyzed swapped data for i = 161, j = 411 sucessfully passed !
	Initialyzed swapped data for i = 161, j = 412 sucessfully passed !
	Initialyzed swapped data for i = 161, j = 413 sucessfully passed !
	Initialyzed swapped data for i = 161, j = 414 sucessfully passed !
	Initialyzed swapped data for i = 161, j = 415 sucessfully passed !
	Initialyzed swapped data for i = 161, j = 416 sucessfully passed !
	Initialyzed swapped data for i = 161, j = 417 sucessfully passed !
	Initialyzed swapped data for i = 161, j = 418 sucessfully passed !
	Initialyzed swapped data for i = 161, j = 419 sucessfully passed !
	Initialyzed swapped data for i = 161, j = 420 sucessfully passed !
	Initialyzed swapped data for i = 161, j = 421 sucessfully passed !
	Initialyzed swapped data for i = 161, j = 422 sucessfully passed !
	Initialyzed swapped data for i = 161, j = 423 sucessfully passed !
	Initialyzed swapped data for i = 161, j = 424 sucessfully passed !
	Initialyzed swapped data for i = 161, j = 425 sucessfully passed !
	Initialyzed swapped data for i = 161, j = 426 sucessfully passed !
	Initialyzed swapped data for i = 161, j = 427 sucessfully passed !
	Initialyzed swapped data for i = 161, j = 428 sucessfully passed !
	Initialyzed swapped data for i = 161, j = 429 sucessfully passed !
	Initialyzed swapped data for i = 161, j = 430 sucessfully passed !
	Initialyzed swapped data for i = 161, j = 431 sucessfully passed !
	Initialyzed swapped data for i = 161, j = 432 sucessfully passed !
	Initialyzed swapped data for i = 161, j = 433 sucessfully passed !
	Initialyzed swapped data for i = 162, j = 163 sucessfully passed !
	Initialyzed swapped data for i = 162, j = 164 sucessfully passed !
	Initialyzed swapped data for i = 162, j = 165 sucessfully passed !
	Initialyzed swapped data for i = 162, j = 166 sucessfully passed !
	Initialyzed swapped data for i = 162, j = 167 sucessfully passed !
	Initialyzed swapped data for i = 162, j = 168 sucessfully passed !
	Initialyzed swapped data for i = 162, j = 169 sucessfully passed !
	Initialyzed swapped data for i = 162, j = 170 sucessfully passed !
	Initialyzed swapped data for i = 162, j = 171 sucessfully passed !
	Initialyzed swapped data for i = 162, j = 172 sucessfully passed !
	Initialyzed swapped data for i = 162, j = 173 sucessfully passed !
	Initialyzed swapped data for i = 162, j = 174 sucessfully passed !
	Initialyzed swapped data for i = 162, j = 175 sucessfully passed !
	Initialyzed swapped data for i = 162, j = 176 sucessfully passed !
	Initialyzed swapped data for i = 162, j = 177 sucessfully passed !
	Initialyzed swapped data for i = 162, j = 178 sucessfully passed !
	Initialyzed swapped data for i = 162, j = 179 sucessfully passed !
	Initialyzed swapped data for i = 162, j = 180 sucessfully passed !
	Initialyzed swapped data for i = 162, j = 181 sucessfully passed !
	Initialyzed swapped data for i = 162, j = 182 sucessfully passed !
	Initialyzed swapped data for i = 162, j = 183 sucessfully passed !
	Initialyzed swapped data for i = 162, j = 184 sucessfully passed !
	Initialyzed swapped data for i = 162, j = 185 sucessfully passed !
	Initialyzed swapped data for i = 162, j = 186 sucessfully passed !
	Initialyzed swapped data for i = 162, j = 187 sucessfully passed !
	Initialyzed swapped data for i = 162, j = 188 sucessfully passed !
	Initialyzed swapped data for i = 162, j = 189 sucessfully passed !
	Initialyzed swapped data for i = 162, j = 190 sucessfully passed !
	Initialyzed swapped data for i = 162, j = 191 sucessfully passed !
	Initialyzed swapped data for i = 162, j = 192 sucessfully passed !
	Initialyzed swapped data for i = 162, j = 193 sucessfully passed !
	Initialyzed swapped data for i = 162, j = 194 sucessfully passed !
	Initialyzed swapped data for i = 162, j = 195 sucessfully passed !
	Initialyzed swapped data for i = 162, j = 196 sucessfully passed !
	Initialyzed swapped data for i = 162, j = 197 sucessfully passed !
	Initialyzed swapped data for i = 162, j = 198 sucessfully passed !
	Initialyzed swapped data for i = 162, j = 199 sucessfully passed !
	Initialyzed swapped data for i = 162, j = 200 sucessfully passed !
	Initialyzed swapped data for i = 162, j = 201 sucessfully passed !
	Initialyzed swapped data for i = 162, j = 202 sucessfully passed !
	Initialyzed swapped data for i = 162, j = 203 sucessfully passed !
	Initialyzed swapped data for i = 162, j = 204 sucessfully passed !
	Initialyzed swapped data for i = 162, j = 205 sucessfully passed !
	Initialyzed swapped data for i = 162, j = 206 sucessfully passed !
	Initialyzed swapped data for i = 162, j = 207 sucessfully passed !
	Initialyzed swapped data for i = 162, j = 208 sucessfully passed !
	Initialyzed swapped data for i = 162, j = 209 sucessfully passed !
	Initialyzed swapped data for i = 162, j = 210 sucessfully passed !
	Initialyzed swapped data for i = 162, j = 211 sucessfully passed !
	Initialyzed swapped data for i = 162, j = 212 sucessfully passed !
	Initialyzed swapped data for i = 162, j = 213 sucessfully passed !
	Initialyzed swapped data for i = 162, j = 214 sucessfully passed !
	Initialyzed swapped data for i = 162, j = 215 sucessfully passed !
	Initialyzed swapped data for i = 162, j = 216 sucessfully passed !
	Initialyzed swapped data for i = 162, j = 217 sucessfully passed !
	Initialyzed swapped data for i = 162, j = 218 sucessfully passed !
	Initialyzed swapped data for i = 162, j = 219 sucessfully passed !
	Initialyzed swapped data for i = 162, j = 220 sucessfully passed !
	Initialyzed swapped data for i = 162, j = 221 sucessfully passed !
	Initialyzed swapped data for i = 162, j = 222 sucessfully passed !
	Initialyzed swapped data for i = 162, j = 223 sucessfully passed !
	Initialyzed swapped data for i = 162, j = 224 sucessfully passed !
	Initialyzed swapped data for i = 162, j = 225 sucessfully passed !
	Initialyzed swapped data for i = 162, j = 226 sucessfully passed !
	Initialyzed swapped data for i = 162, j = 227 sucessfully passed !
	Initialyzed swapped data for i = 162, j = 228 sucessfully passed !
	Initialyzed swapped data for i = 162, j = 229 sucessfully passed !
	Initialyzed swapped data for i = 162, j = 230 sucessfully passed !
	Initialyzed swapped data for i = 162, j = 231 sucessfully passed !
	Initialyzed swapped data for i = 162, j = 232 sucessfully passed !
	Initialyzed swapped data for i = 162, j = 233 sucessfully passed !
	Initialyzed swapped data for i = 162, j = 234 sucessfully passed !
	Initialyzed swapped data for i = 162, j = 235 sucessfully passed !
	Initialyzed swapped data for i = 162, j = 236 sucessfully passed !
	Initialyzed swapped data for i = 162, j = 237 sucessfully passed !
	Initialyzed swapped data for i = 162, j = 238 sucessfully passed !
	Initialyzed swapped data for i = 162, j = 239 sucessfully passed !
	Initialyzed swapped data for i = 162, j = 240 sucessfully passed !
	Initialyzed swapped data for i = 162, j = 241 sucessfully passed !
	Initialyzed swapped data for i = 162, j = 242 sucessfully passed !
	Initialyzed swapped data for i = 162, j = 243 sucessfully passed !
	Initialyzed swapped data for i = 162, j = 244 sucessfully passed !
	Initialyzed swapped data for i = 162, j = 245 sucessfully passed !
	Initialyzed swapped data for i = 162, j = 246 sucessfully passed !
	Initialyzed swapped data for i = 162, j = 247 sucessfully passed !
	Initialyzed swapped data for i = 162, j = 248 sucessfully passed !
	Initialyzed swapped data for i = 162, j = 249 sucessfully passed !
	Initialyzed swapped data for i = 162, j = 250 sucessfully passed !
	Initialyzed swapped data for i = 162, j = 251 sucessfully passed !
	Initialyzed swapped data for i = 162, j = 252 sucessfully passed !
	Initialyzed swapped data for i = 162, j = 253 sucessfully passed !
	Initialyzed swapped data for i = 162, j = 254 sucessfully passed !
	Initialyzed swapped data for i = 162, j = 255 sucessfully passed !
	Initialyzed swapped data for i = 162, j = 256 sucessfully passed !
	Initialyzed swapped data for i = 162, j = 257 sucessfully passed !
	Initialyzed swapped data for i = 162, j = 258 sucessfully passed !
	Initialyzed swapped data for i = 162, j = 259 sucessfully passed !
	Initialyzed swapped data for i = 162, j = 260 sucessfully passed !
	Initialyzed swapped data for i = 162, j = 261 sucessfully passed !
	Initialyzed swapped data for i = 162, j = 262 sucessfully passed !
	Initialyzed swapped data for i = 162, j = 263 sucessfully passed !
	Initialyzed swapped data for i = 162, j = 264 sucessfully passed !
	Initialyzed swapped data for i = 162, j = 265 sucessfully passed !
	Initialyzed swapped data for i = 162, j = 266 sucessfully passed !
	Initialyzed swapped data for i = 162, j = 267 sucessfully passed !
	Initialyzed swapped data for i = 162, j = 268 sucessfully passed !
	Initialyzed swapped data for i = 162, j = 269 sucessfully passed !
	Initialyzed swapped data for i = 162, j = 270 sucessfully passed !
	Initialyzed swapped data for i = 162, j = 271 sucessfully passed !
	Initialyzed swapped data for i = 162, j = 272 sucessfully passed !
	Initialyzed swapped data for i = 162, j = 273 sucessfully passed !
	Initialyzed swapped data for i = 162, j = 274 sucessfully passed !
	Initialyzed swapped data for i = 162, j = 275 sucessfully passed !
	Initialyzed swapped data for i = 162, j = 276 sucessfully passed !
	Initialyzed swapped data for i = 162, j = 277 sucessfully passed !
	Initialyzed swapped data for i = 162, j = 278 sucessfully passed !
	Initialyzed swapped data for i = 162, j = 279 sucessfully passed !
	Initialyzed swapped data for i = 162, j = 280 sucessfully passed !
	Initialyzed swapped data for i = 162, j = 281 sucessfully passed !
	Initialyzed swapped data for i = 162, j = 282 sucessfully passed !
	Initialyzed swapped data for i = 162, j = 283 sucessfully passed !
	Initialyzed swapped data for i = 162, j = 284 sucessfully passed !
	Initialyzed swapped data for i = 162, j = 285 sucessfully passed !
	Initialyzed swapped data for i = 162, j = 286 sucessfully passed !
	Initialyzed swapped data for i = 162, j = 287 sucessfully passed !
	Initialyzed swapped data for i = 162, j = 288 sucessfully passed !
	Initialyzed swapped data for i = 162, j = 289 sucessfully passed !
	Initialyzed swapped data for i = 162, j = 290 sucessfully passed !
	Initialyzed swapped data for i = 162, j = 291 sucessfully passed !
	Initialyzed swapped data for i = 162, j = 292 sucessfully passed !
	Initialyzed swapped data for i = 162, j = 293 sucessfully passed !
	Initialyzed swapped data for i = 162, j = 294 sucessfully passed !
	Initialyzed swapped data for i = 162, j = 295 sucessfully passed !
	Initialyzed swapped data for i = 162, j = 296 sucessfully passed !
	Initialyzed swapped data for i = 162, j = 297 sucessfully passed !
	Initialyzed swapped data for i = 162, j = 298 sucessfully passed !
	Initialyzed swapped data for i = 162, j = 299 sucessfully passed !
	Initialyzed swapped data for i = 162, j = 300 sucessfully passed !
	Initialyzed swapped data for i = 162, j = 301 sucessfully passed !
	Initialyzed swapped data for i = 162, j = 302 sucessfully passed !
	Initialyzed swapped data for i = 162, j = 303 sucessfully passed !
	Initialyzed swapped data for i = 162, j = 304 sucessfully passed !
	Initialyzed swapped data for i = 162, j = 305 sucessfully passed !
	Initialyzed swapped data for i = 162, j = 306 sucessfully passed !
	Initialyzed swapped data for i = 162, j = 307 sucessfully passed !
	Initialyzed swapped data for i = 162, j = 308 sucessfully passed !
	Initialyzed swapped data for i = 162, j = 309 sucessfully passed !
	Initialyzed swapped data for i = 162, j = 310 sucessfully passed !
	Initialyzed swapped data for i = 162, j = 311 sucessfully passed !
	Initialyzed swapped data for i = 162, j = 312 sucessfully passed !
	Initialyzed swapped data for i = 162, j = 313 sucessfully passed !
	Initialyzed swapped data for i = 162, j = 314 sucessfully passed !
	Initialyzed swapped data for i = 162, j = 315 sucessfully passed !
	Initialyzed swapped data for i = 162, j = 316 sucessfully passed !
	Initialyzed swapped data for i = 162, j = 317 sucessfully passed !
	Initialyzed swapped data for i = 162, j = 318 sucessfully passed !
	Initialyzed swapped data for i = 162, j = 319 sucessfully passed !
	Initialyzed swapped data for i = 162, j = 320 sucessfully passed !
	Initialyzed swapped data for i = 162, j = 321 sucessfully passed !
	Initialyzed swapped data for i = 162, j = 322 sucessfully passed !
	Initialyzed swapped data for i = 162, j = 323 sucessfully passed !
	Initialyzed swapped data for i = 162, j = 324 sucessfully passed !
	Initialyzed swapped data for i = 162, j = 325 sucessfully passed !
	Initialyzed swapped data for i = 162, j = 326 sucessfully passed !
	Initialyzed swapped data for i = 162, j = 327 sucessfully passed !
	Initialyzed swapped data for i = 162, j = 328 sucessfully passed !
	Initialyzed swapped data for i = 162, j = 329 sucessfully passed !
	Initialyzed swapped data for i = 162, j = 330 sucessfully passed !
	Initialyzed swapped data for i = 162, j = 331 sucessfully passed !
	Initialyzed swapped data for i = 162, j = 332 sucessfully passed !
	Initialyzed swapped data for i = 162, j = 333 sucessfully passed !
	Initialyzed swapped data for i = 162, j = 334 sucessfully passed !
	Initialyzed swapped data for i = 162, j = 335 sucessfully passed !
	Initialyzed swapped data for i = 162, j = 336 sucessfully passed !
	Initialyzed swapped data for i = 162, j = 337 sucessfully passed !
	Initialyzed swapped data for i = 162, j = 338 sucessfully passed !
	Initialyzed swapped data for i = 162, j = 339 sucessfully passed !
	Initialyzed swapped data for i = 162, j = 340 sucessfully passed !
	Initialyzed swapped data for i = 162, j = 341 sucessfully passed !
	Initialyzed swapped data for i = 162, j = 342 sucessfully passed !
	Initialyzed swapped data for i = 162, j = 343 sucessfully passed !
	Initialyzed swapped data for i = 162, j = 344 sucessfully passed !
	Initialyzed swapped data for i = 162, j = 345 sucessfully passed !
	Initialyzed swapped data for i = 162, j = 346 sucessfully passed !
	Initialyzed swapped data for i = 162, j = 347 sucessfully passed !
	Initialyzed swapped data for i = 162, j = 348 sucessfully passed !
	Initialyzed swapped data for i = 162, j = 349 sucessfully passed !
	Initialyzed swapped data for i = 162, j = 350 sucessfully passed !
	Initialyzed swapped data for i = 162, j = 351 sucessfully passed !
	Initialyzed swapped data for i = 162, j = 352 sucessfully passed !
	Initialyzed swapped data for i = 162, j = 353 sucessfully passed !
	Initialyzed swapped data for i = 162, j = 354 sucessfully passed !
	Initialyzed swapped data for i = 162, j = 355 sucessfully passed !
	Initialyzed swapped data for i = 162, j = 356 sucessfully passed !
	Initialyzed swapped data for i = 162, j = 357 sucessfully passed !
	Initialyzed swapped data for i = 162, j = 358 sucessfully passed !
	Initialyzed swapped data for i = 162, j = 359 sucessfully passed !
	Initialyzed swapped data for i = 162, j = 360 sucessfully passed !
	Initialyzed swapped data for i = 162, j = 361 sucessfully passed !
	Initialyzed swapped data for i = 162, j = 362 sucessfully passed !
	Initialyzed swapped data for i = 162, j = 363 sucessfully passed !
	Initialyzed swapped data for i = 162, j = 364 sucessfully passed !
	Initialyzed swapped data for i = 162, j = 365 sucessfully passed !
	Initialyzed swapped data for i = 162, j = 366 sucessfully passed !
	Initialyzed swapped data for i = 162, j = 367 sucessfully passed !
	Initialyzed swapped data for i = 162, j = 368 sucessfully passed !
	Initialyzed swapped data for i = 162, j = 369 sucessfully passed !
	Initialyzed swapped data for i = 162, j = 370 sucessfully passed !
	Initialyzed swapped data for i = 162, j = 371 sucessfully passed !
	Initialyzed swapped data for i = 162, j = 372 sucessfully passed !
	Initialyzed swapped data for i = 162, j = 373 sucessfully passed !
	Initialyzed swapped data for i = 162, j = 374 sucessfully passed !
	Initialyzed swapped data for i = 162, j = 375 sucessfully passed !
	Initialyzed swapped data for i = 162, j = 376 sucessfully passed !
	Initialyzed swapped data for i = 162, j = 377 sucessfully passed !
	Initialyzed swapped data for i = 162, j = 378 sucessfully passed !
	Initialyzed swapped data for i = 162, j = 379 sucessfully passed !
	Initialyzed swapped data for i = 162, j = 380 sucessfully passed !
	Initialyzed swapped data for i = 162, j = 381 sucessfully passed !
	Initialyzed swapped data for i = 162, j = 382 sucessfully passed !
	Initialyzed swapped data for i = 162, j = 383 sucessfully passed !
	Initialyzed swapped data for i = 162, j = 384 sucessfully passed !
	Initialyzed swapped data for i = 162, j = 385 sucessfully passed !
	Initialyzed swapped data for i = 162, j = 386 sucessfully passed !
	Initialyzed swapped data for i = 162, j = 387 sucessfully passed !
	Initialyzed swapped data for i = 162, j = 388 sucessfully passed !
	Initialyzed swapped data for i = 162, j = 389 sucessfully passed !
	Initialyzed swapped data for i = 162, j = 390 sucessfully passed !
	Initialyzed swapped data for i = 162, j = 391 sucessfully passed !
	Initialyzed swapped data for i = 162, j = 392 sucessfully passed !
	Initialyzed swapped data for i = 162, j = 393 sucessfully passed !
	Initialyzed swapped data for i = 162, j = 394 sucessfully passed !
	Initialyzed swapped data for i = 162, j = 395 sucessfully passed !
	Initialyzed swapped data for i = 162, j = 396 sucessfully passed !
	Initialyzed swapped data for i = 162, j = 397 sucessfully passed !
	Initialyzed swapped data for i = 162, j = 398 sucessfully passed !
	Initialyzed swapped data for i = 162, j = 399 sucessfully passed !
	Initialyzed swapped data for i = 162, j = 400 sucessfully passed !
	Initialyzed swapped data for i = 162, j = 401 sucessfully passed !
	Initialyzed swapped data for i = 162, j = 402 sucessfully passed !
	Initialyzed swapped data for i = 162, j = 403 sucessfully passed !
	Initialyzed swapped data for i = 162, j = 404 sucessfully passed !
	Initialyzed swapped data for i = 162, j = 405 sucessfully passed !
	Initialyzed swapped data for i = 162, j = 406 sucessfully passed !
	Initialyzed swapped data for i = 162, j = 407 sucessfully passed !
	Initialyzed swapped data for i = 162, j = 408 sucessfully passed !
	Initialyzed swapped data for i = 162, j = 409 sucessfully passed !
	Initialyzed swapped data for i = 162, j = 410 sucessfully passed !
	Initialyzed swapped data for i = 162, j = 411 sucessfully passed !
	Initialyzed swapped data for i = 162, j = 412 sucessfully passed !
	Initialyzed swapped data for i = 162, j = 413 sucessfully passed !
	Initialyzed swapped data for i = 162, j = 414 sucessfully passed !
	Initialyzed swapped data for i = 162, j = 415 sucessfully passed !
	Initialyzed swapped data for i = 162, j = 416 sucessfully passed !
	Initialyzed swapped data for i = 162, j = 417 sucessfully passed !
	Initialyzed swapped data for i = 162, j = 418 sucessfully passed !
	Initialyzed swapped data for i = 162, j = 419 sucessfully passed !
	Initialyzed swapped data for i = 162, j = 420 sucessfully passed !
	Initialyzed swapped data for i = 162, j = 421 sucessfully passed !
	Initialyzed swapped data for i = 162, j = 422 sucessfully passed !
	Initialyzed swapped data for i = 162, j = 423 sucessfully passed !
	Initialyzed swapped data for i = 162, j = 424 sucessfully passed !
	Initialyzed swapped data for i = 162, j = 425 sucessfully passed !
	Initialyzed swapped data for i = 162, j = 426 sucessfully passed !
	Initialyzed swapped data for i = 162, j = 427 sucessfully passed !
	Initialyzed swapped data for i = 162, j = 428 sucessfully passed !
	Initialyzed swapped data for i = 162, j = 429 sucessfully passed !
	Initialyzed swapped data for i = 162, j = 430 sucessfully passed !
	Initialyzed swapped data for i = 162, j = 431 sucessfully passed !
	Initialyzed swapped data for i = 162, j = 432 sucessfully passed !
	Initialyzed swapped data for i = 162, j = 433 sucessfully passed !
	Initialyzed swapped data for i = 163, j = 164 sucessfully passed !
	Initialyzed swapped data for i = 163, j = 165 sucessfully passed !
	Initialyzed swapped data for i = 163, j = 166 sucessfully passed !
	Initialyzed swapped data for i = 163, j = 167 sucessfully passed !
	Initialyzed swapped data for i = 163, j = 168 sucessfully passed !
	Initialyzed swapped data for i = 163, j = 169 sucessfully passed !
	Initialyzed swapped data for i = 163, j = 170 sucessfully passed !
	Initialyzed swapped data for i = 163, j = 171 sucessfully passed !
	Initialyzed swapped data for i = 163, j = 172 sucessfully passed !
	Initialyzed swapped data for i = 163, j = 173 sucessfully passed !
	Initialyzed swapped data for i = 163, j = 174 sucessfully passed !
	Initialyzed swapped data for i = 163, j = 175 sucessfully passed !
	Initialyzed swapped data for i = 163, j = 176 sucessfully passed !
	Initialyzed swapped data for i = 163, j = 177 sucessfully passed !
	Initialyzed swapped data for i = 163, j = 178 sucessfully passed !
	Initialyzed swapped data for i = 163, j = 179 sucessfully passed !
	Initialyzed swapped data for i = 163, j = 180 sucessfully passed !
	Initialyzed swapped data for i = 163, j = 181 sucessfully passed !
	Initialyzed swapped data for i = 163, j = 182 sucessfully passed !
	Initialyzed swapped data for i = 163, j = 183 sucessfully passed !
	Initialyzed swapped data for i = 163, j = 184 sucessfully passed !
	Initialyzed swapped data for i = 163, j = 185 sucessfully passed !
	Initialyzed swapped data for i = 163, j = 186 sucessfully passed !
	Initialyzed swapped data for i = 163, j = 187 sucessfully passed !
	Initialyzed swapped data for i = 163, j = 188 sucessfully passed !
	Initialyzed swapped data for i = 163, j = 189 sucessfully passed !
	Initialyzed swapped data for i = 163, j = 190 sucessfully passed !
	Initialyzed swapped data for i = 163, j = 191 sucessfully passed !
	Initialyzed swapped data for i = 163, j = 192 sucessfully passed !
	Initialyzed swapped data for i = 163, j = 193 sucessfully passed !
	Initialyzed swapped data for i = 163, j = 194 sucessfully passed !
	Initialyzed swapped data for i = 163, j = 195 sucessfully passed !
	Initialyzed swapped data for i = 163, j = 196 sucessfully passed !
	Initialyzed swapped data for i = 163, j = 197 sucessfully passed !
	Initialyzed swapped data for i = 163, j = 198 sucessfully passed !
	Initialyzed swapped data for i = 163, j = 199 sucessfully passed !
	Initialyzed swapped data for i = 163, j = 200 sucessfully passed !
	Initialyzed swapped data for i = 163, j = 201 sucessfully passed !
	Initialyzed swapped data for i = 163, j = 202 sucessfully passed !
	Initialyzed swapped data for i = 163, j = 203 sucessfully passed !
	Initialyzed swapped data for i = 163, j = 204 sucessfully passed !
	Initialyzed swapped data for i = 163, j = 205 sucessfully passed !
	Initialyzed swapped data for i = 163, j = 206 sucessfully passed !
	Initialyzed swapped data for i = 163, j = 207 sucessfully passed !
	Initialyzed swapped data for i = 163, j = 208 sucessfully passed !
	Initialyzed swapped data for i = 163, j = 209 sucessfully passed !
	Initialyzed swapped data for i = 163, j = 210 sucessfully passed !
	Initialyzed swapped data for i = 163, j = 211 sucessfully passed !
	Initialyzed swapped data for i = 163, j = 212 sucessfully passed !
	Initialyzed swapped data for i = 163, j = 213 sucessfully passed !
	Initialyzed swapped data for i = 163, j = 214 sucessfully passed !
	Initialyzed swapped data for i = 163, j = 215 sucessfully passed !
	Initialyzed swapped data for i = 163, j = 216 sucessfully passed !
	Initialyzed swapped data for i = 163, j = 217 sucessfully passed !
	Initialyzed swapped data for i = 163, j = 218 sucessfully passed !
	Initialyzed swapped data for i = 163, j = 219 sucessfully passed !
	Initialyzed swapped data for i = 163, j = 220 sucessfully passed !
	Initialyzed swapped data for i = 163, j = 221 sucessfully passed !
	Initialyzed swapped data for i = 163, j = 222 sucessfully passed !
	Initialyzed swapped data for i = 163, j = 223 sucessfully passed !
	Initialyzed swapped data for i = 163, j = 224 sucessfully passed !
	Initialyzed swapped data for i = 163, j = 225 sucessfully passed !
	Initialyzed swapped data for i = 163, j = 226 sucessfully passed !
	Initialyzed swapped data for i = 163, j = 227 sucessfully passed !
	Initialyzed swapped data for i = 163, j = 228 sucessfully passed !
	Initialyzed swapped data for i = 163, j = 229 sucessfully passed !
	Initialyzed swapped data for i = 163, j = 230 sucessfully passed !
	Initialyzed swapped data for i = 163, j = 231 sucessfully passed !
	Initialyzed swapped data for i = 163, j = 232 sucessfully passed !
	Initialyzed swapped data for i = 163, j = 233 sucessfully passed !
	Initialyzed swapped data for i = 163, j = 234 sucessfully passed !
	Initialyzed swapped data for i = 163, j = 235 sucessfully passed !
	Initialyzed swapped data for i = 163, j = 236 sucessfully passed !
	Initialyzed swapped data for i = 163, j = 237 sucessfully passed !
	Initialyzed swapped data for i = 163, j = 238 sucessfully passed !
	Initialyzed swapped data for i = 163, j = 239 sucessfully passed !
	Initialyzed swapped data for i = 163, j = 240 sucessfully passed !
	Initialyzed swapped data for i = 163, j = 241 sucessfully passed !
	Initialyzed swapped data for i = 163, j = 242 sucessfully passed !
	Initialyzed swapped data for i = 163, j = 243 sucessfully passed !
	Initialyzed swapped data for i = 163, j = 244 sucessfully passed !
	Initialyzed swapped data for i = 163, j = 245 sucessfully passed !
	Initialyzed swapped data for i = 163, j = 246 sucessfully passed !
	Initialyzed swapped data for i = 163, j = 247 sucessfully passed !
	Initialyzed swapped data for i = 163, j = 248 sucessfully passed !
	Initialyzed swapped data for i = 163, j = 249 sucessfully passed !
	Initialyzed swapped data for i = 163, j = 250 sucessfully passed !
	Initialyzed swapped data for i = 163, j = 251 sucessfully passed !
	Initialyzed swapped data for i = 163, j = 252 sucessfully passed !
	Initialyzed swapped data for i = 163, j = 253 sucessfully passed !
	Initialyzed swapped data for i = 163, j = 254 sucessfully passed !
	Initialyzed swapped data for i = 163, j = 255 sucessfully passed !
	Initialyzed swapped data for i = 163, j = 256 sucessfully passed !
	Initialyzed swapped data for i = 163, j = 257 sucessfully passed !
	Initialyzed swapped data for i = 163, j = 258 sucessfully passed !
	Initialyzed swapped data for i = 163, j = 259 sucessfully passed !
	Initialyzed swapped data for i = 163, j = 260 sucessfully passed !
	Initialyzed swapped data for i = 163, j = 261 sucessfully passed !
	Initialyzed swapped data for i = 163, j = 262 sucessfully passed !
	Initialyzed swapped data for i = 163, j = 263 sucessfully passed !
	Initialyzed swapped data for i = 163, j = 264 sucessfully passed !
	Initialyzed swapped data for i = 163, j = 265 sucessfully passed !
	Initialyzed swapped data for i = 163, j = 266 sucessfully passed !
	Initialyzed swapped data for i = 163, j = 267 sucessfully passed !
	Initialyzed swapped data for i = 163, j = 268 sucessfully passed !
	Initialyzed swapped data for i = 163, j = 269 sucessfully passed !
	Initialyzed swapped data for i = 163, j = 270 sucessfully passed !
	Initialyzed swapped data for i = 163, j = 271 sucessfully passed !
	Initialyzed swapped data for i = 163, j = 272 sucessfully passed !
	Initialyzed swapped data for i = 163, j = 273 sucessfully passed !
	Initialyzed swapped data for i = 163, j = 274 sucessfully passed !
	Initialyzed swapped data for i = 163, j = 275 sucessfully passed !
	Initialyzed swapped data for i = 163, j = 276 sucessfully passed !
	Initialyzed swapped data for i = 163, j = 277 sucessfully passed !
	Initialyzed swapped data for i = 163, j = 278 sucessfully passed !
	Initialyzed swapped data for i = 163, j = 279 sucessfully passed !
	Initialyzed swapped data for i = 163, j = 280 sucessfully passed !
	Initialyzed swapped data for i = 163, j = 281 sucessfully passed !
	Initialyzed swapped data for i = 163, j = 282 sucessfully passed !
	Initialyzed swapped data for i = 163, j = 283 sucessfully passed !
	Initialyzed swapped data for i = 163, j = 284 sucessfully passed !
	Initialyzed swapped data for i = 163, j = 285 sucessfully passed !
	Initialyzed swapped data for i = 163, j = 286 sucessfully passed !
	Initialyzed swapped data for i = 163, j = 287 sucessfully passed !
	Initialyzed swapped data for i = 163, j = 288 sucessfully passed !
	Initialyzed swapped data for i = 163, j = 289 sucessfully passed !
	Initialyzed swapped data for i = 163, j = 290 sucessfully passed !
	Initialyzed swapped data for i = 163, j = 291 sucessfully passed !
	Initialyzed swapped data for i = 163, j = 292 sucessfully passed !
	Initialyzed swapped data for i = 163, j = 293 sucessfully passed !
	Initialyzed swapped data for i = 163, j = 294 sucessfully passed !
	Initialyzed swapped data for i = 163, j = 295 sucessfully passed !
	Initialyzed swapped data for i = 163, j = 296 sucessfully passed !
	Initialyzed swapped data for i = 163, j = 297 sucessfully passed !
	Initialyzed swapped data for i = 163, j = 298 sucessfully passed !
	Initialyzed swapped data for i = 163, j = 299 sucessfully passed !
	Initialyzed swapped data for i = 163, j = 300 sucessfully passed !
	Initialyzed swapped data for i = 163, j = 301 sucessfully passed !
	Initialyzed swapped data for i = 163, j = 302 sucessfully passed !
	Initialyzed swapped data for i = 163, j = 303 sucessfully passed !
	Initialyzed swapped data for i = 163, j = 304 sucessfully passed !
	Initialyzed swapped data for i = 163, j = 305 sucessfully passed !
	Initialyzed swapped data for i = 163, j = 306 sucessfully passed !
	Initialyzed swapped data for i = 163, j = 307 sucessfully passed !
	Initialyzed swapped data for i = 163, j = 308 sucessfully passed !
	Initialyzed swapped data for i = 163, j = 309 sucessfully passed !
	Initialyzed swapped data for i = 163, j = 310 sucessfully passed !
	Initialyzed swapped data for i = 163, j = 311 sucessfully passed !
	Initialyzed swapped data for i = 163, j = 312 sucessfully passed !
	Initialyzed swapped data for i = 163, j = 313 sucessfully passed !
	Initialyzed swapped data for i = 163, j = 314 sucessfully passed !
	Initialyzed swapped data for i = 163, j = 315 sucessfully passed !
	Initialyzed swapped data for i = 163, j = 316 sucessfully passed !
	Initialyzed swapped data for i = 163, j = 317 sucessfully passed !
	Initialyzed swapped data for i = 163, j = 318 sucessfully passed !
	Initialyzed swapped data for i = 163, j = 319 sucessfully passed !
	Initialyzed swapped data for i = 163, j = 320 sucessfully passed !
	Initialyzed swapped data for i = 163, j = 321 sucessfully passed !
	Initialyzed swapped data for i = 163, j = 322 sucessfully passed !
	Initialyzed swapped data for i = 163, j = 323 sucessfully passed !
	Initialyzed swapped data for i = 163, j = 324 sucessfully passed !
	Initialyzed swapped data for i = 163, j = 325 sucessfully passed !
	Initialyzed swapped data for i = 163, j = 326 sucessfully passed !
	Initialyzed swapped data for i = 163, j = 327 sucessfully passed !
	Initialyzed swapped data for i = 163, j = 328 sucessfully passed !
	Initialyzed swapped data for i = 163, j = 329 sucessfully passed !
	Initialyzed swapped data for i = 163, j = 330 sucessfully passed !
	Initialyzed swapped data for i = 163, j = 331 sucessfully passed !
	Initialyzed swapped data for i = 163, j = 332 sucessfully passed !
	Initialyzed swapped data for i = 163, j = 333 sucessfully passed !
	Initialyzed swapped data for i = 163, j = 334 sucessfully passed !
	Initialyzed swapped data for i = 163, j = 335 sucessfully passed !
	Initialyzed swapped data for i = 163, j = 336 sucessfully passed !
	Initialyzed swapped data for i = 163, j = 337 sucessfully passed !
	Initialyzed swapped data for i = 163, j = 338 sucessfully passed !
	Initialyzed swapped data for i = 163, j = 339 sucessfully passed !
	Initialyzed swapped data for i = 163, j = 340 sucessfully passed !
	Initialyzed swapped data for i = 163, j = 341 sucessfully passed !
	Initialyzed swapped data for i = 163, j = 342 sucessfully passed !
	Initialyzed swapped data for i = 163, j = 343 sucessfully passed !
	Initialyzed swapped data for i = 163, j = 344 sucessfully passed !
	Initialyzed swapped data for i = 163, j = 345 sucessfully passed !
	Initialyzed swapped data for i = 163, j = 346 sucessfully passed !
	Initialyzed swapped data for i = 163, j = 347 sucessfully passed !
	Initialyzed swapped data for i = 163, j = 348 sucessfully passed !
	Initialyzed swapped data for i = 163, j = 349 sucessfully passed !
	Initialyzed swapped data for i = 163, j = 350 sucessfully passed !
	Initialyzed swapped data for i = 163, j = 351 sucessfully passed !
	Initialyzed swapped data for i = 163, j = 352 sucessfully passed !
	Initialyzed swapped data for i = 163, j = 353 sucessfully passed !
	Initialyzed swapped data for i = 163, j = 354 sucessfully passed !
	Initialyzed swapped data for i = 163, j = 355 sucessfully passed !
	Initialyzed swapped data for i = 163, j = 356 sucessfully passed !
	Initialyzed swapped data for i = 163, j = 357 sucessfully passed !
	Initialyzed swapped data for i = 163, j = 358 sucessfully passed !
	Initialyzed swapped data for i = 163, j = 359 sucessfully passed !
	Initialyzed swapped data for i = 163, j = 360 sucessfully passed !
	Initialyzed swapped data for i = 163, j = 361 sucessfully passed !
	Initialyzed swapped data for i = 163, j = 362 sucessfully passed !
	Initialyzed swapped data for i = 163, j = 363 sucessfully passed !
	Initialyzed swapped data for i = 163, j = 364 sucessfully passed !
	Initialyzed swapped data for i = 163, j = 365 sucessfully passed !
	Initialyzed swapped data for i = 163, j = 366 sucessfully passed !
	Initialyzed swapped data for i = 163, j = 367 sucessfully passed !
	Initialyzed swapped data for i = 163, j = 368 sucessfully passed !
	Initialyzed swapped data for i = 163, j = 369 sucessfully passed !
	Initialyzed swapped data for i = 163, j = 370 sucessfully passed !
	Initialyzed swapped data for i = 163, j = 371 sucessfully passed !
	Initialyzed swapped data for i = 163, j = 372 sucessfully passed !
	Initialyzed swapped data for i = 163, j = 373 sucessfully passed !
	Initialyzed swapped data for i = 163, j = 374 sucessfully passed !
	Initialyzed swapped data for i = 163, j = 375 sucessfully passed !
	Initialyzed swapped data for i = 163, j = 376 sucessfully passed !
	Initialyzed swapped data for i = 163, j = 377 sucessfully passed !
	Initialyzed swapped data for i = 163, j = 378 sucessfully passed !
	Initialyzed swapped data for i = 163, j = 379 sucessfully passed !
	Initialyzed swapped data for i = 163, j = 380 sucessfully passed !
	Initialyzed swapped data for i = 163, j = 381 sucessfully passed !
	Initialyzed swapped data for i = 163, j = 382 sucessfully passed !
	Initialyzed swapped data for i = 163, j = 383 sucessfully passed !
	Initialyzed swapped data for i = 163, j = 384 sucessfully passed !
	Initialyzed swapped data for i = 163, j = 385 sucessfully passed !
	Initialyzed swapped data for i = 163, j = 386 sucessfully passed !
	Initialyzed swapped data for i = 163, j = 387 sucessfully passed !
	Initialyzed swapped data for i = 163, j = 388 sucessfully passed !
	Initialyzed swapped data for i = 163, j = 389 sucessfully passed !
	Initialyzed swapped data for i = 163, j = 390 sucessfully passed !
	Initialyzed swapped data for i = 163, j = 391 sucessfully passed !
	Initialyzed swapped data for i = 163, j = 392 sucessfully passed !
	Initialyzed swapped data for i = 163, j = 393 sucessfully passed !
	Initialyzed swapped data for i = 163, j = 394 sucessfully passed !
	Initialyzed swapped data for i = 163, j = 395 sucessfully passed !
	Initialyzed swapped data for i = 163, j = 396 sucessfully passed !
	Initialyzed swapped data for i = 163, j = 397 sucessfully passed !
	Initialyzed swapped data for i = 163, j = 398 sucessfully passed !
	Initialyzed swapped data for i = 163, j = 399 sucessfully passed !
	Initialyzed swapped data for i = 163, j = 400 sucessfully passed !
	Initialyzed swapped data for i = 163, j = 401 sucessfully passed !
	Initialyzed swapped data for i = 163, j = 402 sucessfully passed !
	Initialyzed swapped data for i = 163, j = 403 sucessfully passed !
	Initialyzed swapped data for i = 163, j = 404 sucessfully passed !
	Initialyzed swapped data for i = 163, j = 405 sucessfully passed !
	Initialyzed swapped data for i = 163, j = 406 sucessfully passed !
	Initialyzed swapped data for i = 163, j = 407 sucessfully passed !
	Initialyzed swapped data for i = 163, j = 408 sucessfully passed !
	Initialyzed swapped data for i = 163, j = 409 sucessfully passed !
	Initialyzed swapped data for i = 163, j = 410 sucessfully passed !
	Initialyzed swapped data for i = 163, j = 411 sucessfully passed !
	Initialyzed swapped data for i = 163, j = 412 sucessfully passed !
	Initialyzed swapped data for i = 163, j = 413 sucessfully passed !
	Initialyzed swapped data for i = 163, j = 414 sucessfully passed !
	Initialyzed swapped data for i = 163, j = 415 sucessfully passed !
	Initialyzed swapped data for i = 163, j = 416 sucessfully passed !
	Initialyzed swapped data for i = 163, j = 417 sucessfully passed !
	Initialyzed swapped data for i = 163, j = 418 sucessfully passed !
	Initialyzed swapped data for i = 163, j = 419 sucessfully passed !
	Initialyzed swapped data for i = 163, j = 420 sucessfully passed !
	Initialyzed swapped data for i = 163, j = 421 sucessfully passed !
	Initialyzed swapped data for i = 163, j = 422 sucessfully passed !
	Initialyzed swapped data for i = 163, j = 423 sucessfully passed !
	Initialyzed swapped data for i = 163, j = 424 sucessfully passed !
	Initialyzed swapped data for i = 163, j = 425 sucessfully passed !
	Initialyzed swapped data for i = 163, j = 426 sucessfully passed !
	Initialyzed swapped data for i = 163, j = 427 sucessfully passed !
	Initialyzed swapped data for i = 163, j = 428 sucessfully passed !
	Initialyzed swapped data for i = 163, j = 429 sucessfully passed !
	Initialyzed swapped data for i = 163, j = 430 sucessfully passed !
	Initialyzed swapped data for i = 163, j = 431 sucessfully passed !
	Initialyzed swapped data for i = 163, j = 432 sucessfully passed !
	Initialyzed swapped data for i = 163, j = 433 sucessfully passed !
	Initialyzed swapped data for i = 164, j = 165 sucessfully passed !
	Initialyzed swapped data for i = 164, j = 166 sucessfully passed !
	Initialyzed swapped data for i = 164, j = 167 sucessfully passed !
	Initialyzed swapped data for i = 164, j = 168 sucessfully passed !
	Initialyzed swapped data for i = 164, j = 169 sucessfully passed !
	Initialyzed swapped data for i = 164, j = 170 sucessfully passed !
	Initialyzed swapped data for i = 164, j = 171 sucessfully passed !
	Initialyzed swapped data for i = 164, j = 172 sucessfully passed !
	Initialyzed swapped data for i = 164, j = 173 sucessfully passed !
	Initialyzed swapped data for i = 164, j = 174 sucessfully passed !
	Initialyzed swapped data for i = 164, j = 175 sucessfully passed !
	Initialyzed swapped data for i = 164, j = 176 sucessfully passed !
	Initialyzed swapped data for i = 164, j = 177 sucessfully passed !
	Initialyzed swapped data for i = 164, j = 178 sucessfully passed !
	Initialyzed swapped data for i = 164, j = 179 sucessfully passed !
	Initialyzed swapped data for i = 164, j = 180 sucessfully passed !
	Initialyzed swapped data for i = 164, j = 181 sucessfully passed !
	Initialyzed swapped data for i = 164, j = 182 sucessfully passed !
	Initialyzed swapped data for i = 164, j = 183 sucessfully passed !
	Initialyzed swapped data for i = 164, j = 184 sucessfully passed !
	Initialyzed swapped data for i = 164, j = 185 sucessfully passed !
	Initialyzed swapped data for i = 164, j = 186 sucessfully passed !
	Initialyzed swapped data for i = 164, j = 187 sucessfully passed !
	Initialyzed swapped data for i = 164, j = 188 sucessfully passed !
	Initialyzed swapped data for i = 164, j = 189 sucessfully passed !
	Initialyzed swapped data for i = 164, j = 190 sucessfully passed !
	Initialyzed swapped data for i = 164, j = 191 sucessfully passed !
	Initialyzed swapped data for i = 164, j = 192 sucessfully passed !
	Initialyzed swapped data for i = 164, j = 193 sucessfully passed !
	Initialyzed swapped data for i = 164, j = 194 sucessfully passed !
	Initialyzed swapped data for i = 164, j = 195 sucessfully passed !
	Initialyzed swapped data for i = 164, j = 196 sucessfully passed !
	Initialyzed swapped data for i = 164, j = 197 sucessfully passed !
	Initialyzed swapped data for i = 164, j = 198 sucessfully passed !
	Initialyzed swapped data for i = 164, j = 199 sucessfully passed !
	Initialyzed swapped data for i = 164, j = 200 sucessfully passed !
	Initialyzed swapped data for i = 164, j = 201 sucessfully passed !
	Initialyzed swapped data for i = 164, j = 202 sucessfully passed !
	Initialyzed swapped data for i = 164, j = 203 sucessfully passed !
	Initialyzed swapped data for i = 164, j = 204 sucessfully passed !
	Initialyzed swapped data for i = 164, j = 205 sucessfully passed !
	Initialyzed swapped data for i = 164, j = 206 sucessfully passed !
	Initialyzed swapped data for i = 164, j = 207 sucessfully passed !
	Initialyzed swapped data for i = 164, j = 208 sucessfully passed !
	Initialyzed swapped data for i = 164, j = 209 sucessfully passed !
	Initialyzed swapped data for i = 164, j = 210 sucessfully passed !
	Initialyzed swapped data for i = 164, j = 211 sucessfully passed !
	Initialyzed swapped data for i = 164, j = 212 sucessfully passed !
	Initialyzed swapped data for i = 164, j = 213 sucessfully passed !
	Initialyzed swapped data for i = 164, j = 214 sucessfully passed !
	Initialyzed swapped data for i = 164, j = 215 sucessfully passed !
	Initialyzed swapped data for i = 164, j = 216 sucessfully passed !
	Initialyzed swapped data for i = 164, j = 217 sucessfully passed !
	Initialyzed swapped data for i = 164, j = 218 sucessfully passed !
	Initialyzed swapped data for i = 164, j = 219 sucessfully passed !
	Initialyzed swapped data for i = 164, j = 220 sucessfully passed !
	Initialyzed swapped data for i = 164, j = 221 sucessfully passed !
	Initialyzed swapped data for i = 164, j = 222 sucessfully passed !
	Initialyzed swapped data for i = 164, j = 223 sucessfully passed !
	Initialyzed swapped data for i = 164, j = 224 sucessfully passed !
	Initialyzed swapped data for i = 164, j = 225 sucessfully passed !
	Initialyzed swapped data for i = 164, j = 226 sucessfully passed !
	Initialyzed swapped data for i = 164, j = 227 sucessfully passed !
	Initialyzed swapped data for i = 164, j = 228 sucessfully passed !
	Initialyzed swapped data for i = 164, j = 229 sucessfully passed !
	Initialyzed swapped data for i = 164, j = 230 sucessfully passed !
	Initialyzed swapped data for i = 164, j = 231 sucessfully passed !
	Initialyzed swapped data for i = 164, j = 232 sucessfully passed !
	Initialyzed swapped data for i = 164, j = 233 sucessfully passed !
	Initialyzed swapped data for i = 164, j = 234 sucessfully passed !
	Initialyzed swapped data for i = 164, j = 235 sucessfully passed !
	Initialyzed swapped data for i = 164, j = 236 sucessfully passed !
	Initialyzed swapped data for i = 164, j = 237 sucessfully passed !
	Initialyzed swapped data for i = 164, j = 238 sucessfully passed !
	Initialyzed swapped data for i = 164, j = 239 sucessfully passed !
	Initialyzed swapped data for i = 164, j = 240 sucessfully passed !
	Initialyzed swapped data for i = 164, j = 241 sucessfully passed !
	Initialyzed swapped data for i = 164, j = 242 sucessfully passed !
	Initialyzed swapped data for i = 164, j = 243 sucessfully passed !
	Initialyzed swapped data for i = 164, j = 244 sucessfully passed !
	Initialyzed swapped data for i = 164, j = 245 sucessfully passed !
	Initialyzed swapped data for i = 164, j = 246 sucessfully passed !
	Initialyzed swapped data for i = 164, j = 247 sucessfully passed !
	Initialyzed swapped data for i = 164, j = 248 sucessfully passed !
	Initialyzed swapped data for i = 164, j = 249 sucessfully passed !
	Initialyzed swapped data for i = 164, j = 250 sucessfully passed !
	Initialyzed swapped data for i = 164, j = 251 sucessfully passed !
	Initialyzed swapped data for i = 164, j = 252 sucessfully passed !
	Initialyzed swapped data for i = 164, j = 253 sucessfully passed !
	Initialyzed swapped data for i = 164, j = 254 sucessfully passed !
	Initialyzed swapped data for i = 164, j = 255 sucessfully passed !
	Initialyzed swapped data for i = 164, j = 256 sucessfully passed !
	Initialyzed swapped data for i = 164, j = 257 sucessfully passed !
	Initialyzed swapped data for i = 164, j = 258 sucessfully passed !
	Initialyzed swapped data for i = 164, j = 259 sucessfully passed !
	Initialyzed swapped data for i = 164, j = 260 sucessfully passed !
	Initialyzed swapped data for i = 164, j = 261 sucessfully passed !
	Initialyzed swapped data for i = 164, j = 262 sucessfully passed !
	Initialyzed swapped data for i = 164, j = 263 sucessfully passed !
	Initialyzed swapped data for i = 164, j = 264 sucessfully passed !
	Initialyzed swapped data for i = 164, j = 265 sucessfully passed !
	Initialyzed swapped data for i = 164, j = 266 sucessfully passed !
	Initialyzed swapped data for i = 164, j = 267 sucessfully passed !
	Initialyzed swapped data for i = 164, j = 268 sucessfully passed !
	Initialyzed swapped data for i = 164, j = 269 sucessfully passed !
	Initialyzed swapped data for i = 164, j = 270 sucessfully passed !
	Initialyzed swapped data for i = 164, j = 271 sucessfully passed !
	Initialyzed swapped data for i = 164, j = 272 sucessfully passed !
	Initialyzed swapped data for i = 164, j = 273 sucessfully passed !
	Initialyzed swapped data for i = 164, j = 274 sucessfully passed !
	Initialyzed swapped data for i = 164, j = 275 sucessfully passed !
	Initialyzed swapped data for i = 164, j = 276 sucessfully passed !
	Initialyzed swapped data for i = 164, j = 277 sucessfully passed !
	Initialyzed swapped data for i = 164, j = 278 sucessfully passed !
	Initialyzed swapped data for i = 164, j = 279 sucessfully passed !
	Initialyzed swapped data for i = 164, j = 280 sucessfully passed !
	Initialyzed swapped data for i = 164, j = 281 sucessfully passed !
	Initialyzed swapped data for i = 164, j = 282 sucessfully passed !
	Initialyzed swapped data for i = 164, j = 283 sucessfully passed !
	Initialyzed swapped data for i = 164, j = 284 sucessfully passed !
	Initialyzed swapped data for i = 164, j = 285 sucessfully passed !
	Initialyzed swapped data for i = 164, j = 286 sucessfully passed !
	Initialyzed swapped data for i = 164, j = 287 sucessfully passed !
	Initialyzed swapped data for i = 164, j = 288 sucessfully passed !
	Initialyzed swapped data for i = 164, j = 289 sucessfully passed !
	Initialyzed swapped data for i = 164, j = 290 sucessfully passed !
	Initialyzed swapped data for i = 164, j = 291 sucessfully passed !
	Initialyzed swapped data for i = 164, j = 292 sucessfully passed !
	Initialyzed swapped data for i = 164, j = 293 sucessfully passed !
	Initialyzed swapped data for i = 164, j = 294 sucessfully passed !
	Initialyzed swapped data for i = 164, j = 295 sucessfully passed !
	Initialyzed swapped data for i = 164, j = 296 sucessfully passed !
	Initialyzed swapped data for i = 164, j = 297 sucessfully passed !
	Initialyzed swapped data for i = 164, j = 298 sucessfully passed !
	Initialyzed swapped data for i = 164, j = 299 sucessfully passed !
	Initialyzed swapped data for i = 164, j = 300 sucessfully passed !
	Initialyzed swapped data for i = 164, j = 301 sucessfully passed !
	Initialyzed swapped data for i = 164, j = 302 sucessfully passed !
	Initialyzed swapped data for i = 164, j = 303 sucessfully passed !
	Initialyzed swapped data for i = 164, j = 304 sucessfully passed !
	Initialyzed swapped data for i = 164, j = 305 sucessfully passed !
	Initialyzed swapped data for i = 164, j = 306 sucessfully passed !
	Initialyzed swapped data for i = 164, j = 307 sucessfully passed !
	Initialyzed swapped data for i = 164, j = 308 sucessfully passed !
	Initialyzed swapped data for i = 164, j = 309 sucessfully passed !
	Initialyzed swapped data for i = 164, j = 310 sucessfully passed !
	Initialyzed swapped data for i = 164, j = 311 sucessfully passed !
	Initialyzed swapped data for i = 164, j = 312 sucessfully passed !
	Initialyzed swapped data for i = 164, j = 313 sucessfully passed !
	Initialyzed swapped data for i = 164, j = 314 sucessfully passed !
	Initialyzed swapped data for i = 164, j = 315 sucessfully passed !
	Initialyzed swapped data for i = 164, j = 316 sucessfully passed !
	Initialyzed swapped data for i = 164, j = 317 sucessfully passed !
	Initialyzed swapped data for i = 164, j = 318 sucessfully passed !
	Initialyzed swapped data for i = 164, j = 319 sucessfully passed !
	Initialyzed swapped data for i = 164, j = 320 sucessfully passed !
	Initialyzed swapped data for i = 164, j = 321 sucessfully passed !
	Initialyzed swapped data for i = 164, j = 322 sucessfully passed !
	Initialyzed swapped data for i = 164, j = 323 sucessfully passed !
	Initialyzed swapped data for i = 164, j = 324 sucessfully passed !
	Initialyzed swapped data for i = 164, j = 325 sucessfully passed !
	Initialyzed swapped data for i = 164, j = 326 sucessfully passed !
	Initialyzed swapped data for i = 164, j = 327 sucessfully passed !
	Initialyzed swapped data for i = 164, j = 328 sucessfully passed !
	Initialyzed swapped data for i = 164, j = 329 sucessfully passed !
	Initialyzed swapped data for i = 164, j = 330 sucessfully passed !
	Initialyzed swapped data for i = 164, j = 331 sucessfully passed !
	Initialyzed swapped data for i = 164, j = 332 sucessfully passed !
	Initialyzed swapped data for i = 164, j = 333 sucessfully passed !
	Initialyzed swapped data for i = 164, j = 334 sucessfully passed !
	Initialyzed swapped data for i = 164, j = 335 sucessfully passed !
	Initialyzed swapped data for i = 164, j = 336 sucessfully passed !
	Initialyzed swapped data for i = 164, j = 337 sucessfully passed !
	Initialyzed swapped data for i = 164, j = 338 sucessfully passed !
	Initialyzed swapped data for i = 164, j = 339 sucessfully passed !
	Initialyzed swapped data for i = 164, j = 340 sucessfully passed !
	Initialyzed swapped data for i = 164, j = 341 sucessfully passed !
	Initialyzed swapped data for i = 164, j = 342 sucessfully passed !
	Initialyzed swapped data for i = 164, j = 343 sucessfully passed !
	Initialyzed swapped data for i = 164, j = 344 sucessfully passed !
	Initialyzed swapped data for i = 164, j = 345 sucessfully passed !
	Initialyzed swapped data for i = 164, j = 346 sucessfully passed !
	Initialyzed swapped data for i = 164, j = 347 sucessfully passed !
	Initialyzed swapped data for i = 164, j = 348 sucessfully passed !
	Initialyzed swapped data for i = 164, j = 349 sucessfully passed !
	Initialyzed swapped data for i = 164, j = 350 sucessfully passed !
	Initialyzed swapped data for i = 164, j = 351 sucessfully passed !
	Initialyzed swapped data for i = 164, j = 352 sucessfully passed !
	Initialyzed swapped data for i = 164, j = 353 sucessfully passed !
	Initialyzed swapped data for i = 164, j = 354 sucessfully passed !
	Initialyzed swapped data for i = 164, j = 355 sucessfully passed !
	Initialyzed swapped data for i = 164, j = 356 sucessfully passed !
	Initialyzed swapped data for i = 164, j = 357 sucessfully passed !
	Initialyzed swapped data for i = 164, j = 358 sucessfully passed !
	Initialyzed swapped data for i = 164, j = 359 sucessfully passed !
	Initialyzed swapped data for i = 164, j = 360 sucessfully passed !
	Initialyzed swapped data for i = 164, j = 361 sucessfully passed !
	Initialyzed swapped data for i = 164, j = 362 sucessfully passed !
	Initialyzed swapped data for i = 164, j = 363 sucessfully passed !
	Initialyzed swapped data for i = 164, j = 364 sucessfully passed !
	Initialyzed swapped data for i = 164, j = 365 sucessfully passed !
	Initialyzed swapped data for i = 164, j = 366 sucessfully passed !
	Initialyzed swapped data for i = 164, j = 367 sucessfully passed !
	Initialyzed swapped data for i = 164, j = 368 sucessfully passed !
	Initialyzed swapped data for i = 164, j = 369 sucessfully passed !
	Initialyzed swapped data for i = 164, j = 370 sucessfully passed !
	Initialyzed swapped data for i = 164, j = 371 sucessfully passed !
	Initialyzed swapped data for i = 164, j = 372 sucessfully passed !
	Initialyzed swapped data for i = 164, j = 373 sucessfully passed !
	Initialyzed swapped data for i = 164, j = 374 sucessfully passed !
	Initialyzed swapped data for i = 164, j = 375 sucessfully passed !
	Initialyzed swapped data for i = 164, j = 376 sucessfully passed !
	Initialyzed swapped data for i = 164, j = 377 sucessfully passed !
	Initialyzed swapped data for i = 164, j = 378 sucessfully passed !
	Initialyzed swapped data for i = 164, j = 379 sucessfully passed !
	Initialyzed swapped data for i = 164, j = 380 sucessfully passed !
	Initialyzed swapped data for i = 164, j = 381 sucessfully passed !
	Initialyzed swapped data for i = 164, j = 382 sucessfully passed !
	Initialyzed swapped data for i = 164, j = 383 sucessfully passed !
	Initialyzed swapped data for i = 164, j = 384 sucessfully passed !
	Initialyzed swapped data for i = 164, j = 385 sucessfully passed !
	Initialyzed swapped data for i = 164, j = 386 sucessfully passed !
	Initialyzed swapped data for i = 164, j = 387 sucessfully passed !
	Initialyzed swapped data for i = 164, j = 388 sucessfully passed !
	Initialyzed swapped data for i = 164, j = 389 sucessfully passed !
	Initialyzed swapped data for i = 164, j = 390 sucessfully passed !
	Initialyzed swapped data for i = 164, j = 391 sucessfully passed !
	Initialyzed swapped data for i = 164, j = 392 sucessfully passed !
	Initialyzed swapped data for i = 164, j = 393 sucessfully passed !
	Initialyzed swapped data for i = 164, j = 394 sucessfully passed !
	Initialyzed swapped data for i = 164, j = 395 sucessfully passed !
	Initialyzed swapped data for i = 164, j = 396 sucessfully passed !
	Initialyzed swapped data for i = 164, j = 397 sucessfully passed !
	Initialyzed swapped data for i = 164, j = 398 sucessfully passed !
	Initialyzed swapped data for i = 164, j = 399 sucessfully passed !
	Initialyzed swapped data for i = 164, j = 400 sucessfully passed !
	Initialyzed swapped data for i = 164, j = 401 sucessfully passed !
	Initialyzed swapped data for i = 164, j = 402 sucessfully passed !
	Initialyzed swapped data for i = 164, j = 403 sucessfully passed !
	Initialyzed swapped data for i = 164, j = 404 sucessfully passed !
	Initialyzed swapped data for i = 164, j = 405 sucessfully passed !
	Initialyzed swapped data for i = 164, j = 406 sucessfully passed !
	Initialyzed swapped data for i = 164, j = 407 sucessfully passed !
	Initialyzed swapped data for i = 164, j = 408 sucessfully passed !
	Initialyzed swapped data for i = 164, j = 409 sucessfully passed !
	Initialyzed swapped data for i = 164, j = 410 sucessfully passed !
	Initialyzed swapped data for i = 164, j = 411 sucessfully passed !
	Initialyzed swapped data for i = 164, j = 412 sucessfully passed !
	Initialyzed swapped data for i = 164, j = 413 sucessfully passed !
	Initialyzed swapped data for i = 164, j = 414 sucessfully passed !
	Initialyzed swapped data for i = 164, j = 415 sucessfully passed !
	Initialyzed swapped data for i = 164, j = 416 sucessfully passed !
	Initialyzed swapped data for i = 164, j = 417 sucessfully passed !
	Initialyzed swapped data for i = 164, j = 418 sucessfully passed !
	Initialyzed swapped data for i = 164, j = 419 sucessfully passed !
	Initialyzed swapped data for i = 164, j = 420 sucessfully passed !
	Initialyzed swapped data for i = 164, j = 421 sucessfully passed !
	Initialyzed swapped data for i = 164, j = 422 sucessfully passed !
	Initialyzed swapped data for i = 164, j = 423 sucessfully passed !
	Initialyzed swapped data for i = 164, j = 424 sucessfully passed !
	Initialyzed swapped data for i = 164, j = 425 sucessfully passed !
	Initialyzed swapped data for i = 164, j = 426 sucessfully passed !
	Initialyzed swapped data for i = 164, j = 427 sucessfully passed !
	Initialyzed swapped data for i = 164, j = 428 sucessfully passed !
	Initialyzed swapped data for i = 164, j = 429 sucessfully passed !
	Initialyzed swapped data for i = 164, j = 430 sucessfully passed !
	Initialyzed swapped data for i = 164, j = 431 sucessfully passed !
	Initialyzed swapped data for i = 164, j = 432 sucessfully passed !
	Initialyzed swapped data for i = 164, j = 433 sucessfully passed !
	Initialyzed swapped data for i = 165, j = 166 sucessfully passed !
	Initialyzed swapped data for i = 165, j = 167 sucessfully passed !
	Initialyzed swapped data for i = 165, j = 168 sucessfully passed !
	Initialyzed swapped data for i = 165, j = 169 sucessfully passed !
	Initialyzed swapped data for i = 165, j = 170 sucessfully passed !
	Initialyzed swapped data for i = 165, j = 171 sucessfully passed !
	Initialyzed swapped data for i = 165, j = 172 sucessfully passed !
	Initialyzed swapped data for i = 165, j = 173 sucessfully passed !
	Initialyzed swapped data for i = 165, j = 174 sucessfully passed !
	Initialyzed swapped data for i = 165, j = 175 sucessfully passed !
	Initialyzed swapped data for i = 165, j = 176 sucessfully passed !
	Initialyzed swapped data for i = 165, j = 177 sucessfully passed !
	Initialyzed swapped data for i = 165, j = 178 sucessfully passed !
	Initialyzed swapped data for i = 165, j = 179 sucessfully passed !
	Initialyzed swapped data for i = 165, j = 180 sucessfully passed !
	Initialyzed swapped data for i = 165, j = 181 sucessfully passed !
	Initialyzed swapped data for i = 165, j = 182 sucessfully passed !
	Initialyzed swapped data for i = 165, j = 183 sucessfully passed !
	Initialyzed swapped data for i = 165, j = 184 sucessfully passed !
	Initialyzed swapped data for i = 165, j = 185 sucessfully passed !
	Initialyzed swapped data for i = 165, j = 186 sucessfully passed !
	Initialyzed swapped data for i = 165, j = 187 sucessfully passed !
	Initialyzed swapped data for i = 165, j = 188 sucessfully passed !
	Initialyzed swapped data for i = 165, j = 189 sucessfully passed !
	Initialyzed swapped data for i = 165, j = 190 sucessfully passed !
	Initialyzed swapped data for i = 165, j = 191 sucessfully passed !
	Initialyzed swapped data for i = 165, j = 192 sucessfully passed !
	Initialyzed swapped data for i = 165, j = 193 sucessfully passed !
	Initialyzed swapped data for i = 165, j = 194 sucessfully passed !
	Initialyzed swapped data for i = 165, j = 195 sucessfully passed !
	Initialyzed swapped data for i = 165, j = 196 sucessfully passed !
	Initialyzed swapped data for i = 165, j = 197 sucessfully passed !
	Initialyzed swapped data for i = 165, j = 198 sucessfully passed !
	Initialyzed swapped data for i = 165, j = 199 sucessfully passed !
	Initialyzed swapped data for i = 165, j = 200 sucessfully passed !
	Initialyzed swapped data for i = 165, j = 201 sucessfully passed !
	Initialyzed swapped data for i = 165, j = 202 sucessfully passed !
	Initialyzed swapped data for i = 165, j = 203 sucessfully passed !
	Initialyzed swapped data for i = 165, j = 204 sucessfully passed !
	Initialyzed swapped data for i = 165, j = 205 sucessfully passed !
	Initialyzed swapped data for i = 165, j = 206 sucessfully passed !
	Initialyzed swapped data for i = 165, j = 207 sucessfully passed !
	Initialyzed swapped data for i = 165, j = 208 sucessfully passed !
	Initialyzed swapped data for i = 165, j = 209 sucessfully passed !
	Initialyzed swapped data for i = 165, j = 210 sucessfully passed !
	Initialyzed swapped data for i = 165, j = 211 sucessfully passed !
	Initialyzed swapped data for i = 165, j = 212 sucessfully passed !
	Initialyzed swapped data for i = 165, j = 213 sucessfully passed !
	Initialyzed swapped data for i = 165, j = 214 sucessfully passed !
	Initialyzed swapped data for i = 165, j = 215 sucessfully passed !
	Initialyzed swapped data for i = 165, j = 216 sucessfully passed !
	Initialyzed swapped data for i = 165, j = 217 sucessfully passed !
	Initialyzed swapped data for i = 165, j = 218 sucessfully passed !
	Initialyzed swapped data for i = 165, j = 219 sucessfully passed !
	Initialyzed swapped data for i = 165, j = 220 sucessfully passed !
	Initialyzed swapped data for i = 165, j = 221 sucessfully passed !
	Initialyzed swapped data for i = 165, j = 222 sucessfully passed !
	Initialyzed swapped data for i = 165, j = 223 sucessfully passed !
	Initialyzed swapped data for i = 165, j = 224 sucessfully passed !
	Initialyzed swapped data for i = 165, j = 225 sucessfully passed !
	Initialyzed swapped data for i = 165, j = 226 sucessfully passed !
	Initialyzed swapped data for i = 165, j = 227 sucessfully passed !
	Initialyzed swapped data for i = 165, j = 228 sucessfully passed !
	Initialyzed swapped data for i = 165, j = 229 sucessfully passed !
	Initialyzed swapped data for i = 165, j = 230 sucessfully passed !
	Initialyzed swapped data for i = 165, j = 231 sucessfully passed !
	Initialyzed swapped data for i = 165, j = 232 sucessfully passed !
	Initialyzed swapped data for i = 165, j = 233 sucessfully passed !
	Initialyzed swapped data for i = 165, j = 234 sucessfully passed !
	Initialyzed swapped data for i = 165, j = 235 sucessfully passed !
	Initialyzed swapped data for i = 165, j = 236 sucessfully passed !
	Initialyzed swapped data for i = 165, j = 237 sucessfully passed !
	Initialyzed swapped data for i = 165, j = 238 sucessfully passed !
	Initialyzed swapped data for i = 165, j = 239 sucessfully passed !
	Initialyzed swapped data for i = 165, j = 240 sucessfully passed !
	Initialyzed swapped data for i = 165, j = 241 sucessfully passed !
	Initialyzed swapped data for i = 165, j = 242 sucessfully passed !
	Initialyzed swapped data for i = 165, j = 243 sucessfully passed !
	Initialyzed swapped data for i = 165, j = 244 sucessfully passed !
	Initialyzed swapped data for i = 165, j = 245 sucessfully passed !
	Initialyzed swapped data for i = 165, j = 246 sucessfully passed !
	Initialyzed swapped data for i = 165, j = 247 sucessfully passed !
	Initialyzed swapped data for i = 165, j = 248 sucessfully passed !
	Initialyzed swapped data for i = 165, j = 249 sucessfully passed !
	Initialyzed swapped data for i = 165, j = 250 sucessfully passed !
	Initialyzed swapped data for i = 165, j = 251 sucessfully passed !
	Initialyzed swapped data for i = 165, j = 252 sucessfully passed !
	Initialyzed swapped data for i = 165, j = 253 sucessfully passed !
	Initialyzed swapped data for i = 165, j = 254 sucessfully passed !
	Initialyzed swapped data for i = 165, j = 255 sucessfully passed !
	Initialyzed swapped data for i = 165, j = 256 sucessfully passed !
	Initialyzed swapped data for i = 165, j = 257 sucessfully passed !
	Initialyzed swapped data for i = 165, j = 258 sucessfully passed !
	Initialyzed swapped data for i = 165, j = 259 sucessfully passed !
	Initialyzed swapped data for i = 165, j = 260 sucessfully passed !
	Initialyzed swapped data for i = 165, j = 261 sucessfully passed !
	Initialyzed swapped data for i = 165, j = 262 sucessfully passed !
	Initialyzed swapped data for i = 165, j = 263 sucessfully passed !
	Initialyzed swapped data for i = 165, j = 264 sucessfully passed !
	Initialyzed swapped data for i = 165, j = 265 sucessfully passed !
	Initialyzed swapped data for i = 165, j = 266 sucessfully passed !
	Initialyzed swapped data for i = 165, j = 267 sucessfully passed !
	Initialyzed swapped data for i = 165, j = 268 sucessfully passed !
	Initialyzed swapped data for i = 165, j = 269 sucessfully passed !
	Initialyzed swapped data for i = 165, j = 270 sucessfully passed !
	Initialyzed swapped data for i = 165, j = 271 sucessfully passed !
	Initialyzed swapped data for i = 165, j = 272 sucessfully passed !
	Initialyzed swapped data for i = 165, j = 273 sucessfully passed !
	Initialyzed swapped data for i = 165, j = 274 sucessfully passed !
	Initialyzed swapped data for i = 165, j = 275 sucessfully passed !
	Initialyzed swapped data for i = 165, j = 276 sucessfully passed !
	Initialyzed swapped data for i = 165, j = 277 sucessfully passed !
	Initialyzed swapped data for i = 165, j = 278 sucessfully passed !
	Initialyzed swapped data for i = 165, j = 279 sucessfully passed !
	Initialyzed swapped data for i = 165, j = 280 sucessfully passed !
	Initialyzed swapped data for i = 165, j = 281 sucessfully passed !
	Initialyzed swapped data for i = 165, j = 282 sucessfully passed !
	Initialyzed swapped data for i = 165, j = 283 sucessfully passed !
	Initialyzed swapped data for i = 165, j = 284 sucessfully passed !
	Initialyzed swapped data for i = 165, j = 285 sucessfully passed !
	Initialyzed swapped data for i = 165, j = 286 sucessfully passed !
	Initialyzed swapped data for i = 165, j = 287 sucessfully passed !
	Initialyzed swapped data for i = 165, j = 288 sucessfully passed !
	Initialyzed swapped data for i = 165, j = 289 sucessfully passed !
	Initialyzed swapped data for i = 165, j = 290 sucessfully passed !
	Initialyzed swapped data for i = 165, j = 291 sucessfully passed !
	Initialyzed swapped data for i = 165, j = 292 sucessfully passed !
	Initialyzed swapped data for i = 165, j = 293 sucessfully passed !
	Initialyzed swapped data for i = 165, j = 294 sucessfully passed !
	Initialyzed swapped data for i = 165, j = 295 sucessfully passed !
	Initialyzed swapped data for i = 165, j = 296 sucessfully passed !
	Initialyzed swapped data for i = 165, j = 297 sucessfully passed !
	Initialyzed swapped data for i = 165, j = 298 sucessfully passed !
	Initialyzed swapped data for i = 165, j = 299 sucessfully passed !
	Initialyzed swapped data for i = 165, j = 300 sucessfully passed !
	Initialyzed swapped data for i = 165, j = 301 sucessfully passed !
	Initialyzed swapped data for i = 165, j = 302 sucessfully passed !
	Initialyzed swapped data for i = 165, j = 303 sucessfully passed !
	Initialyzed swapped data for i = 165, j = 304 sucessfully passed !
	Initialyzed swapped data for i = 165, j = 305 sucessfully passed !
	Initialyzed swapped data for i = 165, j = 306 sucessfully passed !
	Initialyzed swapped data for i = 165, j = 307 sucessfully passed !
	Initialyzed swapped data for i = 165, j = 308 sucessfully passed !
	Initialyzed swapped data for i = 165, j = 309 sucessfully passed !
	Initialyzed swapped data for i = 165, j = 310 sucessfully passed !
	Initialyzed swapped data for i = 165, j = 311 sucessfully passed !
	Initialyzed swapped data for i = 165, j = 312 sucessfully passed !
	Initialyzed swapped data for i = 165, j = 313 sucessfully passed !
	Initialyzed swapped data for i = 165, j = 314 sucessfully passed !
	Initialyzed swapped data for i = 165, j = 315 sucessfully passed !
	Initialyzed swapped data for i = 165, j = 316 sucessfully passed !
	Initialyzed swapped data for i = 165, j = 317 sucessfully passed !
	Initialyzed swapped data for i = 165, j = 318 sucessfully passed !
	Initialyzed swapped data for i = 165, j = 319 sucessfully passed !
	Initialyzed swapped data for i = 165, j = 320 sucessfully passed !
	Initialyzed swapped data for i = 165, j = 321 sucessfully passed !
	Initialyzed swapped data for i = 165, j = 322 sucessfully passed !
	Initialyzed swapped data for i = 165, j = 323 sucessfully passed !
	Initialyzed swapped data for i = 165, j = 324 sucessfully passed !
	Initialyzed swapped data for i = 165, j = 325 sucessfully passed !
	Initialyzed swapped data for i = 165, j = 326 sucessfully passed !
	Initialyzed swapped data for i = 165, j = 327 sucessfully passed !
	Initialyzed swapped data for i = 165, j = 328 sucessfully passed !
	Initialyzed swapped data for i = 165, j = 329 sucessfully passed !
	Initialyzed swapped data for i = 165, j = 330 sucessfully passed !
	Initialyzed swapped data for i = 165, j = 331 sucessfully passed !
	Initialyzed swapped data for i = 165, j = 332 sucessfully passed !
	Initialyzed swapped data for i = 165, j = 333 sucessfully passed !
	Initialyzed swapped data for i = 165, j = 334 sucessfully passed !
	Initialyzed swapped data for i = 165, j = 335 sucessfully passed !
	Initialyzed swapped data for i = 165, j = 336 sucessfully passed !
	Initialyzed swapped data for i = 165, j = 337 sucessfully passed !
	Initialyzed swapped data for i = 165, j = 338 sucessfully passed !
	Initialyzed swapped data for i = 165, j = 339 sucessfully passed !
	Initialyzed swapped data for i = 165, j = 340 sucessfully passed !
	Initialyzed swapped data for i = 165, j = 341 sucessfully passed !
	Initialyzed swapped data for i = 165, j = 342 sucessfully passed !
	Initialyzed swapped data for i = 165, j = 343 sucessfully passed !
	Initialyzed swapped data for i = 165, j = 344 sucessfully passed !
	Initialyzed swapped data for i = 165, j = 345 sucessfully passed !
	Initialyzed swapped data for i = 165, j = 346 sucessfully passed !
	Initialyzed swapped data for i = 165, j = 347 sucessfully passed !
	Initialyzed swapped data for i = 165, j = 348 sucessfully passed !
	Initialyzed swapped data for i = 165, j = 349 sucessfully passed !
	Initialyzed swapped data for i = 165, j = 350 sucessfully passed !
	Initialyzed swapped data for i = 165, j = 351 sucessfully passed !
	Initialyzed swapped data for i = 165, j = 352 sucessfully passed !
	Initialyzed swapped data for i = 165, j = 353 sucessfully passed !
	Initialyzed swapped data for i = 165, j = 354 sucessfully passed !
	Initialyzed swapped data for i = 165, j = 355 sucessfully passed !
	Initialyzed swapped data for i = 165, j = 356 sucessfully passed !
	Initialyzed swapped data for i = 165, j = 357 sucessfully passed !
	Initialyzed swapped data for i = 165, j = 358 sucessfully passed !
	Initialyzed swapped data for i = 165, j = 359 sucessfully passed !
	Initialyzed swapped data for i = 165, j = 360 sucessfully passed !
	Initialyzed swapped data for i = 165, j = 361 sucessfully passed !
	Initialyzed swapped data for i = 165, j = 362 sucessfully passed !
	Initialyzed swapped data for i = 165, j = 363 sucessfully passed !
	Initialyzed swapped data for i = 165, j = 364 sucessfully passed !
	Initialyzed swapped data for i = 165, j = 365 sucessfully passed !
	Initialyzed swapped data for i = 165, j = 366 sucessfully passed !
	Initialyzed swapped data for i = 165, j = 367 sucessfully passed !
	Initialyzed swapped data for i = 165, j = 368 sucessfully passed !
	Initialyzed swapped data for i = 165, j = 369 sucessfully passed !
	Initialyzed swapped data for i = 165, j = 370 sucessfully passed !
	Initialyzed swapped data for i = 165, j = 371 sucessfully passed !
	Initialyzed swapped data for i = 165, j = 372 sucessfully passed !
	Initialyzed swapped data for i = 165, j = 373 sucessfully passed !
	Initialyzed swapped data for i = 165, j = 374 sucessfully passed !
	Initialyzed swapped data for i = 165, j = 375 sucessfully passed !
	Initialyzed swapped data for i = 165, j = 376 sucessfully passed !
	Initialyzed swapped data for i = 165, j = 377 sucessfully passed !
	Initialyzed swapped data for i = 165, j = 378 sucessfully passed !
	Initialyzed swapped data for i = 165, j = 379 sucessfully passed !
	Initialyzed swapped data for i = 165, j = 380 sucessfully passed !
	Initialyzed swapped data for i = 165, j = 381 sucessfully passed !
	Initialyzed swapped data for i = 165, j = 382 sucessfully passed !
	Initialyzed swapped data for i = 165, j = 383 sucessfully passed !
	Initialyzed swapped data for i = 165, j = 384 sucessfully passed !
	Initialyzed swapped data for i = 165, j = 385 sucessfully passed !
	Initialyzed swapped data for i = 165, j = 386 sucessfully passed !
	Initialyzed swapped data for i = 165, j = 387 sucessfully passed !
	Initialyzed swapped data for i = 165, j = 388 sucessfully passed !
	Initialyzed swapped data for i = 165, j = 389 sucessfully passed !
	Initialyzed swapped data for i = 165, j = 390 sucessfully passed !
	Initialyzed swapped data for i = 165, j = 391 sucessfully passed !
	Initialyzed swapped data for i = 165, j = 392 sucessfully passed !
	Initialyzed swapped data for i = 165, j = 393 sucessfully passed !
	Initialyzed swapped data for i = 165, j = 394 sucessfully passed !
	Initialyzed swapped data for i = 165, j = 395 sucessfully passed !
	Initialyzed swapped data for i = 165, j = 396 sucessfully passed !
	Initialyzed swapped data for i = 165, j = 397 sucessfully passed !
	Initialyzed swapped data for i = 165, j = 398 sucessfully passed !
	Initialyzed swapped data for i = 165, j = 399 sucessfully passed !
	Initialyzed swapped data for i = 165, j = 400 sucessfully passed !
	Initialyzed swapped data for i = 165, j = 401 sucessfully passed !
	Initialyzed swapped data for i = 165, j = 402 sucessfully passed !
	Initialyzed swapped data for i = 165, j = 403 sucessfully passed !
	Initialyzed swapped data for i = 165, j = 404 sucessfully passed !
	Initialyzed swapped data for i = 165, j = 405 sucessfully passed !
	Initialyzed swapped data for i = 165, j = 406 sucessfully passed !
	Initialyzed swapped data for i = 165, j = 407 sucessfully passed !
	Initialyzed swapped data for i = 165, j = 408 sucessfully passed !
	Initialyzed swapped data for i = 165, j = 409 sucessfully passed !
	Initialyzed swapped data for i = 165, j = 410 sucessfully passed !
	Initialyzed swapped data for i = 165, j = 411 sucessfully passed !
	Initialyzed swapped data for i = 165, j = 412 sucessfully passed !
	Initialyzed swapped data for i = 165, j = 413 sucessfully passed !
	Initialyzed swapped data for i = 165, j = 414 sucessfully passed !
	Initialyzed swapped data for i = 165, j = 415 sucessfully passed !
	Initialyzed swapped data for i = 165, j = 416 sucessfully passed !
	Initialyzed swapped data for i = 165, j = 417 sucessfully passed !
	Initialyzed swapped data for i = 165, j = 418 sucessfully passed !
	Initialyzed swapped data for i = 165, j = 419 sucessfully passed !
	Initialyzed swapped data for i = 165, j = 420 sucessfully passed !
	Initialyzed swapped data for i = 165, j = 421 sucessfully passed !
	Initialyzed swapped data for i = 165, j = 422 sucessfully passed !
	Initialyzed swapped data for i = 165, j = 423 sucessfully passed !
	Initialyzed swapped data for i = 165, j = 424 sucessfully passed !
	Initialyzed swapped data for i = 165, j = 425 sucessfully passed !
	Initialyzed swapped data for i = 165, j = 426 sucessfully passed !
	Initialyzed swapped data for i = 165, j = 427 sucessfully passed !
	Initialyzed swapped data for i = 165, j = 428 sucessfully passed !
	Initialyzed swapped data for i = 165, j = 429 sucessfully passed !
	Initialyzed swapped data for i = 165, j = 430 sucessfully passed !
	Initialyzed swapped data for i = 165, j = 431 sucessfully passed !
	Initialyzed swapped data for i = 165, j = 432 sucessfully passed !
	Initialyzed swapped data for i = 165, j = 433 sucessfully passed !
	Initialyzed swapped data for i = 166, j = 167 sucessfully passed !
	Initialyzed swapped data for i = 166, j = 168 sucessfully passed !
	Initialyzed swapped data for i = 166, j = 169 sucessfully passed !
	Initialyzed swapped data for i = 166, j = 170 sucessfully passed !
	Initialyzed swapped data for i = 166, j = 171 sucessfully passed !
	Initialyzed swapped data for i = 166, j = 172 sucessfully passed !
	Initialyzed swapped data for i = 166, j = 173 sucessfully passed !
	Initialyzed swapped data for i = 166, j = 174 sucessfully passed !
	Initialyzed swapped data for i = 166, j = 175 sucessfully passed !
	Initialyzed swapped data for i = 166, j = 176 sucessfully passed !
	Initialyzed swapped data for i = 166, j = 177 sucessfully passed !
	Initialyzed swapped data for i = 166, j = 178 sucessfully passed !
	Initialyzed swapped data for i = 166, j = 179 sucessfully passed !
	Initialyzed swapped data for i = 166, j = 180 sucessfully passed !
	Initialyzed swapped data for i = 166, j = 181 sucessfully passed !
	Initialyzed swapped data for i = 166, j = 182 sucessfully passed !
	Initialyzed swapped data for i = 166, j = 183 sucessfully passed !
	Initialyzed swapped data for i = 166, j = 184 sucessfully passed !
	Initialyzed swapped data for i = 166, j = 185 sucessfully passed !
	Initialyzed swapped data for i = 166, j = 186 sucessfully passed !
	Initialyzed swapped data for i = 166, j = 187 sucessfully passed !
	Initialyzed swapped data for i = 166, j = 188 sucessfully passed !
	Initialyzed swapped data for i = 166, j = 189 sucessfully passed !
	Initialyzed swapped data for i = 166, j = 190 sucessfully passed !
	Initialyzed swapped data for i = 166, j = 191 sucessfully passed !
	Initialyzed swapped data for i = 166, j = 192 sucessfully passed !
	Initialyzed swapped data for i = 166, j = 193 sucessfully passed !
	Initialyzed swapped data for i = 166, j = 194 sucessfully passed !
	Initialyzed swapped data for i = 166, j = 195 sucessfully passed !
	Initialyzed swapped data for i = 166, j = 196 sucessfully passed !
	Initialyzed swapped data for i = 166, j = 197 sucessfully passed !
	Initialyzed swapped data for i = 166, j = 198 sucessfully passed !
	Initialyzed swapped data for i = 166, j = 199 sucessfully passed !
	Initialyzed swapped data for i = 166, j = 200 sucessfully passed !
	Initialyzed swapped data for i = 166, j = 201 sucessfully passed !
	Initialyzed swapped data for i = 166, j = 202 sucessfully passed !
	Initialyzed swapped data for i = 166, j = 203 sucessfully passed !
	Initialyzed swapped data for i = 166, j = 204 sucessfully passed !
	Initialyzed swapped data for i = 166, j = 205 sucessfully passed !
	Initialyzed swapped data for i = 166, j = 206 sucessfully passed !
	Initialyzed swapped data for i = 166, j = 207 sucessfully passed !
	Initialyzed swapped data for i = 166, j = 208 sucessfully passed !
	Initialyzed swapped data for i = 166, j = 209 sucessfully passed !
	Initialyzed swapped data for i = 166, j = 210 sucessfully passed !
	Initialyzed swapped data for i = 166, j = 211 sucessfully passed !
	Initialyzed swapped data for i = 166, j = 212 sucessfully passed !
	Initialyzed swapped data for i = 166, j = 213 sucessfully passed !
	Initialyzed swapped data for i = 166, j = 214 sucessfully passed !
	Initialyzed swapped data for i = 166, j = 215 sucessfully passed !
	Initialyzed swapped data for i = 166, j = 216 sucessfully passed !
	Initialyzed swapped data for i = 166, j = 217 sucessfully passed !
	Initialyzed swapped data for i = 166, j = 218 sucessfully passed !
	Initialyzed swapped data for i = 166, j = 219 sucessfully passed !
	Initialyzed swapped data for i = 166, j = 220 sucessfully passed !
	Initialyzed swapped data for i = 166, j = 221 sucessfully passed !
	Initialyzed swapped data for i = 166, j = 222 sucessfully passed !
	Initialyzed swapped data for i = 166, j = 223 sucessfully passed !
	Initialyzed swapped data for i = 166, j = 224 sucessfully passed !
	Initialyzed swapped data for i = 166, j = 225 sucessfully passed !
	Initialyzed swapped data for i = 166, j = 226 sucessfully passed !
	Initialyzed swapped data for i = 166, j = 227 sucessfully passed !
	Initialyzed swapped data for i = 166, j = 228 sucessfully passed !
	Initialyzed swapped data for i = 166, j = 229 sucessfully passed !
	Initialyzed swapped data for i = 166, j = 230 sucessfully passed !
	Initialyzed swapped data for i = 166, j = 231 sucessfully passed !
	Initialyzed swapped data for i = 166, j = 232 sucessfully passed !
	Initialyzed swapped data for i = 166, j = 233 sucessfully passed !
	Initialyzed swapped data for i = 166, j = 234 sucessfully passed !
	Initialyzed swapped data for i = 166, j = 235 sucessfully passed !
	Initialyzed swapped data for i = 166, j = 236 sucessfully passed !
	Initialyzed swapped data for i = 166, j = 237 sucessfully passed !
	Initialyzed swapped data for i = 166, j = 238 sucessfully passed !
	Initialyzed swapped data for i = 166, j = 239 sucessfully passed !
	Initialyzed swapped data for i = 166, j = 240 sucessfully passed !
	Initialyzed swapped data for i = 166, j = 241 sucessfully passed !
	Initialyzed swapped data for i = 166, j = 242 sucessfully passed !
	Initialyzed swapped data for i = 166, j = 243 sucessfully passed !
	Initialyzed swapped data for i = 166, j = 244 sucessfully passed !
	Initialyzed swapped data for i = 166, j = 245 sucessfully passed !
	Initialyzed swapped data for i = 166, j = 246 sucessfully passed !
	Initialyzed swapped data for i = 166, j = 247 sucessfully passed !
	Initialyzed swapped data for i = 166, j = 248 sucessfully passed !
	Initialyzed swapped data for i = 166, j = 249 sucessfully passed !
	Initialyzed swapped data for i = 166, j = 250 sucessfully passed !
	Initialyzed swapped data for i = 166, j = 251 sucessfully passed !
	Initialyzed swapped data for i = 166, j = 252 sucessfully passed !
	Initialyzed swapped data for i = 166, j = 253 sucessfully passed !
	Initialyzed swapped data for i = 166, j = 254 sucessfully passed !
	Initialyzed swapped data for i = 166, j = 255 sucessfully passed !
	Initialyzed swapped data for i = 166, j = 256 sucessfully passed !
	Initialyzed swapped data for i = 166, j = 257 sucessfully passed !
	Initialyzed swapped data for i = 166, j = 258 sucessfully passed !
	Initialyzed swapped data for i = 166, j = 259 sucessfully passed !
	Initialyzed swapped data for i = 166, j = 260 sucessfully passed !
	Initialyzed swapped data for i = 166, j = 261 sucessfully passed !
	Initialyzed swapped data for i = 166, j = 262 sucessfully passed !
	Initialyzed swapped data for i = 166, j = 263 sucessfully passed !
	Initialyzed swapped data for i = 166, j = 264 sucessfully passed !
	Initialyzed swapped data for i = 166, j = 265 sucessfully passed !
	Initialyzed swapped data for i = 166, j = 266 sucessfully passed !
	Initialyzed swapped data for i = 166, j = 267 sucessfully passed !
	Initialyzed swapped data for i = 166, j = 268 sucessfully passed !
	Initialyzed swapped data for i = 166, j = 269 sucessfully passed !
	Initialyzed swapped data for i = 166, j = 270 sucessfully passed !
	Initialyzed swapped data for i = 166, j = 271 sucessfully passed !
	Initialyzed swapped data for i = 166, j = 272 sucessfully passed !
	Initialyzed swapped data for i = 166, j = 273 sucessfully passed !
	Initialyzed swapped data for i = 166, j = 274 sucessfully passed !
	Initialyzed swapped data for i = 166, j = 275 sucessfully passed !
	Initialyzed swapped data for i = 166, j = 276 sucessfully passed !
	Initialyzed swapped data for i = 166, j = 277 sucessfully passed !
	Initialyzed swapped data for i = 166, j = 278 sucessfully passed !
	Initialyzed swapped data for i = 166, j = 279 sucessfully passed !
	Initialyzed swapped data for i = 166, j = 280 sucessfully passed !
	Initialyzed swapped data for i = 166, j = 281 sucessfully passed !
	Initialyzed swapped data for i = 166, j = 282 sucessfully passed !
	Initialyzed swapped data for i = 166, j = 283 sucessfully passed !
	Initialyzed swapped data for i = 166, j = 284 sucessfully passed !
	Initialyzed swapped data for i = 166, j = 285 sucessfully passed !
	Initialyzed swapped data for i = 166, j = 286 sucessfully passed !
	Initialyzed swapped data for i = 166, j = 287 sucessfully passed !
	Initialyzed swapped data for i = 166, j = 288 sucessfully passed !
	Initialyzed swapped data for i = 166, j = 289 sucessfully passed !
	Initialyzed swapped data for i = 166, j = 290 sucessfully passed !
	Initialyzed swapped data for i = 166, j = 291 sucessfully passed !
	Initialyzed swapped data for i = 166, j = 292 sucessfully passed !
	Initialyzed swapped data for i = 166, j = 293 sucessfully passed !
	Initialyzed swapped data for i = 166, j = 294 sucessfully passed !
	Initialyzed swapped data for i = 166, j = 295 sucessfully passed !
	Initialyzed swapped data for i = 166, j = 296 sucessfully passed !
	Initialyzed swapped data for i = 166, j = 297 sucessfully passed !
	Initialyzed swapped data for i = 166, j = 298 sucessfully passed !
	Initialyzed swapped data for i = 166, j = 299 sucessfully passed !
	Initialyzed swapped data for i = 166, j = 300 sucessfully passed !
	Initialyzed swapped data for i = 166, j = 301 sucessfully passed !
	Initialyzed swapped data for i = 166, j = 302 sucessfully passed !
	Initialyzed swapped data for i = 166, j = 303 sucessfully passed !
	Initialyzed swapped data for i = 166, j = 304 sucessfully passed !
	Initialyzed swapped data for i = 166, j = 305 sucessfully passed !
	Initialyzed swapped data for i = 166, j = 306 sucessfully passed !
	Initialyzed swapped data for i = 166, j = 307 sucessfully passed !
	Initialyzed swapped data for i = 166, j = 308 sucessfully passed !
	Initialyzed swapped data for i = 166, j = 309 sucessfully passed !
	Initialyzed swapped data for i = 166, j = 310 sucessfully passed !
	Initialyzed swapped data for i = 166, j = 311 sucessfully passed !
	Initialyzed swapped data for i = 166, j = 312 sucessfully passed !
	Initialyzed swapped data for i = 166, j = 313 sucessfully passed !
	Initialyzed swapped data for i = 166, j = 314 sucessfully passed !
	Initialyzed swapped data for i = 166, j = 315 sucessfully passed !
	Initialyzed swapped data for i = 166, j = 316 sucessfully passed !
	Initialyzed swapped data for i = 166, j = 317 sucessfully passed !
	Initialyzed swapped data for i = 166, j = 318 sucessfully passed !
	Initialyzed swapped data for i = 166, j = 319 sucessfully passed !
	Initialyzed swapped data for i = 166, j = 320 sucessfully passed !
	Initialyzed swapped data for i = 166, j = 321 sucessfully passed !
	Initialyzed swapped data for i = 166, j = 322 sucessfully passed !
	Initialyzed swapped data for i = 166, j = 323 sucessfully passed !
	Initialyzed swapped data for i = 166, j = 324 sucessfully passed !
	Initialyzed swapped data for i = 166, j = 325 sucessfully passed !
	Initialyzed swapped data for i = 166, j = 326 sucessfully passed !
	Initialyzed swapped data for i = 166, j = 327 sucessfully passed !
	Initialyzed swapped data for i = 166, j = 328 sucessfully passed !
	Initialyzed swapped data for i = 166, j = 329 sucessfully passed !
	Initialyzed swapped data for i = 166, j = 330 sucessfully passed !
	Initialyzed swapped data for i = 166, j = 331 sucessfully passed !
	Initialyzed swapped data for i = 166, j = 332 sucessfully passed !
	Initialyzed swapped data for i = 166, j = 333 sucessfully passed !
	Initialyzed swapped data for i = 166, j = 334 sucessfully passed !
	Initialyzed swapped data for i = 166, j = 335 sucessfully passed !
	Initialyzed swapped data for i = 166, j = 336 sucessfully passed !
	Initialyzed swapped data for i = 166, j = 337 sucessfully passed !
	Initialyzed swapped data for i = 166, j = 338 sucessfully passed !
	Initialyzed swapped data for i = 166, j = 339 sucessfully passed !
	Initialyzed swapped data for i = 166, j = 340 sucessfully passed !
	Initialyzed swapped data for i = 166, j = 341 sucessfully passed !
	Initialyzed swapped data for i = 166, j = 342 sucessfully passed !
	Initialyzed swapped data for i = 166, j = 343 sucessfully passed !
	Initialyzed swapped data for i = 166, j = 344 sucessfully passed !
	Initialyzed swapped data for i = 166, j = 345 sucessfully passed !
	Initialyzed swapped data for i = 166, j = 346 sucessfully passed !
	Initialyzed swapped data for i = 166, j = 347 sucessfully passed !
	Initialyzed swapped data for i = 166, j = 348 sucessfully passed !
	Initialyzed swapped data for i = 166, j = 349 sucessfully passed !
	Initialyzed swapped data for i = 166, j = 350 sucessfully passed !
	Initialyzed swapped data for i = 166, j = 351 sucessfully passed !
	Initialyzed swapped data for i = 166, j = 352 sucessfully passed !
	Initialyzed swapped data for i = 166, j = 353 sucessfully passed !
	Initialyzed swapped data for i = 166, j = 354 sucessfully passed !
	Initialyzed swapped data for i = 166, j = 355 sucessfully passed !
	Initialyzed swapped data for i = 166, j = 356 sucessfully passed !
	Initialyzed swapped data for i = 166, j = 357 sucessfully passed !
	Initialyzed swapped data for i = 166, j = 358 sucessfully passed !
	Initialyzed swapped data for i = 166, j = 359 sucessfully passed !
	Initialyzed swapped data for i = 166, j = 360 sucessfully passed !
	Initialyzed swapped data for i = 166, j = 361 sucessfully passed !
	Initialyzed swapped data for i = 166, j = 362 sucessfully passed !
	Initialyzed swapped data for i = 166, j = 363 sucessfully passed !
	Initialyzed swapped data for i = 166, j = 364 sucessfully passed !
	Initialyzed swapped data for i = 166, j = 365 sucessfully passed !
	Initialyzed swapped data for i = 166, j = 366 sucessfully passed !
	Initialyzed swapped data for i = 166, j = 367 sucessfully passed !
	Initialyzed swapped data for i = 166, j = 368 sucessfully passed !
	Initialyzed swapped data for i = 166, j = 369 sucessfully passed !
	Initialyzed swapped data for i = 166, j = 370 sucessfully passed !
	Initialyzed swapped data for i = 166, j = 371 sucessfully passed !
	Initialyzed swapped data for i = 166, j = 372 sucessfully passed !
	Initialyzed swapped data for i = 166, j = 373 sucessfully passed !
	Initialyzed swapped data for i = 166, j = 374 sucessfully passed !
	Initialyzed swapped data for i = 166, j = 375 sucessfully passed !
	Initialyzed swapped data for i = 166, j = 376 sucessfully passed !
	Initialyzed swapped data for i = 166, j = 377 sucessfully passed !
	Initialyzed swapped data for i = 166, j = 378 sucessfully passed !
	Initialyzed swapped data for i = 166, j = 379 sucessfully passed !
	Initialyzed swapped data for i = 166, j = 380 sucessfully passed !
	Initialyzed swapped data for i = 166, j = 381 sucessfully passed !
	Initialyzed swapped data for i = 166, j = 382 sucessfully passed !
	Initialyzed swapped data for i = 166, j = 383 sucessfully passed !
	Initialyzed swapped data for i = 166, j = 384 sucessfully passed !
	Initialyzed swapped data for i = 166, j = 385 sucessfully passed !
	Initialyzed swapped data for i = 166, j = 386 sucessfully passed !
	Initialyzed swapped data for i = 166, j = 387 sucessfully passed !
	Initialyzed swapped data for i = 166, j = 388 sucessfully passed !
	Initialyzed swapped data for i = 166, j = 389 sucessfully passed !
	Initialyzed swapped data for i = 166, j = 390 sucessfully passed !
	Initialyzed swapped data for i = 166, j = 391 sucessfully passed !
	Initialyzed swapped data for i = 166, j = 392 sucessfully passed !
	Initialyzed swapped data for i = 166, j = 393 sucessfully passed !
	Initialyzed swapped data for i = 166, j = 394 sucessfully passed !
	Initialyzed swapped data for i = 166, j = 395 sucessfully passed !
	Initialyzed swapped data for i = 166, j = 396 sucessfully passed !
	Initialyzed swapped data for i = 166, j = 397 sucessfully passed !
	Initialyzed swapped data for i = 166, j = 398 sucessfully passed !
	Initialyzed swapped data for i = 166, j = 399 sucessfully passed !
	Initialyzed swapped data for i = 166, j = 400 sucessfully passed !
	Initialyzed swapped data for i = 166, j = 401 sucessfully passed !
	Initialyzed swapped data for i = 166, j = 402 sucessfully passed !
	Initialyzed swapped data for i = 166, j = 403 sucessfully passed !
	Initialyzed swapped data for i = 166, j = 404 sucessfully passed !
	Initialyzed swapped data for i = 166, j = 405 sucessfully passed !
	Initialyzed swapped data for i = 166, j = 406 sucessfully passed !
	Initialyzed swapped data for i = 166, j = 407 sucessfully passed !
	Initialyzed swapped data for i = 166, j = 408 sucessfully passed !
	Initialyzed swapped data for i = 166, j = 409 sucessfully passed !
	Initialyzed swapped data for i = 166, j = 410 sucessfully passed !
	Initialyzed swapped data for i = 166, j = 411 sucessfully passed !
	Initialyzed swapped data for i = 166, j = 412 sucessfully passed !
	Initialyzed swapped data for i = 166, j = 413 sucessfully passed !
	Initialyzed swapped data for i = 166, j = 414 sucessfully passed !
	Initialyzed swapped data for i = 166, j = 415 sucessfully passed !
	Initialyzed swapped data for i = 166, j = 416 sucessfully passed !
	Initialyzed swapped data for i = 166, j = 417 sucessfully passed !
	Initialyzed swapped data for i = 166, j = 418 sucessfully passed !
	Initialyzed swapped data for i = 166, j = 419 sucessfully passed !
	Initialyzed swapped data for i = 166, j = 420 sucessfully passed !
	Initialyzed swapped data for i = 166, j = 421 sucessfully passed !
	Initialyzed swapped data for i = 166, j = 422 sucessfully passed !
	Initialyzed swapped data for i = 166, j = 423 sucessfully passed !
	Initialyzed swapped data for i = 166, j = 424 sucessfully passed !
	Initialyzed swapped data for i = 166, j = 425 sucessfully passed !
	Initialyzed swapped data for i = 166, j = 426 sucessfully passed !
	Initialyzed swapped data for i = 166, j = 427 sucessfully passed !
	Initialyzed swapped data for i = 166, j = 428 sucessfully passed !
	Initialyzed swapped data for i = 166, j = 429 sucessfully passed !
	Initialyzed swapped data for i = 166, j = 430 sucessfully passed !
	Initialyzed swapped data for i = 166, j = 431 sucessfully passed !
	Initialyzed swapped data for i = 166, j = 432 sucessfully passed !
	Initialyzed swapped data for i = 166, j = 433 sucessfully passed !
	Initialyzed swapped data for i = 167, j = 168 sucessfully passed !
	Initialyzed swapped data for i = 167, j = 169 sucessfully passed !
	Initialyzed swapped data for i = 167, j = 170 sucessfully passed !
	Initialyzed swapped data for i = 167, j = 171 sucessfully passed !
	Initialyzed swapped data for i = 167, j = 172 sucessfully passed !
	Initialyzed swapped data for i = 167, j = 173 sucessfully passed !
	Initialyzed swapped data for i = 167, j = 174 sucessfully passed !
	Initialyzed swapped data for i = 167, j = 175 sucessfully passed !
	Initialyzed swapped data for i = 167, j = 176 sucessfully passed !
	Initialyzed swapped data for i = 167, j = 177 sucessfully passed !
	Initialyzed swapped data for i = 167, j = 178 sucessfully passed !
	Initialyzed swapped data for i = 167, j = 179 sucessfully passed !
	Initialyzed swapped data for i = 167, j = 180 sucessfully passed !
	Initialyzed swapped data for i = 167, j = 181 sucessfully passed !
	Initialyzed swapped data for i = 167, j = 182 sucessfully passed !
	Initialyzed swapped data for i = 167, j = 183 sucessfully passed !
	Initialyzed swapped data for i = 167, j = 184 sucessfully passed !
	Initialyzed swapped data for i = 167, j = 185 sucessfully passed !
	Initialyzed swapped data for i = 167, j = 186 sucessfully passed !
	Initialyzed swapped data for i = 167, j = 187 sucessfully passed !
	Initialyzed swapped data for i = 167, j = 188 sucessfully passed !
	Initialyzed swapped data for i = 167, j = 189 sucessfully passed !
	Initialyzed swapped data for i = 167, j = 190 sucessfully passed !
	Initialyzed swapped data for i = 167, j = 191 sucessfully passed !
	Initialyzed swapped data for i = 167, j = 192 sucessfully passed !
	Initialyzed swapped data for i = 167, j = 193 sucessfully passed !
	Initialyzed swapped data for i = 167, j = 194 sucessfully passed !
	Initialyzed swapped data for i = 167, j = 195 sucessfully passed !
	Initialyzed swapped data for i = 167, j = 196 sucessfully passed !
	Initialyzed swapped data for i = 167, j = 197 sucessfully passed !
	Initialyzed swapped data for i = 167, j = 198 sucessfully passed !
	Initialyzed swapped data for i = 167, j = 199 sucessfully passed !
	Initialyzed swapped data for i = 167, j = 200 sucessfully passed !
	Initialyzed swapped data for i = 167, j = 201 sucessfully passed !
	Initialyzed swapped data for i = 167, j = 202 sucessfully passed !
	Initialyzed swapped data for i = 167, j = 203 sucessfully passed !
	Initialyzed swapped data for i = 167, j = 204 sucessfully passed !
	Initialyzed swapped data for i = 167, j = 205 sucessfully passed !
	Initialyzed swapped data for i = 167, j = 206 sucessfully passed !
	Initialyzed swapped data for i = 167, j = 207 sucessfully passed !
	Initialyzed swapped data for i = 167, j = 208 sucessfully passed !
	Initialyzed swapped data for i = 167, j = 209 sucessfully passed !
	Initialyzed swapped data for i = 167, j = 210 sucessfully passed !
	Initialyzed swapped data for i = 167, j = 211 sucessfully passed !
	Initialyzed swapped data for i = 167, j = 212 sucessfully passed !
	Initialyzed swapped data for i = 167, j = 213 sucessfully passed !
	Initialyzed swapped data for i = 167, j = 214 sucessfully passed !
	Initialyzed swapped data for i = 167, j = 215 sucessfully passed !
	Initialyzed swapped data for i = 167, j = 216 sucessfully passed !
	Initialyzed swapped data for i = 167, j = 217 sucessfully passed !
	Initialyzed swapped data for i = 167, j = 218 sucessfully passed !
	Initialyzed swapped data for i = 167, j = 219 sucessfully passed !
	Initialyzed swapped data for i = 167, j = 220 sucessfully passed !
	Initialyzed swapped data for i = 167, j = 221 sucessfully passed !
	Initialyzed swapped data for i = 167, j = 222 sucessfully passed !
	Initialyzed swapped data for i = 167, j = 223 sucessfully passed !
	Initialyzed swapped data for i = 167, j = 224 sucessfully passed !
	Initialyzed swapped data for i = 167, j = 225 sucessfully passed !
	Initialyzed swapped data for i = 167, j = 226 sucessfully passed !
	Initialyzed swapped data for i = 167, j = 227 sucessfully passed !
	Initialyzed swapped data for i = 167, j = 228 sucessfully passed !
	Initialyzed swapped data for i = 167, j = 229 sucessfully passed !
	Initialyzed swapped data for i = 167, j = 230 sucessfully passed !
	Initialyzed swapped data for i = 167, j = 231 sucessfully passed !
	Initialyzed swapped data for i = 167, j = 232 sucessfully passed !
	Initialyzed swapped data for i = 167, j = 233 sucessfully passed !
	Initialyzed swapped data for i = 167, j = 234 sucessfully passed !
	Initialyzed swapped data for i = 167, j = 235 sucessfully passed !
	Initialyzed swapped data for i = 167, j = 236 sucessfully passed !
	Initialyzed swapped data for i = 167, j = 237 sucessfully passed !
	Initialyzed swapped data for i = 167, j = 238 sucessfully passed !
	Initialyzed swapped data for i = 167, j = 239 sucessfully passed !
	Initialyzed swapped data for i = 167, j = 240 sucessfully passed !
	Initialyzed swapped data for i = 167, j = 241 sucessfully passed !
	Initialyzed swapped data for i = 167, j = 242 sucessfully passed !
	Initialyzed swapped data for i = 167, j = 243 sucessfully passed !
	Initialyzed swapped data for i = 167, j = 244 sucessfully passed !
	Initialyzed swapped data for i = 167, j = 245 sucessfully passed !
	Initialyzed swapped data for i = 167, j = 246 sucessfully passed !
	Initialyzed swapped data for i = 167, j = 247 sucessfully passed !
	Initialyzed swapped data for i = 167, j = 248 sucessfully passed !
	Initialyzed swapped data for i = 167, j = 249 sucessfully passed !
	Initialyzed swapped data for i = 167, j = 250 sucessfully passed !
	Initialyzed swapped data for i = 167, j = 251 sucessfully passed !
	Initialyzed swapped data for i = 167, j = 252 sucessfully passed !
	Initialyzed swapped data for i = 167, j = 253 sucessfully passed !
	Initialyzed swapped data for i = 167, j = 254 sucessfully passed !
	Initialyzed swapped data for i = 167, j = 255 sucessfully passed !
	Initialyzed swapped data for i = 167, j = 256 sucessfully passed !
	Initialyzed swapped data for i = 167, j = 257 sucessfully passed !
	Initialyzed swapped data for i = 167, j = 258 sucessfully passed !
	Initialyzed swapped data for i = 167, j = 259 sucessfully passed !
	Initialyzed swapped data for i = 167, j = 260 sucessfully passed !
	Initialyzed swapped data for i = 167, j = 261 sucessfully passed !
	Initialyzed swapped data for i = 167, j = 262 sucessfully passed !
	Initialyzed swapped data for i = 167, j = 263 sucessfully passed !
	Initialyzed swapped data for i = 167, j = 264 sucessfully passed !
	Initialyzed swapped data for i = 167, j = 265 sucessfully passed !
	Initialyzed swapped data for i = 167, j = 266 sucessfully passed !
	Initialyzed swapped data for i = 167, j = 267 sucessfully passed !
	Initialyzed swapped data for i = 167, j = 268 sucessfully passed !
	Initialyzed swapped data for i = 167, j = 269 sucessfully passed !
	Initialyzed swapped data for i = 167, j = 270 sucessfully passed !
	Initialyzed swapped data for i = 167, j = 271 sucessfully passed !
	Initialyzed swapped data for i = 167, j = 272 sucessfully passed !
	Initialyzed swapped data for i = 167, j = 273 sucessfully passed !
	Initialyzed swapped data for i = 167, j = 274 sucessfully passed !
	Initialyzed swapped data for i = 167, j = 275 sucessfully passed !
	Initialyzed swapped data for i = 167, j = 276 sucessfully passed !
	Initialyzed swapped data for i = 167, j = 277 sucessfully passed !
	Initialyzed swapped data for i = 167, j = 278 sucessfully passed !
	Initialyzed swapped data for i = 167, j = 279 sucessfully passed !
	Initialyzed swapped data for i = 167, j = 280 sucessfully passed !
	Initialyzed swapped data for i = 167, j = 281 sucessfully passed !
	Initialyzed swapped data for i = 167, j = 282 sucessfully passed !
	Initialyzed swapped data for i = 167, j = 283 sucessfully passed !
	Initialyzed swapped data for i = 167, j = 284 sucessfully passed !
	Initialyzed swapped data for i = 167, j = 285 sucessfully passed !
	Initialyzed swapped data for i = 167, j = 286 sucessfully passed !
	Initialyzed swapped data for i = 167, j = 287 sucessfully passed !
	Initialyzed swapped data for i = 167, j = 288 sucessfully passed !
	Initialyzed swapped data for i = 167, j = 289 sucessfully passed !
	Initialyzed swapped data for i = 167, j = 290 sucessfully passed !
	Initialyzed swapped data for i = 167, j = 291 sucessfully passed !
	Initialyzed swapped data for i = 167, j = 292 sucessfully passed !
	Initialyzed swapped data for i = 167, j = 293 sucessfully passed !
	Initialyzed swapped data for i = 167, j = 294 sucessfully passed !
	Initialyzed swapped data for i = 167, j = 295 sucessfully passed !
	Initialyzed swapped data for i = 167, j = 296 sucessfully passed !
	Initialyzed swapped data for i = 167, j = 297 sucessfully passed !
	Initialyzed swapped data for i = 167, j = 298 sucessfully passed !
	Initialyzed swapped data for i = 167, j = 299 sucessfully passed !
	Initialyzed swapped data for i = 167, j = 300 sucessfully passed !
	Initialyzed swapped data for i = 167, j = 301 sucessfully passed !
	Initialyzed swapped data for i = 167, j = 302 sucessfully passed !
	Initialyzed swapped data for i = 167, j = 303 sucessfully passed !
	Initialyzed swapped data for i = 167, j = 304 sucessfully passed !
	Initialyzed swapped data for i = 167, j = 305 sucessfully passed !
	Initialyzed swapped data for i = 167, j = 306 sucessfully passed !
	Initialyzed swapped data for i = 167, j = 307 sucessfully passed !
	Initialyzed swapped data for i = 167, j = 308 sucessfully passed !
	Initialyzed swapped data for i = 167, j = 309 sucessfully passed !
	Initialyzed swapped data for i = 167, j = 310 sucessfully passed !
	Initialyzed swapped data for i = 167, j = 311 sucessfully passed !
	Initialyzed swapped data for i = 167, j = 312 sucessfully passed !
	Initialyzed swapped data for i = 167, j = 313 sucessfully passed !
	Initialyzed swapped data for i = 167, j = 314 sucessfully passed !
	Initialyzed swapped data for i = 167, j = 315 sucessfully passed !
	Initialyzed swapped data for i = 167, j = 316 sucessfully passed !
	Initialyzed swapped data for i = 167, j = 317 sucessfully passed !
	Initialyzed swapped data for i = 167, j = 318 sucessfully passed !
	Initialyzed swapped data for i = 167, j = 319 sucessfully passed !
	Initialyzed swapped data for i = 167, j = 320 sucessfully passed !
	Initialyzed swapped data for i = 167, j = 321 sucessfully passed !
	Initialyzed swapped data for i = 167, j = 322 sucessfully passed !
	Initialyzed swapped data for i = 167, j = 323 sucessfully passed !
	Initialyzed swapped data for i = 167, j = 324 sucessfully passed !
	Initialyzed swapped data for i = 167, j = 325 sucessfully passed !
	Initialyzed swapped data for i = 167, j = 326 sucessfully passed !
	Initialyzed swapped data for i = 167, j = 327 sucessfully passed !
	Initialyzed swapped data for i = 167, j = 328 sucessfully passed !
	Initialyzed swapped data for i = 167, j = 329 sucessfully passed !
	Initialyzed swapped data for i = 167, j = 330 sucessfully passed !
	Initialyzed swapped data for i = 167, j = 331 sucessfully passed !
	Initialyzed swapped data for i = 167, j = 332 sucessfully passed !
	Initialyzed swapped data for i = 167, j = 333 sucessfully passed !
	Initialyzed swapped data for i = 167, j = 334 sucessfully passed !
	Initialyzed swapped data for i = 167, j = 335 sucessfully passed !
	Initialyzed swapped data for i = 167, j = 336 sucessfully passed !
	Initialyzed swapped data for i = 167, j = 337 sucessfully passed !
	Initialyzed swapped data for i = 167, j = 338 sucessfully passed !
	Initialyzed swapped data for i = 167, j = 339 sucessfully passed !
	Initialyzed swapped data for i = 167, j = 340 sucessfully passed !
	Initialyzed swapped data for i = 167, j = 341 sucessfully passed !
	Initialyzed swapped data for i = 167, j = 342 sucessfully passed !
	Initialyzed swapped data for i = 167, j = 343 sucessfully passed !
	Initialyzed swapped data for i = 167, j = 344 sucessfully passed !
	Initialyzed swapped data for i = 167, j = 345 sucessfully passed !
	Initialyzed swapped data for i = 167, j = 346 sucessfully passed !
	Initialyzed swapped data for i = 167, j = 347 sucessfully passed !
	Initialyzed swapped data for i = 167, j = 348 sucessfully passed !
	Initialyzed swapped data for i = 167, j = 349 sucessfully passed !
	Initialyzed swapped data for i = 167, j = 350 sucessfully passed !
	Initialyzed swapped data for i = 167, j = 351 sucessfully passed !
	Initialyzed swapped data for i = 167, j = 352 sucessfully passed !
	Initialyzed swapped data for i = 167, j = 353 sucessfully passed !
	Initialyzed swapped data for i = 167, j = 354 sucessfully passed !
	Initialyzed swapped data for i = 167, j = 355 sucessfully passed !
	Initialyzed swapped data for i = 167, j = 356 sucessfully passed !
	Initialyzed swapped data for i = 167, j = 357 sucessfully passed !
	Initialyzed swapped data for i = 167, j = 358 sucessfully passed !
	Initialyzed swapped data for i = 167, j = 359 sucessfully passed !
	Initialyzed swapped data for i = 167, j = 360 sucessfully passed !
	Initialyzed swapped data for i = 167, j = 361 sucessfully passed !
	Initialyzed swapped data for i = 167, j = 362 sucessfully passed !
	Initialyzed swapped data for i = 167, j = 363 sucessfully passed !
	Initialyzed swapped data for i = 167, j = 364 sucessfully passed !
	Initialyzed swapped data for i = 167, j = 365 sucessfully passed !
	Initialyzed swapped data for i = 167, j = 366 sucessfully passed !
	Initialyzed swapped data for i = 167, j = 367 sucessfully passed !
	Initialyzed swapped data for i = 167, j = 368 sucessfully passed !
	Initialyzed swapped data for i = 167, j = 369 sucessfully passed !
	Initialyzed swapped data for i = 167, j = 370 sucessfully passed !
	Initialyzed swapped data for i = 167, j = 371 sucessfully passed !
	Initialyzed swapped data for i = 167, j = 372 sucessfully passed !
	Initialyzed swapped data for i = 167, j = 373 sucessfully passed !
	Initialyzed swapped data for i = 167, j = 374 sucessfully passed !
	Initialyzed swapped data for i = 167, j = 375 sucessfully passed !
	Initialyzed swapped data for i = 167, j = 376 sucessfully passed !
	Initialyzed swapped data for i = 167, j = 377 sucessfully passed !
	Initialyzed swapped data for i = 167, j = 378 sucessfully passed !
	Initialyzed swapped data for i = 167, j = 379 sucessfully passed !
	Initialyzed swapped data for i = 167, j = 380 sucessfully passed !
	Initialyzed swapped data for i = 167, j = 381 sucessfully passed !
	Initialyzed swapped data for i = 167, j = 382 sucessfully passed !
	Initialyzed swapped data for i = 167, j = 383 sucessfully passed !
	Initialyzed swapped data for i = 167, j = 384 sucessfully passed !
	Initialyzed swapped data for i = 167, j = 385 sucessfully passed !
	Initialyzed swapped data for i = 167, j = 386 sucessfully passed !
	Initialyzed swapped data for i = 167, j = 387 sucessfully passed !
	Initialyzed swapped data for i = 167, j = 388 sucessfully passed !
	Initialyzed swapped data for i = 167, j = 389 sucessfully passed !
	Initialyzed swapped data for i = 167, j = 390 sucessfully passed !
	Initialyzed swapped data for i = 167, j = 391 sucessfully passed !
	Initialyzed swapped data for i = 167, j = 392 sucessfully passed !
	Initialyzed swapped data for i = 167, j = 393 sucessfully passed !
	Initialyzed swapped data for i = 167, j = 394 sucessfully passed !
	Initialyzed swapped data for i = 167, j = 395 sucessfully passed !
	Initialyzed swapped data for i = 167, j = 396 sucessfully passed !
	Initialyzed swapped data for i = 167, j = 397 sucessfully passed !
	Initialyzed swapped data for i = 167, j = 398 sucessfully passed !
	Initialyzed swapped data for i = 167, j = 399 sucessfully passed !
	Initialyzed swapped data for i = 167, j = 400 sucessfully passed !
	Initialyzed swapped data for i = 167, j = 401 sucessfully passed !
	Initialyzed swapped data for i = 167, j = 402 sucessfully passed !
	Initialyzed swapped data for i = 167, j = 403 sucessfully passed !
	Initialyzed swapped data for i = 167, j = 404 sucessfully passed !
	Initialyzed swapped data for i = 167, j = 405 sucessfully passed !
	Initialyzed swapped data for i = 167, j = 406 sucessfully passed !
	Initialyzed swapped data for i = 167, j = 407 sucessfully passed !
	Initialyzed swapped data for i = 167, j = 408 sucessfully passed !
	Initialyzed swapped data for i = 167, j = 409 sucessfully passed !
	Initialyzed swapped data for i = 167, j = 410 sucessfully passed !
	Initialyzed swapped data for i = 167, j = 411 sucessfully passed !
	Initialyzed swapped data for i = 167, j = 412 sucessfully passed !
	Initialyzed swapped data for i = 167, j = 413 sucessfully passed !
	Initialyzed swapped data for i = 167, j = 414 sucessfully passed !
	Initialyzed swapped data for i = 167, j = 415 sucessfully passed !
	Initialyzed swapped data for i = 167, j = 416 sucessfully passed !
	Initialyzed swapped data for i = 167, j = 417 sucessfully passed !
	Initialyzed swapped data for i = 167, j = 418 sucessfully passed !
	Initialyzed swapped data for i = 167, j = 419 sucessfully passed !
	Initialyzed swapped data for i = 167, j = 420 sucessfully passed !
	Initialyzed swapped data for i = 167, j = 421 sucessfully passed !
	Initialyzed swapped data for i = 167, j = 422 sucessfully passed !
	Initialyzed swapped data for i = 167, j = 423 sucessfully passed !
	Initialyzed swapped data for i = 167, j = 424 sucessfully passed !
	Initialyzed swapped data for i = 167, j = 425 sucessfully passed !
	Initialyzed swapped data for i = 167, j = 426 sucessfully passed !
	Initialyzed swapped data for i = 167, j = 427 sucessfully passed !
	Initialyzed swapped data for i = 167, j = 428 sucessfully passed !
	Initialyzed swapped data for i = 167, j = 429 sucessfully passed !
	Initialyzed swapped data for i = 167, j = 430 sucessfully passed !
	Initialyzed swapped data for i = 167, j = 431 sucessfully passed !
	Initialyzed swapped data for i = 167, j = 432 sucessfully passed !
	Initialyzed swapped data for i = 167, j = 433 sucessfully passed !
	Initialyzed swapped data for i = 168, j = 169 sucessfully passed !
	Initialyzed swapped data for i = 168, j = 170 sucessfully passed !
	Initialyzed swapped data for i = 168, j = 171 sucessfully passed !
	Initialyzed swapped data for i = 168, j = 172 sucessfully passed !
	Initialyzed swapped data for i = 168, j = 173 sucessfully passed !
	Initialyzed swapped data for i = 168, j = 174 sucessfully passed !
	Initialyzed swapped data for i = 168, j = 175 sucessfully passed !
	Initialyzed swapped data for i = 168, j = 176 sucessfully passed !
	Initialyzed swapped data for i = 168, j = 177 sucessfully passed !
	Initialyzed swapped data for i = 168, j = 178 sucessfully passed !
	Initialyzed swapped data for i = 168, j = 179 sucessfully passed !
	Initialyzed swapped data for i = 168, j = 180 sucessfully passed !
	Initialyzed swapped data for i = 168, j = 181 sucessfully passed !
	Initialyzed swapped data for i = 168, j = 182 sucessfully passed !
	Initialyzed swapped data for i = 168, j = 183 sucessfully passed !
	Initialyzed swapped data for i = 168, j = 184 sucessfully passed !
	Initialyzed swapped data for i = 168, j = 185 sucessfully passed !
	Initialyzed swapped data for i = 168, j = 186 sucessfully passed !
	Initialyzed swapped data for i = 168, j = 187 sucessfully passed !
	Initialyzed swapped data for i = 168, j = 188 sucessfully passed !
	Initialyzed swapped data for i = 168, j = 189 sucessfully passed !
	Initialyzed swapped data for i = 168, j = 190 sucessfully passed !
	Initialyzed swapped data for i = 168, j = 191 sucessfully passed !
	Initialyzed swapped data for i = 168, j = 192 sucessfully passed !
	Initialyzed swapped data for i = 168, j = 193 sucessfully passed !
	Initialyzed swapped data for i = 168, j = 194 sucessfully passed !
	Initialyzed swapped data for i = 168, j = 195 sucessfully passed !
	Initialyzed swapped data for i = 168, j = 196 sucessfully passed !
	Initialyzed swapped data for i = 168, j = 197 sucessfully passed !
	Initialyzed swapped data for i = 168, j = 198 sucessfully passed !
	Initialyzed swapped data for i = 168, j = 199 sucessfully passed !
	Initialyzed swapped data for i = 168, j = 200 sucessfully passed !
	Initialyzed swapped data for i = 168, j = 201 sucessfully passed !
	Initialyzed swapped data for i = 168, j = 202 sucessfully passed !
	Initialyzed swapped data for i = 168, j = 203 sucessfully passed !
	Initialyzed swapped data for i = 168, j = 204 sucessfully passed !
	Initialyzed swapped data for i = 168, j = 205 sucessfully passed !
	Initialyzed swapped data for i = 168, j = 206 sucessfully passed !
	Initialyzed swapped data for i = 168, j = 207 sucessfully passed !
	Initialyzed swapped data for i = 168, j = 208 sucessfully passed !
	Initialyzed swapped data for i = 168, j = 209 sucessfully passed !
	Initialyzed swapped data for i = 168, j = 210 sucessfully passed !
	Initialyzed swapped data for i = 168, j = 211 sucessfully passed !
	Initialyzed swapped data for i = 168, j = 212 sucessfully passed !
	Initialyzed swapped data for i = 168, j = 213 sucessfully passed !
	Initialyzed swapped data for i = 168, j = 214 sucessfully passed !
	Initialyzed swapped data for i = 168, j = 215 sucessfully passed !
	Initialyzed swapped data for i = 168, j = 216 sucessfully passed !
	Initialyzed swapped data for i = 168, j = 217 sucessfully passed !
	Initialyzed swapped data for i = 168, j = 218 sucessfully passed !
	Initialyzed swapped data for i = 168, j = 219 sucessfully passed !
	Initialyzed swapped data for i = 168, j = 220 sucessfully passed !
	Initialyzed swapped data for i = 168, j = 221 sucessfully passed !
	Initialyzed swapped data for i = 168, j = 222 sucessfully passed !
	Initialyzed swapped data for i = 168, j = 223 sucessfully passed !
	Initialyzed swapped data for i = 168, j = 224 sucessfully passed !
	Initialyzed swapped data for i = 168, j = 225 sucessfully passed !
	Initialyzed swapped data for i = 168, j = 226 sucessfully passed !
	Initialyzed swapped data for i = 168, j = 227 sucessfully passed !
	Initialyzed swapped data for i = 168, j = 228 sucessfully passed !
	Initialyzed swapped data for i = 168, j = 229 sucessfully passed !
	Initialyzed swapped data for i = 168, j = 230 sucessfully passed !
	Initialyzed swapped data for i = 168, j = 231 sucessfully passed !
	Initialyzed swapped data for i = 168, j = 232 sucessfully passed !
	Initialyzed swapped data for i = 168, j = 233 sucessfully passed !
	Initialyzed swapped data for i = 168, j = 234 sucessfully passed !
	Initialyzed swapped data for i = 168, j = 235 sucessfully passed !
	Initialyzed swapped data for i = 168, j = 236 sucessfully passed !
	Initialyzed swapped data for i = 168, j = 237 sucessfully passed !
	Initialyzed swapped data for i = 168, j = 238 sucessfully passed !
	Initialyzed swapped data for i = 168, j = 239 sucessfully passed !
	Initialyzed swapped data for i = 168, j = 240 sucessfully passed !
	Initialyzed swapped data for i = 168, j = 241 sucessfully passed !
	Initialyzed swapped data for i = 168, j = 242 sucessfully passed !
	Initialyzed swapped data for i = 168, j = 243 sucessfully passed !
	Initialyzed swapped data for i = 168, j = 244 sucessfully passed !
	Initialyzed swapped data for i = 168, j = 245 sucessfully passed !
	Initialyzed swapped data for i = 168, j = 246 sucessfully passed !
	Initialyzed swapped data for i = 168, j = 247 sucessfully passed !
	Initialyzed swapped data for i = 168, j = 248 sucessfully passed !
	Initialyzed swapped data for i = 168, j = 249 sucessfully passed !
	Initialyzed swapped data for i = 168, j = 250 sucessfully passed !
	Initialyzed swapped data for i = 168, j = 251 sucessfully passed !
	Initialyzed swapped data for i = 168, j = 252 sucessfully passed !
	Initialyzed swapped data for i = 168, j = 253 sucessfully passed !
	Initialyzed swapped data for i = 168, j = 254 sucessfully passed !
	Initialyzed swapped data for i = 168, j = 255 sucessfully passed !
	Initialyzed swapped data for i = 168, j = 256 sucessfully passed !
	Initialyzed swapped data for i = 168, j = 257 sucessfully passed !
	Initialyzed swapped data for i = 168, j = 258 sucessfully passed !
	Initialyzed swapped data for i = 168, j = 259 sucessfully passed !
	Initialyzed swapped data for i = 168, j = 260 sucessfully passed !
	Initialyzed swapped data for i = 168, j = 261 sucessfully passed !
	Initialyzed swapped data for i = 168, j = 262 sucessfully passed !
	Initialyzed swapped data for i = 168, j = 263 sucessfully passed !
	Initialyzed swapped data for i = 168, j = 264 sucessfully passed !
	Initialyzed swapped data for i = 168, j = 265 sucessfully passed !
	Initialyzed swapped data for i = 168, j = 266 sucessfully passed !
	Initialyzed swapped data for i = 168, j = 267 sucessfully passed !
	Initialyzed swapped data for i = 168, j = 268 sucessfully passed !
	Initialyzed swapped data for i = 168, j = 269 sucessfully passed !
	Initialyzed swapped data for i = 168, j = 270 sucessfully passed !
	Initialyzed swapped data for i = 168, j = 271 sucessfully passed !
	Initialyzed swapped data for i = 168, j = 272 sucessfully passed !
	Initialyzed swapped data for i = 168, j = 273 sucessfully passed !
	Initialyzed swapped data for i = 168, j = 274 sucessfully passed !
	Initialyzed swapped data for i = 168, j = 275 sucessfully passed !
	Initialyzed swapped data for i = 168, j = 276 sucessfully passed !
	Initialyzed swapped data for i = 168, j = 277 sucessfully passed !
	Initialyzed swapped data for i = 168, j = 278 sucessfully passed !
	Initialyzed swapped data for i = 168, j = 279 sucessfully passed !
	Initialyzed swapped data for i = 168, j = 280 sucessfully passed !
	Initialyzed swapped data for i = 168, j = 281 sucessfully passed !
	Initialyzed swapped data for i = 168, j = 282 sucessfully passed !
	Initialyzed swapped data for i = 168, j = 283 sucessfully passed !
	Initialyzed swapped data for i = 168, j = 284 sucessfully passed !
	Initialyzed swapped data for i = 168, j = 285 sucessfully passed !
	Initialyzed swapped data for i = 168, j = 286 sucessfully passed !
	Initialyzed swapped data for i = 168, j = 287 sucessfully passed !
	Initialyzed swapped data for i = 168, j = 288 sucessfully passed !
	Initialyzed swapped data for i = 168, j = 289 sucessfully passed !
	Initialyzed swapped data for i = 168, j = 290 sucessfully passed !
	Initialyzed swapped data for i = 168, j = 291 sucessfully passed !
	Initialyzed swapped data for i = 168, j = 292 sucessfully passed !
	Initialyzed swapped data for i = 168, j = 293 sucessfully passed !
	Initialyzed swapped data for i = 168, j = 294 sucessfully passed !
	Initialyzed swapped data for i = 168, j = 295 sucessfully passed !
	Initialyzed swapped data for i = 168, j = 296 sucessfully passed !
	Initialyzed swapped data for i = 168, j = 297 sucessfully passed !
	Initialyzed swapped data for i = 168, j = 298 sucessfully passed !
	Initialyzed swapped data for i = 168, j = 299 sucessfully passed !
	Initialyzed swapped data for i = 168, j = 300 sucessfully passed !
	Initialyzed swapped data for i = 168, j = 301 sucessfully passed !
	Initialyzed swapped data for i = 168, j = 302 sucessfully passed !
	Initialyzed swapped data for i = 168, j = 303 sucessfully passed !
	Initialyzed swapped data for i = 168, j = 304 sucessfully passed !
	Initialyzed swapped data for i = 168, j = 305 sucessfully passed !
	Initialyzed swapped data for i = 168, j = 306 sucessfully passed !
	Initialyzed swapped data for i = 168, j = 307 sucessfully passed !
	Initialyzed swapped data for i = 168, j = 308 sucessfully passed !
	Initialyzed swapped data for i = 168, j = 309 sucessfully passed !
	Initialyzed swapped data for i = 168, j = 310 sucessfully passed !
	Initialyzed swapped data for i = 168, j = 311 sucessfully passed !
	Initialyzed swapped data for i = 168, j = 312 sucessfully passed !
	Initialyzed swapped data for i = 168, j = 313 sucessfully passed !
	Initialyzed swapped data for i = 168, j = 314 sucessfully passed !
	Initialyzed swapped data for i = 168, j = 315 sucessfully passed !
	Initialyzed swapped data for i = 168, j = 316 sucessfully passed !
	Initialyzed swapped data for i = 168, j = 317 sucessfully passed !
	Initialyzed swapped data for i = 168, j = 318 sucessfully passed !
	Initialyzed swapped data for i = 168, j = 319 sucessfully passed !
	Initialyzed swapped data for i = 168, j = 320 sucessfully passed !
	Initialyzed swapped data for i = 168, j = 321 sucessfully passed !
	Initialyzed swapped data for i = 168, j = 322 sucessfully passed !
	Initialyzed swapped data for i = 168, j = 323 sucessfully passed !
	Initialyzed swapped data for i = 168, j = 324 sucessfully passed !
	Initialyzed swapped data for i = 168, j = 325 sucessfully passed !
	Initialyzed swapped data for i = 168, j = 326 sucessfully passed !
	Initialyzed swapped data for i = 168, j = 327 sucessfully passed !
	Initialyzed swapped data for i = 168, j = 328 sucessfully passed !
	Initialyzed swapped data for i = 168, j = 329 sucessfully passed !
	Initialyzed swapped data for i = 168, j = 330 sucessfully passed !
	Initialyzed swapped data for i = 168, j = 331 sucessfully passed !
	Initialyzed swapped data for i = 168, j = 332 sucessfully passed !
	Initialyzed swapped data for i = 168, j = 333 sucessfully passed !
	Initialyzed swapped data for i = 168, j = 334 sucessfully passed !
	Initialyzed swapped data for i = 168, j = 335 sucessfully passed !
	Initialyzed swapped data for i = 168, j = 336 sucessfully passed !
	Initialyzed swapped data for i = 168, j = 337 sucessfully passed !
	Initialyzed swapped data for i = 168, j = 338 sucessfully passed !
	Initialyzed swapped data for i = 168, j = 339 sucessfully passed !
	Initialyzed swapped data for i = 168, j = 340 sucessfully passed !
	Initialyzed swapped data for i = 168, j = 341 sucessfully passed !
	Initialyzed swapped data for i = 168, j = 342 sucessfully passed !
	Initialyzed swapped data for i = 168, j = 343 sucessfully passed !
	Initialyzed swapped data for i = 168, j = 344 sucessfully passed !
	Initialyzed swapped data for i = 168, j = 345 sucessfully passed !
	Initialyzed swapped data for i = 168, j = 346 sucessfully passed !
	Initialyzed swapped data for i = 168, j = 347 sucessfully passed !
	Initialyzed swapped data for i = 168, j = 348 sucessfully passed !
	Initialyzed swapped data for i = 168, j = 349 sucessfully passed !
	Initialyzed swapped data for i = 168, j = 350 sucessfully passed !
	Initialyzed swapped data for i = 168, j = 351 sucessfully passed !
	Initialyzed swapped data for i = 168, j = 352 sucessfully passed !
	Initialyzed swapped data for i = 168, j = 353 sucessfully passed !
	Initialyzed swapped data for i = 168, j = 354 sucessfully passed !
	Initialyzed swapped data for i = 168, j = 355 sucessfully passed !
	Initialyzed swapped data for i = 168, j = 356 sucessfully passed !
	Initialyzed swapped data for i = 168, j = 357 sucessfully passed !
	Initialyzed swapped data for i = 168, j = 358 sucessfully passed !
	Initialyzed swapped data for i = 168, j = 359 sucessfully passed !
	Initialyzed swapped data for i = 168, j = 360 sucessfully passed !
	Initialyzed swapped data for i = 168, j = 361 sucessfully passed !
	Initialyzed swapped data for i = 168, j = 362 sucessfully passed !
	Initialyzed swapped data for i = 168, j = 363 sucessfully passed !
	Initialyzed swapped data for i = 168, j = 364 sucessfully passed !
	Initialyzed swapped data for i = 168, j = 365 sucessfully passed !
	Initialyzed swapped data for i = 168, j = 366 sucessfully passed !
	Initialyzed swapped data for i = 168, j = 367 sucessfully passed !
	Initialyzed swapped data for i = 168, j = 368 sucessfully passed !
	Initialyzed swapped data for i = 168, j = 369 sucessfully passed !
	Initialyzed swapped data for i = 168, j = 370 sucessfully passed !
	Initialyzed swapped data for i = 168, j = 371 sucessfully passed !
	Initialyzed swapped data for i = 168, j = 372 sucessfully passed !
	Initialyzed swapped data for i = 168, j = 373 sucessfully passed !
	Initialyzed swapped data for i = 168, j = 374 sucessfully passed !
	Initialyzed swapped data for i = 168, j = 375 sucessfully passed !
	Initialyzed swapped data for i = 168, j = 376 sucessfully passed !
	Initialyzed swapped data for i = 168, j = 377 sucessfully passed !
	Initialyzed swapped data for i = 168, j = 378 sucessfully passed !
	Initialyzed swapped data for i = 168, j = 379 sucessfully passed !
	Initialyzed swapped data for i = 168, j = 380 sucessfully passed !
	Initialyzed swapped data for i = 168, j = 381 sucessfully passed !
	Initialyzed swapped data for i = 168, j = 382 sucessfully passed !
	Initialyzed swapped data for i = 168, j = 383 sucessfully passed !
	Initialyzed swapped data for i = 168, j = 384 sucessfully passed !
	Initialyzed swapped data for i = 168, j = 385 sucessfully passed !
	Initialyzed swapped data for i = 168, j = 386 sucessfully passed !
	Initialyzed swapped data for i = 168, j = 387 sucessfully passed !
	Initialyzed swapped data for i = 168, j = 388 sucessfully passed !
	Initialyzed swapped data for i = 168, j = 389 sucessfully passed !
	Initialyzed swapped data for i = 168, j = 390 sucessfully passed !
	Initialyzed swapped data for i = 168, j = 391 sucessfully passed !
	Initialyzed swapped data for i = 168, j = 392 sucessfully passed !
	Initialyzed swapped data for i = 168, j = 393 sucessfully passed !
	Initialyzed swapped data for i = 168, j = 394 sucessfully passed !
	Initialyzed swapped data for i = 168, j = 395 sucessfully passed !
	Initialyzed swapped data for i = 168, j = 396 sucessfully passed !
	Initialyzed swapped data for i = 168, j = 397 sucessfully passed !
	Initialyzed swapped data for i = 168, j = 398 sucessfully passed !
	Initialyzed swapped data for i = 168, j = 399 sucessfully passed !
	Initialyzed swapped data for i = 168, j = 400 sucessfully passed !
	Initialyzed swapped data for i = 168, j = 401 sucessfully passed !
	Initialyzed swapped data for i = 168, j = 402 sucessfully passed !
	Initialyzed swapped data for i = 168, j = 403 sucessfully passed !
	Initialyzed swapped data for i = 168, j = 404 sucessfully passed !
	Initialyzed swapped data for i = 168, j = 405 sucessfully passed !
	Initialyzed swapped data for i = 168, j = 406 sucessfully passed !
	Initialyzed swapped data for i = 168, j = 407 sucessfully passed !
	Initialyzed swapped data for i = 168, j = 408 sucessfully passed !
	Initialyzed swapped data for i = 168, j = 409 sucessfully passed !
	Initialyzed swapped data for i = 168, j = 410 sucessfully passed !
	Initialyzed swapped data for i = 168, j = 411 sucessfully passed !
	Initialyzed swapped data for i = 168, j = 412 sucessfully passed !
	Initialyzed swapped data for i = 168, j = 413 sucessfully passed !
	Initialyzed swapped data for i = 168, j = 414 sucessfully passed !
	Initialyzed swapped data for i = 168, j = 415 sucessfully passed !
	Initialyzed swapped data for i = 168, j = 416 sucessfully passed !
	Initialyzed swapped data for i = 168, j = 417 sucessfully passed !
	Initialyzed swapped data for i = 168, j = 418 sucessfully passed !
	Initialyzed swapped data for i = 168, j = 419 sucessfully passed !
	Initialyzed swapped data for i = 168, j = 420 sucessfully passed !
	Initialyzed swapped data for i = 168, j = 421 sucessfully passed !
	Initialyzed swapped data for i = 168, j = 422 sucessfully passed !
	Initialyzed swapped data for i = 168, j = 423 sucessfully passed !
	Initialyzed swapped data for i = 168, j = 424 sucessfully passed !
	Initialyzed swapped data for i = 168, j = 425 sucessfully passed !
	Initialyzed swapped data for i = 168, j = 426 sucessfully passed !
	Initialyzed swapped data for i = 168, j = 427 sucessfully passed !
	Initialyzed swapped data for i = 168, j = 428 sucessfully passed !
	Initialyzed swapped data for i = 168, j = 429 sucessfully passed !
	Initialyzed swapped data for i = 168, j = 430 sucessfully passed !
	Initialyzed swapped data for i = 168, j = 431 sucessfully passed !
	Initialyzed swapped data for i = 168, j = 432 sucessfully passed !
	Initialyzed swapped data for i = 168, j = 433 sucessfully passed !
	Initialyzed swapped data for i = 169, j = 170 sucessfully passed !
	Initialyzed swapped data for i = 169, j = 171 sucessfully passed !
	Initialyzed swapped data for i = 169, j = 172 sucessfully passed !
	Initialyzed swapped data for i = 169, j = 173 sucessfully passed !
	Initialyzed swapped data for i = 169, j = 174 sucessfully passed !
	Initialyzed swapped data for i = 169, j = 175 sucessfully passed !
	Initialyzed swapped data for i = 169, j = 176 sucessfully passed !
	Initialyzed swapped data for i = 169, j = 177 sucessfully passed !
	Initialyzed swapped data for i = 169, j = 178 sucessfully passed !
	Initialyzed swapped data for i = 169, j = 179 sucessfully passed !
	Initialyzed swapped data for i = 169, j = 180 sucessfully passed !
	Initialyzed swapped data for i = 169, j = 181 sucessfully passed !
	Initialyzed swapped data for i = 169, j = 182 sucessfully passed !
	Initialyzed swapped data for i = 169, j = 183 sucessfully passed !
	Initialyzed swapped data for i = 169, j = 184 sucessfully passed !
	Initialyzed swapped data for i = 169, j = 185 sucessfully passed !
	Initialyzed swapped data for i = 169, j = 186 sucessfully passed !
	Initialyzed swapped data for i = 169, j = 187 sucessfully passed !
	Initialyzed swapped data for i = 169, j = 188 sucessfully passed !
	Initialyzed swapped data for i = 169, j = 189 sucessfully passed !
	Initialyzed swapped data for i = 169, j = 190 sucessfully passed !
	Initialyzed swapped data for i = 169, j = 191 sucessfully passed !
	Initialyzed swapped data for i = 169, j = 192 sucessfully passed !
	Initialyzed swapped data for i = 169, j = 193 sucessfully passed !
	Initialyzed swapped data for i = 169, j = 194 sucessfully passed !
	Initialyzed swapped data for i = 169, j = 195 sucessfully passed !
	Initialyzed swapped data for i = 169, j = 196 sucessfully passed !
	Initialyzed swapped data for i = 169, j = 197 sucessfully passed !
	Initialyzed swapped data for i = 169, j = 198 sucessfully passed !
	Initialyzed swapped data for i = 169, j = 199 sucessfully passed !
	Initialyzed swapped data for i = 169, j = 200 sucessfully passed !
	Initialyzed swapped data for i = 169, j = 201 sucessfully passed !
	Initialyzed swapped data for i = 169, j = 202 sucessfully passed !
	Initialyzed swapped data for i = 169, j = 203 sucessfully passed !
	Initialyzed swapped data for i = 169, j = 204 sucessfully passed !
	Initialyzed swapped data for i = 169, j = 205 sucessfully passed !
	Initialyzed swapped data for i = 169, j = 206 sucessfully passed !
	Initialyzed swapped data for i = 169, j = 207 sucessfully passed !
	Initialyzed swapped data for i = 169, j = 208 sucessfully passed !
	Initialyzed swapped data for i = 169, j = 209 sucessfully passed !
	Initialyzed swapped data for i = 169, j = 210 sucessfully passed !
	Initialyzed swapped data for i = 169, j = 211 sucessfully passed !
	Initialyzed swapped data for i = 169, j = 212 sucessfully passed !
	Initialyzed swapped data for i = 169, j = 213 sucessfully passed !
	Initialyzed swapped data for i = 169, j = 214 sucessfully passed !
	Initialyzed swapped data for i = 169, j = 215 sucessfully passed !
	Initialyzed swapped data for i = 169, j = 216 sucessfully passed !
	Initialyzed swapped data for i = 169, j = 217 sucessfully passed !
	Initialyzed swapped data for i = 169, j = 218 sucessfully passed !
	Initialyzed swapped data for i = 169, j = 219 sucessfully passed !
	Initialyzed swapped data for i = 169, j = 220 sucessfully passed !
	Initialyzed swapped data for i = 169, j = 221 sucessfully passed !
	Initialyzed swapped data for i = 169, j = 222 sucessfully passed !
	Initialyzed swapped data for i = 169, j = 223 sucessfully passed !
	Initialyzed swapped data for i = 169, j = 224 sucessfully passed !
	Initialyzed swapped data for i = 169, j = 225 sucessfully passed !
	Initialyzed swapped data for i = 169, j = 226 sucessfully passed !
	Initialyzed swapped data for i = 169, j = 227 sucessfully passed !
	Initialyzed swapped data for i = 169, j = 228 sucessfully passed !
	Initialyzed swapped data for i = 169, j = 229 sucessfully passed !
	Initialyzed swapped data for i = 169, j = 230 sucessfully passed !
	Initialyzed swapped data for i = 169, j = 231 sucessfully passed !
	Initialyzed swapped data for i = 169, j = 232 sucessfully passed !
	Initialyzed swapped data for i = 169, j = 233 sucessfully passed !
	Initialyzed swapped data for i = 169, j = 234 sucessfully passed !
	Initialyzed swapped data for i = 169, j = 235 sucessfully passed !
	Initialyzed swapped data for i = 169, j = 236 sucessfully passed !
	Initialyzed swapped data for i = 169, j = 237 sucessfully passed !
	Initialyzed swapped data for i = 169, j = 238 sucessfully passed !
	Initialyzed swapped data for i = 169, j = 239 sucessfully passed !
	Initialyzed swapped data for i = 169, j = 240 sucessfully passed !
	Initialyzed swapped data for i = 169, j = 241 sucessfully passed !
	Initialyzed swapped data for i = 169, j = 242 sucessfully passed !
	Initialyzed swapped data for i = 169, j = 243 sucessfully passed !
	Initialyzed swapped data for i = 169, j = 244 sucessfully passed !
	Initialyzed swapped data for i = 169, j = 245 sucessfully passed !
	Initialyzed swapped data for i = 169, j = 246 sucessfully passed !
	Initialyzed swapped data for i = 169, j = 247 sucessfully passed !
	Initialyzed swapped data for i = 169, j = 248 sucessfully passed !
	Initialyzed swapped data for i = 169, j = 249 sucessfully passed !
	Initialyzed swapped data for i = 169, j = 250 sucessfully passed !
	Initialyzed swapped data for i = 169, j = 251 sucessfully passed !
	Initialyzed swapped data for i = 169, j = 252 sucessfully passed !
	Initialyzed swapped data for i = 169, j = 253 sucessfully passed !
	Initialyzed swapped data for i = 169, j = 254 sucessfully passed !
	Initialyzed swapped data for i = 169, j = 255 sucessfully passed !
	Initialyzed swapped data for i = 169, j = 256 sucessfully passed !
	Initialyzed swapped data for i = 169, j = 257 sucessfully passed !
	Initialyzed swapped data for i = 169, j = 258 sucessfully passed !
	Initialyzed swapped data for i = 169, j = 259 sucessfully passed !
	Initialyzed swapped data for i = 169, j = 260 sucessfully passed !
	Initialyzed swapped data for i = 169, j = 261 sucessfully passed !
	Initialyzed swapped data for i = 169, j = 262 sucessfully passed !
	Initialyzed swapped data for i = 169, j = 263 sucessfully passed !
	Initialyzed swapped data for i = 169, j = 264 sucessfully passed !
	Initialyzed swapped data for i = 169, j = 265 sucessfully passed !
	Initialyzed swapped data for i = 169, j = 266 sucessfully passed !
	Initialyzed swapped data for i = 169, j = 267 sucessfully passed !
	Initialyzed swapped data for i = 169, j = 268 sucessfully passed !
	Initialyzed swapped data for i = 169, j = 269 sucessfully passed !
	Initialyzed swapped data for i = 169, j = 270 sucessfully passed !
	Initialyzed swapped data for i = 169, j = 271 sucessfully passed !
	Initialyzed swapped data for i = 169, j = 272 sucessfully passed !
	Initialyzed swapped data for i = 169, j = 273 sucessfully passed !
	Initialyzed swapped data for i = 169, j = 274 sucessfully passed !
	Initialyzed swapped data for i = 169, j = 275 sucessfully passed !
	Initialyzed swapped data for i = 169, j = 276 sucessfully passed !
	Initialyzed swapped data for i = 169, j = 277 sucessfully passed !
	Initialyzed swapped data for i = 169, j = 278 sucessfully passed !
	Initialyzed swapped data for i = 169, j = 279 sucessfully passed !
	Initialyzed swapped data for i = 169, j = 280 sucessfully passed !
	Initialyzed swapped data for i = 169, j = 281 sucessfully passed !
	Initialyzed swapped data for i = 169, j = 282 sucessfully passed !
	Initialyzed swapped data for i = 169, j = 283 sucessfully passed !
	Initialyzed swapped data for i = 169, j = 284 sucessfully passed !
	Initialyzed swapped data for i = 169, j = 285 sucessfully passed !
	Initialyzed swapped data for i = 169, j = 286 sucessfully passed !
	Initialyzed swapped data for i = 169, j = 287 sucessfully passed !
	Initialyzed swapped data for i = 169, j = 288 sucessfully passed !
	Initialyzed swapped data for i = 169, j = 289 sucessfully passed !
	Initialyzed swapped data for i = 169, j = 290 sucessfully passed !
	Initialyzed swapped data for i = 169, j = 291 sucessfully passed !
	Initialyzed swapped data for i = 169, j = 292 sucessfully passed !
	Initialyzed swapped data for i = 169, j = 293 sucessfully passed !
	Initialyzed swapped data for i = 169, j = 294 sucessfully passed !
	Initialyzed swapped data for i = 169, j = 295 sucessfully passed !
	Initialyzed swapped data for i = 169, j = 296 sucessfully passed !
	Initialyzed swapped data for i = 169, j = 297 sucessfully passed !
	Initialyzed swapped data for i = 169, j = 298 sucessfully passed !
	Initialyzed swapped data for i = 169, j = 299 sucessfully passed !
	Initialyzed swapped data for i = 169, j = 300 sucessfully passed !
	Initialyzed swapped data for i = 169, j = 301 sucessfully passed !
	Initialyzed swapped data for i = 169, j = 302 sucessfully passed !
	Initialyzed swapped data for i = 169, j = 303 sucessfully passed !
	Initialyzed swapped data for i = 169, j = 304 sucessfully passed !
	Initialyzed swapped data for i = 169, j = 305 sucessfully passed !
	Initialyzed swapped data for i = 169, j = 306 sucessfully passed !
	Initialyzed swapped data for i = 169, j = 307 sucessfully passed !
	Initialyzed swapped data for i = 169, j = 308 sucessfully passed !
	Initialyzed swapped data for i = 169, j = 309 sucessfully passed !
	Initialyzed swapped data for i = 169, j = 310 sucessfully passed !
	Initialyzed swapped data for i = 169, j = 311 sucessfully passed !
	Initialyzed swapped data for i = 169, j = 312 sucessfully passed !
	Initialyzed swapped data for i = 169, j = 313 sucessfully passed !
	Initialyzed swapped data for i = 169, j = 314 sucessfully passed !
	Initialyzed swapped data for i = 169, j = 315 sucessfully passed !
	Initialyzed swapped data for i = 169, j = 316 sucessfully passed !
	Initialyzed swapped data for i = 169, j = 317 sucessfully passed !
	Initialyzed swapped data for i = 169, j = 318 sucessfully passed !
	Initialyzed swapped data for i = 169, j = 319 sucessfully passed !
	Initialyzed swapped data for i = 169, j = 320 sucessfully passed !
	Initialyzed swapped data for i = 169, j = 321 sucessfully passed !
	Initialyzed swapped data for i = 169, j = 322 sucessfully passed !
	Initialyzed swapped data for i = 169, j = 323 sucessfully passed !
	Initialyzed swapped data for i = 169, j = 324 sucessfully passed !
	Initialyzed swapped data for i = 169, j = 325 sucessfully passed !
	Initialyzed swapped data for i = 169, j = 326 sucessfully passed !
	Initialyzed swapped data for i = 169, j = 327 sucessfully passed !
	Initialyzed swapped data for i = 169, j = 328 sucessfully passed !
	Initialyzed swapped data for i = 169, j = 329 sucessfully passed !
	Initialyzed swapped data for i = 169, j = 330 sucessfully passed !
	Initialyzed swapped data for i = 169, j = 331 sucessfully passed !
	Initialyzed swapped data for i = 169, j = 332 sucessfully passed !
	Initialyzed swapped data for i = 169, j = 333 sucessfully passed !
	Initialyzed swapped data for i = 169, j = 334 sucessfully passed !
	Initialyzed swapped data for i = 169, j = 335 sucessfully passed !
	Initialyzed swapped data for i = 169, j = 336 sucessfully passed !
	Initialyzed swapped data for i = 169, j = 337 sucessfully passed !
	Initialyzed swapped data for i = 169, j = 338 sucessfully passed !
	Initialyzed swapped data for i = 169, j = 339 sucessfully passed !
	Initialyzed swapped data for i = 169, j = 340 sucessfully passed !
	Initialyzed swapped data for i = 169, j = 341 sucessfully passed !
	Initialyzed swapped data for i = 169, j = 342 sucessfully passed !
	Initialyzed swapped data for i = 169, j = 343 sucessfully passed !
	Initialyzed swapped data for i = 169, j = 344 sucessfully passed !
	Initialyzed swapped data for i = 169, j = 345 sucessfully passed !
	Initialyzed swapped data for i = 169, j = 346 sucessfully passed !
	Initialyzed swapped data for i = 169, j = 347 sucessfully passed !
	Initialyzed swapped data for i = 169, j = 348 sucessfully passed !
	Initialyzed swapped data for i = 169, j = 349 sucessfully passed !
	Initialyzed swapped data for i = 169, j = 350 sucessfully passed !
	Initialyzed swapped data for i = 169, j = 351 sucessfully passed !
	Initialyzed swapped data for i = 169, j = 352 sucessfully passed !
	Initialyzed swapped data for i = 169, j = 353 sucessfully passed !
	Initialyzed swapped data for i = 169, j = 354 sucessfully passed !
	Initialyzed swapped data for i = 169, j = 355 sucessfully passed !
	Initialyzed swapped data for i = 169, j = 356 sucessfully passed !
	Initialyzed swapped data for i = 169, j = 357 sucessfully passed !
	Initialyzed swapped data for i = 169, j = 358 sucessfully passed !
	Initialyzed swapped data for i = 169, j = 359 sucessfully passed !
	Initialyzed swapped data for i = 169, j = 360 sucessfully passed !
	Initialyzed swapped data for i = 169, j = 361 sucessfully passed !
	Initialyzed swapped data for i = 169, j = 362 sucessfully passed !
	Initialyzed swapped data for i = 169, j = 363 sucessfully passed !
	Initialyzed swapped data for i = 169, j = 364 sucessfully passed !
	Initialyzed swapped data for i = 169, j = 365 sucessfully passed !
	Initialyzed swapped data for i = 169, j = 366 sucessfully passed !
	Initialyzed swapped data for i = 169, j = 367 sucessfully passed !
	Initialyzed swapped data for i = 169, j = 368 sucessfully passed !
	Initialyzed swapped data for i = 169, j = 369 sucessfully passed !
	Initialyzed swapped data for i = 169, j = 370 sucessfully passed !
	Initialyzed swapped data for i = 169, j = 371 sucessfully passed !
	Initialyzed swapped data for i = 169, j = 372 sucessfully passed !
	Initialyzed swapped data for i = 169, j = 373 sucessfully passed !
	Initialyzed swapped data for i = 169, j = 374 sucessfully passed !
	Initialyzed swapped data for i = 169, j = 375 sucessfully passed !
	Initialyzed swapped data for i = 169, j = 376 sucessfully passed !
	Initialyzed swapped data for i = 169, j = 377 sucessfully passed !
	Initialyzed swapped data for i = 169, j = 378 sucessfully passed !
	Initialyzed swapped data for i = 169, j = 379 sucessfully passed !
	Initialyzed swapped data for i = 169, j = 380 sucessfully passed !
	Initialyzed swapped data for i = 169, j = 381 sucessfully passed !
	Initialyzed swapped data for i = 169, j = 382 sucessfully passed !
	Initialyzed swapped data for i = 169, j = 383 sucessfully passed !
	Initialyzed swapped data for i = 169, j = 384 sucessfully passed !
	Initialyzed swapped data for i = 169, j = 385 sucessfully passed !
	Initialyzed swapped data for i = 169, j = 386 sucessfully passed !
	Initialyzed swapped data for i = 169, j = 387 sucessfully passed !
	Initialyzed swapped data for i = 169, j = 388 sucessfully passed !
	Initialyzed swapped data for i = 169, j = 389 sucessfully passed !
	Initialyzed swapped data for i = 169, j = 390 sucessfully passed !
	Initialyzed swapped data for i = 169, j = 391 sucessfully passed !
	Initialyzed swapped data for i = 169, j = 392 sucessfully passed !
	Initialyzed swapped data for i = 169, j = 393 sucessfully passed !
	Initialyzed swapped data for i = 169, j = 394 sucessfully passed !
	Initialyzed swapped data for i = 169, j = 395 sucessfully passed !
	Initialyzed swapped data for i = 169, j = 396 sucessfully passed !
	Initialyzed swapped data for i = 169, j = 397 sucessfully passed !
	Initialyzed swapped data for i = 169, j = 398 sucessfully passed !
	Initialyzed swapped data for i = 169, j = 399 sucessfully passed !
	Initialyzed swapped data for i = 169, j = 400 sucessfully passed !
	Initialyzed swapped data for i = 169, j = 401 sucessfully passed !
	Initialyzed swapped data for i = 169, j = 402 sucessfully passed !
	Initialyzed swapped data for i = 169, j = 403 sucessfully passed !
	Initialyzed swapped data for i = 169, j = 404 sucessfully passed !
	Initialyzed swapped data for i = 169, j = 405 sucessfully passed !
	Initialyzed swapped data for i = 169, j = 406 sucessfully passed !
	Initialyzed swapped data for i = 169, j = 407 sucessfully passed !
	Initialyzed swapped data for i = 169, j = 408 sucessfully passed !
	Initialyzed swapped data for i = 169, j = 409 sucessfully passed !
	Initialyzed swapped data for i = 169, j = 410 sucessfully passed !
	Initialyzed swapped data for i = 169, j = 411 sucessfully passed !
	Initialyzed swapped data for i = 169, j = 412 sucessfully passed !
	Initialyzed swapped data for i = 169, j = 413 sucessfully passed !
	Initialyzed swapped data for i = 169, j = 414 sucessfully passed !
	Initialyzed swapped data for i = 169, j = 415 sucessfully passed !
	Initialyzed swapped data for i = 169, j = 416 sucessfully passed !
	Initialyzed swapped data for i = 169, j = 417 sucessfully passed !
	Initialyzed swapped data for i = 169, j = 418 sucessfully passed !
	Initialyzed swapped data for i = 169, j = 419 sucessfully passed !
	Initialyzed swapped data for i = 169, j = 420 sucessfully passed !
	Initialyzed swapped data for i = 169, j = 421 sucessfully passed !
	Initialyzed swapped data for i = 169, j = 422 sucessfully passed !
	Initialyzed swapped data for i = 169, j = 423 sucessfully passed !
	Initialyzed swapped data for i = 169, j = 424 sucessfully passed !
	Initialyzed swapped data for i = 169, j = 425 sucessfully passed !
	Initialyzed swapped data for i = 169, j = 426 sucessfully passed !
	Initialyzed swapped data for i = 169, j = 427 sucessfully passed !
	Initialyzed swapped data for i = 169, j = 428 sucessfully passed !
	Initialyzed swapped data for i = 169, j = 429 sucessfully passed !
	Initialyzed swapped data for i = 169, j = 430 sucessfully passed !
	Initialyzed swapped data for i = 169, j = 431 sucessfully passed !
	Initialyzed swapped data for i = 169, j = 432 sucessfully passed !
	Initialyzed swapped data for i = 169, j = 433 sucessfully passed !
	Initialyzed swapped data for i = 170, j = 171 sucessfully passed !
	Initialyzed swapped data for i = 170, j = 172 sucessfully passed !
	Initialyzed swapped data for i = 170, j = 173 sucessfully passed !
	Initialyzed swapped data for i = 170, j = 174 sucessfully passed !
	Initialyzed swapped data for i = 170, j = 175 sucessfully passed !
	Initialyzed swapped data for i = 170, j = 176 sucessfully passed !
	Initialyzed swapped data for i = 170, j = 177 sucessfully passed !
	Initialyzed swapped data for i = 170, j = 178 sucessfully passed !
	Initialyzed swapped data for i = 170, j = 179 sucessfully passed !
	Initialyzed swapped data for i = 170, j = 180 sucessfully passed !
	Initialyzed swapped data for i = 170, j = 181 sucessfully passed !
	Initialyzed swapped data for i = 170, j = 182 sucessfully passed !
	Initialyzed swapped data for i = 170, j = 183 sucessfully passed !
	Initialyzed swapped data for i = 170, j = 184 sucessfully passed !
	Initialyzed swapped data for i = 170, j = 185 sucessfully passed !
	Initialyzed swapped data for i = 170, j = 186 sucessfully passed !
	Initialyzed swapped data for i = 170, j = 187 sucessfully passed !
	Initialyzed swapped data for i = 170, j = 188 sucessfully passed !
	Initialyzed swapped data for i = 170, j = 189 sucessfully passed !
	Initialyzed swapped data for i = 170, j = 190 sucessfully passed !
	Initialyzed swapped data for i = 170, j = 191 sucessfully passed !
	Initialyzed swapped data for i = 170, j = 192 sucessfully passed !
	Initialyzed swapped data for i = 170, j = 193 sucessfully passed !
	Initialyzed swapped data for i = 170, j = 194 sucessfully passed !
	Initialyzed swapped data for i = 170, j = 195 sucessfully passed !
	Initialyzed swapped data for i = 170, j = 196 sucessfully passed !
	Initialyzed swapped data for i = 170, j = 197 sucessfully passed !
	Initialyzed swapped data for i = 170, j = 198 sucessfully passed !
	Initialyzed swapped data for i = 170, j = 199 sucessfully passed !
	Initialyzed swapped data for i = 170, j = 200 sucessfully passed !
	Initialyzed swapped data for i = 170, j = 201 sucessfully passed !
	Initialyzed swapped data for i = 170, j = 202 sucessfully passed !
	Initialyzed swapped data for i = 170, j = 203 sucessfully passed !
	Initialyzed swapped data for i = 170, j = 204 sucessfully passed !
	Initialyzed swapped data for i = 170, j = 205 sucessfully passed !
	Initialyzed swapped data for i = 170, j = 206 sucessfully passed !
	Initialyzed swapped data for i = 170, j = 207 sucessfully passed !
	Initialyzed swapped data for i = 170, j = 208 sucessfully passed !
	Initialyzed swapped data for i = 170, j = 209 sucessfully passed !
	Initialyzed swapped data for i = 170, j = 210 sucessfully passed !
	Initialyzed swapped data for i = 170, j = 211 sucessfully passed !
	Initialyzed swapped data for i = 170, j = 212 sucessfully passed !
	Initialyzed swapped data for i = 170, j = 213 sucessfully passed !
	Initialyzed swapped data for i = 170, j = 214 sucessfully passed !
	Initialyzed swapped data for i = 170, j = 215 sucessfully passed !
	Initialyzed swapped data for i = 170, j = 216 sucessfully passed !
	Initialyzed swapped data for i = 170, j = 217 sucessfully passed !
	Initialyzed swapped data for i = 170, j = 218 sucessfully passed !
	Initialyzed swapped data for i = 170, j = 219 sucessfully passed !
	Initialyzed swapped data for i = 170, j = 220 sucessfully passed !
	Initialyzed swapped data for i = 170, j = 221 sucessfully passed !
	Initialyzed swapped data for i = 170, j = 222 sucessfully passed !
	Initialyzed swapped data for i = 170, j = 223 sucessfully passed !
	Initialyzed swapped data for i = 170, j = 224 sucessfully passed !
	Initialyzed swapped data for i = 170, j = 225 sucessfully passed !
	Initialyzed swapped data for i = 170, j = 226 sucessfully passed !
	Initialyzed swapped data for i = 170, j = 227 sucessfully passed !
	Initialyzed swapped data for i = 170, j = 228 sucessfully passed !
	Initialyzed swapped data for i = 170, j = 229 sucessfully passed !
	Initialyzed swapped data for i = 170, j = 230 sucessfully passed !
	Initialyzed swapped data for i = 170, j = 231 sucessfully passed !
	Initialyzed swapped data for i = 170, j = 232 sucessfully passed !
	Initialyzed swapped data for i = 170, j = 233 sucessfully passed !
	Initialyzed swapped data for i = 170, j = 234 sucessfully passed !
	Initialyzed swapped data for i = 170, j = 235 sucessfully passed !
	Initialyzed swapped data for i = 170, j = 236 sucessfully passed !
	Initialyzed swapped data for i = 170, j = 237 sucessfully passed !
	Initialyzed swapped data for i = 170, j = 238 sucessfully passed !
	Initialyzed swapped data for i = 170, j = 239 sucessfully passed !
	Initialyzed swapped data for i = 170, j = 240 sucessfully passed !
	Initialyzed swapped data for i = 170, j = 241 sucessfully passed !
	Initialyzed swapped data for i = 170, j = 242 sucessfully passed !
	Initialyzed swapped data for i = 170, j = 243 sucessfully passed !
	Initialyzed swapped data for i = 170, j = 244 sucessfully passed !
	Initialyzed swapped data for i = 170, j = 245 sucessfully passed !
	Initialyzed swapped data for i = 170, j = 246 sucessfully passed !
	Initialyzed swapped data for i = 170, j = 247 sucessfully passed !
	Initialyzed swapped data for i = 170, j = 248 sucessfully passed !
	Initialyzed swapped data for i = 170, j = 249 sucessfully passed !
	Initialyzed swapped data for i = 170, j = 250 sucessfully passed !
	Initialyzed swapped data for i = 170, j = 251 sucessfully passed !
	Initialyzed swapped data for i = 170, j = 252 sucessfully passed !
	Initialyzed swapped data for i = 170, j = 253 sucessfully passed !
	Initialyzed swapped data for i = 170, j = 254 sucessfully passed !
	Initialyzed swapped data for i = 170, j = 255 sucessfully passed !
	Initialyzed swapped data for i = 170, j = 256 sucessfully passed !
	Initialyzed swapped data for i = 170, j = 257 sucessfully passed !
	Initialyzed swapped data for i = 170, j = 258 sucessfully passed !
	Initialyzed swapped data for i = 170, j = 259 sucessfully passed !
	Initialyzed swapped data for i = 170, j = 260 sucessfully passed !
	Initialyzed swapped data for i = 170, j = 261 sucessfully passed !
	Initialyzed swapped data for i = 170, j = 262 sucessfully passed !
	Initialyzed swapped data for i = 170, j = 263 sucessfully passed !
	Initialyzed swapped data for i = 170, j = 264 sucessfully passed !
	Initialyzed swapped data for i = 170, j = 265 sucessfully passed !
	Initialyzed swapped data for i = 170, j = 266 sucessfully passed !
	Initialyzed swapped data for i = 170, j = 267 sucessfully passed !
	Initialyzed swapped data for i = 170, j = 268 sucessfully passed !
	Initialyzed swapped data for i = 170, j = 269 sucessfully passed !
	Initialyzed swapped data for i = 170, j = 270 sucessfully passed !
	Initialyzed swapped data for i = 170, j = 271 sucessfully passed !
	Initialyzed swapped data for i = 170, j = 272 sucessfully passed !
	Initialyzed swapped data for i = 170, j = 273 sucessfully passed !
	Initialyzed swapped data for i = 170, j = 274 sucessfully passed !
	Initialyzed swapped data for i = 170, j = 275 sucessfully passed !
	Initialyzed swapped data for i = 170, j = 276 sucessfully passed !
	Initialyzed swapped data for i = 170, j = 277 sucessfully passed !
	Initialyzed swapped data for i = 170, j = 278 sucessfully passed !
	Initialyzed swapped data for i = 170, j = 279 sucessfully passed !
	Initialyzed swapped data for i = 170, j = 280 sucessfully passed !
	Initialyzed swapped data for i = 170, j = 281 sucessfully passed !
	Initialyzed swapped data for i = 170, j = 282 sucessfully passed !
	Initialyzed swapped data for i = 170, j = 283 sucessfully passed !
	Initialyzed swapped data for i = 170, j = 284 sucessfully passed !
	Initialyzed swapped data for i = 170, j = 285 sucessfully passed !
	Initialyzed swapped data for i = 170, j = 286 sucessfully passed !
	Initialyzed swapped data for i = 170, j = 287 sucessfully passed !
	Initialyzed swapped data for i = 170, j = 288 sucessfully passed !
	Initialyzed swapped data for i = 170, j = 289 sucessfully passed !
	Initialyzed swapped data for i = 170, j = 290 sucessfully passed !
	Initialyzed swapped data for i = 170, j = 291 sucessfully passed !
	Initialyzed swapped data for i = 170, j = 292 sucessfully passed !
	Initialyzed swapped data for i = 170, j = 293 sucessfully passed !
	Initialyzed swapped data for i = 170, j = 294 sucessfully passed !
	Initialyzed swapped data for i = 170, j = 295 sucessfully passed !
	Initialyzed swapped data for i = 170, j = 296 sucessfully passed !
	Initialyzed swapped data for i = 170, j = 297 sucessfully passed !
	Initialyzed swapped data for i = 170, j = 298 sucessfully passed !
	Initialyzed swapped data for i = 170, j = 299 sucessfully passed !
	Initialyzed swapped data for i = 170, j = 300 sucessfully passed !
	Initialyzed swapped data for i = 170, j = 301 sucessfully passed !
	Initialyzed swapped data for i = 170, j = 302 sucessfully passed !
	Initialyzed swapped data for i = 170, j = 303 sucessfully passed !
	Initialyzed swapped data for i = 170, j = 304 sucessfully passed !
	Initialyzed swapped data for i = 170, j = 305 sucessfully passed !
	Initialyzed swapped data for i = 170, j = 306 sucessfully passed !
	Initialyzed swapped data for i = 170, j = 307 sucessfully passed !
	Initialyzed swapped data for i = 170, j = 308 sucessfully passed !
	Initialyzed swapped data for i = 170, j = 309 sucessfully passed !
	Initialyzed swapped data for i = 170, j = 310 sucessfully passed !
	Initialyzed swapped data for i = 170, j = 311 sucessfully passed !
	Initialyzed swapped data for i = 170, j = 312 sucessfully passed !
	Initialyzed swapped data for i = 170, j = 313 sucessfully passed !
	Initialyzed swapped data for i = 170, j = 314 sucessfully passed !
	Initialyzed swapped data for i = 170, j = 315 sucessfully passed !
	Initialyzed swapped data for i = 170, j = 316 sucessfully passed !
	Initialyzed swapped data for i = 170, j = 317 sucessfully passed !
	Initialyzed swapped data for i = 170, j = 318 sucessfully passed !
	Initialyzed swapped data for i = 170, j = 319 sucessfully passed !
	Initialyzed swapped data for i = 170, j = 320 sucessfully passed !
	Initialyzed swapped data for i = 170, j = 321 sucessfully passed !
	Initialyzed swapped data for i = 170, j = 322 sucessfully passed !
	Initialyzed swapped data for i = 170, j = 323 sucessfully passed !
	Initialyzed swapped data for i = 170, j = 324 sucessfully passed !
	Initialyzed swapped data for i = 170, j = 325 sucessfully passed !
	Initialyzed swapped data for i = 170, j = 326 sucessfully passed !
	Initialyzed swapped data for i = 170, j = 327 sucessfully passed !
	Initialyzed swapped data for i = 170, j = 328 sucessfully passed !
	Initialyzed swapped data for i = 170, j = 329 sucessfully passed !
	Initialyzed swapped data for i = 170, j = 330 sucessfully passed !
	Initialyzed swapped data for i = 170, j = 331 sucessfully passed !
	Initialyzed swapped data for i = 170, j = 332 sucessfully passed !
	Initialyzed swapped data for i = 170, j = 333 sucessfully passed !
	Initialyzed swapped data for i = 170, j = 334 sucessfully passed !
	Initialyzed swapped data for i = 170, j = 335 sucessfully passed !
	Initialyzed swapped data for i = 170, j = 336 sucessfully passed !
	Initialyzed swapped data for i = 170, j = 337 sucessfully passed !
	Initialyzed swapped data for i = 170, j = 338 sucessfully passed !
	Initialyzed swapped data for i = 170, j = 339 sucessfully passed !
	Initialyzed swapped data for i = 170, j = 340 sucessfully passed !
	Initialyzed swapped data for i = 170, j = 341 sucessfully passed !
	Initialyzed swapped data for i = 170, j = 342 sucessfully passed !
	Initialyzed swapped data for i = 170, j = 343 sucessfully passed !
	Initialyzed swapped data for i = 170, j = 344 sucessfully passed !
	Initialyzed swapped data for i = 170, j = 345 sucessfully passed !
	Initialyzed swapped data for i = 170, j = 346 sucessfully passed !
	Initialyzed swapped data for i = 170, j = 347 sucessfully passed !
	Initialyzed swapped data for i = 170, j = 348 sucessfully passed !
	Initialyzed swapped data for i = 170, j = 349 sucessfully passed !
	Initialyzed swapped data for i = 170, j = 350 sucessfully passed !
	Initialyzed swapped data for i = 170, j = 351 sucessfully passed !
	Initialyzed swapped data for i = 170, j = 352 sucessfully passed !
	Initialyzed swapped data for i = 170, j = 353 sucessfully passed !
	Initialyzed swapped data for i = 170, j = 354 sucessfully passed !
	Initialyzed swapped data for i = 170, j = 355 sucessfully passed !
	Initialyzed swapped data for i = 170, j = 356 sucessfully passed !
	Initialyzed swapped data for i = 170, j = 357 sucessfully passed !
	Initialyzed swapped data for i = 170, j = 358 sucessfully passed !
	Initialyzed swapped data for i = 170, j = 359 sucessfully passed !
	Initialyzed swapped data for i = 170, j = 360 sucessfully passed !
	Initialyzed swapped data for i = 170, j = 361 sucessfully passed !
	Initialyzed swapped data for i = 170, j = 362 sucessfully passed !
	Initialyzed swapped data for i = 170, j = 363 sucessfully passed !
	Initialyzed swapped data for i = 170, j = 364 sucessfully passed !
	Initialyzed swapped data for i = 170, j = 365 sucessfully passed !
	Initialyzed swapped data for i = 170, j = 366 sucessfully passed !
	Initialyzed swapped data for i = 170, j = 367 sucessfully passed !
	Initialyzed swapped data for i = 170, j = 368 sucessfully passed !
	Initialyzed swapped data for i = 170, j = 369 sucessfully passed !
	Initialyzed swapped data for i = 170, j = 370 sucessfully passed !
	Initialyzed swapped data for i = 170, j = 371 sucessfully passed !
	Initialyzed swapped data for i = 170, j = 372 sucessfully passed !
	Initialyzed swapped data for i = 170, j = 373 sucessfully passed !
	Initialyzed swapped data for i = 170, j = 374 sucessfully passed !
	Initialyzed swapped data for i = 170, j = 375 sucessfully passed !
	Initialyzed swapped data for i = 170, j = 376 sucessfully passed !
	Initialyzed swapped data for i = 170, j = 377 sucessfully passed !
	Initialyzed swapped data for i = 170, j = 378 sucessfully passed !
	Initialyzed swapped data for i = 170, j = 379 sucessfully passed !
	Initialyzed swapped data for i = 170, j = 380 sucessfully passed !
	Initialyzed swapped data for i = 170, j = 381 sucessfully passed !
	Initialyzed swapped data for i = 170, j = 382 sucessfully passed !
	Initialyzed swapped data for i = 170, j = 383 sucessfully passed !
	Initialyzed swapped data for i = 170, j = 384 sucessfully passed !
	Initialyzed swapped data for i = 170, j = 385 sucessfully passed !
	Initialyzed swapped data for i = 170, j = 386 sucessfully passed !
	Initialyzed swapped data for i = 170, j = 387 sucessfully passed !
	Initialyzed swapped data for i = 170, j = 388 sucessfully passed !
	Initialyzed swapped data for i = 170, j = 389 sucessfully passed !
	Initialyzed swapped data for i = 170, j = 390 sucessfully passed !
	Initialyzed swapped data for i = 170, j = 391 sucessfully passed !
	Initialyzed swapped data for i = 170, j = 392 sucessfully passed !
	Initialyzed swapped data for i = 170, j = 393 sucessfully passed !
	Initialyzed swapped data for i = 170, j = 394 sucessfully passed !
	Initialyzed swapped data for i = 170, j = 395 sucessfully passed !
	Initialyzed swapped data for i = 170, j = 396 sucessfully passed !
	Initialyzed swapped data for i = 170, j = 397 sucessfully passed !
	Initialyzed swapped data for i = 170, j = 398 sucessfully passed !
	Initialyzed swapped data for i = 170, j = 399 sucessfully passed !
	Initialyzed swapped data for i = 170, j = 400 sucessfully passed !
	Initialyzed swapped data for i = 170, j = 401 sucessfully passed !
	Initialyzed swapped data for i = 170, j = 402 sucessfully passed !
	Initialyzed swapped data for i = 170, j = 403 sucessfully passed !
	Initialyzed swapped data for i = 170, j = 404 sucessfully passed !
	Initialyzed swapped data for i = 170, j = 405 sucessfully passed !
	Initialyzed swapped data for i = 170, j = 406 sucessfully passed !
	Initialyzed swapped data for i = 170, j = 407 sucessfully passed !
	Initialyzed swapped data for i = 170, j = 408 sucessfully passed !
	Initialyzed swapped data for i = 170, j = 409 sucessfully passed !
	Initialyzed swapped data for i = 170, j = 410 sucessfully passed !
	Initialyzed swapped data for i = 170, j = 411 sucessfully passed !
	Initialyzed swapped data for i = 170, j = 412 sucessfully passed !
	Initialyzed swapped data for i = 170, j = 413 sucessfully passed !
	Initialyzed swapped data for i = 170, j = 414 sucessfully passed !
	Initialyzed swapped data for i = 170, j = 415 sucessfully passed !
	Initialyzed swapped data for i = 170, j = 416 sucessfully passed !
	Initialyzed swapped data for i = 170, j = 417 sucessfully passed !
	Initialyzed swapped data for i = 170, j = 418 sucessfully passed !
	Initialyzed swapped data for i = 170, j = 419 sucessfully passed !
	Initialyzed swapped data for i = 170, j = 420 sucessfully passed !
	Initialyzed swapped data for i = 170, j = 421 sucessfully passed !
	Initialyzed swapped data for i = 170, j = 422 sucessfully passed !
	Initialyzed swapped data for i = 170, j = 423 sucessfully passed !
	Initialyzed swapped data for i = 170, j = 424 sucessfully passed !
	Initialyzed swapped data for i = 170, j = 425 sucessfully passed !
	Initialyzed swapped data for i = 170, j = 426 sucessfully passed !
	Initialyzed swapped data for i = 170, j = 427 sucessfully passed !
	Initialyzed swapped data for i = 170, j = 428 sucessfully passed !
	Initialyzed swapped data for i = 170, j = 429 sucessfully passed !
	Initialyzed swapped data for i = 170, j = 430 sucessfully passed !
	Initialyzed swapped data for i = 170, j = 431 sucessfully passed !
	Initialyzed swapped data for i = 170, j = 432 sucessfully passed !
	Initialyzed swapped data for i = 170, j = 433 sucessfully passed !
	Initialyzed swapped data for i = 171, j = 172 sucessfully passed !
	Initialyzed swapped data for i = 171, j = 173 sucessfully passed !
	Initialyzed swapped data for i = 171, j = 174 sucessfully passed !
	Initialyzed swapped data for i = 171, j = 175 sucessfully passed !
	Initialyzed swapped data for i = 171, j = 176 sucessfully passed !
	Initialyzed swapped data for i = 171, j = 177 sucessfully passed !
	Initialyzed swapped data for i = 171, j = 178 sucessfully passed !
	Initialyzed swapped data for i = 171, j = 179 sucessfully passed !
	Initialyzed swapped data for i = 171, j = 180 sucessfully passed !
	Initialyzed swapped data for i = 171, j = 181 sucessfully passed !
	Initialyzed swapped data for i = 171, j = 182 sucessfully passed !
	Initialyzed swapped data for i = 171, j = 183 sucessfully passed !
	Initialyzed swapped data for i = 171, j = 184 sucessfully passed !
	Initialyzed swapped data for i = 171, j = 185 sucessfully passed !
	Initialyzed swapped data for i = 171, j = 186 sucessfully passed !
	Initialyzed swapped data for i = 171, j = 187 sucessfully passed !
	Initialyzed swapped data for i = 171, j = 188 sucessfully passed !
	Initialyzed swapped data for i = 171, j = 189 sucessfully passed !
	Initialyzed swapped data for i = 171, j = 190 sucessfully passed !
	Initialyzed swapped data for i = 171, j = 191 sucessfully passed !
	Initialyzed swapped data for i = 171, j = 192 sucessfully passed !
	Initialyzed swapped data for i = 171, j = 193 sucessfully passed !
	Initialyzed swapped data for i = 171, j = 194 sucessfully passed !
	Initialyzed swapped data for i = 171, j = 195 sucessfully passed !
	Initialyzed swapped data for i = 171, j = 196 sucessfully passed !
	Initialyzed swapped data for i = 171, j = 197 sucessfully passed !
	Initialyzed swapped data for i = 171, j = 198 sucessfully passed !
	Initialyzed swapped data for i = 171, j = 199 sucessfully passed !
	Initialyzed swapped data for i = 171, j = 200 sucessfully passed !
	Initialyzed swapped data for i = 171, j = 201 sucessfully passed !
	Initialyzed swapped data for i = 171, j = 202 sucessfully passed !
	Initialyzed swapped data for i = 171, j = 203 sucessfully passed !
	Initialyzed swapped data for i = 171, j = 204 sucessfully passed !
	Initialyzed swapped data for i = 171, j = 205 sucessfully passed !
	Initialyzed swapped data for i = 171, j = 206 sucessfully passed !
	Initialyzed swapped data for i = 171, j = 207 sucessfully passed !
	Initialyzed swapped data for i = 171, j = 208 sucessfully passed !
	Initialyzed swapped data for i = 171, j = 209 sucessfully passed !
	Initialyzed swapped data for i = 171, j = 210 sucessfully passed !
	Initialyzed swapped data for i = 171, j = 211 sucessfully passed !
	Initialyzed swapped data for i = 171, j = 212 sucessfully passed !
	Initialyzed swapped data for i = 171, j = 213 sucessfully passed !
	Initialyzed swapped data for i = 171, j = 214 sucessfully passed !
	Initialyzed swapped data for i = 171, j = 215 sucessfully passed !
	Initialyzed swapped data for i = 171, j = 216 sucessfully passed !
	Initialyzed swapped data for i = 171, j = 217 sucessfully passed !
	Initialyzed swapped data for i = 171, j = 218 sucessfully passed !
	Initialyzed swapped data for i = 171, j = 219 sucessfully passed !
	Initialyzed swapped data for i = 171, j = 220 sucessfully passed !
	Initialyzed swapped data for i = 171, j = 221 sucessfully passed !
	Initialyzed swapped data for i = 171, j = 222 sucessfully passed !
	Initialyzed swapped data for i = 171, j = 223 sucessfully passed !
	Initialyzed swapped data for i = 171, j = 224 sucessfully passed !
	Initialyzed swapped data for i = 171, j = 225 sucessfully passed !
	Initialyzed swapped data for i = 171, j = 226 sucessfully passed !
	Initialyzed swapped data for i = 171, j = 227 sucessfully passed !
	Initialyzed swapped data for i = 171, j = 228 sucessfully passed !
	Initialyzed swapped data for i = 171, j = 229 sucessfully passed !
	Initialyzed swapped data for i = 171, j = 230 sucessfully passed !
	Initialyzed swapped data for i = 171, j = 231 sucessfully passed !
	Initialyzed swapped data for i = 171, j = 232 sucessfully passed !
	Initialyzed swapped data for i = 171, j = 233 sucessfully passed !
	Initialyzed swapped data for i = 171, j = 234 sucessfully passed !
	Initialyzed swapped data for i = 171, j = 235 sucessfully passed !
	Initialyzed swapped data for i = 171, j = 236 sucessfully passed !
	Initialyzed swapped data for i = 171, j = 237 sucessfully passed !
	Initialyzed swapped data for i = 171, j = 238 sucessfully passed !
	Initialyzed swapped data for i = 171, j = 239 sucessfully passed !
	Initialyzed swapped data for i = 171, j = 240 sucessfully passed !
	Initialyzed swapped data for i = 171, j = 241 sucessfully passed !
	Initialyzed swapped data for i = 171, j = 242 sucessfully passed !
	Initialyzed swapped data for i = 171, j = 243 sucessfully passed !
	Initialyzed swapped data for i = 171, j = 244 sucessfully passed !
	Initialyzed swapped data for i = 171, j = 245 sucessfully passed !
	Initialyzed swapped data for i = 171, j = 246 sucessfully passed !
	Initialyzed swapped data for i = 171, j = 247 sucessfully passed !
	Initialyzed swapped data for i = 171, j = 248 sucessfully passed !
	Initialyzed swapped data for i = 171, j = 249 sucessfully passed !
	Initialyzed swapped data for i = 171, j = 250 sucessfully passed !
	Initialyzed swapped data for i = 171, j = 251 sucessfully passed !
	Initialyzed swapped data for i = 171, j = 252 sucessfully passed !
	Initialyzed swapped data for i = 171, j = 253 sucessfully passed !
	Initialyzed swapped data for i = 171, j = 254 sucessfully passed !
	Initialyzed swapped data for i = 171, j = 255 sucessfully passed !
	Initialyzed swapped data for i = 171, j = 256 sucessfully passed !
	Initialyzed swapped data for i = 171, j = 257 sucessfully passed !
	Initialyzed swapped data for i = 171, j = 258 sucessfully passed !
	Initialyzed swapped data for i = 171, j = 259 sucessfully passed !
	Initialyzed swapped data for i = 171, j = 260 sucessfully passed !
	Initialyzed swapped data for i = 171, j = 261 sucessfully passed !
	Initialyzed swapped data for i = 171, j = 262 sucessfully passed !
	Initialyzed swapped data for i = 171, j = 263 sucessfully passed !
	Initialyzed swapped data for i = 171, j = 264 sucessfully passed !
	Initialyzed swapped data for i = 171, j = 265 sucessfully passed !
	Initialyzed swapped data for i = 171, j = 266 sucessfully passed !
	Initialyzed swapped data for i = 171, j = 267 sucessfully passed !
	Initialyzed swapped data for i = 171, j = 268 sucessfully passed !
	Initialyzed swapped data for i = 171, j = 269 sucessfully passed !
	Initialyzed swapped data for i = 171, j = 270 sucessfully passed !
	Initialyzed swapped data for i = 171, j = 271 sucessfully passed !
	Initialyzed swapped data for i = 171, j = 272 sucessfully passed !
	Initialyzed swapped data for i = 171, j = 273 sucessfully passed !
	Initialyzed swapped data for i = 171, j = 274 sucessfully passed !
	Initialyzed swapped data for i = 171, j = 275 sucessfully passed !
	Initialyzed swapped data for i = 171, j = 276 sucessfully passed !
	Initialyzed swapped data for i = 171, j = 277 sucessfully passed !
	Initialyzed swapped data for i = 171, j = 278 sucessfully passed !
	Initialyzed swapped data for i = 171, j = 279 sucessfully passed !
	Initialyzed swapped data for i = 171, j = 280 sucessfully passed !
	Initialyzed swapped data for i = 171, j = 281 sucessfully passed !
	Initialyzed swapped data for i = 171, j = 282 sucessfully passed !
	Initialyzed swapped data for i = 171, j = 283 sucessfully passed !
	Initialyzed swapped data for i = 171, j = 284 sucessfully passed !
	Initialyzed swapped data for i = 171, j = 285 sucessfully passed !
	Initialyzed swapped data for i = 171, j = 286 sucessfully passed !
	Initialyzed swapped data for i = 171, j = 287 sucessfully passed !
	Initialyzed swapped data for i = 171, j = 288 sucessfully passed !
	Initialyzed swapped data for i = 171, j = 289 sucessfully passed !
	Initialyzed swapped data for i = 171, j = 290 sucessfully passed !
	Initialyzed swapped data for i = 171, j = 291 sucessfully passed !
	Initialyzed swapped data for i = 171, j = 292 sucessfully passed !
	Initialyzed swapped data for i = 171, j = 293 sucessfully passed !
	Initialyzed swapped data for i = 171, j = 294 sucessfully passed !
	Initialyzed swapped data for i = 171, j = 295 sucessfully passed !
	Initialyzed swapped data for i = 171, j = 296 sucessfully passed !
	Initialyzed swapped data for i = 171, j = 297 sucessfully passed !
	Initialyzed swapped data for i = 171, j = 298 sucessfully passed !
	Initialyzed swapped data for i = 171, j = 299 sucessfully passed !
	Initialyzed swapped data for i = 171, j = 300 sucessfully passed !
	Initialyzed swapped data for i = 171, j = 301 sucessfully passed !
	Initialyzed swapped data for i = 171, j = 302 sucessfully passed !
	Initialyzed swapped data for i = 171, j = 303 sucessfully passed !
	Initialyzed swapped data for i = 171, j = 304 sucessfully passed !
	Initialyzed swapped data for i = 171, j = 305 sucessfully passed !
	Initialyzed swapped data for i = 171, j = 306 sucessfully passed !
	Initialyzed swapped data for i = 171, j = 307 sucessfully passed !
	Initialyzed swapped data for i = 171, j = 308 sucessfully passed !
	Initialyzed swapped data for i = 171, j = 309 sucessfully passed !
	Initialyzed swapped data for i = 171, j = 310 sucessfully passed !
	Initialyzed swapped data for i = 171, j = 311 sucessfully passed !
	Initialyzed swapped data for i = 171, j = 312 sucessfully passed !
	Initialyzed swapped data for i = 171, j = 313 sucessfully passed !
	Initialyzed swapped data for i = 171, j = 314 sucessfully passed !
	Initialyzed swapped data for i = 171, j = 315 sucessfully passed !
	Initialyzed swapped data for i = 171, j = 316 sucessfully passed !
	Initialyzed swapped data for i = 171, j = 317 sucessfully passed !
	Initialyzed swapped data for i = 171, j = 318 sucessfully passed !
	Initialyzed swapped data for i = 171, j = 319 sucessfully passed !
	Initialyzed swapped data for i = 171, j = 320 sucessfully passed !
	Initialyzed swapped data for i = 171, j = 321 sucessfully passed !
	Initialyzed swapped data for i = 171, j = 322 sucessfully passed !
	Initialyzed swapped data for i = 171, j = 323 sucessfully passed !
	Initialyzed swapped data for i = 171, j = 324 sucessfully passed !
	Initialyzed swapped data for i = 171, j = 325 sucessfully passed !
	Initialyzed swapped data for i = 171, j = 326 sucessfully passed !
	Initialyzed swapped data for i = 171, j = 327 sucessfully passed !
	Initialyzed swapped data for i = 171, j = 328 sucessfully passed !
	Initialyzed swapped data for i = 171, j = 329 sucessfully passed !
	Initialyzed swapped data for i = 171, j = 330 sucessfully passed !
	Initialyzed swapped data for i = 171, j = 331 sucessfully passed !
	Initialyzed swapped data for i = 171, j = 332 sucessfully passed !
	Initialyzed swapped data for i = 171, j = 333 sucessfully passed !
	Initialyzed swapped data for i = 171, j = 334 sucessfully passed !
	Initialyzed swapped data for i = 171, j = 335 sucessfully passed !
	Initialyzed swapped data for i = 171, j = 336 sucessfully passed !
	Initialyzed swapped data for i = 171, j = 337 sucessfully passed !
	Initialyzed swapped data for i = 171, j = 338 sucessfully passed !
	Initialyzed swapped data for i = 171, j = 339 sucessfully passed !
	Initialyzed swapped data for i = 171, j = 340 sucessfully passed !
	Initialyzed swapped data for i = 171, j = 341 sucessfully passed !
	Initialyzed swapped data for i = 171, j = 342 sucessfully passed !
	Initialyzed swapped data for i = 171, j = 343 sucessfully passed !
	Initialyzed swapped data for i = 171, j = 344 sucessfully passed !
	Initialyzed swapped data for i = 171, j = 345 sucessfully passed !
	Initialyzed swapped data for i = 171, j = 346 sucessfully passed !
	Initialyzed swapped data for i = 171, j = 347 sucessfully passed !
	Initialyzed swapped data for i = 171, j = 348 sucessfully passed !
	Initialyzed swapped data for i = 171, j = 349 sucessfully passed !
	Initialyzed swapped data for i = 171, j = 350 sucessfully passed !
	Initialyzed swapped data for i = 171, j = 351 sucessfully passed !
	Initialyzed swapped data for i = 171, j = 352 sucessfully passed !
	Initialyzed swapped data for i = 171, j = 353 sucessfully passed !
	Initialyzed swapped data for i = 171, j = 354 sucessfully passed !
	Initialyzed swapped data for i = 171, j = 355 sucessfully passed !
	Initialyzed swapped data for i = 171, j = 356 sucessfully passed !
	Initialyzed swapped data for i = 171, j = 357 sucessfully passed !
	Initialyzed swapped data for i = 171, j = 358 sucessfully passed !
	Initialyzed swapped data for i = 171, j = 359 sucessfully passed !
	Initialyzed swapped data for i = 171, j = 360 sucessfully passed !
	Initialyzed swapped data for i = 171, j = 361 sucessfully passed !
	Initialyzed swapped data for i = 171, j = 362 sucessfully passed !
	Initialyzed swapped data for i = 171, j = 363 sucessfully passed !
	Initialyzed swapped data for i = 171, j = 364 sucessfully passed !
	Initialyzed swapped data for i = 171, j = 365 sucessfully passed !
	Initialyzed swapped data for i = 171, j = 366 sucessfully passed !
	Initialyzed swapped data for i = 171, j = 367 sucessfully passed !
	Initialyzed swapped data for i = 171, j = 368 sucessfully passed !
	Initialyzed swapped data for i = 171, j = 369 sucessfully passed !
	Initialyzed swapped data for i = 171, j = 370 sucessfully passed !
	Initialyzed swapped data for i = 171, j = 371 sucessfully passed !
	Initialyzed swapped data for i = 171, j = 372 sucessfully passed !
	Initialyzed swapped data for i = 171, j = 373 sucessfully passed !
	Initialyzed swapped data for i = 171, j = 374 sucessfully passed !
	Initialyzed swapped data for i = 171, j = 375 sucessfully passed !
	Initialyzed swapped data for i = 171, j = 376 sucessfully passed !
	Initialyzed swapped data for i = 171, j = 377 sucessfully passed !
	Initialyzed swapped data for i = 171, j = 378 sucessfully passed !
	Initialyzed swapped data for i = 171, j = 379 sucessfully passed !
	Initialyzed swapped data for i = 171, j = 380 sucessfully passed !
	Initialyzed swapped data for i = 171, j = 381 sucessfully passed !
	Initialyzed swapped data for i = 171, j = 382 sucessfully passed !
	Initialyzed swapped data for i = 171, j = 383 sucessfully passed !
	Initialyzed swapped data for i = 171, j = 384 sucessfully passed !
	Initialyzed swapped data for i = 171, j = 385 sucessfully passed !
	Initialyzed swapped data for i = 171, j = 386 sucessfully passed !
	Initialyzed swapped data for i = 171, j = 387 sucessfully passed !
	Initialyzed swapped data for i = 171, j = 388 sucessfully passed !
	Initialyzed swapped data for i = 171, j = 389 sucessfully passed !
	Initialyzed swapped data for i = 171, j = 390 sucessfully passed !
	Initialyzed swapped data for i = 171, j = 391 sucessfully passed !
	Initialyzed swapped data for i = 171, j = 392 sucessfully passed !
	Initialyzed swapped data for i = 171, j = 393 sucessfully passed !
	Initialyzed swapped data for i = 171, j = 394 sucessfully passed !
	Initialyzed swapped data for i = 171, j = 395 sucessfully passed !
	Initialyzed swapped data for i = 171, j = 396 sucessfully passed !
	Initialyzed swapped data for i = 171, j = 397 sucessfully passed !
	Initialyzed swapped data for i = 171, j = 398 sucessfully passed !
	Initialyzed swapped data for i = 171, j = 399 sucessfully passed !
	Initialyzed swapped data for i = 171, j = 400 sucessfully passed !
	Initialyzed swapped data for i = 171, j = 401 sucessfully passed !
	Initialyzed swapped data for i = 171, j = 402 sucessfully passed !
	Initialyzed swapped data for i = 171, j = 403 sucessfully passed !
	Initialyzed swapped data for i = 171, j = 404 sucessfully passed !
	Initialyzed swapped data for i = 171, j = 405 sucessfully passed !
	Initialyzed swapped data for i = 171, j = 406 sucessfully passed !
	Initialyzed swapped data for i = 171, j = 407 sucessfully passed !
	Initialyzed swapped data for i = 171, j = 408 sucessfully passed !
	Initialyzed swapped data for i = 171, j = 409 sucessfully passed !
	Initialyzed swapped data for i = 171, j = 410 sucessfully passed !
	Initialyzed swapped data for i = 171, j = 411 sucessfully passed !
	Initialyzed swapped data for i = 171, j = 412 sucessfully passed !
	Initialyzed swapped data for i = 171, j = 413 sucessfully passed !
	Initialyzed swapped data for i = 171, j = 414 sucessfully passed !
	Initialyzed swapped data for i = 171, j = 415 sucessfully passed !
	Initialyzed swapped data for i = 171, j = 416 sucessfully passed !
	Initialyzed swapped data for i = 171, j = 417 sucessfully passed !
	Initialyzed swapped data for i = 171, j = 418 sucessfully passed !
	Initialyzed swapped data for i = 171, j = 419 sucessfully passed !
	Initialyzed swapped data for i = 171, j = 420 sucessfully passed !
	Initialyzed swapped data for i = 171, j = 421 sucessfully passed !
	Initialyzed swapped data for i = 171, j = 422 sucessfully passed !
	Initialyzed swapped data for i = 171, j = 423 sucessfully passed !
	Initialyzed swapped data for i = 171, j = 424 sucessfully passed !
	Initialyzed swapped data for i = 171, j = 425 sucessfully passed !
	Initialyzed swapped data for i = 171, j = 426 sucessfully passed !
	Initialyzed swapped data for i = 171, j = 427 sucessfully passed !
	Initialyzed swapped data for i = 171, j = 428 sucessfully passed !
	Initialyzed swapped data for i = 171, j = 429 sucessfully passed !
	Initialyzed swapped data for i = 171, j = 430 sucessfully passed !
	Initialyzed swapped data for i = 171, j = 431 sucessfully passed !
	Initialyzed swapped data for i = 171, j = 432 sucessfully passed !
	Initialyzed swapped data for i = 171, j = 433 sucessfully passed !
	Initialyzed swapped data for i = 172, j = 173 sucessfully passed !
	Initialyzed swapped data for i = 172, j = 174 sucessfully passed !
	Initialyzed swapped data for i = 172, j = 175 sucessfully passed !
	Initialyzed swapped data for i = 172, j = 176 sucessfully passed !
	Initialyzed swapped data for i = 172, j = 177 sucessfully passed !
	Initialyzed swapped data for i = 172, j = 178 sucessfully passed !
	Initialyzed swapped data for i = 172, j = 179 sucessfully passed !
	Initialyzed swapped data for i = 172, j = 180 sucessfully passed !
	Initialyzed swapped data for i = 172, j = 181 sucessfully passed !
	Initialyzed swapped data for i = 172, j = 182 sucessfully passed !
	Initialyzed swapped data for i = 172, j = 183 sucessfully passed !
	Initialyzed swapped data for i = 172, j = 184 sucessfully passed !
	Initialyzed swapped data for i = 172, j = 185 sucessfully passed !
	Initialyzed swapped data for i = 172, j = 186 sucessfully passed !
	Initialyzed swapped data for i = 172, j = 187 sucessfully passed !
	Initialyzed swapped data for i = 172, j = 188 sucessfully passed !
	Initialyzed swapped data for i = 172, j = 189 sucessfully passed !
	Initialyzed swapped data for i = 172, j = 190 sucessfully passed !
	Initialyzed swapped data for i = 172, j = 191 sucessfully passed !
	Initialyzed swapped data for i = 172, j = 192 sucessfully passed !
	Initialyzed swapped data for i = 172, j = 193 sucessfully passed !
	Initialyzed swapped data for i = 172, j = 194 sucessfully passed !
	Initialyzed swapped data for i = 172, j = 195 sucessfully passed !
	Initialyzed swapped data for i = 172, j = 196 sucessfully passed !
	Initialyzed swapped data for i = 172, j = 197 sucessfully passed !
	Initialyzed swapped data for i = 172, j = 198 sucessfully passed !
	Initialyzed swapped data for i = 172, j = 199 sucessfully passed !
	Initialyzed swapped data for i = 172, j = 200 sucessfully passed !
	Initialyzed swapped data for i = 172, j = 201 sucessfully passed !
	Initialyzed swapped data for i = 172, j = 202 sucessfully passed !
	Initialyzed swapped data for i = 172, j = 203 sucessfully passed !
	Initialyzed swapped data for i = 172, j = 204 sucessfully passed !
	Initialyzed swapped data for i = 172, j = 205 sucessfully passed !
	Initialyzed swapped data for i = 172, j = 206 sucessfully passed !
	Initialyzed swapped data for i = 172, j = 207 sucessfully passed !
	Initialyzed swapped data for i = 172, j = 208 sucessfully passed !
	Initialyzed swapped data for i = 172, j = 209 sucessfully passed !
	Initialyzed swapped data for i = 172, j = 210 sucessfully passed !
	Initialyzed swapped data for i = 172, j = 211 sucessfully passed !
	Initialyzed swapped data for i = 172, j = 212 sucessfully passed !
	Initialyzed swapped data for i = 172, j = 213 sucessfully passed !
	Initialyzed swapped data for i = 172, j = 214 sucessfully passed !
	Initialyzed swapped data for i = 172, j = 215 sucessfully passed !
	Initialyzed swapped data for i = 172, j = 216 sucessfully passed !
	Initialyzed swapped data for i = 172, j = 217 sucessfully passed !
	Initialyzed swapped data for i = 172, j = 218 sucessfully passed !
	Initialyzed swapped data for i = 172, j = 219 sucessfully passed !
	Initialyzed swapped data for i = 172, j = 220 sucessfully passed !
	Initialyzed swapped data for i = 172, j = 221 sucessfully passed !
	Initialyzed swapped data for i = 172, j = 222 sucessfully passed !
	Initialyzed swapped data for i = 172, j = 223 sucessfully passed !
	Initialyzed swapped data for i = 172, j = 224 sucessfully passed !
	Initialyzed swapped data for i = 172, j = 225 sucessfully passed !
	Initialyzed swapped data for i = 172, j = 226 sucessfully passed !
	Initialyzed swapped data for i = 172, j = 227 sucessfully passed !
	Initialyzed swapped data for i = 172, j = 228 sucessfully passed !
	Initialyzed swapped data for i = 172, j = 229 sucessfully passed !
	Initialyzed swapped data for i = 172, j = 230 sucessfully passed !
	Initialyzed swapped data for i = 172, j = 231 sucessfully passed !
	Initialyzed swapped data for i = 172, j = 232 sucessfully passed !
	Initialyzed swapped data for i = 172, j = 233 sucessfully passed !
	Initialyzed swapped data for i = 172, j = 234 sucessfully passed !
	Initialyzed swapped data for i = 172, j = 235 sucessfully passed !
	Initialyzed swapped data for i = 172, j = 236 sucessfully passed !
	Initialyzed swapped data for i = 172, j = 237 sucessfully passed !
	Initialyzed swapped data for i = 172, j = 238 sucessfully passed !
	Initialyzed swapped data for i = 172, j = 239 sucessfully passed !
	Initialyzed swapped data for i = 172, j = 240 sucessfully passed !
	Initialyzed swapped data for i = 172, j = 241 sucessfully passed !
	Initialyzed swapped data for i = 172, j = 242 sucessfully passed !
	Initialyzed swapped data for i = 172, j = 243 sucessfully passed !
	Initialyzed swapped data for i = 172, j = 244 sucessfully passed !
	Initialyzed swapped data for i = 172, j = 245 sucessfully passed !
	Initialyzed swapped data for i = 172, j = 246 sucessfully passed !
	Initialyzed swapped data for i = 172, j = 247 sucessfully passed !
	Initialyzed swapped data for i = 172, j = 248 sucessfully passed !
	Initialyzed swapped data for i = 172, j = 249 sucessfully passed !
	Initialyzed swapped data for i = 172, j = 250 sucessfully passed !
	Initialyzed swapped data for i = 172, j = 251 sucessfully passed !
	Initialyzed swapped data for i = 172, j = 252 sucessfully passed !
	Initialyzed swapped data for i = 172, j = 253 sucessfully passed !
	Initialyzed swapped data for i = 172, j = 254 sucessfully passed !
	Initialyzed swapped data for i = 172, j = 255 sucessfully passed !
	Initialyzed swapped data for i = 172, j = 256 sucessfully passed !
	Initialyzed swapped data for i = 172, j = 257 sucessfully passed !
	Initialyzed swapped data for i = 172, j = 258 sucessfully passed !
	Initialyzed swapped data for i = 172, j = 259 sucessfully passed !
	Initialyzed swapped data for i = 172, j = 260 sucessfully passed !
	Initialyzed swapped data for i = 172, j = 261 sucessfully passed !
	Initialyzed swapped data for i = 172, j = 262 sucessfully passed !
	Initialyzed swapped data for i = 172, j = 263 sucessfully passed !
	Initialyzed swapped data for i = 172, j = 264 sucessfully passed !
	Initialyzed swapped data for i = 172, j = 265 sucessfully passed !
	Initialyzed swapped data for i = 172, j = 266 sucessfully passed !
	Initialyzed swapped data for i = 172, j = 267 sucessfully passed !
	Initialyzed swapped data for i = 172, j = 268 sucessfully passed !
	Initialyzed swapped data for i = 172, j = 269 sucessfully passed !
	Initialyzed swapped data for i = 172, j = 270 sucessfully passed !
	Initialyzed swapped data for i = 172, j = 271 sucessfully passed !
	Initialyzed swapped data for i = 172, j = 272 sucessfully passed !
	Initialyzed swapped data for i = 172, j = 273 sucessfully passed !
	Initialyzed swapped data for i = 172, j = 274 sucessfully passed !
	Initialyzed swapped data for i = 172, j = 275 sucessfully passed !
	Initialyzed swapped data for i = 172, j = 276 sucessfully passed !
	Initialyzed swapped data for i = 172, j = 277 sucessfully passed !
	Initialyzed swapped data for i = 172, j = 278 sucessfully passed !
	Initialyzed swapped data for i = 172, j = 279 sucessfully passed !
	Initialyzed swapped data for i = 172, j = 280 sucessfully passed !
	Initialyzed swapped data for i = 172, j = 281 sucessfully passed !
	Initialyzed swapped data for i = 172, j = 282 sucessfully passed !
	Initialyzed swapped data for i = 172, j = 283 sucessfully passed !
	Initialyzed swapped data for i = 172, j = 284 sucessfully passed !
	Initialyzed swapped data for i = 172, j = 285 sucessfully passed !
	Initialyzed swapped data for i = 172, j = 286 sucessfully passed !
	Initialyzed swapped data for i = 172, j = 287 sucessfully passed !
	Initialyzed swapped data for i = 172, j = 288 sucessfully passed !
	Initialyzed swapped data for i = 172, j = 289 sucessfully passed !
	Initialyzed swapped data for i = 172, j = 290 sucessfully passed !
	Initialyzed swapped data for i = 172, j = 291 sucessfully passed !
	Initialyzed swapped data for i = 172, j = 292 sucessfully passed !
	Initialyzed swapped data for i = 172, j = 293 sucessfully passed !
	Initialyzed swapped data for i = 172, j = 294 sucessfully passed !
	Initialyzed swapped data for i = 172, j = 295 sucessfully passed !
	Initialyzed swapped data for i = 172, j = 296 sucessfully passed !
	Initialyzed swapped data for i = 172, j = 297 sucessfully passed !
	Initialyzed swapped data for i = 172, j = 298 sucessfully passed !
	Initialyzed swapped data for i = 172, j = 299 sucessfully passed !
	Initialyzed swapped data for i = 172, j = 300 sucessfully passed !
	Initialyzed swapped data for i = 172, j = 301 sucessfully passed !
	Initialyzed swapped data for i = 172, j = 302 sucessfully passed !
	Initialyzed swapped data for i = 172, j = 303 sucessfully passed !
	Initialyzed swapped data for i = 172, j = 304 sucessfully passed !
	Initialyzed swapped data for i = 172, j = 305 sucessfully passed !
	Initialyzed swapped data for i = 172, j = 306 sucessfully passed !
	Initialyzed swapped data for i = 172, j = 307 sucessfully passed !
	Initialyzed swapped data for i = 172, j = 308 sucessfully passed !
	Initialyzed swapped data for i = 172, j = 309 sucessfully passed !
	Initialyzed swapped data for i = 172, j = 310 sucessfully passed !
	Initialyzed swapped data for i = 172, j = 311 sucessfully passed !
	Initialyzed swapped data for i = 172, j = 312 sucessfully passed !
	Initialyzed swapped data for i = 172, j = 313 sucessfully passed !
	Initialyzed swapped data for i = 172, j = 314 sucessfully passed !
	Initialyzed swapped data for i = 172, j = 315 sucessfully passed !
	Initialyzed swapped data for i = 172, j = 316 sucessfully passed !
	Initialyzed swapped data for i = 172, j = 317 sucessfully passed !
	Initialyzed swapped data for i = 172, j = 318 sucessfully passed !
	Initialyzed swapped data for i = 172, j = 319 sucessfully passed !
	Initialyzed swapped data for i = 172, j = 320 sucessfully passed !
	Initialyzed swapped data for i = 172, j = 321 sucessfully passed !
	Initialyzed swapped data for i = 172, j = 322 sucessfully passed !
	Initialyzed swapped data for i = 172, j = 323 sucessfully passed !
	Initialyzed swapped data for i = 172, j = 324 sucessfully passed !
	Initialyzed swapped data for i = 172, j = 325 sucessfully passed !
	Initialyzed swapped data for i = 172, j = 326 sucessfully passed !
	Initialyzed swapped data for i = 172, j = 327 sucessfully passed !
	Initialyzed swapped data for i = 172, j = 328 sucessfully passed !
	Initialyzed swapped data for i = 172, j = 329 sucessfully passed !
	Initialyzed swapped data for i = 172, j = 330 sucessfully passed !
	Initialyzed swapped data for i = 172, j = 331 sucessfully passed !
	Initialyzed swapped data for i = 172, j = 332 sucessfully passed !
	Initialyzed swapped data for i = 172, j = 333 sucessfully passed !
	Initialyzed swapped data for i = 172, j = 334 sucessfully passed !
	Initialyzed swapped data for i = 172, j = 335 sucessfully passed !
	Initialyzed swapped data for i = 172, j = 336 sucessfully passed !
	Initialyzed swapped data for i = 172, j = 337 sucessfully passed !
	Initialyzed swapped data for i = 172, j = 338 sucessfully passed !
	Initialyzed swapped data for i = 172, j = 339 sucessfully passed !
	Initialyzed swapped data for i = 172, j = 340 sucessfully passed !
	Initialyzed swapped data for i = 172, j = 341 sucessfully passed !
	Initialyzed swapped data for i = 172, j = 342 sucessfully passed !
	Initialyzed swapped data for i = 172, j = 343 sucessfully passed !
	Initialyzed swapped data for i = 172, j = 344 sucessfully passed !
	Initialyzed swapped data for i = 172, j = 345 sucessfully passed !
	Initialyzed swapped data for i = 172, j = 346 sucessfully passed !
	Initialyzed swapped data for i = 172, j = 347 sucessfully passed !
	Initialyzed swapped data for i = 172, j = 348 sucessfully passed !
	Initialyzed swapped data for i = 172, j = 349 sucessfully passed !
	Initialyzed swapped data for i = 172, j = 350 sucessfully passed !
	Initialyzed swapped data for i = 172, j = 351 sucessfully passed !
	Initialyzed swapped data for i = 172, j = 352 sucessfully passed !
	Initialyzed swapped data for i = 172, j = 353 sucessfully passed !
	Initialyzed swapped data for i = 172, j = 354 sucessfully passed !
	Initialyzed swapped data for i = 172, j = 355 sucessfully passed !
	Initialyzed swapped data for i = 172, j = 356 sucessfully passed !
	Initialyzed swapped data for i = 172, j = 357 sucessfully passed !
	Initialyzed swapped data for i = 172, j = 358 sucessfully passed !
	Initialyzed swapped data for i = 172, j = 359 sucessfully passed !
	Initialyzed swapped data for i = 172, j = 360 sucessfully passed !
	Initialyzed swapped data for i = 172, j = 361 sucessfully passed !
	Initialyzed swapped data for i = 172, j = 362 sucessfully passed !
	Initialyzed swapped data for i = 172, j = 363 sucessfully passed !
	Initialyzed swapped data for i = 172, j = 364 sucessfully passed !
	Initialyzed swapped data for i = 172, j = 365 sucessfully passed !
	Initialyzed swapped data for i = 172, j = 366 sucessfully passed !
	Initialyzed swapped data for i = 172, j = 367 sucessfully passed !
	Initialyzed swapped data for i = 172, j = 368 sucessfully passed !
	Initialyzed swapped data for i = 172, j = 369 sucessfully passed !
	Initialyzed swapped data for i = 172, j = 370 sucessfully passed !
	Initialyzed swapped data for i = 172, j = 371 sucessfully passed !
	Initialyzed swapped data for i = 172, j = 372 sucessfully passed !
	Initialyzed swapped data for i = 172, j = 373 sucessfully passed !
	Initialyzed swapped data for i = 172, j = 374 sucessfully passed !
	Initialyzed swapped data for i = 172, j = 375 sucessfully passed !
	Initialyzed swapped data for i = 172, j = 376 sucessfully passed !
	Initialyzed swapped data for i = 172, j = 377 sucessfully passed !
	Initialyzed swapped data for i = 172, j = 378 sucessfully passed !
	Initialyzed swapped data for i = 172, j = 379 sucessfully passed !
	Initialyzed swapped data for i = 172, j = 380 sucessfully passed !
	Initialyzed swapped data for i = 172, j = 381 sucessfully passed !
	Initialyzed swapped data for i = 172, j = 382 sucessfully passed !
	Initialyzed swapped data for i = 172, j = 383 sucessfully passed !
	Initialyzed swapped data for i = 172, j = 384 sucessfully passed !
	Initialyzed swapped data for i = 172, j = 385 sucessfully passed !
	Initialyzed swapped data for i = 172, j = 386 sucessfully passed !
	Initialyzed swapped data for i = 172, j = 387 sucessfully passed !
	Initialyzed swapped data for i = 172, j = 388 sucessfully passed !
	Initialyzed swapped data for i = 172, j = 389 sucessfully passed !
	Initialyzed swapped data for i = 172, j = 390 sucessfully passed !
	Initialyzed swapped data for i = 172, j = 391 sucessfully passed !
	Initialyzed swapped data for i = 172, j = 392 sucessfully passed !
	Initialyzed swapped data for i = 172, j = 393 sucessfully passed !
	Initialyzed swapped data for i = 172, j = 394 sucessfully passed !
	Initialyzed swapped data for i = 172, j = 395 sucessfully passed !
	Initialyzed swapped data for i = 172, j = 396 sucessfully passed !
	Initialyzed swapped data for i = 172, j = 397 sucessfully passed !
	Initialyzed swapped data for i = 172, j = 398 sucessfully passed !
	Initialyzed swapped data for i = 172, j = 399 sucessfully passed !
	Initialyzed swapped data for i = 172, j = 400 sucessfully passed !
	Initialyzed swapped data for i = 172, j = 401 sucessfully passed !
	Initialyzed swapped data for i = 172, j = 402 sucessfully passed !
	Initialyzed swapped data for i = 172, j = 403 sucessfully passed !
	Initialyzed swapped data for i = 172, j = 404 sucessfully passed !
	Initialyzed swapped data for i = 172, j = 405 sucessfully passed !
	Initialyzed swapped data for i = 172, j = 406 sucessfully passed !
	Initialyzed swapped data for i = 172, j = 407 sucessfully passed !
	Initialyzed swapped data for i = 172, j = 408 sucessfully passed !
	Initialyzed swapped data for i = 172, j = 409 sucessfully passed !
	Initialyzed swapped data for i = 172, j = 410 sucessfully passed !
	Initialyzed swapped data for i = 172, j = 411 sucessfully passed !
	Initialyzed swapped data for i = 172, j = 412 sucessfully passed !
	Initialyzed swapped data for i = 172, j = 413 sucessfully passed !
	Initialyzed swapped data for i = 172, j = 414 sucessfully passed !
	Initialyzed swapped data for i = 172, j = 415 sucessfully passed !
	Initialyzed swapped data for i = 172, j = 416 sucessfully passed !
	Initialyzed swapped data for i = 172, j = 417 sucessfully passed !
	Initialyzed swapped data for i = 172, j = 418 sucessfully passed !
	Initialyzed swapped data for i = 172, j = 419 sucessfully passed !
	Initialyzed swapped data for i = 172, j = 420 sucessfully passed !
	Initialyzed swapped data for i = 172, j = 421 sucessfully passed !
	Initialyzed swapped data for i = 172, j = 422 sucessfully passed !
	Initialyzed swapped data for i = 172, j = 423 sucessfully passed !
	Initialyzed swapped data for i = 172, j = 424 sucessfully passed !
	Initialyzed swapped data for i = 172, j = 425 sucessfully passed !
	Initialyzed swapped data for i = 172, j = 426 sucessfully passed !
	Initialyzed swapped data for i = 172, j = 427 sucessfully passed !
	Initialyzed swapped data for i = 172, j = 428 sucessfully passed !
	Initialyzed swapped data for i = 172, j = 429 sucessfully passed !
	Initialyzed swapped data for i = 172, j = 430 sucessfully passed !
	Initialyzed swapped data for i = 172, j = 431 sucessfully passed !
	Initialyzed swapped data for i = 172, j = 432 sucessfully passed !
	Initialyzed swapped data for i = 172, j = 433 sucessfully passed !
	Initialyzed swapped data for i = 173, j = 174 sucessfully passed !
	Initialyzed swapped data for i = 173, j = 175 sucessfully passed !
	Initialyzed swapped data for i = 173, j = 176 sucessfully passed !
	Initialyzed swapped data for i = 173, j = 177 sucessfully passed !
	Initialyzed swapped data for i = 173, j = 178 sucessfully passed !
	Initialyzed swapped data for i = 173, j = 179 sucessfully passed !
	Initialyzed swapped data for i = 173, j = 180 sucessfully passed !
	Initialyzed swapped data for i = 173, j = 181 sucessfully passed !
	Initialyzed swapped data for i = 173, j = 182 sucessfully passed !
	Initialyzed swapped data for i = 173, j = 183 sucessfully passed !
	Initialyzed swapped data for i = 173, j = 184 sucessfully passed !
	Initialyzed swapped data for i = 173, j = 185 sucessfully passed !
	Initialyzed swapped data for i = 173, j = 186 sucessfully passed !
	Initialyzed swapped data for i = 173, j = 187 sucessfully passed !
	Initialyzed swapped data for i = 173, j = 188 sucessfully passed !
	Initialyzed swapped data for i = 173, j = 189 sucessfully passed !
	Initialyzed swapped data for i = 173, j = 190 sucessfully passed !
	Initialyzed swapped data for i = 173, j = 191 sucessfully passed !
	Initialyzed swapped data for i = 173, j = 192 sucessfully passed !
	Initialyzed swapped data for i = 173, j = 193 sucessfully passed !
	Initialyzed swapped data for i = 173, j = 194 sucessfully passed !
	Initialyzed swapped data for i = 173, j = 195 sucessfully passed !
	Initialyzed swapped data for i = 173, j = 196 sucessfully passed !
	Initialyzed swapped data for i = 173, j = 197 sucessfully passed !
	Initialyzed swapped data for i = 173, j = 198 sucessfully passed !
	Initialyzed swapped data for i = 173, j = 199 sucessfully passed !
	Initialyzed swapped data for i = 173, j = 200 sucessfully passed !
	Initialyzed swapped data for i = 173, j = 201 sucessfully passed !
	Initialyzed swapped data for i = 173, j = 202 sucessfully passed !
	Initialyzed swapped data for i = 173, j = 203 sucessfully passed !
	Initialyzed swapped data for i = 173, j = 204 sucessfully passed !
	Initialyzed swapped data for i = 173, j = 205 sucessfully passed !
	Initialyzed swapped data for i = 173, j = 206 sucessfully passed !
	Initialyzed swapped data for i = 173, j = 207 sucessfully passed !
	Initialyzed swapped data for i = 173, j = 208 sucessfully passed !
	Initialyzed swapped data for i = 173, j = 209 sucessfully passed !
	Initialyzed swapped data for i = 173, j = 210 sucessfully passed !
	Initialyzed swapped data for i = 173, j = 211 sucessfully passed !
	Initialyzed swapped data for i = 173, j = 212 sucessfully passed !
	Initialyzed swapped data for i = 173, j = 213 sucessfully passed !
	Initialyzed swapped data for i = 173, j = 214 sucessfully passed !
	Initialyzed swapped data for i = 173, j = 215 sucessfully passed !
	Initialyzed swapped data for i = 173, j = 216 sucessfully passed !
	Initialyzed swapped data for i = 173, j = 217 sucessfully passed !
	Initialyzed swapped data for i = 173, j = 218 sucessfully passed !
	Initialyzed swapped data for i = 173, j = 219 sucessfully passed !
	Initialyzed swapped data for i = 173, j = 220 sucessfully passed !
	Initialyzed swapped data for i = 173, j = 221 sucessfully passed !
	Initialyzed swapped data for i = 173, j = 222 sucessfully passed !
	Initialyzed swapped data for i = 173, j = 223 sucessfully passed !
	Initialyzed swapped data for i = 173, j = 224 sucessfully passed !
	Initialyzed swapped data for i = 173, j = 225 sucessfully passed !
	Initialyzed swapped data for i = 173, j = 226 sucessfully passed !
	Initialyzed swapped data for i = 173, j = 227 sucessfully passed !
	Initialyzed swapped data for i = 173, j = 228 sucessfully passed !
	Initialyzed swapped data for i = 173, j = 229 sucessfully passed !
	Initialyzed swapped data for i = 173, j = 230 sucessfully passed !
	Initialyzed swapped data for i = 173, j = 231 sucessfully passed !
	Initialyzed swapped data for i = 173, j = 232 sucessfully passed !
	Initialyzed swapped data for i = 173, j = 233 sucessfully passed !
	Initialyzed swapped data for i = 173, j = 234 sucessfully passed !
	Initialyzed swapped data for i = 173, j = 235 sucessfully passed !
	Initialyzed swapped data for i = 173, j = 236 sucessfully passed !
	Initialyzed swapped data for i = 173, j = 237 sucessfully passed !
	Initialyzed swapped data for i = 173, j = 238 sucessfully passed !
	Initialyzed swapped data for i = 173, j = 239 sucessfully passed !
	Initialyzed swapped data for i = 173, j = 240 sucessfully passed !
	Initialyzed swapped data for i = 173, j = 241 sucessfully passed !
	Initialyzed swapped data for i = 173, j = 242 sucessfully passed !
	Initialyzed swapped data for i = 173, j = 243 sucessfully passed !
	Initialyzed swapped data for i = 173, j = 244 sucessfully passed !
	Initialyzed swapped data for i = 173, j = 245 sucessfully passed !
	Initialyzed swapped data for i = 173, j = 246 sucessfully passed !
	Initialyzed swapped data for i = 173, j = 247 sucessfully passed !
	Initialyzed swapped data for i = 173, j = 248 sucessfully passed !
	Initialyzed swapped data for i = 173, j = 249 sucessfully passed !
	Initialyzed swapped data for i = 173, j = 250 sucessfully passed !
	Initialyzed swapped data for i = 173, j = 251 sucessfully passed !
	Initialyzed swapped data for i = 173, j = 252 sucessfully passed !
	Initialyzed swapped data for i = 173, j = 253 sucessfully passed !
	Initialyzed swapped data for i = 173, j = 254 sucessfully passed !
	Initialyzed swapped data for i = 173, j = 255 sucessfully passed !
	Initialyzed swapped data for i = 173, j = 256 sucessfully passed !
	Initialyzed swapped data for i = 173, j = 257 sucessfully passed !
	Initialyzed swapped data for i = 173, j = 258 sucessfully passed !
	Initialyzed swapped data for i = 173, j = 259 sucessfully passed !
	Initialyzed swapped data for i = 173, j = 260 sucessfully passed !
	Initialyzed swapped data for i = 173, j = 261 sucessfully passed !
	Initialyzed swapped data for i = 173, j = 262 sucessfully passed !
	Initialyzed swapped data for i = 173, j = 263 sucessfully passed !
	Initialyzed swapped data for i = 173, j = 264 sucessfully passed !
	Initialyzed swapped data for i = 173, j = 265 sucessfully passed !
	Initialyzed swapped data for i = 173, j = 266 sucessfully passed !
	Initialyzed swapped data for i = 173, j = 267 sucessfully passed !
	Initialyzed swapped data for i = 173, j = 268 sucessfully passed !
	Initialyzed swapped data for i = 173, j = 269 sucessfully passed !
	Initialyzed swapped data for i = 173, j = 270 sucessfully passed !
	Initialyzed swapped data for i = 173, j = 271 sucessfully passed !
	Initialyzed swapped data for i = 173, j = 272 sucessfully passed !
	Initialyzed swapped data for i = 173, j = 273 sucessfully passed !
	Initialyzed swapped data for i = 173, j = 274 sucessfully passed !
	Initialyzed swapped data for i = 173, j = 275 sucessfully passed !
	Initialyzed swapped data for i = 173, j = 276 sucessfully passed !
	Initialyzed swapped data for i = 173, j = 277 sucessfully passed !
	Initialyzed swapped data for i = 173, j = 278 sucessfully passed !
	Initialyzed swapped data for i = 173, j = 279 sucessfully passed !
	Initialyzed swapped data for i = 173, j = 280 sucessfully passed !
	Initialyzed swapped data for i = 173, j = 281 sucessfully passed !
	Initialyzed swapped data for i = 173, j = 282 sucessfully passed !
	Initialyzed swapped data for i = 173, j = 283 sucessfully passed !
	Initialyzed swapped data for i = 173, j = 284 sucessfully passed !
	Initialyzed swapped data for i = 173, j = 285 sucessfully passed !
	Initialyzed swapped data for i = 173, j = 286 sucessfully passed !
	Initialyzed swapped data for i = 173, j = 287 sucessfully passed !
	Initialyzed swapped data for i = 173, j = 288 sucessfully passed !
	Initialyzed swapped data for i = 173, j = 289 sucessfully passed !
	Initialyzed swapped data for i = 173, j = 290 sucessfully passed !
	Initialyzed swapped data for i = 173, j = 291 sucessfully passed !
	Initialyzed swapped data for i = 173, j = 292 sucessfully passed !
	Initialyzed swapped data for i = 173, j = 293 sucessfully passed !
	Initialyzed swapped data for i = 173, j = 294 sucessfully passed !
	Initialyzed swapped data for i = 173, j = 295 sucessfully passed !
	Initialyzed swapped data for i = 173, j = 296 sucessfully passed !
	Initialyzed swapped data for i = 173, j = 297 sucessfully passed !
	Initialyzed swapped data for i = 173, j = 298 sucessfully passed !
	Initialyzed swapped data for i = 173, j = 299 sucessfully passed !
	Initialyzed swapped data for i = 173, j = 300 sucessfully passed !
	Initialyzed swapped data for i = 173, j = 301 sucessfully passed !
	Initialyzed swapped data for i = 173, j = 302 sucessfully passed !
	Initialyzed swapped data for i = 173, j = 303 sucessfully passed !
	Initialyzed swapped data for i = 173, j = 304 sucessfully passed !
	Initialyzed swapped data for i = 173, j = 305 sucessfully passed !
	Initialyzed swapped data for i = 173, j = 306 sucessfully passed !
	Initialyzed swapped data for i = 173, j = 307 sucessfully passed !
	Initialyzed swapped data for i = 173, j = 308 sucessfully passed !
	Initialyzed swapped data for i = 173, j = 309 sucessfully passed !
	Initialyzed swapped data for i = 173, j = 310 sucessfully passed !
	Initialyzed swapped data for i = 173, j = 311 sucessfully passed !
	Initialyzed swapped data for i = 173, j = 312 sucessfully passed !
	Initialyzed swapped data for i = 173, j = 313 sucessfully passed !
	Initialyzed swapped data for i = 173, j = 314 sucessfully passed !
	Initialyzed swapped data for i = 173, j = 315 sucessfully passed !
	Initialyzed swapped data for i = 173, j = 316 sucessfully passed !
	Initialyzed swapped data for i = 173, j = 317 sucessfully passed !
	Initialyzed swapped data for i = 173, j = 318 sucessfully passed !
	Initialyzed swapped data for i = 173, j = 319 sucessfully passed !
	Initialyzed swapped data for i = 173, j = 320 sucessfully passed !
	Initialyzed swapped data for i = 173, j = 321 sucessfully passed !
	Initialyzed swapped data for i = 173, j = 322 sucessfully passed !
	Initialyzed swapped data for i = 173, j = 323 sucessfully passed !
	Initialyzed swapped data for i = 173, j = 324 sucessfully passed !
	Initialyzed swapped data for i = 173, j = 325 sucessfully passed !
	Initialyzed swapped data for i = 173, j = 326 sucessfully passed !
	Initialyzed swapped data for i = 173, j = 327 sucessfully passed !
	Initialyzed swapped data for i = 173, j = 328 sucessfully passed !
	Initialyzed swapped data for i = 173, j = 329 sucessfully passed !
	Initialyzed swapped data for i = 173, j = 330 sucessfully passed !
	Initialyzed swapped data for i = 173, j = 331 sucessfully passed !
	Initialyzed swapped data for i = 173, j = 332 sucessfully passed !
	Initialyzed swapped data for i = 173, j = 333 sucessfully passed !
	Initialyzed swapped data for i = 173, j = 334 sucessfully passed !
	Initialyzed swapped data for i = 173, j = 335 sucessfully passed !
	Initialyzed swapped data for i = 173, j = 336 sucessfully passed !
	Initialyzed swapped data for i = 173, j = 337 sucessfully passed !
	Initialyzed swapped data for i = 173, j = 338 sucessfully passed !
	Initialyzed swapped data for i = 173, j = 339 sucessfully passed !
	Initialyzed swapped data for i = 173, j = 340 sucessfully passed !
	Initialyzed swapped data for i = 173, j = 341 sucessfully passed !
	Initialyzed swapped data for i = 173, j = 342 sucessfully passed !
	Initialyzed swapped data for i = 173, j = 343 sucessfully passed !
	Initialyzed swapped data for i = 173, j = 344 sucessfully passed !
	Initialyzed swapped data for i = 173, j = 345 sucessfully passed !
	Initialyzed swapped data for i = 173, j = 346 sucessfully passed !
	Initialyzed swapped data for i = 173, j = 347 sucessfully passed !
	Initialyzed swapped data for i = 173, j = 348 sucessfully passed !
	Initialyzed swapped data for i = 173, j = 349 sucessfully passed !
	Initialyzed swapped data for i = 173, j = 350 sucessfully passed !
	Initialyzed swapped data for i = 173, j = 351 sucessfully passed !
	Initialyzed swapped data for i = 173, j = 352 sucessfully passed !
	Initialyzed swapped data for i = 173, j = 353 sucessfully passed !
	Initialyzed swapped data for i = 173, j = 354 sucessfully passed !
	Initialyzed swapped data for i = 173, j = 355 sucessfully passed !
	Initialyzed swapped data for i = 173, j = 356 sucessfully passed !
	Initialyzed swapped data for i = 173, j = 357 sucessfully passed !
	Initialyzed swapped data for i = 173, j = 358 sucessfully passed !
	Initialyzed swapped data for i = 173, j = 359 sucessfully passed !
	Initialyzed swapped data for i = 173, j = 360 sucessfully passed !
	Initialyzed swapped data for i = 173, j = 361 sucessfully passed !
	Initialyzed swapped data for i = 173, j = 362 sucessfully passed !
	Initialyzed swapped data for i = 173, j = 363 sucessfully passed !
	Initialyzed swapped data for i = 173, j = 364 sucessfully passed !
	Initialyzed swapped data for i = 173, j = 365 sucessfully passed !
	Initialyzed swapped data for i = 173, j = 366 sucessfully passed !
	Initialyzed swapped data for i = 173, j = 367 sucessfully passed !
	Initialyzed swapped data for i = 173, j = 368 sucessfully passed !
	Initialyzed swapped data for i = 173, j = 369 sucessfully passed !
	Initialyzed swapped data for i = 173, j = 370 sucessfully passed !
	Initialyzed swapped data for i = 173, j = 371 sucessfully passed !
	Initialyzed swapped data for i = 173, j = 372 sucessfully passed !
	Initialyzed swapped data for i = 173, j = 373 sucessfully passed !
	Initialyzed swapped data for i = 173, j = 374 sucessfully passed !
	Initialyzed swapped data for i = 173, j = 375 sucessfully passed !
	Initialyzed swapped data for i = 173, j = 376 sucessfully passed !
	Initialyzed swapped data for i = 173, j = 377 sucessfully passed !
	Initialyzed swapped data for i = 173, j = 378 sucessfully passed !
	Initialyzed swapped data for i = 173, j = 379 sucessfully passed !
	Initialyzed swapped data for i = 173, j = 380 sucessfully passed !
	Initialyzed swapped data for i = 173, j = 381 sucessfully passed !
	Initialyzed swapped data for i = 173, j = 382 sucessfully passed !
	Initialyzed swapped data for i = 173, j = 383 sucessfully passed !
	Initialyzed swapped data for i = 173, j = 384 sucessfully passed !
	Initialyzed swapped data for i = 173, j = 385 sucessfully passed !
	Initialyzed swapped data for i = 173, j = 386 sucessfully passed !
	Initialyzed swapped data for i = 173, j = 387 sucessfully passed !
	Initialyzed swapped data for i = 173, j = 388 sucessfully passed !
	Initialyzed swapped data for i = 173, j = 389 sucessfully passed !
	Initialyzed swapped data for i = 173, j = 390 sucessfully passed !
	Initialyzed swapped data for i = 173, j = 391 sucessfully passed !
	Initialyzed swapped data for i = 173, j = 392 sucessfully passed !
	Initialyzed swapped data for i = 173, j = 393 sucessfully passed !
	Initialyzed swapped data for i = 173, j = 394 sucessfully passed !
	Initialyzed swapped data for i = 173, j = 395 sucessfully passed !
	Initialyzed swapped data for i = 173, j = 396 sucessfully passed !
	Initialyzed swapped data for i = 173, j = 397 sucessfully passed !
	Initialyzed swapped data for i = 173, j = 398 sucessfully passed !
	Initialyzed swapped data for i = 173, j = 399 sucessfully passed !
	Initialyzed swapped data for i = 173, j = 400 sucessfully passed !
	Initialyzed swapped data for i = 173, j = 401 sucessfully passed !
	Initialyzed swapped data for i = 173, j = 402 sucessfully passed !
	Initialyzed swapped data for i = 173, j = 403 sucessfully passed !
	Initialyzed swapped data for i = 173, j = 404 sucessfully passed !
	Initialyzed swapped data for i = 173, j = 405 sucessfully passed !
	Initialyzed swapped data for i = 173, j = 406 sucessfully passed !
	Initialyzed swapped data for i = 173, j = 407 sucessfully passed !
	Initialyzed swapped data for i = 173, j = 408 sucessfully passed !
	Initialyzed swapped data for i = 173, j = 409 sucessfully passed !
	Initialyzed swapped data for i = 173, j = 410 sucessfully passed !
	Initialyzed swapped data for i = 173, j = 411 sucessfully passed !
	Initialyzed swapped data for i = 173, j = 412 sucessfully passed !
	Initialyzed swapped data for i = 173, j = 413 sucessfully passed !
	Initialyzed swapped data for i = 173, j = 414 sucessfully passed !
	Initialyzed swapped data for i = 173, j = 415 sucessfully passed !
	Initialyzed swapped data for i = 173, j = 416 sucessfully passed !
	Initialyzed swapped data for i = 173, j = 417 sucessfully passed !
	Initialyzed swapped data for i = 173, j = 418 sucessfully passed !
	Initialyzed swapped data for i = 173, j = 419 sucessfully passed !
	Initialyzed swapped data for i = 173, j = 420 sucessfully passed !
	Initialyzed swapped data for i = 173, j = 421 sucessfully passed !
	Initialyzed swapped data for i = 173, j = 422 sucessfully passed !
	Initialyzed swapped data for i = 173, j = 423 sucessfully passed !
	Initialyzed swapped data for i = 173, j = 424 sucessfully passed !
	Initialyzed swapped data for i = 173, j = 425 sucessfully passed !
	Initialyzed swapped data for i = 173, j = 426 sucessfully passed !
	Initialyzed swapped data for i = 173, j = 427 sucessfully passed !
	Initialyzed swapped data for i = 173, j = 428 sucessfully passed !
	Initialyzed swapped data for i = 173, j = 429 sucessfully passed !
	Initialyzed swapped data for i = 173, j = 430 sucessfully passed !
	Initialyzed swapped data for i = 173, j = 431 sucessfully passed !
	Initialyzed swapped data for i = 173, j = 432 sucessfully passed !
	Initialyzed swapped data for i = 173, j = 433 sucessfully passed !
	Initialyzed swapped data for i = 174, j = 175 sucessfully passed !
	Initialyzed swapped data for i = 174, j = 176 sucessfully passed !
	Initialyzed swapped data for i = 174, j = 177 sucessfully passed !
	Initialyzed swapped data for i = 174, j = 178 sucessfully passed !
	Initialyzed swapped data for i = 174, j = 179 sucessfully passed !
	Initialyzed swapped data for i = 174, j = 180 sucessfully passed !
	Initialyzed swapped data for i = 174, j = 181 sucessfully passed !
	Initialyzed swapped data for i = 174, j = 182 sucessfully passed !
	Initialyzed swapped data for i = 174, j = 183 sucessfully passed !
	Initialyzed swapped data for i = 174, j = 184 sucessfully passed !
	Initialyzed swapped data for i = 174, j = 185 sucessfully passed !
	Initialyzed swapped data for i = 174, j = 186 sucessfully passed !
	Initialyzed swapped data for i = 174, j = 187 sucessfully passed !
	Initialyzed swapped data for i = 174, j = 188 sucessfully passed !
	Initialyzed swapped data for i = 174, j = 189 sucessfully passed !
	Initialyzed swapped data for i = 174, j = 190 sucessfully passed !
	Initialyzed swapped data for i = 174, j = 191 sucessfully passed !
	Initialyzed swapped data for i = 174, j = 192 sucessfully passed !
	Initialyzed swapped data for i = 174, j = 193 sucessfully passed !
	Initialyzed swapped data for i = 174, j = 194 sucessfully passed !
	Initialyzed swapped data for i = 174, j = 195 sucessfully passed !
	Initialyzed swapped data for i = 174, j = 196 sucessfully passed !
	Initialyzed swapped data for i = 174, j = 197 sucessfully passed !
	Initialyzed swapped data for i = 174, j = 198 sucessfully passed !
	Initialyzed swapped data for i = 174, j = 199 sucessfully passed !
	Initialyzed swapped data for i = 174, j = 200 sucessfully passed !
	Initialyzed swapped data for i = 174, j = 201 sucessfully passed !
	Initialyzed swapped data for i = 174, j = 202 sucessfully passed !
	Initialyzed swapped data for i = 174, j = 203 sucessfully passed !
	Initialyzed swapped data for i = 174, j = 204 sucessfully passed !
	Initialyzed swapped data for i = 174, j = 205 sucessfully passed !
	Initialyzed swapped data for i = 174, j = 206 sucessfully passed !
	Initialyzed swapped data for i = 174, j = 207 sucessfully passed !
	Initialyzed swapped data for i = 174, j = 208 sucessfully passed !
	Initialyzed swapped data for i = 174, j = 209 sucessfully passed !
	Initialyzed swapped data for i = 174, j = 210 sucessfully passed !
	Initialyzed swapped data for i = 174, j = 211 sucessfully passed !
	Initialyzed swapped data for i = 174, j = 212 sucessfully passed !
	Initialyzed swapped data for i = 174, j = 213 sucessfully passed !
	Initialyzed swapped data for i = 174, j = 214 sucessfully passed !
	Initialyzed swapped data for i = 174, j = 215 sucessfully passed !
	Initialyzed swapped data for i = 174, j = 216 sucessfully passed !
	Initialyzed swapped data for i = 174, j = 217 sucessfully passed !
	Initialyzed swapped data for i = 174, j = 218 sucessfully passed !
	Initialyzed swapped data for i = 174, j = 219 sucessfully passed !
	Initialyzed swapped data for i = 174, j = 220 sucessfully passed !
	Initialyzed swapped data for i = 174, j = 221 sucessfully passed !
	Initialyzed swapped data for i = 174, j = 222 sucessfully passed !
	Initialyzed swapped data for i = 174, j = 223 sucessfully passed !
	Initialyzed swapped data for i = 174, j = 224 sucessfully passed !
	Initialyzed swapped data for i = 174, j = 225 sucessfully passed !
	Initialyzed swapped data for i = 174, j = 226 sucessfully passed !
	Initialyzed swapped data for i = 174, j = 227 sucessfully passed !
	Initialyzed swapped data for i = 174, j = 228 sucessfully passed !
	Initialyzed swapped data for i = 174, j = 229 sucessfully passed !
	Initialyzed swapped data for i = 174, j = 230 sucessfully passed !
	Initialyzed swapped data for i = 174, j = 231 sucessfully passed !
	Initialyzed swapped data for i = 174, j = 232 sucessfully passed !
	Initialyzed swapped data for i = 174, j = 233 sucessfully passed !
	Initialyzed swapped data for i = 174, j = 234 sucessfully passed !
	Initialyzed swapped data for i = 174, j = 235 sucessfully passed !
	Initialyzed swapped data for i = 174, j = 236 sucessfully passed !
	Initialyzed swapped data for i = 174, j = 237 sucessfully passed !
	Initialyzed swapped data for i = 174, j = 238 sucessfully passed !
	Initialyzed swapped data for i = 174, j = 239 sucessfully passed !
	Initialyzed swapped data for i = 174, j = 240 sucessfully passed !
	Initialyzed swapped data for i = 174, j = 241 sucessfully passed !
	Initialyzed swapped data for i = 174, j = 242 sucessfully passed !
	Initialyzed swapped data for i = 174, j = 243 sucessfully passed !
	Initialyzed swapped data for i = 174, j = 244 sucessfully passed !
	Initialyzed swapped data for i = 174, j = 245 sucessfully passed !
	Initialyzed swapped data for i = 174, j = 246 sucessfully passed !
	Initialyzed swapped data for i = 174, j = 247 sucessfully passed !
	Initialyzed swapped data for i = 174, j = 248 sucessfully passed !
	Initialyzed swapped data for i = 174, j = 249 sucessfully passed !
	Initialyzed swapped data for i = 174, j = 250 sucessfully passed !
	Initialyzed swapped data for i = 174, j = 251 sucessfully passed !
	Initialyzed swapped data for i = 174, j = 252 sucessfully passed !
	Initialyzed swapped data for i = 174, j = 253 sucessfully passed !
	Initialyzed swapped data for i = 174, j = 254 sucessfully passed !
	Initialyzed swapped data for i = 174, j = 255 sucessfully passed !
	Initialyzed swapped data for i = 174, j = 256 sucessfully passed !
	Initialyzed swapped data for i = 174, j = 257 sucessfully passed !
	Initialyzed swapped data for i = 174, j = 258 sucessfully passed !
	Initialyzed swapped data for i = 174, j = 259 sucessfully passed !
	Initialyzed swapped data for i = 174, j = 260 sucessfully passed !
	Initialyzed swapped data for i = 174, j = 261 sucessfully passed !
	Initialyzed swapped data for i = 174, j = 262 sucessfully passed !
	Initialyzed swapped data for i = 174, j = 263 sucessfully passed !
	Initialyzed swapped data for i = 174, j = 264 sucessfully passed !
	Initialyzed swapped data for i = 174, j = 265 sucessfully passed !
	Initialyzed swapped data for i = 174, j = 266 sucessfully passed !
	Initialyzed swapped data for i = 174, j = 267 sucessfully passed !
	Initialyzed swapped data for i = 174, j = 268 sucessfully passed !
	Initialyzed swapped data for i = 174, j = 269 sucessfully passed !
	Initialyzed swapped data for i = 174, j = 270 sucessfully passed !
	Initialyzed swapped data for i = 174, j = 271 sucessfully passed !
	Initialyzed swapped data for i = 174, j = 272 sucessfully passed !
	Initialyzed swapped data for i = 174, j = 273 sucessfully passed !
	Initialyzed swapped data for i = 174, j = 274 sucessfully passed !
	Initialyzed swapped data for i = 174, j = 275 sucessfully passed !
	Initialyzed swapped data for i = 174, j = 276 sucessfully passed !
	Initialyzed swapped data for i = 174, j = 277 sucessfully passed !
	Initialyzed swapped data for i = 174, j = 278 sucessfully passed !
	Initialyzed swapped data for i = 174, j = 279 sucessfully passed !
	Initialyzed swapped data for i = 174, j = 280 sucessfully passed !
	Initialyzed swapped data for i = 174, j = 281 sucessfully passed !
	Initialyzed swapped data for i = 174, j = 282 sucessfully passed !
	Initialyzed swapped data for i = 174, j = 283 sucessfully passed !
	Initialyzed swapped data for i = 174, j = 284 sucessfully passed !
	Initialyzed swapped data for i = 174, j = 285 sucessfully passed !
	Initialyzed swapped data for i = 174, j = 286 sucessfully passed !
	Initialyzed swapped data for i = 174, j = 287 sucessfully passed !
	Initialyzed swapped data for i = 174, j = 288 sucessfully passed !
	Initialyzed swapped data for i = 174, j = 289 sucessfully passed !
	Initialyzed swapped data for i = 174, j = 290 sucessfully passed !
	Initialyzed swapped data for i = 174, j = 291 sucessfully passed !
	Initialyzed swapped data for i = 174, j = 292 sucessfully passed !
	Initialyzed swapped data for i = 174, j = 293 sucessfully passed !
	Initialyzed swapped data for i = 174, j = 294 sucessfully passed !
	Initialyzed swapped data for i = 174, j = 295 sucessfully passed !
	Initialyzed swapped data for i = 174, j = 296 sucessfully passed !
	Initialyzed swapped data for i = 174, j = 297 sucessfully passed !
	Initialyzed swapped data for i = 174, j = 298 sucessfully passed !
	Initialyzed swapped data for i = 174, j = 299 sucessfully passed !
	Initialyzed swapped data for i = 174, j = 300 sucessfully passed !
	Initialyzed swapped data for i = 174, j = 301 sucessfully passed !
	Initialyzed swapped data for i = 174, j = 302 sucessfully passed !
	Initialyzed swapped data for i = 174, j = 303 sucessfully passed !
	Initialyzed swapped data for i = 174, j = 304 sucessfully passed !
	Initialyzed swapped data for i = 174, j = 305 sucessfully passed !
	Initialyzed swapped data for i = 174, j = 306 sucessfully passed !
	Initialyzed swapped data for i = 174, j = 307 sucessfully passed !
	Initialyzed swapped data for i = 174, j = 308 sucessfully passed !
	Initialyzed swapped data for i = 174, j = 309 sucessfully passed !
	Initialyzed swapped data for i = 174, j = 310 sucessfully passed !
	Initialyzed swapped data for i = 174, j = 311 sucessfully passed !
	Initialyzed swapped data for i = 174, j = 312 sucessfully passed !
	Initialyzed swapped data for i = 174, j = 313 sucessfully passed !
	Initialyzed swapped data for i = 174, j = 314 sucessfully passed !
	Initialyzed swapped data for i = 174, j = 315 sucessfully passed !
	Initialyzed swapped data for i = 174, j = 316 sucessfully passed !
	Initialyzed swapped data for i = 174, j = 317 sucessfully passed !
	Initialyzed swapped data for i = 174, j = 318 sucessfully passed !
	Initialyzed swapped data for i = 174, j = 319 sucessfully passed !
	Initialyzed swapped data for i = 174, j = 320 sucessfully passed !
	Initialyzed swapped data for i = 174, j = 321 sucessfully passed !
	Initialyzed swapped data for i = 174, j = 322 sucessfully passed !
	Initialyzed swapped data for i = 174, j = 323 sucessfully passed !
	Initialyzed swapped data for i = 174, j = 324 sucessfully passed !
	Initialyzed swapped data for i = 174, j = 325 sucessfully passed !
	Initialyzed swapped data for i = 174, j = 326 sucessfully passed !
	Initialyzed swapped data for i = 174, j = 327 sucessfully passed !
	Initialyzed swapped data for i = 174, j = 328 sucessfully passed !
	Initialyzed swapped data for i = 174, j = 329 sucessfully passed !
	Initialyzed swapped data for i = 174, j = 330 sucessfully passed !
	Initialyzed swapped data for i = 174, j = 331 sucessfully passed !
	Initialyzed swapped data for i = 174, j = 332 sucessfully passed !
	Initialyzed swapped data for i = 174, j = 333 sucessfully passed !
	Initialyzed swapped data for i = 174, j = 334 sucessfully passed !
	Initialyzed swapped data for i = 174, j = 335 sucessfully passed !
	Initialyzed swapped data for i = 174, j = 336 sucessfully passed !
	Initialyzed swapped data for i = 174, j = 337 sucessfully passed !
	Initialyzed swapped data for i = 174, j = 338 sucessfully passed !
	Initialyzed swapped data for i = 174, j = 339 sucessfully passed !
	Initialyzed swapped data for i = 174, j = 340 sucessfully passed !
	Initialyzed swapped data for i = 174, j = 341 sucessfully passed !
	Initialyzed swapped data for i = 174, j = 342 sucessfully passed !
	Initialyzed swapped data for i = 174, j = 343 sucessfully passed !
	Initialyzed swapped data for i = 174, j = 344 sucessfully passed !
	Initialyzed swapped data for i = 174, j = 345 sucessfully passed !
	Initialyzed swapped data for i = 174, j = 346 sucessfully passed !
	Initialyzed swapped data for i = 174, j = 347 sucessfully passed !
	Initialyzed swapped data for i = 174, j = 348 sucessfully passed !
	Initialyzed swapped data for i = 174, j = 349 sucessfully passed !
	Initialyzed swapped data for i = 174, j = 350 sucessfully passed !
	Initialyzed swapped data for i = 174, j = 351 sucessfully passed !
	Initialyzed swapped data for i = 174, j = 352 sucessfully passed !
	Initialyzed swapped data for i = 174, j = 353 sucessfully passed !
	Initialyzed swapped data for i = 174, j = 354 sucessfully passed !
	Initialyzed swapped data for i = 174, j = 355 sucessfully passed !
	Initialyzed swapped data for i = 174, j = 356 sucessfully passed !
	Initialyzed swapped data for i = 174, j = 357 sucessfully passed !
	Initialyzed swapped data for i = 174, j = 358 sucessfully passed !
	Initialyzed swapped data for i = 174, j = 359 sucessfully passed !
	Initialyzed swapped data for i = 174, j = 360 sucessfully passed !
	Initialyzed swapped data for i = 174, j = 361 sucessfully passed !
	Initialyzed swapped data for i = 174, j = 362 sucessfully passed !
	Initialyzed swapped data for i = 174, j = 363 sucessfully passed !
	Initialyzed swapped data for i = 174, j = 364 sucessfully passed !
	Initialyzed swapped data for i = 174, j = 365 sucessfully passed !
	Initialyzed swapped data for i = 174, j = 366 sucessfully passed !
	Initialyzed swapped data for i = 174, j = 367 sucessfully passed !
	Initialyzed swapped data for i = 174, j = 368 sucessfully passed !
	Initialyzed swapped data for i = 174, j = 369 sucessfully passed !
	Initialyzed swapped data for i = 174, j = 370 sucessfully passed !
	Initialyzed swapped data for i = 174, j = 371 sucessfully passed !
	Initialyzed swapped data for i = 174, j = 372 sucessfully passed !
	Initialyzed swapped data for i = 174, j = 373 sucessfully passed !
	Initialyzed swapped data for i = 174, j = 374 sucessfully passed !
	Initialyzed swapped data for i = 174, j = 375 sucessfully passed !
	Initialyzed swapped data for i = 174, j = 376 sucessfully passed !
	Initialyzed swapped data for i = 174, j = 377 sucessfully passed !
	Initialyzed swapped data for i = 174, j = 378 sucessfully passed !
	Initialyzed swapped data for i = 174, j = 379 sucessfully passed !
	Initialyzed swapped data for i = 174, j = 380 sucessfully passed !
	Initialyzed swapped data for i = 174, j = 381 sucessfully passed !
	Initialyzed swapped data for i = 174, j = 382 sucessfully passed !
	Initialyzed swapped data for i = 174, j = 383 sucessfully passed !
	Initialyzed swapped data for i = 174, j = 384 sucessfully passed !
	Initialyzed swapped data for i = 174, j = 385 sucessfully passed !
	Initialyzed swapped data for i = 174, j = 386 sucessfully passed !
	Initialyzed swapped data for i = 174, j = 387 sucessfully passed !
	Initialyzed swapped data for i = 174, j = 388 sucessfully passed !
	Initialyzed swapped data for i = 174, j = 389 sucessfully passed !
	Initialyzed swapped data for i = 174, j = 390 sucessfully passed !
	Initialyzed swapped data for i = 174, j = 391 sucessfully passed !
	Initialyzed swapped data for i = 174, j = 392 sucessfully passed !
	Initialyzed swapped data for i = 174, j = 393 sucessfully passed !
	Initialyzed swapped data for i = 174, j = 394 sucessfully passed !
	Initialyzed swapped data for i = 174, j = 395 sucessfully passed !
	Initialyzed swapped data for i = 174, j = 396 sucessfully passed !
	Initialyzed swapped data for i = 174, j = 397 sucessfully passed !
	Initialyzed swapped data for i = 174, j = 398 sucessfully passed !
	Initialyzed swapped data for i = 174, j = 399 sucessfully passed !
	Initialyzed swapped data for i = 174, j = 400 sucessfully passed !
	Initialyzed swapped data for i = 174, j = 401 sucessfully passed !
	Initialyzed swapped data for i = 174, j = 402 sucessfully passed !
	Initialyzed swapped data for i = 174, j = 403 sucessfully passed !
	Initialyzed swapped data for i = 174, j = 404 sucessfully passed !
	Initialyzed swapped data for i = 174, j = 405 sucessfully passed !
	Initialyzed swapped data for i = 174, j = 406 sucessfully passed !
	Initialyzed swapped data for i = 174, j = 407 sucessfully passed !
	Initialyzed swapped data for i = 174, j = 408 sucessfully passed !
	Initialyzed swapped data for i = 174, j = 409 sucessfully passed !
	Initialyzed swapped data for i = 174, j = 410 sucessfully passed !
	Initialyzed swapped data for i = 174, j = 411 sucessfully passed !
	Initialyzed swapped data for i = 174, j = 412 sucessfully passed !
	Initialyzed swapped data for i = 174, j = 413 sucessfully passed !
	Initialyzed swapped data for i = 174, j = 414 sucessfully passed !
	Initialyzed swapped data for i = 174, j = 415 sucessfully passed !
	Initialyzed swapped data for i = 174, j = 416 sucessfully passed !
	Initialyzed swapped data for i = 174, j = 417 sucessfully passed !
	Initialyzed swapped data for i = 174, j = 418 sucessfully passed !
	Initialyzed swapped data for i = 174, j = 419 sucessfully passed !
	Initialyzed swapped data for i = 174, j = 420 sucessfully passed !
	Initialyzed swapped data for i = 174, j = 421 sucessfully passed !
	Initialyzed swapped data for i = 174, j = 422 sucessfully passed !
	Initialyzed swapped data for i = 174, j = 423 sucessfully passed !
	Initialyzed swapped data for i = 174, j = 424 sucessfully passed !
	Initialyzed swapped data for i = 174, j = 425 sucessfully passed !
	Initialyzed swapped data for i = 174, j = 426 sucessfully passed !
	Initialyzed swapped data for i = 174, j = 427 sucessfully passed !
	Initialyzed swapped data for i = 174, j = 428 sucessfully passed !
	Initialyzed swapped data for i = 174, j = 429 sucessfully passed !
	Initialyzed swapped data for i = 174, j = 430 sucessfully passed !
	Initialyzed swapped data for i = 174, j = 431 sucessfully passed !
	Initialyzed swapped data for i = 174, j = 432 sucessfully passed !
	Initialyzed swapped data for i = 174, j = 433 sucessfully passed !
	Initialyzed swapped data for i = 175, j = 176 sucessfully passed !
	Initialyzed swapped data for i = 175, j = 177 sucessfully passed !
	Initialyzed swapped data for i = 175, j = 178 sucessfully passed !
	Initialyzed swapped data for i = 175, j = 179 sucessfully passed !
	Initialyzed swapped data for i = 175, j = 180 sucessfully passed !
	Initialyzed swapped data for i = 175, j = 181 sucessfully passed !
	Initialyzed swapped data for i = 175, j = 182 sucessfully passed !
	Initialyzed swapped data for i = 175, j = 183 sucessfully passed !
	Initialyzed swapped data for i = 175, j = 184 sucessfully passed !
	Initialyzed swapped data for i = 175, j = 185 sucessfully passed !
	Initialyzed swapped data for i = 175, j = 186 sucessfully passed !
	Initialyzed swapped data for i = 175, j = 187 sucessfully passed !
	Initialyzed swapped data for i = 175, j = 188 sucessfully passed !
	Initialyzed swapped data for i = 175, j = 189 sucessfully passed !
	Initialyzed swapped data for i = 175, j = 190 sucessfully passed !
	Initialyzed swapped data for i = 175, j = 191 sucessfully passed !
	Initialyzed swapped data for i = 175, j = 192 sucessfully passed !
	Initialyzed swapped data for i = 175, j = 193 sucessfully passed !
	Initialyzed swapped data for i = 175, j = 194 sucessfully passed !
	Initialyzed swapped data for i = 175, j = 195 sucessfully passed !
	Initialyzed swapped data for i = 175, j = 196 sucessfully passed !
	Initialyzed swapped data for i = 175, j = 197 sucessfully passed !
	Initialyzed swapped data for i = 175, j = 198 sucessfully passed !
	Initialyzed swapped data for i = 175, j = 199 sucessfully passed !
	Initialyzed swapped data for i = 175, j = 200 sucessfully passed !
	Initialyzed swapped data for i = 175, j = 201 sucessfully passed !
	Initialyzed swapped data for i = 175, j = 202 sucessfully passed !
	Initialyzed swapped data for i = 175, j = 203 sucessfully passed !
	Initialyzed swapped data for i = 175, j = 204 sucessfully passed !
	Initialyzed swapped data for i = 175, j = 205 sucessfully passed !
	Initialyzed swapped data for i = 175, j = 206 sucessfully passed !
	Initialyzed swapped data for i = 175, j = 207 sucessfully passed !
	Initialyzed swapped data for i = 175, j = 208 sucessfully passed !
	Initialyzed swapped data for i = 175, j = 209 sucessfully passed !
	Initialyzed swapped data for i = 175, j = 210 sucessfully passed !
	Initialyzed swapped data for i = 175, j = 211 sucessfully passed !
	Initialyzed swapped data for i = 175, j = 212 sucessfully passed !
	Initialyzed swapped data for i = 175, j = 213 sucessfully passed !
	Initialyzed swapped data for i = 175, j = 214 sucessfully passed !
	Initialyzed swapped data for i = 175, j = 215 sucessfully passed !
	Initialyzed swapped data for i = 175, j = 216 sucessfully passed !
	Initialyzed swapped data for i = 175, j = 217 sucessfully passed !
	Initialyzed swapped data for i = 175, j = 218 sucessfully passed !
	Initialyzed swapped data for i = 175, j = 219 sucessfully passed !
	Initialyzed swapped data for i = 175, j = 220 sucessfully passed !
	Initialyzed swapped data for i = 175, j = 221 sucessfully passed !
	Initialyzed swapped data for i = 175, j = 222 sucessfully passed !
	Initialyzed swapped data for i = 175, j = 223 sucessfully passed !
	Initialyzed swapped data for i = 175, j = 224 sucessfully passed !
	Initialyzed swapped data for i = 175, j = 225 sucessfully passed !
	Initialyzed swapped data for i = 175, j = 226 sucessfully passed !
	Initialyzed swapped data for i = 175, j = 227 sucessfully passed !
	Initialyzed swapped data for i = 175, j = 228 sucessfully passed !
	Initialyzed swapped data for i = 175, j = 229 sucessfully passed !
	Initialyzed swapped data for i = 175, j = 230 sucessfully passed !
	Initialyzed swapped data for i = 175, j = 231 sucessfully passed !
	Initialyzed swapped data for i = 175, j = 232 sucessfully passed !
	Initialyzed swapped data for i = 175, j = 233 sucessfully passed !
	Initialyzed swapped data for i = 175, j = 234 sucessfully passed !
	Initialyzed swapped data for i = 175, j = 235 sucessfully passed !
	Initialyzed swapped data for i = 175, j = 236 sucessfully passed !
	Initialyzed swapped data for i = 175, j = 237 sucessfully passed !
	Initialyzed swapped data for i = 175, j = 238 sucessfully passed !
	Initialyzed swapped data for i = 175, j = 239 sucessfully passed !
	Initialyzed swapped data for i = 175, j = 240 sucessfully passed !
	Initialyzed swapped data for i = 175, j = 241 sucessfully passed !
	Initialyzed swapped data for i = 175, j = 242 sucessfully passed !
	Initialyzed swapped data for i = 175, j = 243 sucessfully passed !
	Initialyzed swapped data for i = 175, j = 244 sucessfully passed !
	Initialyzed swapped data for i = 175, j = 245 sucessfully passed !
	Initialyzed swapped data for i = 175, j = 246 sucessfully passed !
	Initialyzed swapped data for i = 175, j = 247 sucessfully passed !
	Initialyzed swapped data for i = 175, j = 248 sucessfully passed !
	Initialyzed swapped data for i = 175, j = 249 sucessfully passed !
	Initialyzed swapped data for i = 175, j = 250 sucessfully passed !
	Initialyzed swapped data for i = 175, j = 251 sucessfully passed !
	Initialyzed swapped data for i = 175, j = 252 sucessfully passed !
	Initialyzed swapped data for i = 175, j = 253 sucessfully passed !
	Initialyzed swapped data for i = 175, j = 254 sucessfully passed !
	Initialyzed swapped data for i = 175, j = 255 sucessfully passed !
	Initialyzed swapped data for i = 175, j = 256 sucessfully passed !
	Initialyzed swapped data for i = 175, j = 257 sucessfully passed !
	Initialyzed swapped data for i = 175, j = 258 sucessfully passed !
	Initialyzed swapped data for i = 175, j = 259 sucessfully passed !
	Initialyzed swapped data for i = 175, j = 260 sucessfully passed !
	Initialyzed swapped data for i = 175, j = 261 sucessfully passed !
	Initialyzed swapped data for i = 175, j = 262 sucessfully passed !
	Initialyzed swapped data for i = 175, j = 263 sucessfully passed !
	Initialyzed swapped data for i = 175, j = 264 sucessfully passed !
	Initialyzed swapped data for i = 175, j = 265 sucessfully passed !
	Initialyzed swapped data for i = 175, j = 266 sucessfully passed !
	Initialyzed swapped data for i = 175, j = 267 sucessfully passed !
	Initialyzed swapped data for i = 175, j = 268 sucessfully passed !
	Initialyzed swapped data for i = 175, j = 269 sucessfully passed !
	Initialyzed swapped data for i = 175, j = 270 sucessfully passed !
	Initialyzed swapped data for i = 175, j = 271 sucessfully passed !
	Initialyzed swapped data for i = 175, j = 272 sucessfully passed !
	Initialyzed swapped data for i = 175, j = 273 sucessfully passed !
	Initialyzed swapped data for i = 175, j = 274 sucessfully passed !
	Initialyzed swapped data for i = 175, j = 275 sucessfully passed !
	Initialyzed swapped data for i = 175, j = 276 sucessfully passed !
	Initialyzed swapped data for i = 175, j = 277 sucessfully passed !
	Initialyzed swapped data for i = 175, j = 278 sucessfully passed !
	Initialyzed swapped data for i = 175, j = 279 sucessfully passed !
	Initialyzed swapped data for i = 175, j = 280 sucessfully passed !
	Initialyzed swapped data for i = 175, j = 281 sucessfully passed !
	Initialyzed swapped data for i = 175, j = 282 sucessfully passed !
	Initialyzed swapped data for i = 175, j = 283 sucessfully passed !
	Initialyzed swapped data for i = 175, j = 284 sucessfully passed !
	Initialyzed swapped data for i = 175, j = 285 sucessfully passed !
	Initialyzed swapped data for i = 175, j = 286 sucessfully passed !
	Initialyzed swapped data for i = 175, j = 287 sucessfully passed !
	Initialyzed swapped data for i = 175, j = 288 sucessfully passed !
	Initialyzed swapped data for i = 175, j = 289 sucessfully passed !
	Initialyzed swapped data for i = 175, j = 290 sucessfully passed !
	Initialyzed swapped data for i = 175, j = 291 sucessfully passed !
	Initialyzed swapped data for i = 175, j = 292 sucessfully passed !
	Initialyzed swapped data for i = 175, j = 293 sucessfully passed !
	Initialyzed swapped data for i = 175, j = 294 sucessfully passed !
	Initialyzed swapped data for i = 175, j = 295 sucessfully passed !
	Initialyzed swapped data for i = 175, j = 296 sucessfully passed !
	Initialyzed swapped data for i = 175, j = 297 sucessfully passed !
	Initialyzed swapped data for i = 175, j = 298 sucessfully passed !
	Initialyzed swapped data for i = 175, j = 299 sucessfully passed !
	Initialyzed swapped data for i = 175, j = 300 sucessfully passed !
	Initialyzed swapped data for i = 175, j = 301 sucessfully passed !
	Initialyzed swapped data for i = 175, j = 302 sucessfully passed !
	Initialyzed swapped data for i = 175, j = 303 sucessfully passed !
	Initialyzed swapped data for i = 175, j = 304 sucessfully passed !
	Initialyzed swapped data for i = 175, j = 305 sucessfully passed !
	Initialyzed swapped data for i = 175, j = 306 sucessfully passed !
	Initialyzed swapped data for i = 175, j = 307 sucessfully passed !
	Initialyzed swapped data for i = 175, j = 308 sucessfully passed !
	Initialyzed swapped data for i = 175, j = 309 sucessfully passed !
	Initialyzed swapped data for i = 175, j = 310 sucessfully passed !
	Initialyzed swapped data for i = 175, j = 311 sucessfully passed !
	Initialyzed swapped data for i = 175, j = 312 sucessfully passed !
	Initialyzed swapped data for i = 175, j = 313 sucessfully passed !
	Initialyzed swapped data for i = 175, j = 314 sucessfully passed !
	Initialyzed swapped data for i = 175, j = 315 sucessfully passed !
	Initialyzed swapped data for i = 175, j = 316 sucessfully passed !
	Initialyzed swapped data for i = 175, j = 317 sucessfully passed !
	Initialyzed swapped data for i = 175, j = 318 sucessfully passed !
	Initialyzed swapped data for i = 175, j = 319 sucessfully passed !
	Initialyzed swapped data for i = 175, j = 320 sucessfully passed !
	Initialyzed swapped data for i = 175, j = 321 sucessfully passed !
	Initialyzed swapped data for i = 175, j = 322 sucessfully passed !
	Initialyzed swapped data for i = 175, j = 323 sucessfully passed !
	Initialyzed swapped data for i = 175, j = 324 sucessfully passed !
	Initialyzed swapped data for i = 175, j = 325 sucessfully passed !
	Initialyzed swapped data for i = 175, j = 326 sucessfully passed !
	Initialyzed swapped data for i = 175, j = 327 sucessfully passed !
	Initialyzed swapped data for i = 175, j = 328 sucessfully passed !
	Initialyzed swapped data for i = 175, j = 329 sucessfully passed !
	Initialyzed swapped data for i = 175, j = 330 sucessfully passed !
	Initialyzed swapped data for i = 175, j = 331 sucessfully passed !
	Initialyzed swapped data for i = 175, j = 332 sucessfully passed !
	Initialyzed swapped data for i = 175, j = 333 sucessfully passed !
	Initialyzed swapped data for i = 175, j = 334 sucessfully passed !
	Initialyzed swapped data for i = 175, j = 335 sucessfully passed !
	Initialyzed swapped data for i = 175, j = 336 sucessfully passed !
	Initialyzed swapped data for i = 175, j = 337 sucessfully passed !
	Initialyzed swapped data for i = 175, j = 338 sucessfully passed !
	Initialyzed swapped data for i = 175, j = 339 sucessfully passed !
	Initialyzed swapped data for i = 175, j = 340 sucessfully passed !
	Initialyzed swapped data for i = 175, j = 341 sucessfully passed !
	Initialyzed swapped data for i = 175, j = 342 sucessfully passed !
	Initialyzed swapped data for i = 175, j = 343 sucessfully passed !
	Initialyzed swapped data for i = 175, j = 344 sucessfully passed !
	Initialyzed swapped data for i = 175, j = 345 sucessfully passed !
	Initialyzed swapped data for i = 175, j = 346 sucessfully passed !
	Initialyzed swapped data for i = 175, j = 347 sucessfully passed !
	Initialyzed swapped data for i = 175, j = 348 sucessfully passed !
	Initialyzed swapped data for i = 175, j = 349 sucessfully passed !
	Initialyzed swapped data for i = 175, j = 350 sucessfully passed !
	Initialyzed swapped data for i = 175, j = 351 sucessfully passed !
	Initialyzed swapped data for i = 175, j = 352 sucessfully passed !
	Initialyzed swapped data for i = 175, j = 353 sucessfully passed !
	Initialyzed swapped data for i = 175, j = 354 sucessfully passed !
	Initialyzed swapped data for i = 175, j = 355 sucessfully passed !
	Initialyzed swapped data for i = 175, j = 356 sucessfully passed !
	Initialyzed swapped data for i = 175, j = 357 sucessfully passed !
	Initialyzed swapped data for i = 175, j = 358 sucessfully passed !
	Initialyzed swapped data for i = 175, j = 359 sucessfully passed !
	Initialyzed swapped data for i = 175, j = 360 sucessfully passed !
	Initialyzed swapped data for i = 175, j = 361 sucessfully passed !
	Initialyzed swapped data for i = 175, j = 362 sucessfully passed !
	Initialyzed swapped data for i = 175, j = 363 sucessfully passed !
	Initialyzed swapped data for i = 175, j = 364 sucessfully passed !
	Initialyzed swapped data for i = 175, j = 365 sucessfully passed !
	Initialyzed swapped data for i = 175, j = 366 sucessfully passed !
	Initialyzed swapped data for i = 175, j = 367 sucessfully passed !
	Initialyzed swapped data for i = 175, j = 368 sucessfully passed !
	Initialyzed swapped data for i = 175, j = 369 sucessfully passed !
	Initialyzed swapped data for i = 175, j = 370 sucessfully passed !
	Initialyzed swapped data for i = 175, j = 371 sucessfully passed !
	Initialyzed swapped data for i = 175, j = 372 sucessfully passed !
	Initialyzed swapped data for i = 175, j = 373 sucessfully passed !
	Initialyzed swapped data for i = 175, j = 374 sucessfully passed !
	Initialyzed swapped data for i = 175, j = 375 sucessfully passed !
	Initialyzed swapped data for i = 175, j = 376 sucessfully passed !
	Initialyzed swapped data for i = 175, j = 377 sucessfully passed !
	Initialyzed swapped data for i = 175, j = 378 sucessfully passed !
	Initialyzed swapped data for i = 175, j = 379 sucessfully passed !
	Initialyzed swapped data for i = 175, j = 380 sucessfully passed !
	Initialyzed swapped data for i = 175, j = 381 sucessfully passed !
	Initialyzed swapped data for i = 175, j = 382 sucessfully passed !
	Initialyzed swapped data for i = 175, j = 383 sucessfully passed !
	Initialyzed swapped data for i = 175, j = 384 sucessfully passed !
	Initialyzed swapped data for i = 175, j = 385 sucessfully passed !
	Initialyzed swapped data for i = 175, j = 386 sucessfully passed !
	Initialyzed swapped data for i = 175, j = 387 sucessfully passed !
	Initialyzed swapped data for i = 175, j = 388 sucessfully passed !
	Initialyzed swapped data for i = 175, j = 389 sucessfully passed !
	Initialyzed swapped data for i = 175, j = 390 sucessfully passed !
	Initialyzed swapped data for i = 175, j = 391 sucessfully passed !
	Initialyzed swapped data for i = 175, j = 392 sucessfully passed !
	Initialyzed swapped data for i = 175, j = 393 sucessfully passed !
	Initialyzed swapped data for i = 175, j = 394 sucessfully passed !
	Initialyzed swapped data for i = 175, j = 395 sucessfully passed !
	Initialyzed swapped data for i = 175, j = 396 sucessfully passed !
	Initialyzed swapped data for i = 175, j = 397 sucessfully passed !
	Initialyzed swapped data for i = 175, j = 398 sucessfully passed !
	Initialyzed swapped data for i = 175, j = 399 sucessfully passed !
	Initialyzed swapped data for i = 175, j = 400 sucessfully passed !
	Initialyzed swapped data for i = 175, j = 401 sucessfully passed !
	Initialyzed swapped data for i = 175, j = 402 sucessfully passed !
	Initialyzed swapped data for i = 175, j = 403 sucessfully passed !
	Initialyzed swapped data for i = 175, j = 404 sucessfully passed !
	Initialyzed swapped data for i = 175, j = 405 sucessfully passed !
	Initialyzed swapped data for i = 175, j = 406 sucessfully passed !
	Initialyzed swapped data for i = 175, j = 407 sucessfully passed !
	Initialyzed swapped data for i = 175, j = 408 sucessfully passed !
	Initialyzed swapped data for i = 175, j = 409 sucessfully passed !
	Initialyzed swapped data for i = 175, j = 410 sucessfully passed !
	Initialyzed swapped data for i = 175, j = 411 sucessfully passed !
	Initialyzed swapped data for i = 175, j = 412 sucessfully passed !
	Initialyzed swapped data for i = 175, j = 413 sucessfully passed !
	Initialyzed swapped data for i = 175, j = 414 sucessfully passed !
	Initialyzed swapped data for i = 175, j = 415 sucessfully passed !
	Initialyzed swapped data for i = 175, j = 416 sucessfully passed !
	Initialyzed swapped data for i = 175, j = 417 sucessfully passed !
	Initialyzed swapped data for i = 175, j = 418 sucessfully passed !
	Initialyzed swapped data for i = 175, j = 419 sucessfully passed !
	Initialyzed swapped data for i = 175, j = 420 sucessfully passed !
	Initialyzed swapped data for i = 175, j = 421 sucessfully passed !
	Initialyzed swapped data for i = 175, j = 422 sucessfully passed !
	Initialyzed swapped data for i = 175, j = 423 sucessfully passed !
	Initialyzed swapped data for i = 175, j = 424 sucessfully passed !
	Initialyzed swapped data for i = 175, j = 425 sucessfully passed !
	Initialyzed swapped data for i = 175, j = 426 sucessfully passed !
	Initialyzed swapped data for i = 175, j = 427 sucessfully passed !
	Initialyzed swapped data for i = 175, j = 428 sucessfully passed !
	Initialyzed swapped data for i = 175, j = 429 sucessfully passed !
	Initialyzed swapped data for i = 175, j = 430 sucessfully passed !
	Initialyzed swapped data for i = 175, j = 431 sucessfully passed !
	Initialyzed swapped data for i = 175, j = 432 sucessfully passed !
	Initialyzed swapped data for i = 175, j = 433 sucessfully passed !
	Initialyzed swapped data for i = 176, j = 177 sucessfully passed !
	Initialyzed swapped data for i = 176, j = 178 sucessfully passed !
	Initialyzed swapped data for i = 176, j = 179 sucessfully passed !
	Initialyzed swapped data for i = 176, j = 180 sucessfully passed !
	Initialyzed swapped data for i = 176, j = 181 sucessfully passed !
	Initialyzed swapped data for i = 176, j = 182 sucessfully passed !
	Initialyzed swapped data for i = 176, j = 183 sucessfully passed !
	Initialyzed swapped data for i = 176, j = 184 sucessfully passed !
	Initialyzed swapped data for i = 176, j = 185 sucessfully passed !
	Initialyzed swapped data for i = 176, j = 186 sucessfully passed !
	Initialyzed swapped data for i = 176, j = 187 sucessfully passed !
	Initialyzed swapped data for i = 176, j = 188 sucessfully passed !
	Initialyzed swapped data for i = 176, j = 189 sucessfully passed !
	Initialyzed swapped data for i = 176, j = 190 sucessfully passed !
	Initialyzed swapped data for i = 176, j = 191 sucessfully passed !
	Initialyzed swapped data for i = 176, j = 192 sucessfully passed !
	Initialyzed swapped data for i = 176, j = 193 sucessfully passed !
	Initialyzed swapped data for i = 176, j = 194 sucessfully passed !
	Initialyzed swapped data for i = 176, j = 195 sucessfully passed !
	Initialyzed swapped data for i = 176, j = 196 sucessfully passed !
	Initialyzed swapped data for i = 176, j = 197 sucessfully passed !
	Initialyzed swapped data for i = 176, j = 198 sucessfully passed !
	Initialyzed swapped data for i = 176, j = 199 sucessfully passed !
	Initialyzed swapped data for i = 176, j = 200 sucessfully passed !
	Initialyzed swapped data for i = 176, j = 201 sucessfully passed !
	Initialyzed swapped data for i = 176, j = 202 sucessfully passed !
	Initialyzed swapped data for i = 176, j = 203 sucessfully passed !
	Initialyzed swapped data for i = 176, j = 204 sucessfully passed !
	Initialyzed swapped data for i = 176, j = 205 sucessfully passed !
	Initialyzed swapped data for i = 176, j = 206 sucessfully passed !
	Initialyzed swapped data for i = 176, j = 207 sucessfully passed !
	Initialyzed swapped data for i = 176, j = 208 sucessfully passed !
	Initialyzed swapped data for i = 176, j = 209 sucessfully passed !
	Initialyzed swapped data for i = 176, j = 210 sucessfully passed !
	Initialyzed swapped data for i = 176, j = 211 sucessfully passed !
	Initialyzed swapped data for i = 176, j = 212 sucessfully passed !
	Initialyzed swapped data for i = 176, j = 213 sucessfully passed !
	Initialyzed swapped data for i = 176, j = 214 sucessfully passed !
	Initialyzed swapped data for i = 176, j = 215 sucessfully passed !
	Initialyzed swapped data for i = 176, j = 216 sucessfully passed !
	Initialyzed swapped data for i = 176, j = 217 sucessfully passed !
	Initialyzed swapped data for i = 176, j = 218 sucessfully passed !
	Initialyzed swapped data for i = 176, j = 219 sucessfully passed !
	Initialyzed swapped data for i = 176, j = 220 sucessfully passed !
	Initialyzed swapped data for i = 176, j = 221 sucessfully passed !
	Initialyzed swapped data for i = 176, j = 222 sucessfully passed !
	Initialyzed swapped data for i = 176, j = 223 sucessfully passed !
	Initialyzed swapped data for i = 176, j = 224 sucessfully passed !
	Initialyzed swapped data for i = 176, j = 225 sucessfully passed !
	Initialyzed swapped data for i = 176, j = 226 sucessfully passed !
	Initialyzed swapped data for i = 176, j = 227 sucessfully passed !
	Initialyzed swapped data for i = 176, j = 228 sucessfully passed !
	Initialyzed swapped data for i = 176, j = 229 sucessfully passed !
	Initialyzed swapped data for i = 176, j = 230 sucessfully passed !
	Initialyzed swapped data for i = 176, j = 231 sucessfully passed !
	Initialyzed swapped data for i = 176, j = 232 sucessfully passed !
	Initialyzed swapped data for i = 176, j = 233 sucessfully passed !
	Initialyzed swapped data for i = 176, j = 234 sucessfully passed !
	Initialyzed swapped data for i = 176, j = 235 sucessfully passed !
	Initialyzed swapped data for i = 176, j = 236 sucessfully passed !
	Initialyzed swapped data for i = 176, j = 237 sucessfully passed !
	Initialyzed swapped data for i = 176, j = 238 sucessfully passed !
	Initialyzed swapped data for i = 176, j = 239 sucessfully passed !
	Initialyzed swapped data for i = 176, j = 240 sucessfully passed !
	Initialyzed swapped data for i = 176, j = 241 sucessfully passed !
	Initialyzed swapped data for i = 176, j = 242 sucessfully passed !
	Initialyzed swapped data for i = 176, j = 243 sucessfully passed !
	Initialyzed swapped data for i = 176, j = 244 sucessfully passed !
	Initialyzed swapped data for i = 176, j = 245 sucessfully passed !
	Initialyzed swapped data for i = 176, j = 246 sucessfully passed !
	Initialyzed swapped data for i = 176, j = 247 sucessfully passed !
	Initialyzed swapped data for i = 176, j = 248 sucessfully passed !
	Initialyzed swapped data for i = 176, j = 249 sucessfully passed !
	Initialyzed swapped data for i = 176, j = 250 sucessfully passed !
	Initialyzed swapped data for i = 176, j = 251 sucessfully passed !
	Initialyzed swapped data for i = 176, j = 252 sucessfully passed !
	Initialyzed swapped data for i = 176, j = 253 sucessfully passed !
	Initialyzed swapped data for i = 176, j = 254 sucessfully passed !
	Initialyzed swapped data for i = 176, j = 255 sucessfully passed !
	Initialyzed swapped data for i = 176, j = 256 sucessfully passed !
	Initialyzed swapped data for i = 176, j = 257 sucessfully passed !
	Initialyzed swapped data for i = 176, j = 258 sucessfully passed !
	Initialyzed swapped data for i = 176, j = 259 sucessfully passed !
	Initialyzed swapped data for i = 176, j = 260 sucessfully passed !
	Initialyzed swapped data for i = 176, j = 261 sucessfully passed !
	Initialyzed swapped data for i = 176, j = 262 sucessfully passed !
	Initialyzed swapped data for i = 176, j = 263 sucessfully passed !
	Initialyzed swapped data for i = 176, j = 264 sucessfully passed !
	Initialyzed swapped data for i = 176, j = 265 sucessfully passed !
	Initialyzed swapped data for i = 176, j = 266 sucessfully passed !
	Initialyzed swapped data for i = 176, j = 267 sucessfully passed !
	Initialyzed swapped data for i = 176, j = 268 sucessfully passed !
	Initialyzed swapped data for i = 176, j = 269 sucessfully passed !
	Initialyzed swapped data for i = 176, j = 270 sucessfully passed !
	Initialyzed swapped data for i = 176, j = 271 sucessfully passed !
	Initialyzed swapped data for i = 176, j = 272 sucessfully passed !
	Initialyzed swapped data for i = 176, j = 273 sucessfully passed !
	Initialyzed swapped data for i = 176, j = 274 sucessfully passed !
	Initialyzed swapped data for i = 176, j = 275 sucessfully passed !
	Initialyzed swapped data for i = 176, j = 276 sucessfully passed !
	Initialyzed swapped data for i = 176, j = 277 sucessfully passed !
	Initialyzed swapped data for i = 176, j = 278 sucessfully passed !
	Initialyzed swapped data for i = 176, j = 279 sucessfully passed !
	Initialyzed swapped data for i = 176, j = 280 sucessfully passed !
	Initialyzed swapped data for i = 176, j = 281 sucessfully passed !
	Initialyzed swapped data for i = 176, j = 282 sucessfully passed !
	Initialyzed swapped data for i = 176, j = 283 sucessfully passed !
	Initialyzed swapped data for i = 176, j = 284 sucessfully passed !
	Initialyzed swapped data for i = 176, j = 285 sucessfully passed !
	Initialyzed swapped data for i = 176, j = 286 sucessfully passed !
	Initialyzed swapped data for i = 176, j = 287 sucessfully passed !
	Initialyzed swapped data for i = 176, j = 288 sucessfully passed !
	Initialyzed swapped data for i = 176, j = 289 sucessfully passed !
	Initialyzed swapped data for i = 176, j = 290 sucessfully passed !
	Initialyzed swapped data for i = 176, j = 291 sucessfully passed !
	Initialyzed swapped data for i = 176, j = 292 sucessfully passed !
	Initialyzed swapped data for i = 176, j = 293 sucessfully passed !
	Initialyzed swapped data for i = 176, j = 294 sucessfully passed !
	Initialyzed swapped data for i = 176, j = 295 sucessfully passed !
	Initialyzed swapped data for i = 176, j = 296 sucessfully passed !
	Initialyzed swapped data for i = 176, j = 297 sucessfully passed !
	Initialyzed swapped data for i = 176, j = 298 sucessfully passed !
	Initialyzed swapped data for i = 176, j = 299 sucessfully passed !
	Initialyzed swapped data for i = 176, j = 300 sucessfully passed !
	Initialyzed swapped data for i = 176, j = 301 sucessfully passed !
	Initialyzed swapped data for i = 176, j = 302 sucessfully passed !
	Initialyzed swapped data for i = 176, j = 303 sucessfully passed !
	Initialyzed swapped data for i = 176, j = 304 sucessfully passed !
	Initialyzed swapped data for i = 176, j = 305 sucessfully passed !
	Initialyzed swapped data for i = 176, j = 306 sucessfully passed !
	Initialyzed swapped data for i = 176, j = 307 sucessfully passed !
	Initialyzed swapped data for i = 176, j = 308 sucessfully passed !
	Initialyzed swapped data for i = 176, j = 309 sucessfully passed !
	Initialyzed swapped data for i = 176, j = 310 sucessfully passed !
	Initialyzed swapped data for i = 176, j = 311 sucessfully passed !
	Initialyzed swapped data for i = 176, j = 312 sucessfully passed !
	Initialyzed swapped data for i = 176, j = 313 sucessfully passed !
	Initialyzed swapped data for i = 176, j = 314 sucessfully passed !
	Initialyzed swapped data for i = 176, j = 315 sucessfully passed !
	Initialyzed swapped data for i = 176, j = 316 sucessfully passed !
	Initialyzed swapped data for i = 176, j = 317 sucessfully passed !
	Initialyzed swapped data for i = 176, j = 318 sucessfully passed !
	Initialyzed swapped data for i = 176, j = 319 sucessfully passed !
	Initialyzed swapped data for i = 176, j = 320 sucessfully passed !
	Initialyzed swapped data for i = 176, j = 321 sucessfully passed !
	Initialyzed swapped data for i = 176, j = 322 sucessfully passed !
	Initialyzed swapped data for i = 176, j = 323 sucessfully passed !
	Initialyzed swapped data for i = 176, j = 324 sucessfully passed !
	Initialyzed swapped data for i = 176, j = 325 sucessfully passed !
	Initialyzed swapped data for i = 176, j = 326 sucessfully passed !
	Initialyzed swapped data for i = 176, j = 327 sucessfully passed !
	Initialyzed swapped data for i = 176, j = 328 sucessfully passed !
	Initialyzed swapped data for i = 176, j = 329 sucessfully passed !
	Initialyzed swapped data for i = 176, j = 330 sucessfully passed !
	Initialyzed swapped data for i = 176, j = 331 sucessfully passed !
	Initialyzed swapped data for i = 176, j = 332 sucessfully passed !
	Initialyzed swapped data for i = 176, j = 333 sucessfully passed !
	Initialyzed swapped data for i = 176, j = 334 sucessfully passed !
	Initialyzed swapped data for i = 176, j = 335 sucessfully passed !
	Initialyzed swapped data for i = 176, j = 336 sucessfully passed !
	Initialyzed swapped data for i = 176, j = 337 sucessfully passed !
	Initialyzed swapped data for i = 176, j = 338 sucessfully passed !
	Initialyzed swapped data for i = 176, j = 339 sucessfully passed !
	Initialyzed swapped data for i = 176, j = 340 sucessfully passed !
	Initialyzed swapped data for i = 176, j = 341 sucessfully passed !
	Initialyzed swapped data for i = 176, j = 342 sucessfully passed !
	Initialyzed swapped data for i = 176, j = 343 sucessfully passed !
	Initialyzed swapped data for i = 176, j = 344 sucessfully passed !
	Initialyzed swapped data for i = 176, j = 345 sucessfully passed !
	Initialyzed swapped data for i = 176, j = 346 sucessfully passed !
	Initialyzed swapped data for i = 176, j = 347 sucessfully passed !
	Initialyzed swapped data for i = 176, j = 348 sucessfully passed !
	Initialyzed swapped data for i = 176, j = 349 sucessfully passed !
	Initialyzed swapped data for i = 176, j = 350 sucessfully passed !
	Initialyzed swapped data for i = 176, j = 351 sucessfully passed !
	Initialyzed swapped data for i = 176, j = 352 sucessfully passed !
	Initialyzed swapped data for i = 176, j = 353 sucessfully passed !
	Initialyzed swapped data for i = 176, j = 354 sucessfully passed !
	Initialyzed swapped data for i = 176, j = 355 sucessfully passed !
	Initialyzed swapped data for i = 176, j = 356 sucessfully passed !
	Initialyzed swapped data for i = 176, j = 357 sucessfully passed !
	Initialyzed swapped data for i = 176, j = 358 sucessfully passed !
	Initialyzed swapped data for i = 176, j = 359 sucessfully passed !
	Initialyzed swapped data for i = 176, j = 360 sucessfully passed !
	Initialyzed swapped data for i = 176, j = 361 sucessfully passed !
	Initialyzed swapped data for i = 176, j = 362 sucessfully passed !
	Initialyzed swapped data for i = 176, j = 363 sucessfully passed !
	Initialyzed swapped data for i = 176, j = 364 sucessfully passed !
	Initialyzed swapped data for i = 176, j = 365 sucessfully passed !
	Initialyzed swapped data for i = 176, j = 366 sucessfully passed !
	Initialyzed swapped data for i = 176, j = 367 sucessfully passed !
	Initialyzed swapped data for i = 176, j = 368 sucessfully passed !
	Initialyzed swapped data for i = 176, j = 369 sucessfully passed !
	Initialyzed swapped data for i = 176, j = 370 sucessfully passed !
	Initialyzed swapped data for i = 176, j = 371 sucessfully passed !
	Initialyzed swapped data for i = 176, j = 372 sucessfully passed !
	Initialyzed swapped data for i = 176, j = 373 sucessfully passed !
	Initialyzed swapped data for i = 176, j = 374 sucessfully passed !
	Initialyzed swapped data for i = 176, j = 375 sucessfully passed !
	Initialyzed swapped data for i = 176, j = 376 sucessfully passed !
	Initialyzed swapped data for i = 176, j = 377 sucessfully passed !
	Initialyzed swapped data for i = 176, j = 378 sucessfully passed !
	Initialyzed swapped data for i = 176, j = 379 sucessfully passed !
	Initialyzed swapped data for i = 176, j = 380 sucessfully passed !
	Initialyzed swapped data for i = 176, j = 381 sucessfully passed !
	Initialyzed swapped data for i = 176, j = 382 sucessfully passed !
	Initialyzed swapped data for i = 176, j = 383 sucessfully passed !
	Initialyzed swapped data for i = 176, j = 384 sucessfully passed !
	Initialyzed swapped data for i = 176, j = 385 sucessfully passed !
	Initialyzed swapped data for i = 176, j = 386 sucessfully passed !
	Initialyzed swapped data for i = 176, j = 387 sucessfully passed !
	Initialyzed swapped data for i = 176, j = 388 sucessfully passed !
	Initialyzed swapped data for i = 176, j = 389 sucessfully passed !
	Initialyzed swapped data for i = 176, j = 390 sucessfully passed !
	Initialyzed swapped data for i = 176, j = 391 sucessfully passed !
	Initialyzed swapped data for i = 176, j = 392 sucessfully passed !
	Initialyzed swapped data for i = 176, j = 393 sucessfully passed !
	Initialyzed swapped data for i = 176, j = 394 sucessfully passed !
	Initialyzed swapped data for i = 176, j = 395 sucessfully passed !
	Initialyzed swapped data for i = 176, j = 396 sucessfully passed !
	Initialyzed swapped data for i = 176, j = 397 sucessfully passed !
	Initialyzed swapped data for i = 176, j = 398 sucessfully passed !
	Initialyzed swapped data for i = 176, j = 399 sucessfully passed !
	Initialyzed swapped data for i = 176, j = 400 sucessfully passed !
	Initialyzed swapped data for i = 176, j = 401 sucessfully passed !
	Initialyzed swapped data for i = 176, j = 402 sucessfully passed !
	Initialyzed swapped data for i = 176, j = 403 sucessfully passed !
	Initialyzed swapped data for i = 176, j = 404 sucessfully passed !
	Initialyzed swapped data for i = 176, j = 405 sucessfully passed !
	Initialyzed swapped data for i = 176, j = 406 sucessfully passed !
	Initialyzed swapped data for i = 176, j = 407 sucessfully passed !
	Initialyzed swapped data for i = 176, j = 408 sucessfully passed !
	Initialyzed swapped data for i = 176, j = 409 sucessfully passed !
	Initialyzed swapped data for i = 176, j = 410 sucessfully passed !
	Initialyzed swapped data for i = 176, j = 411 sucessfully passed !
	Initialyzed swapped data for i = 176, j = 412 sucessfully passed !
	Initialyzed swapped data for i = 176, j = 413 sucessfully passed !
	Initialyzed swapped data for i = 176, j = 414 sucessfully passed !
	Initialyzed swapped data for i = 176, j = 415 sucessfully passed !
	Initialyzed swapped data for i = 176, j = 416 sucessfully passed !
	Initialyzed swapped data for i = 176, j = 417 sucessfully passed !
	Initialyzed swapped data for i = 176, j = 418 sucessfully passed !
	Initialyzed swapped data for i = 176, j = 419 sucessfully passed !
	Initialyzed swapped data for i = 176, j = 420 sucessfully passed !
	Initialyzed swapped data for i = 176, j = 421 sucessfully passed !
	Initialyzed swapped data for i = 176, j = 422 sucessfully passed !
	Initialyzed swapped data for i = 176, j = 423 sucessfully passed !
	Initialyzed swapped data for i = 176, j = 424 sucessfully passed !
	Initialyzed swapped data for i = 176, j = 425 sucessfully passed !
	Initialyzed swapped data for i = 176, j = 426 sucessfully passed !
	Initialyzed swapped data for i = 176, j = 427 sucessfully passed !
	Initialyzed swapped data for i = 176, j = 428 sucessfully passed !
	Initialyzed swapped data for i = 176, j = 429 sucessfully passed !
	Initialyzed swapped data for i = 176, j = 430 sucessfully passed !
	Initialyzed swapped data for i = 176, j = 431 sucessfully passed !
	Initialyzed swapped data for i = 176, j = 432 sucessfully passed !
	Initialyzed swapped data for i = 176, j = 433 sucessfully passed !
	Initialyzed swapped data for i = 177, j = 178 sucessfully passed !
	Initialyzed swapped data for i = 177, j = 179 sucessfully passed !
	Initialyzed swapped data for i = 177, j = 180 sucessfully passed !
	Initialyzed swapped data for i = 177, j = 181 sucessfully passed !
	Initialyzed swapped data for i = 177, j = 182 sucessfully passed !
	Initialyzed swapped data for i = 177, j = 183 sucessfully passed !
	Initialyzed swapped data for i = 177, j = 184 sucessfully passed !
	Initialyzed swapped data for i = 177, j = 185 sucessfully passed !
	Initialyzed swapped data for i = 177, j = 186 sucessfully passed !
	Initialyzed swapped data for i = 177, j = 187 sucessfully passed !
	Initialyzed swapped data for i = 177, j = 188 sucessfully passed !
	Initialyzed swapped data for i = 177, j = 189 sucessfully passed !
	Initialyzed swapped data for i = 177, j = 190 sucessfully passed !
	Initialyzed swapped data for i = 177, j = 191 sucessfully passed !
	Initialyzed swapped data for i = 177, j = 192 sucessfully passed !
	Initialyzed swapped data for i = 177, j = 193 sucessfully passed !
	Initialyzed swapped data for i = 177, j = 194 sucessfully passed !
	Initialyzed swapped data for i = 177, j = 195 sucessfully passed !
	Initialyzed swapped data for i = 177, j = 196 sucessfully passed !
	Initialyzed swapped data for i = 177, j = 197 sucessfully passed !
	Initialyzed swapped data for i = 177, j = 198 sucessfully passed !
	Initialyzed swapped data for i = 177, j = 199 sucessfully passed !
	Initialyzed swapped data for i = 177, j = 200 sucessfully passed !
	Initialyzed swapped data for i = 177, j = 201 sucessfully passed !
	Initialyzed swapped data for i = 177, j = 202 sucessfully passed !
	Initialyzed swapped data for i = 177, j = 203 sucessfully passed !
	Initialyzed swapped data for i = 177, j = 204 sucessfully passed !
	Initialyzed swapped data for i = 177, j = 205 sucessfully passed !
	Initialyzed swapped data for i = 177, j = 206 sucessfully passed !
	Initialyzed swapped data for i = 177, j = 207 sucessfully passed !
	Initialyzed swapped data for i = 177, j = 208 sucessfully passed !
	Initialyzed swapped data for i = 177, j = 209 sucessfully passed !
	Initialyzed swapped data for i = 177, j = 210 sucessfully passed !
	Initialyzed swapped data for i = 177, j = 211 sucessfully passed !
	Initialyzed swapped data for i = 177, j = 212 sucessfully passed !
	Initialyzed swapped data for i = 177, j = 213 sucessfully passed !
	Initialyzed swapped data for i = 177, j = 214 sucessfully passed !
	Initialyzed swapped data for i = 177, j = 215 sucessfully passed !
	Initialyzed swapped data for i = 177, j = 216 sucessfully passed !
	Initialyzed swapped data for i = 177, j = 217 sucessfully passed !
	Initialyzed swapped data for i = 177, j = 218 sucessfully passed !
	Initialyzed swapped data for i = 177, j = 219 sucessfully passed !
	Initialyzed swapped data for i = 177, j = 220 sucessfully passed !
	Initialyzed swapped data for i = 177, j = 221 sucessfully passed !
	Initialyzed swapped data for i = 177, j = 222 sucessfully passed !
	Initialyzed swapped data for i = 177, j = 223 sucessfully passed !
	Initialyzed swapped data for i = 177, j = 224 sucessfully passed !
	Initialyzed swapped data for i = 177, j = 225 sucessfully passed !
	Initialyzed swapped data for i = 177, j = 226 sucessfully passed !
	Initialyzed swapped data for i = 177, j = 227 sucessfully passed !
	Initialyzed swapped data for i = 177, j = 228 sucessfully passed !
	Initialyzed swapped data for i = 177, j = 229 sucessfully passed !
	Initialyzed swapped data for i = 177, j = 230 sucessfully passed !
	Initialyzed swapped data for i = 177, j = 231 sucessfully passed !
	Initialyzed swapped data for i = 177, j = 232 sucessfully passed !
	Initialyzed swapped data for i = 177, j = 233 sucessfully passed !
	Initialyzed swapped data for i = 177, j = 234 sucessfully passed !
	Initialyzed swapped data for i = 177, j = 235 sucessfully passed !
	Initialyzed swapped data for i = 177, j = 236 sucessfully passed !
	Initialyzed swapped data for i = 177, j = 237 sucessfully passed !
	Initialyzed swapped data for i = 177, j = 238 sucessfully passed !
	Initialyzed swapped data for i = 177, j = 239 sucessfully passed !
	Initialyzed swapped data for i = 177, j = 240 sucessfully passed !
	Initialyzed swapped data for i = 177, j = 241 sucessfully passed !
	Initialyzed swapped data for i = 177, j = 242 sucessfully passed !
	Initialyzed swapped data for i = 177, j = 243 sucessfully passed !
	Initialyzed swapped data for i = 177, j = 244 sucessfully passed !
	Initialyzed swapped data for i = 177, j = 245 sucessfully passed !
	Initialyzed swapped data for i = 177, j = 246 sucessfully passed !
	Initialyzed swapped data for i = 177, j = 247 sucessfully passed !
	Initialyzed swapped data for i = 177, j = 248 sucessfully passed !
	Initialyzed swapped data for i = 177, j = 249 sucessfully passed !
	Initialyzed swapped data for i = 177, j = 250 sucessfully passed !
	Initialyzed swapped data for i = 177, j = 251 sucessfully passed !
	Initialyzed swapped data for i = 177, j = 252 sucessfully passed !
	Initialyzed swapped data for i = 177, j = 253 sucessfully passed !
	Initialyzed swapped data for i = 177, j = 254 sucessfully passed !
	Initialyzed swapped data for i = 177, j = 255 sucessfully passed !
	Initialyzed swapped data for i = 177, j = 256 sucessfully passed !
	Initialyzed swapped data for i = 177, j = 257 sucessfully passed !
	Initialyzed swapped data for i = 177, j = 258 sucessfully passed !
	Initialyzed swapped data for i = 177, j = 259 sucessfully passed !
	Initialyzed swapped data for i = 177, j = 260 sucessfully passed !
	Initialyzed swapped data for i = 177, j = 261 sucessfully passed !
	Initialyzed swapped data for i = 177, j = 262 sucessfully passed !
	Initialyzed swapped data for i = 177, j = 263 sucessfully passed !
	Initialyzed swapped data for i = 177, j = 264 sucessfully passed !
	Initialyzed swapped data for i = 177, j = 265 sucessfully passed !
	Initialyzed swapped data for i = 177, j = 266 sucessfully passed !
	Initialyzed swapped data for i = 177, j = 267 sucessfully passed !
	Initialyzed swapped data for i = 177, j = 268 sucessfully passed !
	Initialyzed swapped data for i = 177, j = 269 sucessfully passed !
	Initialyzed swapped data for i = 177, j = 270 sucessfully passed !
	Initialyzed swapped data for i = 177, j = 271 sucessfully passed !
	Initialyzed swapped data for i = 177, j = 272 sucessfully passed !
	Initialyzed swapped data for i = 177, j = 273 sucessfully passed !
	Initialyzed swapped data for i = 177, j = 274 sucessfully passed !
	Initialyzed swapped data for i = 177, j = 275 sucessfully passed !
	Initialyzed swapped data for i = 177, j = 276 sucessfully passed !
	Initialyzed swapped data for i = 177, j = 277 sucessfully passed !
	Initialyzed swapped data for i = 177, j = 278 sucessfully passed !
	Initialyzed swapped data for i = 177, j = 279 sucessfully passed !
	Initialyzed swapped data for i = 177, j = 280 sucessfully passed !
	Initialyzed swapped data for i = 177, j = 281 sucessfully passed !
	Initialyzed swapped data for i = 177, j = 282 sucessfully passed !
	Initialyzed swapped data for i = 177, j = 283 sucessfully passed !
	Initialyzed swapped data for i = 177, j = 284 sucessfully passed !
	Initialyzed swapped data for i = 177, j = 285 sucessfully passed !
	Initialyzed swapped data for i = 177, j = 286 sucessfully passed !
	Initialyzed swapped data for i = 177, j = 287 sucessfully passed !
	Initialyzed swapped data for i = 177, j = 288 sucessfully passed !
	Initialyzed swapped data for i = 177, j = 289 sucessfully passed !
	Initialyzed swapped data for i = 177, j = 290 sucessfully passed !
	Initialyzed swapped data for i = 177, j = 291 sucessfully passed !
	Initialyzed swapped data for i = 177, j = 292 sucessfully passed !
	Initialyzed swapped data for i = 177, j = 293 sucessfully passed !
	Initialyzed swapped data for i = 177, j = 294 sucessfully passed !
	Initialyzed swapped data for i = 177, j = 295 sucessfully passed !
	Initialyzed swapped data for i = 177, j = 296 sucessfully passed !
	Initialyzed swapped data for i = 177, j = 297 sucessfully passed !
	Initialyzed swapped data for i = 177, j = 298 sucessfully passed !
	Initialyzed swapped data for i = 177, j = 299 sucessfully passed !
	Initialyzed swapped data for i = 177, j = 300 sucessfully passed !
	Initialyzed swapped data for i = 177, j = 301 sucessfully passed !
	Initialyzed swapped data for i = 177, j = 302 sucessfully passed !
	Initialyzed swapped data for i = 177, j = 303 sucessfully passed !
	Initialyzed swapped data for i = 177, j = 304 sucessfully passed !
	Initialyzed swapped data for i = 177, j = 305 sucessfully passed !
	Initialyzed swapped data for i = 177, j = 306 sucessfully passed !
	Initialyzed swapped data for i = 177, j = 307 sucessfully passed !
	Initialyzed swapped data for i = 177, j = 308 sucessfully passed !
	Initialyzed swapped data for i = 177, j = 309 sucessfully passed !
	Initialyzed swapped data for i = 177, j = 310 sucessfully passed !
	Initialyzed swapped data for i = 177, j = 311 sucessfully passed !
	Initialyzed swapped data for i = 177, j = 312 sucessfully passed !
	Initialyzed swapped data for i = 177, j = 313 sucessfully passed !
	Initialyzed swapped data for i = 177, j = 314 sucessfully passed !
	Initialyzed swapped data for i = 177, j = 315 sucessfully passed !
	Initialyzed swapped data for i = 177, j = 316 sucessfully passed !
	Initialyzed swapped data for i = 177, j = 317 sucessfully passed !
	Initialyzed swapped data for i = 177, j = 318 sucessfully passed !
	Initialyzed swapped data for i = 177, j = 319 sucessfully passed !
	Initialyzed swapped data for i = 177, j = 320 sucessfully passed !
	Initialyzed swapped data for i = 177, j = 321 sucessfully passed !
	Initialyzed swapped data for i = 177, j = 322 sucessfully passed !
	Initialyzed swapped data for i = 177, j = 323 sucessfully passed !
	Initialyzed swapped data for i = 177, j = 324 sucessfully passed !
	Initialyzed swapped data for i = 177, j = 325 sucessfully passed !
	Initialyzed swapped data for i = 177, j = 326 sucessfully passed !
	Initialyzed swapped data for i = 177, j = 327 sucessfully passed !
	Initialyzed swapped data for i = 177, j = 328 sucessfully passed !
	Initialyzed swapped data for i = 177, j = 329 sucessfully passed !
	Initialyzed swapped data for i = 177, j = 330 sucessfully passed !
	Initialyzed swapped data for i = 177, j = 331 sucessfully passed !
	Initialyzed swapped data for i = 177, j = 332 sucessfully passed !
	Initialyzed swapped data for i = 177, j = 333 sucessfully passed !
	Initialyzed swapped data for i = 177, j = 334 sucessfully passed !
	Initialyzed swapped data for i = 177, j = 335 sucessfully passed !
	Initialyzed swapped data for i = 177, j = 336 sucessfully passed !
	Initialyzed swapped data for i = 177, j = 337 sucessfully passed !
	Initialyzed swapped data for i = 177, j = 338 sucessfully passed !
	Initialyzed swapped data for i = 177, j = 339 sucessfully passed !
	Initialyzed swapped data for i = 177, j = 340 sucessfully passed !
	Initialyzed swapped data for i = 177, j = 341 sucessfully passed !
	Initialyzed swapped data for i = 177, j = 342 sucessfully passed !
	Initialyzed swapped data for i = 177, j = 343 sucessfully passed !
	Initialyzed swapped data for i = 177, j = 344 sucessfully passed !
	Initialyzed swapped data for i = 177, j = 345 sucessfully passed !
	Initialyzed swapped data for i = 177, j = 346 sucessfully passed !
	Initialyzed swapped data for i = 177, j = 347 sucessfully passed !
	Initialyzed swapped data for i = 177, j = 348 sucessfully passed !
	Initialyzed swapped data for i = 177, j = 349 sucessfully passed !
	Initialyzed swapped data for i = 177, j = 350 sucessfully passed !
	Initialyzed swapped data for i = 177, j = 351 sucessfully passed !
	Initialyzed swapped data for i = 177, j = 352 sucessfully passed !
	Initialyzed swapped data for i = 177, j = 353 sucessfully passed !
	Initialyzed swapped data for i = 177, j = 354 sucessfully passed !
	Initialyzed swapped data for i = 177, j = 355 sucessfully passed !
	Initialyzed swapped data for i = 177, j = 356 sucessfully passed !
	Initialyzed swapped data for i = 177, j = 357 sucessfully passed !
	Initialyzed swapped data for i = 177, j = 358 sucessfully passed !
	Initialyzed swapped data for i = 177, j = 359 sucessfully passed !
	Initialyzed swapped data for i = 177, j = 360 sucessfully passed !
	Initialyzed swapped data for i = 177, j = 361 sucessfully passed !
	Initialyzed swapped data for i = 177, j = 362 sucessfully passed !
	Initialyzed swapped data for i = 177, j = 363 sucessfully passed !
	Initialyzed swapped data for i = 177, j = 364 sucessfully passed !
	Initialyzed swapped data for i = 177, j = 365 sucessfully passed !
	Initialyzed swapped data for i = 177, j = 366 sucessfully passed !
	Initialyzed swapped data for i = 177, j = 367 sucessfully passed !
	Initialyzed swapped data for i = 177, j = 368 sucessfully passed !
	Initialyzed swapped data for i = 177, j = 369 sucessfully passed !
	Initialyzed swapped data for i = 177, j = 370 sucessfully passed !
	Initialyzed swapped data for i = 177, j = 371 sucessfully passed !
	Initialyzed swapped data for i = 177, j = 372 sucessfully passed !
	Initialyzed swapped data for i = 177, j = 373 sucessfully passed !
	Initialyzed swapped data for i = 177, j = 374 sucessfully passed !
	Initialyzed swapped data for i = 177, j = 375 sucessfully passed !
	Initialyzed swapped data for i = 177, j = 376 sucessfully passed !
	Initialyzed swapped data for i = 177, j = 377 sucessfully passed !
	Initialyzed swapped data for i = 177, j = 378 sucessfully passed !
	Initialyzed swapped data for i = 177, j = 379 sucessfully passed !
	Initialyzed swapped data for i = 177, j = 380 sucessfully passed !
	Initialyzed swapped data for i = 177, j = 381 sucessfully passed !
	Initialyzed swapped data for i = 177, j = 382 sucessfully passed !
	Initialyzed swapped data for i = 177, j = 383 sucessfully passed !
	Initialyzed swapped data for i = 177, j = 384 sucessfully passed !
	Initialyzed swapped data for i = 177, j = 385 sucessfully passed !
	Initialyzed swapped data for i = 177, j = 386 sucessfully passed !
	Initialyzed swapped data for i = 177, j = 387 sucessfully passed !
	Initialyzed swapped data for i = 177, j = 388 sucessfully passed !
	Initialyzed swapped data for i = 177, j = 389 sucessfully passed !
	Initialyzed swapped data for i = 177, j = 390 sucessfully passed !
	Initialyzed swapped data for i = 177, j = 391 sucessfully passed !
	Initialyzed swapped data for i = 177, j = 392 sucessfully passed !
	Initialyzed swapped data for i = 177, j = 393 sucessfully passed !
	Initialyzed swapped data for i = 177, j = 394 sucessfully passed !
	Initialyzed swapped data for i = 177, j = 395 sucessfully passed !
	Initialyzed swapped data for i = 177, j = 396 sucessfully passed !
	Initialyzed swapped data for i = 177, j = 397 sucessfully passed !
	Initialyzed swapped data for i = 177, j = 398 sucessfully passed !
	Initialyzed swapped data for i = 177, j = 399 sucessfully passed !
	Initialyzed swapped data for i = 177, j = 400 sucessfully passed !
	Initialyzed swapped data for i = 177, j = 401 sucessfully passed !
	Initialyzed swapped data for i = 177, j = 402 sucessfully passed !
	Initialyzed swapped data for i = 177, j = 403 sucessfully passed !
	Initialyzed swapped data for i = 177, j = 404 sucessfully passed !
	Initialyzed swapped data for i = 177, j = 405 sucessfully passed !
	Initialyzed swapped data for i = 177, j = 406 sucessfully passed !
	Initialyzed swapped data for i = 177, j = 407 sucessfully passed !
	Initialyzed swapped data for i = 177, j = 408 sucessfully passed !
	Initialyzed swapped data for i = 177, j = 409 sucessfully passed !
	Initialyzed swapped data for i = 177, j = 410 sucessfully passed !
	Initialyzed swapped data for i = 177, j = 411 sucessfully passed !
	Initialyzed swapped data for i = 177, j = 412 sucessfully passed !
	Initialyzed swapped data for i = 177, j = 413 sucessfully passed !
	Initialyzed swapped data for i = 177, j = 414 sucessfully passed !
	Initialyzed swapped data for i = 177, j = 415 sucessfully passed !
	Initialyzed swapped data for i = 177, j = 416 sucessfully passed !
	Initialyzed swapped data for i = 177, j = 417 sucessfully passed !
	Initialyzed swapped data for i = 177, j = 418 sucessfully passed !
	Initialyzed swapped data for i = 177, j = 419 sucessfully passed !
	Initialyzed swapped data for i = 177, j = 420 sucessfully passed !
	Initialyzed swapped data for i = 177, j = 421 sucessfully passed !
	Initialyzed swapped data for i = 177, j = 422 sucessfully passed !
	Initialyzed swapped data for i = 177, j = 423 sucessfully passed !
	Initialyzed swapped data for i = 177, j = 424 sucessfully passed !
	Initialyzed swapped data for i = 177, j = 425 sucessfully passed !
	Initialyzed swapped data for i = 177, j = 426 sucessfully passed !
	Initialyzed swapped data for i = 177, j = 427 sucessfully passed !
	Initialyzed swapped data for i = 177, j = 428 sucessfully passed !
	Initialyzed swapped data for i = 177, j = 429 sucessfully passed !
	Initialyzed swapped data for i = 177, j = 430 sucessfully passed !
	Initialyzed swapped data for i = 177, j = 431 sucessfully passed !
	Initialyzed swapped data for i = 177, j = 432 sucessfully passed !
	Initialyzed swapped data for i = 177, j = 433 sucessfully passed !
	Initialyzed swapped data for i = 178, j = 179 sucessfully passed !
	Initialyzed swapped data for i = 178, j = 180 sucessfully passed !
	Initialyzed swapped data for i = 178, j = 181 sucessfully passed !
	Initialyzed swapped data for i = 178, j = 182 sucessfully passed !
	Initialyzed swapped data for i = 178, j = 183 sucessfully passed !
	Initialyzed swapped data for i = 178, j = 184 sucessfully passed !
	Initialyzed swapped data for i = 178, j = 185 sucessfully passed !
	Initialyzed swapped data for i = 178, j = 186 sucessfully passed !
	Initialyzed swapped data for i = 178, j = 187 sucessfully passed !
	Initialyzed swapped data for i = 178, j = 188 sucessfully passed !
	Initialyzed swapped data for i = 178, j = 189 sucessfully passed !
	Initialyzed swapped data for i = 178, j = 190 sucessfully passed !
	Initialyzed swapped data for i = 178, j = 191 sucessfully passed !
	Initialyzed swapped data for i = 178, j = 192 sucessfully passed !
	Initialyzed swapped data for i = 178, j = 193 sucessfully passed !
	Initialyzed swapped data for i = 178, j = 194 sucessfully passed !
	Initialyzed swapped data for i = 178, j = 195 sucessfully passed !
	Initialyzed swapped data for i = 178, j = 196 sucessfully passed !
	Initialyzed swapped data for i = 178, j = 197 sucessfully passed !
	Initialyzed swapped data for i = 178, j = 198 sucessfully passed !
	Initialyzed swapped data for i = 178, j = 199 sucessfully passed !
	Initialyzed swapped data for i = 178, j = 200 sucessfully passed !
	Initialyzed swapped data for i = 178, j = 201 sucessfully passed !
	Initialyzed swapped data for i = 178, j = 202 sucessfully passed !
	Initialyzed swapped data for i = 178, j = 203 sucessfully passed !
	Initialyzed swapped data for i = 178, j = 204 sucessfully passed !
	Initialyzed swapped data for i = 178, j = 205 sucessfully passed !
	Initialyzed swapped data for i = 178, j = 206 sucessfully passed !
	Initialyzed swapped data for i = 178, j = 207 sucessfully passed !
	Initialyzed swapped data for i = 178, j = 208 sucessfully passed !
	Initialyzed swapped data for i = 178, j = 209 sucessfully passed !
	Initialyzed swapped data for i = 178, j = 210 sucessfully passed !
	Initialyzed swapped data for i = 178, j = 211 sucessfully passed !
	Initialyzed swapped data for i = 178, j = 212 sucessfully passed !
	Initialyzed swapped data for i = 178, j = 213 sucessfully passed !
	Initialyzed swapped data for i = 178, j = 214 sucessfully passed !
	Initialyzed swapped data for i = 178, j = 215 sucessfully passed !
	Initialyzed swapped data for i = 178, j = 216 sucessfully passed !
	Initialyzed swapped data for i = 178, j = 217 sucessfully passed !
	Initialyzed swapped data for i = 178, j = 218 sucessfully passed !
	Initialyzed swapped data for i = 178, j = 219 sucessfully passed !
	Initialyzed swapped data for i = 178, j = 220 sucessfully passed !
	Initialyzed swapped data for i = 178, j = 221 sucessfully passed !
	Initialyzed swapped data for i = 178, j = 222 sucessfully passed !
	Initialyzed swapped data for i = 178, j = 223 sucessfully passed !
	Initialyzed swapped data for i = 178, j = 224 sucessfully passed !
	Initialyzed swapped data for i = 178, j = 225 sucessfully passed !
	Initialyzed swapped data for i = 178, j = 226 sucessfully passed !
	Initialyzed swapped data for i = 178, j = 227 sucessfully passed !
	Initialyzed swapped data for i = 178, j = 228 sucessfully passed !
	Initialyzed swapped data for i = 178, j = 229 sucessfully passed !
	Initialyzed swapped data for i = 178, j = 230 sucessfully passed !
	Initialyzed swapped data for i = 178, j = 231 sucessfully passed !
	Initialyzed swapped data for i = 178, j = 232 sucessfully passed !
	Initialyzed swapped data for i = 178, j = 233 sucessfully passed !
	Initialyzed swapped data for i = 178, j = 234 sucessfully passed !
	Initialyzed swapped data for i = 178, j = 235 sucessfully passed !
	Initialyzed swapped data for i = 178, j = 236 sucessfully passed !
	Initialyzed swapped data for i = 178, j = 237 sucessfully passed !
	Initialyzed swapped data for i = 178, j = 238 sucessfully passed !
	Initialyzed swapped data for i = 178, j = 239 sucessfully passed !
	Initialyzed swapped data for i = 178, j = 240 sucessfully passed !
	Initialyzed swapped data for i = 178, j = 241 sucessfully passed !
	Initialyzed swapped data for i = 178, j = 242 sucessfully passed !
	Initialyzed swapped data for i = 178, j = 243 sucessfully passed !
	Initialyzed swapped data for i = 178, j = 244 sucessfully passed !
	Initialyzed swapped data for i = 178, j = 245 sucessfully passed !
	Initialyzed swapped data for i = 178, j = 246 sucessfully passed !
	Initialyzed swapped data for i = 178, j = 247 sucessfully passed !
	Initialyzed swapped data for i = 178, j = 248 sucessfully passed !
	Initialyzed swapped data for i = 178, j = 249 sucessfully passed !
	Initialyzed swapped data for i = 178, j = 250 sucessfully passed !
	Initialyzed swapped data for i = 178, j = 251 sucessfully passed !
	Initialyzed swapped data for i = 178, j = 252 sucessfully passed !
	Initialyzed swapped data for i = 178, j = 253 sucessfully passed !
	Initialyzed swapped data for i = 178, j = 254 sucessfully passed !
	Initialyzed swapped data for i = 178, j = 255 sucessfully passed !
	Initialyzed swapped data for i = 178, j = 256 sucessfully passed !
	Initialyzed swapped data for i = 178, j = 257 sucessfully passed !
	Initialyzed swapped data for i = 178, j = 258 sucessfully passed !
	Initialyzed swapped data for i = 178, j = 259 sucessfully passed !
	Initialyzed swapped data for i = 178, j = 260 sucessfully passed !
	Initialyzed swapped data for i = 178, j = 261 sucessfully passed !
	Initialyzed swapped data for i = 178, j = 262 sucessfully passed !
	Initialyzed swapped data for i = 178, j = 263 sucessfully passed !
	Initialyzed swapped data for i = 178, j = 264 sucessfully passed !
	Initialyzed swapped data for i = 178, j = 265 sucessfully passed !
	Initialyzed swapped data for i = 178, j = 266 sucessfully passed !
	Initialyzed swapped data for i = 178, j = 267 sucessfully passed !
	Initialyzed swapped data for i = 178, j = 268 sucessfully passed !
	Initialyzed swapped data for i = 178, j = 269 sucessfully passed !
	Initialyzed swapped data for i = 178, j = 270 sucessfully passed !
	Initialyzed swapped data for i = 178, j = 271 sucessfully passed !
	Initialyzed swapped data for i = 178, j = 272 sucessfully passed !
	Initialyzed swapped data for i = 178, j = 273 sucessfully passed !
	Initialyzed swapped data for i = 178, j = 274 sucessfully passed !
	Initialyzed swapped data for i = 178, j = 275 sucessfully passed !
	Initialyzed swapped data for i = 178, j = 276 sucessfully passed !
	Initialyzed swapped data for i = 178, j = 277 sucessfully passed !
	Initialyzed swapped data for i = 178, j = 278 sucessfully passed !
	Initialyzed swapped data for i = 178, j = 279 sucessfully passed !
	Initialyzed swapped data for i = 178, j = 280 sucessfully passed !
	Initialyzed swapped data for i = 178, j = 281 sucessfully passed !
	Initialyzed swapped data for i = 178, j = 282 sucessfully passed !
	Initialyzed swapped data for i = 178, j = 283 sucessfully passed !
	Initialyzed swapped data for i = 178, j = 284 sucessfully passed !
	Initialyzed swapped data for i = 178, j = 285 sucessfully passed !
	Initialyzed swapped data for i = 178, j = 286 sucessfully passed !
	Initialyzed swapped data for i = 178, j = 287 sucessfully passed !
	Initialyzed swapped data for i = 178, j = 288 sucessfully passed !
	Initialyzed swapped data for i = 178, j = 289 sucessfully passed !
	Initialyzed swapped data for i = 178, j = 290 sucessfully passed !
	Initialyzed swapped data for i = 178, j = 291 sucessfully passed !
	Initialyzed swapped data for i = 178, j = 292 sucessfully passed !
	Initialyzed swapped data for i = 178, j = 293 sucessfully passed !
	Initialyzed swapped data for i = 178, j = 294 sucessfully passed !
	Initialyzed swapped data for i = 178, j = 295 sucessfully passed !
	Initialyzed swapped data for i = 178, j = 296 sucessfully passed !
	Initialyzed swapped data for i = 178, j = 297 sucessfully passed !
	Initialyzed swapped data for i = 178, j = 298 sucessfully passed !
	Initialyzed swapped data for i = 178, j = 299 sucessfully passed !
	Initialyzed swapped data for i = 178, j = 300 sucessfully passed !
	Initialyzed swapped data for i = 178, j = 301 sucessfully passed !
	Initialyzed swapped data for i = 178, j = 302 sucessfully passed !
	Initialyzed swapped data for i = 178, j = 303 sucessfully passed !
	Initialyzed swapped data for i = 178, j = 304 sucessfully passed !
	Initialyzed swapped data for i = 178, j = 305 sucessfully passed !
	Initialyzed swapped data for i = 178, j = 306 sucessfully passed !
	Initialyzed swapped data for i = 178, j = 307 sucessfully passed !
	Initialyzed swapped data for i = 178, j = 308 sucessfully passed !
	Initialyzed swapped data for i = 178, j = 309 sucessfully passed !
	Initialyzed swapped data for i = 178, j = 310 sucessfully passed !
	Initialyzed swapped data for i = 178, j = 311 sucessfully passed !
	Initialyzed swapped data for i = 178, j = 312 sucessfully passed !
	Initialyzed swapped data for i = 178, j = 313 sucessfully passed !
	Initialyzed swapped data for i = 178, j = 314 sucessfully passed !
	Initialyzed swapped data for i = 178, j = 315 sucessfully passed !
	Initialyzed swapped data for i = 178, j = 316 sucessfully passed !
	Initialyzed swapped data for i = 178, j = 317 sucessfully passed !
	Initialyzed swapped data for i = 178, j = 318 sucessfully passed !
	Initialyzed swapped data for i = 178, j = 319 sucessfully passed !
	Initialyzed swapped data for i = 178, j = 320 sucessfully passed !
	Initialyzed swapped data for i = 178, j = 321 sucessfully passed !
	Initialyzed swapped data for i = 178, j = 322 sucessfully passed !
	Initialyzed swapped data for i = 178, j = 323 sucessfully passed !
	Initialyzed swapped data for i = 178, j = 324 sucessfully passed !
	Initialyzed swapped data for i = 178, j = 325 sucessfully passed !
	Initialyzed swapped data for i = 178, j = 326 sucessfully passed !
	Initialyzed swapped data for i = 178, j = 327 sucessfully passed !
	Initialyzed swapped data for i = 178, j = 328 sucessfully passed !
	Initialyzed swapped data for i = 178, j = 329 sucessfully passed !
	Initialyzed swapped data for i = 178, j = 330 sucessfully passed !
	Initialyzed swapped data for i = 178, j = 331 sucessfully passed !
	Initialyzed swapped data for i = 178, j = 332 sucessfully passed !
	Initialyzed swapped data for i = 178, j = 333 sucessfully passed !
	Initialyzed swapped data for i = 178, j = 334 sucessfully passed !
	Initialyzed swapped data for i = 178, j = 335 sucessfully passed !
	Initialyzed swapped data for i = 178, j = 336 sucessfully passed !
	Initialyzed swapped data for i = 178, j = 337 sucessfully passed !
	Initialyzed swapped data for i = 178, j = 338 sucessfully passed !
	Initialyzed swapped data for i = 178, j = 339 sucessfully passed !
	Initialyzed swapped data for i = 178, j = 340 sucessfully passed !
	Initialyzed swapped data for i = 178, j = 341 sucessfully passed !
	Initialyzed swapped data for i = 178, j = 342 sucessfully passed !
	Initialyzed swapped data for i = 178, j = 343 sucessfully passed !
	Initialyzed swapped data for i = 178, j = 344 sucessfully passed !
	Initialyzed swapped data for i = 178, j = 345 sucessfully passed !
	Initialyzed swapped data for i = 178, j = 346 sucessfully passed !
	Initialyzed swapped data for i = 178, j = 347 sucessfully passed !
	Initialyzed swapped data for i = 178, j = 348 sucessfully passed !
	Initialyzed swapped data for i = 178, j = 349 sucessfully passed !
	Initialyzed swapped data for i = 178, j = 350 sucessfully passed !
	Initialyzed swapped data for i = 178, j = 351 sucessfully passed !
	Initialyzed swapped data for i = 178, j = 352 sucessfully passed !
	Initialyzed swapped data for i = 178, j = 353 sucessfully passed !
	Initialyzed swapped data for i = 178, j = 354 sucessfully passed !
	Initialyzed swapped data for i = 178, j = 355 sucessfully passed !
	Initialyzed swapped data for i = 178, j = 356 sucessfully passed !
	Initialyzed swapped data for i = 178, j = 357 sucessfully passed !
	Initialyzed swapped data for i = 178, j = 358 sucessfully passed !
	Initialyzed swapped data for i = 178, j = 359 sucessfully passed !
	Initialyzed swapped data for i = 178, j = 360 sucessfully passed !
	Initialyzed swapped data for i = 178, j = 361 sucessfully passed !
	Initialyzed swapped data for i = 178, j = 362 sucessfully passed !
	Initialyzed swapped data for i = 178, j = 363 sucessfully passed !
	Initialyzed swapped data for i = 178, j = 364 sucessfully passed !
	Initialyzed swapped data for i = 178, j = 365 sucessfully passed !
	Initialyzed swapped data for i = 178, j = 366 sucessfully passed !
	Initialyzed swapped data for i = 178, j = 367 sucessfully passed !
	Initialyzed swapped data for i = 178, j = 368 sucessfully passed !
	Initialyzed swapped data for i = 178, j = 369 sucessfully passed !
	Initialyzed swapped data for i = 178, j = 370 sucessfully passed !
	Initialyzed swapped data for i = 178, j = 371 sucessfully passed !
	Initialyzed swapped data for i = 178, j = 372 sucessfully passed !
	Initialyzed swapped data for i = 178, j = 373 sucessfully passed !
	Initialyzed swapped data for i = 178, j = 374 sucessfully passed !
	Initialyzed swapped data for i = 178, j = 375 sucessfully passed !
	Initialyzed swapped data for i = 178, j = 376 sucessfully passed !
	Initialyzed swapped data for i = 178, j = 377 sucessfully passed !
	Initialyzed swapped data for i = 178, j = 378 sucessfully passed !
	Initialyzed swapped data for i = 178, j = 379 sucessfully passed !
	Initialyzed swapped data for i = 178, j = 380 sucessfully passed !
	Initialyzed swapped data for i = 178, j = 381 sucessfully passed !
	Initialyzed swapped data for i = 178, j = 382 sucessfully passed !
	Initialyzed swapped data for i = 178, j = 383 sucessfully passed !
	Initialyzed swapped data for i = 178, j = 384 sucessfully passed !
	Initialyzed swapped data for i = 178, j = 385 sucessfully passed !
	Initialyzed swapped data for i = 178, j = 386 sucessfully passed !
	Initialyzed swapped data for i = 178, j = 387 sucessfully passed !
	Initialyzed swapped data for i = 178, j = 388 sucessfully passed !
	Initialyzed swapped data for i = 178, j = 389 sucessfully passed !
	Initialyzed swapped data for i = 178, j = 390 sucessfully passed !
	Initialyzed swapped data for i = 178, j = 391 sucessfully passed !
	Initialyzed swapped data for i = 178, j = 392 sucessfully passed !
	Initialyzed swapped data for i = 178, j = 393 sucessfully passed !
	Initialyzed swapped data for i = 178, j = 394 sucessfully passed !
	Initialyzed swapped data for i = 178, j = 395 sucessfully passed !
	Initialyzed swapped data for i = 178, j = 396 sucessfully passed !
	Initialyzed swapped data for i = 178, j = 397 sucessfully passed !
	Initialyzed swapped data for i = 178, j = 398 sucessfully passed !
	Initialyzed swapped data for i = 178, j = 399 sucessfully passed !
	Initialyzed swapped data for i = 178, j = 400 sucessfully passed !
	Initialyzed swapped data for i = 178, j = 401 sucessfully passed !
	Initialyzed swapped data for i = 178, j = 402 sucessfully passed !
	Initialyzed swapped data for i = 178, j = 403 sucessfully passed !
	Initialyzed swapped data for i = 178, j = 404 sucessfully passed !
	Initialyzed swapped data for i = 178, j = 405 sucessfully passed !
	Initialyzed swapped data for i = 178, j = 406 sucessfully passed !
	Initialyzed swapped data for i = 178, j = 407 sucessfully passed !
	Initialyzed swapped data for i = 178, j = 408 sucessfully passed !
	Initialyzed swapped data for i = 178, j = 409 sucessfully passed !
	Initialyzed swapped data for i = 178, j = 410 sucessfully passed !
	Initialyzed swapped data for i = 178, j = 411 sucessfully passed !
	Initialyzed swapped data for i = 178, j = 412 sucessfully passed !
	Initialyzed swapped data for i = 178, j = 413 sucessfully passed !
	Initialyzed swapped data for i = 178, j = 414 sucessfully passed !
	Initialyzed swapped data for i = 178, j = 415 sucessfully passed !
	Initialyzed swapped data for i = 178, j = 416 sucessfully passed !
	Initialyzed swapped data for i = 178, j = 417 sucessfully passed !
	Initialyzed swapped data for i = 178, j = 418 sucessfully passed !
	Initialyzed swapped data for i = 178, j = 419 sucessfully passed !
	Initialyzed swapped data for i = 178, j = 420 sucessfully passed !
	Initialyzed swapped data for i = 178, j = 421 sucessfully passed !
	Initialyzed swapped data for i = 178, j = 422 sucessfully passed !
	Initialyzed swapped data for i = 178, j = 423 sucessfully passed !
	Initialyzed swapped data for i = 178, j = 424 sucessfully passed !
	Initialyzed swapped data for i = 178, j = 425 sucessfully passed !
	Initialyzed swapped data for i = 178, j = 426 sucessfully passed !
	Initialyzed swapped data for i = 178, j = 427 sucessfully passed !
	Initialyzed swapped data for i = 178, j = 428 sucessfully passed !
	Initialyzed swapped data for i = 178, j = 429 sucessfully passed !
	Initialyzed swapped data for i = 178, j = 430 sucessfully passed !
	Initialyzed swapped data for i = 178, j = 431 sucessfully passed !
	Initialyzed swapped data for i = 178, j = 432 sucessfully passed !
	Initialyzed swapped data for i = 178, j = 433 sucessfully passed !
	Initialyzed swapped data for i = 179, j = 180 sucessfully passed !
	Initialyzed swapped data for i = 179, j = 181 sucessfully passed !
	Initialyzed swapped data for i = 179, j = 182 sucessfully passed !
	Initialyzed swapped data for i = 179, j = 183 sucessfully passed !
	Initialyzed swapped data for i = 179, j = 184 sucessfully passed !
	Initialyzed swapped data for i = 179, j = 185 sucessfully passed !
	Initialyzed swapped data for i = 179, j = 186 sucessfully passed !
	Initialyzed swapped data for i = 179, j = 187 sucessfully passed !
	Initialyzed swapped data for i = 179, j = 188 sucessfully passed !
	Initialyzed swapped data for i = 179, j = 189 sucessfully passed !
	Initialyzed swapped data for i = 179, j = 190 sucessfully passed !
	Initialyzed swapped data for i = 179, j = 191 sucessfully passed !
	Initialyzed swapped data for i = 179, j = 192 sucessfully passed !
	Initialyzed swapped data for i = 179, j = 193 sucessfully passed !
	Initialyzed swapped data for i = 179, j = 194 sucessfully passed !
	Initialyzed swapped data for i = 179, j = 195 sucessfully passed !
	Initialyzed swapped data for i = 179, j = 196 sucessfully passed !
	Initialyzed swapped data for i = 179, j = 197 sucessfully passed !
	Initialyzed swapped data for i = 179, j = 198 sucessfully passed !
	Initialyzed swapped data for i = 179, j = 199 sucessfully passed !
	Initialyzed swapped data for i = 179, j = 200 sucessfully passed !
	Initialyzed swapped data for i = 179, j = 201 sucessfully passed !
	Initialyzed swapped data for i = 179, j = 202 sucessfully passed !
	Initialyzed swapped data for i = 179, j = 203 sucessfully passed !
	Initialyzed swapped data for i = 179, j = 204 sucessfully passed !
	Initialyzed swapped data for i = 179, j = 205 sucessfully passed !
	Initialyzed swapped data for i = 179, j = 206 sucessfully passed !
	Initialyzed swapped data for i = 179, j = 207 sucessfully passed !
	Initialyzed swapped data for i = 179, j = 208 sucessfully passed !
	Initialyzed swapped data for i = 179, j = 209 sucessfully passed !
	Initialyzed swapped data for i = 179, j = 210 sucessfully passed !
	Initialyzed swapped data for i = 179, j = 211 sucessfully passed !
	Initialyzed swapped data for i = 179, j = 212 sucessfully passed !
	Initialyzed swapped data for i = 179, j = 213 sucessfully passed !
	Initialyzed swapped data for i = 179, j = 214 sucessfully passed !
	Initialyzed swapped data for i = 179, j = 215 sucessfully passed !
	Initialyzed swapped data for i = 179, j = 216 sucessfully passed !
	Initialyzed swapped data for i = 179, j = 217 sucessfully passed !
	Initialyzed swapped data for i = 179, j = 218 sucessfully passed !
	Initialyzed swapped data for i = 179, j = 219 sucessfully passed !
	Initialyzed swapped data for i = 179, j = 220 sucessfully passed !
	Initialyzed swapped data for i = 179, j = 221 sucessfully passed !
	Initialyzed swapped data for i = 179, j = 222 sucessfully passed !
	Initialyzed swapped data for i = 179, j = 223 sucessfully passed !
	Initialyzed swapped data for i = 179, j = 224 sucessfully passed !
	Initialyzed swapped data for i = 179, j = 225 sucessfully passed !
	Initialyzed swapped data for i = 179, j = 226 sucessfully passed !
	Initialyzed swapped data for i = 179, j = 227 sucessfully passed !
	Initialyzed swapped data for i = 179, j = 228 sucessfully passed !
	Initialyzed swapped data for i = 179, j = 229 sucessfully passed !
	Initialyzed swapped data for i = 179, j = 230 sucessfully passed !
	Initialyzed swapped data for i = 179, j = 231 sucessfully passed !
	Initialyzed swapped data for i = 179, j = 232 sucessfully passed !
	Initialyzed swapped data for i = 179, j = 233 sucessfully passed !
	Initialyzed swapped data for i = 179, j = 234 sucessfully passed !
	Initialyzed swapped data for i = 179, j = 235 sucessfully passed !
	Initialyzed swapped data for i = 179, j = 236 sucessfully passed !
	Initialyzed swapped data for i = 179, j = 237 sucessfully passed !
	Initialyzed swapped data for i = 179, j = 238 sucessfully passed !
	Initialyzed swapped data for i = 179, j = 239 sucessfully passed !
	Initialyzed swapped data for i = 179, j = 240 sucessfully passed !
	Initialyzed swapped data for i = 179, j = 241 sucessfully passed !
	Initialyzed swapped data for i = 179, j = 242 sucessfully passed !
	Initialyzed swapped data for i = 179, j = 243 sucessfully passed !
	Initialyzed swapped data for i = 179, j = 244 sucessfully passed !
	Initialyzed swapped data for i = 179, j = 245 sucessfully passed !
	Initialyzed swapped data for i = 179, j = 246 sucessfully passed !
	Initialyzed swapped data for i = 179, j = 247 sucessfully passed !
	Initialyzed swapped data for i = 179, j = 248 sucessfully passed !
	Initialyzed swapped data for i = 179, j = 249 sucessfully passed !
	Initialyzed swapped data for i = 179, j = 250 sucessfully passed !
	Initialyzed swapped data for i = 179, j = 251 sucessfully passed !
	Initialyzed swapped data for i = 179, j = 252 sucessfully passed !
	Initialyzed swapped data for i = 179, j = 253 sucessfully passed !
	Initialyzed swapped data for i = 179, j = 254 sucessfully passed !
	Initialyzed swapped data for i = 179, j = 255 sucessfully passed !
	Initialyzed swapped data for i = 179, j = 256 sucessfully passed !
	Initialyzed swapped data for i = 179, j = 257 sucessfully passed !
	Initialyzed swapped data for i = 179, j = 258 sucessfully passed !
	Initialyzed swapped data for i = 179, j = 259 sucessfully passed !
	Initialyzed swapped data for i = 179, j = 260 sucessfully passed !
	Initialyzed swapped data for i = 179, j = 261 sucessfully passed !
	Initialyzed swapped data for i = 179, j = 262 sucessfully passed !
	Initialyzed swapped data for i = 179, j = 263 sucessfully passed !
	Initialyzed swapped data for i = 179, j = 264 sucessfully passed !
	Initialyzed swapped data for i = 179, j = 265 sucessfully passed !
	Initialyzed swapped data for i = 179, j = 266 sucessfully passed !
	Initialyzed swapped data for i = 179, j = 267 sucessfully passed !
	Initialyzed swapped data for i = 179, j = 268 sucessfully passed !
	Initialyzed swapped data for i = 179, j = 269 sucessfully passed !
	Initialyzed swapped data for i = 179, j = 270 sucessfully passed !
	Initialyzed swapped data for i = 179, j = 271 sucessfully passed !
	Initialyzed swapped data for i = 179, j = 272 sucessfully passed !
	Initialyzed swapped data for i = 179, j = 273 sucessfully passed !
	Initialyzed swapped data for i = 179, j = 274 sucessfully passed !
	Initialyzed swapped data for i = 179, j = 275 sucessfully passed !
	Initialyzed swapped data for i = 179, j = 276 sucessfully passed !
	Initialyzed swapped data for i = 179, j = 277 sucessfully passed !
	Initialyzed swapped data for i = 179, j = 278 sucessfully passed !
	Initialyzed swapped data for i = 179, j = 279 sucessfully passed !
	Initialyzed swapped data for i = 179, j = 280 sucessfully passed !
	Initialyzed swapped data for i = 179, j = 281 sucessfully passed !
	Initialyzed swapped data for i = 179, j = 282 sucessfully passed !
	Initialyzed swapped data for i = 179, j = 283 sucessfully passed !
	Initialyzed swapped data for i = 179, j = 284 sucessfully passed !
	Initialyzed swapped data for i = 179, j = 285 sucessfully passed !
	Initialyzed swapped data for i = 179, j = 286 sucessfully passed !
	Initialyzed swapped data for i = 179, j = 287 sucessfully passed !
	Initialyzed swapped data for i = 179, j = 288 sucessfully passed !
	Initialyzed swapped data for i = 179, j = 289 sucessfully passed !
	Initialyzed swapped data for i = 179, j = 290 sucessfully passed !
	Initialyzed swapped data for i = 179, j = 291 sucessfully passed !
	Initialyzed swapped data for i = 179, j = 292 sucessfully passed !
	Initialyzed swapped data for i = 179, j = 293 sucessfully passed !
	Initialyzed swapped data for i = 179, j = 294 sucessfully passed !
	Initialyzed swapped data for i = 179, j = 295 sucessfully passed !
	Initialyzed swapped data for i = 179, j = 296 sucessfully passed !
	Initialyzed swapped data for i = 179, j = 297 sucessfully passed !
	Initialyzed swapped data for i = 179, j = 298 sucessfully passed !
	Initialyzed swapped data for i = 179, j = 299 sucessfully passed !
	Initialyzed swapped data for i = 179, j = 300 sucessfully passed !
	Initialyzed swapped data for i = 179, j = 301 sucessfully passed !
	Initialyzed swapped data for i = 179, j = 302 sucessfully passed !
	Initialyzed swapped data for i = 179, j = 303 sucessfully passed !
	Initialyzed swapped data for i = 179, j = 304 sucessfully passed !
	Initialyzed swapped data for i = 179, j = 305 sucessfully passed !
	Initialyzed swapped data for i = 179, j = 306 sucessfully passed !
	Initialyzed swapped data for i = 179, j = 307 sucessfully passed !
	Initialyzed swapped data for i = 179, j = 308 sucessfully passed !
	Initialyzed swapped data for i = 179, j = 309 sucessfully passed !
	Initialyzed swapped data for i = 179, j = 310 sucessfully passed !
	Initialyzed swapped data for i = 179, j = 311 sucessfully passed !
	Initialyzed swapped data for i = 179, j = 312 sucessfully passed !
	Initialyzed swapped data for i = 179, j = 313 sucessfully passed !
	Initialyzed swapped data for i = 179, j = 314 sucessfully passed !
	Initialyzed swapped data for i = 179, j = 315 sucessfully passed !
	Initialyzed swapped data for i = 179, j = 316 sucessfully passed !
	Initialyzed swapped data for i = 179, j = 317 sucessfully passed !
	Initialyzed swapped data for i = 179, j = 318 sucessfully passed !
	Initialyzed swapped data for i = 179, j = 319 sucessfully passed !
	Initialyzed swapped data for i = 179, j = 320 sucessfully passed !
	Initialyzed swapped data for i = 179, j = 321 sucessfully passed !
	Initialyzed swapped data for i = 179, j = 322 sucessfully passed !
	Initialyzed swapped data for i = 179, j = 323 sucessfully passed !
	Initialyzed swapped data for i = 179, j = 324 sucessfully passed !
	Initialyzed swapped data for i = 179, j = 325 sucessfully passed !
	Initialyzed swapped data for i = 179, j = 326 sucessfully passed !
	Initialyzed swapped data for i = 179, j = 327 sucessfully passed !
	Initialyzed swapped data for i = 179, j = 328 sucessfully passed !
	Initialyzed swapped data for i = 179, j = 329 sucessfully passed !
	Initialyzed swapped data for i = 179, j = 330 sucessfully passed !
	Initialyzed swapped data for i = 179, j = 331 sucessfully passed !
	Initialyzed swapped data for i = 179, j = 332 sucessfully passed !
	Initialyzed swapped data for i = 179, j = 333 sucessfully passed !
	Initialyzed swapped data for i = 179, j = 334 sucessfully passed !
	Initialyzed swapped data for i = 179, j = 335 sucessfully passed !
	Initialyzed swapped data for i = 179, j = 336 sucessfully passed !
	Initialyzed swapped data for i = 179, j = 337 sucessfully passed !
	Initialyzed swapped data for i = 179, j = 338 sucessfully passed !
	Initialyzed swapped data for i = 179, j = 339 sucessfully passed !
	Initialyzed swapped data for i = 179, j = 340 sucessfully passed !
	Initialyzed swapped data for i = 179, j = 341 sucessfully passed !
	Initialyzed swapped data for i = 179, j = 342 sucessfully passed !
	Initialyzed swapped data for i = 179, j = 343 sucessfully passed !
	Initialyzed swapped data for i = 179, j = 344 sucessfully passed !
	Initialyzed swapped data for i = 179, j = 345 sucessfully passed !
	Initialyzed swapped data for i = 179, j = 346 sucessfully passed !
	Initialyzed swapped data for i = 179, j = 347 sucessfully passed !
	Initialyzed swapped data for i = 179, j = 348 sucessfully passed !
	Initialyzed swapped data for i = 179, j = 349 sucessfully passed !
	Initialyzed swapped data for i = 179, j = 350 sucessfully passed !
	Initialyzed swapped data for i = 179, j = 351 sucessfully passed !
	Initialyzed swapped data for i = 179, j = 352 sucessfully passed !
	Initialyzed swapped data for i = 179, j = 353 sucessfully passed !
	Initialyzed swapped data for i = 179, j = 354 sucessfully passed !
	Initialyzed swapped data for i = 179, j = 355 sucessfully passed !
	Initialyzed swapped data for i = 179, j = 356 sucessfully passed !
	Initialyzed swapped data for i = 179, j = 357 sucessfully passed !
	Initialyzed swapped data for i = 179, j = 358 sucessfully passed !
	Initialyzed swapped data for i = 179, j = 359 sucessfully passed !
	Initialyzed swapped data for i = 179, j = 360 sucessfully passed !
	Initialyzed swapped data for i = 179, j = 361 sucessfully passed !
	Initialyzed swapped data for i = 179, j = 362 sucessfully passed !
	Initialyzed swapped data for i = 179, j = 363 sucessfully passed !
	Initialyzed swapped data for i = 179, j = 364 sucessfully passed !
	Initialyzed swapped data for i = 179, j = 365 sucessfully passed !
	Initialyzed swapped data for i = 179, j = 366 sucessfully passed !
	Initialyzed swapped data for i = 179, j = 367 sucessfully passed !
	Initialyzed swapped data for i = 179, j = 368 sucessfully passed !
	Initialyzed swapped data for i = 179, j = 369 sucessfully passed !
	Initialyzed swapped data for i = 179, j = 370 sucessfully passed !
	Initialyzed swapped data for i = 179, j = 371 sucessfully passed !
	Initialyzed swapped data for i = 179, j = 372 sucessfully passed !
	Initialyzed swapped data for i = 179, j = 373 sucessfully passed !
	Initialyzed swapped data for i = 179, j = 374 sucessfully passed !
	Initialyzed swapped data for i = 179, j = 375 sucessfully passed !
	Initialyzed swapped data for i = 179, j = 376 sucessfully passed !
	Initialyzed swapped data for i = 179, j = 377 sucessfully passed !
	Initialyzed swapped data for i = 179, j = 378 sucessfully passed !
	Initialyzed swapped data for i = 179, j = 379 sucessfully passed !
	Initialyzed swapped data for i = 179, j = 380 sucessfully passed !
	Initialyzed swapped data for i = 179, j = 381 sucessfully passed !
	Initialyzed swapped data for i = 179, j = 382 sucessfully passed !
	Initialyzed swapped data for i = 179, j = 383 sucessfully passed !
	Initialyzed swapped data for i = 179, j = 384 sucessfully passed !
	Initialyzed swapped data for i = 179, j = 385 sucessfully passed !
	Initialyzed swapped data for i = 179, j = 386 sucessfully passed !
	Initialyzed swapped data for i = 179, j = 387 sucessfully passed !
	Initialyzed swapped data for i = 179, j = 388 sucessfully passed !
	Initialyzed swapped data for i = 179, j = 389 sucessfully passed !
	Initialyzed swapped data for i = 179, j = 390 sucessfully passed !
	Initialyzed swapped data for i = 179, j = 391 sucessfully passed !
	Initialyzed swapped data for i = 179, j = 392 sucessfully passed !
	Initialyzed swapped data for i = 179, j = 393 sucessfully passed !
	Initialyzed swapped data for i = 179, j = 394 sucessfully passed !
	Initialyzed swapped data for i = 179, j = 395 sucessfully passed !
	Initialyzed swapped data for i = 179, j = 396 sucessfully passed !
	Initialyzed swapped data for i = 179, j = 397 sucessfully passed !
	Initialyzed swapped data for i = 179, j = 398 sucessfully passed !
	Initialyzed swapped data for i = 179, j = 399 sucessfully passed !
	Initialyzed swapped data for i = 179, j = 400 sucessfully passed !
	Initialyzed swapped data for i = 179, j = 401 sucessfully passed !
	Initialyzed swapped data for i = 179, j = 402 sucessfully passed !
	Initialyzed swapped data for i = 179, j = 403 sucessfully passed !
	Initialyzed swapped data for i = 179, j = 404 sucessfully passed !
	Initialyzed swapped data for i = 179, j = 405 sucessfully passed !
	Initialyzed swapped data for i = 179, j = 406 sucessfully passed !
	Initialyzed swapped data for i = 179, j = 407 sucessfully passed !
	Initialyzed swapped data for i = 179, j = 408 sucessfully passed !
	Initialyzed swapped data for i = 179, j = 409 sucessfully passed !
	Initialyzed swapped data for i = 179, j = 410 sucessfully passed !
	Initialyzed swapped data for i = 179, j = 411 sucessfully passed !
	Initialyzed swapped data for i = 179, j = 412 sucessfully passed !
	Initialyzed swapped data for i = 179, j = 413 sucessfully passed !
	Initialyzed swapped data for i = 179, j = 414 sucessfully passed !
	Initialyzed swapped data for i = 179, j = 415 sucessfully passed !
	Initialyzed swapped data for i = 179, j = 416 sucessfully passed !
	Initialyzed swapped data for i = 179, j = 417 sucessfully passed !
	Initialyzed swapped data for i = 179, j = 418 sucessfully passed !
	Initialyzed swapped data for i = 179, j = 419 sucessfully passed !
	Initialyzed swapped data for i = 179, j = 420 sucessfully passed !
	Initialyzed swapped data for i = 179, j = 421 sucessfully passed !
	Initialyzed swapped data for i = 179, j = 422 sucessfully passed !
	Initialyzed swapped data for i = 179, j = 423 sucessfully passed !
	Initialyzed swapped data for i = 179, j = 424 sucessfully passed !
	Initialyzed swapped data for i = 179, j = 425 sucessfully passed !
	Initialyzed swapped data for i = 179, j = 426 sucessfully passed !
	Initialyzed swapped data for i = 179, j = 427 sucessfully passed !
	Initialyzed swapped data for i = 179, j = 428 sucessfully passed !
	Initialyzed swapped data for i = 179, j = 429 sucessfully passed !
	Initialyzed swapped data for i = 179, j = 430 sucessfully passed !
	Initialyzed swapped data for i = 179, j = 431 sucessfully passed !
	Initialyzed swapped data for i = 179, j = 432 sucessfully passed !
	Initialyzed swapped data for i = 179, j = 433 sucessfully passed !
	Initialyzed swapped data for i = 180, j = 181 sucessfully passed !
	Initialyzed swapped data for i = 180, j = 182 sucessfully passed !
	Initialyzed swapped data for i = 180, j = 183 sucessfully passed !
	Initialyzed swapped data for i = 180, j = 184 sucessfully passed !
	Initialyzed swapped data for i = 180, j = 185 sucessfully passed !
	Initialyzed swapped data for i = 180, j = 186 sucessfully passed !
	Initialyzed swapped data for i = 180, j = 187 sucessfully passed !
	Initialyzed swapped data for i = 180, j = 188 sucessfully passed !
	Initialyzed swapped data for i = 180, j = 189 sucessfully passed !
	Initialyzed swapped data for i = 180, j = 190 sucessfully passed !
	Initialyzed swapped data for i = 180, j = 191 sucessfully passed !
	Initialyzed swapped data for i = 180, j = 192 sucessfully passed !
	Initialyzed swapped data for i = 180, j = 193 sucessfully passed !
	Initialyzed swapped data for i = 180, j = 194 sucessfully passed !
	Initialyzed swapped data for i = 180, j = 195 sucessfully passed !
	Initialyzed swapped data for i = 180, j = 196 sucessfully passed !
	Initialyzed swapped data for i = 180, j = 197 sucessfully passed !
	Initialyzed swapped data for i = 180, j = 198 sucessfully passed !
	Initialyzed swapped data for i = 180, j = 199 sucessfully passed !
	Initialyzed swapped data for i = 180, j = 200 sucessfully passed !
	Initialyzed swapped data for i = 180, j = 201 sucessfully passed !
	Initialyzed swapped data for i = 180, j = 202 sucessfully passed !
	Initialyzed swapped data for i = 180, j = 203 sucessfully passed !
	Initialyzed swapped data for i = 180, j = 204 sucessfully passed !
	Initialyzed swapped data for i = 180, j = 205 sucessfully passed !
	Initialyzed swapped data for i = 180, j = 206 sucessfully passed !
	Initialyzed swapped data for i = 180, j = 207 sucessfully passed !
	Initialyzed swapped data for i = 180, j = 208 sucessfully passed !
	Initialyzed swapped data for i = 180, j = 209 sucessfully passed !
	Initialyzed swapped data for i = 180, j = 210 sucessfully passed !
	Initialyzed swapped data for i = 180, j = 211 sucessfully passed !
	Initialyzed swapped data for i = 180, j = 212 sucessfully passed !
	Initialyzed swapped data for i = 180, j = 213 sucessfully passed !
	Initialyzed swapped data for i = 180, j = 214 sucessfully passed !
	Initialyzed swapped data for i = 180, j = 215 sucessfully passed !
	Initialyzed swapped data for i = 180, j = 216 sucessfully passed !
	Initialyzed swapped data for i = 180, j = 217 sucessfully passed !
	Initialyzed swapped data for i = 180, j = 218 sucessfully passed !
	Initialyzed swapped data for i = 180, j = 219 sucessfully passed !
	Initialyzed swapped data for i = 180, j = 220 sucessfully passed !
	Initialyzed swapped data for i = 180, j = 221 sucessfully passed !
	Initialyzed swapped data for i = 180, j = 222 sucessfully passed !
	Initialyzed swapped data for i = 180, j = 223 sucessfully passed !
	Initialyzed swapped data for i = 180, j = 224 sucessfully passed !
	Initialyzed swapped data for i = 180, j = 225 sucessfully passed !
	Initialyzed swapped data for i = 180, j = 226 sucessfully passed !
	Initialyzed swapped data for i = 180, j = 227 sucessfully passed !
	Initialyzed swapped data for i = 180, j = 228 sucessfully passed !
	Initialyzed swapped data for i = 180, j = 229 sucessfully passed !
	Initialyzed swapped data for i = 180, j = 230 sucessfully passed !
	Initialyzed swapped data for i = 180, j = 231 sucessfully passed !
	Initialyzed swapped data for i = 180, j = 232 sucessfully passed !
	Initialyzed swapped data for i = 180, j = 233 sucessfully passed !
	Initialyzed swapped data for i = 180, j = 234 sucessfully passed !
	Initialyzed swapped data for i = 180, j = 235 sucessfully passed !
	Initialyzed swapped data for i = 180, j = 236 sucessfully passed !
	Initialyzed swapped data for i = 180, j = 237 sucessfully passed !
	Initialyzed swapped data for i = 180, j = 238 sucessfully passed !
	Initialyzed swapped data for i = 180, j = 239 sucessfully passed !
	Initialyzed swapped data for i = 180, j = 240 sucessfully passed !
	Initialyzed swapped data for i = 180, j = 241 sucessfully passed !
	Initialyzed swapped data for i = 180, j = 242 sucessfully passed !
	Initialyzed swapped data for i = 180, j = 243 sucessfully passed !
	Initialyzed swapped data for i = 180, j = 244 sucessfully passed !
	Initialyzed swapped data for i = 180, j = 245 sucessfully passed !
	Initialyzed swapped data for i = 180, j = 246 sucessfully passed !
	Initialyzed swapped data for i = 180, j = 247 sucessfully passed !
	Initialyzed swapped data for i = 180, j = 248 sucessfully passed !
	Initialyzed swapped data for i = 180, j = 249 sucessfully passed !
	Initialyzed swapped data for i = 180, j = 250 sucessfully passed !
	Initialyzed swapped data for i = 180, j = 251 sucessfully passed !
	Initialyzed swapped data for i = 180, j = 252 sucessfully passed !
	Initialyzed swapped data for i = 180, j = 253 sucessfully passed !
	Initialyzed swapped data for i = 180, j = 254 sucessfully passed !
	Initialyzed swapped data for i = 180, j = 255 sucessfully passed !
	Initialyzed swapped data for i = 180, j = 256 sucessfully passed !
	Initialyzed swapped data for i = 180, j = 257 sucessfully passed !
	Initialyzed swapped data for i = 180, j = 258 sucessfully passed !
	Initialyzed swapped data for i = 180, j = 259 sucessfully passed !
	Initialyzed swapped data for i = 180, j = 260 sucessfully passed !
	Initialyzed swapped data for i = 180, j = 261 sucessfully passed !
	Initialyzed swapped data for i = 180, j = 262 sucessfully passed !
	Initialyzed swapped data for i = 180, j = 263 sucessfully passed !
	Initialyzed swapped data for i = 180, j = 264 sucessfully passed !
	Initialyzed swapped data for i = 180, j = 265 sucessfully passed !
	Initialyzed swapped data for i = 180, j = 266 sucessfully passed !
	Initialyzed swapped data for i = 180, j = 267 sucessfully passed !
	Initialyzed swapped data for i = 180, j = 268 sucessfully passed !
	Initialyzed swapped data for i = 180, j = 269 sucessfully passed !
	Initialyzed swapped data for i = 180, j = 270 sucessfully passed !
	Initialyzed swapped data for i = 180, j = 271 sucessfully passed !
	Initialyzed swapped data for i = 180, j = 272 sucessfully passed !
	Initialyzed swapped data for i = 180, j = 273 sucessfully passed !
	Initialyzed swapped data for i = 180, j = 274 sucessfully passed !
	Initialyzed swapped data for i = 180, j = 275 sucessfully passed !
	Initialyzed swapped data for i = 180, j = 276 sucessfully passed !
	Initialyzed swapped data for i = 180, j = 277 sucessfully passed !
	Initialyzed swapped data for i = 180, j = 278 sucessfully passed !
	Initialyzed swapped data for i = 180, j = 279 sucessfully passed !
	Initialyzed swapped data for i = 180, j = 280 sucessfully passed !
	Initialyzed swapped data for i = 180, j = 281 sucessfully passed !
	Initialyzed swapped data for i = 180, j = 282 sucessfully passed !
	Initialyzed swapped data for i = 180, j = 283 sucessfully passed !
	Initialyzed swapped data for i = 180, j = 284 sucessfully passed !
	Initialyzed swapped data for i = 180, j = 285 sucessfully passed !
	Initialyzed swapped data for i = 180, j = 286 sucessfully passed !
	Initialyzed swapped data for i = 180, j = 287 sucessfully passed !
	Initialyzed swapped data for i = 180, j = 288 sucessfully passed !
	Initialyzed swapped data for i = 180, j = 289 sucessfully passed !
	Initialyzed swapped data for i = 180, j = 290 sucessfully passed !
	Initialyzed swapped data for i = 180, j = 291 sucessfully passed !
	Initialyzed swapped data for i = 180, j = 292 sucessfully passed !
	Initialyzed swapped data for i = 180, j = 293 sucessfully passed !
	Initialyzed swapped data for i = 180, j = 294 sucessfully passed !
	Initialyzed swapped data for i = 180, j = 295 sucessfully passed !
	Initialyzed swapped data for i = 180, j = 296 sucessfully passed !
	Initialyzed swapped data for i = 180, j = 297 sucessfully passed !
	Initialyzed swapped data for i = 180, j = 298 sucessfully passed !
	Initialyzed swapped data for i = 180, j = 299 sucessfully passed !
	Initialyzed swapped data for i = 180, j = 300 sucessfully passed !
	Initialyzed swapped data for i = 180, j = 301 sucessfully passed !
	Initialyzed swapped data for i = 180, j = 302 sucessfully passed !
	Initialyzed swapped data for i = 180, j = 303 sucessfully passed !
	Initialyzed swapped data for i = 180, j = 304 sucessfully passed !
	Initialyzed swapped data for i = 180, j = 305 sucessfully passed !
	Initialyzed swapped data for i = 180, j = 306 sucessfully passed !
	Initialyzed swapped data for i = 180, j = 307 sucessfully passed !
	Initialyzed swapped data for i = 180, j = 308 sucessfully passed !
	Initialyzed swapped data for i = 180, j = 309 sucessfully passed !
	Initialyzed swapped data for i = 180, j = 310 sucessfully passed !
	Initialyzed swapped data for i = 180, j = 311 sucessfully passed !
	Initialyzed swapped data for i = 180, j = 312 sucessfully passed !
	Initialyzed swapped data for i = 180, j = 313 sucessfully passed !
	Initialyzed swapped data for i = 180, j = 314 sucessfully passed !
	Initialyzed swapped data for i = 180, j = 315 sucessfully passed !
	Initialyzed swapped data for i = 180, j = 316 sucessfully passed !
	Initialyzed swapped data for i = 180, j = 317 sucessfully passed !
	Initialyzed swapped data for i = 180, j = 318 sucessfully passed !
	Initialyzed swapped data for i = 180, j = 319 sucessfully passed !
	Initialyzed swapped data for i = 180, j = 320 sucessfully passed !
	Initialyzed swapped data for i = 180, j = 321 sucessfully passed !
	Initialyzed swapped data for i = 180, j = 322 sucessfully passed !
	Initialyzed swapped data for i = 180, j = 323 sucessfully passed !
	Initialyzed swapped data for i = 180, j = 324 sucessfully passed !
	Initialyzed swapped data for i = 180, j = 325 sucessfully passed !
	Initialyzed swapped data for i = 180, j = 326 sucessfully passed !
	Initialyzed swapped data for i = 180, j = 327 sucessfully passed !
	Initialyzed swapped data for i = 180, j = 328 sucessfully passed !
	Initialyzed swapped data for i = 180, j = 329 sucessfully passed !
	Initialyzed swapped data for i = 180, j = 330 sucessfully passed !
	Initialyzed swapped data for i = 180, j = 331 sucessfully passed !
	Initialyzed swapped data for i = 180, j = 332 sucessfully passed !
	Initialyzed swapped data for i = 180, j = 333 sucessfully passed !
	Initialyzed swapped data for i = 180, j = 334 sucessfully passed !
	Initialyzed swapped data for i = 180, j = 335 sucessfully passed !
	Initialyzed swapped data for i = 180, j = 336 sucessfully passed !
	Initialyzed swapped data for i = 180, j = 337 sucessfully passed !
	Initialyzed swapped data for i = 180, j = 338 sucessfully passed !
	Initialyzed swapped data for i = 180, j = 339 sucessfully passed !
	Initialyzed swapped data for i = 180, j = 340 sucessfully passed !
	Initialyzed swapped data for i = 180, j = 341 sucessfully passed !
	Initialyzed swapped data for i = 180, j = 342 sucessfully passed !
	Initialyzed swapped data for i = 180, j = 343 sucessfully passed !
	Initialyzed swapped data for i = 180, j = 344 sucessfully passed !
	Initialyzed swapped data for i = 180, j = 345 sucessfully passed !
	Initialyzed swapped data for i = 180, j = 346 sucessfully passed !
	Initialyzed swapped data for i = 180, j = 347 sucessfully passed !
	Initialyzed swapped data for i = 180, j = 348 sucessfully passed !
	Initialyzed swapped data for i = 180, j = 349 sucessfully passed !
	Initialyzed swapped data for i = 180, j = 350 sucessfully passed !
	Initialyzed swapped data for i = 180, j = 351 sucessfully passed !
	Initialyzed swapped data for i = 180, j = 352 sucessfully passed !
	Initialyzed swapped data for i = 180, j = 353 sucessfully passed !
	Initialyzed swapped data for i = 180, j = 354 sucessfully passed !
	Initialyzed swapped data for i = 180, j = 355 sucessfully passed !
	Initialyzed swapped data for i = 180, j = 356 sucessfully passed !
	Initialyzed swapped data for i = 180, j = 357 sucessfully passed !
	Initialyzed swapped data for i = 180, j = 358 sucessfully passed !
	Initialyzed swapped data for i = 180, j = 359 sucessfully passed !
	Initialyzed swapped data for i = 180, j = 360 sucessfully passed !
	Initialyzed swapped data for i = 180, j = 361 sucessfully passed !
	Initialyzed swapped data for i = 180, j = 362 sucessfully passed !
	Initialyzed swapped data for i = 180, j = 363 sucessfully passed !
	Initialyzed swapped data for i = 180, j = 364 sucessfully passed !
	Initialyzed swapped data for i = 180, j = 365 sucessfully passed !
	Initialyzed swapped data for i = 180, j = 366 sucessfully passed !
	Initialyzed swapped data for i = 180, j = 367 sucessfully passed !
	Initialyzed swapped data for i = 180, j = 368 sucessfully passed !
	Initialyzed swapped data for i = 180, j = 369 sucessfully passed !
	Initialyzed swapped data for i = 180, j = 370 sucessfully passed !
	Initialyzed swapped data for i = 180, j = 371 sucessfully passed !
	Initialyzed swapped data for i = 180, j = 372 sucessfully passed !
	Initialyzed swapped data for i = 180, j = 373 sucessfully passed !
	Initialyzed swapped data for i = 180, j = 374 sucessfully passed !
	Initialyzed swapped data for i = 180, j = 375 sucessfully passed !
	Initialyzed swapped data for i = 180, j = 376 sucessfully passed !
	Initialyzed swapped data for i = 180, j = 377 sucessfully passed !
	Initialyzed swapped data for i = 180, j = 378 sucessfully passed !
	Initialyzed swapped data for i = 180, j = 379 sucessfully passed !
	Initialyzed swapped data for i = 180, j = 380 sucessfully passed !
	Initialyzed swapped data for i = 180, j = 381 sucessfully passed !
	Initialyzed swapped data for i = 180, j = 382 sucessfully passed !
	Initialyzed swapped data for i = 180, j = 383 sucessfully passed !
	Initialyzed swapped data for i = 180, j = 384 sucessfully passed !
	Initialyzed swapped data for i = 180, j = 385 sucessfully passed !
	Initialyzed swapped data for i = 180, j = 386 sucessfully passed !
	Initialyzed swapped data for i = 180, j = 387 sucessfully passed !
	Initialyzed swapped data for i = 180, j = 388 sucessfully passed !
	Initialyzed swapped data for i = 180, j = 389 sucessfully passed !
	Initialyzed swapped data for i = 180, j = 390 sucessfully passed !
	Initialyzed swapped data for i = 180, j = 391 sucessfully passed !
	Initialyzed swapped data for i = 180, j = 392 sucessfully passed !
	Initialyzed swapped data for i = 180, j = 393 sucessfully passed !
	Initialyzed swapped data for i = 180, j = 394 sucessfully passed !
	Initialyzed swapped data for i = 180, j = 395 sucessfully passed !
	Initialyzed swapped data for i = 180, j = 396 sucessfully passed !
	Initialyzed swapped data for i = 180, j = 397 sucessfully passed !
	Initialyzed swapped data for i = 180, j = 398 sucessfully passed !
	Initialyzed swapped data for i = 180, j = 399 sucessfully passed !
	Initialyzed swapped data for i = 180, j = 400 sucessfully passed !
	Initialyzed swapped data for i = 180, j = 401 sucessfully passed !
	Initialyzed swapped data for i = 180, j = 402 sucessfully passed !
	Initialyzed swapped data for i = 180, j = 403 sucessfully passed !
	Initialyzed swapped data for i = 180, j = 404 sucessfully passed !
	Initialyzed swapped data for i = 180, j = 405 sucessfully passed !
	Initialyzed swapped data for i = 180, j = 406 sucessfully passed !
	Initialyzed swapped data for i = 180, j = 407 sucessfully passed !
	Initialyzed swapped data for i = 180, j = 408 sucessfully passed !
	Initialyzed swapped data for i = 180, j = 409 sucessfully passed !
	Initialyzed swapped data for i = 180, j = 410 sucessfully passed !
	Initialyzed swapped data for i = 180, j = 411 sucessfully passed !
	Initialyzed swapped data for i = 180, j = 412 sucessfully passed !
	Initialyzed swapped data for i = 180, j = 413 sucessfully passed !
	Initialyzed swapped data for i = 180, j = 414 sucessfully passed !
	Initialyzed swapped data for i = 180, j = 415 sucessfully passed !
	Initialyzed swapped data for i = 180, j = 416 sucessfully passed !
	Initialyzed swapped data for i = 180, j = 417 sucessfully passed !
	Initialyzed swapped data for i = 180, j = 418 sucessfully passed !
	Initialyzed swapped data for i = 180, j = 419 sucessfully passed !
	Initialyzed swapped data for i = 180, j = 420 sucessfully passed !
	Initialyzed swapped data for i = 180, j = 421 sucessfully passed !
	Initialyzed swapped data for i = 180, j = 422 sucessfully passed !
	Initialyzed swapped data for i = 180, j = 423 sucessfully passed !
	Initialyzed swapped data for i = 180, j = 424 sucessfully passed !
	Initialyzed swapped data for i = 180, j = 425 sucessfully passed !
	Initialyzed swapped data for i = 180, j = 426 sucessfully passed !
	Initialyzed swapped data for i = 180, j = 427 sucessfully passed !
	Initialyzed swapped data for i = 180, j = 428 sucessfully passed !
	Initialyzed swapped data for i = 180, j = 429 sucessfully passed !
	Initialyzed swapped data for i = 180, j = 430 sucessfully passed !
	Initialyzed swapped data for i = 180, j = 431 sucessfully passed !
	Initialyzed swapped data for i = 180, j = 432 sucessfully passed !
	Initialyzed swapped data for i = 180, j = 433 sucessfully passed !
	Initialyzed swapped data for i = 181, j = 182 sucessfully passed !
	Initialyzed swapped data for i = 181, j = 183 sucessfully passed !
	Initialyzed swapped data for i = 181, j = 184 sucessfully passed !
	Initialyzed swapped data for i = 181, j = 185 sucessfully passed !
	Initialyzed swapped data for i = 181, j = 186 sucessfully passed !
	Initialyzed swapped data for i = 181, j = 187 sucessfully passed !
	Initialyzed swapped data for i = 181, j = 188 sucessfully passed !
	Initialyzed swapped data for i = 181, j = 189 sucessfully passed !
	Initialyzed swapped data for i = 181, j = 190 sucessfully passed !
	Initialyzed swapped data for i = 181, j = 191 sucessfully passed !
	Initialyzed swapped data for i = 181, j = 192 sucessfully passed !
	Initialyzed swapped data for i = 181, j = 193 sucessfully passed !
	Initialyzed swapped data for i = 181, j = 194 sucessfully passed !
	Initialyzed swapped data for i = 181, j = 195 sucessfully passed !
	Initialyzed swapped data for i = 181, j = 196 sucessfully passed !
	Initialyzed swapped data for i = 181, j = 197 sucessfully passed !
	Initialyzed swapped data for i = 181, j = 198 sucessfully passed !
	Initialyzed swapped data for i = 181, j = 199 sucessfully passed !
	Initialyzed swapped data for i = 181, j = 200 sucessfully passed !
	Initialyzed swapped data for i = 181, j = 201 sucessfully passed !
	Initialyzed swapped data for i = 181, j = 202 sucessfully passed !
	Initialyzed swapped data for i = 181, j = 203 sucessfully passed !
	Initialyzed swapped data for i = 181, j = 204 sucessfully passed !
	Initialyzed swapped data for i = 181, j = 205 sucessfully passed !
	Initialyzed swapped data for i = 181, j = 206 sucessfully passed !
	Initialyzed swapped data for i = 181, j = 207 sucessfully passed !
	Initialyzed swapped data for i = 181, j = 208 sucessfully passed !
	Initialyzed swapped data for i = 181, j = 209 sucessfully passed !
	Initialyzed swapped data for i = 181, j = 210 sucessfully passed !
	Initialyzed swapped data for i = 181, j = 211 sucessfully passed !
	Initialyzed swapped data for i = 181, j = 212 sucessfully passed !
	Initialyzed swapped data for i = 181, j = 213 sucessfully passed !
	Initialyzed swapped data for i = 181, j = 214 sucessfully passed !
	Initialyzed swapped data for i = 181, j = 215 sucessfully passed !
	Initialyzed swapped data for i = 181, j = 216 sucessfully passed !
	Initialyzed swapped data for i = 181, j = 217 sucessfully passed !
	Initialyzed swapped data for i = 181, j = 218 sucessfully passed !
	Initialyzed swapped data for i = 181, j = 219 sucessfully passed !
	Initialyzed swapped data for i = 181, j = 220 sucessfully passed !
	Initialyzed swapped data for i = 181, j = 221 sucessfully passed !
	Initialyzed swapped data for i = 181, j = 222 sucessfully passed !
	Initialyzed swapped data for i = 181, j = 223 sucessfully passed !
	Initialyzed swapped data for i = 181, j = 224 sucessfully passed !
	Initialyzed swapped data for i = 181, j = 225 sucessfully passed !
	Initialyzed swapped data for i = 181, j = 226 sucessfully passed !
	Initialyzed swapped data for i = 181, j = 227 sucessfully passed !
	Initialyzed swapped data for i = 181, j = 228 sucessfully passed !
	Initialyzed swapped data for i = 181, j = 229 sucessfully passed !
	Initialyzed swapped data for i = 181, j = 230 sucessfully passed !
	Initialyzed swapped data for i = 181, j = 231 sucessfully passed !
	Initialyzed swapped data for i = 181, j = 232 sucessfully passed !
	Initialyzed swapped data for i = 181, j = 233 sucessfully passed !
	Initialyzed swapped data for i = 181, j = 234 sucessfully passed !
	Initialyzed swapped data for i = 181, j = 235 sucessfully passed !
	Initialyzed swapped data for i = 181, j = 236 sucessfully passed !
	Initialyzed swapped data for i = 181, j = 237 sucessfully passed !
	Initialyzed swapped data for i = 181, j = 238 sucessfully passed !
	Initialyzed swapped data for i = 181, j = 239 sucessfully passed !
	Initialyzed swapped data for i = 181, j = 240 sucessfully passed !
	Initialyzed swapped data for i = 181, j = 241 sucessfully passed !
	Initialyzed swapped data for i = 181, j = 242 sucessfully passed !
	Initialyzed swapped data for i = 181, j = 243 sucessfully passed !
	Initialyzed swapped data for i = 181, j = 244 sucessfully passed !
	Initialyzed swapped data for i = 181, j = 245 sucessfully passed !
	Initialyzed swapped data for i = 181, j = 246 sucessfully passed !
	Initialyzed swapped data for i = 181, j = 247 sucessfully passed !
	Initialyzed swapped data for i = 181, j = 248 sucessfully passed !
	Initialyzed swapped data for i = 181, j = 249 sucessfully passed !
	Initialyzed swapped data for i = 181, j = 250 sucessfully passed !
	Initialyzed swapped data for i = 181, j = 251 sucessfully passed !
	Initialyzed swapped data for i = 181, j = 252 sucessfully passed !
	Initialyzed swapped data for i = 181, j = 253 sucessfully passed !
	Initialyzed swapped data for i = 181, j = 254 sucessfully passed !
	Initialyzed swapped data for i = 181, j = 255 sucessfully passed !
	Initialyzed swapped data for i = 181, j = 256 sucessfully passed !
	Initialyzed swapped data for i = 181, j = 257 sucessfully passed !
	Initialyzed swapped data for i = 181, j = 258 sucessfully passed !
	Initialyzed swapped data for i = 181, j = 259 sucessfully passed !
	Initialyzed swapped data for i = 181, j = 260 sucessfully passed !
	Initialyzed swapped data for i = 181, j = 261 sucessfully passed !
	Initialyzed swapped data for i = 181, j = 262 sucessfully passed !
	Initialyzed swapped data for i = 181, j = 263 sucessfully passed !
	Initialyzed swapped data for i = 181, j = 264 sucessfully passed !
	Initialyzed swapped data for i = 181, j = 265 sucessfully passed !
	Initialyzed swapped data for i = 181, j = 266 sucessfully passed !
	Initialyzed swapped data for i = 181, j = 267 sucessfully passed !
	Initialyzed swapped data for i = 181, j = 268 sucessfully passed !
	Initialyzed swapped data for i = 181, j = 269 sucessfully passed !
	Initialyzed swapped data for i = 181, j = 270 sucessfully passed !
	Initialyzed swapped data for i = 181, j = 271 sucessfully passed !
	Initialyzed swapped data for i = 181, j = 272 sucessfully passed !
	Initialyzed swapped data for i = 181, j = 273 sucessfully passed !
	Initialyzed swapped data for i = 181, j = 274 sucessfully passed !
	Initialyzed swapped data for i = 181, j = 275 sucessfully passed !
	Initialyzed swapped data for i = 181, j = 276 sucessfully passed !
	Initialyzed swapped data for i = 181, j = 277 sucessfully passed !
	Initialyzed swapped data for i = 181, j = 278 sucessfully passed !
	Initialyzed swapped data for i = 181, j = 279 sucessfully passed !
	Initialyzed swapped data for i = 181, j = 280 sucessfully passed !
	Initialyzed swapped data for i = 181, j = 281 sucessfully passed !
	Initialyzed swapped data for i = 181, j = 282 sucessfully passed !
	Initialyzed swapped data for i = 181, j = 283 sucessfully passed !
	Initialyzed swapped data for i = 181, j = 284 sucessfully passed !
	Initialyzed swapped data for i = 181, j = 285 sucessfully passed !
	Initialyzed swapped data for i = 181, j = 286 sucessfully passed !
	Initialyzed swapped data for i = 181, j = 287 sucessfully passed !
	Initialyzed swapped data for i = 181, j = 288 sucessfully passed !
	Initialyzed swapped data for i = 181, j = 289 sucessfully passed !
	Initialyzed swapped data for i = 181, j = 290 sucessfully passed !
	Initialyzed swapped data for i = 181, j = 291 sucessfully passed !
	Initialyzed swapped data for i = 181, j = 292 sucessfully passed !
	Initialyzed swapped data for i = 181, j = 293 sucessfully passed !
	Initialyzed swapped data for i = 181, j = 294 sucessfully passed !
	Initialyzed swapped data for i = 181, j = 295 sucessfully passed !
	Initialyzed swapped data for i = 181, j = 296 sucessfully passed !
	Initialyzed swapped data for i = 181, j = 297 sucessfully passed !
	Initialyzed swapped data for i = 181, j = 298 sucessfully passed !
	Initialyzed swapped data for i = 181, j = 299 sucessfully passed !
	Initialyzed swapped data for i = 181, j = 300 sucessfully passed !
	Initialyzed swapped data for i = 181, j = 301 sucessfully passed !
	Initialyzed swapped data for i = 181, j = 302 sucessfully passed !
	Initialyzed swapped data for i = 181, j = 303 sucessfully passed !
	Initialyzed swapped data for i = 181, j = 304 sucessfully passed !
	Initialyzed swapped data for i = 181, j = 305 sucessfully passed !
	Initialyzed swapped data for i = 181, j = 306 sucessfully passed !
	Initialyzed swapped data for i = 181, j = 307 sucessfully passed !
	Initialyzed swapped data for i = 181, j = 308 sucessfully passed !
	Initialyzed swapped data for i = 181, j = 309 sucessfully passed !
	Initialyzed swapped data for i = 181, j = 310 sucessfully passed !
	Initialyzed swapped data for i = 181, j = 311 sucessfully passed !
	Initialyzed swapped data for i = 181, j = 312 sucessfully passed !
	Initialyzed swapped data for i = 181, j = 313 sucessfully passed !
	Initialyzed swapped data for i = 181, j = 314 sucessfully passed !
	Initialyzed swapped data for i = 181, j = 315 sucessfully passed !
	Initialyzed swapped data for i = 181, j = 316 sucessfully passed !
	Initialyzed swapped data for i = 181, j = 317 sucessfully passed !
	Initialyzed swapped data for i = 181, j = 318 sucessfully passed !
	Initialyzed swapped data for i = 181, j = 319 sucessfully passed !
	Initialyzed swapped data for i = 181, j = 320 sucessfully passed !
	Initialyzed swapped data for i = 181, j = 321 sucessfully passed !
	Initialyzed swapped data for i = 181, j = 322 sucessfully passed !
	Initialyzed swapped data for i = 181, j = 323 sucessfully passed !
	Initialyzed swapped data for i = 181, j = 324 sucessfully passed !
	Initialyzed swapped data for i = 181, j = 325 sucessfully passed !
	Initialyzed swapped data for i = 181, j = 326 sucessfully passed !
	Initialyzed swapped data for i = 181, j = 327 sucessfully passed !
	Initialyzed swapped data for i = 181, j = 328 sucessfully passed !
	Initialyzed swapped data for i = 181, j = 329 sucessfully passed !
	Initialyzed swapped data for i = 181, j = 330 sucessfully passed !
	Initialyzed swapped data for i = 181, j = 331 sucessfully passed !
	Initialyzed swapped data for i = 181, j = 332 sucessfully passed !
	Initialyzed swapped data for i = 181, j = 333 sucessfully passed !
	Initialyzed swapped data for i = 181, j = 334 sucessfully passed !
	Initialyzed swapped data for i = 181, j = 335 sucessfully passed !
	Initialyzed swapped data for i = 181, j = 336 sucessfully passed !
	Initialyzed swapped data for i = 181, j = 337 sucessfully passed !
	Initialyzed swapped data for i = 181, j = 338 sucessfully passed !
	Initialyzed swapped data for i = 181, j = 339 sucessfully passed !
	Initialyzed swapped data for i = 181, j = 340 sucessfully passed !
	Initialyzed swapped data for i = 181, j = 341 sucessfully passed !
	Initialyzed swapped data for i = 181, j = 342 sucessfully passed !
	Initialyzed swapped data for i = 181, j = 343 sucessfully passed !
	Initialyzed swapped data for i = 181, j = 344 sucessfully passed !
	Initialyzed swapped data for i = 181, j = 345 sucessfully passed !
	Initialyzed swapped data for i = 181, j = 346 sucessfully passed !
	Initialyzed swapped data for i = 181, j = 347 sucessfully passed !
	Initialyzed swapped data for i = 181, j = 348 sucessfully passed !
	Initialyzed swapped data for i = 181, j = 349 sucessfully passed !
	Initialyzed swapped data for i = 181, j = 350 sucessfully passed !
	Initialyzed swapped data for i = 181, j = 351 sucessfully passed !
	Initialyzed swapped data for i = 181, j = 352 sucessfully passed !
	Initialyzed swapped data for i = 181, j = 353 sucessfully passed !
	Initialyzed swapped data for i = 181, j = 354 sucessfully passed !
	Initialyzed swapped data for i = 181, j = 355 sucessfully passed !
	Initialyzed swapped data for i = 181, j = 356 sucessfully passed !
	Initialyzed swapped data for i = 181, j = 357 sucessfully passed !
	Initialyzed swapped data for i = 181, j = 358 sucessfully passed !
	Initialyzed swapped data for i = 181, j = 359 sucessfully passed !
	Initialyzed swapped data for i = 181, j = 360 sucessfully passed !
	Initialyzed swapped data for i = 181, j = 361 sucessfully passed !
	Initialyzed swapped data for i = 181, j = 362 sucessfully passed !
	Initialyzed swapped data for i = 181, j = 363 sucessfully passed !
	Initialyzed swapped data for i = 181, j = 364 sucessfully passed !
	Initialyzed swapped data for i = 181, j = 365 sucessfully passed !
	Initialyzed swapped data for i = 181, j = 366 sucessfully passed !
	Initialyzed swapped data for i = 181, j = 367 sucessfully passed !
	Initialyzed swapped data for i = 181, j = 368 sucessfully passed !
	Initialyzed swapped data for i = 181, j = 369 sucessfully passed !
	Initialyzed swapped data for i = 181, j = 370 sucessfully passed !
	Initialyzed swapped data for i = 181, j = 371 sucessfully passed !
	Initialyzed swapped data for i = 181, j = 372 sucessfully passed !
	Initialyzed swapped data for i = 181, j = 373 sucessfully passed !
	Initialyzed swapped data for i = 181, j = 374 sucessfully passed !
	Initialyzed swapped data for i = 181, j = 375 sucessfully passed !
	Initialyzed swapped data for i = 181, j = 376 sucessfully passed !
	Initialyzed swapped data for i = 181, j = 377 sucessfully passed !
	Initialyzed swapped data for i = 181, j = 378 sucessfully passed !
	Initialyzed swapped data for i = 181, j = 379 sucessfully passed !
	Initialyzed swapped data for i = 181, j = 380 sucessfully passed !
	Initialyzed swapped data for i = 181, j = 381 sucessfully passed !
	Initialyzed swapped data for i = 181, j = 382 sucessfully passed !
	Initialyzed swapped data for i = 181, j = 383 sucessfully passed !
	Initialyzed swapped data for i = 181, j = 384 sucessfully passed !
	Initialyzed swapped data for i = 181, j = 385 sucessfully passed !
	Initialyzed swapped data for i = 181, j = 386 sucessfully passed !
	Initialyzed swapped data for i = 181, j = 387 sucessfully passed !
	Initialyzed swapped data for i = 181, j = 388 sucessfully passed !
	Initialyzed swapped data for i = 181, j = 389 sucessfully passed !
	Initialyzed swapped data for i = 181, j = 390 sucessfully passed !
	Initialyzed swapped data for i = 181, j = 391 sucessfully passed !
	Initialyzed swapped data for i = 181, j = 392 sucessfully passed !
	Initialyzed swapped data for i = 181, j = 393 sucessfully passed !
	Initialyzed swapped data for i = 181, j = 394 sucessfully passed !
	Initialyzed swapped data for i = 181, j = 395 sucessfully passed !
	Initialyzed swapped data for i = 181, j = 396 sucessfully passed !
	Initialyzed swapped data for i = 181, j = 397 sucessfully passed !
	Initialyzed swapped data for i = 181, j = 398 sucessfully passed !
	Initialyzed swapped data for i = 181, j = 399 sucessfully passed !
	Initialyzed swapped data for i = 181, j = 400 sucessfully passed !
	Initialyzed swapped data for i = 181, j = 401 sucessfully passed !
	Initialyzed swapped data for i = 181, j = 402 sucessfully passed !
	Initialyzed swapped data for i = 181, j = 403 sucessfully passed !
	Initialyzed swapped data for i = 181, j = 404 sucessfully passed !
	Initialyzed swapped data for i = 181, j = 405 sucessfully passed !
	Initialyzed swapped data for i = 181, j = 406 sucessfully passed !
	Initialyzed swapped data for i = 181, j = 407 sucessfully passed !
	Initialyzed swapped data for i = 181, j = 408 sucessfully passed !
	Initialyzed swapped data for i = 181, j = 409 sucessfully passed !
	Initialyzed swapped data for i = 181, j = 410 sucessfully passed !
	Initialyzed swapped data for i = 181, j = 411 sucessfully passed !
	Initialyzed swapped data for i = 181, j = 412 sucessfully passed !
	Initialyzed swapped data for i = 181, j = 413 sucessfully passed !
	Initialyzed swapped data for i = 181, j = 414 sucessfully passed !
	Initialyzed swapped data for i = 181, j = 415 sucessfully passed !
	Initialyzed swapped data for i = 181, j = 416 sucessfully passed !
	Initialyzed swapped data for i = 181, j = 417 sucessfully passed !
	Initialyzed swapped data for i = 181, j = 418 sucessfully passed !
	Initialyzed swapped data for i = 181, j = 419 sucessfully passed !
	Initialyzed swapped data for i = 181, j = 420 sucessfully passed !
	Initialyzed swapped data for i = 181, j = 421 sucessfully passed !
	Initialyzed swapped data for i = 181, j = 422 sucessfully passed !
	Initialyzed swapped data for i = 181, j = 423 sucessfully passed !
	Initialyzed swapped data for i = 181, j = 424 sucessfully passed !
	Initialyzed swapped data for i = 181, j = 425 sucessfully passed !
	Initialyzed swapped data for i = 181, j = 426 sucessfully passed !
	Initialyzed swapped data for i = 181, j = 427 sucessfully passed !
	Initialyzed swapped data for i = 181, j = 428 sucessfully passed !
	Initialyzed swapped data for i = 181, j = 429 sucessfully passed !
	Initialyzed swapped data for i = 181, j = 430 sucessfully passed !
	Initialyzed swapped data for i = 181, j = 431 sucessfully passed !
	Initialyzed swapped data for i = 181, j = 432 sucessfully passed !
	Initialyzed swapped data for i = 181, j = 433 sucessfully passed !
	Initialyzed swapped data for i = 182, j = 183 sucessfully passed !
	Initialyzed swapped data for i = 182, j = 184 sucessfully passed !
	Initialyzed swapped data for i = 182, j = 185 sucessfully passed !
	Initialyzed swapped data for i = 182, j = 186 sucessfully passed !
	Initialyzed swapped data for i = 182, j = 187 sucessfully passed !
	Initialyzed swapped data for i = 182, j = 188 sucessfully passed !
	Initialyzed swapped data for i = 182, j = 189 sucessfully passed !
	Initialyzed swapped data for i = 182, j = 190 sucessfully passed !
	Initialyzed swapped data for i = 182, j = 191 sucessfully passed !
	Initialyzed swapped data for i = 182, j = 192 sucessfully passed !
	Initialyzed swapped data for i = 182, j = 193 sucessfully passed !
	Initialyzed swapped data for i = 182, j = 194 sucessfully passed !
	Initialyzed swapped data for i = 182, j = 195 sucessfully passed !
	Initialyzed swapped data for i = 182, j = 196 sucessfully passed !
	Initialyzed swapped data for i = 182, j = 197 sucessfully passed !
	Initialyzed swapped data for i = 182, j = 198 sucessfully passed !
	Initialyzed swapped data for i = 182, j = 199 sucessfully passed !
	Initialyzed swapped data for i = 182, j = 200 sucessfully passed !
	Initialyzed swapped data for i = 182, j = 201 sucessfully passed !
	Initialyzed swapped data for i = 182, j = 202 sucessfully passed !
	Initialyzed swapped data for i = 182, j = 203 sucessfully passed !
	Initialyzed swapped data for i = 182, j = 204 sucessfully passed !
	Initialyzed swapped data for i = 182, j = 205 sucessfully passed !
	Initialyzed swapped data for i = 182, j = 206 sucessfully passed !
	Initialyzed swapped data for i = 182, j = 207 sucessfully passed !
	Initialyzed swapped data for i = 182, j = 208 sucessfully passed !
	Initialyzed swapped data for i = 182, j = 209 sucessfully passed !
	Initialyzed swapped data for i = 182, j = 210 sucessfully passed !
	Initialyzed swapped data for i = 182, j = 211 sucessfully passed !
	Initialyzed swapped data for i = 182, j = 212 sucessfully passed !
	Initialyzed swapped data for i = 182, j = 213 sucessfully passed !
	Initialyzed swapped data for i = 182, j = 214 sucessfully passed !
	Initialyzed swapped data for i = 182, j = 215 sucessfully passed !
	Initialyzed swapped data for i = 182, j = 216 sucessfully passed !
	Initialyzed swapped data for i = 182, j = 217 sucessfully passed !
	Initialyzed swapped data for i = 182, j = 218 sucessfully passed !
	Initialyzed swapped data for i = 182, j = 219 sucessfully passed !
	Initialyzed swapped data for i = 182, j = 220 sucessfully passed !
	Initialyzed swapped data for i = 182, j = 221 sucessfully passed !
	Initialyzed swapped data for i = 182, j = 222 sucessfully passed !
	Initialyzed swapped data for i = 182, j = 223 sucessfully passed !
	Initialyzed swapped data for i = 182, j = 224 sucessfully passed !
	Initialyzed swapped data for i = 182, j = 225 sucessfully passed !
	Initialyzed swapped data for i = 182, j = 226 sucessfully passed !
	Initialyzed swapped data for i = 182, j = 227 sucessfully passed !
	Initialyzed swapped data for i = 182, j = 228 sucessfully passed !
	Initialyzed swapped data for i = 182, j = 229 sucessfully passed !
	Initialyzed swapped data for i = 182, j = 230 sucessfully passed !
	Initialyzed swapped data for i = 182, j = 231 sucessfully passed !
	Initialyzed swapped data for i = 182, j = 232 sucessfully passed !
	Initialyzed swapped data for i = 182, j = 233 sucessfully passed !
	Initialyzed swapped data for i = 182, j = 234 sucessfully passed !
	Initialyzed swapped data for i = 182, j = 235 sucessfully passed !
	Initialyzed swapped data for i = 182, j = 236 sucessfully passed !
	Initialyzed swapped data for i = 182, j = 237 sucessfully passed !
	Initialyzed swapped data for i = 182, j = 238 sucessfully passed !
	Initialyzed swapped data for i = 182, j = 239 sucessfully passed !
	Initialyzed swapped data for i = 182, j = 240 sucessfully passed !
	Initialyzed swapped data for i = 182, j = 241 sucessfully passed !
	Initialyzed swapped data for i = 182, j = 242 sucessfully passed !
	Initialyzed swapped data for i = 182, j = 243 sucessfully passed !
	Initialyzed swapped data for i = 182, j = 244 sucessfully passed !
	Initialyzed swapped data for i = 182, j = 245 sucessfully passed !
	Initialyzed swapped data for i = 182, j = 246 sucessfully passed !
	Initialyzed swapped data for i = 182, j = 247 sucessfully passed !
	Initialyzed swapped data for i = 182, j = 248 sucessfully passed !
	Initialyzed swapped data for i = 182, j = 249 sucessfully passed !
	Initialyzed swapped data for i = 182, j = 250 sucessfully passed !
	Initialyzed swapped data for i = 182, j = 251 sucessfully passed !
	Initialyzed swapped data for i = 182, j = 252 sucessfully passed !
	Initialyzed swapped data for i = 182, j = 253 sucessfully passed !
	Initialyzed swapped data for i = 182, j = 254 sucessfully passed !
	Initialyzed swapped data for i = 182, j = 255 sucessfully passed !
	Initialyzed swapped data for i = 182, j = 256 sucessfully passed !
	Initialyzed swapped data for i = 182, j = 257 sucessfully passed !
	Initialyzed swapped data for i = 182, j = 258 sucessfully passed !
	Initialyzed swapped data for i = 182, j = 259 sucessfully passed !
	Initialyzed swapped data for i = 182, j = 260 sucessfully passed !
	Initialyzed swapped data for i = 182, j = 261 sucessfully passed !
	Initialyzed swapped data for i = 182, j = 262 sucessfully passed !
	Initialyzed swapped data for i = 182, j = 263 sucessfully passed !
	Initialyzed swapped data for i = 182, j = 264 sucessfully passed !
	Initialyzed swapped data for i = 182, j = 265 sucessfully passed !
	Initialyzed swapped data for i = 182, j = 266 sucessfully passed !
	Initialyzed swapped data for i = 182, j = 267 sucessfully passed !
	Initialyzed swapped data for i = 182, j = 268 sucessfully passed !
	Initialyzed swapped data for i = 182, j = 269 sucessfully passed !
	Initialyzed swapped data for i = 182, j = 270 sucessfully passed !
	Initialyzed swapped data for i = 182, j = 271 sucessfully passed !
	Initialyzed swapped data for i = 182, j = 272 sucessfully passed !
	Initialyzed swapped data for i = 182, j = 273 sucessfully passed !
	Initialyzed swapped data for i = 182, j = 274 sucessfully passed !
	Initialyzed swapped data for i = 182, j = 275 sucessfully passed !
	Initialyzed swapped data for i = 182, j = 276 sucessfully passed !
	Initialyzed swapped data for i = 182, j = 277 sucessfully passed !
	Initialyzed swapped data for i = 182, j = 278 sucessfully passed !
	Initialyzed swapped data for i = 182, j = 279 sucessfully passed !
	Initialyzed swapped data for i = 182, j = 280 sucessfully passed !
	Initialyzed swapped data for i = 182, j = 281 sucessfully passed !
	Initialyzed swapped data for i = 182, j = 282 sucessfully passed !
	Initialyzed swapped data for i = 182, j = 283 sucessfully passed !
	Initialyzed swapped data for i = 182, j = 284 sucessfully passed !
	Initialyzed swapped data for i = 182, j = 285 sucessfully passed !
	Initialyzed swapped data for i = 182, j = 286 sucessfully passed !
	Initialyzed swapped data for i = 182, j = 287 sucessfully passed !
	Initialyzed swapped data for i = 182, j = 288 sucessfully passed !
	Initialyzed swapped data for i = 182, j = 289 sucessfully passed !
	Initialyzed swapped data for i = 182, j = 290 sucessfully passed !
	Initialyzed swapped data for i = 182, j = 291 sucessfully passed !
	Initialyzed swapped data for i = 182, j = 292 sucessfully passed !
	Initialyzed swapped data for i = 182, j = 293 sucessfully passed !
	Initialyzed swapped data for i = 182, j = 294 sucessfully passed !
	Initialyzed swapped data for i = 182, j = 295 sucessfully passed !
	Initialyzed swapped data for i = 182, j = 296 sucessfully passed !
	Initialyzed swapped data for i = 182, j = 297 sucessfully passed !
	Initialyzed swapped data for i = 182, j = 298 sucessfully passed !
	Initialyzed swapped data for i = 182, j = 299 sucessfully passed !
	Initialyzed swapped data for i = 182, j = 300 sucessfully passed !
	Initialyzed swapped data for i = 182, j = 301 sucessfully passed !
	Initialyzed swapped data for i = 182, j = 302 sucessfully passed !
	Initialyzed swapped data for i = 182, j = 303 sucessfully passed !
	Initialyzed swapped data for i = 182, j = 304 sucessfully passed !
	Initialyzed swapped data for i = 182, j = 305 sucessfully passed !
	Initialyzed swapped data for i = 182, j = 306 sucessfully passed !
	Initialyzed swapped data for i = 182, j = 307 sucessfully passed !
	Initialyzed swapped data for i = 182, j = 308 sucessfully passed !
	Initialyzed swapped data for i = 182, j = 309 sucessfully passed !
	Initialyzed swapped data for i = 182, j = 310 sucessfully passed !
	Initialyzed swapped data for i = 182, j = 311 sucessfully passed !
	Initialyzed swapped data for i = 182, j = 312 sucessfully passed !
	Initialyzed swapped data for i = 182, j = 313 sucessfully passed !
	Initialyzed swapped data for i = 182, j = 314 sucessfully passed !
	Initialyzed swapped data for i = 182, j = 315 sucessfully passed !
	Initialyzed swapped data for i = 182, j = 316 sucessfully passed !
	Initialyzed swapped data for i = 182, j = 317 sucessfully passed !
	Initialyzed swapped data for i = 182, j = 318 sucessfully passed !
	Initialyzed swapped data for i = 182, j = 319 sucessfully passed !
	Initialyzed swapped data for i = 182, j = 320 sucessfully passed !
	Initialyzed swapped data for i = 182, j = 321 sucessfully passed !
	Initialyzed swapped data for i = 182, j = 322 sucessfully passed !
	Initialyzed swapped data for i = 182, j = 323 sucessfully passed !
	Initialyzed swapped data for i = 182, j = 324 sucessfully passed !
	Initialyzed swapped data for i = 182, j = 325 sucessfully passed !
	Initialyzed swapped data for i = 182, j = 326 sucessfully passed !
	Initialyzed swapped data for i = 182, j = 327 sucessfully passed !
	Initialyzed swapped data for i = 182, j = 328 sucessfully passed !
	Initialyzed swapped data for i = 182, j = 329 sucessfully passed !
	Initialyzed swapped data for i = 182, j = 330 sucessfully passed !
	Initialyzed swapped data for i = 182, j = 331 sucessfully passed !
	Initialyzed swapped data for i = 182, j = 332 sucessfully passed !
	Initialyzed swapped data for i = 182, j = 333 sucessfully passed !
	Initialyzed swapped data for i = 182, j = 334 sucessfully passed !
	Initialyzed swapped data for i = 182, j = 335 sucessfully passed !
	Initialyzed swapped data for i = 182, j = 336 sucessfully passed !
	Initialyzed swapped data for i = 182, j = 337 sucessfully passed !
	Initialyzed swapped data for i = 182, j = 338 sucessfully passed !
	Initialyzed swapped data for i = 182, j = 339 sucessfully passed !
	Initialyzed swapped data for i = 182, j = 340 sucessfully passed !
	Initialyzed swapped data for i = 182, j = 341 sucessfully passed !
	Initialyzed swapped data for i = 182, j = 342 sucessfully passed !
	Initialyzed swapped data for i = 182, j = 343 sucessfully passed !
	Initialyzed swapped data for i = 182, j = 344 sucessfully passed !
	Initialyzed swapped data for i = 182, j = 345 sucessfully passed !
	Initialyzed swapped data for i = 182, j = 346 sucessfully passed !
	Initialyzed swapped data for i = 182, j = 347 sucessfully passed !
	Initialyzed swapped data for i = 182, j = 348 sucessfully passed !
	Initialyzed swapped data for i = 182, j = 349 sucessfully passed !
	Initialyzed swapped data for i = 182, j = 350 sucessfully passed !
	Initialyzed swapped data for i = 182, j = 351 sucessfully passed !
	Initialyzed swapped data for i = 182, j = 352 sucessfully passed !
	Initialyzed swapped data for i = 182, j = 353 sucessfully passed !
	Initialyzed swapped data for i = 182, j = 354 sucessfully passed !
	Initialyzed swapped data for i = 182, j = 355 sucessfully passed !
	Initialyzed swapped data for i = 182, j = 356 sucessfully passed !
	Initialyzed swapped data for i = 182, j = 357 sucessfully passed !
	Initialyzed swapped data for i = 182, j = 358 sucessfully passed !
	Initialyzed swapped data for i = 182, j = 359 sucessfully passed !
	Initialyzed swapped data for i = 182, j = 360 sucessfully passed !
	Initialyzed swapped data for i = 182, j = 361 sucessfully passed !
	Initialyzed swapped data for i = 182, j = 362 sucessfully passed !
	Initialyzed swapped data for i = 182, j = 363 sucessfully passed !
	Initialyzed swapped data for i = 182, j = 364 sucessfully passed !
	Initialyzed swapped data for i = 182, j = 365 sucessfully passed !
	Initialyzed swapped data for i = 182, j = 366 sucessfully passed !
	Initialyzed swapped data for i = 182, j = 367 sucessfully passed !
	Initialyzed swapped data for i = 182, j = 368 sucessfully passed !
	Initialyzed swapped data for i = 182, j = 369 sucessfully passed !
	Initialyzed swapped data for i = 182, j = 370 sucessfully passed !
	Initialyzed swapped data for i = 182, j = 371 sucessfully passed !
	Initialyzed swapped data for i = 182, j = 372 sucessfully passed !
	Initialyzed swapped data for i = 182, j = 373 sucessfully passed !
	Initialyzed swapped data for i = 182, j = 374 sucessfully passed !
	Initialyzed swapped data for i = 182, j = 375 sucessfully passed !
	Initialyzed swapped data for i = 182, j = 376 sucessfully passed !
	Initialyzed swapped data for i = 182, j = 377 sucessfully passed !
	Initialyzed swapped data for i = 182, j = 378 sucessfully passed !
	Initialyzed swapped data for i = 182, j = 379 sucessfully passed !
	Initialyzed swapped data for i = 182, j = 380 sucessfully passed !
	Initialyzed swapped data for i = 182, j = 381 sucessfully passed !
	Initialyzed swapped data for i = 182, j = 382 sucessfully passed !
	Initialyzed swapped data for i = 182, j = 383 sucessfully passed !
	Initialyzed swapped data for i = 182, j = 384 sucessfully passed !
	Initialyzed swapped data for i = 182, j = 385 sucessfully passed !
	Initialyzed swapped data for i = 182, j = 386 sucessfully passed !
	Initialyzed swapped data for i = 182, j = 387 sucessfully passed !
	Initialyzed swapped data for i = 182, j = 388 sucessfully passed !
	Initialyzed swapped data for i = 182, j = 389 sucessfully passed !
	Initialyzed swapped data for i = 182, j = 390 sucessfully passed !
	Initialyzed swapped data for i = 182, j = 391 sucessfully passed !
	Initialyzed swapped data for i = 182, j = 392 sucessfully passed !
	Initialyzed swapped data for i = 182, j = 393 sucessfully passed !
	Initialyzed swapped data for i = 182, j = 394 sucessfully passed !
	Initialyzed swapped data for i = 182, j = 395 sucessfully passed !
	Initialyzed swapped data for i = 182, j = 396 sucessfully passed !
	Initialyzed swapped data for i = 182, j = 397 sucessfully passed !
	Initialyzed swapped data for i = 182, j = 398 sucessfully passed !
	Initialyzed swapped data for i = 182, j = 399 sucessfully passed !
	Initialyzed swapped data for i = 182, j = 400 sucessfully passed !
	Initialyzed swapped data for i = 182, j = 401 sucessfully passed !
	Initialyzed swapped data for i = 182, j = 402 sucessfully passed !
	Initialyzed swapped data for i = 182, j = 403 sucessfully passed !
	Initialyzed swapped data for i = 182, j = 404 sucessfully passed !
	Initialyzed swapped data for i = 182, j = 405 sucessfully passed !
	Initialyzed swapped data for i = 182, j = 406 sucessfully passed !
	Initialyzed swapped data for i = 182, j = 407 sucessfully passed !
	Initialyzed swapped data for i = 182, j = 408 sucessfully passed !
	Initialyzed swapped data for i = 182, j = 409 sucessfully passed !
	Initialyzed swapped data for i = 182, j = 410 sucessfully passed !
	Initialyzed swapped data for i = 182, j = 411 sucessfully passed !
	Initialyzed swapped data for i = 182, j = 412 sucessfully passed !
	Initialyzed swapped data for i = 182, j = 413 sucessfully passed !
	Initialyzed swapped data for i = 182, j = 414 sucessfully passed !
	Initialyzed swapped data for i = 182, j = 415 sucessfully passed !
	Initialyzed swapped data for i = 182, j = 416 sucessfully passed !
	Initialyzed swapped data for i = 182, j = 417 sucessfully passed !
	Initialyzed swapped data for i = 182, j = 418 sucessfully passed !
	Initialyzed swapped data for i = 182, j = 419 sucessfully passed !
	Initialyzed swapped data for i = 182, j = 420 sucessfully passed !
	Initialyzed swapped data for i = 182, j = 421 sucessfully passed !
	Initialyzed swapped data for i = 182, j = 422 sucessfully passed !
	Initialyzed swapped data for i = 182, j = 423 sucessfully passed !
	Initialyzed swapped data for i = 182, j = 424 sucessfully passed !
	Initialyzed swapped data for i = 182, j = 425 sucessfully passed !
	Initialyzed swapped data for i = 182, j = 426 sucessfully passed !
	Initialyzed swapped data for i = 182, j = 427 sucessfully passed !
	Initialyzed swapped data for i = 182, j = 428 sucessfully passed !
	Initialyzed swapped data for i = 182, j = 429 sucessfully passed !
	Initialyzed swapped data for i = 182, j = 430 sucessfully passed !
	Initialyzed swapped data for i = 182, j = 431 sucessfully passed !
	Initialyzed swapped data for i = 182, j = 432 sucessfully passed !
	Initialyzed swapped data for i = 182, j = 433 sucessfully passed !
	Initialyzed swapped data for i = 183, j = 184 sucessfully passed !
	Initialyzed swapped data for i = 183, j = 185 sucessfully passed !
	Initialyzed swapped data for i = 183, j = 186 sucessfully passed !
	Initialyzed swapped data for i = 183, j = 187 sucessfully passed !
	Initialyzed swapped data for i = 183, j = 188 sucessfully passed !
	Initialyzed swapped data for i = 183, j = 189 sucessfully passed !
	Initialyzed swapped data for i = 183, j = 190 sucessfully passed !
	Initialyzed swapped data for i = 183, j = 191 sucessfully passed !
	Initialyzed swapped data for i = 183, j = 192 sucessfully passed !
	Initialyzed swapped data for i = 183, j = 193 sucessfully passed !
	Initialyzed swapped data for i = 183, j = 194 sucessfully passed !
	Initialyzed swapped data for i = 183, j = 195 sucessfully passed !
	Initialyzed swapped data for i = 183, j = 196 sucessfully passed !
	Initialyzed swapped data for i = 183, j = 197 sucessfully passed !
	Initialyzed swapped data for i = 183, j = 198 sucessfully passed !
	Initialyzed swapped data for i = 183, j = 199 sucessfully passed !
	Initialyzed swapped data for i = 183, j = 200 sucessfully passed !
	Initialyzed swapped data for i = 183, j = 201 sucessfully passed !
	Initialyzed swapped data for i = 183, j = 202 sucessfully passed !
	Initialyzed swapped data for i = 183, j = 203 sucessfully passed !
	Initialyzed swapped data for i = 183, j = 204 sucessfully passed !
	Initialyzed swapped data for i = 183, j = 205 sucessfully passed !
	Initialyzed swapped data for i = 183, j = 206 sucessfully passed !
	Initialyzed swapped data for i = 183, j = 207 sucessfully passed !
	Initialyzed swapped data for i = 183, j = 208 sucessfully passed !
	Initialyzed swapped data for i = 183, j = 209 sucessfully passed !
	Initialyzed swapped data for i = 183, j = 210 sucessfully passed !
	Initialyzed swapped data for i = 183, j = 211 sucessfully passed !
	Initialyzed swapped data for i = 183, j = 212 sucessfully passed !
	Initialyzed swapped data for i = 183, j = 213 sucessfully passed !
	Initialyzed swapped data for i = 183, j = 214 sucessfully passed !
	Initialyzed swapped data for i = 183, j = 215 sucessfully passed !
	Initialyzed swapped data for i = 183, j = 216 sucessfully passed !
	Initialyzed swapped data for i = 183, j = 217 sucessfully passed !
	Initialyzed swapped data for i = 183, j = 218 sucessfully passed !
	Initialyzed swapped data for i = 183, j = 219 sucessfully passed !
	Initialyzed swapped data for i = 183, j = 220 sucessfully passed !
	Initialyzed swapped data for i = 183, j = 221 sucessfully passed !
	Initialyzed swapped data for i = 183, j = 222 sucessfully passed !
	Initialyzed swapped data for i = 183, j = 223 sucessfully passed !
	Initialyzed swapped data for i = 183, j = 224 sucessfully passed !
	Initialyzed swapped data for i = 183, j = 225 sucessfully passed !
	Initialyzed swapped data for i = 183, j = 226 sucessfully passed !
	Initialyzed swapped data for i = 183, j = 227 sucessfully passed !
	Initialyzed swapped data for i = 183, j = 228 sucessfully passed !
	Initialyzed swapped data for i = 183, j = 229 sucessfully passed !
	Initialyzed swapped data for i = 183, j = 230 sucessfully passed !
	Initialyzed swapped data for i = 183, j = 231 sucessfully passed !
	Initialyzed swapped data for i = 183, j = 232 sucessfully passed !
	Initialyzed swapped data for i = 183, j = 233 sucessfully passed !
	Initialyzed swapped data for i = 183, j = 234 sucessfully passed !
	Initialyzed swapped data for i = 183, j = 235 sucessfully passed !
	Initialyzed swapped data for i = 183, j = 236 sucessfully passed !
	Initialyzed swapped data for i = 183, j = 237 sucessfully passed !
	Initialyzed swapped data for i = 183, j = 238 sucessfully passed !
	Initialyzed swapped data for i = 183, j = 239 sucessfully passed !
	Initialyzed swapped data for i = 183, j = 240 sucessfully passed !
	Initialyzed swapped data for i = 183, j = 241 sucessfully passed !
	Initialyzed swapped data for i = 183, j = 242 sucessfully passed !
	Initialyzed swapped data for i = 183, j = 243 sucessfully passed !
	Initialyzed swapped data for i = 183, j = 244 sucessfully passed !
	Initialyzed swapped data for i = 183, j = 245 sucessfully passed !
	Initialyzed swapped data for i = 183, j = 246 sucessfully passed !
	Initialyzed swapped data for i = 183, j = 247 sucessfully passed !
	Initialyzed swapped data for i = 183, j = 248 sucessfully passed !
	Initialyzed swapped data for i = 183, j = 249 sucessfully passed !
	Initialyzed swapped data for i = 183, j = 250 sucessfully passed !
	Initialyzed swapped data for i = 183, j = 251 sucessfully passed !
	Initialyzed swapped data for i = 183, j = 252 sucessfully passed !
	Initialyzed swapped data for i = 183, j = 253 sucessfully passed !
	Initialyzed swapped data for i = 183, j = 254 sucessfully passed !
	Initialyzed swapped data for i = 183, j = 255 sucessfully passed !
	Initialyzed swapped data for i = 183, j = 256 sucessfully passed !
	Initialyzed swapped data for i = 183, j = 257 sucessfully passed !
	Initialyzed swapped data for i = 183, j = 258 sucessfully passed !
	Initialyzed swapped data for i = 183, j = 259 sucessfully passed !
	Initialyzed swapped data for i = 183, j = 260 sucessfully passed !
	Initialyzed swapped data for i = 183, j = 261 sucessfully passed !
	Initialyzed swapped data for i = 183, j = 262 sucessfully passed !
	Initialyzed swapped data for i = 183, j = 263 sucessfully passed !
	Initialyzed swapped data for i = 183, j = 264 sucessfully passed !
	Initialyzed swapped data for i = 183, j = 265 sucessfully passed !
	Initialyzed swapped data for i = 183, j = 266 sucessfully passed !
	Initialyzed swapped data for i = 183, j = 267 sucessfully passed !
	Initialyzed swapped data for i = 183, j = 268 sucessfully passed !
	Initialyzed swapped data for i = 183, j = 269 sucessfully passed !
	Initialyzed swapped data for i = 183, j = 270 sucessfully passed !
	Initialyzed swapped data for i = 183, j = 271 sucessfully passed !
	Initialyzed swapped data for i = 183, j = 272 sucessfully passed !
	Initialyzed swapped data for i = 183, j = 273 sucessfully passed !
	Initialyzed swapped data for i = 183, j = 274 sucessfully passed !
	Initialyzed swapped data for i = 183, j = 275 sucessfully passed !
	Initialyzed swapped data for i = 183, j = 276 sucessfully passed !
	Initialyzed swapped data for i = 183, j = 277 sucessfully passed !
	Initialyzed swapped data for i = 183, j = 278 sucessfully passed !
	Initialyzed swapped data for i = 183, j = 279 sucessfully passed !
	Initialyzed swapped data for i = 183, j = 280 sucessfully passed !
	Initialyzed swapped data for i = 183, j = 281 sucessfully passed !
	Initialyzed swapped data for i = 183, j = 282 sucessfully passed !
	Initialyzed swapped data for i = 183, j = 283 sucessfully passed !
	Initialyzed swapped data for i = 183, j = 284 sucessfully passed !
	Initialyzed swapped data for i = 183, j = 285 sucessfully passed !
	Initialyzed swapped data for i = 183, j = 286 sucessfully passed !
	Initialyzed swapped data for i = 183, j = 287 sucessfully passed !
	Initialyzed swapped data for i = 183, j = 288 sucessfully passed !
	Initialyzed swapped data for i = 183, j = 289 sucessfully passed !
	Initialyzed swapped data for i = 183, j = 290 sucessfully passed !
	Initialyzed swapped data for i = 183, j = 291 sucessfully passed !
	Initialyzed swapped data for i = 183, j = 292 sucessfully passed !
	Initialyzed swapped data for i = 183, j = 293 sucessfully passed !
	Initialyzed swapped data for i = 183, j = 294 sucessfully passed !
	Initialyzed swapped data for i = 183, j = 295 sucessfully passed !
	Initialyzed swapped data for i = 183, j = 296 sucessfully passed !
	Initialyzed swapped data for i = 183, j = 297 sucessfully passed !
	Initialyzed swapped data for i = 183, j = 298 sucessfully passed !
	Initialyzed swapped data for i = 183, j = 299 sucessfully passed !
	Initialyzed swapped data for i = 183, j = 300 sucessfully passed !
	Initialyzed swapped data for i = 183, j = 301 sucessfully passed !
	Initialyzed swapped data for i = 183, j = 302 sucessfully passed !
	Initialyzed swapped data for i = 183, j = 303 sucessfully passed !
	Initialyzed swapped data for i = 183, j = 304 sucessfully passed !
	Initialyzed swapped data for i = 183, j = 305 sucessfully passed !
	Initialyzed swapped data for i = 183, j = 306 sucessfully passed !
	Initialyzed swapped data for i = 183, j = 307 sucessfully passed !
	Initialyzed swapped data for i = 183, j = 308 sucessfully passed !
	Initialyzed swapped data for i = 183, j = 309 sucessfully passed !
	Initialyzed swapped data for i = 183, j = 310 sucessfully passed !
	Initialyzed swapped data for i = 183, j = 311 sucessfully passed !
	Initialyzed swapped data for i = 183, j = 312 sucessfully passed !
	Initialyzed swapped data for i = 183, j = 313 sucessfully passed !
	Initialyzed swapped data for i = 183, j = 314 sucessfully passed !
	Initialyzed swapped data for i = 183, j = 315 sucessfully passed !
	Initialyzed swapped data for i = 183, j = 316 sucessfully passed !
	Initialyzed swapped data for i = 183, j = 317 sucessfully passed !
	Initialyzed swapped data for i = 183, j = 318 sucessfully passed !
	Initialyzed swapped data for i = 183, j = 319 sucessfully passed !
	Initialyzed swapped data for i = 183, j = 320 sucessfully passed !
	Initialyzed swapped data for i = 183, j = 321 sucessfully passed !
	Initialyzed swapped data for i = 183, j = 322 sucessfully passed !
	Initialyzed swapped data for i = 183, j = 323 sucessfully passed !
	Initialyzed swapped data for i = 183, j = 324 sucessfully passed !
	Initialyzed swapped data for i = 183, j = 325 sucessfully passed !
	Initialyzed swapped data for i = 183, j = 326 sucessfully passed !
	Initialyzed swapped data for i = 183, j = 327 sucessfully passed !
	Initialyzed swapped data for i = 183, j = 328 sucessfully passed !
	Initialyzed swapped data for i = 183, j = 329 sucessfully passed !
	Initialyzed swapped data for i = 183, j = 330 sucessfully passed !
	Initialyzed swapped data for i = 183, j = 331 sucessfully passed !
	Initialyzed swapped data for i = 183, j = 332 sucessfully passed !
	Initialyzed swapped data for i = 183, j = 333 sucessfully passed !
	Initialyzed swapped data for i = 183, j = 334 sucessfully passed !
	Initialyzed swapped data for i = 183, j = 335 sucessfully passed !
	Initialyzed swapped data for i = 183, j = 336 sucessfully passed !
	Initialyzed swapped data for i = 183, j = 337 sucessfully passed !
	Initialyzed swapped data for i = 183, j = 338 sucessfully passed !
	Initialyzed swapped data for i = 183, j = 339 sucessfully passed !
	Initialyzed swapped data for i = 183, j = 340 sucessfully passed !
	Initialyzed swapped data for i = 183, j = 341 sucessfully passed !
	Initialyzed swapped data for i = 183, j = 342 sucessfully passed !
	Initialyzed swapped data for i = 183, j = 343 sucessfully passed !
	Initialyzed swapped data for i = 183, j = 344 sucessfully passed !
	Initialyzed swapped data for i = 183, j = 345 sucessfully passed !
	Initialyzed swapped data for i = 183, j = 346 sucessfully passed !
	Initialyzed swapped data for i = 183, j = 347 sucessfully passed !
	Initialyzed swapped data for i = 183, j = 348 sucessfully passed !
	Initialyzed swapped data for i = 183, j = 349 sucessfully passed !
	Initialyzed swapped data for i = 183, j = 350 sucessfully passed !
	Initialyzed swapped data for i = 183, j = 351 sucessfully passed !
	Initialyzed swapped data for i = 183, j = 352 sucessfully passed !
	Initialyzed swapped data for i = 183, j = 353 sucessfully passed !
	Initialyzed swapped data for i = 183, j = 354 sucessfully passed !
	Initialyzed swapped data for i = 183, j = 355 sucessfully passed !
	Initialyzed swapped data for i = 183, j = 356 sucessfully passed !
	Initialyzed swapped data for i = 183, j = 357 sucessfully passed !
	Initialyzed swapped data for i = 183, j = 358 sucessfully passed !
	Initialyzed swapped data for i = 183, j = 359 sucessfully passed !
	Initialyzed swapped data for i = 183, j = 360 sucessfully passed !
	Initialyzed swapped data for i = 183, j = 361 sucessfully passed !
	Initialyzed swapped data for i = 183, j = 362 sucessfully passed !
	Initialyzed swapped data for i = 183, j = 363 sucessfully passed !
	Initialyzed swapped data for i = 183, j = 364 sucessfully passed !
	Initialyzed swapped data for i = 183, j = 365 sucessfully passed !
	Initialyzed swapped data for i = 183, j = 366 sucessfully passed !
	Initialyzed swapped data for i = 183, j = 367 sucessfully passed !
	Initialyzed swapped data for i = 183, j = 368 sucessfully passed !
	Initialyzed swapped data for i = 183, j = 369 sucessfully passed !
	Initialyzed swapped data for i = 183, j = 370 sucessfully passed !
	Initialyzed swapped data for i = 183, j = 371 sucessfully passed !
	Initialyzed swapped data for i = 183, j = 372 sucessfully passed !
	Initialyzed swapped data for i = 183, j = 373 sucessfully passed !
	Initialyzed swapped data for i = 183, j = 374 sucessfully passed !
	Initialyzed swapped data for i = 183, j = 375 sucessfully passed !
	Initialyzed swapped data for i = 183, j = 376 sucessfully passed !
	Initialyzed swapped data for i = 183, j = 377 sucessfully passed !
	Initialyzed swapped data for i = 183, j = 378 sucessfully passed !
	Initialyzed swapped data for i = 183, j = 379 sucessfully passed !
	Initialyzed swapped data for i = 183, j = 380 sucessfully passed !
	Initialyzed swapped data for i = 183, j = 381 sucessfully passed !
	Initialyzed swapped data for i = 183, j = 382 sucessfully passed !
	Initialyzed swapped data for i = 183, j = 383 sucessfully passed !
	Initialyzed swapped data for i = 183, j = 384 sucessfully passed !
	Initialyzed swapped data for i = 183, j = 385 sucessfully passed !
	Initialyzed swapped data for i = 183, j = 386 sucessfully passed !
	Initialyzed swapped data for i = 183, j = 387 sucessfully passed !
	Initialyzed swapped data for i = 183, j = 388 sucessfully passed !
	Initialyzed swapped data for i = 183, j = 389 sucessfully passed !
	Initialyzed swapped data for i = 183, j = 390 sucessfully passed !
	Initialyzed swapped data for i = 183, j = 391 sucessfully passed !
	Initialyzed swapped data for i = 183, j = 392 sucessfully passed !
	Initialyzed swapped data for i = 183, j = 393 sucessfully passed !
	Initialyzed swapped data for i = 183, j = 394 sucessfully passed !
	Initialyzed swapped data for i = 183, j = 395 sucessfully passed !
	Initialyzed swapped data for i = 183, j = 396 sucessfully passed !
	Initialyzed swapped data for i = 183, j = 397 sucessfully passed !
	Initialyzed swapped data for i = 183, j = 398 sucessfully passed !
	Initialyzed swapped data for i = 183, j = 399 sucessfully passed !
	Initialyzed swapped data for i = 183, j = 400 sucessfully passed !
	Initialyzed swapped data for i = 183, j = 401 sucessfully passed !
	Initialyzed swapped data for i = 183, j = 402 sucessfully passed !
	Initialyzed swapped data for i = 183, j = 403 sucessfully passed !
	Initialyzed swapped data for i = 183, j = 404 sucessfully passed !
	Initialyzed swapped data for i = 183, j = 405 sucessfully passed !
	Initialyzed swapped data for i = 183, j = 406 sucessfully passed !
	Initialyzed swapped data for i = 183, j = 407 sucessfully passed !
	Initialyzed swapped data for i = 183, j = 408 sucessfully passed !
	Initialyzed swapped data for i = 183, j = 409 sucessfully passed !
	Initialyzed swapped data for i = 183, j = 410 sucessfully passed !
	Initialyzed swapped data for i = 183, j = 411 sucessfully passed !
	Initialyzed swapped data for i = 183, j = 412 sucessfully passed !
	Initialyzed swapped data for i = 183, j = 413 sucessfully passed !
	Initialyzed swapped data for i = 183, j = 414 sucessfully passed !
	Initialyzed swapped data for i = 183, j = 415 sucessfully passed !
	Initialyzed swapped data for i = 183, j = 416 sucessfully passed !
	Initialyzed swapped data for i = 183, j = 417 sucessfully passed !
	Initialyzed swapped data for i = 183, j = 418 sucessfully passed !
	Initialyzed swapped data for i = 183, j = 419 sucessfully passed !
	Initialyzed swapped data for i = 183, j = 420 sucessfully passed !
	Initialyzed swapped data for i = 183, j = 421 sucessfully passed !
	Initialyzed swapped data for i = 183, j = 422 sucessfully passed !
	Initialyzed swapped data for i = 183, j = 423 sucessfully passed !
	Initialyzed swapped data for i = 183, j = 424 sucessfully passed !
	Initialyzed swapped data for i = 183, j = 425 sucessfully passed !
	Initialyzed swapped data for i = 183, j = 426 sucessfully passed !
	Initialyzed swapped data for i = 183, j = 427 sucessfully passed !
	Initialyzed swapped data for i = 183, j = 428 sucessfully passed !
	Initialyzed swapped data for i = 183, j = 429 sucessfully passed !
	Initialyzed swapped data for i = 183, j = 430 sucessfully passed !
	Initialyzed swapped data for i = 183, j = 431 sucessfully passed !
	Initialyzed swapped data for i = 183, j = 432 sucessfully passed !
	Initialyzed swapped data for i = 183, j = 433 sucessfully passed !
	Initialyzed swapped data for i = 184, j = 185 sucessfully passed !
	Initialyzed swapped data for i = 184, j = 186 sucessfully passed !
	Initialyzed swapped data for i = 184, j = 187 sucessfully passed !
	Initialyzed swapped data for i = 184, j = 188 sucessfully passed !
	Initialyzed swapped data for i = 184, j = 189 sucessfully passed !
	Initialyzed swapped data for i = 184, j = 190 sucessfully passed !
	Initialyzed swapped data for i = 184, j = 191 sucessfully passed !
	Initialyzed swapped data for i = 184, j = 192 sucessfully passed !
	Initialyzed swapped data for i = 184, j = 193 sucessfully passed !
	Initialyzed swapped data for i = 184, j = 194 sucessfully passed !
	Initialyzed swapped data for i = 184, j = 195 sucessfully passed !
	Initialyzed swapped data for i = 184, j = 196 sucessfully passed !
	Initialyzed swapped data for i = 184, j = 197 sucessfully passed !
	Initialyzed swapped data for i = 184, j = 198 sucessfully passed !
	Initialyzed swapped data for i = 184, j = 199 sucessfully passed !
	Initialyzed swapped data for i = 184, j = 200 sucessfully passed !
	Initialyzed swapped data for i = 184, j = 201 sucessfully passed !
	Initialyzed swapped data for i = 184, j = 202 sucessfully passed !
	Initialyzed swapped data for i = 184, j = 203 sucessfully passed !
	Initialyzed swapped data for i = 184, j = 204 sucessfully passed !
	Initialyzed swapped data for i = 184, j = 205 sucessfully passed !
	Initialyzed swapped data for i = 184, j = 206 sucessfully passed !
	Initialyzed swapped data for i = 184, j = 207 sucessfully passed !
	Initialyzed swapped data for i = 184, j = 208 sucessfully passed !
	Initialyzed swapped data for i = 184, j = 209 sucessfully passed !
	Initialyzed swapped data for i = 184, j = 210 sucessfully passed !
	Initialyzed swapped data for i = 184, j = 211 sucessfully passed !
	Initialyzed swapped data for i = 184, j = 212 sucessfully passed !
	Initialyzed swapped data for i = 184, j = 213 sucessfully passed !
	Initialyzed swapped data for i = 184, j = 214 sucessfully passed !
	Initialyzed swapped data for i = 184, j = 215 sucessfully passed !
	Initialyzed swapped data for i = 184, j = 216 sucessfully passed !
	Initialyzed swapped data for i = 184, j = 217 sucessfully passed !
	Initialyzed swapped data for i = 184, j = 218 sucessfully passed !
	Initialyzed swapped data for i = 184, j = 219 sucessfully passed !
	Initialyzed swapped data for i = 184, j = 220 sucessfully passed !
	Initialyzed swapped data for i = 184, j = 221 sucessfully passed !
	Initialyzed swapped data for i = 184, j = 222 sucessfully passed !
	Initialyzed swapped data for i = 184, j = 223 sucessfully passed !
	Initialyzed swapped data for i = 184, j = 224 sucessfully passed !
	Initialyzed swapped data for i = 184, j = 225 sucessfully passed !
	Initialyzed swapped data for i = 184, j = 226 sucessfully passed !
	Initialyzed swapped data for i = 184, j = 227 sucessfully passed !
	Initialyzed swapped data for i = 184, j = 228 sucessfully passed !
	Initialyzed swapped data for i = 184, j = 229 sucessfully passed !
	Initialyzed swapped data for i = 184, j = 230 sucessfully passed !
	Initialyzed swapped data for i = 184, j = 231 sucessfully passed !
	Initialyzed swapped data for i = 184, j = 232 sucessfully passed !
	Initialyzed swapped data for i = 184, j = 233 sucessfully passed !
	Initialyzed swapped data for i = 184, j = 234 sucessfully passed !
	Initialyzed swapped data for i = 184, j = 235 sucessfully passed !
	Initialyzed swapped data for i = 184, j = 236 sucessfully passed !
	Initialyzed swapped data for i = 184, j = 237 sucessfully passed !
	Initialyzed swapped data for i = 184, j = 238 sucessfully passed !
	Initialyzed swapped data for i = 184, j = 239 sucessfully passed !
	Initialyzed swapped data for i = 184, j = 240 sucessfully passed !
	Initialyzed swapped data for i = 184, j = 241 sucessfully passed !
	Initialyzed swapped data for i = 184, j = 242 sucessfully passed !
	Initialyzed swapped data for i = 184, j = 243 sucessfully passed !
	Initialyzed swapped data for i = 184, j = 244 sucessfully passed !
	Initialyzed swapped data for i = 184, j = 245 sucessfully passed !
	Initialyzed swapped data for i = 184, j = 246 sucessfully passed !
	Initialyzed swapped data for i = 184, j = 247 sucessfully passed !
	Initialyzed swapped data for i = 184, j = 248 sucessfully passed !
	Initialyzed swapped data for i = 184, j = 249 sucessfully passed !
	Initialyzed swapped data for i = 184, j = 250 sucessfully passed !
	Initialyzed swapped data for i = 184, j = 251 sucessfully passed !
	Initialyzed swapped data for i = 184, j = 252 sucessfully passed !
	Initialyzed swapped data for i = 184, j = 253 sucessfully passed !
	Initialyzed swapped data for i = 184, j = 254 sucessfully passed !
	Initialyzed swapped data for i = 184, j = 255 sucessfully passed !
	Initialyzed swapped data for i = 184, j = 256 sucessfully passed !
	Initialyzed swapped data for i = 184, j = 257 sucessfully passed !
	Initialyzed swapped data for i = 184, j = 258 sucessfully passed !
	Initialyzed swapped data for i = 184, j = 259 sucessfully passed !
	Initialyzed swapped data for i = 184, j = 260 sucessfully passed !
	Initialyzed swapped data for i = 184, j = 261 sucessfully passed !
	Initialyzed swapped data for i = 184, j = 262 sucessfully passed !
	Initialyzed swapped data for i = 184, j = 263 sucessfully passed !
	Initialyzed swapped data for i = 184, j = 264 sucessfully passed !
	Initialyzed swapped data for i = 184, j = 265 sucessfully passed !
	Initialyzed swapped data for i = 184, j = 266 sucessfully passed !
	Initialyzed swapped data for i = 184, j = 267 sucessfully passed !
	Initialyzed swapped data for i = 184, j = 268 sucessfully passed !
	Initialyzed swapped data for i = 184, j = 269 sucessfully passed !
	Initialyzed swapped data for i = 184, j = 270 sucessfully passed !
	Initialyzed swapped data for i = 184, j = 271 sucessfully passed !
	Initialyzed swapped data for i = 184, j = 272 sucessfully passed !
	Initialyzed swapped data for i = 184, j = 273 sucessfully passed !
	Initialyzed swapped data for i = 184, j = 274 sucessfully passed !
	Initialyzed swapped data for i = 184, j = 275 sucessfully passed !
	Initialyzed swapped data for i = 184, j = 276 sucessfully passed !
	Initialyzed swapped data for i = 184, j = 277 sucessfully passed !
	Initialyzed swapped data for i = 184, j = 278 sucessfully passed !
	Initialyzed swapped data for i = 184, j = 279 sucessfully passed !
	Initialyzed swapped data for i = 184, j = 280 sucessfully passed !
	Initialyzed swapped data for i = 184, j = 281 sucessfully passed !
	Initialyzed swapped data for i = 184, j = 282 sucessfully passed !
	Initialyzed swapped data for i = 184, j = 283 sucessfully passed !
	Initialyzed swapped data for i = 184, j = 284 sucessfully passed !
	Initialyzed swapped data for i = 184, j = 285 sucessfully passed !
	Initialyzed swapped data for i = 184, j = 286 sucessfully passed !
	Initialyzed swapped data for i = 184, j = 287 sucessfully passed !
	Initialyzed swapped data for i = 184, j = 288 sucessfully passed !
	Initialyzed swapped data for i = 184, j = 289 sucessfully passed !
	Initialyzed swapped data for i = 184, j = 290 sucessfully passed !
	Initialyzed swapped data for i = 184, j = 291 sucessfully passed !
	Initialyzed swapped data for i = 184, j = 292 sucessfully passed !
	Initialyzed swapped data for i = 184, j = 293 sucessfully passed !
	Initialyzed swapped data for i = 184, j = 294 sucessfully passed !
	Initialyzed swapped data for i = 184, j = 295 sucessfully passed !
	Initialyzed swapped data for i = 184, j = 296 sucessfully passed !
	Initialyzed swapped data for i = 184, j = 297 sucessfully passed !
	Initialyzed swapped data for i = 184, j = 298 sucessfully passed !
	Initialyzed swapped data for i = 184, j = 299 sucessfully passed !
	Initialyzed swapped data for i = 184, j = 300 sucessfully passed !
	Initialyzed swapped data for i = 184, j = 301 sucessfully passed !
	Initialyzed swapped data for i = 184, j = 302 sucessfully passed !
	Initialyzed swapped data for i = 184, j = 303 sucessfully passed !
	Initialyzed swapped data for i = 184, j = 304 sucessfully passed !
	Initialyzed swapped data for i = 184, j = 305 sucessfully passed !
	Initialyzed swapped data for i = 184, j = 306 sucessfully passed !
	Initialyzed swapped data for i = 184, j = 307 sucessfully passed !
	Initialyzed swapped data for i = 184, j = 308 sucessfully passed !
	Initialyzed swapped data for i = 184, j = 309 sucessfully passed !
	Initialyzed swapped data for i = 184, j = 310 sucessfully passed !
	Initialyzed swapped data for i = 184, j = 311 sucessfully passed !
	Initialyzed swapped data for i = 184, j = 312 sucessfully passed !
	Initialyzed swapped data for i = 184, j = 313 sucessfully passed !
	Initialyzed swapped data for i = 184, j = 314 sucessfully passed !
	Initialyzed swapped data for i = 184, j = 315 sucessfully passed !
	Initialyzed swapped data for i = 184, j = 316 sucessfully passed !
	Initialyzed swapped data for i = 184, j = 317 sucessfully passed !
	Initialyzed swapped data for i = 184, j = 318 sucessfully passed !
	Initialyzed swapped data for i = 184, j = 319 sucessfully passed !
	Initialyzed swapped data for i = 184, j = 320 sucessfully passed !
	Initialyzed swapped data for i = 184, j = 321 sucessfully passed !
	Initialyzed swapped data for i = 184, j = 322 sucessfully passed !
	Initialyzed swapped data for i = 184, j = 323 sucessfully passed !
	Initialyzed swapped data for i = 184, j = 324 sucessfully passed !
	Initialyzed swapped data for i = 184, j = 325 sucessfully passed !
	Initialyzed swapped data for i = 184, j = 326 sucessfully passed !
	Initialyzed swapped data for i = 184, j = 327 sucessfully passed !
	Initialyzed swapped data for i = 184, j = 328 sucessfully passed !
	Initialyzed swapped data for i = 184, j = 329 sucessfully passed !
	Initialyzed swapped data for i = 184, j = 330 sucessfully passed !
	Initialyzed swapped data for i = 184, j = 331 sucessfully passed !
	Initialyzed swapped data for i = 184, j = 332 sucessfully passed !
	Initialyzed swapped data for i = 184, j = 333 sucessfully passed !
	Initialyzed swapped data for i = 184, j = 334 sucessfully passed !
	Initialyzed swapped data for i = 184, j = 335 sucessfully passed !
	Initialyzed swapped data for i = 184, j = 336 sucessfully passed !
	Initialyzed swapped data for i = 184, j = 337 sucessfully passed !
	Initialyzed swapped data for i = 184, j = 338 sucessfully passed !
	Initialyzed swapped data for i = 184, j = 339 sucessfully passed !
	Initialyzed swapped data for i = 184, j = 340 sucessfully passed !
	Initialyzed swapped data for i = 184, j = 341 sucessfully passed !
	Initialyzed swapped data for i = 184, j = 342 sucessfully passed !
	Initialyzed swapped data for i = 184, j = 343 sucessfully passed !
	Initialyzed swapped data for i = 184, j = 344 sucessfully passed !
	Initialyzed swapped data for i = 184, j = 345 sucessfully passed !
	Initialyzed swapped data for i = 184, j = 346 sucessfully passed !
	Initialyzed swapped data for i = 184, j = 347 sucessfully passed !
	Initialyzed swapped data for i = 184, j = 348 sucessfully passed !
	Initialyzed swapped data for i = 184, j = 349 sucessfully passed !
	Initialyzed swapped data for i = 184, j = 350 sucessfully passed !
	Initialyzed swapped data for i = 184, j = 351 sucessfully passed !
	Initialyzed swapped data for i = 184, j = 352 sucessfully passed !
	Initialyzed swapped data for i = 184, j = 353 sucessfully passed !
	Initialyzed swapped data for i = 184, j = 354 sucessfully passed !
	Initialyzed swapped data for i = 184, j = 355 sucessfully passed !
	Initialyzed swapped data for i = 184, j = 356 sucessfully passed !
	Initialyzed swapped data for i = 184, j = 357 sucessfully passed !
	Initialyzed swapped data for i = 184, j = 358 sucessfully passed !
	Initialyzed swapped data for i = 184, j = 359 sucessfully passed !
	Initialyzed swapped data for i = 184, j = 360 sucessfully passed !
	Initialyzed swapped data for i = 184, j = 361 sucessfully passed !
	Initialyzed swapped data for i = 184, j = 362 sucessfully passed !
	Initialyzed swapped data for i = 184, j = 363 sucessfully passed !
	Initialyzed swapped data for i = 184, j = 364 sucessfully passed !
	Initialyzed swapped data for i = 184, j = 365 sucessfully passed !
	Initialyzed swapped data for i = 184, j = 366 sucessfully passed !
	Initialyzed swapped data for i = 184, j = 367 sucessfully passed !
	Initialyzed swapped data for i = 184, j = 368 sucessfully passed !
	Initialyzed swapped data for i = 184, j = 369 sucessfully passed !
	Initialyzed swapped data for i = 184, j = 370 sucessfully passed !
	Initialyzed swapped data for i = 184, j = 371 sucessfully passed !
	Initialyzed swapped data for i = 184, j = 372 sucessfully passed !
	Initialyzed swapped data for i = 184, j = 373 sucessfully passed !
	Initialyzed swapped data for i = 184, j = 374 sucessfully passed !
	Initialyzed swapped data for i = 184, j = 375 sucessfully passed !
	Initialyzed swapped data for i = 184, j = 376 sucessfully passed !
	Initialyzed swapped data for i = 184, j = 377 sucessfully passed !
	Initialyzed swapped data for i = 184, j = 378 sucessfully passed !
	Initialyzed swapped data for i = 184, j = 379 sucessfully passed !
	Initialyzed swapped data for i = 184, j = 380 sucessfully passed !
	Initialyzed swapped data for i = 184, j = 381 sucessfully passed !
	Initialyzed swapped data for i = 184, j = 382 sucessfully passed !
	Initialyzed swapped data for i = 184, j = 383 sucessfully passed !
	Initialyzed swapped data for i = 184, j = 384 sucessfully passed !
	Initialyzed swapped data for i = 184, j = 385 sucessfully passed !
	Initialyzed swapped data for i = 184, j = 386 sucessfully passed !
	Initialyzed swapped data for i = 184, j = 387 sucessfully passed !
	Initialyzed swapped data for i = 184, j = 388 sucessfully passed !
	Initialyzed swapped data for i = 184, j = 389 sucessfully passed !
	Initialyzed swapped data for i = 184, j = 390 sucessfully passed !
	Initialyzed swapped data for i = 184, j = 391 sucessfully passed !
	Initialyzed swapped data for i = 184, j = 392 sucessfully passed !
	Initialyzed swapped data for i = 184, j = 393 sucessfully passed !
	Initialyzed swapped data for i = 184, j = 394 sucessfully passed !
	Initialyzed swapped data for i = 184, j = 395 sucessfully passed !
	Initialyzed swapped data for i = 184, j = 396 sucessfully passed !
	Initialyzed swapped data for i = 184, j = 397 sucessfully passed !
	Initialyzed swapped data for i = 184, j = 398 sucessfully passed !
	Initialyzed swapped data for i = 184, j = 399 sucessfully passed !
	Initialyzed swapped data for i = 184, j = 400 sucessfully passed !
	Initialyzed swapped data for i = 184, j = 401 sucessfully passed !
	Initialyzed swapped data for i = 184, j = 402 sucessfully passed !
	Initialyzed swapped data for i = 184, j = 403 sucessfully passed !
	Initialyzed swapped data for i = 184, j = 404 sucessfully passed !
	Initialyzed swapped data for i = 184, j = 405 sucessfully passed !
	Initialyzed swapped data for i = 184, j = 406 sucessfully passed !
	Initialyzed swapped data for i = 184, j = 407 sucessfully passed !
	Initialyzed swapped data for i = 184, j = 408 sucessfully passed !
	Initialyzed swapped data for i = 184, j = 409 sucessfully passed !
	Initialyzed swapped data for i = 184, j = 410 sucessfully passed !
	Initialyzed swapped data for i = 184, j = 411 sucessfully passed !
	Initialyzed swapped data for i = 184, j = 412 sucessfully passed !
	Initialyzed swapped data for i = 184, j = 413 sucessfully passed !
	Initialyzed swapped data for i = 184, j = 414 sucessfully passed !
	Initialyzed swapped data for i = 184, j = 415 sucessfully passed !
	Initialyzed swapped data for i = 184, j = 416 sucessfully passed !
	Initialyzed swapped data for i = 184, j = 417 sucessfully passed !
	Initialyzed swapped data for i = 184, j = 418 sucessfully passed !
	Initialyzed swapped data for i = 184, j = 419 sucessfully passed !
	Initialyzed swapped data for i = 184, j = 420 sucessfully passed !
	Initialyzed swapped data for i = 184, j = 421 sucessfully passed !
	Initialyzed swapped data for i = 184, j = 422 sucessfully passed !
	Initialyzed swapped data for i = 184, j = 423 sucessfully passed !
	Initialyzed swapped data for i = 184, j = 424 sucessfully passed !
	Initialyzed swapped data for i = 184, j = 425 sucessfully passed !
	Initialyzed swapped data for i = 184, j = 426 sucessfully passed !
	Initialyzed swapped data for i = 184, j = 427 sucessfully passed !
	Initialyzed swapped data for i = 184, j = 428 sucessfully passed !
	Initialyzed swapped data for i = 184, j = 429 sucessfully passed !
	Initialyzed swapped data for i = 184, j = 430 sucessfully passed !
	Initialyzed swapped data for i = 184, j = 431 sucessfully passed !
	Initialyzed swapped data for i = 184, j = 432 sucessfully passed !
	Initialyzed swapped data for i = 184, j = 433 sucessfully passed !
	Initialyzed swapped data for i = 185, j = 186 sucessfully passed !
	Initialyzed swapped data for i = 185, j = 187 sucessfully passed !
	Initialyzed swapped data for i = 185, j = 188 sucessfully passed !
	Initialyzed swapped data for i = 185, j = 189 sucessfully passed !
	Initialyzed swapped data for i = 185, j = 190 sucessfully passed !
	Initialyzed swapped data for i = 185, j = 191 sucessfully passed !
	Initialyzed swapped data for i = 185, j = 192 sucessfully passed !
	Initialyzed swapped data for i = 185, j = 193 sucessfully passed !
	Initialyzed swapped data for i = 185, j = 194 sucessfully passed !
	Initialyzed swapped data for i = 185, j = 195 sucessfully passed !
	Initialyzed swapped data for i = 185, j = 196 sucessfully passed !
	Initialyzed swapped data for i = 185, j = 197 sucessfully passed !
	Initialyzed swapped data for i = 185, j = 198 sucessfully passed !
	Initialyzed swapped data for i = 185, j = 199 sucessfully passed !
	Initialyzed swapped data for i = 185, j = 200 sucessfully passed !
	Initialyzed swapped data for i = 185, j = 201 sucessfully passed !
	Initialyzed swapped data for i = 185, j = 202 sucessfully passed !
	Initialyzed swapped data for i = 185, j = 203 sucessfully passed !
	Initialyzed swapped data for i = 185, j = 204 sucessfully passed !
	Initialyzed swapped data for i = 185, j = 205 sucessfully passed !
	Initialyzed swapped data for i = 185, j = 206 sucessfully passed !
	Initialyzed swapped data for i = 185, j = 207 sucessfully passed !
	Initialyzed swapped data for i = 185, j = 208 sucessfully passed !
	Initialyzed swapped data for i = 185, j = 209 sucessfully passed !
	Initialyzed swapped data for i = 185, j = 210 sucessfully passed !
	Initialyzed swapped data for i = 185, j = 211 sucessfully passed !
	Initialyzed swapped data for i = 185, j = 212 sucessfully passed !
	Initialyzed swapped data for i = 185, j = 213 sucessfully passed !
	Initialyzed swapped data for i = 185, j = 214 sucessfully passed !
	Initialyzed swapped data for i = 185, j = 215 sucessfully passed !
	Initialyzed swapped data for i = 185, j = 216 sucessfully passed !
	Initialyzed swapped data for i = 185, j = 217 sucessfully passed !
	Initialyzed swapped data for i = 185, j = 218 sucessfully passed !
	Initialyzed swapped data for i = 185, j = 219 sucessfully passed !
	Initialyzed swapped data for i = 185, j = 220 sucessfully passed !
	Initialyzed swapped data for i = 185, j = 221 sucessfully passed !
	Initialyzed swapped data for i = 185, j = 222 sucessfully passed !
	Initialyzed swapped data for i = 185, j = 223 sucessfully passed !
	Initialyzed swapped data for i = 185, j = 224 sucessfully passed !
	Initialyzed swapped data for i = 185, j = 225 sucessfully passed !
	Initialyzed swapped data for i = 185, j = 226 sucessfully passed !
	Initialyzed swapped data for i = 185, j = 227 sucessfully passed !
	Initialyzed swapped data for i = 185, j = 228 sucessfully passed !
	Initialyzed swapped data for i = 185, j = 229 sucessfully passed !
	Initialyzed swapped data for i = 185, j = 230 sucessfully passed !
	Initialyzed swapped data for i = 185, j = 231 sucessfully passed !
	Initialyzed swapped data for i = 185, j = 232 sucessfully passed !
	Initialyzed swapped data for i = 185, j = 233 sucessfully passed !
	Initialyzed swapped data for i = 185, j = 234 sucessfully passed !
	Initialyzed swapped data for i = 185, j = 235 sucessfully passed !
	Initialyzed swapped data for i = 185, j = 236 sucessfully passed !
	Initialyzed swapped data for i = 185, j = 237 sucessfully passed !
	Initialyzed swapped data for i = 185, j = 238 sucessfully passed !
	Initialyzed swapped data for i = 185, j = 239 sucessfully passed !
	Initialyzed swapped data for i = 185, j = 240 sucessfully passed !
	Initialyzed swapped data for i = 185, j = 241 sucessfully passed !
	Initialyzed swapped data for i = 185, j = 242 sucessfully passed !
	Initialyzed swapped data for i = 185, j = 243 sucessfully passed !
	Initialyzed swapped data for i = 185, j = 244 sucessfully passed !
	Initialyzed swapped data for i = 185, j = 245 sucessfully passed !
	Initialyzed swapped data for i = 185, j = 246 sucessfully passed !
	Initialyzed swapped data for i = 185, j = 247 sucessfully passed !
	Initialyzed swapped data for i = 185, j = 248 sucessfully passed !
	Initialyzed swapped data for i = 185, j = 249 sucessfully passed !
	Initialyzed swapped data for i = 185, j = 250 sucessfully passed !
	Initialyzed swapped data for i = 185, j = 251 sucessfully passed !
	Initialyzed swapped data for i = 185, j = 252 sucessfully passed !
	Initialyzed swapped data for i = 185, j = 253 sucessfully passed !
	Initialyzed swapped data for i = 185, j = 254 sucessfully passed !
	Initialyzed swapped data for i = 185, j = 255 sucessfully passed !
	Initialyzed swapped data for i = 185, j = 256 sucessfully passed !
	Initialyzed swapped data for i = 185, j = 257 sucessfully passed !
	Initialyzed swapped data for i = 185, j = 258 sucessfully passed !
	Initialyzed swapped data for i = 185, j = 259 sucessfully passed !
	Initialyzed swapped data for i = 185, j = 260 sucessfully passed !
	Initialyzed swapped data for i = 185, j = 261 sucessfully passed !
	Initialyzed swapped data for i = 185, j = 262 sucessfully passed !
	Initialyzed swapped data for i = 185, j = 263 sucessfully passed !
	Initialyzed swapped data for i = 185, j = 264 sucessfully passed !
	Initialyzed swapped data for i = 185, j = 265 sucessfully passed !
	Initialyzed swapped data for i = 185, j = 266 sucessfully passed !
	Initialyzed swapped data for i = 185, j = 267 sucessfully passed !
	Initialyzed swapped data for i = 185, j = 268 sucessfully passed !
	Initialyzed swapped data for i = 185, j = 269 sucessfully passed !
	Initialyzed swapped data for i = 185, j = 270 sucessfully passed !
	Initialyzed swapped data for i = 185, j = 271 sucessfully passed !
	Initialyzed swapped data for i = 185, j = 272 sucessfully passed !
	Initialyzed swapped data for i = 185, j = 273 sucessfully passed !
	Initialyzed swapped data for i = 185, j = 274 sucessfully passed !
	Initialyzed swapped data for i = 185, j = 275 sucessfully passed !
	Initialyzed swapped data for i = 185, j = 276 sucessfully passed !
	Initialyzed swapped data for i = 185, j = 277 sucessfully passed !
	Initialyzed swapped data for i = 185, j = 278 sucessfully passed !
	Initialyzed swapped data for i = 185, j = 279 sucessfully passed !
	Initialyzed swapped data for i = 185, j = 280 sucessfully passed !
	Initialyzed swapped data for i = 185, j = 281 sucessfully passed !
	Initialyzed swapped data for i = 185, j = 282 sucessfully passed !
	Initialyzed swapped data for i = 185, j = 283 sucessfully passed !
	Initialyzed swapped data for i = 185, j = 284 sucessfully passed !
	Initialyzed swapped data for i = 185, j = 285 sucessfully passed !
	Initialyzed swapped data for i = 185, j = 286 sucessfully passed !
	Initialyzed swapped data for i = 185, j = 287 sucessfully passed !
	Initialyzed swapped data for i = 185, j = 288 sucessfully passed !
	Initialyzed swapped data for i = 185, j = 289 sucessfully passed !
	Initialyzed swapped data for i = 185, j = 290 sucessfully passed !
	Initialyzed swapped data for i = 185, j = 291 sucessfully passed !
	Initialyzed swapped data for i = 185, j = 292 sucessfully passed !
	Initialyzed swapped data for i = 185, j = 293 sucessfully passed !
	Initialyzed swapped data for i = 185, j = 294 sucessfully passed !
	Initialyzed swapped data for i = 185, j = 295 sucessfully passed !
	Initialyzed swapped data for i = 185, j = 296 sucessfully passed !
	Initialyzed swapped data for i = 185, j = 297 sucessfully passed !
	Initialyzed swapped data for i = 185, j = 298 sucessfully passed !
	Initialyzed swapped data for i = 185, j = 299 sucessfully passed !
	Initialyzed swapped data for i = 185, j = 300 sucessfully passed !
	Initialyzed swapped data for i = 185, j = 301 sucessfully passed !
	Initialyzed swapped data for i = 185, j = 302 sucessfully passed !
	Initialyzed swapped data for i = 185, j = 303 sucessfully passed !
	Initialyzed swapped data for i = 185, j = 304 sucessfully passed !
	Initialyzed swapped data for i = 185, j = 305 sucessfully passed !
	Initialyzed swapped data for i = 185, j = 306 sucessfully passed !
	Initialyzed swapped data for i = 185, j = 307 sucessfully passed !
	Initialyzed swapped data for i = 185, j = 308 sucessfully passed !
	Initialyzed swapped data for i = 185, j = 309 sucessfully passed !
	Initialyzed swapped data for i = 185, j = 310 sucessfully passed !
	Initialyzed swapped data for i = 185, j = 311 sucessfully passed !
	Initialyzed swapped data for i = 185, j = 312 sucessfully passed !
	Initialyzed swapped data for i = 185, j = 313 sucessfully passed !
	Initialyzed swapped data for i = 185, j = 314 sucessfully passed !
	Initialyzed swapped data for i = 185, j = 315 sucessfully passed !
	Initialyzed swapped data for i = 185, j = 316 sucessfully passed !
	Initialyzed swapped data for i = 185, j = 317 sucessfully passed !
	Initialyzed swapped data for i = 185, j = 318 sucessfully passed !
	Initialyzed swapped data for i = 185, j = 319 sucessfully passed !
	Initialyzed swapped data for i = 185, j = 320 sucessfully passed !
	Initialyzed swapped data for i = 185, j = 321 sucessfully passed !
	Initialyzed swapped data for i = 185, j = 322 sucessfully passed !
	Initialyzed swapped data for i = 185, j = 323 sucessfully passed !
	Initialyzed swapped data for i = 185, j = 324 sucessfully passed !
	Initialyzed swapped data for i = 185, j = 325 sucessfully passed !
	Initialyzed swapped data for i = 185, j = 326 sucessfully passed !
	Initialyzed swapped data for i = 185, j = 327 sucessfully passed !
	Initialyzed swapped data for i = 185, j = 328 sucessfully passed !
	Initialyzed swapped data for i = 185, j = 329 sucessfully passed !
	Initialyzed swapped data for i = 185, j = 330 sucessfully passed !
	Initialyzed swapped data for i = 185, j = 331 sucessfully passed !
	Initialyzed swapped data for i = 185, j = 332 sucessfully passed !
	Initialyzed swapped data for i = 185, j = 333 sucessfully passed !
	Initialyzed swapped data for i = 185, j = 334 sucessfully passed !
	Initialyzed swapped data for i = 185, j = 335 sucessfully passed !
	Initialyzed swapped data for i = 185, j = 336 sucessfully passed !
	Initialyzed swapped data for i = 185, j = 337 sucessfully passed !
	Initialyzed swapped data for i = 185, j = 338 sucessfully passed !
	Initialyzed swapped data for i = 185, j = 339 sucessfully passed !
	Initialyzed swapped data for i = 185, j = 340 sucessfully passed !
	Initialyzed swapped data for i = 185, j = 341 sucessfully passed !
	Initialyzed swapped data for i = 185, j = 342 sucessfully passed !
	Initialyzed swapped data for i = 185, j = 343 sucessfully passed !
	Initialyzed swapped data for i = 185, j = 344 sucessfully passed !
	Initialyzed swapped data for i = 185, j = 345 sucessfully passed !
	Initialyzed swapped data for i = 185, j = 346 sucessfully passed !
	Initialyzed swapped data for i = 185, j = 347 sucessfully passed !
	Initialyzed swapped data for i = 185, j = 348 sucessfully passed !
	Initialyzed swapped data for i = 185, j = 349 sucessfully passed !
	Initialyzed swapped data for i = 185, j = 350 sucessfully passed !
	Initialyzed swapped data for i = 185, j = 351 sucessfully passed !
	Initialyzed swapped data for i = 185, j = 352 sucessfully passed !
	Initialyzed swapped data for i = 185, j = 353 sucessfully passed !
	Initialyzed swapped data for i = 185, j = 354 sucessfully passed !
	Initialyzed swapped data for i = 185, j = 355 sucessfully passed !
	Initialyzed swapped data for i = 185, j = 356 sucessfully passed !
	Initialyzed swapped data for i = 185, j = 357 sucessfully passed !
	Initialyzed swapped data for i = 185, j = 358 sucessfully passed !
	Initialyzed swapped data for i = 185, j = 359 sucessfully passed !
	Initialyzed swapped data for i = 185, j = 360 sucessfully passed !
	Initialyzed swapped data for i = 185, j = 361 sucessfully passed !
	Initialyzed swapped data for i = 185, j = 362 sucessfully passed !
	Initialyzed swapped data for i = 185, j = 363 sucessfully passed !
	Initialyzed swapped data for i = 185, j = 364 sucessfully passed !
	Initialyzed swapped data for i = 185, j = 365 sucessfully passed !
	Initialyzed swapped data for i = 185, j = 366 sucessfully passed !
	Initialyzed swapped data for i = 185, j = 367 sucessfully passed !
	Initialyzed swapped data for i = 185, j = 368 sucessfully passed !
	Initialyzed swapped data for i = 185, j = 369 sucessfully passed !
	Initialyzed swapped data for i = 185, j = 370 sucessfully passed !
	Initialyzed swapped data for i = 185, j = 371 sucessfully passed !
	Initialyzed swapped data for i = 185, j = 372 sucessfully passed !
	Initialyzed swapped data for i = 185, j = 373 sucessfully passed !
	Initialyzed swapped data for i = 185, j = 374 sucessfully passed !
	Initialyzed swapped data for i = 185, j = 375 sucessfully passed !
	Initialyzed swapped data for i = 185, j = 376 sucessfully passed !
	Initialyzed swapped data for i = 185, j = 377 sucessfully passed !
	Initialyzed swapped data for i = 185, j = 378 sucessfully passed !
	Initialyzed swapped data for i = 185, j = 379 sucessfully passed !
	Initialyzed swapped data for i = 185, j = 380 sucessfully passed !
	Initialyzed swapped data for i = 185, j = 381 sucessfully passed !
	Initialyzed swapped data for i = 185, j = 382 sucessfully passed !
	Initialyzed swapped data for i = 185, j = 383 sucessfully passed !
	Initialyzed swapped data for i = 185, j = 384 sucessfully passed !
	Initialyzed swapped data for i = 185, j = 385 sucessfully passed !
	Initialyzed swapped data for i = 185, j = 386 sucessfully passed !
	Initialyzed swapped data for i = 185, j = 387 sucessfully passed !
	Initialyzed swapped data for i = 185, j = 388 sucessfully passed !
	Initialyzed swapped data for i = 185, j = 389 sucessfully passed !
	Initialyzed swapped data for i = 185, j = 390 sucessfully passed !
	Initialyzed swapped data for i = 185, j = 391 sucessfully passed !
	Initialyzed swapped data for i = 185, j = 392 sucessfully passed !
	Initialyzed swapped data for i = 185, j = 393 sucessfully passed !
	Initialyzed swapped data for i = 185, j = 394 sucessfully passed !
	Initialyzed swapped data for i = 185, j = 395 sucessfully passed !
	Initialyzed swapped data for i = 185, j = 396 sucessfully passed !
	Initialyzed swapped data for i = 185, j = 397 sucessfully passed !
	Initialyzed swapped data for i = 185, j = 398 sucessfully passed !
	Initialyzed swapped data for i = 185, j = 399 sucessfully passed !
	Initialyzed swapped data for i = 185, j = 400 sucessfully passed !
	Initialyzed swapped data for i = 185, j = 401 sucessfully passed !
	Initialyzed swapped data for i = 185, j = 402 sucessfully passed !
	Initialyzed swapped data for i = 185, j = 403 sucessfully passed !
	Initialyzed swapped data for i = 185, j = 404 sucessfully passed !
	Initialyzed swapped data for i = 185, j = 405 sucessfully passed !
	Initialyzed swapped data for i = 185, j = 406 sucessfully passed !
	Initialyzed swapped data for i = 185, j = 407 sucessfully passed !
	Initialyzed swapped data for i = 185, j = 408 sucessfully passed !
	Initialyzed swapped data for i = 185, j = 409 sucessfully passed !
	Initialyzed swapped data for i = 185, j = 410 sucessfully passed !
	Initialyzed swapped data for i = 185, j = 411 sucessfully passed !
	Initialyzed swapped data for i = 185, j = 412 sucessfully passed !
	Initialyzed swapped data for i = 185, j = 413 sucessfully passed !
	Initialyzed swapped data for i = 185, j = 414 sucessfully passed !
	Initialyzed swapped data for i = 185, j = 415 sucessfully passed !
	Initialyzed swapped data for i = 185, j = 416 sucessfully passed !
	Initialyzed swapped data for i = 185, j = 417 sucessfully passed !
	Initialyzed swapped data for i = 185, j = 418 sucessfully passed !
	Initialyzed swapped data for i = 185, j = 419 sucessfully passed !
	Initialyzed swapped data for i = 185, j = 420 sucessfully passed !
	Initialyzed swapped data for i = 185, j = 421 sucessfully passed !
	Initialyzed swapped data for i = 185, j = 422 sucessfully passed !
	Initialyzed swapped data for i = 185, j = 423 sucessfully passed !
	Initialyzed swapped data for i = 185, j = 424 sucessfully passed !
	Initialyzed swapped data for i = 185, j = 425 sucessfully passed !
	Initialyzed swapped data for i = 185, j = 426 sucessfully passed !
	Initialyzed swapped data for i = 185, j = 427 sucessfully passed !
	Initialyzed swapped data for i = 185, j = 428 sucessfully passed !
	Initialyzed swapped data for i = 185, j = 429 sucessfully passed !
	Initialyzed swapped data for i = 185, j = 430 sucessfully passed !
	Initialyzed swapped data for i = 185, j = 431 sucessfully passed !
	Initialyzed swapped data for i = 185, j = 432 sucessfully passed !
	Initialyzed swapped data for i = 185, j = 433 sucessfully passed !
	Initialyzed swapped data for i = 186, j = 187 sucessfully passed !
	Initialyzed swapped data for i = 186, j = 188 sucessfully passed !
	Initialyzed swapped data for i = 186, j = 189 sucessfully passed !
	Initialyzed swapped data for i = 186, j = 190 sucessfully passed !
	Initialyzed swapped data for i = 186, j = 191 sucessfully passed !
	Initialyzed swapped data for i = 186, j = 192 sucessfully passed !
	Initialyzed swapped data for i = 186, j = 193 sucessfully passed !
	Initialyzed swapped data for i = 186, j = 194 sucessfully passed !
	Initialyzed swapped data for i = 186, j = 195 sucessfully passed !
	Initialyzed swapped data for i = 186, j = 196 sucessfully passed !
	Initialyzed swapped data for i = 186, j = 197 sucessfully passed !
	Initialyzed swapped data for i = 186, j = 198 sucessfully passed !
	Initialyzed swapped data for i = 186, j = 199 sucessfully passed !
	Initialyzed swapped data for i = 186, j = 200 sucessfully passed !
	Initialyzed swapped data for i = 186, j = 201 sucessfully passed !
	Initialyzed swapped data for i = 186, j = 202 sucessfully passed !
	Initialyzed swapped data for i = 186, j = 203 sucessfully passed !
	Initialyzed swapped data for i = 186, j = 204 sucessfully passed !
	Initialyzed swapped data for i = 186, j = 205 sucessfully passed !
	Initialyzed swapped data for i = 186, j = 206 sucessfully passed !
	Initialyzed swapped data for i = 186, j = 207 sucessfully passed !
	Initialyzed swapped data for i = 186, j = 208 sucessfully passed !
	Initialyzed swapped data for i = 186, j = 209 sucessfully passed !
	Initialyzed swapped data for i = 186, j = 210 sucessfully passed !
	Initialyzed swapped data for i = 186, j = 211 sucessfully passed !
	Initialyzed swapped data for i = 186, j = 212 sucessfully passed !
	Initialyzed swapped data for i = 186, j = 213 sucessfully passed !
	Initialyzed swapped data for i = 186, j = 214 sucessfully passed !
	Initialyzed swapped data for i = 186, j = 215 sucessfully passed !
	Initialyzed swapped data for i = 186, j = 216 sucessfully passed !
	Initialyzed swapped data for i = 186, j = 217 sucessfully passed !
	Initialyzed swapped data for i = 186, j = 218 sucessfully passed !
	Initialyzed swapped data for i = 186, j = 219 sucessfully passed !
	Initialyzed swapped data for i = 186, j = 220 sucessfully passed !
	Initialyzed swapped data for i = 186, j = 221 sucessfully passed !
	Initialyzed swapped data for i = 186, j = 222 sucessfully passed !
	Initialyzed swapped data for i = 186, j = 223 sucessfully passed !
	Initialyzed swapped data for i = 186, j = 224 sucessfully passed !
	Initialyzed swapped data for i = 186, j = 225 sucessfully passed !
	Initialyzed swapped data for i = 186, j = 226 sucessfully passed !
	Initialyzed swapped data for i = 186, j = 227 sucessfully passed !
	Initialyzed swapped data for i = 186, j = 228 sucessfully passed !
	Initialyzed swapped data for i = 186, j = 229 sucessfully passed !
	Initialyzed swapped data for i = 186, j = 230 sucessfully passed !
	Initialyzed swapped data for i = 186, j = 231 sucessfully passed !
	Initialyzed swapped data for i = 186, j = 232 sucessfully passed !
	Initialyzed swapped data for i = 186, j = 233 sucessfully passed !
	Initialyzed swapped data for i = 186, j = 234 sucessfully passed !
	Initialyzed swapped data for i = 186, j = 235 sucessfully passed !
	Initialyzed swapped data for i = 186, j = 236 sucessfully passed !
	Initialyzed swapped data for i = 186, j = 237 sucessfully passed !
	Initialyzed swapped data for i = 186, j = 238 sucessfully passed !
	Initialyzed swapped data for i = 186, j = 239 sucessfully passed !
	Initialyzed swapped data for i = 186, j = 240 sucessfully passed !
	Initialyzed swapped data for i = 186, j = 241 sucessfully passed !
	Initialyzed swapped data for i = 186, j = 242 sucessfully passed !
	Initialyzed swapped data for i = 186, j = 243 sucessfully passed !
	Initialyzed swapped data for i = 186, j = 244 sucessfully passed !
	Initialyzed swapped data for i = 186, j = 245 sucessfully passed !
	Initialyzed swapped data for i = 186, j = 246 sucessfully passed !
	Initialyzed swapped data for i = 186, j = 247 sucessfully passed !
	Initialyzed swapped data for i = 186, j = 248 sucessfully passed !
	Initialyzed swapped data for i = 186, j = 249 sucessfully passed !
	Initialyzed swapped data for i = 186, j = 250 sucessfully passed !
	Initialyzed swapped data for i = 186, j = 251 sucessfully passed !
	Initialyzed swapped data for i = 186, j = 252 sucessfully passed !
	Initialyzed swapped data for i = 186, j = 253 sucessfully passed !
	Initialyzed swapped data for i = 186, j = 254 sucessfully passed !
	Initialyzed swapped data for i = 186, j = 255 sucessfully passed !
	Initialyzed swapped data for i = 186, j = 256 sucessfully passed !
	Initialyzed swapped data for i = 186, j = 257 sucessfully passed !
	Initialyzed swapped data for i = 186, j = 258 sucessfully passed !
	Initialyzed swapped data for i = 186, j = 259 sucessfully passed !
	Initialyzed swapped data for i = 186, j = 260 sucessfully passed !
	Initialyzed swapped data for i = 186, j = 261 sucessfully passed !
	Initialyzed swapped data for i = 186, j = 262 sucessfully passed !
	Initialyzed swapped data for i = 186, j = 263 sucessfully passed !
	Initialyzed swapped data for i = 186, j = 264 sucessfully passed !
	Initialyzed swapped data for i = 186, j = 265 sucessfully passed !
	Initialyzed swapped data for i = 186, j = 266 sucessfully passed !
	Initialyzed swapped data for i = 186, j = 267 sucessfully passed !
	Initialyzed swapped data for i = 186, j = 268 sucessfully passed !
	Initialyzed swapped data for i = 186, j = 269 sucessfully passed !
	Initialyzed swapped data for i = 186, j = 270 sucessfully passed !
	Initialyzed swapped data for i = 186, j = 271 sucessfully passed !
	Initialyzed swapped data for i = 186, j = 272 sucessfully passed !
	Initialyzed swapped data for i = 186, j = 273 sucessfully passed !
	Initialyzed swapped data for i = 186, j = 274 sucessfully passed !
	Initialyzed swapped data for i = 186, j = 275 sucessfully passed !
	Initialyzed swapped data for i = 186, j = 276 sucessfully passed !
	Initialyzed swapped data for i = 186, j = 277 sucessfully passed !
	Initialyzed swapped data for i = 186, j = 278 sucessfully passed !
	Initialyzed swapped data for i = 186, j = 279 sucessfully passed !
	Initialyzed swapped data for i = 186, j = 280 sucessfully passed !
	Initialyzed swapped data for i = 186, j = 281 sucessfully passed !
	Initialyzed swapped data for i = 186, j = 282 sucessfully passed !
	Initialyzed swapped data for i = 186, j = 283 sucessfully passed !
	Initialyzed swapped data for i = 186, j = 284 sucessfully passed !
	Initialyzed swapped data for i = 186, j = 285 sucessfully passed !
	Initialyzed swapped data for i = 186, j = 286 sucessfully passed !
	Initialyzed swapped data for i = 186, j = 287 sucessfully passed !
	Initialyzed swapped data for i = 186, j = 288 sucessfully passed !
	Initialyzed swapped data for i = 186, j = 289 sucessfully passed !
	Initialyzed swapped data for i = 186, j = 290 sucessfully passed !
	Initialyzed swapped data for i = 186, j = 291 sucessfully passed !
	Initialyzed swapped data for i = 186, j = 292 sucessfully passed !
	Initialyzed swapped data for i = 186, j = 293 sucessfully passed !
	Initialyzed swapped data for i = 186, j = 294 sucessfully passed !
	Initialyzed swapped data for i = 186, j = 295 sucessfully passed !
	Initialyzed swapped data for i = 186, j = 296 sucessfully passed !
	Initialyzed swapped data for i = 186, j = 297 sucessfully passed !
	Initialyzed swapped data for i = 186, j = 298 sucessfully passed !
	Initialyzed swapped data for i = 186, j = 299 sucessfully passed !
	Initialyzed swapped data for i = 186, j = 300 sucessfully passed !
	Initialyzed swapped data for i = 186, j = 301 sucessfully passed !
	Initialyzed swapped data for i = 186, j = 302 sucessfully passed !
	Initialyzed swapped data for i = 186, j = 303 sucessfully passed !
	Initialyzed swapped data for i = 186, j = 304 sucessfully passed !
	Initialyzed swapped data for i = 186, j = 305 sucessfully passed !
	Initialyzed swapped data for i = 186, j = 306 sucessfully passed !
	Initialyzed swapped data for i = 186, j = 307 sucessfully passed !
	Initialyzed swapped data for i = 186, j = 308 sucessfully passed !
	Initialyzed swapped data for i = 186, j = 309 sucessfully passed !
	Initialyzed swapped data for i = 186, j = 310 sucessfully passed !
	Initialyzed swapped data for i = 186, j = 311 sucessfully passed !
	Initialyzed swapped data for i = 186, j = 312 sucessfully passed !
	Initialyzed swapped data for i = 186, j = 313 sucessfully passed !
	Initialyzed swapped data for i = 186, j = 314 sucessfully passed !
	Initialyzed swapped data for i = 186, j = 315 sucessfully passed !
	Initialyzed swapped data for i = 186, j = 316 sucessfully passed !
	Initialyzed swapped data for i = 186, j = 317 sucessfully passed !
	Initialyzed swapped data for i = 186, j = 318 sucessfully passed !
	Initialyzed swapped data for i = 186, j = 319 sucessfully passed !
	Initialyzed swapped data for i = 186, j = 320 sucessfully passed !
	Initialyzed swapped data for i = 186, j = 321 sucessfully passed !
	Initialyzed swapped data for i = 186, j = 322 sucessfully passed !
	Initialyzed swapped data for i = 186, j = 323 sucessfully passed !
	Initialyzed swapped data for i = 186, j = 324 sucessfully passed !
	Initialyzed swapped data for i = 186, j = 325 sucessfully passed !
	Initialyzed swapped data for i = 186, j = 326 sucessfully passed !
	Initialyzed swapped data for i = 186, j = 327 sucessfully passed !
	Initialyzed swapped data for i = 186, j = 328 sucessfully passed !
	Initialyzed swapped data for i = 186, j = 329 sucessfully passed !
	Initialyzed swapped data for i = 186, j = 330 sucessfully passed !
	Initialyzed swapped data for i = 186, j = 331 sucessfully passed !
	Initialyzed swapped data for i = 186, j = 332 sucessfully passed !
	Initialyzed swapped data for i = 186, j = 333 sucessfully passed !
	Initialyzed swapped data for i = 186, j = 334 sucessfully passed !
	Initialyzed swapped data for i = 186, j = 335 sucessfully passed !
	Initialyzed swapped data for i = 186, j = 336 sucessfully passed !
	Initialyzed swapped data for i = 186, j = 337 sucessfully passed !
	Initialyzed swapped data for i = 186, j = 338 sucessfully passed !
	Initialyzed swapped data for i = 186, j = 339 sucessfully passed !
	Initialyzed swapped data for i = 186, j = 340 sucessfully passed !
	Initialyzed swapped data for i = 186, j = 341 sucessfully passed !
	Initialyzed swapped data for i = 186, j = 342 sucessfully passed !
	Initialyzed swapped data for i = 186, j = 343 sucessfully passed !
	Initialyzed swapped data for i = 186, j = 344 sucessfully passed !
	Initialyzed swapped data for i = 186, j = 345 sucessfully passed !
	Initialyzed swapped data for i = 186, j = 346 sucessfully passed !
	Initialyzed swapped data for i = 186, j = 347 sucessfully passed !
	Initialyzed swapped data for i = 186, j = 348 sucessfully passed !
	Initialyzed swapped data for i = 186, j = 349 sucessfully passed !
	Initialyzed swapped data for i = 186, j = 350 sucessfully passed !
	Initialyzed swapped data for i = 186, j = 351 sucessfully passed !
	Initialyzed swapped data for i = 186, j = 352 sucessfully passed !
	Initialyzed swapped data for i = 186, j = 353 sucessfully passed !
	Initialyzed swapped data for i = 186, j = 354 sucessfully passed !
	Initialyzed swapped data for i = 186, j = 355 sucessfully passed !
	Initialyzed swapped data for i = 186, j = 356 sucessfully passed !
	Initialyzed swapped data for i = 186, j = 357 sucessfully passed !
	Initialyzed swapped data for i = 186, j = 358 sucessfully passed !
	Initialyzed swapped data for i = 186, j = 359 sucessfully passed !
	Initialyzed swapped data for i = 186, j = 360 sucessfully passed !
	Initialyzed swapped data for i = 186, j = 361 sucessfully passed !
	Initialyzed swapped data for i = 186, j = 362 sucessfully passed !
	Initialyzed swapped data for i = 186, j = 363 sucessfully passed !
	Initialyzed swapped data for i = 186, j = 364 sucessfully passed !
	Initialyzed swapped data for i = 186, j = 365 sucessfully passed !
	Initialyzed swapped data for i = 186, j = 366 sucessfully passed !
	Initialyzed swapped data for i = 186, j = 367 sucessfully passed !
	Initialyzed swapped data for i = 186, j = 368 sucessfully passed !
	Initialyzed swapped data for i = 186, j = 369 sucessfully passed !
	Initialyzed swapped data for i = 186, j = 370 sucessfully passed !
	Initialyzed swapped data for i = 186, j = 371 sucessfully passed !
	Initialyzed swapped data for i = 186, j = 372 sucessfully passed !
	Initialyzed swapped data for i = 186, j = 373 sucessfully passed !
	Initialyzed swapped data for i = 186, j = 374 sucessfully passed !
	Initialyzed swapped data for i = 186, j = 375 sucessfully passed !
	Initialyzed swapped data for i = 186, j = 376 sucessfully passed !
	Initialyzed swapped data for i = 186, j = 377 sucessfully passed !
	Initialyzed swapped data for i = 186, j = 378 sucessfully passed !
	Initialyzed swapped data for i = 186, j = 379 sucessfully passed !
	Initialyzed swapped data for i = 186, j = 380 sucessfully passed !
	Initialyzed swapped data for i = 186, j = 381 sucessfully passed !
	Initialyzed swapped data for i = 186, j = 382 sucessfully passed !
	Initialyzed swapped data for i = 186, j = 383 sucessfully passed !
	Initialyzed swapped data for i = 186, j = 384 sucessfully passed !
	Initialyzed swapped data for i = 186, j = 385 sucessfully passed !
	Initialyzed swapped data for i = 186, j = 386 sucessfully passed !
	Initialyzed swapped data for i = 186, j = 387 sucessfully passed !
	Initialyzed swapped data for i = 186, j = 388 sucessfully passed !
	Initialyzed swapped data for i = 186, j = 389 sucessfully passed !
	Initialyzed swapped data for i = 186, j = 390 sucessfully passed !
	Initialyzed swapped data for i = 186, j = 391 sucessfully passed !
	Initialyzed swapped data for i = 186, j = 392 sucessfully passed !
	Initialyzed swapped data for i = 186, j = 393 sucessfully passed !
	Initialyzed swapped data for i = 186, j = 394 sucessfully passed !
	Initialyzed swapped data for i = 186, j = 395 sucessfully passed !
	Initialyzed swapped data for i = 186, j = 396 sucessfully passed !
	Initialyzed swapped data for i = 186, j = 397 sucessfully passed !
	Initialyzed swapped data for i = 186, j = 398 sucessfully passed !
	Initialyzed swapped data for i = 186, j = 399 sucessfully passed !
	Initialyzed swapped data for i = 186, j = 400 sucessfully passed !
	Initialyzed swapped data for i = 186, j = 401 sucessfully passed !
	Initialyzed swapped data for i = 186, j = 402 sucessfully passed !
	Initialyzed swapped data for i = 186, j = 403 sucessfully passed !
	Initialyzed swapped data for i = 186, j = 404 sucessfully passed !
	Initialyzed swapped data for i = 186, j = 405 sucessfully passed !
	Initialyzed swapped data for i = 186, j = 406 sucessfully passed !
	Initialyzed swapped data for i = 186, j = 407 sucessfully passed !
	Initialyzed swapped data for i = 186, j = 408 sucessfully passed !
	Initialyzed swapped data for i = 186, j = 409 sucessfully passed !
	Initialyzed swapped data for i = 186, j = 410 sucessfully passed !
	Initialyzed swapped data for i = 186, j = 411 sucessfully passed !
	Initialyzed swapped data for i = 186, j = 412 sucessfully passed !
	Initialyzed swapped data for i = 186, j = 413 sucessfully passed !
	Initialyzed swapped data for i = 186, j = 414 sucessfully passed !
	Initialyzed swapped data for i = 186, j = 415 sucessfully passed !
	Initialyzed swapped data for i = 186, j = 416 sucessfully passed !
	Initialyzed swapped data for i = 186, j = 417 sucessfully passed !
	Initialyzed swapped data for i = 186, j = 418 sucessfully passed !
	Initialyzed swapped data for i = 186, j = 419 sucessfully passed !
	Initialyzed swapped data for i = 186, j = 420 sucessfully passed !
	Initialyzed swapped data for i = 186, j = 421 sucessfully passed !
	Initialyzed swapped data for i = 186, j = 422 sucessfully passed !
	Initialyzed swapped data for i = 186, j = 423 sucessfully passed !
	Initialyzed swapped data for i = 186, j = 424 sucessfully passed !
	Initialyzed swapped data for i = 186, j = 425 sucessfully passed !
	Initialyzed swapped data for i = 186, j = 426 sucessfully passed !
	Initialyzed swapped data for i = 186, j = 427 sucessfully passed !
	Initialyzed swapped data for i = 186, j = 428 sucessfully passed !
	Initialyzed swapped data for i = 186, j = 429 sucessfully passed !
	Initialyzed swapped data for i = 186, j = 430 sucessfully passed !
	Initialyzed swapped data for i = 186, j = 431 sucessfully passed !
	Initialyzed swapped data for i = 186, j = 432 sucessfully passed !
	Initialyzed swapped data for i = 186, j = 433 sucessfully passed !
	Initialyzed swapped data for i = 187, j = 188 sucessfully passed !
	Initialyzed swapped data for i = 187, j = 189 sucessfully passed !
	Initialyzed swapped data for i = 187, j = 190 sucessfully passed !
	Initialyzed swapped data for i = 187, j = 191 sucessfully passed !
	Initialyzed swapped data for i = 187, j = 192 sucessfully passed !
	Initialyzed swapped data for i = 187, j = 193 sucessfully passed !
	Initialyzed swapped data for i = 187, j = 194 sucessfully passed !
	Initialyzed swapped data for i = 187, j = 195 sucessfully passed !
	Initialyzed swapped data for i = 187, j = 196 sucessfully passed !
	Initialyzed swapped data for i = 187, j = 197 sucessfully passed !
	Initialyzed swapped data for i = 187, j = 198 sucessfully passed !
	Initialyzed swapped data for i = 187, j = 199 sucessfully passed !
	Initialyzed swapped data for i = 187, j = 200 sucessfully passed !
	Initialyzed swapped data for i = 187, j = 201 sucessfully passed !
	Initialyzed swapped data for i = 187, j = 202 sucessfully passed !
	Initialyzed swapped data for i = 187, j = 203 sucessfully passed !
	Initialyzed swapped data for i = 187, j = 204 sucessfully passed !
	Initialyzed swapped data for i = 187, j = 205 sucessfully passed !
	Initialyzed swapped data for i = 187, j = 206 sucessfully passed !
	Initialyzed swapped data for i = 187, j = 207 sucessfully passed !
	Initialyzed swapped data for i = 187, j = 208 sucessfully passed !
	Initialyzed swapped data for i = 187, j = 209 sucessfully passed !
	Initialyzed swapped data for i = 187, j = 210 sucessfully passed !
	Initialyzed swapped data for i = 187, j = 211 sucessfully passed !
	Initialyzed swapped data for i = 187, j = 212 sucessfully passed !
	Initialyzed swapped data for i = 187, j = 213 sucessfully passed !
	Initialyzed swapped data for i = 187, j = 214 sucessfully passed !
	Initialyzed swapped data for i = 187, j = 215 sucessfully passed !
	Initialyzed swapped data for i = 187, j = 216 sucessfully passed !
	Initialyzed swapped data for i = 187, j = 217 sucessfully passed !
	Initialyzed swapped data for i = 187, j = 218 sucessfully passed !
	Initialyzed swapped data for i = 187, j = 219 sucessfully passed !
	Initialyzed swapped data for i = 187, j = 220 sucessfully passed !
	Initialyzed swapped data for i = 187, j = 221 sucessfully passed !
	Initialyzed swapped data for i = 187, j = 222 sucessfully passed !
	Initialyzed swapped data for i = 187, j = 223 sucessfully passed !
	Initialyzed swapped data for i = 187, j = 224 sucessfully passed !
	Initialyzed swapped data for i = 187, j = 225 sucessfully passed !
	Initialyzed swapped data for i = 187, j = 226 sucessfully passed !
	Initialyzed swapped data for i = 187, j = 227 sucessfully passed !
	Initialyzed swapped data for i = 187, j = 228 sucessfully passed !
	Initialyzed swapped data for i = 187, j = 229 sucessfully passed !
	Initialyzed swapped data for i = 187, j = 230 sucessfully passed !
	Initialyzed swapped data for i = 187, j = 231 sucessfully passed !
	Initialyzed swapped data for i = 187, j = 232 sucessfully passed !
	Initialyzed swapped data for i = 187, j = 233 sucessfully passed !
	Initialyzed swapped data for i = 187, j = 234 sucessfully passed !
	Initialyzed swapped data for i = 187, j = 235 sucessfully passed !
	Initialyzed swapped data for i = 187, j = 236 sucessfully passed !
	Initialyzed swapped data for i = 187, j = 237 sucessfully passed !
	Initialyzed swapped data for i = 187, j = 238 sucessfully passed !
	Initialyzed swapped data for i = 187, j = 239 sucessfully passed !
	Initialyzed swapped data for i = 187, j = 240 sucessfully passed !
	Initialyzed swapped data for i = 187, j = 241 sucessfully passed !
	Initialyzed swapped data for i = 187, j = 242 sucessfully passed !
	Initialyzed swapped data for i = 187, j = 243 sucessfully passed !
	Initialyzed swapped data for i = 187, j = 244 sucessfully passed !
	Initialyzed swapped data for i = 187, j = 245 sucessfully passed !
	Initialyzed swapped data for i = 187, j = 246 sucessfully passed !
	Initialyzed swapped data for i = 187, j = 247 sucessfully passed !
	Initialyzed swapped data for i = 187, j = 248 sucessfully passed !
	Initialyzed swapped data for i = 187, j = 249 sucessfully passed !
	Initialyzed swapped data for i = 187, j = 250 sucessfully passed !
	Initialyzed swapped data for i = 187, j = 251 sucessfully passed !
	Initialyzed swapped data for i = 187, j = 252 sucessfully passed !
	Initialyzed swapped data for i = 187, j = 253 sucessfully passed !
	Initialyzed swapped data for i = 187, j = 254 sucessfully passed !
	Initialyzed swapped data for i = 187, j = 255 sucessfully passed !
	Initialyzed swapped data for i = 187, j = 256 sucessfully passed !
	Initialyzed swapped data for i = 187, j = 257 sucessfully passed !
	Initialyzed swapped data for i = 187, j = 258 sucessfully passed !
	Initialyzed swapped data for i = 187, j = 259 sucessfully passed !
	Initialyzed swapped data for i = 187, j = 260 sucessfully passed !
	Initialyzed swapped data for i = 187, j = 261 sucessfully passed !
	Initialyzed swapped data for i = 187, j = 262 sucessfully passed !
	Initialyzed swapped data for i = 187, j = 263 sucessfully passed !
	Initialyzed swapped data for i = 187, j = 264 sucessfully passed !
	Initialyzed swapped data for i = 187, j = 265 sucessfully passed !
	Initialyzed swapped data for i = 187, j = 266 sucessfully passed !
	Initialyzed swapped data for i = 187, j = 267 sucessfully passed !
	Initialyzed swapped data for i = 187, j = 268 sucessfully passed !
	Initialyzed swapped data for i = 187, j = 269 sucessfully passed !
	Initialyzed swapped data for i = 187, j = 270 sucessfully passed !
	Initialyzed swapped data for i = 187, j = 271 sucessfully passed !
	Initialyzed swapped data for i = 187, j = 272 sucessfully passed !
	Initialyzed swapped data for i = 187, j = 273 sucessfully passed !
	Initialyzed swapped data for i = 187, j = 274 sucessfully passed !
	Initialyzed swapped data for i = 187, j = 275 sucessfully passed !
	Initialyzed swapped data for i = 187, j = 276 sucessfully passed !
	Initialyzed swapped data for i = 187, j = 277 sucessfully passed !
	Initialyzed swapped data for i = 187, j = 278 sucessfully passed !
	Initialyzed swapped data for i = 187, j = 279 sucessfully passed !
	Initialyzed swapped data for i = 187, j = 280 sucessfully passed !
	Initialyzed swapped data for i = 187, j = 281 sucessfully passed !
	Initialyzed swapped data for i = 187, j = 282 sucessfully passed !
	Initialyzed swapped data for i = 187, j = 283 sucessfully passed !
	Initialyzed swapped data for i = 187, j = 284 sucessfully passed !
	Initialyzed swapped data for i = 187, j = 285 sucessfully passed !
	Initialyzed swapped data for i = 187, j = 286 sucessfully passed !
	Initialyzed swapped data for i = 187, j = 287 sucessfully passed !
	Initialyzed swapped data for i = 187, j = 288 sucessfully passed !
	Initialyzed swapped data for i = 187, j = 289 sucessfully passed !
	Initialyzed swapped data for i = 187, j = 290 sucessfully passed !
	Initialyzed swapped data for i = 187, j = 291 sucessfully passed !
	Initialyzed swapped data for i = 187, j = 292 sucessfully passed !
	Initialyzed swapped data for i = 187, j = 293 sucessfully passed !
	Initialyzed swapped data for i = 187, j = 294 sucessfully passed !
	Initialyzed swapped data for i = 187, j = 295 sucessfully passed !
	Initialyzed swapped data for i = 187, j = 296 sucessfully passed !
	Initialyzed swapped data for i = 187, j = 297 sucessfully passed !
	Initialyzed swapped data for i = 187, j = 298 sucessfully passed !
	Initialyzed swapped data for i = 187, j = 299 sucessfully passed !
	Initialyzed swapped data for i = 187, j = 300 sucessfully passed !
	Initialyzed swapped data for i = 187, j = 301 sucessfully passed !
	Initialyzed swapped data for i = 187, j = 302 sucessfully passed !
	Initialyzed swapped data for i = 187, j = 303 sucessfully passed !
	Initialyzed swapped data for i = 187, j = 304 sucessfully passed !
	Initialyzed swapped data for i = 187, j = 305 sucessfully passed !
	Initialyzed swapped data for i = 187, j = 306 sucessfully passed !
	Initialyzed swapped data for i = 187, j = 307 sucessfully passed !
	Initialyzed swapped data for i = 187, j = 308 sucessfully passed !
	Initialyzed swapped data for i = 187, j = 309 sucessfully passed !
	Initialyzed swapped data for i = 187, j = 310 sucessfully passed !
	Initialyzed swapped data for i = 187, j = 311 sucessfully passed !
	Initialyzed swapped data for i = 187, j = 312 sucessfully passed !
	Initialyzed swapped data for i = 187, j = 313 sucessfully passed !
	Initialyzed swapped data for i = 187, j = 314 sucessfully passed !
	Initialyzed swapped data for i = 187, j = 315 sucessfully passed !
	Initialyzed swapped data for i = 187, j = 316 sucessfully passed !
	Initialyzed swapped data for i = 187, j = 317 sucessfully passed !
	Initialyzed swapped data for i = 187, j = 318 sucessfully passed !
	Initialyzed swapped data for i = 187, j = 319 sucessfully passed !
	Initialyzed swapped data for i = 187, j = 320 sucessfully passed !
	Initialyzed swapped data for i = 187, j = 321 sucessfully passed !
	Initialyzed swapped data for i = 187, j = 322 sucessfully passed !
	Initialyzed swapped data for i = 187, j = 323 sucessfully passed !
	Initialyzed swapped data for i = 187, j = 324 sucessfully passed !
	Initialyzed swapped data for i = 187, j = 325 sucessfully passed !
	Initialyzed swapped data for i = 187, j = 326 sucessfully passed !
	Initialyzed swapped data for i = 187, j = 327 sucessfully passed !
	Initialyzed swapped data for i = 187, j = 328 sucessfully passed !
	Initialyzed swapped data for i = 187, j = 329 sucessfully passed !
	Initialyzed swapped data for i = 187, j = 330 sucessfully passed !
	Initialyzed swapped data for i = 187, j = 331 sucessfully passed !
	Initialyzed swapped data for i = 187, j = 332 sucessfully passed !
	Initialyzed swapped data for i = 187, j = 333 sucessfully passed !
	Initialyzed swapped data for i = 187, j = 334 sucessfully passed !
	Initialyzed swapped data for i = 187, j = 335 sucessfully passed !
	Initialyzed swapped data for i = 187, j = 336 sucessfully passed !
	Initialyzed swapped data for i = 187, j = 337 sucessfully passed !
	Initialyzed swapped data for i = 187, j = 338 sucessfully passed !
	Initialyzed swapped data for i = 187, j = 339 sucessfully passed !
	Initialyzed swapped data for i = 187, j = 340 sucessfully passed !
	Initialyzed swapped data for i = 187, j = 341 sucessfully passed !
	Initialyzed swapped data for i = 187, j = 342 sucessfully passed !
	Initialyzed swapped data for i = 187, j = 343 sucessfully passed !
	Initialyzed swapped data for i = 187, j = 344 sucessfully passed !
	Initialyzed swapped data for i = 187, j = 345 sucessfully passed !
	Initialyzed swapped data for i = 187, j = 346 sucessfully passed !
	Initialyzed swapped data for i = 187, j = 347 sucessfully passed !
	Initialyzed swapped data for i = 187, j = 348 sucessfully passed !
	Initialyzed swapped data for i = 187, j = 349 sucessfully passed !
	Initialyzed swapped data for i = 187, j = 350 sucessfully passed !
	Initialyzed swapped data for i = 187, j = 351 sucessfully passed !
	Initialyzed swapped data for i = 187, j = 352 sucessfully passed !
	Initialyzed swapped data for i = 187, j = 353 sucessfully passed !
	Initialyzed swapped data for i = 187, j = 354 sucessfully passed !
	Initialyzed swapped data for i = 187, j = 355 sucessfully passed !
	Initialyzed swapped data for i = 187, j = 356 sucessfully passed !
	Initialyzed swapped data for i = 187, j = 357 sucessfully passed !
	Initialyzed swapped data for i = 187, j = 358 sucessfully passed !
	Initialyzed swapped data for i = 187, j = 359 sucessfully passed !
	Initialyzed swapped data for i = 187, j = 360 sucessfully passed !
	Initialyzed swapped data for i = 187, j = 361 sucessfully passed !
	Initialyzed swapped data for i = 187, j = 362 sucessfully passed !
	Initialyzed swapped data for i = 187, j = 363 sucessfully passed !
	Initialyzed swapped data for i = 187, j = 364 sucessfully passed !
	Initialyzed swapped data for i = 187, j = 365 sucessfully passed !
	Initialyzed swapped data for i = 187, j = 366 sucessfully passed !
	Initialyzed swapped data for i = 187, j = 367 sucessfully passed !
	Initialyzed swapped data for i = 187, j = 368 sucessfully passed !
	Initialyzed swapped data for i = 187, j = 369 sucessfully passed !
	Initialyzed swapped data for i = 187, j = 370 sucessfully passed !
	Initialyzed swapped data for i = 187, j = 371 sucessfully passed !
	Initialyzed swapped data for i = 187, j = 372 sucessfully passed !
	Initialyzed swapped data for i = 187, j = 373 sucessfully passed !
	Initialyzed swapped data for i = 187, j = 374 sucessfully passed !
	Initialyzed swapped data for i = 187, j = 375 sucessfully passed !
	Initialyzed swapped data for i = 187, j = 376 sucessfully passed !
	Initialyzed swapped data for i = 187, j = 377 sucessfully passed !
	Initialyzed swapped data for i = 187, j = 378 sucessfully passed !
	Initialyzed swapped data for i = 187, j = 379 sucessfully passed !
	Initialyzed swapped data for i = 187, j = 380 sucessfully passed !
	Initialyzed swapped data for i = 187, j = 381 sucessfully passed !
	Initialyzed swapped data for i = 187, j = 382 sucessfully passed !
	Initialyzed swapped data for i = 187, j = 383 sucessfully passed !
	Initialyzed swapped data for i = 187, j = 384 sucessfully passed !
	Initialyzed swapped data for i = 187, j = 385 sucessfully passed !
	Initialyzed swapped data for i = 187, j = 386 sucessfully passed !
	Initialyzed swapped data for i = 187, j = 387 sucessfully passed !
	Initialyzed swapped data for i = 187, j = 388 sucessfully passed !
	Initialyzed swapped data for i = 187, j = 389 sucessfully passed !
	Initialyzed swapped data for i = 187, j = 390 sucessfully passed !
	Initialyzed swapped data for i = 187, j = 391 sucessfully passed !
	Initialyzed swapped data for i = 187, j = 392 sucessfully passed !
	Initialyzed swapped data for i = 187, j = 393 sucessfully passed !
	Initialyzed swapped data for i = 187, j = 394 sucessfully passed !
	Initialyzed swapped data for i = 187, j = 395 sucessfully passed !
	Initialyzed swapped data for i = 187, j = 396 sucessfully passed !
	Initialyzed swapped data for i = 187, j = 397 sucessfully passed !
	Initialyzed swapped data for i = 187, j = 398 sucessfully passed !
	Initialyzed swapped data for i = 187, j = 399 sucessfully passed !
	Initialyzed swapped data for i = 187, j = 400 sucessfully passed !
	Initialyzed swapped data for i = 187, j = 401 sucessfully passed !
	Initialyzed swapped data for i = 187, j = 402 sucessfully passed !
	Initialyzed swapped data for i = 187, j = 403 sucessfully passed !
	Initialyzed swapped data for i = 187, j = 404 sucessfully passed !
	Initialyzed swapped data for i = 187, j = 405 sucessfully passed !
	Initialyzed swapped data for i = 187, j = 406 sucessfully passed !
	Initialyzed swapped data for i = 187, j = 407 sucessfully passed !
	Initialyzed swapped data for i = 187, j = 408 sucessfully passed !
	Initialyzed swapped data for i = 187, j = 409 sucessfully passed !
	Initialyzed swapped data for i = 187, j = 410 sucessfully passed !
	Initialyzed swapped data for i = 187, j = 411 sucessfully passed !
	Initialyzed swapped data for i = 187, j = 412 sucessfully passed !
	Initialyzed swapped data for i = 187, j = 413 sucessfully passed !
	Initialyzed swapped data for i = 187, j = 414 sucessfully passed !
	Initialyzed swapped data for i = 187, j = 415 sucessfully passed !
	Initialyzed swapped data for i = 187, j = 416 sucessfully passed !
	Initialyzed swapped data for i = 187, j = 417 sucessfully passed !
	Initialyzed swapped data for i = 187, j = 418 sucessfully passed !
	Initialyzed swapped data for i = 187, j = 419 sucessfully passed !
	Initialyzed swapped data for i = 187, j = 420 sucessfully passed !
	Initialyzed swapped data for i = 187, j = 421 sucessfully passed !
	Initialyzed swapped data for i = 187, j = 422 sucessfully passed !
	Initialyzed swapped data for i = 187, j = 423 sucessfully passed !
	Initialyzed swapped data for i = 187, j = 424 sucessfully passed !
	Initialyzed swapped data for i = 187, j = 425 sucessfully passed !
	Initialyzed swapped data for i = 187, j = 426 sucessfully passed !
	Initialyzed swapped data for i = 187, j = 427 sucessfully passed !
	Initialyzed swapped data for i = 187, j = 428 sucessfully passed !
	Initialyzed swapped data for i = 187, j = 429 sucessfully passed !
	Initialyzed swapped data for i = 187, j = 430 sucessfully passed !
	Initialyzed swapped data for i = 187, j = 431 sucessfully passed !
	Initialyzed swapped data for i = 187, j = 432 sucessfully passed !
	Initialyzed swapped data for i = 187, j = 433 sucessfully passed !
	Initialyzed swapped data for i = 188, j = 189 sucessfully passed !
	Initialyzed swapped data for i = 188, j = 190 sucessfully passed !
	Initialyzed swapped data for i = 188, j = 191 sucessfully passed !
	Initialyzed swapped data for i = 188, j = 192 sucessfully passed !
	Initialyzed swapped data for i = 188, j = 193 sucessfully passed !
	Initialyzed swapped data for i = 188, j = 194 sucessfully passed !
	Initialyzed swapped data for i = 188, j = 195 sucessfully passed !
	Initialyzed swapped data for i = 188, j = 196 sucessfully passed !
	Initialyzed swapped data for i = 188, j = 197 sucessfully passed !
	Initialyzed swapped data for i = 188, j = 198 sucessfully passed !
	Initialyzed swapped data for i = 188, j = 199 sucessfully passed !
	Initialyzed swapped data for i = 188, j = 200 sucessfully passed !
	Initialyzed swapped data for i = 188, j = 201 sucessfully passed !
	Initialyzed swapped data for i = 188, j = 202 sucessfully passed !
	Initialyzed swapped data for i = 188, j = 203 sucessfully passed !
	Initialyzed swapped data for i = 188, j = 204 sucessfully passed !
	Initialyzed swapped data for i = 188, j = 205 sucessfully passed !
	Initialyzed swapped data for i = 188, j = 206 sucessfully passed !
	Initialyzed swapped data for i = 188, j = 207 sucessfully passed !
	Initialyzed swapped data for i = 188, j = 208 sucessfully passed !
	Initialyzed swapped data for i = 188, j = 209 sucessfully passed !
	Initialyzed swapped data for i = 188, j = 210 sucessfully passed !
	Initialyzed swapped data for i = 188, j = 211 sucessfully passed !
	Initialyzed swapped data for i = 188, j = 212 sucessfully passed !
	Initialyzed swapped data for i = 188, j = 213 sucessfully passed !
	Initialyzed swapped data for i = 188, j = 214 sucessfully passed !
	Initialyzed swapped data for i = 188, j = 215 sucessfully passed !
	Initialyzed swapped data for i = 188, j = 216 sucessfully passed !
	Initialyzed swapped data for i = 188, j = 217 sucessfully passed !
	Initialyzed swapped data for i = 188, j = 218 sucessfully passed !
	Initialyzed swapped data for i = 188, j = 219 sucessfully passed !
	Initialyzed swapped data for i = 188, j = 220 sucessfully passed !
	Initialyzed swapped data for i = 188, j = 221 sucessfully passed !
	Initialyzed swapped data for i = 188, j = 222 sucessfully passed !
	Initialyzed swapped data for i = 188, j = 223 sucessfully passed !
	Initialyzed swapped data for i = 188, j = 224 sucessfully passed !
	Initialyzed swapped data for i = 188, j = 225 sucessfully passed !
	Initialyzed swapped data for i = 188, j = 226 sucessfully passed !
	Initialyzed swapped data for i = 188, j = 227 sucessfully passed !
	Initialyzed swapped data for i = 188, j = 228 sucessfully passed !
	Initialyzed swapped data for i = 188, j = 229 sucessfully passed !
	Initialyzed swapped data for i = 188, j = 230 sucessfully passed !
	Initialyzed swapped data for i = 188, j = 231 sucessfully passed !
	Initialyzed swapped data for i = 188, j = 232 sucessfully passed !
	Initialyzed swapped data for i = 188, j = 233 sucessfully passed !
	Initialyzed swapped data for i = 188, j = 234 sucessfully passed !
	Initialyzed swapped data for i = 188, j = 235 sucessfully passed !
	Initialyzed swapped data for i = 188, j = 236 sucessfully passed !
	Initialyzed swapped data for i = 188, j = 237 sucessfully passed !
	Initialyzed swapped data for i = 188, j = 238 sucessfully passed !
	Initialyzed swapped data for i = 188, j = 239 sucessfully passed !
	Initialyzed swapped data for i = 188, j = 240 sucessfully passed !
	Initialyzed swapped data for i = 188, j = 241 sucessfully passed !
	Initialyzed swapped data for i = 188, j = 242 sucessfully passed !
	Initialyzed swapped data for i = 188, j = 243 sucessfully passed !
	Initialyzed swapped data for i = 188, j = 244 sucessfully passed !
	Initialyzed swapped data for i = 188, j = 245 sucessfully passed !
	Initialyzed swapped data for i = 188, j = 246 sucessfully passed !
	Initialyzed swapped data for i = 188, j = 247 sucessfully passed !
	Initialyzed swapped data for i = 188, j = 248 sucessfully passed !
	Initialyzed swapped data for i = 188, j = 249 sucessfully passed !
	Initialyzed swapped data for i = 188, j = 250 sucessfully passed !
	Initialyzed swapped data for i = 188, j = 251 sucessfully passed !
	Initialyzed swapped data for i = 188, j = 252 sucessfully passed !
	Initialyzed swapped data for i = 188, j = 253 sucessfully passed !
	Initialyzed swapped data for i = 188, j = 254 sucessfully passed !
	Initialyzed swapped data for i = 188, j = 255 sucessfully passed !
	Initialyzed swapped data for i = 188, j = 256 sucessfully passed !
	Initialyzed swapped data for i = 188, j = 257 sucessfully passed !
	Initialyzed swapped data for i = 188, j = 258 sucessfully passed !
	Initialyzed swapped data for i = 188, j = 259 sucessfully passed !
	Initialyzed swapped data for i = 188, j = 260 sucessfully passed !
	Initialyzed swapped data for i = 188, j = 261 sucessfully passed !
	Initialyzed swapped data for i = 188, j = 262 sucessfully passed !
	Initialyzed swapped data for i = 188, j = 263 sucessfully passed !
	Initialyzed swapped data for i = 188, j = 264 sucessfully passed !
	Initialyzed swapped data for i = 188, j = 265 sucessfully passed !
	Initialyzed swapped data for i = 188, j = 266 sucessfully passed !
	Initialyzed swapped data for i = 188, j = 267 sucessfully passed !
	Initialyzed swapped data for i = 188, j = 268 sucessfully passed !
	Initialyzed swapped data for i = 188, j = 269 sucessfully passed !
	Initialyzed swapped data for i = 188, j = 270 sucessfully passed !
	Initialyzed swapped data for i = 188, j = 271 sucessfully passed !
	Initialyzed swapped data for i = 188, j = 272 sucessfully passed !
	Initialyzed swapped data for i = 188, j = 273 sucessfully passed !
	Initialyzed swapped data for i = 188, j = 274 sucessfully passed !
	Initialyzed swapped data for i = 188, j = 275 sucessfully passed !
	Initialyzed swapped data for i = 188, j = 276 sucessfully passed !
	Initialyzed swapped data for i = 188, j = 277 sucessfully passed !
	Initialyzed swapped data for i = 188, j = 278 sucessfully passed !
	Initialyzed swapped data for i = 188, j = 279 sucessfully passed !
	Initialyzed swapped data for i = 188, j = 280 sucessfully passed !
	Initialyzed swapped data for i = 188, j = 281 sucessfully passed !
	Initialyzed swapped data for i = 188, j = 282 sucessfully passed !
	Initialyzed swapped data for i = 188, j = 283 sucessfully passed !
	Initialyzed swapped data for i = 188, j = 284 sucessfully passed !
	Initialyzed swapped data for i = 188, j = 285 sucessfully passed !
	Initialyzed swapped data for i = 188, j = 286 sucessfully passed !
	Initialyzed swapped data for i = 188, j = 287 sucessfully passed !
	Initialyzed swapped data for i = 188, j = 288 sucessfully passed !
	Initialyzed swapped data for i = 188, j = 289 sucessfully passed !
	Initialyzed swapped data for i = 188, j = 290 sucessfully passed !
	Initialyzed swapped data for i = 188, j = 291 sucessfully passed !
	Initialyzed swapped data for i = 188, j = 292 sucessfully passed !
	Initialyzed swapped data for i = 188, j = 293 sucessfully passed !
	Initialyzed swapped data for i = 188, j = 294 sucessfully passed !
	Initialyzed swapped data for i = 188, j = 295 sucessfully passed !
	Initialyzed swapped data for i = 188, j = 296 sucessfully passed !
	Initialyzed swapped data for i = 188, j = 297 sucessfully passed !
	Initialyzed swapped data for i = 188, j = 298 sucessfully passed !
	Initialyzed swapped data for i = 188, j = 299 sucessfully passed !
	Initialyzed swapped data for i = 188, j = 300 sucessfully passed !
	Initialyzed swapped data for i = 188, j = 301 sucessfully passed !
	Initialyzed swapped data for i = 188, j = 302 sucessfully passed !
	Initialyzed swapped data for i = 188, j = 303 sucessfully passed !
	Initialyzed swapped data for i = 188, j = 304 sucessfully passed !
	Initialyzed swapped data for i = 188, j = 305 sucessfully passed !
	Initialyzed swapped data for i = 188, j = 306 sucessfully passed !
	Initialyzed swapped data for i = 188, j = 307 sucessfully passed !
	Initialyzed swapped data for i = 188, j = 308 sucessfully passed !
	Initialyzed swapped data for i = 188, j = 309 sucessfully passed !
	Initialyzed swapped data for i = 188, j = 310 sucessfully passed !
	Initialyzed swapped data for i = 188, j = 311 sucessfully passed !
	Initialyzed swapped data for i = 188, j = 312 sucessfully passed !
	Initialyzed swapped data for i = 188, j = 313 sucessfully passed !
	Initialyzed swapped data for i = 188, j = 314 sucessfully passed !
	Initialyzed swapped data for i = 188, j = 315 sucessfully passed !
	Initialyzed swapped data for i = 188, j = 316 sucessfully passed !
	Initialyzed swapped data for i = 188, j = 317 sucessfully passed !
	Initialyzed swapped data for i = 188, j = 318 sucessfully passed !
	Initialyzed swapped data for i = 188, j = 319 sucessfully passed !
	Initialyzed swapped data for i = 188, j = 320 sucessfully passed !
	Initialyzed swapped data for i = 188, j = 321 sucessfully passed !
	Initialyzed swapped data for i = 188, j = 322 sucessfully passed !
	Initialyzed swapped data for i = 188, j = 323 sucessfully passed !
	Initialyzed swapped data for i = 188, j = 324 sucessfully passed !
	Initialyzed swapped data for i = 188, j = 325 sucessfully passed !
	Initialyzed swapped data for i = 188, j = 326 sucessfully passed !
	Initialyzed swapped data for i = 188, j = 327 sucessfully passed !
	Initialyzed swapped data for i = 188, j = 328 sucessfully passed !
	Initialyzed swapped data for i = 188, j = 329 sucessfully passed !
	Initialyzed swapped data for i = 188, j = 330 sucessfully passed !
	Initialyzed swapped data for i = 188, j = 331 sucessfully passed !
	Initialyzed swapped data for i = 188, j = 332 sucessfully passed !
	Initialyzed swapped data for i = 188, j = 333 sucessfully passed !
	Initialyzed swapped data for i = 188, j = 334 sucessfully passed !
	Initialyzed swapped data for i = 188, j = 335 sucessfully passed !
	Initialyzed swapped data for i = 188, j = 336 sucessfully passed !
	Initialyzed swapped data for i = 188, j = 337 sucessfully passed !
	Initialyzed swapped data for i = 188, j = 338 sucessfully passed !
	Initialyzed swapped data for i = 188, j = 339 sucessfully passed !
	Initialyzed swapped data for i = 188, j = 340 sucessfully passed !
	Initialyzed swapped data for i = 188, j = 341 sucessfully passed !
	Initialyzed swapped data for i = 188, j = 342 sucessfully passed !
	Initialyzed swapped data for i = 188, j = 343 sucessfully passed !
	Initialyzed swapped data for i = 188, j = 344 sucessfully passed !
	Initialyzed swapped data for i = 188, j = 345 sucessfully passed !
	Initialyzed swapped data for i = 188, j = 346 sucessfully passed !
	Initialyzed swapped data for i = 188, j = 347 sucessfully passed !
	Initialyzed swapped data for i = 188, j = 348 sucessfully passed !
	Initialyzed swapped data for i = 188, j = 349 sucessfully passed !
	Initialyzed swapped data for i = 188, j = 350 sucessfully passed !
	Initialyzed swapped data for i = 188, j = 351 sucessfully passed !
	Initialyzed swapped data for i = 188, j = 352 sucessfully passed !
	Initialyzed swapped data for i = 188, j = 353 sucessfully passed !
	Initialyzed swapped data for i = 188, j = 354 sucessfully passed !
	Initialyzed swapped data for i = 188, j = 355 sucessfully passed !
	Initialyzed swapped data for i = 188, j = 356 sucessfully passed !
	Initialyzed swapped data for i = 188, j = 357 sucessfully passed !
	Initialyzed swapped data for i = 188, j = 358 sucessfully passed !
	Initialyzed swapped data for i = 188, j = 359 sucessfully passed !
	Initialyzed swapped data for i = 188, j = 360 sucessfully passed !
	Initialyzed swapped data for i = 188, j = 361 sucessfully passed !
	Initialyzed swapped data for i = 188, j = 362 sucessfully passed !
	Initialyzed swapped data for i = 188, j = 363 sucessfully passed !
	Initialyzed swapped data for i = 188, j = 364 sucessfully passed !
	Initialyzed swapped data for i = 188, j = 365 sucessfully passed !
	Initialyzed swapped data for i = 188, j = 366 sucessfully passed !
	Initialyzed swapped data for i = 188, j = 367 sucessfully passed !
	Initialyzed swapped data for i = 188, j = 368 sucessfully passed !
	Initialyzed swapped data for i = 188, j = 369 sucessfully passed !
	Initialyzed swapped data for i = 188, j = 370 sucessfully passed !
	Initialyzed swapped data for i = 188, j = 371 sucessfully passed !
	Initialyzed swapped data for i = 188, j = 372 sucessfully passed !
	Initialyzed swapped data for i = 188, j = 373 sucessfully passed !
	Initialyzed swapped data for i = 188, j = 374 sucessfully passed !
	Initialyzed swapped data for i = 188, j = 375 sucessfully passed !
	Initialyzed swapped data for i = 188, j = 376 sucessfully passed !
	Initialyzed swapped data for i = 188, j = 377 sucessfully passed !
	Initialyzed swapped data for i = 188, j = 378 sucessfully passed !
	Initialyzed swapped data for i = 188, j = 379 sucessfully passed !
	Initialyzed swapped data for i = 188, j = 380 sucessfully passed !
	Initialyzed swapped data for i = 188, j = 381 sucessfully passed !
	Initialyzed swapped data for i = 188, j = 382 sucessfully passed !
	Initialyzed swapped data for i = 188, j = 383 sucessfully passed !
	Initialyzed swapped data for i = 188, j = 384 sucessfully passed !
	Initialyzed swapped data for i = 188, j = 385 sucessfully passed !
	Initialyzed swapped data for i = 188, j = 386 sucessfully passed !
	Initialyzed swapped data for i = 188, j = 387 sucessfully passed !
	Initialyzed swapped data for i = 188, j = 388 sucessfully passed !
	Initialyzed swapped data for i = 188, j = 389 sucessfully passed !
	Initialyzed swapped data for i = 188, j = 390 sucessfully passed !
	Initialyzed swapped data for i = 188, j = 391 sucessfully passed !
	Initialyzed swapped data for i = 188, j = 392 sucessfully passed !
	Initialyzed swapped data for i = 188, j = 393 sucessfully passed !
	Initialyzed swapped data for i = 188, j = 394 sucessfully passed !
	Initialyzed swapped data for i = 188, j = 395 sucessfully passed !
	Initialyzed swapped data for i = 188, j = 396 sucessfully passed !
	Initialyzed swapped data for i = 188, j = 397 sucessfully passed !
	Initialyzed swapped data for i = 188, j = 398 sucessfully passed !
	Initialyzed swapped data for i = 188, j = 399 sucessfully passed !
	Initialyzed swapped data for i = 188, j = 400 sucessfully passed !
	Initialyzed swapped data for i = 188, j = 401 sucessfully passed !
	Initialyzed swapped data for i = 188, j = 402 sucessfully passed !
	Initialyzed swapped data for i = 188, j = 403 sucessfully passed !
	Initialyzed swapped data for i = 188, j = 404 sucessfully passed !
	Initialyzed swapped data for i = 188, j = 405 sucessfully passed !
	Initialyzed swapped data for i = 188, j = 406 sucessfully passed !
	Initialyzed swapped data for i = 188, j = 407 sucessfully passed !
	Initialyzed swapped data for i = 188, j = 408 sucessfully passed !
	Initialyzed swapped data for i = 188, j = 409 sucessfully passed !
	Initialyzed swapped data for i = 188, j = 410 sucessfully passed !
	Initialyzed swapped data for i = 188, j = 411 sucessfully passed !
	Initialyzed swapped data for i = 188, j = 412 sucessfully passed !
	Initialyzed swapped data for i = 188, j = 413 sucessfully passed !
	Initialyzed swapped data for i = 188, j = 414 sucessfully passed !
	Initialyzed swapped data for i = 188, j = 415 sucessfully passed !
	Initialyzed swapped data for i = 188, j = 416 sucessfully passed !
	Initialyzed swapped data for i = 188, j = 417 sucessfully passed !
	Initialyzed swapped data for i = 188, j = 418 sucessfully passed !
	Initialyzed swapped data for i = 188, j = 419 sucessfully passed !
	Initialyzed swapped data for i = 188, j = 420 sucessfully passed !
	Initialyzed swapped data for i = 188, j = 421 sucessfully passed !
	Initialyzed swapped data for i = 188, j = 422 sucessfully passed !
	Initialyzed swapped data for i = 188, j = 423 sucessfully passed !
	Initialyzed swapped data for i = 188, j = 424 sucessfully passed !
	Initialyzed swapped data for i = 188, j = 425 sucessfully passed !
	Initialyzed swapped data for i = 188, j = 426 sucessfully passed !
	Initialyzed swapped data for i = 188, j = 427 sucessfully passed !
	Initialyzed swapped data for i = 188, j = 428 sucessfully passed !
	Initialyzed swapped data for i = 188, j = 429 sucessfully passed !
	Initialyzed swapped data for i = 188, j = 430 sucessfully passed !
	Initialyzed swapped data for i = 188, j = 431 sucessfully passed !
	Initialyzed swapped data for i = 188, j = 432 sucessfully passed !
	Initialyzed swapped data for i = 188, j = 433 sucessfully passed !
	Initialyzed swapped data for i = 189, j = 190 sucessfully passed !
	Initialyzed swapped data for i = 189, j = 191 sucessfully passed !
	Initialyzed swapped data for i = 189, j = 192 sucessfully passed !
	Initialyzed swapped data for i = 189, j = 193 sucessfully passed !
	Initialyzed swapped data for i = 189, j = 194 sucessfully passed !
	Initialyzed swapped data for i = 189, j = 195 sucessfully passed !
	Initialyzed swapped data for i = 189, j = 196 sucessfully passed !
	Initialyzed swapped data for i = 189, j = 197 sucessfully passed !
	Initialyzed swapped data for i = 189, j = 198 sucessfully passed !
	Initialyzed swapped data for i = 189, j = 199 sucessfully passed !
	Initialyzed swapped data for i = 189, j = 200 sucessfully passed !
	Initialyzed swapped data for i = 189, j = 201 sucessfully passed !
	Initialyzed swapped data for i = 189, j = 202 sucessfully passed !
	Initialyzed swapped data for i = 189, j = 203 sucessfully passed !
	Initialyzed swapped data for i = 189, j = 204 sucessfully passed !
	Initialyzed swapped data for i = 189, j = 205 sucessfully passed !
	Initialyzed swapped data for i = 189, j = 206 sucessfully passed !
	Initialyzed swapped data for i = 189, j = 207 sucessfully passed !
	Initialyzed swapped data for i = 189, j = 208 sucessfully passed !
	Initialyzed swapped data for i = 189, j = 209 sucessfully passed !
	Initialyzed swapped data for i = 189, j = 210 sucessfully passed !
	Initialyzed swapped data for i = 189, j = 211 sucessfully passed !
	Initialyzed swapped data for i = 189, j = 212 sucessfully passed !
	Initialyzed swapped data for i = 189, j = 213 sucessfully passed !
	Initialyzed swapped data for i = 189, j = 214 sucessfully passed !
	Initialyzed swapped data for i = 189, j = 215 sucessfully passed !
	Initialyzed swapped data for i = 189, j = 216 sucessfully passed !
	Initialyzed swapped data for i = 189, j = 217 sucessfully passed !
	Initialyzed swapped data for i = 189, j = 218 sucessfully passed !
	Initialyzed swapped data for i = 189, j = 219 sucessfully passed !
	Initialyzed swapped data for i = 189, j = 220 sucessfully passed !
	Initialyzed swapped data for i = 189, j = 221 sucessfully passed !
	Initialyzed swapped data for i = 189, j = 222 sucessfully passed !
	Initialyzed swapped data for i = 189, j = 223 sucessfully passed !
	Initialyzed swapped data for i = 189, j = 224 sucessfully passed !
	Initialyzed swapped data for i = 189, j = 225 sucessfully passed !
	Initialyzed swapped data for i = 189, j = 226 sucessfully passed !
	Initialyzed swapped data for i = 189, j = 227 sucessfully passed !
	Initialyzed swapped data for i = 189, j = 228 sucessfully passed !
	Initialyzed swapped data for i = 189, j = 229 sucessfully passed !
	Initialyzed swapped data for i = 189, j = 230 sucessfully passed !
	Initialyzed swapped data for i = 189, j = 231 sucessfully passed !
	Initialyzed swapped data for i = 189, j = 232 sucessfully passed !
	Initialyzed swapped data for i = 189, j = 233 sucessfully passed !
	Initialyzed swapped data for i = 189, j = 234 sucessfully passed !
	Initialyzed swapped data for i = 189, j = 235 sucessfully passed !
	Initialyzed swapped data for i = 189, j = 236 sucessfully passed !
	Initialyzed swapped data for i = 189, j = 237 sucessfully passed !
	Initialyzed swapped data for i = 189, j = 238 sucessfully passed !
	Initialyzed swapped data for i = 189, j = 239 sucessfully passed !
	Initialyzed swapped data for i = 189, j = 240 sucessfully passed !
	Initialyzed swapped data for i = 189, j = 241 sucessfully passed !
	Initialyzed swapped data for i = 189, j = 242 sucessfully passed !
	Initialyzed swapped data for i = 189, j = 243 sucessfully passed !
	Initialyzed swapped data for i = 189, j = 244 sucessfully passed !
	Initialyzed swapped data for i = 189, j = 245 sucessfully passed !
	Initialyzed swapped data for i = 189, j = 246 sucessfully passed !
	Initialyzed swapped data for i = 189, j = 247 sucessfully passed !
	Initialyzed swapped data for i = 189, j = 248 sucessfully passed !
	Initialyzed swapped data for i = 189, j = 249 sucessfully passed !
	Initialyzed swapped data for i = 189, j = 250 sucessfully passed !
	Initialyzed swapped data for i = 189, j = 251 sucessfully passed !
	Initialyzed swapped data for i = 189, j = 252 sucessfully passed !
	Initialyzed swapped data for i = 189, j = 253 sucessfully passed !
	Initialyzed swapped data for i = 189, j = 254 sucessfully passed !
	Initialyzed swapped data for i = 189, j = 255 sucessfully passed !
	Initialyzed swapped data for i = 189, j = 256 sucessfully passed !
	Initialyzed swapped data for i = 189, j = 257 sucessfully passed !
	Initialyzed swapped data for i = 189, j = 258 sucessfully passed !
	Initialyzed swapped data for i = 189, j = 259 sucessfully passed !
	Initialyzed swapped data for i = 189, j = 260 sucessfully passed !
	Initialyzed swapped data for i = 189, j = 261 sucessfully passed !
	Initialyzed swapped data for i = 189, j = 262 sucessfully passed !
	Initialyzed swapped data for i = 189, j = 263 sucessfully passed !
	Initialyzed swapped data for i = 189, j = 264 sucessfully passed !
	Initialyzed swapped data for i = 189, j = 265 sucessfully passed !
	Initialyzed swapped data for i = 189, j = 266 sucessfully passed !
	Initialyzed swapped data for i = 189, j = 267 sucessfully passed !
	Initialyzed swapped data for i = 189, j = 268 sucessfully passed !
	Initialyzed swapped data for i = 189, j = 269 sucessfully passed !
	Initialyzed swapped data for i = 189, j = 270 sucessfully passed !
	Initialyzed swapped data for i = 189, j = 271 sucessfully passed !
	Initialyzed swapped data for i = 189, j = 272 sucessfully passed !
	Initialyzed swapped data for i = 189, j = 273 sucessfully passed !
	Initialyzed swapped data for i = 189, j = 274 sucessfully passed !
	Initialyzed swapped data for i = 189, j = 275 sucessfully passed !
	Initialyzed swapped data for i = 189, j = 276 sucessfully passed !
	Initialyzed swapped data for i = 189, j = 277 sucessfully passed !
	Initialyzed swapped data for i = 189, j = 278 sucessfully passed !
	Initialyzed swapped data for i = 189, j = 279 sucessfully passed !
	Initialyzed swapped data for i = 189, j = 280 sucessfully passed !
	Initialyzed swapped data for i = 189, j = 281 sucessfully passed !
	Initialyzed swapped data for i = 189, j = 282 sucessfully passed !
	Initialyzed swapped data for i = 189, j = 283 sucessfully passed !
	Initialyzed swapped data for i = 189, j = 284 sucessfully passed !
	Initialyzed swapped data for i = 189, j = 285 sucessfully passed !
	Initialyzed swapped data for i = 189, j = 286 sucessfully passed !
	Initialyzed swapped data for i = 189, j = 287 sucessfully passed !
	Initialyzed swapped data for i = 189, j = 288 sucessfully passed !
	Initialyzed swapped data for i = 189, j = 289 sucessfully passed !
	Initialyzed swapped data for i = 189, j = 290 sucessfully passed !
	Initialyzed swapped data for i = 189, j = 291 sucessfully passed !
	Initialyzed swapped data for i = 189, j = 292 sucessfully passed !
	Initialyzed swapped data for i = 189, j = 293 sucessfully passed !
	Initialyzed swapped data for i = 189, j = 294 sucessfully passed !
	Initialyzed swapped data for i = 189, j = 295 sucessfully passed !
	Initialyzed swapped data for i = 189, j = 296 sucessfully passed !
	Initialyzed swapped data for i = 189, j = 297 sucessfully passed !
	Initialyzed swapped data for i = 189, j = 298 sucessfully passed !
	Initialyzed swapped data for i = 189, j = 299 sucessfully passed !
	Initialyzed swapped data for i = 189, j = 300 sucessfully passed !
	Initialyzed swapped data for i = 189, j = 301 sucessfully passed !
	Initialyzed swapped data for i = 189, j = 302 sucessfully passed !
	Initialyzed swapped data for i = 189, j = 303 sucessfully passed !
	Initialyzed swapped data for i = 189, j = 304 sucessfully passed !
	Initialyzed swapped data for i = 189, j = 305 sucessfully passed !
	Initialyzed swapped data for i = 189, j = 306 sucessfully passed !
	Initialyzed swapped data for i = 189, j = 307 sucessfully passed !
	Initialyzed swapped data for i = 189, j = 308 sucessfully passed !
	Initialyzed swapped data for i = 189, j = 309 sucessfully passed !
	Initialyzed swapped data for i = 189, j = 310 sucessfully passed !
	Initialyzed swapped data for i = 189, j = 311 sucessfully passed !
	Initialyzed swapped data for i = 189, j = 312 sucessfully passed !
	Initialyzed swapped data for i = 189, j = 313 sucessfully passed !
	Initialyzed swapped data for i = 189, j = 314 sucessfully passed !
	Initialyzed swapped data for i = 189, j = 315 sucessfully passed !
	Initialyzed swapped data for i = 189, j = 316 sucessfully passed !
	Initialyzed swapped data for i = 189, j = 317 sucessfully passed !
	Initialyzed swapped data for i = 189, j = 318 sucessfully passed !
	Initialyzed swapped data for i = 189, j = 319 sucessfully passed !
	Initialyzed swapped data for i = 189, j = 320 sucessfully passed !
	Initialyzed swapped data for i = 189, j = 321 sucessfully passed !
	Initialyzed swapped data for i = 189, j = 322 sucessfully passed !
	Initialyzed swapped data for i = 189, j = 323 sucessfully passed !
	Initialyzed swapped data for i = 189, j = 324 sucessfully passed !
	Initialyzed swapped data for i = 189, j = 325 sucessfully passed !
	Initialyzed swapped data for i = 189, j = 326 sucessfully passed !
	Initialyzed swapped data for i = 189, j = 327 sucessfully passed !
	Initialyzed swapped data for i = 189, j = 328 sucessfully passed !
	Initialyzed swapped data for i = 189, j = 329 sucessfully passed !
	Initialyzed swapped data for i = 189, j = 330 sucessfully passed !
	Initialyzed swapped data for i = 189, j = 331 sucessfully passed !
	Initialyzed swapped data for i = 189, j = 332 sucessfully passed !
	Initialyzed swapped data for i = 189, j = 333 sucessfully passed !
	Initialyzed swapped data for i = 189, j = 334 sucessfully passed !
	Initialyzed swapped data for i = 189, j = 335 sucessfully passed !
	Initialyzed swapped data for i = 189, j = 336 sucessfully passed !
	Initialyzed swapped data for i = 189, j = 337 sucessfully passed !
	Initialyzed swapped data for i = 189, j = 338 sucessfully passed !
	Initialyzed swapped data for i = 189, j = 339 sucessfully passed !
	Initialyzed swapped data for i = 189, j = 340 sucessfully passed !
	Initialyzed swapped data for i = 189, j = 341 sucessfully passed !
	Initialyzed swapped data for i = 189, j = 342 sucessfully passed !
	Initialyzed swapped data for i = 189, j = 343 sucessfully passed !
	Initialyzed swapped data for i = 189, j = 344 sucessfully passed !
	Initialyzed swapped data for i = 189, j = 345 sucessfully passed !
	Initialyzed swapped data for i = 189, j = 346 sucessfully passed !
	Initialyzed swapped data for i = 189, j = 347 sucessfully passed !
	Initialyzed swapped data for i = 189, j = 348 sucessfully passed !
	Initialyzed swapped data for i = 189, j = 349 sucessfully passed !
	Initialyzed swapped data for i = 189, j = 350 sucessfully passed !
	Initialyzed swapped data for i = 189, j = 351 sucessfully passed !
	Initialyzed swapped data for i = 189, j = 352 sucessfully passed !
	Initialyzed swapped data for i = 189, j = 353 sucessfully passed !
	Initialyzed swapped data for i = 189, j = 354 sucessfully passed !
	Initialyzed swapped data for i = 189, j = 355 sucessfully passed !
	Initialyzed swapped data for i = 189, j = 356 sucessfully passed !
	Initialyzed swapped data for i = 189, j = 357 sucessfully passed !
	Initialyzed swapped data for i = 189, j = 358 sucessfully passed !
	Initialyzed swapped data for i = 189, j = 359 sucessfully passed !
	Initialyzed swapped data for i = 189, j = 360 sucessfully passed !
	Initialyzed swapped data for i = 189, j = 361 sucessfully passed !
	Initialyzed swapped data for i = 189, j = 362 sucessfully passed !
	Initialyzed swapped data for i = 189, j = 363 sucessfully passed !
	Initialyzed swapped data for i = 189, j = 364 sucessfully passed !
	Initialyzed swapped data for i = 189, j = 365 sucessfully passed !
	Initialyzed swapped data for i = 189, j = 366 sucessfully passed !
	Initialyzed swapped data for i = 189, j = 367 sucessfully passed !
	Initialyzed swapped data for i = 189, j = 368 sucessfully passed !
	Initialyzed swapped data for i = 189, j = 369 sucessfully passed !
	Initialyzed swapped data for i = 189, j = 370 sucessfully passed !
	Initialyzed swapped data for i = 189, j = 371 sucessfully passed !
	Initialyzed swapped data for i = 189, j = 372 sucessfully passed !
	Initialyzed swapped data for i = 189, j = 373 sucessfully passed !
	Initialyzed swapped data for i = 189, j = 374 sucessfully passed !
	Initialyzed swapped data for i = 189, j = 375 sucessfully passed !
	Initialyzed swapped data for i = 189, j = 376 sucessfully passed !
	Initialyzed swapped data for i = 189, j = 377 sucessfully passed !
	Initialyzed swapped data for i = 189, j = 378 sucessfully passed !
	Initialyzed swapped data for i = 189, j = 379 sucessfully passed !
	Initialyzed swapped data for i = 189, j = 380 sucessfully passed !
	Initialyzed swapped data for i = 189, j = 381 sucessfully passed !
	Initialyzed swapped data for i = 189, j = 382 sucessfully passed !
	Initialyzed swapped data for i = 189, j = 383 sucessfully passed !
	Initialyzed swapped data for i = 189, j = 384 sucessfully passed !
	Initialyzed swapped data for i = 189, j = 385 sucessfully passed !
	Initialyzed swapped data for i = 189, j = 386 sucessfully passed !
	Initialyzed swapped data for i = 189, j = 387 sucessfully passed !
	Initialyzed swapped data for i = 189, j = 388 sucessfully passed !
	Initialyzed swapped data for i = 189, j = 389 sucessfully passed !
	Initialyzed swapped data for i = 189, j = 390 sucessfully passed !
	Initialyzed swapped data for i = 189, j = 391 sucessfully passed !
	Initialyzed swapped data for i = 189, j = 392 sucessfully passed !
	Initialyzed swapped data for i = 189, j = 393 sucessfully passed !
	Initialyzed swapped data for i = 189, j = 394 sucessfully passed !
	Initialyzed swapped data for i = 189, j = 395 sucessfully passed !
	Initialyzed swapped data for i = 189, j = 396 sucessfully passed !
	Initialyzed swapped data for i = 189, j = 397 sucessfully passed !
	Initialyzed swapped data for i = 189, j = 398 sucessfully passed !
	Initialyzed swapped data for i = 189, j = 399 sucessfully passed !
	Initialyzed swapped data for i = 189, j = 400 sucessfully passed !
	Initialyzed swapped data for i = 189, j = 401 sucessfully passed !
	Initialyzed swapped data for i = 189, j = 402 sucessfully passed !
	Initialyzed swapped data for i = 189, j = 403 sucessfully passed !
	Initialyzed swapped data for i = 189, j = 404 sucessfully passed !
	Initialyzed swapped data for i = 189, j = 405 sucessfully passed !
	Initialyzed swapped data for i = 189, j = 406 sucessfully passed !
	Initialyzed swapped data for i = 189, j = 407 sucessfully passed !
	Initialyzed swapped data for i = 189, j = 408 sucessfully passed !
	Initialyzed swapped data for i = 189, j = 409 sucessfully passed !
	Initialyzed swapped data for i = 189, j = 410 sucessfully passed !
	Initialyzed swapped data for i = 189, j = 411 sucessfully passed !
	Initialyzed swapped data for i = 189, j = 412 sucessfully passed !
	Initialyzed swapped data for i = 189, j = 413 sucessfully passed !
	Initialyzed swapped data for i = 189, j = 414 sucessfully passed !
	Initialyzed swapped data for i = 189, j = 415 sucessfully passed !
	Initialyzed swapped data for i = 189, j = 416 sucessfully passed !
	Initialyzed swapped data for i = 189, j = 417 sucessfully passed !
	Initialyzed swapped data for i = 189, j = 418 sucessfully passed !
	Initialyzed swapped data for i = 189, j = 419 sucessfully passed !
	Initialyzed swapped data for i = 189, j = 420 sucessfully passed !
	Initialyzed swapped data for i = 189, j = 421 sucessfully passed !
	Initialyzed swapped data for i = 189, j = 422 sucessfully passed !
	Initialyzed swapped data for i = 189, j = 423 sucessfully passed !
	Initialyzed swapped data for i = 189, j = 424 sucessfully passed !
	Initialyzed swapped data for i = 189, j = 425 sucessfully passed !
	Initialyzed swapped data for i = 189, j = 426 sucessfully passed !
	Initialyzed swapped data for i = 189, j = 427 sucessfully passed !
	Initialyzed swapped data for i = 189, j = 428 sucessfully passed !
	Initialyzed swapped data for i = 189, j = 429 sucessfully passed !
	Initialyzed swapped data for i = 189, j = 430 sucessfully passed !
	Initialyzed swapped data for i = 189, j = 431 sucessfully passed !
	Initialyzed swapped data for i = 189, j = 432 sucessfully passed !
	Initialyzed swapped data for i = 189, j = 433 sucessfully passed !
	Initialyzed swapped data for i = 190, j = 191 sucessfully passed !
	Initialyzed swapped data for i = 190, j = 192 sucessfully passed !
	Initialyzed swapped data for i = 190, j = 193 sucessfully passed !
	Initialyzed swapped data for i = 190, j = 194 sucessfully passed !
	Initialyzed swapped data for i = 190, j = 195 sucessfully passed !
	Initialyzed swapped data for i = 190, j = 196 sucessfully passed !
	Initialyzed swapped data for i = 190, j = 197 sucessfully passed !
	Initialyzed swapped data for i = 190, j = 198 sucessfully passed !
	Initialyzed swapped data for i = 190, j = 199 sucessfully passed !
	Initialyzed swapped data for i = 190, j = 200 sucessfully passed !
	Initialyzed swapped data for i = 190, j = 201 sucessfully passed !
	Initialyzed swapped data for i = 190, j = 202 sucessfully passed !
	Initialyzed swapped data for i = 190, j = 203 sucessfully passed !
	Initialyzed swapped data for i = 190, j = 204 sucessfully passed !
	Initialyzed swapped data for i = 190, j = 205 sucessfully passed !
	Initialyzed swapped data for i = 190, j = 206 sucessfully passed !
	Initialyzed swapped data for i = 190, j = 207 sucessfully passed !
	Initialyzed swapped data for i = 190, j = 208 sucessfully passed !
	Initialyzed swapped data for i = 190, j = 209 sucessfully passed !
	Initialyzed swapped data for i = 190, j = 210 sucessfully passed !
	Initialyzed swapped data for i = 190, j = 211 sucessfully passed !
	Initialyzed swapped data for i = 190, j = 212 sucessfully passed !
	Initialyzed swapped data for i = 190, j = 213 sucessfully passed !
	Initialyzed swapped data for i = 190, j = 214 sucessfully passed !
	Initialyzed swapped data for i = 190, j = 215 sucessfully passed !
	Initialyzed swapped data for i = 190, j = 216 sucessfully passed !
	Initialyzed swapped data for i = 190, j = 217 sucessfully passed !
	Initialyzed swapped data for i = 190, j = 218 sucessfully passed !
	Initialyzed swapped data for i = 190, j = 219 sucessfully passed !
	Initialyzed swapped data for i = 190, j = 220 sucessfully passed !
	Initialyzed swapped data for i = 190, j = 221 sucessfully passed !
	Initialyzed swapped data for i = 190, j = 222 sucessfully passed !
	Initialyzed swapped data for i = 190, j = 223 sucessfully passed !
	Initialyzed swapped data for i = 190, j = 224 sucessfully passed !
	Initialyzed swapped data for i = 190, j = 225 sucessfully passed !
	Initialyzed swapped data for i = 190, j = 226 sucessfully passed !
	Initialyzed swapped data for i = 190, j = 227 sucessfully passed !
	Initialyzed swapped data for i = 190, j = 228 sucessfully passed !
	Initialyzed swapped data for i = 190, j = 229 sucessfully passed !
	Initialyzed swapped data for i = 190, j = 230 sucessfully passed !
	Initialyzed swapped data for i = 190, j = 231 sucessfully passed !
	Initialyzed swapped data for i = 190, j = 232 sucessfully passed !
	Initialyzed swapped data for i = 190, j = 233 sucessfully passed !
	Initialyzed swapped data for i = 190, j = 234 sucessfully passed !
	Initialyzed swapped data for i = 190, j = 235 sucessfully passed !
	Initialyzed swapped data for i = 190, j = 236 sucessfully passed !
	Initialyzed swapped data for i = 190, j = 237 sucessfully passed !
	Initialyzed swapped data for i = 190, j = 238 sucessfully passed !
	Initialyzed swapped data for i = 190, j = 239 sucessfully passed !
	Initialyzed swapped data for i = 190, j = 240 sucessfully passed !
	Initialyzed swapped data for i = 190, j = 241 sucessfully passed !
	Initialyzed swapped data for i = 190, j = 242 sucessfully passed !
	Initialyzed swapped data for i = 190, j = 243 sucessfully passed !
	Initialyzed swapped data for i = 190, j = 244 sucessfully passed !
	Initialyzed swapped data for i = 190, j = 245 sucessfully passed !
	Initialyzed swapped data for i = 190, j = 246 sucessfully passed !
	Initialyzed swapped data for i = 190, j = 247 sucessfully passed !
	Initialyzed swapped data for i = 190, j = 248 sucessfully passed !
	Initialyzed swapped data for i = 190, j = 249 sucessfully passed !
	Initialyzed swapped data for i = 190, j = 250 sucessfully passed !
	Initialyzed swapped data for i = 190, j = 251 sucessfully passed !
	Initialyzed swapped data for i = 190, j = 252 sucessfully passed !
	Initialyzed swapped data for i = 190, j = 253 sucessfully passed !
	Initialyzed swapped data for i = 190, j = 254 sucessfully passed !
	Initialyzed swapped data for i = 190, j = 255 sucessfully passed !
	Initialyzed swapped data for i = 190, j = 256 sucessfully passed !
	Initialyzed swapped data for i = 190, j = 257 sucessfully passed !
	Initialyzed swapped data for i = 190, j = 258 sucessfully passed !
	Initialyzed swapped data for i = 190, j = 259 sucessfully passed !
	Initialyzed swapped data for i = 190, j = 260 sucessfully passed !
	Initialyzed swapped data for i = 190, j = 261 sucessfully passed !
	Initialyzed swapped data for i = 190, j = 262 sucessfully passed !
	Initialyzed swapped data for i = 190, j = 263 sucessfully passed !
	Initialyzed swapped data for i = 190, j = 264 sucessfully passed !
	Initialyzed swapped data for i = 190, j = 265 sucessfully passed !
	Initialyzed swapped data for i = 190, j = 266 sucessfully passed !
	Initialyzed swapped data for i = 190, j = 267 sucessfully passed !
	Initialyzed swapped data for i = 190, j = 268 sucessfully passed !
	Initialyzed swapped data for i = 190, j = 269 sucessfully passed !
	Initialyzed swapped data for i = 190, j = 270 sucessfully passed !
	Initialyzed swapped data for i = 190, j = 271 sucessfully passed !
	Initialyzed swapped data for i = 190, j = 272 sucessfully passed !
	Initialyzed swapped data for i = 190, j = 273 sucessfully passed !
	Initialyzed swapped data for i = 190, j = 274 sucessfully passed !
	Initialyzed swapped data for i = 190, j = 275 sucessfully passed !
	Initialyzed swapped data for i = 190, j = 276 sucessfully passed !
	Initialyzed swapped data for i = 190, j = 277 sucessfully passed !
	Initialyzed swapped data for i = 190, j = 278 sucessfully passed !
	Initialyzed swapped data for i = 190, j = 279 sucessfully passed !
	Initialyzed swapped data for i = 190, j = 280 sucessfully passed !
	Initialyzed swapped data for i = 190, j = 281 sucessfully passed !
	Initialyzed swapped data for i = 190, j = 282 sucessfully passed !
	Initialyzed swapped data for i = 190, j = 283 sucessfully passed !
	Initialyzed swapped data for i = 190, j = 284 sucessfully passed !
	Initialyzed swapped data for i = 190, j = 285 sucessfully passed !
	Initialyzed swapped data for i = 190, j = 286 sucessfully passed !
	Initialyzed swapped data for i = 190, j = 287 sucessfully passed !
	Initialyzed swapped data for i = 190, j = 288 sucessfully passed !
	Initialyzed swapped data for i = 190, j = 289 sucessfully passed !
	Initialyzed swapped data for i = 190, j = 290 sucessfully passed !
	Initialyzed swapped data for i = 190, j = 291 sucessfully passed !
	Initialyzed swapped data for i = 190, j = 292 sucessfully passed !
	Initialyzed swapped data for i = 190, j = 293 sucessfully passed !
	Initialyzed swapped data for i = 190, j = 294 sucessfully passed !
	Initialyzed swapped data for i = 190, j = 295 sucessfully passed !
	Initialyzed swapped data for i = 190, j = 296 sucessfully passed !
	Initialyzed swapped data for i = 190, j = 297 sucessfully passed !
	Initialyzed swapped data for i = 190, j = 298 sucessfully passed !
	Initialyzed swapped data for i = 190, j = 299 sucessfully passed !
	Initialyzed swapped data for i = 190, j = 300 sucessfully passed !
	Initialyzed swapped data for i = 190, j = 301 sucessfully passed !
	Initialyzed swapped data for i = 190, j = 302 sucessfully passed !
	Initialyzed swapped data for i = 190, j = 303 sucessfully passed !
	Initialyzed swapped data for i = 190, j = 304 sucessfully passed !
	Initialyzed swapped data for i = 190, j = 305 sucessfully passed !
	Initialyzed swapped data for i = 190, j = 306 sucessfully passed !
	Initialyzed swapped data for i = 190, j = 307 sucessfully passed !
	Initialyzed swapped data for i = 190, j = 308 sucessfully passed !
	Initialyzed swapped data for i = 190, j = 309 sucessfully passed !
	Initialyzed swapped data for i = 190, j = 310 sucessfully passed !
	Initialyzed swapped data for i = 190, j = 311 sucessfully passed !
	Initialyzed swapped data for i = 190, j = 312 sucessfully passed !
	Initialyzed swapped data for i = 190, j = 313 sucessfully passed !
	Initialyzed swapped data for i = 190, j = 314 sucessfully passed !
	Initialyzed swapped data for i = 190, j = 315 sucessfully passed !
	Initialyzed swapped data for i = 190, j = 316 sucessfully passed !
	Initialyzed swapped data for i = 190, j = 317 sucessfully passed !
	Initialyzed swapped data for i = 190, j = 318 sucessfully passed !
	Initialyzed swapped data for i = 190, j = 319 sucessfully passed !
	Initialyzed swapped data for i = 190, j = 320 sucessfully passed !
	Initialyzed swapped data for i = 190, j = 321 sucessfully passed !
	Initialyzed swapped data for i = 190, j = 322 sucessfully passed !
	Initialyzed swapped data for i = 190, j = 323 sucessfully passed !
	Initialyzed swapped data for i = 190, j = 324 sucessfully passed !
	Initialyzed swapped data for i = 190, j = 325 sucessfully passed !
	Initialyzed swapped data for i = 190, j = 326 sucessfully passed !
	Initialyzed swapped data for i = 190, j = 327 sucessfully passed !
	Initialyzed swapped data for i = 190, j = 328 sucessfully passed !
	Initialyzed swapped data for i = 190, j = 329 sucessfully passed !
	Initialyzed swapped data for i = 190, j = 330 sucessfully passed !
	Initialyzed swapped data for i = 190, j = 331 sucessfully passed !
	Initialyzed swapped data for i = 190, j = 332 sucessfully passed !
	Initialyzed swapped data for i = 190, j = 333 sucessfully passed !
	Initialyzed swapped data for i = 190, j = 334 sucessfully passed !
	Initialyzed swapped data for i = 190, j = 335 sucessfully passed !
	Initialyzed swapped data for i = 190, j = 336 sucessfully passed !
	Initialyzed swapped data for i = 190, j = 337 sucessfully passed !
	Initialyzed swapped data for i = 190, j = 338 sucessfully passed !
	Initialyzed swapped data for i = 190, j = 339 sucessfully passed !
	Initialyzed swapped data for i = 190, j = 340 sucessfully passed !
	Initialyzed swapped data for i = 190, j = 341 sucessfully passed !
	Initialyzed swapped data for i = 190, j = 342 sucessfully passed !
	Initialyzed swapped data for i = 190, j = 343 sucessfully passed !
	Initialyzed swapped data for i = 190, j = 344 sucessfully passed !
	Initialyzed swapped data for i = 190, j = 345 sucessfully passed !
	Initialyzed swapped data for i = 190, j = 346 sucessfully passed !
	Initialyzed swapped data for i = 190, j = 347 sucessfully passed !
	Initialyzed swapped data for i = 190, j = 348 sucessfully passed !
	Initialyzed swapped data for i = 190, j = 349 sucessfully passed !
	Initialyzed swapped data for i = 190, j = 350 sucessfully passed !
	Initialyzed swapped data for i = 190, j = 351 sucessfully passed !
	Initialyzed swapped data for i = 190, j = 352 sucessfully passed !
	Initialyzed swapped data for i = 190, j = 353 sucessfully passed !
	Initialyzed swapped data for i = 190, j = 354 sucessfully passed !
	Initialyzed swapped data for i = 190, j = 355 sucessfully passed !
	Initialyzed swapped data for i = 190, j = 356 sucessfully passed !
	Initialyzed swapped data for i = 190, j = 357 sucessfully passed !
	Initialyzed swapped data for i = 190, j = 358 sucessfully passed !
	Initialyzed swapped data for i = 190, j = 359 sucessfully passed !
	Initialyzed swapped data for i = 190, j = 360 sucessfully passed !
	Initialyzed swapped data for i = 190, j = 361 sucessfully passed !
	Initialyzed swapped data for i = 190, j = 362 sucessfully passed !
	Initialyzed swapped data for i = 190, j = 363 sucessfully passed !
	Initialyzed swapped data for i = 190, j = 364 sucessfully passed !
	Initialyzed swapped data for i = 190, j = 365 sucessfully passed !
	Initialyzed swapped data for i = 190, j = 366 sucessfully passed !
	Initialyzed swapped data for i = 190, j = 367 sucessfully passed !
	Initialyzed swapped data for i = 190, j = 368 sucessfully passed !
	Initialyzed swapped data for i = 190, j = 369 sucessfully passed !
	Initialyzed swapped data for i = 190, j = 370 sucessfully passed !
	Initialyzed swapped data for i = 190, j = 371 sucessfully passed !
	Initialyzed swapped data for i = 190, j = 372 sucessfully passed !
	Initialyzed swapped data for i = 190, j = 373 sucessfully passed !
	Initialyzed swapped data for i = 190, j = 374 sucessfully passed !
	Initialyzed swapped data for i = 190, j = 375 sucessfully passed !
	Initialyzed swapped data for i = 190, j = 376 sucessfully passed !
	Initialyzed swapped data for i = 190, j = 377 sucessfully passed !
	Initialyzed swapped data for i = 190, j = 378 sucessfully passed !
	Initialyzed swapped data for i = 190, j = 379 sucessfully passed !
	Initialyzed swapped data for i = 190, j = 380 sucessfully passed !
	Initialyzed swapped data for i = 190, j = 381 sucessfully passed !
	Initialyzed swapped data for i = 190, j = 382 sucessfully passed !
	Initialyzed swapped data for i = 190, j = 383 sucessfully passed !
	Initialyzed swapped data for i = 190, j = 384 sucessfully passed !
	Initialyzed swapped data for i = 190, j = 385 sucessfully passed !
	Initialyzed swapped data for i = 190, j = 386 sucessfully passed !
	Initialyzed swapped data for i = 190, j = 387 sucessfully passed !
	Initialyzed swapped data for i = 190, j = 388 sucessfully passed !
	Initialyzed swapped data for i = 190, j = 389 sucessfully passed !
	Initialyzed swapped data for i = 190, j = 390 sucessfully passed !
	Initialyzed swapped data for i = 190, j = 391 sucessfully passed !
	Initialyzed swapped data for i = 190, j = 392 sucessfully passed !
	Initialyzed swapped data for i = 190, j = 393 sucessfully passed !
	Initialyzed swapped data for i = 190, j = 394 sucessfully passed !
	Initialyzed swapped data for i = 190, j = 395 sucessfully passed !
	Initialyzed swapped data for i = 190, j = 396 sucessfully passed !
	Initialyzed swapped data for i = 190, j = 397 sucessfully passed !
	Initialyzed swapped data for i = 190, j = 398 sucessfully passed !
	Initialyzed swapped data for i = 190, j = 399 sucessfully passed !
	Initialyzed swapped data for i = 190, j = 400 sucessfully passed !
	Initialyzed swapped data for i = 190, j = 401 sucessfully passed !
	Initialyzed swapped data for i = 190, j = 402 sucessfully passed !
	Initialyzed swapped data for i = 190, j = 403 sucessfully passed !
	Initialyzed swapped data for i = 190, j = 404 sucessfully passed !
	Initialyzed swapped data for i = 190, j = 405 sucessfully passed !
	Initialyzed swapped data for i = 190, j = 406 sucessfully passed !
	Initialyzed swapped data for i = 190, j = 407 sucessfully passed !
	Initialyzed swapped data for i = 190, j = 408 sucessfully passed !
	Initialyzed swapped data for i = 190, j = 409 sucessfully passed !
	Initialyzed swapped data for i = 190, j = 410 sucessfully passed !
	Initialyzed swapped data for i = 190, j = 411 sucessfully passed !
	Initialyzed swapped data for i = 190, j = 412 sucessfully passed !
	Initialyzed swapped data for i = 190, j = 413 sucessfully passed !
	Initialyzed swapped data for i = 190, j = 414 sucessfully passed !
	Initialyzed swapped data for i = 190, j = 415 sucessfully passed !
	Initialyzed swapped data for i = 190, j = 416 sucessfully passed !
	Initialyzed swapped data for i = 190, j = 417 sucessfully passed !
	Initialyzed swapped data for i = 190, j = 418 sucessfully passed !
	Initialyzed swapped data for i = 190, j = 419 sucessfully passed !
	Initialyzed swapped data for i = 190, j = 420 sucessfully passed !
	Initialyzed swapped data for i = 190, j = 421 sucessfully passed !
	Initialyzed swapped data for i = 190, j = 422 sucessfully passed !
	Initialyzed swapped data for i = 190, j = 423 sucessfully passed !
	Initialyzed swapped data for i = 190, j = 424 sucessfully passed !
	Initialyzed swapped data for i = 190, j = 425 sucessfully passed !
	Initialyzed swapped data for i = 190, j = 426 sucessfully passed !
	Initialyzed swapped data for i = 190, j = 427 sucessfully passed !
	Initialyzed swapped data for i = 190, j = 428 sucessfully passed !
	Initialyzed swapped data for i = 190, j = 429 sucessfully passed !
	Initialyzed swapped data for i = 190, j = 430 sucessfully passed !
	Initialyzed swapped data for i = 190, j = 431 sucessfully passed !
	Initialyzed swapped data for i = 190, j = 432 sucessfully passed !
	Initialyzed swapped data for i = 190, j = 433 sucessfully passed !
	Initialyzed swapped data for i = 191, j = 192 sucessfully passed !
	Initialyzed swapped data for i = 191, j = 193 sucessfully passed !
	Initialyzed swapped data for i = 191, j = 194 sucessfully passed !
	Initialyzed swapped data for i = 191, j = 195 sucessfully passed !
	Initialyzed swapped data for i = 191, j = 196 sucessfully passed !
	Initialyzed swapped data for i = 191, j = 197 sucessfully passed !
	Initialyzed swapped data for i = 191, j = 198 sucessfully passed !
	Initialyzed swapped data for i = 191, j = 199 sucessfully passed !
	Initialyzed swapped data for i = 191, j = 200 sucessfully passed !
	Initialyzed swapped data for i = 191, j = 201 sucessfully passed !
	Initialyzed swapped data for i = 191, j = 202 sucessfully passed !
	Initialyzed swapped data for i = 191, j = 203 sucessfully passed !
	Initialyzed swapped data for i = 191, j = 204 sucessfully passed !
	Initialyzed swapped data for i = 191, j = 205 sucessfully passed !
	Initialyzed swapped data for i = 191, j = 206 sucessfully passed !
	Initialyzed swapped data for i = 191, j = 207 sucessfully passed !
	Initialyzed swapped data for i = 191, j = 208 sucessfully passed !
	Initialyzed swapped data for i = 191, j = 209 sucessfully passed !
	Initialyzed swapped data for i = 191, j = 210 sucessfully passed !
	Initialyzed swapped data for i = 191, j = 211 sucessfully passed !
	Initialyzed swapped data for i = 191, j = 212 sucessfully passed !
	Initialyzed swapped data for i = 191, j = 213 sucessfully passed !
	Initialyzed swapped data for i = 191, j = 214 sucessfully passed !
	Initialyzed swapped data for i = 191, j = 215 sucessfully passed !
	Initialyzed swapped data for i = 191, j = 216 sucessfully passed !
	Initialyzed swapped data for i = 191, j = 217 sucessfully passed !
	Initialyzed swapped data for i = 191, j = 218 sucessfully passed !
	Initialyzed swapped data for i = 191, j = 219 sucessfully passed !
	Initialyzed swapped data for i = 191, j = 220 sucessfully passed !
	Initialyzed swapped data for i = 191, j = 221 sucessfully passed !
	Initialyzed swapped data for i = 191, j = 222 sucessfully passed !
	Initialyzed swapped data for i = 191, j = 223 sucessfully passed !
	Initialyzed swapped data for i = 191, j = 224 sucessfully passed !
	Initialyzed swapped data for i = 191, j = 225 sucessfully passed !
	Initialyzed swapped data for i = 191, j = 226 sucessfully passed !
	Initialyzed swapped data for i = 191, j = 227 sucessfully passed !
	Initialyzed swapped data for i = 191, j = 228 sucessfully passed !
	Initialyzed swapped data for i = 191, j = 229 sucessfully passed !
	Initialyzed swapped data for i = 191, j = 230 sucessfully passed !
	Initialyzed swapped data for i = 191, j = 231 sucessfully passed !
	Initialyzed swapped data for i = 191, j = 232 sucessfully passed !
	Initialyzed swapped data for i = 191, j = 233 sucessfully passed !
	Initialyzed swapped data for i = 191, j = 234 sucessfully passed !
	Initialyzed swapped data for i = 191, j = 235 sucessfully passed !
	Initialyzed swapped data for i = 191, j = 236 sucessfully passed !
	Initialyzed swapped data for i = 191, j = 237 sucessfully passed !
	Initialyzed swapped data for i = 191, j = 238 sucessfully passed !
	Initialyzed swapped data for i = 191, j = 239 sucessfully passed !
	Initialyzed swapped data for i = 191, j = 240 sucessfully passed !
	Initialyzed swapped data for i = 191, j = 241 sucessfully passed !
	Initialyzed swapped data for i = 191, j = 242 sucessfully passed !
	Initialyzed swapped data for i = 191, j = 243 sucessfully passed !
	Initialyzed swapped data for i = 191, j = 244 sucessfully passed !
	Initialyzed swapped data for i = 191, j = 245 sucessfully passed !
	Initialyzed swapped data for i = 191, j = 246 sucessfully passed !
	Initialyzed swapped data for i = 191, j = 247 sucessfully passed !
	Initialyzed swapped data for i = 191, j = 248 sucessfully passed !
	Initialyzed swapped data for i = 191, j = 249 sucessfully passed !
	Initialyzed swapped data for i = 191, j = 250 sucessfully passed !
	Initialyzed swapped data for i = 191, j = 251 sucessfully passed !
	Initialyzed swapped data for i = 191, j = 252 sucessfully passed !
	Initialyzed swapped data for i = 191, j = 253 sucessfully passed !
	Initialyzed swapped data for i = 191, j = 254 sucessfully passed !
	Initialyzed swapped data for i = 191, j = 255 sucessfully passed !
	Initialyzed swapped data for i = 191, j = 256 sucessfully passed !
	Initialyzed swapped data for i = 191, j = 257 sucessfully passed !
	Initialyzed swapped data for i = 191, j = 258 sucessfully passed !
	Initialyzed swapped data for i = 191, j = 259 sucessfully passed !
	Initialyzed swapped data for i = 191, j = 260 sucessfully passed !
	Initialyzed swapped data for i = 191, j = 261 sucessfully passed !
	Initialyzed swapped data for i = 191, j = 262 sucessfully passed !
	Initialyzed swapped data for i = 191, j = 263 sucessfully passed !
	Initialyzed swapped data for i = 191, j = 264 sucessfully passed !
	Initialyzed swapped data for i = 191, j = 265 sucessfully passed !
	Initialyzed swapped data for i = 191, j = 266 sucessfully passed !
	Initialyzed swapped data for i = 191, j = 267 sucessfully passed !
	Initialyzed swapped data for i = 191, j = 268 sucessfully passed !
	Initialyzed swapped data for i = 191, j = 269 sucessfully passed !
	Initialyzed swapped data for i = 191, j = 270 sucessfully passed !
	Initialyzed swapped data for i = 191, j = 271 sucessfully passed !
	Initialyzed swapped data for i = 191, j = 272 sucessfully passed !
	Initialyzed swapped data for i = 191, j = 273 sucessfully passed !
	Initialyzed swapped data for i = 191, j = 274 sucessfully passed !
	Initialyzed swapped data for i = 191, j = 275 sucessfully passed !
	Initialyzed swapped data for i = 191, j = 276 sucessfully passed !
	Initialyzed swapped data for i = 191, j = 277 sucessfully passed !
	Initialyzed swapped data for i = 191, j = 278 sucessfully passed !
	Initialyzed swapped data for i = 191, j = 279 sucessfully passed !
	Initialyzed swapped data for i = 191, j = 280 sucessfully passed !
	Initialyzed swapped data for i = 191, j = 281 sucessfully passed !
	Initialyzed swapped data for i = 191, j = 282 sucessfully passed !
	Initialyzed swapped data for i = 191, j = 283 sucessfully passed !
	Initialyzed swapped data for i = 191, j = 284 sucessfully passed !
	Initialyzed swapped data for i = 191, j = 285 sucessfully passed !
	Initialyzed swapped data for i = 191, j = 286 sucessfully passed !
	Initialyzed swapped data for i = 191, j = 287 sucessfully passed !
	Initialyzed swapped data for i = 191, j = 288 sucessfully passed !
	Initialyzed swapped data for i = 191, j = 289 sucessfully passed !
	Initialyzed swapped data for i = 191, j = 290 sucessfully passed !
	Initialyzed swapped data for i = 191, j = 291 sucessfully passed !
	Initialyzed swapped data for i = 191, j = 292 sucessfully passed !
	Initialyzed swapped data for i = 191, j = 293 sucessfully passed !
	Initialyzed swapped data for i = 191, j = 294 sucessfully passed !
	Initialyzed swapped data for i = 191, j = 295 sucessfully passed !
	Initialyzed swapped data for i = 191, j = 296 sucessfully passed !
	Initialyzed swapped data for i = 191, j = 297 sucessfully passed !
	Initialyzed swapped data for i = 191, j = 298 sucessfully passed !
	Initialyzed swapped data for i = 191, j = 299 sucessfully passed !
	Initialyzed swapped data for i = 191, j = 300 sucessfully passed !
	Initialyzed swapped data for i = 191, j = 301 sucessfully passed !
	Initialyzed swapped data for i = 191, j = 302 sucessfully passed !
	Initialyzed swapped data for i = 191, j = 303 sucessfully passed !
	Initialyzed swapped data for i = 191, j = 304 sucessfully passed !
	Initialyzed swapped data for i = 191, j = 305 sucessfully passed !
	Initialyzed swapped data for i = 191, j = 306 sucessfully passed !
	Initialyzed swapped data for i = 191, j = 307 sucessfully passed !
	Initialyzed swapped data for i = 191, j = 308 sucessfully passed !
	Initialyzed swapped data for i = 191, j = 309 sucessfully passed !
	Initialyzed swapped data for i = 191, j = 310 sucessfully passed !
	Initialyzed swapped data for i = 191, j = 311 sucessfully passed !
	Initialyzed swapped data for i = 191, j = 312 sucessfully passed !
	Initialyzed swapped data for i = 191, j = 313 sucessfully passed !
	Initialyzed swapped data for i = 191, j = 314 sucessfully passed !
	Initialyzed swapped data for i = 191, j = 315 sucessfully passed !
	Initialyzed swapped data for i = 191, j = 316 sucessfully passed !
	Initialyzed swapped data for i = 191, j = 317 sucessfully passed !
	Initialyzed swapped data for i = 191, j = 318 sucessfully passed !
	Initialyzed swapped data for i = 191, j = 319 sucessfully passed !
	Initialyzed swapped data for i = 191, j = 320 sucessfully passed !
	Initialyzed swapped data for i = 191, j = 321 sucessfully passed !
	Initialyzed swapped data for i = 191, j = 322 sucessfully passed !
	Initialyzed swapped data for i = 191, j = 323 sucessfully passed !
	Initialyzed swapped data for i = 191, j = 324 sucessfully passed !
	Initialyzed swapped data for i = 191, j = 325 sucessfully passed !
	Initialyzed swapped data for i = 191, j = 326 sucessfully passed !
	Initialyzed swapped data for i = 191, j = 327 sucessfully passed !
	Initialyzed swapped data for i = 191, j = 328 sucessfully passed !
	Initialyzed swapped data for i = 191, j = 329 sucessfully passed !
	Initialyzed swapped data for i = 191, j = 330 sucessfully passed !
	Initialyzed swapped data for i = 191, j = 331 sucessfully passed !
	Initialyzed swapped data for i = 191, j = 332 sucessfully passed !
	Initialyzed swapped data for i = 191, j = 333 sucessfully passed !
	Initialyzed swapped data for i = 191, j = 334 sucessfully passed !
	Initialyzed swapped data for i = 191, j = 335 sucessfully passed !
	Initialyzed swapped data for i = 191, j = 336 sucessfully passed !
	Initialyzed swapped data for i = 191, j = 337 sucessfully passed !
	Initialyzed swapped data for i = 191, j = 338 sucessfully passed !
	Initialyzed swapped data for i = 191, j = 339 sucessfully passed !
	Initialyzed swapped data for i = 191, j = 340 sucessfully passed !
	Initialyzed swapped data for i = 191, j = 341 sucessfully passed !
	Initialyzed swapped data for i = 191, j = 342 sucessfully passed !
	Initialyzed swapped data for i = 191, j = 343 sucessfully passed !
	Initialyzed swapped data for i = 191, j = 344 sucessfully passed !
	Initialyzed swapped data for i = 191, j = 345 sucessfully passed !
	Initialyzed swapped data for i = 191, j = 346 sucessfully passed !
	Initialyzed swapped data for i = 191, j = 347 sucessfully passed !
	Initialyzed swapped data for i = 191, j = 348 sucessfully passed !
	Initialyzed swapped data for i = 191, j = 349 sucessfully passed !
	Initialyzed swapped data for i = 191, j = 350 sucessfully passed !
	Initialyzed swapped data for i = 191, j = 351 sucessfully passed !
	Initialyzed swapped data for i = 191, j = 352 sucessfully passed !
	Initialyzed swapped data for i = 191, j = 353 sucessfully passed !
	Initialyzed swapped data for i = 191, j = 354 sucessfully passed !
	Initialyzed swapped data for i = 191, j = 355 sucessfully passed !
	Initialyzed swapped data for i = 191, j = 356 sucessfully passed !
	Initialyzed swapped data for i = 191, j = 357 sucessfully passed !
	Initialyzed swapped data for i = 191, j = 358 sucessfully passed !
	Initialyzed swapped data for i = 191, j = 359 sucessfully passed !
	Initialyzed swapped data for i = 191, j = 360 sucessfully passed !
	Initialyzed swapped data for i = 191, j = 361 sucessfully passed !
	Initialyzed swapped data for i = 191, j = 362 sucessfully passed !
	Initialyzed swapped data for i = 191, j = 363 sucessfully passed !
	Initialyzed swapped data for i = 191, j = 364 sucessfully passed !
	Initialyzed swapped data for i = 191, j = 365 sucessfully passed !
	Initialyzed swapped data for i = 191, j = 366 sucessfully passed !
	Initialyzed swapped data for i = 191, j = 367 sucessfully passed !
	Initialyzed swapped data for i = 191, j = 368 sucessfully passed !
	Initialyzed swapped data for i = 191, j = 369 sucessfully passed !
	Initialyzed swapped data for i = 191, j = 370 sucessfully passed !
	Initialyzed swapped data for i = 191, j = 371 sucessfully passed !
	Initialyzed swapped data for i = 191, j = 372 sucessfully passed !
	Initialyzed swapped data for i = 191, j = 373 sucessfully passed !
	Initialyzed swapped data for i = 191, j = 374 sucessfully passed !
	Initialyzed swapped data for i = 191, j = 375 sucessfully passed !
	Initialyzed swapped data for i = 191, j = 376 sucessfully passed !
	Initialyzed swapped data for i = 191, j = 377 sucessfully passed !
	Initialyzed swapped data for i = 191, j = 378 sucessfully passed !
	Initialyzed swapped data for i = 191, j = 379 sucessfully passed !
	Initialyzed swapped data for i = 191, j = 380 sucessfully passed !
	Initialyzed swapped data for i = 191, j = 381 sucessfully passed !
	Initialyzed swapped data for i = 191, j = 382 sucessfully passed !
	Initialyzed swapped data for i = 191, j = 383 sucessfully passed !
	Initialyzed swapped data for i = 191, j = 384 sucessfully passed !
	Initialyzed swapped data for i = 191, j = 385 sucessfully passed !
	Initialyzed swapped data for i = 191, j = 386 sucessfully passed !
	Initialyzed swapped data for i = 191, j = 387 sucessfully passed !
	Initialyzed swapped data for i = 191, j = 388 sucessfully passed !
	Initialyzed swapped data for i = 191, j = 389 sucessfully passed !
	Initialyzed swapped data for i = 191, j = 390 sucessfully passed !
	Initialyzed swapped data for i = 191, j = 391 sucessfully passed !
	Initialyzed swapped data for i = 191, j = 392 sucessfully passed !
	Initialyzed swapped data for i = 191, j = 393 sucessfully passed !
	Initialyzed swapped data for i = 191, j = 394 sucessfully passed !
	Initialyzed swapped data for i = 191, j = 395 sucessfully passed !
	Initialyzed swapped data for i = 191, j = 396 sucessfully passed !
	Initialyzed swapped data for i = 191, j = 397 sucessfully passed !
	Initialyzed swapped data for i = 191, j = 398 sucessfully passed !
	Initialyzed swapped data for i = 191, j = 399 sucessfully passed !
	Initialyzed swapped data for i = 191, j = 400 sucessfully passed !
	Initialyzed swapped data for i = 191, j = 401 sucessfully passed !
	Initialyzed swapped data for i = 191, j = 402 sucessfully passed !
	Initialyzed swapped data for i = 191, j = 403 sucessfully passed !
	Initialyzed swapped data for i = 191, j = 404 sucessfully passed !
	Initialyzed swapped data for i = 191, j = 405 sucessfully passed !
	Initialyzed swapped data for i = 191, j = 406 sucessfully passed !
	Initialyzed swapped data for i = 191, j = 407 sucessfully passed !
	Initialyzed swapped data for i = 191, j = 408 sucessfully passed !
	Initialyzed swapped data for i = 191, j = 409 sucessfully passed !
	Initialyzed swapped data for i = 191, j = 410 sucessfully passed !
	Initialyzed swapped data for i = 191, j = 411 sucessfully passed !
	Initialyzed swapped data for i = 191, j = 412 sucessfully passed !
	Initialyzed swapped data for i = 191, j = 413 sucessfully passed !
	Initialyzed swapped data for i = 191, j = 414 sucessfully passed !
	Initialyzed swapped data for i = 191, j = 415 sucessfully passed !
	Initialyzed swapped data for i = 191, j = 416 sucessfully passed !
	Initialyzed swapped data for i = 191, j = 417 sucessfully passed !
	Initialyzed swapped data for i = 191, j = 418 sucessfully passed !
	Initialyzed swapped data for i = 191, j = 419 sucessfully passed !
	Initialyzed swapped data for i = 191, j = 420 sucessfully passed !
	Initialyzed swapped data for i = 191, j = 421 sucessfully passed !
	Initialyzed swapped data for i = 191, j = 422 sucessfully passed !
	Initialyzed swapped data for i = 191, j = 423 sucessfully passed !
	Initialyzed swapped data for i = 191, j = 424 sucessfully passed !
	Initialyzed swapped data for i = 191, j = 425 sucessfully passed !
	Initialyzed swapped data for i = 191, j = 426 sucessfully passed !
	Initialyzed swapped data for i = 191, j = 427 sucessfully passed !
	Initialyzed swapped data for i = 191, j = 428 sucessfully passed !
	Initialyzed swapped data for i = 191, j = 429 sucessfully passed !
	Initialyzed swapped data for i = 191, j = 430 sucessfully passed !
	Initialyzed swapped data for i = 191, j = 431 sucessfully passed !
	Initialyzed swapped data for i = 191, j = 432 sucessfully passed !
	Initialyzed swapped data for i = 191, j = 433 sucessfully passed !
	Initialyzed swapped data for i = 192, j = 193 sucessfully passed !
	Initialyzed swapped data for i = 192, j = 194 sucessfully passed !
	Initialyzed swapped data for i = 192, j = 195 sucessfully passed !
	Initialyzed swapped data for i = 192, j = 196 sucessfully passed !
	Initialyzed swapped data for i = 192, j = 197 sucessfully passed !
	Initialyzed swapped data for i = 192, j = 198 sucessfully passed !
	Initialyzed swapped data for i = 192, j = 199 sucessfully passed !
	Initialyzed swapped data for i = 192, j = 200 sucessfully passed !
	Initialyzed swapped data for i = 192, j = 201 sucessfully passed !
	Initialyzed swapped data for i = 192, j = 202 sucessfully passed !
	Initialyzed swapped data for i = 192, j = 203 sucessfully passed !
	Initialyzed swapped data for i = 192, j = 204 sucessfully passed !
	Initialyzed swapped data for i = 192, j = 205 sucessfully passed !
	Initialyzed swapped data for i = 192, j = 206 sucessfully passed !
	Initialyzed swapped data for i = 192, j = 207 sucessfully passed !
	Initialyzed swapped data for i = 192, j = 208 sucessfully passed !
	Initialyzed swapped data for i = 192, j = 209 sucessfully passed !
	Initialyzed swapped data for i = 192, j = 210 sucessfully passed !
	Initialyzed swapped data for i = 192, j = 211 sucessfully passed !
	Initialyzed swapped data for i = 192, j = 212 sucessfully passed !
	Initialyzed swapped data for i = 192, j = 213 sucessfully passed !
	Initialyzed swapped data for i = 192, j = 214 sucessfully passed !
	Initialyzed swapped data for i = 192, j = 215 sucessfully passed !
	Initialyzed swapped data for i = 192, j = 216 sucessfully passed !
	Initialyzed swapped data for i = 192, j = 217 sucessfully passed !
	Initialyzed swapped data for i = 192, j = 218 sucessfully passed !
	Initialyzed swapped data for i = 192, j = 219 sucessfully passed !
	Initialyzed swapped data for i = 192, j = 220 sucessfully passed !
	Initialyzed swapped data for i = 192, j = 221 sucessfully passed !
	Initialyzed swapped data for i = 192, j = 222 sucessfully passed !
	Initialyzed swapped data for i = 192, j = 223 sucessfully passed !
	Initialyzed swapped data for i = 192, j = 224 sucessfully passed !
	Initialyzed swapped data for i = 192, j = 225 sucessfully passed !
	Initialyzed swapped data for i = 192, j = 226 sucessfully passed !
	Initialyzed swapped data for i = 192, j = 227 sucessfully passed !
	Initialyzed swapped data for i = 192, j = 228 sucessfully passed !
	Initialyzed swapped data for i = 192, j = 229 sucessfully passed !
	Initialyzed swapped data for i = 192, j = 230 sucessfully passed !
	Initialyzed swapped data for i = 192, j = 231 sucessfully passed !
	Initialyzed swapped data for i = 192, j = 232 sucessfully passed !
	Initialyzed swapped data for i = 192, j = 233 sucessfully passed !
	Initialyzed swapped data for i = 192, j = 234 sucessfully passed !
	Initialyzed swapped data for i = 192, j = 235 sucessfully passed !
	Initialyzed swapped data for i = 192, j = 236 sucessfully passed !
	Initialyzed swapped data for i = 192, j = 237 sucessfully passed !
	Initialyzed swapped data for i = 192, j = 238 sucessfully passed !
	Initialyzed swapped data for i = 192, j = 239 sucessfully passed !
	Initialyzed swapped data for i = 192, j = 240 sucessfully passed !
	Initialyzed swapped data for i = 192, j = 241 sucessfully passed !
	Initialyzed swapped data for i = 192, j = 242 sucessfully passed !
	Initialyzed swapped data for i = 192, j = 243 sucessfully passed !
	Initialyzed swapped data for i = 192, j = 244 sucessfully passed !
	Initialyzed swapped data for i = 192, j = 245 sucessfully passed !
	Initialyzed swapped data for i = 192, j = 246 sucessfully passed !
	Initialyzed swapped data for i = 192, j = 247 sucessfully passed !
	Initialyzed swapped data for i = 192, j = 248 sucessfully passed !
	Initialyzed swapped data for i = 192, j = 249 sucessfully passed !
	Initialyzed swapped data for i = 192, j = 250 sucessfully passed !
	Initialyzed swapped data for i = 192, j = 251 sucessfully passed !
	Initialyzed swapped data for i = 192, j = 252 sucessfully passed !
	Initialyzed swapped data for i = 192, j = 253 sucessfully passed !
	Initialyzed swapped data for i = 192, j = 254 sucessfully passed !
	Initialyzed swapped data for i = 192, j = 255 sucessfully passed !
	Initialyzed swapped data for i = 192, j = 256 sucessfully passed !
	Initialyzed swapped data for i = 192, j = 257 sucessfully passed !
	Initialyzed swapped data for i = 192, j = 258 sucessfully passed !
	Initialyzed swapped data for i = 192, j = 259 sucessfully passed !
	Initialyzed swapped data for i = 192, j = 260 sucessfully passed !
	Initialyzed swapped data for i = 192, j = 261 sucessfully passed !
	Initialyzed swapped data for i = 192, j = 262 sucessfully passed !
	Initialyzed swapped data for i = 192, j = 263 sucessfully passed !
	Initialyzed swapped data for i = 192, j = 264 sucessfully passed !
	Initialyzed swapped data for i = 192, j = 265 sucessfully passed !
	Initialyzed swapped data for i = 192, j = 266 sucessfully passed !
	Initialyzed swapped data for i = 192, j = 267 sucessfully passed !
	Initialyzed swapped data for i = 192, j = 268 sucessfully passed !
	Initialyzed swapped data for i = 192, j = 269 sucessfully passed !
	Initialyzed swapped data for i = 192, j = 270 sucessfully passed !
	Initialyzed swapped data for i = 192, j = 271 sucessfully passed !
	Initialyzed swapped data for i = 192, j = 272 sucessfully passed !
	Initialyzed swapped data for i = 192, j = 273 sucessfully passed !
	Initialyzed swapped data for i = 192, j = 274 sucessfully passed !
	Initialyzed swapped data for i = 192, j = 275 sucessfully passed !
	Initialyzed swapped data for i = 192, j = 276 sucessfully passed !
	Initialyzed swapped data for i = 192, j = 277 sucessfully passed !
	Initialyzed swapped data for i = 192, j = 278 sucessfully passed !
	Initialyzed swapped data for i = 192, j = 279 sucessfully passed !
	Initialyzed swapped data for i = 192, j = 280 sucessfully passed !
	Initialyzed swapped data for i = 192, j = 281 sucessfully passed !
	Initialyzed swapped data for i = 192, j = 282 sucessfully passed !
	Initialyzed swapped data for i = 192, j = 283 sucessfully passed !
	Initialyzed swapped data for i = 192, j = 284 sucessfully passed !
	Initialyzed swapped data for i = 192, j = 285 sucessfully passed !
	Initialyzed swapped data for i = 192, j = 286 sucessfully passed !
	Initialyzed swapped data for i = 192, j = 287 sucessfully passed !
	Initialyzed swapped data for i = 192, j = 288 sucessfully passed !
	Initialyzed swapped data for i = 192, j = 289 sucessfully passed !
	Initialyzed swapped data for i = 192, j = 290 sucessfully passed !
	Initialyzed swapped data for i = 192, j = 291 sucessfully passed !
	Initialyzed swapped data for i = 192, j = 292 sucessfully passed !
	Initialyzed swapped data for i = 192, j = 293 sucessfully passed !
	Initialyzed swapped data for i = 192, j = 294 sucessfully passed !
	Initialyzed swapped data for i = 192, j = 295 sucessfully passed !
	Initialyzed swapped data for i = 192, j = 296 sucessfully passed !
	Initialyzed swapped data for i = 192, j = 297 sucessfully passed !
	Initialyzed swapped data for i = 192, j = 298 sucessfully passed !
	Initialyzed swapped data for i = 192, j = 299 sucessfully passed !
	Initialyzed swapped data for i = 192, j = 300 sucessfully passed !
	Initialyzed swapped data for i = 192, j = 301 sucessfully passed !
	Initialyzed swapped data for i = 192, j = 302 sucessfully passed !
	Initialyzed swapped data for i = 192, j = 303 sucessfully passed !
	Initialyzed swapped data for i = 192, j = 304 sucessfully passed !
	Initialyzed swapped data for i = 192, j = 305 sucessfully passed !
	Initialyzed swapped data for i = 192, j = 306 sucessfully passed !
	Initialyzed swapped data for i = 192, j = 307 sucessfully passed !
	Initialyzed swapped data for i = 192, j = 308 sucessfully passed !
	Initialyzed swapped data for i = 192, j = 309 sucessfully passed !
	Initialyzed swapped data for i = 192, j = 310 sucessfully passed !
	Initialyzed swapped data for i = 192, j = 311 sucessfully passed !
	Initialyzed swapped data for i = 192, j = 312 sucessfully passed !
	Initialyzed swapped data for i = 192, j = 313 sucessfully passed !
	Initialyzed swapped data for i = 192, j = 314 sucessfully passed !
	Initialyzed swapped data for i = 192, j = 315 sucessfully passed !
	Initialyzed swapped data for i = 192, j = 316 sucessfully passed !
	Initialyzed swapped data for i = 192, j = 317 sucessfully passed !
	Initialyzed swapped data for i = 192, j = 318 sucessfully passed !
	Initialyzed swapped data for i = 192, j = 319 sucessfully passed !
	Initialyzed swapped data for i = 192, j = 320 sucessfully passed !
	Initialyzed swapped data for i = 192, j = 321 sucessfully passed !
	Initialyzed swapped data for i = 192, j = 322 sucessfully passed !
	Initialyzed swapped data for i = 192, j = 323 sucessfully passed !
	Initialyzed swapped data for i = 192, j = 324 sucessfully passed !
	Initialyzed swapped data for i = 192, j = 325 sucessfully passed !
	Initialyzed swapped data for i = 192, j = 326 sucessfully passed !
	Initialyzed swapped data for i = 192, j = 327 sucessfully passed !
	Initialyzed swapped data for i = 192, j = 328 sucessfully passed !
	Initialyzed swapped data for i = 192, j = 329 sucessfully passed !
	Initialyzed swapped data for i = 192, j = 330 sucessfully passed !
	Initialyzed swapped data for i = 192, j = 331 sucessfully passed !
	Initialyzed swapped data for i = 192, j = 332 sucessfully passed !
	Initialyzed swapped data for i = 192, j = 333 sucessfully passed !
	Initialyzed swapped data for i = 192, j = 334 sucessfully passed !
	Initialyzed swapped data for i = 192, j = 335 sucessfully passed !
	Initialyzed swapped data for i = 192, j = 336 sucessfully passed !
	Initialyzed swapped data for i = 192, j = 337 sucessfully passed !
	Initialyzed swapped data for i = 192, j = 338 sucessfully passed !
	Initialyzed swapped data for i = 192, j = 339 sucessfully passed !
	Initialyzed swapped data for i = 192, j = 340 sucessfully passed !
	Initialyzed swapped data for i = 192, j = 341 sucessfully passed !
	Initialyzed swapped data for i = 192, j = 342 sucessfully passed !
	Initialyzed swapped data for i = 192, j = 343 sucessfully passed !
	Initialyzed swapped data for i = 192, j = 344 sucessfully passed !
	Initialyzed swapped data for i = 192, j = 345 sucessfully passed !
	Initialyzed swapped data for i = 192, j = 346 sucessfully passed !
	Initialyzed swapped data for i = 192, j = 347 sucessfully passed !
	Initialyzed swapped data for i = 192, j = 348 sucessfully passed !
	Initialyzed swapped data for i = 192, j = 349 sucessfully passed !
	Initialyzed swapped data for i = 192, j = 350 sucessfully passed !
	Initialyzed swapped data for i = 192, j = 351 sucessfully passed !
	Initialyzed swapped data for i = 192, j = 352 sucessfully passed !
	Initialyzed swapped data for i = 192, j = 353 sucessfully passed !
	Initialyzed swapped data for i = 192, j = 354 sucessfully passed !
	Initialyzed swapped data for i = 192, j = 355 sucessfully passed !
	Initialyzed swapped data for i = 192, j = 356 sucessfully passed !
	Initialyzed swapped data for i = 192, j = 357 sucessfully passed !
	Initialyzed swapped data for i = 192, j = 358 sucessfully passed !
	Initialyzed swapped data for i = 192, j = 359 sucessfully passed !
	Initialyzed swapped data for i = 192, j = 360 sucessfully passed !
	Initialyzed swapped data for i = 192, j = 361 sucessfully passed !
	Initialyzed swapped data for i = 192, j = 362 sucessfully passed !
	Initialyzed swapped data for i = 192, j = 363 sucessfully passed !
	Initialyzed swapped data for i = 192, j = 364 sucessfully passed !
	Initialyzed swapped data for i = 192, j = 365 sucessfully passed !
	Initialyzed swapped data for i = 192, j = 366 sucessfully passed !
	Initialyzed swapped data for i = 192, j = 367 sucessfully passed !
	Initialyzed swapped data for i = 192, j = 368 sucessfully passed !
	Initialyzed swapped data for i = 192, j = 369 sucessfully passed !
	Initialyzed swapped data for i = 192, j = 370 sucessfully passed !
	Initialyzed swapped data for i = 192, j = 371 sucessfully passed !
	Initialyzed swapped data for i = 192, j = 372 sucessfully passed !
	Initialyzed swapped data for i = 192, j = 373 sucessfully passed !
	Initialyzed swapped data for i = 192, j = 374 sucessfully passed !
	Initialyzed swapped data for i = 192, j = 375 sucessfully passed !
	Initialyzed swapped data for i = 192, j = 376 sucessfully passed !
	Initialyzed swapped data for i = 192, j = 377 sucessfully passed !
	Initialyzed swapped data for i = 192, j = 378 sucessfully passed !
	Initialyzed swapped data for i = 192, j = 379 sucessfully passed !
	Initialyzed swapped data for i = 192, j = 380 sucessfully passed !
	Initialyzed swapped data for i = 192, j = 381 sucessfully passed !
	Initialyzed swapped data for i = 192, j = 382 sucessfully passed !
	Initialyzed swapped data for i = 192, j = 383 sucessfully passed !
	Initialyzed swapped data for i = 192, j = 384 sucessfully passed !
	Initialyzed swapped data for i = 192, j = 385 sucessfully passed !
	Initialyzed swapped data for i = 192, j = 386 sucessfully passed !
	Initialyzed swapped data for i = 192, j = 387 sucessfully passed !
	Initialyzed swapped data for i = 192, j = 388 sucessfully passed !
	Initialyzed swapped data for i = 192, j = 389 sucessfully passed !
	Initialyzed swapped data for i = 192, j = 390 sucessfully passed !
	Initialyzed swapped data for i = 192, j = 391 sucessfully passed !
	Initialyzed swapped data for i = 192, j = 392 sucessfully passed !
	Initialyzed swapped data for i = 192, j = 393 sucessfully passed !
	Initialyzed swapped data for i = 192, j = 394 sucessfully passed !
	Initialyzed swapped data for i = 192, j = 395 sucessfully passed !
	Initialyzed swapped data for i = 192, j = 396 sucessfully passed !
	Initialyzed swapped data for i = 192, j = 397 sucessfully passed !
	Initialyzed swapped data for i = 192, j = 398 sucessfully passed !
	Initialyzed swapped data for i = 192, j = 399 sucessfully passed !
	Initialyzed swapped data for i = 192, j = 400 sucessfully passed !
	Initialyzed swapped data for i = 192, j = 401 sucessfully passed !
	Initialyzed swapped data for i = 192, j = 402 sucessfully passed !
	Initialyzed swapped data for i = 192, j = 403 sucessfully passed !
	Initialyzed swapped data for i = 192, j = 404 sucessfully passed !
	Initialyzed swapped data for i = 192, j = 405 sucessfully passed !
	Initialyzed swapped data for i = 192, j = 406 sucessfully passed !
	Initialyzed swapped data for i = 192, j = 407 sucessfully passed !
	Initialyzed swapped data for i = 192, j = 408 sucessfully passed !
	Initialyzed swapped data for i = 192, j = 409 sucessfully passed !
	Initialyzed swapped data for i = 192, j = 410 sucessfully passed !
	Initialyzed swapped data for i = 192, j = 411 sucessfully passed !
	Initialyzed swapped data for i = 192, j = 412 sucessfully passed !
	Initialyzed swapped data for i = 192, j = 413 sucessfully passed !
	Initialyzed swapped data for i = 192, j = 414 sucessfully passed !
	Initialyzed swapped data for i = 192, j = 415 sucessfully passed !
	Initialyzed swapped data for i = 192, j = 416 sucessfully passed !
	Initialyzed swapped data for i = 192, j = 417 sucessfully passed !
	Initialyzed swapped data for i = 192, j = 418 sucessfully passed !
	Initialyzed swapped data for i = 192, j = 419 sucessfully passed !
	Initialyzed swapped data for i = 192, j = 420 sucessfully passed !
	Initialyzed swapped data for i = 192, j = 421 sucessfully passed !
	Initialyzed swapped data for i = 192, j = 422 sucessfully passed !
	Initialyzed swapped data for i = 192, j = 423 sucessfully passed !
	Initialyzed swapped data for i = 192, j = 424 sucessfully passed !
	Initialyzed swapped data for i = 192, j = 425 sucessfully passed !
	Initialyzed swapped data for i = 192, j = 426 sucessfully passed !
	Initialyzed swapped data for i = 192, j = 427 sucessfully passed !
	Initialyzed swapped data for i = 192, j = 428 sucessfully passed !
	Initialyzed swapped data for i = 192, j = 429 sucessfully passed !
	Initialyzed swapped data for i = 192, j = 430 sucessfully passed !
	Initialyzed swapped data for i = 192, j = 431 sucessfully passed !
	Initialyzed swapped data for i = 192, j = 432 sucessfully passed !
	Initialyzed swapped data for i = 192, j = 433 sucessfully passed !
	Initialyzed swapped data for i = 193, j = 194 sucessfully passed !
	Initialyzed swapped data for i = 193, j = 195 sucessfully passed !
	Initialyzed swapped data for i = 193, j = 196 sucessfully passed !
	Initialyzed swapped data for i = 193, j = 197 sucessfully passed !
	Initialyzed swapped data for i = 193, j = 198 sucessfully passed !
	Initialyzed swapped data for i = 193, j = 199 sucessfully passed !
	Initialyzed swapped data for i = 193, j = 200 sucessfully passed !
	Initialyzed swapped data for i = 193, j = 201 sucessfully passed !
	Initialyzed swapped data for i = 193, j = 202 sucessfully passed !
	Initialyzed swapped data for i = 193, j = 203 sucessfully passed !
	Initialyzed swapped data for i = 193, j = 204 sucessfully passed !
	Initialyzed swapped data for i = 193, j = 205 sucessfully passed !
	Initialyzed swapped data for i = 193, j = 206 sucessfully passed !
	Initialyzed swapped data for i = 193, j = 207 sucessfully passed !
	Initialyzed swapped data for i = 193, j = 208 sucessfully passed !
	Initialyzed swapped data for i = 193, j = 209 sucessfully passed !
	Initialyzed swapped data for i = 193, j = 210 sucessfully passed !
	Initialyzed swapped data for i = 193, j = 211 sucessfully passed !
	Initialyzed swapped data for i = 193, j = 212 sucessfully passed !
	Initialyzed swapped data for i = 193, j = 213 sucessfully passed !
	Initialyzed swapped data for i = 193, j = 214 sucessfully passed !
	Initialyzed swapped data for i = 193, j = 215 sucessfully passed !
	Initialyzed swapped data for i = 193, j = 216 sucessfully passed !
	Initialyzed swapped data for i = 193, j = 217 sucessfully passed !
	Initialyzed swapped data for i = 193, j = 218 sucessfully passed !
	Initialyzed swapped data for i = 193, j = 219 sucessfully passed !
	Initialyzed swapped data for i = 193, j = 220 sucessfully passed !
	Initialyzed swapped data for i = 193, j = 221 sucessfully passed !
	Initialyzed swapped data for i = 193, j = 222 sucessfully passed !
	Initialyzed swapped data for i = 193, j = 223 sucessfully passed !
	Initialyzed swapped data for i = 193, j = 224 sucessfully passed !
	Initialyzed swapped data for i = 193, j = 225 sucessfully passed !
	Initialyzed swapped data for i = 193, j = 226 sucessfully passed !
	Initialyzed swapped data for i = 193, j = 227 sucessfully passed !
	Initialyzed swapped data for i = 193, j = 228 sucessfully passed !
	Initialyzed swapped data for i = 193, j = 229 sucessfully passed !
	Initialyzed swapped data for i = 193, j = 230 sucessfully passed !
	Initialyzed swapped data for i = 193, j = 231 sucessfully passed !
	Initialyzed swapped data for i = 193, j = 232 sucessfully passed !
	Initialyzed swapped data for i = 193, j = 233 sucessfully passed !
	Initialyzed swapped data for i = 193, j = 234 sucessfully passed !
	Initialyzed swapped data for i = 193, j = 235 sucessfully passed !
	Initialyzed swapped data for i = 193, j = 236 sucessfully passed !
	Initialyzed swapped data for i = 193, j = 237 sucessfully passed !
	Initialyzed swapped data for i = 193, j = 238 sucessfully passed !
	Initialyzed swapped data for i = 193, j = 239 sucessfully passed !
	Initialyzed swapped data for i = 193, j = 240 sucessfully passed !
	Initialyzed swapped data for i = 193, j = 241 sucessfully passed !
	Initialyzed swapped data for i = 193, j = 242 sucessfully passed !
	Initialyzed swapped data for i = 193, j = 243 sucessfully passed !
	Initialyzed swapped data for i = 193, j = 244 sucessfully passed !
	Initialyzed swapped data for i = 193, j = 245 sucessfully passed !
	Initialyzed swapped data for i = 193, j = 246 sucessfully passed !
	Initialyzed swapped data for i = 193, j = 247 sucessfully passed !
	Initialyzed swapped data for i = 193, j = 248 sucessfully passed !
	Initialyzed swapped data for i = 193, j = 249 sucessfully passed !
	Initialyzed swapped data for i = 193, j = 250 sucessfully passed !
	Initialyzed swapped data for i = 193, j = 251 sucessfully passed !
	Initialyzed swapped data for i = 193, j = 252 sucessfully passed !
	Initialyzed swapped data for i = 193, j = 253 sucessfully passed !
	Initialyzed swapped data for i = 193, j = 254 sucessfully passed !
	Initialyzed swapped data for i = 193, j = 255 sucessfully passed !
	Initialyzed swapped data for i = 193, j = 256 sucessfully passed !
	Initialyzed swapped data for i = 193, j = 257 sucessfully passed !
	Initialyzed swapped data for i = 193, j = 258 sucessfully passed !
	Initialyzed swapped data for i = 193, j = 259 sucessfully passed !
	Initialyzed swapped data for i = 193, j = 260 sucessfully passed !
	Initialyzed swapped data for i = 193, j = 261 sucessfully passed !
	Initialyzed swapped data for i = 193, j = 262 sucessfully passed !
	Initialyzed swapped data for i = 193, j = 263 sucessfully passed !
	Initialyzed swapped data for i = 193, j = 264 sucessfully passed !
	Initialyzed swapped data for i = 193, j = 265 sucessfully passed !
	Initialyzed swapped data for i = 193, j = 266 sucessfully passed !
	Initialyzed swapped data for i = 193, j = 267 sucessfully passed !
	Initialyzed swapped data for i = 193, j = 268 sucessfully passed !
	Initialyzed swapped data for i = 193, j = 269 sucessfully passed !
	Initialyzed swapped data for i = 193, j = 270 sucessfully passed !
	Initialyzed swapped data for i = 193, j = 271 sucessfully passed !
	Initialyzed swapped data for i = 193, j = 272 sucessfully passed !
	Initialyzed swapped data for i = 193, j = 273 sucessfully passed !
	Initialyzed swapped data for i = 193, j = 274 sucessfully passed !
	Initialyzed swapped data for i = 193, j = 275 sucessfully passed !
	Initialyzed swapped data for i = 193, j = 276 sucessfully passed !
	Initialyzed swapped data for i = 193, j = 277 sucessfully passed !
	Initialyzed swapped data for i = 193, j = 278 sucessfully passed !
	Initialyzed swapped data for i = 193, j = 279 sucessfully passed !
	Initialyzed swapped data for i = 193, j = 280 sucessfully passed !
	Initialyzed swapped data for i = 193, j = 281 sucessfully passed !
	Initialyzed swapped data for i = 193, j = 282 sucessfully passed !
	Initialyzed swapped data for i = 193, j = 283 sucessfully passed !
	Initialyzed swapped data for i = 193, j = 284 sucessfully passed !
	Initialyzed swapped data for i = 193, j = 285 sucessfully passed !
	Initialyzed swapped data for i = 193, j = 286 sucessfully passed !
	Initialyzed swapped data for i = 193, j = 287 sucessfully passed !
	Initialyzed swapped data for i = 193, j = 288 sucessfully passed !
	Initialyzed swapped data for i = 193, j = 289 sucessfully passed !
	Initialyzed swapped data for i = 193, j = 290 sucessfully passed !
	Initialyzed swapped data for i = 193, j = 291 sucessfully passed !
	Initialyzed swapped data for i = 193, j = 292 sucessfully passed !
	Initialyzed swapped data for i = 193, j = 293 sucessfully passed !
	Initialyzed swapped data for i = 193, j = 294 sucessfully passed !
	Initialyzed swapped data for i = 193, j = 295 sucessfully passed !
	Initialyzed swapped data for i = 193, j = 296 sucessfully passed !
	Initialyzed swapped data for i = 193, j = 297 sucessfully passed !
	Initialyzed swapped data for i = 193, j = 298 sucessfully passed !
	Initialyzed swapped data for i = 193, j = 299 sucessfully passed !
	Initialyzed swapped data for i = 193, j = 300 sucessfully passed !
	Initialyzed swapped data for i = 193, j = 301 sucessfully passed !
	Initialyzed swapped data for i = 193, j = 302 sucessfully passed !
	Initialyzed swapped data for i = 193, j = 303 sucessfully passed !
	Initialyzed swapped data for i = 193, j = 304 sucessfully passed !
	Initialyzed swapped data for i = 193, j = 305 sucessfully passed !
	Initialyzed swapped data for i = 193, j = 306 sucessfully passed !
	Initialyzed swapped data for i = 193, j = 307 sucessfully passed !
	Initialyzed swapped data for i = 193, j = 308 sucessfully passed !
	Initialyzed swapped data for i = 193, j = 309 sucessfully passed !
	Initialyzed swapped data for i = 193, j = 310 sucessfully passed !
	Initialyzed swapped data for i = 193, j = 311 sucessfully passed !
	Initialyzed swapped data for i = 193, j = 312 sucessfully passed !
	Initialyzed swapped data for i = 193, j = 313 sucessfully passed !
	Initialyzed swapped data for i = 193, j = 314 sucessfully passed !
	Initialyzed swapped data for i = 193, j = 315 sucessfully passed !
	Initialyzed swapped data for i = 193, j = 316 sucessfully passed !
	Initialyzed swapped data for i = 193, j = 317 sucessfully passed !
	Initialyzed swapped data for i = 193, j = 318 sucessfully passed !
	Initialyzed swapped data for i = 193, j = 319 sucessfully passed !
	Initialyzed swapped data for i = 193, j = 320 sucessfully passed !
	Initialyzed swapped data for i = 193, j = 321 sucessfully passed !
	Initialyzed swapped data for i = 193, j = 322 sucessfully passed !
	Initialyzed swapped data for i = 193, j = 323 sucessfully passed !
	Initialyzed swapped data for i = 193, j = 324 sucessfully passed !
	Initialyzed swapped data for i = 193, j = 325 sucessfully passed !
	Initialyzed swapped data for i = 193, j = 326 sucessfully passed !
	Initialyzed swapped data for i = 193, j = 327 sucessfully passed !
	Initialyzed swapped data for i = 193, j = 328 sucessfully passed !
	Initialyzed swapped data for i = 193, j = 329 sucessfully passed !
	Initialyzed swapped data for i = 193, j = 330 sucessfully passed !
	Initialyzed swapped data for i = 193, j = 331 sucessfully passed !
	Initialyzed swapped data for i = 193, j = 332 sucessfully passed !
	Initialyzed swapped data for i = 193, j = 333 sucessfully passed !
	Initialyzed swapped data for i = 193, j = 334 sucessfully passed !
	Initialyzed swapped data for i = 193, j = 335 sucessfully passed !
	Initialyzed swapped data for i = 193, j = 336 sucessfully passed !
	Initialyzed swapped data for i = 193, j = 337 sucessfully passed !
	Initialyzed swapped data for i = 193, j = 338 sucessfully passed !
	Initialyzed swapped data for i = 193, j = 339 sucessfully passed !
	Initialyzed swapped data for i = 193, j = 340 sucessfully passed !
	Initialyzed swapped data for i = 193, j = 341 sucessfully passed !
	Initialyzed swapped data for i = 193, j = 342 sucessfully passed !
	Initialyzed swapped data for i = 193, j = 343 sucessfully passed !
	Initialyzed swapped data for i = 193, j = 344 sucessfully passed !
	Initialyzed swapped data for i = 193, j = 345 sucessfully passed !
	Initialyzed swapped data for i = 193, j = 346 sucessfully passed !
	Initialyzed swapped data for i = 193, j = 347 sucessfully passed !
	Initialyzed swapped data for i = 193, j = 348 sucessfully passed !
	Initialyzed swapped data for i = 193, j = 349 sucessfully passed !
	Initialyzed swapped data for i = 193, j = 350 sucessfully passed !
	Initialyzed swapped data for i = 193, j = 351 sucessfully passed !
	Initialyzed swapped data for i = 193, j = 352 sucessfully passed !
	Initialyzed swapped data for i = 193, j = 353 sucessfully passed !
	Initialyzed swapped data for i = 193, j = 354 sucessfully passed !
	Initialyzed swapped data for i = 193, j = 355 sucessfully passed !
	Initialyzed swapped data for i = 193, j = 356 sucessfully passed !
	Initialyzed swapped data for i = 193, j = 357 sucessfully passed !
	Initialyzed swapped data for i = 193, j = 358 sucessfully passed !
	Initialyzed swapped data for i = 193, j = 359 sucessfully passed !
	Initialyzed swapped data for i = 193, j = 360 sucessfully passed !
	Initialyzed swapped data for i = 193, j = 361 sucessfully passed !
	Initialyzed swapped data for i = 193, j = 362 sucessfully passed !
	Initialyzed swapped data for i = 193, j = 363 sucessfully passed !
	Initialyzed swapped data for i = 193, j = 364 sucessfully passed !
	Initialyzed swapped data for i = 193, j = 365 sucessfully passed !
	Initialyzed swapped data for i = 193, j = 366 sucessfully passed !
	Initialyzed swapped data for i = 193, j = 367 sucessfully passed !
	Initialyzed swapped data for i = 193, j = 368 sucessfully passed !
	Initialyzed swapped data for i = 193, j = 369 sucessfully passed !
	Initialyzed swapped data for i = 193, j = 370 sucessfully passed !
	Initialyzed swapped data for i = 193, j = 371 sucessfully passed !
	Initialyzed swapped data for i = 193, j = 372 sucessfully passed !
	Initialyzed swapped data for i = 193, j = 373 sucessfully passed !
	Initialyzed swapped data for i = 193, j = 374 sucessfully passed !
	Initialyzed swapped data for i = 193, j = 375 sucessfully passed !
	Initialyzed swapped data for i = 193, j = 376 sucessfully passed !
	Initialyzed swapped data for i = 193, j = 377 sucessfully passed !
	Initialyzed swapped data for i = 193, j = 378 sucessfully passed !
	Initialyzed swapped data for i = 193, j = 379 sucessfully passed !
	Initialyzed swapped data for i = 193, j = 380 sucessfully passed !
	Initialyzed swapped data for i = 193, j = 381 sucessfully passed !
	Initialyzed swapped data for i = 193, j = 382 sucessfully passed !
	Initialyzed swapped data for i = 193, j = 383 sucessfully passed !
	Initialyzed swapped data for i = 193, j = 384 sucessfully passed !
	Initialyzed swapped data for i = 193, j = 385 sucessfully passed !
	Initialyzed swapped data for i = 193, j = 386 sucessfully passed !
	Initialyzed swapped data for i = 193, j = 387 sucessfully passed !
	Initialyzed swapped data for i = 193, j = 388 sucessfully passed !
	Initialyzed swapped data for i = 193, j = 389 sucessfully passed !
	Initialyzed swapped data for i = 193, j = 390 sucessfully passed !
	Initialyzed swapped data for i = 193, j = 391 sucessfully passed !
	Initialyzed swapped data for i = 193, j = 392 sucessfully passed !
	Initialyzed swapped data for i = 193, j = 393 sucessfully passed !
	Initialyzed swapped data for i = 193, j = 394 sucessfully passed !
	Initialyzed swapped data for i = 193, j = 395 sucessfully passed !
	Initialyzed swapped data for i = 193, j = 396 sucessfully passed !
	Initialyzed swapped data for i = 193, j = 397 sucessfully passed !
	Initialyzed swapped data for i = 193, j = 398 sucessfully passed !
	Initialyzed swapped data for i = 193, j = 399 sucessfully passed !
	Initialyzed swapped data for i = 193, j = 400 sucessfully passed !
	Initialyzed swapped data for i = 193, j = 401 sucessfully passed !
	Initialyzed swapped data for i = 193, j = 402 sucessfully passed !
	Initialyzed swapped data for i = 193, j = 403 sucessfully passed !
	Initialyzed swapped data for i = 193, j = 404 sucessfully passed !
	Initialyzed swapped data for i = 193, j = 405 sucessfully passed !
	Initialyzed swapped data for i = 193, j = 406 sucessfully passed !
	Initialyzed swapped data for i = 193, j = 407 sucessfully passed !
	Initialyzed swapped data for i = 193, j = 408 sucessfully passed !
	Initialyzed swapped data for i = 193, j = 409 sucessfully passed !
	Initialyzed swapped data for i = 193, j = 410 sucessfully passed !
	Initialyzed swapped data for i = 193, j = 411 sucessfully passed !
	Initialyzed swapped data for i = 193, j = 412 sucessfully passed !
	Initialyzed swapped data for i = 193, j = 413 sucessfully passed !
	Initialyzed swapped data for i = 193, j = 414 sucessfully passed !
	Initialyzed swapped data for i = 193, j = 415 sucessfully passed !
	Initialyzed swapped data for i = 193, j = 416 sucessfully passed !
	Initialyzed swapped data for i = 193, j = 417 sucessfully passed !
	Initialyzed swapped data for i = 193, j = 418 sucessfully passed !
	Initialyzed swapped data for i = 193, j = 419 sucessfully passed !
	Initialyzed swapped data for i = 193, j = 420 sucessfully passed !
	Initialyzed swapped data for i = 193, j = 421 sucessfully passed !
	Initialyzed swapped data for i = 193, j = 422 sucessfully passed !
	Initialyzed swapped data for i = 193, j = 423 sucessfully passed !
	Initialyzed swapped data for i = 193, j = 424 sucessfully passed !
	Initialyzed swapped data for i = 193, j = 425 sucessfully passed !
	Initialyzed swapped data for i = 193, j = 426 sucessfully passed !
	Initialyzed swapped data for i = 193, j = 427 sucessfully passed !
	Initialyzed swapped data for i = 193, j = 428 sucessfully passed !
	Initialyzed swapped data for i = 193, j = 429 sucessfully passed !
	Initialyzed swapped data for i = 193, j = 430 sucessfully passed !
	Initialyzed swapped data for i = 193, j = 431 sucessfully passed !
	Initialyzed swapped data for i = 193, j = 432 sucessfully passed !
	Initialyzed swapped data for i = 193, j = 433 sucessfully passed !
	Initialyzed swapped data for i = 194, j = 195 sucessfully passed !
	Initialyzed swapped data for i = 194, j = 196 sucessfully passed !
	Initialyzed swapped data for i = 194, j = 197 sucessfully passed !
	Initialyzed swapped data for i = 194, j = 198 sucessfully passed !
	Initialyzed swapped data for i = 194, j = 199 sucessfully passed !
	Initialyzed swapped data for i = 194, j = 200 sucessfully passed !
	Initialyzed swapped data for i = 194, j = 201 sucessfully passed !
	Initialyzed swapped data for i = 194, j = 202 sucessfully passed !
	Initialyzed swapped data for i = 194, j = 203 sucessfully passed !
	Initialyzed swapped data for i = 194, j = 204 sucessfully passed !
	Initialyzed swapped data for i = 194, j = 205 sucessfully passed !
	Initialyzed swapped data for i = 194, j = 206 sucessfully passed !
	Initialyzed swapped data for i = 194, j = 207 sucessfully passed !
	Initialyzed swapped data for i = 194, j = 208 sucessfully passed !
	Initialyzed swapped data for i = 194, j = 209 sucessfully passed !
	Initialyzed swapped data for i = 194, j = 210 sucessfully passed !
	Initialyzed swapped data for i = 194, j = 211 sucessfully passed !
	Initialyzed swapped data for i = 194, j = 212 sucessfully passed !
	Initialyzed swapped data for i = 194, j = 213 sucessfully passed !
	Initialyzed swapped data for i = 194, j = 214 sucessfully passed !
	Initialyzed swapped data for i = 194, j = 215 sucessfully passed !
	Initialyzed swapped data for i = 194, j = 216 sucessfully passed !
	Initialyzed swapped data for i = 194, j = 217 sucessfully passed !
	Initialyzed swapped data for i = 194, j = 218 sucessfully passed !
	Initialyzed swapped data for i = 194, j = 219 sucessfully passed !
	Initialyzed swapped data for i = 194, j = 220 sucessfully passed !
	Initialyzed swapped data for i = 194, j = 221 sucessfully passed !
	Initialyzed swapped data for i = 194, j = 222 sucessfully passed !
	Initialyzed swapped data for i = 194, j = 223 sucessfully passed !
	Initialyzed swapped data for i = 194, j = 224 sucessfully passed !
	Initialyzed swapped data for i = 194, j = 225 sucessfully passed !
	Initialyzed swapped data for i = 194, j = 226 sucessfully passed !
	Initialyzed swapped data for i = 194, j = 227 sucessfully passed !
	Initialyzed swapped data for i = 194, j = 228 sucessfully passed !
	Initialyzed swapped data for i = 194, j = 229 sucessfully passed !
	Initialyzed swapped data for i = 194, j = 230 sucessfully passed !
	Initialyzed swapped data for i = 194, j = 231 sucessfully passed !
	Initialyzed swapped data for i = 194, j = 232 sucessfully passed !
	Initialyzed swapped data for i = 194, j = 233 sucessfully passed !
	Initialyzed swapped data for i = 194, j = 234 sucessfully passed !
	Initialyzed swapped data for i = 194, j = 235 sucessfully passed !
	Initialyzed swapped data for i = 194, j = 236 sucessfully passed !
	Initialyzed swapped data for i = 194, j = 237 sucessfully passed !
	Initialyzed swapped data for i = 194, j = 238 sucessfully passed !
	Initialyzed swapped data for i = 194, j = 239 sucessfully passed !
	Initialyzed swapped data for i = 194, j = 240 sucessfully passed !
	Initialyzed swapped data for i = 194, j = 241 sucessfully passed !
	Initialyzed swapped data for i = 194, j = 242 sucessfully passed !
	Initialyzed swapped data for i = 194, j = 243 sucessfully passed !
	Initialyzed swapped data for i = 194, j = 244 sucessfully passed !
	Initialyzed swapped data for i = 194, j = 245 sucessfully passed !
	Initialyzed swapped data for i = 194, j = 246 sucessfully passed !
	Initialyzed swapped data for i = 194, j = 247 sucessfully passed !
	Initialyzed swapped data for i = 194, j = 248 sucessfully passed !
	Initialyzed swapped data for i = 194, j = 249 sucessfully passed !
	Initialyzed swapped data for i = 194, j = 250 sucessfully passed !
	Initialyzed swapped data for i = 194, j = 251 sucessfully passed !
	Initialyzed swapped data for i = 194, j = 252 sucessfully passed !
	Initialyzed swapped data for i = 194, j = 253 sucessfully passed !
	Initialyzed swapped data for i = 194, j = 254 sucessfully passed !
	Initialyzed swapped data for i = 194, j = 255 sucessfully passed !
	Initialyzed swapped data for i = 194, j = 256 sucessfully passed !
	Initialyzed swapped data for i = 194, j = 257 sucessfully passed !
	Initialyzed swapped data for i = 194, j = 258 sucessfully passed !
	Initialyzed swapped data for i = 194, j = 259 sucessfully passed !
	Initialyzed swapped data for i = 194, j = 260 sucessfully passed !
	Initialyzed swapped data for i = 194, j = 261 sucessfully passed !
	Initialyzed swapped data for i = 194, j = 262 sucessfully passed !
	Initialyzed swapped data for i = 194, j = 263 sucessfully passed !
	Initialyzed swapped data for i = 194, j = 264 sucessfully passed !
	Initialyzed swapped data for i = 194, j = 265 sucessfully passed !
	Initialyzed swapped data for i = 194, j = 266 sucessfully passed !
	Initialyzed swapped data for i = 194, j = 267 sucessfully passed !
	Initialyzed swapped data for i = 194, j = 268 sucessfully passed !
	Initialyzed swapped data for i = 194, j = 269 sucessfully passed !
	Initialyzed swapped data for i = 194, j = 270 sucessfully passed !
	Initialyzed swapped data for i = 194, j = 271 sucessfully passed !
	Initialyzed swapped data for i = 194, j = 272 sucessfully passed !
	Initialyzed swapped data for i = 194, j = 273 sucessfully passed !
	Initialyzed swapped data for i = 194, j = 274 sucessfully passed !
	Initialyzed swapped data for i = 194, j = 275 sucessfully passed !
	Initialyzed swapped data for i = 194, j = 276 sucessfully passed !
	Initialyzed swapped data for i = 194, j = 277 sucessfully passed !
	Initialyzed swapped data for i = 194, j = 278 sucessfully passed !
	Initialyzed swapped data for i = 194, j = 279 sucessfully passed !
	Initialyzed swapped data for i = 194, j = 280 sucessfully passed !
	Initialyzed swapped data for i = 194, j = 281 sucessfully passed !
	Initialyzed swapped data for i = 194, j = 282 sucessfully passed !
	Initialyzed swapped data for i = 194, j = 283 sucessfully passed !
	Initialyzed swapped data for i = 194, j = 284 sucessfully passed !
	Initialyzed swapped data for i = 194, j = 285 sucessfully passed !
	Initialyzed swapped data for i = 194, j = 286 sucessfully passed !
	Initialyzed swapped data for i = 194, j = 287 sucessfully passed !
	Initialyzed swapped data for i = 194, j = 288 sucessfully passed !
	Initialyzed swapped data for i = 194, j = 289 sucessfully passed !
	Initialyzed swapped data for i = 194, j = 290 sucessfully passed !
	Initialyzed swapped data for i = 194, j = 291 sucessfully passed !
	Initialyzed swapped data for i = 194, j = 292 sucessfully passed !
	Initialyzed swapped data for i = 194, j = 293 sucessfully passed !
	Initialyzed swapped data for i = 194, j = 294 sucessfully passed !
	Initialyzed swapped data for i = 194, j = 295 sucessfully passed !
	Initialyzed swapped data for i = 194, j = 296 sucessfully passed !
	Initialyzed swapped data for i = 194, j = 297 sucessfully passed !
	Initialyzed swapped data for i = 194, j = 298 sucessfully passed !
	Initialyzed swapped data for i = 194, j = 299 sucessfully passed !
	Initialyzed swapped data for i = 194, j = 300 sucessfully passed !
	Initialyzed swapped data for i = 194, j = 301 sucessfully passed !
	Initialyzed swapped data for i = 194, j = 302 sucessfully passed !
	Initialyzed swapped data for i = 194, j = 303 sucessfully passed !
	Initialyzed swapped data for i = 194, j = 304 sucessfully passed !
	Initialyzed swapped data for i = 194, j = 305 sucessfully passed !
	Initialyzed swapped data for i = 194, j = 306 sucessfully passed !
	Initialyzed swapped data for i = 194, j = 307 sucessfully passed !
	Initialyzed swapped data for i = 194, j = 308 sucessfully passed !
	Initialyzed swapped data for i = 194, j = 309 sucessfully passed !
	Initialyzed swapped data for i = 194, j = 310 sucessfully passed !
	Initialyzed swapped data for i = 194, j = 311 sucessfully passed !
	Initialyzed swapped data for i = 194, j = 312 sucessfully passed !
	Initialyzed swapped data for i = 194, j = 313 sucessfully passed !
	Initialyzed swapped data for i = 194, j = 314 sucessfully passed !
	Initialyzed swapped data for i = 194, j = 315 sucessfully passed !
	Initialyzed swapped data for i = 194, j = 316 sucessfully passed !
	Initialyzed swapped data for i = 194, j = 317 sucessfully passed !
	Initialyzed swapped data for i = 194, j = 318 sucessfully passed !
	Initialyzed swapped data for i = 194, j = 319 sucessfully passed !
	Initialyzed swapped data for i = 194, j = 320 sucessfully passed !
	Initialyzed swapped data for i = 194, j = 321 sucessfully passed !
	Initialyzed swapped data for i = 194, j = 322 sucessfully passed !
	Initialyzed swapped data for i = 194, j = 323 sucessfully passed !
	Initialyzed swapped data for i = 194, j = 324 sucessfully passed !
	Initialyzed swapped data for i = 194, j = 325 sucessfully passed !
	Initialyzed swapped data for i = 194, j = 326 sucessfully passed !
	Initialyzed swapped data for i = 194, j = 327 sucessfully passed !
	Initialyzed swapped data for i = 194, j = 328 sucessfully passed !
	Initialyzed swapped data for i = 194, j = 329 sucessfully passed !
	Initialyzed swapped data for i = 194, j = 330 sucessfully passed !
	Initialyzed swapped data for i = 194, j = 331 sucessfully passed !
	Initialyzed swapped data for i = 194, j = 332 sucessfully passed !
	Initialyzed swapped data for i = 194, j = 333 sucessfully passed !
	Initialyzed swapped data for i = 194, j = 334 sucessfully passed !
	Initialyzed swapped data for i = 194, j = 335 sucessfully passed !
	Initialyzed swapped data for i = 194, j = 336 sucessfully passed !
	Initialyzed swapped data for i = 194, j = 337 sucessfully passed !
	Initialyzed swapped data for i = 194, j = 338 sucessfully passed !
	Initialyzed swapped data for i = 194, j = 339 sucessfully passed !
	Initialyzed swapped data for i = 194, j = 340 sucessfully passed !
	Initialyzed swapped data for i = 194, j = 341 sucessfully passed !
	Initialyzed swapped data for i = 194, j = 342 sucessfully passed !
	Initialyzed swapped data for i = 194, j = 343 sucessfully passed !
	Initialyzed swapped data for i = 194, j = 344 sucessfully passed !
	Initialyzed swapped data for i = 194, j = 345 sucessfully passed !
	Initialyzed swapped data for i = 194, j = 346 sucessfully passed !
	Initialyzed swapped data for i = 194, j = 347 sucessfully passed !
	Initialyzed swapped data for i = 194, j = 348 sucessfully passed !
	Initialyzed swapped data for i = 194, j = 349 sucessfully passed !
	Initialyzed swapped data for i = 194, j = 350 sucessfully passed !
	Initialyzed swapped data for i = 194, j = 351 sucessfully passed !
	Initialyzed swapped data for i = 194, j = 352 sucessfully passed !
	Initialyzed swapped data for i = 194, j = 353 sucessfully passed !
	Initialyzed swapped data for i = 194, j = 354 sucessfully passed !
	Initialyzed swapped data for i = 194, j = 355 sucessfully passed !
	Initialyzed swapped data for i = 194, j = 356 sucessfully passed !
	Initialyzed swapped data for i = 194, j = 357 sucessfully passed !
	Initialyzed swapped data for i = 194, j = 358 sucessfully passed !
	Initialyzed swapped data for i = 194, j = 359 sucessfully passed !
	Initialyzed swapped data for i = 194, j = 360 sucessfully passed !
	Initialyzed swapped data for i = 194, j = 361 sucessfully passed !
	Initialyzed swapped data for i = 194, j = 362 sucessfully passed !
	Initialyzed swapped data for i = 194, j = 363 sucessfully passed !
	Initialyzed swapped data for i = 194, j = 364 sucessfully passed !
	Initialyzed swapped data for i = 194, j = 365 sucessfully passed !
	Initialyzed swapped data for i = 194, j = 366 sucessfully passed !
	Initialyzed swapped data for i = 194, j = 367 sucessfully passed !
	Initialyzed swapped data for i = 194, j = 368 sucessfully passed !
	Initialyzed swapped data for i = 194, j = 369 sucessfully passed !
	Initialyzed swapped data for i = 194, j = 370 sucessfully passed !
	Initialyzed swapped data for i = 194, j = 371 sucessfully passed !
	Initialyzed swapped data for i = 194, j = 372 sucessfully passed !
	Initialyzed swapped data for i = 194, j = 373 sucessfully passed !
	Initialyzed swapped data for i = 194, j = 374 sucessfully passed !
	Initialyzed swapped data for i = 194, j = 375 sucessfully passed !
	Initialyzed swapped data for i = 194, j = 376 sucessfully passed !
	Initialyzed swapped data for i = 194, j = 377 sucessfully passed !
	Initialyzed swapped data for i = 194, j = 378 sucessfully passed !
	Initialyzed swapped data for i = 194, j = 379 sucessfully passed !
	Initialyzed swapped data for i = 194, j = 380 sucessfully passed !
	Initialyzed swapped data for i = 194, j = 381 sucessfully passed !
	Initialyzed swapped data for i = 194, j = 382 sucessfully passed !
	Initialyzed swapped data for i = 194, j = 383 sucessfully passed !
	Initialyzed swapped data for i = 194, j = 384 sucessfully passed !
	Initialyzed swapped data for i = 194, j = 385 sucessfully passed !
	Initialyzed swapped data for i = 194, j = 386 sucessfully passed !
	Initialyzed swapped data for i = 194, j = 387 sucessfully passed !
	Initialyzed swapped data for i = 194, j = 388 sucessfully passed !
	Initialyzed swapped data for i = 194, j = 389 sucessfully passed !
	Initialyzed swapped data for i = 194, j = 390 sucessfully passed !
	Initialyzed swapped data for i = 194, j = 391 sucessfully passed !
	Initialyzed swapped data for i = 194, j = 392 sucessfully passed !
	Initialyzed swapped data for i = 194, j = 393 sucessfully passed !
	Initialyzed swapped data for i = 194, j = 394 sucessfully passed !
	Initialyzed swapped data for i = 194, j = 395 sucessfully passed !
	Initialyzed swapped data for i = 194, j = 396 sucessfully passed !
	Initialyzed swapped data for i = 194, j = 397 sucessfully passed !
	Initialyzed swapped data for i = 194, j = 398 sucessfully passed !
	Initialyzed swapped data for i = 194, j = 399 sucessfully passed !
	Initialyzed swapped data for i = 194, j = 400 sucessfully passed !
	Initialyzed swapped data for i = 194, j = 401 sucessfully passed !
	Initialyzed swapped data for i = 194, j = 402 sucessfully passed !
	Initialyzed swapped data for i = 194, j = 403 sucessfully passed !
	Initialyzed swapped data for i = 194, j = 404 sucessfully passed !
	Initialyzed swapped data for i = 194, j = 405 sucessfully passed !
	Initialyzed swapped data for i = 194, j = 406 sucessfully passed !
	Initialyzed swapped data for i = 194, j = 407 sucessfully passed !
	Initialyzed swapped data for i = 194, j = 408 sucessfully passed !
	Initialyzed swapped data for i = 194, j = 409 sucessfully passed !
	Initialyzed swapped data for i = 194, j = 410 sucessfully passed !
	Initialyzed swapped data for i = 194, j = 411 sucessfully passed !
	Initialyzed swapped data for i = 194, j = 412 sucessfully passed !
	Initialyzed swapped data for i = 194, j = 413 sucessfully passed !
	Initialyzed swapped data for i = 194, j = 414 sucessfully passed !
	Initialyzed swapped data for i = 194, j = 415 sucessfully passed !
	Initialyzed swapped data for i = 194, j = 416 sucessfully passed !
	Initialyzed swapped data for i = 194, j = 417 sucessfully passed !
	Initialyzed swapped data for i = 194, j = 418 sucessfully passed !
	Initialyzed swapped data for i = 194, j = 419 sucessfully passed !
	Initialyzed swapped data for i = 194, j = 420 sucessfully passed !
	Initialyzed swapped data for i = 194, j = 421 sucessfully passed !
	Initialyzed swapped data for i = 194, j = 422 sucessfully passed !
	Initialyzed swapped data for i = 194, j = 423 sucessfully passed !
	Initialyzed swapped data for i = 194, j = 424 sucessfully passed !
	Initialyzed swapped data for i = 194, j = 425 sucessfully passed !
	Initialyzed swapped data for i = 194, j = 426 sucessfully passed !
	Initialyzed swapped data for i = 194, j = 427 sucessfully passed !
	Initialyzed swapped data for i = 194, j = 428 sucessfully passed !
	Initialyzed swapped data for i = 194, j = 429 sucessfully passed !
	Initialyzed swapped data for i = 194, j = 430 sucessfully passed !
	Initialyzed swapped data for i = 194, j = 431 sucessfully passed !
	Initialyzed swapped data for i = 194, j = 432 sucessfully passed !
	Initialyzed swapped data for i = 194, j = 433 sucessfully passed !
	Initialyzed swapped data for i = 195, j = 196 sucessfully passed !
	Initialyzed swapped data for i = 195, j = 197 sucessfully passed !
	Initialyzed swapped data for i = 195, j = 198 sucessfully passed !
	Initialyzed swapped data for i = 195, j = 199 sucessfully passed !
	Initialyzed swapped data for i = 195, j = 200 sucessfully passed !
	Initialyzed swapped data for i = 195, j = 201 sucessfully passed !
	Initialyzed swapped data for i = 195, j = 202 sucessfully passed !
	Initialyzed swapped data for i = 195, j = 203 sucessfully passed !
	Initialyzed swapped data for i = 195, j = 204 sucessfully passed !
	Initialyzed swapped data for i = 195, j = 205 sucessfully passed !
	Initialyzed swapped data for i = 195, j = 206 sucessfully passed !
	Initialyzed swapped data for i = 195, j = 207 sucessfully passed !
	Initialyzed swapped data for i = 195, j = 208 sucessfully passed !
	Initialyzed swapped data for i = 195, j = 209 sucessfully passed !
	Initialyzed swapped data for i = 195, j = 210 sucessfully passed !
	Initialyzed swapped data for i = 195, j = 211 sucessfully passed !
	Initialyzed swapped data for i = 195, j = 212 sucessfully passed !
	Initialyzed swapped data for i = 195, j = 213 sucessfully passed !
	Initialyzed swapped data for i = 195, j = 214 sucessfully passed !
	Initialyzed swapped data for i = 195, j = 215 sucessfully passed !
	Initialyzed swapped data for i = 195, j = 216 sucessfully passed !
	Initialyzed swapped data for i = 195, j = 217 sucessfully passed !
	Initialyzed swapped data for i = 195, j = 218 sucessfully passed !
	Initialyzed swapped data for i = 195, j = 219 sucessfully passed !
	Initialyzed swapped data for i = 195, j = 220 sucessfully passed !
	Initialyzed swapped data for i = 195, j = 221 sucessfully passed !
	Initialyzed swapped data for i = 195, j = 222 sucessfully passed !
	Initialyzed swapped data for i = 195, j = 223 sucessfully passed !
	Initialyzed swapped data for i = 195, j = 224 sucessfully passed !
	Initialyzed swapped data for i = 195, j = 225 sucessfully passed !
	Initialyzed swapped data for i = 195, j = 226 sucessfully passed !
	Initialyzed swapped data for i = 195, j = 227 sucessfully passed !
	Initialyzed swapped data for i = 195, j = 228 sucessfully passed !
	Initialyzed swapped data for i = 195, j = 229 sucessfully passed !
	Initialyzed swapped data for i = 195, j = 230 sucessfully passed !
	Initialyzed swapped data for i = 195, j = 231 sucessfully passed !
	Initialyzed swapped data for i = 195, j = 232 sucessfully passed !
	Initialyzed swapped data for i = 195, j = 233 sucessfully passed !
	Initialyzed swapped data for i = 195, j = 234 sucessfully passed !
	Initialyzed swapped data for i = 195, j = 235 sucessfully passed !
	Initialyzed swapped data for i = 195, j = 236 sucessfully passed !
	Initialyzed swapped data for i = 195, j = 237 sucessfully passed !
	Initialyzed swapped data for i = 195, j = 238 sucessfully passed !
	Initialyzed swapped data for i = 195, j = 239 sucessfully passed !
	Initialyzed swapped data for i = 195, j = 240 sucessfully passed !
	Initialyzed swapped data for i = 195, j = 241 sucessfully passed !
	Initialyzed swapped data for i = 195, j = 242 sucessfully passed !
	Initialyzed swapped data for i = 195, j = 243 sucessfully passed !
	Initialyzed swapped data for i = 195, j = 244 sucessfully passed !
	Initialyzed swapped data for i = 195, j = 245 sucessfully passed !
	Initialyzed swapped data for i = 195, j = 246 sucessfully passed !
	Initialyzed swapped data for i = 195, j = 247 sucessfully passed !
	Initialyzed swapped data for i = 195, j = 248 sucessfully passed !
	Initialyzed swapped data for i = 195, j = 249 sucessfully passed !
	Initialyzed swapped data for i = 195, j = 250 sucessfully passed !
	Initialyzed swapped data for i = 195, j = 251 sucessfully passed !
	Initialyzed swapped data for i = 195, j = 252 sucessfully passed !
	Initialyzed swapped data for i = 195, j = 253 sucessfully passed !
	Initialyzed swapped data for i = 195, j = 254 sucessfully passed !
	Initialyzed swapped data for i = 195, j = 255 sucessfully passed !
	Initialyzed swapped data for i = 195, j = 256 sucessfully passed !
	Initialyzed swapped data for i = 195, j = 257 sucessfully passed !
	Initialyzed swapped data for i = 195, j = 258 sucessfully passed !
	Initialyzed swapped data for i = 195, j = 259 sucessfully passed !
	Initialyzed swapped data for i = 195, j = 260 sucessfully passed !
	Initialyzed swapped data for i = 195, j = 261 sucessfully passed !
	Initialyzed swapped data for i = 195, j = 262 sucessfully passed !
	Initialyzed swapped data for i = 195, j = 263 sucessfully passed !
	Initialyzed swapped data for i = 195, j = 264 sucessfully passed !
	Initialyzed swapped data for i = 195, j = 265 sucessfully passed !
	Initialyzed swapped data for i = 195, j = 266 sucessfully passed !
	Initialyzed swapped data for i = 195, j = 267 sucessfully passed !
	Initialyzed swapped data for i = 195, j = 268 sucessfully passed !
	Initialyzed swapped data for i = 195, j = 269 sucessfully passed !
	Initialyzed swapped data for i = 195, j = 270 sucessfully passed !
	Initialyzed swapped data for i = 195, j = 271 sucessfully passed !
	Initialyzed swapped data for i = 195, j = 272 sucessfully passed !
	Initialyzed swapped data for i = 195, j = 273 sucessfully passed !
	Initialyzed swapped data for i = 195, j = 274 sucessfully passed !
	Initialyzed swapped data for i = 195, j = 275 sucessfully passed !
	Initialyzed swapped data for i = 195, j = 276 sucessfully passed !
	Initialyzed swapped data for i = 195, j = 277 sucessfully passed !
	Initialyzed swapped data for i = 195, j = 278 sucessfully passed !
	Initialyzed swapped data for i = 195, j = 279 sucessfully passed !
	Initialyzed swapped data for i = 195, j = 280 sucessfully passed !
	Initialyzed swapped data for i = 195, j = 281 sucessfully passed !
	Initialyzed swapped data for i = 195, j = 282 sucessfully passed !
	Initialyzed swapped data for i = 195, j = 283 sucessfully passed !
	Initialyzed swapped data for i = 195, j = 284 sucessfully passed !
	Initialyzed swapped data for i = 195, j = 285 sucessfully passed !
	Initialyzed swapped data for i = 195, j = 286 sucessfully passed !
	Initialyzed swapped data for i = 195, j = 287 sucessfully passed !
	Initialyzed swapped data for i = 195, j = 288 sucessfully passed !
	Initialyzed swapped data for i = 195, j = 289 sucessfully passed !
	Initialyzed swapped data for i = 195, j = 290 sucessfully passed !
	Initialyzed swapped data for i = 195, j = 291 sucessfully passed !
	Initialyzed swapped data for i = 195, j = 292 sucessfully passed !
	Initialyzed swapped data for i = 195, j = 293 sucessfully passed !
	Initialyzed swapped data for i = 195, j = 294 sucessfully passed !
	Initialyzed swapped data for i = 195, j = 295 sucessfully passed !
	Initialyzed swapped data for i = 195, j = 296 sucessfully passed !
	Initialyzed swapped data for i = 195, j = 297 sucessfully passed !
	Initialyzed swapped data for i = 195, j = 298 sucessfully passed !
	Initialyzed swapped data for i = 195, j = 299 sucessfully passed !
	Initialyzed swapped data for i = 195, j = 300 sucessfully passed !
	Initialyzed swapped data for i = 195, j = 301 sucessfully passed !
	Initialyzed swapped data for i = 195, j = 302 sucessfully passed !
	Initialyzed swapped data for i = 195, j = 303 sucessfully passed !
	Initialyzed swapped data for i = 195, j = 304 sucessfully passed !
	Initialyzed swapped data for i = 195, j = 305 sucessfully passed !
	Initialyzed swapped data for i = 195, j = 306 sucessfully passed !
	Initialyzed swapped data for i = 195, j = 307 sucessfully passed !
	Initialyzed swapped data for i = 195, j = 308 sucessfully passed !
	Initialyzed swapped data for i = 195, j = 309 sucessfully passed !
	Initialyzed swapped data for i = 195, j = 310 sucessfully passed !
	Initialyzed swapped data for i = 195, j = 311 sucessfully passed !
	Initialyzed swapped data for i = 195, j = 312 sucessfully passed !
	Initialyzed swapped data for i = 195, j = 313 sucessfully passed !
	Initialyzed swapped data for i = 195, j = 314 sucessfully passed !
	Initialyzed swapped data for i = 195, j = 315 sucessfully passed !
	Initialyzed swapped data for i = 195, j = 316 sucessfully passed !
	Initialyzed swapped data for i = 195, j = 317 sucessfully passed !
	Initialyzed swapped data for i = 195, j = 318 sucessfully passed !
	Initialyzed swapped data for i = 195, j = 319 sucessfully passed !
	Initialyzed swapped data for i = 195, j = 320 sucessfully passed !
	Initialyzed swapped data for i = 195, j = 321 sucessfully passed !
	Initialyzed swapped data for i = 195, j = 322 sucessfully passed !
	Initialyzed swapped data for i = 195, j = 323 sucessfully passed !
	Initialyzed swapped data for i = 195, j = 324 sucessfully passed !
	Initialyzed swapped data for i = 195, j = 325 sucessfully passed !
	Initialyzed swapped data for i = 195, j = 326 sucessfully passed !
	Initialyzed swapped data for i = 195, j = 327 sucessfully passed !
	Initialyzed swapped data for i = 195, j = 328 sucessfully passed !
	Initialyzed swapped data for i = 195, j = 329 sucessfully passed !
	Initialyzed swapped data for i = 195, j = 330 sucessfully passed !
	Initialyzed swapped data for i = 195, j = 331 sucessfully passed !
	Initialyzed swapped data for i = 195, j = 332 sucessfully passed !
	Initialyzed swapped data for i = 195, j = 333 sucessfully passed !
	Initialyzed swapped data for i = 195, j = 334 sucessfully passed !
	Initialyzed swapped data for i = 195, j = 335 sucessfully passed !
	Initialyzed swapped data for i = 195, j = 336 sucessfully passed !
	Initialyzed swapped data for i = 195, j = 337 sucessfully passed !
	Initialyzed swapped data for i = 195, j = 338 sucessfully passed !
	Initialyzed swapped data for i = 195, j = 339 sucessfully passed !
	Initialyzed swapped data for i = 195, j = 340 sucessfully passed !
	Initialyzed swapped data for i = 195, j = 341 sucessfully passed !
	Initialyzed swapped data for i = 195, j = 342 sucessfully passed !
	Initialyzed swapped data for i = 195, j = 343 sucessfully passed !
	Initialyzed swapped data for i = 195, j = 344 sucessfully passed !
	Initialyzed swapped data for i = 195, j = 345 sucessfully passed !
	Initialyzed swapped data for i = 195, j = 346 sucessfully passed !
	Initialyzed swapped data for i = 195, j = 347 sucessfully passed !
	Initialyzed swapped data for i = 195, j = 348 sucessfully passed !
	Initialyzed swapped data for i = 195, j = 349 sucessfully passed !
	Initialyzed swapped data for i = 195, j = 350 sucessfully passed !
	Initialyzed swapped data for i = 195, j = 351 sucessfully passed !
	Initialyzed swapped data for i = 195, j = 352 sucessfully passed !
	Initialyzed swapped data for i = 195, j = 353 sucessfully passed !
	Initialyzed swapped data for i = 195, j = 354 sucessfully passed !
	Initialyzed swapped data for i = 195, j = 355 sucessfully passed !
	Initialyzed swapped data for i = 195, j = 356 sucessfully passed !
	Initialyzed swapped data for i = 195, j = 357 sucessfully passed !
	Initialyzed swapped data for i = 195, j = 358 sucessfully passed !
	Initialyzed swapped data for i = 195, j = 359 sucessfully passed !
	Initialyzed swapped data for i = 195, j = 360 sucessfully passed !
	Initialyzed swapped data for i = 195, j = 361 sucessfully passed !
	Initialyzed swapped data for i = 195, j = 362 sucessfully passed !
	Initialyzed swapped data for i = 195, j = 363 sucessfully passed !
	Initialyzed swapped data for i = 195, j = 364 sucessfully passed !
	Initialyzed swapped data for i = 195, j = 365 sucessfully passed !
	Initialyzed swapped data for i = 195, j = 366 sucessfully passed !
	Initialyzed swapped data for i = 195, j = 367 sucessfully passed !
	Initialyzed swapped data for i = 195, j = 368 sucessfully passed !
	Initialyzed swapped data for i = 195, j = 369 sucessfully passed !
	Initialyzed swapped data for i = 195, j = 370 sucessfully passed !
	Initialyzed swapped data for i = 195, j = 371 sucessfully passed !
	Initialyzed swapped data for i = 195, j = 372 sucessfully passed !
	Initialyzed swapped data for i = 195, j = 373 sucessfully passed !
	Initialyzed swapped data for i = 195, j = 374 sucessfully passed !
	Initialyzed swapped data for i = 195, j = 375 sucessfully passed !
	Initialyzed swapped data for i = 195, j = 376 sucessfully passed !
	Initialyzed swapped data for i = 195, j = 377 sucessfully passed !
	Initialyzed swapped data for i = 195, j = 378 sucessfully passed !
	Initialyzed swapped data for i = 195, j = 379 sucessfully passed !
	Initialyzed swapped data for i = 195, j = 380 sucessfully passed !
	Initialyzed swapped data for i = 195, j = 381 sucessfully passed !
	Initialyzed swapped data for i = 195, j = 382 sucessfully passed !
	Initialyzed swapped data for i = 195, j = 383 sucessfully passed !
	Initialyzed swapped data for i = 195, j = 384 sucessfully passed !
	Initialyzed swapped data for i = 195, j = 385 sucessfully passed !
	Initialyzed swapped data for i = 195, j = 386 sucessfully passed !
	Initialyzed swapped data for i = 195, j = 387 sucessfully passed !
	Initialyzed swapped data for i = 195, j = 388 sucessfully passed !
	Initialyzed swapped data for i = 195, j = 389 sucessfully passed !
	Initialyzed swapped data for i = 195, j = 390 sucessfully passed !
	Initialyzed swapped data for i = 195, j = 391 sucessfully passed !
	Initialyzed swapped data for i = 195, j = 392 sucessfully passed !
	Initialyzed swapped data for i = 195, j = 393 sucessfully passed !
	Initialyzed swapped data for i = 195, j = 394 sucessfully passed !
	Initialyzed swapped data for i = 195, j = 395 sucessfully passed !
	Initialyzed swapped data for i = 195, j = 396 sucessfully passed !
	Initialyzed swapped data for i = 195, j = 397 sucessfully passed !
	Initialyzed swapped data for i = 195, j = 398 sucessfully passed !
	Initialyzed swapped data for i = 195, j = 399 sucessfully passed !
	Initialyzed swapped data for i = 195, j = 400 sucessfully passed !
	Initialyzed swapped data for i = 195, j = 401 sucessfully passed !
	Initialyzed swapped data for i = 195, j = 402 sucessfully passed !
	Initialyzed swapped data for i = 195, j = 403 sucessfully passed !
	Initialyzed swapped data for i = 195, j = 404 sucessfully passed !
	Initialyzed swapped data for i = 195, j = 405 sucessfully passed !
	Initialyzed swapped data for i = 195, j = 406 sucessfully passed !
	Initialyzed swapped data for i = 195, j = 407 sucessfully passed !
	Initialyzed swapped data for i = 195, j = 408 sucessfully passed !
	Initialyzed swapped data for i = 195, j = 409 sucessfully passed !
	Initialyzed swapped data for i = 195, j = 410 sucessfully passed !
	Initialyzed swapped data for i = 195, j = 411 sucessfully passed !
	Initialyzed swapped data for i = 195, j = 412 sucessfully passed !
	Initialyzed swapped data for i = 195, j = 413 sucessfully passed !
	Initialyzed swapped data for i = 195, j = 414 sucessfully passed !
	Initialyzed swapped data for i = 195, j = 415 sucessfully passed !
	Initialyzed swapped data for i = 195, j = 416 sucessfully passed !
	Initialyzed swapped data for i = 195, j = 417 sucessfully passed !
	Initialyzed swapped data for i = 195, j = 418 sucessfully passed !
	Initialyzed swapped data for i = 195, j = 419 sucessfully passed !
	Initialyzed swapped data for i = 195, j = 420 sucessfully passed !
	Initialyzed swapped data for i = 195, j = 421 sucessfully passed !
	Initialyzed swapped data for i = 195, j = 422 sucessfully passed !
	Initialyzed swapped data for i = 195, j = 423 sucessfully passed !
	Initialyzed swapped data for i = 195, j = 424 sucessfully passed !
	Initialyzed swapped data for i = 195, j = 425 sucessfully passed !
	Initialyzed swapped data for i = 195, j = 426 sucessfully passed !
	Initialyzed swapped data for i = 195, j = 427 sucessfully passed !
	Initialyzed swapped data for i = 195, j = 428 sucessfully passed !
	Initialyzed swapped data for i = 195, j = 429 sucessfully passed !
	Initialyzed swapped data for i = 195, j = 430 sucessfully passed !
	Initialyzed swapped data for i = 195, j = 431 sucessfully passed !
	Initialyzed swapped data for i = 195, j = 432 sucessfully passed !
	Initialyzed swapped data for i = 195, j = 433 sucessfully passed !
	Initialyzed swapped data for i = 196, j = 197 sucessfully passed !
	Initialyzed swapped data for i = 196, j = 198 sucessfully passed !
	Initialyzed swapped data for i = 196, j = 199 sucessfully passed !
	Initialyzed swapped data for i = 196, j = 200 sucessfully passed !
	Initialyzed swapped data for i = 196, j = 201 sucessfully passed !
	Initialyzed swapped data for i = 196, j = 202 sucessfully passed !
	Initialyzed swapped data for i = 196, j = 203 sucessfully passed !
	Initialyzed swapped data for i = 196, j = 204 sucessfully passed !
	Initialyzed swapped data for i = 196, j = 205 sucessfully passed !
	Initialyzed swapped data for i = 196, j = 206 sucessfully passed !
	Initialyzed swapped data for i = 196, j = 207 sucessfully passed !
	Initialyzed swapped data for i = 196, j = 208 sucessfully passed !
	Initialyzed swapped data for i = 196, j = 209 sucessfully passed !
	Initialyzed swapped data for i = 196, j = 210 sucessfully passed !
	Initialyzed swapped data for i = 196, j = 211 sucessfully passed !
	Initialyzed swapped data for i = 196, j = 212 sucessfully passed !
	Initialyzed swapped data for i = 196, j = 213 sucessfully passed !
	Initialyzed swapped data for i = 196, j = 214 sucessfully passed !
	Initialyzed swapped data for i = 196, j = 215 sucessfully passed !
	Initialyzed swapped data for i = 196, j = 216 sucessfully passed !
	Initialyzed swapped data for i = 196, j = 217 sucessfully passed !
	Initialyzed swapped data for i = 196, j = 218 sucessfully passed !
	Initialyzed swapped data for i = 196, j = 219 sucessfully passed !
	Initialyzed swapped data for i = 196, j = 220 sucessfully passed !
	Initialyzed swapped data for i = 196, j = 221 sucessfully passed !
	Initialyzed swapped data for i = 196, j = 222 sucessfully passed !
	Initialyzed swapped data for i = 196, j = 223 sucessfully passed !
	Initialyzed swapped data for i = 196, j = 224 sucessfully passed !
	Initialyzed swapped data for i = 196, j = 225 sucessfully passed !
	Initialyzed swapped data for i = 196, j = 226 sucessfully passed !
	Initialyzed swapped data for i = 196, j = 227 sucessfully passed !
	Initialyzed swapped data for i = 196, j = 228 sucessfully passed !
	Initialyzed swapped data for i = 196, j = 229 sucessfully passed !
	Initialyzed swapped data for i = 196, j = 230 sucessfully passed !
	Initialyzed swapped data for i = 196, j = 231 sucessfully passed !
	Initialyzed swapped data for i = 196, j = 232 sucessfully passed !
	Initialyzed swapped data for i = 196, j = 233 sucessfully passed !
	Initialyzed swapped data for i = 196, j = 234 sucessfully passed !
	Initialyzed swapped data for i = 196, j = 235 sucessfully passed !
	Initialyzed swapped data for i = 196, j = 236 sucessfully passed !
	Initialyzed swapped data for i = 196, j = 237 sucessfully passed !
	Initialyzed swapped data for i = 196, j = 238 sucessfully passed !
	Initialyzed swapped data for i = 196, j = 239 sucessfully passed !
	Initialyzed swapped data for i = 196, j = 240 sucessfully passed !
	Initialyzed swapped data for i = 196, j = 241 sucessfully passed !
	Initialyzed swapped data for i = 196, j = 242 sucessfully passed !
	Initialyzed swapped data for i = 196, j = 243 sucessfully passed !
	Initialyzed swapped data for i = 196, j = 244 sucessfully passed !
	Initialyzed swapped data for i = 196, j = 245 sucessfully passed !
	Initialyzed swapped data for i = 196, j = 246 sucessfully passed !
	Initialyzed swapped data for i = 196, j = 247 sucessfully passed !
	Initialyzed swapped data for i = 196, j = 248 sucessfully passed !
	Initialyzed swapped data for i = 196, j = 249 sucessfully passed !
	Initialyzed swapped data for i = 196, j = 250 sucessfully passed !
	Initialyzed swapped data for i = 196, j = 251 sucessfully passed !
	Initialyzed swapped data for i = 196, j = 252 sucessfully passed !
	Initialyzed swapped data for i = 196, j = 253 sucessfully passed !
	Initialyzed swapped data for i = 196, j = 254 sucessfully passed !
	Initialyzed swapped data for i = 196, j = 255 sucessfully passed !
	Initialyzed swapped data for i = 196, j = 256 sucessfully passed !
	Initialyzed swapped data for i = 196, j = 257 sucessfully passed !
	Initialyzed swapped data for i = 196, j = 258 sucessfully passed !
	Initialyzed swapped data for i = 196, j = 259 sucessfully passed !
	Initialyzed swapped data for i = 196, j = 260 sucessfully passed !
	Initialyzed swapped data for i = 196, j = 261 sucessfully passed !
	Initialyzed swapped data for i = 196, j = 262 sucessfully passed !
	Initialyzed swapped data for i = 196, j = 263 sucessfully passed !
	Initialyzed swapped data for i = 196, j = 264 sucessfully passed !
	Initialyzed swapped data for i = 196, j = 265 sucessfully passed !
	Initialyzed swapped data for i = 196, j = 266 sucessfully passed !
	Initialyzed swapped data for i = 196, j = 267 sucessfully passed !
	Initialyzed swapped data for i = 196, j = 268 sucessfully passed !
	Initialyzed swapped data for i = 196, j = 269 sucessfully passed !
	Initialyzed swapped data for i = 196, j = 270 sucessfully passed !
	Initialyzed swapped data for i = 196, j = 271 sucessfully passed !
	Initialyzed swapped data for i = 196, j = 272 sucessfully passed !
	Initialyzed swapped data for i = 196, j = 273 sucessfully passed !
	Initialyzed swapped data for i = 196, j = 274 sucessfully passed !
	Initialyzed swapped data for i = 196, j = 275 sucessfully passed !
	Initialyzed swapped data for i = 196, j = 276 sucessfully passed !
	Initialyzed swapped data for i = 196, j = 277 sucessfully passed !
	Initialyzed swapped data for i = 196, j = 278 sucessfully passed !
	Initialyzed swapped data for i = 196, j = 279 sucessfully passed !
	Initialyzed swapped data for i = 196, j = 280 sucessfully passed !
	Initialyzed swapped data for i = 196, j = 281 sucessfully passed !
	Initialyzed swapped data for i = 196, j = 282 sucessfully passed !
	Initialyzed swapped data for i = 196, j = 283 sucessfully passed !
	Initialyzed swapped data for i = 196, j = 284 sucessfully passed !
	Initialyzed swapped data for i = 196, j = 285 sucessfully passed !
	Initialyzed swapped data for i = 196, j = 286 sucessfully passed !
	Initialyzed swapped data for i = 196, j = 287 sucessfully passed !
	Initialyzed swapped data for i = 196, j = 288 sucessfully passed !
	Initialyzed swapped data for i = 196, j = 289 sucessfully passed !
	Initialyzed swapped data for i = 196, j = 290 sucessfully passed !
	Initialyzed swapped data for i = 196, j = 291 sucessfully passed !
	Initialyzed swapped data for i = 196, j = 292 sucessfully passed !
	Initialyzed swapped data for i = 196, j = 293 sucessfully passed !
	Initialyzed swapped data for i = 196, j = 294 sucessfully passed !
	Initialyzed swapped data for i = 196, j = 295 sucessfully passed !
	Initialyzed swapped data for i = 196, j = 296 sucessfully passed !
	Initialyzed swapped data for i = 196, j = 297 sucessfully passed !
	Initialyzed swapped data for i = 196, j = 298 sucessfully passed !
	Initialyzed swapped data for i = 196, j = 299 sucessfully passed !
	Initialyzed swapped data for i = 196, j = 300 sucessfully passed !
	Initialyzed swapped data for i = 196, j = 301 sucessfully passed !
	Initialyzed swapped data for i = 196, j = 302 sucessfully passed !
	Initialyzed swapped data for i = 196, j = 303 sucessfully passed !
	Initialyzed swapped data for i = 196, j = 304 sucessfully passed !
	Initialyzed swapped data for i = 196, j = 305 sucessfully passed !
	Initialyzed swapped data for i = 196, j = 306 sucessfully passed !
	Initialyzed swapped data for i = 196, j = 307 sucessfully passed !
	Initialyzed swapped data for i = 196, j = 308 sucessfully passed !
	Initialyzed swapped data for i = 196, j = 309 sucessfully passed !
	Initialyzed swapped data for i = 196, j = 310 sucessfully passed !
	Initialyzed swapped data for i = 196, j = 311 sucessfully passed !
	Initialyzed swapped data for i = 196, j = 312 sucessfully passed !
	Initialyzed swapped data for i = 196, j = 313 sucessfully passed !
	Initialyzed swapped data for i = 196, j = 314 sucessfully passed !
	Initialyzed swapped data for i = 196, j = 315 sucessfully passed !
	Initialyzed swapped data for i = 196, j = 316 sucessfully passed !
	Initialyzed swapped data for i = 196, j = 317 sucessfully passed !
	Initialyzed swapped data for i = 196, j = 318 sucessfully passed !
	Initialyzed swapped data for i = 196, j = 319 sucessfully passed !
	Initialyzed swapped data for i = 196, j = 320 sucessfully passed !
	Initialyzed swapped data for i = 196, j = 321 sucessfully passed !
	Initialyzed swapped data for i = 196, j = 322 sucessfully passed !
	Initialyzed swapped data for i = 196, j = 323 sucessfully passed !
	Initialyzed swapped data for i = 196, j = 324 sucessfully passed !
	Initialyzed swapped data for i = 196, j = 325 sucessfully passed !
	Initialyzed swapped data for i = 196, j = 326 sucessfully passed !
	Initialyzed swapped data for i = 196, j = 327 sucessfully passed !
	Initialyzed swapped data for i = 196, j = 328 sucessfully passed !
	Initialyzed swapped data for i = 196, j = 329 sucessfully passed !
	Initialyzed swapped data for i = 196, j = 330 sucessfully passed !
	Initialyzed swapped data for i = 196, j = 331 sucessfully passed !
	Initialyzed swapped data for i = 196, j = 332 sucessfully passed !
	Initialyzed swapped data for i = 196, j = 333 sucessfully passed !
	Initialyzed swapped data for i = 196, j = 334 sucessfully passed !
	Initialyzed swapped data for i = 196, j = 335 sucessfully passed !
	Initialyzed swapped data for i = 196, j = 336 sucessfully passed !
	Initialyzed swapped data for i = 196, j = 337 sucessfully passed !
	Initialyzed swapped data for i = 196, j = 338 sucessfully passed !
	Initialyzed swapped data for i = 196, j = 339 sucessfully passed !
	Initialyzed swapped data for i = 196, j = 340 sucessfully passed !
	Initialyzed swapped data for i = 196, j = 341 sucessfully passed !
	Initialyzed swapped data for i = 196, j = 342 sucessfully passed !
	Initialyzed swapped data for i = 196, j = 343 sucessfully passed !
	Initialyzed swapped data for i = 196, j = 344 sucessfully passed !
	Initialyzed swapped data for i = 196, j = 345 sucessfully passed !
	Initialyzed swapped data for i = 196, j = 346 sucessfully passed !
	Initialyzed swapped data for i = 196, j = 347 sucessfully passed !
	Initialyzed swapped data for i = 196, j = 348 sucessfully passed !
	Initialyzed swapped data for i = 196, j = 349 sucessfully passed !
	Initialyzed swapped data for i = 196, j = 350 sucessfully passed !
	Initialyzed swapped data for i = 196, j = 351 sucessfully passed !
	Initialyzed swapped data for i = 196, j = 352 sucessfully passed !
	Initialyzed swapped data for i = 196, j = 353 sucessfully passed !
	Initialyzed swapped data for i = 196, j = 354 sucessfully passed !
	Initialyzed swapped data for i = 196, j = 355 sucessfully passed !
	Initialyzed swapped data for i = 196, j = 356 sucessfully passed !
	Initialyzed swapped data for i = 196, j = 357 sucessfully passed !
	Initialyzed swapped data for i = 196, j = 358 sucessfully passed !
	Initialyzed swapped data for i = 196, j = 359 sucessfully passed !
	Initialyzed swapped data for i = 196, j = 360 sucessfully passed !
	Initialyzed swapped data for i = 196, j = 361 sucessfully passed !
	Initialyzed swapped data for i = 196, j = 362 sucessfully passed !
	Initialyzed swapped data for i = 196, j = 363 sucessfully passed !
	Initialyzed swapped data for i = 196, j = 364 sucessfully passed !
	Initialyzed swapped data for i = 196, j = 365 sucessfully passed !
	Initialyzed swapped data for i = 196, j = 366 sucessfully passed !
	Initialyzed swapped data for i = 196, j = 367 sucessfully passed !
	Initialyzed swapped data for i = 196, j = 368 sucessfully passed !
	Initialyzed swapped data for i = 196, j = 369 sucessfully passed !
	Initialyzed swapped data for i = 196, j = 370 sucessfully passed !
	Initialyzed swapped data for i = 196, j = 371 sucessfully passed !
	Initialyzed swapped data for i = 196, j = 372 sucessfully passed !
	Initialyzed swapped data for i = 196, j = 373 sucessfully passed !
	Initialyzed swapped data for i = 196, j = 374 sucessfully passed !
	Initialyzed swapped data for i = 196, j = 375 sucessfully passed !
	Initialyzed swapped data for i = 196, j = 376 sucessfully passed !
	Initialyzed swapped data for i = 196, j = 377 sucessfully passed !
	Initialyzed swapped data for i = 196, j = 378 sucessfully passed !
	Initialyzed swapped data for i = 196, j = 379 sucessfully passed !
	Initialyzed swapped data for i = 196, j = 380 sucessfully passed !
	Initialyzed swapped data for i = 196, j = 381 sucessfully passed !
	Initialyzed swapped data for i = 196, j = 382 sucessfully passed !
	Initialyzed swapped data for i = 196, j = 383 sucessfully passed !
	Initialyzed swapped data for i = 196, j = 384 sucessfully passed !
	Initialyzed swapped data for i = 196, j = 385 sucessfully passed !
	Initialyzed swapped data for i = 196, j = 386 sucessfully passed !
	Initialyzed swapped data for i = 196, j = 387 sucessfully passed !
	Initialyzed swapped data for i = 196, j = 388 sucessfully passed !
	Initialyzed swapped data for i = 196, j = 389 sucessfully passed !
	Initialyzed swapped data for i = 196, j = 390 sucessfully passed !
	Initialyzed swapped data for i = 196, j = 391 sucessfully passed !
	Initialyzed swapped data for i = 196, j = 392 sucessfully passed !
	Initialyzed swapped data for i = 196, j = 393 sucessfully passed !
	Initialyzed swapped data for i = 196, j = 394 sucessfully passed !
	Initialyzed swapped data for i = 196, j = 395 sucessfully passed !
	Initialyzed swapped data for i = 196, j = 396 sucessfully passed !
	Initialyzed swapped data for i = 196, j = 397 sucessfully passed !
	Initialyzed swapped data for i = 196, j = 398 sucessfully passed !
	Initialyzed swapped data for i = 196, j = 399 sucessfully passed !
	Initialyzed swapped data for i = 196, j = 400 sucessfully passed !
	Initialyzed swapped data for i = 196, j = 401 sucessfully passed !
	Initialyzed swapped data for i = 196, j = 402 sucessfully passed !
	Initialyzed swapped data for i = 196, j = 403 sucessfully passed !
	Initialyzed swapped data for i = 196, j = 404 sucessfully passed !
	Initialyzed swapped data for i = 196, j = 405 sucessfully passed !
	Initialyzed swapped data for i = 196, j = 406 sucessfully passed !
	Initialyzed swapped data for i = 196, j = 407 sucessfully passed !
	Initialyzed swapped data for i = 196, j = 408 sucessfully passed !
	Initialyzed swapped data for i = 196, j = 409 sucessfully passed !
	Initialyzed swapped data for i = 196, j = 410 sucessfully passed !
	Initialyzed swapped data for i = 196, j = 411 sucessfully passed !
	Initialyzed swapped data for i = 196, j = 412 sucessfully passed !
	Initialyzed swapped data for i = 196, j = 413 sucessfully passed !
	Initialyzed swapped data for i = 196, j = 414 sucessfully passed !
	Initialyzed swapped data for i = 196, j = 415 sucessfully passed !
	Initialyzed swapped data for i = 196, j = 416 sucessfully passed !
	Initialyzed swapped data for i = 196, j = 417 sucessfully passed !
	Initialyzed swapped data for i = 196, j = 418 sucessfully passed !
	Initialyzed swapped data for i = 196, j = 419 sucessfully passed !
	Initialyzed swapped data for i = 196, j = 420 sucessfully passed !
	Initialyzed swapped data for i = 196, j = 421 sucessfully passed !
	Initialyzed swapped data for i = 196, j = 422 sucessfully passed !
	Initialyzed swapped data for i = 196, j = 423 sucessfully passed !
	Initialyzed swapped data for i = 196, j = 424 sucessfully passed !
	Initialyzed swapped data for i = 196, j = 425 sucessfully passed !
	Initialyzed swapped data for i = 196, j = 426 sucessfully passed !
	Initialyzed swapped data for i = 196, j = 427 sucessfully passed !
	Initialyzed swapped data for i = 196, j = 428 sucessfully passed !
	Initialyzed swapped data for i = 196, j = 429 sucessfully passed !
	Initialyzed swapped data for i = 196, j = 430 sucessfully passed !
	Initialyzed swapped data for i = 196, j = 431 sucessfully passed !
	Initialyzed swapped data for i = 196, j = 432 sucessfully passed !
	Initialyzed swapped data for i = 196, j = 433 sucessfully passed !
	Initialyzed swapped data for i = 197, j = 198 sucessfully passed !
	Initialyzed swapped data for i = 197, j = 199 sucessfully passed !
	Initialyzed swapped data for i = 197, j = 200 sucessfully passed !
	Initialyzed swapped data for i = 197, j = 201 sucessfully passed !
	Initialyzed swapped data for i = 197, j = 202 sucessfully passed !
	Initialyzed swapped data for i = 197, j = 203 sucessfully passed !
	Initialyzed swapped data for i = 197, j = 204 sucessfully passed !
	Initialyzed swapped data for i = 197, j = 205 sucessfully passed !
	Initialyzed swapped data for i = 197, j = 206 sucessfully passed !
	Initialyzed swapped data for i = 197, j = 207 sucessfully passed !
	Initialyzed swapped data for i = 197, j = 208 sucessfully passed !
	Initialyzed swapped data for i = 197, j = 209 sucessfully passed !
	Initialyzed swapped data for i = 197, j = 210 sucessfully passed !
	Initialyzed swapped data for i = 197, j = 211 sucessfully passed !
	Initialyzed swapped data for i = 197, j = 212 sucessfully passed !
	Initialyzed swapped data for i = 197, j = 213 sucessfully passed !
	Initialyzed swapped data for i = 197, j = 214 sucessfully passed !
	Initialyzed swapped data for i = 197, j = 215 sucessfully passed !
	Initialyzed swapped data for i = 197, j = 216 sucessfully passed !
	Initialyzed swapped data for i = 197, j = 217 sucessfully passed !
	Initialyzed swapped data for i = 197, j = 218 sucessfully passed !
	Initialyzed swapped data for i = 197, j = 219 sucessfully passed !
	Initialyzed swapped data for i = 197, j = 220 sucessfully passed !
	Initialyzed swapped data for i = 197, j = 221 sucessfully passed !
	Initialyzed swapped data for i = 197, j = 222 sucessfully passed !
	Initialyzed swapped data for i = 197, j = 223 sucessfully passed !
	Initialyzed swapped data for i = 197, j = 224 sucessfully passed !
	Initialyzed swapped data for i = 197, j = 225 sucessfully passed !
	Initialyzed swapped data for i = 197, j = 226 sucessfully passed !
	Initialyzed swapped data for i = 197, j = 227 sucessfully passed !
	Initialyzed swapped data for i = 197, j = 228 sucessfully passed !
	Initialyzed swapped data for i = 197, j = 229 sucessfully passed !
	Initialyzed swapped data for i = 197, j = 230 sucessfully passed !
	Initialyzed swapped data for i = 197, j = 231 sucessfully passed !
	Initialyzed swapped data for i = 197, j = 232 sucessfully passed !
	Initialyzed swapped data for i = 197, j = 233 sucessfully passed !
	Initialyzed swapped data for i = 197, j = 234 sucessfully passed !
	Initialyzed swapped data for i = 197, j = 235 sucessfully passed !
	Initialyzed swapped data for i = 197, j = 236 sucessfully passed !
	Initialyzed swapped data for i = 197, j = 237 sucessfully passed !
	Initialyzed swapped data for i = 197, j = 238 sucessfully passed !
	Initialyzed swapped data for i = 197, j = 239 sucessfully passed !
	Initialyzed swapped data for i = 197, j = 240 sucessfully passed !
	Initialyzed swapped data for i = 197, j = 241 sucessfully passed !
	Initialyzed swapped data for i = 197, j = 242 sucessfully passed !
	Initialyzed swapped data for i = 197, j = 243 sucessfully passed !
	Initialyzed swapped data for i = 197, j = 244 sucessfully passed !
	Initialyzed swapped data for i = 197, j = 245 sucessfully passed !
	Initialyzed swapped data for i = 197, j = 246 sucessfully passed !
	Initialyzed swapped data for i = 197, j = 247 sucessfully passed !
	Initialyzed swapped data for i = 197, j = 248 sucessfully passed !
	Initialyzed swapped data for i = 197, j = 249 sucessfully passed !
	Initialyzed swapped data for i = 197, j = 250 sucessfully passed !
	Initialyzed swapped data for i = 197, j = 251 sucessfully passed !
	Initialyzed swapped data for i = 197, j = 252 sucessfully passed !
	Initialyzed swapped data for i = 197, j = 253 sucessfully passed !
	Initialyzed swapped data for i = 197, j = 254 sucessfully passed !
	Initialyzed swapped data for i = 197, j = 255 sucessfully passed !
	Initialyzed swapped data for i = 197, j = 256 sucessfully passed !
	Initialyzed swapped data for i = 197, j = 257 sucessfully passed !
	Initialyzed swapped data for i = 197, j = 258 sucessfully passed !
	Initialyzed swapped data for i = 197, j = 259 sucessfully passed !
	Initialyzed swapped data for i = 197, j = 260 sucessfully passed !
	Initialyzed swapped data for i = 197, j = 261 sucessfully passed !
	Initialyzed swapped data for i = 197, j = 262 sucessfully passed !
	Initialyzed swapped data for i = 197, j = 263 sucessfully passed !
	Initialyzed swapped data for i = 197, j = 264 sucessfully passed !
	Initialyzed swapped data for i = 197, j = 265 sucessfully passed !
	Initialyzed swapped data for i = 197, j = 266 sucessfully passed !
	Initialyzed swapped data for i = 197, j = 267 sucessfully passed !
	Initialyzed swapped data for i = 197, j = 268 sucessfully passed !
	Initialyzed swapped data for i = 197, j = 269 sucessfully passed !
	Initialyzed swapped data for i = 197, j = 270 sucessfully passed !
	Initialyzed swapped data for i = 197, j = 271 sucessfully passed !
	Initialyzed swapped data for i = 197, j = 272 sucessfully passed !
	Initialyzed swapped data for i = 197, j = 273 sucessfully passed !
	Initialyzed swapped data for i = 197, j = 274 sucessfully passed !
	Initialyzed swapped data for i = 197, j = 275 sucessfully passed !
	Initialyzed swapped data for i = 197, j = 276 sucessfully passed !
	Initialyzed swapped data for i = 197, j = 277 sucessfully passed !
	Initialyzed swapped data for i = 197, j = 278 sucessfully passed !
	Initialyzed swapped data for i = 197, j = 279 sucessfully passed !
	Initialyzed swapped data for i = 197, j = 280 sucessfully passed !
	Initialyzed swapped data for i = 197, j = 281 sucessfully passed !
	Initialyzed swapped data for i = 197, j = 282 sucessfully passed !
	Initialyzed swapped data for i = 197, j = 283 sucessfully passed !
	Initialyzed swapped data for i = 197, j = 284 sucessfully passed !
	Initialyzed swapped data for i = 197, j = 285 sucessfully passed !
	Initialyzed swapped data for i = 197, j = 286 sucessfully passed !
	Initialyzed swapped data for i = 197, j = 287 sucessfully passed !
	Initialyzed swapped data for i = 197, j = 288 sucessfully passed !
	Initialyzed swapped data for i = 197, j = 289 sucessfully passed !
	Initialyzed swapped data for i = 197, j = 290 sucessfully passed !
	Initialyzed swapped data for i = 197, j = 291 sucessfully passed !
	Initialyzed swapped data for i = 197, j = 292 sucessfully passed !
	Initialyzed swapped data for i = 197, j = 293 sucessfully passed !
	Initialyzed swapped data for i = 197, j = 294 sucessfully passed !
	Initialyzed swapped data for i = 197, j = 295 sucessfully passed !
	Initialyzed swapped data for i = 197, j = 296 sucessfully passed !
	Initialyzed swapped data for i = 197, j = 297 sucessfully passed !
	Initialyzed swapped data for i = 197, j = 298 sucessfully passed !
	Initialyzed swapped data for i = 197, j = 299 sucessfully passed !
	Initialyzed swapped data for i = 197, j = 300 sucessfully passed !
	Initialyzed swapped data for i = 197, j = 301 sucessfully passed !
	Initialyzed swapped data for i = 197, j = 302 sucessfully passed !
	Initialyzed swapped data for i = 197, j = 303 sucessfully passed !
	Initialyzed swapped data for i = 197, j = 304 sucessfully passed !
	Initialyzed swapped data for i = 197, j = 305 sucessfully passed !
	Initialyzed swapped data for i = 197, j = 306 sucessfully passed !
	Initialyzed swapped data for i = 197, j = 307 sucessfully passed !
	Initialyzed swapped data for i = 197, j = 308 sucessfully passed !
	Initialyzed swapped data for i = 197, j = 309 sucessfully passed !
	Initialyzed swapped data for i = 197, j = 310 sucessfully passed !
	Initialyzed swapped data for i = 197, j = 311 sucessfully passed !
	Initialyzed swapped data for i = 197, j = 312 sucessfully passed !
	Initialyzed swapped data for i = 197, j = 313 sucessfully passed !
	Initialyzed swapped data for i = 197, j = 314 sucessfully passed !
	Initialyzed swapped data for i = 197, j = 315 sucessfully passed !
	Initialyzed swapped data for i = 197, j = 316 sucessfully passed !
	Initialyzed swapped data for i = 197, j = 317 sucessfully passed !
	Initialyzed swapped data for i = 197, j = 318 sucessfully passed !
	Initialyzed swapped data for i = 197, j = 319 sucessfully passed !
	Initialyzed swapped data for i = 197, j = 320 sucessfully passed !
	Initialyzed swapped data for i = 197, j = 321 sucessfully passed !
	Initialyzed swapped data for i = 197, j = 322 sucessfully passed !
	Initialyzed swapped data for i = 197, j = 323 sucessfully passed !
	Initialyzed swapped data for i = 197, j = 324 sucessfully passed !
	Initialyzed swapped data for i = 197, j = 325 sucessfully passed !
	Initialyzed swapped data for i = 197, j = 326 sucessfully passed !
	Initialyzed swapped data for i = 197, j = 327 sucessfully passed !
	Initialyzed swapped data for i = 197, j = 328 sucessfully passed !
	Initialyzed swapped data for i = 197, j = 329 sucessfully passed !
	Initialyzed swapped data for i = 197, j = 330 sucessfully passed !
	Initialyzed swapped data for i = 197, j = 331 sucessfully passed !
	Initialyzed swapped data for i = 197, j = 332 sucessfully passed !
	Initialyzed swapped data for i = 197, j = 333 sucessfully passed !
	Initialyzed swapped data for i = 197, j = 334 sucessfully passed !
	Initialyzed swapped data for i = 197, j = 335 sucessfully passed !
	Initialyzed swapped data for i = 197, j = 336 sucessfully passed !
	Initialyzed swapped data for i = 197, j = 337 sucessfully passed !
	Initialyzed swapped data for i = 197, j = 338 sucessfully passed !
	Initialyzed swapped data for i = 197, j = 339 sucessfully passed !
	Initialyzed swapped data for i = 197, j = 340 sucessfully passed !
	Initialyzed swapped data for i = 197, j = 341 sucessfully passed !
	Initialyzed swapped data for i = 197, j = 342 sucessfully passed !
	Initialyzed swapped data for i = 197, j = 343 sucessfully passed !
	Initialyzed swapped data for i = 197, j = 344 sucessfully passed !
	Initialyzed swapped data for i = 197, j = 345 sucessfully passed !
	Initialyzed swapped data for i = 197, j = 346 sucessfully passed !
	Initialyzed swapped data for i = 197, j = 347 sucessfully passed !
	Initialyzed swapped data for i = 197, j = 348 sucessfully passed !
	Initialyzed swapped data for i = 197, j = 349 sucessfully passed !
	Initialyzed swapped data for i = 197, j = 350 sucessfully passed !
	Initialyzed swapped data for i = 197, j = 351 sucessfully passed !
	Initialyzed swapped data for i = 197, j = 352 sucessfully passed !
	Initialyzed swapped data for i = 197, j = 353 sucessfully passed !
	Initialyzed swapped data for i = 197, j = 354 sucessfully passed !
	Initialyzed swapped data for i = 197, j = 355 sucessfully passed !
	Initialyzed swapped data for i = 197, j = 356 sucessfully passed !
	Initialyzed swapped data for i = 197, j = 357 sucessfully passed !
	Initialyzed swapped data for i = 197, j = 358 sucessfully passed !
	Initialyzed swapped data for i = 197, j = 359 sucessfully passed !
	Initialyzed swapped data for i = 197, j = 360 sucessfully passed !
	Initialyzed swapped data for i = 197, j = 361 sucessfully passed !
	Initialyzed swapped data for i = 197, j = 362 sucessfully passed !
	Initialyzed swapped data for i = 197, j = 363 sucessfully passed !
	Initialyzed swapped data for i = 197, j = 364 sucessfully passed !
	Initialyzed swapped data for i = 197, j = 365 sucessfully passed !
	Initialyzed swapped data for i = 197, j = 366 sucessfully passed !
	Initialyzed swapped data for i = 197, j = 367 sucessfully passed !
	Initialyzed swapped data for i = 197, j = 368 sucessfully passed !
	Initialyzed swapped data for i = 197, j = 369 sucessfully passed !
	Initialyzed swapped data for i = 197, j = 370 sucessfully passed !
	Initialyzed swapped data for i = 197, j = 371 sucessfully passed !
	Initialyzed swapped data for i = 197, j = 372 sucessfully passed !
	Initialyzed swapped data for i = 197, j = 373 sucessfully passed !
	Initialyzed swapped data for i = 197, j = 374 sucessfully passed !
	Initialyzed swapped data for i = 197, j = 375 sucessfully passed !
	Initialyzed swapped data for i = 197, j = 376 sucessfully passed !
	Initialyzed swapped data for i = 197, j = 377 sucessfully passed !
	Initialyzed swapped data for i = 197, j = 378 sucessfully passed !
	Initialyzed swapped data for i = 197, j = 379 sucessfully passed !
	Initialyzed swapped data for i = 197, j = 380 sucessfully passed !
	Initialyzed swapped data for i = 197, j = 381 sucessfully passed !
	Initialyzed swapped data for i = 197, j = 382 sucessfully passed !
	Initialyzed swapped data for i = 197, j = 383 sucessfully passed !
	Initialyzed swapped data for i = 197, j = 384 sucessfully passed !
	Initialyzed swapped data for i = 197, j = 385 sucessfully passed !
	Initialyzed swapped data for i = 197, j = 386 sucessfully passed !
	Initialyzed swapped data for i = 197, j = 387 sucessfully passed !
	Initialyzed swapped data for i = 197, j = 388 sucessfully passed !
	Initialyzed swapped data for i = 197, j = 389 sucessfully passed !
	Initialyzed swapped data for i = 197, j = 390 sucessfully passed !
	Initialyzed swapped data for i = 197, j = 391 sucessfully passed !
	Initialyzed swapped data for i = 197, j = 392 sucessfully passed !
	Initialyzed swapped data for i = 197, j = 393 sucessfully passed !
	Initialyzed swapped data for i = 197, j = 394 sucessfully passed !
	Initialyzed swapped data for i = 197, j = 395 sucessfully passed !
	Initialyzed swapped data for i = 197, j = 396 sucessfully passed !
	Initialyzed swapped data for i = 197, j = 397 sucessfully passed !
	Initialyzed swapped data for i = 197, j = 398 sucessfully passed !
	Initialyzed swapped data for i = 197, j = 399 sucessfully passed !
	Initialyzed swapped data for i = 197, j = 400 sucessfully passed !
	Initialyzed swapped data for i = 197, j = 401 sucessfully passed !
	Initialyzed swapped data for i = 197, j = 402 sucessfully passed !
	Initialyzed swapped data for i = 197, j = 403 sucessfully passed !
	Initialyzed swapped data for i = 197, j = 404 sucessfully passed !
	Initialyzed swapped data for i = 197, j = 405 sucessfully passed !
	Initialyzed swapped data for i = 197, j = 406 sucessfully passed !
	Initialyzed swapped data for i = 197, j = 407 sucessfully passed !
	Initialyzed swapped data for i = 197, j = 408 sucessfully passed !
	Initialyzed swapped data for i = 197, j = 409 sucessfully passed !
	Initialyzed swapped data for i = 197, j = 410 sucessfully passed !
	Initialyzed swapped data for i = 197, j = 411 sucessfully passed !
	Initialyzed swapped data for i = 197, j = 412 sucessfully passed !
	Initialyzed swapped data for i = 197, j = 413 sucessfully passed !
	Initialyzed swapped data for i = 197, j = 414 sucessfully passed !
	Initialyzed swapped data for i = 197, j = 415 sucessfully passed !
	Initialyzed swapped data for i = 197, j = 416 sucessfully passed !
	Initialyzed swapped data for i = 197, j = 417 sucessfully passed !
	Initialyzed swapped data for i = 197, j = 418 sucessfully passed !
	Initialyzed swapped data for i = 197, j = 419 sucessfully passed !
	Initialyzed swapped data for i = 197, j = 420 sucessfully passed !
	Initialyzed swapped data for i = 197, j = 421 sucessfully passed !
	Initialyzed swapped data for i = 197, j = 422 sucessfully passed !
	Initialyzed swapped data for i = 197, j = 423 sucessfully passed !
	Initialyzed swapped data for i = 197, j = 424 sucessfully passed !
	Initialyzed swapped data for i = 197, j = 425 sucessfully passed !
	Initialyzed swapped data for i = 197, j = 426 sucessfully passed !
	Initialyzed swapped data for i = 197, j = 427 sucessfully passed !
	Initialyzed swapped data for i = 197, j = 428 sucessfully passed !
	Initialyzed swapped data for i = 197, j = 429 sucessfully passed !
	Initialyzed swapped data for i = 197, j = 430 sucessfully passed !
	Initialyzed swapped data for i = 197, j = 431 sucessfully passed !
	Initialyzed swapped data for i = 197, j = 432 sucessfully passed !
	Initialyzed swapped data for i = 197, j = 433 sucessfully passed !
	Initialyzed swapped data for i = 198, j = 199 sucessfully passed !
	Initialyzed swapped data for i = 198, j = 200 sucessfully passed !
	Initialyzed swapped data for i = 198, j = 201 sucessfully passed !
	Initialyzed swapped data for i = 198, j = 202 sucessfully passed !
	Initialyzed swapped data for i = 198, j = 203 sucessfully passed !
	Initialyzed swapped data for i = 198, j = 204 sucessfully passed !
	Initialyzed swapped data for i = 198, j = 205 sucessfully passed !
	Initialyzed swapped data for i = 198, j = 206 sucessfully passed !
	Initialyzed swapped data for i = 198, j = 207 sucessfully passed !
	Initialyzed swapped data for i = 198, j = 208 sucessfully passed !
	Initialyzed swapped data for i = 198, j = 209 sucessfully passed !
	Initialyzed swapped data for i = 198, j = 210 sucessfully passed !
	Initialyzed swapped data for i = 198, j = 211 sucessfully passed !
	Initialyzed swapped data for i = 198, j = 212 sucessfully passed !
	Initialyzed swapped data for i = 198, j = 213 sucessfully passed !
	Initialyzed swapped data for i = 198, j = 214 sucessfully passed !
	Initialyzed swapped data for i = 198, j = 215 sucessfully passed !
	Initialyzed swapped data for i = 198, j = 216 sucessfully passed !
	Initialyzed swapped data for i = 198, j = 217 sucessfully passed !
	Initialyzed swapped data for i = 198, j = 218 sucessfully passed !
	Initialyzed swapped data for i = 198, j = 219 sucessfully passed !
	Initialyzed swapped data for i = 198, j = 220 sucessfully passed !
	Initialyzed swapped data for i = 198, j = 221 sucessfully passed !
	Initialyzed swapped data for i = 198, j = 222 sucessfully passed !
	Initialyzed swapped data for i = 198, j = 223 sucessfully passed !
	Initialyzed swapped data for i = 198, j = 224 sucessfully passed !
	Initialyzed swapped data for i = 198, j = 225 sucessfully passed !
	Initialyzed swapped data for i = 198, j = 226 sucessfully passed !
	Initialyzed swapped data for i = 198, j = 227 sucessfully passed !
	Initialyzed swapped data for i = 198, j = 228 sucessfully passed !
	Initialyzed swapped data for i = 198, j = 229 sucessfully passed !
	Initialyzed swapped data for i = 198, j = 230 sucessfully passed !
	Initialyzed swapped data for i = 198, j = 231 sucessfully passed !
	Initialyzed swapped data for i = 198, j = 232 sucessfully passed !
	Initialyzed swapped data for i = 198, j = 233 sucessfully passed !
	Initialyzed swapped data for i = 198, j = 234 sucessfully passed !
	Initialyzed swapped data for i = 198, j = 235 sucessfully passed !
	Initialyzed swapped data for i = 198, j = 236 sucessfully passed !
	Initialyzed swapped data for i = 198, j = 237 sucessfully passed !
	Initialyzed swapped data for i = 198, j = 238 sucessfully passed !
	Initialyzed swapped data for i = 198, j = 239 sucessfully passed !
	Initialyzed swapped data for i = 198, j = 240 sucessfully passed !
	Initialyzed swapped data for i = 198, j = 241 sucessfully passed !
	Initialyzed swapped data for i = 198, j = 242 sucessfully passed !
	Initialyzed swapped data for i = 198, j = 243 sucessfully passed !
	Initialyzed swapped data for i = 198, j = 244 sucessfully passed !
	Initialyzed swapped data for i = 198, j = 245 sucessfully passed !
	Initialyzed swapped data for i = 198, j = 246 sucessfully passed !
	Initialyzed swapped data for i = 198, j = 247 sucessfully passed !
	Initialyzed swapped data for i = 198, j = 248 sucessfully passed !
	Initialyzed swapped data for i = 198, j = 249 sucessfully passed !
	Initialyzed swapped data for i = 198, j = 250 sucessfully passed !
	Initialyzed swapped data for i = 198, j = 251 sucessfully passed !
	Initialyzed swapped data for i = 198, j = 252 sucessfully passed !
	Initialyzed swapped data for i = 198, j = 253 sucessfully passed !
	Initialyzed swapped data for i = 198, j = 254 sucessfully passed !
	Initialyzed swapped data for i = 198, j = 255 sucessfully passed !
	Initialyzed swapped data for i = 198, j = 256 sucessfully passed !
	Initialyzed swapped data for i = 198, j = 257 sucessfully passed !
	Initialyzed swapped data for i = 198, j = 258 sucessfully passed !
	Initialyzed swapped data for i = 198, j = 259 sucessfully passed !
	Initialyzed swapped data for i = 198, j = 260 sucessfully passed !
	Initialyzed swapped data for i = 198, j = 261 sucessfully passed !
	Initialyzed swapped data for i = 198, j = 262 sucessfully passed !
	Initialyzed swapped data for i = 198, j = 263 sucessfully passed !
	Initialyzed swapped data for i = 198, j = 264 sucessfully passed !
	Initialyzed swapped data for i = 198, j = 265 sucessfully passed !
	Initialyzed swapped data for i = 198, j = 266 sucessfully passed !
	Initialyzed swapped data for i = 198, j = 267 sucessfully passed !
	Initialyzed swapped data for i = 198, j = 268 sucessfully passed !
	Initialyzed swapped data for i = 198, j = 269 sucessfully passed !
	Initialyzed swapped data for i = 198, j = 270 sucessfully passed !
	Initialyzed swapped data for i = 198, j = 271 sucessfully passed !
	Initialyzed swapped data for i = 198, j = 272 sucessfully passed !
	Initialyzed swapped data for i = 198, j = 273 sucessfully passed !
	Initialyzed swapped data for i = 198, j = 274 sucessfully passed !
	Initialyzed swapped data for i = 198, j = 275 sucessfully passed !
	Initialyzed swapped data for i = 198, j = 276 sucessfully passed !
	Initialyzed swapped data for i = 198, j = 277 sucessfully passed !
	Initialyzed swapped data for i = 198, j = 278 sucessfully passed !
	Initialyzed swapped data for i = 198, j = 279 sucessfully passed !
	Initialyzed swapped data for i = 198, j = 280 sucessfully passed !
	Initialyzed swapped data for i = 198, j = 281 sucessfully passed !
	Initialyzed swapped data for i = 198, j = 282 sucessfully passed !
	Initialyzed swapped data for i = 198, j = 283 sucessfully passed !
	Initialyzed swapped data for i = 198, j = 284 sucessfully passed !
	Initialyzed swapped data for i = 198, j = 285 sucessfully passed !
	Initialyzed swapped data for i = 198, j = 286 sucessfully passed !
	Initialyzed swapped data for i = 198, j = 287 sucessfully passed !
	Initialyzed swapped data for i = 198, j = 288 sucessfully passed !
	Initialyzed swapped data for i = 198, j = 289 sucessfully passed !
	Initialyzed swapped data for i = 198, j = 290 sucessfully passed !
	Initialyzed swapped data for i = 198, j = 291 sucessfully passed !
	Initialyzed swapped data for i = 198, j = 292 sucessfully passed !
	Initialyzed swapped data for i = 198, j = 293 sucessfully passed !
	Initialyzed swapped data for i = 198, j = 294 sucessfully passed !
	Initialyzed swapped data for i = 198, j = 295 sucessfully passed !
	Initialyzed swapped data for i = 198, j = 296 sucessfully passed !
	Initialyzed swapped data for i = 198, j = 297 sucessfully passed !
	Initialyzed swapped data for i = 198, j = 298 sucessfully passed !
	Initialyzed swapped data for i = 198, j = 299 sucessfully passed !
	Initialyzed swapped data for i = 198, j = 300 sucessfully passed !
	Initialyzed swapped data for i = 198, j = 301 sucessfully passed !
	Initialyzed swapped data for i = 198, j = 302 sucessfully passed !
	Initialyzed swapped data for i = 198, j = 303 sucessfully passed !
	Initialyzed swapped data for i = 198, j = 304 sucessfully passed !
	Initialyzed swapped data for i = 198, j = 305 sucessfully passed !
	Initialyzed swapped data for i = 198, j = 306 sucessfully passed !
	Initialyzed swapped data for i = 198, j = 307 sucessfully passed !
	Initialyzed swapped data for i = 198, j = 308 sucessfully passed !
	Initialyzed swapped data for i = 198, j = 309 sucessfully passed !
	Initialyzed swapped data for i = 198, j = 310 sucessfully passed !
	Initialyzed swapped data for i = 198, j = 311 sucessfully passed !
	Initialyzed swapped data for i = 198, j = 312 sucessfully passed !
	Initialyzed swapped data for i = 198, j = 313 sucessfully passed !
	Initialyzed swapped data for i = 198, j = 314 sucessfully passed !
	Initialyzed swapped data for i = 198, j = 315 sucessfully passed !
	Initialyzed swapped data for i = 198, j = 316 sucessfully passed !
	Initialyzed swapped data for i = 198, j = 317 sucessfully passed !
	Initialyzed swapped data for i = 198, j = 318 sucessfully passed !
	Initialyzed swapped data for i = 198, j = 319 sucessfully passed !
	Initialyzed swapped data for i = 198, j = 320 sucessfully passed !
	Initialyzed swapped data for i = 198, j = 321 sucessfully passed !
	Initialyzed swapped data for i = 198, j = 322 sucessfully passed !
	Initialyzed swapped data for i = 198, j = 323 sucessfully passed !
	Initialyzed swapped data for i = 198, j = 324 sucessfully passed !
	Initialyzed swapped data for i = 198, j = 325 sucessfully passed !
	Initialyzed swapped data for i = 198, j = 326 sucessfully passed !
	Initialyzed swapped data for i = 198, j = 327 sucessfully passed !
	Initialyzed swapped data for i = 198, j = 328 sucessfully passed !
	Initialyzed swapped data for i = 198, j = 329 sucessfully passed !
	Initialyzed swapped data for i = 198, j = 330 sucessfully passed !
	Initialyzed swapped data for i = 198, j = 331 sucessfully passed !
	Initialyzed swapped data for i = 198, j = 332 sucessfully passed !
	Initialyzed swapped data for i = 198, j = 333 sucessfully passed !
	Initialyzed swapped data for i = 198, j = 334 sucessfully passed !
	Initialyzed swapped data for i = 198, j = 335 sucessfully passed !
	Initialyzed swapped data for i = 198, j = 336 sucessfully passed !
	Initialyzed swapped data for i = 198, j = 337 sucessfully passed !
	Initialyzed swapped data for i = 198, j = 338 sucessfully passed !
	Initialyzed swapped data for i = 198, j = 339 sucessfully passed !
	Initialyzed swapped data for i = 198, j = 340 sucessfully passed !
	Initialyzed swapped data for i = 198, j = 341 sucessfully passed !
	Initialyzed swapped data for i = 198, j = 342 sucessfully passed !
	Initialyzed swapped data for i = 198, j = 343 sucessfully passed !
	Initialyzed swapped data for i = 198, j = 344 sucessfully passed !
	Initialyzed swapped data for i = 198, j = 345 sucessfully passed !
	Initialyzed swapped data for i = 198, j = 346 sucessfully passed !
	Initialyzed swapped data for i = 198, j = 347 sucessfully passed !
	Initialyzed swapped data for i = 198, j = 348 sucessfully passed !
	Initialyzed swapped data for i = 198, j = 349 sucessfully passed !
	Initialyzed swapped data for i = 198, j = 350 sucessfully passed !
	Initialyzed swapped data for i = 198, j = 351 sucessfully passed !
	Initialyzed swapped data for i = 198, j = 352 sucessfully passed !
	Initialyzed swapped data for i = 198, j = 353 sucessfully passed !
	Initialyzed swapped data for i = 198, j = 354 sucessfully passed !
	Initialyzed swapped data for i = 198, j = 355 sucessfully passed !
	Initialyzed swapped data for i = 198, j = 356 sucessfully passed !
	Initialyzed swapped data for i = 198, j = 357 sucessfully passed !
	Initialyzed swapped data for i = 198, j = 358 sucessfully passed !
	Initialyzed swapped data for i = 198, j = 359 sucessfully passed !
	Initialyzed swapped data for i = 198, j = 360 sucessfully passed !
	Initialyzed swapped data for i = 198, j = 361 sucessfully passed !
	Initialyzed swapped data for i = 198, j = 362 sucessfully passed !
	Initialyzed swapped data for i = 198, j = 363 sucessfully passed !
	Initialyzed swapped data for i = 198, j = 364 sucessfully passed !
	Initialyzed swapped data for i = 198, j = 365 sucessfully passed !
	Initialyzed swapped data for i = 198, j = 366 sucessfully passed !
	Initialyzed swapped data for i = 198, j = 367 sucessfully passed !
	Initialyzed swapped data for i = 198, j = 368 sucessfully passed !
	Initialyzed swapped data for i = 198, j = 369 sucessfully passed !
	Initialyzed swapped data for i = 198, j = 370 sucessfully passed !
	Initialyzed swapped data for i = 198, j = 371 sucessfully passed !
	Initialyzed swapped data for i = 198, j = 372 sucessfully passed !
	Initialyzed swapped data for i = 198, j = 373 sucessfully passed !
	Initialyzed swapped data for i = 198, j = 374 sucessfully passed !
	Initialyzed swapped data for i = 198, j = 375 sucessfully passed !
	Initialyzed swapped data for i = 198, j = 376 sucessfully passed !
	Initialyzed swapped data for i = 198, j = 377 sucessfully passed !
	Initialyzed swapped data for i = 198, j = 378 sucessfully passed !
	Initialyzed swapped data for i = 198, j = 379 sucessfully passed !
	Initialyzed swapped data for i = 198, j = 380 sucessfully passed !
	Initialyzed swapped data for i = 198, j = 381 sucessfully passed !
	Initialyzed swapped data for i = 198, j = 382 sucessfully passed !
	Initialyzed swapped data for i = 198, j = 383 sucessfully passed !
	Initialyzed swapped data for i = 198, j = 384 sucessfully passed !
	Initialyzed swapped data for i = 198, j = 385 sucessfully passed !
	Initialyzed swapped data for i = 198, j = 386 sucessfully passed !
	Initialyzed swapped data for i = 198, j = 387 sucessfully passed !
	Initialyzed swapped data for i = 198, j = 388 sucessfully passed !
	Initialyzed swapped data for i = 198, j = 389 sucessfully passed !
	Initialyzed swapped data for i = 198, j = 390 sucessfully passed !
	Initialyzed swapped data for i = 198, j = 391 sucessfully passed !
	Initialyzed swapped data for i = 198, j = 392 sucessfully passed !
	Initialyzed swapped data for i = 198, j = 393 sucessfully passed !
	Initialyzed swapped data for i = 198, j = 394 sucessfully passed !
	Initialyzed swapped data for i = 198, j = 395 sucessfully passed !
	Initialyzed swapped data for i = 198, j = 396 sucessfully passed !
	Initialyzed swapped data for i = 198, j = 397 sucessfully passed !
	Initialyzed swapped data for i = 198, j = 398 sucessfully passed !
	Initialyzed swapped data for i = 198, j = 399 sucessfully passed !
	Initialyzed swapped data for i = 198, j = 400 sucessfully passed !
	Initialyzed swapped data for i = 198, j = 401 sucessfully passed !
	Initialyzed swapped data for i = 198, j = 402 sucessfully passed !
	Initialyzed swapped data for i = 198, j = 403 sucessfully passed !
	Initialyzed swapped data for i = 198, j = 404 sucessfully passed !
	Initialyzed swapped data for i = 198, j = 405 sucessfully passed !
	Initialyzed swapped data for i = 198, j = 406 sucessfully passed !
	Initialyzed swapped data for i = 198, j = 407 sucessfully passed !
	Initialyzed swapped data for i = 198, j = 408 sucessfully passed !
	Initialyzed swapped data for i = 198, j = 409 sucessfully passed !
	Initialyzed swapped data for i = 198, j = 410 sucessfully passed !
	Initialyzed swapped data for i = 198, j = 411 sucessfully passed !
	Initialyzed swapped data for i = 198, j = 412 sucessfully passed !
	Initialyzed swapped data for i = 198, j = 413 sucessfully passed !
	Initialyzed swapped data for i = 198, j = 414 sucessfully passed !
	Initialyzed swapped data for i = 198, j = 415 sucessfully passed !
	Initialyzed swapped data for i = 198, j = 416 sucessfully passed !
	Initialyzed swapped data for i = 198, j = 417 sucessfully passed !
	Initialyzed swapped data for i = 198, j = 418 sucessfully passed !
	Initialyzed swapped data for i = 198, j = 419 sucessfully passed !
	Initialyzed swapped data for i = 198, j = 420 sucessfully passed !
	Initialyzed swapped data for i = 198, j = 421 sucessfully passed !
	Initialyzed swapped data for i = 198, j = 422 sucessfully passed !
	Initialyzed swapped data for i = 198, j = 423 sucessfully passed !
	Initialyzed swapped data for i = 198, j = 424 sucessfully passed !
	Initialyzed swapped data for i = 198, j = 425 sucessfully passed !
	Initialyzed swapped data for i = 198, j = 426 sucessfully passed !
	Initialyzed swapped data for i = 198, j = 427 sucessfully passed !
	Initialyzed swapped data for i = 198, j = 428 sucessfully passed !
	Initialyzed swapped data for i = 198, j = 429 sucessfully passed !
	Initialyzed swapped data for i = 198, j = 430 sucessfully passed !
	Initialyzed swapped data for i = 198, j = 431 sucessfully passed !
	Initialyzed swapped data for i = 198, j = 432 sucessfully passed !
	Initialyzed swapped data for i = 198, j = 433 sucessfully passed !
	Initialyzed swapped data for i = 199, j = 200 sucessfully passed !
	Initialyzed swapped data for i = 199, j = 201 sucessfully passed !
	Initialyzed swapped data for i = 199, j = 202 sucessfully passed !
	Initialyzed swapped data for i = 199, j = 203 sucessfully passed !
	Initialyzed swapped data for i = 199, j = 204 sucessfully passed !
	Initialyzed swapped data for i = 199, j = 205 sucessfully passed !
	Initialyzed swapped data for i = 199, j = 206 sucessfully passed !
	Initialyzed swapped data for i = 199, j = 207 sucessfully passed !
	Initialyzed swapped data for i = 199, j = 208 sucessfully passed !
	Initialyzed swapped data for i = 199, j = 209 sucessfully passed !
	Initialyzed swapped data for i = 199, j = 210 sucessfully passed !
	Initialyzed swapped data for i = 199, j = 211 sucessfully passed !
	Initialyzed swapped data for i = 199, j = 212 sucessfully passed !
	Initialyzed swapped data for i = 199, j = 213 sucessfully passed !
	Initialyzed swapped data for i = 199, j = 214 sucessfully passed !
	Initialyzed swapped data for i = 199, j = 215 sucessfully passed !
	Initialyzed swapped data for i = 199, j = 216 sucessfully passed !
	Initialyzed swapped data for i = 199, j = 217 sucessfully passed !
	Initialyzed swapped data for i = 199, j = 218 sucessfully passed !
	Initialyzed swapped data for i = 199, j = 219 sucessfully passed !
	Initialyzed swapped data for i = 199, j = 220 sucessfully passed !
	Initialyzed swapped data for i = 199, j = 221 sucessfully passed !
	Initialyzed swapped data for i = 199, j = 222 sucessfully passed !
	Initialyzed swapped data for i = 199, j = 223 sucessfully passed !
	Initialyzed swapped data for i = 199, j = 224 sucessfully passed !
	Initialyzed swapped data for i = 199, j = 225 sucessfully passed !
	Initialyzed swapped data for i = 199, j = 226 sucessfully passed !
	Initialyzed swapped data for i = 199, j = 227 sucessfully passed !
	Initialyzed swapped data for i = 199, j = 228 sucessfully passed !
	Initialyzed swapped data for i = 199, j = 229 sucessfully passed !
	Initialyzed swapped data for i = 199, j = 230 sucessfully passed !
	Initialyzed swapped data for i = 199, j = 231 sucessfully passed !
	Initialyzed swapped data for i = 199, j = 232 sucessfully passed !
	Initialyzed swapped data for i = 199, j = 233 sucessfully passed !
	Initialyzed swapped data for i = 199, j = 234 sucessfully passed !
	Initialyzed swapped data for i = 199, j = 235 sucessfully passed !
	Initialyzed swapped data for i = 199, j = 236 sucessfully passed !
	Initialyzed swapped data for i = 199, j = 237 sucessfully passed !
	Initialyzed swapped data for i = 199, j = 238 sucessfully passed !
	Initialyzed swapped data for i = 199, j = 239 sucessfully passed !
	Initialyzed swapped data for i = 199, j = 240 sucessfully passed !
	Initialyzed swapped data for i = 199, j = 241 sucessfully passed !
	Initialyzed swapped data for i = 199, j = 242 sucessfully passed !
	Initialyzed swapped data for i = 199, j = 243 sucessfully passed !
	Initialyzed swapped data for i = 199, j = 244 sucessfully passed !
	Initialyzed swapped data for i = 199, j = 245 sucessfully passed !
	Initialyzed swapped data for i = 199, j = 246 sucessfully passed !
	Initialyzed swapped data for i = 199, j = 247 sucessfully passed !
	Initialyzed swapped data for i = 199, j = 248 sucessfully passed !
	Initialyzed swapped data for i = 199, j = 249 sucessfully passed !
	Initialyzed swapped data for i = 199, j = 250 sucessfully passed !
	Initialyzed swapped data for i = 199, j = 251 sucessfully passed !
	Initialyzed swapped data for i = 199, j = 252 sucessfully passed !
	Initialyzed swapped data for i = 199, j = 253 sucessfully passed !
	Initialyzed swapped data for i = 199, j = 254 sucessfully passed !
	Initialyzed swapped data for i = 199, j = 255 sucessfully passed !
	Initialyzed swapped data for i = 199, j = 256 sucessfully passed !
	Initialyzed swapped data for i = 199, j = 257 sucessfully passed !
	Initialyzed swapped data for i = 199, j = 258 sucessfully passed !
	Initialyzed swapped data for i = 199, j = 259 sucessfully passed !
	Initialyzed swapped data for i = 199, j = 260 sucessfully passed !
	Initialyzed swapped data for i = 199, j = 261 sucessfully passed !
	Initialyzed swapped data for i = 199, j = 262 sucessfully passed !
	Initialyzed swapped data for i = 199, j = 263 sucessfully passed !
	Initialyzed swapped data for i = 199, j = 264 sucessfully passed !
	Initialyzed swapped data for i = 199, j = 265 sucessfully passed !
	Initialyzed swapped data for i = 199, j = 266 sucessfully passed !
	Initialyzed swapped data for i = 199, j = 267 sucessfully passed !
	Initialyzed swapped data for i = 199, j = 268 sucessfully passed !
	Initialyzed swapped data for i = 199, j = 269 sucessfully passed !
	Initialyzed swapped data for i = 199, j = 270 sucessfully passed !
	Initialyzed swapped data for i = 199, j = 271 sucessfully passed !
	Initialyzed swapped data for i = 199, j = 272 sucessfully passed !
	Initialyzed swapped data for i = 199, j = 273 sucessfully passed !
	Initialyzed swapped data for i = 199, j = 274 sucessfully passed !
	Initialyzed swapped data for i = 199, j = 275 sucessfully passed !
	Initialyzed swapped data for i = 199, j = 276 sucessfully passed !
	Initialyzed swapped data for i = 199, j = 277 sucessfully passed !
	Initialyzed swapped data for i = 199, j = 278 sucessfully passed !
	Initialyzed swapped data for i = 199, j = 279 sucessfully passed !
	Initialyzed swapped data for i = 199, j = 280 sucessfully passed !
	Initialyzed swapped data for i = 199, j = 281 sucessfully passed !
	Initialyzed swapped data for i = 199, j = 282 sucessfully passed !
	Initialyzed swapped data for i = 199, j = 283 sucessfully passed !
	Initialyzed swapped data for i = 199, j = 284 sucessfully passed !
	Initialyzed swapped data for i = 199, j = 285 sucessfully passed !
	Initialyzed swapped data for i = 199, j = 286 sucessfully passed !
	Initialyzed swapped data for i = 199, j = 287 sucessfully passed !
	Initialyzed swapped data for i = 199, j = 288 sucessfully passed !
	Initialyzed swapped data for i = 199, j = 289 sucessfully passed !
	Initialyzed swapped data for i = 199, j = 290 sucessfully passed !
	Initialyzed swapped data for i = 199, j = 291 sucessfully passed !
	Initialyzed swapped data for i = 199, j = 292 sucessfully passed !
	Initialyzed swapped data for i = 199, j = 293 sucessfully passed !
	Initialyzed swapped data for i = 199, j = 294 sucessfully passed !
	Initialyzed swapped data for i = 199, j = 295 sucessfully passed !
	Initialyzed swapped data for i = 199, j = 296 sucessfully passed !
	Initialyzed swapped data for i = 199, j = 297 sucessfully passed !
	Initialyzed swapped data for i = 199, j = 298 sucessfully passed !
	Initialyzed swapped data for i = 199, j = 299 sucessfully passed !
	Initialyzed swapped data for i = 199, j = 300 sucessfully passed !
	Initialyzed swapped data for i = 199, j = 301 sucessfully passed !
	Initialyzed swapped data for i = 199, j = 302 sucessfully passed !
	Initialyzed swapped data for i = 199, j = 303 sucessfully passed !
	Initialyzed swapped data for i = 199, j = 304 sucessfully passed !
	Initialyzed swapped data for i = 199, j = 305 sucessfully passed !
	Initialyzed swapped data for i = 199, j = 306 sucessfully passed !
	Initialyzed swapped data for i = 199, j = 307 sucessfully passed !
	Initialyzed swapped data for i = 199, j = 308 sucessfully passed !
	Initialyzed swapped data for i = 199, j = 309 sucessfully passed !
	Initialyzed swapped data for i = 199, j = 310 sucessfully passed !
	Initialyzed swapped data for i = 199, j = 311 sucessfully passed !
	Initialyzed swapped data for i = 199, j = 312 sucessfully passed !
	Initialyzed swapped data for i = 199, j = 313 sucessfully passed !
	Initialyzed swapped data for i = 199, j = 314 sucessfully passed !
	Initialyzed swapped data for i = 199, j = 315 sucessfully passed !
	Initialyzed swapped data for i = 199, j = 316 sucessfully passed !
	Initialyzed swapped data for i = 199, j = 317 sucessfully passed !
	Initialyzed swapped data for i = 199, j = 318 sucessfully passed !
	Initialyzed swapped data for i = 199, j = 319 sucessfully passed !
	Initialyzed swapped data for i = 199, j = 320 sucessfully passed !
	Initialyzed swapped data for i = 199, j = 321 sucessfully passed !
	Initialyzed swapped data for i = 199, j = 322 sucessfully passed !
	Initialyzed swapped data for i = 199, j = 323 sucessfully passed !
	Initialyzed swapped data for i = 199, j = 324 sucessfully passed !
	Initialyzed swapped data for i = 199, j = 325 sucessfully passed !
	Initialyzed swapped data for i = 199, j = 326 sucessfully passed !
	Initialyzed swapped data for i = 199, j = 327 sucessfully passed !
	Initialyzed swapped data for i = 199, j = 328 sucessfully passed !
	Initialyzed swapped data for i = 199, j = 329 sucessfully passed !
	Initialyzed swapped data for i = 199, j = 330 sucessfully passed !
	Initialyzed swapped data for i = 199, j = 331 sucessfully passed !
	Initialyzed swapped data for i = 199, j = 332 sucessfully passed !
	Initialyzed swapped data for i = 199, j = 333 sucessfully passed !
	Initialyzed swapped data for i = 199, j = 334 sucessfully passed !
	Initialyzed swapped data for i = 199, j = 335 sucessfully passed !
	Initialyzed swapped data for i = 199, j = 336 sucessfully passed !
	Initialyzed swapped data for i = 199, j = 337 sucessfully passed !
	Initialyzed swapped data for i = 199, j = 338 sucessfully passed !
	Initialyzed swapped data for i = 199, j = 339 sucessfully passed !
	Initialyzed swapped data for i = 199, j = 340 sucessfully passed !
	Initialyzed swapped data for i = 199, j = 341 sucessfully passed !
	Initialyzed swapped data for i = 199, j = 342 sucessfully passed !
	Initialyzed swapped data for i = 199, j = 343 sucessfully passed !
	Initialyzed swapped data for i = 199, j = 344 sucessfully passed !
	Initialyzed swapped data for i = 199, j = 345 sucessfully passed !
	Initialyzed swapped data for i = 199, j = 346 sucessfully passed !
	Initialyzed swapped data for i = 199, j = 347 sucessfully passed !
	Initialyzed swapped data for i = 199, j = 348 sucessfully passed !
	Initialyzed swapped data for i = 199, j = 349 sucessfully passed !
	Initialyzed swapped data for i = 199, j = 350 sucessfully passed !
	Initialyzed swapped data for i = 199, j = 351 sucessfully passed !
	Initialyzed swapped data for i = 199, j = 352 sucessfully passed !
	Initialyzed swapped data for i = 199, j = 353 sucessfully passed !
	Initialyzed swapped data for i = 199, j = 354 sucessfully passed !
	Initialyzed swapped data for i = 199, j = 355 sucessfully passed !
	Initialyzed swapped data for i = 199, j = 356 sucessfully passed !
	Initialyzed swapped data for i = 199, j = 357 sucessfully passed !
	Initialyzed swapped data for i = 199, j = 358 sucessfully passed !
	Initialyzed swapped data for i = 199, j = 359 sucessfully passed !
	Initialyzed swapped data for i = 199, j = 360 sucessfully passed !
	Initialyzed swapped data for i = 199, j = 361 sucessfully passed !
	Initialyzed swapped data for i = 199, j = 362 sucessfully passed !
	Initialyzed swapped data for i = 199, j = 363 sucessfully passed !
	Initialyzed swapped data for i = 199, j = 364 sucessfully passed !
	Initialyzed swapped data for i = 199, j = 365 sucessfully passed !
	Initialyzed swapped data for i = 199, j = 366 sucessfully passed !
	Initialyzed swapped data for i = 199, j = 367 sucessfully passed !
	Initialyzed swapped data for i = 199, j = 368 sucessfully passed !
	Initialyzed swapped data for i = 199, j = 369 sucessfully passed !
	Initialyzed swapped data for i = 199, j = 370 sucessfully passed !
	Initialyzed swapped data for i = 199, j = 371 sucessfully passed !
	Initialyzed swapped data for i = 199, j = 372 sucessfully passed !
	Initialyzed swapped data for i = 199, j = 373 sucessfully passed !
	Initialyzed swapped data for i = 199, j = 374 sucessfully passed !
	Initialyzed swapped data for i = 199, j = 375 sucessfully passed !
	Initialyzed swapped data for i = 199, j = 376 sucessfully passed !
	Initialyzed swapped data for i = 199, j = 377 sucessfully passed !
	Initialyzed swapped data for i = 199, j = 378 sucessfully passed !
	Initialyzed swapped data for i = 199, j = 379 sucessfully passed !
	Initialyzed swapped data for i = 199, j = 380 sucessfully passed !
	Initialyzed swapped data for i = 199, j = 381 sucessfully passed !
	Initialyzed swapped data for i = 199, j = 382 sucessfully passed !
	Initialyzed swapped data for i = 199, j = 383 sucessfully passed !
	Initialyzed swapped data for i = 199, j = 384 sucessfully passed !
	Initialyzed swapped data for i = 199, j = 385 sucessfully passed !
	Initialyzed swapped data for i = 199, j = 386 sucessfully passed !
	Initialyzed swapped data for i = 199, j = 387 sucessfully passed !
	Initialyzed swapped data for i = 199, j = 388 sucessfully passed !
	Initialyzed swapped data for i = 199, j = 389 sucessfully passed !
	Initialyzed swapped data for i = 199, j = 390 sucessfully passed !
	Initialyzed swapped data for i = 199, j = 391 sucessfully passed !
	Initialyzed swapped data for i = 199, j = 392 sucessfully passed !
	Initialyzed swapped data for i = 199, j = 393 sucessfully passed !
	Initialyzed swapped data for i = 199, j = 394 sucessfully passed !
	Initialyzed swapped data for i = 199, j = 395 sucessfully passed !
	Initialyzed swapped data for i = 199, j = 396 sucessfully passed !
	Initialyzed swapped data for i = 199, j = 397 sucessfully passed !
	Initialyzed swapped data for i = 199, j = 398 sucessfully passed !
	Initialyzed swapped data for i = 199, j = 399 sucessfully passed !
	Initialyzed swapped data for i = 199, j = 400 sucessfully passed !
	Initialyzed swapped data for i = 199, j = 401 sucessfully passed !
	Initialyzed swapped data for i = 199, j = 402 sucessfully passed !
	Initialyzed swapped data for i = 199, j = 403 sucessfully passed !
	Initialyzed swapped data for i = 199, j = 404 sucessfully passed !
	Initialyzed swapped data for i = 199, j = 405 sucessfully passed !
	Initialyzed swapped data for i = 199, j = 406 sucessfully passed !
	Initialyzed swapped data for i = 199, j = 407 sucessfully passed !
	Initialyzed swapped data for i = 199, j = 408 sucessfully passed !
	Initialyzed swapped data for i = 199, j = 409 sucessfully passed !
	Initialyzed swapped data for i = 199, j = 410 sucessfully passed !
	Initialyzed swapped data for i = 199, j = 411 sucessfully passed !
	Initialyzed swapped data for i = 199, j = 412 sucessfully passed !
	Initialyzed swapped data for i = 199, j = 413 sucessfully passed !
	Initialyzed swapped data for i = 199, j = 414 sucessfully passed !
	Initialyzed swapped data for i = 199, j = 415 sucessfully passed !
	Initialyzed swapped data for i = 199, j = 416 sucessfully passed !
	Initialyzed swapped data for i = 199, j = 417 sucessfully passed !
	Initialyzed swapped data for i = 199, j = 418 sucessfully passed !
	Initialyzed swapped data for i = 199, j = 419 sucessfully passed !
	Initialyzed swapped data for i = 199, j = 420 sucessfully passed !
	Initialyzed swapped data for i = 199, j = 421 sucessfully passed !
	Initialyzed swapped data for i = 199, j = 422 sucessfully passed !
	Initialyzed swapped data for i = 199, j = 423 sucessfully passed !
	Initialyzed swapped data for i = 199, j = 424 sucessfully passed !
	Initialyzed swapped data for i = 199, j = 425 sucessfully passed !
	Initialyzed swapped data for i = 199, j = 426 sucessfully passed !
	Initialyzed swapped data for i = 199, j = 427 sucessfully passed !
	Initialyzed swapped data for i = 199, j = 428 sucessfully passed !
	Initialyzed swapped data for i = 199, j = 429 sucessfully passed !
	Initialyzed swapped data for i = 199, j = 430 sucessfully passed !
	Initialyzed swapped data for i = 199, j = 431 sucessfully passed !
	Initialyzed swapped data for i = 199, j = 432 sucessfully passed !
	Initialyzed swapped data for i = 199, j = 433 sucessfully passed !
	Initialyzed swapped data for i = 200, j = 201 sucessfully passed !
	Initialyzed swapped data for i = 200, j = 202 sucessfully passed !
	Initialyzed swapped data for i = 200, j = 203 sucessfully passed !
	Initialyzed swapped data for i = 200, j = 204 sucessfully passed !
	Initialyzed swapped data for i = 200, j = 205 sucessfully passed !
	Initialyzed swapped data for i = 200, j = 206 sucessfully passed !
	Initialyzed swapped data for i = 200, j = 207 sucessfully passed !
	Initialyzed swapped data for i = 200, j = 208 sucessfully passed !
	Initialyzed swapped data for i = 200, j = 209 sucessfully passed !
	Initialyzed swapped data for i = 200, j = 210 sucessfully passed !
	Initialyzed swapped data for i = 200, j = 211 sucessfully passed !
	Initialyzed swapped data for i = 200, j = 212 sucessfully passed !
	Initialyzed swapped data for i = 200, j = 213 sucessfully passed !
	Initialyzed swapped data for i = 200, j = 214 sucessfully passed !
	Initialyzed swapped data for i = 200, j = 215 sucessfully passed !
	Initialyzed swapped data for i = 200, j = 216 sucessfully passed !
	Initialyzed swapped data for i = 200, j = 217 sucessfully passed !
	Initialyzed swapped data for i = 200, j = 218 sucessfully passed !
	Initialyzed swapped data for i = 200, j = 219 sucessfully passed !
	Initialyzed swapped data for i = 200, j = 220 sucessfully passed !
	Initialyzed swapped data for i = 200, j = 221 sucessfully passed !
	Initialyzed swapped data for i = 200, j = 222 sucessfully passed !
	Initialyzed swapped data for i = 200, j = 223 sucessfully passed !
	Initialyzed swapped data for i = 200, j = 224 sucessfully passed !
	Initialyzed swapped data for i = 200, j = 225 sucessfully passed !
	Initialyzed swapped data for i = 200, j = 226 sucessfully passed !
	Initialyzed swapped data for i = 200, j = 227 sucessfully passed !
	Initialyzed swapped data for i = 200, j = 228 sucessfully passed !
	Initialyzed swapped data for i = 200, j = 229 sucessfully passed !
	Initialyzed swapped data for i = 200, j = 230 sucessfully passed !
	Initialyzed swapped data for i = 200, j = 231 sucessfully passed !
	Initialyzed swapped data for i = 200, j = 232 sucessfully passed !
	Initialyzed swapped data for i = 200, j = 233 sucessfully passed !
	Initialyzed swapped data for i = 200, j = 234 sucessfully passed !
	Initialyzed swapped data for i = 200, j = 235 sucessfully passed !
	Initialyzed swapped data for i = 200, j = 236 sucessfully passed !
	Initialyzed swapped data for i = 200, j = 237 sucessfully passed !
	Initialyzed swapped data for i = 200, j = 238 sucessfully passed !
	Initialyzed swapped data for i = 200, j = 239 sucessfully passed !
	Initialyzed swapped data for i = 200, j = 240 sucessfully passed !
	Initialyzed swapped data for i = 200, j = 241 sucessfully passed !
	Initialyzed swapped data for i = 200, j = 242 sucessfully passed !
	Initialyzed swapped data for i = 200, j = 243 sucessfully passed !
	Initialyzed swapped data for i = 200, j = 244 sucessfully passed !
	Initialyzed swapped data for i = 200, j = 245 sucessfully passed !
	Initialyzed swapped data for i = 200, j = 246 sucessfully passed !
	Initialyzed swapped data for i = 200, j = 247 sucessfully passed !
	Initialyzed swapped data for i = 200, j = 248 sucessfully passed !
	Initialyzed swapped data for i = 200, j = 249 sucessfully passed !
	Initialyzed swapped data for i = 200, j = 250 sucessfully passed !
	Initialyzed swapped data for i = 200, j = 251 sucessfully passed !
	Initialyzed swapped data for i = 200, j = 252 sucessfully passed !
	Initialyzed swapped data for i = 200, j = 253 sucessfully passed !
	Initialyzed swapped data for i = 200, j = 254 sucessfully passed !
	Initialyzed swapped data for i = 200, j = 255 sucessfully passed !
	Initialyzed swapped data for i = 200, j = 256 sucessfully passed !
	Initialyzed swapped data for i = 200, j = 257 sucessfully passed !
	Initialyzed swapped data for i = 200, j = 258 sucessfully passed !
	Initialyzed swapped data for i = 200, j = 259 sucessfully passed !
	Initialyzed swapped data for i = 200, j = 260 sucessfully passed !
	Initialyzed swapped data for i = 200, j = 261 sucessfully passed !
	Initialyzed swapped data for i = 200, j = 262 sucessfully passed !
	Initialyzed swapped data for i = 200, j = 263 sucessfully passed !
	Initialyzed swapped data for i = 200, j = 264 sucessfully passed !
	Initialyzed swapped data for i = 200, j = 265 sucessfully passed !
	Initialyzed swapped data for i = 200, j = 266 sucessfully passed !
	Initialyzed swapped data for i = 200, j = 267 sucessfully passed !
	Initialyzed swapped data for i = 200, j = 268 sucessfully passed !
	Initialyzed swapped data for i = 200, j = 269 sucessfully passed !
	Initialyzed swapped data for i = 200, j = 270 sucessfully passed !
	Initialyzed swapped data for i = 200, j = 271 sucessfully passed !
	Initialyzed swapped data for i = 200, j = 272 sucessfully passed !
	Initialyzed swapped data for i = 200, j = 273 sucessfully passed !
	Initialyzed swapped data for i = 200, j = 274 sucessfully passed !
	Initialyzed swapped data for i = 200, j = 275 sucessfully passed !
	Initialyzed swapped data for i = 200, j = 276 sucessfully passed !
	Initialyzed swapped data for i = 200, j = 277 sucessfully passed !
	Initialyzed swapped data for i = 200, j = 278 sucessfully passed !
	Initialyzed swapped data for i = 200, j = 279 sucessfully passed !
	Initialyzed swapped data for i = 200, j = 280 sucessfully passed !
	Initialyzed swapped data for i = 200, j = 281 sucessfully passed !
	Initialyzed swapped data for i = 200, j = 282 sucessfully passed !
	Initialyzed swapped data for i = 200, j = 283 sucessfully passed !
	Initialyzed swapped data for i = 200, j = 284 sucessfully passed !
	Initialyzed swapped data for i = 200, j = 285 sucessfully passed !
	Initialyzed swapped data for i = 200, j = 286 sucessfully passed !
	Initialyzed swapped data for i = 200, j = 287 sucessfully passed !
	Initialyzed swapped data for i = 200, j = 288 sucessfully passed !
	Initialyzed swapped data for i = 200, j = 289 sucessfully passed !
	Initialyzed swapped data for i = 200, j = 290 sucessfully passed !
	Initialyzed swapped data for i = 200, j = 291 sucessfully passed !
	Initialyzed swapped data for i = 200, j = 292 sucessfully passed !
	Initialyzed swapped data for i = 200, j = 293 sucessfully passed !
	Initialyzed swapped data for i = 200, j = 294 sucessfully passed !
	Initialyzed swapped data for i = 200, j = 295 sucessfully passed !
	Initialyzed swapped data for i = 200, j = 296 sucessfully passed !
	Initialyzed swapped data for i = 200, j = 297 sucessfully passed !
	Initialyzed swapped data for i = 200, j = 298 sucessfully passed !
	Initialyzed swapped data for i = 200, j = 299 sucessfully passed !
	Initialyzed swapped data for i = 200, j = 300 sucessfully passed !
	Initialyzed swapped data for i = 200, j = 301 sucessfully passed !
	Initialyzed swapped data for i = 200, j = 302 sucessfully passed !
	Initialyzed swapped data for i = 200, j = 303 sucessfully passed !
	Initialyzed swapped data for i = 200, j = 304 sucessfully passed !
	Initialyzed swapped data for i = 200, j = 305 sucessfully passed !
	Initialyzed swapped data for i = 200, j = 306 sucessfully passed !
	Initialyzed swapped data for i = 200, j = 307 sucessfully passed !
	Initialyzed swapped data for i = 200, j = 308 sucessfully passed !
	Initialyzed swapped data for i = 200, j = 309 sucessfully passed !
	Initialyzed swapped data for i = 200, j = 310 sucessfully passed !
	Initialyzed swapped data for i = 200, j = 311 sucessfully passed !
	Initialyzed swapped data for i = 200, j = 312 sucessfully passed !
	Initialyzed swapped data for i = 200, j = 313 sucessfully passed !
	Initialyzed swapped data for i = 200, j = 314 sucessfully passed !
	Initialyzed swapped data for i = 200, j = 315 sucessfully passed !
	Initialyzed swapped data for i = 200, j = 316 sucessfully passed !
	Initialyzed swapped data for i = 200, j = 317 sucessfully passed !
	Initialyzed swapped data for i = 200, j = 318 sucessfully passed !
	Initialyzed swapped data for i = 200, j = 319 sucessfully passed !
	Initialyzed swapped data for i = 200, j = 320 sucessfully passed !
	Initialyzed swapped data for i = 200, j = 321 sucessfully passed !
	Initialyzed swapped data for i = 200, j = 322 sucessfully passed !
	Initialyzed swapped data for i = 200, j = 323 sucessfully passed !
	Initialyzed swapped data for i = 200, j = 324 sucessfully passed !
	Initialyzed swapped data for i = 200, j = 325 sucessfully passed !
	Initialyzed swapped data for i = 200, j = 326 sucessfully passed !
	Initialyzed swapped data for i = 200, j = 327 sucessfully passed !
	Initialyzed swapped data for i = 200, j = 328 sucessfully passed !
	Initialyzed swapped data for i = 200, j = 329 sucessfully passed !
	Initialyzed swapped data for i = 200, j = 330 sucessfully passed !
	Initialyzed swapped data for i = 200, j = 331 sucessfully passed !
	Initialyzed swapped data for i = 200, j = 332 sucessfully passed !
	Initialyzed swapped data for i = 200, j = 333 sucessfully passed !
	Initialyzed swapped data for i = 200, j = 334 sucessfully passed !
	Initialyzed swapped data for i = 200, j = 335 sucessfully passed !
	Initialyzed swapped data for i = 200, j = 336 sucessfully passed !
	Initialyzed swapped data for i = 200, j = 337 sucessfully passed !
	Initialyzed swapped data for i = 200, j = 338 sucessfully passed !
	Initialyzed swapped data for i = 200, j = 339 sucessfully passed !
	Initialyzed swapped data for i = 200, j = 340 sucessfully passed !
	Initialyzed swapped data for i = 200, j = 341 sucessfully passed !
	Initialyzed swapped data for i = 200, j = 342 sucessfully passed !
	Initialyzed swapped data for i = 200, j = 343 sucessfully passed !
	Initialyzed swapped data for i = 200, j = 344 sucessfully passed !
	Initialyzed swapped data for i = 200, j = 345 sucessfully passed !
	Initialyzed swapped data for i = 200, j = 346 sucessfully passed !
	Initialyzed swapped data for i = 200, j = 347 sucessfully passed !
	Initialyzed swapped data for i = 200, j = 348 sucessfully passed !
	Initialyzed swapped data for i = 200, j = 349 sucessfully passed !
	Initialyzed swapped data for i = 200, j = 350 sucessfully passed !
	Initialyzed swapped data for i = 200, j = 351 sucessfully passed !
	Initialyzed swapped data for i = 200, j = 352 sucessfully passed !
	Initialyzed swapped data for i = 200, j = 353 sucessfully passed !
	Initialyzed swapped data for i = 200, j = 354 sucessfully passed !
	Initialyzed swapped data for i = 200, j = 355 sucessfully passed !
	Initialyzed swapped data for i = 200, j = 356 sucessfully passed !
	Initialyzed swapped data for i = 200, j = 357 sucessfully passed !
	Initialyzed swapped data for i = 200, j = 358 sucessfully passed !
	Initialyzed swapped data for i = 200, j = 359 sucessfully passed !
	Initialyzed swapped data for i = 200, j = 360 sucessfully passed !
	Initialyzed swapped data for i = 200, j = 361 sucessfully passed !
	Initialyzed swapped data for i = 200, j = 362 sucessfully passed !
	Initialyzed swapped data for i = 200, j = 363 sucessfully passed !
	Initialyzed swapped data for i = 200, j = 364 sucessfully passed !
	Initialyzed swapped data for i = 200, j = 365 sucessfully passed !
	Initialyzed swapped data for i = 200, j = 366 sucessfully passed !
	Initialyzed swapped data for i = 200, j = 367 sucessfully passed !
	Initialyzed swapped data for i = 200, j = 368 sucessfully passed !
	Initialyzed swapped data for i = 200, j = 369 sucessfully passed !
	Initialyzed swapped data for i = 200, j = 370 sucessfully passed !
	Initialyzed swapped data for i = 200, j = 371 sucessfully passed !
	Initialyzed swapped data for i = 200, j = 372 sucessfully passed !
	Initialyzed swapped data for i = 200, j = 373 sucessfully passed !
	Initialyzed swapped data for i = 200, j = 374 sucessfully passed !
	Initialyzed swapped data for i = 200, j = 375 sucessfully passed !
	Initialyzed swapped data for i = 200, j = 376 sucessfully passed !
	Initialyzed swapped data for i = 200, j = 377 sucessfully passed !
	Initialyzed swapped data for i = 200, j = 378 sucessfully passed !
	Initialyzed swapped data for i = 200, j = 379 sucessfully passed !
	Initialyzed swapped data for i = 200, j = 380 sucessfully passed !
	Initialyzed swapped data for i = 200, j = 381 sucessfully passed !
	Initialyzed swapped data for i = 200, j = 382 sucessfully passed !
	Initialyzed swapped data for i = 200, j = 383 sucessfully passed !
	Initialyzed swapped data for i = 200, j = 384 sucessfully passed !
	Initialyzed swapped data for i = 200, j = 385 sucessfully passed !
	Initialyzed swapped data for i = 200, j = 386 sucessfully passed !
	Initialyzed swapped data for i = 200, j = 387 sucessfully passed !
	Initialyzed swapped data for i = 200, j = 388 sucessfully passed !
	Initialyzed swapped data for i = 200, j = 389 sucessfully passed !
	Initialyzed swapped data for i = 200, j = 390 sucessfully passed !
	Initialyzed swapped data for i = 200, j = 391 sucessfully passed !
	Initialyzed swapped data for i = 200, j = 392 sucessfully passed !
	Initialyzed swapped data for i = 200, j = 393 sucessfully passed !
	Initialyzed swapped data for i = 200, j = 394 sucessfully passed !
	Initialyzed swapped data for i = 200, j = 395 sucessfully passed !
	Initialyzed swapped data for i = 200, j = 396 sucessfully passed !
	Initialyzed swapped data for i = 200, j = 397 sucessfully passed !
	Initialyzed swapped data for i = 200, j = 398 sucessfully passed !
	Initialyzed swapped data for i = 200, j = 399 sucessfully passed !
	Initialyzed swapped data for i = 200, j = 400 sucessfully passed !
	Initialyzed swapped data for i = 200, j = 401 sucessfully passed !
	Initialyzed swapped data for i = 200, j = 402 sucessfully passed !
	Initialyzed swapped data for i = 200, j = 403 sucessfully passed !
	Initialyzed swapped data for i = 200, j = 404 sucessfully passed !
	Initialyzed swapped data for i = 200, j = 405 sucessfully passed !
	Initialyzed swapped data for i = 200, j = 406 sucessfully passed !
	Initialyzed swapped data for i = 200, j = 407 sucessfully passed !
	Initialyzed swapped data for i = 200, j = 408 sucessfully passed !
	Initialyzed swapped data for i = 200, j = 409 sucessfully passed !
	Initialyzed swapped data for i = 200, j = 410 sucessfully passed !
	Initialyzed swapped data for i = 200, j = 411 sucessfully passed !
	Initialyzed swapped data for i = 200, j = 412 sucessfully passed !
	Initialyzed swapped data for i = 200, j = 413 sucessfully passed !
	Initialyzed swapped data for i = 200, j = 414 sucessfully passed !
	Initialyzed swapped data for i = 200, j = 415 sucessfully passed !
	Initialyzed swapped data for i = 200, j = 416 sucessfully passed !
	Initialyzed swapped data for i = 200, j = 417 sucessfully passed !
	Initialyzed swapped data for i = 200, j = 418 sucessfully passed !
	Initialyzed swapped data for i = 200, j = 419 sucessfully passed !
	Initialyzed swapped data for i = 200, j = 420 sucessfully passed !
	Initialyzed swapped data for i = 200, j = 421 sucessfully passed !
	Initialyzed swapped data for i = 200, j = 422 sucessfully passed !
	Initialyzed swapped data for i = 200, j = 423 sucessfully passed !
	Initialyzed swapped data for i = 200, j = 424 sucessfully passed !
	Initialyzed swapped data for i = 200, j = 425 sucessfully passed !
	Initialyzed swapped data for i = 200, j = 426 sucessfully passed !
	Initialyzed swapped data for i = 200, j = 427 sucessfully passed !
	Initialyzed swapped data for i = 200, j = 428 sucessfully passed !
	Initialyzed swapped data for i = 200, j = 429 sucessfully passed !
	Initialyzed swapped data for i = 200, j = 430 sucessfully passed !
	Initialyzed swapped data for i = 200, j = 431 sucessfully passed !
	Initialyzed swapped data for i = 200, j = 432 sucessfully passed !
	Initialyzed swapped data for i = 200, j = 433 sucessfully passed !
	Initialyzed swapped data for i = 201, j = 202 sucessfully passed !
	Initialyzed swapped data for i = 201, j = 203 sucessfully passed !
	Initialyzed swapped data for i = 201, j = 204 sucessfully passed !
	Initialyzed swapped data for i = 201, j = 205 sucessfully passed !
	Initialyzed swapped data for i = 201, j = 206 sucessfully passed !
	Initialyzed swapped data for i = 201, j = 207 sucessfully passed !
	Initialyzed swapped data for i = 201, j = 208 sucessfully passed !
	Initialyzed swapped data for i = 201, j = 209 sucessfully passed !
	Initialyzed swapped data for i = 201, j = 210 sucessfully passed !
	Initialyzed swapped data for i = 201, j = 211 sucessfully passed !
	Initialyzed swapped data for i = 201, j = 212 sucessfully passed !
	Initialyzed swapped data for i = 201, j = 213 sucessfully passed !
	Initialyzed swapped data for i = 201, j = 214 sucessfully passed !
	Initialyzed swapped data for i = 201, j = 215 sucessfully passed !
	Initialyzed swapped data for i = 201, j = 216 sucessfully passed !
	Initialyzed swapped data for i = 201, j = 217 sucessfully passed !
	Initialyzed swapped data for i = 201, j = 218 sucessfully passed !
	Initialyzed swapped data for i = 201, j = 219 sucessfully passed !
	Initialyzed swapped data for i = 201, j = 220 sucessfully passed !
	Initialyzed swapped data for i = 201, j = 221 sucessfully passed !
	Initialyzed swapped data for i = 201, j = 222 sucessfully passed !
	Initialyzed swapped data for i = 201, j = 223 sucessfully passed !
	Initialyzed swapped data for i = 201, j = 224 sucessfully passed !
	Initialyzed swapped data for i = 201, j = 225 sucessfully passed !
	Initialyzed swapped data for i = 201, j = 226 sucessfully passed !
	Initialyzed swapped data for i = 201, j = 227 sucessfully passed !
	Initialyzed swapped data for i = 201, j = 228 sucessfully passed !
	Initialyzed swapped data for i = 201, j = 229 sucessfully passed !
	Initialyzed swapped data for i = 201, j = 230 sucessfully passed !
	Initialyzed swapped data for i = 201, j = 231 sucessfully passed !
	Initialyzed swapped data for i = 201, j = 232 sucessfully passed !
	Initialyzed swapped data for i = 201, j = 233 sucessfully passed !
	Initialyzed swapped data for i = 201, j = 234 sucessfully passed !
	Initialyzed swapped data for i = 201, j = 235 sucessfully passed !
	Initialyzed swapped data for i = 201, j = 236 sucessfully passed !
	Initialyzed swapped data for i = 201, j = 237 sucessfully passed !
	Initialyzed swapped data for i = 201, j = 238 sucessfully passed !
	Initialyzed swapped data for i = 201, j = 239 sucessfully passed !
	Initialyzed swapped data for i = 201, j = 240 sucessfully passed !
	Initialyzed swapped data for i = 201, j = 241 sucessfully passed !
	Initialyzed swapped data for i = 201, j = 242 sucessfully passed !
	Initialyzed swapped data for i = 201, j = 243 sucessfully passed !
	Initialyzed swapped data for i = 201, j = 244 sucessfully passed !
	Initialyzed swapped data for i = 201, j = 245 sucessfully passed !
	Initialyzed swapped data for i = 201, j = 246 sucessfully passed !
	Initialyzed swapped data for i = 201, j = 247 sucessfully passed !
	Initialyzed swapped data for i = 201, j = 248 sucessfully passed !
	Initialyzed swapped data for i = 201, j = 249 sucessfully passed !
	Initialyzed swapped data for i = 201, j = 250 sucessfully passed !
	Initialyzed swapped data for i = 201, j = 251 sucessfully passed !
	Initialyzed swapped data for i = 201, j = 252 sucessfully passed !
	Initialyzed swapped data for i = 201, j = 253 sucessfully passed !
	Initialyzed swapped data for i = 201, j = 254 sucessfully passed !
	Initialyzed swapped data for i = 201, j = 255 sucessfully passed !
	Initialyzed swapped data for i = 201, j = 256 sucessfully passed !
	Initialyzed swapped data for i = 201, j = 257 sucessfully passed !
	Initialyzed swapped data for i = 201, j = 258 sucessfully passed !
	Initialyzed swapped data for i = 201, j = 259 sucessfully passed !
	Initialyzed swapped data for i = 201, j = 260 sucessfully passed !
	Initialyzed swapped data for i = 201, j = 261 sucessfully passed !
	Initialyzed swapped data for i = 201, j = 262 sucessfully passed !
	Initialyzed swapped data for i = 201, j = 263 sucessfully passed !
	Initialyzed swapped data for i = 201, j = 264 sucessfully passed !
	Initialyzed swapped data for i = 201, j = 265 sucessfully passed !
	Initialyzed swapped data for i = 201, j = 266 sucessfully passed !
	Initialyzed swapped data for i = 201, j = 267 sucessfully passed !
	Initialyzed swapped data for i = 201, j = 268 sucessfully passed !
	Initialyzed swapped data for i = 201, j = 269 sucessfully passed !
	Initialyzed swapped data for i = 201, j = 270 sucessfully passed !
	Initialyzed swapped data for i = 201, j = 271 sucessfully passed !
	Initialyzed swapped data for i = 201, j = 272 sucessfully passed !
	Initialyzed swapped data for i = 201, j = 273 sucessfully passed !
	Initialyzed swapped data for i = 201, j = 274 sucessfully passed !
	Initialyzed swapped data for i = 201, j = 275 sucessfully passed !
	Initialyzed swapped data for i = 201, j = 276 sucessfully passed !
	Initialyzed swapped data for i = 201, j = 277 sucessfully passed !
	Initialyzed swapped data for i = 201, j = 278 sucessfully passed !
	Initialyzed swapped data for i = 201, j = 279 sucessfully passed !
	Initialyzed swapped data for i = 201, j = 280 sucessfully passed !
	Initialyzed swapped data for i = 201, j = 281 sucessfully passed !
	Initialyzed swapped data for i = 201, j = 282 sucessfully passed !
	Initialyzed swapped data for i = 201, j = 283 sucessfully passed !
	Initialyzed swapped data for i = 201, j = 284 sucessfully passed !
	Initialyzed swapped data for i = 201, j = 285 sucessfully passed !
	Initialyzed swapped data for i = 201, j = 286 sucessfully passed !
	Initialyzed swapped data for i = 201, j = 287 sucessfully passed !
	Initialyzed swapped data for i = 201, j = 288 sucessfully passed !
	Initialyzed swapped data for i = 201, j = 289 sucessfully passed !
	Initialyzed swapped data for i = 201, j = 290 sucessfully passed !
	Initialyzed swapped data for i = 201, j = 291 sucessfully passed !
	Initialyzed swapped data for i = 201, j = 292 sucessfully passed !
	Initialyzed swapped data for i = 201, j = 293 sucessfully passed !
	Initialyzed swapped data for i = 201, j = 294 sucessfully passed !
	Initialyzed swapped data for i = 201, j = 295 sucessfully passed !
	Initialyzed swapped data for i = 201, j = 296 sucessfully passed !
	Initialyzed swapped data for i = 201, j = 297 sucessfully passed !
	Initialyzed swapped data for i = 201, j = 298 sucessfully passed !
	Initialyzed swapped data for i = 201, j = 299 sucessfully passed !
	Initialyzed swapped data for i = 201, j = 300 sucessfully passed !
	Initialyzed swapped data for i = 201, j = 301 sucessfully passed !
	Initialyzed swapped data for i = 201, j = 302 sucessfully passed !
	Initialyzed swapped data for i = 201, j = 303 sucessfully passed !
	Initialyzed swapped data for i = 201, j = 304 sucessfully passed !
	Initialyzed swapped data for i = 201, j = 305 sucessfully passed !
	Initialyzed swapped data for i = 201, j = 306 sucessfully passed !
	Initialyzed swapped data for i = 201, j = 307 sucessfully passed !
	Initialyzed swapped data for i = 201, j = 308 sucessfully passed !
	Initialyzed swapped data for i = 201, j = 309 sucessfully passed !
	Initialyzed swapped data for i = 201, j = 310 sucessfully passed !
	Initialyzed swapped data for i = 201, j = 311 sucessfully passed !
	Initialyzed swapped data for i = 201, j = 312 sucessfully passed !
	Initialyzed swapped data for i = 201, j = 313 sucessfully passed !
	Initialyzed swapped data for i = 201, j = 314 sucessfully passed !
	Initialyzed swapped data for i = 201, j = 315 sucessfully passed !
	Initialyzed swapped data for i = 201, j = 316 sucessfully passed !
	Initialyzed swapped data for i = 201, j = 317 sucessfully passed !
	Initialyzed swapped data for i = 201, j = 318 sucessfully passed !
	Initialyzed swapped data for i = 201, j = 319 sucessfully passed !
	Initialyzed swapped data for i = 201, j = 320 sucessfully passed !
	Initialyzed swapped data for i = 201, j = 321 sucessfully passed !
	Initialyzed swapped data for i = 201, j = 322 sucessfully passed !
	Initialyzed swapped data for i = 201, j = 323 sucessfully passed !
	Initialyzed swapped data for i = 201, j = 324 sucessfully passed !
	Initialyzed swapped data for i = 201, j = 325 sucessfully passed !
	Initialyzed swapped data for i = 201, j = 326 sucessfully passed !
	Initialyzed swapped data for i = 201, j = 327 sucessfully passed !
	Initialyzed swapped data for i = 201, j = 328 sucessfully passed !
	Initialyzed swapped data for i = 201, j = 329 sucessfully passed !
	Initialyzed swapped data for i = 201, j = 330 sucessfully passed !
	Initialyzed swapped data for i = 201, j = 331 sucessfully passed !
	Initialyzed swapped data for i = 201, j = 332 sucessfully passed !
	Initialyzed swapped data for i = 201, j = 333 sucessfully passed !
	Initialyzed swapped data for i = 201, j = 334 sucessfully passed !
	Initialyzed swapped data for i = 201, j = 335 sucessfully passed !
	Initialyzed swapped data for i = 201, j = 336 sucessfully passed !
	Initialyzed swapped data for i = 201, j = 337 sucessfully passed !
	Initialyzed swapped data for i = 201, j = 338 sucessfully passed !
	Initialyzed swapped data for i = 201, j = 339 sucessfully passed !
	Initialyzed swapped data for i = 201, j = 340 sucessfully passed !
	Initialyzed swapped data for i = 201, j = 341 sucessfully passed !
	Initialyzed swapped data for i = 201, j = 342 sucessfully passed !
	Initialyzed swapped data for i = 201, j = 343 sucessfully passed !
	Initialyzed swapped data for i = 201, j = 344 sucessfully passed !
	Initialyzed swapped data for i = 201, j = 345 sucessfully passed !
	Initialyzed swapped data for i = 201, j = 346 sucessfully passed !
	Initialyzed swapped data for i = 201, j = 347 sucessfully passed !
	Initialyzed swapped data for i = 201, j = 348 sucessfully passed !
	Initialyzed swapped data for i = 201, j = 349 sucessfully passed !
	Initialyzed swapped data for i = 201, j = 350 sucessfully passed !
	Initialyzed swapped data for i = 201, j = 351 sucessfully passed !
	Initialyzed swapped data for i = 201, j = 352 sucessfully passed !
	Initialyzed swapped data for i = 201, j = 353 sucessfully passed !
	Initialyzed swapped data for i = 201, j = 354 sucessfully passed !
	Initialyzed swapped data for i = 201, j = 355 sucessfully passed !
	Initialyzed swapped data for i = 201, j = 356 sucessfully passed !
	Initialyzed swapped data for i = 201, j = 357 sucessfully passed !
	Initialyzed swapped data for i = 201, j = 358 sucessfully passed !
	Initialyzed swapped data for i = 201, j = 359 sucessfully passed !
	Initialyzed swapped data for i = 201, j = 360 sucessfully passed !
	Initialyzed swapped data for i = 201, j = 361 sucessfully passed !
	Initialyzed swapped data for i = 201, j = 362 sucessfully passed !
	Initialyzed swapped data for i = 201, j = 363 sucessfully passed !
	Initialyzed swapped data for i = 201, j = 364 sucessfully passed !
	Initialyzed swapped data for i = 201, j = 365 sucessfully passed !
	Initialyzed swapped data for i = 201, j = 366 sucessfully passed !
	Initialyzed swapped data for i = 201, j = 367 sucessfully passed !
	Initialyzed swapped data for i = 201, j = 368 sucessfully passed !
	Initialyzed swapped data for i = 201, j = 369 sucessfully passed !
	Initialyzed swapped data for i = 201, j = 370 sucessfully passed !
	Initialyzed swapped data for i = 201, j = 371 sucessfully passed !
	Initialyzed swapped data for i = 201, j = 372 sucessfully passed !
	Initialyzed swapped data for i = 201, j = 373 sucessfully passed !
	Initialyzed swapped data for i = 201, j = 374 sucessfully passed !
	Initialyzed swapped data for i = 201, j = 375 sucessfully passed !
	Initialyzed swapped data for i = 201, j = 376 sucessfully passed !
	Initialyzed swapped data for i = 201, j = 377 sucessfully passed !
	Initialyzed swapped data for i = 201, j = 378 sucessfully passed !
	Initialyzed swapped data for i = 201, j = 379 sucessfully passed !
	Initialyzed swapped data for i = 201, j = 380 sucessfully passed !
	Initialyzed swapped data for i = 201, j = 381 sucessfully passed !
	Initialyzed swapped data for i = 201, j = 382 sucessfully passed !
	Initialyzed swapped data for i = 201, j = 383 sucessfully passed !
	Initialyzed swapped data for i = 201, j = 384 sucessfully passed !
	Initialyzed swapped data for i = 201, j = 385 sucessfully passed !
	Initialyzed swapped data for i = 201, j = 386 sucessfully passed !
	Initialyzed swapped data for i = 201, j = 387 sucessfully passed !
	Initialyzed swapped data for i = 201, j = 388 sucessfully passed !
	Initialyzed swapped data for i = 201, j = 389 sucessfully passed !
	Initialyzed swapped data for i = 201, j = 390 sucessfully passed !
	Initialyzed swapped data for i = 201, j = 391 sucessfully passed !
	Initialyzed swapped data for i = 201, j = 392 sucessfully passed !
	Initialyzed swapped data for i = 201, j = 393 sucessfully passed !
	Initialyzed swapped data for i = 201, j = 394 sucessfully passed !
	Initialyzed swapped data for i = 201, j = 395 sucessfully passed !
	Initialyzed swapped data for i = 201, j = 396 sucessfully passed !
	Initialyzed swapped data for i = 201, j = 397 sucessfully passed !
	Initialyzed swapped data for i = 201, j = 398 sucessfully passed !
	Initialyzed swapped data for i = 201, j = 399 sucessfully passed !
	Initialyzed swapped data for i = 201, j = 400 sucessfully passed !
	Initialyzed swapped data for i = 201, j = 401 sucessfully passed !
	Initialyzed swapped data for i = 201, j = 402 sucessfully passed !
	Initialyzed swapped data for i = 201, j = 403 sucessfully passed !
	Initialyzed swapped data for i = 201, j = 404 sucessfully passed !
	Initialyzed swapped data for i = 201, j = 405 sucessfully passed !
	Initialyzed swapped data for i = 201, j = 406 sucessfully passed !
	Initialyzed swapped data for i = 201, j = 407 sucessfully passed !
	Initialyzed swapped data for i = 201, j = 408 sucessfully passed !
	Initialyzed swapped data for i = 201, j = 409 sucessfully passed !
	Initialyzed swapped data for i = 201, j = 410 sucessfully passed !
	Initialyzed swapped data for i = 201, j = 411 sucessfully passed !
	Initialyzed swapped data for i = 201, j = 412 sucessfully passed !
	Initialyzed swapped data for i = 201, j = 413 sucessfully passed !
	Initialyzed swapped data for i = 201, j = 414 sucessfully passed !
	Initialyzed swapped data for i = 201, j = 415 sucessfully passed !
	Initialyzed swapped data for i = 201, j = 416 sucessfully passed !
	Initialyzed swapped data for i = 201, j = 417 sucessfully passed !
	Initialyzed swapped data for i = 201, j = 418 sucessfully passed !
	Initialyzed swapped data for i = 201, j = 419 sucessfully passed !
	Initialyzed swapped data for i = 201, j = 420 sucessfully passed !
	Initialyzed swapped data for i = 201, j = 421 sucessfully passed !
	Initialyzed swapped data for i = 201, j = 422 sucessfully passed !
	Initialyzed swapped data for i = 201, j = 423 sucessfully passed !
	Initialyzed swapped data for i = 201, j = 424 sucessfully passed !
	Initialyzed swapped data for i = 201, j = 425 sucessfully passed !
	Initialyzed swapped data for i = 201, j = 426 sucessfully passed !
	Initialyzed swapped data for i = 201, j = 427 sucessfully passed !
	Initialyzed swapped data for i = 201, j = 428 sucessfully passed !
	Initialyzed swapped data for i = 201, j = 429 sucessfully passed !
	Initialyzed swapped data for i = 201, j = 430 sucessfully passed !
	Initialyzed swapped data for i = 201, j = 431 sucessfully passed !
	Initialyzed swapped data for i = 201, j = 432 sucessfully passed !
	Initialyzed swapped data for i = 201, j = 433 sucessfully passed !
	Initialyzed swapped data for i = 202, j = 203 sucessfully passed !
	Initialyzed swapped data for i = 202, j = 204 sucessfully passed !
	Initialyzed swapped data for i = 202, j = 205 sucessfully passed !
	Initialyzed swapped data for i = 202, j = 206 sucessfully passed !
	Initialyzed swapped data for i = 202, j = 207 sucessfully passed !
	Initialyzed swapped data for i = 202, j = 208 sucessfully passed !
	Initialyzed swapped data for i = 202, j = 209 sucessfully passed !
	Initialyzed swapped data for i = 202, j = 210 sucessfully passed !
	Initialyzed swapped data for i = 202, j = 211 sucessfully passed !
	Initialyzed swapped data for i = 202, j = 212 sucessfully passed !
	Initialyzed swapped data for i = 202, j = 213 sucessfully passed !
	Initialyzed swapped data for i = 202, j = 214 sucessfully passed !
	Initialyzed swapped data for i = 202, j = 215 sucessfully passed !
	Initialyzed swapped data for i = 202, j = 216 sucessfully passed !
	Initialyzed swapped data for i = 202, j = 217 sucessfully passed !
	Initialyzed swapped data for i = 202, j = 218 sucessfully passed !
	Initialyzed swapped data for i = 202, j = 219 sucessfully passed !
	Initialyzed swapped data for i = 202, j = 220 sucessfully passed !
	Initialyzed swapped data for i = 202, j = 221 sucessfully passed !
	Initialyzed swapped data for i = 202, j = 222 sucessfully passed !
	Initialyzed swapped data for i = 202, j = 223 sucessfully passed !
	Initialyzed swapped data for i = 202, j = 224 sucessfully passed !
	Initialyzed swapped data for i = 202, j = 225 sucessfully passed !
	Initialyzed swapped data for i = 202, j = 226 sucessfully passed !
	Initialyzed swapped data for i = 202, j = 227 sucessfully passed !
	Initialyzed swapped data for i = 202, j = 228 sucessfully passed !
	Initialyzed swapped data for i = 202, j = 229 sucessfully passed !
	Initialyzed swapped data for i = 202, j = 230 sucessfully passed !
	Initialyzed swapped data for i = 202, j = 231 sucessfully passed !
	Initialyzed swapped data for i = 202, j = 232 sucessfully passed !
	Initialyzed swapped data for i = 202, j = 233 sucessfully passed !
	Initialyzed swapped data for i = 202, j = 234 sucessfully passed !
	Initialyzed swapped data for i = 202, j = 235 sucessfully passed !
	Initialyzed swapped data for i = 202, j = 236 sucessfully passed !
	Initialyzed swapped data for i = 202, j = 237 sucessfully passed !
	Initialyzed swapped data for i = 202, j = 238 sucessfully passed !
	Initialyzed swapped data for i = 202, j = 239 sucessfully passed !
	Initialyzed swapped data for i = 202, j = 240 sucessfully passed !
	Initialyzed swapped data for i = 202, j = 241 sucessfully passed !
	Initialyzed swapped data for i = 202, j = 242 sucessfully passed !
	Initialyzed swapped data for i = 202, j = 243 sucessfully passed !
	Initialyzed swapped data for i = 202, j = 244 sucessfully passed !
	Initialyzed swapped data for i = 202, j = 245 sucessfully passed !
	Initialyzed swapped data for i = 202, j = 246 sucessfully passed !
	Initialyzed swapped data for i = 202, j = 247 sucessfully passed !
	Initialyzed swapped data for i = 202, j = 248 sucessfully passed !
	Initialyzed swapped data for i = 202, j = 249 sucessfully passed !
	Initialyzed swapped data for i = 202, j = 250 sucessfully passed !
	Initialyzed swapped data for i = 202, j = 251 sucessfully passed !
	Initialyzed swapped data for i = 202, j = 252 sucessfully passed !
	Initialyzed swapped data for i = 202, j = 253 sucessfully passed !
	Initialyzed swapped data for i = 202, j = 254 sucessfully passed !
	Initialyzed swapped data for i = 202, j = 255 sucessfully passed !
	Initialyzed swapped data for i = 202, j = 256 sucessfully passed !
	Initialyzed swapped data for i = 202, j = 257 sucessfully passed !
	Initialyzed swapped data for i = 202, j = 258 sucessfully passed !
	Initialyzed swapped data for i = 202, j = 259 sucessfully passed !
	Initialyzed swapped data for i = 202, j = 260 sucessfully passed !
	Initialyzed swapped data for i = 202, j = 261 sucessfully passed !
	Initialyzed swapped data for i = 202, j = 262 sucessfully passed !
	Initialyzed swapped data for i = 202, j = 263 sucessfully passed !
	Initialyzed swapped data for i = 202, j = 264 sucessfully passed !
	Initialyzed swapped data for i = 202, j = 265 sucessfully passed !
	Initialyzed swapped data for i = 202, j = 266 sucessfully passed !
	Initialyzed swapped data for i = 202, j = 267 sucessfully passed !
	Initialyzed swapped data for i = 202, j = 268 sucessfully passed !
	Initialyzed swapped data for i = 202, j = 269 sucessfully passed !
	Initialyzed swapped data for i = 202, j = 270 sucessfully passed !
	Initialyzed swapped data for i = 202, j = 271 sucessfully passed !
	Initialyzed swapped data for i = 202, j = 272 sucessfully passed !
	Initialyzed swapped data for i = 202, j = 273 sucessfully passed !
	Initialyzed swapped data for i = 202, j = 274 sucessfully passed !
	Initialyzed swapped data for i = 202, j = 275 sucessfully passed !
	Initialyzed swapped data for i = 202, j = 276 sucessfully passed !
	Initialyzed swapped data for i = 202, j = 277 sucessfully passed !
	Initialyzed swapped data for i = 202, j = 278 sucessfully passed !
	Initialyzed swapped data for i = 202, j = 279 sucessfully passed !
	Initialyzed swapped data for i = 202, j = 280 sucessfully passed !
	Initialyzed swapped data for i = 202, j = 281 sucessfully passed !
	Initialyzed swapped data for i = 202, j = 282 sucessfully passed !
	Initialyzed swapped data for i = 202, j = 283 sucessfully passed !
	Initialyzed swapped data for i = 202, j = 284 sucessfully passed !
	Initialyzed swapped data for i = 202, j = 285 sucessfully passed !
	Initialyzed swapped data for i = 202, j = 286 sucessfully passed !
	Initialyzed swapped data for i = 202, j = 287 sucessfully passed !
	Initialyzed swapped data for i = 202, j = 288 sucessfully passed !
	Initialyzed swapped data for i = 202, j = 289 sucessfully passed !
	Initialyzed swapped data for i = 202, j = 290 sucessfully passed !
	Initialyzed swapped data for i = 202, j = 291 sucessfully passed !
	Initialyzed swapped data for i = 202, j = 292 sucessfully passed !
	Initialyzed swapped data for i = 202, j = 293 sucessfully passed !
	Initialyzed swapped data for i = 202, j = 294 sucessfully passed !
	Initialyzed swapped data for i = 202, j = 295 sucessfully passed !
	Initialyzed swapped data for i = 202, j = 296 sucessfully passed !
	Initialyzed swapped data for i = 202, j = 297 sucessfully passed !
	Initialyzed swapped data for i = 202, j = 298 sucessfully passed !
	Initialyzed swapped data for i = 202, j = 299 sucessfully passed !
	Initialyzed swapped data for i = 202, j = 300 sucessfully passed !
	Initialyzed swapped data for i = 202, j = 301 sucessfully passed !
	Initialyzed swapped data for i = 202, j = 302 sucessfully passed !
	Initialyzed swapped data for i = 202, j = 303 sucessfully passed !
	Initialyzed swapped data for i = 202, j = 304 sucessfully passed !
	Initialyzed swapped data for i = 202, j = 305 sucessfully passed !
	Initialyzed swapped data for i = 202, j = 306 sucessfully passed !
	Initialyzed swapped data for i = 202, j = 307 sucessfully passed !
	Initialyzed swapped data for i = 202, j = 308 sucessfully passed !
	Initialyzed swapped data for i = 202, j = 309 sucessfully passed !
	Initialyzed swapped data for i = 202, j = 310 sucessfully passed !
	Initialyzed swapped data for i = 202, j = 311 sucessfully passed !
	Initialyzed swapped data for i = 202, j = 312 sucessfully passed !
	Initialyzed swapped data for i = 202, j = 313 sucessfully passed !
	Initialyzed swapped data for i = 202, j = 314 sucessfully passed !
	Initialyzed swapped data for i = 202, j = 315 sucessfully passed !
	Initialyzed swapped data for i = 202, j = 316 sucessfully passed !
	Initialyzed swapped data for i = 202, j = 317 sucessfully passed !
	Initialyzed swapped data for i = 202, j = 318 sucessfully passed !
	Initialyzed swapped data for i = 202, j = 319 sucessfully passed !
	Initialyzed swapped data for i = 202, j = 320 sucessfully passed !
	Initialyzed swapped data for i = 202, j = 321 sucessfully passed !
	Initialyzed swapped data for i = 202, j = 322 sucessfully passed !
	Initialyzed swapped data for i = 202, j = 323 sucessfully passed !
	Initialyzed swapped data for i = 202, j = 324 sucessfully passed !
	Initialyzed swapped data for i = 202, j = 325 sucessfully passed !
	Initialyzed swapped data for i = 202, j = 326 sucessfully passed !
	Initialyzed swapped data for i = 202, j = 327 sucessfully passed !
	Initialyzed swapped data for i = 202, j = 328 sucessfully passed !
	Initialyzed swapped data for i = 202, j = 329 sucessfully passed !
	Initialyzed swapped data for i = 202, j = 330 sucessfully passed !
	Initialyzed swapped data for i = 202, j = 331 sucessfully passed !
	Initialyzed swapped data for i = 202, j = 332 sucessfully passed !
	Initialyzed swapped data for i = 202, j = 333 sucessfully passed !
	Initialyzed swapped data for i = 202, j = 334 sucessfully passed !
	Initialyzed swapped data for i = 202, j = 335 sucessfully passed !
	Initialyzed swapped data for i = 202, j = 336 sucessfully passed !
	Initialyzed swapped data for i = 202, j = 337 sucessfully passed !
	Initialyzed swapped data for i = 202, j = 338 sucessfully passed !
	Initialyzed swapped data for i = 202, j = 339 sucessfully passed !
	Initialyzed swapped data for i = 202, j = 340 sucessfully passed !
	Initialyzed swapped data for i = 202, j = 341 sucessfully passed !
	Initialyzed swapped data for i = 202, j = 342 sucessfully passed !
	Initialyzed swapped data for i = 202, j = 343 sucessfully passed !
	Initialyzed swapped data for i = 202, j = 344 sucessfully passed !
	Initialyzed swapped data for i = 202, j = 345 sucessfully passed !
	Initialyzed swapped data for i = 202, j = 346 sucessfully passed !
	Initialyzed swapped data for i = 202, j = 347 sucessfully passed !
	Initialyzed swapped data for i = 202, j = 348 sucessfully passed !
	Initialyzed swapped data for i = 202, j = 349 sucessfully passed !
	Initialyzed swapped data for i = 202, j = 350 sucessfully passed !
	Initialyzed swapped data for i = 202, j = 351 sucessfully passed !
	Initialyzed swapped data for i = 202, j = 352 sucessfully passed !
	Initialyzed swapped data for i = 202, j = 353 sucessfully passed !
	Initialyzed swapped data for i = 202, j = 354 sucessfully passed !
	Initialyzed swapped data for i = 202, j = 355 sucessfully passed !
	Initialyzed swapped data for i = 202, j = 356 sucessfully passed !
	Initialyzed swapped data for i = 202, j = 357 sucessfully passed !
	Initialyzed swapped data for i = 202, j = 358 sucessfully passed !
	Initialyzed swapped data for i = 202, j = 359 sucessfully passed !
	Initialyzed swapped data for i = 202, j = 360 sucessfully passed !
	Initialyzed swapped data for i = 202, j = 361 sucessfully passed !
	Initialyzed swapped data for i = 202, j = 362 sucessfully passed !
	Initialyzed swapped data for i = 202, j = 363 sucessfully passed !
	Initialyzed swapped data for i = 202, j = 364 sucessfully passed !
	Initialyzed swapped data for i = 202, j = 365 sucessfully passed !
	Initialyzed swapped data for i = 202, j = 366 sucessfully passed !
	Initialyzed swapped data for i = 202, j = 367 sucessfully passed !
	Initialyzed swapped data for i = 202, j = 368 sucessfully passed !
	Initialyzed swapped data for i = 202, j = 369 sucessfully passed !
	Initialyzed swapped data for i = 202, j = 370 sucessfully passed !
	Initialyzed swapped data for i = 202, j = 371 sucessfully passed !
	Initialyzed swapped data for i = 202, j = 372 sucessfully passed !
	Initialyzed swapped data for i = 202, j = 373 sucessfully passed !
	Initialyzed swapped data for i = 202, j = 374 sucessfully passed !
	Initialyzed swapped data for i = 202, j = 375 sucessfully passed !
	Initialyzed swapped data for i = 202, j = 376 sucessfully passed !
	Initialyzed swapped data for i = 202, j = 377 sucessfully passed !
	Initialyzed swapped data for i = 202, j = 378 sucessfully passed !
	Initialyzed swapped data for i = 202, j = 379 sucessfully passed !
	Initialyzed swapped data for i = 202, j = 380 sucessfully passed !
	Initialyzed swapped data for i = 202, j = 381 sucessfully passed !
	Initialyzed swapped data for i = 202, j = 382 sucessfully passed !
	Initialyzed swapped data for i = 202, j = 383 sucessfully passed !
	Initialyzed swapped data for i = 202, j = 384 sucessfully passed !
	Initialyzed swapped data for i = 202, j = 385 sucessfully passed !
	Initialyzed swapped data for i = 202, j = 386 sucessfully passed !
	Initialyzed swapped data for i = 202, j = 387 sucessfully passed !
	Initialyzed swapped data for i = 202, j = 388 sucessfully passed !
	Initialyzed swapped data for i = 202, j = 389 sucessfully passed !
	Initialyzed swapped data for i = 202, j = 390 sucessfully passed !
	Initialyzed swapped data for i = 202, j = 391 sucessfully passed !
	Initialyzed swapped data for i = 202, j = 392 sucessfully passed !
	Initialyzed swapped data for i = 202, j = 393 sucessfully passed !
	Initialyzed swapped data for i = 202, j = 394 sucessfully passed !
	Initialyzed swapped data for i = 202, j = 395 sucessfully passed !
	Initialyzed swapped data for i = 202, j = 396 sucessfully passed !
	Initialyzed swapped data for i = 202, j = 397 sucessfully passed !
	Initialyzed swapped data for i = 202, j = 398 sucessfully passed !
	Initialyzed swapped data for i = 202, j = 399 sucessfully passed !
	Initialyzed swapped data for i = 202, j = 400 sucessfully passed !
	Initialyzed swapped data for i = 202, j = 401 sucessfully passed !
	Initialyzed swapped data for i = 202, j = 402 sucessfully passed !
	Initialyzed swapped data for i = 202, j = 403 sucessfully passed !
	Initialyzed swapped data for i = 202, j = 404 sucessfully passed !
	Initialyzed swapped data for i = 202, j = 405 sucessfully passed !
	Initialyzed swapped data for i = 202, j = 406 sucessfully passed !
	Initialyzed swapped data for i = 202, j = 407 sucessfully passed !
	Initialyzed swapped data for i = 202, j = 408 sucessfully passed !
	Initialyzed swapped data for i = 202, j = 409 sucessfully passed !
	Initialyzed swapped data for i = 202, j = 410 sucessfully passed !
	Initialyzed swapped data for i = 202, j = 411 sucessfully passed !
	Initialyzed swapped data for i = 202, j = 412 sucessfully passed !
	Initialyzed swapped data for i = 202, j = 413 sucessfully passed !
	Initialyzed swapped data for i = 202, j = 414 sucessfully passed !
	Initialyzed swapped data for i = 202, j = 415 sucessfully passed !
	Initialyzed swapped data for i = 202, j = 416 sucessfully passed !
	Initialyzed swapped data for i = 202, j = 417 sucessfully passed !
	Initialyzed swapped data for i = 202, j = 418 sucessfully passed !
	Initialyzed swapped data for i = 202, j = 419 sucessfully passed !
	Initialyzed swapped data for i = 202, j = 420 sucessfully passed !
	Initialyzed swapped data for i = 202, j = 421 sucessfully passed !
	Initialyzed swapped data for i = 202, j = 422 sucessfully passed !
	Initialyzed swapped data for i = 202, j = 423 sucessfully passed !
	Initialyzed swapped data for i = 202, j = 424 sucessfully passed !
	Initialyzed swapped data for i = 202, j = 425 sucessfully passed !
	Initialyzed swapped data for i = 202, j = 426 sucessfully passed !
	Initialyzed swapped data for i = 202, j = 427 sucessfully passed !
	Initialyzed swapped data for i = 202, j = 428 sucessfully passed !
	Initialyzed swapped data for i = 202, j = 429 sucessfully passed !
	Initialyzed swapped data for i = 202, j = 430 sucessfully passed !
	Initialyzed swapped data for i = 202, j = 431 sucessfully passed !
	Initialyzed swapped data for i = 202, j = 432 sucessfully passed !
	Initialyzed swapped data for i = 202, j = 433 sucessfully passed !
	Initialyzed swapped data for i = 203, j = 204 sucessfully passed !
	Initialyzed swapped data for i = 203, j = 205 sucessfully passed !
	Initialyzed swapped data for i = 203, j = 206 sucessfully passed !
	Initialyzed swapped data for i = 203, j = 207 sucessfully passed !
	Initialyzed swapped data for i = 203, j = 208 sucessfully passed !
	Initialyzed swapped data for i = 203, j = 209 sucessfully passed !
	Initialyzed swapped data for i = 203, j = 210 sucessfully passed !
	Initialyzed swapped data for i = 203, j = 211 sucessfully passed !
	Initialyzed swapped data for i = 203, j = 212 sucessfully passed !
	Initialyzed swapped data for i = 203, j = 213 sucessfully passed !
	Initialyzed swapped data for i = 203, j = 214 sucessfully passed !
	Initialyzed swapped data for i = 203, j = 215 sucessfully passed !
	Initialyzed swapped data for i = 203, j = 216 sucessfully passed !
	Initialyzed swapped data for i = 203, j = 217 sucessfully passed !
	Initialyzed swapped data for i = 203, j = 218 sucessfully passed !
	Initialyzed swapped data for i = 203, j = 219 sucessfully passed !
	Initialyzed swapped data for i = 203, j = 220 sucessfully passed !
	Initialyzed swapped data for i = 203, j = 221 sucessfully passed !
	Initialyzed swapped data for i = 203, j = 222 sucessfully passed !
	Initialyzed swapped data for i = 203, j = 223 sucessfully passed !
	Initialyzed swapped data for i = 203, j = 224 sucessfully passed !
	Initialyzed swapped data for i = 203, j = 225 sucessfully passed !
	Initialyzed swapped data for i = 203, j = 226 sucessfully passed !
	Initialyzed swapped data for i = 203, j = 227 sucessfully passed !
	Initialyzed swapped data for i = 203, j = 228 sucessfully passed !
	Initialyzed swapped data for i = 203, j = 229 sucessfully passed !
	Initialyzed swapped data for i = 203, j = 230 sucessfully passed !
	Initialyzed swapped data for i = 203, j = 231 sucessfully passed !
	Initialyzed swapped data for i = 203, j = 232 sucessfully passed !
	Initialyzed swapped data for i = 203, j = 233 sucessfully passed !
	Initialyzed swapped data for i = 203, j = 234 sucessfully passed !
	Initialyzed swapped data for i = 203, j = 235 sucessfully passed !
	Initialyzed swapped data for i = 203, j = 236 sucessfully passed !
	Initialyzed swapped data for i = 203, j = 237 sucessfully passed !
	Initialyzed swapped data for i = 203, j = 238 sucessfully passed !
	Initialyzed swapped data for i = 203, j = 239 sucessfully passed !
	Initialyzed swapped data for i = 203, j = 240 sucessfully passed !
	Initialyzed swapped data for i = 203, j = 241 sucessfully passed !
	Initialyzed swapped data for i = 203, j = 242 sucessfully passed !
	Initialyzed swapped data for i = 203, j = 243 sucessfully passed !
	Initialyzed swapped data for i = 203, j = 244 sucessfully passed !
	Initialyzed swapped data for i = 203, j = 245 sucessfully passed !
	Initialyzed swapped data for i = 203, j = 246 sucessfully passed !
	Initialyzed swapped data for i = 203, j = 247 sucessfully passed !
	Initialyzed swapped data for i = 203, j = 248 sucessfully passed !
	Initialyzed swapped data for i = 203, j = 249 sucessfully passed !
	Initialyzed swapped data for i = 203, j = 250 sucessfully passed !
	Initialyzed swapped data for i = 203, j = 251 sucessfully passed !
	Initialyzed swapped data for i = 203, j = 252 sucessfully passed !
	Initialyzed swapped data for i = 203, j = 253 sucessfully passed !
	Initialyzed swapped data for i = 203, j = 254 sucessfully passed !
	Initialyzed swapped data for i = 203, j = 255 sucessfully passed !
	Initialyzed swapped data for i = 203, j = 256 sucessfully passed !
	Initialyzed swapped data for i = 203, j = 257 sucessfully passed !
	Initialyzed swapped data for i = 203, j = 258 sucessfully passed !
	Initialyzed swapped data for i = 203, j = 259 sucessfully passed !
	Initialyzed swapped data for i = 203, j = 260 sucessfully passed !
	Initialyzed swapped data for i = 203, j = 261 sucessfully passed !
	Initialyzed swapped data for i = 203, j = 262 sucessfully passed !
	Initialyzed swapped data for i = 203, j = 263 sucessfully passed !
	Initialyzed swapped data for i = 203, j = 264 sucessfully passed !
	Initialyzed swapped data for i = 203, j = 265 sucessfully passed !
	Initialyzed swapped data for i = 203, j = 266 sucessfully passed !
	Initialyzed swapped data for i = 203, j = 267 sucessfully passed !
	Initialyzed swapped data for i = 203, j = 268 sucessfully passed !
	Initialyzed swapped data for i = 203, j = 269 sucessfully passed !
	Initialyzed swapped data for i = 203, j = 270 sucessfully passed !
	Initialyzed swapped data for i = 203, j = 271 sucessfully passed !
	Initialyzed swapped data for i = 203, j = 272 sucessfully passed !
	Initialyzed swapped data for i = 203, j = 273 sucessfully passed !
	Initialyzed swapped data for i = 203, j = 274 sucessfully passed !
	Initialyzed swapped data for i = 203, j = 275 sucessfully passed !
	Initialyzed swapped data for i = 203, j = 276 sucessfully passed !
	Initialyzed swapped data for i = 203, j = 277 sucessfully passed !
	Initialyzed swapped data for i = 203, j = 278 sucessfully passed !
	Initialyzed swapped data for i = 203, j = 279 sucessfully passed !
	Initialyzed swapped data for i = 203, j = 280 sucessfully passed !
	Initialyzed swapped data for i = 203, j = 281 sucessfully passed !
	Initialyzed swapped data for i = 203, j = 282 sucessfully passed !
	Initialyzed swapped data for i = 203, j = 283 sucessfully passed !
	Initialyzed swapped data for i = 203, j = 284 sucessfully passed !
	Initialyzed swapped data for i = 203, j = 285 sucessfully passed !
	Initialyzed swapped data for i = 203, j = 286 sucessfully passed !
	Initialyzed swapped data for i = 203, j = 287 sucessfully passed !
	Initialyzed swapped data for i = 203, j = 288 sucessfully passed !
	Initialyzed swapped data for i = 203, j = 289 sucessfully passed !
	Initialyzed swapped data for i = 203, j = 290 sucessfully passed !
	Initialyzed swapped data for i = 203, j = 291 sucessfully passed !
	Initialyzed swapped data for i = 203, j = 292 sucessfully passed !
	Initialyzed swapped data for i = 203, j = 293 sucessfully passed !
	Initialyzed swapped data for i = 203, j = 294 sucessfully passed !
	Initialyzed swapped data for i = 203, j = 295 sucessfully passed !
	Initialyzed swapped data for i = 203, j = 296 sucessfully passed !
	Initialyzed swapped data for i = 203, j = 297 sucessfully passed !
	Initialyzed swapped data for i = 203, j = 298 sucessfully passed !
	Initialyzed swapped data for i = 203, j = 299 sucessfully passed !
	Initialyzed swapped data for i = 203, j = 300 sucessfully passed !
	Initialyzed swapped data for i = 203, j = 301 sucessfully passed !
	Initialyzed swapped data for i = 203, j = 302 sucessfully passed !
	Initialyzed swapped data for i = 203, j = 303 sucessfully passed !
	Initialyzed swapped data for i = 203, j = 304 sucessfully passed !
	Initialyzed swapped data for i = 203, j = 305 sucessfully passed !
	Initialyzed swapped data for i = 203, j = 306 sucessfully passed !
	Initialyzed swapped data for i = 203, j = 307 sucessfully passed !
	Initialyzed swapped data for i = 203, j = 308 sucessfully passed !
	Initialyzed swapped data for i = 203, j = 309 sucessfully passed !
	Initialyzed swapped data for i = 203, j = 310 sucessfully passed !
	Initialyzed swapped data for i = 203, j = 311 sucessfully passed !
	Initialyzed swapped data for i = 203, j = 312 sucessfully passed !
	Initialyzed swapped data for i = 203, j = 313 sucessfully passed !
	Initialyzed swapped data for i = 203, j = 314 sucessfully passed !
	Initialyzed swapped data for i = 203, j = 315 sucessfully passed !
	Initialyzed swapped data for i = 203, j = 316 sucessfully passed !
	Initialyzed swapped data for i = 203, j = 317 sucessfully passed !
	Initialyzed swapped data for i = 203, j = 318 sucessfully passed !
	Initialyzed swapped data for i = 203, j = 319 sucessfully passed !
	Initialyzed swapped data for i = 203, j = 320 sucessfully passed !
	Initialyzed swapped data for i = 203, j = 321 sucessfully passed !
	Initialyzed swapped data for i = 203, j = 322 sucessfully passed !
	Initialyzed swapped data for i = 203, j = 323 sucessfully passed !
	Initialyzed swapped data for i = 203, j = 324 sucessfully passed !
	Initialyzed swapped data for i = 203, j = 325 sucessfully passed !
	Initialyzed swapped data for i = 203, j = 326 sucessfully passed !
	Initialyzed swapped data for i = 203, j = 327 sucessfully passed !
	Initialyzed swapped data for i = 203, j = 328 sucessfully passed !
	Initialyzed swapped data for i = 203, j = 329 sucessfully passed !
	Initialyzed swapped data for i = 203, j = 330 sucessfully passed !
	Initialyzed swapped data for i = 203, j = 331 sucessfully passed !
	Initialyzed swapped data for i = 203, j = 332 sucessfully passed !
	Initialyzed swapped data for i = 203, j = 333 sucessfully passed !
	Initialyzed swapped data for i = 203, j = 334 sucessfully passed !
	Initialyzed swapped data for i = 203, j = 335 sucessfully passed !
	Initialyzed swapped data for i = 203, j = 336 sucessfully passed !
	Initialyzed swapped data for i = 203, j = 337 sucessfully passed !
	Initialyzed swapped data for i = 203, j = 338 sucessfully passed !
	Initialyzed swapped data for i = 203, j = 339 sucessfully passed !
	Initialyzed swapped data for i = 203, j = 340 sucessfully passed !
	Initialyzed swapped data for i = 203, j = 341 sucessfully passed !
	Initialyzed swapped data for i = 203, j = 342 sucessfully passed !
	Initialyzed swapped data for i = 203, j = 343 sucessfully passed !
	Initialyzed swapped data for i = 203, j = 344 sucessfully passed !
	Initialyzed swapped data for i = 203, j = 345 sucessfully passed !
	Initialyzed swapped data for i = 203, j = 346 sucessfully passed !
	Initialyzed swapped data for i = 203, j = 347 sucessfully passed !
	Initialyzed swapped data for i = 203, j = 348 sucessfully passed !
	Initialyzed swapped data for i = 203, j = 349 sucessfully passed !
	Initialyzed swapped data for i = 203, j = 350 sucessfully passed !
	Initialyzed swapped data for i = 203, j = 351 sucessfully passed !
	Initialyzed swapped data for i = 203, j = 352 sucessfully passed !
	Initialyzed swapped data for i = 203, j = 353 sucessfully passed !
	Initialyzed swapped data for i = 203, j = 354 sucessfully passed !
	Initialyzed swapped data for i = 203, j = 355 sucessfully passed !
	Initialyzed swapped data for i = 203, j = 356 sucessfully passed !
	Initialyzed swapped data for i = 203, j = 357 sucessfully passed !
	Initialyzed swapped data for i = 203, j = 358 sucessfully passed !
	Initialyzed swapped data for i = 203, j = 359 sucessfully passed !
	Initialyzed swapped data for i = 203, j = 360 sucessfully passed !
	Initialyzed swapped data for i = 203, j = 361 sucessfully passed !
	Initialyzed swapped data for i = 203, j = 362 sucessfully passed !
	Initialyzed swapped data for i = 203, j = 363 sucessfully passed !
	Initialyzed swapped data for i = 203, j = 364 sucessfully passed !
	Initialyzed swapped data for i = 203, j = 365 sucessfully passed !
	Initialyzed swapped data for i = 203, j = 366 sucessfully passed !
	Initialyzed swapped data for i = 203, j = 367 sucessfully passed !
	Initialyzed swapped data for i = 203, j = 368 sucessfully passed !
	Initialyzed swapped data for i = 203, j = 369 sucessfully passed !
	Initialyzed swapped data for i = 203, j = 370 sucessfully passed !
	Initialyzed swapped data for i = 203, j = 371 sucessfully passed !
	Initialyzed swapped data for i = 203, j = 372 sucessfully passed !
	Initialyzed swapped data for i = 203, j = 373 sucessfully passed !
	Initialyzed swapped data for i = 203, j = 374 sucessfully passed !
	Initialyzed swapped data for i = 203, j = 375 sucessfully passed !
	Initialyzed swapped data for i = 203, j = 376 sucessfully passed !
	Initialyzed swapped data for i = 203, j = 377 sucessfully passed !
	Initialyzed swapped data for i = 203, j = 378 sucessfully passed !
	Initialyzed swapped data for i = 203, j = 379 sucessfully passed !
	Initialyzed swapped data for i = 203, j = 380 sucessfully passed !
	Initialyzed swapped data for i = 203, j = 381 sucessfully passed !
	Initialyzed swapped data for i = 203, j = 382 sucessfully passed !
	Initialyzed swapped data for i = 203, j = 383 sucessfully passed !
	Initialyzed swapped data for i = 203, j = 384 sucessfully passed !
	Initialyzed swapped data for i = 203, j = 385 sucessfully passed !
	Initialyzed swapped data for i = 203, j = 386 sucessfully passed !
	Initialyzed swapped data for i = 203, j = 387 sucessfully passed !
	Initialyzed swapped data for i = 203, j = 388 sucessfully passed !
	Initialyzed swapped data for i = 203, j = 389 sucessfully passed !
	Initialyzed swapped data for i = 203, j = 390 sucessfully passed !
	Initialyzed swapped data for i = 203, j = 391 sucessfully passed !
	Initialyzed swapped data for i = 203, j = 392 sucessfully passed !
	Initialyzed swapped data for i = 203, j = 393 sucessfully passed !
	Initialyzed swapped data for i = 203, j = 394 sucessfully passed !
	Initialyzed swapped data for i = 203, j = 395 sucessfully passed !
	Initialyzed swapped data for i = 203, j = 396 sucessfully passed !
	Initialyzed swapped data for i = 203, j = 397 sucessfully passed !
	Initialyzed swapped data for i = 203, j = 398 sucessfully passed !
	Initialyzed swapped data for i = 203, j = 399 sucessfully passed !
	Initialyzed swapped data for i = 203, j = 400 sucessfully passed !
	Initialyzed swapped data for i = 203, j = 401 sucessfully passed !
	Initialyzed swapped data for i = 203, j = 402 sucessfully passed !
	Initialyzed swapped data for i = 203, j = 403 sucessfully passed !
	Initialyzed swapped data for i = 203, j = 404 sucessfully passed !
	Initialyzed swapped data for i = 203, j = 405 sucessfully passed !
	Initialyzed swapped data for i = 203, j = 406 sucessfully passed !
	Initialyzed swapped data for i = 203, j = 407 sucessfully passed !
	Initialyzed swapped data for i = 203, j = 408 sucessfully passed !
	Initialyzed swapped data for i = 203, j = 409 sucessfully passed !
	Initialyzed swapped data for i = 203, j = 410 sucessfully passed !
	Initialyzed swapped data for i = 203, j = 411 sucessfully passed !
	Initialyzed swapped data for i = 203, j = 412 sucessfully passed !
	Initialyzed swapped data for i = 203, j = 413 sucessfully passed !
	Initialyzed swapped data for i = 203, j = 414 sucessfully passed !
	Initialyzed swapped data for i = 203, j = 415 sucessfully passed !
	Initialyzed swapped data for i = 203, j = 416 sucessfully passed !
	Initialyzed swapped data for i = 203, j = 417 sucessfully passed !
	Initialyzed swapped data for i = 203, j = 418 sucessfully passed !
	Initialyzed swapped data for i = 203, j = 419 sucessfully passed !
	Initialyzed swapped data for i = 203, j = 420 sucessfully passed !
	Initialyzed swapped data for i = 203, j = 421 sucessfully passed !
	Initialyzed swapped data for i = 203, j = 422 sucessfully passed !
	Initialyzed swapped data for i = 203, j = 423 sucessfully passed !
	Initialyzed swapped data for i = 203, j = 424 sucessfully passed !
	Initialyzed swapped data for i = 203, j = 425 sucessfully passed !
	Initialyzed swapped data for i = 203, j = 426 sucessfully passed !
	Initialyzed swapped data for i = 203, j = 427 sucessfully passed !
	Initialyzed swapped data for i = 203, j = 428 sucessfully passed !
	Initialyzed swapped data for i = 203, j = 429 sucessfully passed !
	Initialyzed swapped data for i = 203, j = 430 sucessfully passed !
	Initialyzed swapped data for i = 203, j = 431 sucessfully passed !
	Initialyzed swapped data for i = 203, j = 432 sucessfully passed !
	Initialyzed swapped data for i = 203, j = 433 sucessfully passed !
	Initialyzed swapped data for i = 204, j = 205 sucessfully passed !
	Initialyzed swapped data for i = 204, j = 206 sucessfully passed !
	Initialyzed swapped data for i = 204, j = 207 sucessfully passed !
	Initialyzed swapped data for i = 204, j = 208 sucessfully passed !
	Initialyzed swapped data for i = 204, j = 209 sucessfully passed !
	Initialyzed swapped data for i = 204, j = 210 sucessfully passed !
	Initialyzed swapped data for i = 204, j = 211 sucessfully passed !
	Initialyzed swapped data for i = 204, j = 212 sucessfully passed !
	Initialyzed swapped data for i = 204, j = 213 sucessfully passed !
	Initialyzed swapped data for i = 204, j = 214 sucessfully passed !
	Initialyzed swapped data for i = 204, j = 215 sucessfully passed !
	Initialyzed swapped data for i = 204, j = 216 sucessfully passed !
	Initialyzed swapped data for i = 204, j = 217 sucessfully passed !
	Initialyzed swapped data for i = 204, j = 218 sucessfully passed !
	Initialyzed swapped data for i = 204, j = 219 sucessfully passed !
	Initialyzed swapped data for i = 204, j = 220 sucessfully passed !
	Initialyzed swapped data for i = 204, j = 221 sucessfully passed !
	Initialyzed swapped data for i = 204, j = 222 sucessfully passed !
	Initialyzed swapped data for i = 204, j = 223 sucessfully passed !
	Initialyzed swapped data for i = 204, j = 224 sucessfully passed !
	Initialyzed swapped data for i = 204, j = 225 sucessfully passed !
	Initialyzed swapped data for i = 204, j = 226 sucessfully passed !
	Initialyzed swapped data for i = 204, j = 227 sucessfully passed !
	Initialyzed swapped data for i = 204, j = 228 sucessfully passed !
	Initialyzed swapped data for i = 204, j = 229 sucessfully passed !
	Initialyzed swapped data for i = 204, j = 230 sucessfully passed !
	Initialyzed swapped data for i = 204, j = 231 sucessfully passed !
	Initialyzed swapped data for i = 204, j = 232 sucessfully passed !
	Initialyzed swapped data for i = 204, j = 233 sucessfully passed !
	Initialyzed swapped data for i = 204, j = 234 sucessfully passed !
	Initialyzed swapped data for i = 204, j = 235 sucessfully passed !
	Initialyzed swapped data for i = 204, j = 236 sucessfully passed !
	Initialyzed swapped data for i = 204, j = 237 sucessfully passed !
	Initialyzed swapped data for i = 204, j = 238 sucessfully passed !
	Initialyzed swapped data for i = 204, j = 239 sucessfully passed !
	Initialyzed swapped data for i = 204, j = 240 sucessfully passed !
	Initialyzed swapped data for i = 204, j = 241 sucessfully passed !
	Initialyzed swapped data for i = 204, j = 242 sucessfully passed !
	Initialyzed swapped data for i = 204, j = 243 sucessfully passed !
	Initialyzed swapped data for i = 204, j = 244 sucessfully passed !
	Initialyzed swapped data for i = 204, j = 245 sucessfully passed !
	Initialyzed swapped data for i = 204, j = 246 sucessfully passed !
	Initialyzed swapped data for i = 204, j = 247 sucessfully passed !
	Initialyzed swapped data for i = 204, j = 248 sucessfully passed !
	Initialyzed swapped data for i = 204, j = 249 sucessfully passed !
	Initialyzed swapped data for i = 204, j = 250 sucessfully passed !
	Initialyzed swapped data for i = 204, j = 251 sucessfully passed !
	Initialyzed swapped data for i = 204, j = 252 sucessfully passed !
	Initialyzed swapped data for i = 204, j = 253 sucessfully passed !
	Initialyzed swapped data for i = 204, j = 254 sucessfully passed !
	Initialyzed swapped data for i = 204, j = 255 sucessfully passed !
	Initialyzed swapped data for i = 204, j = 256 sucessfully passed !
	Initialyzed swapped data for i = 204, j = 257 sucessfully passed !
	Initialyzed swapped data for i = 204, j = 258 sucessfully passed !
	Initialyzed swapped data for i = 204, j = 259 sucessfully passed !
	Initialyzed swapped data for i = 204, j = 260 sucessfully passed !
	Initialyzed swapped data for i = 204, j = 261 sucessfully passed !
	Initialyzed swapped data for i = 204, j = 262 sucessfully passed !
	Initialyzed swapped data for i = 204, j = 263 sucessfully passed !
	Initialyzed swapped data for i = 204, j = 264 sucessfully passed !
	Initialyzed swapped data for i = 204, j = 265 sucessfully passed !
	Initialyzed swapped data for i = 204, j = 266 sucessfully passed !
	Initialyzed swapped data for i = 204, j = 267 sucessfully passed !
	Initialyzed swapped data for i = 204, j = 268 sucessfully passed !
	Initialyzed swapped data for i = 204, j = 269 sucessfully passed !
	Initialyzed swapped data for i = 204, j = 270 sucessfully passed !
	Initialyzed swapped data for i = 204, j = 271 sucessfully passed !
	Initialyzed swapped data for i = 204, j = 272 sucessfully passed !
	Initialyzed swapped data for i = 204, j = 273 sucessfully passed !
	Initialyzed swapped data for i = 204, j = 274 sucessfully passed !
	Initialyzed swapped data for i = 204, j = 275 sucessfully passed !
	Initialyzed swapped data for i = 204, j = 276 sucessfully passed !
	Initialyzed swapped data for i = 204, j = 277 sucessfully passed !
	Initialyzed swapped data for i = 204, j = 278 sucessfully passed !
	Initialyzed swapped data for i = 204, j = 279 sucessfully passed !
	Initialyzed swapped data for i = 204, j = 280 sucessfully passed !
	Initialyzed swapped data for i = 204, j = 281 sucessfully passed !
	Initialyzed swapped data for i = 204, j = 282 sucessfully passed !
	Initialyzed swapped data for i = 204, j = 283 sucessfully passed !
	Initialyzed swapped data for i = 204, j = 284 sucessfully passed !
	Initialyzed swapped data for i = 204, j = 285 sucessfully passed !
	Initialyzed swapped data for i = 204, j = 286 sucessfully passed !
	Initialyzed swapped data for i = 204, j = 287 sucessfully passed !
	Initialyzed swapped data for i = 204, j = 288 sucessfully passed !
	Initialyzed swapped data for i = 204, j = 289 sucessfully passed !
	Initialyzed swapped data for i = 204, j = 290 sucessfully passed !
	Initialyzed swapped data for i = 204, j = 291 sucessfully passed !
	Initialyzed swapped data for i = 204, j = 292 sucessfully passed !
	Initialyzed swapped data for i = 204, j = 293 sucessfully passed !
	Initialyzed swapped data for i = 204, j = 294 sucessfully passed !
	Initialyzed swapped data for i = 204, j = 295 sucessfully passed !
	Initialyzed swapped data for i = 204, j = 296 sucessfully passed !
	Initialyzed swapped data for i = 204, j = 297 sucessfully passed !
	Initialyzed swapped data for i = 204, j = 298 sucessfully passed !
	Initialyzed swapped data for i = 204, j = 299 sucessfully passed !
	Initialyzed swapped data for i = 204, j = 300 sucessfully passed !
	Initialyzed swapped data for i = 204, j = 301 sucessfully passed !
	Initialyzed swapped data for i = 204, j = 302 sucessfully passed !
	Initialyzed swapped data for i = 204, j = 303 sucessfully passed !
	Initialyzed swapped data for i = 204, j = 304 sucessfully passed !
	Initialyzed swapped data for i = 204, j = 305 sucessfully passed !
	Initialyzed swapped data for i = 204, j = 306 sucessfully passed !
	Initialyzed swapped data for i = 204, j = 307 sucessfully passed !
	Initialyzed swapped data for i = 204, j = 308 sucessfully passed !
	Initialyzed swapped data for i = 204, j = 309 sucessfully passed !
	Initialyzed swapped data for i = 204, j = 310 sucessfully passed !
	Initialyzed swapped data for i = 204, j = 311 sucessfully passed !
	Initialyzed swapped data for i = 204, j = 312 sucessfully passed !
	Initialyzed swapped data for i = 204, j = 313 sucessfully passed !
	Initialyzed swapped data for i = 204, j = 314 sucessfully passed !
	Initialyzed swapped data for i = 204, j = 315 sucessfully passed !
	Initialyzed swapped data for i = 204, j = 316 sucessfully passed !
	Initialyzed swapped data for i = 204, j = 317 sucessfully passed !
	Initialyzed swapped data for i = 204, j = 318 sucessfully passed !
	Initialyzed swapped data for i = 204, j = 319 sucessfully passed !
	Initialyzed swapped data for i = 204, j = 320 sucessfully passed !
	Initialyzed swapped data for i = 204, j = 321 sucessfully passed !
	Initialyzed swapped data for i = 204, j = 322 sucessfully passed !
	Initialyzed swapped data for i = 204, j = 323 sucessfully passed !
	Initialyzed swapped data for i = 204, j = 324 sucessfully passed !
	Initialyzed swapped data for i = 204, j = 325 sucessfully passed !
	Initialyzed swapped data for i = 204, j = 326 sucessfully passed !
	Initialyzed swapped data for i = 204, j = 327 sucessfully passed !
	Initialyzed swapped data for i = 204, j = 328 sucessfully passed !
	Initialyzed swapped data for i = 204, j = 329 sucessfully passed !
	Initialyzed swapped data for i = 204, j = 330 sucessfully passed !
	Initialyzed swapped data for i = 204, j = 331 sucessfully passed !
	Initialyzed swapped data for i = 204, j = 332 sucessfully passed !
	Initialyzed swapped data for i = 204, j = 333 sucessfully passed !
	Initialyzed swapped data for i = 204, j = 334 sucessfully passed !
	Initialyzed swapped data for i = 204, j = 335 sucessfully passed !
	Initialyzed swapped data for i = 204, j = 336 sucessfully passed !
	Initialyzed swapped data for i = 204, j = 337 sucessfully passed !
	Initialyzed swapped data for i = 204, j = 338 sucessfully passed !
	Initialyzed swapped data for i = 204, j = 339 sucessfully passed !
	Initialyzed swapped data for i = 204, j = 340 sucessfully passed !
	Initialyzed swapped data for i = 204, j = 341 sucessfully passed !
	Initialyzed swapped data for i = 204, j = 342 sucessfully passed !
	Initialyzed swapped data for i = 204, j = 343 sucessfully passed !
	Initialyzed swapped data for i = 204, j = 344 sucessfully passed !
	Initialyzed swapped data for i = 204, j = 345 sucessfully passed !
	Initialyzed swapped data for i = 204, j = 346 sucessfully passed !
	Initialyzed swapped data for i = 204, j = 347 sucessfully passed !
	Initialyzed swapped data for i = 204, j = 348 sucessfully passed !
	Initialyzed swapped data for i = 204, j = 349 sucessfully passed !
	Initialyzed swapped data for i = 204, j = 350 sucessfully passed !
	Initialyzed swapped data for i = 204, j = 351 sucessfully passed !
	Initialyzed swapped data for i = 204, j = 352 sucessfully passed !
	Initialyzed swapped data for i = 204, j = 353 sucessfully passed !
	Initialyzed swapped data for i = 204, j = 354 sucessfully passed !
	Initialyzed swapped data for i = 204, j = 355 sucessfully passed !
	Initialyzed swapped data for i = 204, j = 356 sucessfully passed !
	Initialyzed swapped data for i = 204, j = 357 sucessfully passed !
	Initialyzed swapped data for i = 204, j = 358 sucessfully passed !
	Initialyzed swapped data for i = 204, j = 359 sucessfully passed !
	Initialyzed swapped data for i = 204, j = 360 sucessfully passed !
	Initialyzed swapped data for i = 204, j = 361 sucessfully passed !
	Initialyzed swapped data for i = 204, j = 362 sucessfully passed !
	Initialyzed swapped data for i = 204, j = 363 sucessfully passed !
	Initialyzed swapped data for i = 204, j = 364 sucessfully passed !
	Initialyzed swapped data for i = 204, j = 365 sucessfully passed !
	Initialyzed swapped data for i = 204, j = 366 sucessfully passed !
	Initialyzed swapped data for i = 204, j = 367 sucessfully passed !
	Initialyzed swapped data for i = 204, j = 368 sucessfully passed !
	Initialyzed swapped data for i = 204, j = 369 sucessfully passed !
	Initialyzed swapped data for i = 204, j = 370 sucessfully passed !
	Initialyzed swapped data for i = 204, j = 371 sucessfully passed !
	Initialyzed swapped data for i = 204, j = 372 sucessfully passed !
	Initialyzed swapped data for i = 204, j = 373 sucessfully passed !
	Initialyzed swapped data for i = 204, j = 374 sucessfully passed !
	Initialyzed swapped data for i = 204, j = 375 sucessfully passed !
	Initialyzed swapped data for i = 204, j = 376 sucessfully passed !
	Initialyzed swapped data for i = 204, j = 377 sucessfully passed !
	Initialyzed swapped data for i = 204, j = 378 sucessfully passed !
	Initialyzed swapped data for i = 204, j = 379 sucessfully passed !
	Initialyzed swapped data for i = 204, j = 380 sucessfully passed !
	Initialyzed swapped data for i = 204, j = 381 sucessfully passed !
	Initialyzed swapped data for i = 204, j = 382 sucessfully passed !
	Initialyzed swapped data for i = 204, j = 383 sucessfully passed !
	Initialyzed swapped data for i = 204, j = 384 sucessfully passed !
	Initialyzed swapped data for i = 204, j = 385 sucessfully passed !
	Initialyzed swapped data for i = 204, j = 386 sucessfully passed !
	Initialyzed swapped data for i = 204, j = 387 sucessfully passed !
	Initialyzed swapped data for i = 204, j = 388 sucessfully passed !
	Initialyzed swapped data for i = 204, j = 389 sucessfully passed !
	Initialyzed swapped data for i = 204, j = 390 sucessfully passed !
	Initialyzed swapped data for i = 204, j = 391 sucessfully passed !
	Initialyzed swapped data for i = 204, j = 392 sucessfully passed !
	Initialyzed swapped data for i = 204, j = 393 sucessfully passed !
	Initialyzed swapped data for i = 204, j = 394 sucessfully passed !
	Initialyzed swapped data for i = 204, j = 395 sucessfully passed !
	Initialyzed swapped data for i = 204, j = 396 sucessfully passed !
	Initialyzed swapped data for i = 204, j = 397 sucessfully passed !
	Initialyzed swapped data for i = 204, j = 398 sucessfully passed !
	Initialyzed swapped data for i = 204, j = 399 sucessfully passed !
	Initialyzed swapped data for i = 204, j = 400 sucessfully passed !
	Initialyzed swapped data for i = 204, j = 401 sucessfully passed !
	Initialyzed swapped data for i = 204, j = 402 sucessfully passed !
	Initialyzed swapped data for i = 204, j = 403 sucessfully passed !
	Initialyzed swapped data for i = 204, j = 404 sucessfully passed !
	Initialyzed swapped data for i = 204, j = 405 sucessfully passed !
	Initialyzed swapped data for i = 204, j = 406 sucessfully passed !
	Initialyzed swapped data for i = 204, j = 407 sucessfully passed !
	Initialyzed swapped data for i = 204, j = 408 sucessfully passed !
	Initialyzed swapped data for i = 204, j = 409 sucessfully passed !
	Initialyzed swapped data for i = 204, j = 410 sucessfully passed !
	Initialyzed swapped data for i = 204, j = 411 sucessfully passed !
	Initialyzed swapped data for i = 204, j = 412 sucessfully passed !
	Initialyzed swapped data for i = 204, j = 413 sucessfully passed !
	Initialyzed swapped data for i = 204, j = 414 sucessfully passed !
	Initialyzed swapped data for i = 204, j = 415 sucessfully passed !
	Initialyzed swapped data for i = 204, j = 416 sucessfully passed !
	Initialyzed swapped data for i = 204, j = 417 sucessfully passed !
	Initialyzed swapped data for i = 204, j = 418 sucessfully passed !
	Initialyzed swapped data for i = 204, j = 419 sucessfully passed !
	Initialyzed swapped data for i = 204, j = 420 sucessfully passed !
	Initialyzed swapped data for i = 204, j = 421 sucessfully passed !
	Initialyzed swapped data for i = 204, j = 422 sucessfully passed !
	Initialyzed swapped data for i = 204, j = 423 sucessfully passed !
	Initialyzed swapped data for i = 204, j = 424 sucessfully passed !
	Initialyzed swapped data for i = 204, j = 425 sucessfully passed !
	Initialyzed swapped data for i = 204, j = 426 sucessfully passed !
	Initialyzed swapped data for i = 204, j = 427 sucessfully passed !
	Initialyzed swapped data for i = 204, j = 428 sucessfully passed !
	Initialyzed swapped data for i = 204, j = 429 sucessfully passed !
	Initialyzed swapped data for i = 204, j = 430 sucessfully passed !
	Initialyzed swapped data for i = 204, j = 431 sucessfully passed !
	Initialyzed swapped data for i = 204, j = 432 sucessfully passed !
	Initialyzed swapped data for i = 204, j = 433 sucessfully passed !
	Initialyzed swapped data for i = 205, j = 206 sucessfully passed !
	Initialyzed swapped data for i = 205, j = 207 sucessfully passed !
	Initialyzed swapped data for i = 205, j = 208 sucessfully passed !
	Initialyzed swapped data for i = 205, j = 209 sucessfully passed !
	Initialyzed swapped data for i = 205, j = 210 sucessfully passed !
	Initialyzed swapped data for i = 205, j = 211 sucessfully passed !
	Initialyzed swapped data for i = 205, j = 212 sucessfully passed !
	Initialyzed swapped data for i = 205, j = 213 sucessfully passed !
	Initialyzed swapped data for i = 205, j = 214 sucessfully passed !
	Initialyzed swapped data for i = 205, j = 215 sucessfully passed !
	Initialyzed swapped data for i = 205, j = 216 sucessfully passed !
	Initialyzed swapped data for i = 205, j = 217 sucessfully passed !
	Initialyzed swapped data for i = 205, j = 218 sucessfully passed !
	Initialyzed swapped data for i = 205, j = 219 sucessfully passed !
	Initialyzed swapped data for i = 205, j = 220 sucessfully passed !
	Initialyzed swapped data for i = 205, j = 221 sucessfully passed !
	Initialyzed swapped data for i = 205, j = 222 sucessfully passed !
	Initialyzed swapped data for i = 205, j = 223 sucessfully passed !
	Initialyzed swapped data for i = 205, j = 224 sucessfully passed !
	Initialyzed swapped data for i = 205, j = 225 sucessfully passed !
	Initialyzed swapped data for i = 205, j = 226 sucessfully passed !
	Initialyzed swapped data for i = 205, j = 227 sucessfully passed !
	Initialyzed swapped data for i = 205, j = 228 sucessfully passed !
	Initialyzed swapped data for i = 205, j = 229 sucessfully passed !
	Initialyzed swapped data for i = 205, j = 230 sucessfully passed !
	Initialyzed swapped data for i = 205, j = 231 sucessfully passed !
	Initialyzed swapped data for i = 205, j = 232 sucessfully passed !
	Initialyzed swapped data for i = 205, j = 233 sucessfully passed !
	Initialyzed swapped data for i = 205, j = 234 sucessfully passed !
	Initialyzed swapped data for i = 205, j = 235 sucessfully passed !
	Initialyzed swapped data for i = 205, j = 236 sucessfully passed !
	Initialyzed swapped data for i = 205, j = 237 sucessfully passed !
	Initialyzed swapped data for i = 205, j = 238 sucessfully passed !
	Initialyzed swapped data for i = 205, j = 239 sucessfully passed !
	Initialyzed swapped data for i = 205, j = 240 sucessfully passed !
	Initialyzed swapped data for i = 205, j = 241 sucessfully passed !
	Initialyzed swapped data for i = 205, j = 242 sucessfully passed !
	Initialyzed swapped data for i = 205, j = 243 sucessfully passed !
	Initialyzed swapped data for i = 205, j = 244 sucessfully passed !
	Initialyzed swapped data for i = 205, j = 245 sucessfully passed !
	Initialyzed swapped data for i = 205, j = 246 sucessfully passed !
	Initialyzed swapped data for i = 205, j = 247 sucessfully passed !
	Initialyzed swapped data for i = 205, j = 248 sucessfully passed !
	Initialyzed swapped data for i = 205, j = 249 sucessfully passed !
	Initialyzed swapped data for i = 205, j = 250 sucessfully passed !
	Initialyzed swapped data for i = 205, j = 251 sucessfully passed !
	Initialyzed swapped data for i = 205, j = 252 sucessfully passed !
	Initialyzed swapped data for i = 205, j = 253 sucessfully passed !
	Initialyzed swapped data for i = 205, j = 254 sucessfully passed !
	Initialyzed swapped data for i = 205, j = 255 sucessfully passed !
	Initialyzed swapped data for i = 205, j = 256 sucessfully passed !
	Initialyzed swapped data for i = 205, j = 257 sucessfully passed !
	Initialyzed swapped data for i = 205, j = 258 sucessfully passed !
	Initialyzed swapped data for i = 205, j = 259 sucessfully passed !
	Initialyzed swapped data for i = 205, j = 260 sucessfully passed !
	Initialyzed swapped data for i = 205, j = 261 sucessfully passed !
	Initialyzed swapped data for i = 205, j = 262 sucessfully passed !
	Initialyzed swapped data for i = 205, j = 263 sucessfully passed !
	Initialyzed swapped data for i = 205, j = 264 sucessfully passed !
	Initialyzed swapped data for i = 205, j = 265 sucessfully passed !
	Initialyzed swapped data for i = 205, j = 266 sucessfully passed !
	Initialyzed swapped data for i = 205, j = 267 sucessfully passed !
	Initialyzed swapped data for i = 205, j = 268 sucessfully passed !
	Initialyzed swapped data for i = 205, j = 269 sucessfully passed !
	Initialyzed swapped data for i = 205, j = 270 sucessfully passed !
	Initialyzed swapped data for i = 205, j = 271 sucessfully passed !
	Initialyzed swapped data for i = 205, j = 272 sucessfully passed !
	Initialyzed swapped data for i = 205, j = 273 sucessfully passed !
	Initialyzed swapped data for i = 205, j = 274 sucessfully passed !
	Initialyzed swapped data for i = 205, j = 275 sucessfully passed !
	Initialyzed swapped data for i = 205, j = 276 sucessfully passed !
	Initialyzed swapped data for i = 205, j = 277 sucessfully passed !
	Initialyzed swapped data for i = 205, j = 278 sucessfully passed !
	Initialyzed swapped data for i = 205, j = 279 sucessfully passed !
	Initialyzed swapped data for i = 205, j = 280 sucessfully passed !
	Initialyzed swapped data for i = 205, j = 281 sucessfully passed !
	Initialyzed swapped data for i = 205, j = 282 sucessfully passed !
	Initialyzed swapped data for i = 205, j = 283 sucessfully passed !
	Initialyzed swapped data for i = 205, j = 284 sucessfully passed !
	Initialyzed swapped data for i = 205, j = 285 sucessfully passed !
	Initialyzed swapped data for i = 205, j = 286 sucessfully passed !
	Initialyzed swapped data for i = 205, j = 287 sucessfully passed !
	Initialyzed swapped data for i = 205, j = 288 sucessfully passed !
	Initialyzed swapped data for i = 205, j = 289 sucessfully passed !
	Initialyzed swapped data for i = 205, j = 290 sucessfully passed !
	Initialyzed swapped data for i = 205, j = 291 sucessfully passed !
	Initialyzed swapped data for i = 205, j = 292 sucessfully passed !
	Initialyzed swapped data for i = 205, j = 293 sucessfully passed !
	Initialyzed swapped data for i = 205, j = 294 sucessfully passed !
	Initialyzed swapped data for i = 205, j = 295 sucessfully passed !
	Initialyzed swapped data for i = 205, j = 296 sucessfully passed !
	Initialyzed swapped data for i = 205, j = 297 sucessfully passed !
	Initialyzed swapped data for i = 205, j = 298 sucessfully passed !
	Initialyzed swapped data for i = 205, j = 299 sucessfully passed !
	Initialyzed swapped data for i = 205, j = 300 sucessfully passed !
	Initialyzed swapped data for i = 205, j = 301 sucessfully passed !
	Initialyzed swapped data for i = 205, j = 302 sucessfully passed !
	Initialyzed swapped data for i = 205, j = 303 sucessfully passed !
	Initialyzed swapped data for i = 205, j = 304 sucessfully passed !
	Initialyzed swapped data for i = 205, j = 305 sucessfully passed !
	Initialyzed swapped data for i = 205, j = 306 sucessfully passed !
	Initialyzed swapped data for i = 205, j = 307 sucessfully passed !
	Initialyzed swapped data for i = 205, j = 308 sucessfully passed !
	Initialyzed swapped data for i = 205, j = 309 sucessfully passed !
	Initialyzed swapped data for i = 205, j = 310 sucessfully passed !
	Initialyzed swapped data for i = 205, j = 311 sucessfully passed !
	Initialyzed swapped data for i = 205, j = 312 sucessfully passed !
	Initialyzed swapped data for i = 205, j = 313 sucessfully passed !
	Initialyzed swapped data for i = 205, j = 314 sucessfully passed !
	Initialyzed swapped data for i = 205, j = 315 sucessfully passed !
	Initialyzed swapped data for i = 205, j = 316 sucessfully passed !
	Initialyzed swapped data for i = 205, j = 317 sucessfully passed !
	Initialyzed swapped data for i = 205, j = 318 sucessfully passed !
	Initialyzed swapped data for i = 205, j = 319 sucessfully passed !
	Initialyzed swapped data for i = 205, j = 320 sucessfully passed !
	Initialyzed swapped data for i = 205, j = 321 sucessfully passed !
	Initialyzed swapped data for i = 205, j = 322 sucessfully passed !
	Initialyzed swapped data for i = 205, j = 323 sucessfully passed !
	Initialyzed swapped data for i = 205, j = 324 sucessfully passed !
	Initialyzed swapped data for i = 205, j = 325 sucessfully passed !
	Initialyzed swapped data for i = 205, j = 326 sucessfully passed !
	Initialyzed swapped data for i = 205, j = 327 sucessfully passed !
	Initialyzed swapped data for i = 205, j = 328 sucessfully passed !
	Initialyzed swapped data for i = 205, j = 329 sucessfully passed !
	Initialyzed swapped data for i = 205, j = 330 sucessfully passed !
	Initialyzed swapped data for i = 205, j = 331 sucessfully passed !
	Initialyzed swapped data for i = 205, j = 332 sucessfully passed !
	Initialyzed swapped data for i = 205, j = 333 sucessfully passed !
	Initialyzed swapped data for i = 205, j = 334 sucessfully passed !
	Initialyzed swapped data for i = 205, j = 335 sucessfully passed !
	Initialyzed swapped data for i = 205, j = 336 sucessfully passed !
	Initialyzed swapped data for i = 205, j = 337 sucessfully passed !
	Initialyzed swapped data for i = 205, j = 338 sucessfully passed !
	Initialyzed swapped data for i = 205, j = 339 sucessfully passed !
	Initialyzed swapped data for i = 205, j = 340 sucessfully passed !
	Initialyzed swapped data for i = 205, j = 341 sucessfully passed !
	Initialyzed swapped data for i = 205, j = 342 sucessfully passed !
	Initialyzed swapped data for i = 205, j = 343 sucessfully passed !
	Initialyzed swapped data for i = 205, j = 344 sucessfully passed !
	Initialyzed swapped data for i = 205, j = 345 sucessfully passed !
	Initialyzed swapped data for i = 205, j = 346 sucessfully passed !
	Initialyzed swapped data for i = 205, j = 347 sucessfully passed !
	Initialyzed swapped data for i = 205, j = 348 sucessfully passed !
	Initialyzed swapped data for i = 205, j = 349 sucessfully passed !
	Initialyzed swapped data for i = 205, j = 350 sucessfully passed !
	Initialyzed swapped data for i = 205, j = 351 sucessfully passed !
	Initialyzed swapped data for i = 205, j = 352 sucessfully passed !
	Initialyzed swapped data for i = 205, j = 353 sucessfully passed !
	Initialyzed swapped data for i = 205, j = 354 sucessfully passed !
	Initialyzed swapped data for i = 205, j = 355 sucessfully passed !
	Initialyzed swapped data for i = 205, j = 356 sucessfully passed !
	Initialyzed swapped data for i = 205, j = 357 sucessfully passed !
	Initialyzed swapped data for i = 205, j = 358 sucessfully passed !
	Initialyzed swapped data for i = 205, j = 359 sucessfully passed !
	Initialyzed swapped data for i = 205, j = 360 sucessfully passed !
	Initialyzed swapped data for i = 205, j = 361 sucessfully passed !
	Initialyzed swapped data for i = 205, j = 362 sucessfully passed !
	Initialyzed swapped data for i = 205, j = 363 sucessfully passed !
	Initialyzed swapped data for i = 205, j = 364 sucessfully passed !
	Initialyzed swapped data for i = 205, j = 365 sucessfully passed !
	Initialyzed swapped data for i = 205, j = 366 sucessfully passed !
	Initialyzed swapped data for i = 205, j = 367 sucessfully passed !
	Initialyzed swapped data for i = 205, j = 368 sucessfully passed !
	Initialyzed swapped data for i = 205, j = 369 sucessfully passed !
	Initialyzed swapped data for i = 205, j = 370 sucessfully passed !
	Initialyzed swapped data for i = 205, j = 371 sucessfully passed !
	Initialyzed swapped data for i = 205, j = 372 sucessfully passed !
	Initialyzed swapped data for i = 205, j = 373 sucessfully passed !
	Initialyzed swapped data for i = 205, j = 374 sucessfully passed !
	Initialyzed swapped data for i = 205, j = 375 sucessfully passed !
	Initialyzed swapped data for i = 205, j = 376 sucessfully passed !
	Initialyzed swapped data for i = 205, j = 377 sucessfully passed !
	Initialyzed swapped data for i = 205, j = 378 sucessfully passed !
	Initialyzed swapped data for i = 205, j = 379 sucessfully passed !
	Initialyzed swapped data for i = 205, j = 380 sucessfully passed !
	Initialyzed swapped data for i = 205, j = 381 sucessfully passed !
	Initialyzed swapped data for i = 205, j = 382 sucessfully passed !
	Initialyzed swapped data for i = 205, j = 383 sucessfully passed !
	Initialyzed swapped data for i = 205, j = 384 sucessfully passed !
	Initialyzed swapped data for i = 205, j = 385 sucessfully passed !
	Initialyzed swapped data for i = 205, j = 386 sucessfully passed !
	Initialyzed swapped data for i = 205, j = 387 sucessfully passed !
	Initialyzed swapped data for i = 205, j = 388 sucessfully passed !
	Initialyzed swapped data for i = 205, j = 389 sucessfully passed !
	Initialyzed swapped data for i = 205, j = 390 sucessfully passed !
	Initialyzed swapped data for i = 205, j = 391 sucessfully passed !
	Initialyzed swapped data for i = 205, j = 392 sucessfully passed !
	Initialyzed swapped data for i = 205, j = 393 sucessfully passed !
	Initialyzed swapped data for i = 205, j = 394 sucessfully passed !
	Initialyzed swapped data for i = 205, j = 395 sucessfully passed !
	Initialyzed swapped data for i = 205, j = 396 sucessfully passed !
	Initialyzed swapped data for i = 205, j = 397 sucessfully passed !
	Initialyzed swapped data for i = 205, j = 398 sucessfully passed !
	Initialyzed swapped data for i = 205, j = 399 sucessfully passed !
	Initialyzed swapped data for i = 205, j = 400 sucessfully passed !
	Initialyzed swapped data for i = 205, j = 401 sucessfully passed !
	Initialyzed swapped data for i = 205, j = 402 sucessfully passed !
	Initialyzed swapped data for i = 205, j = 403 sucessfully passed !
	Initialyzed swapped data for i = 205, j = 404 sucessfully passed !
	Initialyzed swapped data for i = 205, j = 405 sucessfully passed !
	Initialyzed swapped data for i = 205, j = 406 sucessfully passed !
	Initialyzed swapped data for i = 205, j = 407 sucessfully passed !
	Initialyzed swapped data for i = 205, j = 408 sucessfully passed !
	Initialyzed swapped data for i = 205, j = 409 sucessfully passed !
	Initialyzed swapped data for i = 205, j = 410 sucessfully passed !
	Initialyzed swapped data for i = 205, j = 411 sucessfully passed !
	Initialyzed swapped data for i = 205, j = 412 sucessfully passed !
	Initialyzed swapped data for i = 205, j = 413 sucessfully passed !
	Initialyzed swapped data for i = 205, j = 414 sucessfully passed !
	Initialyzed swapped data for i = 205, j = 415 sucessfully passed !
	Initialyzed swapped data for i = 205, j = 416 sucessfully passed !
	Initialyzed swapped data for i = 205, j = 417 sucessfully passed !
	Initialyzed swapped data for i = 205, j = 418 sucessfully passed !
	Initialyzed swapped data for i = 205, j = 419 sucessfully passed !
	Initialyzed swapped data for i = 205, j = 420 sucessfully passed !
	Initialyzed swapped data for i = 205, j = 421 sucessfully passed !
	Initialyzed swapped data for i = 205, j = 422 sucessfully passed !
	Initialyzed swapped data for i = 205, j = 423 sucessfully passed !
	Initialyzed swapped data for i = 205, j = 424 sucessfully passed !
	Initialyzed swapped data for i = 205, j = 425 sucessfully passed !
	Initialyzed swapped data for i = 205, j = 426 sucessfully passed !
	Initialyzed swapped data for i = 205, j = 427 sucessfully passed !
	Initialyzed swapped data for i = 205, j = 428 sucessfully passed !
	Initialyzed swapped data for i = 205, j = 429 sucessfully passed !
	Initialyzed swapped data for i = 205, j = 430 sucessfully passed !
	Initialyzed swapped data for i = 205, j = 431 sucessfully passed !
	Initialyzed swapped data for i = 205, j = 432 sucessfully passed !
	Initialyzed swapped data for i = 205, j = 433 sucessfully passed !
	Initialyzed swapped data for i = 206, j = 207 sucessfully passed !
	Initialyzed swapped data for i = 206, j = 208 sucessfully passed !
	Initialyzed swapped data for i = 206, j = 209 sucessfully passed !
	Initialyzed swapped data for i = 206, j = 210 sucessfully passed !
	Initialyzed swapped data for i = 206, j = 211 sucessfully passed !
	Initialyzed swapped data for i = 206, j = 212 sucessfully passed !
	Initialyzed swapped data for i = 206, j = 213 sucessfully passed !
	Initialyzed swapped data for i = 206, j = 214 sucessfully passed !
	Initialyzed swapped data for i = 206, j = 215 sucessfully passed !
	Initialyzed swapped data for i = 206, j = 216 sucessfully passed !
	Initialyzed swapped data for i = 206, j = 217 sucessfully passed !
	Initialyzed swapped data for i = 206, j = 218 sucessfully passed !
	Initialyzed swapped data for i = 206, j = 219 sucessfully passed !
	Initialyzed swapped data for i = 206, j = 220 sucessfully passed !
	Initialyzed swapped data for i = 206, j = 221 sucessfully passed !
	Initialyzed swapped data for i = 206, j = 222 sucessfully passed !
	Initialyzed swapped data for i = 206, j = 223 sucessfully passed !
	Initialyzed swapped data for i = 206, j = 224 sucessfully passed !
	Initialyzed swapped data for i = 206, j = 225 sucessfully passed !
	Initialyzed swapped data for i = 206, j = 226 sucessfully passed !
	Initialyzed swapped data for i = 206, j = 227 sucessfully passed !
	Initialyzed swapped data for i = 206, j = 228 sucessfully passed !
	Initialyzed swapped data for i = 206, j = 229 sucessfully passed !
	Initialyzed swapped data for i = 206, j = 230 sucessfully passed !
	Initialyzed swapped data for i = 206, j = 231 sucessfully passed !
	Initialyzed swapped data for i = 206, j = 232 sucessfully passed !
	Initialyzed swapped data for i = 206, j = 233 sucessfully passed !
	Initialyzed swapped data for i = 206, j = 234 sucessfully passed !
	Initialyzed swapped data for i = 206, j = 235 sucessfully passed !
	Initialyzed swapped data for i = 206, j = 236 sucessfully passed !
	Initialyzed swapped data for i = 206, j = 237 sucessfully passed !
	Initialyzed swapped data for i = 206, j = 238 sucessfully passed !
	Initialyzed swapped data for i = 206, j = 239 sucessfully passed !
	Initialyzed swapped data for i = 206, j = 240 sucessfully passed !
	Initialyzed swapped data for i = 206, j = 241 sucessfully passed !
	Initialyzed swapped data for i = 206, j = 242 sucessfully passed !
	Initialyzed swapped data for i = 206, j = 243 sucessfully passed !
	Initialyzed swapped data for i = 206, j = 244 sucessfully passed !
	Initialyzed swapped data for i = 206, j = 245 sucessfully passed !
	Initialyzed swapped data for i = 206, j = 246 sucessfully passed !
	Initialyzed swapped data for i = 206, j = 247 sucessfully passed !
	Initialyzed swapped data for i = 206, j = 248 sucessfully passed !
	Initialyzed swapped data for i = 206, j = 249 sucessfully passed !
	Initialyzed swapped data for i = 206, j = 250 sucessfully passed !
	Initialyzed swapped data for i = 206, j = 251 sucessfully passed !
	Initialyzed swapped data for i = 206, j = 252 sucessfully passed !
	Initialyzed swapped data for i = 206, j = 253 sucessfully passed !
	Initialyzed swapped data for i = 206, j = 254 sucessfully passed !
	Initialyzed swapped data for i = 206, j = 255 sucessfully passed !
	Initialyzed swapped data for i = 206, j = 256 sucessfully passed !
	Initialyzed swapped data for i = 206, j = 257 sucessfully passed !
	Initialyzed swapped data for i = 206, j = 258 sucessfully passed !
	Initialyzed swapped data for i = 206, j = 259 sucessfully passed !
	Initialyzed swapped data for i = 206, j = 260 sucessfully passed !
	Initialyzed swapped data for i = 206, j = 261 sucessfully passed !
	Initialyzed swapped data for i = 206, j = 262 sucessfully passed !
	Initialyzed swapped data for i = 206, j = 263 sucessfully passed !
	Initialyzed swapped data for i = 206, j = 264 sucessfully passed !
	Initialyzed swapped data for i = 206, j = 265 sucessfully passed !
	Initialyzed swapped data for i = 206, j = 266 sucessfully passed !
	Initialyzed swapped data for i = 206, j = 267 sucessfully passed !
	Initialyzed swapped data for i = 206, j = 268 sucessfully passed !
	Initialyzed swapped data for i = 206, j = 269 sucessfully passed !
	Initialyzed swapped data for i = 206, j = 270 sucessfully passed !
	Initialyzed swapped data for i = 206, j = 271 sucessfully passed !
	Initialyzed swapped data for i = 206, j = 272 sucessfully passed !
	Initialyzed swapped data for i = 206, j = 273 sucessfully passed !
	Initialyzed swapped data for i = 206, j = 274 sucessfully passed !
	Initialyzed swapped data for i = 206, j = 275 sucessfully passed !
	Initialyzed swapped data for i = 206, j = 276 sucessfully passed !
	Initialyzed swapped data for i = 206, j = 277 sucessfully passed !
	Initialyzed swapped data for i = 206, j = 278 sucessfully passed !
	Initialyzed swapped data for i = 206, j = 279 sucessfully passed !
	Initialyzed swapped data for i = 206, j = 280 sucessfully passed !
	Initialyzed swapped data for i = 206, j = 281 sucessfully passed !
	Initialyzed swapped data for i = 206, j = 282 sucessfully passed !
	Initialyzed swapped data for i = 206, j = 283 sucessfully passed !
	Initialyzed swapped data for i = 206, j = 284 sucessfully passed !
	Initialyzed swapped data for i = 206, j = 285 sucessfully passed !
	Initialyzed swapped data for i = 206, j = 286 sucessfully passed !
	Initialyzed swapped data for i = 206, j = 287 sucessfully passed !
	Initialyzed swapped data for i = 206, j = 288 sucessfully passed !
	Initialyzed swapped data for i = 206, j = 289 sucessfully passed !
	Initialyzed swapped data for i = 206, j = 290 sucessfully passed !
	Initialyzed swapped data for i = 206, j = 291 sucessfully passed !
	Initialyzed swapped data for i = 206, j = 292 sucessfully passed !
	Initialyzed swapped data for i = 206, j = 293 sucessfully passed !
	Initialyzed swapped data for i = 206, j = 294 sucessfully passed !
	Initialyzed swapped data for i = 206, j = 295 sucessfully passed !
	Initialyzed swapped data for i = 206, j = 296 sucessfully passed !
	Initialyzed swapped data for i = 206, j = 297 sucessfully passed !
	Initialyzed swapped data for i = 206, j = 298 sucessfully passed !
	Initialyzed swapped data for i = 206, j = 299 sucessfully passed !
	Initialyzed swapped data for i = 206, j = 300 sucessfully passed !
	Initialyzed swapped data for i = 206, j = 301 sucessfully passed !
	Initialyzed swapped data for i = 206, j = 302 sucessfully passed !
	Initialyzed swapped data for i = 206, j = 303 sucessfully passed !
	Initialyzed swapped data for i = 206, j = 304 sucessfully passed !
	Initialyzed swapped data for i = 206, j = 305 sucessfully passed !
	Initialyzed swapped data for i = 206, j = 306 sucessfully passed !
	Initialyzed swapped data for i = 206, j = 307 sucessfully passed !
	Initialyzed swapped data for i = 206, j = 308 sucessfully passed !
	Initialyzed swapped data for i = 206, j = 309 sucessfully passed !
	Initialyzed swapped data for i = 206, j = 310 sucessfully passed !
	Initialyzed swapped data for i = 206, j = 311 sucessfully passed !
	Initialyzed swapped data for i = 206, j = 312 sucessfully passed !
	Initialyzed swapped data for i = 206, j = 313 sucessfully passed !
	Initialyzed swapped data for i = 206, j = 314 sucessfully passed !
	Initialyzed swapped data for i = 206, j = 315 sucessfully passed !
	Initialyzed swapped data for i = 206, j = 316 sucessfully passed !
	Initialyzed swapped data for i = 206, j = 317 sucessfully passed !
	Initialyzed swapped data for i = 206, j = 318 sucessfully passed !
	Initialyzed swapped data for i = 206, j = 319 sucessfully passed !
	Initialyzed swapped data for i = 206, j = 320 sucessfully passed !
	Initialyzed swapped data for i = 206, j = 321 sucessfully passed !
	Initialyzed swapped data for i = 206, j = 322 sucessfully passed !
	Initialyzed swapped data for i = 206, j = 323 sucessfully passed !
	Initialyzed swapped data for i = 206, j = 324 sucessfully passed !
	Initialyzed swapped data for i = 206, j = 325 sucessfully passed !
	Initialyzed swapped data for i = 206, j = 326 sucessfully passed !
	Initialyzed swapped data for i = 206, j = 327 sucessfully passed !
	Initialyzed swapped data for i = 206, j = 328 sucessfully passed !
	Initialyzed swapped data for i = 206, j = 329 sucessfully passed !
	Initialyzed swapped data for i = 206, j = 330 sucessfully passed !
	Initialyzed swapped data for i = 206, j = 331 sucessfully passed !
	Initialyzed swapped data for i = 206, j = 332 sucessfully passed !
	Initialyzed swapped data for i = 206, j = 333 sucessfully passed !
	Initialyzed swapped data for i = 206, j = 334 sucessfully passed !
	Initialyzed swapped data for i = 206, j = 335 sucessfully passed !
	Initialyzed swapped data for i = 206, j = 336 sucessfully passed !
	Initialyzed swapped data for i = 206, j = 337 sucessfully passed !
	Initialyzed swapped data for i = 206, j = 338 sucessfully passed !
	Initialyzed swapped data for i = 206, j = 339 sucessfully passed !
	Initialyzed swapped data for i = 206, j = 340 sucessfully passed !
	Initialyzed swapped data for i = 206, j = 341 sucessfully passed !
	Initialyzed swapped data for i = 206, j = 342 sucessfully passed !
	Initialyzed swapped data for i = 206, j = 343 sucessfully passed !
	Initialyzed swapped data for i = 206, j = 344 sucessfully passed !
	Initialyzed swapped data for i = 206, j = 345 sucessfully passed !
	Initialyzed swapped data for i = 206, j = 346 sucessfully passed !
	Initialyzed swapped data for i = 206, j = 347 sucessfully passed !
	Initialyzed swapped data for i = 206, j = 348 sucessfully passed !
	Initialyzed swapped data for i = 206, j = 349 sucessfully passed !
	Initialyzed swapped data for i = 206, j = 350 sucessfully passed !
	Initialyzed swapped data for i = 206, j = 351 sucessfully passed !
	Initialyzed swapped data for i = 206, j = 352 sucessfully passed !
	Initialyzed swapped data for i = 206, j = 353 sucessfully passed !
	Initialyzed swapped data for i = 206, j = 354 sucessfully passed !
	Initialyzed swapped data for i = 206, j = 355 sucessfully passed !
	Initialyzed swapped data for i = 206, j = 356 sucessfully passed !
	Initialyzed swapped data for i = 206, j = 357 sucessfully passed !
	Initialyzed swapped data for i = 206, j = 358 sucessfully passed !
	Initialyzed swapped data for i = 206, j = 359 sucessfully passed !
	Initialyzed swapped data for i = 206, j = 360 sucessfully passed !
	Initialyzed swapped data for i = 206, j = 361 sucessfully passed !
	Initialyzed swapped data for i = 206, j = 362 sucessfully passed !
	Initialyzed swapped data for i = 206, j = 363 sucessfully passed !
	Initialyzed swapped data for i = 206, j = 364 sucessfully passed !
	Initialyzed swapped data for i = 206, j = 365 sucessfully passed !
	Initialyzed swapped data for i = 206, j = 366 sucessfully passed !
	Initialyzed swapped data for i = 206, j = 367 sucessfully passed !
	Initialyzed swapped data for i = 206, j = 368 sucessfully passed !
	Initialyzed swapped data for i = 206, j = 369 sucessfully passed !
	Initialyzed swapped data for i = 206, j = 370 sucessfully passed !
	Initialyzed swapped data for i = 206, j = 371 sucessfully passed !
	Initialyzed swapped data for i = 206, j = 372 sucessfully passed !
	Initialyzed swapped data for i = 206, j = 373 sucessfully passed !
	Initialyzed swapped data for i = 206, j = 374 sucessfully passed !
	Initialyzed swapped data for i = 206, j = 375 sucessfully passed !
	Initialyzed swapped data for i = 206, j = 376 sucessfully passed !
	Initialyzed swapped data for i = 206, j = 377 sucessfully passed !
	Initialyzed swapped data for i = 206, j = 378 sucessfully passed !
	Initialyzed swapped data for i = 206, j = 379 sucessfully passed !
	Initialyzed swapped data for i = 206, j = 380 sucessfully passed !
	Initialyzed swapped data for i = 206, j = 381 sucessfully passed !
	Initialyzed swapped data for i = 206, j = 382 sucessfully passed !
	Initialyzed swapped data for i = 206, j = 383 sucessfully passed !
	Initialyzed swapped data for i = 206, j = 384 sucessfully passed !
	Initialyzed swapped data for i = 206, j = 385 sucessfully passed !
	Initialyzed swapped data for i = 206, j = 386 sucessfully passed !
	Initialyzed swapped data for i = 206, j = 387 sucessfully passed !
	Initialyzed swapped data for i = 206, j = 388 sucessfully passed !
	Initialyzed swapped data for i = 206, j = 389 sucessfully passed !
	Initialyzed swapped data for i = 206, j = 390 sucessfully passed !
	Initialyzed swapped data for i = 206, j = 391 sucessfully passed !
	Initialyzed swapped data for i = 206, j = 392 sucessfully passed !
	Initialyzed swapped data for i = 206, j = 393 sucessfully passed !
	Initialyzed swapped data for i = 206, j = 394 sucessfully passed !
	Initialyzed swapped data for i = 206, j = 395 sucessfully passed !
	Initialyzed swapped data for i = 206, j = 396 sucessfully passed !
	Initialyzed swapped data for i = 206, j = 397 sucessfully passed !
	Initialyzed swapped data for i = 206, j = 398 sucessfully passed !
	Initialyzed swapped data for i = 206, j = 399 sucessfully passed !
	Initialyzed swapped data for i = 206, j = 400 sucessfully passed !
	Initialyzed swapped data for i = 206, j = 401 sucessfully passed !
	Initialyzed swapped data for i = 206, j = 402 sucessfully passed !
	Initialyzed swapped data for i = 206, j = 403 sucessfully passed !
	Initialyzed swapped data for i = 206, j = 404 sucessfully passed !
	Initialyzed swapped data for i = 206, j = 405 sucessfully passed !
	Initialyzed swapped data for i = 206, j = 406 sucessfully passed !
	Initialyzed swapped data for i = 206, j = 407 sucessfully passed !
	Initialyzed swapped data for i = 206, j = 408 sucessfully passed !
	Initialyzed swapped data for i = 206, j = 409 sucessfully passed !
	Initialyzed swapped data for i = 206, j = 410 sucessfully passed !
	Initialyzed swapped data for i = 206, j = 411 sucessfully passed !
	Initialyzed swapped data for i = 206, j = 412 sucessfully passed !
	Initialyzed swapped data for i = 206, j = 413 sucessfully passed !
	Initialyzed swapped data for i = 206, j = 414 sucessfully passed !
	Initialyzed swapped data for i = 206, j = 415 sucessfully passed !
	Initialyzed swapped data for i = 206, j = 416 sucessfully passed !
	Initialyzed swapped data for i = 206, j = 417 sucessfully passed !
	Initialyzed swapped data for i = 206, j = 418 sucessfully passed !
	Initialyzed swapped data for i = 206, j = 419 sucessfully passed !
	Initialyzed swapped data for i = 206, j = 420 sucessfully passed !
	Initialyzed swapped data for i = 206, j = 421 sucessfully passed !
	Initialyzed swapped data for i = 206, j = 422 sucessfully passed !
	Initialyzed swapped data for i = 206, j = 423 sucessfully passed !
	Initialyzed swapped data for i = 206, j = 424 sucessfully passed !
	Initialyzed swapped data for i = 206, j = 425 sucessfully passed !
	Initialyzed swapped data for i = 206, j = 426 sucessfully passed !
	Initialyzed swapped data for i = 206, j = 427 sucessfully passed !
	Initialyzed swapped data for i = 206, j = 428 sucessfully passed !
	Initialyzed swapped data for i = 206, j = 429 sucessfully passed !
	Initialyzed swapped data for i = 206, j = 430 sucessfully passed !
	Initialyzed swapped data for i = 206, j = 431 sucessfully passed !
	Initialyzed swapped data for i = 206, j = 432 sucessfully passed !
	Initialyzed swapped data for i = 206, j = 433 sucessfully passed !
	Initialyzed swapped data for i = 207, j = 208 sucessfully passed !
	Initialyzed swapped data for i = 207, j = 209 sucessfully passed !
	Initialyzed swapped data for i = 207, j = 210 sucessfully passed !
	Initialyzed swapped data for i = 207, j = 211 sucessfully passed !
	Initialyzed swapped data for i = 207, j = 212 sucessfully passed !
	Initialyzed swapped data for i = 207, j = 213 sucessfully passed !
	Initialyzed swapped data for i = 207, j = 214 sucessfully passed !
	Initialyzed swapped data for i = 207, j = 215 sucessfully passed !
	Initialyzed swapped data for i = 207, j = 216 sucessfully passed !
	Initialyzed swapped data for i = 207, j = 217 sucessfully passed !
	Initialyzed swapped data for i = 207, j = 218 sucessfully passed !
	Initialyzed swapped data for i = 207, j = 219 sucessfully passed !
	Initialyzed swapped data for i = 207, j = 220 sucessfully passed !
	Initialyzed swapped data for i = 207, j = 221 sucessfully passed !
	Initialyzed swapped data for i = 207, j = 222 sucessfully passed !
	Initialyzed swapped data for i = 207, j = 223 sucessfully passed !
	Initialyzed swapped data for i = 207, j = 224 sucessfully passed !
	Initialyzed swapped data for i = 207, j = 225 sucessfully passed !
	Initialyzed swapped data for i = 207, j = 226 sucessfully passed !
	Initialyzed swapped data for i = 207, j = 227 sucessfully passed !
	Initialyzed swapped data for i = 207, j = 228 sucessfully passed !
	Initialyzed swapped data for i = 207, j = 229 sucessfully passed !
	Initialyzed swapped data for i = 207, j = 230 sucessfully passed !
	Initialyzed swapped data for i = 207, j = 231 sucessfully passed !
	Initialyzed swapped data for i = 207, j = 232 sucessfully passed !
	Initialyzed swapped data for i = 207, j = 233 sucessfully passed !
	Initialyzed swapped data for i = 207, j = 234 sucessfully passed !
	Initialyzed swapped data for i = 207, j = 235 sucessfully passed !
	Initialyzed swapped data for i = 207, j = 236 sucessfully passed !
	Initialyzed swapped data for i = 207, j = 237 sucessfully passed !
	Initialyzed swapped data for i = 207, j = 238 sucessfully passed !
	Initialyzed swapped data for i = 207, j = 239 sucessfully passed !
	Initialyzed swapped data for i = 207, j = 240 sucessfully passed !
	Initialyzed swapped data for i = 207, j = 241 sucessfully passed !
	Initialyzed swapped data for i = 207, j = 242 sucessfully passed !
	Initialyzed swapped data for i = 207, j = 243 sucessfully passed !
	Initialyzed swapped data for i = 207, j = 244 sucessfully passed !
	Initialyzed swapped data for i = 207, j = 245 sucessfully passed !
	Initialyzed swapped data for i = 207, j = 246 sucessfully passed !
	Initialyzed swapped data for i = 207, j = 247 sucessfully passed !
	Initialyzed swapped data for i = 207, j = 248 sucessfully passed !
	Initialyzed swapped data for i = 207, j = 249 sucessfully passed !
	Initialyzed swapped data for i = 207, j = 250 sucessfully passed !
	Initialyzed swapped data for i = 207, j = 251 sucessfully passed !
	Initialyzed swapped data for i = 207, j = 252 sucessfully passed !
	Initialyzed swapped data for i = 207, j = 253 sucessfully passed !
	Initialyzed swapped data for i = 207, j = 254 sucessfully passed !
	Initialyzed swapped data for i = 207, j = 255 sucessfully passed !
	Initialyzed swapped data for i = 207, j = 256 sucessfully passed !
	Initialyzed swapped data for i = 207, j = 257 sucessfully passed !
	Initialyzed swapped data for i = 207, j = 258 sucessfully passed !
	Initialyzed swapped data for i = 207, j = 259 sucessfully passed !
	Initialyzed swapped data for i = 207, j = 260 sucessfully passed !
	Initialyzed swapped data for i = 207, j = 261 sucessfully passed !
	Initialyzed swapped data for i = 207, j = 262 sucessfully passed !
	Initialyzed swapped data for i = 207, j = 263 sucessfully passed !
	Initialyzed swapped data for i = 207, j = 264 sucessfully passed !
	Initialyzed swapped data for i = 207, j = 265 sucessfully passed !
	Initialyzed swapped data for i = 207, j = 266 sucessfully passed !
	Initialyzed swapped data for i = 207, j = 267 sucessfully passed !
	Initialyzed swapped data for i = 207, j = 268 sucessfully passed !
	Initialyzed swapped data for i = 207, j = 269 sucessfully passed !
	Initialyzed swapped data for i = 207, j = 270 sucessfully passed !
	Initialyzed swapped data for i = 207, j = 271 sucessfully passed !
	Initialyzed swapped data for i = 207, j = 272 sucessfully passed !
	Initialyzed swapped data for i = 207, j = 273 sucessfully passed !
	Initialyzed swapped data for i = 207, j = 274 sucessfully passed !
	Initialyzed swapped data for i = 207, j = 275 sucessfully passed !
	Initialyzed swapped data for i = 207, j = 276 sucessfully passed !
	Initialyzed swapped data for i = 207, j = 277 sucessfully passed !
	Initialyzed swapped data for i = 207, j = 278 sucessfully passed !
	Initialyzed swapped data for i = 207, j = 279 sucessfully passed !
	Initialyzed swapped data for i = 207, j = 280 sucessfully passed !
	Initialyzed swapped data for i = 207, j = 281 sucessfully passed !
	Initialyzed swapped data for i = 207, j = 282 sucessfully passed !
	Initialyzed swapped data for i = 207, j = 283 sucessfully passed !
	Initialyzed swapped data for i = 207, j = 284 sucessfully passed !
	Initialyzed swapped data for i = 207, j = 285 sucessfully passed !
	Initialyzed swapped data for i = 207, j = 286 sucessfully passed !
	Initialyzed swapped data for i = 207, j = 287 sucessfully passed !
	Initialyzed swapped data for i = 207, j = 288 sucessfully passed !
	Initialyzed swapped data for i = 207, j = 289 sucessfully passed !
	Initialyzed swapped data for i = 207, j = 290 sucessfully passed !
	Initialyzed swapped data for i = 207, j = 291 sucessfully passed !
	Initialyzed swapped data for i = 207, j = 292 sucessfully passed !
	Initialyzed swapped data for i = 207, j = 293 sucessfully passed !
	Initialyzed swapped data for i = 207, j = 294 sucessfully passed !
	Initialyzed swapped data for i = 207, j = 295 sucessfully passed !
	Initialyzed swapped data for i = 207, j = 296 sucessfully passed !
	Initialyzed swapped data for i = 207, j = 297 sucessfully passed !
	Initialyzed swapped data for i = 207, j = 298 sucessfully passed !
	Initialyzed swapped data for i = 207, j = 299 sucessfully passed !
	Initialyzed swapped data for i = 207, j = 300 sucessfully passed !
	Initialyzed swapped data for i = 207, j = 301 sucessfully passed !
	Initialyzed swapped data for i = 207, j = 302 sucessfully passed !
	Initialyzed swapped data for i = 207, j = 303 sucessfully passed !
	Initialyzed swapped data for i = 207, j = 304 sucessfully passed !
	Initialyzed swapped data for i = 207, j = 305 sucessfully passed !
	Initialyzed swapped data for i = 207, j = 306 sucessfully passed !
	Initialyzed swapped data for i = 207, j = 307 sucessfully passed !
	Initialyzed swapped data for i = 207, j = 308 sucessfully passed !
	Initialyzed swapped data for i = 207, j = 309 sucessfully passed !
	Initialyzed swapped data for i = 207, j = 310 sucessfully passed !
	Initialyzed swapped data for i = 207, j = 311 sucessfully passed !
	Initialyzed swapped data for i = 207, j = 312 sucessfully passed !
	Initialyzed swapped data for i = 207, j = 313 sucessfully passed !
	Initialyzed swapped data for i = 207, j = 314 sucessfully passed !
	Initialyzed swapped data for i = 207, j = 315 sucessfully passed !
	Initialyzed swapped data for i = 207, j = 316 sucessfully passed !
	Initialyzed swapped data for i = 207, j = 317 sucessfully passed !
	Initialyzed swapped data for i = 207, j = 318 sucessfully passed !
	Initialyzed swapped data for i = 207, j = 319 sucessfully passed !
	Initialyzed swapped data for i = 207, j = 320 sucessfully passed !
	Initialyzed swapped data for i = 207, j = 321 sucessfully passed !
	Initialyzed swapped data for i = 207, j = 322 sucessfully passed !
	Initialyzed swapped data for i = 207, j = 323 sucessfully passed !
	Initialyzed swapped data for i = 207, j = 324 sucessfully passed !
	Initialyzed swapped data for i = 207, j = 325 sucessfully passed !
	Initialyzed swapped data for i = 207, j = 326 sucessfully passed !
	Initialyzed swapped data for i = 207, j = 327 sucessfully passed !
	Initialyzed swapped data for i = 207, j = 328 sucessfully passed !
	Initialyzed swapped data for i = 207, j = 329 sucessfully passed !
	Initialyzed swapped data for i = 207, j = 330 sucessfully passed !
	Initialyzed swapped data for i = 207, j = 331 sucessfully passed !
	Initialyzed swapped data for i = 207, j = 332 sucessfully passed !
	Initialyzed swapped data for i = 207, j = 333 sucessfully passed !
	Initialyzed swapped data for i = 207, j = 334 sucessfully passed !
	Initialyzed swapped data for i = 207, j = 335 sucessfully passed !
	Initialyzed swapped data for i = 207, j = 336 sucessfully passed !
	Initialyzed swapped data for i = 207, j = 337 sucessfully passed !
	Initialyzed swapped data for i = 207, j = 338 sucessfully passed !
	Initialyzed swapped data for i = 207, j = 339 sucessfully passed !
	Initialyzed swapped data for i = 207, j = 340 sucessfully passed !
	Initialyzed swapped data for i = 207, j = 341 sucessfully passed !
	Initialyzed swapped data for i = 207, j = 342 sucessfully passed !
	Initialyzed swapped data for i = 207, j = 343 sucessfully passed !
	Initialyzed swapped data for i = 207, j = 344 sucessfully passed !
	Initialyzed swapped data for i = 207, j = 345 sucessfully passed !
	Initialyzed swapped data for i = 207, j = 346 sucessfully passed !
	Initialyzed swapped data for i = 207, j = 347 sucessfully passed !
	Initialyzed swapped data for i = 207, j = 348 sucessfully passed !
	Initialyzed swapped data for i = 207, j = 349 sucessfully passed !
	Initialyzed swapped data for i = 207, j = 350 sucessfully passed !
	Initialyzed swapped data for i = 207, j = 351 sucessfully passed !
	Initialyzed swapped data for i = 207, j = 352 sucessfully passed !
	Initialyzed swapped data for i = 207, j = 353 sucessfully passed !
	Initialyzed swapped data for i = 207, j = 354 sucessfully passed !
	Initialyzed swapped data for i = 207, j = 355 sucessfully passed !
	Initialyzed swapped data for i = 207, j = 356 sucessfully passed !
	Initialyzed swapped data for i = 207, j = 357 sucessfully passed !
	Initialyzed swapped data for i = 207, j = 358 sucessfully passed !
	Initialyzed swapped data for i = 207, j = 359 sucessfully passed !
	Initialyzed swapped data for i = 207, j = 360 sucessfully passed !
	Initialyzed swapped data for i = 207, j = 361 sucessfully passed !
	Initialyzed swapped data for i = 207, j = 362 sucessfully passed !
	Initialyzed swapped data for i = 207, j = 363 sucessfully passed !
	Initialyzed swapped data for i = 207, j = 364 sucessfully passed !
	Initialyzed swapped data for i = 207, j = 365 sucessfully passed !
	Initialyzed swapped data for i = 207, j = 366 sucessfully passed !
	Initialyzed swapped data for i = 207, j = 367 sucessfully passed !
	Initialyzed swapped data for i = 207, j = 368 sucessfully passed !
	Initialyzed swapped data for i = 207, j = 369 sucessfully passed !
	Initialyzed swapped data for i = 207, j = 370 sucessfully passed !
	Initialyzed swapped data for i = 207, j = 371 sucessfully passed !
	Initialyzed swapped data for i = 207, j = 372 sucessfully passed !
	Initialyzed swapped data for i = 207, j = 373 sucessfully passed !
	Initialyzed swapped data for i = 207, j = 374 sucessfully passed !
	Initialyzed swapped data for i = 207, j = 375 sucessfully passed !
	Initialyzed swapped data for i = 207, j = 376 sucessfully passed !
	Initialyzed swapped data for i = 207, j = 377 sucessfully passed !
	Initialyzed swapped data for i = 207, j = 378 sucessfully passed !
	Initialyzed swapped data for i = 207, j = 379 sucessfully passed !
	Initialyzed swapped data for i = 207, j = 380 sucessfully passed !
	Initialyzed swapped data for i = 207, j = 381 sucessfully passed !
	Initialyzed swapped data for i = 207, j = 382 sucessfully passed !
	Initialyzed swapped data for i = 207, j = 383 sucessfully passed !
	Initialyzed swapped data for i = 207, j = 384 sucessfully passed !
	Initialyzed swapped data for i = 207, j = 385 sucessfully passed !
	Initialyzed swapped data for i = 207, j = 386 sucessfully passed !
	Initialyzed swapped data for i = 207, j = 387 sucessfully passed !
	Initialyzed swapped data for i = 207, j = 388 sucessfully passed !
	Initialyzed swapped data for i = 207, j = 389 sucessfully passed !
	Initialyzed swapped data for i = 207, j = 390 sucessfully passed !
	Initialyzed swapped data for i = 207, j = 391 sucessfully passed !
	Initialyzed swapped data for i = 207, j = 392 sucessfully passed !
	Initialyzed swapped data for i = 207, j = 393 sucessfully passed !
	Initialyzed swapped data for i = 207, j = 394 sucessfully passed !
	Initialyzed swapped data for i = 207, j = 395 sucessfully passed !
	Initialyzed swapped data for i = 207, j = 396 sucessfully passed !
	Initialyzed swapped data for i = 207, j = 397 sucessfully passed !
	Initialyzed swapped data for i = 207, j = 398 sucessfully passed !
	Initialyzed swapped data for i = 207, j = 399 sucessfully passed !
	Initialyzed swapped data for i = 207, j = 400 sucessfully passed !
	Initialyzed swapped data for i = 207, j = 401 sucessfully passed !
	Initialyzed swapped data for i = 207, j = 402 sucessfully passed !
	Initialyzed swapped data for i = 207, j = 403 sucessfully passed !
	Initialyzed swapped data for i = 207, j = 404 sucessfully passed !
	Initialyzed swapped data for i = 207, j = 405 sucessfully passed !
	Initialyzed swapped data for i = 207, j = 406 sucessfully passed !
	Initialyzed swapped data for i = 207, j = 407 sucessfully passed !
	Initialyzed swapped data for i = 207, j = 408 sucessfully passed !
	Initialyzed swapped data for i = 207, j = 409 sucessfully passed !
	Initialyzed swapped data for i = 207, j = 410 sucessfully passed !
	Initialyzed swapped data for i = 207, j = 411 sucessfully passed !
	Initialyzed swapped data for i = 207, j = 412 sucessfully passed !
	Initialyzed swapped data for i = 207, j = 413 sucessfully passed !
	Initialyzed swapped data for i = 207, j = 414 sucessfully passed !
	Initialyzed swapped data for i = 207, j = 415 sucessfully passed !
	Initialyzed swapped data for i = 207, j = 416 sucessfully passed !
	Initialyzed swapped data for i = 207, j = 417 sucessfully passed !
	Initialyzed swapped data for i = 207, j = 418 sucessfully passed !
	Initialyzed swapped data for i = 207, j = 419 sucessfully passed !
	Initialyzed swapped data for i = 207, j = 420 sucessfully passed !
	Initialyzed swapped data for i = 207, j = 421 sucessfully passed !
	Initialyzed swapped data for i = 207, j = 422 sucessfully passed !
	Initialyzed swapped data for i = 207, j = 423 sucessfully passed !
	Initialyzed swapped data for i = 207, j = 424 sucessfully passed !
	Initialyzed swapped data for i = 207, j = 425 sucessfully passed !
	Initialyzed swapped data for i = 207, j = 426 sucessfully passed !
	Initialyzed swapped data for i = 207, j = 427 sucessfully passed !
	Initialyzed swapped data for i = 207, j = 428 sucessfully passed !
	Initialyzed swapped data for i = 207, j = 429 sucessfully passed !
	Initialyzed swapped data for i = 207, j = 430 sucessfully passed !
	Initialyzed swapped data for i = 207, j = 431 sucessfully passed !
	Initialyzed swapped data for i = 207, j = 432 sucessfully passed !
	Initialyzed swapped data for i = 207, j = 433 sucessfully passed !
	Initialyzed swapped data for i = 208, j = 209 sucessfully passed !
	Initialyzed swapped data for i = 208, j = 210 sucessfully passed !
	Initialyzed swapped data for i = 208, j = 211 sucessfully passed !
	Initialyzed swapped data for i = 208, j = 212 sucessfully passed !
	Initialyzed swapped data for i = 208, j = 213 sucessfully passed !
	Initialyzed swapped data for i = 208, j = 214 sucessfully passed !
	Initialyzed swapped data for i = 208, j = 215 sucessfully passed !
	Initialyzed swapped data for i = 208, j = 216 sucessfully passed !
	Initialyzed swapped data for i = 208, j = 217 sucessfully passed !
	Initialyzed swapped data for i = 208, j = 218 sucessfully passed !
	Initialyzed swapped data for i = 208, j = 219 sucessfully passed !
	Initialyzed swapped data for i = 208, j = 220 sucessfully passed !
	Initialyzed swapped data for i = 208, j = 221 sucessfully passed !
	Initialyzed swapped data for i = 208, j = 222 sucessfully passed !
	Initialyzed swapped data for i = 208, j = 223 sucessfully passed !
	Initialyzed swapped data for i = 208, j = 224 sucessfully passed !
	Initialyzed swapped data for i = 208, j = 225 sucessfully passed !
	Initialyzed swapped data for i = 208, j = 226 sucessfully passed !
	Initialyzed swapped data for i = 208, j = 227 sucessfully passed !
	Initialyzed swapped data for i = 208, j = 228 sucessfully passed !
	Initialyzed swapped data for i = 208, j = 229 sucessfully passed !
	Initialyzed swapped data for i = 208, j = 230 sucessfully passed !
	Initialyzed swapped data for i = 208, j = 231 sucessfully passed !
	Initialyzed swapped data for i = 208, j = 232 sucessfully passed !
	Initialyzed swapped data for i = 208, j = 233 sucessfully passed !
	Initialyzed swapped data for i = 208, j = 234 sucessfully passed !
	Initialyzed swapped data for i = 208, j = 235 sucessfully passed !
	Initialyzed swapped data for i = 208, j = 236 sucessfully passed !
	Initialyzed swapped data for i = 208, j = 237 sucessfully passed !
	Initialyzed swapped data for i = 208, j = 238 sucessfully passed !
	Initialyzed swapped data for i = 208, j = 239 sucessfully passed !
	Initialyzed swapped data for i = 208, j = 240 sucessfully passed !
	Initialyzed swapped data for i = 208, j = 241 sucessfully passed !
	Initialyzed swapped data for i = 208, j = 242 sucessfully passed !
	Initialyzed swapped data for i = 208, j = 243 sucessfully passed !
	Initialyzed swapped data for i = 208, j = 244 sucessfully passed !
	Initialyzed swapped data for i = 208, j = 245 sucessfully passed !
	Initialyzed swapped data for i = 208, j = 246 sucessfully passed !
	Initialyzed swapped data for i = 208, j = 247 sucessfully passed !
	Initialyzed swapped data for i = 208, j = 248 sucessfully passed !
	Initialyzed swapped data for i = 208, j = 249 sucessfully passed !
	Initialyzed swapped data for i = 208, j = 250 sucessfully passed !
	Initialyzed swapped data for i = 208, j = 251 sucessfully passed !
	Initialyzed swapped data for i = 208, j = 252 sucessfully passed !
	Initialyzed swapped data for i = 208, j = 253 sucessfully passed !
	Initialyzed swapped data for i = 208, j = 254 sucessfully passed !
	Initialyzed swapped data for i = 208, j = 255 sucessfully passed !
	Initialyzed swapped data for i = 208, j = 256 sucessfully passed !
	Initialyzed swapped data for i = 208, j = 257 sucessfully passed !
	Initialyzed swapped data for i = 208, j = 258 sucessfully passed !
	Initialyzed swapped data for i = 208, j = 259 sucessfully passed !
	Initialyzed swapped data for i = 208, j = 260 sucessfully passed !
	Initialyzed swapped data for i = 208, j = 261 sucessfully passed !
	Initialyzed swapped data for i = 208, j = 262 sucessfully passed !
	Initialyzed swapped data for i = 208, j = 263 sucessfully passed !
	Initialyzed swapped data for i = 208, j = 264 sucessfully passed !
	Initialyzed swapped data for i = 208, j = 265 sucessfully passed !
	Initialyzed swapped data for i = 208, j = 266 sucessfully passed !
	Initialyzed swapped data for i = 208, j = 267 sucessfully passed !
	Initialyzed swapped data for i = 208, j = 268 sucessfully passed !
	Initialyzed swapped data for i = 208, j = 269 sucessfully passed !
	Initialyzed swapped data for i = 208, j = 270 sucessfully passed !
	Initialyzed swapped data for i = 208, j = 271 sucessfully passed !
	Initialyzed swapped data for i = 208, j = 272 sucessfully passed !
	Initialyzed swapped data for i = 208, j = 273 sucessfully passed !
	Initialyzed swapped data for i = 208, j = 274 sucessfully passed !
	Initialyzed swapped data for i = 208, j = 275 sucessfully passed !
	Initialyzed swapped data for i = 208, j = 276 sucessfully passed !
	Initialyzed swapped data for i = 208, j = 277 sucessfully passed !
	Initialyzed swapped data for i = 208, j = 278 sucessfully passed !
	Initialyzed swapped data for i = 208, j = 279 sucessfully passed !
	Initialyzed swapped data for i = 208, j = 280 sucessfully passed !
	Initialyzed swapped data for i = 208, j = 281 sucessfully passed !
	Initialyzed swapped data for i = 208, j = 282 sucessfully passed !
	Initialyzed swapped data for i = 208, j = 283 sucessfully passed !
	Initialyzed swapped data for i = 208, j = 284 sucessfully passed !
	Initialyzed swapped data for i = 208, j = 285 sucessfully passed !
	Initialyzed swapped data for i = 208, j = 286 sucessfully passed !
	Initialyzed swapped data for i = 208, j = 287 sucessfully passed !
	Initialyzed swapped data for i = 208, j = 288 sucessfully passed !
	Initialyzed swapped data for i = 208, j = 289 sucessfully passed !
	Initialyzed swapped data for i = 208, j = 290 sucessfully passed !
	Initialyzed swapped data for i = 208, j = 291 sucessfully passed !
	Initialyzed swapped data for i = 208, j = 292 sucessfully passed !
	Initialyzed swapped data for i = 208, j = 293 sucessfully passed !
	Initialyzed swapped data for i = 208, j = 294 sucessfully passed !
	Initialyzed swapped data for i = 208, j = 295 sucessfully passed !
	Initialyzed swapped data for i = 208, j = 296 sucessfully passed !
	Initialyzed swapped data for i = 208, j = 297 sucessfully passed !
	Initialyzed swapped data for i = 208, j = 298 sucessfully passed !
	Initialyzed swapped data for i = 208, j = 299 sucessfully passed !
	Initialyzed swapped data for i = 208, j = 300 sucessfully passed !
	Initialyzed swapped data for i = 208, j = 301 sucessfully passed !
	Initialyzed swapped data for i = 208, j = 302 sucessfully passed !
	Initialyzed swapped data for i = 208, j = 303 sucessfully passed !
	Initialyzed swapped data for i = 208, j = 304 sucessfully passed !
	Initialyzed swapped data for i = 208, j = 305 sucessfully passed !
	Initialyzed swapped data for i = 208, j = 306 sucessfully passed !
	Initialyzed swapped data for i = 208, j = 307 sucessfully passed !
	Initialyzed swapped data for i = 208, j = 308 sucessfully passed !
	Initialyzed swapped data for i = 208, j = 309 sucessfully passed !
	Initialyzed swapped data for i = 208, j = 310 sucessfully passed !
	Initialyzed swapped data for i = 208, j = 311 sucessfully passed !
	Initialyzed swapped data for i = 208, j = 312 sucessfully passed !
	Initialyzed swapped data for i = 208, j = 313 sucessfully passed !
	Initialyzed swapped data for i = 208, j = 314 sucessfully passed !
	Initialyzed swapped data for i = 208, j = 315 sucessfully passed !
	Initialyzed swapped data for i = 208, j = 316 sucessfully passed !
	Initialyzed swapped data for i = 208, j = 317 sucessfully passed !
	Initialyzed swapped data for i = 208, j = 318 sucessfully passed !
	Initialyzed swapped data for i = 208, j = 319 sucessfully passed !
	Initialyzed swapped data for i = 208, j = 320 sucessfully passed !
	Initialyzed swapped data for i = 208, j = 321 sucessfully passed !
	Initialyzed swapped data for i = 208, j = 322 sucessfully passed !
	Initialyzed swapped data for i = 208, j = 323 sucessfully passed !
	Initialyzed swapped data for i = 208, j = 324 sucessfully passed !
	Initialyzed swapped data for i = 208, j = 325 sucessfully passed !
	Initialyzed swapped data for i = 208, j = 326 sucessfully passed !
	Initialyzed swapped data for i = 208, j = 327 sucessfully passed !
	Initialyzed swapped data for i = 208, j = 328 sucessfully passed !
	Initialyzed swapped data for i = 208, j = 329 sucessfully passed !
	Initialyzed swapped data for i = 208, j = 330 sucessfully passed !
	Initialyzed swapped data for i = 208, j = 331 sucessfully passed !
	Initialyzed swapped data for i = 208, j = 332 sucessfully passed !
	Initialyzed swapped data for i = 208, j = 333 sucessfully passed !
	Initialyzed swapped data for i = 208, j = 334 sucessfully passed !
	Initialyzed swapped data for i = 208, j = 335 sucessfully passed !
	Initialyzed swapped data for i = 208, j = 336 sucessfully passed !
	Initialyzed swapped data for i = 208, j = 337 sucessfully passed !
	Initialyzed swapped data for i = 208, j = 338 sucessfully passed !
	Initialyzed swapped data for i = 208, j = 339 sucessfully passed !
	Initialyzed swapped data for i = 208, j = 340 sucessfully passed !
	Initialyzed swapped data for i = 208, j = 341 sucessfully passed !
	Initialyzed swapped data for i = 208, j = 342 sucessfully passed !
	Initialyzed swapped data for i = 208, j = 343 sucessfully passed !
	Initialyzed swapped data for i = 208, j = 344 sucessfully passed !
	Initialyzed swapped data for i = 208, j = 345 sucessfully passed !
	Initialyzed swapped data for i = 208, j = 346 sucessfully passed !
	Initialyzed swapped data for i = 208, j = 347 sucessfully passed !
	Initialyzed swapped data for i = 208, j = 348 sucessfully passed !
	Initialyzed swapped data for i = 208, j = 349 sucessfully passed !
	Initialyzed swapped data for i = 208, j = 350 sucessfully passed !
	Initialyzed swapped data for i = 208, j = 351 sucessfully passed !
	Initialyzed swapped data for i = 208, j = 352 sucessfully passed !
	Initialyzed swapped data for i = 208, j = 353 sucessfully passed !
	Initialyzed swapped data for i = 208, j = 354 sucessfully passed !
	Initialyzed swapped data for i = 208, j = 355 sucessfully passed !
	Initialyzed swapped data for i = 208, j = 356 sucessfully passed !
	Initialyzed swapped data for i = 208, j = 357 sucessfully passed !
	Initialyzed swapped data for i = 208, j = 358 sucessfully passed !
	Initialyzed swapped data for i = 208, j = 359 sucessfully passed !
	Initialyzed swapped data for i = 208, j = 360 sucessfully passed !
	Initialyzed swapped data for i = 208, j = 361 sucessfully passed !
	Initialyzed swapped data for i = 208, j = 362 sucessfully passed !
	Initialyzed swapped data for i = 208, j = 363 sucessfully passed !
	Initialyzed swapped data for i = 208, j = 364 sucessfully passed !
	Initialyzed swapped data for i = 208, j = 365 sucessfully passed !
	Initialyzed swapped data for i = 208, j = 366 sucessfully passed !
	Initialyzed swapped data for i = 208, j = 367 sucessfully passed !
	Initialyzed swapped data for i = 208, j = 368 sucessfully passed !
	Initialyzed swapped data for i = 208, j = 369 sucessfully passed !
	Initialyzed swapped data for i = 208, j = 370 sucessfully passed !
	Initialyzed swapped data for i = 208, j = 371 sucessfully passed !
	Initialyzed swapped data for i = 208, j = 372 sucessfully passed !
	Initialyzed swapped data for i = 208, j = 373 sucessfully passed !
	Initialyzed swapped data for i = 208, j = 374 sucessfully passed !
	Initialyzed swapped data for i = 208, j = 375 sucessfully passed !
	Initialyzed swapped data for i = 208, j = 376 sucessfully passed !
	Initialyzed swapped data for i = 208, j = 377 sucessfully passed !
	Initialyzed swapped data for i = 208, j = 378 sucessfully passed !
	Initialyzed swapped data for i = 208, j = 379 sucessfully passed !
	Initialyzed swapped data for i = 208, j = 380 sucessfully passed !
	Initialyzed swapped data for i = 208, j = 381 sucessfully passed !
	Initialyzed swapped data for i = 208, j = 382 sucessfully passed !
	Initialyzed swapped data for i = 208, j = 383 sucessfully passed !
	Initialyzed swapped data for i = 208, j = 384 sucessfully passed !
	Initialyzed swapped data for i = 208, j = 385 sucessfully passed !
	Initialyzed swapped data for i = 208, j = 386 sucessfully passed !
	Initialyzed swapped data for i = 208, j = 387 sucessfully passed !
	Initialyzed swapped data for i = 208, j = 388 sucessfully passed !
	Initialyzed swapped data for i = 208, j = 389 sucessfully passed !
	Initialyzed swapped data for i = 208, j = 390 sucessfully passed !
	Initialyzed swapped data for i = 208, j = 391 sucessfully passed !
	Initialyzed swapped data for i = 208, j = 392 sucessfully passed !
	Initialyzed swapped data for i = 208, j = 393 sucessfully passed !
	Initialyzed swapped data for i = 208, j = 394 sucessfully passed !
	Initialyzed swapped data for i = 208, j = 395 sucessfully passed !
	Initialyzed swapped data for i = 208, j = 396 sucessfully passed !
	Initialyzed swapped data for i = 208, j = 397 sucessfully passed !
	Initialyzed swapped data for i = 208, j = 398 sucessfully passed !
	Initialyzed swapped data for i = 208, j = 399 sucessfully passed !
	Initialyzed swapped data for i = 208, j = 400 sucessfully passed !
	Initialyzed swapped data for i = 208, j = 401 sucessfully passed !
	Initialyzed swapped data for i = 208, j = 402 sucessfully passed !
	Initialyzed swapped data for i = 208, j = 403 sucessfully passed !
	Initialyzed swapped data for i = 208, j = 404 sucessfully passed !
	Initialyzed swapped data for i = 208, j = 405 sucessfully passed !
	Initialyzed swapped data for i = 208, j = 406 sucessfully passed !
	Initialyzed swapped data for i = 208, j = 407 sucessfully passed !
	Initialyzed swapped data for i = 208, j = 408 sucessfully passed !
	Initialyzed swapped data for i = 208, j = 409 sucessfully passed !
	Initialyzed swapped data for i = 208, j = 410 sucessfully passed !
	Initialyzed swapped data for i = 208, j = 411 sucessfully passed !
	Initialyzed swapped data for i = 208, j = 412 sucessfully passed !
	Initialyzed swapped data for i = 208, j = 413 sucessfully passed !
	Initialyzed swapped data for i = 208, j = 414 sucessfully passed !
	Initialyzed swapped data for i = 208, j = 415 sucessfully passed !
	Initialyzed swapped data for i = 208, j = 416 sucessfully passed !
	Initialyzed swapped data for i = 208, j = 417 sucessfully passed !
	Initialyzed swapped data for i = 208, j = 418 sucessfully passed !
	Initialyzed swapped data for i = 208, j = 419 sucessfully passed !
	Initialyzed swapped data for i = 208, j = 420 sucessfully passed !
	Initialyzed swapped data for i = 208, j = 421 sucessfully passed !
	Initialyzed swapped data for i = 208, j = 422 sucessfully passed !
	Initialyzed swapped data for i = 208, j = 423 sucessfully passed !
	Initialyzed swapped data for i = 208, j = 424 sucessfully passed !
	Initialyzed swapped data for i = 208, j = 425 sucessfully passed !
	Initialyzed swapped data for i = 208, j = 426 sucessfully passed !
	Initialyzed swapped data for i = 208, j = 427 sucessfully passed !
	Initialyzed swapped data for i = 208, j = 428 sucessfully passed !
	Initialyzed swapped data for i = 208, j = 429 sucessfully passed !
	Initialyzed swapped data for i = 208, j = 430 sucessfully passed !
	Initialyzed swapped data for i = 208, j = 431 sucessfully passed !
	Initialyzed swapped data for i = 208, j = 432 sucessfully passed !
	Initialyzed swapped data for i = 208, j = 433 sucessfully passed !
	Initialyzed swapped data for i = 209, j = 210 sucessfully passed !
	Initialyzed swapped data for i = 209, j = 211 sucessfully passed !
	Initialyzed swapped data for i = 209, j = 212 sucessfully passed !
	Initialyzed swapped data for i = 209, j = 213 sucessfully passed !
	Initialyzed swapped data for i = 209, j = 214 sucessfully passed !
	Initialyzed swapped data for i = 209, j = 215 sucessfully passed !
	Initialyzed swapped data for i = 209, j = 216 sucessfully passed !
	Initialyzed swapped data for i = 209, j = 217 sucessfully passed !
	Initialyzed swapped data for i = 209, j = 218 sucessfully passed !
	Initialyzed swapped data for i = 209, j = 219 sucessfully passed !
	Initialyzed swapped data for i = 209, j = 220 sucessfully passed !
	Initialyzed swapped data for i = 209, j = 221 sucessfully passed !
	Initialyzed swapped data for i = 209, j = 222 sucessfully passed !
	Initialyzed swapped data for i = 209, j = 223 sucessfully passed !
	Initialyzed swapped data for i = 209, j = 224 sucessfully passed !
	Initialyzed swapped data for i = 209, j = 225 sucessfully passed !
	Initialyzed swapped data for i = 209, j = 226 sucessfully passed !
	Initialyzed swapped data for i = 209, j = 227 sucessfully passed !
	Initialyzed swapped data for i = 209, j = 228 sucessfully passed !
	Initialyzed swapped data for i = 209, j = 229 sucessfully passed !
	Initialyzed swapped data for i = 209, j = 230 sucessfully passed !
	Initialyzed swapped data for i = 209, j = 231 sucessfully passed !
	Initialyzed swapped data for i = 209, j = 232 sucessfully passed !
	Initialyzed swapped data for i = 209, j = 233 sucessfully passed !
	Initialyzed swapped data for i = 209, j = 234 sucessfully passed !
	Initialyzed swapped data for i = 209, j = 235 sucessfully passed !
	Initialyzed swapped data for i = 209, j = 236 sucessfully passed !
	Initialyzed swapped data for i = 209, j = 237 sucessfully passed !
	Initialyzed swapped data for i = 209, j = 238 sucessfully passed !
	Initialyzed swapped data for i = 209, j = 239 sucessfully passed !
	Initialyzed swapped data for i = 209, j = 240 sucessfully passed !
	Initialyzed swapped data for i = 209, j = 241 sucessfully passed !
	Initialyzed swapped data for i = 209, j = 242 sucessfully passed !
	Initialyzed swapped data for i = 209, j = 243 sucessfully passed !
	Initialyzed swapped data for i = 209, j = 244 sucessfully passed !
	Initialyzed swapped data for i = 209, j = 245 sucessfully passed !
	Initialyzed swapped data for i = 209, j = 246 sucessfully passed !
	Initialyzed swapped data for i = 209, j = 247 sucessfully passed !
	Initialyzed swapped data for i = 209, j = 248 sucessfully passed !
	Initialyzed swapped data for i = 209, j = 249 sucessfully passed !
	Initialyzed swapped data for i = 209, j = 250 sucessfully passed !
	Initialyzed swapped data for i = 209, j = 251 sucessfully passed !
	Initialyzed swapped data for i = 209, j = 252 sucessfully passed !
	Initialyzed swapped data for i = 209, j = 253 sucessfully passed !
	Initialyzed swapped data for i = 209, j = 254 sucessfully passed !
	Initialyzed swapped data for i = 209, j = 255 sucessfully passed !
	Initialyzed swapped data for i = 209, j = 256 sucessfully passed !
	Initialyzed swapped data for i = 209, j = 257 sucessfully passed !
	Initialyzed swapped data for i = 209, j = 258 sucessfully passed !
	Initialyzed swapped data for i = 209, j = 259 sucessfully passed !
	Initialyzed swapped data for i = 209, j = 260 sucessfully passed !
	Initialyzed swapped data for i = 209, j = 261 sucessfully passed !
	Initialyzed swapped data for i = 209, j = 262 sucessfully passed !
	Initialyzed swapped data for i = 209, j = 263 sucessfully passed !
	Initialyzed swapped data for i = 209, j = 264 sucessfully passed !
	Initialyzed swapped data for i = 209, j = 265 sucessfully passed !
	Initialyzed swapped data for i = 209, j = 266 sucessfully passed !
	Initialyzed swapped data for i = 209, j = 267 sucessfully passed !
	Initialyzed swapped data for i = 209, j = 268 sucessfully passed !
	Initialyzed swapped data for i = 209, j = 269 sucessfully passed !
	Initialyzed swapped data for i = 209, j = 270 sucessfully passed !
	Initialyzed swapped data for i = 209, j = 271 sucessfully passed !
	Initialyzed swapped data for i = 209, j = 272 sucessfully passed !
	Initialyzed swapped data for i = 209, j = 273 sucessfully passed !
	Initialyzed swapped data for i = 209, j = 274 sucessfully passed !
	Initialyzed swapped data for i = 209, j = 275 sucessfully passed !
	Initialyzed swapped data for i = 209, j = 276 sucessfully passed !
	Initialyzed swapped data for i = 209, j = 277 sucessfully passed !
	Initialyzed swapped data for i = 209, j = 278 sucessfully passed !
	Initialyzed swapped data for i = 209, j = 279 sucessfully passed !
	Initialyzed swapped data for i = 209, j = 280 sucessfully passed !
	Initialyzed swapped data for i = 209, j = 281 sucessfully passed !
	Initialyzed swapped data for i = 209, j = 282 sucessfully passed !
	Initialyzed swapped data for i = 209, j = 283 sucessfully passed !
	Initialyzed swapped data for i = 209, j = 284 sucessfully passed !
	Initialyzed swapped data for i = 209, j = 285 sucessfully passed !
	Initialyzed swapped data for i = 209, j = 286 sucessfully passed !
	Initialyzed swapped data for i = 209, j = 287 sucessfully passed !
	Initialyzed swapped data for i = 209, j = 288 sucessfully passed !
	Initialyzed swapped data for i = 209, j = 289 sucessfully passed !
	Initialyzed swapped data for i = 209, j = 290 sucessfully passed !
	Initialyzed swapped data for i = 209, j = 291 sucessfully passed !
	Initialyzed swapped data for i = 209, j = 292 sucessfully passed !
	Initialyzed swapped data for i = 209, j = 293 sucessfully passed !
	Initialyzed swapped data for i = 209, j = 294 sucessfully passed !
	Initialyzed swapped data for i = 209, j = 295 sucessfully passed !
	Initialyzed swapped data for i = 209, j = 296 sucessfully passed !
	Initialyzed swapped data for i = 209, j = 297 sucessfully passed !
	Initialyzed swapped data for i = 209, j = 298 sucessfully passed !
	Initialyzed swapped data for i = 209, j = 299 sucessfully passed !
	Initialyzed swapped data for i = 209, j = 300 sucessfully passed !
	Initialyzed swapped data for i = 209, j = 301 sucessfully passed !
	Initialyzed swapped data for i = 209, j = 302 sucessfully passed !
	Initialyzed swapped data for i = 209, j = 303 sucessfully passed !
	Initialyzed swapped data for i = 209, j = 304 sucessfully passed !
	Initialyzed swapped data for i = 209, j = 305 sucessfully passed !
	Initialyzed swapped data for i = 209, j = 306 sucessfully passed !
	Initialyzed swapped data for i = 209, j = 307 sucessfully passed !
	Initialyzed swapped data for i = 209, j = 308 sucessfully passed !
	Initialyzed swapped data for i = 209, j = 309 sucessfully passed !
	Initialyzed swapped data for i = 209, j = 310 sucessfully passed !
	Initialyzed swapped data for i = 209, j = 311 sucessfully passed !
	Initialyzed swapped data for i = 209, j = 312 sucessfully passed !
	Initialyzed swapped data for i = 209, j = 313 sucessfully passed !
	Initialyzed swapped data for i = 209, j = 314 sucessfully passed !
	Initialyzed swapped data for i = 209, j = 315 sucessfully passed !
	Initialyzed swapped data for i = 209, j = 316 sucessfully passed !
	Initialyzed swapped data for i = 209, j = 317 sucessfully passed !
	Initialyzed swapped data for i = 209, j = 318 sucessfully passed !
	Initialyzed swapped data for i = 209, j = 319 sucessfully passed !
	Initialyzed swapped data for i = 209, j = 320 sucessfully passed !
	Initialyzed swapped data for i = 209, j = 321 sucessfully passed !
	Initialyzed swapped data for i = 209, j = 322 sucessfully passed !
	Initialyzed swapped data for i = 209, j = 323 sucessfully passed !
	Initialyzed swapped data for i = 209, j = 324 sucessfully passed !
	Initialyzed swapped data for i = 209, j = 325 sucessfully passed !
	Initialyzed swapped data for i = 209, j = 326 sucessfully passed !
	Initialyzed swapped data for i = 209, j = 327 sucessfully passed !
	Initialyzed swapped data for i = 209, j = 328 sucessfully passed !
	Initialyzed swapped data for i = 209, j = 329 sucessfully passed !
	Initialyzed swapped data for i = 209, j = 330 sucessfully passed !
	Initialyzed swapped data for i = 209, j = 331 sucessfully passed !
	Initialyzed swapped data for i = 209, j = 332 sucessfully passed !
	Initialyzed swapped data for i = 209, j = 333 sucessfully passed !
	Initialyzed swapped data for i = 209, j = 334 sucessfully passed !
	Initialyzed swapped data for i = 209, j = 335 sucessfully passed !
	Initialyzed swapped data for i = 209, j = 336 sucessfully passed !
	Initialyzed swapped data for i = 209, j = 337 sucessfully passed !
	Initialyzed swapped data for i = 209, j = 338 sucessfully passed !
	Initialyzed swapped data for i = 209, j = 339 sucessfully passed !
	Initialyzed swapped data for i = 209, j = 340 sucessfully passed !
	Initialyzed swapped data for i = 209, j = 341 sucessfully passed !
	Initialyzed swapped data for i = 209, j = 342 sucessfully passed !
	Initialyzed swapped data for i = 209, j = 343 sucessfully passed !
	Initialyzed swapped data for i = 209, j = 344 sucessfully passed !
	Initialyzed swapped data for i = 209, j = 345 sucessfully passed !
	Initialyzed swapped data for i = 209, j = 346 sucessfully passed !
	Initialyzed swapped data for i = 209, j = 347 sucessfully passed !
	Initialyzed swapped data for i = 209, j = 348 sucessfully passed !
	Initialyzed swapped data for i = 209, j = 349 sucessfully passed !
	Initialyzed swapped data for i = 209, j = 350 sucessfully passed !
	Initialyzed swapped data for i = 209, j = 351 sucessfully passed !
	Initialyzed swapped data for i = 209, j = 352 sucessfully passed !
	Initialyzed swapped data for i = 209, j = 353 sucessfully passed !
	Initialyzed swapped data for i = 209, j = 354 sucessfully passed !
	Initialyzed swapped data for i = 209, j = 355 sucessfully passed !
	Initialyzed swapped data for i = 209, j = 356 sucessfully passed !
	Initialyzed swapped data for i = 209, j = 357 sucessfully passed !
	Initialyzed swapped data for i = 209, j = 358 sucessfully passed !
	Initialyzed swapped data for i = 209, j = 359 sucessfully passed !
	Initialyzed swapped data for i = 209, j = 360 sucessfully passed !
	Initialyzed swapped data for i = 209, j = 361 sucessfully passed !
	Initialyzed swapped data for i = 209, j = 362 sucessfully passed !
	Initialyzed swapped data for i = 209, j = 363 sucessfully passed !
	Initialyzed swapped data for i = 209, j = 364 sucessfully passed !
	Initialyzed swapped data for i = 209, j = 365 sucessfully passed !
	Initialyzed swapped data for i = 209, j = 366 sucessfully passed !
	Initialyzed swapped data for i = 209, j = 367 sucessfully passed !
	Initialyzed swapped data for i = 209, j = 368 sucessfully passed !
	Initialyzed swapped data for i = 209, j = 369 sucessfully passed !
	Initialyzed swapped data for i = 209, j = 370 sucessfully passed !
	Initialyzed swapped data for i = 209, j = 371 sucessfully passed !
	Initialyzed swapped data for i = 209, j = 372 sucessfully passed !
	Initialyzed swapped data for i = 209, j = 373 sucessfully passed !
	Initialyzed swapped data for i = 209, j = 374 sucessfully passed !
	Initialyzed swapped data for i = 209, j = 375 sucessfully passed !
	Initialyzed swapped data for i = 209, j = 376 sucessfully passed !
	Initialyzed swapped data for i = 209, j = 377 sucessfully passed !
	Initialyzed swapped data for i = 209, j = 378 sucessfully passed !
	Initialyzed swapped data for i = 209, j = 379 sucessfully passed !
	Initialyzed swapped data for i = 209, j = 380 sucessfully passed !
	Initialyzed swapped data for i = 209, j = 381 sucessfully passed !
	Initialyzed swapped data for i = 209, j = 382 sucessfully passed !
	Initialyzed swapped data for i = 209, j = 383 sucessfully passed !
	Initialyzed swapped data for i = 209, j = 384 sucessfully passed !
	Initialyzed swapped data for i = 209, j = 385 sucessfully passed !
	Initialyzed swapped data for i = 209, j = 386 sucessfully passed !
	Initialyzed swapped data for i = 209, j = 387 sucessfully passed !
	Initialyzed swapped data for i = 209, j = 388 sucessfully passed !
	Initialyzed swapped data for i = 209, j = 389 sucessfully passed !
	Initialyzed swapped data for i = 209, j = 390 sucessfully passed !
	Initialyzed swapped data for i = 209, j = 391 sucessfully passed !
	Initialyzed swapped data for i = 209, j = 392 sucessfully passed !
	Initialyzed swapped data for i = 209, j = 393 sucessfully passed !
	Initialyzed swapped data for i = 209, j = 394 sucessfully passed !
	Initialyzed swapped data for i = 209, j = 395 sucessfully passed !
	Initialyzed swapped data for i = 209, j = 396 sucessfully passed !
	Initialyzed swapped data for i = 209, j = 397 sucessfully passed !
	Initialyzed swapped data for i = 209, j = 398 sucessfully passed !
	Initialyzed swapped data for i = 209, j = 399 sucessfully passed !
	Initialyzed swapped data for i = 209, j = 400 sucessfully passed !
	Initialyzed swapped data for i = 209, j = 401 sucessfully passed !
	Initialyzed swapped data for i = 209, j = 402 sucessfully passed !
	Initialyzed swapped data for i = 209, j = 403 sucessfully passed !
	Initialyzed swapped data for i = 209, j = 404 sucessfully passed !
	Initialyzed swapped data for i = 209, j = 405 sucessfully passed !
	Initialyzed swapped data for i = 209, j = 406 sucessfully passed !
	Initialyzed swapped data for i = 209, j = 407 sucessfully passed !
	Initialyzed swapped data for i = 209, j = 408 sucessfully passed !
	Initialyzed swapped data for i = 209, j = 409 sucessfully passed !
	Initialyzed swapped data for i = 209, j = 410 sucessfully passed !
	Initialyzed swapped data for i = 209, j = 411 sucessfully passed !
	Initialyzed swapped data for i = 209, j = 412 sucessfully passed !
	Initialyzed swapped data for i = 209, j = 413 sucessfully passed !
	Initialyzed swapped data for i = 209, j = 414 sucessfully passed !
	Initialyzed swapped data for i = 209, j = 415 sucessfully passed !
	Initialyzed swapped data for i = 209, j = 416 sucessfully passed !
	Initialyzed swapped data for i = 209, j = 417 sucessfully passed !
	Initialyzed swapped data for i = 209, j = 418 sucessfully passed !
	Initialyzed swapped data for i = 209, j = 419 sucessfully passed !
	Initialyzed swapped data for i = 209, j = 420 sucessfully passed !
	Initialyzed swapped data for i = 209, j = 421 sucessfully passed !
	Initialyzed swapped data for i = 209, j = 422 sucessfully passed !
	Initialyzed swapped data for i = 209, j = 423 sucessfully passed !
	Initialyzed swapped data for i = 209, j = 424 sucessfully passed !
	Initialyzed swapped data for i = 209, j = 425 sucessfully passed !
	Initialyzed swapped data for i = 209, j = 426 sucessfully passed !
	Initialyzed swapped data for i = 209, j = 427 sucessfully passed !
	Initialyzed swapped data for i = 209, j = 428 sucessfully passed !
	Initialyzed swapped data for i = 209, j = 429 sucessfully passed !
	Initialyzed swapped data for i = 209, j = 430 sucessfully passed !
	Initialyzed swapped data for i = 209, j = 431 sucessfully passed !
	Initialyzed swapped data for i = 209, j = 432 sucessfully passed !
	Initialyzed swapped data for i = 209, j = 433 sucessfully passed !
	Initialyzed swapped data for i = 210, j = 211 sucessfully passed !
	Initialyzed swapped data for i = 210, j = 212 sucessfully passed !
	Initialyzed swapped data for i = 210, j = 213 sucessfully passed !
	Initialyzed swapped data for i = 210, j = 214 sucessfully passed !
	Initialyzed swapped data for i = 210, j = 215 sucessfully passed !
	Initialyzed swapped data for i = 210, j = 216 sucessfully passed !
	Initialyzed swapped data for i = 210, j = 217 sucessfully passed !
	Initialyzed swapped data for i = 210, j = 218 sucessfully passed !
	Initialyzed swapped data for i = 210, j = 219 sucessfully passed !
	Initialyzed swapped data for i = 210, j = 220 sucessfully passed !
	Initialyzed swapped data for i = 210, j = 221 sucessfully passed !
	Initialyzed swapped data for i = 210, j = 222 sucessfully passed !
	Initialyzed swapped data for i = 210, j = 223 sucessfully passed !
	Initialyzed swapped data for i = 210, j = 224 sucessfully passed !
	Initialyzed swapped data for i = 210, j = 225 sucessfully passed !
	Initialyzed swapped data for i = 210, j = 226 sucessfully passed !
	Initialyzed swapped data for i = 210, j = 227 sucessfully passed !
	Initialyzed swapped data for i = 210, j = 228 sucessfully passed !
	Initialyzed swapped data for i = 210, j = 229 sucessfully passed !
	Initialyzed swapped data for i = 210, j = 230 sucessfully passed !
	Initialyzed swapped data for i = 210, j = 231 sucessfully passed !
	Initialyzed swapped data for i = 210, j = 232 sucessfully passed !
	Initialyzed swapped data for i = 210, j = 233 sucessfully passed !
	Initialyzed swapped data for i = 210, j = 234 sucessfully passed !
	Initialyzed swapped data for i = 210, j = 235 sucessfully passed !
	Initialyzed swapped data for i = 210, j = 236 sucessfully passed !
	Initialyzed swapped data for i = 210, j = 237 sucessfully passed !
	Initialyzed swapped data for i = 210, j = 238 sucessfully passed !
	Initialyzed swapped data for i = 210, j = 239 sucessfully passed !
	Initialyzed swapped data for i = 210, j = 240 sucessfully passed !
	Initialyzed swapped data for i = 210, j = 241 sucessfully passed !
	Initialyzed swapped data for i = 210, j = 242 sucessfully passed !
	Initialyzed swapped data for i = 210, j = 243 sucessfully passed !
	Initialyzed swapped data for i = 210, j = 244 sucessfully passed !
	Initialyzed swapped data for i = 210, j = 245 sucessfully passed !
	Initialyzed swapped data for i = 210, j = 246 sucessfully passed !
	Initialyzed swapped data for i = 210, j = 247 sucessfully passed !
	Initialyzed swapped data for i = 210, j = 248 sucessfully passed !
	Initialyzed swapped data for i = 210, j = 249 sucessfully passed !
	Initialyzed swapped data for i = 210, j = 250 sucessfully passed !
	Initialyzed swapped data for i = 210, j = 251 sucessfully passed !
	Initialyzed swapped data for i = 210, j = 252 sucessfully passed !
	Initialyzed swapped data for i = 210, j = 253 sucessfully passed !
	Initialyzed swapped data for i = 210, j = 254 sucessfully passed !
	Initialyzed swapped data for i = 210, j = 255 sucessfully passed !
	Initialyzed swapped data for i = 210, j = 256 sucessfully passed !
	Initialyzed swapped data for i = 210, j = 257 sucessfully passed !
	Initialyzed swapped data for i = 210, j = 258 sucessfully passed !
	Initialyzed swapped data for i = 210, j = 259 sucessfully passed !
	Initialyzed swapped data for i = 210, j = 260 sucessfully passed !
	Initialyzed swapped data for i = 210, j = 261 sucessfully passed !
	Initialyzed swapped data for i = 210, j = 262 sucessfully passed !
	Initialyzed swapped data for i = 210, j = 263 sucessfully passed !
	Initialyzed swapped data for i = 210, j = 264 sucessfully passed !
	Initialyzed swapped data for i = 210, j = 265 sucessfully passed !
	Initialyzed swapped data for i = 210, j = 266 sucessfully passed !
	Initialyzed swapped data for i = 210, j = 267 sucessfully passed !
	Initialyzed swapped data for i = 210, j = 268 sucessfully passed !
	Initialyzed swapped data for i = 210, j = 269 sucessfully passed !
	Initialyzed swapped data for i = 210, j = 270 sucessfully passed !
	Initialyzed swapped data for i = 210, j = 271 sucessfully passed !
	Initialyzed swapped data for i = 210, j = 272 sucessfully passed !
	Initialyzed swapped data for i = 210, j = 273 sucessfully passed !
	Initialyzed swapped data for i = 210, j = 274 sucessfully passed !
	Initialyzed swapped data for i = 210, j = 275 sucessfully passed !
	Initialyzed swapped data for i = 210, j = 276 sucessfully passed !
	Initialyzed swapped data for i = 210, j = 277 sucessfully passed !
	Initialyzed swapped data for i = 210, j = 278 sucessfully passed !
	Initialyzed swapped data for i = 210, j = 279 sucessfully passed !
	Initialyzed swapped data for i = 210, j = 280 sucessfully passed !
	Initialyzed swapped data for i = 210, j = 281 sucessfully passed !
	Initialyzed swapped data for i = 210, j = 282 sucessfully passed !
	Initialyzed swapped data for i = 210, j = 283 sucessfully passed !
	Initialyzed swapped data for i = 210, j = 284 sucessfully passed !
	Initialyzed swapped data for i = 210, j = 285 sucessfully passed !
	Initialyzed swapped data for i = 210, j = 286 sucessfully passed !
	Initialyzed swapped data for i = 210, j = 287 sucessfully passed !
	Initialyzed swapped data for i = 210, j = 288 sucessfully passed !
	Initialyzed swapped data for i = 210, j = 289 sucessfully passed !
	Initialyzed swapped data for i = 210, j = 290 sucessfully passed !
	Initialyzed swapped data for i = 210, j = 291 sucessfully passed !
	Initialyzed swapped data for i = 210, j = 292 sucessfully passed !
	Initialyzed swapped data for i = 210, j = 293 sucessfully passed !
	Initialyzed swapped data for i = 210, j = 294 sucessfully passed !
	Initialyzed swapped data for i = 210, j = 295 sucessfully passed !
	Initialyzed swapped data for i = 210, j = 296 sucessfully passed !
	Initialyzed swapped data for i = 210, j = 297 sucessfully passed !
	Initialyzed swapped data for i = 210, j = 298 sucessfully passed !
	Initialyzed swapped data for i = 210, j = 299 sucessfully passed !
	Initialyzed swapped data for i = 210, j = 300 sucessfully passed !
	Initialyzed swapped data for i = 210, j = 301 sucessfully passed !
	Initialyzed swapped data for i = 210, j = 302 sucessfully passed !
	Initialyzed swapped data for i = 210, j = 303 sucessfully passed !
	Initialyzed swapped data for i = 210, j = 304 sucessfully passed !
	Initialyzed swapped data for i = 210, j = 305 sucessfully passed !
	Initialyzed swapped data for i = 210, j = 306 sucessfully passed !
	Initialyzed swapped data for i = 210, j = 307 sucessfully passed !
	Initialyzed swapped data for i = 210, j = 308 sucessfully passed !
	Initialyzed swapped data for i = 210, j = 309 sucessfully passed !
	Initialyzed swapped data for i = 210, j = 310 sucessfully passed !
	Initialyzed swapped data for i = 210, j = 311 sucessfully passed !
	Initialyzed swapped data for i = 210, j = 312 sucessfully passed !
	Initialyzed swapped data for i = 210, j = 313 sucessfully passed !
	Initialyzed swapped data for i = 210, j = 314 sucessfully passed !
	Initialyzed swapped data for i = 210, j = 315 sucessfully passed !
	Initialyzed swapped data for i = 210, j = 316 sucessfully passed !
	Initialyzed swapped data for i = 210, j = 317 sucessfully passed !
	Initialyzed swapped data for i = 210, j = 318 sucessfully passed !
	Initialyzed swapped data for i = 210, j = 319 sucessfully passed !
	Initialyzed swapped data for i = 210, j = 320 sucessfully passed !
	Initialyzed swapped data for i = 210, j = 321 sucessfully passed !
	Initialyzed swapped data for i = 210, j = 322 sucessfully passed !
	Initialyzed swapped data for i = 210, j = 323 sucessfully passed !
	Initialyzed swapped data for i = 210, j = 324 sucessfully passed !
	Initialyzed swapped data for i = 210, j = 325 sucessfully passed !
	Initialyzed swapped data for i = 210, j = 326 sucessfully passed !
	Initialyzed swapped data for i = 210, j = 327 sucessfully passed !
	Initialyzed swapped data for i = 210, j = 328 sucessfully passed !
	Initialyzed swapped data for i = 210, j = 329 sucessfully passed !
	Initialyzed swapped data for i = 210, j = 330 sucessfully passed !
	Initialyzed swapped data for i = 210, j = 331 sucessfully passed !
	Initialyzed swapped data for i = 210, j = 332 sucessfully passed !
	Initialyzed swapped data for i = 210, j = 333 sucessfully passed !
	Initialyzed swapped data for i = 210, j = 334 sucessfully passed !
	Initialyzed swapped data for i = 210, j = 335 sucessfully passed !
	Initialyzed swapped data for i = 210, j = 336 sucessfully passed !
	Initialyzed swapped data for i = 210, j = 337 sucessfully passed !
	Initialyzed swapped data for i = 210, j = 338 sucessfully passed !
	Initialyzed swapped data for i = 210, j = 339 sucessfully passed !
	Initialyzed swapped data for i = 210, j = 340 sucessfully passed !
	Initialyzed swapped data for i = 210, j = 341 sucessfully passed !
	Initialyzed swapped data for i = 210, j = 342 sucessfully passed !
	Initialyzed swapped data for i = 210, j = 343 sucessfully passed !
	Initialyzed swapped data for i = 210, j = 344 sucessfully passed !
	Initialyzed swapped data for i = 210, j = 345 sucessfully passed !
	Initialyzed swapped data for i = 210, j = 346 sucessfully passed !
	Initialyzed swapped data for i = 210, j = 347 sucessfully passed !
	Initialyzed swapped data for i = 210, j = 348 sucessfully passed !
	Initialyzed swapped data for i = 210, j = 349 sucessfully passed !
	Initialyzed swapped data for i = 210, j = 350 sucessfully passed !
	Initialyzed swapped data for i = 210, j = 351 sucessfully passed !
	Initialyzed swapped data for i = 210, j = 352 sucessfully passed !
	Initialyzed swapped data for i = 210, j = 353 sucessfully passed !
	Initialyzed swapped data for i = 210, j = 354 sucessfully passed !
	Initialyzed swapped data for i = 210, j = 355 sucessfully passed !
	Initialyzed swapped data for i = 210, j = 356 sucessfully passed !
	Initialyzed swapped data for i = 210, j = 357 sucessfully passed !
	Initialyzed swapped data for i = 210, j = 358 sucessfully passed !
	Initialyzed swapped data for i = 210, j = 359 sucessfully passed !
	Initialyzed swapped data for i = 210, j = 360 sucessfully passed !
	Initialyzed swapped data for i = 210, j = 361 sucessfully passed !
	Initialyzed swapped data for i = 210, j = 362 sucessfully passed !
	Initialyzed swapped data for i = 210, j = 363 sucessfully passed !
	Initialyzed swapped data for i = 210, j = 364 sucessfully passed !
	Initialyzed swapped data for i = 210, j = 365 sucessfully passed !
	Initialyzed swapped data for i = 210, j = 366 sucessfully passed !
	Initialyzed swapped data for i = 210, j = 367 sucessfully passed !
	Initialyzed swapped data for i = 210, j = 368 sucessfully passed !
	Initialyzed swapped data for i = 210, j = 369 sucessfully passed !
	Initialyzed swapped data for i = 210, j = 370 sucessfully passed !
	Initialyzed swapped data for i = 210, j = 371 sucessfully passed !
	Initialyzed swapped data for i = 210, j = 372 sucessfully passed !
	Initialyzed swapped data for i = 210, j = 373 sucessfully passed !
	Initialyzed swapped data for i = 210, j = 374 sucessfully passed !
	Initialyzed swapped data for i = 210, j = 375 sucessfully passed !
	Initialyzed swapped data for i = 210, j = 376 sucessfully passed !
	Initialyzed swapped data for i = 210, j = 377 sucessfully passed !
	Initialyzed swapped data for i = 210, j = 378 sucessfully passed !
	Initialyzed swapped data for i = 210, j = 379 sucessfully passed !
	Initialyzed swapped data for i = 210, j = 380 sucessfully passed !
	Initialyzed swapped data for i = 210, j = 381 sucessfully passed !
	Initialyzed swapped data for i = 210, j = 382 sucessfully passed !
	Initialyzed swapped data for i = 210, j = 383 sucessfully passed !
	Initialyzed swapped data for i = 210, j = 384 sucessfully passed !
	Initialyzed swapped data for i = 210, j = 385 sucessfully passed !
	Initialyzed swapped data for i = 210, j = 386 sucessfully passed !
	Initialyzed swapped data for i = 210, j = 387 sucessfully passed !
	Initialyzed swapped data for i = 210, j = 388 sucessfully passed !
	Initialyzed swapped data for i = 210, j = 389 sucessfully passed !
	Initialyzed swapped data for i = 210, j = 390 sucessfully passed !
	Initialyzed swapped data for i = 210, j = 391 sucessfully passed !
	Initialyzed swapped data for i = 210, j = 392 sucessfully passed !
	Initialyzed swapped data for i = 210, j = 393 sucessfully passed !
	Initialyzed swapped data for i = 210, j = 394 sucessfully passed !
	Initialyzed swapped data for i = 210, j = 395 sucessfully passed !
	Initialyzed swapped data for i = 210, j = 396 sucessfully passed !
	Initialyzed swapped data for i = 210, j = 397 sucessfully passed !
	Initialyzed swapped data for i = 210, j = 398 sucessfully passed !
	Initialyzed swapped data for i = 210, j = 399 sucessfully passed !
	Initialyzed swapped data for i = 210, j = 400 sucessfully passed !
	Initialyzed swapped data for i = 210, j = 401 sucessfully passed !
	Initialyzed swapped data for i = 210, j = 402 sucessfully passed !
	Initialyzed swapped data for i = 210, j = 403 sucessfully passed !
	Initialyzed swapped data for i = 210, j = 404 sucessfully passed !
	Initialyzed swapped data for i = 210, j = 405 sucessfully passed !
	Initialyzed swapped data for i = 210, j = 406 sucessfully passed !
	Initialyzed swapped data for i = 210, j = 407 sucessfully passed !
	Initialyzed swapped data for i = 210, j = 408 sucessfully passed !
	Initialyzed swapped data for i = 210, j = 409 sucessfully passed !
	Initialyzed swapped data for i = 210, j = 410 sucessfully passed !
	Initialyzed swapped data for i = 210, j = 411 sucessfully passed !
	Initialyzed swapped data for i = 210, j = 412 sucessfully passed !
	Initialyzed swapped data for i = 210, j = 413 sucessfully passed !
	Initialyzed swapped data for i = 210, j = 414 sucessfully passed !
	Initialyzed swapped data for i = 210, j = 415 sucessfully passed !
	Initialyzed swapped data for i = 210, j = 416 sucessfully passed !
	Initialyzed swapped data for i = 210, j = 417 sucessfully passed !
	Initialyzed swapped data for i = 210, j = 418 sucessfully passed !
	Initialyzed swapped data for i = 210, j = 419 sucessfully passed !
	Initialyzed swapped data for i = 210, j = 420 sucessfully passed !
	Initialyzed swapped data for i = 210, j = 421 sucessfully passed !
	Initialyzed swapped data for i = 210, j = 422 sucessfully passed !
	Initialyzed swapped data for i = 210, j = 423 sucessfully passed !
	Initialyzed swapped data for i = 210, j = 424 sucessfully passed !
	Initialyzed swapped data for i = 210, j = 425 sucessfully passed !
	Initialyzed swapped data for i = 210, j = 426 sucessfully passed !
	Initialyzed swapped data for i = 210, j = 427 sucessfully passed !
	Initialyzed swapped data for i = 210, j = 428 sucessfully passed !
	Initialyzed swapped data for i = 210, j = 429 sucessfully passed !
	Initialyzed swapped data for i = 210, j = 430 sucessfully passed !
	Initialyzed swapped data for i = 210, j = 431 sucessfully passed !
	Initialyzed swapped data for i = 210, j = 432 sucessfully passed !
	Initialyzed swapped data for i = 210, j = 433 sucessfully passed !
	Initialyzed swapped data for i = 211, j = 212 sucessfully passed !
	Initialyzed swapped data for i = 211, j = 213 sucessfully passed !
	Initialyzed swapped data for i = 211, j = 214 sucessfully passed !
	Initialyzed swapped data for i = 211, j = 215 sucessfully passed !
	Initialyzed swapped data for i = 211, j = 216 sucessfully passed !
	Initialyzed swapped data for i = 211, j = 217 sucessfully passed !
	Initialyzed swapped data for i = 211, j = 218 sucessfully passed !
	Initialyzed swapped data for i = 211, j = 219 sucessfully passed !
	Initialyzed swapped data for i = 211, j = 220 sucessfully passed !
	Initialyzed swapped data for i = 211, j = 221 sucessfully passed !
	Initialyzed swapped data for i = 211, j = 222 sucessfully passed !
	Initialyzed swapped data for i = 211, j = 223 sucessfully passed !
	Initialyzed swapped data for i = 211, j = 224 sucessfully passed !
	Initialyzed swapped data for i = 211, j = 225 sucessfully passed !
	Initialyzed swapped data for i = 211, j = 226 sucessfully passed !
	Initialyzed swapped data for i = 211, j = 227 sucessfully passed !
	Initialyzed swapped data for i = 211, j = 228 sucessfully passed !
	Initialyzed swapped data for i = 211, j = 229 sucessfully passed !
	Initialyzed swapped data for i = 211, j = 230 sucessfully passed !
	Initialyzed swapped data for i = 211, j = 231 sucessfully passed !
	Initialyzed swapped data for i = 211, j = 232 sucessfully passed !
	Initialyzed swapped data for i = 211, j = 233 sucessfully passed !
	Initialyzed swapped data for i = 211, j = 234 sucessfully passed !
	Initialyzed swapped data for i = 211, j = 235 sucessfully passed !
	Initialyzed swapped data for i = 211, j = 236 sucessfully passed !
	Initialyzed swapped data for i = 211, j = 237 sucessfully passed !
	Initialyzed swapped data for i = 211, j = 238 sucessfully passed !
	Initialyzed swapped data for i = 211, j = 239 sucessfully passed !
	Initialyzed swapped data for i = 211, j = 240 sucessfully passed !
	Initialyzed swapped data for i = 211, j = 241 sucessfully passed !
	Initialyzed swapped data for i = 211, j = 242 sucessfully passed !
	Initialyzed swapped data for i = 211, j = 243 sucessfully passed !
	Initialyzed swapped data for i = 211, j = 244 sucessfully passed !
	Initialyzed swapped data for i = 211, j = 245 sucessfully passed !
	Initialyzed swapped data for i = 211, j = 246 sucessfully passed !
	Initialyzed swapped data for i = 211, j = 247 sucessfully passed !
	Initialyzed swapped data for i = 211, j = 248 sucessfully passed !
	Initialyzed swapped data for i = 211, j = 249 sucessfully passed !
	Initialyzed swapped data for i = 211, j = 250 sucessfully passed !
	Initialyzed swapped data for i = 211, j = 251 sucessfully passed !
	Initialyzed swapped data for i = 211, j = 252 sucessfully passed !
	Initialyzed swapped data for i = 211, j = 253 sucessfully passed !
	Initialyzed swapped data for i = 211, j = 254 sucessfully passed !
	Initialyzed swapped data for i = 211, j = 255 sucessfully passed !
	Initialyzed swapped data for i = 211, j = 256 sucessfully passed !
	Initialyzed swapped data for i = 211, j = 257 sucessfully passed !
	Initialyzed swapped data for i = 211, j = 258 sucessfully passed !
	Initialyzed swapped data for i = 211, j = 259 sucessfully passed !
	Initialyzed swapped data for i = 211, j = 260 sucessfully passed !
	Initialyzed swapped data for i = 211, j = 261 sucessfully passed !
	Initialyzed swapped data for i = 211, j = 262 sucessfully passed !
	Initialyzed swapped data for i = 211, j = 263 sucessfully passed !
	Initialyzed swapped data for i = 211, j = 264 sucessfully passed !
	Initialyzed swapped data for i = 211, j = 265 sucessfully passed !
	Initialyzed swapped data for i = 211, j = 266 sucessfully passed !
	Initialyzed swapped data for i = 211, j = 267 sucessfully passed !
	Initialyzed swapped data for i = 211, j = 268 sucessfully passed !
	Initialyzed swapped data for i = 211, j = 269 sucessfully passed !
	Initialyzed swapped data for i = 211, j = 270 sucessfully passed !
	Initialyzed swapped data for i = 211, j = 271 sucessfully passed !
	Initialyzed swapped data for i = 211, j = 272 sucessfully passed !
	Initialyzed swapped data for i = 211, j = 273 sucessfully passed !
	Initialyzed swapped data for i = 211, j = 274 sucessfully passed !
	Initialyzed swapped data for i = 211, j = 275 sucessfully passed !
	Initialyzed swapped data for i = 211, j = 276 sucessfully passed !
	Initialyzed swapped data for i = 211, j = 277 sucessfully passed !
	Initialyzed swapped data for i = 211, j = 278 sucessfully passed !
	Initialyzed swapped data for i = 211, j = 279 sucessfully passed !
	Initialyzed swapped data for i = 211, j = 280 sucessfully passed !
	Initialyzed swapped data for i = 211, j = 281 sucessfully passed !
	Initialyzed swapped data for i = 211, j = 282 sucessfully passed !
	Initialyzed swapped data for i = 211, j = 283 sucessfully passed !
	Initialyzed swapped data for i = 211, j = 284 sucessfully passed !
	Initialyzed swapped data for i = 211, j = 285 sucessfully passed !
	Initialyzed swapped data for i = 211, j = 286 sucessfully passed !
	Initialyzed swapped data for i = 211, j = 287 sucessfully passed !
	Initialyzed swapped data for i = 211, j = 288 sucessfully passed !
	Initialyzed swapped data for i = 211, j = 289 sucessfully passed !
	Initialyzed swapped data for i = 211, j = 290 sucessfully passed !
	Initialyzed swapped data for i = 211, j = 291 sucessfully passed !
	Initialyzed swapped data for i = 211, j = 292 sucessfully passed !
	Initialyzed swapped data for i = 211, j = 293 sucessfully passed !
	Initialyzed swapped data for i = 211, j = 294 sucessfully passed !
	Initialyzed swapped data for i = 211, j = 295 sucessfully passed !
	Initialyzed swapped data for i = 211, j = 296 sucessfully passed !
	Initialyzed swapped data for i = 211, j = 297 sucessfully passed !
	Initialyzed swapped data for i = 211, j = 298 sucessfully passed !
	Initialyzed swapped data for i = 211, j = 299 sucessfully passed !
	Initialyzed swapped data for i = 211, j = 300 sucessfully passed !
	Initialyzed swapped data for i = 211, j = 301 sucessfully passed !
	Initialyzed swapped data for i = 211, j = 302 sucessfully passed !
	Initialyzed swapped data for i = 211, j = 303 sucessfully passed !
	Initialyzed swapped data for i = 211, j = 304 sucessfully passed !
	Initialyzed swapped data for i = 211, j = 305 sucessfully passed !
	Initialyzed swapped data for i = 211, j = 306 sucessfully passed !
	Initialyzed swapped data for i = 211, j = 307 sucessfully passed !
	Initialyzed swapped data for i = 211, j = 308 sucessfully passed !
	Initialyzed swapped data for i = 211, j = 309 sucessfully passed !
	Initialyzed swapped data for i = 211, j = 310 sucessfully passed !
	Initialyzed swapped data for i = 211, j = 311 sucessfully passed !
	Initialyzed swapped data for i = 211, j = 312 sucessfully passed !
	Initialyzed swapped data for i = 211, j = 313 sucessfully passed !
	Initialyzed swapped data for i = 211, j = 314 sucessfully passed !
	Initialyzed swapped data for i = 211, j = 315 sucessfully passed !
	Initialyzed swapped data for i = 211, j = 316 sucessfully passed !
	Initialyzed swapped data for i = 211, j = 317 sucessfully passed !
	Initialyzed swapped data for i = 211, j = 318 sucessfully passed !
	Initialyzed swapped data for i = 211, j = 319 sucessfully passed !
	Initialyzed swapped data for i = 211, j = 320 sucessfully passed !
	Initialyzed swapped data for i = 211, j = 321 sucessfully passed !
	Initialyzed swapped data for i = 211, j = 322 sucessfully passed !
	Initialyzed swapped data for i = 211, j = 323 sucessfully passed !
	Initialyzed swapped data for i = 211, j = 324 sucessfully passed !
	Initialyzed swapped data for i = 211, j = 325 sucessfully passed !
	Initialyzed swapped data for i = 211, j = 326 sucessfully passed !
	Initialyzed swapped data for i = 211, j = 327 sucessfully passed !
	Initialyzed swapped data for i = 211, j = 328 sucessfully passed !
	Initialyzed swapped data for i = 211, j = 329 sucessfully passed !
	Initialyzed swapped data for i = 211, j = 330 sucessfully passed !
	Initialyzed swapped data for i = 211, j = 331 sucessfully passed !
	Initialyzed swapped data for i = 211, j = 332 sucessfully passed !
	Initialyzed swapped data for i = 211, j = 333 sucessfully passed !
	Initialyzed swapped data for i = 211, j = 334 sucessfully passed !
	Initialyzed swapped data for i = 211, j = 335 sucessfully passed !
	Initialyzed swapped data for i = 211, j = 336 sucessfully passed !
	Initialyzed swapped data for i = 211, j = 337 sucessfully passed !
	Initialyzed swapped data for i = 211, j = 338 sucessfully passed !
	Initialyzed swapped data for i = 211, j = 339 sucessfully passed !
	Initialyzed swapped data for i = 211, j = 340 sucessfully passed !
	Initialyzed swapped data for i = 211, j = 341 sucessfully passed !
	Initialyzed swapped data for i = 211, j = 342 sucessfully passed !
	Initialyzed swapped data for i = 211, j = 343 sucessfully passed !
	Initialyzed swapped data for i = 211, j = 344 sucessfully passed !
	Initialyzed swapped data for i = 211, j = 345 sucessfully passed !
	Initialyzed swapped data for i = 211, j = 346 sucessfully passed !
	Initialyzed swapped data for i = 211, j = 347 sucessfully passed !
	Initialyzed swapped data for i = 211, j = 348 sucessfully passed !
	Initialyzed swapped data for i = 211, j = 349 sucessfully passed !
	Initialyzed swapped data for i = 211, j = 350 sucessfully passed !
	Initialyzed swapped data for i = 211, j = 351 sucessfully passed !
	Initialyzed swapped data for i = 211, j = 352 sucessfully passed !
	Initialyzed swapped data for i = 211, j = 353 sucessfully passed !
	Initialyzed swapped data for i = 211, j = 354 sucessfully passed !
	Initialyzed swapped data for i = 211, j = 355 sucessfully passed !
	Initialyzed swapped data for i = 211, j = 356 sucessfully passed !
	Initialyzed swapped data for i = 211, j = 357 sucessfully passed !
	Initialyzed swapped data for i = 211, j = 358 sucessfully passed !
	Initialyzed swapped data for i = 211, j = 359 sucessfully passed !
	Initialyzed swapped data for i = 211, j = 360 sucessfully passed !
	Initialyzed swapped data for i = 211, j = 361 sucessfully passed !
	Initialyzed swapped data for i = 211, j = 362 sucessfully passed !
	Initialyzed swapped data for i = 211, j = 363 sucessfully passed !
	Initialyzed swapped data for i = 211, j = 364 sucessfully passed !
	Initialyzed swapped data for i = 211, j = 365 sucessfully passed !
	Initialyzed swapped data for i = 211, j = 366 sucessfully passed !
	Initialyzed swapped data for i = 211, j = 367 sucessfully passed !
	Initialyzed swapped data for i = 211, j = 368 sucessfully passed !
	Initialyzed swapped data for i = 211, j = 369 sucessfully passed !
	Initialyzed swapped data for i = 211, j = 370 sucessfully passed !
	Initialyzed swapped data for i = 211, j = 371 sucessfully passed !
	Initialyzed swapped data for i = 211, j = 372 sucessfully passed !
	Initialyzed swapped data for i = 211, j = 373 sucessfully passed !
	Initialyzed swapped data for i = 211, j = 374 sucessfully passed !
	Initialyzed swapped data for i = 211, j = 375 sucessfully passed !
	Initialyzed swapped data for i = 211, j = 376 sucessfully passed !
	Initialyzed swapped data for i = 211, j = 377 sucessfully passed !
	Initialyzed swapped data for i = 211, j = 378 sucessfully passed !
	Initialyzed swapped data for i = 211, j = 379 sucessfully passed !
	Initialyzed swapped data for i = 211, j = 380 sucessfully passed !
	Initialyzed swapped data for i = 211, j = 381 sucessfully passed !
	Initialyzed swapped data for i = 211, j = 382 sucessfully passed !
	Initialyzed swapped data for i = 211, j = 383 sucessfully passed !
	Initialyzed swapped data for i = 211, j = 384 sucessfully passed !
	Initialyzed swapped data for i = 211, j = 385 sucessfully passed !
	Initialyzed swapped data for i = 211, j = 386 sucessfully passed !
	Initialyzed swapped data for i = 211, j = 387 sucessfully passed !
	Initialyzed swapped data for i = 211, j = 388 sucessfully passed !
	Initialyzed swapped data for i = 211, j = 389 sucessfully passed !
	Initialyzed swapped data for i = 211, j = 390 sucessfully passed !
	Initialyzed swapped data for i = 211, j = 391 sucessfully passed !
	Initialyzed swapped data for i = 211, j = 392 sucessfully passed !
	Initialyzed swapped data for i = 211, j = 393 sucessfully passed !
	Initialyzed swapped data for i = 211, j = 394 sucessfully passed !
	Initialyzed swapped data for i = 211, j = 395 sucessfully passed !
	Initialyzed swapped data for i = 211, j = 396 sucessfully passed !
	Initialyzed swapped data for i = 211, j = 397 sucessfully passed !
	Initialyzed swapped data for i = 211, j = 398 sucessfully passed !
	Initialyzed swapped data for i = 211, j = 399 sucessfully passed !
	Initialyzed swapped data for i = 211, j = 400 sucessfully passed !
	Initialyzed swapped data for i = 211, j = 401 sucessfully passed !
	Initialyzed swapped data for i = 211, j = 402 sucessfully passed !
	Initialyzed swapped data for i = 211, j = 403 sucessfully passed !
	Initialyzed swapped data for i = 211, j = 404 sucessfully passed !
	Initialyzed swapped data for i = 211, j = 405 sucessfully passed !
	Initialyzed swapped data for i = 211, j = 406 sucessfully passed !
	Initialyzed swapped data for i = 211, j = 407 sucessfully passed !
	Initialyzed swapped data for i = 211, j = 408 sucessfully passed !
	Initialyzed swapped data for i = 211, j = 409 sucessfully passed !
	Initialyzed swapped data for i = 211, j = 410 sucessfully passed !
	Initialyzed swapped data for i = 211, j = 411 sucessfully passed !
	Initialyzed swapped data for i = 211, j = 412 sucessfully passed !
	Initialyzed swapped data for i = 211, j = 413 sucessfully passed !
	Initialyzed swapped data for i = 211, j = 414 sucessfully passed !
	Initialyzed swapped data for i = 211, j = 415 sucessfully passed !
	Initialyzed swapped data for i = 211, j = 416 sucessfully passed !
	Initialyzed swapped data for i = 211, j = 417 sucessfully passed !
	Initialyzed swapped data for i = 211, j = 418 sucessfully passed !
	Initialyzed swapped data for i = 211, j = 419 sucessfully passed !
	Initialyzed swapped data for i = 211, j = 420 sucessfully passed !
	Initialyzed swapped data for i = 211, j = 421 sucessfully passed !
	Initialyzed swapped data for i = 211, j = 422 sucessfully passed !
	Initialyzed swapped data for i = 211, j = 423 sucessfully passed !
	Initialyzed swapped data for i = 211, j = 424 sucessfully passed !
	Initialyzed swapped data for i = 211, j = 425 sucessfully passed !
	Initialyzed swapped data for i = 211, j = 426 sucessfully passed !
	Initialyzed swapped data for i = 211, j = 427 sucessfully passed !
	Initialyzed swapped data for i = 211, j = 428 sucessfully passed !
	Initialyzed swapped data for i = 211, j = 429 sucessfully passed !
	Initialyzed swapped data for i = 211, j = 430 sucessfully passed !
	Initialyzed swapped data for i = 211, j = 431 sucessfully passed !
	Initialyzed swapped data for i = 211, j = 432 sucessfully passed !
	Initialyzed swapped data for i = 211, j = 433 sucessfully passed !
	Initialyzed swapped data for i = 212, j = 213 sucessfully passed !
	Initialyzed swapped data for i = 212, j = 214 sucessfully passed !
	Initialyzed swapped data for i = 212, j = 215 sucessfully passed !
	Initialyzed swapped data for i = 212, j = 216 sucessfully passed !
	Initialyzed swapped data for i = 212, j = 217 sucessfully passed !
	Initialyzed swapped data for i = 212, j = 218 sucessfully passed !
	Initialyzed swapped data for i = 212, j = 219 sucessfully passed !
	Initialyzed swapped data for i = 212, j = 220 sucessfully passed !
	Initialyzed swapped data for i = 212, j = 221 sucessfully passed !
	Initialyzed swapped data for i = 212, j = 222 sucessfully passed !
	Initialyzed swapped data for i = 212, j = 223 sucessfully passed !
	Initialyzed swapped data for i = 212, j = 224 sucessfully passed !
	Initialyzed swapped data for i = 212, j = 225 sucessfully passed !
	Initialyzed swapped data for i = 212, j = 226 sucessfully passed !
	Initialyzed swapped data for i = 212, j = 227 sucessfully passed !
	Initialyzed swapped data for i = 212, j = 228 sucessfully passed !
	Initialyzed swapped data for i = 212, j = 229 sucessfully passed !
	Initialyzed swapped data for i = 212, j = 230 sucessfully passed !
	Initialyzed swapped data for i = 212, j = 231 sucessfully passed !
	Initialyzed swapped data for i = 212, j = 232 sucessfully passed !
	Initialyzed swapped data for i = 212, j = 233 sucessfully passed !
	Initialyzed swapped data for i = 212, j = 234 sucessfully passed !
	Initialyzed swapped data for i = 212, j = 235 sucessfully passed !
	Initialyzed swapped data for i = 212, j = 236 sucessfully passed !
	Initialyzed swapped data for i = 212, j = 237 sucessfully passed !
	Initialyzed swapped data for i = 212, j = 238 sucessfully passed !
	Initialyzed swapped data for i = 212, j = 239 sucessfully passed !
	Initialyzed swapped data for i = 212, j = 240 sucessfully passed !
	Initialyzed swapped data for i = 212, j = 241 sucessfully passed !
	Initialyzed swapped data for i = 212, j = 242 sucessfully passed !
	Initialyzed swapped data for i = 212, j = 243 sucessfully passed !
	Initialyzed swapped data for i = 212, j = 244 sucessfully passed !
	Initialyzed swapped data for i = 212, j = 245 sucessfully passed !
	Initialyzed swapped data for i = 212, j = 246 sucessfully passed !
	Initialyzed swapped data for i = 212, j = 247 sucessfully passed !
	Initialyzed swapped data for i = 212, j = 248 sucessfully passed !
	Initialyzed swapped data for i = 212, j = 249 sucessfully passed !
	Initialyzed swapped data for i = 212, j = 250 sucessfully passed !
	Initialyzed swapped data for i = 212, j = 251 sucessfully passed !
	Initialyzed swapped data for i = 212, j = 252 sucessfully passed !
	Initialyzed swapped data for i = 212, j = 253 sucessfully passed !
	Initialyzed swapped data for i = 212, j = 254 sucessfully passed !
	Initialyzed swapped data for i = 212, j = 255 sucessfully passed !
	Initialyzed swapped data for i = 212, j = 256 sucessfully passed !
	Initialyzed swapped data for i = 212, j = 257 sucessfully passed !
	Initialyzed swapped data for i = 212, j = 258 sucessfully passed !
	Initialyzed swapped data for i = 212, j = 259 sucessfully passed !
	Initialyzed swapped data for i = 212, j = 260 sucessfully passed !
	Initialyzed swapped data for i = 212, j = 261 sucessfully passed !
	Initialyzed swapped data for i = 212, j = 262 sucessfully passed !
	Initialyzed swapped data for i = 212, j = 263 sucessfully passed !
	Initialyzed swapped data for i = 212, j = 264 sucessfully passed !
	Initialyzed swapped data for i = 212, j = 265 sucessfully passed !
	Initialyzed swapped data for i = 212, j = 266 sucessfully passed !
	Initialyzed swapped data for i = 212, j = 267 sucessfully passed !
	Initialyzed swapped data for i = 212, j = 268 sucessfully passed !
	Initialyzed swapped data for i = 212, j = 269 sucessfully passed !
	Initialyzed swapped data for i = 212, j = 270 sucessfully passed !
	Initialyzed swapped data for i = 212, j = 271 sucessfully passed !
	Initialyzed swapped data for i = 212, j = 272 sucessfully passed !
	Initialyzed swapped data for i = 212, j = 273 sucessfully passed !
	Initialyzed swapped data for i = 212, j = 274 sucessfully passed !
	Initialyzed swapped data for i = 212, j = 275 sucessfully passed !
	Initialyzed swapped data for i = 212, j = 276 sucessfully passed !
	Initialyzed swapped data for i = 212, j = 277 sucessfully passed !
	Initialyzed swapped data for i = 212, j = 278 sucessfully passed !
	Initialyzed swapped data for i = 212, j = 279 sucessfully passed !
	Initialyzed swapped data for i = 212, j = 280 sucessfully passed !
	Initialyzed swapped data for i = 212, j = 281 sucessfully passed !
	Initialyzed swapped data for i = 212, j = 282 sucessfully passed !
	Initialyzed swapped data for i = 212, j = 283 sucessfully passed !
	Initialyzed swapped data for i = 212, j = 284 sucessfully passed !
	Initialyzed swapped data for i = 212, j = 285 sucessfully passed !
	Initialyzed swapped data for i = 212, j = 286 sucessfully passed !
	Initialyzed swapped data for i = 212, j = 287 sucessfully passed !
	Initialyzed swapped data for i = 212, j = 288 sucessfully passed !
	Initialyzed swapped data for i = 212, j = 289 sucessfully passed !
	Initialyzed swapped data for i = 212, j = 290 sucessfully passed !
	Initialyzed swapped data for i = 212, j = 291 sucessfully passed !
	Initialyzed swapped data for i = 212, j = 292 sucessfully passed !
	Initialyzed swapped data for i = 212, j = 293 sucessfully passed !
	Initialyzed swapped data for i = 212, j = 294 sucessfully passed !
	Initialyzed swapped data for i = 212, j = 295 sucessfully passed !
	Initialyzed swapped data for i = 212, j = 296 sucessfully passed !
	Initialyzed swapped data for i = 212, j = 297 sucessfully passed !
	Initialyzed swapped data for i = 212, j = 298 sucessfully passed !
	Initialyzed swapped data for i = 212, j = 299 sucessfully passed !
	Initialyzed swapped data for i = 212, j = 300 sucessfully passed !
	Initialyzed swapped data for i = 212, j = 301 sucessfully passed !
	Initialyzed swapped data for i = 212, j = 302 sucessfully passed !
	Initialyzed swapped data for i = 212, j = 303 sucessfully passed !
	Initialyzed swapped data for i = 212, j = 304 sucessfully passed !
	Initialyzed swapped data for i = 212, j = 305 sucessfully passed !
	Initialyzed swapped data for i = 212, j = 306 sucessfully passed !
	Initialyzed swapped data for i = 212, j = 307 sucessfully passed !
	Initialyzed swapped data for i = 212, j = 308 sucessfully passed !
	Initialyzed swapped data for i = 212, j = 309 sucessfully passed !
	Initialyzed swapped data for i = 212, j = 310 sucessfully passed !
	Initialyzed swapped data for i = 212, j = 311 sucessfully passed !
	Initialyzed swapped data for i = 212, j = 312 sucessfully passed !
	Initialyzed swapped data for i = 212, j = 313 sucessfully passed !
	Initialyzed swapped data for i = 212, j = 314 sucessfully passed !
	Initialyzed swapped data for i = 212, j = 315 sucessfully passed !
	Initialyzed swapped data for i = 212, j = 316 sucessfully passed !
	Initialyzed swapped data for i = 212, j = 317 sucessfully passed !
	Initialyzed swapped data for i = 212, j = 318 sucessfully passed !
	Initialyzed swapped data for i = 212, j = 319 sucessfully passed !
	Initialyzed swapped data for i = 212, j = 320 sucessfully passed !
	Initialyzed swapped data for i = 212, j = 321 sucessfully passed !
	Initialyzed swapped data for i = 212, j = 322 sucessfully passed !
	Initialyzed swapped data for i = 212, j = 323 sucessfully passed !
	Initialyzed swapped data for i = 212, j = 324 sucessfully passed !
	Initialyzed swapped data for i = 212, j = 325 sucessfully passed !
	Initialyzed swapped data for i = 212, j = 326 sucessfully passed !
	Initialyzed swapped data for i = 212, j = 327 sucessfully passed !
	Initialyzed swapped data for i = 212, j = 328 sucessfully passed !
	Initialyzed swapped data for i = 212, j = 329 sucessfully passed !
	Initialyzed swapped data for i = 212, j = 330 sucessfully passed !
	Initialyzed swapped data for i = 212, j = 331 sucessfully passed !
	Initialyzed swapped data for i = 212, j = 332 sucessfully passed !
	Initialyzed swapped data for i = 212, j = 333 sucessfully passed !
	Initialyzed swapped data for i = 212, j = 334 sucessfully passed !
	Initialyzed swapped data for i = 212, j = 335 sucessfully passed !
	Initialyzed swapped data for i = 212, j = 336 sucessfully passed !
	Initialyzed swapped data for i = 212, j = 337 sucessfully passed !
	Initialyzed swapped data for i = 212, j = 338 sucessfully passed !
	Initialyzed swapped data for i = 212, j = 339 sucessfully passed !
	Initialyzed swapped data for i = 212, j = 340 sucessfully passed !
	Initialyzed swapped data for i = 212, j = 341 sucessfully passed !
	Initialyzed swapped data for i = 212, j = 342 sucessfully passed !
	Initialyzed swapped data for i = 212, j = 343 sucessfully passed !
	Initialyzed swapped data for i = 212, j = 344 sucessfully passed !
	Initialyzed swapped data for i = 212, j = 345 sucessfully passed !
	Initialyzed swapped data for i = 212, j = 346 sucessfully passed !
	Initialyzed swapped data for i = 212, j = 347 sucessfully passed !
	Initialyzed swapped data for i = 212, j = 348 sucessfully passed !
	Initialyzed swapped data for i = 212, j = 349 sucessfully passed !
	Initialyzed swapped data for i = 212, j = 350 sucessfully passed !
	Initialyzed swapped data for i = 212, j = 351 sucessfully passed !
	Initialyzed swapped data for i = 212, j = 352 sucessfully passed !
	Initialyzed swapped data for i = 212, j = 353 sucessfully passed !
	Initialyzed swapped data for i = 212, j = 354 sucessfully passed !
	Initialyzed swapped data for i = 212, j = 355 sucessfully passed !
	Initialyzed swapped data for i = 212, j = 356 sucessfully passed !
	Initialyzed swapped data for i = 212, j = 357 sucessfully passed !
	Initialyzed swapped data for i = 212, j = 358 sucessfully passed !
	Initialyzed swapped data for i = 212, j = 359 sucessfully passed !
	Initialyzed swapped data for i = 212, j = 360 sucessfully passed !
	Initialyzed swapped data for i = 212, j = 361 sucessfully passed !
	Initialyzed swapped data for i = 212, j = 362 sucessfully passed !
	Initialyzed swapped data for i = 212, j = 363 sucessfully passed !
	Initialyzed swapped data for i = 212, j = 364 sucessfully passed !
	Initialyzed swapped data for i = 212, j = 365 sucessfully passed !
	Initialyzed swapped data for i = 212, j = 366 sucessfully passed !
	Initialyzed swapped data for i = 212, j = 367 sucessfully passed !
	Initialyzed swapped data for i = 212, j = 368 sucessfully passed !
	Initialyzed swapped data for i = 212, j = 369 sucessfully passed !
	Initialyzed swapped data for i = 212, j = 370 sucessfully passed !
	Initialyzed swapped data for i = 212, j = 371 sucessfully passed !
	Initialyzed swapped data for i = 212, j = 372 sucessfully passed !
	Initialyzed swapped data for i = 212, j = 373 sucessfully passed !
	Initialyzed swapped data for i = 212, j = 374 sucessfully passed !
	Initialyzed swapped data for i = 212, j = 375 sucessfully passed !
	Initialyzed swapped data for i = 212, j = 376 sucessfully passed !
	Initialyzed swapped data for i = 212, j = 377 sucessfully passed !
	Initialyzed swapped data for i = 212, j = 378 sucessfully passed !
	Initialyzed swapped data for i = 212, j = 379 sucessfully passed !
	Initialyzed swapped data for i = 212, j = 380 sucessfully passed !
	Initialyzed swapped data for i = 212, j = 381 sucessfully passed !
	Initialyzed swapped data for i = 212, j = 382 sucessfully passed !
	Initialyzed swapped data for i = 212, j = 383 sucessfully passed !
	Initialyzed swapped data for i = 212, j = 384 sucessfully passed !
	Initialyzed swapped data for i = 212, j = 385 sucessfully passed !
	Initialyzed swapped data for i = 212, j = 386 sucessfully passed !
	Initialyzed swapped data for i = 212, j = 387 sucessfully passed !
	Initialyzed swapped data for i = 212, j = 388 sucessfully passed !
	Initialyzed swapped data for i = 212, j = 389 sucessfully passed !
	Initialyzed swapped data for i = 212, j = 390 sucessfully passed !
	Initialyzed swapped data for i = 212, j = 391 sucessfully passed !
	Initialyzed swapped data for i = 212, j = 392 sucessfully passed !
	Initialyzed swapped data for i = 212, j = 393 sucessfully passed !
	Initialyzed swapped data for i = 212, j = 394 sucessfully passed !
	Initialyzed swapped data for i = 212, j = 395 sucessfully passed !
	Initialyzed swapped data for i = 212, j = 396 sucessfully passed !
	Initialyzed swapped data for i = 212, j = 397 sucessfully passed !
	Initialyzed swapped data for i = 212, j = 398 sucessfully passed !
	Initialyzed swapped data for i = 212, j = 399 sucessfully passed !
	Initialyzed swapped data for i = 212, j = 400 sucessfully passed !
	Initialyzed swapped data for i = 212, j = 401 sucessfully passed !
	Initialyzed swapped data for i = 212, j = 402 sucessfully passed !
	Initialyzed swapped data for i = 212, j = 403 sucessfully passed !
	Initialyzed swapped data for i = 212, j = 404 sucessfully passed !
	Initialyzed swapped data for i = 212, j = 405 sucessfully passed !
	Initialyzed swapped data for i = 212, j = 406 sucessfully passed !
	Initialyzed swapped data for i = 212, j = 407 sucessfully passed !
	Initialyzed swapped data for i = 212, j = 408 sucessfully passed !
	Initialyzed swapped data for i = 212, j = 409 sucessfully passed !
	Initialyzed swapped data for i = 212, j = 410 sucessfully passed !
	Initialyzed swapped data for i = 212, j = 411 sucessfully passed !
	Initialyzed swapped data for i = 212, j = 412 sucessfully passed !
	Initialyzed swapped data for i = 212, j = 413 sucessfully passed !
	Initialyzed swapped data for i = 212, j = 414 sucessfully passed !
	Initialyzed swapped data for i = 212, j = 415 sucessfully passed !
	Initialyzed swapped data for i = 212, j = 416 sucessfully passed !
	Initialyzed swapped data for i = 212, j = 417 sucessfully passed !
	Initialyzed swapped data for i = 212, j = 418 sucessfully passed !
	Initialyzed swapped data for i = 212, j = 419 sucessfully passed !
	Initialyzed swapped data for i = 212, j = 420 sucessfully passed !
	Initialyzed swapped data for i = 212, j = 421 sucessfully passed !
	Initialyzed swapped data for i = 212, j = 422 sucessfully passed !
	Initialyzed swapped data for i = 212, j = 423 sucessfully passed !
	Initialyzed swapped data for i = 212, j = 424 sucessfully passed !
	Initialyzed swapped data for i = 212, j = 425 sucessfully passed !
	Initialyzed swapped data for i = 212, j = 426 sucessfully passed !
	Initialyzed swapped data for i = 212, j = 427 sucessfully passed !
	Initialyzed swapped data for i = 212, j = 428 sucessfully passed !
	Initialyzed swapped data for i = 212, j = 429 sucessfully passed !
	Initialyzed swapped data for i = 212, j = 430 sucessfully passed !
	Initialyzed swapped data for i = 212, j = 431 sucessfully passed !
	Initialyzed swapped data for i = 212, j = 432 sucessfully passed !
	Initialyzed swapped data for i = 212, j = 433 sucessfully passed !
	Initialyzed swapped data for i = 213, j = 214 sucessfully passed !
	Initialyzed swapped data for i = 213, j = 215 sucessfully passed !
	Initialyzed swapped data for i = 213, j = 216 sucessfully passed !
	Initialyzed swapped data for i = 213, j = 217 sucessfully passed !
	Initialyzed swapped data for i = 213, j = 218 sucessfully passed !
	Initialyzed swapped data for i = 213, j = 219 sucessfully passed !
	Initialyzed swapped data for i = 213, j = 220 sucessfully passed !
	Initialyzed swapped data for i = 213, j = 221 sucessfully passed !
	Initialyzed swapped data for i = 213, j = 222 sucessfully passed !
	Initialyzed swapped data for i = 213, j = 223 sucessfully passed !
	Initialyzed swapped data for i = 213, j = 224 sucessfully passed !
	Initialyzed swapped data for i = 213, j = 225 sucessfully passed !
	Initialyzed swapped data for i = 213, j = 226 sucessfully passed !
	Initialyzed swapped data for i = 213, j = 227 sucessfully passed !
	Initialyzed swapped data for i = 213, j = 228 sucessfully passed !
	Initialyzed swapped data for i = 213, j = 229 sucessfully passed !
	Initialyzed swapped data for i = 213, j = 230 sucessfully passed !
	Initialyzed swapped data for i = 213, j = 231 sucessfully passed !
	Initialyzed swapped data for i = 213, j = 232 sucessfully passed !
	Initialyzed swapped data for i = 213, j = 233 sucessfully passed !
	Initialyzed swapped data for i = 213, j = 234 sucessfully passed !
	Initialyzed swapped data for i = 213, j = 235 sucessfully passed !
	Initialyzed swapped data for i = 213, j = 236 sucessfully passed !
	Initialyzed swapped data for i = 213, j = 237 sucessfully passed !
	Initialyzed swapped data for i = 213, j = 238 sucessfully passed !
	Initialyzed swapped data for i = 213, j = 239 sucessfully passed !
	Initialyzed swapped data for i = 213, j = 240 sucessfully passed !
	Initialyzed swapped data for i = 213, j = 241 sucessfully passed !
	Initialyzed swapped data for i = 213, j = 242 sucessfully passed !
	Initialyzed swapped data for i = 213, j = 243 sucessfully passed !
	Initialyzed swapped data for i = 213, j = 244 sucessfully passed !
	Initialyzed swapped data for i = 213, j = 245 sucessfully passed !
	Initialyzed swapped data for i = 213, j = 246 sucessfully passed !
	Initialyzed swapped data for i = 213, j = 247 sucessfully passed !
	Initialyzed swapped data for i = 213, j = 248 sucessfully passed !
	Initialyzed swapped data for i = 213, j = 249 sucessfully passed !
	Initialyzed swapped data for i = 213, j = 250 sucessfully passed !
	Initialyzed swapped data for i = 213, j = 251 sucessfully passed !
	Initialyzed swapped data for i = 213, j = 252 sucessfully passed !
	Initialyzed swapped data for i = 213, j = 253 sucessfully passed !
	Initialyzed swapped data for i = 213, j = 254 sucessfully passed !
	Initialyzed swapped data for i = 213, j = 255 sucessfully passed !
	Initialyzed swapped data for i = 213, j = 256 sucessfully passed !
	Initialyzed swapped data for i = 213, j = 257 sucessfully passed !
	Initialyzed swapped data for i = 213, j = 258 sucessfully passed !
	Initialyzed swapped data for i = 213, j = 259 sucessfully passed !
	Initialyzed swapped data for i = 213, j = 260 sucessfully passed !
	Initialyzed swapped data for i = 213, j = 261 sucessfully passed !
	Initialyzed swapped data for i = 213, j = 262 sucessfully passed !
	Initialyzed swapped data for i = 213, j = 263 sucessfully passed !
	Initialyzed swapped data for i = 213, j = 264 sucessfully passed !
	Initialyzed swapped data for i = 213, j = 265 sucessfully passed !
	Initialyzed swapped data for i = 213, j = 266 sucessfully passed !
	Initialyzed swapped data for i = 213, j = 267 sucessfully passed !
	Initialyzed swapped data for i = 213, j = 268 sucessfully passed !
	Initialyzed swapped data for i = 213, j = 269 sucessfully passed !
	Initialyzed swapped data for i = 213, j = 270 sucessfully passed !
	Initialyzed swapped data for i = 213, j = 271 sucessfully passed !
	Initialyzed swapped data for i = 213, j = 272 sucessfully passed !
	Initialyzed swapped data for i = 213, j = 273 sucessfully passed !
	Initialyzed swapped data for i = 213, j = 274 sucessfully passed !
	Initialyzed swapped data for i = 213, j = 275 sucessfully passed !
	Initialyzed swapped data for i = 213, j = 276 sucessfully passed !
	Initialyzed swapped data for i = 213, j = 277 sucessfully passed !
	Initialyzed swapped data for i = 213, j = 278 sucessfully passed !
	Initialyzed swapped data for i = 213, j = 279 sucessfully passed !
	Initialyzed swapped data for i = 213, j = 280 sucessfully passed !
	Initialyzed swapped data for i = 213, j = 281 sucessfully passed !
	Initialyzed swapped data for i = 213, j = 282 sucessfully passed !
	Initialyzed swapped data for i = 213, j = 283 sucessfully passed !
	Initialyzed swapped data for i = 213, j = 284 sucessfully passed !
	Initialyzed swapped data for i = 213, j = 285 sucessfully passed !
	Initialyzed swapped data for i = 213, j = 286 sucessfully passed !
	Initialyzed swapped data for i = 213, j = 287 sucessfully passed !
	Initialyzed swapped data for i = 213, j = 288 sucessfully passed !
	Initialyzed swapped data for i = 213, j = 289 sucessfully passed !
	Initialyzed swapped data for i = 213, j = 290 sucessfully passed !
	Initialyzed swapped data for i = 213, j = 291 sucessfully passed !
	Initialyzed swapped data for i = 213, j = 292 sucessfully passed !
	Initialyzed swapped data for i = 213, j = 293 sucessfully passed !
	Initialyzed swapped data for i = 213, j = 294 sucessfully passed !
	Initialyzed swapped data for i = 213, j = 295 sucessfully passed !
	Initialyzed swapped data for i = 213, j = 296 sucessfully passed !
	Initialyzed swapped data for i = 213, j = 297 sucessfully passed !
	Initialyzed swapped data for i = 213, j = 298 sucessfully passed !
	Initialyzed swapped data for i = 213, j = 299 sucessfully passed !
	Initialyzed swapped data for i = 213, j = 300 sucessfully passed !
	Initialyzed swapped data for i = 213, j = 301 sucessfully passed !
	Initialyzed swapped data for i = 213, j = 302 sucessfully passed !
	Initialyzed swapped data for i = 213, j = 303 sucessfully passed !
	Initialyzed swapped data for i = 213, j = 304 sucessfully passed !
	Initialyzed swapped data for i = 213, j = 305 sucessfully passed !
	Initialyzed swapped data for i = 213, j = 306 sucessfully passed !
	Initialyzed swapped data for i = 213, j = 307 sucessfully passed !
	Initialyzed swapped data for i = 213, j = 308 sucessfully passed !
	Initialyzed swapped data for i = 213, j = 309 sucessfully passed !
	Initialyzed swapped data for i = 213, j = 310 sucessfully passed !
	Initialyzed swapped data for i = 213, j = 311 sucessfully passed !
	Initialyzed swapped data for i = 213, j = 312 sucessfully passed !
	Initialyzed swapped data for i = 213, j = 313 sucessfully passed !
	Initialyzed swapped data for i = 213, j = 314 sucessfully passed !
	Initialyzed swapped data for i = 213, j = 315 sucessfully passed !
	Initialyzed swapped data for i = 213, j = 316 sucessfully passed !
	Initialyzed swapped data for i = 213, j = 317 sucessfully passed !
	Initialyzed swapped data for i = 213, j = 318 sucessfully passed !
	Initialyzed swapped data for i = 213, j = 319 sucessfully passed !
	Initialyzed swapped data for i = 213, j = 320 sucessfully passed !
	Initialyzed swapped data for i = 213, j = 321 sucessfully passed !
	Initialyzed swapped data for i = 213, j = 322 sucessfully passed !
	Initialyzed swapped data for i = 213, j = 323 sucessfully passed !
	Initialyzed swapped data for i = 213, j = 324 sucessfully passed !
	Initialyzed swapped data for i = 213, j = 325 sucessfully passed !
	Initialyzed swapped data for i = 213, j = 326 sucessfully passed !
	Initialyzed swapped data for i = 213, j = 327 sucessfully passed !
	Initialyzed swapped data for i = 213, j = 328 sucessfully passed !
	Initialyzed swapped data for i = 213, j = 329 sucessfully passed !
	Initialyzed swapped data for i = 213, j = 330 sucessfully passed !
	Initialyzed swapped data for i = 213, j = 331 sucessfully passed !
	Initialyzed swapped data for i = 213, j = 332 sucessfully passed !
	Initialyzed swapped data for i = 213, j = 333 sucessfully passed !
	Initialyzed swapped data for i = 213, j = 334 sucessfully passed !
	Initialyzed swapped data for i = 213, j = 335 sucessfully passed !
	Initialyzed swapped data for i = 213, j = 336 sucessfully passed !
	Initialyzed swapped data for i = 213, j = 337 sucessfully passed !
	Initialyzed swapped data for i = 213, j = 338 sucessfully passed !
	Initialyzed swapped data for i = 213, j = 339 sucessfully passed !
	Initialyzed swapped data for i = 213, j = 340 sucessfully passed !
	Initialyzed swapped data for i = 213, j = 341 sucessfully passed !
	Initialyzed swapped data for i = 213, j = 342 sucessfully passed !
	Initialyzed swapped data for i = 213, j = 343 sucessfully passed !
	Initialyzed swapped data for i = 213, j = 344 sucessfully passed !
	Initialyzed swapped data for i = 213, j = 345 sucessfully passed !
	Initialyzed swapped data for i = 213, j = 346 sucessfully passed !
	Initialyzed swapped data for i = 213, j = 347 sucessfully passed !
	Initialyzed swapped data for i = 213, j = 348 sucessfully passed !
	Initialyzed swapped data for i = 213, j = 349 sucessfully passed !
	Initialyzed swapped data for i = 213, j = 350 sucessfully passed !
	Initialyzed swapped data for i = 213, j = 351 sucessfully passed !
	Initialyzed swapped data for i = 213, j = 352 sucessfully passed !
	Initialyzed swapped data for i = 213, j = 353 sucessfully passed !
	Initialyzed swapped data for i = 213, j = 354 sucessfully passed !
	Initialyzed swapped data for i = 213, j = 355 sucessfully passed !
	Initialyzed swapped data for i = 213, j = 356 sucessfully passed !
	Initialyzed swapped data for i = 213, j = 357 sucessfully passed !
	Initialyzed swapped data for i = 213, j = 358 sucessfully passed !
	Initialyzed swapped data for i = 213, j = 359 sucessfully passed !
	Initialyzed swapped data for i = 213, j = 360 sucessfully passed !
	Initialyzed swapped data for i = 213, j = 361 sucessfully passed !
	Initialyzed swapped data for i = 213, j = 362 sucessfully passed !
	Initialyzed swapped data for i = 213, j = 363 sucessfully passed !
	Initialyzed swapped data for i = 213, j = 364 sucessfully passed !
	Initialyzed swapped data for i = 213, j = 365 sucessfully passed !
	Initialyzed swapped data for i = 213, j = 366 sucessfully passed !
	Initialyzed swapped data for i = 213, j = 367 sucessfully passed !
	Initialyzed swapped data for i = 213, j = 368 sucessfully passed !
	Initialyzed swapped data for i = 213, j = 369 sucessfully passed !
	Initialyzed swapped data for i = 213, j = 370 sucessfully passed !
	Initialyzed swapped data for i = 213, j = 371 sucessfully passed !
	Initialyzed swapped data for i = 213, j = 372 sucessfully passed !
	Initialyzed swapped data for i = 213, j = 373 sucessfully passed !
	Initialyzed swapped data for i = 213, j = 374 sucessfully passed !
	Initialyzed swapped data for i = 213, j = 375 sucessfully passed !
	Initialyzed swapped data for i = 213, j = 376 sucessfully passed !
	Initialyzed swapped data for i = 213, j = 377 sucessfully passed !
	Initialyzed swapped data for i = 213, j = 378 sucessfully passed !
	Initialyzed swapped data for i = 213, j = 379 sucessfully passed !
	Initialyzed swapped data for i = 213, j = 380 sucessfully passed !
	Initialyzed swapped data for i = 213, j = 381 sucessfully passed !
	Initialyzed swapped data for i = 213, j = 382 sucessfully passed !
	Initialyzed swapped data for i = 213, j = 383 sucessfully passed !
	Initialyzed swapped data for i = 213, j = 384 sucessfully passed !
	Initialyzed swapped data for i = 213, j = 385 sucessfully passed !
	Initialyzed swapped data for i = 213, j = 386 sucessfully passed !
	Initialyzed swapped data for i = 213, j = 387 sucessfully passed !
	Initialyzed swapped data for i = 213, j = 388 sucessfully passed !
	Initialyzed swapped data for i = 213, j = 389 sucessfully passed !
	Initialyzed swapped data for i = 213, j = 390 sucessfully passed !
	Initialyzed swapped data for i = 213, j = 391 sucessfully passed !
	Initialyzed swapped data for i = 213, j = 392 sucessfully passed !
	Initialyzed swapped data for i = 213, j = 393 sucessfully passed !
	Initialyzed swapped data for i = 213, j = 394 sucessfully passed !
	Initialyzed swapped data for i = 213, j = 395 sucessfully passed !
	Initialyzed swapped data for i = 213, j = 396 sucessfully passed !
	Initialyzed swapped data for i = 213, j = 397 sucessfully passed !
	Initialyzed swapped data for i = 213, j = 398 sucessfully passed !
	Initialyzed swapped data for i = 213, j = 399 sucessfully passed !
	Initialyzed swapped data for i = 213, j = 400 sucessfully passed !
	Initialyzed swapped data for i = 213, j = 401 sucessfully passed !
	Initialyzed swapped data for i = 213, j = 402 sucessfully passed !
	Initialyzed swapped data for i = 213, j = 403 sucessfully passed !
	Initialyzed swapped data for i = 213, j = 404 sucessfully passed !
	Initialyzed swapped data for i = 213, j = 405 sucessfully passed !
	Initialyzed swapped data for i = 213, j = 406 sucessfully passed !
	Initialyzed swapped data for i = 213, j = 407 sucessfully passed !
	Initialyzed swapped data for i = 213, j = 408 sucessfully passed !
	Initialyzed swapped data for i = 213, j = 409 sucessfully passed !
	Initialyzed swapped data for i = 213, j = 410 sucessfully passed !
	Initialyzed swapped data for i = 213, j = 411 sucessfully passed !
	Initialyzed swapped data for i = 213, j = 412 sucessfully passed !
	Initialyzed swapped data for i = 213, j = 413 sucessfully passed !
	Initialyzed swapped data for i = 213, j = 414 sucessfully passed !
	Initialyzed swapped data for i = 213, j = 415 sucessfully passed !
	Initialyzed swapped data for i = 213, j = 416 sucessfully passed !
	Initialyzed swapped data for i = 213, j = 417 sucessfully passed !
	Initialyzed swapped data for i = 213, j = 418 sucessfully passed !
	Initialyzed swapped data for i = 213, j = 419 sucessfully passed !
	Initialyzed swapped data for i = 213, j = 420 sucessfully passed !
	Initialyzed swapped data for i = 213, j = 421 sucessfully passed !
	Initialyzed swapped data for i = 213, j = 422 sucessfully passed !
	Initialyzed swapped data for i = 213, j = 423 sucessfully passed !
	Initialyzed swapped data for i = 213, j = 424 sucessfully passed !
	Initialyzed swapped data for i = 213, j = 425 sucessfully passed !
	Initialyzed swapped data for i = 213, j = 426 sucessfully passed !
	Initialyzed swapped data for i = 213, j = 427 sucessfully passed !
	Initialyzed swapped data for i = 213, j = 428 sucessfully passed !
	Initialyzed swapped data for i = 213, j = 429 sucessfully passed !
	Initialyzed swapped data for i = 213, j = 430 sucessfully passed !
	Initialyzed swapped data for i = 213, j = 431 sucessfully passed !
	Initialyzed swapped data for i = 213, j = 432 sucessfully passed !
	Initialyzed swapped data for i = 213, j = 433 sucessfully passed !
	Initialyzed swapped data for i = 214, j = 215 sucessfully passed !
	Initialyzed swapped data for i = 214, j = 216 sucessfully passed !
	Initialyzed swapped data for i = 214, j = 217 sucessfully passed !
	Initialyzed swapped data for i = 214, j = 218 sucessfully passed !
	Initialyzed swapped data for i = 214, j = 219 sucessfully passed !
	Initialyzed swapped data for i = 214, j = 220 sucessfully passed !
	Initialyzed swapped data for i = 214, j = 221 sucessfully passed !
	Initialyzed swapped data for i = 214, j = 222 sucessfully passed !
	Initialyzed swapped data for i = 214, j = 223 sucessfully passed !
	Initialyzed swapped data for i = 214, j = 224 sucessfully passed !
	Initialyzed swapped data for i = 214, j = 225 sucessfully passed !
	Initialyzed swapped data for i = 214, j = 226 sucessfully passed !
	Initialyzed swapped data for i = 214, j = 227 sucessfully passed !
	Initialyzed swapped data for i = 214, j = 228 sucessfully passed !
	Initialyzed swapped data for i = 214, j = 229 sucessfully passed !
	Initialyzed swapped data for i = 214, j = 230 sucessfully passed !
	Initialyzed swapped data for i = 214, j = 231 sucessfully passed !
	Initialyzed swapped data for i = 214, j = 232 sucessfully passed !
	Initialyzed swapped data for i = 214, j = 233 sucessfully passed !
	Initialyzed swapped data for i = 214, j = 234 sucessfully passed !
	Initialyzed swapped data for i = 214, j = 235 sucessfully passed !
	Initialyzed swapped data for i = 214, j = 236 sucessfully passed !
	Initialyzed swapped data for i = 214, j = 237 sucessfully passed !
	Initialyzed swapped data for i = 214, j = 238 sucessfully passed !
	Initialyzed swapped data for i = 214, j = 239 sucessfully passed !
	Initialyzed swapped data for i = 214, j = 240 sucessfully passed !
	Initialyzed swapped data for i = 214, j = 241 sucessfully passed !
	Initialyzed swapped data for i = 214, j = 242 sucessfully passed !
	Initialyzed swapped data for i = 214, j = 243 sucessfully passed !
	Initialyzed swapped data for i = 214, j = 244 sucessfully passed !
	Initialyzed swapped data for i = 214, j = 245 sucessfully passed !
	Initialyzed swapped data for i = 214, j = 246 sucessfully passed !
	Initialyzed swapped data for i = 214, j = 247 sucessfully passed !
	Initialyzed swapped data for i = 214, j = 248 sucessfully passed !
	Initialyzed swapped data for i = 214, j = 249 sucessfully passed !
	Initialyzed swapped data for i = 214, j = 250 sucessfully passed !
	Initialyzed swapped data for i = 214, j = 251 sucessfully passed !
	Initialyzed swapped data for i = 214, j = 252 sucessfully passed !
	Initialyzed swapped data for i = 214, j = 253 sucessfully passed !
	Initialyzed swapped data for i = 214, j = 254 sucessfully passed !
	Initialyzed swapped data for i = 214, j = 255 sucessfully passed !
	Initialyzed swapped data for i = 214, j = 256 sucessfully passed !
	Initialyzed swapped data for i = 214, j = 257 sucessfully passed !
	Initialyzed swapped data for i = 214, j = 258 sucessfully passed !
	Initialyzed swapped data for i = 214, j = 259 sucessfully passed !
	Initialyzed swapped data for i = 214, j = 260 sucessfully passed !
	Initialyzed swapped data for i = 214, j = 261 sucessfully passed !
	Initialyzed swapped data for i = 214, j = 262 sucessfully passed !
	Initialyzed swapped data for i = 214, j = 263 sucessfully passed !
	Initialyzed swapped data for i = 214, j = 264 sucessfully passed !
	Initialyzed swapped data for i = 214, j = 265 sucessfully passed !
	Initialyzed swapped data for i = 214, j = 266 sucessfully passed !
	Initialyzed swapped data for i = 214, j = 267 sucessfully passed !
	Initialyzed swapped data for i = 214, j = 268 sucessfully passed !
	Initialyzed swapped data for i = 214, j = 269 sucessfully passed !
	Initialyzed swapped data for i = 214, j = 270 sucessfully passed !
	Initialyzed swapped data for i = 214, j = 271 sucessfully passed !
	Initialyzed swapped data for i = 214, j = 272 sucessfully passed !
	Initialyzed swapped data for i = 214, j = 273 sucessfully passed !
	Initialyzed swapped data for i = 214, j = 274 sucessfully passed !
	Initialyzed swapped data for i = 214, j = 275 sucessfully passed !
	Initialyzed swapped data for i = 214, j = 276 sucessfully passed !
	Initialyzed swapped data for i = 214, j = 277 sucessfully passed !
	Initialyzed swapped data for i = 214, j = 278 sucessfully passed !
	Initialyzed swapped data for i = 214, j = 279 sucessfully passed !
	Initialyzed swapped data for i = 214, j = 280 sucessfully passed !
	Initialyzed swapped data for i = 214, j = 281 sucessfully passed !
	Initialyzed swapped data for i = 214, j = 282 sucessfully passed !
	Initialyzed swapped data for i = 214, j = 283 sucessfully passed !
	Initialyzed swapped data for i = 214, j = 284 sucessfully passed !
	Initialyzed swapped data for i = 214, j = 285 sucessfully passed !
	Initialyzed swapped data for i = 214, j = 286 sucessfully passed !
	Initialyzed swapped data for i = 214, j = 287 sucessfully passed !
	Initialyzed swapped data for i = 214, j = 288 sucessfully passed !
	Initialyzed swapped data for i = 214, j = 289 sucessfully passed !
	Initialyzed swapped data for i = 214, j = 290 sucessfully passed !
	Initialyzed swapped data for i = 214, j = 291 sucessfully passed !
	Initialyzed swapped data for i = 214, j = 292 sucessfully passed !
	Initialyzed swapped data for i = 214, j = 293 sucessfully passed !
	Initialyzed swapped data for i = 214, j = 294 sucessfully passed !
	Initialyzed swapped data for i = 214, j = 295 sucessfully passed !
	Initialyzed swapped data for i = 214, j = 296 sucessfully passed !
	Initialyzed swapped data for i = 214, j = 297 sucessfully passed !
	Initialyzed swapped data for i = 214, j = 298 sucessfully passed !
	Initialyzed swapped data for i = 214, j = 299 sucessfully passed !
	Initialyzed swapped data for i = 214, j = 300 sucessfully passed !
	Initialyzed swapped data for i = 214, j = 301 sucessfully passed !
	Initialyzed swapped data for i = 214, j = 302 sucessfully passed !
	Initialyzed swapped data for i = 214, j = 303 sucessfully passed !
	Initialyzed swapped data for i = 214, j = 304 sucessfully passed !
	Initialyzed swapped data for i = 214, j = 305 sucessfully passed !
	Initialyzed swapped data for i = 214, j = 306 sucessfully passed !
	Initialyzed swapped data for i = 214, j = 307 sucessfully passed !
	Initialyzed swapped data for i = 214, j = 308 sucessfully passed !
	Initialyzed swapped data for i = 214, j = 309 sucessfully passed !
	Initialyzed swapped data for i = 214, j = 310 sucessfully passed !
	Initialyzed swapped data for i = 214, j = 311 sucessfully passed !
	Initialyzed swapped data for i = 214, j = 312 sucessfully passed !
	Initialyzed swapped data for i = 214, j = 313 sucessfully passed !
	Initialyzed swapped data for i = 214, j = 314 sucessfully passed !
	Initialyzed swapped data for i = 214, j = 315 sucessfully passed !
	Initialyzed swapped data for i = 214, j = 316 sucessfully passed !
	Initialyzed swapped data for i = 214, j = 317 sucessfully passed !
	Initialyzed swapped data for i = 214, j = 318 sucessfully passed !
	Initialyzed swapped data for i = 214, j = 319 sucessfully passed !
	Initialyzed swapped data for i = 214, j = 320 sucessfully passed !
	Initialyzed swapped data for i = 214, j = 321 sucessfully passed !
	Initialyzed swapped data for i = 214, j = 322 sucessfully passed !
	Initialyzed swapped data for i = 214, j = 323 sucessfully passed !
	Initialyzed swapped data for i = 214, j = 324 sucessfully passed !
	Initialyzed swapped data for i = 214, j = 325 sucessfully passed !
	Initialyzed swapped data for i = 214, j = 326 sucessfully passed !
	Initialyzed swapped data for i = 214, j = 327 sucessfully passed !
	Initialyzed swapped data for i = 214, j = 328 sucessfully passed !
	Initialyzed swapped data for i = 214, j = 329 sucessfully passed !
	Initialyzed swapped data for i = 214, j = 330 sucessfully passed !
	Initialyzed swapped data for i = 214, j = 331 sucessfully passed !
	Initialyzed swapped data for i = 214, j = 332 sucessfully passed !
	Initialyzed swapped data for i = 214, j = 333 sucessfully passed !
	Initialyzed swapped data for i = 214, j = 334 sucessfully passed !
	Initialyzed swapped data for i = 214, j = 335 sucessfully passed !
	Initialyzed swapped data for i = 214, j = 336 sucessfully passed !
	Initialyzed swapped data for i = 214, j = 337 sucessfully passed !
	Initialyzed swapped data for i = 214, j = 338 sucessfully passed !
	Initialyzed swapped data for i = 214, j = 339 sucessfully passed !
	Initialyzed swapped data for i = 214, j = 340 sucessfully passed !
	Initialyzed swapped data for i = 214, j = 341 sucessfully passed !
	Initialyzed swapped data for i = 214, j = 342 sucessfully passed !
	Initialyzed swapped data for i = 214, j = 343 sucessfully passed !
	Initialyzed swapped data for i = 214, j = 344 sucessfully passed !
	Initialyzed swapped data for i = 214, j = 345 sucessfully passed !
	Initialyzed swapped data for i = 214, j = 346 sucessfully passed !
	Initialyzed swapped data for i = 214, j = 347 sucessfully passed !
	Initialyzed swapped data for i = 214, j = 348 sucessfully passed !
	Initialyzed swapped data for i = 214, j = 349 sucessfully passed !
	Initialyzed swapped data for i = 214, j = 350 sucessfully passed !
	Initialyzed swapped data for i = 214, j = 351 sucessfully passed !
	Initialyzed swapped data for i = 214, j = 352 sucessfully passed !
	Initialyzed swapped data for i = 214, j = 353 sucessfully passed !
	Initialyzed swapped data for i = 214, j = 354 sucessfully passed !
	Initialyzed swapped data for i = 214, j = 355 sucessfully passed !
	Initialyzed swapped data for i = 214, j = 356 sucessfully passed !
	Initialyzed swapped data for i = 214, j = 357 sucessfully passed !
	Initialyzed swapped data for i = 214, j = 358 sucessfully passed !
	Initialyzed swapped data for i = 214, j = 359 sucessfully passed !
	Initialyzed swapped data for i = 214, j = 360 sucessfully passed !
	Initialyzed swapped data for i = 214, j = 361 sucessfully passed !
	Initialyzed swapped data for i = 214, j = 362 sucessfully passed !
	Initialyzed swapped data for i = 214, j = 363 sucessfully passed !
	Initialyzed swapped data for i = 214, j = 364 sucessfully passed !
	Initialyzed swapped data for i = 214, j = 365 sucessfully passed !
	Initialyzed swapped data for i = 214, j = 366 sucessfully passed !
	Initialyzed swapped data for i = 214, j = 367 sucessfully passed !
	Initialyzed swapped data for i = 214, j = 368 sucessfully passed !
	Initialyzed swapped data for i = 214, j = 369 sucessfully passed !
	Initialyzed swapped data for i = 214, j = 370 sucessfully passed !
	Initialyzed swapped data for i = 214, j = 371 sucessfully passed !
	Initialyzed swapped data for i = 214, j = 372 sucessfully passed !
	Initialyzed swapped data for i = 214, j = 373 sucessfully passed !
	Initialyzed swapped data for i = 214, j = 374 sucessfully passed !
	Initialyzed swapped data for i = 214, j = 375 sucessfully passed !
	Initialyzed swapped data for i = 214, j = 376 sucessfully passed !
	Initialyzed swapped data for i = 214, j = 377 sucessfully passed !
	Initialyzed swapped data for i = 214, j = 378 sucessfully passed !
	Initialyzed swapped data for i = 214, j = 379 sucessfully passed !
	Initialyzed swapped data for i = 214, j = 380 sucessfully passed !
	Initialyzed swapped data for i = 214, j = 381 sucessfully passed !
	Initialyzed swapped data for i = 214, j = 382 sucessfully passed !
	Initialyzed swapped data for i = 214, j = 383 sucessfully passed !
	Initialyzed swapped data for i = 214, j = 384 sucessfully passed !
	Initialyzed swapped data for i = 214, j = 385 sucessfully passed !
	Initialyzed swapped data for i = 214, j = 386 sucessfully passed !
	Initialyzed swapped data for i = 214, j = 387 sucessfully passed !
	Initialyzed swapped data for i = 214, j = 388 sucessfully passed !
	Initialyzed swapped data for i = 214, j = 389 sucessfully passed !
	Initialyzed swapped data for i = 214, j = 390 sucessfully passed !
	Initialyzed swapped data for i = 214, j = 391 sucessfully passed !
	Initialyzed swapped data for i = 214, j = 392 sucessfully passed !
	Initialyzed swapped data for i = 214, j = 393 sucessfully passed !
	Initialyzed swapped data for i = 214, j = 394 sucessfully passed !
	Initialyzed swapped data for i = 214, j = 395 sucessfully passed !
	Initialyzed swapped data for i = 214, j = 396 sucessfully passed !
	Initialyzed swapped data for i = 214, j = 397 sucessfully passed !
	Initialyzed swapped data for i = 214, j = 398 sucessfully passed !
	Initialyzed swapped data for i = 214, j = 399 sucessfully passed !
	Initialyzed swapped data for i = 214, j = 400 sucessfully passed !
	Initialyzed swapped data for i = 214, j = 401 sucessfully passed !
	Initialyzed swapped data for i = 214, j = 402 sucessfully passed !
	Initialyzed swapped data for i = 214, j = 403 sucessfully passed !
	Initialyzed swapped data for i = 214, j = 404 sucessfully passed !
	Initialyzed swapped data for i = 214, j = 405 sucessfully passed !
	Initialyzed swapped data for i = 214, j = 406 sucessfully passed !
	Initialyzed swapped data for i = 214, j = 407 sucessfully passed !
	Initialyzed swapped data for i = 214, j = 408 sucessfully passed !
	Initialyzed swapped data for i = 214, j = 409 sucessfully passed !
	Initialyzed swapped data for i = 214, j = 410 sucessfully passed !
	Initialyzed swapped data for i = 214, j = 411 sucessfully passed !
	Initialyzed swapped data for i = 214, j = 412 sucessfully passed !
	Initialyzed swapped data for i = 214, j = 413 sucessfully passed !
	Initialyzed swapped data for i = 214, j = 414 sucessfully passed !
	Initialyzed swapped data for i = 214, j = 415 sucessfully passed !
	Initialyzed swapped data for i = 214, j = 416 sucessfully passed !
	Initialyzed swapped data for i = 214, j = 417 sucessfully passed !
	Initialyzed swapped data for i = 214, j = 418 sucessfully passed !
	Initialyzed swapped data for i = 214, j = 419 sucessfully passed !
	Initialyzed swapped data for i = 214, j = 420 sucessfully passed !
	Initialyzed swapped data for i = 214, j = 421 sucessfully passed !
	Initialyzed swapped data for i = 214, j = 422 sucessfully passed !
	Initialyzed swapped data for i = 214, j = 423 sucessfully passed !
	Initialyzed swapped data for i = 214, j = 424 sucessfully passed !
	Initialyzed swapped data for i = 214, j = 425 sucessfully passed !
	Initialyzed swapped data for i = 214, j = 426 sucessfully passed !
	Initialyzed swapped data for i = 214, j = 427 sucessfully passed !
	Initialyzed swapped data for i = 214, j = 428 sucessfully passed !
	Initialyzed swapped data for i = 214, j = 429 sucessfully passed !
	Initialyzed swapped data for i = 214, j = 430 sucessfully passed !
	Initialyzed swapped data for i = 214, j = 431 sucessfully passed !
	Initialyzed swapped data for i = 214, j = 432 sucessfully passed !
	Initialyzed swapped data for i = 214, j = 433 sucessfully passed !
	Initialyzed swapped data for i = 215, j = 216 sucessfully passed !
	Initialyzed swapped data for i = 215, j = 217 sucessfully passed !
	Initialyzed swapped data for i = 215, j = 218 sucessfully passed !
	Initialyzed swapped data for i = 215, j = 219 sucessfully passed !
	Initialyzed swapped data for i = 215, j = 220 sucessfully passed !
	Initialyzed swapped data for i = 215, j = 221 sucessfully passed !
	Initialyzed swapped data for i = 215, j = 222 sucessfully passed !
	Initialyzed swapped data for i = 215, j = 223 sucessfully passed !
	Initialyzed swapped data for i = 215, j = 224 sucessfully passed !
	Initialyzed swapped data for i = 215, j = 225 sucessfully passed !
	Initialyzed swapped data for i = 215, j = 226 sucessfully passed !
	Initialyzed swapped data for i = 215, j = 227 sucessfully passed !
	Initialyzed swapped data for i = 215, j = 228 sucessfully passed !
	Initialyzed swapped data for i = 215, j = 229 sucessfully passed !
	Initialyzed swapped data for i = 215, j = 230 sucessfully passed !
	Initialyzed swapped data for i = 215, j = 231 sucessfully passed !
	Initialyzed swapped data for i = 215, j = 232 sucessfully passed !
	Initialyzed swapped data for i = 215, j = 233 sucessfully passed !
	Initialyzed swapped data for i = 215, j = 234 sucessfully passed !
	Initialyzed swapped data for i = 215, j = 235 sucessfully passed !
	Initialyzed swapped data for i = 215, j = 236 sucessfully passed !
	Initialyzed swapped data for i = 215, j = 237 sucessfully passed !
	Initialyzed swapped data for i = 215, j = 238 sucessfully passed !
	Initialyzed swapped data for i = 215, j = 239 sucessfully passed !
	Initialyzed swapped data for i = 215, j = 240 sucessfully passed !
	Initialyzed swapped data for i = 215, j = 241 sucessfully passed !
	Initialyzed swapped data for i = 215, j = 242 sucessfully passed !
	Initialyzed swapped data for i = 215, j = 243 sucessfully passed !
	Initialyzed swapped data for i = 215, j = 244 sucessfully passed !
	Initialyzed swapped data for i = 215, j = 245 sucessfully passed !
	Initialyzed swapped data for i = 215, j = 246 sucessfully passed !
	Initialyzed swapped data for i = 215, j = 247 sucessfully passed !
	Initialyzed swapped data for i = 215, j = 248 sucessfully passed !
	Initialyzed swapped data for i = 215, j = 249 sucessfully passed !
	Initialyzed swapped data for i = 215, j = 250 sucessfully passed !
	Initialyzed swapped data for i = 215, j = 251 sucessfully passed !
	Initialyzed swapped data for i = 215, j = 252 sucessfully passed !
	Initialyzed swapped data for i = 215, j = 253 sucessfully passed !
	Initialyzed swapped data for i = 215, j = 254 sucessfully passed !
	Initialyzed swapped data for i = 215, j = 255 sucessfully passed !
	Initialyzed swapped data for i = 215, j = 256 sucessfully passed !
	Initialyzed swapped data for i = 215, j = 257 sucessfully passed !
	Initialyzed swapped data for i = 215, j = 258 sucessfully passed !
	Initialyzed swapped data for i = 215, j = 259 sucessfully passed !
	Initialyzed swapped data for i = 215, j = 260 sucessfully passed !
	Initialyzed swapped data for i = 215, j = 261 sucessfully passed !
	Initialyzed swapped data for i = 215, j = 262 sucessfully passed !
	Initialyzed swapped data for i = 215, j = 263 sucessfully passed !
	Initialyzed swapped data for i = 215, j = 264 sucessfully passed !
	Initialyzed swapped data for i = 215, j = 265 sucessfully passed !
	Initialyzed swapped data for i = 215, j = 266 sucessfully passed !
	Initialyzed swapped data for i = 215, j = 267 sucessfully passed !
	Initialyzed swapped data for i = 215, j = 268 sucessfully passed !
	Initialyzed swapped data for i = 215, j = 269 sucessfully passed !
	Initialyzed swapped data for i = 215, j = 270 sucessfully passed !
	Initialyzed swapped data for i = 215, j = 271 sucessfully passed !
	Initialyzed swapped data for i = 215, j = 272 sucessfully passed !
	Initialyzed swapped data for i = 215, j = 273 sucessfully passed !
	Initialyzed swapped data for i = 215, j = 274 sucessfully passed !
	Initialyzed swapped data for i = 215, j = 275 sucessfully passed !
	Initialyzed swapped data for i = 215, j = 276 sucessfully passed !
	Initialyzed swapped data for i = 215, j = 277 sucessfully passed !
	Initialyzed swapped data for i = 215, j = 278 sucessfully passed !
	Initialyzed swapped data for i = 215, j = 279 sucessfully passed !
	Initialyzed swapped data for i = 215, j = 280 sucessfully passed !
	Initialyzed swapped data for i = 215, j = 281 sucessfully passed !
	Initialyzed swapped data for i = 215, j = 282 sucessfully passed !
	Initialyzed swapped data for i = 215, j = 283 sucessfully passed !
	Initialyzed swapped data for i = 215, j = 284 sucessfully passed !
	Initialyzed swapped data for i = 215, j = 285 sucessfully passed !
	Initialyzed swapped data for i = 215, j = 286 sucessfully passed !
	Initialyzed swapped data for i = 215, j = 287 sucessfully passed !
	Initialyzed swapped data for i = 215, j = 288 sucessfully passed !
	Initialyzed swapped data for i = 215, j = 289 sucessfully passed !
	Initialyzed swapped data for i = 215, j = 290 sucessfully passed !
	Initialyzed swapped data for i = 215, j = 291 sucessfully passed !
	Initialyzed swapped data for i = 215, j = 292 sucessfully passed !
	Initialyzed swapped data for i = 215, j = 293 sucessfully passed !
	Initialyzed swapped data for i = 215, j = 294 sucessfully passed !
	Initialyzed swapped data for i = 215, j = 295 sucessfully passed !
	Initialyzed swapped data for i = 215, j = 296 sucessfully passed !
	Initialyzed swapped data for i = 215, j = 297 sucessfully passed !
	Initialyzed swapped data for i = 215, j = 298 sucessfully passed !
	Initialyzed swapped data for i = 215, j = 299 sucessfully passed !
	Initialyzed swapped data for i = 215, j = 300 sucessfully passed !
	Initialyzed swapped data for i = 215, j = 301 sucessfully passed !
	Initialyzed swapped data for i = 215, j = 302 sucessfully passed !
	Initialyzed swapped data for i = 215, j = 303 sucessfully passed !
	Initialyzed swapped data for i = 215, j = 304 sucessfully passed !
	Initialyzed swapped data for i = 215, j = 305 sucessfully passed !
	Initialyzed swapped data for i = 215, j = 306 sucessfully passed !
	Initialyzed swapped data for i = 215, j = 307 sucessfully passed !
	Initialyzed swapped data for i = 215, j = 308 sucessfully passed !
	Initialyzed swapped data for i = 215, j = 309 sucessfully passed !
	Initialyzed swapped data for i = 215, j = 310 sucessfully passed !
	Initialyzed swapped data for i = 215, j = 311 sucessfully passed !
	Initialyzed swapped data for i = 215, j = 312 sucessfully passed !
	Initialyzed swapped data for i = 215, j = 313 sucessfully passed !
	Initialyzed swapped data for i = 215, j = 314 sucessfully passed !
	Initialyzed swapped data for i = 215, j = 315 sucessfully passed !
	Initialyzed swapped data for i = 215, j = 316 sucessfully passed !
	Initialyzed swapped data for i = 215, j = 317 sucessfully passed !
	Initialyzed swapped data for i = 215, j = 318 sucessfully passed !
	Initialyzed swapped data for i = 215, j = 319 sucessfully passed !
	Initialyzed swapped data for i = 215, j = 320 sucessfully passed !
	Initialyzed swapped data for i = 215, j = 321 sucessfully passed !
	Initialyzed swapped data for i = 215, j = 322 sucessfully passed !
	Initialyzed swapped data for i = 215, j = 323 sucessfully passed !
	Initialyzed swapped data for i = 215, j = 324 sucessfully passed !
	Initialyzed swapped data for i = 215, j = 325 sucessfully passed !
	Initialyzed swapped data for i = 215, j = 326 sucessfully passed !
	Initialyzed swapped data for i = 215, j = 327 sucessfully passed !
	Initialyzed swapped data for i = 215, j = 328 sucessfully passed !
	Initialyzed swapped data for i = 215, j = 329 sucessfully passed !
	Initialyzed swapped data for i = 215, j = 330 sucessfully passed !
	Initialyzed swapped data for i = 215, j = 331 sucessfully passed !
	Initialyzed swapped data for i = 215, j = 332 sucessfully passed !
	Initialyzed swapped data for i = 215, j = 333 sucessfully passed !
	Initialyzed swapped data for i = 215, j = 334 sucessfully passed !
	Initialyzed swapped data for i = 215, j = 335 sucessfully passed !
	Initialyzed swapped data for i = 215, j = 336 sucessfully passed !
	Initialyzed swapped data for i = 215, j = 337 sucessfully passed !
	Initialyzed swapped data for i = 215, j = 338 sucessfully passed !
	Initialyzed swapped data for i = 215, j = 339 sucessfully passed !
	Initialyzed swapped data for i = 215, j = 340 sucessfully passed !
	Initialyzed swapped data for i = 215, j = 341 sucessfully passed !
	Initialyzed swapped data for i = 215, j = 342 sucessfully passed !
	Initialyzed swapped data for i = 215, j = 343 sucessfully passed !
	Initialyzed swapped data for i = 215, j = 344 sucessfully passed !
	Initialyzed swapped data for i = 215, j = 345 sucessfully passed !
	Initialyzed swapped data for i = 215, j = 346 sucessfully passed !
	Initialyzed swapped data for i = 215, j = 347 sucessfully passed !
	Initialyzed swapped data for i = 215, j = 348 sucessfully passed !
	Initialyzed swapped data for i = 215, j = 349 sucessfully passed !
	Initialyzed swapped data for i = 215, j = 350 sucessfully passed !
	Initialyzed swapped data for i = 215, j = 351 sucessfully passed !
	Initialyzed swapped data for i = 215, j = 352 sucessfully passed !
	Initialyzed swapped data for i = 215, j = 353 sucessfully passed !
	Initialyzed swapped data for i = 215, j = 354 sucessfully passed !
	Initialyzed swapped data for i = 215, j = 355 sucessfully passed !
	Initialyzed swapped data for i = 215, j = 356 sucessfully passed !
	Initialyzed swapped data for i = 215, j = 357 sucessfully passed !
	Initialyzed swapped data for i = 215, j = 358 sucessfully passed !
	Initialyzed swapped data for i = 215, j = 359 sucessfully passed !
	Initialyzed swapped data for i = 215, j = 360 sucessfully passed !
	Initialyzed swapped data for i = 215, j = 361 sucessfully passed !
	Initialyzed swapped data for i = 215, j = 362 sucessfully passed !
	Initialyzed swapped data for i = 215, j = 363 sucessfully passed !
	Initialyzed swapped data for i = 215, j = 364 sucessfully passed !
	Initialyzed swapped data for i = 215, j = 365 sucessfully passed !
	Initialyzed swapped data for i = 215, j = 366 sucessfully passed !
	Initialyzed swapped data for i = 215, j = 367 sucessfully passed !
	Initialyzed swapped data for i = 215, j = 368 sucessfully passed !
	Initialyzed swapped data for i = 215, j = 369 sucessfully passed !
	Initialyzed swapped data for i = 215, j = 370 sucessfully passed !
	Initialyzed swapped data for i = 215, j = 371 sucessfully passed !
	Initialyzed swapped data for i = 215, j = 372 sucessfully passed !
	Initialyzed swapped data for i = 215, j = 373 sucessfully passed !
	Initialyzed swapped data for i = 215, j = 374 sucessfully passed !
	Initialyzed swapped data for i = 215, j = 375 sucessfully passed !
	Initialyzed swapped data for i = 215, j = 376 sucessfully passed !
	Initialyzed swapped data for i = 215, j = 377 sucessfully passed !
	Initialyzed swapped data for i = 215, j = 378 sucessfully passed !
	Initialyzed swapped data for i = 215, j = 379 sucessfully passed !
	Initialyzed swapped data for i = 215, j = 380 sucessfully passed !
	Initialyzed swapped data for i = 215, j = 381 sucessfully passed !
	Initialyzed swapped data for i = 215, j = 382 sucessfully passed !
	Initialyzed swapped data for i = 215, j = 383 sucessfully passed !
	Initialyzed swapped data for i = 215, j = 384 sucessfully passed !
	Initialyzed swapped data for i = 215, j = 385 sucessfully passed !
	Initialyzed swapped data for i = 215, j = 386 sucessfully passed !
	Initialyzed swapped data for i = 215, j = 387 sucessfully passed !
	Initialyzed swapped data for i = 215, j = 388 sucessfully passed !
	Initialyzed swapped data for i = 215, j = 389 sucessfully passed !
	Initialyzed swapped data for i = 215, j = 390 sucessfully passed !
	Initialyzed swapped data for i = 215, j = 391 sucessfully passed !
	Initialyzed swapped data for i = 215, j = 392 sucessfully passed !
	Initialyzed swapped data for i = 215, j = 393 sucessfully passed !
	Initialyzed swapped data for i = 215, j = 394 sucessfully passed !
	Initialyzed swapped data for i = 215, j = 395 sucessfully passed !
	Initialyzed swapped data for i = 215, j = 396 sucessfully passed !
	Initialyzed swapped data for i = 215, j = 397 sucessfully passed !
	Initialyzed swapped data for i = 215, j = 398 sucessfully passed !
	Initialyzed swapped data for i = 215, j = 399 sucessfully passed !
	Initialyzed swapped data for i = 215, j = 400 sucessfully passed !
	Initialyzed swapped data for i = 215, j = 401 sucessfully passed !
	Initialyzed swapped data for i = 215, j = 402 sucessfully passed !
	Initialyzed swapped data for i = 215, j = 403 sucessfully passed !
	Initialyzed swapped data for i = 215, j = 404 sucessfully passed !
	Initialyzed swapped data for i = 215, j = 405 sucessfully passed !
	Initialyzed swapped data for i = 215, j = 406 sucessfully passed !
	Initialyzed swapped data for i = 215, j = 407 sucessfully passed !
	Initialyzed swapped data for i = 215, j = 408 sucessfully passed !
	Initialyzed swapped data for i = 215, j = 409 sucessfully passed !
	Initialyzed swapped data for i = 215, j = 410 sucessfully passed !
	Initialyzed swapped data for i = 215, j = 411 sucessfully passed !
	Initialyzed swapped data for i = 215, j = 412 sucessfully passed !
	Initialyzed swapped data for i = 215, j = 413 sucessfully passed !
	Initialyzed swapped data for i = 215, j = 414 sucessfully passed !
	Initialyzed swapped data for i = 215, j = 415 sucessfully passed !
	Initialyzed swapped data for i = 215, j = 416 sucessfully passed !
	Initialyzed swapped data for i = 215, j = 417 sucessfully passed !
	Initialyzed swapped data for i = 215, j = 418 sucessfully passed !
	Initialyzed swapped data for i = 215, j = 419 sucessfully passed !
	Initialyzed swapped data for i = 215, j = 420 sucessfully passed !
	Initialyzed swapped data for i = 215, j = 421 sucessfully passed !
	Initialyzed swapped data for i = 215, j = 422 sucessfully passed !
	Initialyzed swapped data for i = 215, j = 423 sucessfully passed !
	Initialyzed swapped data for i = 215, j = 424 sucessfully passed !
	Initialyzed swapped data for i = 215, j = 425 sucessfully passed !
	Initialyzed swapped data for i = 215, j = 426 sucessfully passed !
	Initialyzed swapped data for i = 215, j = 427 sucessfully passed !
	Initialyzed swapped data for i = 215, j = 428 sucessfully passed !
	Initialyzed swapped data for i = 215, j = 429 sucessfully passed !
	Initialyzed swapped data for i = 215, j = 430 sucessfully passed !
	Initialyzed swapped data for i = 215, j = 431 sucessfully passed !
	Initialyzed swapped data for i = 215, j = 432 sucessfully passed !
	Initialyzed swapped data for i = 215, j = 433 sucessfully passed !
	Initialyzed swapped data for i = 216, j = 217 sucessfully passed !
	Initialyzed swapped data for i = 216, j = 218 sucessfully passed !
	Initialyzed swapped data for i = 216, j = 219 sucessfully passed !
	Initialyzed swapped data for i = 216, j = 220 sucessfully passed !
	Initialyzed swapped data for i = 216, j = 221 sucessfully passed !
	Initialyzed swapped data for i = 216, j = 222 sucessfully passed !
	Initialyzed swapped data for i = 216, j = 223 sucessfully passed !
	Initialyzed swapped data for i = 216, j = 224 sucessfully passed !
	Initialyzed swapped data for i = 216, j = 225 sucessfully passed !
	Initialyzed swapped data for i = 216, j = 226 sucessfully passed !
	Initialyzed swapped data for i = 216, j = 227 sucessfully passed !
	Initialyzed swapped data for i = 216, j = 228 sucessfully passed !
	Initialyzed swapped data for i = 216, j = 229 sucessfully passed !
	Initialyzed swapped data for i = 216, j = 230 sucessfully passed !
	Initialyzed swapped data for i = 216, j = 231 sucessfully passed !
	Initialyzed swapped data for i = 216, j = 232 sucessfully passed !
	Initialyzed swapped data for i = 216, j = 233 sucessfully passed !
	Initialyzed swapped data for i = 216, j = 234 sucessfully passed !
	Initialyzed swapped data for i = 216, j = 235 sucessfully passed !
	Initialyzed swapped data for i = 216, j = 236 sucessfully passed !
	Initialyzed swapped data for i = 216, j = 237 sucessfully passed !
	Initialyzed swapped data for i = 216, j = 238 sucessfully passed !
	Initialyzed swapped data for i = 216, j = 239 sucessfully passed !
	Initialyzed swapped data for i = 216, j = 240 sucessfully passed !
	Initialyzed swapped data for i = 216, j = 241 sucessfully passed !
	Initialyzed swapped data for i = 216, j = 242 sucessfully passed !
	Initialyzed swapped data for i = 216, j = 243 sucessfully passed !
	Initialyzed swapped data for i = 216, j = 244 sucessfully passed !
	Initialyzed swapped data for i = 216, j = 245 sucessfully passed !
	Initialyzed swapped data for i = 216, j = 246 sucessfully passed !
	Initialyzed swapped data for i = 216, j = 247 sucessfully passed !
	Initialyzed swapped data for i = 216, j = 248 sucessfully passed !
	Initialyzed swapped data for i = 216, j = 249 sucessfully passed !
	Initialyzed swapped data for i = 216, j = 250 sucessfully passed !
	Initialyzed swapped data for i = 216, j = 251 sucessfully passed !
	Initialyzed swapped data for i = 216, j = 252 sucessfully passed !
	Initialyzed swapped data for i = 216, j = 253 sucessfully passed !
	Initialyzed swapped data for i = 216, j = 254 sucessfully passed !
	Initialyzed swapped data for i = 216, j = 255 sucessfully passed !
	Initialyzed swapped data for i = 216, j = 256 sucessfully passed !
	Initialyzed swapped data for i = 216, j = 257 sucessfully passed !
	Initialyzed swapped data for i = 216, j = 258 sucessfully passed !
	Initialyzed swapped data for i = 216, j = 259 sucessfully passed !
	Initialyzed swapped data for i = 216, j = 260 sucessfully passed !
	Initialyzed swapped data for i = 216, j = 261 sucessfully passed !
	Initialyzed swapped data for i = 216, j = 262 sucessfully passed !
	Initialyzed swapped data for i = 216, j = 263 sucessfully passed !
	Initialyzed swapped data for i = 216, j = 264 sucessfully passed !
	Initialyzed swapped data for i = 216, j = 265 sucessfully passed !
	Initialyzed swapped data for i = 216, j = 266 sucessfully passed !
	Initialyzed swapped data for i = 216, j = 267 sucessfully passed !
	Initialyzed swapped data for i = 216, j = 268 sucessfully passed !
	Initialyzed swapped data for i = 216, j = 269 sucessfully passed !
	Initialyzed swapped data for i = 216, j = 270 sucessfully passed !
	Initialyzed swapped data for i = 216, j = 271 sucessfully passed !
	Initialyzed swapped data for i = 216, j = 272 sucessfully passed !
	Initialyzed swapped data for i = 216, j = 273 sucessfully passed !
	Initialyzed swapped data for i = 216, j = 274 sucessfully passed !
	Initialyzed swapped data for i = 216, j = 275 sucessfully passed !
	Initialyzed swapped data for i = 216, j = 276 sucessfully passed !
	Initialyzed swapped data for i = 216, j = 277 sucessfully passed !
	Initialyzed swapped data for i = 216, j = 278 sucessfully passed !
	Initialyzed swapped data for i = 216, j = 279 sucessfully passed !
	Initialyzed swapped data for i = 216, j = 280 sucessfully passed !
	Initialyzed swapped data for i = 216, j = 281 sucessfully passed !
	Initialyzed swapped data for i = 216, j = 282 sucessfully passed !
	Initialyzed swapped data for i = 216, j = 283 sucessfully passed !
	Initialyzed swapped data for i = 216, j = 284 sucessfully passed !
	Initialyzed swapped data for i = 216, j = 285 sucessfully passed !
	Initialyzed swapped data for i = 216, j = 286 sucessfully passed !
	Initialyzed swapped data for i = 216, j = 287 sucessfully passed !
	Initialyzed swapped data for i = 216, j = 288 sucessfully passed !
	Initialyzed swapped data for i = 216, j = 289 sucessfully passed !
	Initialyzed swapped data for i = 216, j = 290 sucessfully passed !
	Initialyzed swapped data for i = 216, j = 291 sucessfully passed !
	Initialyzed swapped data for i = 216, j = 292 sucessfully passed !
	Initialyzed swapped data for i = 216, j = 293 sucessfully passed !
	Initialyzed swapped data for i = 216, j = 294 sucessfully passed !
	Initialyzed swapped data for i = 216, j = 295 sucessfully passed !
	Initialyzed swapped data for i = 216, j = 296 sucessfully passed !
	Initialyzed swapped data for i = 216, j = 297 sucessfully passed !
	Initialyzed swapped data for i = 216, j = 298 sucessfully passed !
	Initialyzed swapped data for i = 216, j = 299 sucessfully passed !
	Initialyzed swapped data for i = 216, j = 300 sucessfully passed !
	Initialyzed swapped data for i = 216, j = 301 sucessfully passed !
	Initialyzed swapped data for i = 216, j = 302 sucessfully passed !
	Initialyzed swapped data for i = 216, j = 303 sucessfully passed !
	Initialyzed swapped data for i = 216, j = 304 sucessfully passed !
	Initialyzed swapped data for i = 216, j = 305 sucessfully passed !
	Initialyzed swapped data for i = 216, j = 306 sucessfully passed !
	Initialyzed swapped data for i = 216, j = 307 sucessfully passed !
	Initialyzed swapped data for i = 216, j = 308 sucessfully passed !
	Initialyzed swapped data for i = 216, j = 309 sucessfully passed !
	Initialyzed swapped data for i = 216, j = 310 sucessfully passed !
	Initialyzed swapped data for i = 216, j = 311 sucessfully passed !
	Initialyzed swapped data for i = 216, j = 312 sucessfully passed !
	Initialyzed swapped data for i = 216, j = 313 sucessfully passed !
	Initialyzed swapped data for i = 216, j = 314 sucessfully passed !
	Initialyzed swapped data for i = 216, j = 315 sucessfully passed !
	Initialyzed swapped data for i = 216, j = 316 sucessfully passed !
	Initialyzed swapped data for i = 216, j = 317 sucessfully passed !
	Initialyzed swapped data for i = 216, j = 318 sucessfully passed !
	Initialyzed swapped data for i = 216, j = 319 sucessfully passed !
	Initialyzed swapped data for i = 216, j = 320 sucessfully passed !
	Initialyzed swapped data for i = 216, j = 321 sucessfully passed !
	Initialyzed swapped data for i = 216, j = 322 sucessfully passed !
	Initialyzed swapped data for i = 216, j = 323 sucessfully passed !
	Initialyzed swapped data for i = 216, j = 324 sucessfully passed !
	Initialyzed swapped data for i = 216, j = 325 sucessfully passed !
	Initialyzed swapped data for i = 216, j = 326 sucessfully passed !
	Initialyzed swapped data for i = 216, j = 327 sucessfully passed !
	Initialyzed swapped data for i = 216, j = 328 sucessfully passed !
	Initialyzed swapped data for i = 216, j = 329 sucessfully passed !
	Initialyzed swapped data for i = 216, j = 330 sucessfully passed !
	Initialyzed swapped data for i = 216, j = 331 sucessfully passed !
	Initialyzed swapped data for i = 216, j = 332 sucessfully passed !
	Initialyzed swapped data for i = 216, j = 333 sucessfully passed !
	Initialyzed swapped data for i = 216, j = 334 sucessfully passed !
	Initialyzed swapped data for i = 216, j = 335 sucessfully passed !
	Initialyzed swapped data for i = 216, j = 336 sucessfully passed !
	Initialyzed swapped data for i = 216, j = 337 sucessfully passed !
	Initialyzed swapped data for i = 216, j = 338 sucessfully passed !
	Initialyzed swapped data for i = 216, j = 339 sucessfully passed !
	Initialyzed swapped data for i = 216, j = 340 sucessfully passed !
	Initialyzed swapped data for i = 216, j = 341 sucessfully passed !
	Initialyzed swapped data for i = 216, j = 342 sucessfully passed !
	Initialyzed swapped data for i = 216, j = 343 sucessfully passed !
	Initialyzed swapped data for i = 216, j = 344 sucessfully passed !
	Initialyzed swapped data for i = 216, j = 345 sucessfully passed !
	Initialyzed swapped data for i = 216, j = 346 sucessfully passed !
	Initialyzed swapped data for i = 216, j = 347 sucessfully passed !
	Initialyzed swapped data for i = 216, j = 348 sucessfully passed !
	Initialyzed swapped data for i = 216, j = 349 sucessfully passed !
	Initialyzed swapped data for i = 216, j = 350 sucessfully passed !
	Initialyzed swapped data for i = 216, j = 351 sucessfully passed !
	Initialyzed swapped data for i = 216, j = 352 sucessfully passed !
	Initialyzed swapped data for i = 216, j = 353 sucessfully passed !
	Initialyzed swapped data for i = 216, j = 354 sucessfully passed !
	Initialyzed swapped data for i = 216, j = 355 sucessfully passed !
	Initialyzed swapped data for i = 216, j = 356 sucessfully passed !
	Initialyzed swapped data for i = 216, j = 357 sucessfully passed !
	Initialyzed swapped data for i = 216, j = 358 sucessfully passed !
	Initialyzed swapped data for i = 216, j = 359 sucessfully passed !
	Initialyzed swapped data for i = 216, j = 360 sucessfully passed !
	Initialyzed swapped data for i = 216, j = 361 sucessfully passed !
	Initialyzed swapped data for i = 216, j = 362 sucessfully passed !
	Initialyzed swapped data for i = 216, j = 363 sucessfully passed !
	Initialyzed swapped data for i = 216, j = 364 sucessfully passed !
	Initialyzed swapped data for i = 216, j = 365 sucessfully passed !
	Initialyzed swapped data for i = 216, j = 366 sucessfully passed !
	Initialyzed swapped data for i = 216, j = 367 sucessfully passed !
	Initialyzed swapped data for i = 216, j = 368 sucessfully passed !
	Initialyzed swapped data for i = 216, j = 369 sucessfully passed !
	Initialyzed swapped data for i = 216, j = 370 sucessfully passed !
	Initialyzed swapped data for i = 216, j = 371 sucessfully passed !
	Initialyzed swapped data for i = 216, j = 372 sucessfully passed !
	Initialyzed swapped data for i = 216, j = 373 sucessfully passed !
	Initialyzed swapped data for i = 216, j = 374 sucessfully passed !
	Initialyzed swapped data for i = 216, j = 375 sucessfully passed !
	Initialyzed swapped data for i = 216, j = 376 sucessfully passed !
	Initialyzed swapped data for i = 216, j = 377 sucessfully passed !
	Initialyzed swapped data for i = 216, j = 378 sucessfully passed !
	Initialyzed swapped data for i = 216, j = 379 sucessfully passed !
	Initialyzed swapped data for i = 216, j = 380 sucessfully passed !
	Initialyzed swapped data for i = 216, j = 381 sucessfully passed !
	Initialyzed swapped data for i = 216, j = 382 sucessfully passed !
	Initialyzed swapped data for i = 216, j = 383 sucessfully passed !
	Initialyzed swapped data for i = 216, j = 384 sucessfully passed !
	Initialyzed swapped data for i = 216, j = 385 sucessfully passed !
	Initialyzed swapped data for i = 216, j = 386 sucessfully passed !
	Initialyzed swapped data for i = 216, j = 387 sucessfully passed !
	Initialyzed swapped data for i = 216, j = 388 sucessfully passed !
	Initialyzed swapped data for i = 216, j = 389 sucessfully passed !
	Initialyzed swapped data for i = 216, j = 390 sucessfully passed !
	Initialyzed swapped data for i = 216, j = 391 sucessfully passed !
	Initialyzed swapped data for i = 216, j = 392 sucessfully passed !
	Initialyzed swapped data for i = 216, j = 393 sucessfully passed !
	Initialyzed swapped data for i = 216, j = 394 sucessfully passed !
	Initialyzed swapped data for i = 216, j = 395 sucessfully passed !
	Initialyzed swapped data for i = 216, j = 396 sucessfully passed !
	Initialyzed swapped data for i = 216, j = 397 sucessfully passed !
	Initialyzed swapped data for i = 216, j = 398 sucessfully passed !
	Initialyzed swapped data for i = 216, j = 399 sucessfully passed !
	Initialyzed swapped data for i = 216, j = 400 sucessfully passed !
	Initialyzed swapped data for i = 216, j = 401 sucessfully passed !
	Initialyzed swapped data for i = 216, j = 402 sucessfully passed !
	Initialyzed swapped data for i = 216, j = 403 sucessfully passed !
	Initialyzed swapped data for i = 216, j = 404 sucessfully passed !
	Initialyzed swapped data for i = 216, j = 405 sucessfully passed !
	Initialyzed swapped data for i = 216, j = 406 sucessfully passed !
	Initialyzed swapped data for i = 216, j = 407 sucessfully passed !
	Initialyzed swapped data for i = 216, j = 408 sucessfully passed !
	Initialyzed swapped data for i = 216, j = 409 sucessfully passed !
	Initialyzed swapped data for i = 216, j = 410 sucessfully passed !
	Initialyzed swapped data for i = 216, j = 411 sucessfully passed !
	Initialyzed swapped data for i = 216, j = 412 sucessfully passed !
	Initialyzed swapped data for i = 216, j = 413 sucessfully passed !
	Initialyzed swapped data for i = 216, j = 414 sucessfully passed !
	Initialyzed swapped data for i = 216, j = 415 sucessfully passed !
	Initialyzed swapped data for i = 216, j = 416 sucessfully passed !
	Initialyzed swapped data for i = 216, j = 417 sucessfully passed !
	Initialyzed swapped data for i = 216, j = 418 sucessfully passed !
	Initialyzed swapped data for i = 216, j = 419 sucessfully passed !
	Initialyzed swapped data for i = 216, j = 420 sucessfully passed !
	Initialyzed swapped data for i = 216, j = 421 sucessfully passed !
	Initialyzed swapped data for i = 216, j = 422 sucessfully passed !
	Initialyzed swapped data for i = 216, j = 423 sucessfully passed !
	Initialyzed swapped data for i = 216, j = 424 sucessfully passed !
	Initialyzed swapped data for i = 216, j = 425 sucessfully passed !
	Initialyzed swapped data for i = 216, j = 426 sucessfully passed !
	Initialyzed swapped data for i = 216, j = 427 sucessfully passed !
	Initialyzed swapped data for i = 216, j = 428 sucessfully passed !
	Initialyzed swapped data for i = 216, j = 429 sucessfully passed !
	Initialyzed swapped data for i = 216, j = 430 sucessfully passed !
	Initialyzed swapped data for i = 216, j = 431 sucessfully passed !
	Initialyzed swapped data for i = 216, j = 432 sucessfully passed !
	Initialyzed swapped data for i = 216, j = 433 sucessfully passed !
	Initialyzed swapped data for i = 217, j = 218 sucessfully passed !
	Initialyzed swapped data for i = 217, j = 219 sucessfully passed !
	Initialyzed swapped data for i = 217, j = 220 sucessfully passed !
	Initialyzed swapped data for i = 217, j = 221 sucessfully passed !
	Initialyzed swapped data for i = 217, j = 222 sucessfully passed !
	Initialyzed swapped data for i = 217, j = 223 sucessfully passed !
	Initialyzed swapped data for i = 217, j = 224 sucessfully passed !
	Initialyzed swapped data for i = 217, j = 225 sucessfully passed !
	Initialyzed swapped data for i = 217, j = 226 sucessfully passed !
	Initialyzed swapped data for i = 217, j = 227 sucessfully passed !
	Initialyzed swapped data for i = 217, j = 228 sucessfully passed !
	Initialyzed swapped data for i = 217, j = 229 sucessfully passed !
	Initialyzed swapped data for i = 217, j = 230 sucessfully passed !
	Initialyzed swapped data for i = 217, j = 231 sucessfully passed !
	Initialyzed swapped data for i = 217, j = 232 sucessfully passed !
	Initialyzed swapped data for i = 217, j = 233 sucessfully passed !
	Initialyzed swapped data for i = 217, j = 234 sucessfully passed !
	Initialyzed swapped data for i = 217, j = 235 sucessfully passed !
	Initialyzed swapped data for i = 217, j = 236 sucessfully passed !
	Initialyzed swapped data for i = 217, j = 237 sucessfully passed !
	Initialyzed swapped data for i = 217, j = 238 sucessfully passed !
	Initialyzed swapped data for i = 217, j = 239 sucessfully passed !
	Initialyzed swapped data for i = 217, j = 240 sucessfully passed !
	Initialyzed swapped data for i = 217, j = 241 sucessfully passed !
	Initialyzed swapped data for i = 217, j = 242 sucessfully passed !
	Initialyzed swapped data for i = 217, j = 243 sucessfully passed !
	Initialyzed swapped data for i = 217, j = 244 sucessfully passed !
	Initialyzed swapped data for i = 217, j = 245 sucessfully passed !
	Initialyzed swapped data for i = 217, j = 246 sucessfully passed !
	Initialyzed swapped data for i = 217, j = 247 sucessfully passed !
	Initialyzed swapped data for i = 217, j = 248 sucessfully passed !
	Initialyzed swapped data for i = 217, j = 249 sucessfully passed !
	Initialyzed swapped data for i = 217, j = 250 sucessfully passed !
	Initialyzed swapped data for i = 217, j = 251 sucessfully passed !
	Initialyzed swapped data for i = 217, j = 252 sucessfully passed !
	Initialyzed swapped data for i = 217, j = 253 sucessfully passed !
	Initialyzed swapped data for i = 217, j = 254 sucessfully passed !
	Initialyzed swapped data for i = 217, j = 255 sucessfully passed !
	Initialyzed swapped data for i = 217, j = 256 sucessfully passed !
	Initialyzed swapped data for i = 217, j = 257 sucessfully passed !
	Initialyzed swapped data for i = 217, j = 258 sucessfully passed !
	Initialyzed swapped data for i = 217, j = 259 sucessfully passed !
	Initialyzed swapped data for i = 217, j = 260 sucessfully passed !
	Initialyzed swapped data for i = 217, j = 261 sucessfully passed !
	Initialyzed swapped data for i = 217, j = 262 sucessfully passed !
	Initialyzed swapped data for i = 217, j = 263 sucessfully passed !
	Initialyzed swapped data for i = 217, j = 264 sucessfully passed !
	Initialyzed swapped data for i = 217, j = 265 sucessfully passed !
	Initialyzed swapped data for i = 217, j = 266 sucessfully passed !
	Initialyzed swapped data for i = 217, j = 267 sucessfully passed !
	Initialyzed swapped data for i = 217, j = 268 sucessfully passed !
	Initialyzed swapped data for i = 217, j = 269 sucessfully passed !
	Initialyzed swapped data for i = 217, j = 270 sucessfully passed !
	Initialyzed swapped data for i = 217, j = 271 sucessfully passed !
	Initialyzed swapped data for i = 217, j = 272 sucessfully passed !
	Initialyzed swapped data for i = 217, j = 273 sucessfully passed !
	Initialyzed swapped data for i = 217, j = 274 sucessfully passed !
	Initialyzed swapped data for i = 217, j = 275 sucessfully passed !
	Initialyzed swapped data for i = 217, j = 276 sucessfully passed !
	Initialyzed swapped data for i = 217, j = 277 sucessfully passed !
	Initialyzed swapped data for i = 217, j = 278 sucessfully passed !
	Initialyzed swapped data for i = 217, j = 279 sucessfully passed !
	Initialyzed swapped data for i = 217, j = 280 sucessfully passed !
	Initialyzed swapped data for i = 217, j = 281 sucessfully passed !
	Initialyzed swapped data for i = 217, j = 282 sucessfully passed !
	Initialyzed swapped data for i = 217, j = 283 sucessfully passed !
	Initialyzed swapped data for i = 217, j = 284 sucessfully passed !
	Initialyzed swapped data for i = 217, j = 285 sucessfully passed !
	Initialyzed swapped data for i = 217, j = 286 sucessfully passed !
	Initialyzed swapped data for i = 217, j = 287 sucessfully passed !
	Initialyzed swapped data for i = 217, j = 288 sucessfully passed !
	Initialyzed swapped data for i = 217, j = 289 sucessfully passed !
	Initialyzed swapped data for i = 217, j = 290 sucessfully passed !
	Initialyzed swapped data for i = 217, j = 291 sucessfully passed !
	Initialyzed swapped data for i = 217, j = 292 sucessfully passed !
	Initialyzed swapped data for i = 217, j = 293 sucessfully passed !
	Initialyzed swapped data for i = 217, j = 294 sucessfully passed !
	Initialyzed swapped data for i = 217, j = 295 sucessfully passed !
	Initialyzed swapped data for i = 217, j = 296 sucessfully passed !
	Initialyzed swapped data for i = 217, j = 297 sucessfully passed !
	Initialyzed swapped data for i = 217, j = 298 sucessfully passed !
	Initialyzed swapped data for i = 217, j = 299 sucessfully passed !
	Initialyzed swapped data for i = 217, j = 300 sucessfully passed !
	Initialyzed swapped data for i = 217, j = 301 sucessfully passed !
	Initialyzed swapped data for i = 217, j = 302 sucessfully passed !
	Initialyzed swapped data for i = 217, j = 303 sucessfully passed !
	Initialyzed swapped data for i = 217, j = 304 sucessfully passed !
	Initialyzed swapped data for i = 217, j = 305 sucessfully passed !
	Initialyzed swapped data for i = 217, j = 306 sucessfully passed !
	Initialyzed swapped data for i = 217, j = 307 sucessfully passed !
	Initialyzed swapped data for i = 217, j = 308 sucessfully passed !
	Initialyzed swapped data for i = 217, j = 309 sucessfully passed !
	Initialyzed swapped data for i = 217, j = 310 sucessfully passed !
	Initialyzed swapped data for i = 217, j = 311 sucessfully passed !
	Initialyzed swapped data for i = 217, j = 312 sucessfully passed !
	Initialyzed swapped data for i = 217, j = 313 sucessfully passed !
	Initialyzed swapped data for i = 217, j = 314 sucessfully passed !
	Initialyzed swapped data for i = 217, j = 315 sucessfully passed !
	Initialyzed swapped data for i = 217, j = 316 sucessfully passed !
	Initialyzed swapped data for i = 217, j = 317 sucessfully passed !
	Initialyzed swapped data for i = 217, j = 318 sucessfully passed !
	Initialyzed swapped data for i = 217, j = 319 sucessfully passed !
	Initialyzed swapped data for i = 217, j = 320 sucessfully passed !
	Initialyzed swapped data for i = 217, j = 321 sucessfully passed !
	Initialyzed swapped data for i = 217, j = 322 sucessfully passed !
	Initialyzed swapped data for i = 217, j = 323 sucessfully passed !
	Initialyzed swapped data for i = 217, j = 324 sucessfully passed !
	Initialyzed swapped data for i = 217, j = 325 sucessfully passed !
	Initialyzed swapped data for i = 217, j = 326 sucessfully passed !
	Initialyzed swapped data for i = 217, j = 327 sucessfully passed !
	Initialyzed swapped data for i = 217, j = 328 sucessfully passed !
	Initialyzed swapped data for i = 217, j = 329 sucessfully passed !
	Initialyzed swapped data for i = 217, j = 330 sucessfully passed !
	Initialyzed swapped data for i = 217, j = 331 sucessfully passed !
	Initialyzed swapped data for i = 217, j = 332 sucessfully passed !
	Initialyzed swapped data for i = 217, j = 333 sucessfully passed !
	Initialyzed swapped data for i = 217, j = 334 sucessfully passed !
	Initialyzed swapped data for i = 217, j = 335 sucessfully passed !
	Initialyzed swapped data for i = 217, j = 336 sucessfully passed !
	Initialyzed swapped data for i = 217, j = 337 sucessfully passed !
	Initialyzed swapped data for i = 217, j = 338 sucessfully passed !
	Initialyzed swapped data for i = 217, j = 339 sucessfully passed !
	Initialyzed swapped data for i = 217, j = 340 sucessfully passed !
	Initialyzed swapped data for i = 217, j = 341 sucessfully passed !
	Initialyzed swapped data for i = 217, j = 342 sucessfully passed !
	Initialyzed swapped data for i = 217, j = 343 sucessfully passed !
	Initialyzed swapped data for i = 217, j = 344 sucessfully passed !
	Initialyzed swapped data for i = 217, j = 345 sucessfully passed !
	Initialyzed swapped data for i = 217, j = 346 sucessfully passed !
	Initialyzed swapped data for i = 217, j = 347 sucessfully passed !
	Initialyzed swapped data for i = 217, j = 348 sucessfully passed !
	Initialyzed swapped data for i = 217, j = 349 sucessfully passed !
	Initialyzed swapped data for i = 217, j = 350 sucessfully passed !
	Initialyzed swapped data for i = 217, j = 351 sucessfully passed !
	Initialyzed swapped data for i = 217, j = 352 sucessfully passed !
	Initialyzed swapped data for i = 217, j = 353 sucessfully passed !
	Initialyzed swapped data for i = 217, j = 354 sucessfully passed !
	Initialyzed swapped data for i = 217, j = 355 sucessfully passed !
	Initialyzed swapped data for i = 217, j = 356 sucessfully passed !
	Initialyzed swapped data for i = 217, j = 357 sucessfully passed !
	Initialyzed swapped data for i = 217, j = 358 sucessfully passed !
	Initialyzed swapped data for i = 217, j = 359 sucessfully passed !
	Initialyzed swapped data for i = 217, j = 360 sucessfully passed !
	Initialyzed swapped data for i = 217, j = 361 sucessfully passed !
	Initialyzed swapped data for i = 217, j = 362 sucessfully passed !
	Initialyzed swapped data for i = 217, j = 363 sucessfully passed !
	Initialyzed swapped data for i = 217, j = 364 sucessfully passed !
	Initialyzed swapped data for i = 217, j = 365 sucessfully passed !
	Initialyzed swapped data for i = 217, j = 366 sucessfully passed !
	Initialyzed swapped data for i = 217, j = 367 sucessfully passed !
	Initialyzed swapped data for i = 217, j = 368 sucessfully passed !
	Initialyzed swapped data for i = 217, j = 369 sucessfully passed !
	Initialyzed swapped data for i = 217, j = 370 sucessfully passed !
	Initialyzed swapped data for i = 217, j = 371 sucessfully passed !
	Initialyzed swapped data for i = 217, j = 372 sucessfully passed !
	Initialyzed swapped data for i = 217, j = 373 sucessfully passed !
	Initialyzed swapped data for i = 217, j = 374 sucessfully passed !
	Initialyzed swapped data for i = 217, j = 375 sucessfully passed !
	Initialyzed swapped data for i = 217, j = 376 sucessfully passed !
	Initialyzed swapped data for i = 217, j = 377 sucessfully passed !
	Initialyzed swapped data for i = 217, j = 378 sucessfully passed !
	Initialyzed swapped data for i = 217, j = 379 sucessfully passed !
	Initialyzed swapped data for i = 217, j = 380 sucessfully passed !
	Initialyzed swapped data for i = 217, j = 381 sucessfully passed !
	Initialyzed swapped data for i = 217, j = 382 sucessfully passed !
	Initialyzed swapped data for i = 217, j = 383 sucessfully passed !
	Initialyzed swapped data for i = 217, j = 384 sucessfully passed !
	Initialyzed swapped data for i = 217, j = 385 sucessfully passed !
	Initialyzed swapped data for i = 217, j = 386 sucessfully passed !
	Initialyzed swapped data for i = 217, j = 387 sucessfully passed !
	Initialyzed swapped data for i = 217, j = 388 sucessfully passed !
	Initialyzed swapped data for i = 217, j = 389 sucessfully passed !
	Initialyzed swapped data for i = 217, j = 390 sucessfully passed !
	Initialyzed swapped data for i = 217, j = 391 sucessfully passed !
	Initialyzed swapped data for i = 217, j = 392 sucessfully passed !
	Initialyzed swapped data for i = 217, j = 393 sucessfully passed !
	Initialyzed swapped data for i = 217, j = 394 sucessfully passed !
	Initialyzed swapped data for i = 217, j = 395 sucessfully passed !
	Initialyzed swapped data for i = 217, j = 396 sucessfully passed !
	Initialyzed swapped data for i = 217, j = 397 sucessfully passed !
	Initialyzed swapped data for i = 217, j = 398 sucessfully passed !
	Initialyzed swapped data for i = 217, j = 399 sucessfully passed !
	Initialyzed swapped data for i = 217, j = 400 sucessfully passed !
	Initialyzed swapped data for i = 217, j = 401 sucessfully passed !
	Initialyzed swapped data for i = 217, j = 402 sucessfully passed !
	Initialyzed swapped data for i = 217, j = 403 sucessfully passed !
	Initialyzed swapped data for i = 217, j = 404 sucessfully passed !
	Initialyzed swapped data for i = 217, j = 405 sucessfully passed !
	Initialyzed swapped data for i = 217, j = 406 sucessfully passed !
	Initialyzed swapped data for i = 217, j = 407 sucessfully passed !
	Initialyzed swapped data for i = 217, j = 408 sucessfully passed !
	Initialyzed swapped data for i = 217, j = 409 sucessfully passed !
	Initialyzed swapped data for i = 217, j = 410 sucessfully passed !
	Initialyzed swapped data for i = 217, j = 411 sucessfully passed !
	Initialyzed swapped data for i = 217, j = 412 sucessfully passed !
	Initialyzed swapped data for i = 217, j = 413 sucessfully passed !
	Initialyzed swapped data for i = 217, j = 414 sucessfully passed !
	Initialyzed swapped data for i = 217, j = 415 sucessfully passed !
	Initialyzed swapped data for i = 217, j = 416 sucessfully passed !
	Initialyzed swapped data for i = 217, j = 417 sucessfully passed !
	Initialyzed swapped data for i = 217, j = 418 sucessfully passed !
	Initialyzed swapped data for i = 217, j = 419 sucessfully passed !
	Initialyzed swapped data for i = 217, j = 420 sucessfully passed !
	Initialyzed swapped data for i = 217, j = 421 sucessfully passed !
	Initialyzed swapped data for i = 217, j = 422 sucessfully passed !
	Initialyzed swapped data for i = 217, j = 423 sucessfully passed !
	Initialyzed swapped data for i = 217, j = 424 sucessfully passed !
	Initialyzed swapped data for i = 217, j = 425 sucessfully passed !
	Initialyzed swapped data for i = 217, j = 426 sucessfully passed !
	Initialyzed swapped data for i = 217, j = 427 sucessfully passed !
	Initialyzed swapped data for i = 217, j = 428 sucessfully passed !
	Initialyzed swapped data for i = 217, j = 429 sucessfully passed !
	Initialyzed swapped data for i = 217, j = 430 sucessfully passed !
	Initialyzed swapped data for i = 217, j = 431 sucessfully passed !
	Initialyzed swapped data for i = 217, j = 432 sucessfully passed !
	Initialyzed swapped data for i = 217, j = 433 sucessfully passed !
	Initialyzed swapped data for i = 218, j = 219 sucessfully passed !
	Initialyzed swapped data for i = 218, j = 220 sucessfully passed !
	Initialyzed swapped data for i = 218, j = 221 sucessfully passed !
	Initialyzed swapped data for i = 218, j = 222 sucessfully passed !
	Initialyzed swapped data for i = 218, j = 223 sucessfully passed !
	Initialyzed swapped data for i = 218, j = 224 sucessfully passed !
	Initialyzed swapped data for i = 218, j = 225 sucessfully passed !
	Initialyzed swapped data for i = 218, j = 226 sucessfully passed !
	Initialyzed swapped data for i = 218, j = 227 sucessfully passed !
	Initialyzed swapped data for i = 218, j = 228 sucessfully passed !
	Initialyzed swapped data for i = 218, j = 229 sucessfully passed !
	Initialyzed swapped data for i = 218, j = 230 sucessfully passed !
	Initialyzed swapped data for i = 218, j = 231 sucessfully passed !
	Initialyzed swapped data for i = 218, j = 232 sucessfully passed !
	Initialyzed swapped data for i = 218, j = 233 sucessfully passed !
	Initialyzed swapped data for i = 218, j = 234 sucessfully passed !
	Initialyzed swapped data for i = 218, j = 235 sucessfully passed !
	Initialyzed swapped data for i = 218, j = 236 sucessfully passed !
	Initialyzed swapped data for i = 218, j = 237 sucessfully passed !
	Initialyzed swapped data for i = 218, j = 238 sucessfully passed !
	Initialyzed swapped data for i = 218, j = 239 sucessfully passed !
	Initialyzed swapped data for i = 218, j = 240 sucessfully passed !
	Initialyzed swapped data for i = 218, j = 241 sucessfully passed !
	Initialyzed swapped data for i = 218, j = 242 sucessfully passed !
	Initialyzed swapped data for i = 218, j = 243 sucessfully passed !
	Initialyzed swapped data for i = 218, j = 244 sucessfully passed !
	Initialyzed swapped data for i = 218, j = 245 sucessfully passed !
	Initialyzed swapped data for i = 218, j = 246 sucessfully passed !
	Initialyzed swapped data for i = 218, j = 247 sucessfully passed !
	Initialyzed swapped data for i = 218, j = 248 sucessfully passed !
	Initialyzed swapped data for i = 218, j = 249 sucessfully passed !
	Initialyzed swapped data for i = 218, j = 250 sucessfully passed !
	Initialyzed swapped data for i = 218, j = 251 sucessfully passed !
	Initialyzed swapped data for i = 218, j = 252 sucessfully passed !
	Initialyzed swapped data for i = 218, j = 253 sucessfully passed !
	Initialyzed swapped data for i = 218, j = 254 sucessfully passed !
	Initialyzed swapped data for i = 218, j = 255 sucessfully passed !
	Initialyzed swapped data for i = 218, j = 256 sucessfully passed !
	Initialyzed swapped data for i = 218, j = 257 sucessfully passed !
	Initialyzed swapped data for i = 218, j = 258 sucessfully passed !
	Initialyzed swapped data for i = 218, j = 259 sucessfully passed !
	Initialyzed swapped data for i = 218, j = 260 sucessfully passed !
	Initialyzed swapped data for i = 218, j = 261 sucessfully passed !
	Initialyzed swapped data for i = 218, j = 262 sucessfully passed !
	Initialyzed swapped data for i = 218, j = 263 sucessfully passed !
	Initialyzed swapped data for i = 218, j = 264 sucessfully passed !
	Initialyzed swapped data for i = 218, j = 265 sucessfully passed !
	Initialyzed swapped data for i = 218, j = 266 sucessfully passed !
	Initialyzed swapped data for i = 218, j = 267 sucessfully passed !
	Initialyzed swapped data for i = 218, j = 268 sucessfully passed !
	Initialyzed swapped data for i = 218, j = 269 sucessfully passed !
	Initialyzed swapped data for i = 218, j = 270 sucessfully passed !
	Initialyzed swapped data for i = 218, j = 271 sucessfully passed !
	Initialyzed swapped data for i = 218, j = 272 sucessfully passed !
	Initialyzed swapped data for i = 218, j = 273 sucessfully passed !
	Initialyzed swapped data for i = 218, j = 274 sucessfully passed !
	Initialyzed swapped data for i = 218, j = 275 sucessfully passed !
	Initialyzed swapped data for i = 218, j = 276 sucessfully passed !
	Initialyzed swapped data for i = 218, j = 277 sucessfully passed !
	Initialyzed swapped data for i = 218, j = 278 sucessfully passed !
	Initialyzed swapped data for i = 218, j = 279 sucessfully passed !
	Initialyzed swapped data for i = 218, j = 280 sucessfully passed !
	Initialyzed swapped data for i = 218, j = 281 sucessfully passed !
	Initialyzed swapped data for i = 218, j = 282 sucessfully passed !
	Initialyzed swapped data for i = 218, j = 283 sucessfully passed !
	Initialyzed swapped data for i = 218, j = 284 sucessfully passed !
	Initialyzed swapped data for i = 218, j = 285 sucessfully passed !
	Initialyzed swapped data for i = 218, j = 286 sucessfully passed !
	Initialyzed swapped data for i = 218, j = 287 sucessfully passed !
	Initialyzed swapped data for i = 218, j = 288 sucessfully passed !
	Initialyzed swapped data for i = 218, j = 289 sucessfully passed !
	Initialyzed swapped data for i = 218, j = 290 sucessfully passed !
	Initialyzed swapped data for i = 218, j = 291 sucessfully passed !
	Initialyzed swapped data for i = 218, j = 292 sucessfully passed !
	Initialyzed swapped data for i = 218, j = 293 sucessfully passed !
	Initialyzed swapped data for i = 218, j = 294 sucessfully passed !
	Initialyzed swapped data for i = 218, j = 295 sucessfully passed !
	Initialyzed swapped data for i = 218, j = 296 sucessfully passed !
	Initialyzed swapped data for i = 218, j = 297 sucessfully passed !
	Initialyzed swapped data for i = 218, j = 298 sucessfully passed !
	Initialyzed swapped data for i = 218, j = 299 sucessfully passed !
	Initialyzed swapped data for i = 218, j = 300 sucessfully passed !
	Initialyzed swapped data for i = 218, j = 301 sucessfully passed !
	Initialyzed swapped data for i = 218, j = 302 sucessfully passed !
	Initialyzed swapped data for i = 218, j = 303 sucessfully passed !
	Initialyzed swapped data for i = 218, j = 304 sucessfully passed !
	Initialyzed swapped data for i = 218, j = 305 sucessfully passed !
	Initialyzed swapped data for i = 218, j = 306 sucessfully passed !
	Initialyzed swapped data for i = 218, j = 307 sucessfully passed !
	Initialyzed swapped data for i = 218, j = 308 sucessfully passed !
	Initialyzed swapped data for i = 218, j = 309 sucessfully passed !
	Initialyzed swapped data for i = 218, j = 310 sucessfully passed !
	Initialyzed swapped data for i = 218, j = 311 sucessfully passed !
	Initialyzed swapped data for i = 218, j = 312 sucessfully passed !
	Initialyzed swapped data for i = 218, j = 313 sucessfully passed !
	Initialyzed swapped data for i = 218, j = 314 sucessfully passed !
	Initialyzed swapped data for i = 218, j = 315 sucessfully passed !
	Initialyzed swapped data for i = 218, j = 316 sucessfully passed !
	Initialyzed swapped data for i = 218, j = 317 sucessfully passed !
	Initialyzed swapped data for i = 218, j = 318 sucessfully passed !
	Initialyzed swapped data for i = 218, j = 319 sucessfully passed !
	Initialyzed swapped data for i = 218, j = 320 sucessfully passed !
	Initialyzed swapped data for i = 218, j = 321 sucessfully passed !
	Initialyzed swapped data for i = 218, j = 322 sucessfully passed !
	Initialyzed swapped data for i = 218, j = 323 sucessfully passed !
	Initialyzed swapped data for i = 218, j = 324 sucessfully passed !
	Initialyzed swapped data for i = 218, j = 325 sucessfully passed !
	Initialyzed swapped data for i = 218, j = 326 sucessfully passed !
	Initialyzed swapped data for i = 218, j = 327 sucessfully passed !
	Initialyzed swapped data for i = 218, j = 328 sucessfully passed !
	Initialyzed swapped data for i = 218, j = 329 sucessfully passed !
	Initialyzed swapped data for i = 218, j = 330 sucessfully passed !
	Initialyzed swapped data for i = 218, j = 331 sucessfully passed !
	Initialyzed swapped data for i = 218, j = 332 sucessfully passed !
	Initialyzed swapped data for i = 218, j = 333 sucessfully passed !
	Initialyzed swapped data for i = 218, j = 334 sucessfully passed !
	Initialyzed swapped data for i = 218, j = 335 sucessfully passed !
	Initialyzed swapped data for i = 218, j = 336 sucessfully passed !
	Initialyzed swapped data for i = 218, j = 337 sucessfully passed !
	Initialyzed swapped data for i = 218, j = 338 sucessfully passed !
	Initialyzed swapped data for i = 218, j = 339 sucessfully passed !
	Initialyzed swapped data for i = 218, j = 340 sucessfully passed !
	Initialyzed swapped data for i = 218, j = 341 sucessfully passed !
	Initialyzed swapped data for i = 218, j = 342 sucessfully passed !
	Initialyzed swapped data for i = 218, j = 343 sucessfully passed !
	Initialyzed swapped data for i = 218, j = 344 sucessfully passed !
	Initialyzed swapped data for i = 218, j = 345 sucessfully passed !
	Initialyzed swapped data for i = 218, j = 346 sucessfully passed !
	Initialyzed swapped data for i = 218, j = 347 sucessfully passed !
	Initialyzed swapped data for i = 218, j = 348 sucessfully passed !
	Initialyzed swapped data for i = 218, j = 349 sucessfully passed !
	Initialyzed swapped data for i = 218, j = 350 sucessfully passed !
	Initialyzed swapped data for i = 218, j = 351 sucessfully passed !
	Initialyzed swapped data for i = 218, j = 352 sucessfully passed !
	Initialyzed swapped data for i = 218, j = 353 sucessfully passed !
	Initialyzed swapped data for i = 218, j = 354 sucessfully passed !
	Initialyzed swapped data for i = 218, j = 355 sucessfully passed !
	Initialyzed swapped data for i = 218, j = 356 sucessfully passed !
	Initialyzed swapped data for i = 218, j = 357 sucessfully passed !
	Initialyzed swapped data for i = 218, j = 358 sucessfully passed !
	Initialyzed swapped data for i = 218, j = 359 sucessfully passed !
	Initialyzed swapped data for i = 218, j = 360 sucessfully passed !
	Initialyzed swapped data for i = 218, j = 361 sucessfully passed !
	Initialyzed swapped data for i = 218, j = 362 sucessfully passed !
	Initialyzed swapped data for i = 218, j = 363 sucessfully passed !
	Initialyzed swapped data for i = 218, j = 364 sucessfully passed !
	Initialyzed swapped data for i = 218, j = 365 sucessfully passed !
	Initialyzed swapped data for i = 218, j = 366 sucessfully passed !
	Initialyzed swapped data for i = 218, j = 367 sucessfully passed !
	Initialyzed swapped data for i = 218, j = 368 sucessfully passed !
	Initialyzed swapped data for i = 218, j = 369 sucessfully passed !
	Initialyzed swapped data for i = 218, j = 370 sucessfully passed !
	Initialyzed swapped data for i = 218, j = 371 sucessfully passed !
	Initialyzed swapped data for i = 218, j = 372 sucessfully passed !
	Initialyzed swapped data for i = 218, j = 373 sucessfully passed !
	Initialyzed swapped data for i = 218, j = 374 sucessfully passed !
	Initialyzed swapped data for i = 218, j = 375 sucessfully passed !
	Initialyzed swapped data for i = 218, j = 376 sucessfully passed !
	Initialyzed swapped data for i = 218, j = 377 sucessfully passed !
	Initialyzed swapped data for i = 218, j = 378 sucessfully passed !
	Initialyzed swapped data for i = 218, j = 379 sucessfully passed !
	Initialyzed swapped data for i = 218, j = 380 sucessfully passed !
	Initialyzed swapped data for i = 218, j = 381 sucessfully passed !
	Initialyzed swapped data for i = 218, j = 382 sucessfully passed !
	Initialyzed swapped data for i = 218, j = 383 sucessfully passed !
	Initialyzed swapped data for i = 218, j = 384 sucessfully passed !
	Initialyzed swapped data for i = 218, j = 385 sucessfully passed !
	Initialyzed swapped data for i = 218, j = 386 sucessfully passed !
	Initialyzed swapped data for i = 218, j = 387 sucessfully passed !
	Initialyzed swapped data for i = 218, j = 388 sucessfully passed !
	Initialyzed swapped data for i = 218, j = 389 sucessfully passed !
	Initialyzed swapped data for i = 218, j = 390 sucessfully passed !
	Initialyzed swapped data for i = 218, j = 391 sucessfully passed !
	Initialyzed swapped data for i = 218, j = 392 sucessfully passed !
	Initialyzed swapped data for i = 218, j = 393 sucessfully passed !
	Initialyzed swapped data for i = 218, j = 394 sucessfully passed !
	Initialyzed swapped data for i = 218, j = 395 sucessfully passed !
	Initialyzed swapped data for i = 218, j = 396 sucessfully passed !
	Initialyzed swapped data for i = 218, j = 397 sucessfully passed !
	Initialyzed swapped data for i = 218, j = 398 sucessfully passed !
	Initialyzed swapped data for i = 218, j = 399 sucessfully passed !
	Initialyzed swapped data for i = 218, j = 400 sucessfully passed !
	Initialyzed swapped data for i = 218, j = 401 sucessfully passed !
	Initialyzed swapped data for i = 218, j = 402 sucessfully passed !
	Initialyzed swapped data for i = 218, j = 403 sucessfully passed !
	Initialyzed swapped data for i = 218, j = 404 sucessfully passed !
	Initialyzed swapped data for i = 218, j = 405 sucessfully passed !
	Initialyzed swapped data for i = 218, j = 406 sucessfully passed !
	Initialyzed swapped data for i = 218, j = 407 sucessfully passed !
	Initialyzed swapped data for i = 218, j = 408 sucessfully passed !
	Initialyzed swapped data for i = 218, j = 409 sucessfully passed !
	Initialyzed swapped data for i = 218, j = 410 sucessfully passed !
	Initialyzed swapped data for i = 218, j = 411 sucessfully passed !
	Initialyzed swapped data for i = 218, j = 412 sucessfully passed !
	Initialyzed swapped data for i = 218, j = 413 sucessfully passed !
	Initialyzed swapped data for i = 218, j = 414 sucessfully passed !
	Initialyzed swapped data for i = 218, j = 415 sucessfully passed !
	Initialyzed swapped data for i = 218, j = 416 sucessfully passed !
	Initialyzed swapped data for i = 218, j = 417 sucessfully passed !
	Initialyzed swapped data for i = 218, j = 418 sucessfully passed !
	Initialyzed swapped data for i = 218, j = 419 sucessfully passed !
	Initialyzed swapped data for i = 218, j = 420 sucessfully passed !
	Initialyzed swapped data for i = 218, j = 421 sucessfully passed !
	Initialyzed swapped data for i = 218, j = 422 sucessfully passed !
	Initialyzed swapped data for i = 218, j = 423 sucessfully passed !
	Initialyzed swapped data for i = 218, j = 424 sucessfully passed !
	Initialyzed swapped data for i = 218, j = 425 sucessfully passed !
	Initialyzed swapped data for i = 218, j = 426 sucessfully passed !
	Initialyzed swapped data for i = 218, j = 427 sucessfully passed !
	Initialyzed swapped data for i = 218, j = 428 sucessfully passed !
	Initialyzed swapped data for i = 218, j = 429 sucessfully passed !
	Initialyzed swapped data for i = 218, j = 430 sucessfully passed !
	Initialyzed swapped data for i = 218, j = 431 sucessfully passed !
	Initialyzed swapped data for i = 218, j = 432 sucessfully passed !
	Initialyzed swapped data for i = 218, j = 433 sucessfully passed !
	Initialyzed swapped data for i = 219, j = 220 sucessfully passed !
	Initialyzed swapped data for i = 219, j = 221 sucessfully passed !
	Initialyzed swapped data for i = 219, j = 222 sucessfully passed !
	Initialyzed swapped data for i = 219, j = 223 sucessfully passed !
	Initialyzed swapped data for i = 219, j = 224 sucessfully passed !
	Initialyzed swapped data for i = 219, j = 225 sucessfully passed !
	Initialyzed swapped data for i = 219, j = 226 sucessfully passed !
	Initialyzed swapped data for i = 219, j = 227 sucessfully passed !
	Initialyzed swapped data for i = 219, j = 228 sucessfully passed !
	Initialyzed swapped data for i = 219, j = 229 sucessfully passed !
	Initialyzed swapped data for i = 219, j = 230 sucessfully passed !
	Initialyzed swapped data for i = 219, j = 231 sucessfully passed !
	Initialyzed swapped data for i = 219, j = 232 sucessfully passed !
	Initialyzed swapped data for i = 219, j = 233 sucessfully passed !
	Initialyzed swapped data for i = 219, j = 234 sucessfully passed !
	Initialyzed swapped data for i = 219, j = 235 sucessfully passed !
	Initialyzed swapped data for i = 219, j = 236 sucessfully passed !
	Initialyzed swapped data for i = 219, j = 237 sucessfully passed !
	Initialyzed swapped data for i = 219, j = 238 sucessfully passed !
	Initialyzed swapped data for i = 219, j = 239 sucessfully passed !
	Initialyzed swapped data for i = 219, j = 240 sucessfully passed !
	Initialyzed swapped data for i = 219, j = 241 sucessfully passed !
	Initialyzed swapped data for i = 219, j = 242 sucessfully passed !
	Initialyzed swapped data for i = 219, j = 243 sucessfully passed !
	Initialyzed swapped data for i = 219, j = 244 sucessfully passed !
	Initialyzed swapped data for i = 219, j = 245 sucessfully passed !
	Initialyzed swapped data for i = 219, j = 246 sucessfully passed !
	Initialyzed swapped data for i = 219, j = 247 sucessfully passed !
	Initialyzed swapped data for i = 219, j = 248 sucessfully passed !
	Initialyzed swapped data for i = 219, j = 249 sucessfully passed !
	Initialyzed swapped data for i = 219, j = 250 sucessfully passed !
	Initialyzed swapped data for i = 219, j = 251 sucessfully passed !
	Initialyzed swapped data for i = 219, j = 252 sucessfully passed !
	Initialyzed swapped data for i = 219, j = 253 sucessfully passed !
	Initialyzed swapped data for i = 219, j = 254 sucessfully passed !
	Initialyzed swapped data for i = 219, j = 255 sucessfully passed !
	Initialyzed swapped data for i = 219, j = 256 sucessfully passed !
	Initialyzed swapped data for i = 219, j = 257 sucessfully passed !
	Initialyzed swapped data for i = 219, j = 258 sucessfully passed !
	Initialyzed swapped data for i = 219, j = 259 sucessfully passed !
	Initialyzed swapped data for i = 219, j = 260 sucessfully passed !
	Initialyzed swapped data for i = 219, j = 261 sucessfully passed !
	Initialyzed swapped data for i = 219, j = 262 sucessfully passed !
	Initialyzed swapped data for i = 219, j = 263 sucessfully passed !
	Initialyzed swapped data for i = 219, j = 264 sucessfully passed !
	Initialyzed swapped data for i = 219, j = 265 sucessfully passed !
	Initialyzed swapped data for i = 219, j = 266 sucessfully passed !
	Initialyzed swapped data for i = 219, j = 267 sucessfully passed !
	Initialyzed swapped data for i = 219, j = 268 sucessfully passed !
	Initialyzed swapped data for i = 219, j = 269 sucessfully passed !
	Initialyzed swapped data for i = 219, j = 270 sucessfully passed !
	Initialyzed swapped data for i = 219, j = 271 sucessfully passed !
	Initialyzed swapped data for i = 219, j = 272 sucessfully passed !
	Initialyzed swapped data for i = 219, j = 273 sucessfully passed !
	Initialyzed swapped data for i = 219, j = 274 sucessfully passed !
	Initialyzed swapped data for i = 219, j = 275 sucessfully passed !
	Initialyzed swapped data for i = 219, j = 276 sucessfully passed !
	Initialyzed swapped data for i = 219, j = 277 sucessfully passed !
	Initialyzed swapped data for i = 219, j = 278 sucessfully passed !
	Initialyzed swapped data for i = 219, j = 279 sucessfully passed !
	Initialyzed swapped data for i = 219, j = 280 sucessfully passed !
	Initialyzed swapped data for i = 219, j = 281 sucessfully passed !
	Initialyzed swapped data for i = 219, j = 282 sucessfully passed !
	Initialyzed swapped data for i = 219, j = 283 sucessfully passed !
	Initialyzed swapped data for i = 219, j = 284 sucessfully passed !
	Initialyzed swapped data for i = 219, j = 285 sucessfully passed !
	Initialyzed swapped data for i = 219, j = 286 sucessfully passed !
	Initialyzed swapped data for i = 219, j = 287 sucessfully passed !
	Initialyzed swapped data for i = 219, j = 288 sucessfully passed !
	Initialyzed swapped data for i = 219, j = 289 sucessfully passed !
	Initialyzed swapped data for i = 219, j = 290 sucessfully passed !
	Initialyzed swapped data for i = 219, j = 291 sucessfully passed !
	Initialyzed swapped data for i = 219, j = 292 sucessfully passed !
	Initialyzed swapped data for i = 219, j = 293 sucessfully passed !
	Initialyzed swapped data for i = 219, j = 294 sucessfully passed !
	Initialyzed swapped data for i = 219, j = 295 sucessfully passed !
	Initialyzed swapped data for i = 219, j = 296 sucessfully passed !
	Initialyzed swapped data for i = 219, j = 297 sucessfully passed !
	Initialyzed swapped data for i = 219, j = 298 sucessfully passed !
	Initialyzed swapped data for i = 219, j = 299 sucessfully passed !
	Initialyzed swapped data for i = 219, j = 300 sucessfully passed !
	Initialyzed swapped data for i = 219, j = 301 sucessfully passed !
	Initialyzed swapped data for i = 219, j = 302 sucessfully passed !
	Initialyzed swapped data for i = 219, j = 303 sucessfully passed !
	Initialyzed swapped data for i = 219, j = 304 sucessfully passed !
	Initialyzed swapped data for i = 219, j = 305 sucessfully passed !
	Initialyzed swapped data for i = 219, j = 306 sucessfully passed !
	Initialyzed swapped data for i = 219, j = 307 sucessfully passed !
	Initialyzed swapped data for i = 219, j = 308 sucessfully passed !
	Initialyzed swapped data for i = 219, j = 309 sucessfully passed !
	Initialyzed swapped data for i = 219, j = 310 sucessfully passed !
	Initialyzed swapped data for i = 219, j = 311 sucessfully passed !
	Initialyzed swapped data for i = 219, j = 312 sucessfully passed !
	Initialyzed swapped data for i = 219, j = 313 sucessfully passed !
	Initialyzed swapped data for i = 219, j = 314 sucessfully passed !
	Initialyzed swapped data for i = 219, j = 315 sucessfully passed !
	Initialyzed swapped data for i = 219, j = 316 sucessfully passed !
	Initialyzed swapped data for i = 219, j = 317 sucessfully passed !
	Initialyzed swapped data for i = 219, j = 318 sucessfully passed !
	Initialyzed swapped data for i = 219, j = 319 sucessfully passed !
	Initialyzed swapped data for i = 219, j = 320 sucessfully passed !
	Initialyzed swapped data for i = 219, j = 321 sucessfully passed !
	Initialyzed swapped data for i = 219, j = 322 sucessfully passed !
	Initialyzed swapped data for i = 219, j = 323 sucessfully passed !
	Initialyzed swapped data for i = 219, j = 324 sucessfully passed !
	Initialyzed swapped data for i = 219, j = 325 sucessfully passed !
	Initialyzed swapped data for i = 219, j = 326 sucessfully passed !
	Initialyzed swapped data for i = 219, j = 327 sucessfully passed !
	Initialyzed swapped data for i = 219, j = 328 sucessfully passed !
	Initialyzed swapped data for i = 219, j = 329 sucessfully passed !
	Initialyzed swapped data for i = 219, j = 330 sucessfully passed !
	Initialyzed swapped data for i = 219, j = 331 sucessfully passed !
	Initialyzed swapped data for i = 219, j = 332 sucessfully passed !
	Initialyzed swapped data for i = 219, j = 333 sucessfully passed !
	Initialyzed swapped data for i = 219, j = 334 sucessfully passed !
	Initialyzed swapped data for i = 219, j = 335 sucessfully passed !
	Initialyzed swapped data for i = 219, j = 336 sucessfully passed !
	Initialyzed swapped data for i = 219, j = 337 sucessfully passed !
	Initialyzed swapped data for i = 219, j = 338 sucessfully passed !
	Initialyzed swapped data for i = 219, j = 339 sucessfully passed !
	Initialyzed swapped data for i = 219, j = 340 sucessfully passed !
	Initialyzed swapped data for i = 219, j = 341 sucessfully passed !
	Initialyzed swapped data for i = 219, j = 342 sucessfully passed !
	Initialyzed swapped data for i = 219, j = 343 sucessfully passed !
	Initialyzed swapped data for i = 219, j = 344 sucessfully passed !
	Initialyzed swapped data for i = 219, j = 345 sucessfully passed !
	Initialyzed swapped data for i = 219, j = 346 sucessfully passed !
	Initialyzed swapped data for i = 219, j = 347 sucessfully passed !
	Initialyzed swapped data for i = 219, j = 348 sucessfully passed !
	Initialyzed swapped data for i = 219, j = 349 sucessfully passed !
	Initialyzed swapped data for i = 219, j = 350 sucessfully passed !
	Initialyzed swapped data for i = 219, j = 351 sucessfully passed !
	Initialyzed swapped data for i = 219, j = 352 sucessfully passed !
	Initialyzed swapped data for i = 219, j = 353 sucessfully passed !
	Initialyzed swapped data for i = 219, j = 354 sucessfully passed !
	Initialyzed swapped data for i = 219, j = 355 sucessfully passed !
	Initialyzed swapped data for i = 219, j = 356 sucessfully passed !
	Initialyzed swapped data for i = 219, j = 357 sucessfully passed !
	Initialyzed swapped data for i = 219, j = 358 sucessfully passed !
	Initialyzed swapped data for i = 219, j = 359 sucessfully passed !
	Initialyzed swapped data for i = 219, j = 360 sucessfully passed !
	Initialyzed swapped data for i = 219, j = 361 sucessfully passed !
	Initialyzed swapped data for i = 219, j = 362 sucessfully passed !
	Initialyzed swapped data for i = 219, j = 363 sucessfully passed !
	Initialyzed swapped data for i = 219, j = 364 sucessfully passed !
	Initialyzed swapped data for i = 219, j = 365 sucessfully passed !
	Initialyzed swapped data for i = 219, j = 366 sucessfully passed !
	Initialyzed swapped data for i = 219, j = 367 sucessfully passed !
	Initialyzed swapped data for i = 219, j = 368 sucessfully passed !
	Initialyzed swapped data for i = 219, j = 369 sucessfully passed !
	Initialyzed swapped data for i = 219, j = 370 sucessfully passed !
	Initialyzed swapped data for i = 219, j = 371 sucessfully passed !
	Initialyzed swapped data for i = 219, j = 372 sucessfully passed !
	Initialyzed swapped data for i = 219, j = 373 sucessfully passed !
	Initialyzed swapped data for i = 219, j = 374 sucessfully passed !
	Initialyzed swapped data for i = 219, j = 375 sucessfully passed !
	Initialyzed swapped data for i = 219, j = 376 sucessfully passed !
	Initialyzed swapped data for i = 219, j = 377 sucessfully passed !
	Initialyzed swapped data for i = 219, j = 378 sucessfully passed !
	Initialyzed swapped data for i = 219, j = 379 sucessfully passed !
	Initialyzed swapped data for i = 219, j = 380 sucessfully passed !
	Initialyzed swapped data for i = 219, j = 381 sucessfully passed !
	Initialyzed swapped data for i = 219, j = 382 sucessfully passed !
	Initialyzed swapped data for i = 219, j = 383 sucessfully passed !
	Initialyzed swapped data for i = 219, j = 384 sucessfully passed !
	Initialyzed swapped data for i = 219, j = 385 sucessfully passed !
	Initialyzed swapped data for i = 219, j = 386 sucessfully passed !
	Initialyzed swapped data for i = 219, j = 387 sucessfully passed !
	Initialyzed swapped data for i = 219, j = 388 sucessfully passed !
	Initialyzed swapped data for i = 219, j = 389 sucessfully passed !
	Initialyzed swapped data for i = 219, j = 390 sucessfully passed !
	Initialyzed swapped data for i = 219, j = 391 sucessfully passed !
	Initialyzed swapped data for i = 219, j = 392 sucessfully passed !
	Initialyzed swapped data for i = 219, j = 393 sucessfully passed !
	Initialyzed swapped data for i = 219, j = 394 sucessfully passed !
	Initialyzed swapped data for i = 219, j = 395 sucessfully passed !
	Initialyzed swapped data for i = 219, j = 396 sucessfully passed !
	Initialyzed swapped data for i = 219, j = 397 sucessfully passed !
	Initialyzed swapped data for i = 219, j = 398 sucessfully passed !
	Initialyzed swapped data for i = 219, j = 399 sucessfully passed !
	Initialyzed swapped data for i = 219, j = 400 sucessfully passed !
	Initialyzed swapped data for i = 219, j = 401 sucessfully passed !
	Initialyzed swapped data for i = 219, j = 402 sucessfully passed !
	Initialyzed swapped data for i = 219, j = 403 sucessfully passed !
	Initialyzed swapped data for i = 219, j = 404 sucessfully passed !
	Initialyzed swapped data for i = 219, j = 405 sucessfully passed !
	Initialyzed swapped data for i = 219, j = 406 sucessfully passed !
	Initialyzed swapped data for i = 219, j = 407 sucessfully passed !
	Initialyzed swapped data for i = 219, j = 408 sucessfully passed !
	Initialyzed swapped data for i = 219, j = 409 sucessfully passed !
	Initialyzed swapped data for i = 219, j = 410 sucessfully passed !
	Initialyzed swapped data for i = 219, j = 411 sucessfully passed !
	Initialyzed swapped data for i = 219, j = 412 sucessfully passed !
	Initialyzed swapped data for i = 219, j = 413 sucessfully passed !
	Initialyzed swapped data for i = 219, j = 414 sucessfully passed !
	Initialyzed swapped data for i = 219, j = 415 sucessfully passed !
	Initialyzed swapped data for i = 219, j = 416 sucessfully passed !
	Initialyzed swapped data for i = 219, j = 417 sucessfully passed !
	Initialyzed swapped data for i = 219, j = 418 sucessfully passed !
	Initialyzed swapped data for i = 219, j = 419 sucessfully passed !
	Initialyzed swapped data for i = 219, j = 420 sucessfully passed !
	Initialyzed swapped data for i = 219, j = 421 sucessfully passed !
	Initialyzed swapped data for i = 219, j = 422 sucessfully passed !
	Initialyzed swapped data for i = 219, j = 423 sucessfully passed !
	Initialyzed swapped data for i = 219, j = 424 sucessfully passed !
	Initialyzed swapped data for i = 219, j = 425 sucessfully passed !
	Initialyzed swapped data for i = 219, j = 426 sucessfully passed !
	Initialyzed swapped data for i = 219, j = 427 sucessfully passed !
	Initialyzed swapped data for i = 219, j = 428 sucessfully passed !
	Initialyzed swapped data for i = 219, j = 429 sucessfully passed !
	Initialyzed swapped data for i = 219, j = 430 sucessfully passed !
	Initialyzed swapped data for i = 219, j = 431 sucessfully passed !
	Initialyzed swapped data for i = 219, j = 432 sucessfully passed !
	Initialyzed swapped data for i = 219, j = 433 sucessfully passed !
	Initialyzed swapped data for i = 220, j = 221 sucessfully passed !
	Initialyzed swapped data for i = 220, j = 222 sucessfully passed !
	Initialyzed swapped data for i = 220, j = 223 sucessfully passed !
	Initialyzed swapped data for i = 220, j = 224 sucessfully passed !
	Initialyzed swapped data for i = 220, j = 225 sucessfully passed !
	Initialyzed swapped data for i = 220, j = 226 sucessfully passed !
	Initialyzed swapped data for i = 220, j = 227 sucessfully passed !
	Initialyzed swapped data for i = 220, j = 228 sucessfully passed !
	Initialyzed swapped data for i = 220, j = 229 sucessfully passed !
	Initialyzed swapped data for i = 220, j = 230 sucessfully passed !
	Initialyzed swapped data for i = 220, j = 231 sucessfully passed !
	Initialyzed swapped data for i = 220, j = 232 sucessfully passed !
	Initialyzed swapped data for i = 220, j = 233 sucessfully passed !
	Initialyzed swapped data for i = 220, j = 234 sucessfully passed !
	Initialyzed swapped data for i = 220, j = 235 sucessfully passed !
	Initialyzed swapped data for i = 220, j = 236 sucessfully passed !
	Initialyzed swapped data for i = 220, j = 237 sucessfully passed !
	Initialyzed swapped data for i = 220, j = 238 sucessfully passed !
	Initialyzed swapped data for i = 220, j = 239 sucessfully passed !
	Initialyzed swapped data for i = 220, j = 240 sucessfully passed !
	Initialyzed swapped data for i = 220, j = 241 sucessfully passed !
	Initialyzed swapped data for i = 220, j = 242 sucessfully passed !
	Initialyzed swapped data for i = 220, j = 243 sucessfully passed !
	Initialyzed swapped data for i = 220, j = 244 sucessfully passed !
	Initialyzed swapped data for i = 220, j = 245 sucessfully passed !
	Initialyzed swapped data for i = 220, j = 246 sucessfully passed !
	Initialyzed swapped data for i = 220, j = 247 sucessfully passed !
	Initialyzed swapped data for i = 220, j = 248 sucessfully passed !
	Initialyzed swapped data for i = 220, j = 249 sucessfully passed !
	Initialyzed swapped data for i = 220, j = 250 sucessfully passed !
	Initialyzed swapped data for i = 220, j = 251 sucessfully passed !
	Initialyzed swapped data for i = 220, j = 252 sucessfully passed !
	Initialyzed swapped data for i = 220, j = 253 sucessfully passed !
	Initialyzed swapped data for i = 220, j = 254 sucessfully passed !
	Initialyzed swapped data for i = 220, j = 255 sucessfully passed !
	Initialyzed swapped data for i = 220, j = 256 sucessfully passed !
	Initialyzed swapped data for i = 220, j = 257 sucessfully passed !
	Initialyzed swapped data for i = 220, j = 258 sucessfully passed !
	Initialyzed swapped data for i = 220, j = 259 sucessfully passed !
	Initialyzed swapped data for i = 220, j = 260 sucessfully passed !
	Initialyzed swapped data for i = 220, j = 261 sucessfully passed !
	Initialyzed swapped data for i = 220, j = 262 sucessfully passed !
	Initialyzed swapped data for i = 220, j = 263 sucessfully passed !
	Initialyzed swapped data for i = 220, j = 264 sucessfully passed !
	Initialyzed swapped data for i = 220, j = 265 sucessfully passed !
	Initialyzed swapped data for i = 220, j = 266 sucessfully passed !
	Initialyzed swapped data for i = 220, j = 267 sucessfully passed !
	Initialyzed swapped data for i = 220, j = 268 sucessfully passed !
	Initialyzed swapped data for i = 220, j = 269 sucessfully passed !
	Initialyzed swapped data for i = 220, j = 270 sucessfully passed !
	Initialyzed swapped data for i = 220, j = 271 sucessfully passed !
	Initialyzed swapped data for i = 220, j = 272 sucessfully passed !
	Initialyzed swapped data for i = 220, j = 273 sucessfully passed !
	Initialyzed swapped data for i = 220, j = 274 sucessfully passed !
	Initialyzed swapped data for i = 220, j = 275 sucessfully passed !
	Initialyzed swapped data for i = 220, j = 276 sucessfully passed !
	Initialyzed swapped data for i = 220, j = 277 sucessfully passed !
	Initialyzed swapped data for i = 220, j = 278 sucessfully passed !
	Initialyzed swapped data for i = 220, j = 279 sucessfully passed !
	Initialyzed swapped data for i = 220, j = 280 sucessfully passed !
	Initialyzed swapped data for i = 220, j = 281 sucessfully passed !
	Initialyzed swapped data for i = 220, j = 282 sucessfully passed !
	Initialyzed swapped data for i = 220, j = 283 sucessfully passed !
	Initialyzed swapped data for i = 220, j = 284 sucessfully passed !
	Initialyzed swapped data for i = 220, j = 285 sucessfully passed !
	Initialyzed swapped data for i = 220, j = 286 sucessfully passed !
	Initialyzed swapped data for i = 220, j = 287 sucessfully passed !
	Initialyzed swapped data for i = 220, j = 288 sucessfully passed !
	Initialyzed swapped data for i = 220, j = 289 sucessfully passed !
	Initialyzed swapped data for i = 220, j = 290 sucessfully passed !
	Initialyzed swapped data for i = 220, j = 291 sucessfully passed !
	Initialyzed swapped data for i = 220, j = 292 sucessfully passed !
	Initialyzed swapped data for i = 220, j = 293 sucessfully passed !
	Initialyzed swapped data for i = 220, j = 294 sucessfully passed !
	Initialyzed swapped data for i = 220, j = 295 sucessfully passed !
	Initialyzed swapped data for i = 220, j = 296 sucessfully passed !
	Initialyzed swapped data for i = 220, j = 297 sucessfully passed !
	Initialyzed swapped data for i = 220, j = 298 sucessfully passed !
	Initialyzed swapped data for i = 220, j = 299 sucessfully passed !
	Initialyzed swapped data for i = 220, j = 300 sucessfully passed !
	Initialyzed swapped data for i = 220, j = 301 sucessfully passed !
	Initialyzed swapped data for i = 220, j = 302 sucessfully passed !
	Initialyzed swapped data for i = 220, j = 303 sucessfully passed !
	Initialyzed swapped data for i = 220, j = 304 sucessfully passed !
	Initialyzed swapped data for i = 220, j = 305 sucessfully passed !
	Initialyzed swapped data for i = 220, j = 306 sucessfully passed !
	Initialyzed swapped data for i = 220, j = 307 sucessfully passed !
	Initialyzed swapped data for i = 220, j = 308 sucessfully passed !
	Initialyzed swapped data for i = 220, j = 309 sucessfully passed !
	Initialyzed swapped data for i = 220, j = 310 sucessfully passed !
	Initialyzed swapped data for i = 220, j = 311 sucessfully passed !
	Initialyzed swapped data for i = 220, j = 312 sucessfully passed !
	Initialyzed swapped data for i = 220, j = 313 sucessfully passed !
	Initialyzed swapped data for i = 220, j = 314 sucessfully passed !
	Initialyzed swapped data for i = 220, j = 315 sucessfully passed !
	Initialyzed swapped data for i = 220, j = 316 sucessfully passed !
	Initialyzed swapped data for i = 220, j = 317 sucessfully passed !
	Initialyzed swapped data for i = 220, j = 318 sucessfully passed !
	Initialyzed swapped data for i = 220, j = 319 sucessfully passed !
	Initialyzed swapped data for i = 220, j = 320 sucessfully passed !
	Initialyzed swapped data for i = 220, j = 321 sucessfully passed !
	Initialyzed swapped data for i = 220, j = 322 sucessfully passed !
	Initialyzed swapped data for i = 220, j = 323 sucessfully passed !
	Initialyzed swapped data for i = 220, j = 324 sucessfully passed !
	Initialyzed swapped data for i = 220, j = 325 sucessfully passed !
	Initialyzed swapped data for i = 220, j = 326 sucessfully passed !
	Initialyzed swapped data for i = 220, j = 327 sucessfully passed !
	Initialyzed swapped data for i = 220, j = 328 sucessfully passed !
	Initialyzed swapped data for i = 220, j = 329 sucessfully passed !
	Initialyzed swapped data for i = 220, j = 330 sucessfully passed !
	Initialyzed swapped data for i = 220, j = 331 sucessfully passed !
	Initialyzed swapped data for i = 220, j = 332 sucessfully passed !
	Initialyzed swapped data for i = 220, j = 333 sucessfully passed !
	Initialyzed swapped data for i = 220, j = 334 sucessfully passed !
	Initialyzed swapped data for i = 220, j = 335 sucessfully passed !
	Initialyzed swapped data for i = 220, j = 336 sucessfully passed !
	Initialyzed swapped data for i = 220, j = 337 sucessfully passed !
	Initialyzed swapped data for i = 220, j = 338 sucessfully passed !
	Initialyzed swapped data for i = 220, j = 339 sucessfully passed !
	Initialyzed swapped data for i = 220, j = 340 sucessfully passed !
	Initialyzed swapped data for i = 220, j = 341 sucessfully passed !
	Initialyzed swapped data for i = 220, j = 342 sucessfully passed !
	Initialyzed swapped data for i = 220, j = 343 sucessfully passed !
	Initialyzed swapped data for i = 220, j = 344 sucessfully passed !
	Initialyzed swapped data for i = 220, j = 345 sucessfully passed !
	Initialyzed swapped data for i = 220, j = 346 sucessfully passed !
	Initialyzed swapped data for i = 220, j = 347 sucessfully passed !
	Initialyzed swapped data for i = 220, j = 348 sucessfully passed !
	Initialyzed swapped data for i = 220, j = 349 sucessfully passed !
	Initialyzed swapped data for i = 220, j = 350 sucessfully passed !
	Initialyzed swapped data for i = 220, j = 351 sucessfully passed !
	Initialyzed swapped data for i = 220, j = 352 sucessfully passed !
	Initialyzed swapped data for i = 220, j = 353 sucessfully passed !
	Initialyzed swapped data for i = 220, j = 354 sucessfully passed !
	Initialyzed swapped data for i = 220, j = 355 sucessfully passed !
	Initialyzed swapped data for i = 220, j = 356 sucessfully passed !
	Initialyzed swapped data for i = 220, j = 357 sucessfully passed !
	Initialyzed swapped data for i = 220, j = 358 sucessfully passed !
	Initialyzed swapped data for i = 220, j = 359 sucessfully passed !
	Initialyzed swapped data for i = 220, j = 360 sucessfully passed !
	Initialyzed swapped data for i = 220, j = 361 sucessfully passed !
	Initialyzed swapped data for i = 220, j = 362 sucessfully passed !
	Initialyzed swapped data for i = 220, j = 363 sucessfully passed !
	Initialyzed swapped data for i = 220, j = 364 sucessfully passed !
	Initialyzed swapped data for i = 220, j = 365 sucessfully passed !
	Initialyzed swapped data for i = 220, j = 366 sucessfully passed !
	Initialyzed swapped data for i = 220, j = 367 sucessfully passed !
	Initialyzed swapped data for i = 220, j = 368 sucessfully passed !
	Initialyzed swapped data for i = 220, j = 369 sucessfully passed !
	Initialyzed swapped data for i = 220, j = 370 sucessfully passed !
	Initialyzed swapped data for i = 220, j = 371 sucessfully passed !
	Initialyzed swapped data for i = 220, j = 372 sucessfully passed !
	Initialyzed swapped data for i = 220, j = 373 sucessfully passed !
	Initialyzed swapped data for i = 220, j = 374 sucessfully passed !
	Initialyzed swapped data for i = 220, j = 375 sucessfully passed !
	Initialyzed swapped data for i = 220, j = 376 sucessfully passed !
	Initialyzed swapped data for i = 220, j = 377 sucessfully passed !
	Initialyzed swapped data for i = 220, j = 378 sucessfully passed !
	Initialyzed swapped data for i = 220, j = 379 sucessfully passed !
	Initialyzed swapped data for i = 220, j = 380 sucessfully passed !
	Initialyzed swapped data for i = 220, j = 381 sucessfully passed !
	Initialyzed swapped data for i = 220, j = 382 sucessfully passed !
	Initialyzed swapped data for i = 220, j = 383 sucessfully passed !
	Initialyzed swapped data for i = 220, j = 384 sucessfully passed !
	Initialyzed swapped data for i = 220, j = 385 sucessfully passed !
	Initialyzed swapped data for i = 220, j = 386 sucessfully passed !
	Initialyzed swapped data for i = 220, j = 387 sucessfully passed !
	Initialyzed swapped data for i = 220, j = 388 sucessfully passed !
	Initialyzed swapped data for i = 220, j = 389 sucessfully passed !
	Initialyzed swapped data for i = 220, j = 390 sucessfully passed !
	Initialyzed swapped data for i = 220, j = 391 sucessfully passed !
	Initialyzed swapped data for i = 220, j = 392 sucessfully passed !
	Initialyzed swapped data for i = 220, j = 393 sucessfully passed !
	Initialyzed swapped data for i = 220, j = 394 sucessfully passed !
	Initialyzed swapped data for i = 220, j = 395 sucessfully passed !
	Initialyzed swapped data for i = 220, j = 396 sucessfully passed !
	Initialyzed swapped data for i = 220, j = 397 sucessfully passed !
	Initialyzed swapped data for i = 220, j = 398 sucessfully passed !
	Initialyzed swapped data for i = 220, j = 399 sucessfully passed !
	Initialyzed swapped data for i = 220, j = 400 sucessfully passed !
	Initialyzed swapped data for i = 220, j = 401 sucessfully passed !
	Initialyzed swapped data for i = 220, j = 402 sucessfully passed !
	Initialyzed swapped data for i = 220, j = 403 sucessfully passed !
	Initialyzed swapped data for i = 220, j = 404 sucessfully passed !
	Initialyzed swapped data for i = 220, j = 405 sucessfully passed !
	Initialyzed swapped data for i = 220, j = 406 sucessfully passed !
	Initialyzed swapped data for i = 220, j = 407 sucessfully passed !
	Initialyzed swapped data for i = 220, j = 408 sucessfully passed !
	Initialyzed swapped data for i = 220, j = 409 sucessfully passed !
	Initialyzed swapped data for i = 220, j = 410 sucessfully passed !
	Initialyzed swapped data for i = 220, j = 411 sucessfully passed !
	Initialyzed swapped data for i = 220, j = 412 sucessfully passed !
	Initialyzed swapped data for i = 220, j = 413 sucessfully passed !
	Initialyzed swapped data for i = 220, j = 414 sucessfully passed !
	Initialyzed swapped data for i = 220, j = 415 sucessfully passed !
	Initialyzed swapped data for i = 220, j = 416 sucessfully passed !
	Initialyzed swapped data for i = 220, j = 417 sucessfully passed !
	Initialyzed swapped data for i = 220, j = 418 sucessfully passed !
	Initialyzed swapped data for i = 220, j = 419 sucessfully passed !
	Initialyzed swapped data for i = 220, j = 420 sucessfully passed !
	Initialyzed swapped data for i = 220, j = 421 sucessfully passed !
	Initialyzed swapped data for i = 220, j = 422 sucessfully passed !
	Initialyzed swapped data for i = 220, j = 423 sucessfully passed !
	Initialyzed swapped data for i = 220, j = 424 sucessfully passed !
	Initialyzed swapped data for i = 220, j = 425 sucessfully passed !
	Initialyzed swapped data for i = 220, j = 426 sucessfully passed !
	Initialyzed swapped data for i = 220, j = 427 sucessfully passed !
	Initialyzed swapped data for i = 220, j = 428 sucessfully passed !
	Initialyzed swapped data for i = 220, j = 429 sucessfully passed !
	Initialyzed swapped data for i = 220, j = 430 sucessfully passed !
	Initialyzed swapped data for i = 220, j = 431 sucessfully passed !
	Initialyzed swapped data for i = 220, j = 432 sucessfully passed !
	Initialyzed swapped data for i = 220, j = 433 sucessfully passed !
	Initialyzed swapped data for i = 221, j = 222 sucessfully passed !
	Initialyzed swapped data for i = 221, j = 223 sucessfully passed !
	Initialyzed swapped data for i = 221, j = 224 sucessfully passed !
	Initialyzed swapped data for i = 221, j = 225 sucessfully passed !
	Initialyzed swapped data for i = 221, j = 226 sucessfully passed !
	Initialyzed swapped data for i = 221, j = 227 sucessfully passed !
	Initialyzed swapped data for i = 221, j = 228 sucessfully passed !
	Initialyzed swapped data for i = 221, j = 229 sucessfully passed !
	Initialyzed swapped data for i = 221, j = 230 sucessfully passed !
	Initialyzed swapped data for i = 221, j = 231 sucessfully passed !
	Initialyzed swapped data for i = 221, j = 232 sucessfully passed !
	Initialyzed swapped data for i = 221, j = 233 sucessfully passed !
	Initialyzed swapped data for i = 221, j = 234 sucessfully passed !
	Initialyzed swapped data for i = 221, j = 235 sucessfully passed !
	Initialyzed swapped data for i = 221, j = 236 sucessfully passed !
	Initialyzed swapped data for i = 221, j = 237 sucessfully passed !
	Initialyzed swapped data for i = 221, j = 238 sucessfully passed !
	Initialyzed swapped data for i = 221, j = 239 sucessfully passed !
	Initialyzed swapped data for i = 221, j = 240 sucessfully passed !
	Initialyzed swapped data for i = 221, j = 241 sucessfully passed !
	Initialyzed swapped data for i = 221, j = 242 sucessfully passed !
	Initialyzed swapped data for i = 221, j = 243 sucessfully passed !
	Initialyzed swapped data for i = 221, j = 244 sucessfully passed !
	Initialyzed swapped data for i = 221, j = 245 sucessfully passed !
	Initialyzed swapped data for i = 221, j = 246 sucessfully passed !
	Initialyzed swapped data for i = 221, j = 247 sucessfully passed !
	Initialyzed swapped data for i = 221, j = 248 sucessfully passed !
	Initialyzed swapped data for i = 221, j = 249 sucessfully passed !
	Initialyzed swapped data for i = 221, j = 250 sucessfully passed !
	Initialyzed swapped data for i = 221, j = 251 sucessfully passed !
	Initialyzed swapped data for i = 221, j = 252 sucessfully passed !
	Initialyzed swapped data for i = 221, j = 253 sucessfully passed !
	Initialyzed swapped data for i = 221, j = 254 sucessfully passed !
	Initialyzed swapped data for i = 221, j = 255 sucessfully passed !
	Initialyzed swapped data for i = 221, j = 256 sucessfully passed !
	Initialyzed swapped data for i = 221, j = 257 sucessfully passed !
	Initialyzed swapped data for i = 221, j = 258 sucessfully passed !
	Initialyzed swapped data for i = 221, j = 259 sucessfully passed !
	Initialyzed swapped data for i = 221, j = 260 sucessfully passed !
	Initialyzed swapped data for i = 221, j = 261 sucessfully passed !
	Initialyzed swapped data for i = 221, j = 262 sucessfully passed !
	Initialyzed swapped data for i = 221, j = 263 sucessfully passed !
	Initialyzed swapped data for i = 221, j = 264 sucessfully passed !
	Initialyzed swapped data for i = 221, j = 265 sucessfully passed !
	Initialyzed swapped data for i = 221, j = 266 sucessfully passed !
	Initialyzed swapped data for i = 221, j = 267 sucessfully passed !
	Initialyzed swapped data for i = 221, j = 268 sucessfully passed !
	Initialyzed swapped data for i = 221, j = 269 sucessfully passed !
	Initialyzed swapped data for i = 221, j = 270 sucessfully passed !
	Initialyzed swapped data for i = 221, j = 271 sucessfully passed !
	Initialyzed swapped data for i = 221, j = 272 sucessfully passed !
	Initialyzed swapped data for i = 221, j = 273 sucessfully passed !
	Initialyzed swapped data for i = 221, j = 274 sucessfully passed !
	Initialyzed swapped data for i = 221, j = 275 sucessfully passed !
	Initialyzed swapped data for i = 221, j = 276 sucessfully passed !
	Initialyzed swapped data for i = 221, j = 277 sucessfully passed !
	Initialyzed swapped data for i = 221, j = 278 sucessfully passed !
	Initialyzed swapped data for i = 221, j = 279 sucessfully passed !
	Initialyzed swapped data for i = 221, j = 280 sucessfully passed !
	Initialyzed swapped data for i = 221, j = 281 sucessfully passed !
	Initialyzed swapped data for i = 221, j = 282 sucessfully passed !
	Initialyzed swapped data for i = 221, j = 283 sucessfully passed !
	Initialyzed swapped data for i = 221, j = 284 sucessfully passed !
	Initialyzed swapped data for i = 221, j = 285 sucessfully passed !
	Initialyzed swapped data for i = 221, j = 286 sucessfully passed !
	Initialyzed swapped data for i = 221, j = 287 sucessfully passed !
	Initialyzed swapped data for i = 221, j = 288 sucessfully passed !
	Initialyzed swapped data for i = 221, j = 289 sucessfully passed !
	Initialyzed swapped data for i = 221, j = 290 sucessfully passed !
	Initialyzed swapped data for i = 221, j = 291 sucessfully passed !
	Initialyzed swapped data for i = 221, j = 292 sucessfully passed !
	Initialyzed swapped data for i = 221, j = 293 sucessfully passed !
	Initialyzed swapped data for i = 221, j = 294 sucessfully passed !
	Initialyzed swapped data for i = 221, j = 295 sucessfully passed !
	Initialyzed swapped data for i = 221, j = 296 sucessfully passed !
	Initialyzed swapped data for i = 221, j = 297 sucessfully passed !
	Initialyzed swapped data for i = 221, j = 298 sucessfully passed !
	Initialyzed swapped data for i = 221, j = 299 sucessfully passed !
	Initialyzed swapped data for i = 221, j = 300 sucessfully passed !
	Initialyzed swapped data for i = 221, j = 301 sucessfully passed !
	Initialyzed swapped data for i = 221, j = 302 sucessfully passed !
	Initialyzed swapped data for i = 221, j = 303 sucessfully passed !
	Initialyzed swapped data for i = 221, j = 304 sucessfully passed !
	Initialyzed swapped data for i = 221, j = 305 sucessfully passed !
	Initialyzed swapped data for i = 221, j = 306 sucessfully passed !
	Initialyzed swapped data for i = 221, j = 307 sucessfully passed !
	Initialyzed swapped data for i = 221, j = 308 sucessfully passed !
	Initialyzed swapped data for i = 221, j = 309 sucessfully passed !
	Initialyzed swapped data for i = 221, j = 310 sucessfully passed !
	Initialyzed swapped data for i = 221, j = 311 sucessfully passed !
	Initialyzed swapped data for i = 221, j = 312 sucessfully passed !
	Initialyzed swapped data for i = 221, j = 313 sucessfully passed !
	Initialyzed swapped data for i = 221, j = 314 sucessfully passed !
	Initialyzed swapped data for i = 221, j = 315 sucessfully passed !
	Initialyzed swapped data for i = 221, j = 316 sucessfully passed !
	Initialyzed swapped data for i = 221, j = 317 sucessfully passed !
	Initialyzed swapped data for i = 221, j = 318 sucessfully passed !
	Initialyzed swapped data for i = 221, j = 319 sucessfully passed !
	Initialyzed swapped data for i = 221, j = 320 sucessfully passed !
	Initialyzed swapped data for i = 221, j = 321 sucessfully passed !
	Initialyzed swapped data for i = 221, j = 322 sucessfully passed !
	Initialyzed swapped data for i = 221, j = 323 sucessfully passed !
	Initialyzed swapped data for i = 221, j = 324 sucessfully passed !
	Initialyzed swapped data for i = 221, j = 325 sucessfully passed !
	Initialyzed swapped data for i = 221, j = 326 sucessfully passed !
	Initialyzed swapped data for i = 221, j = 327 sucessfully passed !
	Initialyzed swapped data for i = 221, j = 328 sucessfully passed !
	Initialyzed swapped data for i = 221, j = 329 sucessfully passed !
	Initialyzed swapped data for i = 221, j = 330 sucessfully passed !
	Initialyzed swapped data for i = 221, j = 331 sucessfully passed !
	Initialyzed swapped data for i = 221, j = 332 sucessfully passed !
	Initialyzed swapped data for i = 221, j = 333 sucessfully passed !
	Initialyzed swapped data for i = 221, j = 334 sucessfully passed !
	Initialyzed swapped data for i = 221, j = 335 sucessfully passed !
	Initialyzed swapped data for i = 221, j = 336 sucessfully passed !
	Initialyzed swapped data for i = 221, j = 337 sucessfully passed !
	Initialyzed swapped data for i = 221, j = 338 sucessfully passed !
	Initialyzed swapped data for i = 221, j = 339 sucessfully passed !
	Initialyzed swapped data for i = 221, j = 340 sucessfully passed !
	Initialyzed swapped data for i = 221, j = 341 sucessfully passed !
	Initialyzed swapped data for i = 221, j = 342 sucessfully passed !
	Initialyzed swapped data for i = 221, j = 343 sucessfully passed !
	Initialyzed swapped data for i = 221, j = 344 sucessfully passed !
	Initialyzed swapped data for i = 221, j = 345 sucessfully passed !
	Initialyzed swapped data for i = 221, j = 346 sucessfully passed !
	Initialyzed swapped data for i = 221, j = 347 sucessfully passed !
	Initialyzed swapped data for i = 221, j = 348 sucessfully passed !
	Initialyzed swapped data for i = 221, j = 349 sucessfully passed !
	Initialyzed swapped data for i = 221, j = 350 sucessfully passed !
	Initialyzed swapped data for i = 221, j = 351 sucessfully passed !
	Initialyzed swapped data for i = 221, j = 352 sucessfully passed !
	Initialyzed swapped data for i = 221, j = 353 sucessfully passed !
	Initialyzed swapped data for i = 221, j = 354 sucessfully passed !
	Initialyzed swapped data for i = 221, j = 355 sucessfully passed !
	Initialyzed swapped data for i = 221, j = 356 sucessfully passed !
	Initialyzed swapped data for i = 221, j = 357 sucessfully passed !
	Initialyzed swapped data for i = 221, j = 358 sucessfully passed !
	Initialyzed swapped data for i = 221, j = 359 sucessfully passed !
	Initialyzed swapped data for i = 221, j = 360 sucessfully passed !
	Initialyzed swapped data for i = 221, j = 361 sucessfully passed !
	Initialyzed swapped data for i = 221, j = 362 sucessfully passed !
	Initialyzed swapped data for i = 221, j = 363 sucessfully passed !
	Initialyzed swapped data for i = 221, j = 364 sucessfully passed !
	Initialyzed swapped data for i = 221, j = 365 sucessfully passed !
	Initialyzed swapped data for i = 221, j = 366 sucessfully passed !
	Initialyzed swapped data for i = 221, j = 367 sucessfully passed !
	Initialyzed swapped data for i = 221, j = 368 sucessfully passed !
	Initialyzed swapped data for i = 221, j = 369 sucessfully passed !
	Initialyzed swapped data for i = 221, j = 370 sucessfully passed !
	Initialyzed swapped data for i = 221, j = 371 sucessfully passed !
	Initialyzed swapped data for i = 221, j = 372 sucessfully passed !
	Initialyzed swapped data for i = 221, j = 373 sucessfully passed !
	Initialyzed swapped data for i = 221, j = 374 sucessfully passed !
	Initialyzed swapped data for i = 221, j = 375 sucessfully passed !
	Initialyzed swapped data for i = 221, j = 376 sucessfully passed !
	Initialyzed swapped data for i = 221, j = 377 sucessfully passed !
	Initialyzed swapped data for i = 221, j = 378 sucessfully passed !
	Initialyzed swapped data for i = 221, j = 379 sucessfully passed !
	Initialyzed swapped data for i = 221, j = 380 sucessfully passed !
	Initialyzed swapped data for i = 221, j = 381 sucessfully passed !
	Initialyzed swapped data for i = 221, j = 382 sucessfully passed !
	Initialyzed swapped data for i = 221, j = 383 sucessfully passed !
	Initialyzed swapped data for i = 221, j = 384 sucessfully passed !
	Initialyzed swapped data for i = 221, j = 385 sucessfully passed !
	Initialyzed swapped data for i = 221, j = 386 sucessfully passed !
	Initialyzed swapped data for i = 221, j = 387 sucessfully passed !
	Initialyzed swapped data for i = 221, j = 388 sucessfully passed !
	Initialyzed swapped data for i = 221, j = 389 sucessfully passed !
	Initialyzed swapped data for i = 221, j = 390 sucessfully passed !
	Initialyzed swapped data for i = 221, j = 391 sucessfully passed !
	Initialyzed swapped data for i = 221, j = 392 sucessfully passed !
	Initialyzed swapped data for i = 221, j = 393 sucessfully passed !
	Initialyzed swapped data for i = 221, j = 394 sucessfully passed !
	Initialyzed swapped data for i = 221, j = 395 sucessfully passed !
	Initialyzed swapped data for i = 221, j = 396 sucessfully passed !
	Initialyzed swapped data for i = 221, j = 397 sucessfully passed !
	Initialyzed swapped data for i = 221, j = 398 sucessfully passed !
	Initialyzed swapped data for i = 221, j = 399 sucessfully passed !
	Initialyzed swapped data for i = 221, j = 400 sucessfully passed !
	Initialyzed swapped data for i = 221, j = 401 sucessfully passed !
	Initialyzed swapped data for i = 221, j = 402 sucessfully passed !
	Initialyzed swapped data for i = 221, j = 403 sucessfully passed !
	Initialyzed swapped data for i = 221, j = 404 sucessfully passed !
	Initialyzed swapped data for i = 221, j = 405 sucessfully passed !
	Initialyzed swapped data for i = 221, j = 406 sucessfully passed !
	Initialyzed swapped data for i = 221, j = 407 sucessfully passed !
	Initialyzed swapped data for i = 221, j = 408 sucessfully passed !
	Initialyzed swapped data for i = 221, j = 409 sucessfully passed !
	Initialyzed swapped data for i = 221, j = 410 sucessfully passed !
	Initialyzed swapped data for i = 221, j = 411 sucessfully passed !
	Initialyzed swapped data for i = 221, j = 412 sucessfully passed !
	Initialyzed swapped data for i = 221, j = 413 sucessfully passed !
	Initialyzed swapped data for i = 221, j = 414 sucessfully passed !
	Initialyzed swapped data for i = 221, j = 415 sucessfully passed !
	Initialyzed swapped data for i = 221, j = 416 sucessfully passed !
	Initialyzed swapped data for i = 221, j = 417 sucessfully passed !
	Initialyzed swapped data for i = 221, j = 418 sucessfully passed !
	Initialyzed swapped data for i = 221, j = 419 sucessfully passed !
	Initialyzed swapped data for i = 221, j = 420 sucessfully passed !
	Initialyzed swapped data for i = 221, j = 421 sucessfully passed !
	Initialyzed swapped data for i = 221, j = 422 sucessfully passed !
	Initialyzed swapped data for i = 221, j = 423 sucessfully passed !
	Initialyzed swapped data for i = 221, j = 424 sucessfully passed !
	Initialyzed swapped data for i = 221, j = 425 sucessfully passed !
	Initialyzed swapped data for i = 221, j = 426 sucessfully passed !
	Initialyzed swapped data for i = 221, j = 427 sucessfully passed !
	Initialyzed swapped data for i = 221, j = 428 sucessfully passed !
	Initialyzed swapped data for i = 221, j = 429 sucessfully passed !
	Initialyzed swapped data for i = 221, j = 430 sucessfully passed !
	Initialyzed swapped data for i = 221, j = 431 sucessfully passed !
	Initialyzed swapped data for i = 221, j = 432 sucessfully passed !
	Initialyzed swapped data for i = 221, j = 433 sucessfully passed !
	Initialyzed swapped data for i = 222, j = 223 sucessfully passed !
	Initialyzed swapped data for i = 222, j = 224 sucessfully passed !
	Initialyzed swapped data for i = 222, j = 225 sucessfully passed !
	Initialyzed swapped data for i = 222, j = 226 sucessfully passed !
	Initialyzed swapped data for i = 222, j = 227 sucessfully passed !
	Initialyzed swapped data for i = 222, j = 228 sucessfully passed !
	Initialyzed swapped data for i = 222, j = 229 sucessfully passed !
	Initialyzed swapped data for i = 222, j = 230 sucessfully passed !
	Initialyzed swapped data for i = 222, j = 231 sucessfully passed !
	Initialyzed swapped data for i = 222, j = 232 sucessfully passed !
	Initialyzed swapped data for i = 222, j = 233 sucessfully passed !
	Initialyzed swapped data for i = 222, j = 234 sucessfully passed !
	Initialyzed swapped data for i = 222, j = 235 sucessfully passed !
	Initialyzed swapped data for i = 222, j = 236 sucessfully passed !
	Initialyzed swapped data for i = 222, j = 237 sucessfully passed !
	Initialyzed swapped data for i = 222, j = 238 sucessfully passed !
	Initialyzed swapped data for i = 222, j = 239 sucessfully passed !
	Initialyzed swapped data for i = 222, j = 240 sucessfully passed !
	Initialyzed swapped data for i = 222, j = 241 sucessfully passed !
	Initialyzed swapped data for i = 222, j = 242 sucessfully passed !
	Initialyzed swapped data for i = 222, j = 243 sucessfully passed !
	Initialyzed swapped data for i = 222, j = 244 sucessfully passed !
	Initialyzed swapped data for i = 222, j = 245 sucessfully passed !
	Initialyzed swapped data for i = 222, j = 246 sucessfully passed !
	Initialyzed swapped data for i = 222, j = 247 sucessfully passed !
	Initialyzed swapped data for i = 222, j = 248 sucessfully passed !
	Initialyzed swapped data for i = 222, j = 249 sucessfully passed !
	Initialyzed swapped data for i = 222, j = 250 sucessfully passed !
	Initialyzed swapped data for i = 222, j = 251 sucessfully passed !
	Initialyzed swapped data for i = 222, j = 252 sucessfully passed !
	Initialyzed swapped data for i = 222, j = 253 sucessfully passed !
	Initialyzed swapped data for i = 222, j = 254 sucessfully passed !
	Initialyzed swapped data for i = 222, j = 255 sucessfully passed !
	Initialyzed swapped data for i = 222, j = 256 sucessfully passed !
	Initialyzed swapped data for i = 222, j = 257 sucessfully passed !
	Initialyzed swapped data for i = 222, j = 258 sucessfully passed !
	Initialyzed swapped data for i = 222, j = 259 sucessfully passed !
	Initialyzed swapped data for i = 222, j = 260 sucessfully passed !
	Initialyzed swapped data for i = 222, j = 261 sucessfully passed !
	Initialyzed swapped data for i = 222, j = 262 sucessfully passed !
	Initialyzed swapped data for i = 222, j = 263 sucessfully passed !
	Initialyzed swapped data for i = 222, j = 264 sucessfully passed !
	Initialyzed swapped data for i = 222, j = 265 sucessfully passed !
	Initialyzed swapped data for i = 222, j = 266 sucessfully passed !
	Initialyzed swapped data for i = 222, j = 267 sucessfully passed !
	Initialyzed swapped data for i = 222, j = 268 sucessfully passed !
	Initialyzed swapped data for i = 222, j = 269 sucessfully passed !
	Initialyzed swapped data for i = 222, j = 270 sucessfully passed !
	Initialyzed swapped data for i = 222, j = 271 sucessfully passed !
	Initialyzed swapped data for i = 222, j = 272 sucessfully passed !
	Initialyzed swapped data for i = 222, j = 273 sucessfully passed !
	Initialyzed swapped data for i = 222, j = 274 sucessfully passed !
	Initialyzed swapped data for i = 222, j = 275 sucessfully passed !
	Initialyzed swapped data for i = 222, j = 276 sucessfully passed !
	Initialyzed swapped data for i = 222, j = 277 sucessfully passed !
	Initialyzed swapped data for i = 222, j = 278 sucessfully passed !
	Initialyzed swapped data for i = 222, j = 279 sucessfully passed !
	Initialyzed swapped data for i = 222, j = 280 sucessfully passed !
	Initialyzed swapped data for i = 222, j = 281 sucessfully passed !
	Initialyzed swapped data for i = 222, j = 282 sucessfully passed !
	Initialyzed swapped data for i = 222, j = 283 sucessfully passed !
	Initialyzed swapped data for i = 222, j = 284 sucessfully passed !
	Initialyzed swapped data for i = 222, j = 285 sucessfully passed !
	Initialyzed swapped data for i = 222, j = 286 sucessfully passed !
	Initialyzed swapped data for i = 222, j = 287 sucessfully passed !
	Initialyzed swapped data for i = 222, j = 288 sucessfully passed !
	Initialyzed swapped data for i = 222, j = 289 sucessfully passed !
	Initialyzed swapped data for i = 222, j = 290 sucessfully passed !
	Initialyzed swapped data for i = 222, j = 291 sucessfully passed !
	Initialyzed swapped data for i = 222, j = 292 sucessfully passed !
	Initialyzed swapped data for i = 222, j = 293 sucessfully passed !
	Initialyzed swapped data for i = 222, j = 294 sucessfully passed !
	Initialyzed swapped data for i = 222, j = 295 sucessfully passed !
	Initialyzed swapped data for i = 222, j = 296 sucessfully passed !
	Initialyzed swapped data for i = 222, j = 297 sucessfully passed !
	Initialyzed swapped data for i = 222, j = 298 sucessfully passed !
	Initialyzed swapped data for i = 222, j = 299 sucessfully passed !
	Initialyzed swapped data for i = 222, j = 300 sucessfully passed !
	Initialyzed swapped data for i = 222, j = 301 sucessfully passed !
	Initialyzed swapped data for i = 222, j = 302 sucessfully passed !
	Initialyzed swapped data for i = 222, j = 303 sucessfully passed !
	Initialyzed swapped data for i = 222, j = 304 sucessfully passed !
	Initialyzed swapped data for i = 222, j = 305 sucessfully passed !
	Initialyzed swapped data for i = 222, j = 306 sucessfully passed !
	Initialyzed swapped data for i = 222, j = 307 sucessfully passed !
	Initialyzed swapped data for i = 222, j = 308 sucessfully passed !
	Initialyzed swapped data for i = 222, j = 309 sucessfully passed !
	Initialyzed swapped data for i = 222, j = 310 sucessfully passed !
	Initialyzed swapped data for i = 222, j = 311 sucessfully passed !
	Initialyzed swapped data for i = 222, j = 312 sucessfully passed !
	Initialyzed swapped data for i = 222, j = 313 sucessfully passed !
	Initialyzed swapped data for i = 222, j = 314 sucessfully passed !
	Initialyzed swapped data for i = 222, j = 315 sucessfully passed !
	Initialyzed swapped data for i = 222, j = 316 sucessfully passed !
	Initialyzed swapped data for i = 222, j = 317 sucessfully passed !
	Initialyzed swapped data for i = 222, j = 318 sucessfully passed !
	Initialyzed swapped data for i = 222, j = 319 sucessfully passed !
	Initialyzed swapped data for i = 222, j = 320 sucessfully passed !
	Initialyzed swapped data for i = 222, j = 321 sucessfully passed !
	Initialyzed swapped data for i = 222, j = 322 sucessfully passed !
	Initialyzed swapped data for i = 222, j = 323 sucessfully passed !
	Initialyzed swapped data for i = 222, j = 324 sucessfully passed !
	Initialyzed swapped data for i = 222, j = 325 sucessfully passed !
	Initialyzed swapped data for i = 222, j = 326 sucessfully passed !
	Initialyzed swapped data for i = 222, j = 327 sucessfully passed !
	Initialyzed swapped data for i = 222, j = 328 sucessfully passed !
	Initialyzed swapped data for i = 222, j = 329 sucessfully passed !
	Initialyzed swapped data for i = 222, j = 330 sucessfully passed !
	Initialyzed swapped data for i = 222, j = 331 sucessfully passed !
	Initialyzed swapped data for i = 222, j = 332 sucessfully passed !
	Initialyzed swapped data for i = 222, j = 333 sucessfully passed !
	Initialyzed swapped data for i = 222, j = 334 sucessfully passed !
	Initialyzed swapped data for i = 222, j = 335 sucessfully passed !
	Initialyzed swapped data for i = 222, j = 336 sucessfully passed !
	Initialyzed swapped data for i = 222, j = 337 sucessfully passed !
	Initialyzed swapped data for i = 222, j = 338 sucessfully passed !
	Initialyzed swapped data for i = 222, j = 339 sucessfully passed !
	Initialyzed swapped data for i = 222, j = 340 sucessfully passed !
	Initialyzed swapped data for i = 222, j = 341 sucessfully passed !
	Initialyzed swapped data for i = 222, j = 342 sucessfully passed !
	Initialyzed swapped data for i = 222, j = 343 sucessfully passed !
	Initialyzed swapped data for i = 222, j = 344 sucessfully passed !
	Initialyzed swapped data for i = 222, j = 345 sucessfully passed !
	Initialyzed swapped data for i = 222, j = 346 sucessfully passed !
	Initialyzed swapped data for i = 222, j = 347 sucessfully passed !
	Initialyzed swapped data for i = 222, j = 348 sucessfully passed !
	Initialyzed swapped data for i = 222, j = 349 sucessfully passed !
	Initialyzed swapped data for i = 222, j = 350 sucessfully passed !
	Initialyzed swapped data for i = 222, j = 351 sucessfully passed !
	Initialyzed swapped data for i = 222, j = 352 sucessfully passed !
	Initialyzed swapped data for i = 222, j = 353 sucessfully passed !
	Initialyzed swapped data for i = 222, j = 354 sucessfully passed !
	Initialyzed swapped data for i = 222, j = 355 sucessfully passed !
	Initialyzed swapped data for i = 222, j = 356 sucessfully passed !
	Initialyzed swapped data for i = 222, j = 357 sucessfully passed !
	Initialyzed swapped data for i = 222, j = 358 sucessfully passed !
	Initialyzed swapped data for i = 222, j = 359 sucessfully passed !
	Initialyzed swapped data for i = 222, j = 360 sucessfully passed !
	Initialyzed swapped data for i = 222, j = 361 sucessfully passed !
	Initialyzed swapped data for i = 222, j = 362 sucessfully passed !
	Initialyzed swapped data for i = 222, j = 363 sucessfully passed !
	Initialyzed swapped data for i = 222, j = 364 sucessfully passed !
	Initialyzed swapped data for i = 222, j = 365 sucessfully passed !
	Initialyzed swapped data for i = 222, j = 366 sucessfully passed !
	Initialyzed swapped data for i = 222, j = 367 sucessfully passed !
	Initialyzed swapped data for i = 222, j = 368 sucessfully passed !
	Initialyzed swapped data for i = 222, j = 369 sucessfully passed !
	Initialyzed swapped data for i = 222, j = 370 sucessfully passed !
	Initialyzed swapped data for i = 222, j = 371 sucessfully passed !
	Initialyzed swapped data for i = 222, j = 372 sucessfully passed !
	Initialyzed swapped data for i = 222, j = 373 sucessfully passed !
	Initialyzed swapped data for i = 222, j = 374 sucessfully passed !
	Initialyzed swapped data for i = 222, j = 375 sucessfully passed !
	Initialyzed swapped data for i = 222, j = 376 sucessfully passed !
	Initialyzed swapped data for i = 222, j = 377 sucessfully passed !
	Initialyzed swapped data for i = 222, j = 378 sucessfully passed !
	Initialyzed swapped data for i = 222, j = 379 sucessfully passed !
	Initialyzed swapped data for i = 222, j = 380 sucessfully passed !
	Initialyzed swapped data for i = 222, j = 381 sucessfully passed !
	Initialyzed swapped data for i = 222, j = 382 sucessfully passed !
	Initialyzed swapped data for i = 222, j = 383 sucessfully passed !
	Initialyzed swapped data for i = 222, j = 384 sucessfully passed !
	Initialyzed swapped data for i = 222, j = 385 sucessfully passed !
	Initialyzed swapped data for i = 222, j = 386 sucessfully passed !
	Initialyzed swapped data for i = 222, j = 387 sucessfully passed !
	Initialyzed swapped data for i = 222, j = 388 sucessfully passed !
	Initialyzed swapped data for i = 222, j = 389 sucessfully passed !
	Initialyzed swapped data for i = 222, j = 390 sucessfully passed !
	Initialyzed swapped data for i = 222, j = 391 sucessfully passed !
	Initialyzed swapped data for i = 222, j = 392 sucessfully passed !
	Initialyzed swapped data for i = 222, j = 393 sucessfully passed !
	Initialyzed swapped data for i = 222, j = 394 sucessfully passed !
	Initialyzed swapped data for i = 222, j = 395 sucessfully passed !
	Initialyzed swapped data for i = 222, j = 396 sucessfully passed !
	Initialyzed swapped data for i = 222, j = 397 sucessfully passed !
	Initialyzed swapped data for i = 222, j = 398 sucessfully passed !
	Initialyzed swapped data for i = 222, j = 399 sucessfully passed !
	Initialyzed swapped data for i = 222, j = 400 sucessfully passed !
	Initialyzed swapped data for i = 222, j = 401 sucessfully passed !
	Initialyzed swapped data for i = 222, j = 402 sucessfully passed !
	Initialyzed swapped data for i = 222, j = 403 sucessfully passed !
	Initialyzed swapped data for i = 222, j = 404 sucessfully passed !
	Initialyzed swapped data for i = 222, j = 405 sucessfully passed !
	Initialyzed swapped data for i = 222, j = 406 sucessfully passed !
	Initialyzed swapped data for i = 222, j = 407 sucessfully passed !
	Initialyzed swapped data for i = 222, j = 408 sucessfully passed !
	Initialyzed swapped data for i = 222, j = 409 sucessfully passed !
	Initialyzed swapped data for i = 222, j = 410 sucessfully passed !
	Initialyzed swapped data for i = 222, j = 411 sucessfully passed !
	Initialyzed swapped data for i = 222, j = 412 sucessfully passed !
	Initialyzed swapped data for i = 222, j = 413 sucessfully passed !
	Initialyzed swapped data for i = 222, j = 414 sucessfully passed !
	Initialyzed swapped data for i = 222, j = 415 sucessfully passed !
	Initialyzed swapped data for i = 222, j = 416 sucessfully passed !
	Initialyzed swapped data for i = 222, j = 417 sucessfully passed !
	Initialyzed swapped data for i = 222, j = 418 sucessfully passed !
	Initialyzed swapped data for i = 222, j = 419 sucessfully passed !
	Initialyzed swapped data for i = 222, j = 420 sucessfully passed !
	Initialyzed swapped data for i = 222, j = 421 sucessfully passed !
	Initialyzed swapped data for i = 222, j = 422 sucessfully passed !
	Initialyzed swapped data for i = 222, j = 423 sucessfully passed !
	Initialyzed swapped data for i = 222, j = 424 sucessfully passed !
	Initialyzed swapped data for i = 222, j = 425 sucessfully passed !
	Initialyzed swapped data for i = 222, j = 426 sucessfully passed !
	Initialyzed swapped data for i = 222, j = 427 sucessfully passed !
	Initialyzed swapped data for i = 222, j = 428 sucessfully passed !
	Initialyzed swapped data for i = 222, j = 429 sucessfully passed !
	Initialyzed swapped data for i = 222, j = 430 sucessfully passed !
	Initialyzed swapped data for i = 222, j = 431 sucessfully passed !
	Initialyzed swapped data for i = 222, j = 432 sucessfully passed !
	Initialyzed swapped data for i = 222, j = 433 sucessfully passed !
	Initialyzed swapped data for i = 223, j = 224 sucessfully passed !
	Initialyzed swapped data for i = 223, j = 225 sucessfully passed !
	Initialyzed swapped data for i = 223, j = 226 sucessfully passed !
	Initialyzed swapped data for i = 223, j = 227 sucessfully passed !
	Initialyzed swapped data for i = 223, j = 228 sucessfully passed !
	Initialyzed swapped data for i = 223, j = 229 sucessfully passed !
	Initialyzed swapped data for i = 223, j = 230 sucessfully passed !
	Initialyzed swapped data for i = 223, j = 231 sucessfully passed !
	Initialyzed swapped data for i = 223, j = 232 sucessfully passed !
	Initialyzed swapped data for i = 223, j = 233 sucessfully passed !
	Initialyzed swapped data for i = 223, j = 234 sucessfully passed !
	Initialyzed swapped data for i = 223, j = 235 sucessfully passed !
	Initialyzed swapped data for i = 223, j = 236 sucessfully passed !
	Initialyzed swapped data for i = 223, j = 237 sucessfully passed !
	Initialyzed swapped data for i = 223, j = 238 sucessfully passed !
	Initialyzed swapped data for i = 223, j = 239 sucessfully passed !
	Initialyzed swapped data for i = 223, j = 240 sucessfully passed !
	Initialyzed swapped data for i = 223, j = 241 sucessfully passed !
	Initialyzed swapped data for i = 223, j = 242 sucessfully passed !
	Initialyzed swapped data for i = 223, j = 243 sucessfully passed !
	Initialyzed swapped data for i = 223, j = 244 sucessfully passed !
	Initialyzed swapped data for i = 223, j = 245 sucessfully passed !
	Initialyzed swapped data for i = 223, j = 246 sucessfully passed !
	Initialyzed swapped data for i = 223, j = 247 sucessfully passed !
	Initialyzed swapped data for i = 223, j = 248 sucessfully passed !
	Initialyzed swapped data for i = 223, j = 249 sucessfully passed !
	Initialyzed swapped data for i = 223, j = 250 sucessfully passed !
	Initialyzed swapped data for i = 223, j = 251 sucessfully passed !
	Initialyzed swapped data for i = 223, j = 252 sucessfully passed !
	Initialyzed swapped data for i = 223, j = 253 sucessfully passed !
	Initialyzed swapped data for i = 223, j = 254 sucessfully passed !
	Initialyzed swapped data for i = 223, j = 255 sucessfully passed !
	Initialyzed swapped data for i = 223, j = 256 sucessfully passed !
	Initialyzed swapped data for i = 223, j = 257 sucessfully passed !
	Initialyzed swapped data for i = 223, j = 258 sucessfully passed !
	Initialyzed swapped data for i = 223, j = 259 sucessfully passed !
	Initialyzed swapped data for i = 223, j = 260 sucessfully passed !
	Initialyzed swapped data for i = 223, j = 261 sucessfully passed !
	Initialyzed swapped data for i = 223, j = 262 sucessfully passed !
	Initialyzed swapped data for i = 223, j = 263 sucessfully passed !
	Initialyzed swapped data for i = 223, j = 264 sucessfully passed !
	Initialyzed swapped data for i = 223, j = 265 sucessfully passed !
	Initialyzed swapped data for i = 223, j = 266 sucessfully passed !
	Initialyzed swapped data for i = 223, j = 267 sucessfully passed !
	Initialyzed swapped data for i = 223, j = 268 sucessfully passed !
	Initialyzed swapped data for i = 223, j = 269 sucessfully passed !
	Initialyzed swapped data for i = 223, j = 270 sucessfully passed !
	Initialyzed swapped data for i = 223, j = 271 sucessfully passed !
	Initialyzed swapped data for i = 223, j = 272 sucessfully passed !
	Initialyzed swapped data for i = 223, j = 273 sucessfully passed !
	Initialyzed swapped data for i = 223, j = 274 sucessfully passed !
	Initialyzed swapped data for i = 223, j = 275 sucessfully passed !
	Initialyzed swapped data for i = 223, j = 276 sucessfully passed !
	Initialyzed swapped data for i = 223, j = 277 sucessfully passed !
	Initialyzed swapped data for i = 223, j = 278 sucessfully passed !
	Initialyzed swapped data for i = 223, j = 279 sucessfully passed !
	Initialyzed swapped data for i = 223, j = 280 sucessfully passed !
	Initialyzed swapped data for i = 223, j = 281 sucessfully passed !
	Initialyzed swapped data for i = 223, j = 282 sucessfully passed !
	Initialyzed swapped data for i = 223, j = 283 sucessfully passed !
	Initialyzed swapped data for i = 223, j = 284 sucessfully passed !
	Initialyzed swapped data for i = 223, j = 285 sucessfully passed !
	Initialyzed swapped data for i = 223, j = 286 sucessfully passed !
	Initialyzed swapped data for i = 223, j = 287 sucessfully passed !
	Initialyzed swapped data for i = 223, j = 288 sucessfully passed !
	Initialyzed swapped data for i = 223, j = 289 sucessfully passed !
	Initialyzed swapped data for i = 223, j = 290 sucessfully passed !
	Initialyzed swapped data for i = 223, j = 291 sucessfully passed !
	Initialyzed swapped data for i = 223, j = 292 sucessfully passed !
	Initialyzed swapped data for i = 223, j = 293 sucessfully passed !
	Initialyzed swapped data for i = 223, j = 294 sucessfully passed !
	Initialyzed swapped data for i = 223, j = 295 sucessfully passed !
	Initialyzed swapped data for i = 223, j = 296 sucessfully passed !
	Initialyzed swapped data for i = 223, j = 297 sucessfully passed !
	Initialyzed swapped data for i = 223, j = 298 sucessfully passed !
	Initialyzed swapped data for i = 223, j = 299 sucessfully passed !
	Initialyzed swapped data for i = 223, j = 300 sucessfully passed !
	Initialyzed swapped data for i = 223, j = 301 sucessfully passed !
	Initialyzed swapped data for i = 223, j = 302 sucessfully passed !
	Initialyzed swapped data for i = 223, j = 303 sucessfully passed !
	Initialyzed swapped data for i = 223, j = 304 sucessfully passed !
	Initialyzed swapped data for i = 223, j = 305 sucessfully passed !
	Initialyzed swapped data for i = 223, j = 306 sucessfully passed !
	Initialyzed swapped data for i = 223, j = 307 sucessfully passed !
	Initialyzed swapped data for i = 223, j = 308 sucessfully passed !
	Initialyzed swapped data for i = 223, j = 309 sucessfully passed !
	Initialyzed swapped data for i = 223, j = 310 sucessfully passed !
	Initialyzed swapped data for i = 223, j = 311 sucessfully passed !
	Initialyzed swapped data for i = 223, j = 312 sucessfully passed !
	Initialyzed swapped data for i = 223, j = 313 sucessfully passed !
	Initialyzed swapped data for i = 223, j = 314 sucessfully passed !
	Initialyzed swapped data for i = 223, j = 315 sucessfully passed !
	Initialyzed swapped data for i = 223, j = 316 sucessfully passed !
	Initialyzed swapped data for i = 223, j = 317 sucessfully passed !
	Initialyzed swapped data for i = 223, j = 318 sucessfully passed !
	Initialyzed swapped data for i = 223, j = 319 sucessfully passed !
	Initialyzed swapped data for i = 223, j = 320 sucessfully passed !
	Initialyzed swapped data for i = 223, j = 321 sucessfully passed !
	Initialyzed swapped data for i = 223, j = 322 sucessfully passed !
	Initialyzed swapped data for i = 223, j = 323 sucessfully passed !
	Initialyzed swapped data for i = 223, j = 324 sucessfully passed !
	Initialyzed swapped data for i = 223, j = 325 sucessfully passed !
	Initialyzed swapped data for i = 223, j = 326 sucessfully passed !
	Initialyzed swapped data for i = 223, j = 327 sucessfully passed !
	Initialyzed swapped data for i = 223, j = 328 sucessfully passed !
	Initialyzed swapped data for i = 223, j = 329 sucessfully passed !
	Initialyzed swapped data for i = 223, j = 330 sucessfully passed !
	Initialyzed swapped data for i = 223, j = 331 sucessfully passed !
	Initialyzed swapped data for i = 223, j = 332 sucessfully passed !
	Initialyzed swapped data for i = 223, j = 333 sucessfully passed !
	Initialyzed swapped data for i = 223, j = 334 sucessfully passed !
	Initialyzed swapped data for i = 223, j = 335 sucessfully passed !
	Initialyzed swapped data for i = 223, j = 336 sucessfully passed !
	Initialyzed swapped data for i = 223, j = 337 sucessfully passed !
	Initialyzed swapped data for i = 223, j = 338 sucessfully passed !
	Initialyzed swapped data for i = 223, j = 339 sucessfully passed !
	Initialyzed swapped data for i = 223, j = 340 sucessfully passed !
	Initialyzed swapped data for i = 223, j = 341 sucessfully passed !
	Initialyzed swapped data for i = 223, j = 342 sucessfully passed !
	Initialyzed swapped data for i = 223, j = 343 sucessfully passed !
	Initialyzed swapped data for i = 223, j = 344 sucessfully passed !
	Initialyzed swapped data for i = 223, j = 345 sucessfully passed !
	Initialyzed swapped data for i = 223, j = 346 sucessfully passed !
	Initialyzed swapped data for i = 223, j = 347 sucessfully passed !
	Initialyzed swapped data for i = 223, j = 348 sucessfully passed !
	Initialyzed swapped data for i = 223, j = 349 sucessfully passed !
	Initialyzed swapped data for i = 223, j = 350 sucessfully passed !
	Initialyzed swapped data for i = 223, j = 351 sucessfully passed !
	Initialyzed swapped data for i = 223, j = 352 sucessfully passed !
	Initialyzed swapped data for i = 223, j = 353 sucessfully passed !
	Initialyzed swapped data for i = 223, j = 354 sucessfully passed !
	Initialyzed swapped data for i = 223, j = 355 sucessfully passed !
	Initialyzed swapped data for i = 223, j = 356 sucessfully passed !
	Initialyzed swapped data for i = 223, j = 357 sucessfully passed !
	Initialyzed swapped data for i = 223, j = 358 sucessfully passed !
	Initialyzed swapped data for i = 223, j = 359 sucessfully passed !
	Initialyzed swapped data for i = 223, j = 360 sucessfully passed !
	Initialyzed swapped data for i = 223, j = 361 sucessfully passed !
	Initialyzed swapped data for i = 223, j = 362 sucessfully passed !
	Initialyzed swapped data for i = 223, j = 363 sucessfully passed !
	Initialyzed swapped data for i = 223, j = 364 sucessfully passed !
	Initialyzed swapped data for i = 223, j = 365 sucessfully passed !
	Initialyzed swapped data for i = 223, j = 366 sucessfully passed !
	Initialyzed swapped data for i = 223, j = 367 sucessfully passed !
	Initialyzed swapped data for i = 223, j = 368 sucessfully passed !
	Initialyzed swapped data for i = 223, j = 369 sucessfully passed !
	Initialyzed swapped data for i = 223, j = 370 sucessfully passed !
	Initialyzed swapped data for i = 223, j = 371 sucessfully passed !
	Initialyzed swapped data for i = 223, j = 372 sucessfully passed !
	Initialyzed swapped data for i = 223, j = 373 sucessfully passed !
	Initialyzed swapped data for i = 223, j = 374 sucessfully passed !
	Initialyzed swapped data for i = 223, j = 375 sucessfully passed !
	Initialyzed swapped data for i = 223, j = 376 sucessfully passed !
	Initialyzed swapped data for i = 223, j = 377 sucessfully passed !
	Initialyzed swapped data for i = 223, j = 378 sucessfully passed !
	Initialyzed swapped data for i = 223, j = 379 sucessfully passed !
	Initialyzed swapped data for i = 223, j = 380 sucessfully passed !
	Initialyzed swapped data for i = 223, j = 381 sucessfully passed !
	Initialyzed swapped data for i = 223, j = 382 sucessfully passed !
	Initialyzed swapped data for i = 223, j = 383 sucessfully passed !
	Initialyzed swapped data for i = 223, j = 384 sucessfully passed !
	Initialyzed swapped data for i = 223, j = 385 sucessfully passed !
	Initialyzed swapped data for i = 223, j = 386 sucessfully passed !
	Initialyzed swapped data for i = 223, j = 387 sucessfully passed !
	Initialyzed swapped data for i = 223, j = 388 sucessfully passed !
	Initialyzed swapped data for i = 223, j = 389 sucessfully passed !
	Initialyzed swapped data for i = 223, j = 390 sucessfully passed !
	Initialyzed swapped data for i = 223, j = 391 sucessfully passed !
	Initialyzed swapped data for i = 223, j = 392 sucessfully passed !
	Initialyzed swapped data for i = 223, j = 393 sucessfully passed !
	Initialyzed swapped data for i = 223, j = 394 sucessfully passed !
	Initialyzed swapped data for i = 223, j = 395 sucessfully passed !
	Initialyzed swapped data for i = 223, j = 396 sucessfully passed !
	Initialyzed swapped data for i = 223, j = 397 sucessfully passed !
	Initialyzed swapped data for i = 223, j = 398 sucessfully passed !
	Initialyzed swapped data for i = 223, j = 399 sucessfully passed !
	Initialyzed swapped data for i = 223, j = 400 sucessfully passed !
	Initialyzed swapped data for i = 223, j = 401 sucessfully passed !
	Initialyzed swapped data for i = 223, j = 402 sucessfully passed !
	Initialyzed swapped data for i = 223, j = 403 sucessfully passed !
	Initialyzed swapped data for i = 223, j = 404 sucessfully passed !
	Initialyzed swapped data for i = 223, j = 405 sucessfully passed !
	Initialyzed swapped data for i = 223, j = 406 sucessfully passed !
	Initialyzed swapped data for i = 223, j = 407 sucessfully passed !
	Initialyzed swapped data for i = 223, j = 408 sucessfully passed !
	Initialyzed swapped data for i = 223, j = 409 sucessfully passed !
	Initialyzed swapped data for i = 223, j = 410 sucessfully passed !
	Initialyzed swapped data for i = 223, j = 411 sucessfully passed !
	Initialyzed swapped data for i = 223, j = 412 sucessfully passed !
	Initialyzed swapped data for i = 223, j = 413 sucessfully passed !
	Initialyzed swapped data for i = 223, j = 414 sucessfully passed !
	Initialyzed swapped data for i = 223, j = 415 sucessfully passed !
	Initialyzed swapped data for i = 223, j = 416 sucessfully passed !
	Initialyzed swapped data for i = 223, j = 417 sucessfully passed !
	Initialyzed swapped data for i = 223, j = 418 sucessfully passed !
	Initialyzed swapped data for i = 223, j = 419 sucessfully passed !
	Initialyzed swapped data for i = 223, j = 420 sucessfully passed !
	Initialyzed swapped data for i = 223, j = 421 sucessfully passed !
	Initialyzed swapped data for i = 223, j = 422 sucessfully passed !
	Initialyzed swapped data for i = 223, j = 423 sucessfully passed !
	Initialyzed swapped data for i = 223, j = 424 sucessfully passed !
	Initialyzed swapped data for i = 223, j = 425 sucessfully passed !
	Initialyzed swapped data for i = 223, j = 426 sucessfully passed !
	Initialyzed swapped data for i = 223, j = 427 sucessfully passed !
	Initialyzed swapped data for i = 223, j = 428 sucessfully passed !
	Initialyzed swapped data for i = 223, j = 429 sucessfully passed !
	Initialyzed swapped data for i = 223, j = 430 sucessfully passed !
	Initialyzed swapped data for i = 223, j = 431 sucessfully passed !
	Initialyzed swapped data for i = 223, j = 432 sucessfully passed !
	Initialyzed swapped data for i = 223, j = 433 sucessfully passed !
	Initialyzed swapped data for i = 224, j = 225 sucessfully passed !
	Initialyzed swapped data for i = 224, j = 226 sucessfully passed !
	Initialyzed swapped data for i = 224, j = 227 sucessfully passed !
	Initialyzed swapped data for i = 224, j = 228 sucessfully passed !
	Initialyzed swapped data for i = 224, j = 229 sucessfully passed !
	Initialyzed swapped data for i = 224, j = 230 sucessfully passed !
	Initialyzed swapped data for i = 224, j = 231 sucessfully passed !
	Initialyzed swapped data for i = 224, j = 232 sucessfully passed !
	Initialyzed swapped data for i = 224, j = 233 sucessfully passed !
	Initialyzed swapped data for i = 224, j = 234 sucessfully passed !
	Initialyzed swapped data for i = 224, j = 235 sucessfully passed !
	Initialyzed swapped data for i = 224, j = 236 sucessfully passed !
	Initialyzed swapped data for i = 224, j = 237 sucessfully passed !
	Initialyzed swapped data for i = 224, j = 238 sucessfully passed !
	Initialyzed swapped data for i = 224, j = 239 sucessfully passed !
	Initialyzed swapped data for i = 224, j = 240 sucessfully passed !
	Initialyzed swapped data for i = 224, j = 241 sucessfully passed !
	Initialyzed swapped data for i = 224, j = 242 sucessfully passed !
	Initialyzed swapped data for i = 224, j = 243 sucessfully passed !
	Initialyzed swapped data for i = 224, j = 244 sucessfully passed !
	Initialyzed swapped data for i = 224, j = 245 sucessfully passed !
	Initialyzed swapped data for i = 224, j = 246 sucessfully passed !
	Initialyzed swapped data for i = 224, j = 247 sucessfully passed !
	Initialyzed swapped data for i = 224, j = 248 sucessfully passed !
	Initialyzed swapped data for i = 224, j = 249 sucessfully passed !
	Initialyzed swapped data for i = 224, j = 250 sucessfully passed !
	Initialyzed swapped data for i = 224, j = 251 sucessfully passed !
	Initialyzed swapped data for i = 224, j = 252 sucessfully passed !
	Initialyzed swapped data for i = 224, j = 253 sucessfully passed !
	Initialyzed swapped data for i = 224, j = 254 sucessfully passed !
	Initialyzed swapped data for i = 224, j = 255 sucessfully passed !
	Initialyzed swapped data for i = 224, j = 256 sucessfully passed !
	Initialyzed swapped data for i = 224, j = 257 sucessfully passed !
	Initialyzed swapped data for i = 224, j = 258 sucessfully passed !
	Initialyzed swapped data for i = 224, j = 259 sucessfully passed !
	Initialyzed swapped data for i = 224, j = 260 sucessfully passed !
	Initialyzed swapped data for i = 224, j = 261 sucessfully passed !
	Initialyzed swapped data for i = 224, j = 262 sucessfully passed !
	Initialyzed swapped data for i = 224, j = 263 sucessfully passed !
	Initialyzed swapped data for i = 224, j = 264 sucessfully passed !
	Initialyzed swapped data for i = 224, j = 265 sucessfully passed !
	Initialyzed swapped data for i = 224, j = 266 sucessfully passed !
	Initialyzed swapped data for i = 224, j = 267 sucessfully passed !
	Initialyzed swapped data for i = 224, j = 268 sucessfully passed !
	Initialyzed swapped data for i = 224, j = 269 sucessfully passed !
	Initialyzed swapped data for i = 224, j = 270 sucessfully passed !
	Initialyzed swapped data for i = 224, j = 271 sucessfully passed !
	Initialyzed swapped data for i = 224, j = 272 sucessfully passed !
	Initialyzed swapped data for i = 224, j = 273 sucessfully passed !
	Initialyzed swapped data for i = 224, j = 274 sucessfully passed !
	Initialyzed swapped data for i = 224, j = 275 sucessfully passed !
	Initialyzed swapped data for i = 224, j = 276 sucessfully passed !
	Initialyzed swapped data for i = 224, j = 277 sucessfully passed !
	Initialyzed swapped data for i = 224, j = 278 sucessfully passed !
	Initialyzed swapped data for i = 224, j = 279 sucessfully passed !
	Initialyzed swapped data for i = 224, j = 280 sucessfully passed !
	Initialyzed swapped data for i = 224, j = 281 sucessfully passed !
	Initialyzed swapped data for i = 224, j = 282 sucessfully passed !
	Initialyzed swapped data for i = 224, j = 283 sucessfully passed !
	Initialyzed swapped data for i = 224, j = 284 sucessfully passed !
	Initialyzed swapped data for i = 224, j = 285 sucessfully passed !
	Initialyzed swapped data for i = 224, j = 286 sucessfully passed !
	Initialyzed swapped data for i = 224, j = 287 sucessfully passed !
	Initialyzed swapped data for i = 224, j = 288 sucessfully passed !
	Initialyzed swapped data for i = 224, j = 289 sucessfully passed !
	Initialyzed swapped data for i = 224, j = 290 sucessfully passed !
	Initialyzed swapped data for i = 224, j = 291 sucessfully passed !
	Initialyzed swapped data for i = 224, j = 292 sucessfully passed !
	Initialyzed swapped data for i = 224, j = 293 sucessfully passed !
	Initialyzed swapped data for i = 224, j = 294 sucessfully passed !
	Initialyzed swapped data for i = 224, j = 295 sucessfully passed !
	Initialyzed swapped data for i = 224, j = 296 sucessfully passed !
	Initialyzed swapped data for i = 224, j = 297 sucessfully passed !
	Initialyzed swapped data for i = 224, j = 298 sucessfully passed !
	Initialyzed swapped data for i = 224, j = 299 sucessfully passed !
	Initialyzed swapped data for i = 224, j = 300 sucessfully passed !
	Initialyzed swapped data for i = 224, j = 301 sucessfully passed !
	Initialyzed swapped data for i = 224, j = 302 sucessfully passed !
	Initialyzed swapped data for i = 224, j = 303 sucessfully passed !
	Initialyzed swapped data for i = 224, j = 304 sucessfully passed !
	Initialyzed swapped data for i = 224, j = 305 sucessfully passed !
	Initialyzed swapped data for i = 224, j = 306 sucessfully passed !
	Initialyzed swapped data for i = 224, j = 307 sucessfully passed !
	Initialyzed swapped data for i = 224, j = 308 sucessfully passed !
	Initialyzed swapped data for i = 224, j = 309 sucessfully passed !
	Initialyzed swapped data for i = 224, j = 310 sucessfully passed !
	Initialyzed swapped data for i = 224, j = 311 sucessfully passed !
	Initialyzed swapped data for i = 224, j = 312 sucessfully passed !
	Initialyzed swapped data for i = 224, j = 313 sucessfully passed !
	Initialyzed swapped data for i = 224, j = 314 sucessfully passed !
	Initialyzed swapped data for i = 224, j = 315 sucessfully passed !
	Initialyzed swapped data for i = 224, j = 316 sucessfully passed !
	Initialyzed swapped data for i = 224, j = 317 sucessfully passed !
	Initialyzed swapped data for i = 224, j = 318 sucessfully passed !
	Initialyzed swapped data for i = 224, j = 319 sucessfully passed !
	Initialyzed swapped data for i = 224, j = 320 sucessfully passed !
	Initialyzed swapped data for i = 224, j = 321 sucessfully passed !
	Initialyzed swapped data for i = 224, j = 322 sucessfully passed !
	Initialyzed swapped data for i = 224, j = 323 sucessfully passed !
	Initialyzed swapped data for i = 224, j = 324 sucessfully passed !
	Initialyzed swapped data for i = 224, j = 325 sucessfully passed !
	Initialyzed swapped data for i = 224, j = 326 sucessfully passed !
	Initialyzed swapped data for i = 224, j = 327 sucessfully passed !
	Initialyzed swapped data for i = 224, j = 328 sucessfully passed !
	Initialyzed swapped data for i = 224, j = 329 sucessfully passed !
	Initialyzed swapped data for i = 224, j = 330 sucessfully passed !
	Initialyzed swapped data for i = 224, j = 331 sucessfully passed !
	Initialyzed swapped data for i = 224, j = 332 sucessfully passed !
	Initialyzed swapped data for i = 224, j = 333 sucessfully passed !
	Initialyzed swapped data for i = 224, j = 334 sucessfully passed !
	Initialyzed swapped data for i = 224, j = 335 sucessfully passed !
	Initialyzed swapped data for i = 224, j = 336 sucessfully passed !
	Initialyzed swapped data for i = 224, j = 337 sucessfully passed !
	Initialyzed swapped data for i = 224, j = 338 sucessfully passed !
	Initialyzed swapped data for i = 224, j = 339 sucessfully passed !
	Initialyzed swapped data for i = 224, j = 340 sucessfully passed !
	Initialyzed swapped data for i = 224, j = 341 sucessfully passed !
	Initialyzed swapped data for i = 224, j = 342 sucessfully passed !
	Initialyzed swapped data for i = 224, j = 343 sucessfully passed !
	Initialyzed swapped data for i = 224, j = 344 sucessfully passed !
	Initialyzed swapped data for i = 224, j = 345 sucessfully passed !
	Initialyzed swapped data for i = 224, j = 346 sucessfully passed !
	Initialyzed swapped data for i = 224, j = 347 sucessfully passed !
	Initialyzed swapped data for i = 224, j = 348 sucessfully passed !
	Initialyzed swapped data for i = 224, j = 349 sucessfully passed !
	Initialyzed swapped data for i = 224, j = 350 sucessfully passed !
	Initialyzed swapped data for i = 224, j = 351 sucessfully passed !
	Initialyzed swapped data for i = 224, j = 352 sucessfully passed !
	Initialyzed swapped data for i = 224, j = 353 sucessfully passed !
	Initialyzed swapped data for i = 224, j = 354 sucessfully passed !
	Initialyzed swapped data for i = 224, j = 355 sucessfully passed !
	Initialyzed swapped data for i = 224, j = 356 sucessfully passed !
	Initialyzed swapped data for i = 224, j = 357 sucessfully passed !
	Initialyzed swapped data for i = 224, j = 358 sucessfully passed !
	Initialyzed swapped data for i = 224, j = 359 sucessfully passed !
	Initialyzed swapped data for i = 224, j = 360 sucessfully passed !
	Initialyzed swapped data for i = 224, j = 361 sucessfully passed !
	Initialyzed swapped data for i = 224, j = 362 sucessfully passed !
	Initialyzed swapped data for i = 224, j = 363 sucessfully passed !
	Initialyzed swapped data for i = 224, j = 364 sucessfully passed !
	Initialyzed swapped data for i = 224, j = 365 sucessfully passed !
	Initialyzed swapped data for i = 224, j = 366 sucessfully passed !
	Initialyzed swapped data for i = 224, j = 367 sucessfully passed !
	Initialyzed swapped data for i = 224, j = 368 sucessfully passed !
	Initialyzed swapped data for i = 224, j = 369 sucessfully passed !
	Initialyzed swapped data for i = 224, j = 370 sucessfully passed !
	Initialyzed swapped data for i = 224, j = 371 sucessfully passed !
	Initialyzed swapped data for i = 224, j = 372 sucessfully passed !
	Initialyzed swapped data for i = 224, j = 373 sucessfully passed !
	Initialyzed swapped data for i = 224, j = 374 sucessfully passed !
	Initialyzed swapped data for i = 224, j = 375 sucessfully passed !
	Initialyzed swapped data for i = 224, j = 376 sucessfully passed !
	Initialyzed swapped data for i = 224, j = 377 sucessfully passed !
	Initialyzed swapped data for i = 224, j = 378 sucessfully passed !
	Initialyzed swapped data for i = 224, j = 379 sucessfully passed !
	Initialyzed swapped data for i = 224, j = 380 sucessfully passed !
	Initialyzed swapped data for i = 224, j = 381 sucessfully passed !
	Initialyzed swapped data for i = 224, j = 382 sucessfully passed !
	Initialyzed swapped data for i = 224, j = 383 sucessfully passed !
	Initialyzed swapped data for i = 224, j = 384 sucessfully passed !
	Initialyzed swapped data for i = 224, j = 385 sucessfully passed !
	Initialyzed swapped data for i = 224, j = 386 sucessfully passed !
	Initialyzed swapped data for i = 224, j = 387 sucessfully passed !
	Initialyzed swapped data for i = 224, j = 388 sucessfully passed !
	Initialyzed swapped data for i = 224, j = 389 sucessfully passed !
	Initialyzed swapped data for i = 224, j = 390 sucessfully passed !
	Initialyzed swapped data for i = 224, j = 391 sucessfully passed !
	Initialyzed swapped data for i = 224, j = 392 sucessfully passed !
	Initialyzed swapped data for i = 224, j = 393 sucessfully passed !
	Initialyzed swapped data for i = 224, j = 394 sucessfully passed !
	Initialyzed swapped data for i = 224, j = 395 sucessfully passed !
	Initialyzed swapped data for i = 224, j = 396 sucessfully passed !
	Initialyzed swapped data for i = 224, j = 397 sucessfully passed !
	Initialyzed swapped data for i = 224, j = 398 sucessfully passed !
	Initialyzed swapped data for i = 224, j = 399 sucessfully passed !
	Initialyzed swapped data for i = 224, j = 400 sucessfully passed !
	Initialyzed swapped data for i = 224, j = 401 sucessfully passed !
	Initialyzed swapped data for i = 224, j = 402 sucessfully passed !
	Initialyzed swapped data for i = 224, j = 403 sucessfully passed !
	Initialyzed swapped data for i = 224, j = 404 sucessfully passed !
	Initialyzed swapped data for i = 224, j = 405 sucessfully passed !
	Initialyzed swapped data for i = 224, j = 406 sucessfully passed !
	Initialyzed swapped data for i = 224, j = 407 sucessfully passed !
	Initialyzed swapped data for i = 224, j = 408 sucessfully passed !
	Initialyzed swapped data for i = 224, j = 409 sucessfully passed !
	Initialyzed swapped data for i = 224, j = 410 sucessfully passed !
	Initialyzed swapped data for i = 224, j = 411 sucessfully passed !
	Initialyzed swapped data for i = 224, j = 412 sucessfully passed !
	Initialyzed swapped data for i = 224, j = 413 sucessfully passed !
	Initialyzed swapped data for i = 224, j = 414 sucessfully passed !
	Initialyzed swapped data for i = 224, j = 415 sucessfully passed !
	Initialyzed swapped data for i = 224, j = 416 sucessfully passed !
	Initialyzed swapped data for i = 224, j = 417 sucessfully passed !
	Initialyzed swapped data for i = 224, j = 418 sucessfully passed !
	Initialyzed swapped data for i = 224, j = 419 sucessfully passed !
	Initialyzed swapped data for i = 224, j = 420 sucessfully passed !
	Initialyzed swapped data for i = 224, j = 421 sucessfully passed !
	Initialyzed swapped data for i = 224, j = 422 sucessfully passed !
	Initialyzed swapped data for i = 224, j = 423 sucessfully passed !
	Initialyzed swapped data for i = 224, j = 424 sucessfully passed !
	Initialyzed swapped data for i = 224, j = 425 sucessfully passed !
	Initialyzed swapped data for i = 224, j = 426 sucessfully passed !
	Initialyzed swapped data for i = 224, j = 427 sucessfully passed !
	Initialyzed swapped data for i = 224, j = 428 sucessfully passed !
	Initialyzed swapped data for i = 224, j = 429 sucessfully passed !
	Initialyzed swapped data for i = 224, j = 430 sucessfully passed !
	Initialyzed swapped data for i = 224, j = 431 sucessfully passed !
	Initialyzed swapped data for i = 224, j = 432 sucessfully passed !
	Initialyzed swapped data for i = 224, j = 433 sucessfully passed !
	Initialyzed swapped data for i = 225, j = 226 sucessfully passed !
	Initialyzed swapped data for i = 225, j = 227 sucessfully passed !
	Initialyzed swapped data for i = 225, j = 228 sucessfully passed !
	Initialyzed swapped data for i = 225, j = 229 sucessfully passed !
	Initialyzed swapped data for i = 225, j = 230 sucessfully passed !
	Initialyzed swapped data for i = 225, j = 231 sucessfully passed !
	Initialyzed swapped data for i = 225, j = 232 sucessfully passed !
	Initialyzed swapped data for i = 225, j = 233 sucessfully passed !
	Initialyzed swapped data for i = 225, j = 234 sucessfully passed !
	Initialyzed swapped data for i = 225, j = 235 sucessfully passed !
	Initialyzed swapped data for i = 225, j = 236 sucessfully passed !
	Initialyzed swapped data for i = 225, j = 237 sucessfully passed !
	Initialyzed swapped data for i = 225, j = 238 sucessfully passed !
	Initialyzed swapped data for i = 225, j = 239 sucessfully passed !
	Initialyzed swapped data for i = 225, j = 240 sucessfully passed !
	Initialyzed swapped data for i = 225, j = 241 sucessfully passed !
	Initialyzed swapped data for i = 225, j = 242 sucessfully passed !
	Initialyzed swapped data for i = 225, j = 243 sucessfully passed !
	Initialyzed swapped data for i = 225, j = 244 sucessfully passed !
	Initialyzed swapped data for i = 225, j = 245 sucessfully passed !
	Initialyzed swapped data for i = 225, j = 246 sucessfully passed !
	Initialyzed swapped data for i = 225, j = 247 sucessfully passed !
	Initialyzed swapped data for i = 225, j = 248 sucessfully passed !
	Initialyzed swapped data for i = 225, j = 249 sucessfully passed !
	Initialyzed swapped data for i = 225, j = 250 sucessfully passed !
	Initialyzed swapped data for i = 225, j = 251 sucessfully passed !
	Initialyzed swapped data for i = 225, j = 252 sucessfully passed !
	Initialyzed swapped data for i = 225, j = 253 sucessfully passed !
	Initialyzed swapped data for i = 225, j = 254 sucessfully passed !
	Initialyzed swapped data for i = 225, j = 255 sucessfully passed !
	Initialyzed swapped data for i = 225, j = 256 sucessfully passed !
	Initialyzed swapped data for i = 225, j = 257 sucessfully passed !
	Initialyzed swapped data for i = 225, j = 258 sucessfully passed !
	Initialyzed swapped data for i = 225, j = 259 sucessfully passed !
	Initialyzed swapped data for i = 225, j = 260 sucessfully passed !
	Initialyzed swapped data for i = 225, j = 261 sucessfully passed !
	Initialyzed swapped data for i = 225, j = 262 sucessfully passed !
	Initialyzed swapped data for i = 225, j = 263 sucessfully passed !
	Initialyzed swapped data for i = 225, j = 264 sucessfully passed !
	Initialyzed swapped data for i = 225, j = 265 sucessfully passed !
	Initialyzed swapped data for i = 225, j = 266 sucessfully passed !
	Initialyzed swapped data for i = 225, j = 267 sucessfully passed !
	Initialyzed swapped data for i = 225, j = 268 sucessfully passed !
	Initialyzed swapped data for i = 225, j = 269 sucessfully passed !
	Initialyzed swapped data for i = 225, j = 270 sucessfully passed !
	Initialyzed swapped data for i = 225, j = 271 sucessfully passed !
	Initialyzed swapped data for i = 225, j = 272 sucessfully passed !
	Initialyzed swapped data for i = 225, j = 273 sucessfully passed !
	Initialyzed swapped data for i = 225, j = 274 sucessfully passed !
	Initialyzed swapped data for i = 225, j = 275 sucessfully passed !
	Initialyzed swapped data for i = 225, j = 276 sucessfully passed !
	Initialyzed swapped data for i = 225, j = 277 sucessfully passed !
	Initialyzed swapped data for i = 225, j = 278 sucessfully passed !
	Initialyzed swapped data for i = 225, j = 279 sucessfully passed !
	Initialyzed swapped data for i = 225, j = 280 sucessfully passed !
	Initialyzed swapped data for i = 225, j = 281 sucessfully passed !
	Initialyzed swapped data for i = 225, j = 282 sucessfully passed !
	Initialyzed swapped data for i = 225, j = 283 sucessfully passed !
	Initialyzed swapped data for i = 225, j = 284 sucessfully passed !
	Initialyzed swapped data for i = 225, j = 285 sucessfully passed !
	Initialyzed swapped data for i = 225, j = 286 sucessfully passed !
	Initialyzed swapped data for i = 225, j = 287 sucessfully passed !
	Initialyzed swapped data for i = 225, j = 288 sucessfully passed !
	Initialyzed swapped data for i = 225, j = 289 sucessfully passed !
	Initialyzed swapped data for i = 225, j = 290 sucessfully passed !
	Initialyzed swapped data for i = 225, j = 291 sucessfully passed !
	Initialyzed swapped data for i = 225, j = 292 sucessfully passed !
	Initialyzed swapped data for i = 225, j = 293 sucessfully passed !
	Initialyzed swapped data for i = 225, j = 294 sucessfully passed !
	Initialyzed swapped data for i = 225, j = 295 sucessfully passed !
	Initialyzed swapped data for i = 225, j = 296 sucessfully passed !
	Initialyzed swapped data for i = 225, j = 297 sucessfully passed !
	Initialyzed swapped data for i = 225, j = 298 sucessfully passed !
	Initialyzed swapped data for i = 225, j = 299 sucessfully passed !
	Initialyzed swapped data for i = 225, j = 300 sucessfully passed !
	Initialyzed swapped data for i = 225, j = 301 sucessfully passed !
	Initialyzed swapped data for i = 225, j = 302 sucessfully passed !
	Initialyzed swapped data for i = 225, j = 303 sucessfully passed !
	Initialyzed swapped data for i = 225, j = 304 sucessfully passed !
	Initialyzed swapped data for i = 225, j = 305 sucessfully passed !
	Initialyzed swapped data for i = 225, j = 306 sucessfully passed !
	Initialyzed swapped data for i = 225, j = 307 sucessfully passed !
	Initialyzed swapped data for i = 225, j = 308 sucessfully passed !
	Initialyzed swapped data for i = 225, j = 309 sucessfully passed !
	Initialyzed swapped data for i = 225, j = 310 sucessfully passed !
	Initialyzed swapped data for i = 225, j = 311 sucessfully passed !
	Initialyzed swapped data for i = 225, j = 312 sucessfully passed !
	Initialyzed swapped data for i = 225, j = 313 sucessfully passed !
	Initialyzed swapped data for i = 225, j = 314 sucessfully passed !
	Initialyzed swapped data for i = 225, j = 315 sucessfully passed !
	Initialyzed swapped data for i = 225, j = 316 sucessfully passed !
	Initialyzed swapped data for i = 225, j = 317 sucessfully passed !
	Initialyzed swapped data for i = 225, j = 318 sucessfully passed !
	Initialyzed swapped data for i = 225, j = 319 sucessfully passed !
	Initialyzed swapped data for i = 225, j = 320 sucessfully passed !
	Initialyzed swapped data for i = 225, j = 321 sucessfully passed !
	Initialyzed swapped data for i = 225, j = 322 sucessfully passed !
	Initialyzed swapped data for i = 225, j = 323 sucessfully passed !
	Initialyzed swapped data for i = 225, j = 324 sucessfully passed !
	Initialyzed swapped data for i = 225, j = 325 sucessfully passed !
	Initialyzed swapped data for i = 225, j = 326 sucessfully passed !
	Initialyzed swapped data for i = 225, j = 327 sucessfully passed !
	Initialyzed swapped data for i = 225, j = 328 sucessfully passed !
	Initialyzed swapped data for i = 225, j = 329 sucessfully passed !
	Initialyzed swapped data for i = 225, j = 330 sucessfully passed !
	Initialyzed swapped data for i = 225, j = 331 sucessfully passed !
	Initialyzed swapped data for i = 225, j = 332 sucessfully passed !
	Initialyzed swapped data for i = 225, j = 333 sucessfully passed !
	Initialyzed swapped data for i = 225, j = 334 sucessfully passed !
	Initialyzed swapped data for i = 225, j = 335 sucessfully passed !
	Initialyzed swapped data for i = 225, j = 336 sucessfully passed !
	Initialyzed swapped data for i = 225, j = 337 sucessfully passed !
	Initialyzed swapped data for i = 225, j = 338 sucessfully passed !
	Initialyzed swapped data for i = 225, j = 339 sucessfully passed !
	Initialyzed swapped data for i = 225, j = 340 sucessfully passed !
	Initialyzed swapped data for i = 225, j = 341 sucessfully passed !
	Initialyzed swapped data for i = 225, j = 342 sucessfully passed !
	Initialyzed swapped data for i = 225, j = 343 sucessfully passed !
	Initialyzed swapped data for i = 225, j = 344 sucessfully passed !
	Initialyzed swapped data for i = 225, j = 345 sucessfully passed !
	Initialyzed swapped data for i = 225, j = 346 sucessfully passed !
	Initialyzed swapped data for i = 225, j = 347 sucessfully passed !
	Initialyzed swapped data for i = 225, j = 348 sucessfully passed !
	Initialyzed swapped data for i = 225, j = 349 sucessfully passed !
	Initialyzed swapped data for i = 225, j = 350 sucessfully passed !
	Initialyzed swapped data for i = 225, j = 351 sucessfully passed !
	Initialyzed swapped data for i = 225, j = 352 sucessfully passed !
	Initialyzed swapped data for i = 225, j = 353 sucessfully passed !
	Initialyzed swapped data for i = 225, j = 354 sucessfully passed !
	Initialyzed swapped data for i = 225, j = 355 sucessfully passed !
	Initialyzed swapped data for i = 225, j = 356 sucessfully passed !
	Initialyzed swapped data for i = 225, j = 357 sucessfully passed !
	Initialyzed swapped data for i = 225, j = 358 sucessfully passed !
	Initialyzed swapped data for i = 225, j = 359 sucessfully passed !
	Initialyzed swapped data for i = 225, j = 360 sucessfully passed !
	Initialyzed swapped data for i = 225, j = 361 sucessfully passed !
	Initialyzed swapped data for i = 225, j = 362 sucessfully passed !
	Initialyzed swapped data for i = 225, j = 363 sucessfully passed !
	Initialyzed swapped data for i = 225, j = 364 sucessfully passed !
	Initialyzed swapped data for i = 225, j = 365 sucessfully passed !
	Initialyzed swapped data for i = 225, j = 366 sucessfully passed !
	Initialyzed swapped data for i = 225, j = 367 sucessfully passed !
	Initialyzed swapped data for i = 225, j = 368 sucessfully passed !
	Initialyzed swapped data for i = 225, j = 369 sucessfully passed !
	Initialyzed swapped data for i = 225, j = 370 sucessfully passed !
	Initialyzed swapped data for i = 225, j = 371 sucessfully passed !
	Initialyzed swapped data for i = 225, j = 372 sucessfully passed !
	Initialyzed swapped data for i = 225, j = 373 sucessfully passed !
	Initialyzed swapped data for i = 225, j = 374 sucessfully passed !
	Initialyzed swapped data for i = 225, j = 375 sucessfully passed !
	Initialyzed swapped data for i = 225, j = 376 sucessfully passed !
	Initialyzed swapped data for i = 225, j = 377 sucessfully passed !
	Initialyzed swapped data for i = 225, j = 378 sucessfully passed !
	Initialyzed swapped data for i = 225, j = 379 sucessfully passed !
	Initialyzed swapped data for i = 225, j = 380 sucessfully passed !
	Initialyzed swapped data for i = 225, j = 381 sucessfully passed !
	Initialyzed swapped data for i = 225, j = 382 sucessfully passed !
	Initialyzed swapped data for i = 225, j = 383 sucessfully passed !
	Initialyzed swapped data for i = 225, j = 384 sucessfully passed !
	Initialyzed swapped data for i = 225, j = 385 sucessfully passed !
	Initialyzed swapped data for i = 225, j = 386 sucessfully passed !
	Initialyzed swapped data for i = 225, j = 387 sucessfully passed !
	Initialyzed swapped data for i = 225, j = 388 sucessfully passed !
	Initialyzed swapped data for i = 225, j = 389 sucessfully passed !
	Initialyzed swapped data for i = 225, j = 390 sucessfully passed !
	Initialyzed swapped data for i = 225, j = 391 sucessfully passed !
	Initialyzed swapped data for i = 225, j = 392 sucessfully passed !
	Initialyzed swapped data for i = 225, j = 393 sucessfully passed !
	Initialyzed swapped data for i = 225, j = 394 sucessfully passed !
	Initialyzed swapped data for i = 225, j = 395 sucessfully passed !
	Initialyzed swapped data for i = 225, j = 396 sucessfully passed !
	Initialyzed swapped data for i = 225, j = 397 sucessfully passed !
	Initialyzed swapped data for i = 225, j = 398 sucessfully passed !
	Initialyzed swapped data for i = 225, j = 399 sucessfully passed !
	Initialyzed swapped data for i = 225, j = 400 sucessfully passed !
	Initialyzed swapped data for i = 225, j = 401 sucessfully passed !
	Initialyzed swapped data for i = 225, j = 402 sucessfully passed !
	Initialyzed swapped data for i = 225, j = 403 sucessfully passed !
	Initialyzed swapped data for i = 225, j = 404 sucessfully passed !
	Initialyzed swapped data for i = 225, j = 405 sucessfully passed !
	Initialyzed swapped data for i = 225, j = 406 sucessfully passed !
	Initialyzed swapped data for i = 225, j = 407 sucessfully passed !
	Initialyzed swapped data for i = 225, j = 408 sucessfully passed !
	Initialyzed swapped data for i = 225, j = 409 sucessfully passed !
	Initialyzed swapped data for i = 225, j = 410 sucessfully passed !
	Initialyzed swapped data for i = 225, j = 411 sucessfully passed !
	Initialyzed swapped data for i = 225, j = 412 sucessfully passed !
	Initialyzed swapped data for i = 225, j = 413 sucessfully passed !
	Initialyzed swapped data for i = 225, j = 414 sucessfully passed !
	Initialyzed swapped data for i = 225, j = 415 sucessfully passed !
	Initialyzed swapped data for i = 225, j = 416 sucessfully passed !
	Initialyzed swapped data for i = 225, j = 417 sucessfully passed !
	Initialyzed swapped data for i = 225, j = 418 sucessfully passed !
	Initialyzed swapped data for i = 225, j = 419 sucessfully passed !
	Initialyzed swapped data for i = 225, j = 420 sucessfully passed !
	Initialyzed swapped data for i = 225, j = 421 sucessfully passed !
	Initialyzed swapped data for i = 225, j = 422 sucessfully passed !
	Initialyzed swapped data for i = 225, j = 423 sucessfully passed !
	Initialyzed swapped data for i = 225, j = 424 sucessfully passed !
	Initialyzed swapped data for i = 225, j = 425 sucessfully passed !
	Initialyzed swapped data for i = 225, j = 426 sucessfully passed !
	Initialyzed swapped data for i = 225, j = 427 sucessfully passed !
	Initialyzed swapped data for i = 225, j = 428 sucessfully passed !
	Initialyzed swapped data for i = 225, j = 429 sucessfully passed !
	Initialyzed swapped data for i = 225, j = 430 sucessfully passed !
	Initialyzed swapped data for i = 225, j = 431 sucessfully passed !
	Initialyzed swapped data for i = 225, j = 432 sucessfully passed !
	Initialyzed swapped data for i = 225, j = 433 sucessfully passed !
	Initialyzed swapped data for i = 226, j = 227 sucessfully passed !
	Initialyzed swapped data for i = 226, j = 228 sucessfully passed !
	Initialyzed swapped data for i = 226, j = 229 sucessfully passed !
	Initialyzed swapped data for i = 226, j = 230 sucessfully passed !
	Initialyzed swapped data for i = 226, j = 231 sucessfully passed !
	Initialyzed swapped data for i = 226, j = 232 sucessfully passed !
	Initialyzed swapped data for i = 226, j = 233 sucessfully passed !
	Initialyzed swapped data for i = 226, j = 234 sucessfully passed !
	Initialyzed swapped data for i = 226, j = 235 sucessfully passed !
	Initialyzed swapped data for i = 226, j = 236 sucessfully passed !
	Initialyzed swapped data for i = 226, j = 237 sucessfully passed !
	Initialyzed swapped data for i = 226, j = 238 sucessfully passed !
	Initialyzed swapped data for i = 226, j = 239 sucessfully passed !
	Initialyzed swapped data for i = 226, j = 240 sucessfully passed !
	Initialyzed swapped data for i = 226, j = 241 sucessfully passed !
	Initialyzed swapped data for i = 226, j = 242 sucessfully passed !
	Initialyzed swapped data for i = 226, j = 243 sucessfully passed !
	Initialyzed swapped data for i = 226, j = 244 sucessfully passed !
	Initialyzed swapped data for i = 226, j = 245 sucessfully passed !
	Initialyzed swapped data for i = 226, j = 246 sucessfully passed !
	Initialyzed swapped data for i = 226, j = 247 sucessfully passed !
	Initialyzed swapped data for i = 226, j = 248 sucessfully passed !
	Initialyzed swapped data for i = 226, j = 249 sucessfully passed !
	Initialyzed swapped data for i = 226, j = 250 sucessfully passed !
	Initialyzed swapped data for i = 226, j = 251 sucessfully passed !
	Initialyzed swapped data for i = 226, j = 252 sucessfully passed !
	Initialyzed swapped data for i = 226, j = 253 sucessfully passed !
	Initialyzed swapped data for i = 226, j = 254 sucessfully passed !
	Initialyzed swapped data for i = 226, j = 255 sucessfully passed !
	Initialyzed swapped data for i = 226, j = 256 sucessfully passed !
	Initialyzed swapped data for i = 226, j = 257 sucessfully passed !
	Initialyzed swapped data for i = 226, j = 258 sucessfully passed !
	Initialyzed swapped data for i = 226, j = 259 sucessfully passed !
	Initialyzed swapped data for i = 226, j = 260 sucessfully passed !
	Initialyzed swapped data for i = 226, j = 261 sucessfully passed !
	Initialyzed swapped data for i = 226, j = 262 sucessfully passed !
	Initialyzed swapped data for i = 226, j = 263 sucessfully passed !
	Initialyzed swapped data for i = 226, j = 264 sucessfully passed !
	Initialyzed swapped data for i = 226, j = 265 sucessfully passed !
	Initialyzed swapped data for i = 226, j = 266 sucessfully passed !
	Initialyzed swapped data for i = 226, j = 267 sucessfully passed !
	Initialyzed swapped data for i = 226, j = 268 sucessfully passed !
	Initialyzed swapped data for i = 226, j = 269 sucessfully passed !
	Initialyzed swapped data for i = 226, j = 270 sucessfully passed !
	Initialyzed swapped data for i = 226, j = 271 sucessfully passed !
	Initialyzed swapped data for i = 226, j = 272 sucessfully passed !
	Initialyzed swapped data for i = 226, j = 273 sucessfully passed !
	Initialyzed swapped data for i = 226, j = 274 sucessfully passed !
	Initialyzed swapped data for i = 226, j = 275 sucessfully passed !
	Initialyzed swapped data for i = 226, j = 276 sucessfully passed !
	Initialyzed swapped data for i = 226, j = 277 sucessfully passed !
	Initialyzed swapped data for i = 226, j = 278 sucessfully passed !
	Initialyzed swapped data for i = 226, j = 279 sucessfully passed !
	Initialyzed swapped data for i = 226, j = 280 sucessfully passed !
	Initialyzed swapped data for i = 226, j = 281 sucessfully passed !
	Initialyzed swapped data for i = 226, j = 282 sucessfully passed !
	Initialyzed swapped data for i = 226, j = 283 sucessfully passed !
	Initialyzed swapped data for i = 226, j = 284 sucessfully passed !
	Initialyzed swapped data for i = 226, j = 285 sucessfully passed !
	Initialyzed swapped data for i = 226, j = 286 sucessfully passed !
	Initialyzed swapped data for i = 226, j = 287 sucessfully passed !
	Initialyzed swapped data for i = 226, j = 288 sucessfully passed !
	Initialyzed swapped data for i = 226, j = 289 sucessfully passed !
	Initialyzed swapped data for i = 226, j = 290 sucessfully passed !
	Initialyzed swapped data for i = 226, j = 291 sucessfully passed !
	Initialyzed swapped data for i = 226, j = 292 sucessfully passed !
	Initialyzed swapped data for i = 226, j = 293 sucessfully passed !
	Initialyzed swapped data for i = 226, j = 294 sucessfully passed !
	Initialyzed swapped data for i = 226, j = 295 sucessfully passed !
	Initialyzed swapped data for i = 226, j = 296 sucessfully passed !
	Initialyzed swapped data for i = 226, j = 297 sucessfully passed !
	Initialyzed swapped data for i = 226, j = 298 sucessfully passed !
	Initialyzed swapped data for i = 226, j = 299 sucessfully passed !
	Initialyzed swapped data for i = 226, j = 300 sucessfully passed !
	Initialyzed swapped data for i = 226, j = 301 sucessfully passed !
	Initialyzed swapped data for i = 226, j = 302 sucessfully passed !
	Initialyzed swapped data for i = 226, j = 303 sucessfully passed !
	Initialyzed swapped data for i = 226, j = 304 sucessfully passed !
	Initialyzed swapped data for i = 226, j = 305 sucessfully passed !
	Initialyzed swapped data for i = 226, j = 306 sucessfully passed !
	Initialyzed swapped data for i = 226, j = 307 sucessfully passed !
	Initialyzed swapped data for i = 226, j = 308 sucessfully passed !
	Initialyzed swapped data for i = 226, j = 309 sucessfully passed !
	Initialyzed swapped data for i = 226, j = 310 sucessfully passed !
	Initialyzed swapped data for i = 226, j = 311 sucessfully passed !
	Initialyzed swapped data for i = 226, j = 312 sucessfully passed !
	Initialyzed swapped data for i = 226, j = 313 sucessfully passed !
	Initialyzed swapped data for i = 226, j = 314 sucessfully passed !
	Initialyzed swapped data for i = 226, j = 315 sucessfully passed !
	Initialyzed swapped data for i = 226, j = 316 sucessfully passed !
	Initialyzed swapped data for i = 226, j = 317 sucessfully passed !
	Initialyzed swapped data for i = 226, j = 318 sucessfully passed !
	Initialyzed swapped data for i = 226, j = 319 sucessfully passed !
	Initialyzed swapped data for i = 226, j = 320 sucessfully passed !
	Initialyzed swapped data for i = 226, j = 321 sucessfully passed !
	Initialyzed swapped data for i = 226, j = 322 sucessfully passed !
	Initialyzed swapped data for i = 226, j = 323 sucessfully passed !
	Initialyzed swapped data for i = 226, j = 324 sucessfully passed !
	Initialyzed swapped data for i = 226, j = 325 sucessfully passed !
	Initialyzed swapped data for i = 226, j = 326 sucessfully passed !
	Initialyzed swapped data for i = 226, j = 327 sucessfully passed !
	Initialyzed swapped data for i = 226, j = 328 sucessfully passed !
	Initialyzed swapped data for i = 226, j = 329 sucessfully passed !
	Initialyzed swapped data for i = 226, j = 330 sucessfully passed !
	Initialyzed swapped data for i = 226, j = 331 sucessfully passed !
	Initialyzed swapped data for i = 226, j = 332 sucessfully passed !
	Initialyzed swapped data for i = 226, j = 333 sucessfully passed !
	Initialyzed swapped data for i = 226, j = 334 sucessfully passed !
	Initialyzed swapped data for i = 226, j = 335 sucessfully passed !
	Initialyzed swapped data for i = 226, j = 336 sucessfully passed !
	Initialyzed swapped data for i = 226, j = 337 sucessfully passed !
	Initialyzed swapped data for i = 226, j = 338 sucessfully passed !
	Initialyzed swapped data for i = 226, j = 339 sucessfully passed !
	Initialyzed swapped data for i = 226, j = 340 sucessfully passed !
	Initialyzed swapped data for i = 226, j = 341 sucessfully passed !
	Initialyzed swapped data for i = 226, j = 342 sucessfully passed !
	Initialyzed swapped data for i = 226, j = 343 sucessfully passed !
	Initialyzed swapped data for i = 226, j = 344 sucessfully passed !
	Initialyzed swapped data for i = 226, j = 345 sucessfully passed !
	Initialyzed swapped data for i = 226, j = 346 sucessfully passed !
	Initialyzed swapped data for i = 226, j = 347 sucessfully passed !
	Initialyzed swapped data for i = 226, j = 348 sucessfully passed !
	Initialyzed swapped data for i = 226, j = 349 sucessfully passed !
	Initialyzed swapped data for i = 226, j = 350 sucessfully passed !
	Initialyzed swapped data for i = 226, j = 351 sucessfully passed !
	Initialyzed swapped data for i = 226, j = 352 sucessfully passed !
	Initialyzed swapped data for i = 226, j = 353 sucessfully passed !
	Initialyzed swapped data for i = 226, j = 354 sucessfully passed !
	Initialyzed swapped data for i = 226, j = 355 sucessfully passed !
	Initialyzed swapped data for i = 226, j = 356 sucessfully passed !
	Initialyzed swapped data for i = 226, j = 357 sucessfully passed !
	Initialyzed swapped data for i = 226, j = 358 sucessfully passed !
	Initialyzed swapped data for i = 226, j = 359 sucessfully passed !
	Initialyzed swapped data for i = 226, j = 360 sucessfully passed !
	Initialyzed swapped data for i = 226, j = 361 sucessfully passed !
	Initialyzed swapped data for i = 226, j = 362 sucessfully passed !
	Initialyzed swapped data for i = 226, j = 363 sucessfully passed !
	Initialyzed swapped data for i = 226, j = 364 sucessfully passed !
	Initialyzed swapped data for i = 226, j = 365 sucessfully passed !
	Initialyzed swapped data for i = 226, j = 366 sucessfully passed !
	Initialyzed swapped data for i = 226, j = 367 sucessfully passed !
	Initialyzed swapped data for i = 226, j = 368 sucessfully passed !
	Initialyzed swapped data for i = 226, j = 369 sucessfully passed !
	Initialyzed swapped data for i = 226, j = 370 sucessfully passed !
	Initialyzed swapped data for i = 226, j = 371 sucessfully passed !
	Initialyzed swapped data for i = 226, j = 372 sucessfully passed !
	Initialyzed swapped data for i = 226, j = 373 sucessfully passed !
	Initialyzed swapped data for i = 226, j = 374 sucessfully passed !
	Initialyzed swapped data for i = 226, j = 375 sucessfully passed !
	Initialyzed swapped data for i = 226, j = 376 sucessfully passed !
	Initialyzed swapped data for i = 226, j = 377 sucessfully passed !
	Initialyzed swapped data for i = 226, j = 378 sucessfully passed !
	Initialyzed swapped data for i = 226, j = 379 sucessfully passed !
	Initialyzed swapped data for i = 226, j = 380 sucessfully passed !
	Initialyzed swapped data for i = 226, j = 381 sucessfully passed !
	Initialyzed swapped data for i = 226, j = 382 sucessfully passed !
	Initialyzed swapped data for i = 226, j = 383 sucessfully passed !
	Initialyzed swapped data for i = 226, j = 384 sucessfully passed !
	Initialyzed swapped data for i = 226, j = 385 sucessfully passed !
	Initialyzed swapped data for i = 226, j = 386 sucessfully passed !
	Initialyzed swapped data for i = 226, j = 387 sucessfully passed !
	Initialyzed swapped data for i = 226, j = 388 sucessfully passed !
	Initialyzed swapped data for i = 226, j = 389 sucessfully passed !
	Initialyzed swapped data for i = 226, j = 390 sucessfully passed !
	Initialyzed swapped data for i = 226, j = 391 sucessfully passed !
	Initialyzed swapped data for i = 226, j = 392 sucessfully passed !
	Initialyzed swapped data for i = 226, j = 393 sucessfully passed !
	Initialyzed swapped data for i = 226, j = 394 sucessfully passed !
	Initialyzed swapped data for i = 226, j = 395 sucessfully passed !
	Initialyzed swapped data for i = 226, j = 396 sucessfully passed !
	Initialyzed swapped data for i = 226, j = 397 sucessfully passed !
	Initialyzed swapped data for i = 226, j = 398 sucessfully passed !
	Initialyzed swapped data for i = 226, j = 399 sucessfully passed !
	Initialyzed swapped data for i = 226, j = 400 sucessfully passed !
	Initialyzed swapped data for i = 226, j = 401 sucessfully passed !
	Initialyzed swapped data for i = 226, j = 402 sucessfully passed !
	Initialyzed swapped data for i = 226, j = 403 sucessfully passed !
	Initialyzed swapped data for i = 226, j = 404 sucessfully passed !
	Initialyzed swapped data for i = 226, j = 405 sucessfully passed !
	Initialyzed swapped data for i = 226, j = 406 sucessfully passed !
	Initialyzed swapped data for i = 226, j = 407 sucessfully passed !
	Initialyzed swapped data for i = 226, j = 408 sucessfully passed !
	Initialyzed swapped data for i = 226, j = 409 sucessfully passed !
	Initialyzed swapped data for i = 226, j = 410 sucessfully passed !
	Initialyzed swapped data for i = 226, j = 411 sucessfully passed !
	Initialyzed swapped data for i = 226, j = 412 sucessfully passed !
	Initialyzed swapped data for i = 226, j = 413 sucessfully passed !
	Initialyzed swapped data for i = 226, j = 414 sucessfully passed !
	Initialyzed swapped data for i = 226, j = 415 sucessfully passed !
	Initialyzed swapped data for i = 226, j = 416 sucessfully passed !
	Initialyzed swapped data for i = 226, j = 417 sucessfully passed !
	Initialyzed swapped data for i = 226, j = 418 sucessfully passed !
	Initialyzed swapped data for i = 226, j = 419 sucessfully passed !
	Initialyzed swapped data for i = 226, j = 420 sucessfully passed !
	Initialyzed swapped data for i = 226, j = 421 sucessfully passed !
	Initialyzed swapped data for i = 226, j = 422 sucessfully passed !
	Initialyzed swapped data for i = 226, j = 423 sucessfully passed !
	Initialyzed swapped data for i = 226, j = 424 sucessfully passed !
	Initialyzed swapped data for i = 226, j = 425 sucessfully passed !
	Initialyzed swapped data for i = 226, j = 426 sucessfully passed !
	Initialyzed swapped data for i = 226, j = 427 sucessfully passed !
	Initialyzed swapped data for i = 226, j = 428 sucessfully passed !
	Initialyzed swapped data for i = 226, j = 429 sucessfully passed !
	Initialyzed swapped data for i = 226, j = 430 sucessfully passed !
	Initialyzed swapped data for i = 226, j = 431 sucessfully passed !
	Initialyzed swapped data for i = 226, j = 432 sucessfully passed !
	Initialyzed swapped data for i = 226, j = 433 sucessfully passed !
	Initialyzed swapped data for i = 227, j = 228 sucessfully passed !
	Initialyzed swapped data for i = 227, j = 229 sucessfully passed !
	Initialyzed swapped data for i = 227, j = 230 sucessfully passed !
	Initialyzed swapped data for i = 227, j = 231 sucessfully passed !
	Initialyzed swapped data for i = 227, j = 232 sucessfully passed !
	Initialyzed swapped data for i = 227, j = 233 sucessfully passed !
	Initialyzed swapped data for i = 227, j = 234 sucessfully passed !
	Initialyzed swapped data for i = 227, j = 235 sucessfully passed !
	Initialyzed swapped data for i = 227, j = 236 sucessfully passed !
	Initialyzed swapped data for i = 227, j = 237 sucessfully passed !
	Initialyzed swapped data for i = 227, j = 238 sucessfully passed !
	Initialyzed swapped data for i = 227, j = 239 sucessfully passed !
	Initialyzed swapped data for i = 227, j = 240 sucessfully passed !
	Initialyzed swapped data for i = 227, j = 241 sucessfully passed !
	Initialyzed swapped data for i = 227, j = 242 sucessfully passed !
	Initialyzed swapped data for i = 227, j = 243 sucessfully passed !
	Initialyzed swapped data for i = 227, j = 244 sucessfully passed !
	Initialyzed swapped data for i = 227, j = 245 sucessfully passed !
	Initialyzed swapped data for i = 227, j = 246 sucessfully passed !
	Initialyzed swapped data for i = 227, j = 247 sucessfully passed !
	Initialyzed swapped data for i = 227, j = 248 sucessfully passed !
	Initialyzed swapped data for i = 227, j = 249 sucessfully passed !
	Initialyzed swapped data for i = 227, j = 250 sucessfully passed !
	Initialyzed swapped data for i = 227, j = 251 sucessfully passed !
	Initialyzed swapped data for i = 227, j = 252 sucessfully passed !
	Initialyzed swapped data for i = 227, j = 253 sucessfully passed !
	Initialyzed swapped data for i = 227, j = 254 sucessfully passed !
	Initialyzed swapped data for i = 227, j = 255 sucessfully passed !
	Initialyzed swapped data for i = 227, j = 256 sucessfully passed !
	Initialyzed swapped data for i = 227, j = 257 sucessfully passed !
	Initialyzed swapped data for i = 227, j = 258 sucessfully passed !
	Initialyzed swapped data for i = 227, j = 259 sucessfully passed !
	Initialyzed swapped data for i = 227, j = 260 sucessfully passed !
	Initialyzed swapped data for i = 227, j = 261 sucessfully passed !
	Initialyzed swapped data for i = 227, j = 262 sucessfully passed !
	Initialyzed swapped data for i = 227, j = 263 sucessfully passed !
	Initialyzed swapped data for i = 227, j = 264 sucessfully passed !
	Initialyzed swapped data for i = 227, j = 265 sucessfully passed !
	Initialyzed swapped data for i = 227, j = 266 sucessfully passed !
	Initialyzed swapped data for i = 227, j = 267 sucessfully passed !
	Initialyzed swapped data for i = 227, j = 268 sucessfully passed !
	Initialyzed swapped data for i = 227, j = 269 sucessfully passed !
	Initialyzed swapped data for i = 227, j = 270 sucessfully passed !
	Initialyzed swapped data for i = 227, j = 271 sucessfully passed !
	Initialyzed swapped data for i = 227, j = 272 sucessfully passed !
	Initialyzed swapped data for i = 227, j = 273 sucessfully passed !
	Initialyzed swapped data for i = 227, j = 274 sucessfully passed !
	Initialyzed swapped data for i = 227, j = 275 sucessfully passed !
	Initialyzed swapped data for i = 227, j = 276 sucessfully passed !
	Initialyzed swapped data for i = 227, j = 277 sucessfully passed !
	Initialyzed swapped data for i = 227, j = 278 sucessfully passed !
	Initialyzed swapped data for i = 227, j = 279 sucessfully passed !
	Initialyzed swapped data for i = 227, j = 280 sucessfully passed !
	Initialyzed swapped data for i = 227, j = 281 sucessfully passed !
	Initialyzed swapped data for i = 227, j = 282 sucessfully passed !
	Initialyzed swapped data for i = 227, j = 283 sucessfully passed !
	Initialyzed swapped data for i = 227, j = 284 sucessfully passed !
	Initialyzed swapped data for i = 227, j = 285 sucessfully passed !
	Initialyzed swapped data for i = 227, j = 286 sucessfully passed !
	Initialyzed swapped data for i = 227, j = 287 sucessfully passed !
	Initialyzed swapped data for i = 227, j = 288 sucessfully passed !
	Initialyzed swapped data for i = 227, j = 289 sucessfully passed !
	Initialyzed swapped data for i = 227, j = 290 sucessfully passed !
	Initialyzed swapped data for i = 227, j = 291 sucessfully passed !
	Initialyzed swapped data for i = 227, j = 292 sucessfully passed !
	Initialyzed swapped data for i = 227, j = 293 sucessfully passed !
	Initialyzed swapped data for i = 227, j = 294 sucessfully passed !
	Initialyzed swapped data for i = 227, j = 295 sucessfully passed !
	Initialyzed swapped data for i = 227, j = 296 sucessfully passed !
	Initialyzed swapped data for i = 227, j = 297 sucessfully passed !
	Initialyzed swapped data for i = 227, j = 298 sucessfully passed !
	Initialyzed swapped data for i = 227, j = 299 sucessfully passed !
	Initialyzed swapped data for i = 227, j = 300 sucessfully passed !
	Initialyzed swapped data for i = 227, j = 301 sucessfully passed !
	Initialyzed swapped data for i = 227, j = 302 sucessfully passed !
	Initialyzed swapped data for i = 227, j = 303 sucessfully passed !
	Initialyzed swapped data for i = 227, j = 304 sucessfully passed !
	Initialyzed swapped data for i = 227, j = 305 sucessfully passed !
	Initialyzed swapped data for i = 227, j = 306 sucessfully passed !
	Initialyzed swapped data for i = 227, j = 307 sucessfully passed !
	Initialyzed swapped data for i = 227, j = 308 sucessfully passed !
	Initialyzed swapped data for i = 227, j = 309 sucessfully passed !
	Initialyzed swapped data for i = 227, j = 310 sucessfully passed !
	Initialyzed swapped data for i = 227, j = 311 sucessfully passed !
	Initialyzed swapped data for i = 227, j = 312 sucessfully passed !
	Initialyzed swapped data for i = 227, j = 313 sucessfully passed !
	Initialyzed swapped data for i = 227, j = 314 sucessfully passed !
	Initialyzed swapped data for i = 227, j = 315 sucessfully passed !
	Initialyzed swapped data for i = 227, j = 316 sucessfully passed !
	Initialyzed swapped data for i = 227, j = 317 sucessfully passed !
	Initialyzed swapped data for i = 227, j = 318 sucessfully passed !
	Initialyzed swapped data for i = 227, j = 319 sucessfully passed !
	Initialyzed swapped data for i = 227, j = 320 sucessfully passed !
	Initialyzed swapped data for i = 227, j = 321 sucessfully passed !
	Initialyzed swapped data for i = 227, j = 322 sucessfully passed !
	Initialyzed swapped data for i = 227, j = 323 sucessfully passed !
	Initialyzed swapped data for i = 227, j = 324 sucessfully passed !
	Initialyzed swapped data for i = 227, j = 325 sucessfully passed !
	Initialyzed swapped data for i = 227, j = 326 sucessfully passed !
	Initialyzed swapped data for i = 227, j = 327 sucessfully passed !
	Initialyzed swapped data for i = 227, j = 328 sucessfully passed !
	Initialyzed swapped data for i = 227, j = 329 sucessfully passed !
	Initialyzed swapped data for i = 227, j = 330 sucessfully passed !
	Initialyzed swapped data for i = 227, j = 331 sucessfully passed !
	Initialyzed swapped data for i = 227, j = 332 sucessfully passed !
	Initialyzed swapped data for i = 227, j = 333 sucessfully passed !
	Initialyzed swapped data for i = 227, j = 334 sucessfully passed !
	Initialyzed swapped data for i = 227, j = 335 sucessfully passed !
	Initialyzed swapped data for i = 227, j = 336 sucessfully passed !
	Initialyzed swapped data for i = 227, j = 337 sucessfully passed !
	Initialyzed swapped data for i = 227, j = 338 sucessfully passed !
	Initialyzed swapped data for i = 227, j = 339 sucessfully passed !
	Initialyzed swapped data for i = 227, j = 340 sucessfully passed !
	Initialyzed swapped data for i = 227, j = 341 sucessfully passed !
	Initialyzed swapped data for i = 227, j = 342 sucessfully passed !
	Initialyzed swapped data for i = 227, j = 343 sucessfully passed !
	Initialyzed swapped data for i = 227, j = 344 sucessfully passed !
	Initialyzed swapped data for i = 227, j = 345 sucessfully passed !
	Initialyzed swapped data for i = 227, j = 346 sucessfully passed !
	Initialyzed swapped data for i = 227, j = 347 sucessfully passed !
	Initialyzed swapped data for i = 227, j = 348 sucessfully passed !
	Initialyzed swapped data for i = 227, j = 349 sucessfully passed !
	Initialyzed swapped data for i = 227, j = 350 sucessfully passed !
	Initialyzed swapped data for i = 227, j = 351 sucessfully passed !
	Initialyzed swapped data for i = 227, j = 352 sucessfully passed !
	Initialyzed swapped data for i = 227, j = 353 sucessfully passed !
	Initialyzed swapped data for i = 227, j = 354 sucessfully passed !
	Initialyzed swapped data for i = 227, j = 355 sucessfully passed !
	Initialyzed swapped data for i = 227, j = 356 sucessfully passed !
	Initialyzed swapped data for i = 227, j = 357 sucessfully passed !
	Initialyzed swapped data for i = 227, j = 358 sucessfully passed !
	Initialyzed swapped data for i = 227, j = 359 sucessfully passed !
	Initialyzed swapped data for i = 227, j = 360 sucessfully passed !
	Initialyzed swapped data for i = 227, j = 361 sucessfully passed !
	Initialyzed swapped data for i = 227, j = 362 sucessfully passed !
	Initialyzed swapped data for i = 227, j = 363 sucessfully passed !
	Initialyzed swapped data for i = 227, j = 364 sucessfully passed !
	Initialyzed swapped data for i = 227, j = 365 sucessfully passed !
	Initialyzed swapped data for i = 227, j = 366 sucessfully passed !
	Initialyzed swapped data for i = 227, j = 367 sucessfully passed !
	Initialyzed swapped data for i = 227, j = 368 sucessfully passed !
	Initialyzed swapped data for i = 227, j = 369 sucessfully passed !
	Initialyzed swapped data for i = 227, j = 370 sucessfully passed !
	Initialyzed swapped data for i = 227, j = 371 sucessfully passed !
	Initialyzed swapped data for i = 227, j = 372 sucessfully passed !
	Initialyzed swapped data for i = 227, j = 373 sucessfully passed !
	Initialyzed swapped data for i = 227, j = 374 sucessfully passed !
	Initialyzed swapped data for i = 227, j = 375 sucessfully passed !
	Initialyzed swapped data for i = 227, j = 376 sucessfully passed !
	Initialyzed swapped data for i = 227, j = 377 sucessfully passed !
	Initialyzed swapped data for i = 227, j = 378 sucessfully passed !
	Initialyzed swapped data for i = 227, j = 379 sucessfully passed !
	Initialyzed swapped data for i = 227, j = 380 sucessfully passed !
	Initialyzed swapped data for i = 227, j = 381 sucessfully passed !
	Initialyzed swapped data for i = 227, j = 382 sucessfully passed !
	Initialyzed swapped data for i = 227, j = 383 sucessfully passed !
	Initialyzed swapped data for i = 227, j = 384 sucessfully passed !
	Initialyzed swapped data for i = 227, j = 385 sucessfully passed !
	Initialyzed swapped data for i = 227, j = 386 sucessfully passed !
	Initialyzed swapped data for i = 227, j = 387 sucessfully passed !
	Initialyzed swapped data for i = 227, j = 388 sucessfully passed !
	Initialyzed swapped data for i = 227, j = 389 sucessfully passed !
	Initialyzed swapped data for i = 227, j = 390 sucessfully passed !
	Initialyzed swapped data for i = 227, j = 391 sucessfully passed !
	Initialyzed swapped data for i = 227, j = 392 sucessfully passed !
	Initialyzed swapped data for i = 227, j = 393 sucessfully passed !
	Initialyzed swapped data for i = 227, j = 394 sucessfully passed !
	Initialyzed swapped data for i = 227, j = 395 sucessfully passed !
	Initialyzed swapped data for i = 227, j = 396 sucessfully passed !
	Initialyzed swapped data for i = 227, j = 397 sucessfully passed !
	Initialyzed swapped data for i = 227, j = 398 sucessfully passed !
	Initialyzed swapped data for i = 227, j = 399 sucessfully passed !
	Initialyzed swapped data for i = 227, j = 400 sucessfully passed !
	Initialyzed swapped data for i = 227, j = 401 sucessfully passed !
	Initialyzed swapped data for i = 227, j = 402 sucessfully passed !
	Initialyzed swapped data for i = 227, j = 403 sucessfully passed !
	Initialyzed swapped data for i = 227, j = 404 sucessfully passed !
	Initialyzed swapped data for i = 227, j = 405 sucessfully passed !
	Initialyzed swapped data for i = 227, j = 406 sucessfully passed !
	Initialyzed swapped data for i = 227, j = 407 sucessfully passed !
	Initialyzed swapped data for i = 227, j = 408 sucessfully passed !
	Initialyzed swapped data for i = 227, j = 409 sucessfully passed !
	Initialyzed swapped data for i = 227, j = 410 sucessfully passed !
	Initialyzed swapped data for i = 227, j = 411 sucessfully passed !
	Initialyzed swapped data for i = 227, j = 412 sucessfully passed !
	Initialyzed swapped data for i = 227, j = 413 sucessfully passed !
	Initialyzed swapped data for i = 227, j = 414 sucessfully passed !
	Initialyzed swapped data for i = 227, j = 415 sucessfully passed !
	Initialyzed swapped data for i = 227, j = 416 sucessfully passed !
	Initialyzed swapped data for i = 227, j = 417 sucessfully passed !
	Initialyzed swapped data for i = 227, j = 418 sucessfully passed !
	Initialyzed swapped data for i = 227, j = 419 sucessfully passed !
	Initialyzed swapped data for i = 227, j = 420 sucessfully passed !
	Initialyzed swapped data for i = 227, j = 421 sucessfully passed !
	Initialyzed swapped data for i = 227, j = 422 sucessfully passed !
	Initialyzed swapped data for i = 227, j = 423 sucessfully passed !
	Initialyzed swapped data for i = 227, j = 424 sucessfully passed !
	Initialyzed swapped data for i = 227, j = 425 sucessfully passed !
	Initialyzed swapped data for i = 227, j = 426 sucessfully passed !
	Initialyzed swapped data for i = 227, j = 427 sucessfully passed !
	Initialyzed swapped data for i = 227, j = 428 sucessfully passed !
	Initialyzed swapped data for i = 227, j = 429 sucessfully passed !
	Initialyzed swapped data for i = 227, j = 430 sucessfully passed !
	Initialyzed swapped data for i = 227, j = 431 sucessfully passed !
	Initialyzed swapped data for i = 227, j = 432 sucessfully passed !
	Initialyzed swapped data for i = 227, j = 433 sucessfully passed !
	Initialyzed swapped data for i = 228, j = 229 sucessfully passed !
	Initialyzed swapped data for i = 228, j = 230 sucessfully passed !
	Initialyzed swapped data for i = 228, j = 231 sucessfully passed !
	Initialyzed swapped data for i = 228, j = 232 sucessfully passed !
	Initialyzed swapped data for i = 228, j = 233 sucessfully passed !
	Initialyzed swapped data for i = 228, j = 234 sucessfully passed !
	Initialyzed swapped data for i = 228, j = 235 sucessfully passed !
	Initialyzed swapped data for i = 228, j = 236 sucessfully passed !
	Initialyzed swapped data for i = 228, j = 237 sucessfully passed !
	Initialyzed swapped data for i = 228, j = 238 sucessfully passed !
	Initialyzed swapped data for i = 228, j = 239 sucessfully passed !
	Initialyzed swapped data for i = 228, j = 240 sucessfully passed !
	Initialyzed swapped data for i = 228, j = 241 sucessfully passed !
	Initialyzed swapped data for i = 228, j = 242 sucessfully passed !
	Initialyzed swapped data for i = 228, j = 243 sucessfully passed !
	Initialyzed swapped data for i = 228, j = 244 sucessfully passed !
	Initialyzed swapped data for i = 228, j = 245 sucessfully passed !
	Initialyzed swapped data for i = 228, j = 246 sucessfully passed !
	Initialyzed swapped data for i = 228, j = 247 sucessfully passed !
	Initialyzed swapped data for i = 228, j = 248 sucessfully passed !
	Initialyzed swapped data for i = 228, j = 249 sucessfully passed !
	Initialyzed swapped data for i = 228, j = 250 sucessfully passed !
	Initialyzed swapped data for i = 228, j = 251 sucessfully passed !
	Initialyzed swapped data for i = 228, j = 252 sucessfully passed !
	Initialyzed swapped data for i = 228, j = 253 sucessfully passed !
	Initialyzed swapped data for i = 228, j = 254 sucessfully passed !
	Initialyzed swapped data for i = 228, j = 255 sucessfully passed !
	Initialyzed swapped data for i = 228, j = 256 sucessfully passed !
	Initialyzed swapped data for i = 228, j = 257 sucessfully passed !
	Initialyzed swapped data for i = 228, j = 258 sucessfully passed !
	Initialyzed swapped data for i = 228, j = 259 sucessfully passed !
	Initialyzed swapped data for i = 228, j = 260 sucessfully passed !
	Initialyzed swapped data for i = 228, j = 261 sucessfully passed !
	Initialyzed swapped data for i = 228, j = 262 sucessfully passed !
	Initialyzed swapped data for i = 228, j = 263 sucessfully passed !
	Initialyzed swapped data for i = 228, j = 264 sucessfully passed !
	Initialyzed swapped data for i = 228, j = 265 sucessfully passed !
	Initialyzed swapped data for i = 228, j = 266 sucessfully passed !
	Initialyzed swapped data for i = 228, j = 267 sucessfully passed !
	Initialyzed swapped data for i = 228, j = 268 sucessfully passed !
	Initialyzed swapped data for i = 228, j = 269 sucessfully passed !
	Initialyzed swapped data for i = 228, j = 270 sucessfully passed !
	Initialyzed swapped data for i = 228, j = 271 sucessfully passed !
	Initialyzed swapped data for i = 228, j = 272 sucessfully passed !
	Initialyzed swapped data for i = 228, j = 273 sucessfully passed !
	Initialyzed swapped data for i = 228, j = 274 sucessfully passed !
	Initialyzed swapped data for i = 228, j = 275 sucessfully passed !
	Initialyzed swapped data for i = 228, j = 276 sucessfully passed !
	Initialyzed swapped data for i = 228, j = 277 sucessfully passed !
	Initialyzed swapped data for i = 228, j = 278 sucessfully passed !
	Initialyzed swapped data for i = 228, j = 279 sucessfully passed !
	Initialyzed swapped data for i = 228, j = 280 sucessfully passed !
	Initialyzed swapped data for i = 228, j = 281 sucessfully passed !
	Initialyzed swapped data for i = 228, j = 282 sucessfully passed !
	Initialyzed swapped data for i = 228, j = 283 sucessfully passed !
	Initialyzed swapped data for i = 228, j = 284 sucessfully passed !
	Initialyzed swapped data for i = 228, j = 285 sucessfully passed !
	Initialyzed swapped data for i = 228, j = 286 sucessfully passed !
	Initialyzed swapped data for i = 228, j = 287 sucessfully passed !
	Initialyzed swapped data for i = 228, j = 288 sucessfully passed !
	Initialyzed swapped data for i = 228, j = 289 sucessfully passed !
	Initialyzed swapped data for i = 228, j = 290 sucessfully passed !
	Initialyzed swapped data for i = 228, j = 291 sucessfully passed !
	Initialyzed swapped data for i = 228, j = 292 sucessfully passed !
	Initialyzed swapped data for i = 228, j = 293 sucessfully passed !
	Initialyzed swapped data for i = 228, j = 294 sucessfully passed !
	Initialyzed swapped data for i = 228, j = 295 sucessfully passed !
	Initialyzed swapped data for i = 228, j = 296 sucessfully passed !
	Initialyzed swapped data for i = 228, j = 297 sucessfully passed !
	Initialyzed swapped data for i = 228, j = 298 sucessfully passed !
	Initialyzed swapped data for i = 228, j = 299 sucessfully passed !
	Initialyzed swapped data for i = 228, j = 300 sucessfully passed !
	Initialyzed swapped data for i = 228, j = 301 sucessfully passed !
	Initialyzed swapped data for i = 228, j = 302 sucessfully passed !
	Initialyzed swapped data for i = 228, j = 303 sucessfully passed !
	Initialyzed swapped data for i = 228, j = 304 sucessfully passed !
	Initialyzed swapped data for i = 228, j = 305 sucessfully passed !
	Initialyzed swapped data for i = 228, j = 306 sucessfully passed !
	Initialyzed swapped data for i = 228, j = 307 sucessfully passed !
	Initialyzed swapped data for i = 228, j = 308 sucessfully passed !
	Initialyzed swapped data for i = 228, j = 309 sucessfully passed !
	Initialyzed swapped data for i = 228, j = 310 sucessfully passed !
	Initialyzed swapped data for i = 228, j = 311 sucessfully passed !
	Initialyzed swapped data for i = 228, j = 312 sucessfully passed !
	Initialyzed swapped data for i = 228, j = 313 sucessfully passed !
	Initialyzed swapped data for i = 228, j = 314 sucessfully passed !
	Initialyzed swapped data for i = 228, j = 315 sucessfully passed !
	Initialyzed swapped data for i = 228, j = 316 sucessfully passed !
	Initialyzed swapped data for i = 228, j = 317 sucessfully passed !
	Initialyzed swapped data for i = 228, j = 318 sucessfully passed !
	Initialyzed swapped data for i = 228, j = 319 sucessfully passed !
	Initialyzed swapped data for i = 228, j = 320 sucessfully passed !
	Initialyzed swapped data for i = 228, j = 321 sucessfully passed !
	Initialyzed swapped data for i = 228, j = 322 sucessfully passed !
	Initialyzed swapped data for i = 228, j = 323 sucessfully passed !
	Initialyzed swapped data for i = 228, j = 324 sucessfully passed !
	Initialyzed swapped data for i = 228, j = 325 sucessfully passed !
	Initialyzed swapped data for i = 228, j = 326 sucessfully passed !
	Initialyzed swapped data for i = 228, j = 327 sucessfully passed !
	Initialyzed swapped data for i = 228, j = 328 sucessfully passed !
	Initialyzed swapped data for i = 228, j = 329 sucessfully passed !
	Initialyzed swapped data for i = 228, j = 330 sucessfully passed !
	Initialyzed swapped data for i = 228, j = 331 sucessfully passed !
	Initialyzed swapped data for i = 228, j = 332 sucessfully passed !
	Initialyzed swapped data for i = 228, j = 333 sucessfully passed !
	Initialyzed swapped data for i = 228, j = 334 sucessfully passed !
	Initialyzed swapped data for i = 228, j = 335 sucessfully passed !
	Initialyzed swapped data for i = 228, j = 336 sucessfully passed !
	Initialyzed swapped data for i = 228, j = 337 sucessfully passed !
	Initialyzed swapped data for i = 228, j = 338 sucessfully passed !
	Initialyzed swapped data for i = 228, j = 339 sucessfully passed !
	Initialyzed swapped data for i = 228, j = 340 sucessfully passed !
	Initialyzed swapped data for i = 228, j = 341 sucessfully passed !
	Initialyzed swapped data for i = 228, j = 342 sucessfully passed !
	Initialyzed swapped data for i = 228, j = 343 sucessfully passed !
	Initialyzed swapped data for i = 228, j = 344 sucessfully passed !
	Initialyzed swapped data for i = 228, j = 345 sucessfully passed !
	Initialyzed swapped data for i = 228, j = 346 sucessfully passed !
	Initialyzed swapped data for i = 228, j = 347 sucessfully passed !
	Initialyzed swapped data for i = 228, j = 348 sucessfully passed !
	Initialyzed swapped data for i = 228, j = 349 sucessfully passed !
	Initialyzed swapped data for i = 228, j = 350 sucessfully passed !
	Initialyzed swapped data for i = 228, j = 351 sucessfully passed !
	Initialyzed swapped data for i = 228, j = 352 sucessfully passed !
	Initialyzed swapped data for i = 228, j = 353 sucessfully passed !
	Initialyzed swapped data for i = 228, j = 354 sucessfully passed !
	Initialyzed swapped data for i = 228, j = 355 sucessfully passed !
	Initialyzed swapped data for i = 228, j = 356 sucessfully passed !
	Initialyzed swapped data for i = 228, j = 357 sucessfully passed !
	Initialyzed swapped data for i = 228, j = 358 sucessfully passed !
	Initialyzed swapped data for i = 228, j = 359 sucessfully passed !
	Initialyzed swapped data for i = 228, j = 360 sucessfully passed !
	Initialyzed swapped data for i = 228, j = 361 sucessfully passed !
	Initialyzed swapped data for i = 228, j = 362 sucessfully passed !
	Initialyzed swapped data for i = 228, j = 363 sucessfully passed !
	Initialyzed swapped data for i = 228, j = 364 sucessfully passed !
	Initialyzed swapped data for i = 228, j = 365 sucessfully passed !
	Initialyzed swapped data for i = 228, j = 366 sucessfully passed !
	Initialyzed swapped data for i = 228, j = 367 sucessfully passed !
	Initialyzed swapped data for i = 228, j = 368 sucessfully passed !
	Initialyzed swapped data for i = 228, j = 369 sucessfully passed !
	Initialyzed swapped data for i = 228, j = 370 sucessfully passed !
	Initialyzed swapped data for i = 228, j = 371 sucessfully passed !
	Initialyzed swapped data for i = 228, j = 372 sucessfully passed !
	Initialyzed swapped data for i = 228, j = 373 sucessfully passed !
	Initialyzed swapped data for i = 228, j = 374 sucessfully passed !
	Initialyzed swapped data for i = 228, j = 375 sucessfully passed !
	Initialyzed swapped data for i = 228, j = 376 sucessfully passed !
	Initialyzed swapped data for i = 228, j = 377 sucessfully passed !
	Initialyzed swapped data for i = 228, j = 378 sucessfully passed !
	Initialyzed swapped data for i = 228, j = 379 sucessfully passed !
	Initialyzed swapped data for i = 228, j = 380 sucessfully passed !
	Initialyzed swapped data for i = 228, j = 381 sucessfully passed !
	Initialyzed swapped data for i = 228, j = 382 sucessfully passed !
	Initialyzed swapped data for i = 228, j = 383 sucessfully passed !
	Initialyzed swapped data for i = 228, j = 384 sucessfully passed !
	Initialyzed swapped data for i = 228, j = 385 sucessfully passed !
	Initialyzed swapped data for i = 228, j = 386 sucessfully passed !
	Initialyzed swapped data for i = 228, j = 387 sucessfully passed !
	Initialyzed swapped data for i = 228, j = 388 sucessfully passed !
	Initialyzed swapped data for i = 228, j = 389 sucessfully passed !
	Initialyzed swapped data for i = 228, j = 390 sucessfully passed !
	Initialyzed swapped data for i = 228, j = 391 sucessfully passed !
	Initialyzed swapped data for i = 228, j = 392 sucessfully passed !
	Initialyzed swapped data for i = 228, j = 393 sucessfully passed !
	Initialyzed swapped data for i = 228, j = 394 sucessfully passed !
	Initialyzed swapped data for i = 228, j = 395 sucessfully passed !
	Initialyzed swapped data for i = 228, j = 396 sucessfully passed !
	Initialyzed swapped data for i = 228, j = 397 sucessfully passed !
	Initialyzed swapped data for i = 228, j = 398 sucessfully passed !
	Initialyzed swapped data for i = 228, j = 399 sucessfully passed !
	Initialyzed swapped data for i = 228, j = 400 sucessfully passed !
	Initialyzed swapped data for i = 228, j = 401 sucessfully passed !
	Initialyzed swapped data for i = 228, j = 402 sucessfully passed !
	Initialyzed swapped data for i = 228, j = 403 sucessfully passed !
	Initialyzed swapped data for i = 228, j = 404 sucessfully passed !
	Initialyzed swapped data for i = 228, j = 405 sucessfully passed !
	Initialyzed swapped data for i = 228, j = 406 sucessfully passed !
	Initialyzed swapped data for i = 228, j = 407 sucessfully passed !
	Initialyzed swapped data for i = 228, j = 408 sucessfully passed !
	Initialyzed swapped data for i = 228, j = 409 sucessfully passed !
	Initialyzed swapped data for i = 228, j = 410 sucessfully passed !
	Initialyzed swapped data for i = 228, j = 411 sucessfully passed !
	Initialyzed swapped data for i = 228, j = 412 sucessfully passed !
	Initialyzed swapped data for i = 228, j = 413 sucessfully passed !
	Initialyzed swapped data for i = 228, j = 414 sucessfully passed !
	Initialyzed swapped data for i = 228, j = 415 sucessfully passed !
	Initialyzed swapped data for i = 228, j = 416 sucessfully passed !
	Initialyzed swapped data for i = 228, j = 417 sucessfully passed !
	Initialyzed swapped data for i = 228, j = 418 sucessfully passed !
	Initialyzed swapped data for i = 228, j = 419 sucessfully passed !
	Initialyzed swapped data for i = 228, j = 420 sucessfully passed !
	Initialyzed swapped data for i = 228, j = 421 sucessfully passed !
	Initialyzed swapped data for i = 228, j = 422 sucessfully passed !
	Initialyzed swapped data for i = 228, j = 423 sucessfully passed !
	Initialyzed swapped data for i = 228, j = 424 sucessfully passed !
	Initialyzed swapped data for i = 228, j = 425 sucessfully passed !
	Initialyzed swapped data for i = 228, j = 426 sucessfully passed !
	Initialyzed swapped data for i = 228, j = 427 sucessfully passed !
	Initialyzed swapped data for i = 228, j = 428 sucessfully passed !
	Initialyzed swapped data for i = 228, j = 429 sucessfully passed !
	Initialyzed swapped data for i = 228, j = 430 sucessfully passed !
	Initialyzed swapped data for i = 228, j = 431 sucessfully passed !
	Initialyzed swapped data for i = 228, j = 432 sucessfully passed !
	Initialyzed swapped data for i = 228, j = 433 sucessfully passed !
	Initialyzed swapped data for i = 229, j = 230 sucessfully passed !
	Initialyzed swapped data for i = 229, j = 231 sucessfully passed !
	Initialyzed swapped data for i = 229, j = 232 sucessfully passed !
	Initialyzed swapped data for i = 229, j = 233 sucessfully passed !
	Initialyzed swapped data for i = 229, j = 234 sucessfully passed !
	Initialyzed swapped data for i = 229, j = 235 sucessfully passed !
	Initialyzed swapped data for i = 229, j = 236 sucessfully passed !
	Initialyzed swapped data for i = 229, j = 237 sucessfully passed !
	Initialyzed swapped data for i = 229, j = 238 sucessfully passed !
	Initialyzed swapped data for i = 229, j = 239 sucessfully passed !
	Initialyzed swapped data for i = 229, j = 240 sucessfully passed !
	Initialyzed swapped data for i = 229, j = 241 sucessfully passed !
	Initialyzed swapped data for i = 229, j = 242 sucessfully passed !
	Initialyzed swapped data for i = 229, j = 243 sucessfully passed !
	Initialyzed swapped data for i = 229, j = 244 sucessfully passed !
	Initialyzed swapped data for i = 229, j = 245 sucessfully passed !
	Initialyzed swapped data for i = 229, j = 246 sucessfully passed !
	Initialyzed swapped data for i = 229, j = 247 sucessfully passed !
	Initialyzed swapped data for i = 229, j = 248 sucessfully passed !
	Initialyzed swapped data for i = 229, j = 249 sucessfully passed !
	Initialyzed swapped data for i = 229, j = 250 sucessfully passed !
	Initialyzed swapped data for i = 229, j = 251 sucessfully passed !
	Initialyzed swapped data for i = 229, j = 252 sucessfully passed !
	Initialyzed swapped data for i = 229, j = 253 sucessfully passed !
	Initialyzed swapped data for i = 229, j = 254 sucessfully passed !
	Initialyzed swapped data for i = 229, j = 255 sucessfully passed !
	Initialyzed swapped data for i = 229, j = 256 sucessfully passed !
	Initialyzed swapped data for i = 229, j = 257 sucessfully passed !
	Initialyzed swapped data for i = 229, j = 258 sucessfully passed !
	Initialyzed swapped data for i = 229, j = 259 sucessfully passed !
	Initialyzed swapped data for i = 229, j = 260 sucessfully passed !
	Initialyzed swapped data for i = 229, j = 261 sucessfully passed !
	Initialyzed swapped data for i = 229, j = 262 sucessfully passed !
	Initialyzed swapped data for i = 229, j = 263 sucessfully passed !
	Initialyzed swapped data for i = 229, j = 264 sucessfully passed !
	Initialyzed swapped data for i = 229, j = 265 sucessfully passed !
	Initialyzed swapped data for i = 229, j = 266 sucessfully passed !
	Initialyzed swapped data for i = 229, j = 267 sucessfully passed !
	Initialyzed swapped data for i = 229, j = 268 sucessfully passed !
	Initialyzed swapped data for i = 229, j = 269 sucessfully passed !
	Initialyzed swapped data for i = 229, j = 270 sucessfully passed !
	Initialyzed swapped data for i = 229, j = 271 sucessfully passed !
	Initialyzed swapped data for i = 229, j = 272 sucessfully passed !
	Initialyzed swapped data for i = 229, j = 273 sucessfully passed !
	Initialyzed swapped data for i = 229, j = 274 sucessfully passed !
	Initialyzed swapped data for i = 229, j = 275 sucessfully passed !
	Initialyzed swapped data for i = 229, j = 276 sucessfully passed !
	Initialyzed swapped data for i = 229, j = 277 sucessfully passed !
	Initialyzed swapped data for i = 229, j = 278 sucessfully passed !
	Initialyzed swapped data for i = 229, j = 279 sucessfully passed !
	Initialyzed swapped data for i = 229, j = 280 sucessfully passed !
	Initialyzed swapped data for i = 229, j = 281 sucessfully passed !
	Initialyzed swapped data for i = 229, j = 282 sucessfully passed !
	Initialyzed swapped data for i = 229, j = 283 sucessfully passed !
	Initialyzed swapped data for i = 229, j = 284 sucessfully passed !
	Initialyzed swapped data for i = 229, j = 285 sucessfully passed !
	Initialyzed swapped data for i = 229, j = 286 sucessfully passed !
	Initialyzed swapped data for i = 229, j = 287 sucessfully passed !
	Initialyzed swapped data for i = 229, j = 288 sucessfully passed !
	Initialyzed swapped data for i = 229, j = 289 sucessfully passed !
	Initialyzed swapped data for i = 229, j = 290 sucessfully passed !
	Initialyzed swapped data for i = 229, j = 291 sucessfully passed !
	Initialyzed swapped data for i = 229, j = 292 sucessfully passed !
	Initialyzed swapped data for i = 229, j = 293 sucessfully passed !
	Initialyzed swapped data for i = 229, j = 294 sucessfully passed !
	Initialyzed swapped data for i = 229, j = 295 sucessfully passed !
	Initialyzed swapped data for i = 229, j = 296 sucessfully passed !
	Initialyzed swapped data for i = 229, j = 297 sucessfully passed !
	Initialyzed swapped data for i = 229, j = 298 sucessfully passed !
	Initialyzed swapped data for i = 229, j = 299 sucessfully passed !
	Initialyzed swapped data for i = 229, j = 300 sucessfully passed !
	Initialyzed swapped data for i = 229, j = 301 sucessfully passed !
	Initialyzed swapped data for i = 229, j = 302 sucessfully passed !
	Initialyzed swapped data for i = 229, j = 303 sucessfully passed !
	Initialyzed swapped data for i = 229, j = 304 sucessfully passed !
	Initialyzed swapped data for i = 229, j = 305 sucessfully passed !
	Initialyzed swapped data for i = 229, j = 306 sucessfully passed !
	Initialyzed swapped data for i = 229, j = 307 sucessfully passed !
	Initialyzed swapped data for i = 229, j = 308 sucessfully passed !
	Initialyzed swapped data for i = 229, j = 309 sucessfully passed !
	Initialyzed swapped data for i = 229, j = 310 sucessfully passed !
	Initialyzed swapped data for i = 229, j = 311 sucessfully passed !
	Initialyzed swapped data for i = 229, j = 312 sucessfully passed !
	Initialyzed swapped data for i = 229, j = 313 sucessfully passed !
	Initialyzed swapped data for i = 229, j = 314 sucessfully passed !
	Initialyzed swapped data for i = 229, j = 315 sucessfully passed !
	Initialyzed swapped data for i = 229, j = 316 sucessfully passed !
	Initialyzed swapped data for i = 229, j = 317 sucessfully passed !
	Initialyzed swapped data for i = 229, j = 318 sucessfully passed !
	Initialyzed swapped data for i = 229, j = 319 sucessfully passed !
	Initialyzed swapped data for i = 229, j = 320 sucessfully passed !
	Initialyzed swapped data for i = 229, j = 321 sucessfully passed !
	Initialyzed swapped data for i = 229, j = 322 sucessfully passed !
	Initialyzed swapped data for i = 229, j = 323 sucessfully passed !
	Initialyzed swapped data for i = 229, j = 324 sucessfully passed !
	Initialyzed swapped data for i = 229, j = 325 sucessfully passed !
	Initialyzed swapped data for i = 229, j = 326 sucessfully passed !
	Initialyzed swapped data for i = 229, j = 327 sucessfully passed !
	Initialyzed swapped data for i = 229, j = 328 sucessfully passed !
	Initialyzed swapped data for i = 229, j = 329 sucessfully passed !
	Initialyzed swapped data for i = 229, j = 330 sucessfully passed !
	Initialyzed swapped data for i = 229, j = 331 sucessfully passed !
	Initialyzed swapped data for i = 229, j = 332 sucessfully passed !
	Initialyzed swapped data for i = 229, j = 333 sucessfully passed !
	Initialyzed swapped data for i = 229, j = 334 sucessfully passed !
	Initialyzed swapped data for i = 229, j = 335 sucessfully passed !
	Initialyzed swapped data for i = 229, j = 336 sucessfully passed !
	Initialyzed swapped data for i = 229, j = 337 sucessfully passed !
	Initialyzed swapped data for i = 229, j = 338 sucessfully passed !
	Initialyzed swapped data for i = 229, j = 339 sucessfully passed !
	Initialyzed swapped data for i = 229, j = 340 sucessfully passed !
	Initialyzed swapped data for i = 229, j = 341 sucessfully passed !
	Initialyzed swapped data for i = 229, j = 342 sucessfully passed !
	Initialyzed swapped data for i = 229, j = 343 sucessfully passed !
	Initialyzed swapped data for i = 229, j = 344 sucessfully passed !
	Initialyzed swapped data for i = 229, j = 345 sucessfully passed !
	Initialyzed swapped data for i = 229, j = 346 sucessfully passed !
	Initialyzed swapped data for i = 229, j = 347 sucessfully passed !
	Initialyzed swapped data for i = 229, j = 348 sucessfully passed !
	Initialyzed swapped data for i = 229, j = 349 sucessfully passed !
	Initialyzed swapped data for i = 229, j = 350 sucessfully passed !
	Initialyzed swapped data for i = 229, j = 351 sucessfully passed !
	Initialyzed swapped data for i = 229, j = 352 sucessfully passed !
	Initialyzed swapped data for i = 229, j = 353 sucessfully passed !
	Initialyzed swapped data for i = 229, j = 354 sucessfully passed !
	Initialyzed swapped data for i = 229, j = 355 sucessfully passed !
	Initialyzed swapped data for i = 229, j = 356 sucessfully passed !
	Initialyzed swapped data for i = 229, j = 357 sucessfully passed !
	Initialyzed swapped data for i = 229, j = 358 sucessfully passed !
	Initialyzed swapped data for i = 229, j = 359 sucessfully passed !
	Initialyzed swapped data for i = 229, j = 360 sucessfully passed !
	Initialyzed swapped data for i = 229, j = 361 sucessfully passed !
	Initialyzed swapped data for i = 229, j = 362 sucessfully passed !
	Initialyzed swapped data for i = 229, j = 363 sucessfully passed !
	Initialyzed swapped data for i = 229, j = 364 sucessfully passed !
	Initialyzed swapped data for i = 229, j = 365 sucessfully passed !
	Initialyzed swapped data for i = 229, j = 366 sucessfully passed !
	Initialyzed swapped data for i = 229, j = 367 sucessfully passed !
	Initialyzed swapped data for i = 229, j = 368 sucessfully passed !
	Initialyzed swapped data for i = 229, j = 369 sucessfully passed !
	Initialyzed swapped data for i = 229, j = 370 sucessfully passed !
	Initialyzed swapped data for i = 229, j = 371 sucessfully passed !
	Initialyzed swapped data for i = 229, j = 372 sucessfully passed !
	Initialyzed swapped data for i = 229, j = 373 sucessfully passed !
	Initialyzed swapped data for i = 229, j = 374 sucessfully passed !
	Initialyzed swapped data for i = 229, j = 375 sucessfully passed !
	Initialyzed swapped data for i = 229, j = 376 sucessfully passed !
	Initialyzed swapped data for i = 229, j = 377 sucessfully passed !
	Initialyzed swapped data for i = 229, j = 378 sucessfully passed !
	Initialyzed swapped data for i = 229, j = 379 sucessfully passed !
	Initialyzed swapped data for i = 229, j = 380 sucessfully passed !
	Initialyzed swapped data for i = 229, j = 381 sucessfully passed !
	Initialyzed swapped data for i = 229, j = 382 sucessfully passed !
	Initialyzed swapped data for i = 229, j = 383 sucessfully passed !
	Initialyzed swapped data for i = 229, j = 384 sucessfully passed !
	Initialyzed swapped data for i = 229, j = 385 sucessfully passed !
	Initialyzed swapped data for i = 229, j = 386 sucessfully passed !
	Initialyzed swapped data for i = 229, j = 387 sucessfully passed !
	Initialyzed swapped data for i = 229, j = 388 sucessfully passed !
	Initialyzed swapped data for i = 229, j = 389 sucessfully passed !
	Initialyzed swapped data for i = 229, j = 390 sucessfully passed !
	Initialyzed swapped data for i = 229, j = 391 sucessfully passed !
	Initialyzed swapped data for i = 229, j = 392 sucessfully passed !
	Initialyzed swapped data for i = 229, j = 393 sucessfully passed !
	Initialyzed swapped data for i = 229, j = 394 sucessfully passed !
	Initialyzed swapped data for i = 229, j = 395 sucessfully passed !
	Initialyzed swapped data for i = 229, j = 396 sucessfully passed !
	Initialyzed swapped data for i = 229, j = 397 sucessfully passed !
	Initialyzed swapped data for i = 229, j = 398 sucessfully passed !
	Initialyzed swapped data for i = 229, j = 399 sucessfully passed !
	Initialyzed swapped data for i = 229, j = 400 sucessfully passed !
	Initialyzed swapped data for i = 229, j = 401 sucessfully passed !
	Initialyzed swapped data for i = 229, j = 402 sucessfully passed !
	Initialyzed swapped data for i = 229, j = 403 sucessfully passed !
	Initialyzed swapped data for i = 229, j = 404 sucessfully passed !
	Initialyzed swapped data for i = 229, j = 405 sucessfully passed !
	Initialyzed swapped data for i = 229, j = 406 sucessfully passed !
	Initialyzed swapped data for i = 229, j = 407 sucessfully passed !
	Initialyzed swapped data for i = 229, j = 408 sucessfully passed !
	Initialyzed swapped data for i = 229, j = 409 sucessfully passed !
	Initialyzed swapped data for i = 229, j = 410 sucessfully passed !
	Initialyzed swapped data for i = 229, j = 411 sucessfully passed !
	Initialyzed swapped data for i = 229, j = 412 sucessfully passed !
	Initialyzed swapped data for i = 229, j = 413 sucessfully passed !
	Initialyzed swapped data for i = 229, j = 414 sucessfully passed !
	Initialyzed swapped data for i = 229, j = 415 sucessfully passed !
	Initialyzed swapped data for i = 229, j = 416 sucessfully passed !
	Initialyzed swapped data for i = 229, j = 417 sucessfully passed !
	Initialyzed swapped data for i = 229, j = 418 sucessfully passed !
	Initialyzed swapped data for i = 229, j = 419 sucessfully passed !
	Initialyzed swapped data for i = 229, j = 420 sucessfully passed !
	Initialyzed swapped data for i = 229, j = 421 sucessfully passed !
	Initialyzed swapped data for i = 229, j = 422 sucessfully passed !
	Initialyzed swapped data for i = 229, j = 423 sucessfully passed !
	Initialyzed swapped data for i = 229, j = 424 sucessfully passed !
	Initialyzed swapped data for i = 229, j = 425 sucessfully passed !
	Initialyzed swapped data for i = 229, j = 426 sucessfully passed !
	Initialyzed swapped data for i = 229, j = 427 sucessfully passed !
	Initialyzed swapped data for i = 229, j = 428 sucessfully passed !
	Initialyzed swapped data for i = 229, j = 429 sucessfully passed !
	Initialyzed swapped data for i = 229, j = 430 sucessfully passed !
	Initialyzed swapped data for i = 229, j = 431 sucessfully passed !
	Initialyzed swapped data for i = 229, j = 432 sucessfully passed !
	Initialyzed swapped data for i = 229, j = 433 sucessfully passed !
	Initialyzed swapped data for i = 230, j = 231 sucessfully passed !
	Initialyzed swapped data for i = 230, j = 232 sucessfully passed !
	Initialyzed swapped data for i = 230, j = 233 sucessfully passed !
	Initialyzed swapped data for i = 230, j = 234 sucessfully passed !
	Initialyzed swapped data for i = 230, j = 235 sucessfully passed !
	Initialyzed swapped data for i = 230, j = 236 sucessfully passed !
	Initialyzed swapped data for i = 230, j = 237 sucessfully passed !
	Initialyzed swapped data for i = 230, j = 238 sucessfully passed !
	Initialyzed swapped data for i = 230, j = 239 sucessfully passed !
	Initialyzed swapped data for i = 230, j = 240 sucessfully passed !
	Initialyzed swapped data for i = 230, j = 241 sucessfully passed !
	Initialyzed swapped data for i = 230, j = 242 sucessfully passed !
	Initialyzed swapped data for i = 230, j = 243 sucessfully passed !
	Initialyzed swapped data for i = 230, j = 244 sucessfully passed !
	Initialyzed swapped data for i = 230, j = 245 sucessfully passed !
	Initialyzed swapped data for i = 230, j = 246 sucessfully passed !
	Initialyzed swapped data for i = 230, j = 247 sucessfully passed !
	Initialyzed swapped data for i = 230, j = 248 sucessfully passed !
	Initialyzed swapped data for i = 230, j = 249 sucessfully passed !
	Initialyzed swapped data for i = 230, j = 250 sucessfully passed !
	Initialyzed swapped data for i = 230, j = 251 sucessfully passed !
	Initialyzed swapped data for i = 230, j = 252 sucessfully passed !
	Initialyzed swapped data for i = 230, j = 253 sucessfully passed !
	Initialyzed swapped data for i = 230, j = 254 sucessfully passed !
	Initialyzed swapped data for i = 230, j = 255 sucessfully passed !
	Initialyzed swapped data for i = 230, j = 256 sucessfully passed !
	Initialyzed swapped data for i = 230, j = 257 sucessfully passed !
	Initialyzed swapped data for i = 230, j = 258 sucessfully passed !
	Initialyzed swapped data for i = 230, j = 259 sucessfully passed !
	Initialyzed swapped data for i = 230, j = 260 sucessfully passed !
	Initialyzed swapped data for i = 230, j = 261 sucessfully passed !
	Initialyzed swapped data for i = 230, j = 262 sucessfully passed !
	Initialyzed swapped data for i = 230, j = 263 sucessfully passed !
	Initialyzed swapped data for i = 230, j = 264 sucessfully passed !
	Initialyzed swapped data for i = 230, j = 265 sucessfully passed !
	Initialyzed swapped data for i = 230, j = 266 sucessfully passed !
	Initialyzed swapped data for i = 230, j = 267 sucessfully passed !
	Initialyzed swapped data for i = 230, j = 268 sucessfully passed !
	Initialyzed swapped data for i = 230, j = 269 sucessfully passed !
	Initialyzed swapped data for i = 230, j = 270 sucessfully passed !
	Initialyzed swapped data for i = 230, j = 271 sucessfully passed !
	Initialyzed swapped data for i = 230, j = 272 sucessfully passed !
	Initialyzed swapped data for i = 230, j = 273 sucessfully passed !
	Initialyzed swapped data for i = 230, j = 274 sucessfully passed !
	Initialyzed swapped data for i = 230, j = 275 sucessfully passed !
	Initialyzed swapped data for i = 230, j = 276 sucessfully passed !
	Initialyzed swapped data for i = 230, j = 277 sucessfully passed !
	Initialyzed swapped data for i = 230, j = 278 sucessfully passed !
	Initialyzed swapped data for i = 230, j = 279 sucessfully passed !
	Initialyzed swapped data for i = 230, j = 280 sucessfully passed !
	Initialyzed swapped data for i = 230, j = 281 sucessfully passed !
	Initialyzed swapped data for i = 230, j = 282 sucessfully passed !
	Initialyzed swapped data for i = 230, j = 283 sucessfully passed !
	Initialyzed swapped data for i = 230, j = 284 sucessfully passed !
	Initialyzed swapped data for i = 230, j = 285 sucessfully passed !
	Initialyzed swapped data for i = 230, j = 286 sucessfully passed !
	Initialyzed swapped data for i = 230, j = 287 sucessfully passed !
	Initialyzed swapped data for i = 230, j = 288 sucessfully passed !
	Initialyzed swapped data for i = 230, j = 289 sucessfully passed !
	Initialyzed swapped data for i = 230, j = 290 sucessfully passed !
	Initialyzed swapped data for i = 230, j = 291 sucessfully passed !
	Initialyzed swapped data for i = 230, j = 292 sucessfully passed !
	Initialyzed swapped data for i = 230, j = 293 sucessfully passed !
	Initialyzed swapped data for i = 230, j = 294 sucessfully passed !
	Initialyzed swapped data for i = 230, j = 295 sucessfully passed !
	Initialyzed swapped data for i = 230, j = 296 sucessfully passed !
	Initialyzed swapped data for i = 230, j = 297 sucessfully passed !
	Initialyzed swapped data for i = 230, j = 298 sucessfully passed !
	Initialyzed swapped data for i = 230, j = 299 sucessfully passed !
	Initialyzed swapped data for i = 230, j = 300 sucessfully passed !
	Initialyzed swapped data for i = 230, j = 301 sucessfully passed !
	Initialyzed swapped data for i = 230, j = 302 sucessfully passed !
	Initialyzed swapped data for i = 230, j = 303 sucessfully passed !
	Initialyzed swapped data for i = 230, j = 304 sucessfully passed !
	Initialyzed swapped data for i = 230, j = 305 sucessfully passed !
	Initialyzed swapped data for i = 230, j = 306 sucessfully passed !
	Initialyzed swapped data for i = 230, j = 307 sucessfully passed !
	Initialyzed swapped data for i = 230, j = 308 sucessfully passed !
	Initialyzed swapped data for i = 230, j = 309 sucessfully passed !
	Initialyzed swapped data for i = 230, j = 310 sucessfully passed !
	Initialyzed swapped data for i = 230, j = 311 sucessfully passed !
	Initialyzed swapped data for i = 230, j = 312 sucessfully passed !
	Initialyzed swapped data for i = 230, j = 313 sucessfully passed !
	Initialyzed swapped data for i = 230, j = 314 sucessfully passed !
	Initialyzed swapped data for i = 230, j = 315 sucessfully passed !
	Initialyzed swapped data for i = 230, j = 316 sucessfully passed !
	Initialyzed swapped data for i = 230, j = 317 sucessfully passed !
	Initialyzed swapped data for i = 230, j = 318 sucessfully passed !
	Initialyzed swapped data for i = 230, j = 319 sucessfully passed !
	Initialyzed swapped data for i = 230, j = 320 sucessfully passed !
	Initialyzed swapped data for i = 230, j = 321 sucessfully passed !
	Initialyzed swapped data for i = 230, j = 322 sucessfully passed !
	Initialyzed swapped data for i = 230, j = 323 sucessfully passed !
	Initialyzed swapped data for i = 230, j = 324 sucessfully passed !
	Initialyzed swapped data for i = 230, j = 325 sucessfully passed !
	Initialyzed swapped data for i = 230, j = 326 sucessfully passed !
	Initialyzed swapped data for i = 230, j = 327 sucessfully passed !
	Initialyzed swapped data for i = 230, j = 328 sucessfully passed !
	Initialyzed swapped data for i = 230, j = 329 sucessfully passed !
	Initialyzed swapped data for i = 230, j = 330 sucessfully passed !
	Initialyzed swapped data for i = 230, j = 331 sucessfully passed !
	Initialyzed swapped data for i = 230, j = 332 sucessfully passed !
	Initialyzed swapped data for i = 230, j = 333 sucessfully passed !
	Initialyzed swapped data for i = 230, j = 334 sucessfully passed !
	Initialyzed swapped data for i = 230, j = 335 sucessfully passed !
	Initialyzed swapped data for i = 230, j = 336 sucessfully passed !
	Initialyzed swapped data for i = 230, j = 337 sucessfully passed !
	Initialyzed swapped data for i = 230, j = 338 sucessfully passed !
	Initialyzed swapped data for i = 230, j = 339 sucessfully passed !
	Initialyzed swapped data for i = 230, j = 340 sucessfully passed !
	Initialyzed swapped data for i = 230, j = 341 sucessfully passed !
	Initialyzed swapped data for i = 230, j = 342 sucessfully passed !
	Initialyzed swapped data for i = 230, j = 343 sucessfully passed !
	Initialyzed swapped data for i = 230, j = 344 sucessfully passed !
	Initialyzed swapped data for i = 230, j = 345 sucessfully passed !
	Initialyzed swapped data for i = 230, j = 346 sucessfully passed !
	Initialyzed swapped data for i = 230, j = 347 sucessfully passed !
	Initialyzed swapped data for i = 230, j = 348 sucessfully passed !
	Initialyzed swapped data for i = 230, j = 349 sucessfully passed !
	Initialyzed swapped data for i = 230, j = 350 sucessfully passed !
	Initialyzed swapped data for i = 230, j = 351 sucessfully passed !
	Initialyzed swapped data for i = 230, j = 352 sucessfully passed !
	Initialyzed swapped data for i = 230, j = 353 sucessfully passed !
	Initialyzed swapped data for i = 230, j = 354 sucessfully passed !
	Initialyzed swapped data for i = 230, j = 355 sucessfully passed !
	Initialyzed swapped data for i = 230, j = 356 sucessfully passed !
	Initialyzed swapped data for i = 230, j = 357 sucessfully passed !
	Initialyzed swapped data for i = 230, j = 358 sucessfully passed !
	Initialyzed swapped data for i = 230, j = 359 sucessfully passed !
	Initialyzed swapped data for i = 230, j = 360 sucessfully passed !
	Initialyzed swapped data for i = 230, j = 361 sucessfully passed !
	Initialyzed swapped data for i = 230, j = 362 sucessfully passed !
	Initialyzed swapped data for i = 230, j = 363 sucessfully passed !
	Initialyzed swapped data for i = 230, j = 364 sucessfully passed !
	Initialyzed swapped data for i = 230, j = 365 sucessfully passed !
	Initialyzed swapped data for i = 230, j = 366 sucessfully passed !
	Initialyzed swapped data for i = 230, j = 367 sucessfully passed !
	Initialyzed swapped data for i = 230, j = 368 sucessfully passed !
	Initialyzed swapped data for i = 230, j = 369 sucessfully passed !
	Initialyzed swapped data for i = 230, j = 370 sucessfully passed !
	Initialyzed swapped data for i = 230, j = 371 sucessfully passed !
	Initialyzed swapped data for i = 230, j = 372 sucessfully passed !
	Initialyzed swapped data for i = 230, j = 373 sucessfully passed !
	Initialyzed swapped data for i = 230, j = 374 sucessfully passed !
	Initialyzed swapped data for i = 230, j = 375 sucessfully passed !
	Initialyzed swapped data for i = 230, j = 376 sucessfully passed !
	Initialyzed swapped data for i = 230, j = 377 sucessfully passed !
	Initialyzed swapped data for i = 230, j = 378 sucessfully passed !
	Initialyzed swapped data for i = 230, j = 379 sucessfully passed !
	Initialyzed swapped data for i = 230, j = 380 sucessfully passed !
	Initialyzed swapped data for i = 230, j = 381 sucessfully passed !
	Initialyzed swapped data for i = 230, j = 382 sucessfully passed !
	Initialyzed swapped data for i = 230, j = 383 sucessfully passed !
	Initialyzed swapped data for i = 230, j = 384 sucessfully passed !
	Initialyzed swapped data for i = 230, j = 385 sucessfully passed !
	Initialyzed swapped data for i = 230, j = 386 sucessfully passed !
	Initialyzed swapped data for i = 230, j = 387 sucessfully passed !
	Initialyzed swapped data for i = 230, j = 388 sucessfully passed !
	Initialyzed swapped data for i = 230, j = 389 sucessfully passed !
	Initialyzed swapped data for i = 230, j = 390 sucessfully passed !
	Initialyzed swapped data for i = 230, j = 391 sucessfully passed !
	Initialyzed swapped data for i = 230, j = 392 sucessfully passed !
	Initialyzed swapped data for i = 230, j = 393 sucessfully passed !
	Initialyzed swapped data for i = 230, j = 394 sucessfully passed !
	Initialyzed swapped data for i = 230, j = 395 sucessfully passed !
	Initialyzed swapped data for i = 230, j = 396 sucessfully passed !
	Initialyzed swapped data for i = 230, j = 397 sucessfully passed !
	Initialyzed swapped data for i = 230, j = 398 sucessfully passed !
	Initialyzed swapped data for i = 230, j = 399 sucessfully passed !
	Initialyzed swapped data for i = 230, j = 400 sucessfully passed !
	Initialyzed swapped data for i = 230, j = 401 sucessfully passed !
	Initialyzed swapped data for i = 230, j = 402 sucessfully passed !
	Initialyzed swapped data for i = 230, j = 403 sucessfully passed !
	Initialyzed swapped data for i = 230, j = 404 sucessfully passed !
	Initialyzed swapped data for i = 230, j = 405 sucessfully passed !
	Initialyzed swapped data for i = 230, j = 406 sucessfully passed !
	Initialyzed swapped data for i = 230, j = 407 sucessfully passed !
	Initialyzed swapped data for i = 230, j = 408 sucessfully passed !
	Initialyzed swapped data for i = 230, j = 409 sucessfully passed !
	Initialyzed swapped data for i = 230, j = 410 sucessfully passed !
	Initialyzed swapped data for i = 230, j = 411 sucessfully passed !
	Initialyzed swapped data for i = 230, j = 412 sucessfully passed !
	Initialyzed swapped data for i = 230, j = 413 sucessfully passed !
	Initialyzed swapped data for i = 230, j = 414 sucessfully passed !
	Initialyzed swapped data for i = 230, j = 415 sucessfully passed !
	Initialyzed swapped data for i = 230, j = 416 sucessfully passed !
	Initialyzed swapped data for i = 230, j = 417 sucessfully passed !
	Initialyzed swapped data for i = 230, j = 418 sucessfully passed !
	Initialyzed swapped data for i = 230, j = 419 sucessfully passed !
	Initialyzed swapped data for i = 230, j = 420 sucessfully passed !
	Initialyzed swapped data for i = 230, j = 421 sucessfully passed !
	Initialyzed swapped data for i = 230, j = 422 sucessfully passed !
	Initialyzed swapped data for i = 230, j = 423 sucessfully passed !
	Initialyzed swapped data for i = 230, j = 424 sucessfully passed !
	Initialyzed swapped data for i = 230, j = 425 sucessfully passed !
	Initialyzed swapped data for i = 230, j = 426 sucessfully passed !
	Initialyzed swapped data for i = 230, j = 427 sucessfully passed !
	Initialyzed swapped data for i = 230, j = 428 sucessfully passed !
	Initialyzed swapped data for i = 230, j = 429 sucessfully passed !
	Initialyzed swapped data for i = 230, j = 430 sucessfully passed !
	Initialyzed swapped data for i = 230, j = 431 sucessfully passed !
	Initialyzed swapped data for i = 230, j = 432 sucessfully passed !
	Initialyzed swapped data for i = 230, j = 433 sucessfully passed !
	Initialyzed swapped data for i = 231, j = 232 sucessfully passed !
	Initialyzed swapped data for i = 231, j = 233 sucessfully passed !
	Initialyzed swapped data for i = 231, j = 234 sucessfully passed !
	Initialyzed swapped data for i = 231, j = 235 sucessfully passed !
	Initialyzed swapped data for i = 231, j = 236 sucessfully passed !
	Initialyzed swapped data for i = 231, j = 237 sucessfully passed !
	Initialyzed swapped data for i = 231, j = 238 sucessfully passed !
	Initialyzed swapped data for i = 231, j = 239 sucessfully passed !
	Initialyzed swapped data for i = 231, j = 240 sucessfully passed !
	Initialyzed swapped data for i = 231, j = 241 sucessfully passed !
	Initialyzed swapped data for i = 231, j = 242 sucessfully passed !
	Initialyzed swapped data for i = 231, j = 243 sucessfully passed !
	Initialyzed swapped data for i = 231, j = 244 sucessfully passed !
	Initialyzed swapped data for i = 231, j = 245 sucessfully passed !
	Initialyzed swapped data for i = 231, j = 246 sucessfully passed !
	Initialyzed swapped data for i = 231, j = 247 sucessfully passed !
	Initialyzed swapped data for i = 231, j = 248 sucessfully passed !
	Initialyzed swapped data for i = 231, j = 249 sucessfully passed !
	Initialyzed swapped data for i = 231, j = 250 sucessfully passed !
	Initialyzed swapped data for i = 231, j = 251 sucessfully passed !
	Initialyzed swapped data for i = 231, j = 252 sucessfully passed !
	Initialyzed swapped data for i = 231, j = 253 sucessfully passed !
	Initialyzed swapped data for i = 231, j = 254 sucessfully passed !
	Initialyzed swapped data for i = 231, j = 255 sucessfully passed !
	Initialyzed swapped data for i = 231, j = 256 sucessfully passed !
	Initialyzed swapped data for i = 231, j = 257 sucessfully passed !
	Initialyzed swapped data for i = 231, j = 258 sucessfully passed !
	Initialyzed swapped data for i = 231, j = 259 sucessfully passed !
	Initialyzed swapped data for i = 231, j = 260 sucessfully passed !
	Initialyzed swapped data for i = 231, j = 261 sucessfully passed !
	Initialyzed swapped data for i = 231, j = 262 sucessfully passed !
	Initialyzed swapped data for i = 231, j = 263 sucessfully passed !
	Initialyzed swapped data for i = 231, j = 264 sucessfully passed !
	Initialyzed swapped data for i = 231, j = 265 sucessfully passed !
	Initialyzed swapped data for i = 231, j = 266 sucessfully passed !
	Initialyzed swapped data for i = 231, j = 267 sucessfully passed !
	Initialyzed swapped data for i = 231, j = 268 sucessfully passed !
	Initialyzed swapped data for i = 231, j = 269 sucessfully passed !
	Initialyzed swapped data for i = 231, j = 270 sucessfully passed !
	Initialyzed swapped data for i = 231, j = 271 sucessfully passed !
	Initialyzed swapped data for i = 231, j = 272 sucessfully passed !
	Initialyzed swapped data for i = 231, j = 273 sucessfully passed !
	Initialyzed swapped data for i = 231, j = 274 sucessfully passed !
	Initialyzed swapped data for i = 231, j = 275 sucessfully passed !
	Initialyzed swapped data for i = 231, j = 276 sucessfully passed !
	Initialyzed swapped data for i = 231, j = 277 sucessfully passed !
	Initialyzed swapped data for i = 231, j = 278 sucessfully passed !
	Initialyzed swapped data for i = 231, j = 279 sucessfully passed !
	Initialyzed swapped data for i = 231, j = 280 sucessfully passed !
	Initialyzed swapped data for i = 231, j = 281 sucessfully passed !
	Initialyzed swapped data for i = 231, j = 282 sucessfully passed !
	Initialyzed swapped data for i = 231, j = 283 sucessfully passed !
	Initialyzed swapped data for i = 231, j = 284 sucessfully passed !
	Initialyzed swapped data for i = 231, j = 285 sucessfully passed !
	Initialyzed swapped data for i = 231, j = 286 sucessfully passed !
	Initialyzed swapped data for i = 231, j = 287 sucessfully passed !
	Initialyzed swapped data for i = 231, j = 288 sucessfully passed !
	Initialyzed swapped data for i = 231, j = 289 sucessfully passed !
	Initialyzed swapped data for i = 231, j = 290 sucessfully passed !
	Initialyzed swapped data for i = 231, j = 291 sucessfully passed !
	Initialyzed swapped data for i = 231, j = 292 sucessfully passed !
	Initialyzed swapped data for i = 231, j = 293 sucessfully passed !
	Initialyzed swapped data for i = 231, j = 294 sucessfully passed !
	Initialyzed swapped data for i = 231, j = 295 sucessfully passed !
	Initialyzed swapped data for i = 231, j = 296 sucessfully passed !
	Initialyzed swapped data for i = 231, j = 297 sucessfully passed !
	Initialyzed swapped data for i = 231, j = 298 sucessfully passed !
	Initialyzed swapped data for i = 231, j = 299 sucessfully passed !
	Initialyzed swapped data for i = 231, j = 300 sucessfully passed !
	Initialyzed swapped data for i = 231, j = 301 sucessfully passed !
	Initialyzed swapped data for i = 231, j = 302 sucessfully passed !
	Initialyzed swapped data for i = 231, j = 303 sucessfully passed !
	Initialyzed swapped data for i = 231, j = 304 sucessfully passed !
	Initialyzed swapped data for i = 231, j = 305 sucessfully passed !
	Initialyzed swapped data for i = 231, j = 306 sucessfully passed !
	Initialyzed swapped data for i = 231, j = 307 sucessfully passed !
	Initialyzed swapped data for i = 231, j = 308 sucessfully passed !
	Initialyzed swapped data for i = 231, j = 309 sucessfully passed !
	Initialyzed swapped data for i = 231, j = 310 sucessfully passed !
	Initialyzed swapped data for i = 231, j = 311 sucessfully passed !
	Initialyzed swapped data for i = 231, j = 312 sucessfully passed !
	Initialyzed swapped data for i = 231, j = 313 sucessfully passed !
	Initialyzed swapped data for i = 231, j = 314 sucessfully passed !
	Initialyzed swapped data for i = 231, j = 315 sucessfully passed !
	Initialyzed swapped data for i = 231, j = 316 sucessfully passed !
	Initialyzed swapped data for i = 231, j = 317 sucessfully passed !
	Initialyzed swapped data for i = 231, j = 318 sucessfully passed !
	Initialyzed swapped data for i = 231, j = 319 sucessfully passed !
	Initialyzed swapped data for i = 231, j = 320 sucessfully passed !
	Initialyzed swapped data for i = 231, j = 321 sucessfully passed !
	Initialyzed swapped data for i = 231, j = 322 sucessfully passed !
	Initialyzed swapped data for i = 231, j = 323 sucessfully passed !
	Initialyzed swapped data for i = 231, j = 324 sucessfully passed !
	Initialyzed swapped data for i = 231, j = 325 sucessfully passed !
	Initialyzed swapped data for i = 231, j = 326 sucessfully passed !
	Initialyzed swapped data for i = 231, j = 327 sucessfully passed !
	Initialyzed swapped data for i = 231, j = 328 sucessfully passed !
	Initialyzed swapped data for i = 231, j = 329 sucessfully passed !
	Initialyzed swapped data for i = 231, j = 330 sucessfully passed !
	Initialyzed swapped data for i = 231, j = 331 sucessfully passed !
	Initialyzed swapped data for i = 231, j = 332 sucessfully passed !
	Initialyzed swapped data for i = 231, j = 333 sucessfully passed !
	Initialyzed swapped data for i = 231, j = 334 sucessfully passed !
	Initialyzed swapped data for i = 231, j = 335 sucessfully passed !
	Initialyzed swapped data for i = 231, j = 336 sucessfully passed !
	Initialyzed swapped data for i = 231, j = 337 sucessfully passed !
	Initialyzed swapped data for i = 231, j = 338 sucessfully passed !
	Initialyzed swapped data for i = 231, j = 339 sucessfully passed !
	Initialyzed swapped data for i = 231, j = 340 sucessfully passed !
	Initialyzed swapped data for i = 231, j = 341 sucessfully passed !
	Initialyzed swapped data for i = 231, j = 342 sucessfully passed !
	Initialyzed swapped data for i = 231, j = 343 sucessfully passed !
	Initialyzed swapped data for i = 231, j = 344 sucessfully passed !
	Initialyzed swapped data for i = 231, j = 345 sucessfully passed !
	Initialyzed swapped data for i = 231, j = 346 sucessfully passed !
	Initialyzed swapped data for i = 231, j = 347 sucessfully passed !
	Initialyzed swapped data for i = 231, j = 348 sucessfully passed !
	Initialyzed swapped data for i = 231, j = 349 sucessfully passed !
	Initialyzed swapped data for i = 231, j = 350 sucessfully passed !
	Initialyzed swapped data for i = 231, j = 351 sucessfully passed !
	Initialyzed swapped data for i = 231, j = 352 sucessfully passed !
	Initialyzed swapped data for i = 231, j = 353 sucessfully passed !
	Initialyzed swapped data for i = 231, j = 354 sucessfully passed !
	Initialyzed swapped data for i = 231, j = 355 sucessfully passed !
	Initialyzed swapped data for i = 231, j = 356 sucessfully passed !
	Initialyzed swapped data for i = 231, j = 357 sucessfully passed !
	Initialyzed swapped data for i = 231, j = 358 sucessfully passed !
	Initialyzed swapped data for i = 231, j = 359 sucessfully passed !
	Initialyzed swapped data for i = 231, j = 360 sucessfully passed !
	Initialyzed swapped data for i = 231, j = 361 sucessfully passed !
	Initialyzed swapped data for i = 231, j = 362 sucessfully passed !
	Initialyzed swapped data for i = 231, j = 363 sucessfully passed !
	Initialyzed swapped data for i = 231, j = 364 sucessfully passed !
	Initialyzed swapped data for i = 231, j = 365 sucessfully passed !
	Initialyzed swapped data for i = 231, j = 366 sucessfully passed !
	Initialyzed swapped data for i = 231, j = 367 sucessfully passed !
	Initialyzed swapped data for i = 231, j = 368 sucessfully passed !
	Initialyzed swapped data for i = 231, j = 369 sucessfully passed !
	Initialyzed swapped data for i = 231, j = 370 sucessfully passed !
	Initialyzed swapped data for i = 231, j = 371 sucessfully passed !
	Initialyzed swapped data for i = 231, j = 372 sucessfully passed !
	Initialyzed swapped data for i = 231, j = 373 sucessfully passed !
	Initialyzed swapped data for i = 231, j = 374 sucessfully passed !
	Initialyzed swapped data for i = 231, j = 375 sucessfully passed !
	Initialyzed swapped data for i = 231, j = 376 sucessfully passed !
	Initialyzed swapped data for i = 231, j = 377 sucessfully passed !
	Initialyzed swapped data for i = 231, j = 378 sucessfully passed !
	Initialyzed swapped data for i = 231, j = 379 sucessfully passed !
	Initialyzed swapped data for i = 231, j = 380 sucessfully passed !
	Initialyzed swapped data for i = 231, j = 381 sucessfully passed !
	Initialyzed swapped data for i = 231, j = 382 sucessfully passed !
	Initialyzed swapped data for i = 231, j = 383 sucessfully passed !
	Initialyzed swapped data for i = 231, j = 384 sucessfully passed !
	Initialyzed swapped data for i = 231, j = 385 sucessfully passed !
	Initialyzed swapped data for i = 231, j = 386 sucessfully passed !
	Initialyzed swapped data for i = 231, j = 387 sucessfully passed !
	Initialyzed swapped data for i = 231, j = 388 sucessfully passed !
	Initialyzed swapped data for i = 231, j = 389 sucessfully passed !
	Initialyzed swapped data for i = 231, j = 390 sucessfully passed !
	Initialyzed swapped data for i = 231, j = 391 sucessfully passed !
	Initialyzed swapped data for i = 231, j = 392 sucessfully passed !
	Initialyzed swapped data for i = 231, j = 393 sucessfully passed !
	Initialyzed swapped data for i = 231, j = 394 sucessfully passed !
	Initialyzed swapped data for i = 231, j = 395 sucessfully passed !
	Initialyzed swapped data for i = 231, j = 396 sucessfully passed !
	Initialyzed swapped data for i = 231, j = 397 sucessfully passed !
	Initialyzed swapped data for i = 231, j = 398 sucessfully passed !
	Initialyzed swapped data for i = 231, j = 399 sucessfully passed !
	Initialyzed swapped data for i = 231, j = 400 sucessfully passed !
	Initialyzed swapped data for i = 231, j = 401 sucessfully passed !
	Initialyzed swapped data for i = 231, j = 402 sucessfully passed !
	Initialyzed swapped data for i = 231, j = 403 sucessfully passed !
	Initialyzed swapped data for i = 231, j = 404 sucessfully passed !
	Initialyzed swapped data for i = 231, j = 405 sucessfully passed !
	Initialyzed swapped data for i = 231, j = 406 sucessfully passed !
	Initialyzed swapped data for i = 231, j = 407 sucessfully passed !
	Initialyzed swapped data for i = 231, j = 408 sucessfully passed !
	Initialyzed swapped data for i = 231, j = 409 sucessfully passed !
	Initialyzed swapped data for i = 231, j = 410 sucessfully passed !
	Initialyzed swapped data for i = 231, j = 411 sucessfully passed !
	Initialyzed swapped data for i = 231, j = 412 sucessfully passed !
	Initialyzed swapped data for i = 231, j = 413 sucessfully passed !
	Initialyzed swapped data for i = 231, j = 414 sucessfully passed !
	Initialyzed swapped data for i = 231, j = 415 sucessfully passed !
	Initialyzed swapped data for i = 231, j = 416 sucessfully passed !
	Initialyzed swapped data for i = 231, j = 417 sucessfully passed !
	Initialyzed swapped data for i = 231, j = 418 sucessfully passed !
	Initialyzed swapped data for i = 231, j = 419 sucessfully passed !
	Initialyzed swapped data for i = 231, j = 420 sucessfully passed !
	Initialyzed swapped data for i = 231, j = 421 sucessfully passed !
	Initialyzed swapped data for i = 231, j = 422 sucessfully passed !
	Initialyzed swapped data for i = 231, j = 423 sucessfully passed !
	Initialyzed swapped data for i = 231, j = 424 sucessfully passed !
	Initialyzed swapped data for i = 231, j = 425 sucessfully passed !
	Initialyzed swapped data for i = 231, j = 426 sucessfully passed !
	Initialyzed swapped data for i = 231, j = 427 sucessfully passed !
	Initialyzed swapped data for i = 231, j = 428 sucessfully passed !
	Initialyzed swapped data for i = 231, j = 429 sucessfully passed !
	Initialyzed swapped data for i = 231, j = 430 sucessfully passed !
	Initialyzed swapped data for i = 231, j = 431 sucessfully passed !
	Initialyzed swapped data for i = 231, j = 432 sucessfully passed !
	Initialyzed swapped data for i = 231, j = 433 sucessfully passed !
	Initialyzed swapped data for i = 232, j = 233 sucessfully passed !
	Initialyzed swapped data for i = 232, j = 234 sucessfully passed !
	Initialyzed swapped data for i = 232, j = 235 sucessfully passed !
	Initialyzed swapped data for i = 232, j = 236 sucessfully passed !
	Initialyzed swapped data for i = 232, j = 237 sucessfully passed !
	Initialyzed swapped data for i = 232, j = 238 sucessfully passed !
	Initialyzed swapped data for i = 232, j = 239 sucessfully passed !
	Initialyzed swapped data for i = 232, j = 240 sucessfully passed !
	Initialyzed swapped data for i = 232, j = 241 sucessfully passed !
	Initialyzed swapped data for i = 232, j = 242 sucessfully passed !
	Initialyzed swapped data for i = 232, j = 243 sucessfully passed !
	Initialyzed swapped data for i = 232, j = 244 sucessfully passed !
	Initialyzed swapped data for i = 232, j = 245 sucessfully passed !
	Initialyzed swapped data for i = 232, j = 246 sucessfully passed !
	Initialyzed swapped data for i = 232, j = 247 sucessfully passed !
	Initialyzed swapped data for i = 232, j = 248 sucessfully passed !
	Initialyzed swapped data for i = 232, j = 249 sucessfully passed !
	Initialyzed swapped data for i = 232, j = 250 sucessfully passed !
	Initialyzed swapped data for i = 232, j = 251 sucessfully passed !
	Initialyzed swapped data for i = 232, j = 252 sucessfully passed !
	Initialyzed swapped data for i = 232, j = 253 sucessfully passed !
	Initialyzed swapped data for i = 232, j = 254 sucessfully passed !
	Initialyzed swapped data for i = 232, j = 255 sucessfully passed !
	Initialyzed swapped data for i = 232, j = 256 sucessfully passed !
	Initialyzed swapped data for i = 232, j = 257 sucessfully passed !
	Initialyzed swapped data for i = 232, j = 258 sucessfully passed !
	Initialyzed swapped data for i = 232, j = 259 sucessfully passed !
	Initialyzed swapped data for i = 232, j = 260 sucessfully passed !
	Initialyzed swapped data for i = 232, j = 261 sucessfully passed !
	Initialyzed swapped data for i = 232, j = 262 sucessfully passed !
	Initialyzed swapped data for i = 232, j = 263 sucessfully passed !
	Initialyzed swapped data for i = 232, j = 264 sucessfully passed !
	Initialyzed swapped data for i = 232, j = 265 sucessfully passed !
	Initialyzed swapped data for i = 232, j = 266 sucessfully passed !
	Initialyzed swapped data for i = 232, j = 267 sucessfully passed !
	Initialyzed swapped data for i = 232, j = 268 sucessfully passed !
	Initialyzed swapped data for i = 232, j = 269 sucessfully passed !
	Initialyzed swapped data for i = 232, j = 270 sucessfully passed !
	Initialyzed swapped data for i = 232, j = 271 sucessfully passed !
	Initialyzed swapped data for i = 232, j = 272 sucessfully passed !
	Initialyzed swapped data for i = 232, j = 273 sucessfully passed !
	Initialyzed swapped data for i = 232, j = 274 sucessfully passed !
	Initialyzed swapped data for i = 232, j = 275 sucessfully passed !
	Initialyzed swapped data for i = 232, j = 276 sucessfully passed !
	Initialyzed swapped data for i = 232, j = 277 sucessfully passed !
	Initialyzed swapped data for i = 232, j = 278 sucessfully passed !
	Initialyzed swapped data for i = 232, j = 279 sucessfully passed !
	Initialyzed swapped data for i = 232, j = 280 sucessfully passed !
	Initialyzed swapped data for i = 232, j = 281 sucessfully passed !
	Initialyzed swapped data for i = 232, j = 282 sucessfully passed !
	Initialyzed swapped data for i = 232, j = 283 sucessfully passed !
	Initialyzed swapped data for i = 232, j = 284 sucessfully passed !
	Initialyzed swapped data for i = 232, j = 285 sucessfully passed !
	Initialyzed swapped data for i = 232, j = 286 sucessfully passed !
	Initialyzed swapped data for i = 232, j = 287 sucessfully passed !
	Initialyzed swapped data for i = 232, j = 288 sucessfully passed !
	Initialyzed swapped data for i = 232, j = 289 sucessfully passed !
	Initialyzed swapped data for i = 232, j = 290 sucessfully passed !
	Initialyzed swapped data for i = 232, j = 291 sucessfully passed !
	Initialyzed swapped data for i = 232, j = 292 sucessfully passed !
	Initialyzed swapped data for i = 232, j = 293 sucessfully passed !
	Initialyzed swapped data for i = 232, j = 294 sucessfully passed !
	Initialyzed swapped data for i = 232, j = 295 sucessfully passed !
	Initialyzed swapped data for i = 232, j = 296 sucessfully passed !
	Initialyzed swapped data for i = 232, j = 297 sucessfully passed !
	Initialyzed swapped data for i = 232, j = 298 sucessfully passed !
	Initialyzed swapped data for i = 232, j = 299 sucessfully passed !
	Initialyzed swapped data for i = 232, j = 300 sucessfully passed !
	Initialyzed swapped data for i = 232, j = 301 sucessfully passed !
	Initialyzed swapped data for i = 232, j = 302 sucessfully passed !
	Initialyzed swapped data for i = 232, j = 303 sucessfully passed !
	Initialyzed swapped data for i = 232, j = 304 sucessfully passed !
	Initialyzed swapped data for i = 232, j = 305 sucessfully passed !
	Initialyzed swapped data for i = 232, j = 306 sucessfully passed !
	Initialyzed swapped data for i = 232, j = 307 sucessfully passed !
	Initialyzed swapped data for i = 232, j = 308 sucessfully passed !
	Initialyzed swapped data for i = 232, j = 309 sucessfully passed !
	Initialyzed swapped data for i = 232, j = 310 sucessfully passed !
	Initialyzed swapped data for i = 232, j = 311 sucessfully passed !
	Initialyzed swapped data for i = 232, j = 312 sucessfully passed !
	Initialyzed swapped data for i = 232, j = 313 sucessfully passed !
	Initialyzed swapped data for i = 232, j = 314 sucessfully passed !
	Initialyzed swapped data for i = 232, j = 315 sucessfully passed !
	Initialyzed swapped data for i = 232, j = 316 sucessfully passed !
	Initialyzed swapped data for i = 232, j = 317 sucessfully passed !
	Initialyzed swapped data for i = 232, j = 318 sucessfully passed !
	Initialyzed swapped data for i = 232, j = 319 sucessfully passed !
	Initialyzed swapped data for i = 232, j = 320 sucessfully passed !
	Initialyzed swapped data for i = 232, j = 321 sucessfully passed !
	Initialyzed swapped data for i = 232, j = 322 sucessfully passed !
	Initialyzed swapped data for i = 232, j = 323 sucessfully passed !
	Initialyzed swapped data for i = 232, j = 324 sucessfully passed !
	Initialyzed swapped data for i = 232, j = 325 sucessfully passed !
	Initialyzed swapped data for i = 232, j = 326 sucessfully passed !
	Initialyzed swapped data for i = 232, j = 327 sucessfully passed !
	Initialyzed swapped data for i = 232, j = 328 sucessfully passed !
	Initialyzed swapped data for i = 232, j = 329 sucessfully passed !
	Initialyzed swapped data for i = 232, j = 330 sucessfully passed !
	Initialyzed swapped data for i = 232, j = 331 sucessfully passed !
	Initialyzed swapped data for i = 232, j = 332 sucessfully passed !
	Initialyzed swapped data for i = 232, j = 333 sucessfully passed !
	Initialyzed swapped data for i = 232, j = 334 sucessfully passed !
	Initialyzed swapped data for i = 232, j = 335 sucessfully passed !
	Initialyzed swapped data for i = 232, j = 336 sucessfully passed !
	Initialyzed swapped data for i = 232, j = 337 sucessfully passed !
	Initialyzed swapped data for i = 232, j = 338 sucessfully passed !
	Initialyzed swapped data for i = 232, j = 339 sucessfully passed !
	Initialyzed swapped data for i = 232, j = 340 sucessfully passed !
	Initialyzed swapped data for i = 232, j = 341 sucessfully passed !
	Initialyzed swapped data for i = 232, j = 342 sucessfully passed !
	Initialyzed swapped data for i = 232, j = 343 sucessfully passed !
	Initialyzed swapped data for i = 232, j = 344 sucessfully passed !
	Initialyzed swapped data for i = 232, j = 345 sucessfully passed !
	Initialyzed swapped data for i = 232, j = 346 sucessfully passed !
	Initialyzed swapped data for i = 232, j = 347 sucessfully passed !
	Initialyzed swapped data for i = 232, j = 348 sucessfully passed !
	Initialyzed swapped data for i = 232, j = 349 sucessfully passed !
	Initialyzed swapped data for i = 232, j = 350 sucessfully passed !
	Initialyzed swapped data for i = 232, j = 351 sucessfully passed !
	Initialyzed swapped data for i = 232, j = 352 sucessfully passed !
	Initialyzed swapped data for i = 232, j = 353 sucessfully passed !
	Initialyzed swapped data for i = 232, j = 354 sucessfully passed !
	Initialyzed swapped data for i = 232, j = 355 sucessfully passed !
	Initialyzed swapped data for i = 232, j = 356 sucessfully passed !
	Initialyzed swapped data for i = 232, j = 357 sucessfully passed !
	Initialyzed swapped data for i = 232, j = 358 sucessfully passed !
	Initialyzed swapped data for i = 232, j = 359 sucessfully passed !
	Initialyzed swapped data for i = 232, j = 360 sucessfully passed !
	Initialyzed swapped data for i = 232, j = 361 sucessfully passed !
	Initialyzed swapped data for i = 232, j = 362 sucessfully passed !
	Initialyzed swapped data for i = 232, j = 363 sucessfully passed !
	Initialyzed swapped data for i = 232, j = 364 sucessfully passed !
	Initialyzed swapped data for i = 232, j = 365 sucessfully passed !
	Initialyzed swapped data for i = 232, j = 366 sucessfully passed !
	Initialyzed swapped data for i = 232, j = 367 sucessfully passed !
	Initialyzed swapped data for i = 232, j = 368 sucessfully passed !
	Initialyzed swapped data for i = 232, j = 369 sucessfully passed !
	Initialyzed swapped data for i = 232, j = 370 sucessfully passed !
	Initialyzed swapped data for i = 232, j = 371 sucessfully passed !
	Initialyzed swapped data for i = 232, j = 372 sucessfully passed !
	Initialyzed swapped data for i = 232, j = 373 sucessfully passed !
	Initialyzed swapped data for i = 232, j = 374 sucessfully passed !
	Initialyzed swapped data for i = 232, j = 375 sucessfully passed !
	Initialyzed swapped data for i = 232, j = 376 sucessfully passed !
	Initialyzed swapped data for i = 232, j = 377 sucessfully passed !
	Initialyzed swapped data for i = 232, j = 378 sucessfully passed !
	Initialyzed swapped data for i = 232, j = 379 sucessfully passed !
	Initialyzed swapped data for i = 232, j = 380 sucessfully passed !
	Initialyzed swapped data for i = 232, j = 381 sucessfully passed !
	Initialyzed swapped data for i = 232, j = 382 sucessfully passed !
	Initialyzed swapped data for i = 232, j = 383 sucessfully passed !
	Initialyzed swapped data for i = 232, j = 384 sucessfully passed !
	Initialyzed swapped data for i = 232, j = 385 sucessfully passed !
	Initialyzed swapped data for i = 232, j = 386 sucessfully passed !
	Initialyzed swapped data for i = 232, j = 387 sucessfully passed !
	Initialyzed swapped data for i = 232, j = 388 sucessfully passed !
	Initialyzed swapped data for i = 232, j = 389 sucessfully passed !
	Initialyzed swapped data for i = 232, j = 390 sucessfully passed !
	Initialyzed swapped data for i = 232, j = 391 sucessfully passed !
	Initialyzed swapped data for i = 232, j = 392 sucessfully passed !
	Initialyzed swapped data for i = 232, j = 393 sucessfully passed !
	Initialyzed swapped data for i = 232, j = 394 sucessfully passed !
	Initialyzed swapped data for i = 232, j = 395 sucessfully passed !
	Initialyzed swapped data for i = 232, j = 396 sucessfully passed !
	Initialyzed swapped data for i = 232, j = 397 sucessfully passed !
	Initialyzed swapped data for i = 232, j = 398 sucessfully passed !
	Initialyzed swapped data for i = 232, j = 399 sucessfully passed !
	Initialyzed swapped data for i = 232, j = 400 sucessfully passed !
	Initialyzed swapped data for i = 232, j = 401 sucessfully passed !
	Initialyzed swapped data for i = 232, j = 402 sucessfully passed !
	Initialyzed swapped data for i = 232, j = 403 sucessfully passed !
	Initialyzed swapped data for i = 232, j = 404 sucessfully passed !
	Initialyzed swapped data for i = 232, j = 405 sucessfully passed !
	Initialyzed swapped data for i = 232, j = 406 sucessfully passed !
	Initialyzed swapped data for i = 232, j = 407 sucessfully passed !
	Initialyzed swapped data for i = 232, j = 408 sucessfully passed !
	Initialyzed swapped data for i = 232, j = 409 sucessfully passed !
	Initialyzed swapped data for i = 232, j = 410 sucessfully passed !
	Initialyzed swapped data for i = 232, j = 411 sucessfully passed !
	Initialyzed swapped data for i = 232, j = 412 sucessfully passed !
	Initialyzed swapped data for i = 232, j = 413 sucessfully passed !
	Initialyzed swapped data for i = 232, j = 414 sucessfully passed !
	Initialyzed swapped data for i = 232, j = 415 sucessfully passed !
	Initialyzed swapped data for i = 232, j = 416 sucessfully passed !
	Initialyzed swapped data for i = 232, j = 417 sucessfully passed !
	Initialyzed swapped data for i = 232, j = 418 sucessfully passed !
	Initialyzed swapped data for i = 232, j = 419 sucessfully passed !
	Initialyzed swapped data for i = 232, j = 420 sucessfully passed !
	Initialyzed swapped data for i = 232, j = 421 sucessfully passed !
	Initialyzed swapped data for i = 232, j = 422 sucessfully passed !
	Initialyzed swapped data for i = 232, j = 423 sucessfully passed !
	Initialyzed swapped data for i = 232, j = 424 sucessfully passed !
	Initialyzed swapped data for i = 232, j = 425 sucessfully passed !
	Initialyzed swapped data for i = 232, j = 426 sucessfully passed !
	Initialyzed swapped data for i = 232, j = 427 sucessfully passed !
	Initialyzed swapped data for i = 232, j = 428 sucessfully passed !
	Initialyzed swapped data for i = 232, j = 429 sucessfully passed !
	Initialyzed swapped data for i = 232, j = 430 sucessfully passed !
	Initialyzed swapped data for i = 232, j = 431 sucessfully passed !
	Initialyzed swapped data for i = 232, j = 432 sucessfully passed !
	Initialyzed swapped data for i = 232, j = 433 sucessfully passed !
	Initialyzed swapped data for i = 233, j = 234 sucessfully passed !
	Initialyzed swapped data for i = 233, j = 235 sucessfully passed !
	Initialyzed swapped data for i = 233, j = 236 sucessfully passed !
	Initialyzed swapped data for i = 233, j = 237 sucessfully passed !
	Initialyzed swapped data for i = 233, j = 238 sucessfully passed !
	Initialyzed swapped data for i = 233, j = 239 sucessfully passed !
	Initialyzed swapped data for i = 233, j = 240 sucessfully passed !
	Initialyzed swapped data for i = 233, j = 241 sucessfully passed !
	Initialyzed swapped data for i = 233, j = 242 sucessfully passed !
	Initialyzed swapped data for i = 233, j = 243 sucessfully passed !
	Initialyzed swapped data for i = 233, j = 244 sucessfully passed !
	Initialyzed swapped data for i = 233, j = 245 sucessfully passed !
	Initialyzed swapped data for i = 233, j = 246 sucessfully passed !
	Initialyzed swapped data for i = 233, j = 247 sucessfully passed !
	Initialyzed swapped data for i = 233, j = 248 sucessfully passed !
	Initialyzed swapped data for i = 233, j = 249 sucessfully passed !
	Initialyzed swapped data for i = 233, j = 250 sucessfully passed !
	Initialyzed swapped data for i = 233, j = 251 sucessfully passed !
	Initialyzed swapped data for i = 233, j = 252 sucessfully passed !
	Initialyzed swapped data for i = 233, j = 253 sucessfully passed !
	Initialyzed swapped data for i = 233, j = 254 sucessfully passed !
	Initialyzed swapped data for i = 233, j = 255 sucessfully passed !
	Initialyzed swapped data for i = 233, j = 256 sucessfully passed !
	Initialyzed swapped data for i = 233, j = 257 sucessfully passed !
	Initialyzed swapped data for i = 233, j = 258 sucessfully passed !
	Initialyzed swapped data for i = 233, j = 259 sucessfully passed !
	Initialyzed swapped data for i = 233, j = 260 sucessfully passed !
	Initialyzed swapped data for i = 233, j = 261 sucessfully passed !
	Initialyzed swapped data for i = 233, j = 262 sucessfully passed !
	Initialyzed swapped data for i = 233, j = 263 sucessfully passed !
	Initialyzed swapped data for i = 233, j = 264 sucessfully passed !
	Initialyzed swapped data for i = 233, j = 265 sucessfully passed !
	Initialyzed swapped data for i = 233, j = 266 sucessfully passed !
	Initialyzed swapped data for i = 233, j = 267 sucessfully passed !
	Initialyzed swapped data for i = 233, j = 268 sucessfully passed !
	Initialyzed swapped data for i = 233, j = 269 sucessfully passed !
	Initialyzed swapped data for i = 233, j = 270 sucessfully passed !
	Initialyzed swapped data for i = 233, j = 271 sucessfully passed !
	Initialyzed swapped data for i = 233, j = 272 sucessfully passed !
	Initialyzed swapped data for i = 233, j = 273 sucessfully passed !
	Initialyzed swapped data for i = 233, j = 274 sucessfully passed !
	Initialyzed swapped data for i = 233, j = 275 sucessfully passed !
	Initialyzed swapped data for i = 233, j = 276 sucessfully passed !
	Initialyzed swapped data for i = 233, j = 277 sucessfully passed !
	Initialyzed swapped data for i = 233, j = 278 sucessfully passed !
	Initialyzed swapped data for i = 233, j = 279 sucessfully passed !
	Initialyzed swapped data for i = 233, j = 280 sucessfully passed !
	Initialyzed swapped data for i = 233, j = 281 sucessfully passed !
	Initialyzed swapped data for i = 233, j = 282 sucessfully passed !
	Initialyzed swapped data for i = 233, j = 283 sucessfully passed !
	Initialyzed swapped data for i = 233, j = 284 sucessfully passed !
	Initialyzed swapped data for i = 233, j = 285 sucessfully passed !
	Initialyzed swapped data for i = 233, j = 286 sucessfully passed !
	Initialyzed swapped data for i = 233, j = 287 sucessfully passed !
	Initialyzed swapped data for i = 233, j = 288 sucessfully passed !
	Initialyzed swapped data for i = 233, j = 289 sucessfully passed !
	Initialyzed swapped data for i = 233, j = 290 sucessfully passed !
	Initialyzed swapped data for i = 233, j = 291 sucessfully passed !
	Initialyzed swapped data for i = 233, j = 292 sucessfully passed !
	Initialyzed swapped data for i = 233, j = 293 sucessfully passed !
	Initialyzed swapped data for i = 233, j = 294 sucessfully passed !
	Initialyzed swapped data for i = 233, j = 295 sucessfully passed !
	Initialyzed swapped data for i = 233, j = 296 sucessfully passed !
	Initialyzed swapped data for i = 233, j = 297 sucessfully passed !
	Initialyzed swapped data for i = 233, j = 298 sucessfully passed !
	Initialyzed swapped data for i = 233, j = 299 sucessfully passed !
	Initialyzed swapped data for i = 233, j = 300 sucessfully passed !
	Initialyzed swapped data for i = 233, j = 301 sucessfully passed !
	Initialyzed swapped data for i = 233, j = 302 sucessfully passed !
	Initialyzed swapped data for i = 233, j = 303 sucessfully passed !
	Initialyzed swapped data for i = 233, j = 304 sucessfully passed !
	Initialyzed swapped data for i = 233, j = 305 sucessfully passed !
	Initialyzed swapped data for i = 233, j = 306 sucessfully passed !
	Initialyzed swapped data for i = 233, j = 307 sucessfully passed !
	Initialyzed swapped data for i = 233, j = 308 sucessfully passed !
	Initialyzed swapped data for i = 233, j = 309 sucessfully passed !
	Initialyzed swapped data for i = 233, j = 310 sucessfully passed !
	Initialyzed swapped data for i = 233, j = 311 sucessfully passed !
	Initialyzed swapped data for i = 233, j = 312 sucessfully passed !
	Initialyzed swapped data for i = 233, j = 313 sucessfully passed !
	Initialyzed swapped data for i = 233, j = 314 sucessfully passed !
	Initialyzed swapped data for i = 233, j = 315 sucessfully passed !
	Initialyzed swapped data for i = 233, j = 316 sucessfully passed !
	Initialyzed swapped data for i = 233, j = 317 sucessfully passed !
	Initialyzed swapped data for i = 233, j = 318 sucessfully passed !
	Initialyzed swapped data for i = 233, j = 319 sucessfully passed !
	Initialyzed swapped data for i = 233, j = 320 sucessfully passed !
	Initialyzed swapped data for i = 233, j = 321 sucessfully passed !
	Initialyzed swapped data for i = 233, j = 322 sucessfully passed !
	Initialyzed swapped data for i = 233, j = 323 sucessfully passed !
	Initialyzed swapped data for i = 233, j = 324 sucessfully passed !
	Initialyzed swapped data for i = 233, j = 325 sucessfully passed !
	Initialyzed swapped data for i = 233, j = 326 sucessfully passed !
	Initialyzed swapped data for i = 233, j = 327 sucessfully passed !
	Initialyzed swapped data for i = 233, j = 328 sucessfully passed !
	Initialyzed swapped data for i = 233, j = 329 sucessfully passed !
	Initialyzed swapped data for i = 233, j = 330 sucessfully passed !
	Initialyzed swapped data for i = 233, j = 331 sucessfully passed !
	Initialyzed swapped data for i = 233, j = 332 sucessfully passed !
	Initialyzed swapped data for i = 233, j = 333 sucessfully passed !
	Initialyzed swapped data for i = 233, j = 334 sucessfully passed !
	Initialyzed swapped data for i = 233, j = 335 sucessfully passed !
	Initialyzed swapped data for i = 233, j = 336 sucessfully passed !
	Initialyzed swapped data for i = 233, j = 337 sucessfully passed !
	Initialyzed swapped data for i = 233, j = 338 sucessfully passed !
	Initialyzed swapped data for i = 233, j = 339 sucessfully passed !
	Initialyzed swapped data for i = 233, j = 340 sucessfully passed !
	Initialyzed swapped data for i = 233, j = 341 sucessfully passed !
	Initialyzed swapped data for i = 233, j = 342 sucessfully passed !
	Initialyzed swapped data for i = 233, j = 343 sucessfully passed !
	Initialyzed swapped data for i = 233, j = 344 sucessfully passed !
	Initialyzed swapped data for i = 233, j = 345 sucessfully passed !
	Initialyzed swapped data for i = 233, j = 346 sucessfully passed !
	Initialyzed swapped data for i = 233, j = 347 sucessfully passed !
	Initialyzed swapped data for i = 233, j = 348 sucessfully passed !
	Initialyzed swapped data for i = 233, j = 349 sucessfully passed !
	Initialyzed swapped data for i = 233, j = 350 sucessfully passed !
	Initialyzed swapped data for i = 233, j = 351 sucessfully passed !
	Initialyzed swapped data for i = 233, j = 352 sucessfully passed !
	Initialyzed swapped data for i = 233, j = 353 sucessfully passed !
	Initialyzed swapped data for i = 233, j = 354 sucessfully passed !
	Initialyzed swapped data for i = 233, j = 355 sucessfully passed !
	Initialyzed swapped data for i = 233, j = 356 sucessfully passed !
	Initialyzed swapped data for i = 233, j = 357 sucessfully passed !
	Initialyzed swapped data for i = 233, j = 358 sucessfully passed !
	Initialyzed swapped data for i = 233, j = 359 sucessfully passed !
	Initialyzed swapped data for i = 233, j = 360 sucessfully passed !
	Initialyzed swapped data for i = 233, j = 361 sucessfully passed !
	Initialyzed swapped data for i = 233, j = 362 sucessfully passed !
	Initialyzed swapped data for i = 233, j = 363 sucessfully passed !
	Initialyzed swapped data for i = 233, j = 364 sucessfully passed !
	Initialyzed swapped data for i = 233, j = 365 sucessfully passed !
	Initialyzed swapped data for i = 233, j = 366 sucessfully passed !
	Initialyzed swapped data for i = 233, j = 367 sucessfully passed !
	Initialyzed swapped data for i = 233, j = 368 sucessfully passed !
	Initialyzed swapped data for i = 233, j = 369 sucessfully passed !
	Initialyzed swapped data for i = 233, j = 370 sucessfully passed !
	Initialyzed swapped data for i = 233, j = 371 sucessfully passed !
	Initialyzed swapped data for i = 233, j = 372 sucessfully passed !
	Initialyzed swapped data for i = 233, j = 373 sucessfully passed !
	Initialyzed swapped data for i = 233, j = 374 sucessfully passed !
	Initialyzed swapped data for i = 233, j = 375 sucessfully passed !
	Initialyzed swapped data for i = 233, j = 376 sucessfully passed !
	Initialyzed swapped data for i = 233, j = 377 sucessfully passed !
	Initialyzed swapped data for i = 233, j = 378 sucessfully passed !
	Initialyzed swapped data for i = 233, j = 379 sucessfully passed !
	Initialyzed swapped data for i = 233, j = 380 sucessfully passed !
	Initialyzed swapped data for i = 233, j = 381 sucessfully passed !
	Initialyzed swapped data for i = 233, j = 382 sucessfully passed !
	Initialyzed swapped data for i = 233, j = 383 sucessfully passed !
	Initialyzed swapped data for i = 233, j = 384 sucessfully passed !
	Initialyzed swapped data for i = 233, j = 385 sucessfully passed !
	Initialyzed swapped data for i = 233, j = 386 sucessfully passed !
	Initialyzed swapped data for i = 233, j = 387 sucessfully passed !
	Initialyzed swapped data for i = 233, j = 388 sucessfully passed !
	Initialyzed swapped data for i = 233, j = 389 sucessfully passed !
	Initialyzed swapped data for i = 233, j = 390 sucessfully passed !
	Initialyzed swapped data for i = 233, j = 391 sucessfully passed !
	Initialyzed swapped data for i = 233, j = 392 sucessfully passed !
	Initialyzed swapped data for i = 233, j = 393 sucessfully passed !
	Initialyzed swapped data for i = 233, j = 394 sucessfully passed !
	Initialyzed swapped data for i = 233, j = 395 sucessfully passed !
	Initialyzed swapped data for i = 233, j = 396 sucessfully passed !
	Initialyzed swapped data for i = 233, j = 397 sucessfully passed !
	Initialyzed swapped data for i = 233, j = 398 sucessfully passed !
	Initialyzed swapped data for i = 233, j = 399 sucessfully passed !
	Initialyzed swapped data for i = 233, j = 400 sucessfully passed !
	Initialyzed swapped data for i = 233, j = 401 sucessfully passed !
	Initialyzed swapped data for i = 233, j = 402 sucessfully passed !
	Initialyzed swapped data for i = 233, j = 403 sucessfully passed !
	Initialyzed swapped data for i = 233, j = 404 sucessfully passed !
	Initialyzed swapped data for i = 233, j = 405 sucessfully passed !
	Initialyzed swapped data for i = 233, j = 406 sucessfully passed !
	Initialyzed swapped data for i = 233, j = 407 sucessfully passed !
	Initialyzed swapped data for i = 233, j = 408 sucessfully passed !
	Initialyzed swapped data for i = 233, j = 409 sucessfully passed !
	Initialyzed swapped data for i = 233, j = 410 sucessfully passed !
	Initialyzed swapped data for i = 233, j = 411 sucessfully passed !
	Initialyzed swapped data for i = 233, j = 412 sucessfully passed !
	Initialyzed swapped data for i = 233, j = 413 sucessfully passed !
	Initialyzed swapped data for i = 233, j = 414 sucessfully passed !
	Initialyzed swapped data for i = 233, j = 415 sucessfully passed !
	Initialyzed swapped data for i = 233, j = 416 sucessfully passed !
	Initialyzed swapped data for i = 233, j = 417 sucessfully passed !
	Initialyzed swapped data for i = 233, j = 418 sucessfully passed !
	Initialyzed swapped data for i = 233, j = 419 sucessfully passed !
	Initialyzed swapped data for i = 233, j = 420 sucessfully passed !
	Initialyzed swapped data for i = 233, j = 421 sucessfully passed !
	Initialyzed swapped data for i = 233, j = 422 sucessfully passed !
	Initialyzed swapped data for i = 233, j = 423 sucessfully passed !
	Initialyzed swapped data for i = 233, j = 424 sucessfully passed !
	Initialyzed swapped data for i = 233, j = 425 sucessfully passed !
	Initialyzed swapped data for i = 233, j = 426 sucessfully passed !
	Initialyzed swapped data for i = 233, j = 427 sucessfully passed !
	Initialyzed swapped data for i = 233, j = 428 sucessfully passed !
	Initialyzed swapped data for i = 233, j = 429 sucessfully passed !
	Initialyzed swapped data for i = 233, j = 430 sucessfully passed !
	Initialyzed swapped data for i = 233, j = 431 sucessfully passed !
	Initialyzed swapped data for i = 233, j = 432 sucessfully passed !
	Initialyzed swapped data for i = 233, j = 433 sucessfully passed !
	Initialyzed swapped data for i = 234, j = 235 sucessfully passed !
	Initialyzed swapped data for i = 234, j = 236 sucessfully passed !
	Initialyzed swapped data for i = 234, j = 237 sucessfully passed !
	Initialyzed swapped data for i = 234, j = 238 sucessfully passed !
	Initialyzed swapped data for i = 234, j = 239 sucessfully passed !
	Initialyzed swapped data for i = 234, j = 240 sucessfully passed !
	Initialyzed swapped data for i = 234, j = 241 sucessfully passed !
	Initialyzed swapped data for i = 234, j = 242 sucessfully passed !
	Initialyzed swapped data for i = 234, j = 243 sucessfully passed !
	Initialyzed swapped data for i = 234, j = 244 sucessfully passed !
	Initialyzed swapped data for i = 234, j = 245 sucessfully passed !
	Initialyzed swapped data for i = 234, j = 246 sucessfully passed !
	Initialyzed swapped data for i = 234, j = 247 sucessfully passed !
	Initialyzed swapped data for i = 234, j = 248 sucessfully passed !
	Initialyzed swapped data for i = 234, j = 249 sucessfully passed !
	Initialyzed swapped data for i = 234, j = 250 sucessfully passed !
	Initialyzed swapped data for i = 234, j = 251 sucessfully passed !
	Initialyzed swapped data for i = 234, j = 252 sucessfully passed !
	Initialyzed swapped data for i = 234, j = 253 sucessfully passed !
	Initialyzed swapped data for i = 234, j = 254 sucessfully passed !
	Initialyzed swapped data for i = 234, j = 255 sucessfully passed !
	Initialyzed swapped data for i = 234, j = 256 sucessfully passed !
	Initialyzed swapped data for i = 234, j = 257 sucessfully passed !
	Initialyzed swapped data for i = 234, j = 258 sucessfully passed !
	Initialyzed swapped data for i = 234, j = 259 sucessfully passed !
	Initialyzed swapped data for i = 234, j = 260 sucessfully passed !
	Initialyzed swapped data for i = 234, j = 261 sucessfully passed !
	Initialyzed swapped data for i = 234, j = 262 sucessfully passed !
	Initialyzed swapped data for i = 234, j = 263 sucessfully passed !
	Initialyzed swapped data for i = 234, j = 264 sucessfully passed !
	Initialyzed swapped data for i = 234, j = 265 sucessfully passed !
	Initialyzed swapped data for i = 234, j = 266 sucessfully passed !
	Initialyzed swapped data for i = 234, j = 267 sucessfully passed !
	Initialyzed swapped data for i = 234, j = 268 sucessfully passed !
	Initialyzed swapped data for i = 234, j = 269 sucessfully passed !
	Initialyzed swapped data for i = 234, j = 270 sucessfully passed !
	Initialyzed swapped data for i = 234, j = 271 sucessfully passed !
	Initialyzed swapped data for i = 234, j = 272 sucessfully passed !
	Initialyzed swapped data for i = 234, j = 273 sucessfully passed !
	Initialyzed swapped data for i = 234, j = 274 sucessfully passed !
	Initialyzed swapped data for i = 234, j = 275 sucessfully passed !
	Initialyzed swapped data for i = 234, j = 276 sucessfully passed !
	Initialyzed swapped data for i = 234, j = 277 sucessfully passed !
	Initialyzed swapped data for i = 234, j = 278 sucessfully passed !
	Initialyzed swapped data for i = 234, j = 279 sucessfully passed !
	Initialyzed swapped data for i = 234, j = 280 sucessfully passed !
	Initialyzed swapped data for i = 234, j = 281 sucessfully passed !
	Initialyzed swapped data for i = 234, j = 282 sucessfully passed !
	Initialyzed swapped data for i = 234, j = 283 sucessfully passed !
	Initialyzed swapped data for i = 234, j = 284 sucessfully passed !
	Initialyzed swapped data for i = 234, j = 285 sucessfully passed !
	Initialyzed swapped data for i = 234, j = 286 sucessfully passed !
	Initialyzed swapped data for i = 234, j = 287 sucessfully passed !
	Initialyzed swapped data for i = 234, j = 288 sucessfully passed !
	Initialyzed swapped data for i = 234, j = 289 sucessfully passed !
	Initialyzed swapped data for i = 234, j = 290 sucessfully passed !
	Initialyzed swapped data for i = 234, j = 291 sucessfully passed !
	Initialyzed swapped data for i = 234, j = 292 sucessfully passed !
	Initialyzed swapped data for i = 234, j = 293 sucessfully passed !
	Initialyzed swapped data for i = 234, j = 294 sucessfully passed !
	Initialyzed swapped data for i = 234, j = 295 sucessfully passed !
	Initialyzed swapped data for i = 234, j = 296 sucessfully passed !
	Initialyzed swapped data for i = 234, j = 297 sucessfully passed !
	Initialyzed swapped data for i = 234, j = 298 sucessfully passed !
	Initialyzed swapped data for i = 234, j = 299 sucessfully passed !
	Initialyzed swapped data for i = 234, j = 300 sucessfully passed !
	Initialyzed swapped data for i = 234, j = 301 sucessfully passed !
	Initialyzed swapped data for i = 234, j = 302 sucessfully passed !
	Initialyzed swapped data for i = 234, j = 303 sucessfully passed !
	Initialyzed swapped data for i = 234, j = 304 sucessfully passed !
	Initialyzed swapped data for i = 234, j = 305 sucessfully passed !
	Initialyzed swapped data for i = 234, j = 306 sucessfully passed !
	Initialyzed swapped data for i = 234, j = 307 sucessfully passed !
	Initialyzed swapped data for i = 234, j = 308 sucessfully passed !
	Initialyzed swapped data for i = 234, j = 309 sucessfully passed !
	Initialyzed swapped data for i = 234, j = 310 sucessfully passed !
	Initialyzed swapped data for i = 234, j = 311 sucessfully passed !
	Initialyzed swapped data for i = 234, j = 312 sucessfully passed !
	Initialyzed swapped data for i = 234, j = 313 sucessfully passed !
	Initialyzed swapped data for i = 234, j = 314 sucessfully passed !
	Initialyzed swapped data for i = 234, j = 315 sucessfully passed !
	Initialyzed swapped data for i = 234, j = 316 sucessfully passed !
	Initialyzed swapped data for i = 234, j = 317 sucessfully passed !
	Initialyzed swapped data for i = 234, j = 318 sucessfully passed !
	Initialyzed swapped data for i = 234, j = 319 sucessfully passed !
	Initialyzed swapped data for i = 234, j = 320 sucessfully passed !
	Initialyzed swapped data for i = 234, j = 321 sucessfully passed !
	Initialyzed swapped data for i = 234, j = 322 sucessfully passed !
	Initialyzed swapped data for i = 234, j = 323 sucessfully passed !
	Initialyzed swapped data for i = 234, j = 324 sucessfully passed !
	Initialyzed swapped data for i = 234, j = 325 sucessfully passed !
	Initialyzed swapped data for i = 234, j = 326 sucessfully passed !
	Initialyzed swapped data for i = 234, j = 327 sucessfully passed !
	Initialyzed swapped data for i = 234, j = 328 sucessfully passed !
	Initialyzed swapped data for i = 234, j = 329 sucessfully passed !
	Initialyzed swapped data for i = 234, j = 330 sucessfully passed !
	Initialyzed swapped data for i = 234, j = 331 sucessfully passed !
	Initialyzed swapped data for i = 234, j = 332 sucessfully passed !
	Initialyzed swapped data for i = 234, j = 333 sucessfully passed !
	Initialyzed swapped data for i = 234, j = 334 sucessfully passed !
	Initialyzed swapped data for i = 234, j = 335 sucessfully passed !
	Initialyzed swapped data for i = 234, j = 336 sucessfully passed !
	Initialyzed swapped data for i = 234, j = 337 sucessfully passed !
	Initialyzed swapped data for i = 234, j = 338 sucessfully passed !
	Initialyzed swapped data for i = 234, j = 339 sucessfully passed !
	Initialyzed swapped data for i = 234, j = 340 sucessfully passed !
	Initialyzed swapped data for i = 234, j = 341 sucessfully passed !
	Initialyzed swapped data for i = 234, j = 342 sucessfully passed !
	Initialyzed swapped data for i = 234, j = 343 sucessfully passed !
	Initialyzed swapped data for i = 234, j = 344 sucessfully passed !
	Initialyzed swapped data for i = 234, j = 345 sucessfully passed !
	Initialyzed swapped data for i = 234, j = 346 sucessfully passed !
	Initialyzed swapped data for i = 234, j = 347 sucessfully passed !
	Initialyzed swapped data for i = 234, j = 348 sucessfully passed !
	Initialyzed swapped data for i = 234, j = 349 sucessfully passed !
	Initialyzed swapped data for i = 234, j = 350 sucessfully passed !
	Initialyzed swapped data for i = 234, j = 351 sucessfully passed !
	Initialyzed swapped data for i = 234, j = 352 sucessfully passed !
	Initialyzed swapped data for i = 234, j = 353 sucessfully passed !
	Initialyzed swapped data for i = 234, j = 354 sucessfully passed !
	Initialyzed swapped data for i = 234, j = 355 sucessfully passed !
	Initialyzed swapped data for i = 234, j = 356 sucessfully passed !
	Initialyzed swapped data for i = 234, j = 357 sucessfully passed !
	Initialyzed swapped data for i = 234, j = 358 sucessfully passed !
	Initialyzed swapped data for i = 234, j = 359 sucessfully passed !
	Initialyzed swapped data for i = 234, j = 360 sucessfully passed !
	Initialyzed swapped data for i = 234, j = 361 sucessfully passed !
	Initialyzed swapped data for i = 234, j = 362 sucessfully passed !
	Initialyzed swapped data for i = 234, j = 363 sucessfully passed !
	Initialyzed swapped data for i = 234, j = 364 sucessfully passed !
	Initialyzed swapped data for i = 234, j = 365 sucessfully passed !
	Initialyzed swapped data for i = 234, j = 366 sucessfully passed !
	Initialyzed swapped data for i = 234, j = 367 sucessfully passed !
	Initialyzed swapped data for i = 234, j = 368 sucessfully passed !
	Initialyzed swapped data for i = 234, j = 369 sucessfully passed !
	Initialyzed swapped data for i = 234, j = 370 sucessfully passed !
	Initialyzed swapped data for i = 234, j = 371 sucessfully passed !
	Initialyzed swapped data for i = 234, j = 372 sucessfully passed !
	Initialyzed swapped data for i = 234, j = 373 sucessfully passed !
	Initialyzed swapped data for i = 234, j = 374 sucessfully passed !
	Initialyzed swapped data for i = 234, j = 375 sucessfully passed !
	Initialyzed swapped data for i = 234, j = 376 sucessfully passed !
	Initialyzed swapped data for i = 234, j = 377 sucessfully passed !
	Initialyzed swapped data for i = 234, j = 378 sucessfully passed !
	Initialyzed swapped data for i = 234, j = 379 sucessfully passed !
	Initialyzed swapped data for i = 234, j = 380 sucessfully passed !
	Initialyzed swapped data for i = 234, j = 381 sucessfully passed !
	Initialyzed swapped data for i = 234, j = 382 sucessfully passed !
	Initialyzed swapped data for i = 234, j = 383 sucessfully passed !
	Initialyzed swapped data for i = 234, j = 384 sucessfully passed !
	Initialyzed swapped data for i = 234, j = 385 sucessfully passed !
	Initialyzed swapped data for i = 234, j = 386 sucessfully passed !
	Initialyzed swapped data for i = 234, j = 387 sucessfully passed !
	Initialyzed swapped data for i = 234, j = 388 sucessfully passed !
	Initialyzed swapped data for i = 234, j = 389 sucessfully passed !
	Initialyzed swapped data for i = 234, j = 390 sucessfully passed !
	Initialyzed swapped data for i = 234, j = 391 sucessfully passed !
	Initialyzed swapped data for i = 234, j = 392 sucessfully passed !
	Initialyzed swapped data for i = 234, j = 393 sucessfully passed !
	Initialyzed swapped data for i = 234, j = 394 sucessfully passed !
	Initialyzed swapped data for i = 234, j = 395 sucessfully passed !
	Initialyzed swapped data for i = 234, j = 396 sucessfully passed !
	Initialyzed swapped data for i = 234, j = 397 sucessfully passed !
	Initialyzed swapped data for i = 234, j = 398 sucessfully passed !
	Initialyzed swapped data for i = 234, j = 399 sucessfully passed !
	Initialyzed swapped data for i = 234, j = 400 sucessfully passed !
	Initialyzed swapped data for i = 234, j = 401 sucessfully passed !
	Initialyzed swapped data for i = 234, j = 402 sucessfully passed !
	Initialyzed swapped data for i = 234, j = 403 sucessfully passed !
	Initialyzed swapped data for i = 234, j = 404 sucessfully passed !
	Initialyzed swapped data for i = 234, j = 405 sucessfully passed !
	Initialyzed swapped data for i = 234, j = 406 sucessfully passed !
	Initialyzed swapped data for i = 234, j = 407 sucessfully passed !
	Initialyzed swapped data for i = 234, j = 408 sucessfully passed !
	Initialyzed swapped data for i = 234, j = 409 sucessfully passed !
	Initialyzed swapped data for i = 234, j = 410 sucessfully passed !
	Initialyzed swapped data for i = 234, j = 411 sucessfully passed !
	Initialyzed swapped data for i = 234, j = 412 sucessfully passed !
	Initialyzed swapped data for i = 234, j = 413 sucessfully passed !
	Initialyzed swapped data for i = 234, j = 414 sucessfully passed !
	Initialyzed swapped data for i = 234, j = 415 sucessfully passed !
	Initialyzed swapped data for i = 234, j = 416 sucessfully passed !
	Initialyzed swapped data for i = 234, j = 417 sucessfully passed !
	Initialyzed swapped data for i = 234, j = 418 sucessfully passed !
	Initialyzed swapped data for i = 234, j = 419 sucessfully passed !
	Initialyzed swapped data for i = 234, j = 420 sucessfully passed !
	Initialyzed swapped data for i = 234, j = 421 sucessfully passed !
	Initialyzed swapped data for i = 234, j = 422 sucessfully passed !
	Initialyzed swapped data for i = 234, j = 423 sucessfully passed !
	Initialyzed swapped data for i = 234, j = 424 sucessfully passed !
	Initialyzed swapped data for i = 234, j = 425 sucessfully passed !
	Initialyzed swapped data for i = 234, j = 426 sucessfully passed !
	Initialyzed swapped data for i = 234, j = 427 sucessfully passed !
	Initialyzed swapped data for i = 234, j = 428 sucessfully passed !
	Initialyzed swapped data for i = 234, j = 429 sucessfully passed !
	Initialyzed swapped data for i = 234, j = 430 sucessfully passed !
	Initialyzed swapped data for i = 234, j = 431 sucessfully passed !
	Initialyzed swapped data for i = 234, j = 432 sucessfully passed !
	Initialyzed swapped data for i = 234, j = 433 sucessfully passed !
	Initialyzed swapped data for i = 235, j = 236 sucessfully passed !
	Initialyzed swapped data for i = 235, j = 237 sucessfully passed !
	Initialyzed swapped data for i = 235, j = 238 sucessfully passed !
	Initialyzed swapped data for i = 235, j = 239 sucessfully passed !
	Initialyzed swapped data for i = 235, j = 240 sucessfully passed !
	Initialyzed swapped data for i = 235, j = 241 sucessfully passed !
	Initialyzed swapped data for i = 235, j = 242 sucessfully passed !
	Initialyzed swapped data for i = 235, j = 243 sucessfully passed !
	Initialyzed swapped data for i = 235, j = 244 sucessfully passed !
	Initialyzed swapped data for i = 235, j = 245 sucessfully passed !
	Initialyzed swapped data for i = 235, j = 246 sucessfully passed !
	Initialyzed swapped data for i = 235, j = 247 sucessfully passed !
	Initialyzed swapped data for i = 235, j = 248 sucessfully passed !
	Initialyzed swapped data for i = 235, j = 249 sucessfully passed !
	Initialyzed swapped data for i = 235, j = 250 sucessfully passed !
	Initialyzed swapped data for i = 235, j = 251 sucessfully passed !
	Initialyzed swapped data for i = 235, j = 252 sucessfully passed !
	Initialyzed swapped data for i = 235, j = 253 sucessfully passed !
	Initialyzed swapped data for i = 235, j = 254 sucessfully passed !
	Initialyzed swapped data for i = 235, j = 255 sucessfully passed !
	Initialyzed swapped data for i = 235, j = 256 sucessfully passed !
	Initialyzed swapped data for i = 235, j = 257 sucessfully passed !
	Initialyzed swapped data for i = 235, j = 258 sucessfully passed !
	Initialyzed swapped data for i = 235, j = 259 sucessfully passed !
	Initialyzed swapped data for i = 235, j = 260 sucessfully passed !
	Initialyzed swapped data for i = 235, j = 261 sucessfully passed !
	Initialyzed swapped data for i = 235, j = 262 sucessfully passed !
	Initialyzed swapped data for i = 235, j = 263 sucessfully passed !
	Initialyzed swapped data for i = 235, j = 264 sucessfully passed !
	Initialyzed swapped data for i = 235, j = 265 sucessfully passed !
	Initialyzed swapped data for i = 235, j = 266 sucessfully passed !
	Initialyzed swapped data for i = 235, j = 267 sucessfully passed !
	Initialyzed swapped data for i = 235, j = 268 sucessfully passed !
	Initialyzed swapped data for i = 235, j = 269 sucessfully passed !
	Initialyzed swapped data for i = 235, j = 270 sucessfully passed !
	Initialyzed swapped data for i = 235, j = 271 sucessfully passed !
	Initialyzed swapped data for i = 235, j = 272 sucessfully passed !
	Initialyzed swapped data for i = 235, j = 273 sucessfully passed !
	Initialyzed swapped data for i = 235, j = 274 sucessfully passed !
	Initialyzed swapped data for i = 235, j = 275 sucessfully passed !
	Initialyzed swapped data for i = 235, j = 276 sucessfully passed !
	Initialyzed swapped data for i = 235, j = 277 sucessfully passed !
	Initialyzed swapped data for i = 235, j = 278 sucessfully passed !
	Initialyzed swapped data for i = 235, j = 279 sucessfully passed !
	Initialyzed swapped data for i = 235, j = 280 sucessfully passed !
	Initialyzed swapped data for i = 235, j = 281 sucessfully passed !
	Initialyzed swapped data for i = 235, j = 282 sucessfully passed !
	Initialyzed swapped data for i = 235, j = 283 sucessfully passed !
	Initialyzed swapped data for i = 235, j = 284 sucessfully passed !
	Initialyzed swapped data for i = 235, j = 285 sucessfully passed !
	Initialyzed swapped data for i = 235, j = 286 sucessfully passed !
	Initialyzed swapped data for i = 235, j = 287 sucessfully passed !
	Initialyzed swapped data for i = 235, j = 288 sucessfully passed !
	Initialyzed swapped data for i = 235, j = 289 sucessfully passed !
	Initialyzed swapped data for i = 235, j = 290 sucessfully passed !
	Initialyzed swapped data for i = 235, j = 291 sucessfully passed !
	Initialyzed swapped data for i = 235, j = 292 sucessfully passed !
	Initialyzed swapped data for i = 235, j = 293 sucessfully passed !
	Initialyzed swapped data for i = 235, j = 294 sucessfully passed !
	Initialyzed swapped data for i = 235, j = 295 sucessfully passed !
	Initialyzed swapped data for i = 235, j = 296 sucessfully passed !
	Initialyzed swapped data for i = 235, j = 297 sucessfully passed !
	Initialyzed swapped data for i = 235, j = 298 sucessfully passed !
	Initialyzed swapped data for i = 235, j = 299 sucessfully passed !
	Initialyzed swapped data for i = 235, j = 300 sucessfully passed !
	Initialyzed swapped data for i = 235, j = 301 sucessfully passed !
	Initialyzed swapped data for i = 235, j = 302 sucessfully passed !
	Initialyzed swapped data for i = 235, j = 303 sucessfully passed !
	Initialyzed swapped data for i = 235, j = 304 sucessfully passed !
	Initialyzed swapped data for i = 235, j = 305 sucessfully passed !
	Initialyzed swapped data for i = 235, j = 306 sucessfully passed !
	Initialyzed swapped data for i = 235, j = 307 sucessfully passed !
	Initialyzed swapped data for i = 235, j = 308 sucessfully passed !
	Initialyzed swapped data for i = 235, j = 309 sucessfully passed !
	Initialyzed swapped data for i = 235, j = 310 sucessfully passed !
	Initialyzed swapped data for i = 235, j = 311 sucessfully passed !
	Initialyzed swapped data for i = 235, j = 312 sucessfully passed !
	Initialyzed swapped data for i = 235, j = 313 sucessfully passed !
	Initialyzed swapped data for i = 235, j = 314 sucessfully passed !
	Initialyzed swapped data for i = 235, j = 315 sucessfully passed !
	Initialyzed swapped data for i = 235, j = 316 sucessfully passed !
	Initialyzed swapped data for i = 235, j = 317 sucessfully passed !
	Initialyzed swapped data for i = 235, j = 318 sucessfully passed !
	Initialyzed swapped data for i = 235, j = 319 sucessfully passed !
	Initialyzed swapped data for i = 235, j = 320 sucessfully passed !
	Initialyzed swapped data for i = 235, j = 321 sucessfully passed !
	Initialyzed swapped data for i = 235, j = 322 sucessfully passed !
	Initialyzed swapped data for i = 235, j = 323 sucessfully passed !
	Initialyzed swapped data for i = 235, j = 324 sucessfully passed !
	Initialyzed swapped data for i = 235, j = 325 sucessfully passed !
	Initialyzed swapped data for i = 235, j = 326 sucessfully passed !
	Initialyzed swapped data for i = 235, j = 327 sucessfully passed !
	Initialyzed swapped data for i = 235, j = 328 sucessfully passed !
	Initialyzed swapped data for i = 235, j = 329 sucessfully passed !
	Initialyzed swapped data for i = 235, j = 330 sucessfully passed !
	Initialyzed swapped data for i = 235, j = 331 sucessfully passed !
	Initialyzed swapped data for i = 235, j = 332 sucessfully passed !
	Initialyzed swapped data for i = 235, j = 333 sucessfully passed !
	Initialyzed swapped data for i = 235, j = 334 sucessfully passed !
	Initialyzed swapped data for i = 235, j = 335 sucessfully passed !
	Initialyzed swapped data for i = 235, j = 336 sucessfully passed !
	Initialyzed swapped data for i = 235, j = 337 sucessfully passed !
	Initialyzed swapped data for i = 235, j = 338 sucessfully passed !
	Initialyzed swapped data for i = 235, j = 339 sucessfully passed !
	Initialyzed swapped data for i = 235, j = 340 sucessfully passed !
	Initialyzed swapped data for i = 235, j = 341 sucessfully passed !
	Initialyzed swapped data for i = 235, j = 342 sucessfully passed !
	Initialyzed swapped data for i = 235, j = 343 sucessfully passed !
	Initialyzed swapped data for i = 235, j = 344 sucessfully passed !
	Initialyzed swapped data for i = 235, j = 345 sucessfully passed !
	Initialyzed swapped data for i = 235, j = 346 sucessfully passed !
	Initialyzed swapped data for i = 235, j = 347 sucessfully passed !
	Initialyzed swapped data for i = 235, j = 348 sucessfully passed !
	Initialyzed swapped data for i = 235, j = 349 sucessfully passed !
	Initialyzed swapped data for i = 235, j = 350 sucessfully passed !
	Initialyzed swapped data for i = 235, j = 351 sucessfully passed !
	Initialyzed swapped data for i = 235, j = 352 sucessfully passed !
	Initialyzed swapped data for i = 235, j = 353 sucessfully passed !
	Initialyzed swapped data for i = 235, j = 354 sucessfully passed !
	Initialyzed swapped data for i = 235, j = 355 sucessfully passed !
	Initialyzed swapped data for i = 235, j = 356 sucessfully passed !
	Initialyzed swapped data for i = 235, j = 357 sucessfully passed !
	Initialyzed swapped data for i = 235, j = 358 sucessfully passed !
	Initialyzed swapped data for i = 235, j = 359 sucessfully passed !
	Initialyzed swapped data for i = 235, j = 360 sucessfully passed !
	Initialyzed swapped data for i = 235, j = 361 sucessfully passed !
	Initialyzed swapped data for i = 235, j = 362 sucessfully passed !
	Initialyzed swapped data for i = 235, j = 363 sucessfully passed !
	Initialyzed swapped data for i = 235, j = 364 sucessfully passed !
	Initialyzed swapped data for i = 235, j = 365 sucessfully passed !
	Initialyzed swapped data for i = 235, j = 366 sucessfully passed !
	Initialyzed swapped data for i = 235, j = 367 sucessfully passed !
	Initialyzed swapped data for i = 235, j = 368 sucessfully passed !
	Initialyzed swapped data for i = 235, j = 369 sucessfully passed !
	Initialyzed swapped data for i = 235, j = 370 sucessfully passed !
	Initialyzed swapped data for i = 235, j = 371 sucessfully passed !
	Initialyzed swapped data for i = 235, j = 372 sucessfully passed !
	Initialyzed swapped data for i = 235, j = 373 sucessfully passed !
	Initialyzed swapped data for i = 235, j = 374 sucessfully passed !
	Initialyzed swapped data for i = 235, j = 375 sucessfully passed !
	Initialyzed swapped data for i = 235, j = 376 sucessfully passed !
	Initialyzed swapped data for i = 235, j = 377 sucessfully passed !
	Initialyzed swapped data for i = 235, j = 378 sucessfully passed !
	Initialyzed swapped data for i = 235, j = 379 sucessfully passed !
	Initialyzed swapped data for i = 235, j = 380 sucessfully passed !
	Initialyzed swapped data for i = 235, j = 381 sucessfully passed !
	Initialyzed swapped data for i = 235, j = 382 sucessfully passed !
	Initialyzed swapped data for i = 235, j = 383 sucessfully passed !
	Initialyzed swapped data for i = 235, j = 384 sucessfully passed !
	Initialyzed swapped data for i = 235, j = 385 sucessfully passed !
	Initialyzed swapped data for i = 235, j = 386 sucessfully passed !
	Initialyzed swapped data for i = 235, j = 387 sucessfully passed !
	Initialyzed swapped data for i = 235, j = 388 sucessfully passed !
	Initialyzed swapped data for i = 235, j = 389 sucessfully passed !
	Initialyzed swapped data for i = 235, j = 390 sucessfully passed !
	Initialyzed swapped data for i = 235, j = 391 sucessfully passed !
	Initialyzed swapped data for i = 235, j = 392 sucessfully passed !
	Initialyzed swapped data for i = 235, j = 393 sucessfully passed !
	Initialyzed swapped data for i = 235, j = 394 sucessfully passed !
	Initialyzed swapped data for i = 235, j = 395 sucessfully passed !
	Initialyzed swapped data for i = 235, j = 396 sucessfully passed !
	Initialyzed swapped data for i = 235, j = 397 sucessfully passed !
	Initialyzed swapped data for i = 235, j = 398 sucessfully passed !
	Initialyzed swapped data for i = 235, j = 399 sucessfully passed !
	Initialyzed swapped data for i = 235, j = 400 sucessfully passed !
	Initialyzed swapped data for i = 235, j = 401 sucessfully passed !
	Initialyzed swapped data for i = 235, j = 402 sucessfully passed !
	Initialyzed swapped data for i = 235, j = 403 sucessfully passed !
	Initialyzed swapped data for i = 235, j = 404 sucessfully passed !
	Initialyzed swapped data for i = 235, j = 405 sucessfully passed !
	Initialyzed swapped data for i = 235, j = 406 sucessfully passed !
	Initialyzed swapped data for i = 235, j = 407 sucessfully passed !
	Initialyzed swapped data for i = 235, j = 408 sucessfully passed !
	Initialyzed swapped data for i = 235, j = 409 sucessfully passed !
	Initialyzed swapped data for i = 235, j = 410 sucessfully passed !
	Initialyzed swapped data for i = 235, j = 411 sucessfully passed !
	Initialyzed swapped data for i = 235, j = 412 sucessfully passed !
	Initialyzed swapped data for i = 235, j = 413 sucessfully passed !
	Initialyzed swapped data for i = 235, j = 414 sucessfully passed !
	Initialyzed swapped data for i = 235, j = 415 sucessfully passed !
	Initialyzed swapped data for i = 235, j = 416 sucessfully passed !
	Initialyzed swapped data for i = 235, j = 417 sucessfully passed !
	Initialyzed swapped data for i = 235, j = 418 sucessfully passed !
	Initialyzed swapped data for i = 235, j = 419 sucessfully passed !
	Initialyzed swapped data for i = 235, j = 420 sucessfully passed !
	Initialyzed swapped data for i = 235, j = 421 sucessfully passed !
	Initialyzed swapped data for i = 235, j = 422 sucessfully passed !
	Initialyzed swapped data for i = 235, j = 423 sucessfully passed !
	Initialyzed swapped data for i = 235, j = 424 sucessfully passed !
	Initialyzed swapped data for i = 235, j = 425 sucessfully passed !
	Initialyzed swapped data for i = 235, j = 426 sucessfully passed !
	Initialyzed swapped data for i = 235, j = 427 sucessfully passed !
	Initialyzed swapped data for i = 235, j = 428 sucessfully passed !
	Initialyzed swapped data for i = 235, j = 429 sucessfully passed !
	Initialyzed swapped data for i = 235, j = 430 sucessfully passed !
	Initialyzed swapped data for i = 235, j = 431 sucessfully passed !
	Initialyzed swapped data for i = 235, j = 432 sucessfully passed !
	Initialyzed swapped data for i = 235, j = 433 sucessfully passed !
	Initialyzed swapped data for i = 236, j = 237 sucessfully passed !
	Initialyzed swapped data for i = 236, j = 238 sucessfully passed !
	Initialyzed swapped data for i = 236, j = 239 sucessfully passed !
	Initialyzed swapped data for i = 236, j = 240 sucessfully passed !
	Initialyzed swapped data for i = 236, j = 241 sucessfully passed !
	Initialyzed swapped data for i = 236, j = 242 sucessfully passed !
	Initialyzed swapped data for i = 236, j = 243 sucessfully passed !
	Initialyzed swapped data for i = 236, j = 244 sucessfully passed !
	Initialyzed swapped data for i = 236, j = 245 sucessfully passed !
	Initialyzed swapped data for i = 236, j = 246 sucessfully passed !
	Initialyzed swapped data for i = 236, j = 247 sucessfully passed !
	Initialyzed swapped data for i = 236, j = 248 sucessfully passed !
	Initialyzed swapped data for i = 236, j = 249 sucessfully passed !
	Initialyzed swapped data for i = 236, j = 250 sucessfully passed !
	Initialyzed swapped data for i = 236, j = 251 sucessfully passed !
	Initialyzed swapped data for i = 236, j = 252 sucessfully passed !
	Initialyzed swapped data for i = 236, j = 253 sucessfully passed !
	Initialyzed swapped data for i = 236, j = 254 sucessfully passed !
	Initialyzed swapped data for i = 236, j = 255 sucessfully passed !
	Initialyzed swapped data for i = 236, j = 256 sucessfully passed !
	Initialyzed swapped data for i = 236, j = 257 sucessfully passed !
	Initialyzed swapped data for i = 236, j = 258 sucessfully passed !
	Initialyzed swapped data for i = 236, j = 259 sucessfully passed !
	Initialyzed swapped data for i = 236, j = 260 sucessfully passed !
	Initialyzed swapped data for i = 236, j = 261 sucessfully passed !
	Initialyzed swapped data for i = 236, j = 262 sucessfully passed !
	Initialyzed swapped data for i = 236, j = 263 sucessfully passed !
	Initialyzed swapped data for i = 236, j = 264 sucessfully passed !
	Initialyzed swapped data for i = 236, j = 265 sucessfully passed !
	Initialyzed swapped data for i = 236, j = 266 sucessfully passed !
	Initialyzed swapped data for i = 236, j = 267 sucessfully passed !
	Initialyzed swapped data for i = 236, j = 268 sucessfully passed !
	Initialyzed swapped data for i = 236, j = 269 sucessfully passed !
	Initialyzed swapped data for i = 236, j = 270 sucessfully passed !
	Initialyzed swapped data for i = 236, j = 271 sucessfully passed !
	Initialyzed swapped data for i = 236, j = 272 sucessfully passed !
	Initialyzed swapped data for i = 236, j = 273 sucessfully passed !
	Initialyzed swapped data for i = 236, j = 274 sucessfully passed !
	Initialyzed swapped data for i = 236, j = 275 sucessfully passed !
	Initialyzed swapped data for i = 236, j = 276 sucessfully passed !
	Initialyzed swapped data for i = 236, j = 277 sucessfully passed !
	Initialyzed swapped data for i = 236, j = 278 sucessfully passed !
	Initialyzed swapped data for i = 236, j = 279 sucessfully passed !
	Initialyzed swapped data for i = 236, j = 280 sucessfully passed !
	Initialyzed swapped data for i = 236, j = 281 sucessfully passed !
	Initialyzed swapped data for i = 236, j = 282 sucessfully passed !
	Initialyzed swapped data for i = 236, j = 283 sucessfully passed !
	Initialyzed swapped data for i = 236, j = 284 sucessfully passed !
	Initialyzed swapped data for i = 236, j = 285 sucessfully passed !
	Initialyzed swapped data for i = 236, j = 286 sucessfully passed !
	Initialyzed swapped data for i = 236, j = 287 sucessfully passed !
	Initialyzed swapped data for i = 236, j = 288 sucessfully passed !
	Initialyzed swapped data for i = 236, j = 289 sucessfully passed !
	Initialyzed swapped data for i = 236, j = 290 sucessfully passed !
	Initialyzed swapped data for i = 236, j = 291 sucessfully passed !
	Initialyzed swapped data for i = 236, j = 292 sucessfully passed !
	Initialyzed swapped data for i = 236, j = 293 sucessfully passed !
	Initialyzed swapped data for i = 236, j = 294 sucessfully passed !
	Initialyzed swapped data for i = 236, j = 295 sucessfully passed !
	Initialyzed swapped data for i = 236, j = 296 sucessfully passed !
	Initialyzed swapped data for i = 236, j = 297 sucessfully passed !
	Initialyzed swapped data for i = 236, j = 298 sucessfully passed !
	Initialyzed swapped data for i = 236, j = 299 sucessfully passed !
	Initialyzed swapped data for i = 236, j = 300 sucessfully passed !
	Initialyzed swapped data for i = 236, j = 301 sucessfully passed !
	Initialyzed swapped data for i = 236, j = 302 sucessfully passed !
	Initialyzed swapped data for i = 236, j = 303 sucessfully passed !
	Initialyzed swapped data for i = 236, j = 304 sucessfully passed !
	Initialyzed swapped data for i = 236, j = 305 sucessfully passed !
	Initialyzed swapped data for i = 236, j = 306 sucessfully passed !
	Initialyzed swapped data for i = 236, j = 307 sucessfully passed !
	Initialyzed swapped data for i = 236, j = 308 sucessfully passed !
	Initialyzed swapped data for i = 236, j = 309 sucessfully passed !
	Initialyzed swapped data for i = 236, j = 310 sucessfully passed !
	Initialyzed swapped data for i = 236, j = 311 sucessfully passed !
	Initialyzed swapped data for i = 236, j = 312 sucessfully passed !
	Initialyzed swapped data for i = 236, j = 313 sucessfully passed !
	Initialyzed swapped data for i = 236, j = 314 sucessfully passed !
	Initialyzed swapped data for i = 236, j = 315 sucessfully passed !
	Initialyzed swapped data for i = 236, j = 316 sucessfully passed !
	Initialyzed swapped data for i = 236, j = 317 sucessfully passed !
	Initialyzed swapped data for i = 236, j = 318 sucessfully passed !
	Initialyzed swapped data for i = 236, j = 319 sucessfully passed !
	Initialyzed swapped data for i = 236, j = 320 sucessfully passed !
	Initialyzed swapped data for i = 236, j = 321 sucessfully passed !
	Initialyzed swapped data for i = 236, j = 322 sucessfully passed !
	Initialyzed swapped data for i = 236, j = 323 sucessfully passed !
	Initialyzed swapped data for i = 236, j = 324 sucessfully passed !
	Initialyzed swapped data for i = 236, j = 325 sucessfully passed !
	Initialyzed swapped data for i = 236, j = 326 sucessfully passed !
	Initialyzed swapped data for i = 236, j = 327 sucessfully passed !
	Initialyzed swapped data for i = 236, j = 328 sucessfully passed !
	Initialyzed swapped data for i = 236, j = 329 sucessfully passed !
	Initialyzed swapped data for i = 236, j = 330 sucessfully passed !
	Initialyzed swapped data for i = 236, j = 331 sucessfully passed !
	Initialyzed swapped data for i = 236, j = 332 sucessfully passed !
	Initialyzed swapped data for i = 236, j = 333 sucessfully passed !
	Initialyzed swapped data for i = 236, j = 334 sucessfully passed !
	Initialyzed swapped data for i = 236, j = 335 sucessfully passed !
	Initialyzed swapped data for i = 236, j = 336 sucessfully passed !
	Initialyzed swapped data for i = 236, j = 337 sucessfully passed !
	Initialyzed swapped data for i = 236, j = 338 sucessfully passed !
	Initialyzed swapped data for i = 236, j = 339 sucessfully passed !
	Initialyzed swapped data for i = 236, j = 340 sucessfully passed !
	Initialyzed swapped data for i = 236, j = 341 sucessfully passed !
	Initialyzed swapped data for i = 236, j = 342 sucessfully passed !
	Initialyzed swapped data for i = 236, j = 343 sucessfully passed !
	Initialyzed swapped data for i = 236, j = 344 sucessfully passed !
	Initialyzed swapped data for i = 236, j = 345 sucessfully passed !
	Initialyzed swapped data for i = 236, j = 346 sucessfully passed !
	Initialyzed swapped data for i = 236, j = 347 sucessfully passed !
	Initialyzed swapped data for i = 236, j = 348 sucessfully passed !
	Initialyzed swapped data for i = 236, j = 349 sucessfully passed !
	Initialyzed swapped data for i = 236, j = 350 sucessfully passed !
	Initialyzed swapped data for i = 236, j = 351 sucessfully passed !
	Initialyzed swapped data for i = 236, j = 352 sucessfully passed !
	Initialyzed swapped data for i = 236, j = 353 sucessfully passed !
	Initialyzed swapped data for i = 236, j = 354 sucessfully passed !
	Initialyzed swapped data for i = 236, j = 355 sucessfully passed !
	Initialyzed swapped data for i = 236, j = 356 sucessfully passed !
	Initialyzed swapped data for i = 236, j = 357 sucessfully passed !
	Initialyzed swapped data for i = 236, j = 358 sucessfully passed !
	Initialyzed swapped data for i = 236, j = 359 sucessfully passed !
	Initialyzed swapped data for i = 236, j = 360 sucessfully passed !
	Initialyzed swapped data for i = 236, j = 361 sucessfully passed !
	Initialyzed swapped data for i = 236, j = 362 sucessfully passed !
	Initialyzed swapped data for i = 236, j = 363 sucessfully passed !
	Initialyzed swapped data for i = 236, j = 364 sucessfully passed !
	Initialyzed swapped data for i = 236, j = 365 sucessfully passed !
	Initialyzed swapped data for i = 236, j = 366 sucessfully passed !
	Initialyzed swapped data for i = 236, j = 367 sucessfully passed !
	Initialyzed swapped data for i = 236, j = 368 sucessfully passed !
	Initialyzed swapped data for i = 236, j = 369 sucessfully passed !
	Initialyzed swapped data for i = 236, j = 370 sucessfully passed !
	Initialyzed swapped data for i = 236, j = 371 sucessfully passed !
	Initialyzed swapped data for i = 236, j = 372 sucessfully passed !
	Initialyzed swapped data for i = 236, j = 373 sucessfully passed !
	Initialyzed swapped data for i = 236, j = 374 sucessfully passed !
	Initialyzed swapped data for i = 236, j = 375 sucessfully passed !
	Initialyzed swapped data for i = 236, j = 376 sucessfully passed !
	Initialyzed swapped data for i = 236, j = 377 sucessfully passed !
	Initialyzed swapped data for i = 236, j = 378 sucessfully passed !
	Initialyzed swapped data for i = 236, j = 379 sucessfully passed !
	Initialyzed swapped data for i = 236, j = 380 sucessfully passed !
	Initialyzed swapped data for i = 236, j = 381 sucessfully passed !
	Initialyzed swapped data for i = 236, j = 382 sucessfully passed !
	Initialyzed swapped data for i = 236, j = 383 sucessfully passed !
	Initialyzed swapped data for i = 236, j = 384 sucessfully passed !
	Initialyzed swapped data for i = 236, j = 385 sucessfully passed !
	Initialyzed swapped data for i = 236, j = 386 sucessfully passed !
	Initialyzed swapped data for i = 236, j = 387 sucessfully passed !
	Initialyzed swapped data for i = 236, j = 388 sucessfully passed !
	Initialyzed swapped data for i = 236, j = 389 sucessfully passed !
	Initialyzed swapped data for i = 236, j = 390 sucessfully passed !
	Initialyzed swapped data for i = 236, j = 391 sucessfully passed !
	Initialyzed swapped data for i = 236, j = 392 sucessfully passed !
	Initialyzed swapped data for i = 236, j = 393 sucessfully passed !
	Initialyzed swapped data for i = 236, j = 394 sucessfully passed !
	Initialyzed swapped data for i = 236, j = 395 sucessfully passed !
	Initialyzed swapped data for i = 236, j = 396 sucessfully passed !
	Initialyzed swapped data for i = 236, j = 397 sucessfully passed !
	Initialyzed swapped data for i = 236, j = 398 sucessfully passed !
	Initialyzed swapped data for i = 236, j = 399 sucessfully passed !
	Initialyzed swapped data for i = 236, j = 400 sucessfully passed !
	Initialyzed swapped data for i = 236, j = 401 sucessfully passed !
	Initialyzed swapped data for i = 236, j = 402 sucessfully passed !
	Initialyzed swapped data for i = 236, j = 403 sucessfully passed !
	Initialyzed swapped data for i = 236, j = 404 sucessfully passed !
	Initialyzed swapped data for i = 236, j = 405 sucessfully passed !
	Initialyzed swapped data for i = 236, j = 406 sucessfully passed !
	Initialyzed swapped data for i = 236, j = 407 sucessfully passed !
	Initialyzed swapped data for i = 236, j = 408 sucessfully passed !
	Initialyzed swapped data for i = 236, j = 409 sucessfully passed !
	Initialyzed swapped data for i = 236, j = 410 sucessfully passed !
	Initialyzed swapped data for i = 236, j = 411 sucessfully passed !
	Initialyzed swapped data for i = 236, j = 412 sucessfully passed !
	Initialyzed swapped data for i = 236, j = 413 sucessfully passed !
	Initialyzed swapped data for i = 236, j = 414 sucessfully passed !
	Initialyzed swapped data for i = 236, j = 415 sucessfully passed !
	Initialyzed swapped data for i = 236, j = 416 sucessfully passed !
	Initialyzed swapped data for i = 236, j = 417 sucessfully passed !
	Initialyzed swapped data for i = 236, j = 418 sucessfully passed !
	Initialyzed swapped data for i = 236, j = 419 sucessfully passed !
	Initialyzed swapped data for i = 236, j = 420 sucessfully passed !
	Initialyzed swapped data for i = 236, j = 421 sucessfully passed !
	Initialyzed swapped data for i = 236, j = 422 sucessfully passed !
	Initialyzed swapped data for i = 236, j = 423 sucessfully passed !
	Initialyzed swapped data for i = 236, j = 424 sucessfully passed !
	Initialyzed swapped data for i = 236, j = 425 sucessfully passed !
	Initialyzed swapped data for i = 236, j = 426 sucessfully passed !
	Initialyzed swapped data for i = 236, j = 427 sucessfully passed !
	Initialyzed swapped data for i = 236, j = 428 sucessfully passed !
	Initialyzed swapped data for i = 236, j = 429 sucessfully passed !
	Initialyzed swapped data for i = 236, j = 430 sucessfully passed !
	Initialyzed swapped data for i = 236, j = 431 sucessfully passed !
	Initialyzed swapped data for i = 236, j = 432 sucessfully passed !
	Initialyzed swapped data for i = 236, j = 433 sucessfully passed !
	Initialyzed swapped data for i = 237, j = 238 sucessfully passed !
	Initialyzed swapped data for i = 237, j = 239 sucessfully passed !
	Initialyzed swapped data for i = 237, j = 240 sucessfully passed !
	Initialyzed swapped data for i = 237, j = 241 sucessfully passed !
	Initialyzed swapped data for i = 237, j = 242 sucessfully passed !
	Initialyzed swapped data for i = 237, j = 243 sucessfully passed !
	Initialyzed swapped data for i = 237, j = 244 sucessfully passed !
	Initialyzed swapped data for i = 237, j = 245 sucessfully passed !
	Initialyzed swapped data for i = 237, j = 246 sucessfully passed !
	Initialyzed swapped data for i = 237, j = 247 sucessfully passed !
	Initialyzed swapped data for i = 237, j = 248 sucessfully passed !
	Initialyzed swapped data for i = 237, j = 249 sucessfully passed !
	Initialyzed swapped data for i = 237, j = 250 sucessfully passed !
	Initialyzed swapped data for i = 237, j = 251 sucessfully passed !
	Initialyzed swapped data for i = 237, j = 252 sucessfully passed !
	Initialyzed swapped data for i = 237, j = 253 sucessfully passed !
	Initialyzed swapped data for i = 237, j = 254 sucessfully passed !
	Initialyzed swapped data for i = 237, j = 255 sucessfully passed !
	Initialyzed swapped data for i = 237, j = 256 sucessfully passed !
	Initialyzed swapped data for i = 237, j = 257 sucessfully passed !
	Initialyzed swapped data for i = 237, j = 258 sucessfully passed !
	Initialyzed swapped data for i = 237, j = 259 sucessfully passed !
	Initialyzed swapped data for i = 237, j = 260 sucessfully passed !
	Initialyzed swapped data for i = 237, j = 261 sucessfully passed !
	Initialyzed swapped data for i = 237, j = 262 sucessfully passed !
	Initialyzed swapped data for i = 237, j = 263 sucessfully passed !
	Initialyzed swapped data for i = 237, j = 264 sucessfully passed !
	Initialyzed swapped data for i = 237, j = 265 sucessfully passed !
	Initialyzed swapped data for i = 237, j = 266 sucessfully passed !
	Initialyzed swapped data for i = 237, j = 267 sucessfully passed !
	Initialyzed swapped data for i = 237, j = 268 sucessfully passed !
	Initialyzed swapped data for i = 237, j = 269 sucessfully passed !
	Initialyzed swapped data for i = 237, j = 270 sucessfully passed !
	Initialyzed swapped data for i = 237, j = 271 sucessfully passed !
	Initialyzed swapped data for i = 237, j = 272 sucessfully passed !
	Initialyzed swapped data for i = 237, j = 273 sucessfully passed !
	Initialyzed swapped data for i = 237, j = 274 sucessfully passed !
	Initialyzed swapped data for i = 237, j = 275 sucessfully passed !
	Initialyzed swapped data for i = 237, j = 276 sucessfully passed !
	Initialyzed swapped data for i = 237, j = 277 sucessfully passed !
	Initialyzed swapped data for i = 237, j = 278 sucessfully passed !
	Initialyzed swapped data for i = 237, j = 279 sucessfully passed !
	Initialyzed swapped data for i = 237, j = 280 sucessfully passed !
	Initialyzed swapped data for i = 237, j = 281 sucessfully passed !
	Initialyzed swapped data for i = 237, j = 282 sucessfully passed !
	Initialyzed swapped data for i = 237, j = 283 sucessfully passed !
	Initialyzed swapped data for i = 237, j = 284 sucessfully passed !
	Initialyzed swapped data for i = 237, j = 285 sucessfully passed !
	Initialyzed swapped data for i = 237, j = 286 sucessfully passed !
	Initialyzed swapped data for i = 237, j = 287 sucessfully passed !
	Initialyzed swapped data for i = 237, j = 288 sucessfully passed !
	Initialyzed swapped data for i = 237, j = 289 sucessfully passed !
	Initialyzed swapped data for i = 237, j = 290 sucessfully passed !
	Initialyzed swapped data for i = 237, j = 291 sucessfully passed !
	Initialyzed swapped data for i = 237, j = 292 sucessfully passed !
	Initialyzed swapped data for i = 237, j = 293 sucessfully passed !
	Initialyzed swapped data for i = 237, j = 294 sucessfully passed !
	Initialyzed swapped data for i = 237, j = 295 sucessfully passed !
	Initialyzed swapped data for i = 237, j = 296 sucessfully passed !
	Initialyzed swapped data for i = 237, j = 297 sucessfully passed !
	Initialyzed swapped data for i = 237, j = 298 sucessfully passed !
	Initialyzed swapped data for i = 237, j = 299 sucessfully passed !
	Initialyzed swapped data for i = 237, j = 300 sucessfully passed !
	Initialyzed swapped data for i = 237, j = 301 sucessfully passed !
	Initialyzed swapped data for i = 237, j = 302 sucessfully passed !
	Initialyzed swapped data for i = 237, j = 303 sucessfully passed !
	Initialyzed swapped data for i = 237, j = 304 sucessfully passed !
	Initialyzed swapped data for i = 237, j = 305 sucessfully passed !
	Initialyzed swapped data for i = 237, j = 306 sucessfully passed !
	Initialyzed swapped data for i = 237, j = 307 sucessfully passed !
	Initialyzed swapped data for i = 237, j = 308 sucessfully passed !
	Initialyzed swapped data for i = 237, j = 309 sucessfully passed !
	Initialyzed swapped data for i = 237, j = 310 sucessfully passed !
	Initialyzed swapped data for i = 237, j = 311 sucessfully passed !
	Initialyzed swapped data for i = 237, j = 312 sucessfully passed !
	Initialyzed swapped data for i = 237, j = 313 sucessfully passed !
	Initialyzed swapped data for i = 237, j = 314 sucessfully passed !
	Initialyzed swapped data for i = 237, j = 315 sucessfully passed !
	Initialyzed swapped data for i = 237, j = 316 sucessfully passed !
	Initialyzed swapped data for i = 237, j = 317 sucessfully passed !
	Initialyzed swapped data for i = 237, j = 318 sucessfully passed !
	Initialyzed swapped data for i = 237, j = 319 sucessfully passed !
	Initialyzed swapped data for i = 237, j = 320 sucessfully passed !
	Initialyzed swapped data for i = 237, j = 321 sucessfully passed !
	Initialyzed swapped data for i = 237, j = 322 sucessfully passed !
	Initialyzed swapped data for i = 237, j = 323 sucessfully passed !
	Initialyzed swapped data for i = 237, j = 324 sucessfully passed !
	Initialyzed swapped data for i = 237, j = 325 sucessfully passed !
	Initialyzed swapped data for i = 237, j = 326 sucessfully passed !
	Initialyzed swapped data for i = 237, j = 327 sucessfully passed !
	Initialyzed swapped data for i = 237, j = 328 sucessfully passed !
	Initialyzed swapped data for i = 237, j = 329 sucessfully passed !
	Initialyzed swapped data for i = 237, j = 330 sucessfully passed !
	Initialyzed swapped data for i = 237, j = 331 sucessfully passed !
	Initialyzed swapped data for i = 237, j = 332 sucessfully passed !
	Initialyzed swapped data for i = 237, j = 333 sucessfully passed !
	Initialyzed swapped data for i = 237, j = 334 sucessfully passed !
	Initialyzed swapped data for i = 237, j = 335 sucessfully passed !
	Initialyzed swapped data for i = 237, j = 336 sucessfully passed !
	Initialyzed swapped data for i = 237, j = 337 sucessfully passed !
	Initialyzed swapped data for i = 237, j = 338 sucessfully passed !
	Initialyzed swapped data for i = 237, j = 339 sucessfully passed !
	Initialyzed swapped data for i = 237, j = 340 sucessfully passed !
	Initialyzed swapped data for i = 237, j = 341 sucessfully passed !
	Initialyzed swapped data for i = 237, j = 342 sucessfully passed !
	Initialyzed swapped data for i = 237, j = 343 sucessfully passed !
	Initialyzed swapped data for i = 237, j = 344 sucessfully passed !
	Initialyzed swapped data for i = 237, j = 345 sucessfully passed !
	Initialyzed swapped data for i = 237, j = 346 sucessfully passed !
	Initialyzed swapped data for i = 237, j = 347 sucessfully passed !
	Initialyzed swapped data for i = 237, j = 348 sucessfully passed !
	Initialyzed swapped data for i = 237, j = 349 sucessfully passed !
	Initialyzed swapped data for i = 237, j = 350 sucessfully passed !
	Initialyzed swapped data for i = 237, j = 351 sucessfully passed !
	Initialyzed swapped data for i = 237, j = 352 sucessfully passed !
	Initialyzed swapped data for i = 237, j = 353 sucessfully passed !
	Initialyzed swapped data for i = 237, j = 354 sucessfully passed !
	Initialyzed swapped data for i = 237, j = 355 sucessfully passed !
	Initialyzed swapped data for i = 237, j = 356 sucessfully passed !
	Initialyzed swapped data for i = 237, j = 357 sucessfully passed !
	Initialyzed swapped data for i = 237, j = 358 sucessfully passed !
	Initialyzed swapped data for i = 237, j = 359 sucessfully passed !
	Initialyzed swapped data for i = 237, j = 360 sucessfully passed !
	Initialyzed swapped data for i = 237, j = 361 sucessfully passed !
	Initialyzed swapped data for i = 237, j = 362 sucessfully passed !
	Initialyzed swapped data for i = 237, j = 363 sucessfully passed !
	Initialyzed swapped data for i = 237, j = 364 sucessfully passed !
	Initialyzed swapped data for i = 237, j = 365 sucessfully passed !
	Initialyzed swapped data for i = 237, j = 366 sucessfully passed !
	Initialyzed swapped data for i = 237, j = 367 sucessfully passed !
	Initialyzed swapped data for i = 237, j = 368 sucessfully passed !
	Initialyzed swapped data for i = 237, j = 369 sucessfully passed !
	Initialyzed swapped data for i = 237, j = 370 sucessfully passed !
	Initialyzed swapped data for i = 237, j = 371 sucessfully passed !
	Initialyzed swapped data for i = 237, j = 372 sucessfully passed !
	Initialyzed swapped data for i = 237, j = 373 sucessfully passed !
	Initialyzed swapped data for i = 237, j = 374 sucessfully passed !
	Initialyzed swapped data for i = 237, j = 375 sucessfully passed !
	Initialyzed swapped data for i = 237, j = 376 sucessfully passed !
	Initialyzed swapped data for i = 237, j = 377 sucessfully passed !
	Initialyzed swapped data for i = 237, j = 378 sucessfully passed !
	Initialyzed swapped data for i = 237, j = 379 sucessfully passed !
	Initialyzed swapped data for i = 237, j = 380 sucessfully passed !
	Initialyzed swapped data for i = 237, j = 381 sucessfully passed !
	Initialyzed swapped data for i = 237, j = 382 sucessfully passed !
	Initialyzed swapped data for i = 237, j = 383 sucessfully passed !
	Initialyzed swapped data for i = 237, j = 384 sucessfully passed !
	Initialyzed swapped data for i = 237, j = 385 sucessfully passed !
	Initialyzed swapped data for i = 237, j = 386 sucessfully passed !
	Initialyzed swapped data for i = 237, j = 387 sucessfully passed !
	Initialyzed swapped data for i = 237, j = 388 sucessfully passed !
	Initialyzed swapped data for i = 237, j = 389 sucessfully passed !
	Initialyzed swapped data for i = 237, j = 390 sucessfully passed !
	Initialyzed swapped data for i = 237, j = 391 sucessfully passed !
	Initialyzed swapped data for i = 237, j = 392 sucessfully passed !
	Initialyzed swapped data for i = 237, j = 393 sucessfully passed !
	Initialyzed swapped data for i = 237, j = 394 sucessfully passed !
	Initialyzed swapped data for i = 237, j = 395 sucessfully passed !
	Initialyzed swapped data for i = 237, j = 396 sucessfully passed !
	Initialyzed swapped data for i = 237, j = 397 sucessfully passed !
	Initialyzed swapped data for i = 237, j = 398 sucessfully passed !
	Initialyzed swapped data for i = 237, j = 399 sucessfully passed !
	Initialyzed swapped data for i = 237, j = 400 sucessfully passed !
	Initialyzed swapped data for i = 237, j = 401 sucessfully passed !
	Initialyzed swapped data for i = 237, j = 402 sucessfully passed !
	Initialyzed swapped data for i = 237, j = 403 sucessfully passed !
	Initialyzed swapped data for i = 237, j = 404 sucessfully passed !
	Initialyzed swapped data for i = 237, j = 405 sucessfully passed !
	Initialyzed swapped data for i = 237, j = 406 sucessfully passed !
	Initialyzed swapped data for i = 237, j = 407 sucessfully passed !
	Initialyzed swapped data for i = 237, j = 408 sucessfully passed !
	Initialyzed swapped data for i = 237, j = 409 sucessfully passed !
	Initialyzed swapped data for i = 237, j = 410 sucessfully passed !
	Initialyzed swapped data for i = 237, j = 411 sucessfully passed !
	Initialyzed swapped data for i = 237, j = 412 sucessfully passed !
	Initialyzed swapped data for i = 237, j = 413 sucessfully passed !
	Initialyzed swapped data for i = 237, j = 414 sucessfully passed !
	Initialyzed swapped data for i = 237, j = 415 sucessfully passed !
	Initialyzed swapped data for i = 237, j = 416 sucessfully passed !
	Initialyzed swapped data for i = 237, j = 417 sucessfully passed !
	Initialyzed swapped data for i = 237, j = 418 sucessfully passed !
	Initialyzed swapped data for i = 237, j = 419 sucessfully passed !
	Initialyzed swapped data for i = 237, j = 420 sucessfully passed !
	Initialyzed swapped data for i = 237, j = 421 sucessfully passed !
	Initialyzed swapped data for i = 237, j = 422 sucessfully passed !
	Initialyzed swapped data for i = 237, j = 423 sucessfully passed !
	Initialyzed swapped data for i = 237, j = 424 sucessfully passed !
	Initialyzed swapped data for i = 237, j = 425 sucessfully passed !
	Initialyzed swapped data for i = 237, j = 426 sucessfully passed !
	Initialyzed swapped data for i = 237, j = 427 sucessfully passed !
	Initialyzed swapped data for i = 237, j = 428 sucessfully passed !
	Initialyzed swapped data for i = 237, j = 429 sucessfully passed !
	Initialyzed swapped data for i = 237, j = 430 sucessfully passed !
	Initialyzed swapped data for i = 237, j = 431 sucessfully passed !
	Initialyzed swapped data for i = 237, j = 432 sucessfully passed !
	Initialyzed swapped data for i = 237, j = 433 sucessfully passed !
	Initialyzed swapped data for i = 238, j = 239 sucessfully passed !
	Initialyzed swapped data for i = 238, j = 240 sucessfully passed !
	Initialyzed swapped data for i = 238, j = 241 sucessfully passed !
	Initialyzed swapped data for i = 238, j = 242 sucessfully passed !
	Initialyzed swapped data for i = 238, j = 243 sucessfully passed !
	Initialyzed swapped data for i = 238, j = 244 sucessfully passed !
	Initialyzed swapped data for i = 238, j = 245 sucessfully passed !
	Initialyzed swapped data for i = 238, j = 246 sucessfully passed !
	Initialyzed swapped data for i = 238, j = 247 sucessfully passed !
	Initialyzed swapped data for i = 238, j = 248 sucessfully passed !
	Initialyzed swapped data for i = 238, j = 249 sucessfully passed !
	Initialyzed swapped data for i = 238, j = 250 sucessfully passed !
	Initialyzed swapped data for i = 238, j = 251 sucessfully passed !
	Initialyzed swapped data for i = 238, j = 252 sucessfully passed !
	Initialyzed swapped data for i = 238, j = 253 sucessfully passed !
	Initialyzed swapped data for i = 238, j = 254 sucessfully passed !
	Initialyzed swapped data for i = 238, j = 255 sucessfully passed !
	Initialyzed swapped data for i = 238, j = 256 sucessfully passed !
	Initialyzed swapped data for i = 238, j = 257 sucessfully passed !
	Initialyzed swapped data for i = 238, j = 258 sucessfully passed !
	Initialyzed swapped data for i = 238, j = 259 sucessfully passed !
	Initialyzed swapped data for i = 238, j = 260 sucessfully passed !
	Initialyzed swapped data for i = 238, j = 261 sucessfully passed !
	Initialyzed swapped data for i = 238, j = 262 sucessfully passed !
	Initialyzed swapped data for i = 238, j = 263 sucessfully passed !
	Initialyzed swapped data for i = 238, j = 264 sucessfully passed !
	Initialyzed swapped data for i = 238, j = 265 sucessfully passed !
	Initialyzed swapped data for i = 238, j = 266 sucessfully passed !
	Initialyzed swapped data for i = 238, j = 267 sucessfully passed !
	Initialyzed swapped data for i = 238, j = 268 sucessfully passed !
	Initialyzed swapped data for i = 238, j = 269 sucessfully passed !
	Initialyzed swapped data for i = 238, j = 270 sucessfully passed !
	Initialyzed swapped data for i = 238, j = 271 sucessfully passed !
	Initialyzed swapped data for i = 238, j = 272 sucessfully passed !
	Initialyzed swapped data for i = 238, j = 273 sucessfully passed !
	Initialyzed swapped data for i = 238, j = 274 sucessfully passed !
	Initialyzed swapped data for i = 238, j = 275 sucessfully passed !
	Initialyzed swapped data for i = 238, j = 276 sucessfully passed !
	Initialyzed swapped data for i = 238, j = 277 sucessfully passed !
	Initialyzed swapped data for i = 238, j = 278 sucessfully passed !
	Initialyzed swapped data for i = 238, j = 279 sucessfully passed !
	Initialyzed swapped data for i = 238, j = 280 sucessfully passed !
	Initialyzed swapped data for i = 238, j = 281 sucessfully passed !
	Initialyzed swapped data for i = 238, j = 282 sucessfully passed !
	Initialyzed swapped data for i = 238, j = 283 sucessfully passed !
	Initialyzed swapped data for i = 238, j = 284 sucessfully passed !
	Initialyzed swapped data for i = 238, j = 285 sucessfully passed !
	Initialyzed swapped data for i = 238, j = 286 sucessfully passed !
	Initialyzed swapped data for i = 238, j = 287 sucessfully passed !
	Initialyzed swapped data for i = 238, j = 288 sucessfully passed !
	Initialyzed swapped data for i = 238, j = 289 sucessfully passed !
	Initialyzed swapped data for i = 238, j = 290 sucessfully passed !
	Initialyzed swapped data for i = 238, j = 291 sucessfully passed !
	Initialyzed swapped data for i = 238, j = 292 sucessfully passed !
	Initialyzed swapped data for i = 238, j = 293 sucessfully passed !
	Initialyzed swapped data for i = 238, j = 294 sucessfully passed !
	Initialyzed swapped data for i = 238, j = 295 sucessfully passed !
	Initialyzed swapped data for i = 238, j = 296 sucessfully passed !
	Initialyzed swapped data for i = 238, j = 297 sucessfully passed !
	Initialyzed swapped data for i = 238, j = 298 sucessfully passed !
	Initialyzed swapped data for i = 238, j = 299 sucessfully passed !
	Initialyzed swapped data for i = 238, j = 300 sucessfully passed !
	Initialyzed swapped data for i = 238, j = 301 sucessfully passed !
	Initialyzed swapped data for i = 238, j = 302 sucessfully passed !
	Initialyzed swapped data for i = 238, j = 303 sucessfully passed !
	Initialyzed swapped data for i = 238, j = 304 sucessfully passed !
	Initialyzed swapped data for i = 238, j = 305 sucessfully passed !
	Initialyzed swapped data for i = 238, j = 306 sucessfully passed !
	Initialyzed swapped data for i = 238, j = 307 sucessfully passed !
	Initialyzed swapped data for i = 238, j = 308 sucessfully passed !
	Initialyzed swapped data for i = 238, j = 309 sucessfully passed !
	Initialyzed swapped data for i = 238, j = 310 sucessfully passed !
	Initialyzed swapped data for i = 238, j = 311 sucessfully passed !
	Initialyzed swapped data for i = 238, j = 312 sucessfully passed !
	Initialyzed swapped data for i = 238, j = 313 sucessfully passed !
	Initialyzed swapped data for i = 238, j = 314 sucessfully passed !
	Initialyzed swapped data for i = 238, j = 315 sucessfully passed !
	Initialyzed swapped data for i = 238, j = 316 sucessfully passed !
	Initialyzed swapped data for i = 238, j = 317 sucessfully passed !
	Initialyzed swapped data for i = 238, j = 318 sucessfully passed !
	Initialyzed swapped data for i = 238, j = 319 sucessfully passed !
	Initialyzed swapped data for i = 238, j = 320 sucessfully passed !
	Initialyzed swapped data for i = 238, j = 321 sucessfully passed !
	Initialyzed swapped data for i = 238, j = 322 sucessfully passed !
	Initialyzed swapped data for i = 238, j = 323 sucessfully passed !
	Initialyzed swapped data for i = 238, j = 324 sucessfully passed !
	Initialyzed swapped data for i = 238, j = 325 sucessfully passed !
	Initialyzed swapped data for i = 238, j = 326 sucessfully passed !
	Initialyzed swapped data for i = 238, j = 327 sucessfully passed !
	Initialyzed swapped data for i = 238, j = 328 sucessfully passed !
	Initialyzed swapped data for i = 238, j = 329 sucessfully passed !
	Initialyzed swapped data for i = 238, j = 330 sucessfully passed !
	Initialyzed swapped data for i = 238, j = 331 sucessfully passed !
	Initialyzed swapped data for i = 238, j = 332 sucessfully passed !
	Initialyzed swapped data for i = 238, j = 333 sucessfully passed !
	Initialyzed swapped data for i = 238, j = 334 sucessfully passed !
	Initialyzed swapped data for i = 238, j = 335 sucessfully passed !
	Initialyzed swapped data for i = 238, j = 336 sucessfully passed !
	Initialyzed swapped data for i = 238, j = 337 sucessfully passed !
	Initialyzed swapped data for i = 238, j = 338 sucessfully passed !
	Initialyzed swapped data for i = 238, j = 339 sucessfully passed !
	Initialyzed swapped data for i = 238, j = 340 sucessfully passed !
	Initialyzed swapped data for i = 238, j = 341 sucessfully passed !
	Initialyzed swapped data for i = 238, j = 342 sucessfully passed !
	Initialyzed swapped data for i = 238, j = 343 sucessfully passed !
	Initialyzed swapped data for i = 238, j = 344 sucessfully passed !
	Initialyzed swapped data for i = 238, j = 345 sucessfully passed !
	Initialyzed swapped data for i = 238, j = 346 sucessfully passed !
	Initialyzed swapped data for i = 238, j = 347 sucessfully passed !
	Initialyzed swapped data for i = 238, j = 348 sucessfully passed !
	Initialyzed swapped data for i = 238, j = 349 sucessfully passed !
	Initialyzed swapped data for i = 238, j = 350 sucessfully passed !
	Initialyzed swapped data for i = 238, j = 351 sucessfully passed !
	Initialyzed swapped data for i = 238, j = 352 sucessfully passed !
	Initialyzed swapped data for i = 238, j = 353 sucessfully passed !
	Initialyzed swapped data for i = 238, j = 354 sucessfully passed !
	Initialyzed swapped data for i = 238, j = 355 sucessfully passed !
	Initialyzed swapped data for i = 238, j = 356 sucessfully passed !
	Initialyzed swapped data for i = 238, j = 357 sucessfully passed !
	Initialyzed swapped data for i = 238, j = 358 sucessfully passed !
	Initialyzed swapped data for i = 238, j = 359 sucessfully passed !
	Initialyzed swapped data for i = 238, j = 360 sucessfully passed !
	Initialyzed swapped data for i = 238, j = 361 sucessfully passed !
	Initialyzed swapped data for i = 238, j = 362 sucessfully passed !
	Initialyzed swapped data for i = 238, j = 363 sucessfully passed !
	Initialyzed swapped data for i = 238, j = 364 sucessfully passed !
	Initialyzed swapped data for i = 238, j = 365 sucessfully passed !
	Initialyzed swapped data for i = 238, j = 366 sucessfully passed !
	Initialyzed swapped data for i = 238, j = 367 sucessfully passed !
	Initialyzed swapped data for i = 238, j = 368 sucessfully passed !
	Initialyzed swapped data for i = 238, j = 369 sucessfully passed !
	Initialyzed swapped data for i = 238, j = 370 sucessfully passed !
	Initialyzed swapped data for i = 238, j = 371 sucessfully passed !
	Initialyzed swapped data for i = 238, j = 372 sucessfully passed !
	Initialyzed swapped data for i = 238, j = 373 sucessfully passed !
	Initialyzed swapped data for i = 238, j = 374 sucessfully passed !
	Initialyzed swapped data for i = 238, j = 375 sucessfully passed !
	Initialyzed swapped data for i = 238, j = 376 sucessfully passed !
	Initialyzed swapped data for i = 238, j = 377 sucessfully passed !
	Initialyzed swapped data for i = 238, j = 378 sucessfully passed !
	Initialyzed swapped data for i = 238, j = 379 sucessfully passed !
	Initialyzed swapped data for i = 238, j = 380 sucessfully passed !
	Initialyzed swapped data for i = 238, j = 381 sucessfully passed !
	Initialyzed swapped data for i = 238, j = 382 sucessfully passed !
	Initialyzed swapped data for i = 238, j = 383 sucessfully passed !
	Initialyzed swapped data for i = 238, j = 384 sucessfully passed !
	Initialyzed swapped data for i = 238, j = 385 sucessfully passed !
	Initialyzed swapped data for i = 238, j = 386 sucessfully passed !
	Initialyzed swapped data for i = 238, j = 387 sucessfully passed !
	Initialyzed swapped data for i = 238, j = 388 sucessfully passed !
	Initialyzed swapped data for i = 238, j = 389 sucessfully passed !
	Initialyzed swapped data for i = 238, j = 390 sucessfully passed !
	Initialyzed swapped data for i = 238, j = 391 sucessfully passed !
	Initialyzed swapped data for i = 238, j = 392 sucessfully passed !
	Initialyzed swapped data for i = 238, j = 393 sucessfully passed !
	Initialyzed swapped data for i = 238, j = 394 sucessfully passed !
	Initialyzed swapped data for i = 238, j = 395 sucessfully passed !
	Initialyzed swapped data for i = 238, j = 396 sucessfully passed !
	Initialyzed swapped data for i = 238, j = 397 sucessfully passed !
	Initialyzed swapped data for i = 238, j = 398 sucessfully passed !
	Initialyzed swapped data for i = 238, j = 399 sucessfully passed !
	Initialyzed swapped data for i = 238, j = 400 sucessfully passed !
	Initialyzed swapped data for i = 238, j = 401 sucessfully passed !
	Initialyzed swapped data for i = 238, j = 402 sucessfully passed !
	Initialyzed swapped data for i = 238, j = 403 sucessfully passed !
	Initialyzed swapped data for i = 238, j = 404 sucessfully passed !
	Initialyzed swapped data for i = 238, j = 405 sucessfully passed !
	Initialyzed swapped data for i = 238, j = 406 sucessfully passed !
	Initialyzed swapped data for i = 238, j = 407 sucessfully passed !
	Initialyzed swapped data for i = 238, j = 408 sucessfully passed !
	Initialyzed swapped data for i = 238, j = 409 sucessfully passed !
	Initialyzed swapped data for i = 238, j = 410 sucessfully passed !
	Initialyzed swapped data for i = 238, j = 411 sucessfully passed !
	Initialyzed swapped data for i = 238, j = 412 sucessfully passed !
	Initialyzed swapped data for i = 238, j = 413 sucessfully passed !
	Initialyzed swapped data for i = 238, j = 414 sucessfully passed !
	Initialyzed swapped data for i = 238, j = 415 sucessfully passed !
	Initialyzed swapped data for i = 238, j = 416 sucessfully passed !
	Initialyzed swapped data for i = 238, j = 417 sucessfully passed !
	Initialyzed swapped data for i = 238, j = 418 sucessfully passed !
	Initialyzed swapped data for i = 238, j = 419 sucessfully passed !
	Initialyzed swapped data for i = 238, j = 420 sucessfully passed !
	Initialyzed swapped data for i = 238, j = 421 sucessfully passed !
	Initialyzed swapped data for i = 238, j = 422 sucessfully passed !
	Initialyzed swapped data for i = 238, j = 423 sucessfully passed !
	Initialyzed swapped data for i = 238, j = 424 sucessfully passed !
	Initialyzed swapped data for i = 238, j = 425 sucessfully passed !
	Initialyzed swapped data for i = 238, j = 426 sucessfully passed !
	Initialyzed swapped data for i = 238, j = 427 sucessfully passed !
	Initialyzed swapped data for i = 238, j = 428 sucessfully passed !
	Initialyzed swapped data for i = 238, j = 429 sucessfully passed !
	Initialyzed swapped data for i = 238, j = 430 sucessfully passed !
	Initialyzed swapped data for i = 238, j = 431 sucessfully passed !
	Initialyzed swapped data for i = 238, j = 432 sucessfully passed !
	Initialyzed swapped data for i = 238, j = 433 sucessfully passed !
	Initialyzed swapped data for i = 239, j = 240 sucessfully passed !
	Initialyzed swapped data for i = 239, j = 241 sucessfully passed !
	Initialyzed swapped data for i = 239, j = 242 sucessfully passed !
	Initialyzed swapped data for i = 239, j = 243 sucessfully passed !
	Initialyzed swapped data for i = 239, j = 244 sucessfully passed !
	Initialyzed swapped data for i = 239, j = 245 sucessfully passed !
	Initialyzed swapped data for i = 239, j = 246 sucessfully passed !
	Initialyzed swapped data for i = 239, j = 247 sucessfully passed !
	Initialyzed swapped data for i = 239, j = 248 sucessfully passed !
	Initialyzed swapped data for i = 239, j = 249 sucessfully passed !
	Initialyzed swapped data for i = 239, j = 250 sucessfully passed !
	Initialyzed swapped data for i = 239, j = 251 sucessfully passed !
	Initialyzed swapped data for i = 239, j = 252 sucessfully passed !
	Initialyzed swapped data for i = 239, j = 253 sucessfully passed !
	Initialyzed swapped data for i = 239, j = 254 sucessfully passed !
	Initialyzed swapped data for i = 239, j = 255 sucessfully passed !
	Initialyzed swapped data for i = 239, j = 256 sucessfully passed !
	Initialyzed swapped data for i = 239, j = 257 sucessfully passed !
	Initialyzed swapped data for i = 239, j = 258 sucessfully passed !
	Initialyzed swapped data for i = 239, j = 259 sucessfully passed !
	Initialyzed swapped data for i = 239, j = 260 sucessfully passed !
	Initialyzed swapped data for i = 239, j = 261 sucessfully passed !
	Initialyzed swapped data for i = 239, j = 262 sucessfully passed !
	Initialyzed swapped data for i = 239, j = 263 sucessfully passed !
	Initialyzed swapped data for i = 239, j = 264 sucessfully passed !
	Initialyzed swapped data for i = 239, j = 265 sucessfully passed !
	Initialyzed swapped data for i = 239, j = 266 sucessfully passed !
	Initialyzed swapped data for i = 239, j = 267 sucessfully passed !
	Initialyzed swapped data for i = 239, j = 268 sucessfully passed !
	Initialyzed swapped data for i = 239, j = 269 sucessfully passed !
	Initialyzed swapped data for i = 239, j = 270 sucessfully passed !
	Initialyzed swapped data for i = 239, j = 271 sucessfully passed !
	Initialyzed swapped data for i = 239, j = 272 sucessfully passed !
	Initialyzed swapped data for i = 239, j = 273 sucessfully passed !
	Initialyzed swapped data for i = 239, j = 274 sucessfully passed !
	Initialyzed swapped data for i = 239, j = 275 sucessfully passed !
	Initialyzed swapped data for i = 239, j = 276 sucessfully passed !
	Initialyzed swapped data for i = 239, j = 277 sucessfully passed !
	Initialyzed swapped data for i = 239, j = 278 sucessfully passed !
	Initialyzed swapped data for i = 239, j = 279 sucessfully passed !
	Initialyzed swapped data for i = 239, j = 280 sucessfully passed !
	Initialyzed swapped data for i = 239, j = 281 sucessfully passed !
	Initialyzed swapped data for i = 239, j = 282 sucessfully passed !
	Initialyzed swapped data for i = 239, j = 283 sucessfully passed !
	Initialyzed swapped data for i = 239, j = 284 sucessfully passed !
	Initialyzed swapped data for i = 239, j = 285 sucessfully passed !
	Initialyzed swapped data for i = 239, j = 286 sucessfully passed !
	Initialyzed swapped data for i = 239, j = 287 sucessfully passed !
	Initialyzed swapped data for i = 239, j = 288 sucessfully passed !
	Initialyzed swapped data for i = 239, j = 289 sucessfully passed !
	Initialyzed swapped data for i = 239, j = 290 sucessfully passed !
	Initialyzed swapped data for i = 239, j = 291 sucessfully passed !
	Initialyzed swapped data for i = 239, j = 292 sucessfully passed !
	Initialyzed swapped data for i = 239, j = 293 sucessfully passed !
	Initialyzed swapped data for i = 239, j = 294 sucessfully passed !
	Initialyzed swapped data for i = 239, j = 295 sucessfully passed !
	Initialyzed swapped data for i = 239, j = 296 sucessfully passed !
	Initialyzed swapped data for i = 239, j = 297 sucessfully passed !
	Initialyzed swapped data for i = 239, j = 298 sucessfully passed !
	Initialyzed swapped data for i = 239, j = 299 sucessfully passed !
	Initialyzed swapped data for i = 239, j = 300 sucessfully passed !
	Initialyzed swapped data for i = 239, j = 301 sucessfully passed !
	Initialyzed swapped data for i = 239, j = 302 sucessfully passed !
	Initialyzed swapped data for i = 239, j = 303 sucessfully passed !
	Initialyzed swapped data for i = 239, j = 304 sucessfully passed !
	Initialyzed swapped data for i = 239, j = 305 sucessfully passed !
	Initialyzed swapped data for i = 239, j = 306 sucessfully passed !
	Initialyzed swapped data for i = 239, j = 307 sucessfully passed !
	Initialyzed swapped data for i = 239, j = 308 sucessfully passed !
	Initialyzed swapped data for i = 239, j = 309 sucessfully passed !
	Initialyzed swapped data for i = 239, j = 310 sucessfully passed !
	Initialyzed swapped data for i = 239, j = 311 sucessfully passed !
	Initialyzed swapped data for i = 239, j = 312 sucessfully passed !
	Initialyzed swapped data for i = 239, j = 313 sucessfully passed !
	Initialyzed swapped data for i = 239, j = 314 sucessfully passed !
	Initialyzed swapped data for i = 239, j = 315 sucessfully passed !
	Initialyzed swapped data for i = 239, j = 316 sucessfully passed !
	Initialyzed swapped data for i = 239, j = 317 sucessfully passed !
	Initialyzed swapped data for i = 239, j = 318 sucessfully passed !
	Initialyzed swapped data for i = 239, j = 319 sucessfully passed !
	Initialyzed swapped data for i = 239, j = 320 sucessfully passed !
	Initialyzed swapped data for i = 239, j = 321 sucessfully passed !
	Initialyzed swapped data for i = 239, j = 322 sucessfully passed !
	Initialyzed swapped data for i = 239, j = 323 sucessfully passed !
	Initialyzed swapped data for i = 239, j = 324 sucessfully passed !
	Initialyzed swapped data for i = 239, j = 325 sucessfully passed !
	Initialyzed swapped data for i = 239, j = 326 sucessfully passed !
	Initialyzed swapped data for i = 239, j = 327 sucessfully passed !
	Initialyzed swapped data for i = 239, j = 328 sucessfully passed !
	Initialyzed swapped data for i = 239, j = 329 sucessfully passed !
	Initialyzed swapped data for i = 239, j = 330 sucessfully passed !
	Initialyzed swapped data for i = 239, j = 331 sucessfully passed !
	Initialyzed swapped data for i = 239, j = 332 sucessfully passed !
	Initialyzed swapped data for i = 239, j = 333 sucessfully passed !
	Initialyzed swapped data for i = 239, j = 334 sucessfully passed !
	Initialyzed swapped data for i = 239, j = 335 sucessfully passed !
	Initialyzed swapped data for i = 239, j = 336 sucessfully passed !
	Initialyzed swapped data for i = 239, j = 337 sucessfully passed !
	Initialyzed swapped data for i = 239, j = 338 sucessfully passed !
	Initialyzed swapped data for i = 239, j = 339 sucessfully passed !
	Initialyzed swapped data for i = 239, j = 340 sucessfully passed !
	Initialyzed swapped data for i = 239, j = 341 sucessfully passed !
	Initialyzed swapped data for i = 239, j = 342 sucessfully passed !
	Initialyzed swapped data for i = 239, j = 343 sucessfully passed !
	Initialyzed swapped data for i = 239, j = 344 sucessfully passed !
	Initialyzed swapped data for i = 239, j = 345 sucessfully passed !
	Initialyzed swapped data for i = 239, j = 346 sucessfully passed !
	Initialyzed swapped data for i = 239, j = 347 sucessfully passed !
	Initialyzed swapped data for i = 239, j = 348 sucessfully passed !
	Initialyzed swapped data for i = 239, j = 349 sucessfully passed !
	Initialyzed swapped data for i = 239, j = 350 sucessfully passed !
	Initialyzed swapped data for i = 239, j = 351 sucessfully passed !
	Initialyzed swapped data for i = 239, j = 352 sucessfully passed !
	Initialyzed swapped data for i = 239, j = 353 sucessfully passed !
	Initialyzed swapped data for i = 239, j = 354 sucessfully passed !
	Initialyzed swapped data for i = 239, j = 355 sucessfully passed !
	Initialyzed swapped data for i = 239, j = 356 sucessfully passed !
	Initialyzed swapped data for i = 239, j = 357 sucessfully passed !
	Initialyzed swapped data for i = 239, j = 358 sucessfully passed !
	Initialyzed swapped data for i = 239, j = 359 sucessfully passed !
	Initialyzed swapped data for i = 239, j = 360 sucessfully passed !
	Initialyzed swapped data for i = 239, j = 361 sucessfully passed !
	Initialyzed swapped data for i = 239, j = 362 sucessfully passed !
	Initialyzed swapped data for i = 239, j = 363 sucessfully passed !
	Initialyzed swapped data for i = 239, j = 364 sucessfully passed !
	Initialyzed swapped data for i = 239, j = 365 sucessfully passed !
	Initialyzed swapped data for i = 239, j = 366 sucessfully passed !
	Initialyzed swapped data for i = 239, j = 367 sucessfully passed !
	Initialyzed swapped data for i = 239, j = 368 sucessfully passed !
	Initialyzed swapped data for i = 239, j = 369 sucessfully passed !
	Initialyzed swapped data for i = 239, j = 370 sucessfully passed !
	Initialyzed swapped data for i = 239, j = 371 sucessfully passed !
	Initialyzed swapped data for i = 239, j = 372 sucessfully passed !
	Initialyzed swapped data for i = 239, j = 373 sucessfully passed !
	Initialyzed swapped data for i = 239, j = 374 sucessfully passed !
	Initialyzed swapped data for i = 239, j = 375 sucessfully passed !
	Initialyzed swapped data for i = 239, j = 376 sucessfully passed !
	Initialyzed swapped data for i = 239, j = 377 sucessfully passed !
	Initialyzed swapped data for i = 239, j = 378 sucessfully passed !
	Initialyzed swapped data for i = 239, j = 379 sucessfully passed !
	Initialyzed swapped data for i = 239, j = 380 sucessfully passed !
	Initialyzed swapped data for i = 239, j = 381 sucessfully passed !
	Initialyzed swapped data for i = 239, j = 382 sucessfully passed !
	Initialyzed swapped data for i = 239, j = 383 sucessfully passed !
	Initialyzed swapped data for i = 239, j = 384 sucessfully passed !
	Initialyzed swapped data for i = 239, j = 385 sucessfully passed !
	Initialyzed swapped data for i = 239, j = 386 sucessfully passed !
	Initialyzed swapped data for i = 239, j = 387 sucessfully passed !
	Initialyzed swapped data for i = 239, j = 388 sucessfully passed !
	Initialyzed swapped data for i = 239, j = 389 sucessfully passed !
	Initialyzed swapped data for i = 239, j = 390 sucessfully passed !
	Initialyzed swapped data for i = 239, j = 391 sucessfully passed !
	Initialyzed swapped data for i = 239, j = 392 sucessfully passed !
	Initialyzed swapped data for i = 239, j = 393 sucessfully passed !
	Initialyzed swapped data for i = 239, j = 394 sucessfully passed !
	Initialyzed swapped data for i = 239, j = 395 sucessfully passed !
	Initialyzed swapped data for i = 239, j = 396 sucessfully passed !
	Initialyzed swapped data for i = 239, j = 397 sucessfully passed !
	Initialyzed swapped data for i = 239, j = 398 sucessfully passed !
	Initialyzed swapped data for i = 239, j = 399 sucessfully passed !
	Initialyzed swapped data for i = 239, j = 400 sucessfully passed !
	Initialyzed swapped data for i = 239, j = 401 sucessfully passed !
	Initialyzed swapped data for i = 239, j = 402 sucessfully passed !
	Initialyzed swapped data for i = 239, j = 403 sucessfully passed !
	Initialyzed swapped data for i = 239, j = 404 sucessfully passed !
	Initialyzed swapped data for i = 239, j = 405 sucessfully passed !
	Initialyzed swapped data for i = 239, j = 406 sucessfully passed !
	Initialyzed swapped data for i = 239, j = 407 sucessfully passed !
	Initialyzed swapped data for i = 239, j = 408 sucessfully passed !
	Initialyzed swapped data for i = 239, j = 409 sucessfully passed !
	Initialyzed swapped data for i = 239, j = 410 sucessfully passed !
	Initialyzed swapped data for i = 239, j = 411 sucessfully passed !
	Initialyzed swapped data for i = 239, j = 412 sucessfully passed !
	Initialyzed swapped data for i = 239, j = 413 sucessfully passed !
	Initialyzed swapped data for i = 239, j = 414 sucessfully passed !
	Initialyzed swapped data for i = 239, j = 415 sucessfully passed !
	Initialyzed swapped data for i = 239, j = 416 sucessfully passed !
	Initialyzed swapped data for i = 239, j = 417 sucessfully passed !
	Initialyzed swapped data for i = 239, j = 418 sucessfully passed !
	Initialyzed swapped data for i = 239, j = 419 sucessfully passed !
	Initialyzed swapped data for i = 239, j = 420 sucessfully passed !
	Initialyzed swapped data for i = 239, j = 421 sucessfully passed !
	Initialyzed swapped data for i = 239, j = 422 sucessfully passed !
	Initialyzed swapped data for i = 239, j = 423 sucessfully passed !
	Initialyzed swapped data for i = 239, j = 424 sucessfully passed !
	Initialyzed swapped data for i = 239, j = 425 sucessfully passed !
	Initialyzed swapped data for i = 239, j = 426 sucessfully passed !
	Initialyzed swapped data for i = 239, j = 427 sucessfully passed !
	Initialyzed swapped data for i = 239, j = 428 sucessfully passed !
	Initialyzed swapped data for i = 239, j = 429 sucessfully passed !
	Initialyzed swapped data for i = 239, j = 430 sucessfully passed !
	Initialyzed swapped data for i = 239, j = 431 sucessfully passed !
	Initialyzed swapped data for i = 239, j = 432 sucessfully passed !
	Initialyzed swapped data for i = 239, j = 433 sucessfully passed !
	Initialyzed swapped data for i = 240, j = 241 sucessfully passed !
	Initialyzed swapped data for i = 240, j = 242 sucessfully passed !
	Initialyzed swapped data for i = 240, j = 243 sucessfully passed !
	Initialyzed swapped data for i = 240, j = 244 sucessfully passed !
	Initialyzed swapped data for i = 240, j = 245 sucessfully passed !
	Initialyzed swapped data for i = 240, j = 246 sucessfully passed !
	Initialyzed swapped data for i = 240, j = 247 sucessfully passed !
	Initialyzed swapped data for i = 240, j = 248 sucessfully passed !
	Initialyzed swapped data for i = 240, j = 249 sucessfully passed !
	Initialyzed swapped data for i = 240, j = 250 sucessfully passed !
	Initialyzed swapped data for i = 240, j = 251 sucessfully passed !
	Initialyzed swapped data for i = 240, j = 252 sucessfully passed !
	Initialyzed swapped data for i = 240, j = 253 sucessfully passed !
	Initialyzed swapped data for i = 240, j = 254 sucessfully passed !
	Initialyzed swapped data for i = 240, j = 255 sucessfully passed !
	Initialyzed swapped data for i = 240, j = 256 sucessfully passed !
	Initialyzed swapped data for i = 240, j = 257 sucessfully passed !
	Initialyzed swapped data for i = 240, j = 258 sucessfully passed !
	Initialyzed swapped data for i = 240, j = 259 sucessfully passed !
	Initialyzed swapped data for i = 240, j = 260 sucessfully passed !
	Initialyzed swapped data for i = 240, j = 261 sucessfully passed !
	Initialyzed swapped data for i = 240, j = 262 sucessfully passed !
	Initialyzed swapped data for i = 240, j = 263 sucessfully passed !
	Initialyzed swapped data for i = 240, j = 264 sucessfully passed !
	Initialyzed swapped data for i = 240, j = 265 sucessfully passed !
	Initialyzed swapped data for i = 240, j = 266 sucessfully passed !
	Initialyzed swapped data for i = 240, j = 267 sucessfully passed !
	Initialyzed swapped data for i = 240, j = 268 sucessfully passed !
	Initialyzed swapped data for i = 240, j = 269 sucessfully passed !
	Initialyzed swapped data for i = 240, j = 270 sucessfully passed !
	Initialyzed swapped data for i = 240, j = 271 sucessfully passed !
	Initialyzed swapped data for i = 240, j = 272 sucessfully passed !
	Initialyzed swapped data for i = 240, j = 273 sucessfully passed !
	Initialyzed swapped data for i = 240, j = 274 sucessfully passed !
	Initialyzed swapped data for i = 240, j = 275 sucessfully passed !
	Initialyzed swapped data for i = 240, j = 276 sucessfully passed !
	Initialyzed swapped data for i = 240, j = 277 sucessfully passed !
	Initialyzed swapped data for i = 240, j = 278 sucessfully passed !
	Initialyzed swapped data for i = 240, j = 279 sucessfully passed !
	Initialyzed swapped data for i = 240, j = 280 sucessfully passed !
	Initialyzed swapped data for i = 240, j = 281 sucessfully passed !
	Initialyzed swapped data for i = 240, j = 282 sucessfully passed !
	Initialyzed swapped data for i = 240, j = 283 sucessfully passed !
	Initialyzed swapped data for i = 240, j = 284 sucessfully passed !
	Initialyzed swapped data for i = 240, j = 285 sucessfully passed !
	Initialyzed swapped data for i = 240, j = 286 sucessfully passed !
	Initialyzed swapped data for i = 240, j = 287 sucessfully passed !
	Initialyzed swapped data for i = 240, j = 288 sucessfully passed !
	Initialyzed swapped data for i = 240, j = 289 sucessfully passed !
	Initialyzed swapped data for i = 240, j = 290 sucessfully passed !
	Initialyzed swapped data for i = 240, j = 291 sucessfully passed !
	Initialyzed swapped data for i = 240, j = 292 sucessfully passed !
	Initialyzed swapped data for i = 240, j = 293 sucessfully passed !
	Initialyzed swapped data for i = 240, j = 294 sucessfully passed !
	Initialyzed swapped data for i = 240, j = 295 sucessfully passed !
	Initialyzed swapped data for i = 240, j = 296 sucessfully passed !
	Initialyzed swapped data for i = 240, j = 297 sucessfully passed !
	Initialyzed swapped data for i = 240, j = 298 sucessfully passed !
	Initialyzed swapped data for i = 240, j = 299 sucessfully passed !
	Initialyzed swapped data for i = 240, j = 300 sucessfully passed !
	Initialyzed swapped data for i = 240, j = 301 sucessfully passed !
	Initialyzed swapped data for i = 240, j = 302 sucessfully passed !
	Initialyzed swapped data for i = 240, j = 303 sucessfully passed !
	Initialyzed swapped data for i = 240, j = 304 sucessfully passed !
	Initialyzed swapped data for i = 240, j = 305 sucessfully passed !
	Initialyzed swapped data for i = 240, j = 306 sucessfully passed !
	Initialyzed swapped data for i = 240, j = 307 sucessfully passed !
	Initialyzed swapped data for i = 240, j = 308 sucessfully passed !
	Initialyzed swapped data for i = 240, j = 309 sucessfully passed !
	Initialyzed swapped data for i = 240, j = 310 sucessfully passed !
	Initialyzed swapped data for i = 240, j = 311 sucessfully passed !
	Initialyzed swapped data for i = 240, j = 312 sucessfully passed !
	Initialyzed swapped data for i = 240, j = 313 sucessfully passed !
	Initialyzed swapped data for i = 240, j = 314 sucessfully passed !
	Initialyzed swapped data for i = 240, j = 315 sucessfully passed !
	Initialyzed swapped data for i = 240, j = 316 sucessfully passed !
	Initialyzed swapped data for i = 240, j = 317 sucessfully passed !
	Initialyzed swapped data for i = 240, j = 318 sucessfully passed !
	Initialyzed swapped data for i = 240, j = 319 sucessfully passed !
	Initialyzed swapped data for i = 240, j = 320 sucessfully passed !
	Initialyzed swapped data for i = 240, j = 321 sucessfully passed !
	Initialyzed swapped data for i = 240, j = 322 sucessfully passed !
	Initialyzed swapped data for i = 240, j = 323 sucessfully passed !
	Initialyzed swapped data for i = 240, j = 324 sucessfully passed !
	Initialyzed swapped data for i = 240, j = 325 sucessfully passed !
	Initialyzed swapped data for i = 240, j = 326 sucessfully passed !
	Initialyzed swapped data for i = 240, j = 327 sucessfully passed !
	Initialyzed swapped data for i = 240, j = 328 sucessfully passed !
	Initialyzed swapped data for i = 240, j = 329 sucessfully passed !
	Initialyzed swapped data for i = 240, j = 330 sucessfully passed !
	Initialyzed swapped data for i = 240, j = 331 sucessfully passed !
	Initialyzed swapped data for i = 240, j = 332 sucessfully passed !
	Initialyzed swapped data for i = 240, j = 333 sucessfully passed !
	Initialyzed swapped data for i = 240, j = 334 sucessfully passed !
	Initialyzed swapped data for i = 240, j = 335 sucessfully passed !
	Initialyzed swapped data for i = 240, j = 336 sucessfully passed !
	Initialyzed swapped data for i = 240, j = 337 sucessfully passed !
	Initialyzed swapped data for i = 240, j = 338 sucessfully passed !
	Initialyzed swapped data for i = 240, j = 339 sucessfully passed !
	Initialyzed swapped data for i = 240, j = 340 sucessfully passed !
	Initialyzed swapped data for i = 240, j = 341 sucessfully passed !
	Initialyzed swapped data for i = 240, j = 342 sucessfully passed !
	Initialyzed swapped data for i = 240, j = 343 sucessfully passed !
	Initialyzed swapped data for i = 240, j = 344 sucessfully passed !
	Initialyzed swapped data for i = 240, j = 345 sucessfully passed !
	Initialyzed swapped data for i = 240, j = 346 sucessfully passed !
	Initialyzed swapped data for i = 240, j = 347 sucessfully passed !
	Initialyzed swapped data for i = 240, j = 348 sucessfully passed !
	Initialyzed swapped data for i = 240, j = 349 sucessfully passed !
	Initialyzed swapped data for i = 240, j = 350 sucessfully passed !
	Initialyzed swapped data for i = 240, j = 351 sucessfully passed !
	Initialyzed swapped data for i = 240, j = 352 sucessfully passed !
	Initialyzed swapped data for i = 240, j = 353 sucessfully passed !
	Initialyzed swapped data for i = 240, j = 354 sucessfully passed !
	Initialyzed swapped data for i = 240, j = 355 sucessfully passed !
	Initialyzed swapped data for i = 240, j = 356 sucessfully passed !
	Initialyzed swapped data for i = 240, j = 357 sucessfully passed !
	Initialyzed swapped data for i = 240, j = 358 sucessfully passed !
	Initialyzed swapped data for i = 240, j = 359 sucessfully passed !
	Initialyzed swapped data for i = 240, j = 360 sucessfully passed !
	Initialyzed swapped data for i = 240, j = 361 sucessfully passed !
	Initialyzed swapped data for i = 240, j = 362 sucessfully passed !
	Initialyzed swapped data for i = 240, j = 363 sucessfully passed !
	Initialyzed swapped data for i = 240, j = 364 sucessfully passed !
	Initialyzed swapped data for i = 240, j = 365 sucessfully passed !
	Initialyzed swapped data for i = 240, j = 366 sucessfully passed !
	Initialyzed swapped data for i = 240, j = 367 sucessfully passed !
	Initialyzed swapped data for i = 240, j = 368 sucessfully passed !
	Initialyzed swapped data for i = 240, j = 369 sucessfully passed !
	Initialyzed swapped data for i = 240, j = 370 sucessfully passed !
	Initialyzed swapped data for i = 240, j = 371 sucessfully passed !
	Initialyzed swapped data for i = 240, j = 372 sucessfully passed !
	Initialyzed swapped data for i = 240, j = 373 sucessfully passed !
	Initialyzed swapped data for i = 240, j = 374 sucessfully passed !
	Initialyzed swapped data for i = 240, j = 375 sucessfully passed !
	Initialyzed swapped data for i = 240, j = 376 sucessfully passed !
	Initialyzed swapped data for i = 240, j = 377 sucessfully passed !
	Initialyzed swapped data for i = 240, j = 378 sucessfully passed !
	Initialyzed swapped data for i = 240, j = 379 sucessfully passed !
	Initialyzed swapped data for i = 240, j = 380 sucessfully passed !
	Initialyzed swapped data for i = 240, j = 381 sucessfully passed !
	Initialyzed swapped data for i = 240, j = 382 sucessfully passed !
	Initialyzed swapped data for i = 240, j = 383 sucessfully passed !
	Initialyzed swapped data for i = 240, j = 384 sucessfully passed !
	Initialyzed swapped data for i = 240, j = 385 sucessfully passed !
	Initialyzed swapped data for i = 240, j = 386 sucessfully passed !
	Initialyzed swapped data for i = 240, j = 387 sucessfully passed !
	Initialyzed swapped data for i = 240, j = 388 sucessfully passed !
	Initialyzed swapped data for i = 240, j = 389 sucessfully passed !
	Initialyzed swapped data for i = 240, j = 390 sucessfully passed !
	Initialyzed swapped data for i = 240, j = 391 sucessfully passed !
	Initialyzed swapped data for i = 240, j = 392 sucessfully passed !
	Initialyzed swapped data for i = 240, j = 393 sucessfully passed !
	Initialyzed swapped data for i = 240, j = 394 sucessfully passed !
	Initialyzed swapped data for i = 240, j = 395 sucessfully passed !
	Initialyzed swapped data for i = 240, j = 396 sucessfully passed !
	Initialyzed swapped data for i = 240, j = 397 sucessfully passed !
	Initialyzed swapped data for i = 240, j = 398 sucessfully passed !
	Initialyzed swapped data for i = 240, j = 399 sucessfully passed !
	Initialyzed swapped data for i = 240, j = 400 sucessfully passed !
	Initialyzed swapped data for i = 240, j = 401 sucessfully passed !
	Initialyzed swapped data for i = 240, j = 402 sucessfully passed !
	Initialyzed swapped data for i = 240, j = 403 sucessfully passed !
	Initialyzed swapped data for i = 240, j = 404 sucessfully passed !
	Initialyzed swapped data for i = 240, j = 405 sucessfully passed !
	Initialyzed swapped data for i = 240, j = 406 sucessfully passed !
	Initialyzed swapped data for i = 240, j = 407 sucessfully passed !
	Initialyzed swapped data for i = 240, j = 408 sucessfully passed !
	Initialyzed swapped data for i = 240, j = 409 sucessfully passed !
	Initialyzed swapped data for i = 240, j = 410 sucessfully passed !
	Initialyzed swapped data for i = 240, j = 411 sucessfully passed !
	Initialyzed swapped data for i = 240, j = 412 sucessfully passed !
	Initialyzed swapped data for i = 240, j = 413 sucessfully passed !
	Initialyzed swapped data for i = 240, j = 414 sucessfully passed !
	Initialyzed swapped data for i = 240, j = 415 sucessfully passed !
	Initialyzed swapped data for i = 240, j = 416 sucessfully passed !
	Initialyzed swapped data for i = 240, j = 417 sucessfully passed !
	Initialyzed swapped data for i = 240, j = 418 sucessfully passed !
	Initialyzed swapped data for i = 240, j = 419 sucessfully passed !
	Initialyzed swapped data for i = 240, j = 420 sucessfully passed !
	Initialyzed swapped data for i = 240, j = 421 sucessfully passed !
	Initialyzed swapped data for i = 240, j = 422 sucessfully passed !
	Initialyzed swapped data for i = 240, j = 423 sucessfully passed !
	Initialyzed swapped data for i = 240, j = 424 sucessfully passed !
	Initialyzed swapped data for i = 240, j = 425 sucessfully passed !
	Initialyzed swapped data for i = 240, j = 426 sucessfully passed !
	Initialyzed swapped data for i = 240, j = 427 sucessfully passed !
	Initialyzed swapped data for i = 240, j = 428 sucessfully passed !
	Initialyzed swapped data for i = 240, j = 429 sucessfully passed !
	Initialyzed swapped data for i = 240, j = 430 sucessfully passed !
	Initialyzed swapped data for i = 240, j = 431 sucessfully passed !
	Initialyzed swapped data for i = 240, j = 432 sucessfully passed !
	Initialyzed swapped data for i = 240, j = 433 sucessfully passed !
	Initialyzed swapped data for i = 241, j = 242 sucessfully passed !
	Initialyzed swapped data for i = 241, j = 243 sucessfully passed !
	Initialyzed swapped data for i = 241, j = 244 sucessfully passed !
	Initialyzed swapped data for i = 241, j = 245 sucessfully passed !
	Initialyzed swapped data for i = 241, j = 246 sucessfully passed !
	Initialyzed swapped data for i = 241, j = 247 sucessfully passed !
	Initialyzed swapped data for i = 241, j = 248 sucessfully passed !
	Initialyzed swapped data for i = 241, j = 249 sucessfully passed !
	Initialyzed swapped data for i = 241, j = 250 sucessfully passed !
	Initialyzed swapped data for i = 241, j = 251 sucessfully passed !
	Initialyzed swapped data for i = 241, j = 252 sucessfully passed !
	Initialyzed swapped data for i = 241, j = 253 sucessfully passed !
	Initialyzed swapped data for i = 241, j = 254 sucessfully passed !
	Initialyzed swapped data for i = 241, j = 255 sucessfully passed !
	Initialyzed swapped data for i = 241, j = 256 sucessfully passed !
	Initialyzed swapped data for i = 241, j = 257 sucessfully passed !
	Initialyzed swapped data for i = 241, j = 258 sucessfully passed !
	Initialyzed swapped data for i = 241, j = 259 sucessfully passed !
	Initialyzed swapped data for i = 241, j = 260 sucessfully passed !
	Initialyzed swapped data for i = 241, j = 261 sucessfully passed !
	Initialyzed swapped data for i = 241, j = 262 sucessfully passed !
	Initialyzed swapped data for i = 241, j = 263 sucessfully passed !
	Initialyzed swapped data for i = 241, j = 264 sucessfully passed !
	Initialyzed swapped data for i = 241, j = 265 sucessfully passed !
	Initialyzed swapped data for i = 241, j = 266 sucessfully passed !
	Initialyzed swapped data for i = 241, j = 267 sucessfully passed !
	Initialyzed swapped data for i = 241, j = 268 sucessfully passed !
	Initialyzed swapped data for i = 241, j = 269 sucessfully passed !
	Initialyzed swapped data for i = 241, j = 270 sucessfully passed !
	Initialyzed swapped data for i = 241, j = 271 sucessfully passed !
	Initialyzed swapped data for i = 241, j = 272 sucessfully passed !
	Initialyzed swapped data for i = 241, j = 273 sucessfully passed !
	Initialyzed swapped data for i = 241, j = 274 sucessfully passed !
	Initialyzed swapped data for i = 241, j = 275 sucessfully passed !
	Initialyzed swapped data for i = 241, j = 276 sucessfully passed !
	Initialyzed swapped data for i = 241, j = 277 sucessfully passed !
	Initialyzed swapped data for i = 241, j = 278 sucessfully passed !
	Initialyzed swapped data for i = 241, j = 279 sucessfully passed !
	Initialyzed swapped data for i = 241, j = 280 sucessfully passed !
	Initialyzed swapped data for i = 241, j = 281 sucessfully passed !
	Initialyzed swapped data for i = 241, j = 282 sucessfully passed !
	Initialyzed swapped data for i = 241, j = 283 sucessfully passed !
	Initialyzed swapped data for i = 241, j = 284 sucessfully passed !
	Initialyzed swapped data for i = 241, j = 285 sucessfully passed !
	Initialyzed swapped data for i = 241, j = 286 sucessfully passed !
	Initialyzed swapped data for i = 241, j = 287 sucessfully passed !
	Initialyzed swapped data for i = 241, j = 288 sucessfully passed !
	Initialyzed swapped data for i = 241, j = 289 sucessfully passed !
	Initialyzed swapped data for i = 241, j = 290 sucessfully passed !
	Initialyzed swapped data for i = 241, j = 291 sucessfully passed !
	Initialyzed swapped data for i = 241, j = 292 sucessfully passed !
	Initialyzed swapped data for i = 241, j = 293 sucessfully passed !
	Initialyzed swapped data for i = 241, j = 294 sucessfully passed !
	Initialyzed swapped data for i = 241, j = 295 sucessfully passed !
	Initialyzed swapped data for i = 241, j = 296 sucessfully passed !
	Initialyzed swapped data for i = 241, j = 297 sucessfully passed !
	Initialyzed swapped data for i = 241, j = 298 sucessfully passed !
	Initialyzed swapped data for i = 241, j = 299 sucessfully passed !
	Initialyzed swapped data for i = 241, j = 300 sucessfully passed !
	Initialyzed swapped data for i = 241, j = 301 sucessfully passed !
	Initialyzed swapped data for i = 241, j = 302 sucessfully passed !
	Initialyzed swapped data for i = 241, j = 303 sucessfully passed !
	Initialyzed swapped data for i = 241, j = 304 sucessfully passed !
	Initialyzed swapped data for i = 241, j = 305 sucessfully passed !
	Initialyzed swapped data for i = 241, j = 306 sucessfully passed !
	Initialyzed swapped data for i = 241, j = 307 sucessfully passed !
	Initialyzed swapped data for i = 241, j = 308 sucessfully passed !
	Initialyzed swapped data for i = 241, j = 309 sucessfully passed !
	Initialyzed swapped data for i = 241, j = 310 sucessfully passed !
	Initialyzed swapped data for i = 241, j = 311 sucessfully passed !
	Initialyzed swapped data for i = 241, j = 312 sucessfully passed !
	Initialyzed swapped data for i = 241, j = 313 sucessfully passed !
	Initialyzed swapped data for i = 241, j = 314 sucessfully passed !
	Initialyzed swapped data for i = 241, j = 315 sucessfully passed !
	Initialyzed swapped data for i = 241, j = 316 sucessfully passed !
	Initialyzed swapped data for i = 241, j = 317 sucessfully passed !
	Initialyzed swapped data for i = 241, j = 318 sucessfully passed !
	Initialyzed swapped data for i = 241, j = 319 sucessfully passed !
	Initialyzed swapped data for i = 241, j = 320 sucessfully passed !
	Initialyzed swapped data for i = 241, j = 321 sucessfully passed !
	Initialyzed swapped data for i = 241, j = 322 sucessfully passed !
	Initialyzed swapped data for i = 241, j = 323 sucessfully passed !
	Initialyzed swapped data for i = 241, j = 324 sucessfully passed !
	Initialyzed swapped data for i = 241, j = 325 sucessfully passed !
	Initialyzed swapped data for i = 241, j = 326 sucessfully passed !
	Initialyzed swapped data for i = 241, j = 327 sucessfully passed !
	Initialyzed swapped data for i = 241, j = 328 sucessfully passed !
	Initialyzed swapped data for i = 241, j = 329 sucessfully passed !
	Initialyzed swapped data for i = 241, j = 330 sucessfully passed !
	Initialyzed swapped data for i = 241, j = 331 sucessfully passed !
	Initialyzed swapped data for i = 241, j = 332 sucessfully passed !
	Initialyzed swapped data for i = 241, j = 333 sucessfully passed !
	Initialyzed swapped data for i = 241, j = 334 sucessfully passed !
	Initialyzed swapped data for i = 241, j = 335 sucessfully passed !
	Initialyzed swapped data for i = 241, j = 336 sucessfully passed !
	Initialyzed swapped data for i = 241, j = 337 sucessfully passed !
	Initialyzed swapped data for i = 241, j = 338 sucessfully passed !
	Initialyzed swapped data for i = 241, j = 339 sucessfully passed !
	Initialyzed swapped data for i = 241, j = 340 sucessfully passed !
	Initialyzed swapped data for i = 241, j = 341 sucessfully passed !
	Initialyzed swapped data for i = 241, j = 342 sucessfully passed !
	Initialyzed swapped data for i = 241, j = 343 sucessfully passed !
	Initialyzed swapped data for i = 241, j = 344 sucessfully passed !
	Initialyzed swapped data for i = 241, j = 345 sucessfully passed !
	Initialyzed swapped data for i = 241, j = 346 sucessfully passed !
	Initialyzed swapped data for i = 241, j = 347 sucessfully passed !
	Initialyzed swapped data for i = 241, j = 348 sucessfully passed !
	Initialyzed swapped data for i = 241, j = 349 sucessfully passed !
	Initialyzed swapped data for i = 241, j = 350 sucessfully passed !
	Initialyzed swapped data for i = 241, j = 351 sucessfully passed !
	Initialyzed swapped data for i = 241, j = 352 sucessfully passed !
	Initialyzed swapped data for i = 241, j = 353 sucessfully passed !
	Initialyzed swapped data for i = 241, j = 354 sucessfully passed !
	Initialyzed swapped data for i = 241, j = 355 sucessfully passed !
	Initialyzed swapped data for i = 241, j = 356 sucessfully passed !
	Initialyzed swapped data for i = 241, j = 357 sucessfully passed !
	Initialyzed swapped data for i = 241, j = 358 sucessfully passed !
	Initialyzed swapped data for i = 241, j = 359 sucessfully passed !
	Initialyzed swapped data for i = 241, j = 360 sucessfully passed !
	Initialyzed swapped data for i = 241, j = 361 sucessfully passed !
	Initialyzed swapped data for i = 241, j = 362 sucessfully passed !
	Initialyzed swapped data for i = 241, j = 363 sucessfully passed !
	Initialyzed swapped data for i = 241, j = 364 sucessfully passed !
	Initialyzed swapped data for i = 241, j = 365 sucessfully passed !
	Initialyzed swapped data for i = 241, j = 366 sucessfully passed !
	Initialyzed swapped data for i = 241, j = 367 sucessfully passed !
	Initialyzed swapped data for i = 241, j = 368 sucessfully passed !
	Initialyzed swapped data for i = 241, j = 369 sucessfully passed !
	Initialyzed swapped data for i = 241, j = 370 sucessfully passed !
	Initialyzed swapped data for i = 241, j = 371 sucessfully passed !
	Initialyzed swapped data for i = 241, j = 372 sucessfully passed !
	Initialyzed swapped data for i = 241, j = 373 sucessfully passed !
	Initialyzed swapped data for i = 241, j = 374 sucessfully passed !
	Initialyzed swapped data for i = 241, j = 375 sucessfully passed !
	Initialyzed swapped data for i = 241, j = 376 sucessfully passed !
	Initialyzed swapped data for i = 241, j = 377 sucessfully passed !
	Initialyzed swapped data for i = 241, j = 378 sucessfully passed !
	Initialyzed swapped data for i = 241, j = 379 sucessfully passed !
	Initialyzed swapped data for i = 241, j = 380 sucessfully passed !
	Initialyzed swapped data for i = 241, j = 381 sucessfully passed !
	Initialyzed swapped data for i = 241, j = 382 sucessfully passed !
	Initialyzed swapped data for i = 241, j = 383 sucessfully passed !
	Initialyzed swapped data for i = 241, j = 384 sucessfully passed !
	Initialyzed swapped data for i = 241, j = 385 sucessfully passed !
	Initialyzed swapped data for i = 241, j = 386 sucessfully passed !
	Initialyzed swapped data for i = 241, j = 387 sucessfully passed !
	Initialyzed swapped data for i = 241, j = 388 sucessfully passed !
	Initialyzed swapped data for i = 241, j = 389 sucessfully passed !
	Initialyzed swapped data for i = 241, j = 390 sucessfully passed !
	Initialyzed swapped data for i = 241, j = 391 sucessfully passed !
	Initialyzed swapped data for i = 241, j = 392 sucessfully passed !
	Initialyzed swapped data for i = 241, j = 393 sucessfully passed !
	Initialyzed swapped data for i = 241, j = 394 sucessfully passed !
	Initialyzed swapped data for i = 241, j = 395 sucessfully passed !
	Initialyzed swapped data for i = 241, j = 396 sucessfully passed !
	Initialyzed swapped data for i = 241, j = 397 sucessfully passed !
	Initialyzed swapped data for i = 241, j = 398 sucessfully passed !
	Initialyzed swapped data for i = 241, j = 399 sucessfully passed !
	Initialyzed swapped data for i = 241, j = 400 sucessfully passed !
	Initialyzed swapped data for i = 241, j = 401 sucessfully passed !
	Initialyzed swapped data for i = 241, j = 402 sucessfully passed !
	Initialyzed swapped data for i = 241, j = 403 sucessfully passed !
	Initialyzed swapped data for i = 241, j = 404 sucessfully passed !
	Initialyzed swapped data for i = 241, j = 405 sucessfully passed !
	Initialyzed swapped data for i = 241, j = 406 sucessfully passed !
	Initialyzed swapped data for i = 241, j = 407 sucessfully passed !
	Initialyzed swapped data for i = 241, j = 408 sucessfully passed !
	Initialyzed swapped data for i = 241, j = 409 sucessfully passed !
	Initialyzed swapped data for i = 241, j = 410 sucessfully passed !
	Initialyzed swapped data for i = 241, j = 411 sucessfully passed !
	Initialyzed swapped data for i = 241, j = 412 sucessfully passed !
	Initialyzed swapped data for i = 241, j = 413 sucessfully passed !
	Initialyzed swapped data for i = 241, j = 414 sucessfully passed !
	Initialyzed swapped data for i = 241, j = 415 sucessfully passed !
	Initialyzed swapped data for i = 241, j = 416 sucessfully passed !
	Initialyzed swapped data for i = 241, j = 417 sucessfully passed !
	Initialyzed swapped data for i = 241, j = 418 sucessfully passed !
	Initialyzed swapped data for i = 241, j = 419 sucessfully passed !
	Initialyzed swapped data for i = 241, j = 420 sucessfully passed !
	Initialyzed swapped data for i = 241, j = 421 sucessfully passed !
	Initialyzed swapped data for i = 241, j = 422 sucessfully passed !
	Initialyzed swapped data for i = 241, j = 423 sucessfully passed !
	Initialyzed swapped data for i = 241, j = 424 sucessfully passed !
	Initialyzed swapped data for i = 241, j = 425 sucessfully passed !
	Initialyzed swapped data for i = 241, j = 426 sucessfully passed !
	Initialyzed swapped data for i = 241, j = 427 sucessfully passed !
	Initialyzed swapped data for i = 241, j = 428 sucessfully passed !
	Initialyzed swapped data for i = 241, j = 429 sucessfully passed !
	Initialyzed swapped data for i = 241, j = 430 sucessfully passed !
	Initialyzed swapped data for i = 241, j = 431 sucessfully passed !
	Initialyzed swapped data for i = 241, j = 432 sucessfully passed !
	Initialyzed swapped data for i = 241, j = 433 sucessfully passed !
	Initialyzed swapped data for i = 242, j = 243 sucessfully passed !
	Initialyzed swapped data for i = 242, j = 244 sucessfully passed !
	Initialyzed swapped data for i = 242, j = 245 sucessfully passed !
	Initialyzed swapped data for i = 242, j = 246 sucessfully passed !
	Initialyzed swapped data for i = 242, j = 247 sucessfully passed !
	Initialyzed swapped data for i = 242, j = 248 sucessfully passed !
	Initialyzed swapped data for i = 242, j = 249 sucessfully passed !
	Initialyzed swapped data for i = 242, j = 250 sucessfully passed !
	Initialyzed swapped data for i = 242, j = 251 sucessfully passed !
	Initialyzed swapped data for i = 242, j = 252 sucessfully passed !
	Initialyzed swapped data for i = 242, j = 253 sucessfully passed !
	Initialyzed swapped data for i = 242, j = 254 sucessfully passed !
	Initialyzed swapped data for i = 242, j = 255 sucessfully passed !
	Initialyzed swapped data for i = 242, j = 256 sucessfully passed !
	Initialyzed swapped data for i = 242, j = 257 sucessfully passed !
	Initialyzed swapped data for i = 242, j = 258 sucessfully passed !
	Initialyzed swapped data for i = 242, j = 259 sucessfully passed !
	Initialyzed swapped data for i = 242, j = 260 sucessfully passed !
	Initialyzed swapped data for i = 242, j = 261 sucessfully passed !
	Initialyzed swapped data for i = 242, j = 262 sucessfully passed !
	Initialyzed swapped data for i = 242, j = 263 sucessfully passed !
	Initialyzed swapped data for i = 242, j = 264 sucessfully passed !
	Initialyzed swapped data for i = 242, j = 265 sucessfully passed !
	Initialyzed swapped data for i = 242, j = 266 sucessfully passed !
	Initialyzed swapped data for i = 242, j = 267 sucessfully passed !
	Initialyzed swapped data for i = 242, j = 268 sucessfully passed !
	Initialyzed swapped data for i = 242, j = 269 sucessfully passed !
	Initialyzed swapped data for i = 242, j = 270 sucessfully passed !
	Initialyzed swapped data for i = 242, j = 271 sucessfully passed !
	Initialyzed swapped data for i = 242, j = 272 sucessfully passed !
	Initialyzed swapped data for i = 242, j = 273 sucessfully passed !
	Initialyzed swapped data for i = 242, j = 274 sucessfully passed !
	Initialyzed swapped data for i = 242, j = 275 sucessfully passed !
	Initialyzed swapped data for i = 242, j = 276 sucessfully passed !
	Initialyzed swapped data for i = 242, j = 277 sucessfully passed !
	Initialyzed swapped data for i = 242, j = 278 sucessfully passed !
	Initialyzed swapped data for i = 242, j = 279 sucessfully passed !
	Initialyzed swapped data for i = 242, j = 280 sucessfully passed !
	Initialyzed swapped data for i = 242, j = 281 sucessfully passed !
	Initialyzed swapped data for i = 242, j = 282 sucessfully passed !
	Initialyzed swapped data for i = 242, j = 283 sucessfully passed !
	Initialyzed swapped data for i = 242, j = 284 sucessfully passed !
	Initialyzed swapped data for i = 242, j = 285 sucessfully passed !
	Initialyzed swapped data for i = 242, j = 286 sucessfully passed !
	Initialyzed swapped data for i = 242, j = 287 sucessfully passed !
	Initialyzed swapped data for i = 242, j = 288 sucessfully passed !
	Initialyzed swapped data for i = 242, j = 289 sucessfully passed !
	Initialyzed swapped data for i = 242, j = 290 sucessfully passed !
	Initialyzed swapped data for i = 242, j = 291 sucessfully passed !
	Initialyzed swapped data for i = 242, j = 292 sucessfully passed !
	Initialyzed swapped data for i = 242, j = 293 sucessfully passed !
	Initialyzed swapped data for i = 242, j = 294 sucessfully passed !
	Initialyzed swapped data for i = 242, j = 295 sucessfully passed !
	Initialyzed swapped data for i = 242, j = 296 sucessfully passed !
	Initialyzed swapped data for i = 242, j = 297 sucessfully passed !
	Initialyzed swapped data for i = 242, j = 298 sucessfully passed !
	Initialyzed swapped data for i = 242, j = 299 sucessfully passed !
	Initialyzed swapped data for i = 242, j = 300 sucessfully passed !
	Initialyzed swapped data for i = 242, j = 301 sucessfully passed !
	Initialyzed swapped data for i = 242, j = 302 sucessfully passed !
	Initialyzed swapped data for i = 242, j = 303 sucessfully passed !
	Initialyzed swapped data for i = 242, j = 304 sucessfully passed !
	Initialyzed swapped data for i = 242, j = 305 sucessfully passed !
	Initialyzed swapped data for i = 242, j = 306 sucessfully passed !
	Initialyzed swapped data for i = 242, j = 307 sucessfully passed !
	Initialyzed swapped data for i = 242, j = 308 sucessfully passed !
	Initialyzed swapped data for i = 242, j = 309 sucessfully passed !
	Initialyzed swapped data for i = 242, j = 310 sucessfully passed !
	Initialyzed swapped data for i = 242, j = 311 sucessfully passed !
	Initialyzed swapped data for i = 242, j = 312 sucessfully passed !
	Initialyzed swapped data for i = 242, j = 313 sucessfully passed !
	Initialyzed swapped data for i = 242, j = 314 sucessfully passed !
	Initialyzed swapped data for i = 242, j = 315 sucessfully passed !
	Initialyzed swapped data for i = 242, j = 316 sucessfully passed !
	Initialyzed swapped data for i = 242, j = 317 sucessfully passed !
	Initialyzed swapped data for i = 242, j = 318 sucessfully passed !
	Initialyzed swapped data for i = 242, j = 319 sucessfully passed !
	Initialyzed swapped data for i = 242, j = 320 sucessfully passed !
	Initialyzed swapped data for i = 242, j = 321 sucessfully passed !
	Initialyzed swapped data for i = 242, j = 322 sucessfully passed !
	Initialyzed swapped data for i = 242, j = 323 sucessfully passed !
	Initialyzed swapped data for i = 242, j = 324 sucessfully passed !
	Initialyzed swapped data for i = 242, j = 325 sucessfully passed !
	Initialyzed swapped data for i = 242, j = 326 sucessfully passed !
	Initialyzed swapped data for i = 242, j = 327 sucessfully passed !
	Initialyzed swapped data for i = 242, j = 328 sucessfully passed !
	Initialyzed swapped data for i = 242, j = 329 sucessfully passed !
	Initialyzed swapped data for i = 242, j = 330 sucessfully passed !
	Initialyzed swapped data for i = 242, j = 331 sucessfully passed !
	Initialyzed swapped data for i = 242, j = 332 sucessfully passed !
	Initialyzed swapped data for i = 242, j = 333 sucessfully passed !
	Initialyzed swapped data for i = 242, j = 334 sucessfully passed !
	Initialyzed swapped data for i = 242, j = 335 sucessfully passed !
	Initialyzed swapped data for i = 242, j = 336 sucessfully passed !
	Initialyzed swapped data for i = 242, j = 337 sucessfully passed !
	Initialyzed swapped data for i = 242, j = 338 sucessfully passed !
	Initialyzed swapped data for i = 242, j = 339 sucessfully passed !
	Initialyzed swapped data for i = 242, j = 340 sucessfully passed !
	Initialyzed swapped data for i = 242, j = 341 sucessfully passed !
	Initialyzed swapped data for i = 242, j = 342 sucessfully passed !
	Initialyzed swapped data for i = 242, j = 343 sucessfully passed !
	Initialyzed swapped data for i = 242, j = 344 sucessfully passed !
	Initialyzed swapped data for i = 242, j = 345 sucessfully passed !
	Initialyzed swapped data for i = 242, j = 346 sucessfully passed !
	Initialyzed swapped data for i = 242, j = 347 sucessfully passed !
	Initialyzed swapped data for i = 242, j = 348 sucessfully passed !
	Initialyzed swapped data for i = 242, j = 349 sucessfully passed !
	Initialyzed swapped data for i = 242, j = 350 sucessfully passed !
	Initialyzed swapped data for i = 242, j = 351 sucessfully passed !
	Initialyzed swapped data for i = 242, j = 352 sucessfully passed !
	Initialyzed swapped data for i = 242, j = 353 sucessfully passed !
	Initialyzed swapped data for i = 242, j = 354 sucessfully passed !
	Initialyzed swapped data for i = 242, j = 355 sucessfully passed !
	Initialyzed swapped data for i = 242, j = 356 sucessfully passed !
	Initialyzed swapped data for i = 242, j = 357 sucessfully passed !
	Initialyzed swapped data for i = 242, j = 358 sucessfully passed !
	Initialyzed swapped data for i = 242, j = 359 sucessfully passed !
	Initialyzed swapped data for i = 242, j = 360 sucessfully passed !
	Initialyzed swapped data for i = 242, j = 361 sucessfully passed !
	Initialyzed swapped data for i = 242, j = 362 sucessfully passed !
	Initialyzed swapped data for i = 242, j = 363 sucessfully passed !
	Initialyzed swapped data for i = 242, j = 364 sucessfully passed !
	Initialyzed swapped data for i = 242, j = 365 sucessfully passed !
	Initialyzed swapped data for i = 242, j = 366 sucessfully passed !
	Initialyzed swapped data for i = 242, j = 367 sucessfully passed !
	Initialyzed swapped data for i = 242, j = 368 sucessfully passed !
	Initialyzed swapped data for i = 242, j = 369 sucessfully passed !
	Initialyzed swapped data for i = 242, j = 370 sucessfully passed !
	Initialyzed swapped data for i = 242, j = 371 sucessfully passed !
	Initialyzed swapped data for i = 242, j = 372 sucessfully passed !
	Initialyzed swapped data for i = 242, j = 373 sucessfully passed !
	Initialyzed swapped data for i = 242, j = 374 sucessfully passed !
	Initialyzed swapped data for i = 242, j = 375 sucessfully passed !
	Initialyzed swapped data for i = 242, j = 376 sucessfully passed !
	Initialyzed swapped data for i = 242, j = 377 sucessfully passed !
	Initialyzed swapped data for i = 242, j = 378 sucessfully passed !
	Initialyzed swapped data for i = 242, j = 379 sucessfully passed !
	Initialyzed swapped data for i = 242, j = 380 sucessfully passed !
	Initialyzed swapped data for i = 242, j = 381 sucessfully passed !
	Initialyzed swapped data for i = 242, j = 382 sucessfully passed !
	Initialyzed swapped data for i = 242, j = 383 sucessfully passed !
	Initialyzed swapped data for i = 242, j = 384 sucessfully passed !
	Initialyzed swapped data for i = 242, j = 385 sucessfully passed !
	Initialyzed swapped data for i = 242, j = 386 sucessfully passed !
	Initialyzed swapped data for i = 242, j = 387 sucessfully passed !
	Initialyzed swapped data for i = 242, j = 388 sucessfully passed !
	Initialyzed swapped data for i = 242, j = 389 sucessfully passed !
	Initialyzed swapped data for i = 242, j = 390 sucessfully passed !
	Initialyzed swapped data for i = 242, j = 391 sucessfully passed !
	Initialyzed swapped data for i = 242, j = 392 sucessfully passed !
	Initialyzed swapped data for i = 242, j = 393 sucessfully passed !
	Initialyzed swapped data for i = 242, j = 394 sucessfully passed !
	Initialyzed swapped data for i = 242, j = 395 sucessfully passed !
	Initialyzed swapped data for i = 242, j = 396 sucessfully passed !
	Initialyzed swapped data for i = 242, j = 397 sucessfully passed !
	Initialyzed swapped data for i = 242, j = 398 sucessfully passed !
	Initialyzed swapped data for i = 242, j = 399 sucessfully passed !
	Initialyzed swapped data for i = 242, j = 400 sucessfully passed !
	Initialyzed swapped data for i = 242, j = 401 sucessfully passed !
	Initialyzed swapped data for i = 242, j = 402 sucessfully passed !
	Initialyzed swapped data for i = 242, j = 403 sucessfully passed !
	Initialyzed swapped data for i = 242, j = 404 sucessfully passed !
	Initialyzed swapped data for i = 242, j = 405 sucessfully passed !
	Initialyzed swapped data for i = 242, j = 406 sucessfully passed !
	Initialyzed swapped data for i = 242, j = 407 sucessfully passed !
	Initialyzed swapped data for i = 242, j = 408 sucessfully passed !
	Initialyzed swapped data for i = 242, j = 409 sucessfully passed !
	Initialyzed swapped data for i = 242, j = 410 sucessfully passed !
	Initialyzed swapped data for i = 242, j = 411 sucessfully passed !
	Initialyzed swapped data for i = 242, j = 412 sucessfully passed !
	Initialyzed swapped data for i = 242, j = 413 sucessfully passed !
	Initialyzed swapped data for i = 242, j = 414 sucessfully passed !
	Initialyzed swapped data for i = 242, j = 415 sucessfully passed !
	Initialyzed swapped data for i = 242, j = 416 sucessfully passed !
	Initialyzed swapped data for i = 242, j = 417 sucessfully passed !
	Initialyzed swapped data for i = 242, j = 418 sucessfully passed !
	Initialyzed swapped data for i = 242, j = 419 sucessfully passed !
	Initialyzed swapped data for i = 242, j = 420 sucessfully passed !
	Initialyzed swapped data for i = 242, j = 421 sucessfully passed !
	Initialyzed swapped data for i = 242, j = 422 sucessfully passed !
	Initialyzed swapped data for i = 242, j = 423 sucessfully passed !
	Initialyzed swapped data for i = 242, j = 424 sucessfully passed !
	Initialyzed swapped data for i = 242, j = 425 sucessfully passed !
	Initialyzed swapped data for i = 242, j = 426 sucessfully passed !
	Initialyzed swapped data for i = 242, j = 427 sucessfully passed !
	Initialyzed swapped data for i = 242, j = 428 sucessfully passed !
	Initialyzed swapped data for i = 242, j = 429 sucessfully passed !
	Initialyzed swapped data for i = 242, j = 430 sucessfully passed !
	Initialyzed swapped data for i = 242, j = 431 sucessfully passed !
	Initialyzed swapped data for i = 242, j = 432 sucessfully passed !
	Initialyzed swapped data for i = 242, j = 433 sucessfully passed !
	Initialyzed swapped data for i = 243, j = 244 sucessfully passed !
	Initialyzed swapped data for i = 243, j = 245 sucessfully passed !
	Initialyzed swapped data for i = 243, j = 246 sucessfully passed !
	Initialyzed swapped data for i = 243, j = 247 sucessfully passed !
	Initialyzed swapped data for i = 243, j = 248 sucessfully passed !
	Initialyzed swapped data for i = 243, j = 249 sucessfully passed !
	Initialyzed swapped data for i = 243, j = 250 sucessfully passed !
	Initialyzed swapped data for i = 243, j = 251 sucessfully passed !
	Initialyzed swapped data for i = 243, j = 252 sucessfully passed !
	Initialyzed swapped data for i = 243, j = 253 sucessfully passed !
	Initialyzed swapped data for i = 243, j = 254 sucessfully passed !
	Initialyzed swapped data for i = 243, j = 255 sucessfully passed !
	Initialyzed swapped data for i = 243, j = 256 sucessfully passed !
	Initialyzed swapped data for i = 243, j = 257 sucessfully passed !
	Initialyzed swapped data for i = 243, j = 258 sucessfully passed !
	Initialyzed swapped data for i = 243, j = 259 sucessfully passed !
	Initialyzed swapped data for i = 243, j = 260 sucessfully passed !
	Initialyzed swapped data for i = 243, j = 261 sucessfully passed !
	Initialyzed swapped data for i = 243, j = 262 sucessfully passed !
	Initialyzed swapped data for i = 243, j = 263 sucessfully passed !
	Initialyzed swapped data for i = 243, j = 264 sucessfully passed !
	Initialyzed swapped data for i = 243, j = 265 sucessfully passed !
	Initialyzed swapped data for i = 243, j = 266 sucessfully passed !
	Initialyzed swapped data for i = 243, j = 267 sucessfully passed !
	Initialyzed swapped data for i = 243, j = 268 sucessfully passed !
	Initialyzed swapped data for i = 243, j = 269 sucessfully passed !
	Initialyzed swapped data for i = 243, j = 270 sucessfully passed !
	Initialyzed swapped data for i = 243, j = 271 sucessfully passed !
	Initialyzed swapped data for i = 243, j = 272 sucessfully passed !
	Initialyzed swapped data for i = 243, j = 273 sucessfully passed !
	Initialyzed swapped data for i = 243, j = 274 sucessfully passed !
	Initialyzed swapped data for i = 243, j = 275 sucessfully passed !
	Initialyzed swapped data for i = 243, j = 276 sucessfully passed !
	Initialyzed swapped data for i = 243, j = 277 sucessfully passed !
	Initialyzed swapped data for i = 243, j = 278 sucessfully passed !
	Initialyzed swapped data for i = 243, j = 279 sucessfully passed !
	Initialyzed swapped data for i = 243, j = 280 sucessfully passed !
	Initialyzed swapped data for i = 243, j = 281 sucessfully passed !
	Initialyzed swapped data for i = 243, j = 282 sucessfully passed !
	Initialyzed swapped data for i = 243, j = 283 sucessfully passed !
	Initialyzed swapped data for i = 243, j = 284 sucessfully passed !
	Initialyzed swapped data for i = 243, j = 285 sucessfully passed !
	Initialyzed swapped data for i = 243, j = 286 sucessfully passed !
	Initialyzed swapped data for i = 243, j = 287 sucessfully passed !
	Initialyzed swapped data for i = 243, j = 288 sucessfully passed !
	Initialyzed swapped data for i = 243, j = 289 sucessfully passed !
	Initialyzed swapped data for i = 243, j = 290 sucessfully passed !
	Initialyzed swapped data for i = 243, j = 291 sucessfully passed !
	Initialyzed swapped data for i = 243, j = 292 sucessfully passed !
	Initialyzed swapped data for i = 243, j = 293 sucessfully passed !
	Initialyzed swapped data for i = 243, j = 294 sucessfully passed !
	Initialyzed swapped data for i = 243, j = 295 sucessfully passed !
	Initialyzed swapped data for i = 243, j = 296 sucessfully passed !
	Initialyzed swapped data for i = 243, j = 297 sucessfully passed !
	Initialyzed swapped data for i = 243, j = 298 sucessfully passed !
	Initialyzed swapped data for i = 243, j = 299 sucessfully passed !
	Initialyzed swapped data for i = 243, j = 300 sucessfully passed !
	Initialyzed swapped data for i = 243, j = 301 sucessfully passed !
	Initialyzed swapped data for i = 243, j = 302 sucessfully passed !
	Initialyzed swapped data for i = 243, j = 303 sucessfully passed !
	Initialyzed swapped data for i = 243, j = 304 sucessfully passed !
	Initialyzed swapped data for i = 243, j = 305 sucessfully passed !
	Initialyzed swapped data for i = 243, j = 306 sucessfully passed !
	Initialyzed swapped data for i = 243, j = 307 sucessfully passed !
	Initialyzed swapped data for i = 243, j = 308 sucessfully passed !
	Initialyzed swapped data for i = 243, j = 309 sucessfully passed !
	Initialyzed swapped data for i = 243, j = 310 sucessfully passed !
	Initialyzed swapped data for i = 243, j = 311 sucessfully passed !
	Initialyzed swapped data for i = 243, j = 312 sucessfully passed !
	Initialyzed swapped data for i = 243, j = 313 sucessfully passed !
	Initialyzed swapped data for i = 243, j = 314 sucessfully passed !
	Initialyzed swapped data for i = 243, j = 315 sucessfully passed !
	Initialyzed swapped data for i = 243, j = 316 sucessfully passed !
	Initialyzed swapped data for i = 243, j = 317 sucessfully passed !
	Initialyzed swapped data for i = 243, j = 318 sucessfully passed !
	Initialyzed swapped data for i = 243, j = 319 sucessfully passed !
	Initialyzed swapped data for i = 243, j = 320 sucessfully passed !
	Initialyzed swapped data for i = 243, j = 321 sucessfully passed !
	Initialyzed swapped data for i = 243, j = 322 sucessfully passed !
	Initialyzed swapped data for i = 243, j = 323 sucessfully passed !
	Initialyzed swapped data for i = 243, j = 324 sucessfully passed !
	Initialyzed swapped data for i = 243, j = 325 sucessfully passed !
	Initialyzed swapped data for i = 243, j = 326 sucessfully passed !
	Initialyzed swapped data for i = 243, j = 327 sucessfully passed !
	Initialyzed swapped data for i = 243, j = 328 sucessfully passed !
	Initialyzed swapped data for i = 243, j = 329 sucessfully passed !
	Initialyzed swapped data for i = 243, j = 330 sucessfully passed !
	Initialyzed swapped data for i = 243, j = 331 sucessfully passed !
	Initialyzed swapped data for i = 243, j = 332 sucessfully passed !
	Initialyzed swapped data for i = 243, j = 333 sucessfully passed !
	Initialyzed swapped data for i = 243, j = 334 sucessfully passed !
	Initialyzed swapped data for i = 243, j = 335 sucessfully passed !
	Initialyzed swapped data for i = 243, j = 336 sucessfully passed !
	Initialyzed swapped data for i = 243, j = 337 sucessfully passed !
	Initialyzed swapped data for i = 243, j = 338 sucessfully passed !
	Initialyzed swapped data for i = 243, j = 339 sucessfully passed !
	Initialyzed swapped data for i = 243, j = 340 sucessfully passed !
	Initialyzed swapped data for i = 243, j = 341 sucessfully passed !
	Initialyzed swapped data for i = 243, j = 342 sucessfully passed !
	Initialyzed swapped data for i = 243, j = 343 sucessfully passed !
	Initialyzed swapped data for i = 243, j = 344 sucessfully passed !
	Initialyzed swapped data for i = 243, j = 345 sucessfully passed !
	Initialyzed swapped data for i = 243, j = 346 sucessfully passed !
	Initialyzed swapped data for i = 243, j = 347 sucessfully passed !
	Initialyzed swapped data for i = 243, j = 348 sucessfully passed !
	Initialyzed swapped data for i = 243, j = 349 sucessfully passed !
	Initialyzed swapped data for i = 243, j = 350 sucessfully passed !
	Initialyzed swapped data for i = 243, j = 351 sucessfully passed !
	Initialyzed swapped data for i = 243, j = 352 sucessfully passed !
	Initialyzed swapped data for i = 243, j = 353 sucessfully passed !
	Initialyzed swapped data for i = 243, j = 354 sucessfully passed !
	Initialyzed swapped data for i = 243, j = 355 sucessfully passed !
	Initialyzed swapped data for i = 243, j = 356 sucessfully passed !
	Initialyzed swapped data for i = 243, j = 357 sucessfully passed !
	Initialyzed swapped data for i = 243, j = 358 sucessfully passed !
	Initialyzed swapped data for i = 243, j = 359 sucessfully passed !
	Initialyzed swapped data for i = 243, j = 360 sucessfully passed !
	Initialyzed swapped data for i = 243, j = 361 sucessfully passed !
	Initialyzed swapped data for i = 243, j = 362 sucessfully passed !
	Initialyzed swapped data for i = 243, j = 363 sucessfully passed !
	Initialyzed swapped data for i = 243, j = 364 sucessfully passed !
	Initialyzed swapped data for i = 243, j = 365 sucessfully passed !
	Initialyzed swapped data for i = 243, j = 366 sucessfully passed !
	Initialyzed swapped data for i = 243, j = 367 sucessfully passed !
	Initialyzed swapped data for i = 243, j = 368 sucessfully passed !
	Initialyzed swapped data for i = 243, j = 369 sucessfully passed !
	Initialyzed swapped data for i = 243, j = 370 sucessfully passed !
	Initialyzed swapped data for i = 243, j = 371 sucessfully passed !
	Initialyzed swapped data for i = 243, j = 372 sucessfully passed !
	Initialyzed swapped data for i = 243, j = 373 sucessfully passed !
	Initialyzed swapped data for i = 243, j = 374 sucessfully passed !
	Initialyzed swapped data for i = 243, j = 375 sucessfully passed !
	Initialyzed swapped data for i = 243, j = 376 sucessfully passed !
	Initialyzed swapped data for i = 243, j = 377 sucessfully passed !
	Initialyzed swapped data for i = 243, j = 378 sucessfully passed !
	Initialyzed swapped data for i = 243, j = 379 sucessfully passed !
	Initialyzed swapped data for i = 243, j = 380 sucessfully passed !
	Initialyzed swapped data for i = 243, j = 381 sucessfully passed !
	Initialyzed swapped data for i = 243, j = 382 sucessfully passed !
	Initialyzed swapped data for i = 243, j = 383 sucessfully passed !
	Initialyzed swapped data for i = 243, j = 384 sucessfully passed !
	Initialyzed swapped data for i = 243, j = 385 sucessfully passed !
	Initialyzed swapped data for i = 243, j = 386 sucessfully passed !
	Initialyzed swapped data for i = 243, j = 387 sucessfully passed !
	Initialyzed swapped data for i = 243, j = 388 sucessfully passed !
	Initialyzed swapped data for i = 243, j = 389 sucessfully passed !
	Initialyzed swapped data for i = 243, j = 390 sucessfully passed !
	Initialyzed swapped data for i = 243, j = 391 sucessfully passed !
	Initialyzed swapped data for i = 243, j = 392 sucessfully passed !
	Initialyzed swapped data for i = 243, j = 393 sucessfully passed !
	Initialyzed swapped data for i = 243, j = 394 sucessfully passed !
	Initialyzed swapped data for i = 243, j = 395 sucessfully passed !
	Initialyzed swapped data for i = 243, j = 396 sucessfully passed !
	Initialyzed swapped data for i = 243, j = 397 sucessfully passed !
	Initialyzed swapped data for i = 243, j = 398 sucessfully passed !
	Initialyzed swapped data for i = 243, j = 399 sucessfully passed !
	Initialyzed swapped data for i = 243, j = 400 sucessfully passed !
	Initialyzed swapped data for i = 243, j = 401 sucessfully passed !
	Initialyzed swapped data for i = 243, j = 402 sucessfully passed !
	Initialyzed swapped data for i = 243, j = 403 sucessfully passed !
	Initialyzed swapped data for i = 243, j = 404 sucessfully passed !
	Initialyzed swapped data for i = 243, j = 405 sucessfully passed !
	Initialyzed swapped data for i = 243, j = 406 sucessfully passed !
	Initialyzed swapped data for i = 243, j = 407 sucessfully passed !
	Initialyzed swapped data for i = 243, j = 408 sucessfully passed !
	Initialyzed swapped data for i = 243, j = 409 sucessfully passed !
	Initialyzed swapped data for i = 243, j = 410 sucessfully passed !
	Initialyzed swapped data for i = 243, j = 411 sucessfully passed !
	Initialyzed swapped data for i = 243, j = 412 sucessfully passed !
	Initialyzed swapped data for i = 243, j = 413 sucessfully passed !
	Initialyzed swapped data for i = 243, j = 414 sucessfully passed !
	Initialyzed swapped data for i = 243, j = 415 sucessfully passed !
	Initialyzed swapped data for i = 243, j = 416 sucessfully passed !
	Initialyzed swapped data for i = 243, j = 417 sucessfully passed !
	Initialyzed swapped data for i = 243, j = 418 sucessfully passed !
	Initialyzed swapped data for i = 243, j = 419 sucessfully passed !
	Initialyzed swapped data for i = 243, j = 420 sucessfully passed !
	Initialyzed swapped data for i = 243, j = 421 sucessfully passed !
	Initialyzed swapped data for i = 243, j = 422 sucessfully passed !
	Initialyzed swapped data for i = 243, j = 423 sucessfully passed !
	Initialyzed swapped data for i = 243, j = 424 sucessfully passed !
	Initialyzed swapped data for i = 243, j = 425 sucessfully passed !
	Initialyzed swapped data for i = 243, j = 426 sucessfully passed !
	Initialyzed swapped data for i = 243, j = 427 sucessfully passed !
	Initialyzed swapped data for i = 243, j = 428 sucessfully passed !
	Initialyzed swapped data for i = 243, j = 429 sucessfully passed !
	Initialyzed swapped data for i = 243, j = 430 sucessfully passed !
	Initialyzed swapped data for i = 243, j = 431 sucessfully passed !
	Initialyzed swapped data for i = 243, j = 432 sucessfully passed !
	Initialyzed swapped data for i = 243, j = 433 sucessfully passed !
	Initialyzed swapped data for i = 244, j = 245 sucessfully passed !
	Initialyzed swapped data for i = 244, j = 246 sucessfully passed !
	Initialyzed swapped data for i = 244, j = 247 sucessfully passed !
	Initialyzed swapped data for i = 244, j = 248 sucessfully passed !
	Initialyzed swapped data for i = 244, j = 249 sucessfully passed !
	Initialyzed swapped data for i = 244, j = 250 sucessfully passed !
	Initialyzed swapped data for i = 244, j = 251 sucessfully passed !
	Initialyzed swapped data for i = 244, j = 252 sucessfully passed !
	Initialyzed swapped data for i = 244, j = 253 sucessfully passed !
	Initialyzed swapped data for i = 244, j = 254 sucessfully passed !
	Initialyzed swapped data for i = 244, j = 255 sucessfully passed !
	Initialyzed swapped data for i = 244, j = 256 sucessfully passed !
	Initialyzed swapped data for i = 244, j = 257 sucessfully passed !
	Initialyzed swapped data for i = 244, j = 258 sucessfully passed !
	Initialyzed swapped data for i = 244, j = 259 sucessfully passed !
	Initialyzed swapped data for i = 244, j = 260 sucessfully passed !
	Initialyzed swapped data for i = 244, j = 261 sucessfully passed !
	Initialyzed swapped data for i = 244, j = 262 sucessfully passed !
	Initialyzed swapped data for i = 244, j = 263 sucessfully passed !
	Initialyzed swapped data for i = 244, j = 264 sucessfully passed !
	Initialyzed swapped data for i = 244, j = 265 sucessfully passed !
	Initialyzed swapped data for i = 244, j = 266 sucessfully passed !
	Initialyzed swapped data for i = 244, j = 267 sucessfully passed !
	Initialyzed swapped data for i = 244, j = 268 sucessfully passed !
	Initialyzed swapped data for i = 244, j = 269 sucessfully passed !
	Initialyzed swapped data for i = 244, j = 270 sucessfully passed !
	Initialyzed swapped data for i = 244, j = 271 sucessfully passed !
	Initialyzed swapped data for i = 244, j = 272 sucessfully passed !
	Initialyzed swapped data for i = 244, j = 273 sucessfully passed !
	Initialyzed swapped data for i = 244, j = 274 sucessfully passed !
	Initialyzed swapped data for i = 244, j = 275 sucessfully passed !
	Initialyzed swapped data for i = 244, j = 276 sucessfully passed !
	Initialyzed swapped data for i = 244, j = 277 sucessfully passed !
	Initialyzed swapped data for i = 244, j = 278 sucessfully passed !
	Initialyzed swapped data for i = 244, j = 279 sucessfully passed !
	Initialyzed swapped data for i = 244, j = 280 sucessfully passed !
	Initialyzed swapped data for i = 244, j = 281 sucessfully passed !
	Initialyzed swapped data for i = 244, j = 282 sucessfully passed !
	Initialyzed swapped data for i = 244, j = 283 sucessfully passed !
	Initialyzed swapped data for i = 244, j = 284 sucessfully passed !
	Initialyzed swapped data for i = 244, j = 285 sucessfully passed !
	Initialyzed swapped data for i = 244, j = 286 sucessfully passed !
	Initialyzed swapped data for i = 244, j = 287 sucessfully passed !
	Initialyzed swapped data for i = 244, j = 288 sucessfully passed !
	Initialyzed swapped data for i = 244, j = 289 sucessfully passed !
	Initialyzed swapped data for i = 244, j = 290 sucessfully passed !
	Initialyzed swapped data for i = 244, j = 291 sucessfully passed !
	Initialyzed swapped data for i = 244, j = 292 sucessfully passed !
	Initialyzed swapped data for i = 244, j = 293 sucessfully passed !
	Initialyzed swapped data for i = 244, j = 294 sucessfully passed !
	Initialyzed swapped data for i = 244, j = 295 sucessfully passed !
	Initialyzed swapped data for i = 244, j = 296 sucessfully passed !
	Initialyzed swapped data for i = 244, j = 297 sucessfully passed !
	Initialyzed swapped data for i = 244, j = 298 sucessfully passed !
	Initialyzed swapped data for i = 244, j = 299 sucessfully passed !
	Initialyzed swapped data for i = 244, j = 300 sucessfully passed !
	Initialyzed swapped data for i = 244, j = 301 sucessfully passed !
	Initialyzed swapped data for i = 244, j = 302 sucessfully passed !
	Initialyzed swapped data for i = 244, j = 303 sucessfully passed !
	Initialyzed swapped data for i = 244, j = 304 sucessfully passed !
	Initialyzed swapped data for i = 244, j = 305 sucessfully passed !
	Initialyzed swapped data for i = 244, j = 306 sucessfully passed !
	Initialyzed swapped data for i = 244, j = 307 sucessfully passed !
	Initialyzed swapped data for i = 244, j = 308 sucessfully passed !
	Initialyzed swapped data for i = 244, j = 309 sucessfully passed !
	Initialyzed swapped data for i = 244, j = 310 sucessfully passed !
	Initialyzed swapped data for i = 244, j = 311 sucessfully passed !
	Initialyzed swapped data for i = 244, j = 312 sucessfully passed !
	Initialyzed swapped data for i = 244, j = 313 sucessfully passed !
	Initialyzed swapped data for i = 244, j = 314 sucessfully passed !
	Initialyzed swapped data for i = 244, j = 315 sucessfully passed !
	Initialyzed swapped data for i = 244, j = 316 sucessfully passed !
	Initialyzed swapped data for i = 244, j = 317 sucessfully passed !
	Initialyzed swapped data for i = 244, j = 318 sucessfully passed !
	Initialyzed swapped data for i = 244, j = 319 sucessfully passed !
	Initialyzed swapped data for i = 244, j = 320 sucessfully passed !
	Initialyzed swapped data for i = 244, j = 321 sucessfully passed !
	Initialyzed swapped data for i = 244, j = 322 sucessfully passed !
	Initialyzed swapped data for i = 244, j = 323 sucessfully passed !
	Initialyzed swapped data for i = 244, j = 324 sucessfully passed !
	Initialyzed swapped data for i = 244, j = 325 sucessfully passed !
	Initialyzed swapped data for i = 244, j = 326 sucessfully passed !
	Initialyzed swapped data for i = 244, j = 327 sucessfully passed !
	Initialyzed swapped data for i = 244, j = 328 sucessfully passed !
	Initialyzed swapped data for i = 244, j = 329 sucessfully passed !
	Initialyzed swapped data for i = 244, j = 330 sucessfully passed !
	Initialyzed swapped data for i = 244, j = 331 sucessfully passed !
	Initialyzed swapped data for i = 244, j = 332 sucessfully passed !
	Initialyzed swapped data for i = 244, j = 333 sucessfully passed !
	Initialyzed swapped data for i = 244, j = 334 sucessfully passed !
	Initialyzed swapped data for i = 244, j = 335 sucessfully passed !
	Initialyzed swapped data for i = 244, j = 336 sucessfully passed !
	Initialyzed swapped data for i = 244, j = 337 sucessfully passed !
	Initialyzed swapped data for i = 244, j = 338 sucessfully passed !
	Initialyzed swapped data for i = 244, j = 339 sucessfully passed !
	Initialyzed swapped data for i = 244, j = 340 sucessfully passed !
	Initialyzed swapped data for i = 244, j = 341 sucessfully passed !
	Initialyzed swapped data for i = 244, j = 342 sucessfully passed !
	Initialyzed swapped data for i = 244, j = 343 sucessfully passed !
	Initialyzed swapped data for i = 244, j = 344 sucessfully passed !
	Initialyzed swapped data for i = 244, j = 345 sucessfully passed !
	Initialyzed swapped data for i = 244, j = 346 sucessfully passed !
	Initialyzed swapped data for i = 244, j = 347 sucessfully passed !
	Initialyzed swapped data for i = 244, j = 348 sucessfully passed !
	Initialyzed swapped data for i = 244, j = 349 sucessfully passed !
	Initialyzed swapped data for i = 244, j = 350 sucessfully passed !
	Initialyzed swapped data for i = 244, j = 351 sucessfully passed !
	Initialyzed swapped data for i = 244, j = 352 sucessfully passed !
	Initialyzed swapped data for i = 244, j = 353 sucessfully passed !
	Initialyzed swapped data for i = 244, j = 354 sucessfully passed !
	Initialyzed swapped data for i = 244, j = 355 sucessfully passed !
	Initialyzed swapped data for i = 244, j = 356 sucessfully passed !
	Initialyzed swapped data for i = 244, j = 357 sucessfully passed !
	Initialyzed swapped data for i = 244, j = 358 sucessfully passed !
	Initialyzed swapped data for i = 244, j = 359 sucessfully passed !
	Initialyzed swapped data for i = 244, j = 360 sucessfully passed !
	Initialyzed swapped data for i = 244, j = 361 sucessfully passed !
	Initialyzed swapped data for i = 244, j = 362 sucessfully passed !
	Initialyzed swapped data for i = 244, j = 363 sucessfully passed !
	Initialyzed swapped data for i = 244, j = 364 sucessfully passed !
	Initialyzed swapped data for i = 244, j = 365 sucessfully passed !
	Initialyzed swapped data for i = 244, j = 366 sucessfully passed !
	Initialyzed swapped data for i = 244, j = 367 sucessfully passed !
	Initialyzed swapped data for i = 244, j = 368 sucessfully passed !
	Initialyzed swapped data for i = 244, j = 369 sucessfully passed !
	Initialyzed swapped data for i = 244, j = 370 sucessfully passed !
	Initialyzed swapped data for i = 244, j = 371 sucessfully passed !
	Initialyzed swapped data for i = 244, j = 372 sucessfully passed !
	Initialyzed swapped data for i = 244, j = 373 sucessfully passed !
	Initialyzed swapped data for i = 244, j = 374 sucessfully passed !
	Initialyzed swapped data for i = 244, j = 375 sucessfully passed !
	Initialyzed swapped data for i = 244, j = 376 sucessfully passed !
	Initialyzed swapped data for i = 244, j = 377 sucessfully passed !
	Initialyzed swapped data for i = 244, j = 378 sucessfully passed !
	Initialyzed swapped data for i = 244, j = 379 sucessfully passed !
	Initialyzed swapped data for i = 244, j = 380 sucessfully passed !
	Initialyzed swapped data for i = 244, j = 381 sucessfully passed !
	Initialyzed swapped data for i = 244, j = 382 sucessfully passed !
	Initialyzed swapped data for i = 244, j = 383 sucessfully passed !
	Initialyzed swapped data for i = 244, j = 384 sucessfully passed !
	Initialyzed swapped data for i = 244, j = 385 sucessfully passed !
	Initialyzed swapped data for i = 244, j = 386 sucessfully passed !
	Initialyzed swapped data for i = 244, j = 387 sucessfully passed !
	Initialyzed swapped data for i = 244, j = 388 sucessfully passed !
	Initialyzed swapped data for i = 244, j = 389 sucessfully passed !
	Initialyzed swapped data for i = 244, j = 390 sucessfully passed !
	Initialyzed swapped data for i = 244, j = 391 sucessfully passed !
	Initialyzed swapped data for i = 244, j = 392 sucessfully passed !
	Initialyzed swapped data for i = 244, j = 393 sucessfully passed !
	Initialyzed swapped data for i = 244, j = 394 sucessfully passed !
	Initialyzed swapped data for i = 244, j = 395 sucessfully passed !
	Initialyzed swapped data for i = 244, j = 396 sucessfully passed !
	Initialyzed swapped data for i = 244, j = 397 sucessfully passed !
	Initialyzed swapped data for i = 244, j = 398 sucessfully passed !
	Initialyzed swapped data for i = 244, j = 399 sucessfully passed !
	Initialyzed swapped data for i = 244, j = 400 sucessfully passed !
	Initialyzed swapped data for i = 244, j = 401 sucessfully passed !
	Initialyzed swapped data for i = 244, j = 402 sucessfully passed !
	Initialyzed swapped data for i = 244, j = 403 sucessfully passed !
	Initialyzed swapped data for i = 244, j = 404 sucessfully passed !
	Initialyzed swapped data for i = 244, j = 405 sucessfully passed !
	Initialyzed swapped data for i = 244, j = 406 sucessfully passed !
	Initialyzed swapped data for i = 244, j = 407 sucessfully passed !
	Initialyzed swapped data for i = 244, j = 408 sucessfully passed !
	Initialyzed swapped data for i = 244, j = 409 sucessfully passed !
	Initialyzed swapped data for i = 244, j = 410 sucessfully passed !
	Initialyzed swapped data for i = 244, j = 411 sucessfully passed !
	Initialyzed swapped data for i = 244, j = 412 sucessfully passed !
	Initialyzed swapped data for i = 244, j = 413 sucessfully passed !
	Initialyzed swapped data for i = 244, j = 414 sucessfully passed !
	Initialyzed swapped data for i = 244, j = 415 sucessfully passed !
	Initialyzed swapped data for i = 244, j = 416 sucessfully passed !
	Initialyzed swapped data for i = 244, j = 417 sucessfully passed !
	Initialyzed swapped data for i = 244, j = 418 sucessfully passed !
	Initialyzed swapped data for i = 244, j = 419 sucessfully passed !
	Initialyzed swapped data for i = 244, j = 420 sucessfully passed !
	Initialyzed swapped data for i = 244, j = 421 sucessfully passed !
	Initialyzed swapped data for i = 244, j = 422 sucessfully passed !
	Initialyzed swapped data for i = 244, j = 423 sucessfully passed !
	Initialyzed swapped data for i = 244, j = 424 sucessfully passed !
	Initialyzed swapped data for i = 244, j = 425 sucessfully passed !
	Initialyzed swapped data for i = 244, j = 426 sucessfully passed !
	Initialyzed swapped data for i = 244, j = 427 sucessfully passed !
	Initialyzed swapped data for i = 244, j = 428 sucessfully passed !
	Initialyzed swapped data for i = 244, j = 429 sucessfully passed !
	Initialyzed swapped data for i = 244, j = 430 sucessfully passed !
	Initialyzed swapped data for i = 244, j = 431 sucessfully passed !
	Initialyzed swapped data for i = 244, j = 432 sucessfully passed !
	Initialyzed swapped data for i = 244, j = 433 sucessfully passed !
	Initialyzed swapped data for i = 245, j = 246 sucessfully passed !
	Initialyzed swapped data for i = 245, j = 247 sucessfully passed !
	Initialyzed swapped data for i = 245, j = 248 sucessfully passed !
	Initialyzed swapped data for i = 245, j = 249 sucessfully passed !
	Initialyzed swapped data for i = 245, j = 250 sucessfully passed !
	Initialyzed swapped data for i = 245, j = 251 sucessfully passed !
	Initialyzed swapped data for i = 245, j = 252 sucessfully passed !
	Initialyzed swapped data for i = 245, j = 253 sucessfully passed !
	Initialyzed swapped data for i = 245, j = 254 sucessfully passed !
	Initialyzed swapped data for i = 245, j = 255 sucessfully passed !
	Initialyzed swapped data for i = 245, j = 256 sucessfully passed !
	Initialyzed swapped data for i = 245, j = 257 sucessfully passed !
	Initialyzed swapped data for i = 245, j = 258 sucessfully passed !
	Initialyzed swapped data for i = 245, j = 259 sucessfully passed !
	Initialyzed swapped data for i = 245, j = 260 sucessfully passed !
	Initialyzed swapped data for i = 245, j = 261 sucessfully passed !
	Initialyzed swapped data for i = 245, j = 262 sucessfully passed !
	Initialyzed swapped data for i = 245, j = 263 sucessfully passed !
	Initialyzed swapped data for i = 245, j = 264 sucessfully passed !
	Initialyzed swapped data for i = 245, j = 265 sucessfully passed !
	Initialyzed swapped data for i = 245, j = 266 sucessfully passed !
	Initialyzed swapped data for i = 245, j = 267 sucessfully passed !
	Initialyzed swapped data for i = 245, j = 268 sucessfully passed !
	Initialyzed swapped data for i = 245, j = 269 sucessfully passed !
	Initialyzed swapped data for i = 245, j = 270 sucessfully passed !
	Initialyzed swapped data for i = 245, j = 271 sucessfully passed !
	Initialyzed swapped data for i = 245, j = 272 sucessfully passed !
	Initialyzed swapped data for i = 245, j = 273 sucessfully passed !
	Initialyzed swapped data for i = 245, j = 274 sucessfully passed !
	Initialyzed swapped data for i = 245, j = 275 sucessfully passed !
	Initialyzed swapped data for i = 245, j = 276 sucessfully passed !
	Initialyzed swapped data for i = 245, j = 277 sucessfully passed !
	Initialyzed swapped data for i = 245, j = 278 sucessfully passed !
	Initialyzed swapped data for i = 245, j = 279 sucessfully passed !
	Initialyzed swapped data for i = 245, j = 280 sucessfully passed !
	Initialyzed swapped data for i = 245, j = 281 sucessfully passed !
	Initialyzed swapped data for i = 245, j = 282 sucessfully passed !
	Initialyzed swapped data for i = 245, j = 283 sucessfully passed !
	Initialyzed swapped data for i = 245, j = 284 sucessfully passed !
	Initialyzed swapped data for i = 245, j = 285 sucessfully passed !
	Initialyzed swapped data for i = 245, j = 286 sucessfully passed !
	Initialyzed swapped data for i = 245, j = 287 sucessfully passed !
	Initialyzed swapped data for i = 245, j = 288 sucessfully passed !
	Initialyzed swapped data for i = 245, j = 289 sucessfully passed !
	Initialyzed swapped data for i = 245, j = 290 sucessfully passed !
	Initialyzed swapped data for i = 245, j = 291 sucessfully passed !
	Initialyzed swapped data for i = 245, j = 292 sucessfully passed !
	Initialyzed swapped data for i = 245, j = 293 sucessfully passed !
	Initialyzed swapped data for i = 245, j = 294 sucessfully passed !
	Initialyzed swapped data for i = 245, j = 295 sucessfully passed !
	Initialyzed swapped data for i = 245, j = 296 sucessfully passed !
	Initialyzed swapped data for i = 245, j = 297 sucessfully passed !
	Initialyzed swapped data for i = 245, j = 298 sucessfully passed !
	Initialyzed swapped data for i = 245, j = 299 sucessfully passed !
	Initialyzed swapped data for i = 245, j = 300 sucessfully passed !
	Initialyzed swapped data for i = 245, j = 301 sucessfully passed !
	Initialyzed swapped data for i = 245, j = 302 sucessfully passed !
	Initialyzed swapped data for i = 245, j = 303 sucessfully passed !
	Initialyzed swapped data for i = 245, j = 304 sucessfully passed !
	Initialyzed swapped data for i = 245, j = 305 sucessfully passed !
	Initialyzed swapped data for i = 245, j = 306 sucessfully passed !
	Initialyzed swapped data for i = 245, j = 307 sucessfully passed !
	Initialyzed swapped data for i = 245, j = 308 sucessfully passed !
	Initialyzed swapped data for i = 245, j = 309 sucessfully passed !
	Initialyzed swapped data for i = 245, j = 310 sucessfully passed !
	Initialyzed swapped data for i = 245, j = 311 sucessfully passed !
	Initialyzed swapped data for i = 245, j = 312 sucessfully passed !
	Initialyzed swapped data for i = 245, j = 313 sucessfully passed !
	Initialyzed swapped data for i = 245, j = 314 sucessfully passed !
	Initialyzed swapped data for i = 245, j = 315 sucessfully passed !
	Initialyzed swapped data for i = 245, j = 316 sucessfully passed !
	Initialyzed swapped data for i = 245, j = 317 sucessfully passed !
	Initialyzed swapped data for i = 245, j = 318 sucessfully passed !
	Initialyzed swapped data for i = 245, j = 319 sucessfully passed !
	Initialyzed swapped data for i = 245, j = 320 sucessfully passed !
	Initialyzed swapped data for i = 245, j = 321 sucessfully passed !
	Initialyzed swapped data for i = 245, j = 322 sucessfully passed !
	Initialyzed swapped data for i = 245, j = 323 sucessfully passed !
	Initialyzed swapped data for i = 245, j = 324 sucessfully passed !
	Initialyzed swapped data for i = 245, j = 325 sucessfully passed !
	Initialyzed swapped data for i = 245, j = 326 sucessfully passed !
	Initialyzed swapped data for i = 245, j = 327 sucessfully passed !
	Initialyzed swapped data for i = 245, j = 328 sucessfully passed !
	Initialyzed swapped data for i = 245, j = 329 sucessfully passed !
	Initialyzed swapped data for i = 245, j = 330 sucessfully passed !
	Initialyzed swapped data for i = 245, j = 331 sucessfully passed !
	Initialyzed swapped data for i = 245, j = 332 sucessfully passed !
	Initialyzed swapped data for i = 245, j = 333 sucessfully passed !
	Initialyzed swapped data for i = 245, j = 334 sucessfully passed !
	Initialyzed swapped data for i = 245, j = 335 sucessfully passed !
	Initialyzed swapped data for i = 245, j = 336 sucessfully passed !
	Initialyzed swapped data for i = 245, j = 337 sucessfully passed !
	Initialyzed swapped data for i = 245, j = 338 sucessfully passed !
	Initialyzed swapped data for i = 245, j = 339 sucessfully passed !
	Initialyzed swapped data for i = 245, j = 340 sucessfully passed !
	Initialyzed swapped data for i = 245, j = 341 sucessfully passed !
	Initialyzed swapped data for i = 245, j = 342 sucessfully passed !
	Initialyzed swapped data for i = 245, j = 343 sucessfully passed !
	Initialyzed swapped data for i = 245, j = 344 sucessfully passed !
	Initialyzed swapped data for i = 245, j = 345 sucessfully passed !
	Initialyzed swapped data for i = 245, j = 346 sucessfully passed !
	Initialyzed swapped data for i = 245, j = 347 sucessfully passed !
	Initialyzed swapped data for i = 245, j = 348 sucessfully passed !
	Initialyzed swapped data for i = 245, j = 349 sucessfully passed !
	Initialyzed swapped data for i = 245, j = 350 sucessfully passed !
	Initialyzed swapped data for i = 245, j = 351 sucessfully passed !
	Initialyzed swapped data for i = 245, j = 352 sucessfully passed !
	Initialyzed swapped data for i = 245, j = 353 sucessfully passed !
	Initialyzed swapped data for i = 245, j = 354 sucessfully passed !
	Initialyzed swapped data for i = 245, j = 355 sucessfully passed !
	Initialyzed swapped data for i = 245, j = 356 sucessfully passed !
	Initialyzed swapped data for i = 245, j = 357 sucessfully passed !
	Initialyzed swapped data for i = 245, j = 358 sucessfully passed !
	Initialyzed swapped data for i = 245, j = 359 sucessfully passed !
	Initialyzed swapped data for i = 245, j = 360 sucessfully passed !
	Initialyzed swapped data for i = 245, j = 361 sucessfully passed !
	Initialyzed swapped data for i = 245, j = 362 sucessfully passed !
	Initialyzed swapped data for i = 245, j = 363 sucessfully passed !
	Initialyzed swapped data for i = 245, j = 364 sucessfully passed !
	Initialyzed swapped data for i = 245, j = 365 sucessfully passed !
	Initialyzed swapped data for i = 245, j = 366 sucessfully passed !
	Initialyzed swapped data for i = 245, j = 367 sucessfully passed !
	Initialyzed swapped data for i = 245, j = 368 sucessfully passed !
	Initialyzed swapped data for i = 245, j = 369 sucessfully passed !
	Initialyzed swapped data for i = 245, j = 370 sucessfully passed !
	Initialyzed swapped data for i = 245, j = 371 sucessfully passed !
	Initialyzed swapped data for i = 245, j = 372 sucessfully passed !
	Initialyzed swapped data for i = 245, j = 373 sucessfully passed !
	Initialyzed swapped data for i = 245, j = 374 sucessfully passed !
	Initialyzed swapped data for i = 245, j = 375 sucessfully passed !
	Initialyzed swapped data for i = 245, j = 376 sucessfully passed !
	Initialyzed swapped data for i = 245, j = 377 sucessfully passed !
	Initialyzed swapped data for i = 245, j = 378 sucessfully passed !
	Initialyzed swapped data for i = 245, j = 379 sucessfully passed !
	Initialyzed swapped data for i = 245, j = 380 sucessfully passed !
	Initialyzed swapped data for i = 245, j = 381 sucessfully passed !
	Initialyzed swapped data for i = 245, j = 382 sucessfully passed !
	Initialyzed swapped data for i = 245, j = 383 sucessfully passed !
	Initialyzed swapped data for i = 245, j = 384 sucessfully passed !
	Initialyzed swapped data for i = 245, j = 385 sucessfully passed !
	Initialyzed swapped data for i = 245, j = 386 sucessfully passed !
	Initialyzed swapped data for i = 245, j = 387 sucessfully passed !
	Initialyzed swapped data for i = 245, j = 388 sucessfully passed !
	Initialyzed swapped data for i = 245, j = 389 sucessfully passed !
	Initialyzed swapped data for i = 245, j = 390 sucessfully passed !
	Initialyzed swapped data for i = 245, j = 391 sucessfully passed !
	Initialyzed swapped data for i = 245, j = 392 sucessfully passed !
	Initialyzed swapped data for i = 245, j = 393 sucessfully passed !
	Initialyzed swapped data for i = 245, j = 394 sucessfully passed !
	Initialyzed swapped data for i = 245, j = 395 sucessfully passed !
	Initialyzed swapped data for i = 245, j = 396 sucessfully passed !
	Initialyzed swapped data for i = 245, j = 397 sucessfully passed !
	Initialyzed swapped data for i = 245, j = 398 sucessfully passed !
	Initialyzed swapped data for i = 245, j = 399 sucessfully passed !
	Initialyzed swapped data for i = 245, j = 400 sucessfully passed !
	Initialyzed swapped data for i = 245, j = 401 sucessfully passed !
	Initialyzed swapped data for i = 245, j = 402 sucessfully passed !
	Initialyzed swapped data for i = 245, j = 403 sucessfully passed !
	Initialyzed swapped data for i = 245, j = 404 sucessfully passed !
	Initialyzed swapped data for i = 245, j = 405 sucessfully passed !
	Initialyzed swapped data for i = 245, j = 406 sucessfully passed !
	Initialyzed swapped data for i = 245, j = 407 sucessfully passed !
	Initialyzed swapped data for i = 245, j = 408 sucessfully passed !
	Initialyzed swapped data for i = 245, j = 409 sucessfully passed !
	Initialyzed swapped data for i = 245, j = 410 sucessfully passed !
	Initialyzed swapped data for i = 245, j = 411 sucessfully passed !
	Initialyzed swapped data for i = 245, j = 412 sucessfully passed !
	Initialyzed swapped data for i = 245, j = 413 sucessfully passed !
	Initialyzed swapped data for i = 245, j = 414 sucessfully passed !
	Initialyzed swapped data for i = 245, j = 415 sucessfully passed !
	Initialyzed swapped data for i = 245, j = 416 sucessfully passed !
	Initialyzed swapped data for i = 245, j = 417 sucessfully passed !
	Initialyzed swapped data for i = 245, j = 418 sucessfully passed !
	Initialyzed swapped data for i = 245, j = 419 sucessfully passed !
	Initialyzed swapped data for i = 245, j = 420 sucessfully passed !
	Initialyzed swapped data for i = 245, j = 421 sucessfully passed !
	Initialyzed swapped data for i = 245, j = 422 sucessfully passed !
	Initialyzed swapped data for i = 245, j = 423 sucessfully passed !
	Initialyzed swapped data for i = 245, j = 424 sucessfully passed !
	Initialyzed swapped data for i = 245, j = 425 sucessfully passed !
	Initialyzed swapped data for i = 245, j = 426 sucessfully passed !
	Initialyzed swapped data for i = 245, j = 427 sucessfully passed !
	Initialyzed swapped data for i = 245, j = 428 sucessfully passed !
	Initialyzed swapped data for i = 245, j = 429 sucessfully passed !
	Initialyzed swapped data for i = 245, j = 430 sucessfully passed !
	Initialyzed swapped data for i = 245, j = 431 sucessfully passed !
	Initialyzed swapped data for i = 245, j = 432 sucessfully passed !
	Initialyzed swapped data for i = 245, j = 433 sucessfully passed !
	Initialyzed swapped data for i = 246, j = 247 sucessfully passed !
	Initialyzed swapped data for i = 246, j = 248 sucessfully passed !
	Initialyzed swapped data for i = 246, j = 249 sucessfully passed !
	Initialyzed swapped data for i = 246, j = 250 sucessfully passed !
	Initialyzed swapped data for i = 246, j = 251 sucessfully passed !
	Initialyzed swapped data for i = 246, j = 252 sucessfully passed !
	Initialyzed swapped data for i = 246, j = 253 sucessfully passed !
	Initialyzed swapped data for i = 246, j = 254 sucessfully passed !
	Initialyzed swapped data for i = 246, j = 255 sucessfully passed !
	Initialyzed swapped data for i = 246, j = 256 sucessfully passed !
	Initialyzed swapped data for i = 246, j = 257 sucessfully passed !
	Initialyzed swapped data for i = 246, j = 258 sucessfully passed !
	Initialyzed swapped data for i = 246, j = 259 sucessfully passed !
	Initialyzed swapped data for i = 246, j = 260 sucessfully passed !
	Initialyzed swapped data for i = 246, j = 261 sucessfully passed !
	Initialyzed swapped data for i = 246, j = 262 sucessfully passed !
	Initialyzed swapped data for i = 246, j = 263 sucessfully passed !
	Initialyzed swapped data for i = 246, j = 264 sucessfully passed !
	Initialyzed swapped data for i = 246, j = 265 sucessfully passed !
	Initialyzed swapped data for i = 246, j = 266 sucessfully passed !
	Initialyzed swapped data for i = 246, j = 267 sucessfully passed !
	Initialyzed swapped data for i = 246, j = 268 sucessfully passed !
	Initialyzed swapped data for i = 246, j = 269 sucessfully passed !
	Initialyzed swapped data for i = 246, j = 270 sucessfully passed !
	Initialyzed swapped data for i = 246, j = 271 sucessfully passed !
	Initialyzed swapped data for i = 246, j = 272 sucessfully passed !
	Initialyzed swapped data for i = 246, j = 273 sucessfully passed !
	Initialyzed swapped data for i = 246, j = 274 sucessfully passed !
	Initialyzed swapped data for i = 246, j = 275 sucessfully passed !
	Initialyzed swapped data for i = 246, j = 276 sucessfully passed !
	Initialyzed swapped data for i = 246, j = 277 sucessfully passed !
	Initialyzed swapped data for i = 246, j = 278 sucessfully passed !
	Initialyzed swapped data for i = 246, j = 279 sucessfully passed !
	Initialyzed swapped data for i = 246, j = 280 sucessfully passed !
	Initialyzed swapped data for i = 246, j = 281 sucessfully passed !
	Initialyzed swapped data for i = 246, j = 282 sucessfully passed !
	Initialyzed swapped data for i = 246, j = 283 sucessfully passed !
	Initialyzed swapped data for i = 246, j = 284 sucessfully passed !
	Initialyzed swapped data for i = 246, j = 285 sucessfully passed !
	Initialyzed swapped data for i = 246, j = 286 sucessfully passed !
	Initialyzed swapped data for i = 246, j = 287 sucessfully passed !
	Initialyzed swapped data for i = 246, j = 288 sucessfully passed !
	Initialyzed swapped data for i = 246, j = 289 sucessfully passed !
	Initialyzed swapped data for i = 246, j = 290 sucessfully passed !
	Initialyzed swapped data for i = 246, j = 291 sucessfully passed !
	Initialyzed swapped data for i = 246, j = 292 sucessfully passed !
	Initialyzed swapped data for i = 246, j = 293 sucessfully passed !
	Initialyzed swapped data for i = 246, j = 294 sucessfully passed !
	Initialyzed swapped data for i = 246, j = 295 sucessfully passed !
	Initialyzed swapped data for i = 246, j = 296 sucessfully passed !
	Initialyzed swapped data for i = 246, j = 297 sucessfully passed !
	Initialyzed swapped data for i = 246, j = 298 sucessfully passed !
	Initialyzed swapped data for i = 246, j = 299 sucessfully passed !
	Initialyzed swapped data for i = 246, j = 300 sucessfully passed !
	Initialyzed swapped data for i = 246, j = 301 sucessfully passed !
	Initialyzed swapped data for i = 246, j = 302 sucessfully passed !
	Initialyzed swapped data for i = 246, j = 303 sucessfully passed !
	Initialyzed swapped data for i = 246, j = 304 sucessfully passed !
	Initialyzed swapped data for i = 246, j = 305 sucessfully passed !
	Initialyzed swapped data for i = 246, j = 306 sucessfully passed !
	Initialyzed swapped data for i = 246, j = 307 sucessfully passed !
	Initialyzed swapped data for i = 246, j = 308 sucessfully passed !
	Initialyzed swapped data for i = 246, j = 309 sucessfully passed !
	Initialyzed swapped data for i = 246, j = 310 sucessfully passed !
	Initialyzed swapped data for i = 246, j = 311 sucessfully passed !
	Initialyzed swapped data for i = 246, j = 312 sucessfully passed !
	Initialyzed swapped data for i = 246, j = 313 sucessfully passed !
	Initialyzed swapped data for i = 246, j = 314 sucessfully passed !
	Initialyzed swapped data for i = 246, j = 315 sucessfully passed !
	Initialyzed swapped data for i = 246, j = 316 sucessfully passed !
	Initialyzed swapped data for i = 246, j = 317 sucessfully passed !
	Initialyzed swapped data for i = 246, j = 318 sucessfully passed !
	Initialyzed swapped data for i = 246, j = 319 sucessfully passed !
	Initialyzed swapped data for i = 246, j = 320 sucessfully passed !
	Initialyzed swapped data for i = 246, j = 321 sucessfully passed !
	Initialyzed swapped data for i = 246, j = 322 sucessfully passed !
	Initialyzed swapped data for i = 246, j = 323 sucessfully passed !
	Initialyzed swapped data for i = 246, j = 324 sucessfully passed !
	Initialyzed swapped data for i = 246, j = 325 sucessfully passed !
	Initialyzed swapped data for i = 246, j = 326 sucessfully passed !
	Initialyzed swapped data for i = 246, j = 327 sucessfully passed !
	Initialyzed swapped data for i = 246, j = 328 sucessfully passed !
	Initialyzed swapped data for i = 246, j = 329 sucessfully passed !
	Initialyzed swapped data for i = 246, j = 330 sucessfully passed !
	Initialyzed swapped data for i = 246, j = 331 sucessfully passed !
	Initialyzed swapped data for i = 246, j = 332 sucessfully passed !
	Initialyzed swapped data for i = 246, j = 333 sucessfully passed !
	Initialyzed swapped data for i = 246, j = 334 sucessfully passed !
	Initialyzed swapped data for i = 246, j = 335 sucessfully passed !
	Initialyzed swapped data for i = 246, j = 336 sucessfully passed !
	Initialyzed swapped data for i = 246, j = 337 sucessfully passed !
	Initialyzed swapped data for i = 246, j = 338 sucessfully passed !
	Initialyzed swapped data for i = 246, j = 339 sucessfully passed !
	Initialyzed swapped data for i = 246, j = 340 sucessfully passed !
	Initialyzed swapped data for i = 246, j = 341 sucessfully passed !
	Initialyzed swapped data for i = 246, j = 342 sucessfully passed !
	Initialyzed swapped data for i = 246, j = 343 sucessfully passed !
	Initialyzed swapped data for i = 246, j = 344 sucessfully passed !
	Initialyzed swapped data for i = 246, j = 345 sucessfully passed !
	Initialyzed swapped data for i = 246, j = 346 sucessfully passed !
	Initialyzed swapped data for i = 246, j = 347 sucessfully passed !
	Initialyzed swapped data for i = 246, j = 348 sucessfully passed !
	Initialyzed swapped data for i = 246, j = 349 sucessfully passed !
	Initialyzed swapped data for i = 246, j = 350 sucessfully passed !
	Initialyzed swapped data for i = 246, j = 351 sucessfully passed !
	Initialyzed swapped data for i = 246, j = 352 sucessfully passed !
	Initialyzed swapped data for i = 246, j = 353 sucessfully passed !
	Initialyzed swapped data for i = 246, j = 354 sucessfully passed !
	Initialyzed swapped data for i = 246, j = 355 sucessfully passed !
	Initialyzed swapped data for i = 246, j = 356 sucessfully passed !
	Initialyzed swapped data for i = 246, j = 357 sucessfully passed !
	Initialyzed swapped data for i = 246, j = 358 sucessfully passed !
	Initialyzed swapped data for i = 246, j = 359 sucessfully passed !
	Initialyzed swapped data for i = 246, j = 360 sucessfully passed !
	Initialyzed swapped data for i = 246, j = 361 sucessfully passed !
	Initialyzed swapped data for i = 246, j = 362 sucessfully passed !
	Initialyzed swapped data for i = 246, j = 363 sucessfully passed !
	Initialyzed swapped data for i = 246, j = 364 sucessfully passed !
	Initialyzed swapped data for i = 246, j = 365 sucessfully passed !
	Initialyzed swapped data for i = 246, j = 366 sucessfully passed !
	Initialyzed swapped data for i = 246, j = 367 sucessfully passed !
	Initialyzed swapped data for i = 246, j = 368 sucessfully passed !
	Initialyzed swapped data for i = 246, j = 369 sucessfully passed !
	Initialyzed swapped data for i = 246, j = 370 sucessfully passed !
	Initialyzed swapped data for i = 246, j = 371 sucessfully passed !
	Initialyzed swapped data for i = 246, j = 372 sucessfully passed !
	Initialyzed swapped data for i = 246, j = 373 sucessfully passed !
	Initialyzed swapped data for i = 246, j = 374 sucessfully passed !
	Initialyzed swapped data for i = 246, j = 375 sucessfully passed !
	Initialyzed swapped data for i = 246, j = 376 sucessfully passed !
	Initialyzed swapped data for i = 246, j = 377 sucessfully passed !
	Initialyzed swapped data for i = 246, j = 378 sucessfully passed !
	Initialyzed swapped data for i = 246, j = 379 sucessfully passed !
	Initialyzed swapped data for i = 246, j = 380 sucessfully passed !
	Initialyzed swapped data for i = 246, j = 381 sucessfully passed !
	Initialyzed swapped data for i = 246, j = 382 sucessfully passed !
	Initialyzed swapped data for i = 246, j = 383 sucessfully passed !
	Initialyzed swapped data for i = 246, j = 384 sucessfully passed !
	Initialyzed swapped data for i = 246, j = 385 sucessfully passed !
	Initialyzed swapped data for i = 246, j = 386 sucessfully passed !
	Initialyzed swapped data for i = 246, j = 387 sucessfully passed !
	Initialyzed swapped data for i = 246, j = 388 sucessfully passed !
	Initialyzed swapped data for i = 246, j = 389 sucessfully passed !
	Initialyzed swapped data for i = 246, j = 390 sucessfully passed !
	Initialyzed swapped data for i = 246, j = 391 sucessfully passed !
	Initialyzed swapped data for i = 246, j = 392 sucessfully passed !
	Initialyzed swapped data for i = 246, j = 393 sucessfully passed !
	Initialyzed swapped data for i = 246, j = 394 sucessfully passed !
	Initialyzed swapped data for i = 246, j = 395 sucessfully passed !
	Initialyzed swapped data for i = 246, j = 396 sucessfully passed !
	Initialyzed swapped data for i = 246, j = 397 sucessfully passed !
	Initialyzed swapped data for i = 246, j = 398 sucessfully passed !
	Initialyzed swapped data for i = 246, j = 399 sucessfully passed !
	Initialyzed swapped data for i = 246, j = 400 sucessfully passed !
	Initialyzed swapped data for i = 246, j = 401 sucessfully passed !
	Initialyzed swapped data for i = 246, j = 402 sucessfully passed !
	Initialyzed swapped data for i = 246, j = 403 sucessfully passed !
	Initialyzed swapped data for i = 246, j = 404 sucessfully passed !
	Initialyzed swapped data for i = 246, j = 405 sucessfully passed !
	Initialyzed swapped data for i = 246, j = 406 sucessfully passed !
	Initialyzed swapped data for i = 246, j = 407 sucessfully passed !
	Initialyzed swapped data for i = 246, j = 408 sucessfully passed !
	Initialyzed swapped data for i = 246, j = 409 sucessfully passed !
	Initialyzed swapped data for i = 246, j = 410 sucessfully passed !
	Initialyzed swapped data for i = 246, j = 411 sucessfully passed !
	Initialyzed swapped data for i = 246, j = 412 sucessfully passed !
	Initialyzed swapped data for i = 246, j = 413 sucessfully passed !
	Initialyzed swapped data for i = 246, j = 414 sucessfully passed !
	Initialyzed swapped data for i = 246, j = 415 sucessfully passed !
	Initialyzed swapped data for i = 246, j = 416 sucessfully passed !
	Initialyzed swapped data for i = 246, j = 417 sucessfully passed !
	Initialyzed swapped data for i = 246, j = 418 sucessfully passed !
	Initialyzed swapped data for i = 246, j = 419 sucessfully passed !
	Initialyzed swapped data for i = 246, j = 420 sucessfully passed !
	Initialyzed swapped data for i = 246, j = 421 sucessfully passed !
	Initialyzed swapped data for i = 246, j = 422 sucessfully passed !
	Initialyzed swapped data for i = 246, j = 423 sucessfully passed !
	Initialyzed swapped data for i = 246, j = 424 sucessfully passed !
	Initialyzed swapped data for i = 246, j = 425 sucessfully passed !
	Initialyzed swapped data for i = 246, j = 426 sucessfully passed !
	Initialyzed swapped data for i = 246, j = 427 sucessfully passed !
	Initialyzed swapped data for i = 246, j = 428 sucessfully passed !
	Initialyzed swapped data for i = 246, j = 429 sucessfully passed !
	Initialyzed swapped data for i = 246, j = 430 sucessfully passed !
	Initialyzed swapped data for i = 246, j = 431 sucessfully passed !
	Initialyzed swapped data for i = 246, j = 432 sucessfully passed !
	Initialyzed swapped data for i = 246, j = 433 sucessfully passed !
	Initialyzed swapped data for i = 247, j = 248 sucessfully passed !
	Initialyzed swapped data for i = 247, j = 249 sucessfully passed !
	Initialyzed swapped data for i = 247, j = 250 sucessfully passed !
	Initialyzed swapped data for i = 247, j = 251 sucessfully passed !
	Initialyzed swapped data for i = 247, j = 252 sucessfully passed !
	Initialyzed swapped data for i = 247, j = 253 sucessfully passed !
	Initialyzed swapped data for i = 247, j = 254 sucessfully passed !
	Initialyzed swapped data for i = 247, j = 255 sucessfully passed !
	Initialyzed swapped data for i = 247, j = 256 sucessfully passed !
	Initialyzed swapped data for i = 247, j = 257 sucessfully passed !
	Initialyzed swapped data for i = 247, j = 258 sucessfully passed !
	Initialyzed swapped data for i = 247, j = 259 sucessfully passed !
	Initialyzed swapped data for i = 247, j = 260 sucessfully passed !
	Initialyzed swapped data for i = 247, j = 261 sucessfully passed !
	Initialyzed swapped data for i = 247, j = 262 sucessfully passed !
	Initialyzed swapped data for i = 247, j = 263 sucessfully passed !
	Initialyzed swapped data for i = 247, j = 264 sucessfully passed !
	Initialyzed swapped data for i = 247, j = 265 sucessfully passed !
	Initialyzed swapped data for i = 247, j = 266 sucessfully passed !
	Initialyzed swapped data for i = 247, j = 267 sucessfully passed !
	Initialyzed swapped data for i = 247, j = 268 sucessfully passed !
	Initialyzed swapped data for i = 247, j = 269 sucessfully passed !
	Initialyzed swapped data for i = 247, j = 270 sucessfully passed !
	Initialyzed swapped data for i = 247, j = 271 sucessfully passed !
	Initialyzed swapped data for i = 247, j = 272 sucessfully passed !
	Initialyzed swapped data for i = 247, j = 273 sucessfully passed !
	Initialyzed swapped data for i = 247, j = 274 sucessfully passed !
	Initialyzed swapped data for i = 247, j = 275 sucessfully passed !
	Initialyzed swapped data for i = 247, j = 276 sucessfully passed !
	Initialyzed swapped data for i = 247, j = 277 sucessfully passed !
	Initialyzed swapped data for i = 247, j = 278 sucessfully passed !
	Initialyzed swapped data for i = 247, j = 279 sucessfully passed !
	Initialyzed swapped data for i = 247, j = 280 sucessfully passed !
	Initialyzed swapped data for i = 247, j = 281 sucessfully passed !
	Initialyzed swapped data for i = 247, j = 282 sucessfully passed !
	Initialyzed swapped data for i = 247, j = 283 sucessfully passed !
	Initialyzed swapped data for i = 247, j = 284 sucessfully passed !
	Initialyzed swapped data for i = 247, j = 285 sucessfully passed !
	Initialyzed swapped data for i = 247, j = 286 sucessfully passed !
	Initialyzed swapped data for i = 247, j = 287 sucessfully passed !
	Initialyzed swapped data for i = 247, j = 288 sucessfully passed !
	Initialyzed swapped data for i = 247, j = 289 sucessfully passed !
	Initialyzed swapped data for i = 247, j = 290 sucessfully passed !
	Initialyzed swapped data for i = 247, j = 291 sucessfully passed !
	Initialyzed swapped data for i = 247, j = 292 sucessfully passed !
	Initialyzed swapped data for i = 247, j = 293 sucessfully passed !
	Initialyzed swapped data for i = 247, j = 294 sucessfully passed !
	Initialyzed swapped data for i = 247, j = 295 sucessfully passed !
	Initialyzed swapped data for i = 247, j = 296 sucessfully passed !
	Initialyzed swapped data for i = 247, j = 297 sucessfully passed !
	Initialyzed swapped data for i = 247, j = 298 sucessfully passed !
	Initialyzed swapped data for i = 247, j = 299 sucessfully passed !
	Initialyzed swapped data for i = 247, j = 300 sucessfully passed !
	Initialyzed swapped data for i = 247, j = 301 sucessfully passed !
	Initialyzed swapped data for i = 247, j = 302 sucessfully passed !
	Initialyzed swapped data for i = 247, j = 303 sucessfully passed !
	Initialyzed swapped data for i = 247, j = 304 sucessfully passed !
	Initialyzed swapped data for i = 247, j = 305 sucessfully passed !
	Initialyzed swapped data for i = 247, j = 306 sucessfully passed !
	Initialyzed swapped data for i = 247, j = 307 sucessfully passed !
	Initialyzed swapped data for i = 247, j = 308 sucessfully passed !
	Initialyzed swapped data for i = 247, j = 309 sucessfully passed !
	Initialyzed swapped data for i = 247, j = 310 sucessfully passed !
	Initialyzed swapped data for i = 247, j = 311 sucessfully passed !
	Initialyzed swapped data for i = 247, j = 312 sucessfully passed !
	Initialyzed swapped data for i = 247, j = 313 sucessfully passed !
	Initialyzed swapped data for i = 247, j = 314 sucessfully passed !
	Initialyzed swapped data for i = 247, j = 315 sucessfully passed !
	Initialyzed swapped data for i = 247, j = 316 sucessfully passed !
	Initialyzed swapped data for i = 247, j = 317 sucessfully passed !
	Initialyzed swapped data for i = 247, j = 318 sucessfully passed !
	Initialyzed swapped data for i = 247, j = 319 sucessfully passed !
	Initialyzed swapped data for i = 247, j = 320 sucessfully passed !
	Initialyzed swapped data for i = 247, j = 321 sucessfully passed !
	Initialyzed swapped data for i = 247, j = 322 sucessfully passed !
	Initialyzed swapped data for i = 247, j = 323 sucessfully passed !
	Initialyzed swapped data for i = 247, j = 324 sucessfully passed !
	Initialyzed swapped data for i = 247, j = 325 sucessfully passed !
	Initialyzed swapped data for i = 247, j = 326 sucessfully passed !
	Initialyzed swapped data for i = 247, j = 327 sucessfully passed !
	Initialyzed swapped data for i = 247, j = 328 sucessfully passed !
	Initialyzed swapped data for i = 247, j = 329 sucessfully passed !
	Initialyzed swapped data for i = 247, j = 330 sucessfully passed !
	Initialyzed swapped data for i = 247, j = 331 sucessfully passed !
	Initialyzed swapped data for i = 247, j = 332 sucessfully passed !
	Initialyzed swapped data for i = 247, j = 333 sucessfully passed !
	Initialyzed swapped data for i = 247, j = 334 sucessfully passed !
	Initialyzed swapped data for i = 247, j = 335 sucessfully passed !
	Initialyzed swapped data for i = 247, j = 336 sucessfully passed !
	Initialyzed swapped data for i = 247, j = 337 sucessfully passed !
	Initialyzed swapped data for i = 247, j = 338 sucessfully passed !
	Initialyzed swapped data for i = 247, j = 339 sucessfully passed !
	Initialyzed swapped data for i = 247, j = 340 sucessfully passed !
	Initialyzed swapped data for i = 247, j = 341 sucessfully passed !
	Initialyzed swapped data for i = 247, j = 342 sucessfully passed !
	Initialyzed swapped data for i = 247, j = 343 sucessfully passed !
	Initialyzed swapped data for i = 247, j = 344 sucessfully passed !
	Initialyzed swapped data for i = 247, j = 345 sucessfully passed !
	Initialyzed swapped data for i = 247, j = 346 sucessfully passed !
	Initialyzed swapped data for i = 247, j = 347 sucessfully passed !
	Initialyzed swapped data for i = 247, j = 348 sucessfully passed !
	Initialyzed swapped data for i = 247, j = 349 sucessfully passed !
	Initialyzed swapped data for i = 247, j = 350 sucessfully passed !
	Initialyzed swapped data for i = 247, j = 351 sucessfully passed !
	Initialyzed swapped data for i = 247, j = 352 sucessfully passed !
	Initialyzed swapped data for i = 247, j = 353 sucessfully passed !
	Initialyzed swapped data for i = 247, j = 354 sucessfully passed !
	Initialyzed swapped data for i = 247, j = 355 sucessfully passed !
	Initialyzed swapped data for i = 247, j = 356 sucessfully passed !
	Initialyzed swapped data for i = 247, j = 357 sucessfully passed !
	Initialyzed swapped data for i = 247, j = 358 sucessfully passed !
	Initialyzed swapped data for i = 247, j = 359 sucessfully passed !
	Initialyzed swapped data for i = 247, j = 360 sucessfully passed !
	Initialyzed swapped data for i = 247, j = 361 sucessfully passed !
	Initialyzed swapped data for i = 247, j = 362 sucessfully passed !
	Initialyzed swapped data for i = 247, j = 363 sucessfully passed !
	Initialyzed swapped data for i = 247, j = 364 sucessfully passed !
	Initialyzed swapped data for i = 247, j = 365 sucessfully passed !
	Initialyzed swapped data for i = 247, j = 366 sucessfully passed !
	Initialyzed swapped data for i = 247, j = 367 sucessfully passed !
	Initialyzed swapped data for i = 247, j = 368 sucessfully passed !
	Initialyzed swapped data for i = 247, j = 369 sucessfully passed !
	Initialyzed swapped data for i = 247, j = 370 sucessfully passed !
	Initialyzed swapped data for i = 247, j = 371 sucessfully passed !
	Initialyzed swapped data for i = 247, j = 372 sucessfully passed !
	Initialyzed swapped data for i = 247, j = 373 sucessfully passed !
	Initialyzed swapped data for i = 247, j = 374 sucessfully passed !
	Initialyzed swapped data for i = 247, j = 375 sucessfully passed !
	Initialyzed swapped data for i = 247, j = 376 sucessfully passed !
	Initialyzed swapped data for i = 247, j = 377 sucessfully passed !
	Initialyzed swapped data for i = 247, j = 378 sucessfully passed !
	Initialyzed swapped data for i = 247, j = 379 sucessfully passed !
	Initialyzed swapped data for i = 247, j = 380 sucessfully passed !
	Initialyzed swapped data for i = 247, j = 381 sucessfully passed !
	Initialyzed swapped data for i = 247, j = 382 sucessfully passed !
	Initialyzed swapped data for i = 247, j = 383 sucessfully passed !
	Initialyzed swapped data for i = 247, j = 384 sucessfully passed !
	Initialyzed swapped data for i = 247, j = 385 sucessfully passed !
	Initialyzed swapped data for i = 247, j = 386 sucessfully passed !
	Initialyzed swapped data for i = 247, j = 387 sucessfully passed !
	Initialyzed swapped data for i = 247, j = 388 sucessfully passed !
	Initialyzed swapped data for i = 247, j = 389 sucessfully passed !
	Initialyzed swapped data for i = 247, j = 390 sucessfully passed !
	Initialyzed swapped data for i = 247, j = 391 sucessfully passed !
	Initialyzed swapped data for i = 247, j = 392 sucessfully passed !
	Initialyzed swapped data for i = 247, j = 393 sucessfully passed !
	Initialyzed swapped data for i = 247, j = 394 sucessfully passed !
	Initialyzed swapped data for i = 247, j = 395 sucessfully passed !
	Initialyzed swapped data for i = 247, j = 396 sucessfully passed !
	Initialyzed swapped data for i = 247, j = 397 sucessfully passed !
	Initialyzed swapped data for i = 247, j = 398 sucessfully passed !
	Initialyzed swapped data for i = 247, j = 399 sucessfully passed !
	Initialyzed swapped data for i = 247, j = 400 sucessfully passed !
	Initialyzed swapped data for i = 247, j = 401 sucessfully passed !
	Initialyzed swapped data for i = 247, j = 402 sucessfully passed !
	Initialyzed swapped data for i = 247, j = 403 sucessfully passed !
	Initialyzed swapped data for i = 247, j = 404 sucessfully passed !
	Initialyzed swapped data for i = 247, j = 405 sucessfully passed !
	Initialyzed swapped data for i = 247, j = 406 sucessfully passed !
	Initialyzed swapped data for i = 247, j = 407 sucessfully passed !
	Initialyzed swapped data for i = 247, j = 408 sucessfully passed !
	Initialyzed swapped data for i = 247, j = 409 sucessfully passed !
	Initialyzed swapped data for i = 247, j = 410 sucessfully passed !
	Initialyzed swapped data for i = 247, j = 411 sucessfully passed !
	Initialyzed swapped data for i = 247, j = 412 sucessfully passed !
	Initialyzed swapped data for i = 247, j = 413 sucessfully passed !
	Initialyzed swapped data for i = 247, j = 414 sucessfully passed !
	Initialyzed swapped data for i = 247, j = 415 sucessfully passed !
	Initialyzed swapped data for i = 247, j = 416 sucessfully passed !
	Initialyzed swapped data for i = 247, j = 417 sucessfully passed !
	Initialyzed swapped data for i = 247, j = 418 sucessfully passed !
	Initialyzed swapped data for i = 247, j = 419 sucessfully passed !
	Initialyzed swapped data for i = 247, j = 420 sucessfully passed !
	Initialyzed swapped data for i = 247, j = 421 sucessfully passed !
	Initialyzed swapped data for i = 247, j = 422 sucessfully passed !
	Initialyzed swapped data for i = 247, j = 423 sucessfully passed !
	Initialyzed swapped data for i = 247, j = 424 sucessfully passed !
	Initialyzed swapped data for i = 247, j = 425 sucessfully passed !
	Initialyzed swapped data for i = 247, j = 426 sucessfully passed !
	Initialyzed swapped data for i = 247, j = 427 sucessfully passed !
	Initialyzed swapped data for i = 247, j = 428 sucessfully passed !
	Initialyzed swapped data for i = 247, j = 429 sucessfully passed !
	Initialyzed swapped data for i = 247, j = 430 sucessfully passed !
	Initialyzed swapped data for i = 247, j = 431 sucessfully passed !
	Initialyzed swapped data for i = 247, j = 432 sucessfully passed !
	Initialyzed swapped data for i = 247, j = 433 sucessfully passed !
	Initialyzed swapped data for i = 248, j = 249 sucessfully passed !
	Initialyzed swapped data for i = 248, j = 250 sucessfully passed !
	Initialyzed swapped data for i = 248, j = 251 sucessfully passed !
	Initialyzed swapped data for i = 248, j = 252 sucessfully passed !
	Initialyzed swapped data for i = 248, j = 253 sucessfully passed !
	Initialyzed swapped data for i = 248, j = 254 sucessfully passed !
	Initialyzed swapped data for i = 248, j = 255 sucessfully passed !
	Initialyzed swapped data for i = 248, j = 256 sucessfully passed !
	Initialyzed swapped data for i = 248, j = 257 sucessfully passed !
	Initialyzed swapped data for i = 248, j = 258 sucessfully passed !
	Initialyzed swapped data for i = 248, j = 259 sucessfully passed !
	Initialyzed swapped data for i = 248, j = 260 sucessfully passed !
	Initialyzed swapped data for i = 248, j = 261 sucessfully passed !
	Initialyzed swapped data for i = 248, j = 262 sucessfully passed !
	Initialyzed swapped data for i = 248, j = 263 sucessfully passed !
	Initialyzed swapped data for i = 248, j = 264 sucessfully passed !
	Initialyzed swapped data for i = 248, j = 265 sucessfully passed !
	Initialyzed swapped data for i = 248, j = 266 sucessfully passed !
	Initialyzed swapped data for i = 248, j = 267 sucessfully passed !
	Initialyzed swapped data for i = 248, j = 268 sucessfully passed !
	Initialyzed swapped data for i = 248, j = 269 sucessfully passed !
	Initialyzed swapped data for i = 248, j = 270 sucessfully passed !
	Initialyzed swapped data for i = 248, j = 271 sucessfully passed !
	Initialyzed swapped data for i = 248, j = 272 sucessfully passed !
	Initialyzed swapped data for i = 248, j = 273 sucessfully passed !
	Initialyzed swapped data for i = 248, j = 274 sucessfully passed !
	Initialyzed swapped data for i = 248, j = 275 sucessfully passed !
	Initialyzed swapped data for i = 248, j = 276 sucessfully passed !
	Initialyzed swapped data for i = 248, j = 277 sucessfully passed !
	Initialyzed swapped data for i = 248, j = 278 sucessfully passed !
	Initialyzed swapped data for i = 248, j = 279 sucessfully passed !
	Initialyzed swapped data for i = 248, j = 280 sucessfully passed !
	Initialyzed swapped data for i = 248, j = 281 sucessfully passed !
	Initialyzed swapped data for i = 248, j = 282 sucessfully passed !
	Initialyzed swapped data for i = 248, j = 283 sucessfully passed !
	Initialyzed swapped data for i = 248, j = 284 sucessfully passed !
	Initialyzed swapped data for i = 248, j = 285 sucessfully passed !
	Initialyzed swapped data for i = 248, j = 286 sucessfully passed !
	Initialyzed swapped data for i = 248, j = 287 sucessfully passed !
	Initialyzed swapped data for i = 248, j = 288 sucessfully passed !
	Initialyzed swapped data for i = 248, j = 289 sucessfully passed !
	Initialyzed swapped data for i = 248, j = 290 sucessfully passed !
	Initialyzed swapped data for i = 248, j = 291 sucessfully passed !
	Initialyzed swapped data for i = 248, j = 292 sucessfully passed !
	Initialyzed swapped data for i = 248, j = 293 sucessfully passed !
	Initialyzed swapped data for i = 248, j = 294 sucessfully passed !
	Initialyzed swapped data for i = 248, j = 295 sucessfully passed !
	Initialyzed swapped data for i = 248, j = 296 sucessfully passed !
	Initialyzed swapped data for i = 248, j = 297 sucessfully passed !
	Initialyzed swapped data for i = 248, j = 298 sucessfully passed !
	Initialyzed swapped data for i = 248, j = 299 sucessfully passed !
	Initialyzed swapped data for i = 248, j = 300 sucessfully passed !
	Initialyzed swapped data for i = 248, j = 301 sucessfully passed !
	Initialyzed swapped data for i = 248, j = 302 sucessfully passed !
	Initialyzed swapped data for i = 248, j = 303 sucessfully passed !
	Initialyzed swapped data for i = 248, j = 304 sucessfully passed !
	Initialyzed swapped data for i = 248, j = 305 sucessfully passed !
	Initialyzed swapped data for i = 248, j = 306 sucessfully passed !
	Initialyzed swapped data for i = 248, j = 307 sucessfully passed !
	Initialyzed swapped data for i = 248, j = 308 sucessfully passed !
	Initialyzed swapped data for i = 248, j = 309 sucessfully passed !
	Initialyzed swapped data for i = 248, j = 310 sucessfully passed !
	Initialyzed swapped data for i = 248, j = 311 sucessfully passed !
	Initialyzed swapped data for i = 248, j = 312 sucessfully passed !
	Initialyzed swapped data for i = 248, j = 313 sucessfully passed !
	Initialyzed swapped data for i = 248, j = 314 sucessfully passed !
	Initialyzed swapped data for i = 248, j = 315 sucessfully passed !
	Initialyzed swapped data for i = 248, j = 316 sucessfully passed !
	Initialyzed swapped data for i = 248, j = 317 sucessfully passed !
	Initialyzed swapped data for i = 248, j = 318 sucessfully passed !
	Initialyzed swapped data for i = 248, j = 319 sucessfully passed !
	Initialyzed swapped data for i = 248, j = 320 sucessfully passed !
	Initialyzed swapped data for i = 248, j = 321 sucessfully passed !
	Initialyzed swapped data for i = 248, j = 322 sucessfully passed !
	Initialyzed swapped data for i = 248, j = 323 sucessfully passed !
	Initialyzed swapped data for i = 248, j = 324 sucessfully passed !
	Initialyzed swapped data for i = 248, j = 325 sucessfully passed !
	Initialyzed swapped data for i = 248, j = 326 sucessfully passed !
	Initialyzed swapped data for i = 248, j = 327 sucessfully passed !
	Initialyzed swapped data for i = 248, j = 328 sucessfully passed !
	Initialyzed swapped data for i = 248, j = 329 sucessfully passed !
	Initialyzed swapped data for i = 248, j = 330 sucessfully passed !
	Initialyzed swapped data for i = 248, j = 331 sucessfully passed !
	Initialyzed swapped data for i = 248, j = 332 sucessfully passed !
	Initialyzed swapped data for i = 248, j = 333 sucessfully passed !
	Initialyzed swapped data for i = 248, j = 334 sucessfully passed !
	Initialyzed swapped data for i = 248, j = 335 sucessfully passed !
	Initialyzed swapped data for i = 248, j = 336 sucessfully passed !
	Initialyzed swapped data for i = 248, j = 337 sucessfully passed !
	Initialyzed swapped data for i = 248, j = 338 sucessfully passed !
	Initialyzed swapped data for i = 248, j = 339 sucessfully passed !
	Initialyzed swapped data for i = 248, j = 340 sucessfully passed !
	Initialyzed swapped data for i = 248, j = 341 sucessfully passed !
	Initialyzed swapped data for i = 248, j = 342 sucessfully passed !
	Initialyzed swapped data for i = 248, j = 343 sucessfully passed !
	Initialyzed swapped data for i = 248, j = 344 sucessfully passed !
	Initialyzed swapped data for i = 248, j = 345 sucessfully passed !
	Initialyzed swapped data for i = 248, j = 346 sucessfully passed !
	Initialyzed swapped data for i = 248, j = 347 sucessfully passed !
	Initialyzed swapped data for i = 248, j = 348 sucessfully passed !
	Initialyzed swapped data for i = 248, j = 349 sucessfully passed !
	Initialyzed swapped data for i = 248, j = 350 sucessfully passed !
	Initialyzed swapped data for i = 248, j = 351 sucessfully passed !
	Initialyzed swapped data for i = 248, j = 352 sucessfully passed !
	Initialyzed swapped data for i = 248, j = 353 sucessfully passed !
	Initialyzed swapped data for i = 248, j = 354 sucessfully passed !
	Initialyzed swapped data for i = 248, j = 355 sucessfully passed !
	Initialyzed swapped data for i = 248, j = 356 sucessfully passed !
	Initialyzed swapped data for i = 248, j = 357 sucessfully passed !
	Initialyzed swapped data for i = 248, j = 358 sucessfully passed !
	Initialyzed swapped data for i = 248, j = 359 sucessfully passed !
	Initialyzed swapped data for i = 248, j = 360 sucessfully passed !
	Initialyzed swapped data for i = 248, j = 361 sucessfully passed !
	Initialyzed swapped data for i = 248, j = 362 sucessfully passed !
	Initialyzed swapped data for i = 248, j = 363 sucessfully passed !
	Initialyzed swapped data for i = 248, j = 364 sucessfully passed !
	Initialyzed swapped data for i = 248, j = 365 sucessfully passed !
	Initialyzed swapped data for i = 248, j = 366 sucessfully passed !
	Initialyzed swapped data for i = 248, j = 367 sucessfully passed !
	Initialyzed swapped data for i = 248, j = 368 sucessfully passed !
	Initialyzed swapped data for i = 248, j = 369 sucessfully passed !
	Initialyzed swapped data for i = 248, j = 370 sucessfully passed !
	Initialyzed swapped data for i = 248, j = 371 sucessfully passed !
	Initialyzed swapped data for i = 248, j = 372 sucessfully passed !
	Initialyzed swapped data for i = 248, j = 373 sucessfully passed !
	Initialyzed swapped data for i = 248, j = 374 sucessfully passed !
	Initialyzed swapped data for i = 248, j = 375 sucessfully passed !
	Initialyzed swapped data for i = 248, j = 376 sucessfully passed !
	Initialyzed swapped data for i = 248, j = 377 sucessfully passed !
	Initialyzed swapped data for i = 248, j = 378 sucessfully passed !
	Initialyzed swapped data for i = 248, j = 379 sucessfully passed !
	Initialyzed swapped data for i = 248, j = 380 sucessfully passed !
	Initialyzed swapped data for i = 248, j = 381 sucessfully passed !
	Initialyzed swapped data for i = 248, j = 382 sucessfully passed !
	Initialyzed swapped data for i = 248, j = 383 sucessfully passed !
	Initialyzed swapped data for i = 248, j = 384 sucessfully passed !
	Initialyzed swapped data for i = 248, j = 385 sucessfully passed !
	Initialyzed swapped data for i = 248, j = 386 sucessfully passed !
	Initialyzed swapped data for i = 248, j = 387 sucessfully passed !
	Initialyzed swapped data for i = 248, j = 388 sucessfully passed !
	Initialyzed swapped data for i = 248, j = 389 sucessfully passed !
	Initialyzed swapped data for i = 248, j = 390 sucessfully passed !
	Initialyzed swapped data for i = 248, j = 391 sucessfully passed !
	Initialyzed swapped data for i = 248, j = 392 sucessfully passed !
	Initialyzed swapped data for i = 248, j = 393 sucessfully passed !
	Initialyzed swapped data for i = 248, j = 394 sucessfully passed !
	Initialyzed swapped data for i = 248, j = 395 sucessfully passed !
	Initialyzed swapped data for i = 248, j = 396 sucessfully passed !
	Initialyzed swapped data for i = 248, j = 397 sucessfully passed !
	Initialyzed swapped data for i = 248, j = 398 sucessfully passed !
	Initialyzed swapped data for i = 248, j = 399 sucessfully passed !
	Initialyzed swapped data for i = 248, j = 400 sucessfully passed !
	Initialyzed swapped data for i = 248, j = 401 sucessfully passed !
	Initialyzed swapped data for i = 248, j = 402 sucessfully passed !
	Initialyzed swapped data for i = 248, j = 403 sucessfully passed !
	Initialyzed swapped data for i = 248, j = 404 sucessfully passed !
	Initialyzed swapped data for i = 248, j = 405 sucessfully passed !
	Initialyzed swapped data for i = 248, j = 406 sucessfully passed !
	Initialyzed swapped data for i = 248, j = 407 sucessfully passed !
	Initialyzed swapped data for i = 248, j = 408 sucessfully passed !
	Initialyzed swapped data for i = 248, j = 409 sucessfully passed !
	Initialyzed swapped data for i = 248, j = 410 sucessfully passed !
	Initialyzed swapped data for i = 248, j = 411 sucessfully passed !
	Initialyzed swapped data for i = 248, j = 412 sucessfully passed !
	Initialyzed swapped data for i = 248, j = 413 sucessfully passed !
	Initialyzed swapped data for i = 248, j = 414 sucessfully passed !
	Initialyzed swapped data for i = 248, j = 415 sucessfully passed !
	Initialyzed swapped data for i = 248, j = 416 sucessfully passed !
	Initialyzed swapped data for i = 248, j = 417 sucessfully passed !
	Initialyzed swapped data for i = 248, j = 418 sucessfully passed !
	Initialyzed swapped data for i = 248, j = 419 sucessfully passed !
	Initialyzed swapped data for i = 248, j = 420 sucessfully passed !
	Initialyzed swapped data for i = 248, j = 421 sucessfully passed !
	Initialyzed swapped data for i = 248, j = 422 sucessfully passed !
	Initialyzed swapped data for i = 248, j = 423 sucessfully passed !
	Initialyzed swapped data for i = 248, j = 424 sucessfully passed !
	Initialyzed swapped data for i = 248, j = 425 sucessfully passed !
	Initialyzed swapped data for i = 248, j = 426 sucessfully passed !
	Initialyzed swapped data for i = 248, j = 427 sucessfully passed !
	Initialyzed swapped data for i = 248, j = 428 sucessfully passed !
	Initialyzed swapped data for i = 248, j = 429 sucessfully passed !
	Initialyzed swapped data for i = 248, j = 430 sucessfully passed !
	Initialyzed swapped data for i = 248, j = 431 sucessfully passed !
	Initialyzed swapped data for i = 248, j = 432 sucessfully passed !
	Initialyzed swapped data for i = 248, j = 433 sucessfully passed !
	Initialyzed swapped data for i = 249, j = 250 sucessfully passed !
	Initialyzed swapped data for i = 249, j = 251 sucessfully passed !
	Initialyzed swapped data for i = 249, j = 252 sucessfully passed !
	Initialyzed swapped data for i = 249, j = 253 sucessfully passed !
	Initialyzed swapped data for i = 249, j = 254 sucessfully passed !
	Initialyzed swapped data for i = 249, j = 255 sucessfully passed !
	Initialyzed swapped data for i = 249, j = 256 sucessfully passed !
	Initialyzed swapped data for i = 249, j = 257 sucessfully passed !
	Initialyzed swapped data for i = 249, j = 258 sucessfully passed !
	Initialyzed swapped data for i = 249, j = 259 sucessfully passed !
	Initialyzed swapped data for i = 249, j = 260 sucessfully passed !
	Initialyzed swapped data for i = 249, j = 261 sucessfully passed !
	Initialyzed swapped data for i = 249, j = 262 sucessfully passed !
	Initialyzed swapped data for i = 249, j = 263 sucessfully passed !
	Initialyzed swapped data for i = 249, j = 264 sucessfully passed !
	Initialyzed swapped data for i = 249, j = 265 sucessfully passed !
	Initialyzed swapped data for i = 249, j = 266 sucessfully passed !
	Initialyzed swapped data for i = 249, j = 267 sucessfully passed !
	Initialyzed swapped data for i = 249, j = 268 sucessfully passed !
	Initialyzed swapped data for i = 249, j = 269 sucessfully passed !
	Initialyzed swapped data for i = 249, j = 270 sucessfully passed !
	Initialyzed swapped data for i = 249, j = 271 sucessfully passed !
	Initialyzed swapped data for i = 249, j = 272 sucessfully passed !
	Initialyzed swapped data for i = 249, j = 273 sucessfully passed !
	Initialyzed swapped data for i = 249, j = 274 sucessfully passed !
	Initialyzed swapped data for i = 249, j = 275 sucessfully passed !
	Initialyzed swapped data for i = 249, j = 276 sucessfully passed !
	Initialyzed swapped data for i = 249, j = 277 sucessfully passed !
	Initialyzed swapped data for i = 249, j = 278 sucessfully passed !
	Initialyzed swapped data for i = 249, j = 279 sucessfully passed !
	Initialyzed swapped data for i = 249, j = 280 sucessfully passed !
	Initialyzed swapped data for i = 249, j = 281 sucessfully passed !
	Initialyzed swapped data for i = 249, j = 282 sucessfully passed !
	Initialyzed swapped data for i = 249, j = 283 sucessfully passed !
	Initialyzed swapped data for i = 249, j = 284 sucessfully passed !
	Initialyzed swapped data for i = 249, j = 285 sucessfully passed !
	Initialyzed swapped data for i = 249, j = 286 sucessfully passed !
	Initialyzed swapped data for i = 249, j = 287 sucessfully passed !
	Initialyzed swapped data for i = 249, j = 288 sucessfully passed !
	Initialyzed swapped data for i = 249, j = 289 sucessfully passed !
	Initialyzed swapped data for i = 249, j = 290 sucessfully passed !
	Initialyzed swapped data for i = 249, j = 291 sucessfully passed !
	Initialyzed swapped data for i = 249, j = 292 sucessfully passed !
	Initialyzed swapped data for i = 249, j = 293 sucessfully passed !
	Initialyzed swapped data for i = 249, j = 294 sucessfully passed !
	Initialyzed swapped data for i = 249, j = 295 sucessfully passed !
	Initialyzed swapped data for i = 249, j = 296 sucessfully passed !
	Initialyzed swapped data for i = 249, j = 297 sucessfully passed !
	Initialyzed swapped data for i = 249, j = 298 sucessfully passed !
	Initialyzed swapped data for i = 249, j = 299 sucessfully passed !
	Initialyzed swapped data for i = 249, j = 300 sucessfully passed !
	Initialyzed swapped data for i = 249, j = 301 sucessfully passed !
	Initialyzed swapped data for i = 249, j = 302 sucessfully passed !
	Initialyzed swapped data for i = 249, j = 303 sucessfully passed !
	Initialyzed swapped data for i = 249, j = 304 sucessfully passed !
	Initialyzed swapped data for i = 249, j = 305 sucessfully passed !
	Initialyzed swapped data for i = 249, j = 306 sucessfully passed !
	Initialyzed swapped data for i = 249, j = 307 sucessfully passed !
	Initialyzed swapped data for i = 249, j = 308 sucessfully passed !
	Initialyzed swapped data for i = 249, j = 309 sucessfully passed !
	Initialyzed swapped data for i = 249, j = 310 sucessfully passed !
	Initialyzed swapped data for i = 249, j = 311 sucessfully passed !
	Initialyzed swapped data for i = 249, j = 312 sucessfully passed !
	Initialyzed swapped data for i = 249, j = 313 sucessfully passed !
	Initialyzed swapped data for i = 249, j = 314 sucessfully passed !
	Initialyzed swapped data for i = 249, j = 315 sucessfully passed !
	Initialyzed swapped data for i = 249, j = 316 sucessfully passed !
	Initialyzed swapped data for i = 249, j = 317 sucessfully passed !
	Initialyzed swapped data for i = 249, j = 318 sucessfully passed !
	Initialyzed swapped data for i = 249, j = 319 sucessfully passed !
	Initialyzed swapped data for i = 249, j = 320 sucessfully passed !
	Initialyzed swapped data for i = 249, j = 321 sucessfully passed !
	Initialyzed swapped data for i = 249, j = 322 sucessfully passed !
	Initialyzed swapped data for i = 249, j = 323 sucessfully passed !
	Initialyzed swapped data for i = 249, j = 324 sucessfully passed !
	Initialyzed swapped data for i = 249, j = 325 sucessfully passed !
	Initialyzed swapped data for i = 249, j = 326 sucessfully passed !
	Initialyzed swapped data for i = 249, j = 327 sucessfully passed !
	Initialyzed swapped data for i = 249, j = 328 sucessfully passed !
	Initialyzed swapped data for i = 249, j = 329 sucessfully passed !
	Initialyzed swapped data for i = 249, j = 330 sucessfully passed !
	Initialyzed swapped data for i = 249, j = 331 sucessfully passed !
	Initialyzed swapped data for i = 249, j = 332 sucessfully passed !
	Initialyzed swapped data for i = 249, j = 333 sucessfully passed !
	Initialyzed swapped data for i = 249, j = 334 sucessfully passed !
	Initialyzed swapped data for i = 249, j = 335 sucessfully passed !
	Initialyzed swapped data for i = 249, j = 336 sucessfully passed !
	Initialyzed swapped data for i = 249, j = 337 sucessfully passed !
	Initialyzed swapped data for i = 249, j = 338 sucessfully passed !
	Initialyzed swapped data for i = 249, j = 339 sucessfully passed !
	Initialyzed swapped data for i = 249, j = 340 sucessfully passed !
	Initialyzed swapped data for i = 249, j = 341 sucessfully passed !
	Initialyzed swapped data for i = 249, j = 342 sucessfully passed !
	Initialyzed swapped data for i = 249, j = 343 sucessfully passed !
	Initialyzed swapped data for i = 249, j = 344 sucessfully passed !
	Initialyzed swapped data for i = 249, j = 345 sucessfully passed !
	Initialyzed swapped data for i = 249, j = 346 sucessfully passed !
	Initialyzed swapped data for i = 249, j = 347 sucessfully passed !
	Initialyzed swapped data for i = 249, j = 348 sucessfully passed !
	Initialyzed swapped data for i = 249, j = 349 sucessfully passed !
	Initialyzed swapped data for i = 249, j = 350 sucessfully passed !
	Initialyzed swapped data for i = 249, j = 351 sucessfully passed !
	Initialyzed swapped data for i = 249, j = 352 sucessfully passed !
	Initialyzed swapped data for i = 249, j = 353 sucessfully passed !
	Initialyzed swapped data for i = 249, j = 354 sucessfully passed !
	Initialyzed swapped data for i = 249, j = 355 sucessfully passed !
	Initialyzed swapped data for i = 249, j = 356 sucessfully passed !
	Initialyzed swapped data for i = 249, j = 357 sucessfully passed !
	Initialyzed swapped data for i = 249, j = 358 sucessfully passed !
	Initialyzed swapped data for i = 249, j = 359 sucessfully passed !
	Initialyzed swapped data for i = 249, j = 360 sucessfully passed !
	Initialyzed swapped data for i = 249, j = 361 sucessfully passed !
	Initialyzed swapped data for i = 249, j = 362 sucessfully passed !
	Initialyzed swapped data for i = 249, j = 363 sucessfully passed !
	Initialyzed swapped data for i = 249, j = 364 sucessfully passed !
	Initialyzed swapped data for i = 249, j = 365 sucessfully passed !
	Initialyzed swapped data for i = 249, j = 366 sucessfully passed !
	Initialyzed swapped data for i = 249, j = 367 sucessfully passed !
	Initialyzed swapped data for i = 249, j = 368 sucessfully passed !
	Initialyzed swapped data for i = 249, j = 369 sucessfully passed !
	Initialyzed swapped data for i = 249, j = 370 sucessfully passed !
	Initialyzed swapped data for i = 249, j = 371 sucessfully passed !
	Initialyzed swapped data for i = 249, j = 372 sucessfully passed !
	Initialyzed swapped data for i = 249, j = 373 sucessfully passed !
	Initialyzed swapped data for i = 249, j = 374 sucessfully passed !
	Initialyzed swapped data for i = 249, j = 375 sucessfully passed !
	Initialyzed swapped data for i = 249, j = 376 sucessfully passed !
	Initialyzed swapped data for i = 249, j = 377 sucessfully passed !
	Initialyzed swapped data for i = 249, j = 378 sucessfully passed !
	Initialyzed swapped data for i = 249, j = 379 sucessfully passed !
	Initialyzed swapped data for i = 249, j = 380 sucessfully passed !
	Initialyzed swapped data for i = 249, j = 381 sucessfully passed !
	Initialyzed swapped data for i = 249, j = 382 sucessfully passed !
	Initialyzed swapped data for i = 249, j = 383 sucessfully passed !
	Initialyzed swapped data for i = 249, j = 384 sucessfully passed !
	Initialyzed swapped data for i = 249, j = 385 sucessfully passed !
	Initialyzed swapped data for i = 249, j = 386 sucessfully passed !
	Initialyzed swapped data for i = 249, j = 387 sucessfully passed !
	Initialyzed swapped data for i = 249, j = 388 sucessfully passed !
	Initialyzed swapped data for i = 249, j = 389 sucessfully passed !
	Initialyzed swapped data for i = 249, j = 390 sucessfully passed !
	Initialyzed swapped data for i = 249, j = 391 sucessfully passed !
	Initialyzed swapped data for i = 249, j = 392 sucessfully passed !
	Initialyzed swapped data for i = 249, j = 393 sucessfully passed !
	Initialyzed swapped data for i = 249, j = 394 sucessfully passed !
	Initialyzed swapped data for i = 249, j = 395 sucessfully passed !
	Initialyzed swapped data for i = 249, j = 396 sucessfully passed !
	Initialyzed swapped data for i = 249, j = 397 sucessfully passed !
	Initialyzed swapped data for i = 249, j = 398 sucessfully passed !
	Initialyzed swapped data for i = 249, j = 399 sucessfully passed !
	Initialyzed swapped data for i = 249, j = 400 sucessfully passed !
	Initialyzed swapped data for i = 249, j = 401 sucessfully passed !
	Initialyzed swapped data for i = 249, j = 402 sucessfully passed !
	Initialyzed swapped data for i = 249, j = 403 sucessfully passed !
	Initialyzed swapped data for i = 249, j = 404 sucessfully passed !
	Initialyzed swapped data for i = 249, j = 405 sucessfully passed !
	Initialyzed swapped data for i = 249, j = 406 sucessfully passed !
	Initialyzed swapped data for i = 249, j = 407 sucessfully passed !
	Initialyzed swapped data for i = 249, j = 408 sucessfully passed !
	Initialyzed swapped data for i = 249, j = 409 sucessfully passed !
	Initialyzed swapped data for i = 249, j = 410 sucessfully passed !
	Initialyzed swapped data for i = 249, j = 411 sucessfully passed !
	Initialyzed swapped data for i = 249, j = 412 sucessfully passed !
	Initialyzed swapped data for i = 249, j = 413 sucessfully passed !
	Initialyzed swapped data for i = 249, j = 414 sucessfully passed !
	Initialyzed swapped data for i = 249, j = 415 sucessfully passed !
	Initialyzed swapped data for i = 249, j = 416 sucessfully passed !
	Initialyzed swapped data for i = 249, j = 417 sucessfully passed !
	Initialyzed swapped data for i = 249, j = 418 sucessfully passed !
	Initialyzed swapped data for i = 249, j = 419 sucessfully passed !
	Initialyzed swapped data for i = 249, j = 420 sucessfully passed !
	Initialyzed swapped data for i = 249, j = 421 sucessfully passed !
	Initialyzed swapped data for i = 249, j = 422 sucessfully passed !
	Initialyzed swapped data for i = 249, j = 423 sucessfully passed !
	Initialyzed swapped data for i = 249, j = 424 sucessfully passed !
	Initialyzed swapped data for i = 249, j = 425 sucessfully passed !
	Initialyzed swapped data for i = 249, j = 426 sucessfully passed !
	Initialyzed swapped data for i = 249, j = 427 sucessfully passed !
	Initialyzed swapped data for i = 249, j = 428 sucessfully passed !
	Initialyzed swapped data for i = 249, j = 429 sucessfully passed !
	Initialyzed swapped data for i = 249, j = 430 sucessfully passed !
	Initialyzed swapped data for i = 249, j = 431 sucessfully passed !
	Initialyzed swapped data for i = 249, j = 432 sucessfully passed !
	Initialyzed swapped data for i = 249, j = 433 sucessfully passed !
	Initialyzed swapped data for i = 250, j = 251 sucessfully passed !
	Initialyzed swapped data for i = 250, j = 252 sucessfully passed !
	Initialyzed swapped data for i = 250, j = 253 sucessfully passed !
	Initialyzed swapped data for i = 250, j = 254 sucessfully passed !
	Initialyzed swapped data for i = 250, j = 255 sucessfully passed !
	Initialyzed swapped data for i = 250, j = 256 sucessfully passed !
	Initialyzed swapped data for i = 250, j = 257 sucessfully passed !
	Initialyzed swapped data for i = 250, j = 258 sucessfully passed !
	Initialyzed swapped data for i = 250, j = 259 sucessfully passed !
	Initialyzed swapped data for i = 250, j = 260 sucessfully passed !
	Initialyzed swapped data for i = 250, j = 261 sucessfully passed !
	Initialyzed swapped data for i = 250, j = 262 sucessfully passed !
	Initialyzed swapped data for i = 250, j = 263 sucessfully passed !
	Initialyzed swapped data for i = 250, j = 264 sucessfully passed !
	Initialyzed swapped data for i = 250, j = 265 sucessfully passed !
	Initialyzed swapped data for i = 250, j = 266 sucessfully passed !
	Initialyzed swapped data for i = 250, j = 267 sucessfully passed !
	Initialyzed swapped data for i = 250, j = 268 sucessfully passed !
	Initialyzed swapped data for i = 250, j = 269 sucessfully passed !
	Initialyzed swapped data for i = 250, j = 270 sucessfully passed !
	Initialyzed swapped data for i = 250, j = 271 sucessfully passed !
	Initialyzed swapped data for i = 250, j = 272 sucessfully passed !
	Initialyzed swapped data for i = 250, j = 273 sucessfully passed !
	Initialyzed swapped data for i = 250, j = 274 sucessfully passed !
	Initialyzed swapped data for i = 250, j = 275 sucessfully passed !
	Initialyzed swapped data for i = 250, j = 276 sucessfully passed !
	Initialyzed swapped data for i = 250, j = 277 sucessfully passed !
	Initialyzed swapped data for i = 250, j = 278 sucessfully passed !
	Initialyzed swapped data for i = 250, j = 279 sucessfully passed !
	Initialyzed swapped data for i = 250, j = 280 sucessfully passed !
	Initialyzed swapped data for i = 250, j = 281 sucessfully passed !
	Initialyzed swapped data for i = 250, j = 282 sucessfully passed !
	Initialyzed swapped data for i = 250, j = 283 sucessfully passed !
	Initialyzed swapped data for i = 250, j = 284 sucessfully passed !
	Initialyzed swapped data for i = 250, j = 285 sucessfully passed !
	Initialyzed swapped data for i = 250, j = 286 sucessfully passed !
	Initialyzed swapped data for i = 250, j = 287 sucessfully passed !
	Initialyzed swapped data for i = 250, j = 288 sucessfully passed !
	Initialyzed swapped data for i = 250, j = 289 sucessfully passed !
	Initialyzed swapped data for i = 250, j = 290 sucessfully passed !
	Initialyzed swapped data for i = 250, j = 291 sucessfully passed !
	Initialyzed swapped data for i = 250, j = 292 sucessfully passed !
	Initialyzed swapped data for i = 250, j = 293 sucessfully passed !
	Initialyzed swapped data for i = 250, j = 294 sucessfully passed !
	Initialyzed swapped data for i = 250, j = 295 sucessfully passed !
	Initialyzed swapped data for i = 250, j = 296 sucessfully passed !
	Initialyzed swapped data for i = 250, j = 297 sucessfully passed !
	Initialyzed swapped data for i = 250, j = 298 sucessfully passed !
	Initialyzed swapped data for i = 250, j = 299 sucessfully passed !
	Initialyzed swapped data for i = 250, j = 300 sucessfully passed !
	Initialyzed swapped data for i = 250, j = 301 sucessfully passed !
	Initialyzed swapped data for i = 250, j = 302 sucessfully passed !
	Initialyzed swapped data for i = 250, j = 303 sucessfully passed !
	Initialyzed swapped data for i = 250, j = 304 sucessfully passed !
	Initialyzed swapped data for i = 250, j = 305 sucessfully passed !
	Initialyzed swapped data for i = 250, j = 306 sucessfully passed !
	Initialyzed swapped data for i = 250, j = 307 sucessfully passed !
	Initialyzed swapped data for i = 250, j = 308 sucessfully passed !
	Initialyzed swapped data for i = 250, j = 309 sucessfully passed !
	Initialyzed swapped data for i = 250, j = 310 sucessfully passed !
	Initialyzed swapped data for i = 250, j = 311 sucessfully passed !
	Initialyzed swapped data for i = 250, j = 312 sucessfully passed !
	Initialyzed swapped data for i = 250, j = 313 sucessfully passed !
	Initialyzed swapped data for i = 250, j = 314 sucessfully passed !
	Initialyzed swapped data for i = 250, j = 315 sucessfully passed !
	Initialyzed swapped data for i = 250, j = 316 sucessfully passed !
	Initialyzed swapped data for i = 250, j = 317 sucessfully passed !
	Initialyzed swapped data for i = 250, j = 318 sucessfully passed !
	Initialyzed swapped data for i = 250, j = 319 sucessfully passed !
	Initialyzed swapped data for i = 250, j = 320 sucessfully passed !
	Initialyzed swapped data for i = 250, j = 321 sucessfully passed !
	Initialyzed swapped data for i = 250, j = 322 sucessfully passed !
	Initialyzed swapped data for i = 250, j = 323 sucessfully passed !
	Initialyzed swapped data for i = 250, j = 324 sucessfully passed !
	Initialyzed swapped data for i = 250, j = 325 sucessfully passed !
	Initialyzed swapped data for i = 250, j = 326 sucessfully passed !
	Initialyzed swapped data for i = 250, j = 327 sucessfully passed !
	Initialyzed swapped data for i = 250, j = 328 sucessfully passed !
	Initialyzed swapped data for i = 250, j = 329 sucessfully passed !
	Initialyzed swapped data for i = 250, j = 330 sucessfully passed !
	Initialyzed swapped data for i = 250, j = 331 sucessfully passed !
	Initialyzed swapped data for i = 250, j = 332 sucessfully passed !
	Initialyzed swapped data for i = 250, j = 333 sucessfully passed !
	Initialyzed swapped data for i = 250, j = 334 sucessfully passed !
	Initialyzed swapped data for i = 250, j = 335 sucessfully passed !
	Initialyzed swapped data for i = 250, j = 336 sucessfully passed !
	Initialyzed swapped data for i = 250, j = 337 sucessfully passed !
	Initialyzed swapped data for i = 250, j = 338 sucessfully passed !
	Initialyzed swapped data for i = 250, j = 339 sucessfully passed !
	Initialyzed swapped data for i = 250, j = 340 sucessfully passed !
	Initialyzed swapped data for i = 250, j = 341 sucessfully passed !
	Initialyzed swapped data for i = 250, j = 342 sucessfully passed !
	Initialyzed swapped data for i = 250, j = 343 sucessfully passed !
	Initialyzed swapped data for i = 250, j = 344 sucessfully passed !
	Initialyzed swapped data for i = 250, j = 345 sucessfully passed !
	Initialyzed swapped data for i = 250, j = 346 sucessfully passed !
	Initialyzed swapped data for i = 250, j = 347 sucessfully passed !
	Initialyzed swapped data for i = 250, j = 348 sucessfully passed !
	Initialyzed swapped data for i = 250, j = 349 sucessfully passed !
	Initialyzed swapped data for i = 250, j = 350 sucessfully passed !
	Initialyzed swapped data for i = 250, j = 351 sucessfully passed !
	Initialyzed swapped data for i = 250, j = 352 sucessfully passed !
	Initialyzed swapped data for i = 250, j = 353 sucessfully passed !
	Initialyzed swapped data for i = 250, j = 354 sucessfully passed !
	Initialyzed swapped data for i = 250, j = 355 sucessfully passed !
	Initialyzed swapped data for i = 250, j = 356 sucessfully passed !
	Initialyzed swapped data for i = 250, j = 357 sucessfully passed !
	Initialyzed swapped data for i = 250, j = 358 sucessfully passed !
	Initialyzed swapped data for i = 250, j = 359 sucessfully passed !
	Initialyzed swapped data for i = 250, j = 360 sucessfully passed !
	Initialyzed swapped data for i = 250, j = 361 sucessfully passed !
	Initialyzed swapped data for i = 250, j = 362 sucessfully passed !
	Initialyzed swapped data for i = 250, j = 363 sucessfully passed !
	Initialyzed swapped data for i = 250, j = 364 sucessfully passed !
	Initialyzed swapped data for i = 250, j = 365 sucessfully passed !
	Initialyzed swapped data for i = 250, j = 366 sucessfully passed !
	Initialyzed swapped data for i = 250, j = 367 sucessfully passed !
	Initialyzed swapped data for i = 250, j = 368 sucessfully passed !
	Initialyzed swapped data for i = 250, j = 369 sucessfully passed !
	Initialyzed swapped data for i = 250, j = 370 sucessfully passed !
	Initialyzed swapped data for i = 250, j = 371 sucessfully passed !
	Initialyzed swapped data for i = 250, j = 372 sucessfully passed !
	Initialyzed swapped data for i = 250, j = 373 sucessfully passed !
	Initialyzed swapped data for i = 250, j = 374 sucessfully passed !
	Initialyzed swapped data for i = 250, j = 375 sucessfully passed !
	Initialyzed swapped data for i = 250, j = 376 sucessfully passed !
	Initialyzed swapped data for i = 250, j = 377 sucessfully passed !
	Initialyzed swapped data for i = 250, j = 378 sucessfully passed !
	Initialyzed swapped data for i = 250, j = 379 sucessfully passed !
	Initialyzed swapped data for i = 250, j = 380 sucessfully passed !
	Initialyzed swapped data for i = 250, j = 381 sucessfully passed !
	Initialyzed swapped data for i = 250, j = 382 sucessfully passed !
	Initialyzed swapped data for i = 250, j = 383 sucessfully passed !
	Initialyzed swapped data for i = 250, j = 384 sucessfully passed !
	Initialyzed swapped data for i = 250, j = 385 sucessfully passed !
	Initialyzed swapped data for i = 250, j = 386 sucessfully passed !
	Initialyzed swapped data for i = 250, j = 387 sucessfully passed !
	Initialyzed swapped data for i = 250, j = 388 sucessfully passed !
	Initialyzed swapped data for i = 250, j = 389 sucessfully passed !
	Initialyzed swapped data for i = 250, j = 390 sucessfully passed !
	Initialyzed swapped data for i = 250, j = 391 sucessfully passed !
	Initialyzed swapped data for i = 250, j = 392 sucessfully passed !
	Initialyzed swapped data for i = 250, j = 393 sucessfully passed !
	Initialyzed swapped data for i = 250, j = 394 sucessfully passed !
	Initialyzed swapped data for i = 250, j = 395 sucessfully passed !
	Initialyzed swapped data for i = 250, j = 396 sucessfully passed !
	Initialyzed swapped data for i = 250, j = 397 sucessfully passed !
	Initialyzed swapped data for i = 250, j = 398 sucessfully passed !
	Initialyzed swapped data for i = 250, j = 399 sucessfully passed !
	Initialyzed swapped data for i = 250, j = 400 sucessfully passed !
	Initialyzed swapped data for i = 250, j = 401 sucessfully passed !
	Initialyzed swapped data for i = 250, j = 402 sucessfully passed !
	Initialyzed swapped data for i = 250, j = 403 sucessfully passed !
	Initialyzed swapped data for i = 250, j = 404 sucessfully passed !
	Initialyzed swapped data for i = 250, j = 405 sucessfully passed !
	Initialyzed swapped data for i = 250, j = 406 sucessfully passed !
	Initialyzed swapped data for i = 250, j = 407 sucessfully passed !
	Initialyzed swapped data for i = 250, j = 408 sucessfully passed !
	Initialyzed swapped data for i = 250, j = 409 sucessfully passed !
	Initialyzed swapped data for i = 250, j = 410 sucessfully passed !
	Initialyzed swapped data for i = 250, j = 411 sucessfully passed !
	Initialyzed swapped data for i = 250, j = 412 sucessfully passed !
	Initialyzed swapped data for i = 250, j = 413 sucessfully passed !
	Initialyzed swapped data for i = 250, j = 414 sucessfully passed !
	Initialyzed swapped data for i = 250, j = 415 sucessfully passed !
	Initialyzed swapped data for i = 250, j = 416 sucessfully passed !
	Initialyzed swapped data for i = 250, j = 417 sucessfully passed !
	Initialyzed swapped data for i = 250, j = 418 sucessfully passed !
	Initialyzed swapped data for i = 250, j = 419 sucessfully passed !
	Initialyzed swapped data for i = 250, j = 420 sucessfully passed !
	Initialyzed swapped data for i = 250, j = 421 sucessfully passed !
	Initialyzed swapped data for i = 250, j = 422 sucessfully passed !
	Initialyzed swapped data for i = 250, j = 423 sucessfully passed !
	Initialyzed swapped data for i = 250, j = 424 sucessfully passed !
	Initialyzed swapped data for i = 250, j = 425 sucessfully passed !
	Initialyzed swapped data for i = 250, j = 426 sucessfully passed !
	Initialyzed swapped data for i = 250, j = 427 sucessfully passed !
	Initialyzed swapped data for i = 250, j = 428 sucessfully passed !
	Initialyzed swapped data for i = 250, j = 429 sucessfully passed !
	Initialyzed swapped data for i = 250, j = 430 sucessfully passed !
	Initialyzed swapped data for i = 250, j = 431 sucessfully passed !
	Initialyzed swapped data for i = 250, j = 432 sucessfully passed !
	Initialyzed swapped data for i = 250, j = 433 sucessfully passed !
	Initialyzed swapped data for i = 251, j = 252 sucessfully passed !
	Initialyzed swapped data for i = 251, j = 253 sucessfully passed !
	Initialyzed swapped data for i = 251, j = 254 sucessfully passed !
	Initialyzed swapped data for i = 251, j = 255 sucessfully passed !
	Initialyzed swapped data for i = 251, j = 256 sucessfully passed !
	Initialyzed swapped data for i = 251, j = 257 sucessfully passed !
	Initialyzed swapped data for i = 251, j = 258 sucessfully passed !
	Initialyzed swapped data for i = 251, j = 259 sucessfully passed !
	Initialyzed swapped data for i = 251, j = 260 sucessfully passed !
	Initialyzed swapped data for i = 251, j = 261 sucessfully passed !
	Initialyzed swapped data for i = 251, j = 262 sucessfully passed !
	Initialyzed swapped data for i = 251, j = 263 sucessfully passed !
	Initialyzed swapped data for i = 251, j = 264 sucessfully passed !
	Initialyzed swapped data for i = 251, j = 265 sucessfully passed !
	Initialyzed swapped data for i = 251, j = 266 sucessfully passed !
	Initialyzed swapped data for i = 251, j = 267 sucessfully passed !
	Initialyzed swapped data for i = 251, j = 268 sucessfully passed !
	Initialyzed swapped data for i = 251, j = 269 sucessfully passed !
	Initialyzed swapped data for i = 251, j = 270 sucessfully passed !
	Initialyzed swapped data for i = 251, j = 271 sucessfully passed !
	Initialyzed swapped data for i = 251, j = 272 sucessfully passed !
	Initialyzed swapped data for i = 251, j = 273 sucessfully passed !
	Initialyzed swapped data for i = 251, j = 274 sucessfully passed !
	Initialyzed swapped data for i = 251, j = 275 sucessfully passed !
	Initialyzed swapped data for i = 251, j = 276 sucessfully passed !
	Initialyzed swapped data for i = 251, j = 277 sucessfully passed !
	Initialyzed swapped data for i = 251, j = 278 sucessfully passed !
	Initialyzed swapped data for i = 251, j = 279 sucessfully passed !
	Initialyzed swapped data for i = 251, j = 280 sucessfully passed !
	Initialyzed swapped data for i = 251, j = 281 sucessfully passed !
	Initialyzed swapped data for i = 251, j = 282 sucessfully passed !
	Initialyzed swapped data for i = 251, j = 283 sucessfully passed !
	Initialyzed swapped data for i = 251, j = 284 sucessfully passed !
	Initialyzed swapped data for i = 251, j = 285 sucessfully passed !
	Initialyzed swapped data for i = 251, j = 286 sucessfully passed !
	Initialyzed swapped data for i = 251, j = 287 sucessfully passed !
	Initialyzed swapped data for i = 251, j = 288 sucessfully passed !
	Initialyzed swapped data for i = 251, j = 289 sucessfully passed !
	Initialyzed swapped data for i = 251, j = 290 sucessfully passed !
	Initialyzed swapped data for i = 251, j = 291 sucessfully passed !
	Initialyzed swapped data for i = 251, j = 292 sucessfully passed !
	Initialyzed swapped data for i = 251, j = 293 sucessfully passed !
	Initialyzed swapped data for i = 251, j = 294 sucessfully passed !
	Initialyzed swapped data for i = 251, j = 295 sucessfully passed !
	Initialyzed swapped data for i = 251, j = 296 sucessfully passed !
	Initialyzed swapped data for i = 251, j = 297 sucessfully passed !
	Initialyzed swapped data for i = 251, j = 298 sucessfully passed !
	Initialyzed swapped data for i = 251, j = 299 sucessfully passed !
	Initialyzed swapped data for i = 251, j = 300 sucessfully passed !
	Initialyzed swapped data for i = 251, j = 301 sucessfully passed !
	Initialyzed swapped data for i = 251, j = 302 sucessfully passed !
	Initialyzed swapped data for i = 251, j = 303 sucessfully passed !
	Initialyzed swapped data for i = 251, j = 304 sucessfully passed !
	Initialyzed swapped data for i = 251, j = 305 sucessfully passed !
	Initialyzed swapped data for i = 251, j = 306 sucessfully passed !
	Initialyzed swapped data for i = 251, j = 307 sucessfully passed !
	Initialyzed swapped data for i = 251, j = 308 sucessfully passed !
	Initialyzed swapped data for i = 251, j = 309 sucessfully passed !
	Initialyzed swapped data for i = 251, j = 310 sucessfully passed !
	Initialyzed swapped data for i = 251, j = 311 sucessfully passed !
	Initialyzed swapped data for i = 251, j = 312 sucessfully passed !
	Initialyzed swapped data for i = 251, j = 313 sucessfully passed !
	Initialyzed swapped data for i = 251, j = 314 sucessfully passed !
	Initialyzed swapped data for i = 251, j = 315 sucessfully passed !
	Initialyzed swapped data for i = 251, j = 316 sucessfully passed !
	Initialyzed swapped data for i = 251, j = 317 sucessfully passed !
	Initialyzed swapped data for i = 251, j = 318 sucessfully passed !
	Initialyzed swapped data for i = 251, j = 319 sucessfully passed !
	Initialyzed swapped data for i = 251, j = 320 sucessfully passed !
	Initialyzed swapped data for i = 251, j = 321 sucessfully passed !
	Initialyzed swapped data for i = 251, j = 322 sucessfully passed !
	Initialyzed swapped data for i = 251, j = 323 sucessfully passed !
	Initialyzed swapped data for i = 251, j = 324 sucessfully passed !
	Initialyzed swapped data for i = 251, j = 325 sucessfully passed !
	Initialyzed swapped data for i = 251, j = 326 sucessfully passed !
	Initialyzed swapped data for i = 251, j = 327 sucessfully passed !
	Initialyzed swapped data for i = 251, j = 328 sucessfully passed !
	Initialyzed swapped data for i = 251, j = 329 sucessfully passed !
	Initialyzed swapped data for i = 251, j = 330 sucessfully passed !
	Initialyzed swapped data for i = 251, j = 331 sucessfully passed !
	Initialyzed swapped data for i = 251, j = 332 sucessfully passed !
	Initialyzed swapped data for i = 251, j = 333 sucessfully passed !
	Initialyzed swapped data for i = 251, j = 334 sucessfully passed !
	Initialyzed swapped data for i = 251, j = 335 sucessfully passed !
	Initialyzed swapped data for i = 251, j = 336 sucessfully passed !
	Initialyzed swapped data for i = 251, j = 337 sucessfully passed !
	Initialyzed swapped data for i = 251, j = 338 sucessfully passed !
	Initialyzed swapped data for i = 251, j = 339 sucessfully passed !
	Initialyzed swapped data for i = 251, j = 340 sucessfully passed !
	Initialyzed swapped data for i = 251, j = 341 sucessfully passed !
	Initialyzed swapped data for i = 251, j = 342 sucessfully passed !
	Initialyzed swapped data for i = 251, j = 343 sucessfully passed !
	Initialyzed swapped data for i = 251, j = 344 sucessfully passed !
	Initialyzed swapped data for i = 251, j = 345 sucessfully passed !
	Initialyzed swapped data for i = 251, j = 346 sucessfully passed !
	Initialyzed swapped data for i = 251, j = 347 sucessfully passed !
	Initialyzed swapped data for i = 251, j = 348 sucessfully passed !
	Initialyzed swapped data for i = 251, j = 349 sucessfully passed !
	Initialyzed swapped data for i = 251, j = 350 sucessfully passed !
	Initialyzed swapped data for i = 251, j = 351 sucessfully passed !
	Initialyzed swapped data for i = 251, j = 352 sucessfully passed !
	Initialyzed swapped data for i = 251, j = 353 sucessfully passed !
	Initialyzed swapped data for i = 251, j = 354 sucessfully passed !
	Initialyzed swapped data for i = 251, j = 355 sucessfully passed !
	Initialyzed swapped data for i = 251, j = 356 sucessfully passed !
	Initialyzed swapped data for i = 251, j = 357 sucessfully passed !
	Initialyzed swapped data for i = 251, j = 358 sucessfully passed !
	Initialyzed swapped data for i = 251, j = 359 sucessfully passed !
	Initialyzed swapped data for i = 251, j = 360 sucessfully passed !
	Initialyzed swapped data for i = 251, j = 361 sucessfully passed !
	Initialyzed swapped data for i = 251, j = 362 sucessfully passed !
	Initialyzed swapped data for i = 251, j = 363 sucessfully passed !
	Initialyzed swapped data for i = 251, j = 364 sucessfully passed !
	Initialyzed swapped data for i = 251, j = 365 sucessfully passed !
	Initialyzed swapped data for i = 251, j = 366 sucessfully passed !
	Initialyzed swapped data for i = 251, j = 367 sucessfully passed !
	Initialyzed swapped data for i = 251, j = 368 sucessfully passed !
	Initialyzed swapped data for i = 251, j = 369 sucessfully passed !
	Initialyzed swapped data for i = 251, j = 370 sucessfully passed !
	Initialyzed swapped data for i = 251, j = 371 sucessfully passed !
	Initialyzed swapped data for i = 251, j = 372 sucessfully passed !
	Initialyzed swapped data for i = 251, j = 373 sucessfully passed !
	Initialyzed swapped data for i = 251, j = 374 sucessfully passed !
	Initialyzed swapped data for i = 251, j = 375 sucessfully passed !
	Initialyzed swapped data for i = 251, j = 376 sucessfully passed !
	Initialyzed swapped data for i = 251, j = 377 sucessfully passed !
	Initialyzed swapped data for i = 251, j = 378 sucessfully passed !
	Initialyzed swapped data for i = 251, j = 379 sucessfully passed !
	Initialyzed swapped data for i = 251, j = 380 sucessfully passed !
	Initialyzed swapped data for i = 251, j = 381 sucessfully passed !
	Initialyzed swapped data for i = 251, j = 382 sucessfully passed !
	Initialyzed swapped data for i = 251, j = 383 sucessfully passed !
	Initialyzed swapped data for i = 251, j = 384 sucessfully passed !
	Initialyzed swapped data for i = 251, j = 385 sucessfully passed !
	Initialyzed swapped data for i = 251, j = 386 sucessfully passed !
	Initialyzed swapped data for i = 251, j = 387 sucessfully passed !
	Initialyzed swapped data for i = 251, j = 388 sucessfully passed !
	Initialyzed swapped data for i = 251, j = 389 sucessfully passed !
	Initialyzed swapped data for i = 251, j = 390 sucessfully passed !
	Initialyzed swapped data for i = 251, j = 391 sucessfully passed !
	Initialyzed swapped data for i = 251, j = 392 sucessfully passed !
	Initialyzed swapped data for i = 251, j = 393 sucessfully passed !
	Initialyzed swapped data for i = 251, j = 394 sucessfully passed !
	Initialyzed swapped data for i = 251, j = 395 sucessfully passed !
	Initialyzed swapped data for i = 251, j = 396 sucessfully passed !
	Initialyzed swapped data for i = 251, j = 397 sucessfully passed !
	Initialyzed swapped data for i = 251, j = 398 sucessfully passed !
	Initialyzed swapped data for i = 251, j = 399 sucessfully passed !
	Initialyzed swapped data for i = 251, j = 400 sucessfully passed !
	Initialyzed swapped data for i = 251, j = 401 sucessfully passed !
	Initialyzed swapped data for i = 251, j = 402 sucessfully passed !
	Initialyzed swapped data for i = 251, j = 403 sucessfully passed !
	Initialyzed swapped data for i = 251, j = 404 sucessfully passed !
	Initialyzed swapped data for i = 251, j = 405 sucessfully passed !
	Initialyzed swapped data for i = 251, j = 406 sucessfully passed !
	Initialyzed swapped data for i = 251, j = 407 sucessfully passed !
	Initialyzed swapped data for i = 251, j = 408 sucessfully passed !
	Initialyzed swapped data for i = 251, j = 409 sucessfully passed !
	Initialyzed swapped data for i = 251, j = 410 sucessfully passed !
	Initialyzed swapped data for i = 251, j = 411 sucessfully passed !
	Initialyzed swapped data for i = 251, j = 412 sucessfully passed !
	Initialyzed swapped data for i = 251, j = 413 sucessfully passed !
	Initialyzed swapped data for i = 251, j = 414 sucessfully passed !
	Initialyzed swapped data for i = 251, j = 415 sucessfully passed !
	Initialyzed swapped data for i = 251, j = 416 sucessfully passed !
	Initialyzed swapped data for i = 251, j = 417 sucessfully passed !
	Initialyzed swapped data for i = 251, j = 418 sucessfully passed !
	Initialyzed swapped data for i = 251, j = 419 sucessfully passed !
	Initialyzed swapped data for i = 251, j = 420 sucessfully passed !
	Initialyzed swapped data for i = 251, j = 421 sucessfully passed !
	Initialyzed swapped data for i = 251, j = 422 sucessfully passed !
	Initialyzed swapped data for i = 251, j = 423 sucessfully passed !
	Initialyzed swapped data for i = 251, j = 424 sucessfully passed !
	Initialyzed swapped data for i = 251, j = 425 sucessfully passed !
	Initialyzed swapped data for i = 251, j = 426 sucessfully passed !
	Initialyzed swapped data for i = 251, j = 427 sucessfully passed !
	Initialyzed swapped data for i = 251, j = 428 sucessfully passed !
	Initialyzed swapped data for i = 251, j = 429 sucessfully passed !
	Initialyzed swapped data for i = 251, j = 430 sucessfully passed !
	Initialyzed swapped data for i = 251, j = 431 sucessfully passed !
	Initialyzed swapped data for i = 251, j = 432 sucessfully passed !
	Initialyzed swapped data for i = 251, j = 433 sucessfully passed !
	Initialyzed swapped data for i = 252, j = 253 sucessfully passed !
	Initialyzed swapped data for i = 252, j = 254 sucessfully passed !
	Initialyzed swapped data for i = 252, j = 255 sucessfully passed !
	Initialyzed swapped data for i = 252, j = 256 sucessfully passed !
	Initialyzed swapped data for i = 252, j = 257 sucessfully passed !
	Initialyzed swapped data for i = 252, j = 258 sucessfully passed !
	Initialyzed swapped data for i = 252, j = 259 sucessfully passed !
	Initialyzed swapped data for i = 252, j = 260 sucessfully passed !
	Initialyzed swapped data for i = 252, j = 261 sucessfully passed !
	Initialyzed swapped data for i = 252, j = 262 sucessfully passed !
	Initialyzed swapped data for i = 252, j = 263 sucessfully passed !
	Initialyzed swapped data for i = 252, j = 264 sucessfully passed !
	Initialyzed swapped data for i = 252, j = 265 sucessfully passed !
	Initialyzed swapped data for i = 252, j = 266 sucessfully passed !
	Initialyzed swapped data for i = 252, j = 267 sucessfully passed !
	Initialyzed swapped data for i = 252, j = 268 sucessfully passed !
	Initialyzed swapped data for i = 252, j = 269 sucessfully passed !
	Initialyzed swapped data for i = 252, j = 270 sucessfully passed !
	Initialyzed swapped data for i = 252, j = 271 sucessfully passed !
	Initialyzed swapped data for i = 252, j = 272 sucessfully passed !
	Initialyzed swapped data for i = 252, j = 273 sucessfully passed !
	Initialyzed swapped data for i = 252, j = 274 sucessfully passed !
	Initialyzed swapped data for i = 252, j = 275 sucessfully passed !
	Initialyzed swapped data for i = 252, j = 276 sucessfully passed !
	Initialyzed swapped data for i = 252, j = 277 sucessfully passed !
	Initialyzed swapped data for i = 252, j = 278 sucessfully passed !
	Initialyzed swapped data for i = 252, j = 279 sucessfully passed !
	Initialyzed swapped data for i = 252, j = 280 sucessfully passed !
	Initialyzed swapped data for i = 252, j = 281 sucessfully passed !
	Initialyzed swapped data for i = 252, j = 282 sucessfully passed !
	Initialyzed swapped data for i = 252, j = 283 sucessfully passed !
	Initialyzed swapped data for i = 252, j = 284 sucessfully passed !
	Initialyzed swapped data for i = 252, j = 285 sucessfully passed !
	Initialyzed swapped data for i = 252, j = 286 sucessfully passed !
	Initialyzed swapped data for i = 252, j = 287 sucessfully passed !
	Initialyzed swapped data for i = 252, j = 288 sucessfully passed !
	Initialyzed swapped data for i = 252, j = 289 sucessfully passed !
	Initialyzed swapped data for i = 252, j = 290 sucessfully passed !
	Initialyzed swapped data for i = 252, j = 291 sucessfully passed !
	Initialyzed swapped data for i = 252, j = 292 sucessfully passed !
	Initialyzed swapped data for i = 252, j = 293 sucessfully passed !
	Initialyzed swapped data for i = 252, j = 294 sucessfully passed !
	Initialyzed swapped data for i = 252, j = 295 sucessfully passed !
	Initialyzed swapped data for i = 252, j = 296 sucessfully passed !
	Initialyzed swapped data for i = 252, j = 297 sucessfully passed !
	Initialyzed swapped data for i = 252, j = 298 sucessfully passed !
	Initialyzed swapped data for i = 252, j = 299 sucessfully passed !
	Initialyzed swapped data for i = 252, j = 300 sucessfully passed !
	Initialyzed swapped data for i = 252, j = 301 sucessfully passed !
	Initialyzed swapped data for i = 252, j = 302 sucessfully passed !
	Initialyzed swapped data for i = 252, j = 303 sucessfully passed !
	Initialyzed swapped data for i = 252, j = 304 sucessfully passed !
	Initialyzed swapped data for i = 252, j = 305 sucessfully passed !
	Initialyzed swapped data for i = 252, j = 306 sucessfully passed !
	Initialyzed swapped data for i = 252, j = 307 sucessfully passed !
	Initialyzed swapped data for i = 252, j = 308 sucessfully passed !
	Initialyzed swapped data for i = 252, j = 309 sucessfully passed !
	Initialyzed swapped data for i = 252, j = 310 sucessfully passed !
	Initialyzed swapped data for i = 252, j = 311 sucessfully passed !
	Initialyzed swapped data for i = 252, j = 312 sucessfully passed !
	Initialyzed swapped data for i = 252, j = 313 sucessfully passed !
	Initialyzed swapped data for i = 252, j = 314 sucessfully passed !
	Initialyzed swapped data for i = 252, j = 315 sucessfully passed !
	Initialyzed swapped data for i = 252, j = 316 sucessfully passed !
	Initialyzed swapped data for i = 252, j = 317 sucessfully passed !
	Initialyzed swapped data for i = 252, j = 318 sucessfully passed !
	Initialyzed swapped data for i = 252, j = 319 sucessfully passed !
	Initialyzed swapped data for i = 252, j = 320 sucessfully passed !
	Initialyzed swapped data for i = 252, j = 321 sucessfully passed !
	Initialyzed swapped data for i = 252, j = 322 sucessfully passed !
	Initialyzed swapped data for i = 252, j = 323 sucessfully passed !
	Initialyzed swapped data for i = 252, j = 324 sucessfully passed !
	Initialyzed swapped data for i = 252, j = 325 sucessfully passed !
	Initialyzed swapped data for i = 252, j = 326 sucessfully passed !
	Initialyzed swapped data for i = 252, j = 327 sucessfully passed !
	Initialyzed swapped data for i = 252, j = 328 sucessfully passed !
	Initialyzed swapped data for i = 252, j = 329 sucessfully passed !
	Initialyzed swapped data for i = 252, j = 330 sucessfully passed !
	Initialyzed swapped data for i = 252, j = 331 sucessfully passed !
	Initialyzed swapped data for i = 252, j = 332 sucessfully passed !
	Initialyzed swapped data for i = 252, j = 333 sucessfully passed !
	Initialyzed swapped data for i = 252, j = 334 sucessfully passed !
	Initialyzed swapped data for i = 252, j = 335 sucessfully passed !
	Initialyzed swapped data for i = 252, j = 336 sucessfully passed !
	Initialyzed swapped data for i = 252, j = 337 sucessfully passed !
	Initialyzed swapped data for i = 252, j = 338 sucessfully passed !
	Initialyzed swapped data for i = 252, j = 339 sucessfully passed !
	Initialyzed swapped data for i = 252, j = 340 sucessfully passed !
	Initialyzed swapped data for i = 252, j = 341 sucessfully passed !
	Initialyzed swapped data for i = 252, j = 342 sucessfully passed !
	Initialyzed swapped data for i = 252, j = 343 sucessfully passed !
	Initialyzed swapped data for i = 252, j = 344 sucessfully passed !
	Initialyzed swapped data for i = 252, j = 345 sucessfully passed !
	Initialyzed swapped data for i = 252, j = 346 sucessfully passed !
	Initialyzed swapped data for i = 252, j = 347 sucessfully passed !
	Initialyzed swapped data for i = 252, j = 348 sucessfully passed !
	Initialyzed swapped data for i = 252, j = 349 sucessfully passed !
	Initialyzed swapped data for i = 252, j = 350 sucessfully passed !
	Initialyzed swapped data for i = 252, j = 351 sucessfully passed !
	Initialyzed swapped data for i = 252, j = 352 sucessfully passed !
	Initialyzed swapped data for i = 252, j = 353 sucessfully passed !
	Initialyzed swapped data for i = 252, j = 354 sucessfully passed !
	Initialyzed swapped data for i = 252, j = 355 sucessfully passed !
	Initialyzed swapped data for i = 252, j = 356 sucessfully passed !
	Initialyzed swapped data for i = 252, j = 357 sucessfully passed !
	Initialyzed swapped data for i = 252, j = 358 sucessfully passed !
	Initialyzed swapped data for i = 252, j = 359 sucessfully passed !
	Initialyzed swapped data for i = 252, j = 360 sucessfully passed !
	Initialyzed swapped data for i = 252, j = 361 sucessfully passed !
	Initialyzed swapped data for i = 252, j = 362 sucessfully passed !
	Initialyzed swapped data for i = 252, j = 363 sucessfully passed !
	Initialyzed swapped data for i = 252, j = 364 sucessfully passed !
	Initialyzed swapped data for i = 252, j = 365 sucessfully passed !
	Initialyzed swapped data for i = 252, j = 366 sucessfully passed !
	Initialyzed swapped data for i = 252, j = 367 sucessfully passed !
	Initialyzed swapped data for i = 252, j = 368 sucessfully passed !
	Initialyzed swapped data for i = 252, j = 369 sucessfully passed !
	Initialyzed swapped data for i = 252, j = 370 sucessfully passed !
	Initialyzed swapped data for i = 252, j = 371 sucessfully passed !
	Initialyzed swapped data for i = 252, j = 372 sucessfully passed !
	Initialyzed swapped data for i = 252, j = 373 sucessfully passed !
	Initialyzed swapped data for i = 252, j = 374 sucessfully passed !
	Initialyzed swapped data for i = 252, j = 375 sucessfully passed !
	Initialyzed swapped data for i = 252, j = 376 sucessfully passed !
	Initialyzed swapped data for i = 252, j = 377 sucessfully passed !
	Initialyzed swapped data for i = 252, j = 378 sucessfully passed !
	Initialyzed swapped data for i = 252, j = 379 sucessfully passed !
	Initialyzed swapped data for i = 252, j = 380 sucessfully passed !
	Initialyzed swapped data for i = 252, j = 381 sucessfully passed !
	Initialyzed swapped data for i = 252, j = 382 sucessfully passed !
	Initialyzed swapped data for i = 252, j = 383 sucessfully passed !
	Initialyzed swapped data for i = 252, j = 384 sucessfully passed !
	Initialyzed swapped data for i = 252, j = 385 sucessfully passed !
	Initialyzed swapped data for i = 252, j = 386 sucessfully passed !
	Initialyzed swapped data for i = 252, j = 387 sucessfully passed !
	Initialyzed swapped data for i = 252, j = 388 sucessfully passed !
	Initialyzed swapped data for i = 252, j = 389 sucessfully passed !
	Initialyzed swapped data for i = 252, j = 390 sucessfully passed !
	Initialyzed swapped data for i = 252, j = 391 sucessfully passed !
	Initialyzed swapped data for i = 252, j = 392 sucessfully passed !
	Initialyzed swapped data for i = 252, j = 393 sucessfully passed !
	Initialyzed swapped data for i = 252, j = 394 sucessfully passed !
	Initialyzed swapped data for i = 252, j = 395 sucessfully passed !
	Initialyzed swapped data for i = 252, j = 396 sucessfully passed !
	Initialyzed swapped data for i = 252, j = 397 sucessfully passed !
	Initialyzed swapped data for i = 252, j = 398 sucessfully passed !
	Initialyzed swapped data for i = 252, j = 399 sucessfully passed !
	Initialyzed swapped data for i = 252, j = 400 sucessfully passed !
	Initialyzed swapped data for i = 252, j = 401 sucessfully passed !
	Initialyzed swapped data for i = 252, j = 402 sucessfully passed !
	Initialyzed swapped data for i = 252, j = 403 sucessfully passed !
	Initialyzed swapped data for i = 252, j = 404 sucessfully passed !
	Initialyzed swapped data for i = 252, j = 405 sucessfully passed !
	Initialyzed swapped data for i = 252, j = 406 sucessfully passed !
	Initialyzed swapped data for i = 252, j = 407 sucessfully passed !
	Initialyzed swapped data for i = 252, j = 408 sucessfully passed !
	Initialyzed swapped data for i = 252, j = 409 sucessfully passed !
	Initialyzed swapped data for i = 252, j = 410 sucessfully passed !
	Initialyzed swapped data for i = 252, j = 411 sucessfully passed !
	Initialyzed swapped data for i = 252, j = 412 sucessfully passed !
	Initialyzed swapped data for i = 252, j = 413 sucessfully passed !
	Initialyzed swapped data for i = 252, j = 414 sucessfully passed !
	Initialyzed swapped data for i = 252, j = 415 sucessfully passed !
	Initialyzed swapped data for i = 252, j = 416 sucessfully passed !
	Initialyzed swapped data for i = 252, j = 417 sucessfully passed !
	Initialyzed swapped data for i = 252, j = 418 sucessfully passed !
	Initialyzed swapped data for i = 252, j = 419 sucessfully passed !
	Initialyzed swapped data for i = 252, j = 420 sucessfully passed !
	Initialyzed swapped data for i = 252, j = 421 sucessfully passed !
	Initialyzed swapped data for i = 252, j = 422 sucessfully passed !
	Initialyzed swapped data for i = 252, j = 423 sucessfully passed !
	Initialyzed swapped data for i = 252, j = 424 sucessfully passed !
	Initialyzed swapped data for i = 252, j = 425 sucessfully passed !
	Initialyzed swapped data for i = 252, j = 426 sucessfully passed !
	Initialyzed swapped data for i = 252, j = 427 sucessfully passed !
	Initialyzed swapped data for i = 252, j = 428 sucessfully passed !
	Initialyzed swapped data for i = 252, j = 429 sucessfully passed !
	Initialyzed swapped data for i = 252, j = 430 sucessfully passed !
	Initialyzed swapped data for i = 252, j = 431 sucessfully passed !
	Initialyzed swapped data for i = 252, j = 432 sucessfully passed !
	Initialyzed swapped data for i = 252, j = 433 sucessfully passed !
	Initialyzed swapped data for i = 253, j = 254 sucessfully passed !
	Initialyzed swapped data for i = 253, j = 255 sucessfully passed !
	Initialyzed swapped data for i = 253, j = 256 sucessfully passed !
	Initialyzed swapped data for i = 253, j = 257 sucessfully passed !
	Initialyzed swapped data for i = 253, j = 258 sucessfully passed !
	Initialyzed swapped data for i = 253, j = 259 sucessfully passed !
	Initialyzed swapped data for i = 253, j = 260 sucessfully passed !
	Initialyzed swapped data for i = 253, j = 261 sucessfully passed !
	Initialyzed swapped data for i = 253, j = 262 sucessfully passed !
	Initialyzed swapped data for i = 253, j = 263 sucessfully passed !
	Initialyzed swapped data for i = 253, j = 264 sucessfully passed !
	Initialyzed swapped data for i = 253, j = 265 sucessfully passed !
	Initialyzed swapped data for i = 253, j = 266 sucessfully passed !
	Initialyzed swapped data for i = 253, j = 267 sucessfully passed !
	Initialyzed swapped data for i = 253, j = 268 sucessfully passed !
	Initialyzed swapped data for i = 253, j = 269 sucessfully passed !
	Initialyzed swapped data for i = 253, j = 270 sucessfully passed !
	Initialyzed swapped data for i = 253, j = 271 sucessfully passed !
	Initialyzed swapped data for i = 253, j = 272 sucessfully passed !
	Initialyzed swapped data for i = 253, j = 273 sucessfully passed !
	Initialyzed swapped data for i = 253, j = 274 sucessfully passed !
	Initialyzed swapped data for i = 253, j = 275 sucessfully passed !
	Initialyzed swapped data for i = 253, j = 276 sucessfully passed !
	Initialyzed swapped data for i = 253, j = 277 sucessfully passed !
	Initialyzed swapped data for i = 253, j = 278 sucessfully passed !
	Initialyzed swapped data for i = 253, j = 279 sucessfully passed !
	Initialyzed swapped data for i = 253, j = 280 sucessfully passed !
	Initialyzed swapped data for i = 253, j = 281 sucessfully passed !
	Initialyzed swapped data for i = 253, j = 282 sucessfully passed !
	Initialyzed swapped data for i = 253, j = 283 sucessfully passed !
	Initialyzed swapped data for i = 253, j = 284 sucessfully passed !
	Initialyzed swapped data for i = 253, j = 285 sucessfully passed !
	Initialyzed swapped data for i = 253, j = 286 sucessfully passed !
	Initialyzed swapped data for i = 253, j = 287 sucessfully passed !
	Initialyzed swapped data for i = 253, j = 288 sucessfully passed !
	Initialyzed swapped data for i = 253, j = 289 sucessfully passed !
	Initialyzed swapped data for i = 253, j = 290 sucessfully passed !
	Initialyzed swapped data for i = 253, j = 291 sucessfully passed !
	Initialyzed swapped data for i = 253, j = 292 sucessfully passed !
	Initialyzed swapped data for i = 253, j = 293 sucessfully passed !
	Initialyzed swapped data for i = 253, j = 294 sucessfully passed !
	Initialyzed swapped data for i = 253, j = 295 sucessfully passed !
	Initialyzed swapped data for i = 253, j = 296 sucessfully passed !
	Initialyzed swapped data for i = 253, j = 297 sucessfully passed !
	Initialyzed swapped data for i = 253, j = 298 sucessfully passed !
	Initialyzed swapped data for i = 253, j = 299 sucessfully passed !
	Initialyzed swapped data for i = 253, j = 300 sucessfully passed !
	Initialyzed swapped data for i = 253, j = 301 sucessfully passed !
	Initialyzed swapped data for i = 253, j = 302 sucessfully passed !
	Initialyzed swapped data for i = 253, j = 303 sucessfully passed !
	Initialyzed swapped data for i = 253, j = 304 sucessfully passed !
	Initialyzed swapped data for i = 253, j = 305 sucessfully passed !
	Initialyzed swapped data for i = 253, j = 306 sucessfully passed !
	Initialyzed swapped data for i = 253, j = 307 sucessfully passed !
	Initialyzed swapped data for i = 253, j = 308 sucessfully passed !
	Initialyzed swapped data for i = 253, j = 309 sucessfully passed !
	Initialyzed swapped data for i = 253, j = 310 sucessfully passed !
	Initialyzed swapped data for i = 253, j = 311 sucessfully passed !
	Initialyzed swapped data for i = 253, j = 312 sucessfully passed !
	Initialyzed swapped data for i = 253, j = 313 sucessfully passed !
	Initialyzed swapped data for i = 253, j = 314 sucessfully passed !
	Initialyzed swapped data for i = 253, j = 315 sucessfully passed !
	Initialyzed swapped data for i = 253, j = 316 sucessfully passed !
	Initialyzed swapped data for i = 253, j = 317 sucessfully passed !
	Initialyzed swapped data for i = 253, j = 318 sucessfully passed !
	Initialyzed swapped data for i = 253, j = 319 sucessfully passed !
	Initialyzed swapped data for i = 253, j = 320 sucessfully passed !
	Initialyzed swapped data for i = 253, j = 321 sucessfully passed !
	Initialyzed swapped data for i = 253, j = 322 sucessfully passed !
	Initialyzed swapped data for i = 253, j = 323 sucessfully passed !
	Initialyzed swapped data for i = 253, j = 324 sucessfully passed !
	Initialyzed swapped data for i = 253, j = 325 sucessfully passed !
	Initialyzed swapped data for i = 253, j = 326 sucessfully passed !
	Initialyzed swapped data for i = 253, j = 327 sucessfully passed !
	Initialyzed swapped data for i = 253, j = 328 sucessfully passed !
	Initialyzed swapped data for i = 253, j = 329 sucessfully passed !
	Initialyzed swapped data for i = 253, j = 330 sucessfully passed !
	Initialyzed swapped data for i = 253, j = 331 sucessfully passed !
	Initialyzed swapped data for i = 253, j = 332 sucessfully passed !
	Initialyzed swapped data for i = 253, j = 333 sucessfully passed !
	Initialyzed swapped data for i = 253, j = 334 sucessfully passed !
	Initialyzed swapped data for i = 253, j = 335 sucessfully passed !
	Initialyzed swapped data for i = 253, j = 336 sucessfully passed !
	Initialyzed swapped data for i = 253, j = 337 sucessfully passed !
	Initialyzed swapped data for i = 253, j = 338 sucessfully passed !
	Initialyzed swapped data for i = 253, j = 339 sucessfully passed !
	Initialyzed swapped data for i = 253, j = 340 sucessfully passed !
	Initialyzed swapped data for i = 253, j = 341 sucessfully passed !
	Initialyzed swapped data for i = 253, j = 342 sucessfully passed !
	Initialyzed swapped data for i = 253, j = 343 sucessfully passed !
	Initialyzed swapped data for i = 253, j = 344 sucessfully passed !
	Initialyzed swapped data for i = 253, j = 345 sucessfully passed !
	Initialyzed swapped data for i = 253, j = 346 sucessfully passed !
	Initialyzed swapped data for i = 253, j = 347 sucessfully passed !
	Initialyzed swapped data for i = 253, j = 348 sucessfully passed !
	Initialyzed swapped data for i = 253, j = 349 sucessfully passed !
	Initialyzed swapped data for i = 253, j = 350 sucessfully passed !
	Initialyzed swapped data for i = 253, j = 351 sucessfully passed !
	Initialyzed swapped data for i = 253, j = 352 sucessfully passed !
	Initialyzed swapped data for i = 253, j = 353 sucessfully passed !
	Initialyzed swapped data for i = 253, j = 354 sucessfully passed !
	Initialyzed swapped data for i = 253, j = 355 sucessfully passed !
	Initialyzed swapped data for i = 253, j = 356 sucessfully passed !
	Initialyzed swapped data for i = 253, j = 357 sucessfully passed !
	Initialyzed swapped data for i = 253, j = 358 sucessfully passed !
	Initialyzed swapped data for i = 253, j = 359 sucessfully passed !
	Initialyzed swapped data for i = 253, j = 360 sucessfully passed !
	Initialyzed swapped data for i = 253, j = 361 sucessfully passed !
	Initialyzed swapped data for i = 253, j = 362 sucessfully passed !
	Initialyzed swapped data for i = 253, j = 363 sucessfully passed !
	Initialyzed swapped data for i = 253, j = 364 sucessfully passed !
	Initialyzed swapped data for i = 253, j = 365 sucessfully passed !
	Initialyzed swapped data for i = 253, j = 366 sucessfully passed !
	Initialyzed swapped data for i = 253, j = 367 sucessfully passed !
	Initialyzed swapped data for i = 253, j = 368 sucessfully passed !
	Initialyzed swapped data for i = 253, j = 369 sucessfully passed !
	Initialyzed swapped data for i = 253, j = 370 sucessfully passed !
	Initialyzed swapped data for i = 253, j = 371 sucessfully passed !
	Initialyzed swapped data for i = 253, j = 372 sucessfully passed !
	Initialyzed swapped data for i = 253, j = 373 sucessfully passed !
	Initialyzed swapped data for i = 253, j = 374 sucessfully passed !
	Initialyzed swapped data for i = 253, j = 375 sucessfully passed !
	Initialyzed swapped data for i = 253, j = 376 sucessfully passed !
	Initialyzed swapped data for i = 253, j = 377 sucessfully passed !
	Initialyzed swapped data for i = 253, j = 378 sucessfully passed !
	Initialyzed swapped data for i = 253, j = 379 sucessfully passed !
	Initialyzed swapped data for i = 253, j = 380 sucessfully passed !
	Initialyzed swapped data for i = 253, j = 381 sucessfully passed !
	Initialyzed swapped data for i = 253, j = 382 sucessfully passed !
	Initialyzed swapped data for i = 253, j = 383 sucessfully passed !
	Initialyzed swapped data for i = 253, j = 384 sucessfully passed !
	Initialyzed swapped data for i = 253, j = 385 sucessfully passed !
	Initialyzed swapped data for i = 253, j = 386 sucessfully passed !
	Initialyzed swapped data for i = 253, j = 387 sucessfully passed !
	Initialyzed swapped data for i = 253, j = 388 sucessfully passed !
	Initialyzed swapped data for i = 253, j = 389 sucessfully passed !
	Initialyzed swapped data for i = 253, j = 390 sucessfully passed !
	Initialyzed swapped data for i = 253, j = 391 sucessfully passed !
	Initialyzed swapped data for i = 253, j = 392 sucessfully passed !
	Initialyzed swapped data for i = 253, j = 393 sucessfully passed !
	Initialyzed swapped data for i = 253, j = 394 sucessfully passed !
	Initialyzed swapped data for i = 253, j = 395 sucessfully passed !
	Initialyzed swapped data for i = 253, j = 396 sucessfully passed !
	Initialyzed swapped data for i = 253, j = 397 sucessfully passed !
	Initialyzed swapped data for i = 253, j = 398 sucessfully passed !
	Initialyzed swapped data for i = 253, j = 399 sucessfully passed !
	Initialyzed swapped data for i = 253, j = 400 sucessfully passed !
	Initialyzed swapped data for i = 253, j = 401 sucessfully passed !
	Initialyzed swapped data for i = 253, j = 402 sucessfully passed !
	Initialyzed swapped data for i = 253, j = 403 sucessfully passed !
	Initialyzed swapped data for i = 253, j = 404 sucessfully passed !
	Initialyzed swapped data for i = 253, j = 405 sucessfully passed !
	Initialyzed swapped data for i = 253, j = 406 sucessfully passed !
	Initialyzed swapped data for i = 253, j = 407 sucessfully passed !
	Initialyzed swapped data for i = 253, j = 408 sucessfully passed !
	Initialyzed swapped data for i = 253, j = 409 sucessfully passed !
	Initialyzed swapped data for i = 253, j = 410 sucessfully passed !
	Initialyzed swapped data for i = 253, j = 411 sucessfully passed !
	Initialyzed swapped data for i = 253, j = 412 sucessfully passed !
	Initialyzed swapped data for i = 253, j = 413 sucessfully passed !
	Initialyzed swapped data for i = 253, j = 414 sucessfully passed !
	Initialyzed swapped data for i = 253, j = 415 sucessfully passed !
	Initialyzed swapped data for i = 253, j = 416 sucessfully passed !
	Initialyzed swapped data for i = 253, j = 417 sucessfully passed !
	Initialyzed swapped data for i = 253, j = 418 sucessfully passed !
	Initialyzed swapped data for i = 253, j = 419 sucessfully passed !
	Initialyzed swapped data for i = 253, j = 420 sucessfully passed !
	Initialyzed swapped data for i = 253, j = 421 sucessfully passed !
	Initialyzed swapped data for i = 253, j = 422 sucessfully passed !
	Initialyzed swapped data for i = 253, j = 423 sucessfully passed !
	Initialyzed swapped data for i = 253, j = 424 sucessfully passed !
	Initialyzed swapped data for i = 253, j = 425 sucessfully passed !
	Initialyzed swapped data for i = 253, j = 426 sucessfully passed !
	Initialyzed swapped data for i = 253, j = 427 sucessfully passed !
	Initialyzed swapped data for i = 253, j = 428 sucessfully passed !
	Initialyzed swapped data for i = 253, j = 429 sucessfully passed !
	Initialyzed swapped data for i = 253, j = 430 sucessfully passed !
	Initialyzed swapped data for i = 253, j = 431 sucessfully passed !
	Initialyzed swapped data for i = 253, j = 432 sucessfully passed !
	Initialyzed swapped data for i = 253, j = 433 sucessfully passed !
	Initialyzed swapped data for i = 254, j = 255 sucessfully passed !
	Initialyzed swapped data for i = 254, j = 256 sucessfully passed !
	Initialyzed swapped data for i = 254, j = 257 sucessfully passed !
	Initialyzed swapped data for i = 254, j = 258 sucessfully passed !
	Initialyzed swapped data for i = 254, j = 259 sucessfully passed !
	Initialyzed swapped data for i = 254, j = 260 sucessfully passed !
	Initialyzed swapped data for i = 254, j = 261 sucessfully passed !
	Initialyzed swapped data for i = 254, j = 262 sucessfully passed !
	Initialyzed swapped data for i = 254, j = 263 sucessfully passed !
	Initialyzed swapped data for i = 254, j = 264 sucessfully passed !
	Initialyzed swapped data for i = 254, j = 265 sucessfully passed !
	Initialyzed swapped data for i = 254, j = 266 sucessfully passed !
	Initialyzed swapped data for i = 254, j = 267 sucessfully passed !
	Initialyzed swapped data for i = 254, j = 268 sucessfully passed !
	Initialyzed swapped data for i = 254, j = 269 sucessfully passed !
	Initialyzed swapped data for i = 254, j = 270 sucessfully passed !
	Initialyzed swapped data for i = 254, j = 271 sucessfully passed !
	Initialyzed swapped data for i = 254, j = 272 sucessfully passed !
	Initialyzed swapped data for i = 254, j = 273 sucessfully passed !
	Initialyzed swapped data for i = 254, j = 274 sucessfully passed !
	Initialyzed swapped data for i = 254, j = 275 sucessfully passed !
	Initialyzed swapped data for i = 254, j = 276 sucessfully passed !
	Initialyzed swapped data for i = 254, j = 277 sucessfully passed !
	Initialyzed swapped data for i = 254, j = 278 sucessfully passed !
	Initialyzed swapped data for i = 254, j = 279 sucessfully passed !
	Initialyzed swapped data for i = 254, j = 280 sucessfully passed !
	Initialyzed swapped data for i = 254, j = 281 sucessfully passed !
	Initialyzed swapped data for i = 254, j = 282 sucessfully passed !
	Initialyzed swapped data for i = 254, j = 283 sucessfully passed !
	Initialyzed swapped data for i = 254, j = 284 sucessfully passed !
	Initialyzed swapped data for i = 254, j = 285 sucessfully passed !
	Initialyzed swapped data for i = 254, j = 286 sucessfully passed !
	Initialyzed swapped data for i = 254, j = 287 sucessfully passed !
	Initialyzed swapped data for i = 254, j = 288 sucessfully passed !
	Initialyzed swapped data for i = 254, j = 289 sucessfully passed !
	Initialyzed swapped data for i = 254, j = 290 sucessfully passed !
	Initialyzed swapped data for i = 254, j = 291 sucessfully passed !
	Initialyzed swapped data for i = 254, j = 292 sucessfully passed !
	Initialyzed swapped data for i = 254, j = 293 sucessfully passed !
	Initialyzed swapped data for i = 254, j = 294 sucessfully passed !
	Initialyzed swapped data for i = 254, j = 295 sucessfully passed !
	Initialyzed swapped data for i = 254, j = 296 sucessfully passed !
	Initialyzed swapped data for i = 254, j = 297 sucessfully passed !
	Initialyzed swapped data for i = 254, j = 298 sucessfully passed !
	Initialyzed swapped data for i = 254, j = 299 sucessfully passed !
	Initialyzed swapped data for i = 254, j = 300 sucessfully passed !
	Initialyzed swapped data for i = 254, j = 301 sucessfully passed !
	Initialyzed swapped data for i = 254, j = 302 sucessfully passed !
	Initialyzed swapped data for i = 254, j = 303 sucessfully passed !
	Initialyzed swapped data for i = 254, j = 304 sucessfully passed !
	Initialyzed swapped data for i = 254, j = 305 sucessfully passed !
	Initialyzed swapped data for i = 254, j = 306 sucessfully passed !
	Initialyzed swapped data for i = 254, j = 307 sucessfully passed !
	Initialyzed swapped data for i = 254, j = 308 sucessfully passed !
	Initialyzed swapped data for i = 254, j = 309 sucessfully passed !
	Initialyzed swapped data for i = 254, j = 310 sucessfully passed !
	Initialyzed swapped data for i = 254, j = 311 sucessfully passed !
	Initialyzed swapped data for i = 254, j = 312 sucessfully passed !
	Initialyzed swapped data for i = 254, j = 313 sucessfully passed !
	Initialyzed swapped data for i = 254, j = 314 sucessfully passed !
	Initialyzed swapped data for i = 254, j = 315 sucessfully passed !
	Initialyzed swapped data for i = 254, j = 316 sucessfully passed !
	Initialyzed swapped data for i = 254, j = 317 sucessfully passed !
	Initialyzed swapped data for i = 254, j = 318 sucessfully passed !
	Initialyzed swapped data for i = 254, j = 319 sucessfully passed !
	Initialyzed swapped data for i = 254, j = 320 sucessfully passed !
	Initialyzed swapped data for i = 254, j = 321 sucessfully passed !
	Initialyzed swapped data for i = 254, j = 322 sucessfully passed !
	Initialyzed swapped data for i = 254, j = 323 sucessfully passed !
	Initialyzed swapped data for i = 254, j = 324 sucessfully passed !
	Initialyzed swapped data for i = 254, j = 325 sucessfully passed !
	Initialyzed swapped data for i = 254, j = 326 sucessfully passed !
	Initialyzed swapped data for i = 254, j = 327 sucessfully passed !
	Initialyzed swapped data for i = 254, j = 328 sucessfully passed !
	Initialyzed swapped data for i = 254, j = 329 sucessfully passed !
	Initialyzed swapped data for i = 254, j = 330 sucessfully passed !
	Initialyzed swapped data for i = 254, j = 331 sucessfully passed !
	Initialyzed swapped data for i = 254, j = 332 sucessfully passed !
	Initialyzed swapped data for i = 254, j = 333 sucessfully passed !
	Initialyzed swapped data for i = 254, j = 334 sucessfully passed !
	Initialyzed swapped data for i = 254, j = 335 sucessfully passed !
	Initialyzed swapped data for i = 254, j = 336 sucessfully passed !
	Initialyzed swapped data for i = 254, j = 337 sucessfully passed !
	Initialyzed swapped data for i = 254, j = 338 sucessfully passed !
	Initialyzed swapped data for i = 254, j = 339 sucessfully passed !
	Initialyzed swapped data for i = 254, j = 340 sucessfully passed !
	Initialyzed swapped data for i = 254, j = 341 sucessfully passed !
	Initialyzed swapped data for i = 254, j = 342 sucessfully passed !
	Initialyzed swapped data for i = 254, j = 343 sucessfully passed !
	Initialyzed swapped data for i = 254, j = 344 sucessfully passed !
	Initialyzed swapped data for i = 254, j = 345 sucessfully passed !
	Initialyzed swapped data for i = 254, j = 346 sucessfully passed !
	Initialyzed swapped data for i = 254, j = 347 sucessfully passed !
	Initialyzed swapped data for i = 254, j = 348 sucessfully passed !
	Initialyzed swapped data for i = 254, j = 349 sucessfully passed !
	Initialyzed swapped data for i = 254, j = 350 sucessfully passed !
	Initialyzed swapped data for i = 254, j = 351 sucessfully passed !
	Initialyzed swapped data for i = 254, j = 352 sucessfully passed !
	Initialyzed swapped data for i = 254, j = 353 sucessfully passed !
	Initialyzed swapped data for i = 254, j = 354 sucessfully passed !
	Initialyzed swapped data for i = 254, j = 355 sucessfully passed !
	Initialyzed swapped data for i = 254, j = 356 sucessfully passed !
	Initialyzed swapped data for i = 254, j = 357 sucessfully passed !
	Initialyzed swapped data for i = 254, j = 358 sucessfully passed !
	Initialyzed swapped data for i = 254, j = 359 sucessfully passed !
	Initialyzed swapped data for i = 254, j = 360 sucessfully passed !
	Initialyzed swapped data for i = 254, j = 361 sucessfully passed !
	Initialyzed swapped data for i = 254, j = 362 sucessfully passed !
	Initialyzed swapped data for i = 254, j = 363 sucessfully passed !
	Initialyzed swapped data for i = 254, j = 364 sucessfully passed !
	Initialyzed swapped data for i = 254, j = 365 sucessfully passed !
	Initialyzed swapped data for i = 254, j = 366 sucessfully passed !
	Initialyzed swapped data for i = 254, j = 367 sucessfully passed !
	Initialyzed swapped data for i = 254, j = 368 sucessfully passed !
	Initialyzed swapped data for i = 254, j = 369 sucessfully passed !
	Initialyzed swapped data for i = 254, j = 370 sucessfully passed !
	Initialyzed swapped data for i = 254, j = 371 sucessfully passed !
	Initialyzed swapped data for i = 254, j = 372 sucessfully passed !
	Initialyzed swapped data for i = 254, j = 373 sucessfully passed !
	Initialyzed swapped data for i = 254, j = 374 sucessfully passed !
	Initialyzed swapped data for i = 254, j = 375 sucessfully passed !
	Initialyzed swapped data for i = 254, j = 376 sucessfully passed !
	Initialyzed swapped data for i = 254, j = 377 sucessfully passed !
	Initialyzed swapped data for i = 254, j = 378 sucessfully passed !
	Initialyzed swapped data for i = 254, j = 379 sucessfully passed !
	Initialyzed swapped data for i = 254, j = 380 sucessfully passed !
	Initialyzed swapped data for i = 254, j = 381 sucessfully passed !
	Initialyzed swapped data for i = 254, j = 382 sucessfully passed !
	Initialyzed swapped data for i = 254, j = 383 sucessfully passed !
	Initialyzed swapped data for i = 254, j = 384 sucessfully passed !
	Initialyzed swapped data for i = 254, j = 385 sucessfully passed !
	Initialyzed swapped data for i = 254, j = 386 sucessfully passed !
	Initialyzed swapped data for i = 254, j = 387 sucessfully passed !
	Initialyzed swapped data for i = 254, j = 388 sucessfully passed !
	Initialyzed swapped data for i = 254, j = 389 sucessfully passed !
	Initialyzed swapped data for i = 254, j = 390 sucessfully passed !
	Initialyzed swapped data for i = 254, j = 391 sucessfully passed !
	Initialyzed swapped data for i = 254, j = 392 sucessfully passed !
	Initialyzed swapped data for i = 254, j = 393 sucessfully passed !
	Initialyzed swapped data for i = 254, j = 394 sucessfully passed !
	Initialyzed swapped data for i = 254, j = 395 sucessfully passed !
	Initialyzed swapped data for i = 254, j = 396 sucessfully passed !
	Initialyzed swapped data for i = 254, j = 397 sucessfully passed !
	Initialyzed swapped data for i = 254, j = 398 sucessfully passed !
	Initialyzed swapped data for i = 254, j = 399 sucessfully passed !
	Initialyzed swapped data for i = 254, j = 400 sucessfully passed !
	Initialyzed swapped data for i = 254, j = 401 sucessfully passed !
	Initialyzed swapped data for i = 254, j = 402 sucessfully passed !
	Initialyzed swapped data for i = 254, j = 403 sucessfully passed !
	Initialyzed swapped data for i = 254, j = 404 sucessfully passed !
	Initialyzed swapped data for i = 254, j = 405 sucessfully passed !
	Initialyzed swapped data for i = 254, j = 406 sucessfully passed !
	Initialyzed swapped data for i = 254, j = 407 sucessfully passed !
	Initialyzed swapped data for i = 254, j = 408 sucessfully passed !
	Initialyzed swapped data for i = 254, j = 409 sucessfully passed !
	Initialyzed swapped data for i = 254, j = 410 sucessfully passed !
	Initialyzed swapped data for i = 254, j = 411 sucessfully passed !
	Initialyzed swapped data for i = 254, j = 412 sucessfully passed !
	Initialyzed swapped data for i = 254, j = 413 sucessfully passed !
	Initialyzed swapped data for i = 254, j = 414 sucessfully passed !
	Initialyzed swapped data for i = 254, j = 415 sucessfully passed !
	Initialyzed swapped data for i = 254, j = 416 sucessfully passed !
	Initialyzed swapped data for i = 254, j = 417 sucessfully passed !
	Initialyzed swapped data for i = 254, j = 418 sucessfully passed !
	Initialyzed swapped data for i = 254, j = 419 sucessfully passed !
	Initialyzed swapped data for i = 254, j = 420 sucessfully passed !
	Initialyzed swapped data for i = 254, j = 421 sucessfully passed !
	Initialyzed swapped data for i = 254, j = 422 sucessfully passed !
	Initialyzed swapped data for i = 254, j = 423 sucessfully passed !
	Initialyzed swapped data for i = 254, j = 424 sucessfully passed !
	Initialyzed swapped data for i = 254, j = 425 sucessfully passed !
	Initialyzed swapped data for i = 254, j = 426 sucessfully passed !
	Initialyzed swapped data for i = 254, j = 427 sucessfully passed !
	Initialyzed swapped data for i = 254, j = 428 sucessfully passed !
	Initialyzed swapped data for i = 254, j = 429 sucessfully passed !
	Initialyzed swapped data for i = 254, j = 430 sucessfully passed !
	Initialyzed swapped data for i = 254, j = 431 sucessfully passed !
	Initialyzed swapped data for i = 254, j = 432 sucessfully passed !
	Initialyzed swapped data for i = 254, j = 433 sucessfully passed !
	Initialyzed swapped data for i = 255, j = 256 sucessfully passed !
	Initialyzed swapped data for i = 255, j = 257 sucessfully passed !
	Initialyzed swapped data for i = 255, j = 258 sucessfully passed !
	Initialyzed swapped data for i = 255, j = 259 sucessfully passed !
	Initialyzed swapped data for i = 255, j = 260 sucessfully passed !
	Initialyzed swapped data for i = 255, j = 261 sucessfully passed !
	Initialyzed swapped data for i = 255, j = 262 sucessfully passed !
	Initialyzed swapped data for i = 255, j = 263 sucessfully passed !
	Initialyzed swapped data for i = 255, j = 264 sucessfully passed !
	Initialyzed swapped data for i = 255, j = 265 sucessfully passed !
	Initialyzed swapped data for i = 255, j = 266 sucessfully passed !
	Initialyzed swapped data for i = 255, j = 267 sucessfully passed !
	Initialyzed swapped data for i = 255, j = 268 sucessfully passed !
	Initialyzed swapped data for i = 255, j = 269 sucessfully passed !
	Initialyzed swapped data for i = 255, j = 270 sucessfully passed !
	Initialyzed swapped data for i = 255, j = 271 sucessfully passed !
	Initialyzed swapped data for i = 255, j = 272 sucessfully passed !
	Initialyzed swapped data for i = 255, j = 273 sucessfully passed !
	Initialyzed swapped data for i = 255, j = 274 sucessfully passed !
	Initialyzed swapped data for i = 255, j = 275 sucessfully passed !
	Initialyzed swapped data for i = 255, j = 276 sucessfully passed !
	Initialyzed swapped data for i = 255, j = 277 sucessfully passed !
	Initialyzed swapped data for i = 255, j = 278 sucessfully passed !
	Initialyzed swapped data for i = 255, j = 279 sucessfully passed !
	Initialyzed swapped data for i = 255, j = 280 sucessfully passed !
	Initialyzed swapped data for i = 255, j = 281 sucessfully passed !
	Initialyzed swapped data for i = 255, j = 282 sucessfully passed !
	Initialyzed swapped data for i = 255, j = 283 sucessfully passed !
	Initialyzed swapped data for i = 255, j = 284 sucessfully passed !
	Initialyzed swapped data for i = 255, j = 285 sucessfully passed !
	Initialyzed swapped data for i = 255, j = 286 sucessfully passed !
	Initialyzed swapped data for i = 255, j = 287 sucessfully passed !
	Initialyzed swapped data for i = 255, j = 288 sucessfully passed !
	Initialyzed swapped data for i = 255, j = 289 sucessfully passed !
	Initialyzed swapped data for i = 255, j = 290 sucessfully passed !
	Initialyzed swapped data for i = 255, j = 291 sucessfully passed !
	Initialyzed swapped data for i = 255, j = 292 sucessfully passed !
	Initialyzed swapped data for i = 255, j = 293 sucessfully passed !
	Initialyzed swapped data for i = 255, j = 294 sucessfully passed !
	Initialyzed swapped data for i = 255, j = 295 sucessfully passed !
	Initialyzed swapped data for i = 255, j = 296 sucessfully passed !
	Initialyzed swapped data for i = 255, j = 297 sucessfully passed !
	Initialyzed swapped data for i = 255, j = 298 sucessfully passed !
	Initialyzed swapped data for i = 255, j = 299 sucessfully passed !
	Initialyzed swapped data for i = 255, j = 300 sucessfully passed !
	Initialyzed swapped data for i = 255, j = 301 sucessfully passed !
	Initialyzed swapped data for i = 255, j = 302 sucessfully passed !
	Initialyzed swapped data for i = 255, j = 303 sucessfully passed !
	Initialyzed swapped data for i = 255, j = 304 sucessfully passed !
	Initialyzed swapped data for i = 255, j = 305 sucessfully passed !
	Initialyzed swapped data for i = 255, j = 306 sucessfully passed !
	Initialyzed swapped data for i = 255, j = 307 sucessfully passed !
	Initialyzed swapped data for i = 255, j = 308 sucessfully passed !
	Initialyzed swapped data for i = 255, j = 309 sucessfully passed !
	Initialyzed swapped data for i = 255, j = 310 sucessfully passed !
	Initialyzed swapped data for i = 255, j = 311 sucessfully passed !
	Initialyzed swapped data for i = 255, j = 312 sucessfully passed !
	Initialyzed swapped data for i = 255, j = 313 sucessfully passed !
	Initialyzed swapped data for i = 255, j = 314 sucessfully passed !
	Initialyzed swapped data for i = 255, j = 315 sucessfully passed !
	Initialyzed swapped data for i = 255, j = 316 sucessfully passed !
	Initialyzed swapped data for i = 255, j = 317 sucessfully passed !
	Initialyzed swapped data for i = 255, j = 318 sucessfully passed !
	Initialyzed swapped data for i = 255, j = 319 sucessfully passed !
	Initialyzed swapped data for i = 255, j = 320 sucessfully passed !
	Initialyzed swapped data for i = 255, j = 321 sucessfully passed !
	Initialyzed swapped data for i = 255, j = 322 sucessfully passed !
	Initialyzed swapped data for i = 255, j = 323 sucessfully passed !
	Initialyzed swapped data for i = 255, j = 324 sucessfully passed !
	Initialyzed swapped data for i = 255, j = 325 sucessfully passed !
	Initialyzed swapped data for i = 255, j = 326 sucessfully passed !
	Initialyzed swapped data for i = 255, j = 327 sucessfully passed !
	Initialyzed swapped data for i = 255, j = 328 sucessfully passed !
	Initialyzed swapped data for i = 255, j = 329 sucessfully passed !
	Initialyzed swapped data for i = 255, j = 330 sucessfully passed !
	Initialyzed swapped data for i = 255, j = 331 sucessfully passed !
	Initialyzed swapped data for i = 255, j = 332 sucessfully passed !
	Initialyzed swapped data for i = 255, j = 333 sucessfully passed !
	Initialyzed swapped data for i = 255, j = 334 sucessfully passed !
	Initialyzed swapped data for i = 255, j = 335 sucessfully passed !
	Initialyzed swapped data for i = 255, j = 336 sucessfully passed !
	Initialyzed swapped data for i = 255, j = 337 sucessfully passed !
	Initialyzed swapped data for i = 255, j = 338 sucessfully passed !
	Initialyzed swapped data for i = 255, j = 339 sucessfully passed !
	Initialyzed swapped data for i = 255, j = 340 sucessfully passed !
	Initialyzed swapped data for i = 255, j = 341 sucessfully passed !
	Initialyzed swapped data for i = 255, j = 342 sucessfully passed !
	Initialyzed swapped data for i = 255, j = 343 sucessfully passed !
	Initialyzed swapped data for i = 255, j = 344 sucessfully passed !
	Initialyzed swapped data for i = 255, j = 345 sucessfully passed !
	Initialyzed swapped data for i = 255, j = 346 sucessfully passed !
	Initialyzed swapped data for i = 255, j = 347 sucessfully passed !
	Initialyzed swapped data for i = 255, j = 348 sucessfully passed !
	Initialyzed swapped data for i = 255, j = 349 sucessfully passed !
	Initialyzed swapped data for i = 255, j = 350 sucessfully passed !
	Initialyzed swapped data for i = 255, j = 351 sucessfully passed !
	Initialyzed swapped data for i = 255, j = 352 sucessfully passed !
	Initialyzed swapped data for i = 255, j = 353 sucessfully passed !
	Initialyzed swapped data for i = 255, j = 354 sucessfully passed !
	Initialyzed swapped data for i = 255, j = 355 sucessfully passed !
	Initialyzed swapped data for i = 255, j = 356 sucessfully passed !
	Initialyzed swapped data for i = 255, j = 357 sucessfully passed !
	Initialyzed swapped data for i = 255, j = 358 sucessfully passed !
	Initialyzed swapped data for i = 255, j = 359 sucessfully passed !
	Initialyzed swapped data for i = 255, j = 360 sucessfully passed !
	Initialyzed swapped data for i = 255, j = 361 sucessfully passed !
	Initialyzed swapped data for i = 255, j = 362 sucessfully passed !
	Initialyzed swapped data for i = 255, j = 363 sucessfully passed !
	Initialyzed swapped data for i = 255, j = 364 sucessfully passed !
	Initialyzed swapped data for i = 255, j = 365 sucessfully passed !
	Initialyzed swapped data for i = 255, j = 366 sucessfully passed !
	Initialyzed swapped data for i = 255, j = 367 sucessfully passed !
	Initialyzed swapped data for i = 255, j = 368 sucessfully passed !
	Initialyzed swapped data for i = 255, j = 369 sucessfully passed !
	Initialyzed swapped data for i = 255, j = 370 sucessfully passed !
	Initialyzed swapped data for i = 255, j = 371 sucessfully passed !
	Initialyzed swapped data for i = 255, j = 372 sucessfully passed !
	Initialyzed swapped data for i = 255, j = 373 sucessfully passed !
	Initialyzed swapped data for i = 255, j = 374 sucessfully passed !
	Initialyzed swapped data for i = 255, j = 375 sucessfully passed !
	Initialyzed swapped data for i = 255, j = 376 sucessfully passed !
	Initialyzed swapped data for i = 255, j = 377 sucessfully passed !
	Initialyzed swapped data for i = 255, j = 378 sucessfully passed !
	Initialyzed swapped data for i = 255, j = 379 sucessfully passed !
	Initialyzed swapped data for i = 255, j = 380 sucessfully passed !
	Initialyzed swapped data for i = 255, j = 381 sucessfully passed !
	Initialyzed swapped data for i = 255, j = 382 sucessfully passed !
	Initialyzed swapped data for i = 255, j = 383 sucessfully passed !
	Initialyzed swapped data for i = 255, j = 384 sucessfully passed !
	Initialyzed swapped data for i = 255, j = 385 sucessfully passed !
	Initialyzed swapped data for i = 255, j = 386 sucessfully passed !
	Initialyzed swapped data for i = 255, j = 387 sucessfully passed !
	Initialyzed swapped data for i = 255, j = 388 sucessfully passed !
	Initialyzed swapped data for i = 255, j = 389 sucessfully passed !
	Initialyzed swapped data for i = 255, j = 390 sucessfully passed !
	Initialyzed swapped data for i = 255, j = 391 sucessfully passed !
	Initialyzed swapped data for i = 255, j = 392 sucessfully passed !
	Initialyzed swapped data for i = 255, j = 393 sucessfully passed !
	Initialyzed swapped data for i = 255, j = 394 sucessfully passed !
	Initialyzed swapped data for i = 255, j = 395 sucessfully passed !
	Initialyzed swapped data for i = 255, j = 396 sucessfully passed !
	Initialyzed swapped data for i = 255, j = 397 sucessfully passed !
	Initialyzed swapped data for i = 255, j = 398 sucessfully passed !
	Initialyzed swapped data for i = 255, j = 399 sucessfully passed !
	Initialyzed swapped data for i = 255, j = 400 sucessfully passed !
	Initialyzed swapped data for i = 255, j = 401 sucessfully passed !
	Initialyzed swapped data for i = 255, j = 402 sucessfully passed !
	Initialyzed swapped data for i = 255, j = 403 sucessfully passed !
	Initialyzed swapped data for i = 255, j = 404 sucessfully passed !
	Initialyzed swapped data for i = 255, j = 405 sucessfully passed !
	Initialyzed swapped data for i = 255, j = 406 sucessfully passed !
	Initialyzed swapped data for i = 255, j = 407 sucessfully passed !
	Initialyzed swapped data for i = 255, j = 408 sucessfully passed !
	Initialyzed swapped data for i = 255, j = 409 sucessfully passed !
	Initialyzed swapped data for i = 255, j = 410 sucessfully passed !
	Initialyzed swapped data for i = 255, j = 411 sucessfully passed !
	Initialyzed swapped data for i = 255, j = 412 sucessfully passed !
	Initialyzed swapped data for i = 255, j = 413 sucessfully passed !
	Initialyzed swapped data for i = 255, j = 414 sucessfully passed !
	Initialyzed swapped data for i = 255, j = 415 sucessfully passed !
	Initialyzed swapped data for i = 255, j = 416 sucessfully passed !
	Initialyzed swapped data for i = 255, j = 417 sucessfully passed !
	Initialyzed swapped data for i = 255, j = 418 sucessfully passed !
	Initialyzed swapped data for i = 255, j = 419 sucessfully passed !
	Initialyzed swapped data for i = 255, j = 420 sucessfully passed !
	Initialyzed swapped data for i = 255, j = 421 sucessfully passed !
	Initialyzed swapped data for i = 255, j = 422 sucessfully passed !
	Initialyzed swapped data for i = 255, j = 423 sucessfully passed !
	Initialyzed swapped data for i = 255, j = 424 sucessfully passed !
	Initialyzed swapped data for i = 255, j = 425 sucessfully passed !
	Initialyzed swapped data for i = 255, j = 426 sucessfully passed !
	Initialyzed swapped data for i = 255, j = 427 sucessfully passed !
	Initialyzed swapped data for i = 255, j = 428 sucessfully passed !
	Initialyzed swapped data for i = 255, j = 429 sucessfully passed !
	Initialyzed swapped data for i = 255, j = 430 sucessfully passed !
	Initialyzed swapped data for i = 255, j = 431 sucessfully passed !
	Initialyzed swapped data for i = 255, j = 432 sucessfully passed !
	Initialyzed swapped data for i = 255, j = 433 sucessfully passed !
	Initialyzed swapped data for i = 256, j = 257 sucessfully passed !
	Initialyzed swapped data for i = 256, j = 258 sucessfully passed !
	Initialyzed swapped data for i = 256, j = 259 sucessfully passed !
	Initialyzed swapped data for i = 256, j = 260 sucessfully passed !
	Initialyzed swapped data for i = 256, j = 261 sucessfully passed !
	Initialyzed swapped data for i = 256, j = 262 sucessfully passed !
	Initialyzed swapped data for i = 256, j = 263 sucessfully passed !
	Initialyzed swapped data for i = 256, j = 264 sucessfully passed !
	Initialyzed swapped data for i = 256, j = 265 sucessfully passed !
	Initialyzed swapped data for i = 256, j = 266 sucessfully passed !
	Initialyzed swapped data for i = 256, j = 267 sucessfully passed !
	Initialyzed swapped data for i = 256, j = 268 sucessfully passed !
	Initialyzed swapped data for i = 256, j = 269 sucessfully passed !
	Initialyzed swapped data for i = 256, j = 270 sucessfully passed !
	Initialyzed swapped data for i = 256, j = 271 sucessfully passed !
	Initialyzed swapped data for i = 256, j = 272 sucessfully passed !
	Initialyzed swapped data for i = 256, j = 273 sucessfully passed !
	Initialyzed swapped data for i = 256, j = 274 sucessfully passed !
	Initialyzed swapped data for i = 256, j = 275 sucessfully passed !
	Initialyzed swapped data for i = 256, j = 276 sucessfully passed !
	Initialyzed swapped data for i = 256, j = 277 sucessfully passed !
	Initialyzed swapped data for i = 256, j = 278 sucessfully passed !
	Initialyzed swapped data for i = 256, j = 279 sucessfully passed !
	Initialyzed swapped data for i = 256, j = 280 sucessfully passed !
	Initialyzed swapped data for i = 256, j = 281 sucessfully passed !
	Initialyzed swapped data for i = 256, j = 282 sucessfully passed !
	Initialyzed swapped data for i = 256, j = 283 sucessfully passed !
	Initialyzed swapped data for i = 256, j = 284 sucessfully passed !
	Initialyzed swapped data for i = 256, j = 285 sucessfully passed !
	Initialyzed swapped data for i = 256, j = 286 sucessfully passed !
	Initialyzed swapped data for i = 256, j = 287 sucessfully passed !
	Initialyzed swapped data for i = 256, j = 288 sucessfully passed !
	Initialyzed swapped data for i = 256, j = 289 sucessfully passed !
	Initialyzed swapped data for i = 256, j = 290 sucessfully passed !
	Initialyzed swapped data for i = 256, j = 291 sucessfully passed !
	Initialyzed swapped data for i = 256, j = 292 sucessfully passed !
	Initialyzed swapped data for i = 256, j = 293 sucessfully passed !
	Initialyzed swapped data for i = 256, j = 294 sucessfully passed !
	Initialyzed swapped data for i = 256, j = 295 sucessfully passed !
	Initialyzed swapped data for i = 256, j = 296 sucessfully passed !
	Initialyzed swapped data for i = 256, j = 297 sucessfully passed !
	Initialyzed swapped data for i = 256, j = 298 sucessfully passed !
	Initialyzed swapped data for i = 256, j = 299 sucessfully passed !
	Initialyzed swapped data for i = 256, j = 300 sucessfully passed !
	Initialyzed swapped data for i = 256, j = 301 sucessfully passed !
	Initialyzed swapped data for i = 256, j = 302 sucessfully passed !
	Initialyzed swapped data for i = 256, j = 303 sucessfully passed !
	Initialyzed swapped data for i = 256, j = 304 sucessfully passed !
	Initialyzed swapped data for i = 256, j = 305 sucessfully passed !
	Initialyzed swapped data for i = 256, j = 306 sucessfully passed !
	Initialyzed swapped data for i = 256, j = 307 sucessfully passed !
	Initialyzed swapped data for i = 256, j = 308 sucessfully passed !
	Initialyzed swapped data for i = 256, j = 309 sucessfully passed !
	Initialyzed swapped data for i = 256, j = 310 sucessfully passed !
	Initialyzed swapped data for i = 256, j = 311 sucessfully passed !
	Initialyzed swapped data for i = 256, j = 312 sucessfully passed !
	Initialyzed swapped data for i = 256, j = 313 sucessfully passed !
	Initialyzed swapped data for i = 256, j = 314 sucessfully passed !
	Initialyzed swapped data for i = 256, j = 315 sucessfully passed !
	Initialyzed swapped data for i = 256, j = 316 sucessfully passed !
	Initialyzed swapped data for i = 256, j = 317 sucessfully passed !
	Initialyzed swapped data for i = 256, j = 318 sucessfully passed !
	Initialyzed swapped data for i = 256, j = 319 sucessfully passed !
	Initialyzed swapped data for i = 256, j = 320 sucessfully passed !
	Initialyzed swapped data for i = 256, j = 321 sucessfully passed !
	Initialyzed swapped data for i = 256, j = 322 sucessfully passed !
	Initialyzed swapped data for i = 256, j = 323 sucessfully passed !
	Initialyzed swapped data for i = 256, j = 324 sucessfully passed !
	Initialyzed swapped data for i = 256, j = 325 sucessfully passed !
	Initialyzed swapped data for i = 256, j = 326 sucessfully passed !
	Initialyzed swapped data for i = 256, j = 327 sucessfully passed !
	Initialyzed swapped data for i = 256, j = 328 sucessfully passed !
	Initialyzed swapped data for i = 256, j = 329 sucessfully passed !
	Initialyzed swapped data for i = 256, j = 330 sucessfully passed !
	Initialyzed swapped data for i = 256, j = 331 sucessfully passed !
	Initialyzed swapped data for i = 256, j = 332 sucessfully passed !
	Initialyzed swapped data for i = 256, j = 333 sucessfully passed !
	Initialyzed swapped data for i = 256, j = 334 sucessfully passed !
	Initialyzed swapped data for i = 256, j = 335 sucessfully passed !
	Initialyzed swapped data for i = 256, j = 336 sucessfully passed !
	Initialyzed swapped data for i = 256, j = 337 sucessfully passed !
	Initialyzed swapped data for i = 256, j = 338 sucessfully passed !
	Initialyzed swapped data for i = 256, j = 339 sucessfully passed !
	Initialyzed swapped data for i = 256, j = 340 sucessfully passed !
	Initialyzed swapped data for i = 256, j = 341 sucessfully passed !
	Initialyzed swapped data for i = 256, j = 342 sucessfully passed !
	Initialyzed swapped data for i = 256, j = 343 sucessfully passed !
	Initialyzed swapped data for i = 256, j = 344 sucessfully passed !
	Initialyzed swapped data for i = 256, j = 345 sucessfully passed !
	Initialyzed swapped data for i = 256, j = 346 sucessfully passed !
	Initialyzed swapped data for i = 256, j = 347 sucessfully passed !
	Initialyzed swapped data for i = 256, j = 348 sucessfully passed !
	Initialyzed swapped data for i = 256, j = 349 sucessfully passed !
	Initialyzed swapped data for i = 256, j = 350 sucessfully passed !
	Initialyzed swapped data for i = 256, j = 351 sucessfully passed !
	Initialyzed swapped data for i = 256, j = 352 sucessfully passed !
	Initialyzed swapped data for i = 256, j = 353 sucessfully passed !
	Initialyzed swapped data for i = 256, j = 354 sucessfully passed !
	Initialyzed swapped data for i = 256, j = 355 sucessfully passed !
	Initialyzed swapped data for i = 256, j = 356 sucessfully passed !
	Initialyzed swapped data for i = 256, j = 357 sucessfully passed !
	Initialyzed swapped data for i = 256, j = 358 sucessfully passed !
	Initialyzed swapped data for i = 256, j = 359 sucessfully passed !
	Initialyzed swapped data for i = 256, j = 360 sucessfully passed !
	Initialyzed swapped data for i = 256, j = 361 sucessfully passed !
	Initialyzed swapped data for i = 256, j = 362 sucessfully passed !
	Initialyzed swapped data for i = 256, j = 363 sucessfully passed !
	Initialyzed swapped data for i = 256, j = 364 sucessfully passed !
	Initialyzed swapped data for i = 256, j = 365 sucessfully passed !
	Initialyzed swapped data for i = 256, j = 366 sucessfully passed !
	Initialyzed swapped data for i = 256, j = 367 sucessfully passed !
	Initialyzed swapped data for i = 256, j = 368 sucessfully passed !
	Initialyzed swapped data for i = 256, j = 369 sucessfully passed !
	Initialyzed swapped data for i = 256, j = 370 sucessfully passed !
	Initialyzed swapped data for i = 256, j = 371 sucessfully passed !
	Initialyzed swapped data for i = 256, j = 372 sucessfully passed !
	Initialyzed swapped data for i = 256, j = 373 sucessfully passed !
	Initialyzed swapped data for i = 256, j = 374 sucessfully passed !
	Initialyzed swapped data for i = 256, j = 375 sucessfully passed !
	Initialyzed swapped data for i = 256, j = 376 sucessfully passed !
	Initialyzed swapped data for i = 256, j = 377 sucessfully passed !
	Initialyzed swapped data for i = 256, j = 378 sucessfully passed !
	Initialyzed swapped data for i = 256, j = 379 sucessfully passed !
	Initialyzed swapped data for i = 256, j = 380 sucessfully passed !
	Initialyzed swapped data for i = 256, j = 381 sucessfully passed !
	Initialyzed swapped data for i = 256, j = 382 sucessfully passed !
	Initialyzed swapped data for i = 256, j = 383 sucessfully passed !
	Initialyzed swapped data for i = 256, j = 384 sucessfully passed !
	Initialyzed swapped data for i = 256, j = 385 sucessfully passed !
	Initialyzed swapped data for i = 256, j = 386 sucessfully passed !
	Initialyzed swapped data for i = 256, j = 387 sucessfully passed !
	Initialyzed swapped data for i = 256, j = 388 sucessfully passed !
	Initialyzed swapped data for i = 256, j = 389 sucessfully passed !
	Initialyzed swapped data for i = 256, j = 390 sucessfully passed !
	Initialyzed swapped data for i = 256, j = 391 sucessfully passed !
	Initialyzed swapped data for i = 256, j = 392 sucessfully passed !
	Initialyzed swapped data for i = 256, j = 393 sucessfully passed !
	Initialyzed swapped data for i = 256, j = 394 sucessfully passed !
	Initialyzed swapped data for i = 256, j = 395 sucessfully passed !
	Initialyzed swapped data for i = 256, j = 396 sucessfully passed !
	Initialyzed swapped data for i = 256, j = 397 sucessfully passed !
	Initialyzed swapped data for i = 256, j = 398 sucessfully passed !
	Initialyzed swapped data for i = 256, j = 399 sucessfully passed !
	Initialyzed swapped data for i = 256, j = 400 sucessfully passed !
	Initialyzed swapped data for i = 256, j = 401 sucessfully passed !
	Initialyzed swapped data for i = 256, j = 402 sucessfully passed !
	Initialyzed swapped data for i = 256, j = 403 sucessfully passed !
	Initialyzed swapped data for i = 256, j = 404 sucessfully passed !
	Initialyzed swapped data for i = 256, j = 405 sucessfully passed !
	Initialyzed swapped data for i = 256, j = 406 sucessfully passed !
	Initialyzed swapped data for i = 256, j = 407 sucessfully passed !
	Initialyzed swapped data for i = 256, j = 408 sucessfully passed !
	Initialyzed swapped data for i = 256, j = 409 sucessfully passed !
	Initialyzed swapped data for i = 256, j = 410 sucessfully passed !
	Initialyzed swapped data for i = 256, j = 411 sucessfully passed !
	Initialyzed swapped data for i = 256, j = 412 sucessfully passed !
	Initialyzed swapped data for i = 256, j = 413 sucessfully passed !
	Initialyzed swapped data for i = 256, j = 414 sucessfully passed !
	Initialyzed swapped data for i = 256, j = 415 sucessfully passed !
	Initialyzed swapped data for i = 256, j = 416 sucessfully passed !
	Initialyzed swapped data for i = 256, j = 417 sucessfully passed !
	Initialyzed swapped data for i = 256, j = 418 sucessfully passed !
	Initialyzed swapped data for i = 256, j = 419 sucessfully passed !
	Initialyzed swapped data for i = 256, j = 420 sucessfully passed !
	Initialyzed swapped data for i = 256, j = 421 sucessfully passed !
	Initialyzed swapped data for i = 256, j = 422 sucessfully passed !
	Initialyzed swapped data for i = 256, j = 423 sucessfully passed !
	Initialyzed swapped data for i = 256, j = 424 sucessfully passed !
	Initialyzed swapped data for i = 256, j = 425 sucessfully passed !
	Initialyzed swapped data for i = 256, j = 426 sucessfully passed !
	Initialyzed swapped data for i = 256, j = 427 sucessfully passed !
	Initialyzed swapped data for i = 256, j = 428 sucessfully passed !
	Initialyzed swapped data for i = 256, j = 429 sucessfully passed !
	Initialyzed swapped data for i = 256, j = 430 sucessfully passed !
	Initialyzed swapped data for i = 256, j = 431 sucessfully passed !
	Initialyzed swapped data for i = 256, j = 432 sucessfully passed !
	Initialyzed swapped data for i = 256, j = 433 sucessfully passed !
	Initialyzed swapped data for i = 257, j = 258 sucessfully passed !
	Initialyzed swapped data for i = 257, j = 259 sucessfully passed !
	Initialyzed swapped data for i = 257, j = 260 sucessfully passed !
	Initialyzed swapped data for i = 257, j = 261 sucessfully passed !
	Initialyzed swapped data for i = 257, j = 262 sucessfully passed !
	Initialyzed swapped data for i = 257, j = 263 sucessfully passed !
	Initialyzed swapped data for i = 257, j = 264 sucessfully passed !
	Initialyzed swapped data for i = 257, j = 265 sucessfully passed !
	Initialyzed swapped data for i = 257, j = 266 sucessfully passed !
	Initialyzed swapped data for i = 257, j = 267 sucessfully passed !
	Initialyzed swapped data for i = 257, j = 268 sucessfully passed !
	Initialyzed swapped data for i = 257, j = 269 sucessfully passed !
	Initialyzed swapped data for i = 257, j = 270 sucessfully passed !
	Initialyzed swapped data for i = 257, j = 271 sucessfully passed !
	Initialyzed swapped data for i = 257, j = 272 sucessfully passed !
	Initialyzed swapped data for i = 257, j = 273 sucessfully passed !
	Initialyzed swapped data for i = 257, j = 274 sucessfully passed !
	Initialyzed swapped data for i = 257, j = 275 sucessfully passed !
	Initialyzed swapped data for i = 257, j = 276 sucessfully passed !
	Initialyzed swapped data for i = 257, j = 277 sucessfully passed !
	Initialyzed swapped data for i = 257, j = 278 sucessfully passed !
	Initialyzed swapped data for i = 257, j = 279 sucessfully passed !
	Initialyzed swapped data for i = 257, j = 280 sucessfully passed !
	Initialyzed swapped data for i = 257, j = 281 sucessfully passed !
	Initialyzed swapped data for i = 257, j = 282 sucessfully passed !
	Initialyzed swapped data for i = 257, j = 283 sucessfully passed !
	Initialyzed swapped data for i = 257, j = 284 sucessfully passed !
	Initialyzed swapped data for i = 257, j = 285 sucessfully passed !
	Initialyzed swapped data for i = 257, j = 286 sucessfully passed !
	Initialyzed swapped data for i = 257, j = 287 sucessfully passed !
	Initialyzed swapped data for i = 257, j = 288 sucessfully passed !
	Initialyzed swapped data for i = 257, j = 289 sucessfully passed !
	Initialyzed swapped data for i = 257, j = 290 sucessfully passed !
	Initialyzed swapped data for i = 257, j = 291 sucessfully passed !
	Initialyzed swapped data for i = 257, j = 292 sucessfully passed !
	Initialyzed swapped data for i = 257, j = 293 sucessfully passed !
	Initialyzed swapped data for i = 257, j = 294 sucessfully passed !
	Initialyzed swapped data for i = 257, j = 295 sucessfully passed !
	Initialyzed swapped data for i = 257, j = 296 sucessfully passed !
	Initialyzed swapped data for i = 257, j = 297 sucessfully passed !
	Initialyzed swapped data for i = 257, j = 298 sucessfully passed !
	Initialyzed swapped data for i = 257, j = 299 sucessfully passed !
	Initialyzed swapped data for i = 257, j = 300 sucessfully passed !
	Initialyzed swapped data for i = 257, j = 301 sucessfully passed !
	Initialyzed swapped data for i = 257, j = 302 sucessfully passed !
	Initialyzed swapped data for i = 257, j = 303 sucessfully passed !
	Initialyzed swapped data for i = 257, j = 304 sucessfully passed !
	Initialyzed swapped data for i = 257, j = 305 sucessfully passed !
	Initialyzed swapped data for i = 257, j = 306 sucessfully passed !
	Initialyzed swapped data for i = 257, j = 307 sucessfully passed !
	Initialyzed swapped data for i = 257, j = 308 sucessfully passed !
	Initialyzed swapped data for i = 257, j = 309 sucessfully passed !
	Initialyzed swapped data for i = 257, j = 310 sucessfully passed !
	Initialyzed swapped data for i = 257, j = 311 sucessfully passed !
	Initialyzed swapped data for i = 257, j = 312 sucessfully passed !
	Initialyzed swapped data for i = 257, j = 313 sucessfully passed !
	Initialyzed swapped data for i = 257, j = 314 sucessfully passed !
	Initialyzed swapped data for i = 257, j = 315 sucessfully passed !
	Initialyzed swapped data for i = 257, j = 316 sucessfully passed !
	Initialyzed swapped data for i = 257, j = 317 sucessfully passed !
	Initialyzed swapped data for i = 257, j = 318 sucessfully passed !
	Initialyzed swapped data for i = 257, j = 319 sucessfully passed !
	Initialyzed swapped data for i = 257, j = 320 sucessfully passed !
	Initialyzed swapped data for i = 257, j = 321 sucessfully passed !
	Initialyzed swapped data for i = 257, j = 322 sucessfully passed !
	Initialyzed swapped data for i = 257, j = 323 sucessfully passed !
	Initialyzed swapped data for i = 257, j = 324 sucessfully passed !
	Initialyzed swapped data for i = 257, j = 325 sucessfully passed !
	Initialyzed swapped data for i = 257, j = 326 sucessfully passed !
	Initialyzed swapped data for i = 257, j = 327 sucessfully passed !
	Initialyzed swapped data for i = 257, j = 328 sucessfully passed !
	Initialyzed swapped data for i = 257, j = 329 sucessfully passed !
	Initialyzed swapped data for i = 257, j = 330 sucessfully passed !
	Initialyzed swapped data for i = 257, j = 331 sucessfully passed !
	Initialyzed swapped data for i = 257, j = 332 sucessfully passed !
	Initialyzed swapped data for i = 257, j = 333 sucessfully passed !
	Initialyzed swapped data for i = 257, j = 334 sucessfully passed !
	Initialyzed swapped data for i = 257, j = 335 sucessfully passed !
	Initialyzed swapped data for i = 257, j = 336 sucessfully passed !
	Initialyzed swapped data for i = 257, j = 337 sucessfully passed !
	Initialyzed swapped data for i = 257, j = 338 sucessfully passed !
	Initialyzed swapped data for i = 257, j = 339 sucessfully passed !
	Initialyzed swapped data for i = 257, j = 340 sucessfully passed !
	Initialyzed swapped data for i = 257, j = 341 sucessfully passed !
	Initialyzed swapped data for i = 257, j = 342 sucessfully passed !
	Initialyzed swapped data for i = 257, j = 343 sucessfully passed !
	Initialyzed swapped data for i = 257, j = 344 sucessfully passed !
	Initialyzed swapped data for i = 257, j = 345 sucessfully passed !
	Initialyzed swapped data for i = 257, j = 346 sucessfully passed !
	Initialyzed swapped data for i = 257, j = 347 sucessfully passed !
	Initialyzed swapped data for i = 257, j = 348 sucessfully passed !
	Initialyzed swapped data for i = 257, j = 349 sucessfully passed !
	Initialyzed swapped data for i = 257, j = 350 sucessfully passed !
	Initialyzed swapped data for i = 257, j = 351 sucessfully passed !
	Initialyzed swapped data for i = 257, j = 352 sucessfully passed !
	Initialyzed swapped data for i = 257, j = 353 sucessfully passed !
	Initialyzed swapped data for i = 257, j = 354 sucessfully passed !
	Initialyzed swapped data for i = 257, j = 355 sucessfully passed !
	Initialyzed swapped data for i = 257, j = 356 sucessfully passed !
	Initialyzed swapped data for i = 257, j = 357 sucessfully passed !
	Initialyzed swapped data for i = 257, j = 358 sucessfully passed !
	Initialyzed swapped data for i = 257, j = 359 sucessfully passed !
	Initialyzed swapped data for i = 257, j = 360 sucessfully passed !
	Initialyzed swapped data for i = 257, j = 361 sucessfully passed !
	Initialyzed swapped data for i = 257, j = 362 sucessfully passed !
	Initialyzed swapped data for i = 257, j = 363 sucessfully passed !
	Initialyzed swapped data for i = 257, j = 364 sucessfully passed !
	Initialyzed swapped data for i = 257, j = 365 sucessfully passed !
	Initialyzed swapped data for i = 257, j = 366 sucessfully passed !
	Initialyzed swapped data for i = 257, j = 367 sucessfully passed !
	Initialyzed swapped data for i = 257, j = 368 sucessfully passed !
	Initialyzed swapped data for i = 257, j = 369 sucessfully passed !
	Initialyzed swapped data for i = 257, j = 370 sucessfully passed !
	Initialyzed swapped data for i = 257, j = 371 sucessfully passed !
	Initialyzed swapped data for i = 257, j = 372 sucessfully passed !
	Initialyzed swapped data for i = 257, j = 373 sucessfully passed !
	Initialyzed swapped data for i = 257, j = 374 sucessfully passed !
	Initialyzed swapped data for i = 257, j = 375 sucessfully passed !
	Initialyzed swapped data for i = 257, j = 376 sucessfully passed !
	Initialyzed swapped data for i = 257, j = 377 sucessfully passed !
	Initialyzed swapped data for i = 257, j = 378 sucessfully passed !
	Initialyzed swapped data for i = 257, j = 379 sucessfully passed !
	Initialyzed swapped data for i = 257, j = 380 sucessfully passed !
	Initialyzed swapped data for i = 257, j = 381 sucessfully passed !
	Initialyzed swapped data for i = 257, j = 382 sucessfully passed !
	Initialyzed swapped data for i = 257, j = 383 sucessfully passed !
	Initialyzed swapped data for i = 257, j = 384 sucessfully passed !
	Initialyzed swapped data for i = 257, j = 385 sucessfully passed !
	Initialyzed swapped data for i = 257, j = 386 sucessfully passed !
	Initialyzed swapped data for i = 257, j = 387 sucessfully passed !
	Initialyzed swapped data for i = 257, j = 388 sucessfully passed !
	Initialyzed swapped data for i = 257, j = 389 sucessfully passed !
	Initialyzed swapped data for i = 257, j = 390 sucessfully passed !
	Initialyzed swapped data for i = 257, j = 391 sucessfully passed !
	Initialyzed swapped data for i = 257, j = 392 sucessfully passed !
	Initialyzed swapped data for i = 257, j = 393 sucessfully passed !
	Initialyzed swapped data for i = 257, j = 394 sucessfully passed !
	Initialyzed swapped data for i = 257, j = 395 sucessfully passed !
	Initialyzed swapped data for i = 257, j = 396 sucessfully passed !
	Initialyzed swapped data for i = 257, j = 397 sucessfully passed !
	Initialyzed swapped data for i = 257, j = 398 sucessfully passed !
	Initialyzed swapped data for i = 257, j = 399 sucessfully passed !
	Initialyzed swapped data for i = 257, j = 400 sucessfully passed !
	Initialyzed swapped data for i = 257, j = 401 sucessfully passed !
	Initialyzed swapped data for i = 257, j = 402 sucessfully passed !
	Initialyzed swapped data for i = 257, j = 403 sucessfully passed !
	Initialyzed swapped data for i = 257, j = 404 sucessfully passed !
	Initialyzed swapped data for i = 257, j = 405 sucessfully passed !
	Initialyzed swapped data for i = 257, j = 406 sucessfully passed !
	Initialyzed swapped data for i = 257, j = 407 sucessfully passed !
	Initialyzed swapped data for i = 257, j = 408 sucessfully passed !
	Initialyzed swapped data for i = 257, j = 409 sucessfully passed !
	Initialyzed swapped data for i = 257, j = 410 sucessfully passed !
	Initialyzed swapped data for i = 257, j = 411 sucessfully passed !
	Initialyzed swapped data for i = 257, j = 412 sucessfully passed !
	Initialyzed swapped data for i = 257, j = 413 sucessfully passed !
	Initialyzed swapped data for i = 257, j = 414 sucessfully passed !
	Initialyzed swapped data for i = 257, j = 415 sucessfully passed !
	Initialyzed swapped data for i = 257, j = 416 sucessfully passed !
	Initialyzed swapped data for i = 257, j = 417 sucessfully passed !
	Initialyzed swapped data for i = 257, j = 418 sucessfully passed !
	Initialyzed swapped data for i = 257, j = 419 sucessfully passed !
	Initialyzed swapped data for i = 257, j = 420 sucessfully passed !
	Initialyzed swapped data for i = 257, j = 421 sucessfully passed !
	Initialyzed swapped data for i = 257, j = 422 sucessfully passed !
	Initialyzed swapped data for i = 257, j = 423 sucessfully passed !
	Initialyzed swapped data for i = 257, j = 424 sucessfully passed !
	Initialyzed swapped data for i = 257, j = 425 sucessfully passed !
	Initialyzed swapped data for i = 257, j = 426 sucessfully passed !
	Initialyzed swapped data for i = 257, j = 427 sucessfully passed !
	Initialyzed swapped data for i = 257, j = 428 sucessfully passed !
	Initialyzed swapped data for i = 257, j = 429 sucessfully passed !
	Initialyzed swapped data for i = 257, j = 430 sucessfully passed !
	Initialyzed swapped data for i = 257, j = 431 sucessfully passed !
	Initialyzed swapped data for i = 257, j = 432 sucessfully passed !
	Initialyzed swapped data for i = 257, j = 433 sucessfully passed !
	Initialyzed swapped data for i = 258, j = 259 sucessfully passed !
	Initialyzed swapped data for i = 258, j = 260 sucessfully passed !
	Initialyzed swapped data for i = 258, j = 261 sucessfully passed !
	Initialyzed swapped data for i = 258, j = 262 sucessfully passed !
	Initialyzed swapped data for i = 258, j = 263 sucessfully passed !
	Initialyzed swapped data for i = 258, j = 264 sucessfully passed !
	Initialyzed swapped data for i = 258, j = 265 sucessfully passed !
	Initialyzed swapped data for i = 258, j = 266 sucessfully passed !
	Initialyzed swapped data for i = 258, j = 267 sucessfully passed !
	Initialyzed swapped data for i = 258, j = 268 sucessfully passed !
	Initialyzed swapped data for i = 258, j = 269 sucessfully passed !
	Initialyzed swapped data for i = 258, j = 270 sucessfully passed !
	Initialyzed swapped data for i = 258, j = 271 sucessfully passed !
	Initialyzed swapped data for i = 258, j = 272 sucessfully passed !
	Initialyzed swapped data for i = 258, j = 273 sucessfully passed !
	Initialyzed swapped data for i = 258, j = 274 sucessfully passed !
	Initialyzed swapped data for i = 258, j = 275 sucessfully passed !
	Initialyzed swapped data for i = 258, j = 276 sucessfully passed !
	Initialyzed swapped data for i = 258, j = 277 sucessfully passed !
	Initialyzed swapped data for i = 258, j = 278 sucessfully passed !
	Initialyzed swapped data for i = 258, j = 279 sucessfully passed !
	Initialyzed swapped data for i = 258, j = 280 sucessfully passed !
	Initialyzed swapped data for i = 258, j = 281 sucessfully passed !
	Initialyzed swapped data for i = 258, j = 282 sucessfully passed !
	Initialyzed swapped data for i = 258, j = 283 sucessfully passed !
	Initialyzed swapped data for i = 258, j = 284 sucessfully passed !
	Initialyzed swapped data for i = 258, j = 285 sucessfully passed !
	Initialyzed swapped data for i = 258, j = 286 sucessfully passed !
	Initialyzed swapped data for i = 258, j = 287 sucessfully passed !
	Initialyzed swapped data for i = 258, j = 288 sucessfully passed !
	Initialyzed swapped data for i = 258, j = 289 sucessfully passed !
	Initialyzed swapped data for i = 258, j = 290 sucessfully passed !
	Initialyzed swapped data for i = 258, j = 291 sucessfully passed !
	Initialyzed swapped data for i = 258, j = 292 sucessfully passed !
	Initialyzed swapped data for i = 258, j = 293 sucessfully passed !
	Initialyzed swapped data for i = 258, j = 294 sucessfully passed !
	Initialyzed swapped data for i = 258, j = 295 sucessfully passed !
	Initialyzed swapped data for i = 258, j = 296 sucessfully passed !
	Initialyzed swapped data for i = 258, j = 297 sucessfully passed !
	Initialyzed swapped data for i = 258, j = 298 sucessfully passed !
	Initialyzed swapped data for i = 258, j = 299 sucessfully passed !
	Initialyzed swapped data for i = 258, j = 300 sucessfully passed !
	Initialyzed swapped data for i = 258, j = 301 sucessfully passed !
	Initialyzed swapped data for i = 258, j = 302 sucessfully passed !
	Initialyzed swapped data for i = 258, j = 303 sucessfully passed !
	Initialyzed swapped data for i = 258, j = 304 sucessfully passed !
	Initialyzed swapped data for i = 258, j = 305 sucessfully passed !
	Initialyzed swapped data for i = 258, j = 306 sucessfully passed !
	Initialyzed swapped data for i = 258, j = 307 sucessfully passed !
	Initialyzed swapped data for i = 258, j = 308 sucessfully passed !
	Initialyzed swapped data for i = 258, j = 309 sucessfully passed !
	Initialyzed swapped data for i = 258, j = 310 sucessfully passed !
	Initialyzed swapped data for i = 258, j = 311 sucessfully passed !
	Initialyzed swapped data for i = 258, j = 312 sucessfully passed !
	Initialyzed swapped data for i = 258, j = 313 sucessfully passed !
	Initialyzed swapped data for i = 258, j = 314 sucessfully passed !
	Initialyzed swapped data for i = 258, j = 315 sucessfully passed !
	Initialyzed swapped data for i = 258, j = 316 sucessfully passed !
	Initialyzed swapped data for i = 258, j = 317 sucessfully passed !
	Initialyzed swapped data for i = 258, j = 318 sucessfully passed !
	Initialyzed swapped data for i = 258, j = 319 sucessfully passed !
	Initialyzed swapped data for i = 258, j = 320 sucessfully passed !
	Initialyzed swapped data for i = 258, j = 321 sucessfully passed !
	Initialyzed swapped data for i = 258, j = 322 sucessfully passed !
	Initialyzed swapped data for i = 258, j = 323 sucessfully passed !
	Initialyzed swapped data for i = 258, j = 324 sucessfully passed !
	Initialyzed swapped data for i = 258, j = 325 sucessfully passed !
	Initialyzed swapped data for i = 258, j = 326 sucessfully passed !
	Initialyzed swapped data for i = 258, j = 327 sucessfully passed !
	Initialyzed swapped data for i = 258, j = 328 sucessfully passed !
	Initialyzed swapped data for i = 258, j = 329 sucessfully passed !
	Initialyzed swapped data for i = 258, j = 330 sucessfully passed !
	Initialyzed swapped data for i = 258, j = 331 sucessfully passed !
	Initialyzed swapped data for i = 258, j = 332 sucessfully passed !
	Initialyzed swapped data for i = 258, j = 333 sucessfully passed !
	Initialyzed swapped data for i = 258, j = 334 sucessfully passed !
	Initialyzed swapped data for i = 258, j = 335 sucessfully passed !
	Initialyzed swapped data for i = 258, j = 336 sucessfully passed !
	Initialyzed swapped data for i = 258, j = 337 sucessfully passed !
	Initialyzed swapped data for i = 258, j = 338 sucessfully passed !
	Initialyzed swapped data for i = 258, j = 339 sucessfully passed !
	Initialyzed swapped data for i = 258, j = 340 sucessfully passed !
	Initialyzed swapped data for i = 258, j = 341 sucessfully passed !
	Initialyzed swapped data for i = 258, j = 342 sucessfully passed !
	Initialyzed swapped data for i = 258, j = 343 sucessfully passed !
	Initialyzed swapped data for i = 258, j = 344 sucessfully passed !
	Initialyzed swapped data for i = 258, j = 345 sucessfully passed !
	Initialyzed swapped data for i = 258, j = 346 sucessfully passed !
	Initialyzed swapped data for i = 258, j = 347 sucessfully passed !
	Initialyzed swapped data for i = 258, j = 348 sucessfully passed !
	Initialyzed swapped data for i = 258, j = 349 sucessfully passed !
	Initialyzed swapped data for i = 258, j = 350 sucessfully passed !
	Initialyzed swapped data for i = 258, j = 351 sucessfully passed !
	Initialyzed swapped data for i = 258, j = 352 sucessfully passed !
	Initialyzed swapped data for i = 258, j = 353 sucessfully passed !
	Initialyzed swapped data for i = 258, j = 354 sucessfully passed !
	Initialyzed swapped data for i = 258, j = 355 sucessfully passed !
	Initialyzed swapped data for i = 258, j = 356 sucessfully passed !
	Initialyzed swapped data for i = 258, j = 357 sucessfully passed !
	Initialyzed swapped data for i = 258, j = 358 sucessfully passed !
	Initialyzed swapped data for i = 258, j = 359 sucessfully passed !
	Initialyzed swapped data for i = 258, j = 360 sucessfully passed !
	Initialyzed swapped data for i = 258, j = 361 sucessfully passed !
	Initialyzed swapped data for i = 258, j = 362 sucessfully passed !
	Initialyzed swapped data for i = 258, j = 363 sucessfully passed !
	Initialyzed swapped data for i = 258, j = 364 sucessfully passed !
	Initialyzed swapped data for i = 258, j = 365 sucessfully passed !
	Initialyzed swapped data for i = 258, j = 366 sucessfully passed !
	Initialyzed swapped data for i = 258, j = 367 sucessfully passed !
	Initialyzed swapped data for i = 258, j = 368 sucessfully passed !
	Initialyzed swapped data for i = 258, j = 369 sucessfully passed !
	Initialyzed swapped data for i = 258, j = 370 sucessfully passed !
	Initialyzed swapped data for i = 258, j = 371 sucessfully passed !
	Initialyzed swapped data for i = 258, j = 372 sucessfully passed !
	Initialyzed swapped data for i = 258, j = 373 sucessfully passed !
	Initialyzed swapped data for i = 258, j = 374 sucessfully passed !
	Initialyzed swapped data for i = 258, j = 375 sucessfully passed !
	Initialyzed swapped data for i = 258, j = 376 sucessfully passed !
	Initialyzed swapped data for i = 258, j = 377 sucessfully passed !
	Initialyzed swapped data for i = 258, j = 378 sucessfully passed !
	Initialyzed swapped data for i = 258, j = 379 sucessfully passed !
	Initialyzed swapped data for i = 258, j = 380 sucessfully passed !
	Initialyzed swapped data for i = 258, j = 381 sucessfully passed !
	Initialyzed swapped data for i = 258, j = 382 sucessfully passed !
	Initialyzed swapped data for i = 258, j = 383 sucessfully passed !
	Initialyzed swapped data for i = 258, j = 384 sucessfully passed !
	Initialyzed swapped data for i = 258, j = 385 sucessfully passed !
	Initialyzed swapped data for i = 258, j = 386 sucessfully passed !
	Initialyzed swapped data for i = 258, j = 387 sucessfully passed !
	Initialyzed swapped data for i = 258, j = 388 sucessfully passed !
	Initialyzed swapped data for i = 258, j = 389 sucessfully passed !
	Initialyzed swapped data for i = 258, j = 390 sucessfully passed !
	Initialyzed swapped data for i = 258, j = 391 sucessfully passed !
	Initialyzed swapped data for i = 258, j = 392 sucessfully passed !
	Initialyzed swapped data for i = 258, j = 393 sucessfully passed !
	Initialyzed swapped data for i = 258, j = 394 sucessfully passed !
	Initialyzed swapped data for i = 258, j = 395 sucessfully passed !
	Initialyzed swapped data for i = 258, j = 396 sucessfully passed !
	Initialyzed swapped data for i = 258, j = 397 sucessfully passed !
	Initialyzed swapped data for i = 258, j = 398 sucessfully passed !
	Initialyzed swapped data for i = 258, j = 399 sucessfully passed !
	Initialyzed swapped data for i = 258, j = 400 sucessfully passed !
	Initialyzed swapped data for i = 258, j = 401 sucessfully passed !
	Initialyzed swapped data for i = 258, j = 402 sucessfully passed !
	Initialyzed swapped data for i = 258, j = 403 sucessfully passed !
	Initialyzed swapped data for i = 258, j = 404 sucessfully passed !
	Initialyzed swapped data for i = 258, j = 405 sucessfully passed !
	Initialyzed swapped data for i = 258, j = 406 sucessfully passed !
	Initialyzed swapped data for i = 258, j = 407 sucessfully passed !
	Initialyzed swapped data for i = 258, j = 408 sucessfully passed !
	Initialyzed swapped data for i = 258, j = 409 sucessfully passed !
	Initialyzed swapped data for i = 258, j = 410 sucessfully passed !
	Initialyzed swapped data for i = 258, j = 411 sucessfully passed !
	Initialyzed swapped data for i = 258, j = 412 sucessfully passed !
	Initialyzed swapped data for i = 258, j = 413 sucessfully passed !
	Initialyzed swapped data for i = 258, j = 414 sucessfully passed !
	Initialyzed swapped data for i = 258, j = 415 sucessfully passed !
	Initialyzed swapped data for i = 258, j = 416 sucessfully passed !
	Initialyzed swapped data for i = 258, j = 417 sucessfully passed !
	Initialyzed swapped data for i = 258, j = 418 sucessfully passed !
	Initialyzed swapped data for i = 258, j = 419 sucessfully passed !
	Initialyzed swapped data for i = 258, j = 420 sucessfully passed !
	Initialyzed swapped data for i = 258, j = 421 sucessfully passed !
	Initialyzed swapped data for i = 258, j = 422 sucessfully passed !
	Initialyzed swapped data for i = 258, j = 423 sucessfully passed !
	Initialyzed swapped data for i = 258, j = 424 sucessfully passed !
	Initialyzed swapped data for i = 258, j = 425 sucessfully passed !
	Initialyzed swapped data for i = 258, j = 426 sucessfully passed !
	Initialyzed swapped data for i = 258, j = 427 sucessfully passed !
	Initialyzed swapped data for i = 258, j = 428 sucessfully passed !
	Initialyzed swapped data for i = 258, j = 429 sucessfully passed !
	Initialyzed swapped data for i = 258, j = 430 sucessfully passed !
	Initialyzed swapped data for i = 258, j = 431 sucessfully passed !
	Initialyzed swapped data for i = 258, j = 432 sucessfully passed !
	Initialyzed swapped data for i = 258, j = 433 sucessfully passed !
	Initialyzed swapped data for i = 259, j = 260 sucessfully passed !
	Initialyzed swapped data for i = 259, j = 261 sucessfully passed !
	Initialyzed swapped data for i = 259, j = 262 sucessfully passed !
	Initialyzed swapped data for i = 259, j = 263 sucessfully passed !
	Initialyzed swapped data for i = 259, j = 264 sucessfully passed !
	Initialyzed swapped data for i = 259, j = 265 sucessfully passed !
	Initialyzed swapped data for i = 259, j = 266 sucessfully passed !
	Initialyzed swapped data for i = 259, j = 267 sucessfully passed !
	Initialyzed swapped data for i = 259, j = 268 sucessfully passed !
	Initialyzed swapped data for i = 259, j = 269 sucessfully passed !
	Initialyzed swapped data for i = 259, j = 270 sucessfully passed !
	Initialyzed swapped data for i = 259, j = 271 sucessfully passed !
	Initialyzed swapped data for i = 259, j = 272 sucessfully passed !
	Initialyzed swapped data for i = 259, j = 273 sucessfully passed !
	Initialyzed swapped data for i = 259, j = 274 sucessfully passed !
	Initialyzed swapped data for i = 259, j = 275 sucessfully passed !
	Initialyzed swapped data for i = 259, j = 276 sucessfully passed !
	Initialyzed swapped data for i = 259, j = 277 sucessfully passed !
	Initialyzed swapped data for i = 259, j = 278 sucessfully passed !
	Initialyzed swapped data for i = 259, j = 279 sucessfully passed !
	Initialyzed swapped data for i = 259, j = 280 sucessfully passed !
	Initialyzed swapped data for i = 259, j = 281 sucessfully passed !
	Initialyzed swapped data for i = 259, j = 282 sucessfully passed !
	Initialyzed swapped data for i = 259, j = 283 sucessfully passed !
	Initialyzed swapped data for i = 259, j = 284 sucessfully passed !
	Initialyzed swapped data for i = 259, j = 285 sucessfully passed !
	Initialyzed swapped data for i = 259, j = 286 sucessfully passed !
	Initialyzed swapped data for i = 259, j = 287 sucessfully passed !
	Initialyzed swapped data for i = 259, j = 288 sucessfully passed !
	Initialyzed swapped data for i = 259, j = 289 sucessfully passed !
	Initialyzed swapped data for i = 259, j = 290 sucessfully passed !
	Initialyzed swapped data for i = 259, j = 291 sucessfully passed !
	Initialyzed swapped data for i = 259, j = 292 sucessfully passed !
	Initialyzed swapped data for i = 259, j = 293 sucessfully passed !
	Initialyzed swapped data for i = 259, j = 294 sucessfully passed !
	Initialyzed swapped data for i = 259, j = 295 sucessfully passed !
	Initialyzed swapped data for i = 259, j = 296 sucessfully passed !
	Initialyzed swapped data for i = 259, j = 297 sucessfully passed !
	Initialyzed swapped data for i = 259, j = 298 sucessfully passed !
	Initialyzed swapped data for i = 259, j = 299 sucessfully passed !
	Initialyzed swapped data for i = 259, j = 300 sucessfully passed !
	Initialyzed swapped data for i = 259, j = 301 sucessfully passed !
	Initialyzed swapped data for i = 259, j = 302 sucessfully passed !
	Initialyzed swapped data for i = 259, j = 303 sucessfully passed !
	Initialyzed swapped data for i = 259, j = 304 sucessfully passed !
	Initialyzed swapped data for i = 259, j = 305 sucessfully passed !
	Initialyzed swapped data for i = 259, j = 306 sucessfully passed !
	Initialyzed swapped data for i = 259, j = 307 sucessfully passed !
	Initialyzed swapped data for i = 259, j = 308 sucessfully passed !
	Initialyzed swapped data for i = 259, j = 309 sucessfully passed !
	Initialyzed swapped data for i = 259, j = 310 sucessfully passed !
	Initialyzed swapped data for i = 259, j = 311 sucessfully passed !
	Initialyzed swapped data for i = 259, j = 312 sucessfully passed !
	Initialyzed swapped data for i = 259, j = 313 sucessfully passed !
	Initialyzed swapped data for i = 259, j = 314 sucessfully passed !
	Initialyzed swapped data for i = 259, j = 315 sucessfully passed !
	Initialyzed swapped data for i = 259, j = 316 sucessfully passed !
	Initialyzed swapped data for i = 259, j = 317 sucessfully passed !
	Initialyzed swapped data for i = 259, j = 318 sucessfully passed !
	Initialyzed swapped data for i = 259, j = 319 sucessfully passed !
	Initialyzed swapped data for i = 259, j = 320 sucessfully passed !
	Initialyzed swapped data for i = 259, j = 321 sucessfully passed !
	Initialyzed swapped data for i = 259, j = 322 sucessfully passed !
	Initialyzed swapped data for i = 259, j = 323 sucessfully passed !
	Initialyzed swapped data for i = 259, j = 324 sucessfully passed !
	Initialyzed swapped data for i = 259, j = 325 sucessfully passed !
	Initialyzed swapped data for i = 259, j = 326 sucessfully passed !
	Initialyzed swapped data for i = 259, j = 327 sucessfully passed !
	Initialyzed swapped data for i = 259, j = 328 sucessfully passed !
	Initialyzed swapped data for i = 259, j = 329 sucessfully passed !
	Initialyzed swapped data for i = 259, j = 330 sucessfully passed !
	Initialyzed swapped data for i = 259, j = 331 sucessfully passed !
	Initialyzed swapped data for i = 259, j = 332 sucessfully passed !
	Initialyzed swapped data for i = 259, j = 333 sucessfully passed !
	Initialyzed swapped data for i = 259, j = 334 sucessfully passed !
	Initialyzed swapped data for i = 259, j = 335 sucessfully passed !
	Initialyzed swapped data for i = 259, j = 336 sucessfully passed !
	Initialyzed swapped data for i = 259, j = 337 sucessfully passed !
	Initialyzed swapped data for i = 259, j = 338 sucessfully passed !
	Initialyzed swapped data for i = 259, j = 339 sucessfully passed !
	Initialyzed swapped data for i = 259, j = 340 sucessfully passed !
	Initialyzed swapped data for i = 259, j = 341 sucessfully passed !
	Initialyzed swapped data for i = 259, j = 342 sucessfully passed !
	Initialyzed swapped data for i = 259, j = 343 sucessfully passed !
	Initialyzed swapped data for i = 259, j = 344 sucessfully passed !
	Initialyzed swapped data for i = 259, j = 345 sucessfully passed !
	Initialyzed swapped data for i = 259, j = 346 sucessfully passed !
	Initialyzed swapped data for i = 259, j = 347 sucessfully passed !
	Initialyzed swapped data for i = 259, j = 348 sucessfully passed !
	Initialyzed swapped data for i = 259, j = 349 sucessfully passed !
	Initialyzed swapped data for i = 259, j = 350 sucessfully passed !
	Initialyzed swapped data for i = 259, j = 351 sucessfully passed !
	Initialyzed swapped data for i = 259, j = 352 sucessfully passed !
	Initialyzed swapped data for i = 259, j = 353 sucessfully passed !
	Initialyzed swapped data for i = 259, j = 354 sucessfully passed !
	Initialyzed swapped data for i = 259, j = 355 sucessfully passed !
	Initialyzed swapped data for i = 259, j = 356 sucessfully passed !
	Initialyzed swapped data for i = 259, j = 357 sucessfully passed !
	Initialyzed swapped data for i = 259, j = 358 sucessfully passed !
	Initialyzed swapped data for i = 259, j = 359 sucessfully passed !
	Initialyzed swapped data for i = 259, j = 360 sucessfully passed !
	Initialyzed swapped data for i = 259, j = 361 sucessfully passed !
	Initialyzed swapped data for i = 259, j = 362 sucessfully passed !
	Initialyzed swapped data for i = 259, j = 363 sucessfully passed !
	Initialyzed swapped data for i = 259, j = 364 sucessfully passed !
	Initialyzed swapped data for i = 259, j = 365 sucessfully passed !
	Initialyzed swapped data for i = 259, j = 366 sucessfully passed !
	Initialyzed swapped data for i = 259, j = 367 sucessfully passed !
	Initialyzed swapped data for i = 259, j = 368 sucessfully passed !
	Initialyzed swapped data for i = 259, j = 369 sucessfully passed !
	Initialyzed swapped data for i = 259, j = 370 sucessfully passed !
	Initialyzed swapped data for i = 259, j = 371 sucessfully passed !
	Initialyzed swapped data for i = 259, j = 372 sucessfully passed !
	Initialyzed swapped data for i = 259, j = 373 sucessfully passed !
	Initialyzed swapped data for i = 259, j = 374 sucessfully passed !
	Initialyzed swapped data for i = 259, j = 375 sucessfully passed !
	Initialyzed swapped data for i = 259, j = 376 sucessfully passed !
	Initialyzed swapped data for i = 259, j = 377 sucessfully passed !
	Initialyzed swapped data for i = 259, j = 378 sucessfully passed !
	Initialyzed swapped data for i = 259, j = 379 sucessfully passed !
	Initialyzed swapped data for i = 259, j = 380 sucessfully passed !
	Initialyzed swapped data for i = 259, j = 381 sucessfully passed !
	Initialyzed swapped data for i = 259, j = 382 sucessfully passed !
	Initialyzed swapped data for i = 259, j = 383 sucessfully passed !
	Initialyzed swapped data for i = 259, j = 384 sucessfully passed !
	Initialyzed swapped data for i = 259, j = 385 sucessfully passed !
	Initialyzed swapped data for i = 259, j = 386 sucessfully passed !
	Initialyzed swapped data for i = 259, j = 387 sucessfully passed !
	Initialyzed swapped data for i = 259, j = 388 sucessfully passed !
	Initialyzed swapped data for i = 259, j = 389 sucessfully passed !
	Initialyzed swapped data for i = 259, j = 390 sucessfully passed !
	Initialyzed swapped data for i = 259, j = 391 sucessfully passed !
	Initialyzed swapped data for i = 259, j = 392 sucessfully passed !
	Initialyzed swapped data for i = 259, j = 393 sucessfully passed !
	Initialyzed swapped data for i = 259, j = 394 sucessfully passed !
	Initialyzed swapped data for i = 259, j = 395 sucessfully passed !
	Initialyzed swapped data for i = 259, j = 396 sucessfully passed !
	Initialyzed swapped data for i = 259, j = 397 sucessfully passed !
	Initialyzed swapped data for i = 259, j = 398 sucessfully passed !
	Initialyzed swapped data for i = 259, j = 399 sucessfully passed !
	Initialyzed swapped data for i = 259, j = 400 sucessfully passed !
	Initialyzed swapped data for i = 259, j = 401 sucessfully passed !
	Initialyzed swapped data for i = 259, j = 402 sucessfully passed !
	Initialyzed swapped data for i = 259, j = 403 sucessfully passed !
	Initialyzed swapped data for i = 259, j = 404 sucessfully passed !
	Initialyzed swapped data for i = 259, j = 405 sucessfully passed !
	Initialyzed swapped data for i = 259, j = 406 sucessfully passed !
	Initialyzed swapped data for i = 259, j = 407 sucessfully passed !
	Initialyzed swapped data for i = 259, j = 408 sucessfully passed !
	Initialyzed swapped data for i = 259, j = 409 sucessfully passed !
	Initialyzed swapped data for i = 259, j = 410 sucessfully passed !
	Initialyzed swapped data for i = 259, j = 411 sucessfully passed !
	Initialyzed swapped data for i = 259, j = 412 sucessfully passed !
	Initialyzed swapped data for i = 259, j = 413 sucessfully passed !
	Initialyzed swapped data for i = 259, j = 414 sucessfully passed !
	Initialyzed swapped data for i = 259, j = 415 sucessfully passed !
	Initialyzed swapped data for i = 259, j = 416 sucessfully passed !
	Initialyzed swapped data for i = 259, j = 417 sucessfully passed !
	Initialyzed swapped data for i = 259, j = 418 sucessfully passed !
	Initialyzed swapped data for i = 259, j = 419 sucessfully passed !
	Initialyzed swapped data for i = 259, j = 420 sucessfully passed !
	Initialyzed swapped data for i = 259, j = 421 sucessfully passed !
	Initialyzed swapped data for i = 259, j = 422 sucessfully passed !
	Initialyzed swapped data for i = 259, j = 423 sucessfully passed !
	Initialyzed swapped data for i = 259, j = 424 sucessfully passed !
	Initialyzed swapped data for i = 259, j = 425 sucessfully passed !
	Initialyzed swapped data for i = 259, j = 426 sucessfully passed !
	Initialyzed swapped data for i = 259, j = 427 sucessfully passed !
	Initialyzed swapped data for i = 259, j = 428 sucessfully passed !
	Initialyzed swapped data for i = 259, j = 429 sucessfully passed !
	Initialyzed swapped data for i = 259, j = 430 sucessfully passed !
	Initialyzed swapped data for i = 259, j = 431 sucessfully passed !
	Initialyzed swapped data for i = 259, j = 432 sucessfully passed !
	Initialyzed swapped data for i = 259, j = 433 sucessfully passed !
	Initialyzed swapped data for i = 260, j = 261 sucessfully passed !
	Initialyzed swapped data for i = 260, j = 262 sucessfully passed !
	Initialyzed swapped data for i = 260, j = 263 sucessfully passed !
	Initialyzed swapped data for i = 260, j = 264 sucessfully passed !
	Initialyzed swapped data for i = 260, j = 265 sucessfully passed !
	Initialyzed swapped data for i = 260, j = 266 sucessfully passed !
	Initialyzed swapped data for i = 260, j = 267 sucessfully passed !
	Initialyzed swapped data for i = 260, j = 268 sucessfully passed !
	Initialyzed swapped data for i = 260, j = 269 sucessfully passed !
	Initialyzed swapped data for i = 260, j = 270 sucessfully passed !
	Initialyzed swapped data for i = 260, j = 271 sucessfully passed !
	Initialyzed swapped data for i = 260, j = 272 sucessfully passed !
	Initialyzed swapped data for i = 260, j = 273 sucessfully passed !
	Initialyzed swapped data for i = 260, j = 274 sucessfully passed !
	Initialyzed swapped data for i = 260, j = 275 sucessfully passed !
	Initialyzed swapped data for i = 260, j = 276 sucessfully passed !
	Initialyzed swapped data for i = 260, j = 277 sucessfully passed !
	Initialyzed swapped data for i = 260, j = 278 sucessfully passed !
	Initialyzed swapped data for i = 260, j = 279 sucessfully passed !
	Initialyzed swapped data for i = 260, j = 280 sucessfully passed !
	Initialyzed swapped data for i = 260, j = 281 sucessfully passed !
	Initialyzed swapped data for i = 260, j = 282 sucessfully passed !
	Initialyzed swapped data for i = 260, j = 283 sucessfully passed !
	Initialyzed swapped data for i = 260, j = 284 sucessfully passed !
	Initialyzed swapped data for i = 260, j = 285 sucessfully passed !
	Initialyzed swapped data for i = 260, j = 286 sucessfully passed !
	Initialyzed swapped data for i = 260, j = 287 sucessfully passed !
	Initialyzed swapped data for i = 260, j = 288 sucessfully passed !
	Initialyzed swapped data for i = 260, j = 289 sucessfully passed !
	Initialyzed swapped data for i = 260, j = 290 sucessfully passed !
	Initialyzed swapped data for i = 260, j = 291 sucessfully passed !
	Initialyzed swapped data for i = 260, j = 292 sucessfully passed !
	Initialyzed swapped data for i = 260, j = 293 sucessfully passed !
	Initialyzed swapped data for i = 260, j = 294 sucessfully passed !
	Initialyzed swapped data for i = 260, j = 295 sucessfully passed !
	Initialyzed swapped data for i = 260, j = 296 sucessfully passed !
	Initialyzed swapped data for i = 260, j = 297 sucessfully passed !
	Initialyzed swapped data for i = 260, j = 298 sucessfully passed !
	Initialyzed swapped data for i = 260, j = 299 sucessfully passed !
	Initialyzed swapped data for i = 260, j = 300 sucessfully passed !
	Initialyzed swapped data for i = 260, j = 301 sucessfully passed !
	Initialyzed swapped data for i = 260, j = 302 sucessfully passed !
	Initialyzed swapped data for i = 260, j = 303 sucessfully passed !
	Initialyzed swapped data for i = 260, j = 304 sucessfully passed !
	Initialyzed swapped data for i = 260, j = 305 sucessfully passed !
	Initialyzed swapped data for i = 260, j = 306 sucessfully passed !
	Initialyzed swapped data for i = 260, j = 307 sucessfully passed !
	Initialyzed swapped data for i = 260, j = 308 sucessfully passed !
	Initialyzed swapped data for i = 260, j = 309 sucessfully passed !
	Initialyzed swapped data for i = 260, j = 310 sucessfully passed !
	Initialyzed swapped data for i = 260, j = 311 sucessfully passed !
	Initialyzed swapped data for i = 260, j = 312 sucessfully passed !
	Initialyzed swapped data for i = 260, j = 313 sucessfully passed !
	Initialyzed swapped data for i = 260, j = 314 sucessfully passed !
	Initialyzed swapped data for i = 260, j = 315 sucessfully passed !
	Initialyzed swapped data for i = 260, j = 316 sucessfully passed !
	Initialyzed swapped data for i = 260, j = 317 sucessfully passed !
	Initialyzed swapped data for i = 260, j = 318 sucessfully passed !
	Initialyzed swapped data for i = 260, j = 319 sucessfully passed !
	Initialyzed swapped data for i = 260, j = 320 sucessfully passed !
	Initialyzed swapped data for i = 260, j = 321 sucessfully passed !
	Initialyzed swapped data for i = 260, j = 322 sucessfully passed !
	Initialyzed swapped data for i = 260, j = 323 sucessfully passed !
	Initialyzed swapped data for i = 260, j = 324 sucessfully passed !
	Initialyzed swapped data for i = 260, j = 325 sucessfully passed !
	Initialyzed swapped data for i = 260, j = 326 sucessfully passed !
	Initialyzed swapped data for i = 260, j = 327 sucessfully passed !
	Initialyzed swapped data for i = 260, j = 328 sucessfully passed !
	Initialyzed swapped data for i = 260, j = 329 sucessfully passed !
	Initialyzed swapped data for i = 260, j = 330 sucessfully passed !
	Initialyzed swapped data for i = 260, j = 331 sucessfully passed !
	Initialyzed swapped data for i = 260, j = 332 sucessfully passed !
	Initialyzed swapped data for i = 260, j = 333 sucessfully passed !
	Initialyzed swapped data for i = 260, j = 334 sucessfully passed !
	Initialyzed swapped data for i = 260, j = 335 sucessfully passed !
	Initialyzed swapped data for i = 260, j = 336 sucessfully passed !
	Initialyzed swapped data for i = 260, j = 337 sucessfully passed !
	Initialyzed swapped data for i = 260, j = 338 sucessfully passed !
	Initialyzed swapped data for i = 260, j = 339 sucessfully passed !
	Initialyzed swapped data for i = 260, j = 340 sucessfully passed !
	Initialyzed swapped data for i = 260, j = 341 sucessfully passed !
	Initialyzed swapped data for i = 260, j = 342 sucessfully passed !
	Initialyzed swapped data for i = 260, j = 343 sucessfully passed !
	Initialyzed swapped data for i = 260, j = 344 sucessfully passed !
	Initialyzed swapped data for i = 260, j = 345 sucessfully passed !
	Initialyzed swapped data for i = 260, j = 346 sucessfully passed !
	Initialyzed swapped data for i = 260, j = 347 sucessfully passed !
	Initialyzed swapped data for i = 260, j = 348 sucessfully passed !
	Initialyzed swapped data for i = 260, j = 349 sucessfully passed !
	Initialyzed swapped data for i = 260, j = 350 sucessfully passed !
	Initialyzed swapped data for i = 260, j = 351 sucessfully passed !
	Initialyzed swapped data for i = 260, j = 352 sucessfully passed !
	Initialyzed swapped data for i = 260, j = 353 sucessfully passed !
	Initialyzed swapped data for i = 260, j = 354 sucessfully passed !
	Initialyzed swapped data for i = 260, j = 355 sucessfully passed !
	Initialyzed swapped data for i = 260, j = 356 sucessfully passed !
	Initialyzed swapped data for i = 260, j = 357 sucessfully passed !
	Initialyzed swapped data for i = 260, j = 358 sucessfully passed !
	Initialyzed swapped data for i = 260, j = 359 sucessfully passed !
	Initialyzed swapped data for i = 260, j = 360 sucessfully passed !
	Initialyzed swapped data for i = 260, j = 361 sucessfully passed !
	Initialyzed swapped data for i = 260, j = 362 sucessfully passed !
	Initialyzed swapped data for i = 260, j = 363 sucessfully passed !
	Initialyzed swapped data for i = 260, j = 364 sucessfully passed !
	Initialyzed swapped data for i = 260, j = 365 sucessfully passed !
	Initialyzed swapped data for i = 260, j = 366 sucessfully passed !
	Initialyzed swapped data for i = 260, j = 367 sucessfully passed !
	Initialyzed swapped data for i = 260, j = 368 sucessfully passed !
	Initialyzed swapped data for i = 260, j = 369 sucessfully passed !
	Initialyzed swapped data for i = 260, j = 370 sucessfully passed !
	Initialyzed swapped data for i = 260, j = 371 sucessfully passed !
	Initialyzed swapped data for i = 260, j = 372 sucessfully passed !
	Initialyzed swapped data for i = 260, j = 373 sucessfully passed !
	Initialyzed swapped data for i = 260, j = 374 sucessfully passed !
	Initialyzed swapped data for i = 260, j = 375 sucessfully passed !
	Initialyzed swapped data for i = 260, j = 376 sucessfully passed !
	Initialyzed swapped data for i = 260, j = 377 sucessfully passed !
	Initialyzed swapped data for i = 260, j = 378 sucessfully passed !
	Initialyzed swapped data for i = 260, j = 379 sucessfully passed !
	Initialyzed swapped data for i = 260, j = 380 sucessfully passed !
	Initialyzed swapped data for i = 260, j = 381 sucessfully passed !
	Initialyzed swapped data for i = 260, j = 382 sucessfully passed !
	Initialyzed swapped data for i = 260, j = 383 sucessfully passed !
	Initialyzed swapped data for i = 260, j = 384 sucessfully passed !
	Initialyzed swapped data for i = 260, j = 385 sucessfully passed !
	Initialyzed swapped data for i = 260, j = 386 sucessfully passed !
	Initialyzed swapped data for i = 260, j = 387 sucessfully passed !
	Initialyzed swapped data for i = 260, j = 388 sucessfully passed !
	Initialyzed swapped data for i = 260, j = 389 sucessfully passed !
	Initialyzed swapped data for i = 260, j = 390 sucessfully passed !
	Initialyzed swapped data for i = 260, j = 391 sucessfully passed !
	Initialyzed swapped data for i = 260, j = 392 sucessfully passed !
	Initialyzed swapped data for i = 260, j = 393 sucessfully passed !
	Initialyzed swapped data for i = 260, j = 394 sucessfully passed !
	Initialyzed swapped data for i = 260, j = 395 sucessfully passed !
	Initialyzed swapped data for i = 260, j = 396 sucessfully passed !
	Initialyzed swapped data for i = 260, j = 397 sucessfully passed !
	Initialyzed swapped data for i = 260, j = 398 sucessfully passed !
	Initialyzed swapped data for i = 260, j = 399 sucessfully passed !
	Initialyzed swapped data for i = 260, j = 400 sucessfully passed !
	Initialyzed swapped data for i = 260, j = 401 sucessfully passed !
	Initialyzed swapped data for i = 260, j = 402 sucessfully passed !
	Initialyzed swapped data for i = 260, j = 403 sucessfully passed !
	Initialyzed swapped data for i = 260, j = 404 sucessfully passed !
	Initialyzed swapped data for i = 260, j = 405 sucessfully passed !
	Initialyzed swapped data for i = 260, j = 406 sucessfully passed !
	Initialyzed swapped data for i = 260, j = 407 sucessfully passed !
	Initialyzed swapped data for i = 260, j = 408 sucessfully passed !
	Initialyzed swapped data for i = 260, j = 409 sucessfully passed !
	Initialyzed swapped data for i = 260, j = 410 sucessfully passed !
	Initialyzed swapped data for i = 260, j = 411 sucessfully passed !
	Initialyzed swapped data for i = 260, j = 412 sucessfully passed !
	Initialyzed swapped data for i = 260, j = 413 sucessfully passed !
	Initialyzed swapped data for i = 260, j = 414 sucessfully passed !
	Initialyzed swapped data for i = 260, j = 415 sucessfully passed !
	Initialyzed swapped data for i = 260, j = 416 sucessfully passed !
	Initialyzed swapped data for i = 260, j = 417 sucessfully passed !
	Initialyzed swapped data for i = 260, j = 418 sucessfully passed !
	Initialyzed swapped data for i = 260, j = 419 sucessfully passed !
	Initialyzed swapped data for i = 260, j = 420 sucessfully passed !
	Initialyzed swapped data for i = 260, j = 421 sucessfully passed !
	Initialyzed swapped data for i = 260, j = 422 sucessfully passed !
	Initialyzed swapped data for i = 260, j = 423 sucessfully passed !
	Initialyzed swapped data for i = 260, j = 424 sucessfully passed !
	Initialyzed swapped data for i = 260, j = 425 sucessfully passed !
	Initialyzed swapped data for i = 260, j = 426 sucessfully passed !
	Initialyzed swapped data for i = 260, j = 427 sucessfully passed !
	Initialyzed swapped data for i = 260, j = 428 sucessfully passed !
	Initialyzed swapped data for i = 260, j = 429 sucessfully passed !
	Initialyzed swapped data for i = 260, j = 430 sucessfully passed !
	Initialyzed swapped data for i = 260, j = 431 sucessfully passed !
	Initialyzed swapped data for i = 260, j = 432 sucessfully passed !
	Initialyzed swapped data for i = 260, j = 433 sucessfully passed !
	Initialyzed swapped data for i = 261, j = 262 sucessfully passed !
	Initialyzed swapped data for i = 261, j = 263 sucessfully passed !
	Initialyzed swapped data for i = 261, j = 264 sucessfully passed !
	Initialyzed swapped data for i = 261, j = 265 sucessfully passed !
	Initialyzed swapped data for i = 261, j = 266 sucessfully passed !
	Initialyzed swapped data for i = 261, j = 267 sucessfully passed !
	Initialyzed swapped data for i = 261, j = 268 sucessfully passed !
	Initialyzed swapped data for i = 261, j = 269 sucessfully passed !
	Initialyzed swapped data for i = 261, j = 270 sucessfully passed !
	Initialyzed swapped data for i = 261, j = 271 sucessfully passed !
	Initialyzed swapped data for i = 261, j = 272 sucessfully passed !
	Initialyzed swapped data for i = 261, j = 273 sucessfully passed !
	Initialyzed swapped data for i = 261, j = 274 sucessfully passed !
	Initialyzed swapped data for i = 261, j = 275 sucessfully passed !
	Initialyzed swapped data for i = 261, j = 276 sucessfully passed !
	Initialyzed swapped data for i = 261, j = 277 sucessfully passed !
	Initialyzed swapped data for i = 261, j = 278 sucessfully passed !
	Initialyzed swapped data for i = 261, j = 279 sucessfully passed !
	Initialyzed swapped data for i = 261, j = 280 sucessfully passed !
	Initialyzed swapped data for i = 261, j = 281 sucessfully passed !
	Initialyzed swapped data for i = 261, j = 282 sucessfully passed !
	Initialyzed swapped data for i = 261, j = 283 sucessfully passed !
	Initialyzed swapped data for i = 261, j = 284 sucessfully passed !
	Initialyzed swapped data for i = 261, j = 285 sucessfully passed !
	Initialyzed swapped data for i = 261, j = 286 sucessfully passed !
	Initialyzed swapped data for i = 261, j = 287 sucessfully passed !
	Initialyzed swapped data for i = 261, j = 288 sucessfully passed !
	Initialyzed swapped data for i = 261, j = 289 sucessfully passed !
	Initialyzed swapped data for i = 261, j = 290 sucessfully passed !
	Initialyzed swapped data for i = 261, j = 291 sucessfully passed !
	Initialyzed swapped data for i = 261, j = 292 sucessfully passed !
	Initialyzed swapped data for i = 261, j = 293 sucessfully passed !
	Initialyzed swapped data for i = 261, j = 294 sucessfully passed !
	Initialyzed swapped data for i = 261, j = 295 sucessfully passed !
	Initialyzed swapped data for i = 261, j = 296 sucessfully passed !
	Initialyzed swapped data for i = 261, j = 297 sucessfully passed !
	Initialyzed swapped data for i = 261, j = 298 sucessfully passed !
	Initialyzed swapped data for i = 261, j = 299 sucessfully passed !
	Initialyzed swapped data for i = 261, j = 300 sucessfully passed !
	Initialyzed swapped data for i = 261, j = 301 sucessfully passed !
	Initialyzed swapped data for i = 261, j = 302 sucessfully passed !
	Initialyzed swapped data for i = 261, j = 303 sucessfully passed !
	Initialyzed swapped data for i = 261, j = 304 sucessfully passed !
	Initialyzed swapped data for i = 261, j = 305 sucessfully passed !
	Initialyzed swapped data for i = 261, j = 306 sucessfully passed !
	Initialyzed swapped data for i = 261, j = 307 sucessfully passed !
	Initialyzed swapped data for i = 261, j = 308 sucessfully passed !
	Initialyzed swapped data for i = 261, j = 309 sucessfully passed !
	Initialyzed swapped data for i = 261, j = 310 sucessfully passed !
	Initialyzed swapped data for i = 261, j = 311 sucessfully passed !
	Initialyzed swapped data for i = 261, j = 312 sucessfully passed !
	Initialyzed swapped data for i = 261, j = 313 sucessfully passed !
	Initialyzed swapped data for i = 261, j = 314 sucessfully passed !
	Initialyzed swapped data for i = 261, j = 315 sucessfully passed !
	Initialyzed swapped data for i = 261, j = 316 sucessfully passed !
	Initialyzed swapped data for i = 261, j = 317 sucessfully passed !
	Initialyzed swapped data for i = 261, j = 318 sucessfully passed !
	Initialyzed swapped data for i = 261, j = 319 sucessfully passed !
	Initialyzed swapped data for i = 261, j = 320 sucessfully passed !
	Initialyzed swapped data for i = 261, j = 321 sucessfully passed !
	Initialyzed swapped data for i = 261, j = 322 sucessfully passed !
	Initialyzed swapped data for i = 261, j = 323 sucessfully passed !
	Initialyzed swapped data for i = 261, j = 324 sucessfully passed !
	Initialyzed swapped data for i = 261, j = 325 sucessfully passed !
	Initialyzed swapped data for i = 261, j = 326 sucessfully passed !
	Initialyzed swapped data for i = 261, j = 327 sucessfully passed !
	Initialyzed swapped data for i = 261, j = 328 sucessfully passed !
	Initialyzed swapped data for i = 261, j = 329 sucessfully passed !
	Initialyzed swapped data for i = 261, j = 330 sucessfully passed !
	Initialyzed swapped data for i = 261, j = 331 sucessfully passed !
	Initialyzed swapped data for i = 261, j = 332 sucessfully passed !
	Initialyzed swapped data for i = 261, j = 333 sucessfully passed !
	Initialyzed swapped data for i = 261, j = 334 sucessfully passed !
	Initialyzed swapped data for i = 261, j = 335 sucessfully passed !
	Initialyzed swapped data for i = 261, j = 336 sucessfully passed !
	Initialyzed swapped data for i = 261, j = 337 sucessfully passed !
	Initialyzed swapped data for i = 261, j = 338 sucessfully passed !
	Initialyzed swapped data for i = 261, j = 339 sucessfully passed !
	Initialyzed swapped data for i = 261, j = 340 sucessfully passed !
	Initialyzed swapped data for i = 261, j = 341 sucessfully passed !
	Initialyzed swapped data for i = 261, j = 342 sucessfully passed !
	Initialyzed swapped data for i = 261, j = 343 sucessfully passed !
	Initialyzed swapped data for i = 261, j = 344 sucessfully passed !
	Initialyzed swapped data for i = 261, j = 345 sucessfully passed !
	Initialyzed swapped data for i = 261, j = 346 sucessfully passed !
	Initialyzed swapped data for i = 261, j = 347 sucessfully passed !
	Initialyzed swapped data for i = 261, j = 348 sucessfully passed !
	Initialyzed swapped data for i = 261, j = 349 sucessfully passed !
	Initialyzed swapped data for i = 261, j = 350 sucessfully passed !
	Initialyzed swapped data for i = 261, j = 351 sucessfully passed !
	Initialyzed swapped data for i = 261, j = 352 sucessfully passed !
	Initialyzed swapped data for i = 261, j = 353 sucessfully passed !
	Initialyzed swapped data for i = 261, j = 354 sucessfully passed !
	Initialyzed swapped data for i = 261, j = 355 sucessfully passed !
	Initialyzed swapped data for i = 261, j = 356 sucessfully passed !
	Initialyzed swapped data for i = 261, j = 357 sucessfully passed !
	Initialyzed swapped data for i = 261, j = 358 sucessfully passed !
	Initialyzed swapped data for i = 261, j = 359 sucessfully passed !
	Initialyzed swapped data for i = 261, j = 360 sucessfully passed !
	Initialyzed swapped data for i = 261, j = 361 sucessfully passed !
	Initialyzed swapped data for i = 261, j = 362 sucessfully passed !
	Initialyzed swapped data for i = 261, j = 363 sucessfully passed !
	Initialyzed swapped data for i = 261, j = 364 sucessfully passed !
	Initialyzed swapped data for i = 261, j = 365 sucessfully passed !
	Initialyzed swapped data for i = 261, j = 366 sucessfully passed !
	Initialyzed swapped data for i = 261, j = 367 sucessfully passed !
	Initialyzed swapped data for i = 261, j = 368 sucessfully passed !
	Initialyzed swapped data for i = 261, j = 369 sucessfully passed !
	Initialyzed swapped data for i = 261, j = 370 sucessfully passed !
	Initialyzed swapped data for i = 261, j = 371 sucessfully passed !
	Initialyzed swapped data for i = 261, j = 372 sucessfully passed !
	Initialyzed swapped data for i = 261, j = 373 sucessfully passed !
	Initialyzed swapped data for i = 261, j = 374 sucessfully passed !
	Initialyzed swapped data for i = 261, j = 375 sucessfully passed !
	Initialyzed swapped data for i = 261, j = 376 sucessfully passed !
	Initialyzed swapped data for i = 261, j = 377 sucessfully passed !
	Initialyzed swapped data for i = 261, j = 378 sucessfully passed !
	Initialyzed swapped data for i = 261, j = 379 sucessfully passed !
	Initialyzed swapped data for i = 261, j = 380 sucessfully passed !
	Initialyzed swapped data for i = 261, j = 381 sucessfully passed !
	Initialyzed swapped data for i = 261, j = 382 sucessfully passed !
	Initialyzed swapped data for i = 261, j = 383 sucessfully passed !
	Initialyzed swapped data for i = 261, j = 384 sucessfully passed !
	Initialyzed swapped data for i = 261, j = 385 sucessfully passed !
	Initialyzed swapped data for i = 261, j = 386 sucessfully passed !
	Initialyzed swapped data for i = 261, j = 387 sucessfully passed !
	Initialyzed swapped data for i = 261, j = 388 sucessfully passed !
	Initialyzed swapped data for i = 261, j = 389 sucessfully passed !
	Initialyzed swapped data for i = 261, j = 390 sucessfully passed !
	Initialyzed swapped data for i = 261, j = 391 sucessfully passed !
	Initialyzed swapped data for i = 261, j = 392 sucessfully passed !
	Initialyzed swapped data for i = 261, j = 393 sucessfully passed !
	Initialyzed swapped data for i = 261, j = 394 sucessfully passed !
	Initialyzed swapped data for i = 261, j = 395 sucessfully passed !
	Initialyzed swapped data for i = 261, j = 396 sucessfully passed !
	Initialyzed swapped data for i = 261, j = 397 sucessfully passed !
	Initialyzed swapped data for i = 261, j = 398 sucessfully passed !
	Initialyzed swapped data for i = 261, j = 399 sucessfully passed !
	Initialyzed swapped data for i = 261, j = 400 sucessfully passed !
	Initialyzed swapped data for i = 261, j = 401 sucessfully passed !
	Initialyzed swapped data for i = 261, j = 402 sucessfully passed !
	Initialyzed swapped data for i = 261, j = 403 sucessfully passed !
	Initialyzed swapped data for i = 261, j = 404 sucessfully passed !
	Initialyzed swapped data for i = 261, j = 405 sucessfully passed !
	Initialyzed swapped data for i = 261, j = 406 sucessfully passed !
	Initialyzed swapped data for i = 261, j = 407 sucessfully passed !
	Initialyzed swapped data for i = 261, j = 408 sucessfully passed !
	Initialyzed swapped data for i = 261, j = 409 sucessfully passed !
	Initialyzed swapped data for i = 261, j = 410 sucessfully passed !
	Initialyzed swapped data for i = 261, j = 411 sucessfully passed !
	Initialyzed swapped data for i = 261, j = 412 sucessfully passed !
	Initialyzed swapped data for i = 261, j = 413 sucessfully passed !
	Initialyzed swapped data for i = 261, j = 414 sucessfully passed !
	Initialyzed swapped data for i = 261, j = 415 sucessfully passed !
	Initialyzed swapped data for i = 261, j = 416 sucessfully passed !
	Initialyzed swapped data for i = 261, j = 417 sucessfully passed !
	Initialyzed swapped data for i = 261, j = 418 sucessfully passed !
	Initialyzed swapped data for i = 261, j = 419 sucessfully passed !
	Initialyzed swapped data for i = 261, j = 420 sucessfully passed !
	Initialyzed swapped data for i = 261, j = 421 sucessfully passed !
	Initialyzed swapped data for i = 261, j = 422 sucessfully passed !
	Initialyzed swapped data for i = 261, j = 423 sucessfully passed !
	Initialyzed swapped data for i = 261, j = 424 sucessfully passed !
	Initialyzed swapped data for i = 261, j = 425 sucessfully passed !
	Initialyzed swapped data for i = 261, j = 426 sucessfully passed !
	Initialyzed swapped data for i = 261, j = 427 sucessfully passed !
	Initialyzed swapped data for i = 261, j = 428 sucessfully passed !
	Initialyzed swapped data for i = 261, j = 429 sucessfully passed !
	Initialyzed swapped data for i = 261, j = 430 sucessfully passed !
	Initialyzed swapped data for i = 261, j = 431 sucessfully passed !
	Initialyzed swapped data for i = 261, j = 432 sucessfully passed !
	Initialyzed swapped data for i = 261, j = 433 sucessfully passed !
	Initialyzed swapped data for i = 262, j = 263 sucessfully passed !
	Initialyzed swapped data for i = 262, j = 264 sucessfully passed !
	Initialyzed swapped data for i = 262, j = 265 sucessfully passed !
	Initialyzed swapped data for i = 262, j = 266 sucessfully passed !
	Initialyzed swapped data for i = 262, j = 267 sucessfully passed !
	Initialyzed swapped data for i = 262, j = 268 sucessfully passed !
	Initialyzed swapped data for i = 262, j = 269 sucessfully passed !
	Initialyzed swapped data for i = 262, j = 270 sucessfully passed !
	Initialyzed swapped data for i = 262, j = 271 sucessfully passed !
	Initialyzed swapped data for i = 262, j = 272 sucessfully passed !
	Initialyzed swapped data for i = 262, j = 273 sucessfully passed !
	Initialyzed swapped data for i = 262, j = 274 sucessfully passed !
	Initialyzed swapped data for i = 262, j = 275 sucessfully passed !
	Initialyzed swapped data for i = 262, j = 276 sucessfully passed !
	Initialyzed swapped data for i = 262, j = 277 sucessfully passed !
	Initialyzed swapped data for i = 262, j = 278 sucessfully passed !
	Initialyzed swapped data for i = 262, j = 279 sucessfully passed !
	Initialyzed swapped data for i = 262, j = 280 sucessfully passed !
	Initialyzed swapped data for i = 262, j = 281 sucessfully passed !
	Initialyzed swapped data for i = 262, j = 282 sucessfully passed !
	Initialyzed swapped data for i = 262, j = 283 sucessfully passed !
	Initialyzed swapped data for i = 262, j = 284 sucessfully passed !
	Initialyzed swapped data for i = 262, j = 285 sucessfully passed !
	Initialyzed swapped data for i = 262, j = 286 sucessfully passed !
	Initialyzed swapped data for i = 262, j = 287 sucessfully passed !
	Initialyzed swapped data for i = 262, j = 288 sucessfully passed !
	Initialyzed swapped data for i = 262, j = 289 sucessfully passed !
	Initialyzed swapped data for i = 262, j = 290 sucessfully passed !
	Initialyzed swapped data for i = 262, j = 291 sucessfully passed !
	Initialyzed swapped data for i = 262, j = 292 sucessfully passed !
	Initialyzed swapped data for i = 262, j = 293 sucessfully passed !
	Initialyzed swapped data for i = 262, j = 294 sucessfully passed !
	Initialyzed swapped data for i = 262, j = 295 sucessfully passed !
	Initialyzed swapped data for i = 262, j = 296 sucessfully passed !
	Initialyzed swapped data for i = 262, j = 297 sucessfully passed !
	Initialyzed swapped data for i = 262, j = 298 sucessfully passed !
	Initialyzed swapped data for i = 262, j = 299 sucessfully passed !
	Initialyzed swapped data for i = 262, j = 300 sucessfully passed !
	Initialyzed swapped data for i = 262, j = 301 sucessfully passed !
	Initialyzed swapped data for i = 262, j = 302 sucessfully passed !
	Initialyzed swapped data for i = 262, j = 303 sucessfully passed !
	Initialyzed swapped data for i = 262, j = 304 sucessfully passed !
	Initialyzed swapped data for i = 262, j = 305 sucessfully passed !
	Initialyzed swapped data for i = 262, j = 306 sucessfully passed !
	Initialyzed swapped data for i = 262, j = 307 sucessfully passed !
	Initialyzed swapped data for i = 262, j = 308 sucessfully passed !
	Initialyzed swapped data for i = 262, j = 309 sucessfully passed !
	Initialyzed swapped data for i = 262, j = 310 sucessfully passed !
	Initialyzed swapped data for i = 262, j = 311 sucessfully passed !
	Initialyzed swapped data for i = 262, j = 312 sucessfully passed !
	Initialyzed swapped data for i = 262, j = 313 sucessfully passed !
	Initialyzed swapped data for i = 262, j = 314 sucessfully passed !
	Initialyzed swapped data for i = 262, j = 315 sucessfully passed !
	Initialyzed swapped data for i = 262, j = 316 sucessfully passed !
	Initialyzed swapped data for i = 262, j = 317 sucessfully passed !
	Initialyzed swapped data for i = 262, j = 318 sucessfully passed !
	Initialyzed swapped data for i = 262, j = 319 sucessfully passed !
	Initialyzed swapped data for i = 262, j = 320 sucessfully passed !
	Initialyzed swapped data for i = 262, j = 321 sucessfully passed !
	Initialyzed swapped data for i = 262, j = 322 sucessfully passed !
	Initialyzed swapped data for i = 262, j = 323 sucessfully passed !
	Initialyzed swapped data for i = 262, j = 324 sucessfully passed !
	Initialyzed swapped data for i = 262, j = 325 sucessfully passed !
	Initialyzed swapped data for i = 262, j = 326 sucessfully passed !
	Initialyzed swapped data for i = 262, j = 327 sucessfully passed !
	Initialyzed swapped data for i = 262, j = 328 sucessfully passed !
	Initialyzed swapped data for i = 262, j = 329 sucessfully passed !
	Initialyzed swapped data for i = 262, j = 330 sucessfully passed !
	Initialyzed swapped data for i = 262, j = 331 sucessfully passed !
	Initialyzed swapped data for i = 262, j = 332 sucessfully passed !
	Initialyzed swapped data for i = 262, j = 333 sucessfully passed !
	Initialyzed swapped data for i = 262, j = 334 sucessfully passed !
	Initialyzed swapped data for i = 262, j = 335 sucessfully passed !
	Initialyzed swapped data for i = 262, j = 336 sucessfully passed !
	Initialyzed swapped data for i = 262, j = 337 sucessfully passed !
	Initialyzed swapped data for i = 262, j = 338 sucessfully passed !
	Initialyzed swapped data for i = 262, j = 339 sucessfully passed !
	Initialyzed swapped data for i = 262, j = 340 sucessfully passed !
	Initialyzed swapped data for i = 262, j = 341 sucessfully passed !
	Initialyzed swapped data for i = 262, j = 342 sucessfully passed !
	Initialyzed swapped data for i = 262, j = 343 sucessfully passed !
	Initialyzed swapped data for i = 262, j = 344 sucessfully passed !
	Initialyzed swapped data for i = 262, j = 345 sucessfully passed !
	Initialyzed swapped data for i = 262, j = 346 sucessfully passed !
	Initialyzed swapped data for i = 262, j = 347 sucessfully passed !
	Initialyzed swapped data for i = 262, j = 348 sucessfully passed !
	Initialyzed swapped data for i = 262, j = 349 sucessfully passed !
	Initialyzed swapped data for i = 262, j = 350 sucessfully passed !
	Initialyzed swapped data for i = 262, j = 351 sucessfully passed !
	Initialyzed swapped data for i = 262, j = 352 sucessfully passed !
	Initialyzed swapped data for i = 262, j = 353 sucessfully passed !
	Initialyzed swapped data for i = 262, j = 354 sucessfully passed !
	Initialyzed swapped data for i = 262, j = 355 sucessfully passed !
	Initialyzed swapped data for i = 262, j = 356 sucessfully passed !
	Initialyzed swapped data for i = 262, j = 357 sucessfully passed !
	Initialyzed swapped data for i = 262, j = 358 sucessfully passed !
	Initialyzed swapped data for i = 262, j = 359 sucessfully passed !
	Initialyzed swapped data for i = 262, j = 360 sucessfully passed !
	Initialyzed swapped data for i = 262, j = 361 sucessfully passed !
	Initialyzed swapped data for i = 262, j = 362 sucessfully passed !
	Initialyzed swapped data for i = 262, j = 363 sucessfully passed !
	Initialyzed swapped data for i = 262, j = 364 sucessfully passed !
	Initialyzed swapped data for i = 262, j = 365 sucessfully passed !
	Initialyzed swapped data for i = 262, j = 366 sucessfully passed !
	Initialyzed swapped data for i = 262, j = 367 sucessfully passed !
	Initialyzed swapped data for i = 262, j = 368 sucessfully passed !
	Initialyzed swapped data for i = 262, j = 369 sucessfully passed !
	Initialyzed swapped data for i = 262, j = 370 sucessfully passed !
	Initialyzed swapped data for i = 262, j = 371 sucessfully passed !
	Initialyzed swapped data for i = 262, j = 372 sucessfully passed !
	Initialyzed swapped data for i = 262, j = 373 sucessfully passed !
	Initialyzed swapped data for i = 262, j = 374 sucessfully passed !
	Initialyzed swapped data for i = 262, j = 375 sucessfully passed !
	Initialyzed swapped data for i = 262, j = 376 sucessfully passed !
	Initialyzed swapped data for i = 262, j = 377 sucessfully passed !
	Initialyzed swapped data for i = 262, j = 378 sucessfully passed !
	Initialyzed swapped data for i = 262, j = 379 sucessfully passed !
	Initialyzed swapped data for i = 262, j = 380 sucessfully passed !
	Initialyzed swapped data for i = 262, j = 381 sucessfully passed !
	Initialyzed swapped data for i = 262, j = 382 sucessfully passed !
	Initialyzed swapped data for i = 262, j = 383 sucessfully passed !
	Initialyzed swapped data for i = 262, j = 384 sucessfully passed !
	Initialyzed swapped data for i = 262, j = 385 sucessfully passed !
	Initialyzed swapped data for i = 262, j = 386 sucessfully passed !
	Initialyzed swapped data for i = 262, j = 387 sucessfully passed !
	Initialyzed swapped data for i = 262, j = 388 sucessfully passed !
	Initialyzed swapped data for i = 262, j = 389 sucessfully passed !
	Initialyzed swapped data for i = 262, j = 390 sucessfully passed !
	Initialyzed swapped data for i = 262, j = 391 sucessfully passed !
	Initialyzed swapped data for i = 262, j = 392 sucessfully passed !
	Initialyzed swapped data for i = 262, j = 393 sucessfully passed !
	Initialyzed swapped data for i = 262, j = 394 sucessfully passed !
	Initialyzed swapped data for i = 262, j = 395 sucessfully passed !
	Initialyzed swapped data for i = 262, j = 396 sucessfully passed !
	Initialyzed swapped data for i = 262, j = 397 sucessfully passed !
	Initialyzed swapped data for i = 262, j = 398 sucessfully passed !
	Initialyzed swapped data for i = 262, j = 399 sucessfully passed !
	Initialyzed swapped data for i = 262, j = 400 sucessfully passed !
	Initialyzed swapped data for i = 262, j = 401 sucessfully passed !
	Initialyzed swapped data for i = 262, j = 402 sucessfully passed !
	Initialyzed swapped data for i = 262, j = 403 sucessfully passed !
	Initialyzed swapped data for i = 262, j = 404 sucessfully passed !
	Initialyzed swapped data for i = 262, j = 405 sucessfully passed !
	Initialyzed swapped data for i = 262, j = 406 sucessfully passed !
	Initialyzed swapped data for i = 262, j = 407 sucessfully passed !
	Initialyzed swapped data for i = 262, j = 408 sucessfully passed !
	Initialyzed swapped data for i = 262, j = 409 sucessfully passed !
	Initialyzed swapped data for i = 262, j = 410 sucessfully passed !
	Initialyzed swapped data for i = 262, j = 411 sucessfully passed !
	Initialyzed swapped data for i = 262, j = 412 sucessfully passed !
	Initialyzed swapped data for i = 262, j = 413 sucessfully passed !
	Initialyzed swapped data for i = 262, j = 414 sucessfully passed !
	Initialyzed swapped data for i = 262, j = 415 sucessfully passed !
	Initialyzed swapped data for i = 262, j = 416 sucessfully passed !
	Initialyzed swapped data for i = 262, j = 417 sucessfully passed !
	Initialyzed swapped data for i = 262, j = 418 sucessfully passed !
	Initialyzed swapped data for i = 262, j = 419 sucessfully passed !
	Initialyzed swapped data for i = 262, j = 420 sucessfully passed !
	Initialyzed swapped data for i = 262, j = 421 sucessfully passed !
	Initialyzed swapped data for i = 262, j = 422 sucessfully passed !
	Initialyzed swapped data for i = 262, j = 423 sucessfully passed !
	Initialyzed swapped data for i = 262, j = 424 sucessfully passed !
	Initialyzed swapped data for i = 262, j = 425 sucessfully passed !
	Initialyzed swapped data for i = 262, j = 426 sucessfully passed !
	Initialyzed swapped data for i = 262, j = 427 sucessfully passed !
	Initialyzed swapped data for i = 262, j = 428 sucessfully passed !
	Initialyzed swapped data for i = 262, j = 429 sucessfully passed !
	Initialyzed swapped data for i = 262, j = 430 sucessfully passed !
	Initialyzed swapped data for i = 262, j = 431 sucessfully passed !
	Initialyzed swapped data for i = 262, j = 432 sucessfully passed !
	Initialyzed swapped data for i = 262, j = 433 sucessfully passed !
	Initialyzed swapped data for i = 263, j = 264 sucessfully passed !
	Initialyzed swapped data for i = 263, j = 265 sucessfully passed !
	Initialyzed swapped data for i = 263, j = 266 sucessfully passed !
	Initialyzed swapped data for i = 263, j = 267 sucessfully passed !
	Initialyzed swapped data for i = 263, j = 268 sucessfully passed !
	Initialyzed swapped data for i = 263, j = 269 sucessfully passed !
	Initialyzed swapped data for i = 263, j = 270 sucessfully passed !
	Initialyzed swapped data for i = 263, j = 271 sucessfully passed !
	Initialyzed swapped data for i = 263, j = 272 sucessfully passed !
	Initialyzed swapped data for i = 263, j = 273 sucessfully passed !
	Initialyzed swapped data for i = 263, j = 274 sucessfully passed !
	Initialyzed swapped data for i = 263, j = 275 sucessfully passed !
	Initialyzed swapped data for i = 263, j = 276 sucessfully passed !
	Initialyzed swapped data for i = 263, j = 277 sucessfully passed !
	Initialyzed swapped data for i = 263, j = 278 sucessfully passed !
	Initialyzed swapped data for i = 263, j = 279 sucessfully passed !
	Initialyzed swapped data for i = 263, j = 280 sucessfully passed !
	Initialyzed swapped data for i = 263, j = 281 sucessfully passed !
	Initialyzed swapped data for i = 263, j = 282 sucessfully passed !
	Initialyzed swapped data for i = 263, j = 283 sucessfully passed !
	Initialyzed swapped data for i = 263, j = 284 sucessfully passed !
	Initialyzed swapped data for i = 263, j = 285 sucessfully passed !
	Initialyzed swapped data for i = 263, j = 286 sucessfully passed !
	Initialyzed swapped data for i = 263, j = 287 sucessfully passed !
	Initialyzed swapped data for i = 263, j = 288 sucessfully passed !
	Initialyzed swapped data for i = 263, j = 289 sucessfully passed !
	Initialyzed swapped data for i = 263, j = 290 sucessfully passed !
	Initialyzed swapped data for i = 263, j = 291 sucessfully passed !
	Initialyzed swapped data for i = 263, j = 292 sucessfully passed !
	Initialyzed swapped data for i = 263, j = 293 sucessfully passed !
	Initialyzed swapped data for i = 263, j = 294 sucessfully passed !
	Initialyzed swapped data for i = 263, j = 295 sucessfully passed !
	Initialyzed swapped data for i = 263, j = 296 sucessfully passed !
	Initialyzed swapped data for i = 263, j = 297 sucessfully passed !
	Initialyzed swapped data for i = 263, j = 298 sucessfully passed !
	Initialyzed swapped data for i = 263, j = 299 sucessfully passed !
	Initialyzed swapped data for i = 263, j = 300 sucessfully passed !
	Initialyzed swapped data for i = 263, j = 301 sucessfully passed !
	Initialyzed swapped data for i = 263, j = 302 sucessfully passed !
	Initialyzed swapped data for i = 263, j = 303 sucessfully passed !
	Initialyzed swapped data for i = 263, j = 304 sucessfully passed !
	Initialyzed swapped data for i = 263, j = 305 sucessfully passed !
	Initialyzed swapped data for i = 263, j = 306 sucessfully passed !
	Initialyzed swapped data for i = 263, j = 307 sucessfully passed !
	Initialyzed swapped data for i = 263, j = 308 sucessfully passed !
	Initialyzed swapped data for i = 263, j = 309 sucessfully passed !
	Initialyzed swapped data for i = 263, j = 310 sucessfully passed !
	Initialyzed swapped data for i = 263, j = 311 sucessfully passed !
	Initialyzed swapped data for i = 263, j = 312 sucessfully passed !
	Initialyzed swapped data for i = 263, j = 313 sucessfully passed !
	Initialyzed swapped data for i = 263, j = 314 sucessfully passed !
	Initialyzed swapped data for i = 263, j = 315 sucessfully passed !
	Initialyzed swapped data for i = 263, j = 316 sucessfully passed !
	Initialyzed swapped data for i = 263, j = 317 sucessfully passed !
	Initialyzed swapped data for i = 263, j = 318 sucessfully passed !
	Initialyzed swapped data for i = 263, j = 319 sucessfully passed !
	Initialyzed swapped data for i = 263, j = 320 sucessfully passed !
	Initialyzed swapped data for i = 263, j = 321 sucessfully passed !
	Initialyzed swapped data for i = 263, j = 322 sucessfully passed !
	Initialyzed swapped data for i = 263, j = 323 sucessfully passed !
	Initialyzed swapped data for i = 263, j = 324 sucessfully passed !
	Initialyzed swapped data for i = 263, j = 325 sucessfully passed !
	Initialyzed swapped data for i = 263, j = 326 sucessfully passed !
	Initialyzed swapped data for i = 263, j = 327 sucessfully passed !
	Initialyzed swapped data for i = 263, j = 328 sucessfully passed !
	Initialyzed swapped data for i = 263, j = 329 sucessfully passed !
	Initialyzed swapped data for i = 263, j = 330 sucessfully passed !
	Initialyzed swapped data for i = 263, j = 331 sucessfully passed !
	Initialyzed swapped data for i = 263, j = 332 sucessfully passed !
	Initialyzed swapped data for i = 263, j = 333 sucessfully passed !
	Initialyzed swapped data for i = 263, j = 334 sucessfully passed !
	Initialyzed swapped data for i = 263, j = 335 sucessfully passed !
	Initialyzed swapped data for i = 263, j = 336 sucessfully passed !
	Initialyzed swapped data for i = 263, j = 337 sucessfully passed !
	Initialyzed swapped data for i = 263, j = 338 sucessfully passed !
	Initialyzed swapped data for i = 263, j = 339 sucessfully passed !
	Initialyzed swapped data for i = 263, j = 340 sucessfully passed !
	Initialyzed swapped data for i = 263, j = 341 sucessfully passed !
	Initialyzed swapped data for i = 263, j = 342 sucessfully passed !
	Initialyzed swapped data for i = 263, j = 343 sucessfully passed !
	Initialyzed swapped data for i = 263, j = 344 sucessfully passed !
	Initialyzed swapped data for i = 263, j = 345 sucessfully passed !
	Initialyzed swapped data for i = 263, j = 346 sucessfully passed !
	Initialyzed swapped data for i = 263, j = 347 sucessfully passed !
	Initialyzed swapped data for i = 263, j = 348 sucessfully passed !
	Initialyzed swapped data for i = 263, j = 349 sucessfully passed !
	Initialyzed swapped data for i = 263, j = 350 sucessfully passed !
	Initialyzed swapped data for i = 263, j = 351 sucessfully passed !
	Initialyzed swapped data for i = 263, j = 352 sucessfully passed !
	Initialyzed swapped data for i = 263, j = 353 sucessfully passed !
	Initialyzed swapped data for i = 263, j = 354 sucessfully passed !
	Initialyzed swapped data for i = 263, j = 355 sucessfully passed !
	Initialyzed swapped data for i = 263, j = 356 sucessfully passed !
	Initialyzed swapped data for i = 263, j = 357 sucessfully passed !
	Initialyzed swapped data for i = 263, j = 358 sucessfully passed !
	Initialyzed swapped data for i = 263, j = 359 sucessfully passed !
	Initialyzed swapped data for i = 263, j = 360 sucessfully passed !
	Initialyzed swapped data for i = 263, j = 361 sucessfully passed !
	Initialyzed swapped data for i = 263, j = 362 sucessfully passed !
	Initialyzed swapped data for i = 263, j = 363 sucessfully passed !
	Initialyzed swapped data for i = 263, j = 364 sucessfully passed !
	Initialyzed swapped data for i = 263, j = 365 sucessfully passed !
	Initialyzed swapped data for i = 263, j = 366 sucessfully passed !
	Initialyzed swapped data for i = 263, j = 367 sucessfully passed !
	Initialyzed swapped data for i = 263, j = 368 sucessfully passed !
	Initialyzed swapped data for i = 263, j = 369 sucessfully passed !
	Initialyzed swapped data for i = 263, j = 370 sucessfully passed !
	Initialyzed swapped data for i = 263, j = 371 sucessfully passed !
	Initialyzed swapped data for i = 263, j = 372 sucessfully passed !
	Initialyzed swapped data for i = 263, j = 373 sucessfully passed !
	Initialyzed swapped data for i = 263, j = 374 sucessfully passed !
	Initialyzed swapped data for i = 263, j = 375 sucessfully passed !
	Initialyzed swapped data for i = 263, j = 376 sucessfully passed !
	Initialyzed swapped data for i = 263, j = 377 sucessfully passed !
	Initialyzed swapped data for i = 263, j = 378 sucessfully passed !
	Initialyzed swapped data for i = 263, j = 379 sucessfully passed !
	Initialyzed swapped data for i = 263, j = 380 sucessfully passed !
	Initialyzed swapped data for i = 263, j = 381 sucessfully passed !
	Initialyzed swapped data for i = 263, j = 382 sucessfully passed !
	Initialyzed swapped data for i = 263, j = 383 sucessfully passed !
	Initialyzed swapped data for i = 263, j = 384 sucessfully passed !
	Initialyzed swapped data for i = 263, j = 385 sucessfully passed !
	Initialyzed swapped data for i = 263, j = 386 sucessfully passed !
	Initialyzed swapped data for i = 263, j = 387 sucessfully passed !
	Initialyzed swapped data for i = 263, j = 388 sucessfully passed !
	Initialyzed swapped data for i = 263, j = 389 sucessfully passed !
	Initialyzed swapped data for i = 263, j = 390 sucessfully passed !
	Initialyzed swapped data for i = 263, j = 391 sucessfully passed !
	Initialyzed swapped data for i = 263, j = 392 sucessfully passed !
	Initialyzed swapped data for i = 263, j = 393 sucessfully passed !
	Initialyzed swapped data for i = 263, j = 394 sucessfully passed !
	Initialyzed swapped data for i = 263, j = 395 sucessfully passed !
	Initialyzed swapped data for i = 263, j = 396 sucessfully passed !
	Initialyzed swapped data for i = 263, j = 397 sucessfully passed !
	Initialyzed swapped data for i = 263, j = 398 sucessfully passed !
	Initialyzed swapped data for i = 263, j = 399 sucessfully passed !
	Initialyzed swapped data for i = 263, j = 400 sucessfully passed !
	Initialyzed swapped data for i = 263, j = 401 sucessfully passed !
	Initialyzed swapped data for i = 263, j = 402 sucessfully passed !
	Initialyzed swapped data for i = 263, j = 403 sucessfully passed !
	Initialyzed swapped data for i = 263, j = 404 sucessfully passed !
	Initialyzed swapped data for i = 263, j = 405 sucessfully passed !
	Initialyzed swapped data for i = 263, j = 406 sucessfully passed !
	Initialyzed swapped data for i = 263, j = 407 sucessfully passed !
	Initialyzed swapped data for i = 263, j = 408 sucessfully passed !
	Initialyzed swapped data for i = 263, j = 409 sucessfully passed !
	Initialyzed swapped data for i = 263, j = 410 sucessfully passed !
	Initialyzed swapped data for i = 263, j = 411 sucessfully passed !
	Initialyzed swapped data for i = 263, j = 412 sucessfully passed !
	Initialyzed swapped data for i = 263, j = 413 sucessfully passed !
	Initialyzed swapped data for i = 263, j = 414 sucessfully passed !
	Initialyzed swapped data for i = 263, j = 415 sucessfully passed !
	Initialyzed swapped data for i = 263, j = 416 sucessfully passed !
	Initialyzed swapped data for i = 263, j = 417 sucessfully passed !
	Initialyzed swapped data for i = 263, j = 418 sucessfully passed !
	Initialyzed swapped data for i = 263, j = 419 sucessfully passed !
	Initialyzed swapped data for i = 263, j = 420 sucessfully passed !
	Initialyzed swapped data for i = 263, j = 421 sucessfully passed !
	Initialyzed swapped data for i = 263, j = 422 sucessfully passed !
	Initialyzed swapped data for i = 263, j = 423 sucessfully passed !
	Initialyzed swapped data for i = 263, j = 424 sucessfully passed !
	Initialyzed swapped data for i = 263, j = 425 sucessfully passed !
	Initialyzed swapped data for i = 263, j = 426 sucessfully passed !
	Initialyzed swapped data for i = 263, j = 427 sucessfully passed !
	Initialyzed swapped data for i = 263, j = 428 sucessfully passed !
	Initialyzed swapped data for i = 263, j = 429 sucessfully passed !
	Initialyzed swapped data for i = 263, j = 430 sucessfully passed !
	Initialyzed swapped data for i = 263, j = 431 sucessfully passed !
	Initialyzed swapped data for i = 263, j = 432 sucessfully passed !
	Initialyzed swapped data for i = 263, j = 433 sucessfully passed !
	Initialyzed swapped data for i = 264, j = 265 sucessfully passed !
	Initialyzed swapped data for i = 264, j = 266 sucessfully passed !
	Initialyzed swapped data for i = 264, j = 267 sucessfully passed !
	Initialyzed swapped data for i = 264, j = 268 sucessfully passed !
	Initialyzed swapped data for i = 264, j = 269 sucessfully passed !
	Initialyzed swapped data for i = 264, j = 270 sucessfully passed !
	Initialyzed swapped data for i = 264, j = 271 sucessfully passed !
	Initialyzed swapped data for i = 264, j = 272 sucessfully passed !
	Initialyzed swapped data for i = 264, j = 273 sucessfully passed !
	Initialyzed swapped data for i = 264, j = 274 sucessfully passed !
	Initialyzed swapped data for i = 264, j = 275 sucessfully passed !
	Initialyzed swapped data for i = 264, j = 276 sucessfully passed !
	Initialyzed swapped data for i = 264, j = 277 sucessfully passed !
	Initialyzed swapped data for i = 264, j = 278 sucessfully passed !
	Initialyzed swapped data for i = 264, j = 279 sucessfully passed !
	Initialyzed swapped data for i = 264, j = 280 sucessfully passed !
	Initialyzed swapped data for i = 264, j = 281 sucessfully passed !
	Initialyzed swapped data for i = 264, j = 282 sucessfully passed !
	Initialyzed swapped data for i = 264, j = 283 sucessfully passed !
	Initialyzed swapped data for i = 264, j = 284 sucessfully passed !
	Initialyzed swapped data for i = 264, j = 285 sucessfully passed !
	Initialyzed swapped data for i = 264, j = 286 sucessfully passed !
	Initialyzed swapped data for i = 264, j = 287 sucessfully passed !
	Initialyzed swapped data for i = 264, j = 288 sucessfully passed !
	Initialyzed swapped data for i = 264, j = 289 sucessfully passed !
	Initialyzed swapped data for i = 264, j = 290 sucessfully passed !
	Initialyzed swapped data for i = 264, j = 291 sucessfully passed !
	Initialyzed swapped data for i = 264, j = 292 sucessfully passed !
	Initialyzed swapped data for i = 264, j = 293 sucessfully passed !
	Initialyzed swapped data for i = 264, j = 294 sucessfully passed !
	Initialyzed swapped data for i = 264, j = 295 sucessfully passed !
	Initialyzed swapped data for i = 264, j = 296 sucessfully passed !
	Initialyzed swapped data for i = 264, j = 297 sucessfully passed !
	Initialyzed swapped data for i = 264, j = 298 sucessfully passed !
	Initialyzed swapped data for i = 264, j = 299 sucessfully passed !
	Initialyzed swapped data for i = 264, j = 300 sucessfully passed !
	Initialyzed swapped data for i = 264, j = 301 sucessfully passed !
	Initialyzed swapped data for i = 264, j = 302 sucessfully passed !
	Initialyzed swapped data for i = 264, j = 303 sucessfully passed !
	Initialyzed swapped data for i = 264, j = 304 sucessfully passed !
	Initialyzed swapped data for i = 264, j = 305 sucessfully passed !
	Initialyzed swapped data for i = 264, j = 306 sucessfully passed !
	Initialyzed swapped data for i = 264, j = 307 sucessfully passed !
	Initialyzed swapped data for i = 264, j = 308 sucessfully passed !
	Initialyzed swapped data for i = 264, j = 309 sucessfully passed !
	Initialyzed swapped data for i = 264, j = 310 sucessfully passed !
	Initialyzed swapped data for i = 264, j = 311 sucessfully passed !
	Initialyzed swapped data for i = 264, j = 312 sucessfully passed !
	Initialyzed swapped data for i = 264, j = 313 sucessfully passed !
	Initialyzed swapped data for i = 264, j = 314 sucessfully passed !
	Initialyzed swapped data for i = 264, j = 315 sucessfully passed !
	Initialyzed swapped data for i = 264, j = 316 sucessfully passed !
	Initialyzed swapped data for i = 264, j = 317 sucessfully passed !
	Initialyzed swapped data for i = 264, j = 318 sucessfully passed !
	Initialyzed swapped data for i = 264, j = 319 sucessfully passed !
	Initialyzed swapped data for i = 264, j = 320 sucessfully passed !
	Initialyzed swapped data for i = 264, j = 321 sucessfully passed !
	Initialyzed swapped data for i = 264, j = 322 sucessfully passed !
	Initialyzed swapped data for i = 264, j = 323 sucessfully passed !
	Initialyzed swapped data for i = 264, j = 324 sucessfully passed !
	Initialyzed swapped data for i = 264, j = 325 sucessfully passed !
	Initialyzed swapped data for i = 264, j = 326 sucessfully passed !
	Initialyzed swapped data for i = 264, j = 327 sucessfully passed !
	Initialyzed swapped data for i = 264, j = 328 sucessfully passed !
	Initialyzed swapped data for i = 264, j = 329 sucessfully passed !
	Initialyzed swapped data for i = 264, j = 330 sucessfully passed !
	Initialyzed swapped data for i = 264, j = 331 sucessfully passed !
	Initialyzed swapped data for i = 264, j = 332 sucessfully passed !
	Initialyzed swapped data for i = 264, j = 333 sucessfully passed !
	Initialyzed swapped data for i = 264, j = 334 sucessfully passed !
	Initialyzed swapped data for i = 264, j = 335 sucessfully passed !
	Initialyzed swapped data for i = 264, j = 336 sucessfully passed !
	Initialyzed swapped data for i = 264, j = 337 sucessfully passed !
	Initialyzed swapped data for i = 264, j = 338 sucessfully passed !
	Initialyzed swapped data for i = 264, j = 339 sucessfully passed !
	Initialyzed swapped data for i = 264, j = 340 sucessfully passed !
	Initialyzed swapped data for i = 264, j = 341 sucessfully passed !
	Initialyzed swapped data for i = 264, j = 342 sucessfully passed !
	Initialyzed swapped data for i = 264, j = 343 sucessfully passed !
	Initialyzed swapped data for i = 264, j = 344 sucessfully passed !
	Initialyzed swapped data for i = 264, j = 345 sucessfully passed !
	Initialyzed swapped data for i = 264, j = 346 sucessfully passed !
	Initialyzed swapped data for i = 264, j = 347 sucessfully passed !
	Initialyzed swapped data for i = 264, j = 348 sucessfully passed !
	Initialyzed swapped data for i = 264, j = 349 sucessfully passed !
	Initialyzed swapped data for i = 264, j = 350 sucessfully passed !
	Initialyzed swapped data for i = 264, j = 351 sucessfully passed !
	Initialyzed swapped data for i = 264, j = 352 sucessfully passed !
	Initialyzed swapped data for i = 264, j = 353 sucessfully passed !
	Initialyzed swapped data for i = 264, j = 354 sucessfully passed !
	Initialyzed swapped data for i = 264, j = 355 sucessfully passed !
	Initialyzed swapped data for i = 264, j = 356 sucessfully passed !
	Initialyzed swapped data for i = 264, j = 357 sucessfully passed !
	Initialyzed swapped data for i = 264, j = 358 sucessfully passed !
	Initialyzed swapped data for i = 264, j = 359 sucessfully passed !
	Initialyzed swapped data for i = 264, j = 360 sucessfully passed !
	Initialyzed swapped data for i = 264, j = 361 sucessfully passed !
	Initialyzed swapped data for i = 264, j = 362 sucessfully passed !
	Initialyzed swapped data for i = 264, j = 363 sucessfully passed !
	Initialyzed swapped data for i = 264, j = 364 sucessfully passed !
	Initialyzed swapped data for i = 264, j = 365 sucessfully passed !
	Initialyzed swapped data for i = 264, j = 366 sucessfully passed !
	Initialyzed swapped data for i = 264, j = 367 sucessfully passed !
	Initialyzed swapped data for i = 264, j = 368 sucessfully passed !
	Initialyzed swapped data for i = 264, j = 369 sucessfully passed !
	Initialyzed swapped data for i = 264, j = 370 sucessfully passed !
	Initialyzed swapped data for i = 264, j = 371 sucessfully passed !
	Initialyzed swapped data for i = 264, j = 372 sucessfully passed !
	Initialyzed swapped data for i = 264, j = 373 sucessfully passed !
	Initialyzed swapped data for i = 264, j = 374 sucessfully passed !
	Initialyzed swapped data for i = 264, j = 375 sucessfully passed !
	Initialyzed swapped data for i = 264, j = 376 sucessfully passed !
	Initialyzed swapped data for i = 264, j = 377 sucessfully passed !
	Initialyzed swapped data for i = 264, j = 378 sucessfully passed !
	Initialyzed swapped data for i = 264, j = 379 sucessfully passed !
	Initialyzed swapped data for i = 264, j = 380 sucessfully passed !
	Initialyzed swapped data for i = 264, j = 381 sucessfully passed !
	Initialyzed swapped data for i = 264, j = 382 sucessfully passed !
	Initialyzed swapped data for i = 264, j = 383 sucessfully passed !
	Initialyzed swapped data for i = 264, j = 384 sucessfully passed !
	Initialyzed swapped data for i = 264, j = 385 sucessfully passed !
	Initialyzed swapped data for i = 264, j = 386 sucessfully passed !
	Initialyzed swapped data for i = 264, j = 387 sucessfully passed !
	Initialyzed swapped data for i = 264, j = 388 sucessfully passed !
	Initialyzed swapped data for i = 264, j = 389 sucessfully passed !
	Initialyzed swapped data for i = 264, j = 390 sucessfully passed !
	Initialyzed swapped data for i = 264, j = 391 sucessfully passed !
	Initialyzed swapped data for i = 264, j = 392 sucessfully passed !
	Initialyzed swapped data for i = 264, j = 393 sucessfully passed !
	Initialyzed swapped data for i = 264, j = 394 sucessfully passed !
	Initialyzed swapped data for i = 264, j = 395 sucessfully passed !
	Initialyzed swapped data for i = 264, j = 396 sucessfully passed !
	Initialyzed swapped data for i = 264, j = 397 sucessfully passed !
	Initialyzed swapped data for i = 264, j = 398 sucessfully passed !
	Initialyzed swapped data for i = 264, j = 399 sucessfully passed !
	Initialyzed swapped data for i = 264, j = 400 sucessfully passed !
	Initialyzed swapped data for i = 264, j = 401 sucessfully passed !
	Initialyzed swapped data for i = 264, j = 402 sucessfully passed !
	Initialyzed swapped data for i = 264, j = 403 sucessfully passed !
	Initialyzed swapped data for i = 264, j = 404 sucessfully passed !
	Initialyzed swapped data for i = 264, j = 405 sucessfully passed !
	Initialyzed swapped data for i = 264, j = 406 sucessfully passed !
	Initialyzed swapped data for i = 264, j = 407 sucessfully passed !
	Initialyzed swapped data for i = 264, j = 408 sucessfully passed !
	Initialyzed swapped data for i = 264, j = 409 sucessfully passed !
	Initialyzed swapped data for i = 264, j = 410 sucessfully passed !
	Initialyzed swapped data for i = 264, j = 411 sucessfully passed !
	Initialyzed swapped data for i = 264, j = 412 sucessfully passed !
	Initialyzed swapped data for i = 264, j = 413 sucessfully passed !
	Initialyzed swapped data for i = 264, j = 414 sucessfully passed !
	Initialyzed swapped data for i = 264, j = 415 sucessfully passed !
	Initialyzed swapped data for i = 264, j = 416 sucessfully passed !
	Initialyzed swapped data for i = 264, j = 417 sucessfully passed !
	Initialyzed swapped data for i = 264, j = 418 sucessfully passed !
	Initialyzed swapped data for i = 264, j = 419 sucessfully passed !
	Initialyzed swapped data for i = 264, j = 420 sucessfully passed !
	Initialyzed swapped data for i = 264, j = 421 sucessfully passed !
	Initialyzed swapped data for i = 264, j = 422 sucessfully passed !
	Initialyzed swapped data for i = 264, j = 423 sucessfully passed !
	Initialyzed swapped data for i = 264, j = 424 sucessfully passed !
	Initialyzed swapped data for i = 264, j = 425 sucessfully passed !
	Initialyzed swapped data for i = 264, j = 426 sucessfully passed !
	Initialyzed swapped data for i = 264, j = 427 sucessfully passed !
	Initialyzed swapped data for i = 264, j = 428 sucessfully passed !
	Initialyzed swapped data for i = 264, j = 429 sucessfully passed !
	Initialyzed swapped data for i = 264, j = 430 sucessfully passed !
	Initialyzed swapped data for i = 264, j = 431 sucessfully passed !
	Initialyzed swapped data for i = 264, j = 432 sucessfully passed !
	Initialyzed swapped data for i = 264, j = 433 sucessfully passed !
	Initialyzed swapped data for i = 265, j = 266 sucessfully passed !
	Initialyzed swapped data for i = 265, j = 267 sucessfully passed !
	Initialyzed swapped data for i = 265, j = 268 sucessfully passed !
	Initialyzed swapped data for i = 265, j = 269 sucessfully passed !
	Initialyzed swapped data for i = 265, j = 270 sucessfully passed !
	Initialyzed swapped data for i = 265, j = 271 sucessfully passed !
	Initialyzed swapped data for i = 265, j = 272 sucessfully passed !
	Initialyzed swapped data for i = 265, j = 273 sucessfully passed !
	Initialyzed swapped data for i = 265, j = 274 sucessfully passed !
	Initialyzed swapped data for i = 265, j = 275 sucessfully passed !
	Initialyzed swapped data for i = 265, j = 276 sucessfully passed !
	Initialyzed swapped data for i = 265, j = 277 sucessfully passed !
	Initialyzed swapped data for i = 265, j = 278 sucessfully passed !
	Initialyzed swapped data for i = 265, j = 279 sucessfully passed !
	Initialyzed swapped data for i = 265, j = 280 sucessfully passed !
	Initialyzed swapped data for i = 265, j = 281 sucessfully passed !
	Initialyzed swapped data for i = 265, j = 282 sucessfully passed !
	Initialyzed swapped data for i = 265, j = 283 sucessfully passed !
	Initialyzed swapped data for i = 265, j = 284 sucessfully passed !
	Initialyzed swapped data for i = 265, j = 285 sucessfully passed !
	Initialyzed swapped data for i = 265, j = 286 sucessfully passed !
	Initialyzed swapped data for i = 265, j = 287 sucessfully passed !
	Initialyzed swapped data for i = 265, j = 288 sucessfully passed !
	Initialyzed swapped data for i = 265, j = 289 sucessfully passed !
	Initialyzed swapped data for i = 265, j = 290 sucessfully passed !
	Initialyzed swapped data for i = 265, j = 291 sucessfully passed !
	Initialyzed swapped data for i = 265, j = 292 sucessfully passed !
	Initialyzed swapped data for i = 265, j = 293 sucessfully passed !
	Initialyzed swapped data for i = 265, j = 294 sucessfully passed !
	Initialyzed swapped data for i = 265, j = 295 sucessfully passed !
	Initialyzed swapped data for i = 265, j = 296 sucessfully passed !
	Initialyzed swapped data for i = 265, j = 297 sucessfully passed !
	Initialyzed swapped data for i = 265, j = 298 sucessfully passed !
	Initialyzed swapped data for i = 265, j = 299 sucessfully passed !
	Initialyzed swapped data for i = 265, j = 300 sucessfully passed !
	Initialyzed swapped data for i = 265, j = 301 sucessfully passed !
	Initialyzed swapped data for i = 265, j = 302 sucessfully passed !
	Initialyzed swapped data for i = 265, j = 303 sucessfully passed !
	Initialyzed swapped data for i = 265, j = 304 sucessfully passed !
	Initialyzed swapped data for i = 265, j = 305 sucessfully passed !
	Initialyzed swapped data for i = 265, j = 306 sucessfully passed !
	Initialyzed swapped data for i = 265, j = 307 sucessfully passed !
	Initialyzed swapped data for i = 265, j = 308 sucessfully passed !
	Initialyzed swapped data for i = 265, j = 309 sucessfully passed !
	Initialyzed swapped data for i = 265, j = 310 sucessfully passed !
	Initialyzed swapped data for i = 265, j = 311 sucessfully passed !
	Initialyzed swapped data for i = 265, j = 312 sucessfully passed !
	Initialyzed swapped data for i = 265, j = 313 sucessfully passed !
	Initialyzed swapped data for i = 265, j = 314 sucessfully passed !
	Initialyzed swapped data for i = 265, j = 315 sucessfully passed !
	Initialyzed swapped data for i = 265, j = 316 sucessfully passed !
	Initialyzed swapped data for i = 265, j = 317 sucessfully passed !
	Initialyzed swapped data for i = 265, j = 318 sucessfully passed !
	Initialyzed swapped data for i = 265, j = 319 sucessfully passed !
	Initialyzed swapped data for i = 265, j = 320 sucessfully passed !
	Initialyzed swapped data for i = 265, j = 321 sucessfully passed !
	Initialyzed swapped data for i = 265, j = 322 sucessfully passed !
	Initialyzed swapped data for i = 265, j = 323 sucessfully passed !
	Initialyzed swapped data for i = 265, j = 324 sucessfully passed !
	Initialyzed swapped data for i = 265, j = 325 sucessfully passed !
	Initialyzed swapped data for i = 265, j = 326 sucessfully passed !
	Initialyzed swapped data for i = 265, j = 327 sucessfully passed !
	Initialyzed swapped data for i = 265, j = 328 sucessfully passed !
	Initialyzed swapped data for i = 265, j = 329 sucessfully passed !
	Initialyzed swapped data for i = 265, j = 330 sucessfully passed !
	Initialyzed swapped data for i = 265, j = 331 sucessfully passed !
	Initialyzed swapped data for i = 265, j = 332 sucessfully passed !
	Initialyzed swapped data for i = 265, j = 333 sucessfully passed !
	Initialyzed swapped data for i = 265, j = 334 sucessfully passed !
	Initialyzed swapped data for i = 265, j = 335 sucessfully passed !
	Initialyzed swapped data for i = 265, j = 336 sucessfully passed !
	Initialyzed swapped data for i = 265, j = 337 sucessfully passed !
	Initialyzed swapped data for i = 265, j = 338 sucessfully passed !
	Initialyzed swapped data for i = 265, j = 339 sucessfully passed !
	Initialyzed swapped data for i = 265, j = 340 sucessfully passed !
	Initialyzed swapped data for i = 265, j = 341 sucessfully passed !
	Initialyzed swapped data for i = 265, j = 342 sucessfully passed !
	Initialyzed swapped data for i = 265, j = 343 sucessfully passed !
	Initialyzed swapped data for i = 265, j = 344 sucessfully passed !
	Initialyzed swapped data for i = 265, j = 345 sucessfully passed !
	Initialyzed swapped data for i = 265, j = 346 sucessfully passed !
	Initialyzed swapped data for i = 265, j = 347 sucessfully passed !
	Initialyzed swapped data for i = 265, j = 348 sucessfully passed !
	Initialyzed swapped data for i = 265, j = 349 sucessfully passed !
	Initialyzed swapped data for i = 265, j = 350 sucessfully passed !
	Initialyzed swapped data for i = 265, j = 351 sucessfully passed !
	Initialyzed swapped data for i = 265, j = 352 sucessfully passed !
	Initialyzed swapped data for i = 265, j = 353 sucessfully passed !
	Initialyzed swapped data for i = 265, j = 354 sucessfully passed !
	Initialyzed swapped data for i = 265, j = 355 sucessfully passed !
	Initialyzed swapped data for i = 265, j = 356 sucessfully passed !
	Initialyzed swapped data for i = 265, j = 357 sucessfully passed !
	Initialyzed swapped data for i = 265, j = 358 sucessfully passed !
	Initialyzed swapped data for i = 265, j = 359 sucessfully passed !
	Initialyzed swapped data for i = 265, j = 360 sucessfully passed !
	Initialyzed swapped data for i = 265, j = 361 sucessfully passed !
	Initialyzed swapped data for i = 265, j = 362 sucessfully passed !
	Initialyzed swapped data for i = 265, j = 363 sucessfully passed !
	Initialyzed swapped data for i = 265, j = 364 sucessfully passed !
	Initialyzed swapped data for i = 265, j = 365 sucessfully passed !
	Initialyzed swapped data for i = 265, j = 366 sucessfully passed !
	Initialyzed swapped data for i = 265, j = 367 sucessfully passed !
	Initialyzed swapped data for i = 265, j = 368 sucessfully passed !
	Initialyzed swapped data for i = 265, j = 369 sucessfully passed !
	Initialyzed swapped data for i = 265, j = 370 sucessfully passed !
	Initialyzed swapped data for i = 265, j = 371 sucessfully passed !
	Initialyzed swapped data for i = 265, j = 372 sucessfully passed !
	Initialyzed swapped data for i = 265, j = 373 sucessfully passed !
	Initialyzed swapped data for i = 265, j = 374 sucessfully passed !
	Initialyzed swapped data for i = 265, j = 375 sucessfully passed !
	Initialyzed swapped data for i = 265, j = 376 sucessfully passed !
	Initialyzed swapped data for i = 265, j = 377 sucessfully passed !
	Initialyzed swapped data for i = 265, j = 378 sucessfully passed !
	Initialyzed swapped data for i = 265, j = 379 sucessfully passed !
	Initialyzed swapped data for i = 265, j = 380 sucessfully passed !
	Initialyzed swapped data for i = 265, j = 381 sucessfully passed !
	Initialyzed swapped data for i = 265, j = 382 sucessfully passed !
	Initialyzed swapped data for i = 265, j = 383 sucessfully passed !
	Initialyzed swapped data for i = 265, j = 384 sucessfully passed !
	Initialyzed swapped data for i = 265, j = 385 sucessfully passed !
	Initialyzed swapped data for i = 265, j = 386 sucessfully passed !
	Initialyzed swapped data for i = 265, j = 387 sucessfully passed !
	Initialyzed swapped data for i = 265, j = 388 sucessfully passed !
	Initialyzed swapped data for i = 265, j = 389 sucessfully passed !
	Initialyzed swapped data for i = 265, j = 390 sucessfully passed !
	Initialyzed swapped data for i = 265, j = 391 sucessfully passed !
	Initialyzed swapped data for i = 265, j = 392 sucessfully passed !
	Initialyzed swapped data for i = 265, j = 393 sucessfully passed !
	Initialyzed swapped data for i = 265, j = 394 sucessfully passed !
	Initialyzed swapped data for i = 265, j = 395 sucessfully passed !
	Initialyzed swapped data for i = 265, j = 396 sucessfully passed !
	Initialyzed swapped data for i = 265, j = 397 sucessfully passed !
	Initialyzed swapped data for i = 265, j = 398 sucessfully passed !
	Initialyzed swapped data for i = 265, j = 399 sucessfully passed !
	Initialyzed swapped data for i = 265, j = 400 sucessfully passed !
	Initialyzed swapped data for i = 265, j = 401 sucessfully passed !
	Initialyzed swapped data for i = 265, j = 402 sucessfully passed !
	Initialyzed swapped data for i = 265, j = 403 sucessfully passed !
	Initialyzed swapped data for i = 265, j = 404 sucessfully passed !
	Initialyzed swapped data for i = 265, j = 405 sucessfully passed !
	Initialyzed swapped data for i = 265, j = 406 sucessfully passed !
	Initialyzed swapped data for i = 265, j = 407 sucessfully passed !
	Initialyzed swapped data for i = 265, j = 408 sucessfully passed !
	Initialyzed swapped data for i = 265, j = 409 sucessfully passed !
	Initialyzed swapped data for i = 265, j = 410 sucessfully passed !
	Initialyzed swapped data for i = 265, j = 411 sucessfully passed !
	Initialyzed swapped data for i = 265, j = 412 sucessfully passed !
	Initialyzed swapped data for i = 265, j = 413 sucessfully passed !
	Initialyzed swapped data for i = 265, j = 414 sucessfully passed !
	Initialyzed swapped data for i = 265, j = 415 sucessfully passed !
	Initialyzed swapped data for i = 265, j = 416 sucessfully passed !
	Initialyzed swapped data for i = 265, j = 417 sucessfully passed !
	Initialyzed swapped data for i = 265, j = 418 sucessfully passed !
	Initialyzed swapped data for i = 265, j = 419 sucessfully passed !
	Initialyzed swapped data for i = 265, j = 420 sucessfully passed !
	Initialyzed swapped data for i = 265, j = 421 sucessfully passed !
	Initialyzed swapped data for i = 265, j = 422 sucessfully passed !
	Initialyzed swapped data for i = 265, j = 423 sucessfully passed !
	Initialyzed swapped data for i = 265, j = 424 sucessfully passed !
	Initialyzed swapped data for i = 265, j = 425 sucessfully passed !
	Initialyzed swapped data for i = 265, j = 426 sucessfully passed !
	Initialyzed swapped data for i = 265, j = 427 sucessfully passed !
	Initialyzed swapped data for i = 265, j = 428 sucessfully passed !
	Initialyzed swapped data for i = 265, j = 429 sucessfully passed !
	Initialyzed swapped data for i = 265, j = 430 sucessfully passed !
	Initialyzed swapped data for i = 265, j = 431 sucessfully passed !
	Initialyzed swapped data for i = 265, j = 432 sucessfully passed !
	Initialyzed swapped data for i = 265, j = 433 sucessfully passed !
	Initialyzed swapped data for i = 266, j = 267 sucessfully passed !
	Initialyzed swapped data for i = 266, j = 268 sucessfully passed !
	Initialyzed swapped data for i = 266, j = 269 sucessfully passed !
	Initialyzed swapped data for i = 266, j = 270 sucessfully passed !
	Initialyzed swapped data for i = 266, j = 271 sucessfully passed !
	Initialyzed swapped data for i = 266, j = 272 sucessfully passed !
	Initialyzed swapped data for i = 266, j = 273 sucessfully passed !
	Initialyzed swapped data for i = 266, j = 274 sucessfully passed !
	Initialyzed swapped data for i = 266, j = 275 sucessfully passed !
	Initialyzed swapped data for i = 266, j = 276 sucessfully passed !
	Initialyzed swapped data for i = 266, j = 277 sucessfully passed !
	Initialyzed swapped data for i = 266, j = 278 sucessfully passed !
	Initialyzed swapped data for i = 266, j = 279 sucessfully passed !
	Initialyzed swapped data for i = 266, j = 280 sucessfully passed !
	Initialyzed swapped data for i = 266, j = 281 sucessfully passed !
	Initialyzed swapped data for i = 266, j = 282 sucessfully passed !
	Initialyzed swapped data for i = 266, j = 283 sucessfully passed !
	Initialyzed swapped data for i = 266, j = 284 sucessfully passed !
	Initialyzed swapped data for i = 266, j = 285 sucessfully passed !
	Initialyzed swapped data for i = 266, j = 286 sucessfully passed !
	Initialyzed swapped data for i = 266, j = 287 sucessfully passed !
	Initialyzed swapped data for i = 266, j = 288 sucessfully passed !
	Initialyzed swapped data for i = 266, j = 289 sucessfully passed !
	Initialyzed swapped data for i = 266, j = 290 sucessfully passed !
	Initialyzed swapped data for i = 266, j = 291 sucessfully passed !
	Initialyzed swapped data for i = 266, j = 292 sucessfully passed !
	Initialyzed swapped data for i = 266, j = 293 sucessfully passed !
	Initialyzed swapped data for i = 266, j = 294 sucessfully passed !
	Initialyzed swapped data for i = 266, j = 295 sucessfully passed !
	Initialyzed swapped data for i = 266, j = 296 sucessfully passed !
	Initialyzed swapped data for i = 266, j = 297 sucessfully passed !
	Initialyzed swapped data for i = 266, j = 298 sucessfully passed !
	Initialyzed swapped data for i = 266, j = 299 sucessfully passed !
	Initialyzed swapped data for i = 266, j = 300 sucessfully passed !
	Initialyzed swapped data for i = 266, j = 301 sucessfully passed !
	Initialyzed swapped data for i = 266, j = 302 sucessfully passed !
	Initialyzed swapped data for i = 266, j = 303 sucessfully passed !
	Initialyzed swapped data for i = 266, j = 304 sucessfully passed !
	Initialyzed swapped data for i = 266, j = 305 sucessfully passed !
	Initialyzed swapped data for i = 266, j = 306 sucessfully passed !
	Initialyzed swapped data for i = 266, j = 307 sucessfully passed !
	Initialyzed swapped data for i = 266, j = 308 sucessfully passed !
	Initialyzed swapped data for i = 266, j = 309 sucessfully passed !
	Initialyzed swapped data for i = 266, j = 310 sucessfully passed !
	Initialyzed swapped data for i = 266, j = 311 sucessfully passed !
	Initialyzed swapped data for i = 266, j = 312 sucessfully passed !
	Initialyzed swapped data for i = 266, j = 313 sucessfully passed !
	Initialyzed swapped data for i = 266, j = 314 sucessfully passed !
	Initialyzed swapped data for i = 266, j = 315 sucessfully passed !
	Initialyzed swapped data for i = 266, j = 316 sucessfully passed !
	Initialyzed swapped data for i = 266, j = 317 sucessfully passed !
	Initialyzed swapped data for i = 266, j = 318 sucessfully passed !
	Initialyzed swapped data for i = 266, j = 319 sucessfully passed !
	Initialyzed swapped data for i = 266, j = 320 sucessfully passed !
	Initialyzed swapped data for i = 266, j = 321 sucessfully passed !
	Initialyzed swapped data for i = 266, j = 322 sucessfully passed !
	Initialyzed swapped data for i = 266, j = 323 sucessfully passed !
	Initialyzed swapped data for i = 266, j = 324 sucessfully passed !
	Initialyzed swapped data for i = 266, j = 325 sucessfully passed !
	Initialyzed swapped data for i = 266, j = 326 sucessfully passed !
	Initialyzed swapped data for i = 266, j = 327 sucessfully passed !
	Initialyzed swapped data for i = 266, j = 328 sucessfully passed !
	Initialyzed swapped data for i = 266, j = 329 sucessfully passed !
	Initialyzed swapped data for i = 266, j = 330 sucessfully passed !
	Initialyzed swapped data for i = 266, j = 331 sucessfully passed !
	Initialyzed swapped data for i = 266, j = 332 sucessfully passed !
	Initialyzed swapped data for i = 266, j = 333 sucessfully passed !
	Initialyzed swapped data for i = 266, j = 334 sucessfully passed !
	Initialyzed swapped data for i = 266, j = 335 sucessfully passed !
	Initialyzed swapped data for i = 266, j = 336 sucessfully passed !
	Initialyzed swapped data for i = 266, j = 337 sucessfully passed !
	Initialyzed swapped data for i = 266, j = 338 sucessfully passed !
	Initialyzed swapped data for i = 266, j = 339 sucessfully passed !
	Initialyzed swapped data for i = 266, j = 340 sucessfully passed !
	Initialyzed swapped data for i = 266, j = 341 sucessfully passed !
	Initialyzed swapped data for i = 266, j = 342 sucessfully passed !
	Initialyzed swapped data for i = 266, j = 343 sucessfully passed !
	Initialyzed swapped data for i = 266, j = 344 sucessfully passed !
	Initialyzed swapped data for i = 266, j = 345 sucessfully passed !
	Initialyzed swapped data for i = 266, j = 346 sucessfully passed !
	Initialyzed swapped data for i = 266, j = 347 sucessfully passed !
	Initialyzed swapped data for i = 266, j = 348 sucessfully passed !
	Initialyzed swapped data for i = 266, j = 349 sucessfully passed !
	Initialyzed swapped data for i = 266, j = 350 sucessfully passed !
	Initialyzed swapped data for i = 266, j = 351 sucessfully passed !
	Initialyzed swapped data for i = 266, j = 352 sucessfully passed !
	Initialyzed swapped data for i = 266, j = 353 sucessfully passed !
	Initialyzed swapped data for i = 266, j = 354 sucessfully passed !
	Initialyzed swapped data for i = 266, j = 355 sucessfully passed !
	Initialyzed swapped data for i = 266, j = 356 sucessfully passed !
	Initialyzed swapped data for i = 266, j = 357 sucessfully passed !
	Initialyzed swapped data for i = 266, j = 358 sucessfully passed !
	Initialyzed swapped data for i = 266, j = 359 sucessfully passed !
	Initialyzed swapped data for i = 266, j = 360 sucessfully passed !
	Initialyzed swapped data for i = 266, j = 361 sucessfully passed !
	Initialyzed swapped data for i = 266, j = 362 sucessfully passed !
	Initialyzed swapped data for i = 266, j = 363 sucessfully passed !
	Initialyzed swapped data for i = 266, j = 364 sucessfully passed !
	Initialyzed swapped data for i = 266, j = 365 sucessfully passed !
	Initialyzed swapped data for i = 266, j = 366 sucessfully passed !
	Initialyzed swapped data for i = 266, j = 367 sucessfully passed !
	Initialyzed swapped data for i = 266, j = 368 sucessfully passed !
	Initialyzed swapped data for i = 266, j = 369 sucessfully passed !
	Initialyzed swapped data for i = 266, j = 370 sucessfully passed !
	Initialyzed swapped data for i = 266, j = 371 sucessfully passed !
	Initialyzed swapped data for i = 266, j = 372 sucessfully passed !
	Initialyzed swapped data for i = 266, j = 373 sucessfully passed !
	Initialyzed swapped data for i = 266, j = 374 sucessfully passed !
	Initialyzed swapped data for i = 266, j = 375 sucessfully passed !
	Initialyzed swapped data for i = 266, j = 376 sucessfully passed !
	Initialyzed swapped data for i = 266, j = 377 sucessfully passed !
	Initialyzed swapped data for i = 266, j = 378 sucessfully passed !
	Initialyzed swapped data for i = 266, j = 379 sucessfully passed !
	Initialyzed swapped data for i = 266, j = 380 sucessfully passed !
	Initialyzed swapped data for i = 266, j = 381 sucessfully passed !
	Initialyzed swapped data for i = 266, j = 382 sucessfully passed !
	Initialyzed swapped data for i = 266, j = 383 sucessfully passed !
	Initialyzed swapped data for i = 266, j = 384 sucessfully passed !
	Initialyzed swapped data for i = 266, j = 385 sucessfully passed !
	Initialyzed swapped data for i = 266, j = 386 sucessfully passed !
	Initialyzed swapped data for i = 266, j = 387 sucessfully passed !
	Initialyzed swapped data for i = 266, j = 388 sucessfully passed !
	Initialyzed swapped data for i = 266, j = 389 sucessfully passed !
	Initialyzed swapped data for i = 266, j = 390 sucessfully passed !
	Initialyzed swapped data for i = 266, j = 391 sucessfully passed !
	Initialyzed swapped data for i = 266, j = 392 sucessfully passed !
	Initialyzed swapped data for i = 266, j = 393 sucessfully passed !
	Initialyzed swapped data for i = 266, j = 394 sucessfully passed !
	Initialyzed swapped data for i = 266, j = 395 sucessfully passed !
	Initialyzed swapped data for i = 266, j = 396 sucessfully passed !
	Initialyzed swapped data for i = 266, j = 397 sucessfully passed !
	Initialyzed swapped data for i = 266, j = 398 sucessfully passed !
	Initialyzed swapped data for i = 266, j = 399 sucessfully passed !
	Initialyzed swapped data for i = 266, j = 400 sucessfully passed !
	Initialyzed swapped data for i = 266, j = 401 sucessfully passed !
	Initialyzed swapped data for i = 266, j = 402 sucessfully passed !
	Initialyzed swapped data for i = 266, j = 403 sucessfully passed !
	Initialyzed swapped data for i = 266, j = 404 sucessfully passed !
	Initialyzed swapped data for i = 266, j = 405 sucessfully passed !
	Initialyzed swapped data for i = 266, j = 406 sucessfully passed !
	Initialyzed swapped data for i = 266, j = 407 sucessfully passed !
	Initialyzed swapped data for i = 266, j = 408 sucessfully passed !
	Initialyzed swapped data for i = 266, j = 409 sucessfully passed !
	Initialyzed swapped data for i = 266, j = 410 sucessfully passed !
	Initialyzed swapped data for i = 266, j = 411 sucessfully passed !
	Initialyzed swapped data for i = 266, j = 412 sucessfully passed !
	Initialyzed swapped data for i = 266, j = 413 sucessfully passed !
	Initialyzed swapped data for i = 266, j = 414 sucessfully passed !
	Initialyzed swapped data for i = 266, j = 415 sucessfully passed !
	Initialyzed swapped data for i = 266, j = 416 sucessfully passed !
	Initialyzed swapped data for i = 266, j = 417 sucessfully passed !
	Initialyzed swapped data for i = 266, j = 418 sucessfully passed !
	Initialyzed swapped data for i = 266, j = 419 sucessfully passed !
	Initialyzed swapped data for i = 266, j = 420 sucessfully passed !
	Initialyzed swapped data for i = 266, j = 421 sucessfully passed !
	Initialyzed swapped data for i = 266, j = 422 sucessfully passed !
	Initialyzed swapped data for i = 266, j = 423 sucessfully passed !
	Initialyzed swapped data for i = 266, j = 424 sucessfully passed !
	Initialyzed swapped data for i = 266, j = 425 sucessfully passed !
	Initialyzed swapped data for i = 266, j = 426 sucessfully passed !
	Initialyzed swapped data for i = 266, j = 427 sucessfully passed !
	Initialyzed swapped data for i = 266, j = 428 sucessfully passed !
	Initialyzed swapped data for i = 266, j = 429 sucessfully passed !
	Initialyzed swapped data for i = 266, j = 430 sucessfully passed !
	Initialyzed swapped data for i = 266, j = 431 sucessfully passed !
	Initialyzed swapped data for i = 266, j = 432 sucessfully passed !
	Initialyzed swapped data for i = 266, j = 433 sucessfully passed !
	Initialyzed swapped data for i = 267, j = 268 sucessfully passed !
	Initialyzed swapped data for i = 267, j = 269 sucessfully passed !
	Initialyzed swapped data for i = 267, j = 270 sucessfully passed !
	Initialyzed swapped data for i = 267, j = 271 sucessfully passed !
	Initialyzed swapped data for i = 267, j = 272 sucessfully passed !
	Initialyzed swapped data for i = 267, j = 273 sucessfully passed !
	Initialyzed swapped data for i = 267, j = 274 sucessfully passed !
	Initialyzed swapped data for i = 267, j = 275 sucessfully passed !
	Initialyzed swapped data for i = 267, j = 276 sucessfully passed !
	Initialyzed swapped data for i = 267, j = 277 sucessfully passed !
	Initialyzed swapped data for i = 267, j = 278 sucessfully passed !
	Initialyzed swapped data for i = 267, j = 279 sucessfully passed !
	Initialyzed swapped data for i = 267, j = 280 sucessfully passed !
	Initialyzed swapped data for i = 267, j = 281 sucessfully passed !
	Initialyzed swapped data for i = 267, j = 282 sucessfully passed !
	Initialyzed swapped data for i = 267, j = 283 sucessfully passed !
	Initialyzed swapped data for i = 267, j = 284 sucessfully passed !
	Initialyzed swapped data for i = 267, j = 285 sucessfully passed !
	Initialyzed swapped data for i = 267, j = 286 sucessfully passed !
	Initialyzed swapped data for i = 267, j = 287 sucessfully passed !
	Initialyzed swapped data for i = 267, j = 288 sucessfully passed !
	Initialyzed swapped data for i = 267, j = 289 sucessfully passed !
	Initialyzed swapped data for i = 267, j = 290 sucessfully passed !
	Initialyzed swapped data for i = 267, j = 291 sucessfully passed !
	Initialyzed swapped data for i = 267, j = 292 sucessfully passed !
	Initialyzed swapped data for i = 267, j = 293 sucessfully passed !
	Initialyzed swapped data for i = 267, j = 294 sucessfully passed !
	Initialyzed swapped data for i = 267, j = 295 sucessfully passed !
	Initialyzed swapped data for i = 267, j = 296 sucessfully passed !
	Initialyzed swapped data for i = 267, j = 297 sucessfully passed !
	Initialyzed swapped data for i = 267, j = 298 sucessfully passed !
	Initialyzed swapped data for i = 267, j = 299 sucessfully passed !
	Initialyzed swapped data for i = 267, j = 300 sucessfully passed !
	Initialyzed swapped data for i = 267, j = 301 sucessfully passed !
	Initialyzed swapped data for i = 267, j = 302 sucessfully passed !
	Initialyzed swapped data for i = 267, j = 303 sucessfully passed !
	Initialyzed swapped data for i = 267, j = 304 sucessfully passed !
	Initialyzed swapped data for i = 267, j = 305 sucessfully passed !
	Initialyzed swapped data for i = 267, j = 306 sucessfully passed !
	Initialyzed swapped data for i = 267, j = 307 sucessfully passed !
	Initialyzed swapped data for i = 267, j = 308 sucessfully passed !
	Initialyzed swapped data for i = 267, j = 309 sucessfully passed !
	Initialyzed swapped data for i = 267, j = 310 sucessfully passed !
	Initialyzed swapped data for i = 267, j = 311 sucessfully passed !
	Initialyzed swapped data for i = 267, j = 312 sucessfully passed !
	Initialyzed swapped data for i = 267, j = 313 sucessfully passed !
	Initialyzed swapped data for i = 267, j = 314 sucessfully passed !
	Initialyzed swapped data for i = 267, j = 315 sucessfully passed !
	Initialyzed swapped data for i = 267, j = 316 sucessfully passed !
	Initialyzed swapped data for i = 267, j = 317 sucessfully passed !
	Initialyzed swapped data for i = 267, j = 318 sucessfully passed !
	Initialyzed swapped data for i = 267, j = 319 sucessfully passed !
	Initialyzed swapped data for i = 267, j = 320 sucessfully passed !
	Initialyzed swapped data for i = 267, j = 321 sucessfully passed !
	Initialyzed swapped data for i = 267, j = 322 sucessfully passed !
	Initialyzed swapped data for i = 267, j = 323 sucessfully passed !
	Initialyzed swapped data for i = 267, j = 324 sucessfully passed !
	Initialyzed swapped data for i = 267, j = 325 sucessfully passed !
	Initialyzed swapped data for i = 267, j = 326 sucessfully passed !
	Initialyzed swapped data for i = 267, j = 327 sucessfully passed !
	Initialyzed swapped data for i = 267, j = 328 sucessfully passed !
	Initialyzed swapped data for i = 267, j = 329 sucessfully passed !
	Initialyzed swapped data for i = 267, j = 330 sucessfully passed !
	Initialyzed swapped data for i = 267, j = 331 sucessfully passed !
	Initialyzed swapped data for i = 267, j = 332 sucessfully passed !
	Initialyzed swapped data for i = 267, j = 333 sucessfully passed !
	Initialyzed swapped data for i = 267, j = 334 sucessfully passed !
	Initialyzed swapped data for i = 267, j = 335 sucessfully passed !
	Initialyzed swapped data for i = 267, j = 336 sucessfully passed !
	Initialyzed swapped data for i = 267, j = 337 sucessfully passed !
	Initialyzed swapped data for i = 267, j = 338 sucessfully passed !
	Initialyzed swapped data for i = 267, j = 339 sucessfully passed !
	Initialyzed swapped data for i = 267, j = 340 sucessfully passed !
	Initialyzed swapped data for i = 267, j = 341 sucessfully passed !
	Initialyzed swapped data for i = 267, j = 342 sucessfully passed !
	Initialyzed swapped data for i = 267, j = 343 sucessfully passed !
	Initialyzed swapped data for i = 267, j = 344 sucessfully passed !
	Initialyzed swapped data for i = 267, j = 345 sucessfully passed !
	Initialyzed swapped data for i = 267, j = 346 sucessfully passed !
	Initialyzed swapped data for i = 267, j = 347 sucessfully passed !
	Initialyzed swapped data for i = 267, j = 348 sucessfully passed !
	Initialyzed swapped data for i = 267, j = 349 sucessfully passed !
	Initialyzed swapped data for i = 267, j = 350 sucessfully passed !
	Initialyzed swapped data for i = 267, j = 351 sucessfully passed !
	Initialyzed swapped data for i = 267, j = 352 sucessfully passed !
	Initialyzed swapped data for i = 267, j = 353 sucessfully passed !
	Initialyzed swapped data for i = 267, j = 354 sucessfully passed !
	Initialyzed swapped data for i = 267, j = 355 sucessfully passed !
	Initialyzed swapped data for i = 267, j = 356 sucessfully passed !
	Initialyzed swapped data for i = 267, j = 357 sucessfully passed !
	Initialyzed swapped data for i = 267, j = 358 sucessfully passed !
	Initialyzed swapped data for i = 267, j = 359 sucessfully passed !
	Initialyzed swapped data for i = 267, j = 360 sucessfully passed !
	Initialyzed swapped data for i = 267, j = 361 sucessfully passed !
	Initialyzed swapped data for i = 267, j = 362 sucessfully passed !
	Initialyzed swapped data for i = 267, j = 363 sucessfully passed !
	Initialyzed swapped data for i = 267, j = 364 sucessfully passed !
	Initialyzed swapped data for i = 267, j = 365 sucessfully passed !
	Initialyzed swapped data for i = 267, j = 366 sucessfully passed !
	Initialyzed swapped data for i = 267, j = 367 sucessfully passed !
	Initialyzed swapped data for i = 267, j = 368 sucessfully passed !
	Initialyzed swapped data for i = 267, j = 369 sucessfully passed !
	Initialyzed swapped data for i = 267, j = 370 sucessfully passed !
	Initialyzed swapped data for i = 267, j = 371 sucessfully passed !
	Initialyzed swapped data for i = 267, j = 372 sucessfully passed !
	Initialyzed swapped data for i = 267, j = 373 sucessfully passed !
	Initialyzed swapped data for i = 267, j = 374 sucessfully passed !
	Initialyzed swapped data for i = 267, j = 375 sucessfully passed !
	Initialyzed swapped data for i = 267, j = 376 sucessfully passed !
	Initialyzed swapped data for i = 267, j = 377 sucessfully passed !
	Initialyzed swapped data for i = 267, j = 378 sucessfully passed !
	Initialyzed swapped data for i = 267, j = 379 sucessfully passed !
	Initialyzed swapped data for i = 267, j = 380 sucessfully passed !
	Initialyzed swapped data for i = 267, j = 381 sucessfully passed !
	Initialyzed swapped data for i = 267, j = 382 sucessfully passed !
	Initialyzed swapped data for i = 267, j = 383 sucessfully passed !
	Initialyzed swapped data for i = 267, j = 384 sucessfully passed !
	Initialyzed swapped data for i = 267, j = 385 sucessfully passed !
	Initialyzed swapped data for i = 267, j = 386 sucessfully passed !
	Initialyzed swapped data for i = 267, j = 387 sucessfully passed !
	Initialyzed swapped data for i = 267, j = 388 sucessfully passed !
	Initialyzed swapped data for i = 267, j = 389 sucessfully passed !
	Initialyzed swapped data for i = 267, j = 390 sucessfully passed !
	Initialyzed swapped data for i = 267, j = 391 sucessfully passed !
	Initialyzed swapped data for i = 267, j = 392 sucessfully passed !
	Initialyzed swapped data for i = 267, j = 393 sucessfully passed !
	Initialyzed swapped data for i = 267, j = 394 sucessfully passed !
	Initialyzed swapped data for i = 267, j = 395 sucessfully passed !
	Initialyzed swapped data for i = 267, j = 396 sucessfully passed !
	Initialyzed swapped data for i = 267, j = 397 sucessfully passed !
	Initialyzed swapped data for i = 267, j = 398 sucessfully passed !
	Initialyzed swapped data for i = 267, j = 399 sucessfully passed !
	Initialyzed swapped data for i = 267, j = 400 sucessfully passed !
	Initialyzed swapped data for i = 267, j = 401 sucessfully passed !
	Initialyzed swapped data for i = 267, j = 402 sucessfully passed !
	Initialyzed swapped data for i = 267, j = 403 sucessfully passed !
	Initialyzed swapped data for i = 267, j = 404 sucessfully passed !
	Initialyzed swapped data for i = 267, j = 405 sucessfully passed !
	Initialyzed swapped data for i = 267, j = 406 sucessfully passed !
	Initialyzed swapped data for i = 267, j = 407 sucessfully passed !
	Initialyzed swapped data for i = 267, j = 408 sucessfully passed !
	Initialyzed swapped data for i = 267, j = 409 sucessfully passed !
	Initialyzed swapped data for i = 267, j = 410 sucessfully passed !
	Initialyzed swapped data for i = 267, j = 411 sucessfully passed !
	Initialyzed swapped data for i = 267, j = 412 sucessfully passed !
	Initialyzed swapped data for i = 267, j = 413 sucessfully passed !
	Initialyzed swapped data for i = 267, j = 414 sucessfully passed !
	Initialyzed swapped data for i = 267, j = 415 sucessfully passed !
	Initialyzed swapped data for i = 267, j = 416 sucessfully passed !
	Initialyzed swapped data for i = 267, j = 417 sucessfully passed !
	Initialyzed swapped data for i = 267, j = 418 sucessfully passed !
	Initialyzed swapped data for i = 267, j = 419 sucessfully passed !
	Initialyzed swapped data for i = 267, j = 420 sucessfully passed !
	Initialyzed swapped data for i = 267, j = 421 sucessfully passed !
	Initialyzed swapped data for i = 267, j = 422 sucessfully passed !
	Initialyzed swapped data for i = 267, j = 423 sucessfully passed !
	Initialyzed swapped data for i = 267, j = 424 sucessfully passed !
	Initialyzed swapped data for i = 267, j = 425 sucessfully passed !
	Initialyzed swapped data for i = 267, j = 426 sucessfully passed !
	Initialyzed swapped data for i = 267, j = 427 sucessfully passed !
	Initialyzed swapped data for i = 267, j = 428 sucessfully passed !
	Initialyzed swapped data for i = 267, j = 429 sucessfully passed !
	Initialyzed swapped data for i = 267, j = 430 sucessfully passed !
	Initialyzed swapped data for i = 267, j = 431 sucessfully passed !
	Initialyzed swapped data for i = 267, j = 432 sucessfully passed !
	Initialyzed swapped data for i = 267, j = 433 sucessfully passed !
	Initialyzed swapped data for i = 268, j = 269 sucessfully passed !
	Initialyzed swapped data for i = 268, j = 270 sucessfully passed !
	Initialyzed swapped data for i = 268, j = 271 sucessfully passed !
	Initialyzed swapped data for i = 268, j = 272 sucessfully passed !
	Initialyzed swapped data for i = 268, j = 273 sucessfully passed !
	Initialyzed swapped data for i = 268, j = 274 sucessfully passed !
	Initialyzed swapped data for i = 268, j = 275 sucessfully passed !
	Initialyzed swapped data for i = 268, j = 276 sucessfully passed !
	Initialyzed swapped data for i = 268, j = 277 sucessfully passed !
	Initialyzed swapped data for i = 268, j = 278 sucessfully passed !
	Initialyzed swapped data for i = 268, j = 279 sucessfully passed !
	Initialyzed swapped data for i = 268, j = 280 sucessfully passed !
	Initialyzed swapped data for i = 268, j = 281 sucessfully passed !
	Initialyzed swapped data for i = 268, j = 282 sucessfully passed !
	Initialyzed swapped data for i = 268, j = 283 sucessfully passed !
	Initialyzed swapped data for i = 268, j = 284 sucessfully passed !
	Initialyzed swapped data for i = 268, j = 285 sucessfully passed !
	Initialyzed swapped data for i = 268, j = 286 sucessfully passed !
	Initialyzed swapped data for i = 268, j = 287 sucessfully passed !
	Initialyzed swapped data for i = 268, j = 288 sucessfully passed !
	Initialyzed swapped data for i = 268, j = 289 sucessfully passed !
	Initialyzed swapped data for i = 268, j = 290 sucessfully passed !
	Initialyzed swapped data for i = 268, j = 291 sucessfully passed !
	Initialyzed swapped data for i = 268, j = 292 sucessfully passed !
	Initialyzed swapped data for i = 268, j = 293 sucessfully passed !
	Initialyzed swapped data for i = 268, j = 294 sucessfully passed !
	Initialyzed swapped data for i = 268, j = 295 sucessfully passed !
	Initialyzed swapped data for i = 268, j = 296 sucessfully passed !
	Initialyzed swapped data for i = 268, j = 297 sucessfully passed !
	Initialyzed swapped data for i = 268, j = 298 sucessfully passed !
	Initialyzed swapped data for i = 268, j = 299 sucessfully passed !
	Initialyzed swapped data for i = 268, j = 300 sucessfully passed !
	Initialyzed swapped data for i = 268, j = 301 sucessfully passed !
	Initialyzed swapped data for i = 268, j = 302 sucessfully passed !
	Initialyzed swapped data for i = 268, j = 303 sucessfully passed !
	Initialyzed swapped data for i = 268, j = 304 sucessfully passed !
	Initialyzed swapped data for i = 268, j = 305 sucessfully passed !
	Initialyzed swapped data for i = 268, j = 306 sucessfully passed !
	Initialyzed swapped data for i = 268, j = 307 sucessfully passed !
	Initialyzed swapped data for i = 268, j = 308 sucessfully passed !
	Initialyzed swapped data for i = 268, j = 309 sucessfully passed !
	Initialyzed swapped data for i = 268, j = 310 sucessfully passed !
	Initialyzed swapped data for i = 268, j = 311 sucessfully passed !
	Initialyzed swapped data for i = 268, j = 312 sucessfully passed !
	Initialyzed swapped data for i = 268, j = 313 sucessfully passed !
	Initialyzed swapped data for i = 268, j = 314 sucessfully passed !
	Initialyzed swapped data for i = 268, j = 315 sucessfully passed !
	Initialyzed swapped data for i = 268, j = 316 sucessfully passed !
	Initialyzed swapped data for i = 268, j = 317 sucessfully passed !
	Initialyzed swapped data for i = 268, j = 318 sucessfully passed !
	Initialyzed swapped data for i = 268, j = 319 sucessfully passed !
	Initialyzed swapped data for i = 268, j = 320 sucessfully passed !
	Initialyzed swapped data for i = 268, j = 321 sucessfully passed !
	Initialyzed swapped data for i = 268, j = 322 sucessfully passed !
	Initialyzed swapped data for i = 268, j = 323 sucessfully passed !
	Initialyzed swapped data for i = 268, j = 324 sucessfully passed !
	Initialyzed swapped data for i = 268, j = 325 sucessfully passed !
	Initialyzed swapped data for i = 268, j = 326 sucessfully passed !
	Initialyzed swapped data for i = 268, j = 327 sucessfully passed !
	Initialyzed swapped data for i = 268, j = 328 sucessfully passed !
	Initialyzed swapped data for i = 268, j = 329 sucessfully passed !
	Initialyzed swapped data for i = 268, j = 330 sucessfully passed !
	Initialyzed swapped data for i = 268, j = 331 sucessfully passed !
	Initialyzed swapped data for i = 268, j = 332 sucessfully passed !
	Initialyzed swapped data for i = 268, j = 333 sucessfully passed !
	Initialyzed swapped data for i = 268, j = 334 sucessfully passed !
	Initialyzed swapped data for i = 268, j = 335 sucessfully passed !
	Initialyzed swapped data for i = 268, j = 336 sucessfully passed !
	Initialyzed swapped data for i = 268, j = 337 sucessfully passed !
	Initialyzed swapped data for i = 268, j = 338 sucessfully passed !
	Initialyzed swapped data for i = 268, j = 339 sucessfully passed !
	Initialyzed swapped data for i = 268, j = 340 sucessfully passed !
	Initialyzed swapped data for i = 268, j = 341 sucessfully passed !
	Initialyzed swapped data for i = 268, j = 342 sucessfully passed !
	Initialyzed swapped data for i = 268, j = 343 sucessfully passed !
	Initialyzed swapped data for i = 268, j = 344 sucessfully passed !
	Initialyzed swapped data for i = 268, j = 345 sucessfully passed !
	Initialyzed swapped data for i = 268, j = 346 sucessfully passed !
	Initialyzed swapped data for i = 268, j = 347 sucessfully passed !
	Initialyzed swapped data for i = 268, j = 348 sucessfully passed !
	Initialyzed swapped data for i = 268, j = 349 sucessfully passed !
	Initialyzed swapped data for i = 268, j = 350 sucessfully passed !
	Initialyzed swapped data for i = 268, j = 351 sucessfully passed !
	Initialyzed swapped data for i = 268, j = 352 sucessfully passed !
	Initialyzed swapped data for i = 268, j = 353 sucessfully passed !
	Initialyzed swapped data for i = 268, j = 354 sucessfully passed !
	Initialyzed swapped data for i = 268, j = 355 sucessfully passed !
	Initialyzed swapped data for i = 268, j = 356 sucessfully passed !
	Initialyzed swapped data for i = 268, j = 357 sucessfully passed !
	Initialyzed swapped data for i = 268, j = 358 sucessfully passed !
	Initialyzed swapped data for i = 268, j = 359 sucessfully passed !
	Initialyzed swapped data for i = 268, j = 360 sucessfully passed !
	Initialyzed swapped data for i = 268, j = 361 sucessfully passed !
	Initialyzed swapped data for i = 268, j = 362 sucessfully passed !
	Initialyzed swapped data for i = 268, j = 363 sucessfully passed !
	Initialyzed swapped data for i = 268, j = 364 sucessfully passed !
	Initialyzed swapped data for i = 268, j = 365 sucessfully passed !
	Initialyzed swapped data for i = 268, j = 366 sucessfully passed !
	Initialyzed swapped data for i = 268, j = 367 sucessfully passed !
	Initialyzed swapped data for i = 268, j = 368 sucessfully passed !
	Initialyzed swapped data for i = 268, j = 369 sucessfully passed !
	Initialyzed swapped data for i = 268, j = 370 sucessfully passed !
	Initialyzed swapped data for i = 268, j = 371 sucessfully passed !
	Initialyzed swapped data for i = 268, j = 372 sucessfully passed !
	Initialyzed swapped data for i = 268, j = 373 sucessfully passed !
	Initialyzed swapped data for i = 268, j = 374 sucessfully passed !
	Initialyzed swapped data for i = 268, j = 375 sucessfully passed !
	Initialyzed swapped data for i = 268, j = 376 sucessfully passed !
	Initialyzed swapped data for i = 268, j = 377 sucessfully passed !
	Initialyzed swapped data for i = 268, j = 378 sucessfully passed !
	Initialyzed swapped data for i = 268, j = 379 sucessfully passed !
	Initialyzed swapped data for i = 268, j = 380 sucessfully passed !
	Initialyzed swapped data for i = 268, j = 381 sucessfully passed !
	Initialyzed swapped data for i = 268, j = 382 sucessfully passed !
	Initialyzed swapped data for i = 268, j = 383 sucessfully passed !
	Initialyzed swapped data for i = 268, j = 384 sucessfully passed !
	Initialyzed swapped data for i = 268, j = 385 sucessfully passed !
	Initialyzed swapped data for i = 268, j = 386 sucessfully passed !
	Initialyzed swapped data for i = 268, j = 387 sucessfully passed !
	Initialyzed swapped data for i = 268, j = 388 sucessfully passed !
	Initialyzed swapped data for i = 268, j = 389 sucessfully passed !
	Initialyzed swapped data for i = 268, j = 390 sucessfully passed !
	Initialyzed swapped data for i = 268, j = 391 sucessfully passed !
	Initialyzed swapped data for i = 268, j = 392 sucessfully passed !
	Initialyzed swapped data for i = 268, j = 393 sucessfully passed !
	Initialyzed swapped data for i = 268, j = 394 sucessfully passed !
	Initialyzed swapped data for i = 268, j = 395 sucessfully passed !
	Initialyzed swapped data for i = 268, j = 396 sucessfully passed !
	Initialyzed swapped data for i = 268, j = 397 sucessfully passed !
	Initialyzed swapped data for i = 268, j = 398 sucessfully passed !
	Initialyzed swapped data for i = 268, j = 399 sucessfully passed !
	Initialyzed swapped data for i = 268, j = 400 sucessfully passed !
	Initialyzed swapped data for i = 268, j = 401 sucessfully passed !
	Initialyzed swapped data for i = 268, j = 402 sucessfully passed !
	Initialyzed swapped data for i = 268, j = 403 sucessfully passed !
	Initialyzed swapped data for i = 268, j = 404 sucessfully passed !
	Initialyzed swapped data for i = 268, j = 405 sucessfully passed !
	Initialyzed swapped data for i = 268, j = 406 sucessfully passed !
	Initialyzed swapped data for i = 268, j = 407 sucessfully passed !
	Initialyzed swapped data for i = 268, j = 408 sucessfully passed !
	Initialyzed swapped data for i = 268, j = 409 sucessfully passed !
	Initialyzed swapped data for i = 268, j = 410 sucessfully passed !
	Initialyzed swapped data for i = 268, j = 411 sucessfully passed !
	Initialyzed swapped data for i = 268, j = 412 sucessfully passed !
	Initialyzed swapped data for i = 268, j = 413 sucessfully passed !
	Initialyzed swapped data for i = 268, j = 414 sucessfully passed !
	Initialyzed swapped data for i = 268, j = 415 sucessfully passed !
	Initialyzed swapped data for i = 268, j = 416 sucessfully passed !
	Initialyzed swapped data for i = 268, j = 417 sucessfully passed !
	Initialyzed swapped data for i = 268, j = 418 sucessfully passed !
	Initialyzed swapped data for i = 268, j = 419 sucessfully passed !
	Initialyzed swapped data for i = 268, j = 420 sucessfully passed !
	Initialyzed swapped data for i = 268, j = 421 sucessfully passed !
	Initialyzed swapped data for i = 268, j = 422 sucessfully passed !
	Initialyzed swapped data for i = 268, j = 423 sucessfully passed !
	Initialyzed swapped data for i = 268, j = 424 sucessfully passed !
	Initialyzed swapped data for i = 268, j = 425 sucessfully passed !
	Initialyzed swapped data for i = 268, j = 426 sucessfully passed !
	Initialyzed swapped data for i = 268, j = 427 sucessfully passed !
	Initialyzed swapped data for i = 268, j = 428 sucessfully passed !
	Initialyzed swapped data for i = 268, j = 429 sucessfully passed !
	Initialyzed swapped data for i = 268, j = 430 sucessfully passed !
	Initialyzed swapped data for i = 268, j = 431 sucessfully passed !
	Initialyzed swapped data for i = 268, j = 432 sucessfully passed !
	Initialyzed swapped data for i = 268, j = 433 sucessfully passed !
	Initialyzed swapped data for i = 269, j = 270 sucessfully passed !
	Initialyzed swapped data for i = 269, j = 271 sucessfully passed !
	Initialyzed swapped data for i = 269, j = 272 sucessfully passed !
	Initialyzed swapped data for i = 269, j = 273 sucessfully passed !
	Initialyzed swapped data for i = 269, j = 274 sucessfully passed !
	Initialyzed swapped data for i = 269, j = 275 sucessfully passed !
	Initialyzed swapped data for i = 269, j = 276 sucessfully passed !
	Initialyzed swapped data for i = 269, j = 277 sucessfully passed !
	Initialyzed swapped data for i = 269, j = 278 sucessfully passed !
	Initialyzed swapped data for i = 269, j = 279 sucessfully passed !
	Initialyzed swapped data for i = 269, j = 280 sucessfully passed !
	Initialyzed swapped data for i = 269, j = 281 sucessfully passed !
	Initialyzed swapped data for i = 269, j = 282 sucessfully passed !
	Initialyzed swapped data for i = 269, j = 283 sucessfully passed !
	Initialyzed swapped data for i = 269, j = 284 sucessfully passed !
	Initialyzed swapped data for i = 269, j = 285 sucessfully passed !
	Initialyzed swapped data for i = 269, j = 286 sucessfully passed !
	Initialyzed swapped data for i = 269, j = 287 sucessfully passed !
	Initialyzed swapped data for i = 269, j = 288 sucessfully passed !
	Initialyzed swapped data for i = 269, j = 289 sucessfully passed !
	Initialyzed swapped data for i = 269, j = 290 sucessfully passed !
	Initialyzed swapped data for i = 269, j = 291 sucessfully passed !
	Initialyzed swapped data for i = 269, j = 292 sucessfully passed !
	Initialyzed swapped data for i = 269, j = 293 sucessfully passed !
	Initialyzed swapped data for i = 269, j = 294 sucessfully passed !
	Initialyzed swapped data for i = 269, j = 295 sucessfully passed !
	Initialyzed swapped data for i = 269, j = 296 sucessfully passed !
	Initialyzed swapped data for i = 269, j = 297 sucessfully passed !
	Initialyzed swapped data for i = 269, j = 298 sucessfully passed !
	Initialyzed swapped data for i = 269, j = 299 sucessfully passed !
	Initialyzed swapped data for i = 269, j = 300 sucessfully passed !
	Initialyzed swapped data for i = 269, j = 301 sucessfully passed !
	Initialyzed swapped data for i = 269, j = 302 sucessfully passed !
	Initialyzed swapped data for i = 269, j = 303 sucessfully passed !
	Initialyzed swapped data for i = 269, j = 304 sucessfully passed !
	Initialyzed swapped data for i = 269, j = 305 sucessfully passed !
	Initialyzed swapped data for i = 269, j = 306 sucessfully passed !
	Initialyzed swapped data for i = 269, j = 307 sucessfully passed !
	Initialyzed swapped data for i = 269, j = 308 sucessfully passed !
	Initialyzed swapped data for i = 269, j = 309 sucessfully passed !
	Initialyzed swapped data for i = 269, j = 310 sucessfully passed !
	Initialyzed swapped data for i = 269, j = 311 sucessfully passed !
	Initialyzed swapped data for i = 269, j = 312 sucessfully passed !
	Initialyzed swapped data for i = 269, j = 313 sucessfully passed !
	Initialyzed swapped data for i = 269, j = 314 sucessfully passed !
	Initialyzed swapped data for i = 269, j = 315 sucessfully passed !
	Initialyzed swapped data for i = 269, j = 316 sucessfully passed !
	Initialyzed swapped data for i = 269, j = 317 sucessfully passed !
	Initialyzed swapped data for i = 269, j = 318 sucessfully passed !
	Initialyzed swapped data for i = 269, j = 319 sucessfully passed !
	Initialyzed swapped data for i = 269, j = 320 sucessfully passed !
	Initialyzed swapped data for i = 269, j = 321 sucessfully passed !
	Initialyzed swapped data for i = 269, j = 322 sucessfully passed !
	Initialyzed swapped data for i = 269, j = 323 sucessfully passed !
	Initialyzed swapped data for i = 269, j = 324 sucessfully passed !
	Initialyzed swapped data for i = 269, j = 325 sucessfully passed !
	Initialyzed swapped data for i = 269, j = 326 sucessfully passed !
	Initialyzed swapped data for i = 269, j = 327 sucessfully passed !
	Initialyzed swapped data for i = 269, j = 328 sucessfully passed !
	Initialyzed swapped data for i = 269, j = 329 sucessfully passed !
	Initialyzed swapped data for i = 269, j = 330 sucessfully passed !
	Initialyzed swapped data for i = 269, j = 331 sucessfully passed !
	Initialyzed swapped data for i = 269, j = 332 sucessfully passed !
	Initialyzed swapped data for i = 269, j = 333 sucessfully passed !
	Initialyzed swapped data for i = 269, j = 334 sucessfully passed !
	Initialyzed swapped data for i = 269, j = 335 sucessfully passed !
	Initialyzed swapped data for i = 269, j = 336 sucessfully passed !
	Initialyzed swapped data for i = 269, j = 337 sucessfully passed !
	Initialyzed swapped data for i = 269, j = 338 sucessfully passed !
	Initialyzed swapped data for i = 269, j = 339 sucessfully passed !
	Initialyzed swapped data for i = 269, j = 340 sucessfully passed !
	Initialyzed swapped data for i = 269, j = 341 sucessfully passed !
	Initialyzed swapped data for i = 269, j = 342 sucessfully passed !
	Initialyzed swapped data for i = 269, j = 343 sucessfully passed !
	Initialyzed swapped data for i = 269, j = 344 sucessfully passed !
	Initialyzed swapped data for i = 269, j = 345 sucessfully passed !
	Initialyzed swapped data for i = 269, j = 346 sucessfully passed !
	Initialyzed swapped data for i = 269, j = 347 sucessfully passed !
	Initialyzed swapped data for i = 269, j = 348 sucessfully passed !
	Initialyzed swapped data for i = 269, j = 349 sucessfully passed !
	Initialyzed swapped data for i = 269, j = 350 sucessfully passed !
	Initialyzed swapped data for i = 269, j = 351 sucessfully passed !
	Initialyzed swapped data for i = 269, j = 352 sucessfully passed !
	Initialyzed swapped data for i = 269, j = 353 sucessfully passed !
	Initialyzed swapped data for i = 269, j = 354 sucessfully passed !
	Initialyzed swapped data for i = 269, j = 355 sucessfully passed !
	Initialyzed swapped data for i = 269, j = 356 sucessfully passed !
	Initialyzed swapped data for i = 269, j = 357 sucessfully passed !
	Initialyzed swapped data for i = 269, j = 358 sucessfully passed !
	Initialyzed swapped data for i = 269, j = 359 sucessfully passed !
	Initialyzed swapped data for i = 269, j = 360 sucessfully passed !
	Initialyzed swapped data for i = 269, j = 361 sucessfully passed !
	Initialyzed swapped data for i = 269, j = 362 sucessfully passed !
	Initialyzed swapped data for i = 269, j = 363 sucessfully passed !
	Initialyzed swapped data for i = 269, j = 364 sucessfully passed !
	Initialyzed swapped data for i = 269, j = 365 sucessfully passed !
	Initialyzed swapped data for i = 269, j = 366 sucessfully passed !
	Initialyzed swapped data for i = 269, j = 367 sucessfully passed !
	Initialyzed swapped data for i = 269, j = 368 sucessfully passed !
	Initialyzed swapped data for i = 269, j = 369 sucessfully passed !
	Initialyzed swapped data for i = 269, j = 370 sucessfully passed !
	Initialyzed swapped data for i = 269, j = 371 sucessfully passed !
	Initialyzed swapped data for i = 269, j = 372 sucessfully passed !
	Initialyzed swapped data for i = 269, j = 373 sucessfully passed !
	Initialyzed swapped data for i = 269, j = 374 sucessfully passed !
	Initialyzed swapped data for i = 269, j = 375 sucessfully passed !
	Initialyzed swapped data for i = 269, j = 376 sucessfully passed !
	Initialyzed swapped data for i = 269, j = 377 sucessfully passed !
	Initialyzed swapped data for i = 269, j = 378 sucessfully passed !
	Initialyzed swapped data for i = 269, j = 379 sucessfully passed !
	Initialyzed swapped data for i = 269, j = 380 sucessfully passed !
	Initialyzed swapped data for i = 269, j = 381 sucessfully passed !
	Initialyzed swapped data for i = 269, j = 382 sucessfully passed !
	Initialyzed swapped data for i = 269, j = 383 sucessfully passed !
	Initialyzed swapped data for i = 269, j = 384 sucessfully passed !
	Initialyzed swapped data for i = 269, j = 385 sucessfully passed !
	Initialyzed swapped data for i = 269, j = 386 sucessfully passed !
	Initialyzed swapped data for i = 269, j = 387 sucessfully passed !
	Initialyzed swapped data for i = 269, j = 388 sucessfully passed !
	Initialyzed swapped data for i = 269, j = 389 sucessfully passed !
	Initialyzed swapped data for i = 269, j = 390 sucessfully passed !
	Initialyzed swapped data for i = 269, j = 391 sucessfully passed !
	Initialyzed swapped data for i = 269, j = 392 sucessfully passed !
	Initialyzed swapped data for i = 269, j = 393 sucessfully passed !
	Initialyzed swapped data for i = 269, j = 394 sucessfully passed !
	Initialyzed swapped data for i = 269, j = 395 sucessfully passed !
	Initialyzed swapped data for i = 269, j = 396 sucessfully passed !
	Initialyzed swapped data for i = 269, j = 397 sucessfully passed !
	Initialyzed swapped data for i = 269, j = 398 sucessfully passed !
	Initialyzed swapped data for i = 269, j = 399 sucessfully passed !
	Initialyzed swapped data for i = 269, j = 400 sucessfully passed !
	Initialyzed swapped data for i = 269, j = 401 sucessfully passed !
	Initialyzed swapped data for i = 269, j = 402 sucessfully passed !
	Initialyzed swapped data for i = 269, j = 403 sucessfully passed !
	Initialyzed swapped data for i = 269, j = 404 sucessfully passed !
	Initialyzed swapped data for i = 269, j = 405 sucessfully passed !
	Initialyzed swapped data for i = 269, j = 406 sucessfully passed !
	Initialyzed swapped data for i = 269, j = 407 sucessfully passed !
	Initialyzed swapped data for i = 269, j = 408 sucessfully passed !
	Initialyzed swapped data for i = 269, j = 409 sucessfully passed !
	Initialyzed swapped data for i = 269, j = 410 sucessfully passed !
	Initialyzed swapped data for i = 269, j = 411 sucessfully passed !
	Initialyzed swapped data for i = 269, j = 412 sucessfully passed !
	Initialyzed swapped data for i = 269, j = 413 sucessfully passed !
	Initialyzed swapped data for i = 269, j = 414 sucessfully passed !
	Initialyzed swapped data for i = 269, j = 415 sucessfully passed !
	Initialyzed swapped data for i = 269, j = 416 sucessfully passed !
	Initialyzed swapped data for i = 269, j = 417 sucessfully passed !
	Initialyzed swapped data for i = 269, j = 418 sucessfully passed !
	Initialyzed swapped data for i = 269, j = 419 sucessfully passed !
	Initialyzed swapped data for i = 269, j = 420 sucessfully passed !
	Initialyzed swapped data for i = 269, j = 421 sucessfully passed !
	Initialyzed swapped data for i = 269, j = 422 sucessfully passed !
	Initialyzed swapped data for i = 269, j = 423 sucessfully passed !
	Initialyzed swapped data for i = 269, j = 424 sucessfully passed !
	Initialyzed swapped data for i = 269, j = 425 sucessfully passed !
	Initialyzed swapped data for i = 269, j = 426 sucessfully passed !
	Initialyzed swapped data for i = 269, j = 427 sucessfully passed !
	Initialyzed swapped data for i = 269, j = 428 sucessfully passed !
	Initialyzed swapped data for i = 269, j = 429 sucessfully passed !
	Initialyzed swapped data for i = 269, j = 430 sucessfully passed !
	Initialyzed swapped data for i = 269, j = 431 sucessfully passed !
	Initialyzed swapped data for i = 269, j = 432 sucessfully passed !
	Initialyzed swapped data for i = 269, j = 433 sucessfully passed !
	Initialyzed swapped data for i = 270, j = 271 sucessfully passed !
	Initialyzed swapped data for i = 270, j = 272 sucessfully passed !
	Initialyzed swapped data for i = 270, j = 273 sucessfully passed !
	Initialyzed swapped data for i = 270, j = 274 sucessfully passed !
	Initialyzed swapped data for i = 270, j = 275 sucessfully passed !
	Initialyzed swapped data for i = 270, j = 276 sucessfully passed !
	Initialyzed swapped data for i = 270, j = 277 sucessfully passed !
	Initialyzed swapped data for i = 270, j = 278 sucessfully passed !
	Initialyzed swapped data for i = 270, j = 279 sucessfully passed !
	Initialyzed swapped data for i = 270, j = 280 sucessfully passed !
	Initialyzed swapped data for i = 270, j = 281 sucessfully passed !
	Initialyzed swapped data for i = 270, j = 282 sucessfully passed !
	Initialyzed swapped data for i = 270, j = 283 sucessfully passed !
	Initialyzed swapped data for i = 270, j = 284 sucessfully passed !
	Initialyzed swapped data for i = 270, j = 285 sucessfully passed !
	Initialyzed swapped data for i = 270, j = 286 sucessfully passed !
	Initialyzed swapped data for i = 270, j = 287 sucessfully passed !
	Initialyzed swapped data for i = 270, j = 288 sucessfully passed !
	Initialyzed swapped data for i = 270, j = 289 sucessfully passed !
	Initialyzed swapped data for i = 270, j = 290 sucessfully passed !
	Initialyzed swapped data for i = 270, j = 291 sucessfully passed !
	Initialyzed swapped data for i = 270, j = 292 sucessfully passed !
	Initialyzed swapped data for i = 270, j = 293 sucessfully passed !
	Initialyzed swapped data for i = 270, j = 294 sucessfully passed !
	Initialyzed swapped data for i = 270, j = 295 sucessfully passed !
	Initialyzed swapped data for i = 270, j = 296 sucessfully passed !
	Initialyzed swapped data for i = 270, j = 297 sucessfully passed !
	Initialyzed swapped data for i = 270, j = 298 sucessfully passed !
	Initialyzed swapped data for i = 270, j = 299 sucessfully passed !
	Initialyzed swapped data for i = 270, j = 300 sucessfully passed !
	Initialyzed swapped data for i = 270, j = 301 sucessfully passed !
	Initialyzed swapped data for i = 270, j = 302 sucessfully passed !
	Initialyzed swapped data for i = 270, j = 303 sucessfully passed !
	Initialyzed swapped data for i = 270, j = 304 sucessfully passed !
	Initialyzed swapped data for i = 270, j = 305 sucessfully passed !
	Initialyzed swapped data for i = 270, j = 306 sucessfully passed !
	Initialyzed swapped data for i = 270, j = 307 sucessfully passed !
	Initialyzed swapped data for i = 270, j = 308 sucessfully passed !
	Initialyzed swapped data for i = 270, j = 309 sucessfully passed !
	Initialyzed swapped data for i = 270, j = 310 sucessfully passed !
	Initialyzed swapped data for i = 270, j = 311 sucessfully passed !
	Initialyzed swapped data for i = 270, j = 312 sucessfully passed !
	Initialyzed swapped data for i = 270, j = 313 sucessfully passed !
	Initialyzed swapped data for i = 270, j = 314 sucessfully passed !
	Initialyzed swapped data for i = 270, j = 315 sucessfully passed !
	Initialyzed swapped data for i = 270, j = 316 sucessfully passed !
	Initialyzed swapped data for i = 270, j = 317 sucessfully passed !
	Initialyzed swapped data for i = 270, j = 318 sucessfully passed !
	Initialyzed swapped data for i = 270, j = 319 sucessfully passed !
	Initialyzed swapped data for i = 270, j = 320 sucessfully passed !
	Initialyzed swapped data for i = 270, j = 321 sucessfully passed !
	Initialyzed swapped data for i = 270, j = 322 sucessfully passed !
	Initialyzed swapped data for i = 270, j = 323 sucessfully passed !
	Initialyzed swapped data for i = 270, j = 324 sucessfully passed !
	Initialyzed swapped data for i = 270, j = 325 sucessfully passed !
	Initialyzed swapped data for i = 270, j = 326 sucessfully passed !
	Initialyzed swapped data for i = 270, j = 327 sucessfully passed !
	Initialyzed swapped data for i = 270, j = 328 sucessfully passed !
	Initialyzed swapped data for i = 270, j = 329 sucessfully passed !
	Initialyzed swapped data for i = 270, j = 330 sucessfully passed !
	Initialyzed swapped data for i = 270, j = 331 sucessfully passed !
	Initialyzed swapped data for i = 270, j = 332 sucessfully passed !
	Initialyzed swapped data for i = 270, j = 333 sucessfully passed !
	Initialyzed swapped data for i = 270, j = 334 sucessfully passed !
	Initialyzed swapped data for i = 270, j = 335 sucessfully passed !
	Initialyzed swapped data for i = 270, j = 336 sucessfully passed !
	Initialyzed swapped data for i = 270, j = 337 sucessfully passed !
	Initialyzed swapped data for i = 270, j = 338 sucessfully passed !
	Initialyzed swapped data for i = 270, j = 339 sucessfully passed !
	Initialyzed swapped data for i = 270, j = 340 sucessfully passed !
	Initialyzed swapped data for i = 270, j = 341 sucessfully passed !
	Initialyzed swapped data for i = 270, j = 342 sucessfully passed !
	Initialyzed swapped data for i = 270, j = 343 sucessfully passed !
	Initialyzed swapped data for i = 270, j = 344 sucessfully passed !
	Initialyzed swapped data for i = 270, j = 345 sucessfully passed !
	Initialyzed swapped data for i = 270, j = 346 sucessfully passed !
	Initialyzed swapped data for i = 270, j = 347 sucessfully passed !
	Initialyzed swapped data for i = 270, j = 348 sucessfully passed !
	Initialyzed swapped data for i = 270, j = 349 sucessfully passed !
	Initialyzed swapped data for i = 270, j = 350 sucessfully passed !
	Initialyzed swapped data for i = 270, j = 351 sucessfully passed !
	Initialyzed swapped data for i = 270, j = 352 sucessfully passed !
	Initialyzed swapped data for i = 270, j = 353 sucessfully passed !
	Initialyzed swapped data for i = 270, j = 354 sucessfully passed !
	Initialyzed swapped data for i = 270, j = 355 sucessfully passed !
	Initialyzed swapped data for i = 270, j = 356 sucessfully passed !
	Initialyzed swapped data for i = 270, j = 357 sucessfully passed !
	Initialyzed swapped data for i = 270, j = 358 sucessfully passed !
	Initialyzed swapped data for i = 270, j = 359 sucessfully passed !
	Initialyzed swapped data for i = 270, j = 360 sucessfully passed !
	Initialyzed swapped data for i = 270, j = 361 sucessfully passed !
	Initialyzed swapped data for i = 270, j = 362 sucessfully passed !
	Initialyzed swapped data for i = 270, j = 363 sucessfully passed !
	Initialyzed swapped data for i = 270, j = 364 sucessfully passed !
	Initialyzed swapped data for i = 270, j = 365 sucessfully passed !
	Initialyzed swapped data for i = 270, j = 366 sucessfully passed !
	Initialyzed swapped data for i = 270, j = 367 sucessfully passed !
	Initialyzed swapped data for i = 270, j = 368 sucessfully passed !
	Initialyzed swapped data for i = 270, j = 369 sucessfully passed !
	Initialyzed swapped data for i = 270, j = 370 sucessfully passed !
	Initialyzed swapped data for i = 270, j = 371 sucessfully passed !
	Initialyzed swapped data for i = 270, j = 372 sucessfully passed !
	Initialyzed swapped data for i = 270, j = 373 sucessfully passed !
	Initialyzed swapped data for i = 270, j = 374 sucessfully passed !
	Initialyzed swapped data for i = 270, j = 375 sucessfully passed !
	Initialyzed swapped data for i = 270, j = 376 sucessfully passed !
	Initialyzed swapped data for i = 270, j = 377 sucessfully passed !
	Initialyzed swapped data for i = 270, j = 378 sucessfully passed !
	Initialyzed swapped data for i = 270, j = 379 sucessfully passed !
	Initialyzed swapped data for i = 270, j = 380 sucessfully passed !
	Initialyzed swapped data for i = 270, j = 381 sucessfully passed !
	Initialyzed swapped data for i = 270, j = 382 sucessfully passed !
	Initialyzed swapped data for i = 270, j = 383 sucessfully passed !
	Initialyzed swapped data for i = 270, j = 384 sucessfully passed !
	Initialyzed swapped data for i = 270, j = 385 sucessfully passed !
	Initialyzed swapped data for i = 270, j = 386 sucessfully passed !
	Initialyzed swapped data for i = 270, j = 387 sucessfully passed !
	Initialyzed swapped data for i = 270, j = 388 sucessfully passed !
	Initialyzed swapped data for i = 270, j = 389 sucessfully passed !
	Initialyzed swapped data for i = 270, j = 390 sucessfully passed !
	Initialyzed swapped data for i = 270, j = 391 sucessfully passed !
	Initialyzed swapped data for i = 270, j = 392 sucessfully passed !
	Initialyzed swapped data for i = 270, j = 393 sucessfully passed !
	Initialyzed swapped data for i = 270, j = 394 sucessfully passed !
	Initialyzed swapped data for i = 270, j = 395 sucessfully passed !
	Initialyzed swapped data for i = 270, j = 396 sucessfully passed !
	Initialyzed swapped data for i = 270, j = 397 sucessfully passed !
	Initialyzed swapped data for i = 270, j = 398 sucessfully passed !
	Initialyzed swapped data for i = 270, j = 399 sucessfully passed !
	Initialyzed swapped data for i = 270, j = 400 sucessfully passed !
	Initialyzed swapped data for i = 270, j = 401 sucessfully passed !
	Initialyzed swapped data for i = 270, j = 402 sucessfully passed !
	Initialyzed swapped data for i = 270, j = 403 sucessfully passed !
	Initialyzed swapped data for i = 270, j = 404 sucessfully passed !
	Initialyzed swapped data for i = 270, j = 405 sucessfully passed !
	Initialyzed swapped data for i = 270, j = 406 sucessfully passed !
	Initialyzed swapped data for i = 270, j = 407 sucessfully passed !
	Initialyzed swapped data for i = 270, j = 408 sucessfully passed !
	Initialyzed swapped data for i = 270, j = 409 sucessfully passed !
	Initialyzed swapped data for i = 270, j = 410 sucessfully passed !
	Initialyzed swapped data for i = 270, j = 411 sucessfully passed !
	Initialyzed swapped data for i = 270, j = 412 sucessfully passed !
	Initialyzed swapped data for i = 270, j = 413 sucessfully passed !
	Initialyzed swapped data for i = 270, j = 414 sucessfully passed !
	Initialyzed swapped data for i = 270, j = 415 sucessfully passed !
	Initialyzed swapped data for i = 270, j = 416 sucessfully passed !
	Initialyzed swapped data for i = 270, j = 417 sucessfully passed !
	Initialyzed swapped data for i = 270, j = 418 sucessfully passed !
	Initialyzed swapped data for i = 270, j = 419 sucessfully passed !
	Initialyzed swapped data for i = 270, j = 420 sucessfully passed !
	Initialyzed swapped data for i = 270, j = 421 sucessfully passed !
	Initialyzed swapped data for i = 270, j = 422 sucessfully passed !
	Initialyzed swapped data for i = 270, j = 423 sucessfully passed !
	Initialyzed swapped data for i = 270, j = 424 sucessfully passed !
	Initialyzed swapped data for i = 270, j = 425 sucessfully passed !
	Initialyzed swapped data for i = 270, j = 426 sucessfully passed !
	Initialyzed swapped data for i = 270, j = 427 sucessfully passed !
	Initialyzed swapped data for i = 270, j = 428 sucessfully passed !
	Initialyzed swapped data for i = 270, j = 429 sucessfully passed !
	Initialyzed swapped data for i = 270, j = 430 sucessfully passed !
	Initialyzed swapped data for i = 270, j = 431 sucessfully passed !
	Initialyzed swapped data for i = 270, j = 432 sucessfully passed !
	Initialyzed swapped data for i = 270, j = 433 sucessfully passed !
	Initialyzed swapped data for i = 271, j = 272 sucessfully passed !
	Initialyzed swapped data for i = 271, j = 273 sucessfully passed !
	Initialyzed swapped data for i = 271, j = 274 sucessfully passed !
	Initialyzed swapped data for i = 271, j = 275 sucessfully passed !
	Initialyzed swapped data for i = 271, j = 276 sucessfully passed !
	Initialyzed swapped data for i = 271, j = 277 sucessfully passed !
	Initialyzed swapped data for i = 271, j = 278 sucessfully passed !
	Initialyzed swapped data for i = 271, j = 279 sucessfully passed !
	Initialyzed swapped data for i = 271, j = 280 sucessfully passed !
	Initialyzed swapped data for i = 271, j = 281 sucessfully passed !
	Initialyzed swapped data for i = 271, j = 282 sucessfully passed !
	Initialyzed swapped data for i = 271, j = 283 sucessfully passed !
	Initialyzed swapped data for i = 271, j = 284 sucessfully passed !
	Initialyzed swapped data for i = 271, j = 285 sucessfully passed !
	Initialyzed swapped data for i = 271, j = 286 sucessfully passed !
	Initialyzed swapped data for i = 271, j = 287 sucessfully passed !
	Initialyzed swapped data for i = 271, j = 288 sucessfully passed !
	Initialyzed swapped data for i = 271, j = 289 sucessfully passed !
	Initialyzed swapped data for i = 271, j = 290 sucessfully passed !
	Initialyzed swapped data for i = 271, j = 291 sucessfully passed !
	Initialyzed swapped data for i = 271, j = 292 sucessfully passed !
	Initialyzed swapped data for i = 271, j = 293 sucessfully passed !
	Initialyzed swapped data for i = 271, j = 294 sucessfully passed !
	Initialyzed swapped data for i = 271, j = 295 sucessfully passed !
	Initialyzed swapped data for i = 271, j = 296 sucessfully passed !
	Initialyzed swapped data for i = 271, j = 297 sucessfully passed !
	Initialyzed swapped data for i = 271, j = 298 sucessfully passed !
	Initialyzed swapped data for i = 271, j = 299 sucessfully passed !
	Initialyzed swapped data for i = 271, j = 300 sucessfully passed !
	Initialyzed swapped data for i = 271, j = 301 sucessfully passed !
	Initialyzed swapped data for i = 271, j = 302 sucessfully passed !
	Initialyzed swapped data for i = 271, j = 303 sucessfully passed !
	Initialyzed swapped data for i = 271, j = 304 sucessfully passed !
	Initialyzed swapped data for i = 271, j = 305 sucessfully passed !
	Initialyzed swapped data for i = 271, j = 306 sucessfully passed !
	Initialyzed swapped data for i = 271, j = 307 sucessfully passed !
	Initialyzed swapped data for i = 271, j = 308 sucessfully passed !
	Initialyzed swapped data for i = 271, j = 309 sucessfully passed !
	Initialyzed swapped data for i = 271, j = 310 sucessfully passed !
	Initialyzed swapped data for i = 271, j = 311 sucessfully passed !
	Initialyzed swapped data for i = 271, j = 312 sucessfully passed !
	Initialyzed swapped data for i = 271, j = 313 sucessfully passed !
	Initialyzed swapped data for i = 271, j = 314 sucessfully passed !
	Initialyzed swapped data for i = 271, j = 315 sucessfully passed !
	Initialyzed swapped data for i = 271, j = 316 sucessfully passed !
	Initialyzed swapped data for i = 271, j = 317 sucessfully passed !
	Initialyzed swapped data for i = 271, j = 318 sucessfully passed !
	Initialyzed swapped data for i = 271, j = 319 sucessfully passed !
	Initialyzed swapped data for i = 271, j = 320 sucessfully passed !
	Initialyzed swapped data for i = 271, j = 321 sucessfully passed !
	Initialyzed swapped data for i = 271, j = 322 sucessfully passed !
	Initialyzed swapped data for i = 271, j = 323 sucessfully passed !
	Initialyzed swapped data for i = 271, j = 324 sucessfully passed !
	Initialyzed swapped data for i = 271, j = 325 sucessfully passed !
	Initialyzed swapped data for i = 271, j = 326 sucessfully passed !
	Initialyzed swapped data for i = 271, j = 327 sucessfully passed !
	Initialyzed swapped data for i = 271, j = 328 sucessfully passed !
	Initialyzed swapped data for i = 271, j = 329 sucessfully passed !
	Initialyzed swapped data for i = 271, j = 330 sucessfully passed !
	Initialyzed swapped data for i = 271, j = 331 sucessfully passed !
	Initialyzed swapped data for i = 271, j = 332 sucessfully passed !
	Initialyzed swapped data for i = 271, j = 333 sucessfully passed !
	Initialyzed swapped data for i = 271, j = 334 sucessfully passed !
	Initialyzed swapped data for i = 271, j = 335 sucessfully passed !
	Initialyzed swapped data for i = 271, j = 336 sucessfully passed !
	Initialyzed swapped data for i = 271, j = 337 sucessfully passed !
	Initialyzed swapped data for i = 271, j = 338 sucessfully passed !
	Initialyzed swapped data for i = 271, j = 339 sucessfully passed !
	Initialyzed swapped data for i = 271, j = 340 sucessfully passed !
	Initialyzed swapped data for i = 271, j = 341 sucessfully passed !
	Initialyzed swapped data for i = 271, j = 342 sucessfully passed !
	Initialyzed swapped data for i = 271, j = 343 sucessfully passed !
	Initialyzed swapped data for i = 271, j = 344 sucessfully passed !
	Initialyzed swapped data for i = 271, j = 345 sucessfully passed !
	Initialyzed swapped data for i = 271, j = 346 sucessfully passed !
	Initialyzed swapped data for i = 271, j = 347 sucessfully passed !
	Initialyzed swapped data for i = 271, j = 348 sucessfully passed !
	Initialyzed swapped data for i = 271, j = 349 sucessfully passed !
	Initialyzed swapped data for i = 271, j = 350 sucessfully passed !
	Initialyzed swapped data for i = 271, j = 351 sucessfully passed !
	Initialyzed swapped data for i = 271, j = 352 sucessfully passed !
	Initialyzed swapped data for i = 271, j = 353 sucessfully passed !
	Initialyzed swapped data for i = 271, j = 354 sucessfully passed !
	Initialyzed swapped data for i = 271, j = 355 sucessfully passed !
	Initialyzed swapped data for i = 271, j = 356 sucessfully passed !
	Initialyzed swapped data for i = 271, j = 357 sucessfully passed !
	Initialyzed swapped data for i = 271, j = 358 sucessfully passed !
	Initialyzed swapped data for i = 271, j = 359 sucessfully passed !
	Initialyzed swapped data for i = 271, j = 360 sucessfully passed !
	Initialyzed swapped data for i = 271, j = 361 sucessfully passed !
	Initialyzed swapped data for i = 271, j = 362 sucessfully passed !
	Initialyzed swapped data for i = 271, j = 363 sucessfully passed !
	Initialyzed swapped data for i = 271, j = 364 sucessfully passed !
	Initialyzed swapped data for i = 271, j = 365 sucessfully passed !
	Initialyzed swapped data for i = 271, j = 366 sucessfully passed !
	Initialyzed swapped data for i = 271, j = 367 sucessfully passed !
	Initialyzed swapped data for i = 271, j = 368 sucessfully passed !
	Initialyzed swapped data for i = 271, j = 369 sucessfully passed !
	Initialyzed swapped data for i = 271, j = 370 sucessfully passed !
	Initialyzed swapped data for i = 271, j = 371 sucessfully passed !
	Initialyzed swapped data for i = 271, j = 372 sucessfully passed !
	Initialyzed swapped data for i = 271, j = 373 sucessfully passed !
	Initialyzed swapped data for i = 271, j = 374 sucessfully passed !
	Initialyzed swapped data for i = 271, j = 375 sucessfully passed !
	Initialyzed swapped data for i = 271, j = 376 sucessfully passed !
	Initialyzed swapped data for i = 271, j = 377 sucessfully passed !
	Initialyzed swapped data for i = 271, j = 378 sucessfully passed !
	Initialyzed swapped data for i = 271, j = 379 sucessfully passed !
	Initialyzed swapped data for i = 271, j = 380 sucessfully passed !
	Initialyzed swapped data for i = 271, j = 381 sucessfully passed !
	Initialyzed swapped data for i = 271, j = 382 sucessfully passed !
	Initialyzed swapped data for i = 271, j = 383 sucessfully passed !
	Initialyzed swapped data for i = 271, j = 384 sucessfully passed !
	Initialyzed swapped data for i = 271, j = 385 sucessfully passed !
	Initialyzed swapped data for i = 271, j = 386 sucessfully passed !
	Initialyzed swapped data for i = 271, j = 387 sucessfully passed !
	Initialyzed swapped data for i = 271, j = 388 sucessfully passed !
	Initialyzed swapped data for i = 271, j = 389 sucessfully passed !
	Initialyzed swapped data for i = 271, j = 390 sucessfully passed !
	Initialyzed swapped data for i = 271, j = 391 sucessfully passed !
	Initialyzed swapped data for i = 271, j = 392 sucessfully passed !
	Initialyzed swapped data for i = 271, j = 393 sucessfully passed !
	Initialyzed swapped data for i = 271, j = 394 sucessfully passed !
	Initialyzed swapped data for i = 271, j = 395 sucessfully passed !
	Initialyzed swapped data for i = 271, j = 396 sucessfully passed !
	Initialyzed swapped data for i = 271, j = 397 sucessfully passed !
	Initialyzed swapped data for i = 271, j = 398 sucessfully passed !
	Initialyzed swapped data for i = 271, j = 399 sucessfully passed !
	Initialyzed swapped data for i = 271, j = 400 sucessfully passed !
	Initialyzed swapped data for i = 271, j = 401 sucessfully passed !
	Initialyzed swapped data for i = 271, j = 402 sucessfully passed !
	Initialyzed swapped data for i = 271, j = 403 sucessfully passed !
	Initialyzed swapped data for i = 271, j = 404 sucessfully passed !
	Initialyzed swapped data for i = 271, j = 405 sucessfully passed !
	Initialyzed swapped data for i = 271, j = 406 sucessfully passed !
	Initialyzed swapped data for i = 271, j = 407 sucessfully passed !
	Initialyzed swapped data for i = 271, j = 408 sucessfully passed !
	Initialyzed swapped data for i = 271, j = 409 sucessfully passed !
	Initialyzed swapped data for i = 271, j = 410 sucessfully passed !
	Initialyzed swapped data for i = 271, j = 411 sucessfully passed !
	Initialyzed swapped data for i = 271, j = 412 sucessfully passed !
	Initialyzed swapped data for i = 271, j = 413 sucessfully passed !
	Initialyzed swapped data for i = 271, j = 414 sucessfully passed !
	Initialyzed swapped data for i = 271, j = 415 sucessfully passed !
	Initialyzed swapped data for i = 271, j = 416 sucessfully passed !
	Initialyzed swapped data for i = 271, j = 417 sucessfully passed !
	Initialyzed swapped data for i = 271, j = 418 sucessfully passed !
	Initialyzed swapped data for i = 271, j = 419 sucessfully passed !
	Initialyzed swapped data for i = 271, j = 420 sucessfully passed !
	Initialyzed swapped data for i = 271, j = 421 sucessfully passed !
	Initialyzed swapped data for i = 271, j = 422 sucessfully passed !
	Initialyzed swapped data for i = 271, j = 423 sucessfully passed !
	Initialyzed swapped data for i = 271, j = 424 sucessfully passed !
	Initialyzed swapped data for i = 271, j = 425 sucessfully passed !
	Initialyzed swapped data for i = 271, j = 426 sucessfully passed !
	Initialyzed swapped data for i = 271, j = 427 sucessfully passed !
	Initialyzed swapped data for i = 271, j = 428 sucessfully passed !
	Initialyzed swapped data for i = 271, j = 429 sucessfully passed !
	Initialyzed swapped data for i = 271, j = 430 sucessfully passed !
	Initialyzed swapped data for i = 271, j = 431 sucessfully passed !
	Initialyzed swapped data for i = 271, j = 432 sucessfully passed !
	Initialyzed swapped data for i = 271, j = 433 sucessfully passed !
	Initialyzed swapped data for i = 272, j = 273 sucessfully passed !
	Initialyzed swapped data for i = 272, j = 274 sucessfully passed !
	Initialyzed swapped data for i = 272, j = 275 sucessfully passed !
	Initialyzed swapped data for i = 272, j = 276 sucessfully passed !
	Initialyzed swapped data for i = 272, j = 277 sucessfully passed !
	Initialyzed swapped data for i = 272, j = 278 sucessfully passed !
	Initialyzed swapped data for i = 272, j = 279 sucessfully passed !
	Initialyzed swapped data for i = 272, j = 280 sucessfully passed !
	Initialyzed swapped data for i = 272, j = 281 sucessfully passed !
	Initialyzed swapped data for i = 272, j = 282 sucessfully passed !
	Initialyzed swapped data for i = 272, j = 283 sucessfully passed !
	Initialyzed swapped data for i = 272, j = 284 sucessfully passed !
	Initialyzed swapped data for i = 272, j = 285 sucessfully passed !
	Initialyzed swapped data for i = 272, j = 286 sucessfully passed !
	Initialyzed swapped data for i = 272, j = 287 sucessfully passed !
	Initialyzed swapped data for i = 272, j = 288 sucessfully passed !
	Initialyzed swapped data for i = 272, j = 289 sucessfully passed !
	Initialyzed swapped data for i = 272, j = 290 sucessfully passed !
	Initialyzed swapped data for i = 272, j = 291 sucessfully passed !
	Initialyzed swapped data for i = 272, j = 292 sucessfully passed !
	Initialyzed swapped data for i = 272, j = 293 sucessfully passed !
	Initialyzed swapped data for i = 272, j = 294 sucessfully passed !
	Initialyzed swapped data for i = 272, j = 295 sucessfully passed !
	Initialyzed swapped data for i = 272, j = 296 sucessfully passed !
	Initialyzed swapped data for i = 272, j = 297 sucessfully passed !
	Initialyzed swapped data for i = 272, j = 298 sucessfully passed !
	Initialyzed swapped data for i = 272, j = 299 sucessfully passed !
	Initialyzed swapped data for i = 272, j = 300 sucessfully passed !
	Initialyzed swapped data for i = 272, j = 301 sucessfully passed !
	Initialyzed swapped data for i = 272, j = 302 sucessfully passed !
	Initialyzed swapped data for i = 272, j = 303 sucessfully passed !
	Initialyzed swapped data for i = 272, j = 304 sucessfully passed !
	Initialyzed swapped data for i = 272, j = 305 sucessfully passed !
	Initialyzed swapped data for i = 272, j = 306 sucessfully passed !
	Initialyzed swapped data for i = 272, j = 307 sucessfully passed !
	Initialyzed swapped data for i = 272, j = 308 sucessfully passed !
	Initialyzed swapped data for i = 272, j = 309 sucessfully passed !
	Initialyzed swapped data for i = 272, j = 310 sucessfully passed !
	Initialyzed swapped data for i = 272, j = 311 sucessfully passed !
	Initialyzed swapped data for i = 272, j = 312 sucessfully passed !
	Initialyzed swapped data for i = 272, j = 313 sucessfully passed !
	Initialyzed swapped data for i = 272, j = 314 sucessfully passed !
	Initialyzed swapped data for i = 272, j = 315 sucessfully passed !
	Initialyzed swapped data for i = 272, j = 316 sucessfully passed !
	Initialyzed swapped data for i = 272, j = 317 sucessfully passed !
	Initialyzed swapped data for i = 272, j = 318 sucessfully passed !
	Initialyzed swapped data for i = 272, j = 319 sucessfully passed !
	Initialyzed swapped data for i = 272, j = 320 sucessfully passed !
	Initialyzed swapped data for i = 272, j = 321 sucessfully passed !
	Initialyzed swapped data for i = 272, j = 322 sucessfully passed !
	Initialyzed swapped data for i = 272, j = 323 sucessfully passed !
	Initialyzed swapped data for i = 272, j = 324 sucessfully passed !
	Initialyzed swapped data for i = 272, j = 325 sucessfully passed !
	Initialyzed swapped data for i = 272, j = 326 sucessfully passed !
	Initialyzed swapped data for i = 272, j = 327 sucessfully passed !
	Initialyzed swapped data for i = 272, j = 328 sucessfully passed !
	Initialyzed swapped data for i = 272, j = 329 sucessfully passed !
	Initialyzed swapped data for i = 272, j = 330 sucessfully passed !
	Initialyzed swapped data for i = 272, j = 331 sucessfully passed !
	Initialyzed swapped data for i = 272, j = 332 sucessfully passed !
	Initialyzed swapped data for i = 272, j = 333 sucessfully passed !
	Initialyzed swapped data for i = 272, j = 334 sucessfully passed !
	Initialyzed swapped data for i = 272, j = 335 sucessfully passed !
	Initialyzed swapped data for i = 272, j = 336 sucessfully passed !
	Initialyzed swapped data for i = 272, j = 337 sucessfully passed !
	Initialyzed swapped data for i = 272, j = 338 sucessfully passed !
	Initialyzed swapped data for i = 272, j = 339 sucessfully passed !
	Initialyzed swapped data for i = 272, j = 340 sucessfully passed !
	Initialyzed swapped data for i = 272, j = 341 sucessfully passed !
	Initialyzed swapped data for i = 272, j = 342 sucessfully passed !
	Initialyzed swapped data for i = 272, j = 343 sucessfully passed !
	Initialyzed swapped data for i = 272, j = 344 sucessfully passed !
	Initialyzed swapped data for i = 272, j = 345 sucessfully passed !
	Initialyzed swapped data for i = 272, j = 346 sucessfully passed !
	Initialyzed swapped data for i = 272, j = 347 sucessfully passed !
	Initialyzed swapped data for i = 272, j = 348 sucessfully passed !
	Initialyzed swapped data for i = 272, j = 349 sucessfully passed !
	Initialyzed swapped data for i = 272, j = 350 sucessfully passed !
	Initialyzed swapped data for i = 272, j = 351 sucessfully passed !
	Initialyzed swapped data for i = 272, j = 352 sucessfully passed !
	Initialyzed swapped data for i = 272, j = 353 sucessfully passed !
	Initialyzed swapped data for i = 272, j = 354 sucessfully passed !
	Initialyzed swapped data for i = 272, j = 355 sucessfully passed !
	Initialyzed swapped data for i = 272, j = 356 sucessfully passed !
	Initialyzed swapped data for i = 272, j = 357 sucessfully passed !
	Initialyzed swapped data for i = 272, j = 358 sucessfully passed !
	Initialyzed swapped data for i = 272, j = 359 sucessfully passed !
	Initialyzed swapped data for i = 272, j = 360 sucessfully passed !
	Initialyzed swapped data for i = 272, j = 361 sucessfully passed !
	Initialyzed swapped data for i = 272, j = 362 sucessfully passed !
	Initialyzed swapped data for i = 272, j = 363 sucessfully passed !
	Initialyzed swapped data for i = 272, j = 364 sucessfully passed !
	Initialyzed swapped data for i = 272, j = 365 sucessfully passed !
	Initialyzed swapped data for i = 272, j = 366 sucessfully passed !
	Initialyzed swapped data for i = 272, j = 367 sucessfully passed !
	Initialyzed swapped data for i = 272, j = 368 sucessfully passed !
	Initialyzed swapped data for i = 272, j = 369 sucessfully passed !
	Initialyzed swapped data for i = 272, j = 370 sucessfully passed !
	Initialyzed swapped data for i = 272, j = 371 sucessfully passed !
	Initialyzed swapped data for i = 272, j = 372 sucessfully passed !
	Initialyzed swapped data for i = 272, j = 373 sucessfully passed !
	Initialyzed swapped data for i = 272, j = 374 sucessfully passed !
	Initialyzed swapped data for i = 272, j = 375 sucessfully passed !
	Initialyzed swapped data for i = 272, j = 376 sucessfully passed !
	Initialyzed swapped data for i = 272, j = 377 sucessfully passed !
	Initialyzed swapped data for i = 272, j = 378 sucessfully passed !
	Initialyzed swapped data for i = 272, j = 379 sucessfully passed !
	Initialyzed swapped data for i = 272, j = 380 sucessfully passed !
	Initialyzed swapped data for i = 272, j = 381 sucessfully passed !
	Initialyzed swapped data for i = 272, j = 382 sucessfully passed !
	Initialyzed swapped data for i = 272, j = 383 sucessfully passed !
	Initialyzed swapped data for i = 272, j = 384 sucessfully passed !
	Initialyzed swapped data for i = 272, j = 385 sucessfully passed !
	Initialyzed swapped data for i = 272, j = 386 sucessfully passed !
	Initialyzed swapped data for i = 272, j = 387 sucessfully passed !
	Initialyzed swapped data for i = 272, j = 388 sucessfully passed !
	Initialyzed swapped data for i = 272, j = 389 sucessfully passed !
	Initialyzed swapped data for i = 272, j = 390 sucessfully passed !
	Initialyzed swapped data for i = 272, j = 391 sucessfully passed !
	Initialyzed swapped data for i = 272, j = 392 sucessfully passed !
	Initialyzed swapped data for i = 272, j = 393 sucessfully passed !
	Initialyzed swapped data for i = 272, j = 394 sucessfully passed !
	Initialyzed swapped data for i = 272, j = 395 sucessfully passed !
	Initialyzed swapped data for i = 272, j = 396 sucessfully passed !
	Initialyzed swapped data for i = 272, j = 397 sucessfully passed !
	Initialyzed swapped data for i = 272, j = 398 sucessfully passed !
	Initialyzed swapped data for i = 272, j = 399 sucessfully passed !
	Initialyzed swapped data for i = 272, j = 400 sucessfully passed !
	Initialyzed swapped data for i = 272, j = 401 sucessfully passed !
	Initialyzed swapped data for i = 272, j = 402 sucessfully passed !
	Initialyzed swapped data for i = 272, j = 403 sucessfully passed !
	Initialyzed swapped data for i = 272, j = 404 sucessfully passed !
	Initialyzed swapped data for i = 272, j = 405 sucessfully passed !
	Initialyzed swapped data for i = 272, j = 406 sucessfully passed !
	Initialyzed swapped data for i = 272, j = 407 sucessfully passed !
	Initialyzed swapped data for i = 272, j = 408 sucessfully passed !
	Initialyzed swapped data for i = 272, j = 409 sucessfully passed !
	Initialyzed swapped data for i = 272, j = 410 sucessfully passed !
	Initialyzed swapped data for i = 272, j = 411 sucessfully passed !
	Initialyzed swapped data for i = 272, j = 412 sucessfully passed !
	Initialyzed swapped data for i = 272, j = 413 sucessfully passed !
	Initialyzed swapped data for i = 272, j = 414 sucessfully passed !
	Initialyzed swapped data for i = 272, j = 415 sucessfully passed !
	Initialyzed swapped data for i = 272, j = 416 sucessfully passed !
	Initialyzed swapped data for i = 272, j = 417 sucessfully passed !
	Initialyzed swapped data for i = 272, j = 418 sucessfully passed !
	Initialyzed swapped data for i = 272, j = 419 sucessfully passed !
	Initialyzed swapped data for i = 272, j = 420 sucessfully passed !
	Initialyzed swapped data for i = 272, j = 421 sucessfully passed !
	Initialyzed swapped data for i = 272, j = 422 sucessfully passed !
	Initialyzed swapped data for i = 272, j = 423 sucessfully passed !
	Initialyzed swapped data for i = 272, j = 424 sucessfully passed !
	Initialyzed swapped data for i = 272, j = 425 sucessfully passed !
	Initialyzed swapped data for i = 272, j = 426 sucessfully passed !
	Initialyzed swapped data for i = 272, j = 427 sucessfully passed !
	Initialyzed swapped data for i = 272, j = 428 sucessfully passed !
	Initialyzed swapped data for i = 272, j = 429 sucessfully passed !
	Initialyzed swapped data for i = 272, j = 430 sucessfully passed !
	Initialyzed swapped data for i = 272, j = 431 sucessfully passed !
	Initialyzed swapped data for i = 272, j = 432 sucessfully passed !
	Initialyzed swapped data for i = 272, j = 433 sucessfully passed !
	Initialyzed swapped data for i = 273, j = 274 sucessfully passed !
	Initialyzed swapped data for i = 273, j = 275 sucessfully passed !
	Initialyzed swapped data for i = 273, j = 276 sucessfully passed !
	Initialyzed swapped data for i = 273, j = 277 sucessfully passed !
	Initialyzed swapped data for i = 273, j = 278 sucessfully passed !
	Initialyzed swapped data for i = 273, j = 279 sucessfully passed !
	Initialyzed swapped data for i = 273, j = 280 sucessfully passed !
	Initialyzed swapped data for i = 273, j = 281 sucessfully passed !
	Initialyzed swapped data for i = 273, j = 282 sucessfully passed !
	Initialyzed swapped data for i = 273, j = 283 sucessfully passed !
	Initialyzed swapped data for i = 273, j = 284 sucessfully passed !
	Initialyzed swapped data for i = 273, j = 285 sucessfully passed !
	Initialyzed swapped data for i = 273, j = 286 sucessfully passed !
	Initialyzed swapped data for i = 273, j = 287 sucessfully passed !
	Initialyzed swapped data for i = 273, j = 288 sucessfully passed !
	Initialyzed swapped data for i = 273, j = 289 sucessfully passed !
	Initialyzed swapped data for i = 273, j = 290 sucessfully passed !
	Initialyzed swapped data for i = 273, j = 291 sucessfully passed !
	Initialyzed swapped data for i = 273, j = 292 sucessfully passed !
	Initialyzed swapped data for i = 273, j = 293 sucessfully passed !
	Initialyzed swapped data for i = 273, j = 294 sucessfully passed !
	Initialyzed swapped data for i = 273, j = 295 sucessfully passed !
	Initialyzed swapped data for i = 273, j = 296 sucessfully passed !
	Initialyzed swapped data for i = 273, j = 297 sucessfully passed !
	Initialyzed swapped data for i = 273, j = 298 sucessfully passed !
	Initialyzed swapped data for i = 273, j = 299 sucessfully passed !
	Initialyzed swapped data for i = 273, j = 300 sucessfully passed !
	Initialyzed swapped data for i = 273, j = 301 sucessfully passed !
	Initialyzed swapped data for i = 273, j = 302 sucessfully passed !
	Initialyzed swapped data for i = 273, j = 303 sucessfully passed !
	Initialyzed swapped data for i = 273, j = 304 sucessfully passed !
	Initialyzed swapped data for i = 273, j = 305 sucessfully passed !
	Initialyzed swapped data for i = 273, j = 306 sucessfully passed !
	Initialyzed swapped data for i = 273, j = 307 sucessfully passed !
	Initialyzed swapped data for i = 273, j = 308 sucessfully passed !
	Initialyzed swapped data for i = 273, j = 309 sucessfully passed !
	Initialyzed swapped data for i = 273, j = 310 sucessfully passed !
	Initialyzed swapped data for i = 273, j = 311 sucessfully passed !
	Initialyzed swapped data for i = 273, j = 312 sucessfully passed !
	Initialyzed swapped data for i = 273, j = 313 sucessfully passed !
	Initialyzed swapped data for i = 273, j = 314 sucessfully passed !
	Initialyzed swapped data for i = 273, j = 315 sucessfully passed !
	Initialyzed swapped data for i = 273, j = 316 sucessfully passed !
	Initialyzed swapped data for i = 273, j = 317 sucessfully passed !
	Initialyzed swapped data for i = 273, j = 318 sucessfully passed !
	Initialyzed swapped data for i = 273, j = 319 sucessfully passed !
	Initialyzed swapped data for i = 273, j = 320 sucessfully passed !
	Initialyzed swapped data for i = 273, j = 321 sucessfully passed !
	Initialyzed swapped data for i = 273, j = 322 sucessfully passed !
	Initialyzed swapped data for i = 273, j = 323 sucessfully passed !
	Initialyzed swapped data for i = 273, j = 324 sucessfully passed !
	Initialyzed swapped data for i = 273, j = 325 sucessfully passed !
	Initialyzed swapped data for i = 273, j = 326 sucessfully passed !
	Initialyzed swapped data for i = 273, j = 327 sucessfully passed !
	Initialyzed swapped data for i = 273, j = 328 sucessfully passed !
	Initialyzed swapped data for i = 273, j = 329 sucessfully passed !
	Initialyzed swapped data for i = 273, j = 330 sucessfully passed !
	Initialyzed swapped data for i = 273, j = 331 sucessfully passed !
	Initialyzed swapped data for i = 273, j = 332 sucessfully passed !
	Initialyzed swapped data for i = 273, j = 333 sucessfully passed !
	Initialyzed swapped data for i = 273, j = 334 sucessfully passed !
	Initialyzed swapped data for i = 273, j = 335 sucessfully passed !
	Initialyzed swapped data for i = 273, j = 336 sucessfully passed !
	Initialyzed swapped data for i = 273, j = 337 sucessfully passed !
	Initialyzed swapped data for i = 273, j = 338 sucessfully passed !
	Initialyzed swapped data for i = 273, j = 339 sucessfully passed !
	Initialyzed swapped data for i = 273, j = 340 sucessfully passed !
	Initialyzed swapped data for i = 273, j = 341 sucessfully passed !
	Initialyzed swapped data for i = 273, j = 342 sucessfully passed !
	Initialyzed swapped data for i = 273, j = 343 sucessfully passed !
	Initialyzed swapped data for i = 273, j = 344 sucessfully passed !
	Initialyzed swapped data for i = 273, j = 345 sucessfully passed !
	Initialyzed swapped data for i = 273, j = 346 sucessfully passed !
	Initialyzed swapped data for i = 273, j = 347 sucessfully passed !
	Initialyzed swapped data for i = 273, j = 348 sucessfully passed !
	Initialyzed swapped data for i = 273, j = 349 sucessfully passed !
	Initialyzed swapped data for i = 273, j = 350 sucessfully passed !
	Initialyzed swapped data for i = 273, j = 351 sucessfully passed !
	Initialyzed swapped data for i = 273, j = 352 sucessfully passed !
	Initialyzed swapped data for i = 273, j = 353 sucessfully passed !
	Initialyzed swapped data for i = 273, j = 354 sucessfully passed !
	Initialyzed swapped data for i = 273, j = 355 sucessfully passed !
	Initialyzed swapped data for i = 273, j = 356 sucessfully passed !
	Initialyzed swapped data for i = 273, j = 357 sucessfully passed !
	Initialyzed swapped data for i = 273, j = 358 sucessfully passed !
	Initialyzed swapped data for i = 273, j = 359 sucessfully passed !
	Initialyzed swapped data for i = 273, j = 360 sucessfully passed !
	Initialyzed swapped data for i = 273, j = 361 sucessfully passed !
	Initialyzed swapped data for i = 273, j = 362 sucessfully passed !
	Initialyzed swapped data for i = 273, j = 363 sucessfully passed !
	Initialyzed swapped data for i = 273, j = 364 sucessfully passed !
	Initialyzed swapped data for i = 273, j = 365 sucessfully passed !
	Initialyzed swapped data for i = 273, j = 366 sucessfully passed !
	Initialyzed swapped data for i = 273, j = 367 sucessfully passed !
	Initialyzed swapped data for i = 273, j = 368 sucessfully passed !
	Initialyzed swapped data for i = 273, j = 369 sucessfully passed !
	Initialyzed swapped data for i = 273, j = 370 sucessfully passed !
	Initialyzed swapped data for i = 273, j = 371 sucessfully passed !
	Initialyzed swapped data for i = 273, j = 372 sucessfully passed !
	Initialyzed swapped data for i = 273, j = 373 sucessfully passed !
	Initialyzed swapped data for i = 273, j = 374 sucessfully passed !
	Initialyzed swapped data for i = 273, j = 375 sucessfully passed !
	Initialyzed swapped data for i = 273, j = 376 sucessfully passed !
	Initialyzed swapped data for i = 273, j = 377 sucessfully passed !
	Initialyzed swapped data for i = 273, j = 378 sucessfully passed !
	Initialyzed swapped data for i = 273, j = 379 sucessfully passed !
	Initialyzed swapped data for i = 273, j = 380 sucessfully passed !
	Initialyzed swapped data for i = 273, j = 381 sucessfully passed !
	Initialyzed swapped data for i = 273, j = 382 sucessfully passed !
	Initialyzed swapped data for i = 273, j = 383 sucessfully passed !
	Initialyzed swapped data for i = 273, j = 384 sucessfully passed !
	Initialyzed swapped data for i = 273, j = 385 sucessfully passed !
	Initialyzed swapped data for i = 273, j = 386 sucessfully passed !
	Initialyzed swapped data for i = 273, j = 387 sucessfully passed !
	Initialyzed swapped data for i = 273, j = 388 sucessfully passed !
	Initialyzed swapped data for i = 273, j = 389 sucessfully passed !
	Initialyzed swapped data for i = 273, j = 390 sucessfully passed !
	Initialyzed swapped data for i = 273, j = 391 sucessfully passed !
	Initialyzed swapped data for i = 273, j = 392 sucessfully passed !
	Initialyzed swapped data for i = 273, j = 393 sucessfully passed !
	Initialyzed swapped data for i = 273, j = 394 sucessfully passed !
	Initialyzed swapped data for i = 273, j = 395 sucessfully passed !
	Initialyzed swapped data for i = 273, j = 396 sucessfully passed !
	Initialyzed swapped data for i = 273, j = 397 sucessfully passed !
	Initialyzed swapped data for i = 273, j = 398 sucessfully passed !
	Initialyzed swapped data for i = 273, j = 399 sucessfully passed !
	Initialyzed swapped data for i = 273, j = 400 sucessfully passed !
	Initialyzed swapped data for i = 273, j = 401 sucessfully passed !
	Initialyzed swapped data for i = 273, j = 402 sucessfully passed !
	Initialyzed swapped data for i = 273, j = 403 sucessfully passed !
	Initialyzed swapped data for i = 273, j = 404 sucessfully passed !
	Initialyzed swapped data for i = 273, j = 405 sucessfully passed !
	Initialyzed swapped data for i = 273, j = 406 sucessfully passed !
	Initialyzed swapped data for i = 273, j = 407 sucessfully passed !
	Initialyzed swapped data for i = 273, j = 408 sucessfully passed !
	Initialyzed swapped data for i = 273, j = 409 sucessfully passed !
	Initialyzed swapped data for i = 273, j = 410 sucessfully passed !
	Initialyzed swapped data for i = 273, j = 411 sucessfully passed !
	Initialyzed swapped data for i = 273, j = 412 sucessfully passed !
	Initialyzed swapped data for i = 273, j = 413 sucessfully passed !
	Initialyzed swapped data for i = 273, j = 414 sucessfully passed !
	Initialyzed swapped data for i = 273, j = 415 sucessfully passed !
	Initialyzed swapped data for i = 273, j = 416 sucessfully passed !
	Initialyzed swapped data for i = 273, j = 417 sucessfully passed !
	Initialyzed swapped data for i = 273, j = 418 sucessfully passed !
	Initialyzed swapped data for i = 273, j = 419 sucessfully passed !
	Initialyzed swapped data for i = 273, j = 420 sucessfully passed !
	Initialyzed swapped data for i = 273, j = 421 sucessfully passed !
	Initialyzed swapped data for i = 273, j = 422 sucessfully passed !
	Initialyzed swapped data for i = 273, j = 423 sucessfully passed !
	Initialyzed swapped data for i = 273, j = 424 sucessfully passed !
	Initialyzed swapped data for i = 273, j = 425 sucessfully passed !
	Initialyzed swapped data for i = 273, j = 426 sucessfully passed !
	Initialyzed swapped data for i = 273, j = 427 sucessfully passed !
	Initialyzed swapped data for i = 273, j = 428 sucessfully passed !
	Initialyzed swapped data for i = 273, j = 429 sucessfully passed !
	Initialyzed swapped data for i = 273, j = 430 sucessfully passed !
	Initialyzed swapped data for i = 273, j = 431 sucessfully passed !
	Initialyzed swapped data for i = 273, j = 432 sucessfully passed !
	Initialyzed swapped data for i = 273, j = 433 sucessfully passed !
	Initialyzed swapped data for i = 274, j = 275 sucessfully passed !
	Initialyzed swapped data for i = 274, j = 276 sucessfully passed !
	Initialyzed swapped data for i = 274, j = 277 sucessfully passed !
	Initialyzed swapped data for i = 274, j = 278 sucessfully passed !
	Initialyzed swapped data for i = 274, j = 279 sucessfully passed !
	Initialyzed swapped data for i = 274, j = 280 sucessfully passed !
	Initialyzed swapped data for i = 274, j = 281 sucessfully passed !
	Initialyzed swapped data for i = 274, j = 282 sucessfully passed !
	Initialyzed swapped data for i = 274, j = 283 sucessfully passed !
	Initialyzed swapped data for i = 274, j = 284 sucessfully passed !
	Initialyzed swapped data for i = 274, j = 285 sucessfully passed !
	Initialyzed swapped data for i = 274, j = 286 sucessfully passed !
	Initialyzed swapped data for i = 274, j = 287 sucessfully passed !
	Initialyzed swapped data for i = 274, j = 288 sucessfully passed !
	Initialyzed swapped data for i = 274, j = 289 sucessfully passed !
	Initialyzed swapped data for i = 274, j = 290 sucessfully passed !
	Initialyzed swapped data for i = 274, j = 291 sucessfully passed !
	Initialyzed swapped data for i = 274, j = 292 sucessfully passed !
	Initialyzed swapped data for i = 274, j = 293 sucessfully passed !
	Initialyzed swapped data for i = 274, j = 294 sucessfully passed !
	Initialyzed swapped data for i = 274, j = 295 sucessfully passed !
	Initialyzed swapped data for i = 274, j = 296 sucessfully passed !
	Initialyzed swapped data for i = 274, j = 297 sucessfully passed !
	Initialyzed swapped data for i = 274, j = 298 sucessfully passed !
	Initialyzed swapped data for i = 274, j = 299 sucessfully passed !
	Initialyzed swapped data for i = 274, j = 300 sucessfully passed !
	Initialyzed swapped data for i = 274, j = 301 sucessfully passed !
	Initialyzed swapped data for i = 274, j = 302 sucessfully passed !
	Initialyzed swapped data for i = 274, j = 303 sucessfully passed !
	Initialyzed swapped data for i = 274, j = 304 sucessfully passed !
	Initialyzed swapped data for i = 274, j = 305 sucessfully passed !
	Initialyzed swapped data for i = 274, j = 306 sucessfully passed !
	Initialyzed swapped data for i = 274, j = 307 sucessfully passed !
	Initialyzed swapped data for i = 274, j = 308 sucessfully passed !
	Initialyzed swapped data for i = 274, j = 309 sucessfully passed !
	Initialyzed swapped data for i = 274, j = 310 sucessfully passed !
	Initialyzed swapped data for i = 274, j = 311 sucessfully passed !
	Initialyzed swapped data for i = 274, j = 312 sucessfully passed !
	Initialyzed swapped data for i = 274, j = 313 sucessfully passed !
	Initialyzed swapped data for i = 274, j = 314 sucessfully passed !
	Initialyzed swapped data for i = 274, j = 315 sucessfully passed !
	Initialyzed swapped data for i = 274, j = 316 sucessfully passed !
	Initialyzed swapped data for i = 274, j = 317 sucessfully passed !
	Initialyzed swapped data for i = 274, j = 318 sucessfully passed !
	Initialyzed swapped data for i = 274, j = 319 sucessfully passed !
	Initialyzed swapped data for i = 274, j = 320 sucessfully passed !
	Initialyzed swapped data for i = 274, j = 321 sucessfully passed !
	Initialyzed swapped data for i = 274, j = 322 sucessfully passed !
	Initialyzed swapped data for i = 274, j = 323 sucessfully passed !
	Initialyzed swapped data for i = 274, j = 324 sucessfully passed !
	Initialyzed swapped data for i = 274, j = 325 sucessfully passed !
	Initialyzed swapped data for i = 274, j = 326 sucessfully passed !
	Initialyzed swapped data for i = 274, j = 327 sucessfully passed !
	Initialyzed swapped data for i = 274, j = 328 sucessfully passed !
	Initialyzed swapped data for i = 274, j = 329 sucessfully passed !
	Initialyzed swapped data for i = 274, j = 330 sucessfully passed !
	Initialyzed swapped data for i = 274, j = 331 sucessfully passed !
	Initialyzed swapped data for i = 274, j = 332 sucessfully passed !
	Initialyzed swapped data for i = 274, j = 333 sucessfully passed !
	Initialyzed swapped data for i = 274, j = 334 sucessfully passed !
	Initialyzed swapped data for i = 274, j = 335 sucessfully passed !
	Initialyzed swapped data for i = 274, j = 336 sucessfully passed !
	Initialyzed swapped data for i = 274, j = 337 sucessfully passed !
	Initialyzed swapped data for i = 274, j = 338 sucessfully passed !
	Initialyzed swapped data for i = 274, j = 339 sucessfully passed !
	Initialyzed swapped data for i = 274, j = 340 sucessfully passed !
	Initialyzed swapped data for i = 274, j = 341 sucessfully passed !
	Initialyzed swapped data for i = 274, j = 342 sucessfully passed !
	Initialyzed swapped data for i = 274, j = 343 sucessfully passed !
	Initialyzed swapped data for i = 274, j = 344 sucessfully passed !
	Initialyzed swapped data for i = 274, j = 345 sucessfully passed !
	Initialyzed swapped data for i = 274, j = 346 sucessfully passed !
	Initialyzed swapped data for i = 274, j = 347 sucessfully passed !
	Initialyzed swapped data for i = 274, j = 348 sucessfully passed !
	Initialyzed swapped data for i = 274, j = 349 sucessfully passed !
	Initialyzed swapped data for i = 274, j = 350 sucessfully passed !
	Initialyzed swapped data for i = 274, j = 351 sucessfully passed !
	Initialyzed swapped data for i = 274, j = 352 sucessfully passed !
	Initialyzed swapped data for i = 274, j = 353 sucessfully passed !
	Initialyzed swapped data for i = 274, j = 354 sucessfully passed !
	Initialyzed swapped data for i = 274, j = 355 sucessfully passed !
	Initialyzed swapped data for i = 274, j = 356 sucessfully passed !
	Initialyzed swapped data for i = 274, j = 357 sucessfully passed !
	Initialyzed swapped data for i = 274, j = 358 sucessfully passed !
	Initialyzed swapped data for i = 274, j = 359 sucessfully passed !
	Initialyzed swapped data for i = 274, j = 360 sucessfully passed !
	Initialyzed swapped data for i = 274, j = 361 sucessfully passed !
	Initialyzed swapped data for i = 274, j = 362 sucessfully passed !
	Initialyzed swapped data for i = 274, j = 363 sucessfully passed !
	Initialyzed swapped data for i = 274, j = 364 sucessfully passed !
	Initialyzed swapped data for i = 274, j = 365 sucessfully passed !
	Initialyzed swapped data for i = 274, j = 366 sucessfully passed !
	Initialyzed swapped data for i = 274, j = 367 sucessfully passed !
	Initialyzed swapped data for i = 274, j = 368 sucessfully passed !
	Initialyzed swapped data for i = 274, j = 369 sucessfully passed !
	Initialyzed swapped data for i = 274, j = 370 sucessfully passed !
	Initialyzed swapped data for i = 274, j = 371 sucessfully passed !
	Initialyzed swapped data for i = 274, j = 372 sucessfully passed !
	Initialyzed swapped data for i = 274, j = 373 sucessfully passed !
	Initialyzed swapped data for i = 274, j = 374 sucessfully passed !
	Initialyzed swapped data for i = 274, j = 375 sucessfully passed !
	Initialyzed swapped data for i = 274, j = 376 sucessfully passed !
	Initialyzed swapped data for i = 274, j = 377 sucessfully passed !
	Initialyzed swapped data for i = 274, j = 378 sucessfully passed !
	Initialyzed swapped data for i = 274, j = 379 sucessfully passed !
	Initialyzed swapped data for i = 274, j = 380 sucessfully passed !
	Initialyzed swapped data for i = 274, j = 381 sucessfully passed !
	Initialyzed swapped data for i = 274, j = 382 sucessfully passed !
	Initialyzed swapped data for i = 274, j = 383 sucessfully passed !
	Initialyzed swapped data for i = 274, j = 384 sucessfully passed !
	Initialyzed swapped data for i = 274, j = 385 sucessfully passed !
	Initialyzed swapped data for i = 274, j = 386 sucessfully passed !
	Initialyzed swapped data for i = 274, j = 387 sucessfully passed !
	Initialyzed swapped data for i = 274, j = 388 sucessfully passed !
	Initialyzed swapped data for i = 274, j = 389 sucessfully passed !
	Initialyzed swapped data for i = 274, j = 390 sucessfully passed !
	Initialyzed swapped data for i = 274, j = 391 sucessfully passed !
	Initialyzed swapped data for i = 274, j = 392 sucessfully passed !
	Initialyzed swapped data for i = 274, j = 393 sucessfully passed !
	Initialyzed swapped data for i = 274, j = 394 sucessfully passed !
	Initialyzed swapped data for i = 274, j = 395 sucessfully passed !
	Initialyzed swapped data for i = 274, j = 396 sucessfully passed !
	Initialyzed swapped data for i = 274, j = 397 sucessfully passed !
	Initialyzed swapped data for i = 274, j = 398 sucessfully passed !
	Initialyzed swapped data for i = 274, j = 399 sucessfully passed !
	Initialyzed swapped data for i = 274, j = 400 sucessfully passed !
	Initialyzed swapped data for i = 274, j = 401 sucessfully passed !
	Initialyzed swapped data for i = 274, j = 402 sucessfully passed !
	Initialyzed swapped data for i = 274, j = 403 sucessfully passed !
	Initialyzed swapped data for i = 274, j = 404 sucessfully passed !
	Initialyzed swapped data for i = 274, j = 405 sucessfully passed !
	Initialyzed swapped data for i = 274, j = 406 sucessfully passed !
	Initialyzed swapped data for i = 274, j = 407 sucessfully passed !
	Initialyzed swapped data for i = 274, j = 408 sucessfully passed !
	Initialyzed swapped data for i = 274, j = 409 sucessfully passed !
	Initialyzed swapped data for i = 274, j = 410 sucessfully passed !
	Initialyzed swapped data for i = 274, j = 411 sucessfully passed !
	Initialyzed swapped data for i = 274, j = 412 sucessfully passed !
	Initialyzed swapped data for i = 274, j = 413 sucessfully passed !
	Initialyzed swapped data for i = 274, j = 414 sucessfully passed !
	Initialyzed swapped data for i = 274, j = 415 sucessfully passed !
	Initialyzed swapped data for i = 274, j = 416 sucessfully passed !
	Initialyzed swapped data for i = 274, j = 417 sucessfully passed !
	Initialyzed swapped data for i = 274, j = 418 sucessfully passed !
	Initialyzed swapped data for i = 274, j = 419 sucessfully passed !
	Initialyzed swapped data for i = 274, j = 420 sucessfully passed !
	Initialyzed swapped data for i = 274, j = 421 sucessfully passed !
	Initialyzed swapped data for i = 274, j = 422 sucessfully passed !
	Initialyzed swapped data for i = 274, j = 423 sucessfully passed !
	Initialyzed swapped data for i = 274, j = 424 sucessfully passed !
	Initialyzed swapped data for i = 274, j = 425 sucessfully passed !
	Initialyzed swapped data for i = 274, j = 426 sucessfully passed !
	Initialyzed swapped data for i = 274, j = 427 sucessfully passed !
	Initialyzed swapped data for i = 274, j = 428 sucessfully passed !
	Initialyzed swapped data for i = 274, j = 429 sucessfully passed !
	Initialyzed swapped data for i = 274, j = 430 sucessfully passed !
	Initialyzed swapped data for i = 274, j = 431 sucessfully passed !
	Initialyzed swapped data for i = 274, j = 432 sucessfully passed !
	Initialyzed swapped data for i = 274, j = 433 sucessfully passed !
	Initialyzed swapped data for i = 275, j = 276 sucessfully passed !
	Initialyzed swapped data for i = 275, j = 277 sucessfully passed !
	Initialyzed swapped data for i = 275, j = 278 sucessfully passed !
	Initialyzed swapped data for i = 275, j = 279 sucessfully passed !
	Initialyzed swapped data for i = 275, j = 280 sucessfully passed !
	Initialyzed swapped data for i = 275, j = 281 sucessfully passed !
	Initialyzed swapped data for i = 275, j = 282 sucessfully passed !
	Initialyzed swapped data for i = 275, j = 283 sucessfully passed !
	Initialyzed swapped data for i = 275, j = 284 sucessfully passed !
	Initialyzed swapped data for i = 275, j = 285 sucessfully passed !
	Initialyzed swapped data for i = 275, j = 286 sucessfully passed !
	Initialyzed swapped data for i = 275, j = 287 sucessfully passed !
	Initialyzed swapped data for i = 275, j = 288 sucessfully passed !
	Initialyzed swapped data for i = 275, j = 289 sucessfully passed !
	Initialyzed swapped data for i = 275, j = 290 sucessfully passed !
	Initialyzed swapped data for i = 275, j = 291 sucessfully passed !
	Initialyzed swapped data for i = 275, j = 292 sucessfully passed !
	Initialyzed swapped data for i = 275, j = 293 sucessfully passed !
	Initialyzed swapped data for i = 275, j = 294 sucessfully passed !
	Initialyzed swapped data for i = 275, j = 295 sucessfully passed !
	Initialyzed swapped data for i = 275, j = 296 sucessfully passed !
	Initialyzed swapped data for i = 275, j = 297 sucessfully passed !
	Initialyzed swapped data for i = 275, j = 298 sucessfully passed !
	Initialyzed swapped data for i = 275, j = 299 sucessfully passed !
	Initialyzed swapped data for i = 275, j = 300 sucessfully passed !
	Initialyzed swapped data for i = 275, j = 301 sucessfully passed !
	Initialyzed swapped data for i = 275, j = 302 sucessfully passed !
	Initialyzed swapped data for i = 275, j = 303 sucessfully passed !
	Initialyzed swapped data for i = 275, j = 304 sucessfully passed !
	Initialyzed swapped data for i = 275, j = 305 sucessfully passed !
	Initialyzed swapped data for i = 275, j = 306 sucessfully passed !
	Initialyzed swapped data for i = 275, j = 307 sucessfully passed !
	Initialyzed swapped data for i = 275, j = 308 sucessfully passed !
	Initialyzed swapped data for i = 275, j = 309 sucessfully passed !
	Initialyzed swapped data for i = 275, j = 310 sucessfully passed !
	Initialyzed swapped data for i = 275, j = 311 sucessfully passed !
	Initialyzed swapped data for i = 275, j = 312 sucessfully passed !
	Initialyzed swapped data for i = 275, j = 313 sucessfully passed !
	Initialyzed swapped data for i = 275, j = 314 sucessfully passed !
	Initialyzed swapped data for i = 275, j = 315 sucessfully passed !
	Initialyzed swapped data for i = 275, j = 316 sucessfully passed !
	Initialyzed swapped data for i = 275, j = 317 sucessfully passed !
	Initialyzed swapped data for i = 275, j = 318 sucessfully passed !
	Initialyzed swapped data for i = 275, j = 319 sucessfully passed !
	Initialyzed swapped data for i = 275, j = 320 sucessfully passed !
	Initialyzed swapped data for i = 275, j = 321 sucessfully passed !
	Initialyzed swapped data for i = 275, j = 322 sucessfully passed !
	Initialyzed swapped data for i = 275, j = 323 sucessfully passed !
	Initialyzed swapped data for i = 275, j = 324 sucessfully passed !
	Initialyzed swapped data for i = 275, j = 325 sucessfully passed !
	Initialyzed swapped data for i = 275, j = 326 sucessfully passed !
	Initialyzed swapped data for i = 275, j = 327 sucessfully passed !
	Initialyzed swapped data for i = 275, j = 328 sucessfully passed !
	Initialyzed swapped data for i = 275, j = 329 sucessfully passed !
	Initialyzed swapped data for i = 275, j = 330 sucessfully passed !
	Initialyzed swapped data for i = 275, j = 331 sucessfully passed !
	Initialyzed swapped data for i = 275, j = 332 sucessfully passed !
	Initialyzed swapped data for i = 275, j = 333 sucessfully passed !
	Initialyzed swapped data for i = 275, j = 334 sucessfully passed !
	Initialyzed swapped data for i = 275, j = 335 sucessfully passed !
	Initialyzed swapped data for i = 275, j = 336 sucessfully passed !
	Initialyzed swapped data for i = 275, j = 337 sucessfully passed !
	Initialyzed swapped data for i = 275, j = 338 sucessfully passed !
	Initialyzed swapped data for i = 275, j = 339 sucessfully passed !
	Initialyzed swapped data for i = 275, j = 340 sucessfully passed !
	Initialyzed swapped data for i = 275, j = 341 sucessfully passed !
	Initialyzed swapped data for i = 275, j = 342 sucessfully passed !
	Initialyzed swapped data for i = 275, j = 343 sucessfully passed !
	Initialyzed swapped data for i = 275, j = 344 sucessfully passed !
	Initialyzed swapped data for i = 275, j = 345 sucessfully passed !
	Initialyzed swapped data for i = 275, j = 346 sucessfully passed !
	Initialyzed swapped data for i = 275, j = 347 sucessfully passed !
	Initialyzed swapped data for i = 275, j = 348 sucessfully passed !
	Initialyzed swapped data for i = 275, j = 349 sucessfully passed !
	Initialyzed swapped data for i = 275, j = 350 sucessfully passed !
	Initialyzed swapped data for i = 275, j = 351 sucessfully passed !
	Initialyzed swapped data for i = 275, j = 352 sucessfully passed !
	Initialyzed swapped data for i = 275, j = 353 sucessfully passed !
	Initialyzed swapped data for i = 275, j = 354 sucessfully passed !
	Initialyzed swapped data for i = 275, j = 355 sucessfully passed !
	Initialyzed swapped data for i = 275, j = 356 sucessfully passed !
	Initialyzed swapped data for i = 275, j = 357 sucessfully passed !
	Initialyzed swapped data for i = 275, j = 358 sucessfully passed !
	Initialyzed swapped data for i = 275, j = 359 sucessfully passed !
	Initialyzed swapped data for i = 275, j = 360 sucessfully passed !
	Initialyzed swapped data for i = 275, j = 361 sucessfully passed !
	Initialyzed swapped data for i = 275, j = 362 sucessfully passed !
	Initialyzed swapped data for i = 275, j = 363 sucessfully passed !
	Initialyzed swapped data for i = 275, j = 364 sucessfully passed !
	Initialyzed swapped data for i = 275, j = 365 sucessfully passed !
	Initialyzed swapped data for i = 275, j = 366 sucessfully passed !
	Initialyzed swapped data for i = 275, j = 367 sucessfully passed !
	Initialyzed swapped data for i = 275, j = 368 sucessfully passed !
	Initialyzed swapped data for i = 275, j = 369 sucessfully passed !
	Initialyzed swapped data for i = 275, j = 370 sucessfully passed !
	Initialyzed swapped data for i = 275, j = 371 sucessfully passed !
	Initialyzed swapped data for i = 275, j = 372 sucessfully passed !
	Initialyzed swapped data for i = 275, j = 373 sucessfully passed !
	Initialyzed swapped data for i = 275, j = 374 sucessfully passed !
	Initialyzed swapped data for i = 275, j = 375 sucessfully passed !
	Initialyzed swapped data for i = 275, j = 376 sucessfully passed !
	Initialyzed swapped data for i = 275, j = 377 sucessfully passed !
	Initialyzed swapped data for i = 275, j = 378 sucessfully passed !
	Initialyzed swapped data for i = 275, j = 379 sucessfully passed !
	Initialyzed swapped data for i = 275, j = 380 sucessfully passed !
	Initialyzed swapped data for i = 275, j = 381 sucessfully passed !
	Initialyzed swapped data for i = 275, j = 382 sucessfully passed !
	Initialyzed swapped data for i = 275, j = 383 sucessfully passed !
	Initialyzed swapped data for i = 275, j = 384 sucessfully passed !
	Initialyzed swapped data for i = 275, j = 385 sucessfully passed !
	Initialyzed swapped data for i = 275, j = 386 sucessfully passed !
	Initialyzed swapped data for i = 275, j = 387 sucessfully passed !
	Initialyzed swapped data for i = 275, j = 388 sucessfully passed !
	Initialyzed swapped data for i = 275, j = 389 sucessfully passed !
	Initialyzed swapped data for i = 275, j = 390 sucessfully passed !
	Initialyzed swapped data for i = 275, j = 391 sucessfully passed !
	Initialyzed swapped data for i = 275, j = 392 sucessfully passed !
	Initialyzed swapped data for i = 275, j = 393 sucessfully passed !
	Initialyzed swapped data for i = 275, j = 394 sucessfully passed !
	Initialyzed swapped data for i = 275, j = 395 sucessfully passed !
	Initialyzed swapped data for i = 275, j = 396 sucessfully passed !
	Initialyzed swapped data for i = 275, j = 397 sucessfully passed !
	Initialyzed swapped data for i = 275, j = 398 sucessfully passed !
	Initialyzed swapped data for i = 275, j = 399 sucessfully passed !
	Initialyzed swapped data for i = 275, j = 400 sucessfully passed !
	Initialyzed swapped data for i = 275, j = 401 sucessfully passed !
	Initialyzed swapped data for i = 275, j = 402 sucessfully passed !
	Initialyzed swapped data for i = 275, j = 403 sucessfully passed !
	Initialyzed swapped data for i = 275, j = 404 sucessfully passed !
	Initialyzed swapped data for i = 275, j = 405 sucessfully passed !
	Initialyzed swapped data for i = 275, j = 406 sucessfully passed !
	Initialyzed swapped data for i = 275, j = 407 sucessfully passed !
	Initialyzed swapped data for i = 275, j = 408 sucessfully passed !
	Initialyzed swapped data for i = 275, j = 409 sucessfully passed !
	Initialyzed swapped data for i = 275, j = 410 sucessfully passed !
	Initialyzed swapped data for i = 275, j = 411 sucessfully passed !
	Initialyzed swapped data for i = 275, j = 412 sucessfully passed !
	Initialyzed swapped data for i = 275, j = 413 sucessfully passed !
	Initialyzed swapped data for i = 275, j = 414 sucessfully passed !
	Initialyzed swapped data for i = 275, j = 415 sucessfully passed !
	Initialyzed swapped data for i = 275, j = 416 sucessfully passed !
	Initialyzed swapped data for i = 275, j = 417 sucessfully passed !
	Initialyzed swapped data for i = 275, j = 418 sucessfully passed !
	Initialyzed swapped data for i = 275, j = 419 sucessfully passed !
	Initialyzed swapped data for i = 275, j = 420 sucessfully passed !
	Initialyzed swapped data for i = 275, j = 421 sucessfully passed !
	Initialyzed swapped data for i = 275, j = 422 sucessfully passed !
	Initialyzed swapped data for i = 275, j = 423 sucessfully passed !
	Initialyzed swapped data for i = 275, j = 424 sucessfully passed !
	Initialyzed swapped data for i = 275, j = 425 sucessfully passed !
	Initialyzed swapped data for i = 275, j = 426 sucessfully passed !
	Initialyzed swapped data for i = 275, j = 427 sucessfully passed !
	Initialyzed swapped data for i = 275, j = 428 sucessfully passed !
	Initialyzed swapped data for i = 275, j = 429 sucessfully passed !
	Initialyzed swapped data for i = 275, j = 430 sucessfully passed !
	Initialyzed swapped data for i = 275, j = 431 sucessfully passed !
	Initialyzed swapped data for i = 275, j = 432 sucessfully passed !
	Initialyzed swapped data for i = 275, j = 433 sucessfully passed !
	Initialyzed swapped data for i = 276, j = 277 sucessfully passed !
	Initialyzed swapped data for i = 276, j = 278 sucessfully passed !
	Initialyzed swapped data for i = 276, j = 279 sucessfully passed !
	Initialyzed swapped data for i = 276, j = 280 sucessfully passed !
	Initialyzed swapped data for i = 276, j = 281 sucessfully passed !
	Initialyzed swapped data for i = 276, j = 282 sucessfully passed !
	Initialyzed swapped data for i = 276, j = 283 sucessfully passed !
	Initialyzed swapped data for i = 276, j = 284 sucessfully passed !
	Initialyzed swapped data for i = 276, j = 285 sucessfully passed !
	Initialyzed swapped data for i = 276, j = 286 sucessfully passed !
	Initialyzed swapped data for i = 276, j = 287 sucessfully passed !
	Initialyzed swapped data for i = 276, j = 288 sucessfully passed !
	Initialyzed swapped data for i = 276, j = 289 sucessfully passed !
	Initialyzed swapped data for i = 276, j = 290 sucessfully passed !
	Initialyzed swapped data for i = 276, j = 291 sucessfully passed !
	Initialyzed swapped data for i = 276, j = 292 sucessfully passed !
	Initialyzed swapped data for i = 276, j = 293 sucessfully passed !
	Initialyzed swapped data for i = 276, j = 294 sucessfully passed !
	Initialyzed swapped data for i = 276, j = 295 sucessfully passed !
	Initialyzed swapped data for i = 276, j = 296 sucessfully passed !
	Initialyzed swapped data for i = 276, j = 297 sucessfully passed !
	Initialyzed swapped data for i = 276, j = 298 sucessfully passed !
	Initialyzed swapped data for i = 276, j = 299 sucessfully passed !
	Initialyzed swapped data for i = 276, j = 300 sucessfully passed !
	Initialyzed swapped data for i = 276, j = 301 sucessfully passed !
	Initialyzed swapped data for i = 276, j = 302 sucessfully passed !
	Initialyzed swapped data for i = 276, j = 303 sucessfully passed !
	Initialyzed swapped data for i = 276, j = 304 sucessfully passed !
	Initialyzed swapped data for i = 276, j = 305 sucessfully passed !
	Initialyzed swapped data for i = 276, j = 306 sucessfully passed !
	Initialyzed swapped data for i = 276, j = 307 sucessfully passed !
	Initialyzed swapped data for i = 276, j = 308 sucessfully passed !
	Initialyzed swapped data for i = 276, j = 309 sucessfully passed !
	Initialyzed swapped data for i = 276, j = 310 sucessfully passed !
	Initialyzed swapped data for i = 276, j = 311 sucessfully passed !
	Initialyzed swapped data for i = 276, j = 312 sucessfully passed !
	Initialyzed swapped data for i = 276, j = 313 sucessfully passed !
	Initialyzed swapped data for i = 276, j = 314 sucessfully passed !
	Initialyzed swapped data for i = 276, j = 315 sucessfully passed !
	Initialyzed swapped data for i = 276, j = 316 sucessfully passed !
	Initialyzed swapped data for i = 276, j = 317 sucessfully passed !
	Initialyzed swapped data for i = 276, j = 318 sucessfully passed !
	Initialyzed swapped data for i = 276, j = 319 sucessfully passed !
	Initialyzed swapped data for i = 276, j = 320 sucessfully passed !
	Initialyzed swapped data for i = 276, j = 321 sucessfully passed !
	Initialyzed swapped data for i = 276, j = 322 sucessfully passed !
	Initialyzed swapped data for i = 276, j = 323 sucessfully passed !
	Initialyzed swapped data for i = 276, j = 324 sucessfully passed !
	Initialyzed swapped data for i = 276, j = 325 sucessfully passed !
	Initialyzed swapped data for i = 276, j = 326 sucessfully passed !
	Initialyzed swapped data for i = 276, j = 327 sucessfully passed !
	Initialyzed swapped data for i = 276, j = 328 sucessfully passed !
	Initialyzed swapped data for i = 276, j = 329 sucessfully passed !
	Initialyzed swapped data for i = 276, j = 330 sucessfully passed !
	Initialyzed swapped data for i = 276, j = 331 sucessfully passed !
	Initialyzed swapped data for i = 276, j = 332 sucessfully passed !
	Initialyzed swapped data for i = 276, j = 333 sucessfully passed !
	Initialyzed swapped data for i = 276, j = 334 sucessfully passed !
	Initialyzed swapped data for i = 276, j = 335 sucessfully passed !
	Initialyzed swapped data for i = 276, j = 336 sucessfully passed !
	Initialyzed swapped data for i = 276, j = 337 sucessfully passed !
	Initialyzed swapped data for i = 276, j = 338 sucessfully passed !
	Initialyzed swapped data for i = 276, j = 339 sucessfully passed !
	Initialyzed swapped data for i = 276, j = 340 sucessfully passed !
	Initialyzed swapped data for i = 276, j = 341 sucessfully passed !
	Initialyzed swapped data for i = 276, j = 342 sucessfully passed !
	Initialyzed swapped data for i = 276, j = 343 sucessfully passed !
	Initialyzed swapped data for i = 276, j = 344 sucessfully passed !
	Initialyzed swapped data for i = 276, j = 345 sucessfully passed !
	Initialyzed swapped data for i = 276, j = 346 sucessfully passed !
	Initialyzed swapped data for i = 276, j = 347 sucessfully passed !
	Initialyzed swapped data for i = 276, j = 348 sucessfully passed !
	Initialyzed swapped data for i = 276, j = 349 sucessfully passed !
	Initialyzed swapped data for i = 276, j = 350 sucessfully passed !
	Initialyzed swapped data for i = 276, j = 351 sucessfully passed !
	Initialyzed swapped data for i = 276, j = 352 sucessfully passed !
	Initialyzed swapped data for i = 276, j = 353 sucessfully passed !
	Initialyzed swapped data for i = 276, j = 354 sucessfully passed !
	Initialyzed swapped data for i = 276, j = 355 sucessfully passed !
	Initialyzed swapped data for i = 276, j = 356 sucessfully passed !
	Initialyzed swapped data for i = 276, j = 357 sucessfully passed !
	Initialyzed swapped data for i = 276, j = 358 sucessfully passed !
	Initialyzed swapped data for i = 276, j = 359 sucessfully passed !
	Initialyzed swapped data for i = 276, j = 360 sucessfully passed !
	Initialyzed swapped data for i = 276, j = 361 sucessfully passed !
	Initialyzed swapped data for i = 276, j = 362 sucessfully passed !
	Initialyzed swapped data for i = 276, j = 363 sucessfully passed !
	Initialyzed swapped data for i = 276, j = 364 sucessfully passed !
	Initialyzed swapped data for i = 276, j = 365 sucessfully passed !
	Initialyzed swapped data for i = 276, j = 366 sucessfully passed !
	Initialyzed swapped data for i = 276, j = 367 sucessfully passed !
	Initialyzed swapped data for i = 276, j = 368 sucessfully passed !
	Initialyzed swapped data for i = 276, j = 369 sucessfully passed !
	Initialyzed swapped data for i = 276, j = 370 sucessfully passed !
	Initialyzed swapped data for i = 276, j = 371 sucessfully passed !
	Initialyzed swapped data for i = 276, j = 372 sucessfully passed !
	Initialyzed swapped data for i = 276, j = 373 sucessfully passed !
	Initialyzed swapped data for i = 276, j = 374 sucessfully passed !
	Initialyzed swapped data for i = 276, j = 375 sucessfully passed !
	Initialyzed swapped data for i = 276, j = 376 sucessfully passed !
	Initialyzed swapped data for i = 276, j = 377 sucessfully passed !
	Initialyzed swapped data for i = 276, j = 378 sucessfully passed !
	Initialyzed swapped data for i = 276, j = 379 sucessfully passed !
	Initialyzed swapped data for i = 276, j = 380 sucessfully passed !
	Initialyzed swapped data for i = 276, j = 381 sucessfully passed !
	Initialyzed swapped data for i = 276, j = 382 sucessfully passed !
	Initialyzed swapped data for i = 276, j = 383 sucessfully passed !
	Initialyzed swapped data for i = 276, j = 384 sucessfully passed !
	Initialyzed swapped data for i = 276, j = 385 sucessfully passed !
	Initialyzed swapped data for i = 276, j = 386 sucessfully passed !
	Initialyzed swapped data for i = 276, j = 387 sucessfully passed !
	Initialyzed swapped data for i = 276, j = 388 sucessfully passed !
	Initialyzed swapped data for i = 276, j = 389 sucessfully passed !
	Initialyzed swapped data for i = 276, j = 390 sucessfully passed !
	Initialyzed swapped data for i = 276, j = 391 sucessfully passed !
	Initialyzed swapped data for i = 276, j = 392 sucessfully passed !
	Initialyzed swapped data for i = 276, j = 393 sucessfully passed !
	Initialyzed swapped data for i = 276, j = 394 sucessfully passed !
	Initialyzed swapped data for i = 276, j = 395 sucessfully passed !
	Initialyzed swapped data for i = 276, j = 396 sucessfully passed !
	Initialyzed swapped data for i = 276, j = 397 sucessfully passed !
	Initialyzed swapped data for i = 276, j = 398 sucessfully passed !
	Initialyzed swapped data for i = 276, j = 399 sucessfully passed !
	Initialyzed swapped data for i = 276, j = 400 sucessfully passed !
	Initialyzed swapped data for i = 276, j = 401 sucessfully passed !
	Initialyzed swapped data for i = 276, j = 402 sucessfully passed !
	Initialyzed swapped data for i = 276, j = 403 sucessfully passed !
	Initialyzed swapped data for i = 276, j = 404 sucessfully passed !
	Initialyzed swapped data for i = 276, j = 405 sucessfully passed !
	Initialyzed swapped data for i = 276, j = 406 sucessfully passed !
	Initialyzed swapped data for i = 276, j = 407 sucessfully passed !
	Initialyzed swapped data for i = 276, j = 408 sucessfully passed !
	Initialyzed swapped data for i = 276, j = 409 sucessfully passed !
	Initialyzed swapped data for i = 276, j = 410 sucessfully passed !
	Initialyzed swapped data for i = 276, j = 411 sucessfully passed !
	Initialyzed swapped data for i = 276, j = 412 sucessfully passed !
	Initialyzed swapped data for i = 276, j = 413 sucessfully passed !
	Initialyzed swapped data for i = 276, j = 414 sucessfully passed !
	Initialyzed swapped data for i = 276, j = 415 sucessfully passed !
	Initialyzed swapped data for i = 276, j = 416 sucessfully passed !
	Initialyzed swapped data for i = 276, j = 417 sucessfully passed !
	Initialyzed swapped data for i = 276, j = 418 sucessfully passed !
	Initialyzed swapped data for i = 276, j = 419 sucessfully passed !
	Initialyzed swapped data for i = 276, j = 420 sucessfully passed !
	Initialyzed swapped data for i = 276, j = 421 sucessfully passed !
	Initialyzed swapped data for i = 276, j = 422 sucessfully passed !
	Initialyzed swapped data for i = 276, j = 423 sucessfully passed !
	Initialyzed swapped data for i = 276, j = 424 sucessfully passed !
	Initialyzed swapped data for i = 276, j = 425 sucessfully passed !
	Initialyzed swapped data for i = 276, j = 426 sucessfully passed !
	Initialyzed swapped data for i = 276, j = 427 sucessfully passed !
	Initialyzed swapped data for i = 276, j = 428 sucessfully passed !
	Initialyzed swapped data for i = 276, j = 429 sucessfully passed !
	Initialyzed swapped data for i = 276, j = 430 sucessfully passed !
	Initialyzed swapped data for i = 276, j = 431 sucessfully passed !
	Initialyzed swapped data for i = 276, j = 432 sucessfully passed !
	Initialyzed swapped data for i = 276, j = 433 sucessfully passed !
	Initialyzed swapped data for i = 277, j = 278 sucessfully passed !
	Initialyzed swapped data for i = 277, j = 279 sucessfully passed !
	Initialyzed swapped data for i = 277, j = 280 sucessfully passed !
	Initialyzed swapped data for i = 277, j = 281 sucessfully passed !
	Initialyzed swapped data for i = 277, j = 282 sucessfully passed !
	Initialyzed swapped data for i = 277, j = 283 sucessfully passed !
	Initialyzed swapped data for i = 277, j = 284 sucessfully passed !
	Initialyzed swapped data for i = 277, j = 285 sucessfully passed !
	Initialyzed swapped data for i = 277, j = 286 sucessfully passed !
	Initialyzed swapped data for i = 277, j = 287 sucessfully passed !
	Initialyzed swapped data for i = 277, j = 288 sucessfully passed !
	Initialyzed swapped data for i = 277, j = 289 sucessfully passed !
	Initialyzed swapped data for i = 277, j = 290 sucessfully passed !
	Initialyzed swapped data for i = 277, j = 291 sucessfully passed !
	Initialyzed swapped data for i = 277, j = 292 sucessfully passed !
	Initialyzed swapped data for i = 277, j = 293 sucessfully passed !
	Initialyzed swapped data for i = 277, j = 294 sucessfully passed !
	Initialyzed swapped data for i = 277, j = 295 sucessfully passed !
	Initialyzed swapped data for i = 277, j = 296 sucessfully passed !
	Initialyzed swapped data for i = 277, j = 297 sucessfully passed !
	Initialyzed swapped data for i = 277, j = 298 sucessfully passed !
	Initialyzed swapped data for i = 277, j = 299 sucessfully passed !
	Initialyzed swapped data for i = 277, j = 300 sucessfully passed !
	Initialyzed swapped data for i = 277, j = 301 sucessfully passed !
	Initialyzed swapped data for i = 277, j = 302 sucessfully passed !
	Initialyzed swapped data for i = 277, j = 303 sucessfully passed !
	Initialyzed swapped data for i = 277, j = 304 sucessfully passed !
	Initialyzed swapped data for i = 277, j = 305 sucessfully passed !
	Initialyzed swapped data for i = 277, j = 306 sucessfully passed !
	Initialyzed swapped data for i = 277, j = 307 sucessfully passed !
	Initialyzed swapped data for i = 277, j = 308 sucessfully passed !
	Initialyzed swapped data for i = 277, j = 309 sucessfully passed !
	Initialyzed swapped data for i = 277, j = 310 sucessfully passed !
	Initialyzed swapped data for i = 277, j = 311 sucessfully passed !
	Initialyzed swapped data for i = 277, j = 312 sucessfully passed !
	Initialyzed swapped data for i = 277, j = 313 sucessfully passed !
	Initialyzed swapped data for i = 277, j = 314 sucessfully passed !
	Initialyzed swapped data for i = 277, j = 315 sucessfully passed !
	Initialyzed swapped data for i = 277, j = 316 sucessfully passed !
	Initialyzed swapped data for i = 277, j = 317 sucessfully passed !
	Initialyzed swapped data for i = 277, j = 318 sucessfully passed !
	Initialyzed swapped data for i = 277, j = 319 sucessfully passed !
	Initialyzed swapped data for i = 277, j = 320 sucessfully passed !
	Initialyzed swapped data for i = 277, j = 321 sucessfully passed !
	Initialyzed swapped data for i = 277, j = 322 sucessfully passed !
	Initialyzed swapped data for i = 277, j = 323 sucessfully passed !
	Initialyzed swapped data for i = 277, j = 324 sucessfully passed !
	Initialyzed swapped data for i = 277, j = 325 sucessfully passed !
	Initialyzed swapped data for i = 277, j = 326 sucessfully passed !
	Initialyzed swapped data for i = 277, j = 327 sucessfully passed !
	Initialyzed swapped data for i = 277, j = 328 sucessfully passed !
	Initialyzed swapped data for i = 277, j = 329 sucessfully passed !
	Initialyzed swapped data for i = 277, j = 330 sucessfully passed !
	Initialyzed swapped data for i = 277, j = 331 sucessfully passed !
	Initialyzed swapped data for i = 277, j = 332 sucessfully passed !
	Initialyzed swapped data for i = 277, j = 333 sucessfully passed !
	Initialyzed swapped data for i = 277, j = 334 sucessfully passed !
	Initialyzed swapped data for i = 277, j = 335 sucessfully passed !
	Initialyzed swapped data for i = 277, j = 336 sucessfully passed !
	Initialyzed swapped data for i = 277, j = 337 sucessfully passed !
	Initialyzed swapped data for i = 277, j = 338 sucessfully passed !
	Initialyzed swapped data for i = 277, j = 339 sucessfully passed !
	Initialyzed swapped data for i = 277, j = 340 sucessfully passed !
	Initialyzed swapped data for i = 277, j = 341 sucessfully passed !
	Initialyzed swapped data for i = 277, j = 342 sucessfully passed !
	Initialyzed swapped data for i = 277, j = 343 sucessfully passed !
	Initialyzed swapped data for i = 277, j = 344 sucessfully passed !
	Initialyzed swapped data for i = 277, j = 345 sucessfully passed !
	Initialyzed swapped data for i = 277, j = 346 sucessfully passed !
	Initialyzed swapped data for i = 277, j = 347 sucessfully passed !
	Initialyzed swapped data for i = 277, j = 348 sucessfully passed !
	Initialyzed swapped data for i = 277, j = 349 sucessfully passed !
	Initialyzed swapped data for i = 277, j = 350 sucessfully passed !
	Initialyzed swapped data for i = 277, j = 351 sucessfully passed !
	Initialyzed swapped data for i = 277, j = 352 sucessfully passed !
	Initialyzed swapped data for i = 277, j = 353 sucessfully passed !
	Initialyzed swapped data for i = 277, j = 354 sucessfully passed !
	Initialyzed swapped data for i = 277, j = 355 sucessfully passed !
	Initialyzed swapped data for i = 277, j = 356 sucessfully passed !
	Initialyzed swapped data for i = 277, j = 357 sucessfully passed !
	Initialyzed swapped data for i = 277, j = 358 sucessfully passed !
	Initialyzed swapped data for i = 277, j = 359 sucessfully passed !
	Initialyzed swapped data for i = 277, j = 360 sucessfully passed !
	Initialyzed swapped data for i = 277, j = 361 sucessfully passed !
	Initialyzed swapped data for i = 277, j = 362 sucessfully passed !
	Initialyzed swapped data for i = 277, j = 363 sucessfully passed !
	Initialyzed swapped data for i = 277, j = 364 sucessfully passed !
	Initialyzed swapped data for i = 277, j = 365 sucessfully passed !
	Initialyzed swapped data for i = 277, j = 366 sucessfully passed !
	Initialyzed swapped data for i = 277, j = 367 sucessfully passed !
	Initialyzed swapped data for i = 277, j = 368 sucessfully passed !
	Initialyzed swapped data for i = 277, j = 369 sucessfully passed !
	Initialyzed swapped data for i = 277, j = 370 sucessfully passed !
	Initialyzed swapped data for i = 277, j = 371 sucessfully passed !
	Initialyzed swapped data for i = 277, j = 372 sucessfully passed !
	Initialyzed swapped data for i = 277, j = 373 sucessfully passed !
	Initialyzed swapped data for i = 277, j = 374 sucessfully passed !
	Initialyzed swapped data for i = 277, j = 375 sucessfully passed !
	Initialyzed swapped data for i = 277, j = 376 sucessfully passed !
	Initialyzed swapped data for i = 277, j = 377 sucessfully passed !
	Initialyzed swapped data for i = 277, j = 378 sucessfully passed !
	Initialyzed swapped data for i = 277, j = 379 sucessfully passed !
	Initialyzed swapped data for i = 277, j = 380 sucessfully passed !
	Initialyzed swapped data for i = 277, j = 381 sucessfully passed !
	Initialyzed swapped data for i = 277, j = 382 sucessfully passed !
	Initialyzed swapped data for i = 277, j = 383 sucessfully passed !
	Initialyzed swapped data for i = 277, j = 384 sucessfully passed !
	Initialyzed swapped data for i = 277, j = 385 sucessfully passed !
	Initialyzed swapped data for i = 277, j = 386 sucessfully passed !
	Initialyzed swapped data for i = 277, j = 387 sucessfully passed !
	Initialyzed swapped data for i = 277, j = 388 sucessfully passed !
	Initialyzed swapped data for i = 277, j = 389 sucessfully passed !
	Initialyzed swapped data for i = 277, j = 390 sucessfully passed !
	Initialyzed swapped data for i = 277, j = 391 sucessfully passed !
	Initialyzed swapped data for i = 277, j = 392 sucessfully passed !
	Initialyzed swapped data for i = 277, j = 393 sucessfully passed !
	Initialyzed swapped data for i = 277, j = 394 sucessfully passed !
	Initialyzed swapped data for i = 277, j = 395 sucessfully passed !
	Initialyzed swapped data for i = 277, j = 396 sucessfully passed !
	Initialyzed swapped data for i = 277, j = 397 sucessfully passed !
	Initialyzed swapped data for i = 277, j = 398 sucessfully passed !
	Initialyzed swapped data for i = 277, j = 399 sucessfully passed !
	Initialyzed swapped data for i = 277, j = 400 sucessfully passed !
	Initialyzed swapped data for i = 277, j = 401 sucessfully passed !
	Initialyzed swapped data for i = 277, j = 402 sucessfully passed !
	Initialyzed swapped data for i = 277, j = 403 sucessfully passed !
	Initialyzed swapped data for i = 277, j = 404 sucessfully passed !
	Initialyzed swapped data for i = 277, j = 405 sucessfully passed !
	Initialyzed swapped data for i = 277, j = 406 sucessfully passed !
	Initialyzed swapped data for i = 277, j = 407 sucessfully passed !
	Initialyzed swapped data for i = 277, j = 408 sucessfully passed !
	Initialyzed swapped data for i = 277, j = 409 sucessfully passed !
	Initialyzed swapped data for i = 277, j = 410 sucessfully passed !
	Initialyzed swapped data for i = 277, j = 411 sucessfully passed !
	Initialyzed swapped data for i = 277, j = 412 sucessfully passed !
	Initialyzed swapped data for i = 277, j = 413 sucessfully passed !
	Initialyzed swapped data for i = 277, j = 414 sucessfully passed !
	Initialyzed swapped data for i = 277, j = 415 sucessfully passed !
	Initialyzed swapped data for i = 277, j = 416 sucessfully passed !
	Initialyzed swapped data for i = 277, j = 417 sucessfully passed !
	Initialyzed swapped data for i = 277, j = 418 sucessfully passed !
	Initialyzed swapped data for i = 277, j = 419 sucessfully passed !
	Initialyzed swapped data for i = 277, j = 420 sucessfully passed !
	Initialyzed swapped data for i = 277, j = 421 sucessfully passed !
	Initialyzed swapped data for i = 277, j = 422 sucessfully passed !
	Initialyzed swapped data for i = 277, j = 423 sucessfully passed !
	Initialyzed swapped data for i = 277, j = 424 sucessfully passed !
	Initialyzed swapped data for i = 277, j = 425 sucessfully passed !
	Initialyzed swapped data for i = 277, j = 426 sucessfully passed !
	Initialyzed swapped data for i = 277, j = 427 sucessfully passed !
	Initialyzed swapped data for i = 277, j = 428 sucessfully passed !
	Initialyzed swapped data for i = 277, j = 429 sucessfully passed !
	Initialyzed swapped data for i = 277, j = 430 sucessfully passed !
	Initialyzed swapped data for i = 277, j = 431 sucessfully passed !
	Initialyzed swapped data for i = 277, j = 432 sucessfully passed !
	Initialyzed swapped data for i = 277, j = 433 sucessfully passed !
	Initialyzed swapped data for i = 278, j = 279 sucessfully passed !
	Initialyzed swapped data for i = 278, j = 280 sucessfully passed !
	Initialyzed swapped data for i = 278, j = 281 sucessfully passed !
	Initialyzed swapped data for i = 278, j = 282 sucessfully passed !
	Initialyzed swapped data for i = 278, j = 283 sucessfully passed !
	Initialyzed swapped data for i = 278, j = 284 sucessfully passed !
	Initialyzed swapped data for i = 278, j = 285 sucessfully passed !
	Initialyzed swapped data for i = 278, j = 286 sucessfully passed !
	Initialyzed swapped data for i = 278, j = 287 sucessfully passed !
	Initialyzed swapped data for i = 278, j = 288 sucessfully passed !
	Initialyzed swapped data for i = 278, j = 289 sucessfully passed !
	Initialyzed swapped data for i = 278, j = 290 sucessfully passed !
	Initialyzed swapped data for i = 278, j = 291 sucessfully passed !
	Initialyzed swapped data for i = 278, j = 292 sucessfully passed !
	Initialyzed swapped data for i = 278, j = 293 sucessfully passed !
	Initialyzed swapped data for i = 278, j = 294 sucessfully passed !
	Initialyzed swapped data for i = 278, j = 295 sucessfully passed !
	Initialyzed swapped data for i = 278, j = 296 sucessfully passed !
	Initialyzed swapped data for i = 278, j = 297 sucessfully passed !
	Initialyzed swapped data for i = 278, j = 298 sucessfully passed !
	Initialyzed swapped data for i = 278, j = 299 sucessfully passed !
	Initialyzed swapped data for i = 278, j = 300 sucessfully passed !
	Initialyzed swapped data for i = 278, j = 301 sucessfully passed !
	Initialyzed swapped data for i = 278, j = 302 sucessfully passed !
	Initialyzed swapped data for i = 278, j = 303 sucessfully passed !
	Initialyzed swapped data for i = 278, j = 304 sucessfully passed !
	Initialyzed swapped data for i = 278, j = 305 sucessfully passed !
	Initialyzed swapped data for i = 278, j = 306 sucessfully passed !
	Initialyzed swapped data for i = 278, j = 307 sucessfully passed !
	Initialyzed swapped data for i = 278, j = 308 sucessfully passed !
	Initialyzed swapped data for i = 278, j = 309 sucessfully passed !
	Initialyzed swapped data for i = 278, j = 310 sucessfully passed !
	Initialyzed swapped data for i = 278, j = 311 sucessfully passed !
	Initialyzed swapped data for i = 278, j = 312 sucessfully passed !
	Initialyzed swapped data for i = 278, j = 313 sucessfully passed !
	Initialyzed swapped data for i = 278, j = 314 sucessfully passed !
	Initialyzed swapped data for i = 278, j = 315 sucessfully passed !
	Initialyzed swapped data for i = 278, j = 316 sucessfully passed !
	Initialyzed swapped data for i = 278, j = 317 sucessfully passed !
	Initialyzed swapped data for i = 278, j = 318 sucessfully passed !
	Initialyzed swapped data for i = 278, j = 319 sucessfully passed !
	Initialyzed swapped data for i = 278, j = 320 sucessfully passed !
	Initialyzed swapped data for i = 278, j = 321 sucessfully passed !
	Initialyzed swapped data for i = 278, j = 322 sucessfully passed !
	Initialyzed swapped data for i = 278, j = 323 sucessfully passed !
	Initialyzed swapped data for i = 278, j = 324 sucessfully passed !
	Initialyzed swapped data for i = 278, j = 325 sucessfully passed !
	Initialyzed swapped data for i = 278, j = 326 sucessfully passed !
	Initialyzed swapped data for i = 278, j = 327 sucessfully passed !
	Initialyzed swapped data for i = 278, j = 328 sucessfully passed !
	Initialyzed swapped data for i = 278, j = 329 sucessfully passed !
	Initialyzed swapped data for i = 278, j = 330 sucessfully passed !
	Initialyzed swapped data for i = 278, j = 331 sucessfully passed !
	Initialyzed swapped data for i = 278, j = 332 sucessfully passed !
	Initialyzed swapped data for i = 278, j = 333 sucessfully passed !
	Initialyzed swapped data for i = 278, j = 334 sucessfully passed !
	Initialyzed swapped data for i = 278, j = 335 sucessfully passed !
	Initialyzed swapped data for i = 278, j = 336 sucessfully passed !
	Initialyzed swapped data for i = 278, j = 337 sucessfully passed !
	Initialyzed swapped data for i = 278, j = 338 sucessfully passed !
	Initialyzed swapped data for i = 278, j = 339 sucessfully passed !
	Initialyzed swapped data for i = 278, j = 340 sucessfully passed !
	Initialyzed swapped data for i = 278, j = 341 sucessfully passed !
	Initialyzed swapped data for i = 278, j = 342 sucessfully passed !
	Initialyzed swapped data for i = 278, j = 343 sucessfully passed !
	Initialyzed swapped data for i = 278, j = 344 sucessfully passed !
	Initialyzed swapped data for i = 278, j = 345 sucessfully passed !
	Initialyzed swapped data for i = 278, j = 346 sucessfully passed !
	Initialyzed swapped data for i = 278, j = 347 sucessfully passed !
	Initialyzed swapped data for i = 278, j = 348 sucessfully passed !
	Initialyzed swapped data for i = 278, j = 349 sucessfully passed !
	Initialyzed swapped data for i = 278, j = 350 sucessfully passed !
	Initialyzed swapped data for i = 278, j = 351 sucessfully passed !
	Initialyzed swapped data for i = 278, j = 352 sucessfully passed !
	Initialyzed swapped data for i = 278, j = 353 sucessfully passed !
	Initialyzed swapped data for i = 278, j = 354 sucessfully passed !
	Initialyzed swapped data for i = 278, j = 355 sucessfully passed !
	Initialyzed swapped data for i = 278, j = 356 sucessfully passed !
	Initialyzed swapped data for i = 278, j = 357 sucessfully passed !
	Initialyzed swapped data for i = 278, j = 358 sucessfully passed !
	Initialyzed swapped data for i = 278, j = 359 sucessfully passed !
	Initialyzed swapped data for i = 278, j = 360 sucessfully passed !
	Initialyzed swapped data for i = 278, j = 361 sucessfully passed !
	Initialyzed swapped data for i = 278, j = 362 sucessfully passed !
	Initialyzed swapped data for i = 278, j = 363 sucessfully passed !
	Initialyzed swapped data for i = 278, j = 364 sucessfully passed !
	Initialyzed swapped data for i = 278, j = 365 sucessfully passed !
	Initialyzed swapped data for i = 278, j = 366 sucessfully passed !
	Initialyzed swapped data for i = 278, j = 367 sucessfully passed !
	Initialyzed swapped data for i = 278, j = 368 sucessfully passed !
	Initialyzed swapped data for i = 278, j = 369 sucessfully passed !
	Initialyzed swapped data for i = 278, j = 370 sucessfully passed !
	Initialyzed swapped data for i = 278, j = 371 sucessfully passed !
	Initialyzed swapped data for i = 278, j = 372 sucessfully passed !
	Initialyzed swapped data for i = 278, j = 373 sucessfully passed !
	Initialyzed swapped data for i = 278, j = 374 sucessfully passed !
	Initialyzed swapped data for i = 278, j = 375 sucessfully passed !
	Initialyzed swapped data for i = 278, j = 376 sucessfully passed !
	Initialyzed swapped data for i = 278, j = 377 sucessfully passed !
	Initialyzed swapped data for i = 278, j = 378 sucessfully passed !
	Initialyzed swapped data for i = 278, j = 379 sucessfully passed !
	Initialyzed swapped data for i = 278, j = 380 sucessfully passed !
	Initialyzed swapped data for i = 278, j = 381 sucessfully passed !
	Initialyzed swapped data for i = 278, j = 382 sucessfully passed !
	Initialyzed swapped data for i = 278, j = 383 sucessfully passed !
	Initialyzed swapped data for i = 278, j = 384 sucessfully passed !
	Initialyzed swapped data for i = 278, j = 385 sucessfully passed !
	Initialyzed swapped data for i = 278, j = 386 sucessfully passed !
	Initialyzed swapped data for i = 278, j = 387 sucessfully passed !
	Initialyzed swapped data for i = 278, j = 388 sucessfully passed !
	Initialyzed swapped data for i = 278, j = 389 sucessfully passed !
	Initialyzed swapped data for i = 278, j = 390 sucessfully passed !
	Initialyzed swapped data for i = 278, j = 391 sucessfully passed !
	Initialyzed swapped data for i = 278, j = 392 sucessfully passed !
	Initialyzed swapped data for i = 278, j = 393 sucessfully passed !
	Initialyzed swapped data for i = 278, j = 394 sucessfully passed !
	Initialyzed swapped data for i = 278, j = 395 sucessfully passed !
	Initialyzed swapped data for i = 278, j = 396 sucessfully passed !
	Initialyzed swapped data for i = 278, j = 397 sucessfully passed !
	Initialyzed swapped data for i = 278, j = 398 sucessfully passed !
	Initialyzed swapped data for i = 278, j = 399 sucessfully passed !
	Initialyzed swapped data for i = 278, j = 400 sucessfully passed !
	Initialyzed swapped data for i = 278, j = 401 sucessfully passed !
	Initialyzed swapped data for i = 278, j = 402 sucessfully passed !
	Initialyzed swapped data for i = 278, j = 403 sucessfully passed !
	Initialyzed swapped data for i = 278, j = 404 sucessfully passed !
	Initialyzed swapped data for i = 278, j = 405 sucessfully passed !
	Initialyzed swapped data for i = 278, j = 406 sucessfully passed !
	Initialyzed swapped data for i = 278, j = 407 sucessfully passed !
	Initialyzed swapped data for i = 278, j = 408 sucessfully passed !
	Initialyzed swapped data for i = 278, j = 409 sucessfully passed !
	Initialyzed swapped data for i = 278, j = 410 sucessfully passed !
	Initialyzed swapped data for i = 278, j = 411 sucessfully passed !
	Initialyzed swapped data for i = 278, j = 412 sucessfully passed !
	Initialyzed swapped data for i = 278, j = 413 sucessfully passed !
	Initialyzed swapped data for i = 278, j = 414 sucessfully passed !
	Initialyzed swapped data for i = 278, j = 415 sucessfully passed !
	Initialyzed swapped data for i = 278, j = 416 sucessfully passed !
	Initialyzed swapped data for i = 278, j = 417 sucessfully passed !
	Initialyzed swapped data for i = 278, j = 418 sucessfully passed !
	Initialyzed swapped data for i = 278, j = 419 sucessfully passed !
	Initialyzed swapped data for i = 278, j = 420 sucessfully passed !
	Initialyzed swapped data for i = 278, j = 421 sucessfully passed !
	Initialyzed swapped data for i = 278, j = 422 sucessfully passed !
	Initialyzed swapped data for i = 278, j = 423 sucessfully passed !
	Initialyzed swapped data for i = 278, j = 424 sucessfully passed !
	Initialyzed swapped data for i = 278, j = 425 sucessfully passed !
	Initialyzed swapped data for i = 278, j = 426 sucessfully passed !
	Initialyzed swapped data for i = 278, j = 427 sucessfully passed !
	Initialyzed swapped data for i = 278, j = 428 sucessfully passed !
	Initialyzed swapped data for i = 278, j = 429 sucessfully passed !
	Initialyzed swapped data for i = 278, j = 430 sucessfully passed !
	Initialyzed swapped data for i = 278, j = 431 sucessfully passed !
	Initialyzed swapped data for i = 278, j = 432 sucessfully passed !
	Initialyzed swapped data for i = 278, j = 433 sucessfully passed !
	Initialyzed swapped data for i = 279, j = 280 sucessfully passed !
	Initialyzed swapped data for i = 279, j = 281 sucessfully passed !
	Initialyzed swapped data for i = 279, j = 282 sucessfully passed !
	Initialyzed swapped data for i = 279, j = 283 sucessfully passed !
	Initialyzed swapped data for i = 279, j = 284 sucessfully passed !
	Initialyzed swapped data for i = 279, j = 285 sucessfully passed !
	Initialyzed swapped data for i = 279, j = 286 sucessfully passed !
	Initialyzed swapped data for i = 279, j = 287 sucessfully passed !
	Initialyzed swapped data for i = 279, j = 288 sucessfully passed !
	Initialyzed swapped data for i = 279, j = 289 sucessfully passed !
	Initialyzed swapped data for i = 279, j = 290 sucessfully passed !
	Initialyzed swapped data for i = 279, j = 291 sucessfully passed !
	Initialyzed swapped data for i = 279, j = 292 sucessfully passed !
	Initialyzed swapped data for i = 279, j = 293 sucessfully passed !
	Initialyzed swapped data for i = 279, j = 294 sucessfully passed !
	Initialyzed swapped data for i = 279, j = 295 sucessfully passed !
	Initialyzed swapped data for i = 279, j = 296 sucessfully passed !
	Initialyzed swapped data for i = 279, j = 297 sucessfully passed !
	Initialyzed swapped data for i = 279, j = 298 sucessfully passed !
	Initialyzed swapped data for i = 279, j = 299 sucessfully passed !
	Initialyzed swapped data for i = 279, j = 300 sucessfully passed !
	Initialyzed swapped data for i = 279, j = 301 sucessfully passed !
	Initialyzed swapped data for i = 279, j = 302 sucessfully passed !
	Initialyzed swapped data for i = 279, j = 303 sucessfully passed !
	Initialyzed swapped data for i = 279, j = 304 sucessfully passed !
	Initialyzed swapped data for i = 279, j = 305 sucessfully passed !
	Initialyzed swapped data for i = 279, j = 306 sucessfully passed !
	Initialyzed swapped data for i = 279, j = 307 sucessfully passed !
	Initialyzed swapped data for i = 279, j = 308 sucessfully passed !
	Initialyzed swapped data for i = 279, j = 309 sucessfully passed !
	Initialyzed swapped data for i = 279, j = 310 sucessfully passed !
	Initialyzed swapped data for i = 279, j = 311 sucessfully passed !
	Initialyzed swapped data for i = 279, j = 312 sucessfully passed !
	Initialyzed swapped data for i = 279, j = 313 sucessfully passed !
	Initialyzed swapped data for i = 279, j = 314 sucessfully passed !
	Initialyzed swapped data for i = 279, j = 315 sucessfully passed !
	Initialyzed swapped data for i = 279, j = 316 sucessfully passed !
	Initialyzed swapped data for i = 279, j = 317 sucessfully passed !
	Initialyzed swapped data for i = 279, j = 318 sucessfully passed !
	Initialyzed swapped data for i = 279, j = 319 sucessfully passed !
	Initialyzed swapped data for i = 279, j = 320 sucessfully passed !
	Initialyzed swapped data for i = 279, j = 321 sucessfully passed !
	Initialyzed swapped data for i = 279, j = 322 sucessfully passed !
	Initialyzed swapped data for i = 279, j = 323 sucessfully passed !
	Initialyzed swapped data for i = 279, j = 324 sucessfully passed !
	Initialyzed swapped data for i = 279, j = 325 sucessfully passed !
	Initialyzed swapped data for i = 279, j = 326 sucessfully passed !
	Initialyzed swapped data for i = 279, j = 327 sucessfully passed !
	Initialyzed swapped data for i = 279, j = 328 sucessfully passed !
	Initialyzed swapped data for i = 279, j = 329 sucessfully passed !
	Initialyzed swapped data for i = 279, j = 330 sucessfully passed !
	Initialyzed swapped data for i = 279, j = 331 sucessfully passed !
	Initialyzed swapped data for i = 279, j = 332 sucessfully passed !
	Initialyzed swapped data for i = 279, j = 333 sucessfully passed !
	Initialyzed swapped data for i = 279, j = 334 sucessfully passed !
	Initialyzed swapped data for i = 279, j = 335 sucessfully passed !
	Initialyzed swapped data for i = 279, j = 336 sucessfully passed !
	Initialyzed swapped data for i = 279, j = 337 sucessfully passed !
	Initialyzed swapped data for i = 279, j = 338 sucessfully passed !
	Initialyzed swapped data for i = 279, j = 339 sucessfully passed !
	Initialyzed swapped data for i = 279, j = 340 sucessfully passed !
	Initialyzed swapped data for i = 279, j = 341 sucessfully passed !
	Initialyzed swapped data for i = 279, j = 342 sucessfully passed !
	Initialyzed swapped data for i = 279, j = 343 sucessfully passed !
	Initialyzed swapped data for i = 279, j = 344 sucessfully passed !
	Initialyzed swapped data for i = 279, j = 345 sucessfully passed !
	Initialyzed swapped data for i = 279, j = 346 sucessfully passed !
	Initialyzed swapped data for i = 279, j = 347 sucessfully passed !
	Initialyzed swapped data for i = 279, j = 348 sucessfully passed !
	Initialyzed swapped data for i = 279, j = 349 sucessfully passed !
	Initialyzed swapped data for i = 279, j = 350 sucessfully passed !
	Initialyzed swapped data for i = 279, j = 351 sucessfully passed !
	Initialyzed swapped data for i = 279, j = 352 sucessfully passed !
	Initialyzed swapped data for i = 279, j = 353 sucessfully passed !
	Initialyzed swapped data for i = 279, j = 354 sucessfully passed !
	Initialyzed swapped data for i = 279, j = 355 sucessfully passed !
	Initialyzed swapped data for i = 279, j = 356 sucessfully passed !
	Initialyzed swapped data for i = 279, j = 357 sucessfully passed !
	Initialyzed swapped data for i = 279, j = 358 sucessfully passed !
	Initialyzed swapped data for i = 279, j = 359 sucessfully passed !
	Initialyzed swapped data for i = 279, j = 360 sucessfully passed !
	Initialyzed swapped data for i = 279, j = 361 sucessfully passed !
	Initialyzed swapped data for i = 279, j = 362 sucessfully passed !
	Initialyzed swapped data for i = 279, j = 363 sucessfully passed !
	Initialyzed swapped data for i = 279, j = 364 sucessfully passed !
	Initialyzed swapped data for i = 279, j = 365 sucessfully passed !
	Initialyzed swapped data for i = 279, j = 366 sucessfully passed !
	Initialyzed swapped data for i = 279, j = 367 sucessfully passed !
	Initialyzed swapped data for i = 279, j = 368 sucessfully passed !
	Initialyzed swapped data for i = 279, j = 369 sucessfully passed !
	Initialyzed swapped data for i = 279, j = 370 sucessfully passed !
	Initialyzed swapped data for i = 279, j = 371 sucessfully passed !
	Initialyzed swapped data for i = 279, j = 372 sucessfully passed !
	Initialyzed swapped data for i = 279, j = 373 sucessfully passed !
	Initialyzed swapped data for i = 279, j = 374 sucessfully passed !
	Initialyzed swapped data for i = 279, j = 375 sucessfully passed !
	Initialyzed swapped data for i = 279, j = 376 sucessfully passed !
	Initialyzed swapped data for i = 279, j = 377 sucessfully passed !
	Initialyzed swapped data for i = 279, j = 378 sucessfully passed !
	Initialyzed swapped data for i = 279, j = 379 sucessfully passed !
	Initialyzed swapped data for i = 279, j = 380 sucessfully passed !
	Initialyzed swapped data for i = 279, j = 381 sucessfully passed !
	Initialyzed swapped data for i = 279, j = 382 sucessfully passed !
	Initialyzed swapped data for i = 279, j = 383 sucessfully passed !
	Initialyzed swapped data for i = 279, j = 384 sucessfully passed !
	Initialyzed swapped data for i = 279, j = 385 sucessfully passed !
	Initialyzed swapped data for i = 279, j = 386 sucessfully passed !
	Initialyzed swapped data for i = 279, j = 387 sucessfully passed !
	Initialyzed swapped data for i = 279, j = 388 sucessfully passed !
	Initialyzed swapped data for i = 279, j = 389 sucessfully passed !
	Initialyzed swapped data for i = 279, j = 390 sucessfully passed !
	Initialyzed swapped data for i = 279, j = 391 sucessfully passed !
	Initialyzed swapped data for i = 279, j = 392 sucessfully passed !
	Initialyzed swapped data for i = 279, j = 393 sucessfully passed !
	Initialyzed swapped data for i = 279, j = 394 sucessfully passed !
	Initialyzed swapped data for i = 279, j = 395 sucessfully passed !
	Initialyzed swapped data for i = 279, j = 396 sucessfully passed !
	Initialyzed swapped data for i = 279, j = 397 sucessfully passed !
	Initialyzed swapped data for i = 279, j = 398 sucessfully passed !
	Initialyzed swapped data for i = 279, j = 399 sucessfully passed !
	Initialyzed swapped data for i = 279, j = 400 sucessfully passed !
	Initialyzed swapped data for i = 279, j = 401 sucessfully passed !
	Initialyzed swapped data for i = 279, j = 402 sucessfully passed !
	Initialyzed swapped data for i = 279, j = 403 sucessfully passed !
	Initialyzed swapped data for i = 279, j = 404 sucessfully passed !
	Initialyzed swapped data for i = 279, j = 405 sucessfully passed !
	Initialyzed swapped data for i = 279, j = 406 sucessfully passed !
	Initialyzed swapped data for i = 279, j = 407 sucessfully passed !
	Initialyzed swapped data for i = 279, j = 408 sucessfully passed !
	Initialyzed swapped data for i = 279, j = 409 sucessfully passed !
	Initialyzed swapped data for i = 279, j = 410 sucessfully passed !
	Initialyzed swapped data for i = 279, j = 411 sucessfully passed !
	Initialyzed swapped data for i = 279, j = 412 sucessfully passed !
	Initialyzed swapped data for i = 279, j = 413 sucessfully passed !
	Initialyzed swapped data for i = 279, j = 414 sucessfully passed !
	Initialyzed swapped data for i = 279, j = 415 sucessfully passed !
	Initialyzed swapped data for i = 279, j = 416 sucessfully passed !
	Initialyzed swapped data for i = 279, j = 417 sucessfully passed !
	Initialyzed swapped data for i = 279, j = 418 sucessfully passed !
	Initialyzed swapped data for i = 279, j = 419 sucessfully passed !
	Initialyzed swapped data for i = 279, j = 420 sucessfully passed !
	Initialyzed swapped data for i = 279, j = 421 sucessfully passed !
	Initialyzed swapped data for i = 279, j = 422 sucessfully passed !
	Initialyzed swapped data for i = 279, j = 423 sucessfully passed !
	Initialyzed swapped data for i = 279, j = 424 sucessfully passed !
	Initialyzed swapped data for i = 279, j = 425 sucessfully passed !
	Initialyzed swapped data for i = 279, j = 426 sucessfully passed !
	Initialyzed swapped data for i = 279, j = 427 sucessfully passed !
	Initialyzed swapped data for i = 279, j = 428 sucessfully passed !
	Initialyzed swapped data for i = 279, j = 429 sucessfully passed !
	Initialyzed swapped data for i = 279, j = 430 sucessfully passed !
	Initialyzed swapped data for i = 279, j = 431 sucessfully passed !
	Initialyzed swapped data for i = 279, j = 432 sucessfully passed !
	Initialyzed swapped data for i = 279, j = 433 sucessfully passed !
	Initialyzed swapped data for i = 280, j = 281 sucessfully passed !
	Initialyzed swapped data for i = 280, j = 282 sucessfully passed !
	Initialyzed swapped data for i = 280, j = 283 sucessfully passed !
	Initialyzed swapped data for i = 280, j = 284 sucessfully passed !
	Initialyzed swapped data for i = 280, j = 285 sucessfully passed !
	Initialyzed swapped data for i = 280, j = 286 sucessfully passed !
	Initialyzed swapped data for i = 280, j = 287 sucessfully passed !
	Initialyzed swapped data for i = 280, j = 288 sucessfully passed !
	Initialyzed swapped data for i = 280, j = 289 sucessfully passed !
	Initialyzed swapped data for i = 280, j = 290 sucessfully passed !
	Initialyzed swapped data for i = 280, j = 291 sucessfully passed !
	Initialyzed swapped data for i = 280, j = 292 sucessfully passed !
	Initialyzed swapped data for i = 280, j = 293 sucessfully passed !
	Initialyzed swapped data for i = 280, j = 294 sucessfully passed !
	Initialyzed swapped data for i = 280, j = 295 sucessfully passed !
	Initialyzed swapped data for i = 280, j = 296 sucessfully passed !
	Initialyzed swapped data for i = 280, j = 297 sucessfully passed !
	Initialyzed swapped data for i = 280, j = 298 sucessfully passed !
	Initialyzed swapped data for i = 280, j = 299 sucessfully passed !
	Initialyzed swapped data for i = 280, j = 300 sucessfully passed !
	Initialyzed swapped data for i = 280, j = 301 sucessfully passed !
	Initialyzed swapped data for i = 280, j = 302 sucessfully passed !
	Initialyzed swapped data for i = 280, j = 303 sucessfully passed !
	Initialyzed swapped data for i = 280, j = 304 sucessfully passed !
	Initialyzed swapped data for i = 280, j = 305 sucessfully passed !
	Initialyzed swapped data for i = 280, j = 306 sucessfully passed !
	Initialyzed swapped data for i = 280, j = 307 sucessfully passed !
	Initialyzed swapped data for i = 280, j = 308 sucessfully passed !
	Initialyzed swapped data for i = 280, j = 309 sucessfully passed !
	Initialyzed swapped data for i = 280, j = 310 sucessfully passed !
	Initialyzed swapped data for i = 280, j = 311 sucessfully passed !
	Initialyzed swapped data for i = 280, j = 312 sucessfully passed !
	Initialyzed swapped data for i = 280, j = 313 sucessfully passed !
	Initialyzed swapped data for i = 280, j = 314 sucessfully passed !
	Initialyzed swapped data for i = 280, j = 315 sucessfully passed !
	Initialyzed swapped data for i = 280, j = 316 sucessfully passed !
	Initialyzed swapped data for i = 280, j = 317 sucessfully passed !
	Initialyzed swapped data for i = 280, j = 318 sucessfully passed !
	Initialyzed swapped data for i = 280, j = 319 sucessfully passed !
	Initialyzed swapped data for i = 280, j = 320 sucessfully passed !
	Initialyzed swapped data for i = 280, j = 321 sucessfully passed !
	Initialyzed swapped data for i = 280, j = 322 sucessfully passed !
	Initialyzed swapped data for i = 280, j = 323 sucessfully passed !
	Initialyzed swapped data for i = 280, j = 324 sucessfully passed !
	Initialyzed swapped data for i = 280, j = 325 sucessfully passed !
	Initialyzed swapped data for i = 280, j = 326 sucessfully passed !
	Initialyzed swapped data for i = 280, j = 327 sucessfully passed !
	Initialyzed swapped data for i = 280, j = 328 sucessfully passed !
	Initialyzed swapped data for i = 280, j = 329 sucessfully passed !
	Initialyzed swapped data for i = 280, j = 330 sucessfully passed !
	Initialyzed swapped data for i = 280, j = 331 sucessfully passed !
	Initialyzed swapped data for i = 280, j = 332 sucessfully passed !
	Initialyzed swapped data for i = 280, j = 333 sucessfully passed !
	Initialyzed swapped data for i = 280, j = 334 sucessfully passed !
	Initialyzed swapped data for i = 280, j = 335 sucessfully passed !
	Initialyzed swapped data for i = 280, j = 336 sucessfully passed !
	Initialyzed swapped data for i = 280, j = 337 sucessfully passed !
	Initialyzed swapped data for i = 280, j = 338 sucessfully passed !
	Initialyzed swapped data for i = 280, j = 339 sucessfully passed !
	Initialyzed swapped data for i = 280, j = 340 sucessfully passed !
	Initialyzed swapped data for i = 280, j = 341 sucessfully passed !
	Initialyzed swapped data for i = 280, j = 342 sucessfully passed !
	Initialyzed swapped data for i = 280, j = 343 sucessfully passed !
	Initialyzed swapped data for i = 280, j = 344 sucessfully passed !
	Initialyzed swapped data for i = 280, j = 345 sucessfully passed !
	Initialyzed swapped data for i = 280, j = 346 sucessfully passed !
	Initialyzed swapped data for i = 280, j = 347 sucessfully passed !
	Initialyzed swapped data for i = 280, j = 348 sucessfully passed !
	Initialyzed swapped data for i = 280, j = 349 sucessfully passed !
	Initialyzed swapped data for i = 280, j = 350 sucessfully passed !
	Initialyzed swapped data for i = 280, j = 351 sucessfully passed !
	Initialyzed swapped data for i = 280, j = 352 sucessfully passed !
	Initialyzed swapped data for i = 280, j = 353 sucessfully passed !
	Initialyzed swapped data for i = 280, j = 354 sucessfully passed !
	Initialyzed swapped data for i = 280, j = 355 sucessfully passed !
	Initialyzed swapped data for i = 280, j = 356 sucessfully passed !
	Initialyzed swapped data for i = 280, j = 357 sucessfully passed !
	Initialyzed swapped data for i = 280, j = 358 sucessfully passed !
	Initialyzed swapped data for i = 280, j = 359 sucessfully passed !
	Initialyzed swapped data for i = 280, j = 360 sucessfully passed !
	Initialyzed swapped data for i = 280, j = 361 sucessfully passed !
	Initialyzed swapped data for i = 280, j = 362 sucessfully passed !
	Initialyzed swapped data for i = 280, j = 363 sucessfully passed !
	Initialyzed swapped data for i = 280, j = 364 sucessfully passed !
	Initialyzed swapped data for i = 280, j = 365 sucessfully passed !
	Initialyzed swapped data for i = 280, j = 366 sucessfully passed !
	Initialyzed swapped data for i = 280, j = 367 sucessfully passed !
	Initialyzed swapped data for i = 280, j = 368 sucessfully passed !
	Initialyzed swapped data for i = 280, j = 369 sucessfully passed !
	Initialyzed swapped data for i = 280, j = 370 sucessfully passed !
	Initialyzed swapped data for i = 280, j = 371 sucessfully passed !
	Initialyzed swapped data for i = 280, j = 372 sucessfully passed !
	Initialyzed swapped data for i = 280, j = 373 sucessfully passed !
	Initialyzed swapped data for i = 280, j = 374 sucessfully passed !
	Initialyzed swapped data for i = 280, j = 375 sucessfully passed !
	Initialyzed swapped data for i = 280, j = 376 sucessfully passed !
	Initialyzed swapped data for i = 280, j = 377 sucessfully passed !
	Initialyzed swapped data for i = 280, j = 378 sucessfully passed !
	Initialyzed swapped data for i = 280, j = 379 sucessfully passed !
	Initialyzed swapped data for i = 280, j = 380 sucessfully passed !
	Initialyzed swapped data for i = 280, j = 381 sucessfully passed !
	Initialyzed swapped data for i = 280, j = 382 sucessfully passed !
	Initialyzed swapped data for i = 280, j = 383 sucessfully passed !
	Initialyzed swapped data for i = 280, j = 384 sucessfully passed !
	Initialyzed swapped data for i = 280, j = 385 sucessfully passed !
	Initialyzed swapped data for i = 280, j = 386 sucessfully passed !
	Initialyzed swapped data for i = 280, j = 387 sucessfully passed !
	Initialyzed swapped data for i = 280, j = 388 sucessfully passed !
	Initialyzed swapped data for i = 280, j = 389 sucessfully passed !
	Initialyzed swapped data for i = 280, j = 390 sucessfully passed !
	Initialyzed swapped data for i = 280, j = 391 sucessfully passed !
	Initialyzed swapped data for i = 280, j = 392 sucessfully passed !
	Initialyzed swapped data for i = 280, j = 393 sucessfully passed !
	Initialyzed swapped data for i = 280, j = 394 sucessfully passed !
	Initialyzed swapped data for i = 280, j = 395 sucessfully passed !
	Initialyzed swapped data for i = 280, j = 396 sucessfully passed !
	Initialyzed swapped data for i = 280, j = 397 sucessfully passed !
	Initialyzed swapped data for i = 280, j = 398 sucessfully passed !
	Initialyzed swapped data for i = 280, j = 399 sucessfully passed !
	Initialyzed swapped data for i = 280, j = 400 sucessfully passed !
	Initialyzed swapped data for i = 280, j = 401 sucessfully passed !
	Initialyzed swapped data for i = 280, j = 402 sucessfully passed !
	Initialyzed swapped data for i = 280, j = 403 sucessfully passed !
	Initialyzed swapped data for i = 280, j = 404 sucessfully passed !
	Initialyzed swapped data for i = 280, j = 405 sucessfully passed !
	Initialyzed swapped data for i = 280, j = 406 sucessfully passed !
	Initialyzed swapped data for i = 280, j = 407 sucessfully passed !
	Initialyzed swapped data for i = 280, j = 408 sucessfully passed !
	Initialyzed swapped data for i = 280, j = 409 sucessfully passed !
	Initialyzed swapped data for i = 280, j = 410 sucessfully passed !
	Initialyzed swapped data for i = 280, j = 411 sucessfully passed !
	Initialyzed swapped data for i = 280, j = 412 sucessfully passed !
	Initialyzed swapped data for i = 280, j = 413 sucessfully passed !
	Initialyzed swapped data for i = 280, j = 414 sucessfully passed !
	Initialyzed swapped data for i = 280, j = 415 sucessfully passed !
	Initialyzed swapped data for i = 280, j = 416 sucessfully passed !
	Initialyzed swapped data for i = 280, j = 417 sucessfully passed !
	Initialyzed swapped data for i = 280, j = 418 sucessfully passed !
	Initialyzed swapped data for i = 280, j = 419 sucessfully passed !
	Initialyzed swapped data for i = 280, j = 420 sucessfully passed !
	Initialyzed swapped data for i = 280, j = 421 sucessfully passed !
	Initialyzed swapped data for i = 280, j = 422 sucessfully passed !
	Initialyzed swapped data for i = 280, j = 423 sucessfully passed !
	Initialyzed swapped data for i = 280, j = 424 sucessfully passed !
	Initialyzed swapped data for i = 280, j = 425 sucessfully passed !
	Initialyzed swapped data for i = 280, j = 426 sucessfully passed !
	Initialyzed swapped data for i = 280, j = 427 sucessfully passed !
	Initialyzed swapped data for i = 280, j = 428 sucessfully passed !
	Initialyzed swapped data for i = 280, j = 429 sucessfully passed !
	Initialyzed swapped data for i = 280, j = 430 sucessfully passed !
	Initialyzed swapped data for i = 280, j = 431 sucessfully passed !
	Initialyzed swapped data for i = 280, j = 432 sucessfully passed !
	Initialyzed swapped data for i = 280, j = 433 sucessfully passed !
	Initialyzed swapped data for i = 281, j = 282 sucessfully passed !
	Initialyzed swapped data for i = 281, j = 283 sucessfully passed !
	Initialyzed swapped data for i = 281, j = 284 sucessfully passed !
	Initialyzed swapped data for i = 281, j = 285 sucessfully passed !
	Initialyzed swapped data for i = 281, j = 286 sucessfully passed !
	Initialyzed swapped data for i = 281, j = 287 sucessfully passed !
	Initialyzed swapped data for i = 281, j = 288 sucessfully passed !
	Initialyzed swapped data for i = 281, j = 289 sucessfully passed !
	Initialyzed swapped data for i = 281, j = 290 sucessfully passed !
	Initialyzed swapped data for i = 281, j = 291 sucessfully passed !
	Initialyzed swapped data for i = 281, j = 292 sucessfully passed !
	Initialyzed swapped data for i = 281, j = 293 sucessfully passed !
	Initialyzed swapped data for i = 281, j = 294 sucessfully passed !
	Initialyzed swapped data for i = 281, j = 295 sucessfully passed !
	Initialyzed swapped data for i = 281, j = 296 sucessfully passed !
	Initialyzed swapped data for i = 281, j = 297 sucessfully passed !
	Initialyzed swapped data for i = 281, j = 298 sucessfully passed !
	Initialyzed swapped data for i = 281, j = 299 sucessfully passed !
	Initialyzed swapped data for i = 281, j = 300 sucessfully passed !
	Initialyzed swapped data for i = 281, j = 301 sucessfully passed !
	Initialyzed swapped data for i = 281, j = 302 sucessfully passed !
	Initialyzed swapped data for i = 281, j = 303 sucessfully passed !
	Initialyzed swapped data for i = 281, j = 304 sucessfully passed !
	Initialyzed swapped data for i = 281, j = 305 sucessfully passed !
	Initialyzed swapped data for i = 281, j = 306 sucessfully passed !
	Initialyzed swapped data for i = 281, j = 307 sucessfully passed !
	Initialyzed swapped data for i = 281, j = 308 sucessfully passed !
	Initialyzed swapped data for i = 281, j = 309 sucessfully passed !
	Initialyzed swapped data for i = 281, j = 310 sucessfully passed !
	Initialyzed swapped data for i = 281, j = 311 sucessfully passed !
	Initialyzed swapped data for i = 281, j = 312 sucessfully passed !
	Initialyzed swapped data for i = 281, j = 313 sucessfully passed !
	Initialyzed swapped data for i = 281, j = 314 sucessfully passed !
	Initialyzed swapped data for i = 281, j = 315 sucessfully passed !
	Initialyzed swapped data for i = 281, j = 316 sucessfully passed !
	Initialyzed swapped data for i = 281, j = 317 sucessfully passed !
	Initialyzed swapped data for i = 281, j = 318 sucessfully passed !
	Initialyzed swapped data for i = 281, j = 319 sucessfully passed !
	Initialyzed swapped data for i = 281, j = 320 sucessfully passed !
	Initialyzed swapped data for i = 281, j = 321 sucessfully passed !
	Initialyzed swapped data for i = 281, j = 322 sucessfully passed !
	Initialyzed swapped data for i = 281, j = 323 sucessfully passed !
	Initialyzed swapped data for i = 281, j = 324 sucessfully passed !
	Initialyzed swapped data for i = 281, j = 325 sucessfully passed !
	Initialyzed swapped data for i = 281, j = 326 sucessfully passed !
	Initialyzed swapped data for i = 281, j = 327 sucessfully passed !
	Initialyzed swapped data for i = 281, j = 328 sucessfully passed !
	Initialyzed swapped data for i = 281, j = 329 sucessfully passed !
	Initialyzed swapped data for i = 281, j = 330 sucessfully passed !
	Initialyzed swapped data for i = 281, j = 331 sucessfully passed !
	Initialyzed swapped data for i = 281, j = 332 sucessfully passed !
	Initialyzed swapped data for i = 281, j = 333 sucessfully passed !
	Initialyzed swapped data for i = 281, j = 334 sucessfully passed !
	Initialyzed swapped data for i = 281, j = 335 sucessfully passed !
	Initialyzed swapped data for i = 281, j = 336 sucessfully passed !
	Initialyzed swapped data for i = 281, j = 337 sucessfully passed !
	Initialyzed swapped data for i = 281, j = 338 sucessfully passed !
	Initialyzed swapped data for i = 281, j = 339 sucessfully passed !
	Initialyzed swapped data for i = 281, j = 340 sucessfully passed !
	Initialyzed swapped data for i = 281, j = 341 sucessfully passed !
	Initialyzed swapped data for i = 281, j = 342 sucessfully passed !
	Initialyzed swapped data for i = 281, j = 343 sucessfully passed !
	Initialyzed swapped data for i = 281, j = 344 sucessfully passed !
	Initialyzed swapped data for i = 281, j = 345 sucessfully passed !
	Initialyzed swapped data for i = 281, j = 346 sucessfully passed !
	Initialyzed swapped data for i = 281, j = 347 sucessfully passed !
	Initialyzed swapped data for i = 281, j = 348 sucessfully passed !
	Initialyzed swapped data for i = 281, j = 349 sucessfully passed !
	Initialyzed swapped data for i = 281, j = 350 sucessfully passed !
	Initialyzed swapped data for i = 281, j = 351 sucessfully passed !
	Initialyzed swapped data for i = 281, j = 352 sucessfully passed !
	Initialyzed swapped data for i = 281, j = 353 sucessfully passed !
	Initialyzed swapped data for i = 281, j = 354 sucessfully passed !
	Initialyzed swapped data for i = 281, j = 355 sucessfully passed !
	Initialyzed swapped data for i = 281, j = 356 sucessfully passed !
	Initialyzed swapped data for i = 281, j = 357 sucessfully passed !
	Initialyzed swapped data for i = 281, j = 358 sucessfully passed !
	Initialyzed swapped data for i = 281, j = 359 sucessfully passed !
	Initialyzed swapped data for i = 281, j = 360 sucessfully passed !
	Initialyzed swapped data for i = 281, j = 361 sucessfully passed !
	Initialyzed swapped data for i = 281, j = 362 sucessfully passed !
	Initialyzed swapped data for i = 281, j = 363 sucessfully passed !
	Initialyzed swapped data for i = 281, j = 364 sucessfully passed !
	Initialyzed swapped data for i = 281, j = 365 sucessfully passed !
	Initialyzed swapped data for i = 281, j = 366 sucessfully passed !
	Initialyzed swapped data for i = 281, j = 367 sucessfully passed !
	Initialyzed swapped data for i = 281, j = 368 sucessfully passed !
	Initialyzed swapped data for i = 281, j = 369 sucessfully passed !
	Initialyzed swapped data for i = 281, j = 370 sucessfully passed !
	Initialyzed swapped data for i = 281, j = 371 sucessfully passed !
	Initialyzed swapped data for i = 281, j = 372 sucessfully passed !
	Initialyzed swapped data for i = 281, j = 373 sucessfully passed !
	Initialyzed swapped data for i = 281, j = 374 sucessfully passed !
	Initialyzed swapped data for i = 281, j = 375 sucessfully passed !
	Initialyzed swapped data for i = 281, j = 376 sucessfully passed !
	Initialyzed swapped data for i = 281, j = 377 sucessfully passed !
	Initialyzed swapped data for i = 281, j = 378 sucessfully passed !
	Initialyzed swapped data for i = 281, j = 379 sucessfully passed !
	Initialyzed swapped data for i = 281, j = 380 sucessfully passed !
	Initialyzed swapped data for i = 281, j = 381 sucessfully passed !
	Initialyzed swapped data for i = 281, j = 382 sucessfully passed !
	Initialyzed swapped data for i = 281, j = 383 sucessfully passed !
	Initialyzed swapped data for i = 281, j = 384 sucessfully passed !
	Initialyzed swapped data for i = 281, j = 385 sucessfully passed !
	Initialyzed swapped data for i = 281, j = 386 sucessfully passed !
	Initialyzed swapped data for i = 281, j = 387 sucessfully passed !
	Initialyzed swapped data for i = 281, j = 388 sucessfully passed !
	Initialyzed swapped data for i = 281, j = 389 sucessfully passed !
	Initialyzed swapped data for i = 281, j = 390 sucessfully passed !
	Initialyzed swapped data for i = 281, j = 391 sucessfully passed !
	Initialyzed swapped data for i = 281, j = 392 sucessfully passed !
	Initialyzed swapped data for i = 281, j = 393 sucessfully passed !
	Initialyzed swapped data for i = 281, j = 394 sucessfully passed !
	Initialyzed swapped data for i = 281, j = 395 sucessfully passed !
	Initialyzed swapped data for i = 281, j = 396 sucessfully passed !
	Initialyzed swapped data for i = 281, j = 397 sucessfully passed !
	Initialyzed swapped data for i = 281, j = 398 sucessfully passed !
	Initialyzed swapped data for i = 281, j = 399 sucessfully passed !
	Initialyzed swapped data for i = 281, j = 400 sucessfully passed !
	Initialyzed swapped data for i = 281, j = 401 sucessfully passed !
	Initialyzed swapped data for i = 281, j = 402 sucessfully passed !
	Initialyzed swapped data for i = 281, j = 403 sucessfully passed !
	Initialyzed swapped data for i = 281, j = 404 sucessfully passed !
	Initialyzed swapped data for i = 281, j = 405 sucessfully passed !
	Initialyzed swapped data for i = 281, j = 406 sucessfully passed !
	Initialyzed swapped data for i = 281, j = 407 sucessfully passed !
	Initialyzed swapped data for i = 281, j = 408 sucessfully passed !
	Initialyzed swapped data for i = 281, j = 409 sucessfully passed !
	Initialyzed swapped data for i = 281, j = 410 sucessfully passed !
	Initialyzed swapped data for i = 281, j = 411 sucessfully passed !
	Initialyzed swapped data for i = 281, j = 412 sucessfully passed !
	Initialyzed swapped data for i = 281, j = 413 sucessfully passed !
	Initialyzed swapped data for i = 281, j = 414 sucessfully passed !
	Initialyzed swapped data for i = 281, j = 415 sucessfully passed !
	Initialyzed swapped data for i = 281, j = 416 sucessfully passed !
	Initialyzed swapped data for i = 281, j = 417 sucessfully passed !
	Initialyzed swapped data for i = 281, j = 418 sucessfully passed !
	Initialyzed swapped data for i = 281, j = 419 sucessfully passed !
	Initialyzed swapped data for i = 281, j = 420 sucessfully passed !
	Initialyzed swapped data for i = 281, j = 421 sucessfully passed !
	Initialyzed swapped data for i = 281, j = 422 sucessfully passed !
	Initialyzed swapped data for i = 281, j = 423 sucessfully passed !
	Initialyzed swapped data for i = 281, j = 424 sucessfully passed !
	Initialyzed swapped data for i = 281, j = 425 sucessfully passed !
	Initialyzed swapped data for i = 281, j = 426 sucessfully passed !
	Initialyzed swapped data for i = 281, j = 427 sucessfully passed !
	Initialyzed swapped data for i = 281, j = 428 sucessfully passed !
	Initialyzed swapped data for i = 281, j = 429 sucessfully passed !
	Initialyzed swapped data for i = 281, j = 430 sucessfully passed !
	Initialyzed swapped data for i = 281, j = 431 sucessfully passed !
	Initialyzed swapped data for i = 281, j = 432 sucessfully passed !
	Initialyzed swapped data for i = 281, j = 433 sucessfully passed !
	Initialyzed swapped data for i = 282, j = 283 sucessfully passed !
	Initialyzed swapped data for i = 282, j = 284 sucessfully passed !
	Initialyzed swapped data for i = 282, j = 285 sucessfully passed !
	Initialyzed swapped data for i = 282, j = 286 sucessfully passed !
	Initialyzed swapped data for i = 282, j = 287 sucessfully passed !
	Initialyzed swapped data for i = 282, j = 288 sucessfully passed !
	Initialyzed swapped data for i = 282, j = 289 sucessfully passed !
	Initialyzed swapped data for i = 282, j = 290 sucessfully passed !
	Initialyzed swapped data for i = 282, j = 291 sucessfully passed !
	Initialyzed swapped data for i = 282, j = 292 sucessfully passed !
	Initialyzed swapped data for i = 282, j = 293 sucessfully passed !
	Initialyzed swapped data for i = 282, j = 294 sucessfully passed !
	Initialyzed swapped data for i = 282, j = 295 sucessfully passed !
	Initialyzed swapped data for i = 282, j = 296 sucessfully passed !
	Initialyzed swapped data for i = 282, j = 297 sucessfully passed !
	Initialyzed swapped data for i = 282, j = 298 sucessfully passed !
	Initialyzed swapped data for i = 282, j = 299 sucessfully passed !
	Initialyzed swapped data for i = 282, j = 300 sucessfully passed !
	Initialyzed swapped data for i = 282, j = 301 sucessfully passed !
	Initialyzed swapped data for i = 282, j = 302 sucessfully passed !
	Initialyzed swapped data for i = 282, j = 303 sucessfully passed !
	Initialyzed swapped data for i = 282, j = 304 sucessfully passed !
	Initialyzed swapped data for i = 282, j = 305 sucessfully passed !
	Initialyzed swapped data for i = 282, j = 306 sucessfully passed !
	Initialyzed swapped data for i = 282, j = 307 sucessfully passed !
	Initialyzed swapped data for i = 282, j = 308 sucessfully passed !
	Initialyzed swapped data for i = 282, j = 309 sucessfully passed !
	Initialyzed swapped data for i = 282, j = 310 sucessfully passed !
	Initialyzed swapped data for i = 282, j = 311 sucessfully passed !
	Initialyzed swapped data for i = 282, j = 312 sucessfully passed !
	Initialyzed swapped data for i = 282, j = 313 sucessfully passed !
	Initialyzed swapped data for i = 282, j = 314 sucessfully passed !
	Initialyzed swapped data for i = 282, j = 315 sucessfully passed !
	Initialyzed swapped data for i = 282, j = 316 sucessfully passed !
	Initialyzed swapped data for i = 282, j = 317 sucessfully passed !
	Initialyzed swapped data for i = 282, j = 318 sucessfully passed !
	Initialyzed swapped data for i = 282, j = 319 sucessfully passed !
	Initialyzed swapped data for i = 282, j = 320 sucessfully passed !
	Initialyzed swapped data for i = 282, j = 321 sucessfully passed !
	Initialyzed swapped data for i = 282, j = 322 sucessfully passed !
	Initialyzed swapped data for i = 282, j = 323 sucessfully passed !
	Initialyzed swapped data for i = 282, j = 324 sucessfully passed !
	Initialyzed swapped data for i = 282, j = 325 sucessfully passed !
	Initialyzed swapped data for i = 282, j = 326 sucessfully passed !
	Initialyzed swapped data for i = 282, j = 327 sucessfully passed !
	Initialyzed swapped data for i = 282, j = 328 sucessfully passed !
	Initialyzed swapped data for i = 282, j = 329 sucessfully passed !
	Initialyzed swapped data for i = 282, j = 330 sucessfully passed !
	Initialyzed swapped data for i = 282, j = 331 sucessfully passed !
	Initialyzed swapped data for i = 282, j = 332 sucessfully passed !
	Initialyzed swapped data for i = 282, j = 333 sucessfully passed !
	Initialyzed swapped data for i = 282, j = 334 sucessfully passed !
	Initialyzed swapped data for i = 282, j = 335 sucessfully passed !
	Initialyzed swapped data for i = 282, j = 336 sucessfully passed !
	Initialyzed swapped data for i = 282, j = 337 sucessfully passed !
	Initialyzed swapped data for i = 282, j = 338 sucessfully passed !
	Initialyzed swapped data for i = 282, j = 339 sucessfully passed !
	Initialyzed swapped data for i = 282, j = 340 sucessfully passed !
	Initialyzed swapped data for i = 282, j = 341 sucessfully passed !
	Initialyzed swapped data for i = 282, j = 342 sucessfully passed !
	Initialyzed swapped data for i = 282, j = 343 sucessfully passed !
	Initialyzed swapped data for i = 282, j = 344 sucessfully passed !
	Initialyzed swapped data for i = 282, j = 345 sucessfully passed !
	Initialyzed swapped data for i = 282, j = 346 sucessfully passed !
	Initialyzed swapped data for i = 282, j = 347 sucessfully passed !
	Initialyzed swapped data for i = 282, j = 348 sucessfully passed !
	Initialyzed swapped data for i = 282, j = 349 sucessfully passed !
	Initialyzed swapped data for i = 282, j = 350 sucessfully passed !
	Initialyzed swapped data for i = 282, j = 351 sucessfully passed !
	Initialyzed swapped data for i = 282, j = 352 sucessfully passed !
	Initialyzed swapped data for i = 282, j = 353 sucessfully passed !
	Initialyzed swapped data for i = 282, j = 354 sucessfully passed !
	Initialyzed swapped data for i = 282, j = 355 sucessfully passed !
	Initialyzed swapped data for i = 282, j = 356 sucessfully passed !
	Initialyzed swapped data for i = 282, j = 357 sucessfully passed !
	Initialyzed swapped data for i = 282, j = 358 sucessfully passed !
	Initialyzed swapped data for i = 282, j = 359 sucessfully passed !
	Initialyzed swapped data for i = 282, j = 360 sucessfully passed !
	Initialyzed swapped data for i = 282, j = 361 sucessfully passed !
	Initialyzed swapped data for i = 282, j = 362 sucessfully passed !
	Initialyzed swapped data for i = 282, j = 363 sucessfully passed !
	Initialyzed swapped data for i = 282, j = 364 sucessfully passed !
	Initialyzed swapped data for i = 282, j = 365 sucessfully passed !
	Initialyzed swapped data for i = 282, j = 366 sucessfully passed !
	Initialyzed swapped data for i = 282, j = 367 sucessfully passed !
	Initialyzed swapped data for i = 282, j = 368 sucessfully passed !
	Initialyzed swapped data for i = 282, j = 369 sucessfully passed !
	Initialyzed swapped data for i = 282, j = 370 sucessfully passed !
	Initialyzed swapped data for i = 282, j = 371 sucessfully passed !
	Initialyzed swapped data for i = 282, j = 372 sucessfully passed !
	Initialyzed swapped data for i = 282, j = 373 sucessfully passed !
	Initialyzed swapped data for i = 282, j = 374 sucessfully passed !
	Initialyzed swapped data for i = 282, j = 375 sucessfully passed !
	Initialyzed swapped data for i = 282, j = 376 sucessfully passed !
	Initialyzed swapped data for i = 282, j = 377 sucessfully passed !
	Initialyzed swapped data for i = 282, j = 378 sucessfully passed !
	Initialyzed swapped data for i = 282, j = 379 sucessfully passed !
	Initialyzed swapped data for i = 282, j = 380 sucessfully passed !
	Initialyzed swapped data for i = 282, j = 381 sucessfully passed !
	Initialyzed swapped data for i = 282, j = 382 sucessfully passed !
	Initialyzed swapped data for i = 282, j = 383 sucessfully passed !
	Initialyzed swapped data for i = 282, j = 384 sucessfully passed !
	Initialyzed swapped data for i = 282, j = 385 sucessfully passed !
	Initialyzed swapped data for i = 282, j = 386 sucessfully passed !
	Initialyzed swapped data for i = 282, j = 387 sucessfully passed !
	Initialyzed swapped data for i = 282, j = 388 sucessfully passed !
	Initialyzed swapped data for i = 282, j = 389 sucessfully passed !
	Initialyzed swapped data for i = 282, j = 390 sucessfully passed !
	Initialyzed swapped data for i = 282, j = 391 sucessfully passed !
	Initialyzed swapped data for i = 282, j = 392 sucessfully passed !
	Initialyzed swapped data for i = 282, j = 393 sucessfully passed !
	Initialyzed swapped data for i = 282, j = 394 sucessfully passed !
	Initialyzed swapped data for i = 282, j = 395 sucessfully passed !
	Initialyzed swapped data for i = 282, j = 396 sucessfully passed !
	Initialyzed swapped data for i = 282, j = 397 sucessfully passed !
	Initialyzed swapped data for i = 282, j = 398 sucessfully passed !
	Initialyzed swapped data for i = 282, j = 399 sucessfully passed !
	Initialyzed swapped data for i = 282, j = 400 sucessfully passed !
	Initialyzed swapped data for i = 282, j = 401 sucessfully passed !
	Initialyzed swapped data for i = 282, j = 402 sucessfully passed !
	Initialyzed swapped data for i = 282, j = 403 sucessfully passed !
	Initialyzed swapped data for i = 282, j = 404 sucessfully passed !
	Initialyzed swapped data for i = 282, j = 405 sucessfully passed !
	Initialyzed swapped data for i = 282, j = 406 sucessfully passed !
	Initialyzed swapped data for i = 282, j = 407 sucessfully passed !
	Initialyzed swapped data for i = 282, j = 408 sucessfully passed !
	Initialyzed swapped data for i = 282, j = 409 sucessfully passed !
	Initialyzed swapped data for i = 282, j = 410 sucessfully passed !
	Initialyzed swapped data for i = 282, j = 411 sucessfully passed !
	Initialyzed swapped data for i = 282, j = 412 sucessfully passed !
	Initialyzed swapped data for i = 282, j = 413 sucessfully passed !
	Initialyzed swapped data for i = 282, j = 414 sucessfully passed !
	Initialyzed swapped data for i = 282, j = 415 sucessfully passed !
	Initialyzed swapped data for i = 282, j = 416 sucessfully passed !
	Initialyzed swapped data for i = 282, j = 417 sucessfully passed !
	Initialyzed swapped data for i = 282, j = 418 sucessfully passed !
	Initialyzed swapped data for i = 282, j = 419 sucessfully passed !
	Initialyzed swapped data for i = 282, j = 420 sucessfully passed !
	Initialyzed swapped data for i = 282, j = 421 sucessfully passed !
	Initialyzed swapped data for i = 282, j = 422 sucessfully passed !
	Initialyzed swapped data for i = 282, j = 423 sucessfully passed !
	Initialyzed swapped data for i = 282, j = 424 sucessfully passed !
	Initialyzed swapped data for i = 282, j = 425 sucessfully passed !
	Initialyzed swapped data for i = 282, j = 426 sucessfully passed !
	Initialyzed swapped data for i = 282, j = 427 sucessfully passed !
	Initialyzed swapped data for i = 282, j = 428 sucessfully passed !
	Initialyzed swapped data for i = 282, j = 429 sucessfully passed !
	Initialyzed swapped data for i = 282, j = 430 sucessfully passed !
	Initialyzed swapped data for i = 282, j = 431 sucessfully passed !
	Initialyzed swapped data for i = 282, j = 432 sucessfully passed !
	Initialyzed swapped data for i = 282, j = 433 sucessfully passed !
	Initialyzed swapped data for i = 283, j = 284 sucessfully passed !
	Initialyzed swapped data for i = 283, j = 285 sucessfully passed !
	Initialyzed swapped data for i = 283, j = 286 sucessfully passed !
	Initialyzed swapped data for i = 283, j = 287 sucessfully passed !
	Initialyzed swapped data for i = 283, j = 288 sucessfully passed !
	Initialyzed swapped data for i = 283, j = 289 sucessfully passed !
	Initialyzed swapped data for i = 283, j = 290 sucessfully passed !
	Initialyzed swapped data for i = 283, j = 291 sucessfully passed !
	Initialyzed swapped data for i = 283, j = 292 sucessfully passed !
	Initialyzed swapped data for i = 283, j = 293 sucessfully passed !
	Initialyzed swapped data for i = 283, j = 294 sucessfully passed !
	Initialyzed swapped data for i = 283, j = 295 sucessfully passed !
	Initialyzed swapped data for i = 283, j = 296 sucessfully passed !
	Initialyzed swapped data for i = 283, j = 297 sucessfully passed !
	Initialyzed swapped data for i = 283, j = 298 sucessfully passed !
	Initialyzed swapped data for i = 283, j = 299 sucessfully passed !
	Initialyzed swapped data for i = 283, j = 300 sucessfully passed !
	Initialyzed swapped data for i = 283, j = 301 sucessfully passed !
	Initialyzed swapped data for i = 283, j = 302 sucessfully passed !
	Initialyzed swapped data for i = 283, j = 303 sucessfully passed !
	Initialyzed swapped data for i = 283, j = 304 sucessfully passed !
	Initialyzed swapped data for i = 283, j = 305 sucessfully passed !
	Initialyzed swapped data for i = 283, j = 306 sucessfully passed !
	Initialyzed swapped data for i = 283, j = 307 sucessfully passed !
	Initialyzed swapped data for i = 283, j = 308 sucessfully passed !
	Initialyzed swapped data for i = 283, j = 309 sucessfully passed !
	Initialyzed swapped data for i = 283, j = 310 sucessfully passed !
	Initialyzed swapped data for i = 283, j = 311 sucessfully passed !
	Initialyzed swapped data for i = 283, j = 312 sucessfully passed !
	Initialyzed swapped data for i = 283, j = 313 sucessfully passed !
	Initialyzed swapped data for i = 283, j = 314 sucessfully passed !
	Initialyzed swapped data for i = 283, j = 315 sucessfully passed !
	Initialyzed swapped data for i = 283, j = 316 sucessfully passed !
	Initialyzed swapped data for i = 283, j = 317 sucessfully passed !
	Initialyzed swapped data for i = 283, j = 318 sucessfully passed !
	Initialyzed swapped data for i = 283, j = 319 sucessfully passed !
	Initialyzed swapped data for i = 283, j = 320 sucessfully passed !
	Initialyzed swapped data for i = 283, j = 321 sucessfully passed !
	Initialyzed swapped data for i = 283, j = 322 sucessfully passed !
	Initialyzed swapped data for i = 283, j = 323 sucessfully passed !
	Initialyzed swapped data for i = 283, j = 324 sucessfully passed !
	Initialyzed swapped data for i = 283, j = 325 sucessfully passed !
	Initialyzed swapped data for i = 283, j = 326 sucessfully passed !
	Initialyzed swapped data for i = 283, j = 327 sucessfully passed !
	Initialyzed swapped data for i = 283, j = 328 sucessfully passed !
	Initialyzed swapped data for i = 283, j = 329 sucessfully passed !
	Initialyzed swapped data for i = 283, j = 330 sucessfully passed !
	Initialyzed swapped data for i = 283, j = 331 sucessfully passed !
	Initialyzed swapped data for i = 283, j = 332 sucessfully passed !
	Initialyzed swapped data for i = 283, j = 333 sucessfully passed !
	Initialyzed swapped data for i = 283, j = 334 sucessfully passed !
	Initialyzed swapped data for i = 283, j = 335 sucessfully passed !
	Initialyzed swapped data for i = 283, j = 336 sucessfully passed !
	Initialyzed swapped data for i = 283, j = 337 sucessfully passed !
	Initialyzed swapped data for i = 283, j = 338 sucessfully passed !
	Initialyzed swapped data for i = 283, j = 339 sucessfully passed !
	Initialyzed swapped data for i = 283, j = 340 sucessfully passed !
	Initialyzed swapped data for i = 283, j = 341 sucessfully passed !
	Initialyzed swapped data for i = 283, j = 342 sucessfully passed !
	Initialyzed swapped data for i = 283, j = 343 sucessfully passed !
	Initialyzed swapped data for i = 283, j = 344 sucessfully passed !
	Initialyzed swapped data for i = 283, j = 345 sucessfully passed !
	Initialyzed swapped data for i = 283, j = 346 sucessfully passed !
	Initialyzed swapped data for i = 283, j = 347 sucessfully passed !
	Initialyzed swapped data for i = 283, j = 348 sucessfully passed !
	Initialyzed swapped data for i = 283, j = 349 sucessfully passed !
	Initialyzed swapped data for i = 283, j = 350 sucessfully passed !
	Initialyzed swapped data for i = 283, j = 351 sucessfully passed !
	Initialyzed swapped data for i = 283, j = 352 sucessfully passed !
	Initialyzed swapped data for i = 283, j = 353 sucessfully passed !
	Initialyzed swapped data for i = 283, j = 354 sucessfully passed !
	Initialyzed swapped data for i = 283, j = 355 sucessfully passed !
	Initialyzed swapped data for i = 283, j = 356 sucessfully passed !
	Initialyzed swapped data for i = 283, j = 357 sucessfully passed !
	Initialyzed swapped data for i = 283, j = 358 sucessfully passed !
	Initialyzed swapped data for i = 283, j = 359 sucessfully passed !
	Initialyzed swapped data for i = 283, j = 360 sucessfully passed !
	Initialyzed swapped data for i = 283, j = 361 sucessfully passed !
	Initialyzed swapped data for i = 283, j = 362 sucessfully passed !
	Initialyzed swapped data for i = 283, j = 363 sucessfully passed !
	Initialyzed swapped data for i = 283, j = 364 sucessfully passed !
	Initialyzed swapped data for i = 283, j = 365 sucessfully passed !
	Initialyzed swapped data for i = 283, j = 366 sucessfully passed !
	Initialyzed swapped data for i = 283, j = 367 sucessfully passed !
	Initialyzed swapped data for i = 283, j = 368 sucessfully passed !
	Initialyzed swapped data for i = 283, j = 369 sucessfully passed !
	Initialyzed swapped data for i = 283, j = 370 sucessfully passed !
	Initialyzed swapped data for i = 283, j = 371 sucessfully passed !
	Initialyzed swapped data for i = 283, j = 372 sucessfully passed !
	Initialyzed swapped data for i = 283, j = 373 sucessfully passed !
	Initialyzed swapped data for i = 283, j = 374 sucessfully passed !
	Initialyzed swapped data for i = 283, j = 375 sucessfully passed !
	Initialyzed swapped data for i = 283, j = 376 sucessfully passed !
	Initialyzed swapped data for i = 283, j = 377 sucessfully passed !
	Initialyzed swapped data for i = 283, j = 378 sucessfully passed !
	Initialyzed swapped data for i = 283, j = 379 sucessfully passed !
	Initialyzed swapped data for i = 283, j = 380 sucessfully passed !
	Initialyzed swapped data for i = 283, j = 381 sucessfully passed !
	Initialyzed swapped data for i = 283, j = 382 sucessfully passed !
	Initialyzed swapped data for i = 283, j = 383 sucessfully passed !
	Initialyzed swapped data for i = 283, j = 384 sucessfully passed !
	Initialyzed swapped data for i = 283, j = 385 sucessfully passed !
	Initialyzed swapped data for i = 283, j = 386 sucessfully passed !
	Initialyzed swapped data for i = 283, j = 387 sucessfully passed !
	Initialyzed swapped data for i = 283, j = 388 sucessfully passed !
	Initialyzed swapped data for i = 283, j = 389 sucessfully passed !
	Initialyzed swapped data for i = 283, j = 390 sucessfully passed !
	Initialyzed swapped data for i = 283, j = 391 sucessfully passed !
	Initialyzed swapped data for i = 283, j = 392 sucessfully passed !
	Initialyzed swapped data for i = 283, j = 393 sucessfully passed !
	Initialyzed swapped data for i = 283, j = 394 sucessfully passed !
	Initialyzed swapped data for i = 283, j = 395 sucessfully passed !
	Initialyzed swapped data for i = 283, j = 396 sucessfully passed !
	Initialyzed swapped data for i = 283, j = 397 sucessfully passed !
	Initialyzed swapped data for i = 283, j = 398 sucessfully passed !
	Initialyzed swapped data for i = 283, j = 399 sucessfully passed !
	Initialyzed swapped data for i = 283, j = 400 sucessfully passed !
	Initialyzed swapped data for i = 283, j = 401 sucessfully passed !
	Initialyzed swapped data for i = 283, j = 402 sucessfully passed !
	Initialyzed swapped data for i = 283, j = 403 sucessfully passed !
	Initialyzed swapped data for i = 283, j = 404 sucessfully passed !
	Initialyzed swapped data for i = 283, j = 405 sucessfully passed !
	Initialyzed swapped data for i = 283, j = 406 sucessfully passed !
	Initialyzed swapped data for i = 283, j = 407 sucessfully passed !
	Initialyzed swapped data for i = 283, j = 408 sucessfully passed !
	Initialyzed swapped data for i = 283, j = 409 sucessfully passed !
	Initialyzed swapped data for i = 283, j = 410 sucessfully passed !
	Initialyzed swapped data for i = 283, j = 411 sucessfully passed !
	Initialyzed swapped data for i = 283, j = 412 sucessfully passed !
	Initialyzed swapped data for i = 283, j = 413 sucessfully passed !
	Initialyzed swapped data for i = 283, j = 414 sucessfully passed !
	Initialyzed swapped data for i = 283, j = 415 sucessfully passed !
	Initialyzed swapped data for i = 283, j = 416 sucessfully passed !
	Initialyzed swapped data for i = 283, j = 417 sucessfully passed !
	Initialyzed swapped data for i = 283, j = 418 sucessfully passed !
	Initialyzed swapped data for i = 283, j = 419 sucessfully passed !
	Initialyzed swapped data for i = 283, j = 420 sucessfully passed !
	Initialyzed swapped data for i = 283, j = 421 sucessfully passed !
	Initialyzed swapped data for i = 283, j = 422 sucessfully passed !
	Initialyzed swapped data for i = 283, j = 423 sucessfully passed !
	Initialyzed swapped data for i = 283, j = 424 sucessfully passed !
	Initialyzed swapped data for i = 283, j = 425 sucessfully passed !
	Initialyzed swapped data for i = 283, j = 426 sucessfully passed !
	Initialyzed swapped data for i = 283, j = 427 sucessfully passed !
	Initialyzed swapped data for i = 283, j = 428 sucessfully passed !
	Initialyzed swapped data for i = 283, j = 429 sucessfully passed !
	Initialyzed swapped data for i = 283, j = 430 sucessfully passed !
	Initialyzed swapped data for i = 283, j = 431 sucessfully passed !
	Initialyzed swapped data for i = 283, j = 432 sucessfully passed !
	Initialyzed swapped data for i = 283, j = 433 sucessfully passed !
	Initialyzed swapped data for i = 284, j = 285 sucessfully passed !
	Initialyzed swapped data for i = 284, j = 286 sucessfully passed !
	Initialyzed swapped data for i = 284, j = 287 sucessfully passed !
	Initialyzed swapped data for i = 284, j = 288 sucessfully passed !
	Initialyzed swapped data for i = 284, j = 289 sucessfully passed !
	Initialyzed swapped data for i = 284, j = 290 sucessfully passed !
	Initialyzed swapped data for i = 284, j = 291 sucessfully passed !
	Initialyzed swapped data for i = 284, j = 292 sucessfully passed !
	Initialyzed swapped data for i = 284, j = 293 sucessfully passed !
	Initialyzed swapped data for i = 284, j = 294 sucessfully passed !
	Initialyzed swapped data for i = 284, j = 295 sucessfully passed !
	Initialyzed swapped data for i = 284, j = 296 sucessfully passed !
	Initialyzed swapped data for i = 284, j = 297 sucessfully passed !
	Initialyzed swapped data for i = 284, j = 298 sucessfully passed !
	Initialyzed swapped data for i = 284, j = 299 sucessfully passed !
	Initialyzed swapped data for i = 284, j = 300 sucessfully passed !
	Initialyzed swapped data for i = 284, j = 301 sucessfully passed !
	Initialyzed swapped data for i = 284, j = 302 sucessfully passed !
	Initialyzed swapped data for i = 284, j = 303 sucessfully passed !
	Initialyzed swapped data for i = 284, j = 304 sucessfully passed !
	Initialyzed swapped data for i = 284, j = 305 sucessfully passed !
	Initialyzed swapped data for i = 284, j = 306 sucessfully passed !
	Initialyzed swapped data for i = 284, j = 307 sucessfully passed !
	Initialyzed swapped data for i = 284, j = 308 sucessfully passed !
	Initialyzed swapped data for i = 284, j = 309 sucessfully passed !
	Initialyzed swapped data for i = 284, j = 310 sucessfully passed !
	Initialyzed swapped data for i = 284, j = 311 sucessfully passed !
	Initialyzed swapped data for i = 284, j = 312 sucessfully passed !
	Initialyzed swapped data for i = 284, j = 313 sucessfully passed !
	Initialyzed swapped data for i = 284, j = 314 sucessfully passed !
	Initialyzed swapped data for i = 284, j = 315 sucessfully passed !
	Initialyzed swapped data for i = 284, j = 316 sucessfully passed !
	Initialyzed swapped data for i = 284, j = 317 sucessfully passed !
	Initialyzed swapped data for i = 284, j = 318 sucessfully passed !
	Initialyzed swapped data for i = 284, j = 319 sucessfully passed !
	Initialyzed swapped data for i = 284, j = 320 sucessfully passed !
	Initialyzed swapped data for i = 284, j = 321 sucessfully passed !
	Initialyzed swapped data for i = 284, j = 322 sucessfully passed !
	Initialyzed swapped data for i = 284, j = 323 sucessfully passed !
	Initialyzed swapped data for i = 284, j = 324 sucessfully passed !
	Initialyzed swapped data for i = 284, j = 325 sucessfully passed !
	Initialyzed swapped data for i = 284, j = 326 sucessfully passed !
	Initialyzed swapped data for i = 284, j = 327 sucessfully passed !
	Initialyzed swapped data for i = 284, j = 328 sucessfully passed !
	Initialyzed swapped data for i = 284, j = 329 sucessfully passed !
	Initialyzed swapped data for i = 284, j = 330 sucessfully passed !
	Initialyzed swapped data for i = 284, j = 331 sucessfully passed !
	Initialyzed swapped data for i = 284, j = 332 sucessfully passed !
	Initialyzed swapped data for i = 284, j = 333 sucessfully passed !
	Initialyzed swapped data for i = 284, j = 334 sucessfully passed !
	Initialyzed swapped data for i = 284, j = 335 sucessfully passed !
	Initialyzed swapped data for i = 284, j = 336 sucessfully passed !
	Initialyzed swapped data for i = 284, j = 337 sucessfully passed !
	Initialyzed swapped data for i = 284, j = 338 sucessfully passed !
	Initialyzed swapped data for i = 284, j = 339 sucessfully passed !
	Initialyzed swapped data for i = 284, j = 340 sucessfully passed !
	Initialyzed swapped data for i = 284, j = 341 sucessfully passed !
	Initialyzed swapped data for i = 284, j = 342 sucessfully passed !
	Initialyzed swapped data for i = 284, j = 343 sucessfully passed !
	Initialyzed swapped data for i = 284, j = 344 sucessfully passed !
	Initialyzed swapped data for i = 284, j = 345 sucessfully passed !
	Initialyzed swapped data for i = 284, j = 346 sucessfully passed !
	Initialyzed swapped data for i = 284, j = 347 sucessfully passed !
	Initialyzed swapped data for i = 284, j = 348 sucessfully passed !
	Initialyzed swapped data for i = 284, j = 349 sucessfully passed !
	Initialyzed swapped data for i = 284, j = 350 sucessfully passed !
	Initialyzed swapped data for i = 284, j = 351 sucessfully passed !
	Initialyzed swapped data for i = 284, j = 352 sucessfully passed !
	Initialyzed swapped data for i = 284, j = 353 sucessfully passed !
	Initialyzed swapped data for i = 284, j = 354 sucessfully passed !
	Initialyzed swapped data for i = 284, j = 355 sucessfully passed !
	Initialyzed swapped data for i = 284, j = 356 sucessfully passed !
	Initialyzed swapped data for i = 284, j = 357 sucessfully passed !
	Initialyzed swapped data for i = 284, j = 358 sucessfully passed !
	Initialyzed swapped data for i = 284, j = 359 sucessfully passed !
	Initialyzed swapped data for i = 284, j = 360 sucessfully passed !
	Initialyzed swapped data for i = 284, j = 361 sucessfully passed !
	Initialyzed swapped data for i = 284, j = 362 sucessfully passed !
	Initialyzed swapped data for i = 284, j = 363 sucessfully passed !
	Initialyzed swapped data for i = 284, j = 364 sucessfully passed !
	Initialyzed swapped data for i = 284, j = 365 sucessfully passed !
	Initialyzed swapped data for i = 284, j = 366 sucessfully passed !
	Initialyzed swapped data for i = 284, j = 367 sucessfully passed !
	Initialyzed swapped data for i = 284, j = 368 sucessfully passed !
	Initialyzed swapped data for i = 284, j = 369 sucessfully passed !
	Initialyzed swapped data for i = 284, j = 370 sucessfully passed !
	Initialyzed swapped data for i = 284, j = 371 sucessfully passed !
	Initialyzed swapped data for i = 284, j = 372 sucessfully passed !
	Initialyzed swapped data for i = 284, j = 373 sucessfully passed !
	Initialyzed swapped data for i = 284, j = 374 sucessfully passed !
	Initialyzed swapped data for i = 284, j = 375 sucessfully passed !
	Initialyzed swapped data for i = 284, j = 376 sucessfully passed !
	Initialyzed swapped data for i = 284, j = 377 sucessfully passed !
	Initialyzed swapped data for i = 284, j = 378 sucessfully passed !
	Initialyzed swapped data for i = 284, j = 379 sucessfully passed !
	Initialyzed swapped data for i = 284, j = 380 sucessfully passed !
	Initialyzed swapped data for i = 284, j = 381 sucessfully passed !
	Initialyzed swapped data for i = 284, j = 382 sucessfully passed !
	Initialyzed swapped data for i = 284, j = 383 sucessfully passed !
	Initialyzed swapped data for i = 284, j = 384 sucessfully passed !
	Initialyzed swapped data for i = 284, j = 385 sucessfully passed !
	Initialyzed swapped data for i = 284, j = 386 sucessfully passed !
	Initialyzed swapped data for i = 284, j = 387 sucessfully passed !
	Initialyzed swapped data for i = 284, j = 388 sucessfully passed !
	Initialyzed swapped data for i = 284, j = 389 sucessfully passed !
	Initialyzed swapped data for i = 284, j = 390 sucessfully passed !
	Initialyzed swapped data for i = 284, j = 391 sucessfully passed !
	Initialyzed swapped data for i = 284, j = 392 sucessfully passed !
	Initialyzed swapped data for i = 284, j = 393 sucessfully passed !
	Initialyzed swapped data for i = 284, j = 394 sucessfully passed !
	Initialyzed swapped data for i = 284, j = 395 sucessfully passed !
	Initialyzed swapped data for i = 284, j = 396 sucessfully passed !
	Initialyzed swapped data for i = 284, j = 397 sucessfully passed !
	Initialyzed swapped data for i = 284, j = 398 sucessfully passed !
	Initialyzed swapped data for i = 284, j = 399 sucessfully passed !
	Initialyzed swapped data for i = 284, j = 400 sucessfully passed !
	Initialyzed swapped data for i = 284, j = 401 sucessfully passed !
	Initialyzed swapped data for i = 284, j = 402 sucessfully passed !
	Initialyzed swapped data for i = 284, j = 403 sucessfully passed !
	Initialyzed swapped data for i = 284, j = 404 sucessfully passed !
	Initialyzed swapped data for i = 284, j = 405 sucessfully passed !
	Initialyzed swapped data for i = 284, j = 406 sucessfully passed !
	Initialyzed swapped data for i = 284, j = 407 sucessfully passed !
	Initialyzed swapped data for i = 284, j = 408 sucessfully passed !
	Initialyzed swapped data for i = 284, j = 409 sucessfully passed !
	Initialyzed swapped data for i = 284, j = 410 sucessfully passed !
	Initialyzed swapped data for i = 284, j = 411 sucessfully passed !
	Initialyzed swapped data for i = 284, j = 412 sucessfully passed !
	Initialyzed swapped data for i = 284, j = 413 sucessfully passed !
	Initialyzed swapped data for i = 284, j = 414 sucessfully passed !
	Initialyzed swapped data for i = 284, j = 415 sucessfully passed !
	Initialyzed swapped data for i = 284, j = 416 sucessfully passed !
	Initialyzed swapped data for i = 284, j = 417 sucessfully passed !
	Initialyzed swapped data for i = 284, j = 418 sucessfully passed !
	Initialyzed swapped data for i = 284, j = 419 sucessfully passed !
	Initialyzed swapped data for i = 284, j = 420 sucessfully passed !
	Initialyzed swapped data for i = 284, j = 421 sucessfully passed !
	Initialyzed swapped data for i = 284, j = 422 sucessfully passed !
	Initialyzed swapped data for i = 284, j = 423 sucessfully passed !
	Initialyzed swapped data for i = 284, j = 424 sucessfully passed !
	Initialyzed swapped data for i = 284, j = 425 sucessfully passed !
	Initialyzed swapped data for i = 284, j = 426 sucessfully passed !
	Initialyzed swapped data for i = 284, j = 427 sucessfully passed !
	Initialyzed swapped data for i = 284, j = 428 sucessfully passed !
	Initialyzed swapped data for i = 284, j = 429 sucessfully passed !
	Initialyzed swapped data for i = 284, j = 430 sucessfully passed !
	Initialyzed swapped data for i = 284, j = 431 sucessfully passed !
	Initialyzed swapped data for i = 284, j = 432 sucessfully passed !
	Initialyzed swapped data for i = 284, j = 433 sucessfully passed !
	Initialyzed swapped data for i = 285, j = 286 sucessfully passed !
	Initialyzed swapped data for i = 285, j = 287 sucessfully passed !
	Initialyzed swapped data for i = 285, j = 288 sucessfully passed !
	Initialyzed swapped data for i = 285, j = 289 sucessfully passed !
	Initialyzed swapped data for i = 285, j = 290 sucessfully passed !
	Initialyzed swapped data for i = 285, j = 291 sucessfully passed !
	Initialyzed swapped data for i = 285, j = 292 sucessfully passed !
	Initialyzed swapped data for i = 285, j = 293 sucessfully passed !
	Initialyzed swapped data for i = 285, j = 294 sucessfully passed !
	Initialyzed swapped data for i = 285, j = 295 sucessfully passed !
	Initialyzed swapped data for i = 285, j = 296 sucessfully passed !
	Initialyzed swapped data for i = 285, j = 297 sucessfully passed !
	Initialyzed swapped data for i = 285, j = 298 sucessfully passed !
	Initialyzed swapped data for i = 285, j = 299 sucessfully passed !
	Initialyzed swapped data for i = 285, j = 300 sucessfully passed !
	Initialyzed swapped data for i = 285, j = 301 sucessfully passed !
	Initialyzed swapped data for i = 285, j = 302 sucessfully passed !
	Initialyzed swapped data for i = 285, j = 303 sucessfully passed !
	Initialyzed swapped data for i = 285, j = 304 sucessfully passed !
	Initialyzed swapped data for i = 285, j = 305 sucessfully passed !
	Initialyzed swapped data for i = 285, j = 306 sucessfully passed !
	Initialyzed swapped data for i = 285, j = 307 sucessfully passed !
	Initialyzed swapped data for i = 285, j = 308 sucessfully passed !
	Initialyzed swapped data for i = 285, j = 309 sucessfully passed !
	Initialyzed swapped data for i = 285, j = 310 sucessfully passed !
	Initialyzed swapped data for i = 285, j = 311 sucessfully passed !
	Initialyzed swapped data for i = 285, j = 312 sucessfully passed !
	Initialyzed swapped data for i = 285, j = 313 sucessfully passed !
	Initialyzed swapped data for i = 285, j = 314 sucessfully passed !
	Initialyzed swapped data for i = 285, j = 315 sucessfully passed !
	Initialyzed swapped data for i = 285, j = 316 sucessfully passed !
	Initialyzed swapped data for i = 285, j = 317 sucessfully passed !
	Initialyzed swapped data for i = 285, j = 318 sucessfully passed !
	Initialyzed swapped data for i = 285, j = 319 sucessfully passed !
	Initialyzed swapped data for i = 285, j = 320 sucessfully passed !
	Initialyzed swapped data for i = 285, j = 321 sucessfully passed !
	Initialyzed swapped data for i = 285, j = 322 sucessfully passed !
	Initialyzed swapped data for i = 285, j = 323 sucessfully passed !
	Initialyzed swapped data for i = 285, j = 324 sucessfully passed !
	Initialyzed swapped data for i = 285, j = 325 sucessfully passed !
	Initialyzed swapped data for i = 285, j = 326 sucessfully passed !
	Initialyzed swapped data for i = 285, j = 327 sucessfully passed !
	Initialyzed swapped data for i = 285, j = 328 sucessfully passed !
	Initialyzed swapped data for i = 285, j = 329 sucessfully passed !
	Initialyzed swapped data for i = 285, j = 330 sucessfully passed !
	Initialyzed swapped data for i = 285, j = 331 sucessfully passed !
	Initialyzed swapped data for i = 285, j = 332 sucessfully passed !
	Initialyzed swapped data for i = 285, j = 333 sucessfully passed !
	Initialyzed swapped data for i = 285, j = 334 sucessfully passed !
	Initialyzed swapped data for i = 285, j = 335 sucessfully passed !
	Initialyzed swapped data for i = 285, j = 336 sucessfully passed !
	Initialyzed swapped data for i = 285, j = 337 sucessfully passed !
	Initialyzed swapped data for i = 285, j = 338 sucessfully passed !
	Initialyzed swapped data for i = 285, j = 339 sucessfully passed !
	Initialyzed swapped data for i = 285, j = 340 sucessfully passed !
	Initialyzed swapped data for i = 285, j = 341 sucessfully passed !
	Initialyzed swapped data for i = 285, j = 342 sucessfully passed !
	Initialyzed swapped data for i = 285, j = 343 sucessfully passed !
	Initialyzed swapped data for i = 285, j = 344 sucessfully passed !
	Initialyzed swapped data for i = 285, j = 345 sucessfully passed !
	Initialyzed swapped data for i = 285, j = 346 sucessfully passed !
	Initialyzed swapped data for i = 285, j = 347 sucessfully passed !
	Initialyzed swapped data for i = 285, j = 348 sucessfully passed !
	Initialyzed swapped data for i = 285, j = 349 sucessfully passed !
	Initialyzed swapped data for i = 285, j = 350 sucessfully passed !
	Initialyzed swapped data for i = 285, j = 351 sucessfully passed !
	Initialyzed swapped data for i = 285, j = 352 sucessfully passed !
	Initialyzed swapped data for i = 285, j = 353 sucessfully passed !
	Initialyzed swapped data for i = 285, j = 354 sucessfully passed !
	Initialyzed swapped data for i = 285, j = 355 sucessfully passed !
	Initialyzed swapped data for i = 285, j = 356 sucessfully passed !
	Initialyzed swapped data for i = 285, j = 357 sucessfully passed !
	Initialyzed swapped data for i = 285, j = 358 sucessfully passed !
	Initialyzed swapped data for i = 285, j = 359 sucessfully passed !
	Initialyzed swapped data for i = 285, j = 360 sucessfully passed !
	Initialyzed swapped data for i = 285, j = 361 sucessfully passed !
	Initialyzed swapped data for i = 285, j = 362 sucessfully passed !
	Initialyzed swapped data for i = 285, j = 363 sucessfully passed !
	Initialyzed swapped data for i = 285, j = 364 sucessfully passed !
	Initialyzed swapped data for i = 285, j = 365 sucessfully passed !
	Initialyzed swapped data for i = 285, j = 366 sucessfully passed !
	Initialyzed swapped data for i = 285, j = 367 sucessfully passed !
	Initialyzed swapped data for i = 285, j = 368 sucessfully passed !
	Initialyzed swapped data for i = 285, j = 369 sucessfully passed !
	Initialyzed swapped data for i = 285, j = 370 sucessfully passed !
	Initialyzed swapped data for i = 285, j = 371 sucessfully passed !
	Initialyzed swapped data for i = 285, j = 372 sucessfully passed !
	Initialyzed swapped data for i = 285, j = 373 sucessfully passed !
	Initialyzed swapped data for i = 285, j = 374 sucessfully passed !
	Initialyzed swapped data for i = 285, j = 375 sucessfully passed !
	Initialyzed swapped data for i = 285, j = 376 sucessfully passed !
	Initialyzed swapped data for i = 285, j = 377 sucessfully passed !
	Initialyzed swapped data for i = 285, j = 378 sucessfully passed !
	Initialyzed swapped data for i = 285, j = 379 sucessfully passed !
	Initialyzed swapped data for i = 285, j = 380 sucessfully passed !
	Initialyzed swapped data for i = 285, j = 381 sucessfully passed !
	Initialyzed swapped data for i = 285, j = 382 sucessfully passed !
	Initialyzed swapped data for i = 285, j = 383 sucessfully passed !
	Initialyzed swapped data for i = 285, j = 384 sucessfully passed !
	Initialyzed swapped data for i = 285, j = 385 sucessfully passed !
	Initialyzed swapped data for i = 285, j = 386 sucessfully passed !
	Initialyzed swapped data for i = 285, j = 387 sucessfully passed !
	Initialyzed swapped data for i = 285, j = 388 sucessfully passed !
	Initialyzed swapped data for i = 285, j = 389 sucessfully passed !
	Initialyzed swapped data for i = 285, j = 390 sucessfully passed !
	Initialyzed swapped data for i = 285, j = 391 sucessfully passed !
	Initialyzed swapped data for i = 285, j = 392 sucessfully passed !
	Initialyzed swapped data for i = 285, j = 393 sucessfully passed !
	Initialyzed swapped data for i = 285, j = 394 sucessfully passed !
	Initialyzed swapped data for i = 285, j = 395 sucessfully passed !
	Initialyzed swapped data for i = 285, j = 396 sucessfully passed !
	Initialyzed swapped data for i = 285, j = 397 sucessfully passed !
	Initialyzed swapped data for i = 285, j = 398 sucessfully passed !
	Initialyzed swapped data for i = 285, j = 399 sucessfully passed !
	Initialyzed swapped data for i = 285, j = 400 sucessfully passed !
	Initialyzed swapped data for i = 285, j = 401 sucessfully passed !
	Initialyzed swapped data for i = 285, j = 402 sucessfully passed !
	Initialyzed swapped data for i = 285, j = 403 sucessfully passed !
	Initialyzed swapped data for i = 285, j = 404 sucessfully passed !
	Initialyzed swapped data for i = 285, j = 405 sucessfully passed !
	Initialyzed swapped data for i = 285, j = 406 sucessfully passed !
	Initialyzed swapped data for i = 285, j = 407 sucessfully passed !
	Initialyzed swapped data for i = 285, j = 408 sucessfully passed !
	Initialyzed swapped data for i = 285, j = 409 sucessfully passed !
	Initialyzed swapped data for i = 285, j = 410 sucessfully passed !
	Initialyzed swapped data for i = 285, j = 411 sucessfully passed !
	Initialyzed swapped data for i = 285, j = 412 sucessfully passed !
	Initialyzed swapped data for i = 285, j = 413 sucessfully passed !
	Initialyzed swapped data for i = 285, j = 414 sucessfully passed !
	Initialyzed swapped data for i = 285, j = 415 sucessfully passed !
	Initialyzed swapped data for i = 285, j = 416 sucessfully passed !
	Initialyzed swapped data for i = 285, j = 417 sucessfully passed !
	Initialyzed swapped data for i = 285, j = 418 sucessfully passed !
	Initialyzed swapped data for i = 285, j = 419 sucessfully passed !
	Initialyzed swapped data for i = 285, j = 420 sucessfully passed !
	Initialyzed swapped data for i = 285, j = 421 sucessfully passed !
	Initialyzed swapped data for i = 285, j = 422 sucessfully passed !
	Initialyzed swapped data for i = 285, j = 423 sucessfully passed !
	Initialyzed swapped data for i = 285, j = 424 sucessfully passed !
	Initialyzed swapped data for i = 285, j = 425 sucessfully passed !
	Initialyzed swapped data for i = 285, j = 426 sucessfully passed !
	Initialyzed swapped data for i = 285, j = 427 sucessfully passed !
	Initialyzed swapped data for i = 285, j = 428 sucessfully passed !
	Initialyzed swapped data for i = 285, j = 429 sucessfully passed !
	Initialyzed swapped data for i = 285, j = 430 sucessfully passed !
	Initialyzed swapped data for i = 285, j = 431 sucessfully passed !
	Initialyzed swapped data for i = 285, j = 432 sucessfully passed !
	Initialyzed swapped data for i = 285, j = 433 sucessfully passed !
	Initialyzed swapped data for i = 286, j = 287 sucessfully passed !
	Initialyzed swapped data for i = 286, j = 288 sucessfully passed !
	Initialyzed swapped data for i = 286, j = 289 sucessfully passed !
	Initialyzed swapped data for i = 286, j = 290 sucessfully passed !
	Initialyzed swapped data for i = 286, j = 291 sucessfully passed !
	Initialyzed swapped data for i = 286, j = 292 sucessfully passed !
	Initialyzed swapped data for i = 286, j = 293 sucessfully passed !
	Initialyzed swapped data for i = 286, j = 294 sucessfully passed !
	Initialyzed swapped data for i = 286, j = 295 sucessfully passed !
	Initialyzed swapped data for i = 286, j = 296 sucessfully passed !
	Initialyzed swapped data for i = 286, j = 297 sucessfully passed !
	Initialyzed swapped data for i = 286, j = 298 sucessfully passed !
	Initialyzed swapped data for i = 286, j = 299 sucessfully passed !
	Initialyzed swapped data for i = 286, j = 300 sucessfully passed !
	Initialyzed swapped data for i = 286, j = 301 sucessfully passed !
	Initialyzed swapped data for i = 286, j = 302 sucessfully passed !
	Initialyzed swapped data for i = 286, j = 303 sucessfully passed !
	Initialyzed swapped data for i = 286, j = 304 sucessfully passed !
	Initialyzed swapped data for i = 286, j = 305 sucessfully passed !
	Initialyzed swapped data for i = 286, j = 306 sucessfully passed !
	Initialyzed swapped data for i = 286, j = 307 sucessfully passed !
	Initialyzed swapped data for i = 286, j = 308 sucessfully passed !
	Initialyzed swapped data for i = 286, j = 309 sucessfully passed !
	Initialyzed swapped data for i = 286, j = 310 sucessfully passed !
	Initialyzed swapped data for i = 286, j = 311 sucessfully passed !
	Initialyzed swapped data for i = 286, j = 312 sucessfully passed !
	Initialyzed swapped data for i = 286, j = 313 sucessfully passed !
	Initialyzed swapped data for i = 286, j = 314 sucessfully passed !
	Initialyzed swapped data for i = 286, j = 315 sucessfully passed !
	Initialyzed swapped data for i = 286, j = 316 sucessfully passed !
	Initialyzed swapped data for i = 286, j = 317 sucessfully passed !
	Initialyzed swapped data for i = 286, j = 318 sucessfully passed !
	Initialyzed swapped data for i = 286, j = 319 sucessfully passed !
	Initialyzed swapped data for i = 286, j = 320 sucessfully passed !
	Initialyzed swapped data for i = 286, j = 321 sucessfully passed !
	Initialyzed swapped data for i = 286, j = 322 sucessfully passed !
	Initialyzed swapped data for i = 286, j = 323 sucessfully passed !
	Initialyzed swapped data for i = 286, j = 324 sucessfully passed !
	Initialyzed swapped data for i = 286, j = 325 sucessfully passed !
	Initialyzed swapped data for i = 286, j = 326 sucessfully passed !
	Initialyzed swapped data for i = 286, j = 327 sucessfully passed !
	Initialyzed swapped data for i = 286, j = 328 sucessfully passed !
	Initialyzed swapped data for i = 286, j = 329 sucessfully passed !
	Initialyzed swapped data for i = 286, j = 330 sucessfully passed !
	Initialyzed swapped data for i = 286, j = 331 sucessfully passed !
	Initialyzed swapped data for i = 286, j = 332 sucessfully passed !
	Initialyzed swapped data for i = 286, j = 333 sucessfully passed !
	Initialyzed swapped data for i = 286, j = 334 sucessfully passed !
	Initialyzed swapped data for i = 286, j = 335 sucessfully passed !
	Initialyzed swapped data for i = 286, j = 336 sucessfully passed !
	Initialyzed swapped data for i = 286, j = 337 sucessfully passed !
	Initialyzed swapped data for i = 286, j = 338 sucessfully passed !
	Initialyzed swapped data for i = 286, j = 339 sucessfully passed !
	Initialyzed swapped data for i = 286, j = 340 sucessfully passed !
	Initialyzed swapped data for i = 286, j = 341 sucessfully passed !
	Initialyzed swapped data for i = 286, j = 342 sucessfully passed !
	Initialyzed swapped data for i = 286, j = 343 sucessfully passed !
	Initialyzed swapped data for i = 286, j = 344 sucessfully passed !
	Initialyzed swapped data for i = 286, j = 345 sucessfully passed !
	Initialyzed swapped data for i = 286, j = 346 sucessfully passed !
	Initialyzed swapped data for i = 286, j = 347 sucessfully passed !
	Initialyzed swapped data for i = 286, j = 348 sucessfully passed !
	Initialyzed swapped data for i = 286, j = 349 sucessfully passed !
	Initialyzed swapped data for i = 286, j = 350 sucessfully passed !
	Initialyzed swapped data for i = 286, j = 351 sucessfully passed !
	Initialyzed swapped data for i = 286, j = 352 sucessfully passed !
	Initialyzed swapped data for i = 286, j = 353 sucessfully passed !
	Initialyzed swapped data for i = 286, j = 354 sucessfully passed !
	Initialyzed swapped data for i = 286, j = 355 sucessfully passed !
	Initialyzed swapped data for i = 286, j = 356 sucessfully passed !
	Initialyzed swapped data for i = 286, j = 357 sucessfully passed !
	Initialyzed swapped data for i = 286, j = 358 sucessfully passed !
	Initialyzed swapped data for i = 286, j = 359 sucessfully passed !
	Initialyzed swapped data for i = 286, j = 360 sucessfully passed !
	Initialyzed swapped data for i = 286, j = 361 sucessfully passed !
	Initialyzed swapped data for i = 286, j = 362 sucessfully passed !
	Initialyzed swapped data for i = 286, j = 363 sucessfully passed !
	Initialyzed swapped data for i = 286, j = 364 sucessfully passed !
	Initialyzed swapped data for i = 286, j = 365 sucessfully passed !
	Initialyzed swapped data for i = 286, j = 366 sucessfully passed !
	Initialyzed swapped data for i = 286, j = 367 sucessfully passed !
	Initialyzed swapped data for i = 286, j = 368 sucessfully passed !
	Initialyzed swapped data for i = 286, j = 369 sucessfully passed !
	Initialyzed swapped data for i = 286, j = 370 sucessfully passed !
	Initialyzed swapped data for i = 286, j = 371 sucessfully passed !
	Initialyzed swapped data for i = 286, j = 372 sucessfully passed !
	Initialyzed swapped data for i = 286, j = 373 sucessfully passed !
	Initialyzed swapped data for i = 286, j = 374 sucessfully passed !
	Initialyzed swapped data for i = 286, j = 375 sucessfully passed !
	Initialyzed swapped data for i = 286, j = 376 sucessfully passed !
	Initialyzed swapped data for i = 286, j = 377 sucessfully passed !
	Initialyzed swapped data for i = 286, j = 378 sucessfully passed !
	Initialyzed swapped data for i = 286, j = 379 sucessfully passed !
	Initialyzed swapped data for i = 286, j = 380 sucessfully passed !
	Initialyzed swapped data for i = 286, j = 381 sucessfully passed !
	Initialyzed swapped data for i = 286, j = 382 sucessfully passed !
	Initialyzed swapped data for i = 286, j = 383 sucessfully passed !
	Initialyzed swapped data for i = 286, j = 384 sucessfully passed !
	Initialyzed swapped data for i = 286, j = 385 sucessfully passed !
	Initialyzed swapped data for i = 286, j = 386 sucessfully passed !
	Initialyzed swapped data for i = 286, j = 387 sucessfully passed !
	Initialyzed swapped data for i = 286, j = 388 sucessfully passed !
	Initialyzed swapped data for i = 286, j = 389 sucessfully passed !
	Initialyzed swapped data for i = 286, j = 390 sucessfully passed !
	Initialyzed swapped data for i = 286, j = 391 sucessfully passed !
	Initialyzed swapped data for i = 286, j = 392 sucessfully passed !
	Initialyzed swapped data for i = 286, j = 393 sucessfully passed !
	Initialyzed swapped data for i = 286, j = 394 sucessfully passed !
	Initialyzed swapped data for i = 286, j = 395 sucessfully passed !
	Initialyzed swapped data for i = 286, j = 396 sucessfully passed !
	Initialyzed swapped data for i = 286, j = 397 sucessfully passed !
	Initialyzed swapped data for i = 286, j = 398 sucessfully passed !
	Initialyzed swapped data for i = 286, j = 399 sucessfully passed !
	Initialyzed swapped data for i = 286, j = 400 sucessfully passed !
	Initialyzed swapped data for i = 286, j = 401 sucessfully passed !
	Initialyzed swapped data for i = 286, j = 402 sucessfully passed !
	Initialyzed swapped data for i = 286, j = 403 sucessfully passed !
	Initialyzed swapped data for i = 286, j = 404 sucessfully passed !
	Initialyzed swapped data for i = 286, j = 405 sucessfully passed !
	Initialyzed swapped data for i = 286, j = 406 sucessfully passed !
	Initialyzed swapped data for i = 286, j = 407 sucessfully passed !
	Initialyzed swapped data for i = 286, j = 408 sucessfully passed !
	Initialyzed swapped data for i = 286, j = 409 sucessfully passed !
	Initialyzed swapped data for i = 286, j = 410 sucessfully passed !
	Initialyzed swapped data for i = 286, j = 411 sucessfully passed !
	Initialyzed swapped data for i = 286, j = 412 sucessfully passed !
	Initialyzed swapped data for i = 286, j = 413 sucessfully passed !
	Initialyzed swapped data for i = 286, j = 414 sucessfully passed !
	Initialyzed swapped data for i = 286, j = 415 sucessfully passed !
	Initialyzed swapped data for i = 286, j = 416 sucessfully passed !
	Initialyzed swapped data for i = 286, j = 417 sucessfully passed !
	Initialyzed swapped data for i = 286, j = 418 sucessfully passed !
	Initialyzed swapped data for i = 286, j = 419 sucessfully passed !
	Initialyzed swapped data for i = 286, j = 420 sucessfully passed !
	Initialyzed swapped data for i = 286, j = 421 sucessfully passed !
	Initialyzed swapped data for i = 286, j = 422 sucessfully passed !
	Initialyzed swapped data for i = 286, j = 423 sucessfully passed !
	Initialyzed swapped data for i = 286, j = 424 sucessfully passed !
	Initialyzed swapped data for i = 286, j = 425 sucessfully passed !
	Initialyzed swapped data for i = 286, j = 426 sucessfully passed !
	Initialyzed swapped data for i = 286, j = 427 sucessfully passed !
	Initialyzed swapped data for i = 286, j = 428 sucessfully passed !
	Initialyzed swapped data for i = 286, j = 429 sucessfully passed !
	Initialyzed swapped data for i = 286, j = 430 sucessfully passed !
	Initialyzed swapped data for i = 286, j = 431 sucessfully passed !
	Initialyzed swapped data for i = 286, j = 432 sucessfully passed !
	Initialyzed swapped data for i = 286, j = 433 sucessfully passed !
	Initialyzed swapped data for i = 287, j = 288 sucessfully passed !
	Initialyzed swapped data for i = 287, j = 289 sucessfully passed !
	Initialyzed swapped data for i = 287, j = 290 sucessfully passed !
	Initialyzed swapped data for i = 287, j = 291 sucessfully passed !
	Initialyzed swapped data for i = 287, j = 292 sucessfully passed !
	Initialyzed swapped data for i = 287, j = 293 sucessfully passed !
	Initialyzed swapped data for i = 287, j = 294 sucessfully passed !
	Initialyzed swapped data for i = 287, j = 295 sucessfully passed !
	Initialyzed swapped data for i = 287, j = 296 sucessfully passed !
	Initialyzed swapped data for i = 287, j = 297 sucessfully passed !
	Initialyzed swapped data for i = 287, j = 298 sucessfully passed !
	Initialyzed swapped data for i = 287, j = 299 sucessfully passed !
	Initialyzed swapped data for i = 287, j = 300 sucessfully passed !
	Initialyzed swapped data for i = 287, j = 301 sucessfully passed !
	Initialyzed swapped data for i = 287, j = 302 sucessfully passed !
	Initialyzed swapped data for i = 287, j = 303 sucessfully passed !
	Initialyzed swapped data for i = 287, j = 304 sucessfully passed !
	Initialyzed swapped data for i = 287, j = 305 sucessfully passed !
	Initialyzed swapped data for i = 287, j = 306 sucessfully passed !
	Initialyzed swapped data for i = 287, j = 307 sucessfully passed !
	Initialyzed swapped data for i = 287, j = 308 sucessfully passed !
	Initialyzed swapped data for i = 287, j = 309 sucessfully passed !
	Initialyzed swapped data for i = 287, j = 310 sucessfully passed !
	Initialyzed swapped data for i = 287, j = 311 sucessfully passed !
	Initialyzed swapped data for i = 287, j = 312 sucessfully passed !
	Initialyzed swapped data for i = 287, j = 313 sucessfully passed !
	Initialyzed swapped data for i = 287, j = 314 sucessfully passed !
	Initialyzed swapped data for i = 287, j = 315 sucessfully passed !
	Initialyzed swapped data for i = 287, j = 316 sucessfully passed !
	Initialyzed swapped data for i = 287, j = 317 sucessfully passed !
	Initialyzed swapped data for i = 287, j = 318 sucessfully passed !
	Initialyzed swapped data for i = 287, j = 319 sucessfully passed !
	Initialyzed swapped data for i = 287, j = 320 sucessfully passed !
	Initialyzed swapped data for i = 287, j = 321 sucessfully passed !
	Initialyzed swapped data for i = 287, j = 322 sucessfully passed !
	Initialyzed swapped data for i = 287, j = 323 sucessfully passed !
	Initialyzed swapped data for i = 287, j = 324 sucessfully passed !
	Initialyzed swapped data for i = 287, j = 325 sucessfully passed !
	Initialyzed swapped data for i = 287, j = 326 sucessfully passed !
	Initialyzed swapped data for i = 287, j = 327 sucessfully passed !
	Initialyzed swapped data for i = 287, j = 328 sucessfully passed !
	Initialyzed swapped data for i = 287, j = 329 sucessfully passed !
	Initialyzed swapped data for i = 287, j = 330 sucessfully passed !
	Initialyzed swapped data for i = 287, j = 331 sucessfully passed !
	Initialyzed swapped data for i = 287, j = 332 sucessfully passed !
	Initialyzed swapped data for i = 287, j = 333 sucessfully passed !
	Initialyzed swapped data for i = 287, j = 334 sucessfully passed !
	Initialyzed swapped data for i = 287, j = 335 sucessfully passed !
	Initialyzed swapped data for i = 287, j = 336 sucessfully passed !
	Initialyzed swapped data for i = 287, j = 337 sucessfully passed !
	Initialyzed swapped data for i = 287, j = 338 sucessfully passed !
	Initialyzed swapped data for i = 287, j = 339 sucessfully passed !
	Initialyzed swapped data for i = 287, j = 340 sucessfully passed !
	Initialyzed swapped data for i = 287, j = 341 sucessfully passed !
	Initialyzed swapped data for i = 287, j = 342 sucessfully passed !
	Initialyzed swapped data for i = 287, j = 343 sucessfully passed !
	Initialyzed swapped data for i = 287, j = 344 sucessfully passed !
	Initialyzed swapped data for i = 287, j = 345 sucessfully passed !
	Initialyzed swapped data for i = 287, j = 346 sucessfully passed !
	Initialyzed swapped data for i = 287, j = 347 sucessfully passed !
	Initialyzed swapped data for i = 287, j = 348 sucessfully passed !
	Initialyzed swapped data for i = 287, j = 349 sucessfully passed !
	Initialyzed swapped data for i = 287, j = 350 sucessfully passed !
	Initialyzed swapped data for i = 287, j = 351 sucessfully passed !
	Initialyzed swapped data for i = 287, j = 352 sucessfully passed !
	Initialyzed swapped data for i = 287, j = 353 sucessfully passed !
	Initialyzed swapped data for i = 287, j = 354 sucessfully passed !
	Initialyzed swapped data for i = 287, j = 355 sucessfully passed !
	Initialyzed swapped data for i = 287, j = 356 sucessfully passed !
	Initialyzed swapped data for i = 287, j = 357 sucessfully passed !
	Initialyzed swapped data for i = 287, j = 358 sucessfully passed !
	Initialyzed swapped data for i = 287, j = 359 sucessfully passed !
	Initialyzed swapped data for i = 287, j = 360 sucessfully passed !
	Initialyzed swapped data for i = 287, j = 361 sucessfully passed !
	Initialyzed swapped data for i = 287, j = 362 sucessfully passed !
	Initialyzed swapped data for i = 287, j = 363 sucessfully passed !
	Initialyzed swapped data for i = 287, j = 364 sucessfully passed !
	Initialyzed swapped data for i = 287, j = 365 sucessfully passed !
	Initialyzed swapped data for i = 287, j = 366 sucessfully passed !
	Initialyzed swapped data for i = 287, j = 367 sucessfully passed !
	Initialyzed swapped data for i = 287, j = 368 sucessfully passed !
	Initialyzed swapped data for i = 287, j = 369 sucessfully passed !
	Initialyzed swapped data for i = 287, j = 370 sucessfully passed !
	Initialyzed swapped data for i = 287, j = 371 sucessfully passed !
	Initialyzed swapped data for i = 287, j = 372 sucessfully passed !
	Initialyzed swapped data for i = 287, j = 373 sucessfully passed !
	Initialyzed swapped data for i = 287, j = 374 sucessfully passed !
	Initialyzed swapped data for i = 287, j = 375 sucessfully passed !
	Initialyzed swapped data for i = 287, j = 376 sucessfully passed !
	Initialyzed swapped data for i = 287, j = 377 sucessfully passed !
	Initialyzed swapped data for i = 287, j = 378 sucessfully passed !
	Initialyzed swapped data for i = 287, j = 379 sucessfully passed !
	Initialyzed swapped data for i = 287, j = 380 sucessfully passed !
	Initialyzed swapped data for i = 287, j = 381 sucessfully passed !
	Initialyzed swapped data for i = 287, j = 382 sucessfully passed !
	Initialyzed swapped data for i = 287, j = 383 sucessfully passed !
	Initialyzed swapped data for i = 287, j = 384 sucessfully passed !
	Initialyzed swapped data for i = 287, j = 385 sucessfully passed !
	Initialyzed swapped data for i = 287, j = 386 sucessfully passed !
	Initialyzed swapped data for i = 287, j = 387 sucessfully passed !
	Initialyzed swapped data for i = 287, j = 388 sucessfully passed !
	Initialyzed swapped data for i = 287, j = 389 sucessfully passed !
	Initialyzed swapped data for i = 287, j = 390 sucessfully passed !
	Initialyzed swapped data for i = 287, j = 391 sucessfully passed !
	Initialyzed swapped data for i = 287, j = 392 sucessfully passed !
	Initialyzed swapped data for i = 287, j = 393 sucessfully passed !
	Initialyzed swapped data for i = 287, j = 394 sucessfully passed !
	Initialyzed swapped data for i = 287, j = 395 sucessfully passed !
	Initialyzed swapped data for i = 287, j = 396 sucessfully passed !
	Initialyzed swapped data for i = 287, j = 397 sucessfully passed !
	Initialyzed swapped data for i = 287, j = 398 sucessfully passed !
	Initialyzed swapped data for i = 287, j = 399 sucessfully passed !
	Initialyzed swapped data for i = 287, j = 400 sucessfully passed !
	Initialyzed swapped data for i = 287, j = 401 sucessfully passed !
	Initialyzed swapped data for i = 287, j = 402 sucessfully passed !
	Initialyzed swapped data for i = 287, j = 403 sucessfully passed !
	Initialyzed swapped data for i = 287, j = 404 sucessfully passed !
	Initialyzed swapped data for i = 287, j = 405 sucessfully passed !
	Initialyzed swapped data for i = 287, j = 406 sucessfully passed !
	Initialyzed swapped data for i = 287, j = 407 sucessfully passed !
	Initialyzed swapped data for i = 287, j = 408 sucessfully passed !
	Initialyzed swapped data for i = 287, j = 409 sucessfully passed !
	Initialyzed swapped data for i = 287, j = 410 sucessfully passed !
	Initialyzed swapped data for i = 287, j = 411 sucessfully passed !
	Initialyzed swapped data for i = 287, j = 412 sucessfully passed !
	Initialyzed swapped data for i = 287, j = 413 sucessfully passed !
	Initialyzed swapped data for i = 287, j = 414 sucessfully passed !
	Initialyzed swapped data for i = 287, j = 415 sucessfully passed !
	Initialyzed swapped data for i = 287, j = 416 sucessfully passed !
	Initialyzed swapped data for i = 287, j = 417 sucessfully passed !
	Initialyzed swapped data for i = 287, j = 418 sucessfully passed !
	Initialyzed swapped data for i = 287, j = 419 sucessfully passed !
	Initialyzed swapped data for i = 287, j = 420 sucessfully passed !
	Initialyzed swapped data for i = 287, j = 421 sucessfully passed !
	Initialyzed swapped data for i = 287, j = 422 sucessfully passed !
	Initialyzed swapped data for i = 287, j = 423 sucessfully passed !
	Initialyzed swapped data for i = 287, j = 424 sucessfully passed !
	Initialyzed swapped data for i = 287, j = 425 sucessfully passed !
	Initialyzed swapped data for i = 287, j = 426 sucessfully passed !
	Initialyzed swapped data for i = 287, j = 427 sucessfully passed !
	Initialyzed swapped data for i = 287, j = 428 sucessfully passed !
	Initialyzed swapped data for i = 287, j = 429 sucessfully passed !
	Initialyzed swapped data for i = 287, j = 430 sucessfully passed !
	Initialyzed swapped data for i = 287, j = 431 sucessfully passed !
	Initialyzed swapped data for i = 287, j = 432 sucessfully passed !
	Initialyzed swapped data for i = 287, j = 433 sucessfully passed !
	Initialyzed swapped data for i = 288, j = 289 sucessfully passed !
	Initialyzed swapped data for i = 288, j = 290 sucessfully passed !
	Initialyzed swapped data for i = 288, j = 291 sucessfully passed !
	Initialyzed swapped data for i = 288, j = 292 sucessfully passed !
	Initialyzed swapped data for i = 288, j = 293 sucessfully passed !
	Initialyzed swapped data for i = 288, j = 294 sucessfully passed !
	Initialyzed swapped data for i = 288, j = 295 sucessfully passed !
	Initialyzed swapped data for i = 288, j = 296 sucessfully passed !
	Initialyzed swapped data for i = 288, j = 297 sucessfully passed !
	Initialyzed swapped data for i = 288, j = 298 sucessfully passed !
	Initialyzed swapped data for i = 288, j = 299 sucessfully passed !
	Initialyzed swapped data for i = 288, j = 300 sucessfully passed !
	Initialyzed swapped data for i = 288, j = 301 sucessfully passed !
	Initialyzed swapped data for i = 288, j = 302 sucessfully passed !
	Initialyzed swapped data for i = 288, j = 303 sucessfully passed !
	Initialyzed swapped data for i = 288, j = 304 sucessfully passed !
	Initialyzed swapped data for i = 288, j = 305 sucessfully passed !
	Initialyzed swapped data for i = 288, j = 306 sucessfully passed !
	Initialyzed swapped data for i = 288, j = 307 sucessfully passed !
	Initialyzed swapped data for i = 288, j = 308 sucessfully passed !
	Initialyzed swapped data for i = 288, j = 309 sucessfully passed !
	Initialyzed swapped data for i = 288, j = 310 sucessfully passed !
	Initialyzed swapped data for i = 288, j = 311 sucessfully passed !
	Initialyzed swapped data for i = 288, j = 312 sucessfully passed !
	Initialyzed swapped data for i = 288, j = 313 sucessfully passed !
	Initialyzed swapped data for i = 288, j = 314 sucessfully passed !
	Initialyzed swapped data for i = 288, j = 315 sucessfully passed !
	Initialyzed swapped data for i = 288, j = 316 sucessfully passed !
	Initialyzed swapped data for i = 288, j = 317 sucessfully passed !
	Initialyzed swapped data for i = 288, j = 318 sucessfully passed !
	Initialyzed swapped data for i = 288, j = 319 sucessfully passed !
	Initialyzed swapped data for i = 288, j = 320 sucessfully passed !
	Initialyzed swapped data for i = 288, j = 321 sucessfully passed !
	Initialyzed swapped data for i = 288, j = 322 sucessfully passed !
	Initialyzed swapped data for i = 288, j = 323 sucessfully passed !
	Initialyzed swapped data for i = 288, j = 324 sucessfully passed !
	Initialyzed swapped data for i = 288, j = 325 sucessfully passed !
	Initialyzed swapped data for i = 288, j = 326 sucessfully passed !
	Initialyzed swapped data for i = 288, j = 327 sucessfully passed !
	Initialyzed swapped data for i = 288, j = 328 sucessfully passed !
	Initialyzed swapped data for i = 288, j = 329 sucessfully passed !
	Initialyzed swapped data for i = 288, j = 330 sucessfully passed !
	Initialyzed swapped data for i = 288, j = 331 sucessfully passed !
	Initialyzed swapped data for i = 288, j = 332 sucessfully passed !
	Initialyzed swapped data for i = 288, j = 333 sucessfully passed !
	Initialyzed swapped data for i = 288, j = 334 sucessfully passed !
	Initialyzed swapped data for i = 288, j = 335 sucessfully passed !
	Initialyzed swapped data for i = 288, j = 336 sucessfully passed !
	Initialyzed swapped data for i = 288, j = 337 sucessfully passed !
	Initialyzed swapped data for i = 288, j = 338 sucessfully passed !
	Initialyzed swapped data for i = 288, j = 339 sucessfully passed !
	Initialyzed swapped data for i = 288, j = 340 sucessfully passed !
	Initialyzed swapped data for i = 288, j = 341 sucessfully passed !
	Initialyzed swapped data for i = 288, j = 342 sucessfully passed !
	Initialyzed swapped data for i = 288, j = 343 sucessfully passed !
	Initialyzed swapped data for i = 288, j = 344 sucessfully passed !
	Initialyzed swapped data for i = 288, j = 345 sucessfully passed !
	Initialyzed swapped data for i = 288, j = 346 sucessfully passed !
	Initialyzed swapped data for i = 288, j = 347 sucessfully passed !
	Initialyzed swapped data for i = 288, j = 348 sucessfully passed !
	Initialyzed swapped data for i = 288, j = 349 sucessfully passed !
	Initialyzed swapped data for i = 288, j = 350 sucessfully passed !
	Initialyzed swapped data for i = 288, j = 351 sucessfully passed !
	Initialyzed swapped data for i = 288, j = 352 sucessfully passed !
	Initialyzed swapped data for i = 288, j = 353 sucessfully passed !
	Initialyzed swapped data for i = 288, j = 354 sucessfully passed !
	Initialyzed swapped data for i = 288, j = 355 sucessfully passed !
	Initialyzed swapped data for i = 288, j = 356 sucessfully passed !
	Initialyzed swapped data for i = 288, j = 357 sucessfully passed !
	Initialyzed swapped data for i = 288, j = 358 sucessfully passed !
	Initialyzed swapped data for i = 288, j = 359 sucessfully passed !
	Initialyzed swapped data for i = 288, j = 360 sucessfully passed !
	Initialyzed swapped data for i = 288, j = 361 sucessfully passed !
	Initialyzed swapped data for i = 288, j = 362 sucessfully passed !
	Initialyzed swapped data for i = 288, j = 363 sucessfully passed !
	Initialyzed swapped data for i = 288, j = 364 sucessfully passed !
	Initialyzed swapped data for i = 288, j = 365 sucessfully passed !
	Initialyzed swapped data for i = 288, j = 366 sucessfully passed !
	Initialyzed swapped data for i = 288, j = 367 sucessfully passed !
	Initialyzed swapped data for i = 288, j = 368 sucessfully passed !
	Initialyzed swapped data for i = 288, j = 369 sucessfully passed !
	Initialyzed swapped data for i = 288, j = 370 sucessfully passed !
	Initialyzed swapped data for i = 288, j = 371 sucessfully passed !
	Initialyzed swapped data for i = 288, j = 372 sucessfully passed !
	Initialyzed swapped data for i = 288, j = 373 sucessfully passed !
	Initialyzed swapped data for i = 288, j = 374 sucessfully passed !
	Initialyzed swapped data for i = 288, j = 375 sucessfully passed !
	Initialyzed swapped data for i = 288, j = 376 sucessfully passed !
	Initialyzed swapped data for i = 288, j = 377 sucessfully passed !
	Initialyzed swapped data for i = 288, j = 378 sucessfully passed !
	Initialyzed swapped data for i = 288, j = 379 sucessfully passed !
	Initialyzed swapped data for i = 288, j = 380 sucessfully passed !
	Initialyzed swapped data for i = 288, j = 381 sucessfully passed !
	Initialyzed swapped data for i = 288, j = 382 sucessfully passed !
	Initialyzed swapped data for i = 288, j = 383 sucessfully passed !
	Initialyzed swapped data for i = 288, j = 384 sucessfully passed !
	Initialyzed swapped data for i = 288, j = 385 sucessfully passed !
	Initialyzed swapped data for i = 288, j = 386 sucessfully passed !
	Initialyzed swapped data for i = 288, j = 387 sucessfully passed !
	Initialyzed swapped data for i = 288, j = 388 sucessfully passed !
	Initialyzed swapped data for i = 288, j = 389 sucessfully passed !
	Initialyzed swapped data for i = 288, j = 390 sucessfully passed !
	Initialyzed swapped data for i = 288, j = 391 sucessfully passed !
	Initialyzed swapped data for i = 288, j = 392 sucessfully passed !
	Initialyzed swapped data for i = 288, j = 393 sucessfully passed !
	Initialyzed swapped data for i = 288, j = 394 sucessfully passed !
	Initialyzed swapped data for i = 288, j = 395 sucessfully passed !
	Initialyzed swapped data for i = 288, j = 396 sucessfully passed !
	Initialyzed swapped data for i = 288, j = 397 sucessfully passed !
	Initialyzed swapped data for i = 288, j = 398 sucessfully passed !
	Initialyzed swapped data for i = 288, j = 399 sucessfully passed !
	Initialyzed swapped data for i = 288, j = 400 sucessfully passed !
	Initialyzed swapped data for i = 288, j = 401 sucessfully passed !
	Initialyzed swapped data for i = 288, j = 402 sucessfully passed !
	Initialyzed swapped data for i = 288, j = 403 sucessfully passed !
	Initialyzed swapped data for i = 288, j = 404 sucessfully passed !
	Initialyzed swapped data for i = 288, j = 405 sucessfully passed !
	Initialyzed swapped data for i = 288, j = 406 sucessfully passed !
	Initialyzed swapped data for i = 288, j = 407 sucessfully passed !
	Initialyzed swapped data for i = 288, j = 408 sucessfully passed !
	Initialyzed swapped data for i = 288, j = 409 sucessfully passed !
	Initialyzed swapped data for i = 288, j = 410 sucessfully passed !
	Initialyzed swapped data for i = 288, j = 411 sucessfully passed !
	Initialyzed swapped data for i = 288, j = 412 sucessfully passed !
	Initialyzed swapped data for i = 288, j = 413 sucessfully passed !
	Initialyzed swapped data for i = 288, j = 414 sucessfully passed !
	Initialyzed swapped data for i = 288, j = 415 sucessfully passed !
	Initialyzed swapped data for i = 288, j = 416 sucessfully passed !
	Initialyzed swapped data for i = 288, j = 417 sucessfully passed !
	Initialyzed swapped data for i = 288, j = 418 sucessfully passed !
	Initialyzed swapped data for i = 288, j = 419 sucessfully passed !
	Initialyzed swapped data for i = 288, j = 420 sucessfully passed !
	Initialyzed swapped data for i = 288, j = 421 sucessfully passed !
	Initialyzed swapped data for i = 288, j = 422 sucessfully passed !
	Initialyzed swapped data for i = 288, j = 423 sucessfully passed !
	Initialyzed swapped data for i = 288, j = 424 sucessfully passed !
	Initialyzed swapped data for i = 288, j = 425 sucessfully passed !
	Initialyzed swapped data for i = 288, j = 426 sucessfully passed !
	Initialyzed swapped data for i = 288, j = 427 sucessfully passed !
	Initialyzed swapped data for i = 288, j = 428 sucessfully passed !
	Initialyzed swapped data for i = 288, j = 429 sucessfully passed !
	Initialyzed swapped data for i = 288, j = 430 sucessfully passed !
	Initialyzed swapped data for i = 288, j = 431 sucessfully passed !
	Initialyzed swapped data for i = 288, j = 432 sucessfully passed !
	Initialyzed swapped data for i = 288, j = 433 sucessfully passed !
	Initialyzed swapped data for i = 289, j = 290 sucessfully passed !
	Initialyzed swapped data for i = 289, j = 291 sucessfully passed !
	Initialyzed swapped data for i = 289, j = 292 sucessfully passed !
	Initialyzed swapped data for i = 289, j = 293 sucessfully passed !
	Initialyzed swapped data for i = 289, j = 294 sucessfully passed !
	Initialyzed swapped data for i = 289, j = 295 sucessfully passed !
	Initialyzed swapped data for i = 289, j = 296 sucessfully passed !
	Initialyzed swapped data for i = 289, j = 297 sucessfully passed !
	Initialyzed swapped data for i = 289, j = 298 sucessfully passed !
	Initialyzed swapped data for i = 289, j = 299 sucessfully passed !
	Initialyzed swapped data for i = 289, j = 300 sucessfully passed !
	Initialyzed swapped data for i = 289, j = 301 sucessfully passed !
	Initialyzed swapped data for i = 289, j = 302 sucessfully passed !
	Initialyzed swapped data for i = 289, j = 303 sucessfully passed !
	Initialyzed swapped data for i = 289, j = 304 sucessfully passed !
	Initialyzed swapped data for i = 289, j = 305 sucessfully passed !
	Initialyzed swapped data for i = 289, j = 306 sucessfully passed !
	Initialyzed swapped data for i = 289, j = 307 sucessfully passed !
	Initialyzed swapped data for i = 289, j = 308 sucessfully passed !
	Initialyzed swapped data for i = 289, j = 309 sucessfully passed !
	Initialyzed swapped data for i = 289, j = 310 sucessfully passed !
	Initialyzed swapped data for i = 289, j = 311 sucessfully passed !
	Initialyzed swapped data for i = 289, j = 312 sucessfully passed !
	Initialyzed swapped data for i = 289, j = 313 sucessfully passed !
	Initialyzed swapped data for i = 289, j = 314 sucessfully passed !
	Initialyzed swapped data for i = 289, j = 315 sucessfully passed !
	Initialyzed swapped data for i = 289, j = 316 sucessfully passed !
	Initialyzed swapped data for i = 289, j = 317 sucessfully passed !
	Initialyzed swapped data for i = 289, j = 318 sucessfully passed !
	Initialyzed swapped data for i = 289, j = 319 sucessfully passed !
	Initialyzed swapped data for i = 289, j = 320 sucessfully passed !
	Initialyzed swapped data for i = 289, j = 321 sucessfully passed !
	Initialyzed swapped data for i = 289, j = 322 sucessfully passed !
	Initialyzed swapped data for i = 289, j = 323 sucessfully passed !
	Initialyzed swapped data for i = 289, j = 324 sucessfully passed !
	Initialyzed swapped data for i = 289, j = 325 sucessfully passed !
	Initialyzed swapped data for i = 289, j = 326 sucessfully passed !
	Initialyzed swapped data for i = 289, j = 327 sucessfully passed !
	Initialyzed swapped data for i = 289, j = 328 sucessfully passed !
	Initialyzed swapped data for i = 289, j = 329 sucessfully passed !
	Initialyzed swapped data for i = 289, j = 330 sucessfully passed !
	Initialyzed swapped data for i = 289, j = 331 sucessfully passed !
	Initialyzed swapped data for i = 289, j = 332 sucessfully passed !
	Initialyzed swapped data for i = 289, j = 333 sucessfully passed !
	Initialyzed swapped data for i = 289, j = 334 sucessfully passed !
	Initialyzed swapped data for i = 289, j = 335 sucessfully passed !
	Initialyzed swapped data for i = 289, j = 336 sucessfully passed !
	Initialyzed swapped data for i = 289, j = 337 sucessfully passed !
	Initialyzed swapped data for i = 289, j = 338 sucessfully passed !
	Initialyzed swapped data for i = 289, j = 339 sucessfully passed !
	Initialyzed swapped data for i = 289, j = 340 sucessfully passed !
	Initialyzed swapped data for i = 289, j = 341 sucessfully passed !
	Initialyzed swapped data for i = 289, j = 342 sucessfully passed !
	Initialyzed swapped data for i = 289, j = 343 sucessfully passed !
	Initialyzed swapped data for i = 289, j = 344 sucessfully passed !
	Initialyzed swapped data for i = 289, j = 345 sucessfully passed !
	Initialyzed swapped data for i = 289, j = 346 sucessfully passed !
	Initialyzed swapped data for i = 289, j = 347 sucessfully passed !
	Initialyzed swapped data for i = 289, j = 348 sucessfully passed !
	Initialyzed swapped data for i = 289, j = 349 sucessfully passed !
	Initialyzed swapped data for i = 289, j = 350 sucessfully passed !
	Initialyzed swapped data for i = 289, j = 351 sucessfully passed !
	Initialyzed swapped data for i = 289, j = 352 sucessfully passed !
	Initialyzed swapped data for i = 289, j = 353 sucessfully passed !
	Initialyzed swapped data for i = 289, j = 354 sucessfully passed !
	Initialyzed swapped data for i = 289, j = 355 sucessfully passed !
	Initialyzed swapped data for i = 289, j = 356 sucessfully passed !
	Initialyzed swapped data for i = 289, j = 357 sucessfully passed !
	Initialyzed swapped data for i = 289, j = 358 sucessfully passed !
	Initialyzed swapped data for i = 289, j = 359 sucessfully passed !
	Initialyzed swapped data for i = 289, j = 360 sucessfully passed !
	Initialyzed swapped data for i = 289, j = 361 sucessfully passed !
	Initialyzed swapped data for i = 289, j = 362 sucessfully passed !
	Initialyzed swapped data for i = 289, j = 363 sucessfully passed !
	Initialyzed swapped data for i = 289, j = 364 sucessfully passed !
	Initialyzed swapped data for i = 289, j = 365 sucessfully passed !
	Initialyzed swapped data for i = 289, j = 366 sucessfully passed !
	Initialyzed swapped data for i = 289, j = 367 sucessfully passed !
	Initialyzed swapped data for i = 289, j = 368 sucessfully passed !
	Initialyzed swapped data for i = 289, j = 369 sucessfully passed !
	Initialyzed swapped data for i = 289, j = 370 sucessfully passed !
	Initialyzed swapped data for i = 289, j = 371 sucessfully passed !
	Initialyzed swapped data for i = 289, j = 372 sucessfully passed !
	Initialyzed swapped data for i = 289, j = 373 sucessfully passed !
	Initialyzed swapped data for i = 289, j = 374 sucessfully passed !
	Initialyzed swapped data for i = 289, j = 375 sucessfully passed !
	Initialyzed swapped data for i = 289, j = 376 sucessfully passed !
	Initialyzed swapped data for i = 289, j = 377 sucessfully passed !
	Initialyzed swapped data for i = 289, j = 378 sucessfully passed !
	Initialyzed swapped data for i = 289, j = 379 sucessfully passed !
	Initialyzed swapped data for i = 289, j = 380 sucessfully passed !
	Initialyzed swapped data for i = 289, j = 381 sucessfully passed !
	Initialyzed swapped data for i = 289, j = 382 sucessfully passed !
	Initialyzed swapped data for i = 289, j = 383 sucessfully passed !
	Initialyzed swapped data for i = 289, j = 384 sucessfully passed !
	Initialyzed swapped data for i = 289, j = 385 sucessfully passed !
	Initialyzed swapped data for i = 289, j = 386 sucessfully passed !
	Initialyzed swapped data for i = 289, j = 387 sucessfully passed !
	Initialyzed swapped data for i = 289, j = 388 sucessfully passed !
	Initialyzed swapped data for i = 289, j = 389 sucessfully passed !
	Initialyzed swapped data for i = 289, j = 390 sucessfully passed !
	Initialyzed swapped data for i = 289, j = 391 sucessfully passed !
	Initialyzed swapped data for i = 289, j = 392 sucessfully passed !
	Initialyzed swapped data for i = 289, j = 393 sucessfully passed !
	Initialyzed swapped data for i = 289, j = 394 sucessfully passed !
	Initialyzed swapped data for i = 289, j = 395 sucessfully passed !
	Initialyzed swapped data for i = 289, j = 396 sucessfully passed !
	Initialyzed swapped data for i = 289, j = 397 sucessfully passed !
	Initialyzed swapped data for i = 289, j = 398 sucessfully passed !
	Initialyzed swapped data for i = 289, j = 399 sucessfully passed !
	Initialyzed swapped data for i = 289, j = 400 sucessfully passed !
	Initialyzed swapped data for i = 289, j = 401 sucessfully passed !
	Initialyzed swapped data for i = 289, j = 402 sucessfully passed !
	Initialyzed swapped data for i = 289, j = 403 sucessfully passed !
	Initialyzed swapped data for i = 289, j = 404 sucessfully passed !
	Initialyzed swapped data for i = 289, j = 405 sucessfully passed !
	Initialyzed swapped data for i = 289, j = 406 sucessfully passed !
	Initialyzed swapped data for i = 289, j = 407 sucessfully passed !
	Initialyzed swapped data for i = 289, j = 408 sucessfully passed !
	Initialyzed swapped data for i = 289, j = 409 sucessfully passed !
	Initialyzed swapped data for i = 289, j = 410 sucessfully passed !
	Initialyzed swapped data for i = 289, j = 411 sucessfully passed !
	Initialyzed swapped data for i = 289, j = 412 sucessfully passed !
	Initialyzed swapped data for i = 289, j = 413 sucessfully passed !
	Initialyzed swapped data for i = 289, j = 414 sucessfully passed !
	Initialyzed swapped data for i = 289, j = 415 sucessfully passed !
	Initialyzed swapped data for i = 289, j = 416 sucessfully passed !
	Initialyzed swapped data for i = 289, j = 417 sucessfully passed !
	Initialyzed swapped data for i = 289, j = 418 sucessfully passed !
	Initialyzed swapped data for i = 289, j = 419 sucessfully passed !
	Initialyzed swapped data for i = 289, j = 420 sucessfully passed !
	Initialyzed swapped data for i = 289, j = 421 sucessfully passed !
	Initialyzed swapped data for i = 289, j = 422 sucessfully passed !
	Initialyzed swapped data for i = 289, j = 423 sucessfully passed !
	Initialyzed swapped data for i = 289, j = 424 sucessfully passed !
	Initialyzed swapped data for i = 289, j = 425 sucessfully passed !
	Initialyzed swapped data for i = 289, j = 426 sucessfully passed !
	Initialyzed swapped data for i = 289, j = 427 sucessfully passed !
	Initialyzed swapped data for i = 289, j = 428 sucessfully passed !
	Initialyzed swapped data for i = 289, j = 429 sucessfully passed !
	Initialyzed swapped data for i = 289, j = 430 sucessfully passed !
	Initialyzed swapped data for i = 289, j = 431 sucessfully passed !
	Initialyzed swapped data for i = 289, j = 432 sucessfully passed !
	Initialyzed swapped data for i = 289, j = 433 sucessfully passed !
	Initialyzed swapped data for i = 290, j = 291 sucessfully passed !
	Initialyzed swapped data for i = 290, j = 292 sucessfully passed !
	Initialyzed swapped data for i = 290, j = 293 sucessfully passed !
	Initialyzed swapped data for i = 290, j = 294 sucessfully passed !
	Initialyzed swapped data for i = 290, j = 295 sucessfully passed !
	Initialyzed swapped data for i = 290, j = 296 sucessfully passed !
	Initialyzed swapped data for i = 290, j = 297 sucessfully passed !
	Initialyzed swapped data for i = 290, j = 298 sucessfully passed !
	Initialyzed swapped data for i = 290, j = 299 sucessfully passed !
	Initialyzed swapped data for i = 290, j = 300 sucessfully passed !
	Initialyzed swapped data for i = 290, j = 301 sucessfully passed !
	Initialyzed swapped data for i = 290, j = 302 sucessfully passed !
	Initialyzed swapped data for i = 290, j = 303 sucessfully passed !
	Initialyzed swapped data for i = 290, j = 304 sucessfully passed !
	Initialyzed swapped data for i = 290, j = 305 sucessfully passed !
	Initialyzed swapped data for i = 290, j = 306 sucessfully passed !
	Initialyzed swapped data for i = 290, j = 307 sucessfully passed !
	Initialyzed swapped data for i = 290, j = 308 sucessfully passed !
	Initialyzed swapped data for i = 290, j = 309 sucessfully passed !
	Initialyzed swapped data for i = 290, j = 310 sucessfully passed !
	Initialyzed swapped data for i = 290, j = 311 sucessfully passed !
	Initialyzed swapped data for i = 290, j = 312 sucessfully passed !
	Initialyzed swapped data for i = 290, j = 313 sucessfully passed !
	Initialyzed swapped data for i = 290, j = 314 sucessfully passed !
	Initialyzed swapped data for i = 290, j = 315 sucessfully passed !
	Initialyzed swapped data for i = 290, j = 316 sucessfully passed !
	Initialyzed swapped data for i = 290, j = 317 sucessfully passed !
	Initialyzed swapped data for i = 290, j = 318 sucessfully passed !
	Initialyzed swapped data for i = 290, j = 319 sucessfully passed !
	Initialyzed swapped data for i = 290, j = 320 sucessfully passed !
	Initialyzed swapped data for i = 290, j = 321 sucessfully passed !
	Initialyzed swapped data for i = 290, j = 322 sucessfully passed !
	Initialyzed swapped data for i = 290, j = 323 sucessfully passed !
	Initialyzed swapped data for i = 290, j = 324 sucessfully passed !
	Initialyzed swapped data for i = 290, j = 325 sucessfully passed !
	Initialyzed swapped data for i = 290, j = 326 sucessfully passed !
	Initialyzed swapped data for i = 290, j = 327 sucessfully passed !
	Initialyzed swapped data for i = 290, j = 328 sucessfully passed !
	Initialyzed swapped data for i = 290, j = 329 sucessfully passed !
	Initialyzed swapped data for i = 290, j = 330 sucessfully passed !
	Initialyzed swapped data for i = 290, j = 331 sucessfully passed !
	Initialyzed swapped data for i = 290, j = 332 sucessfully passed !
	Initialyzed swapped data for i = 290, j = 333 sucessfully passed !
	Initialyzed swapped data for i = 290, j = 334 sucessfully passed !
	Initialyzed swapped data for i = 290, j = 335 sucessfully passed !
	Initialyzed swapped data for i = 290, j = 336 sucessfully passed !
	Initialyzed swapped data for i = 290, j = 337 sucessfully passed !
	Initialyzed swapped data for i = 290, j = 338 sucessfully passed !
	Initialyzed swapped data for i = 290, j = 339 sucessfully passed !
	Initialyzed swapped data for i = 290, j = 340 sucessfully passed !
	Initialyzed swapped data for i = 290, j = 341 sucessfully passed !
	Initialyzed swapped data for i = 290, j = 342 sucessfully passed !
	Initialyzed swapped data for i = 290, j = 343 sucessfully passed !
	Initialyzed swapped data for i = 290, j = 344 sucessfully passed !
	Initialyzed swapped data for i = 290, j = 345 sucessfully passed !
	Initialyzed swapped data for i = 290, j = 346 sucessfully passed !
	Initialyzed swapped data for i = 290, j = 347 sucessfully passed !
	Initialyzed swapped data for i = 290, j = 348 sucessfully passed !
	Initialyzed swapped data for i = 290, j = 349 sucessfully passed !
	Initialyzed swapped data for i = 290, j = 350 sucessfully passed !
	Initialyzed swapped data for i = 290, j = 351 sucessfully passed !
	Initialyzed swapped data for i = 290, j = 352 sucessfully passed !
	Initialyzed swapped data for i = 290, j = 353 sucessfully passed !
	Initialyzed swapped data for i = 290, j = 354 sucessfully passed !
	Initialyzed swapped data for i = 290, j = 355 sucessfully passed !
	Initialyzed swapped data for i = 290, j = 356 sucessfully passed !
	Initialyzed swapped data for i = 290, j = 357 sucessfully passed !
	Initialyzed swapped data for i = 290, j = 358 sucessfully passed !
	Initialyzed swapped data for i = 290, j = 359 sucessfully passed !
	Initialyzed swapped data for i = 290, j = 360 sucessfully passed !
	Initialyzed swapped data for i = 290, j = 361 sucessfully passed !
	Initialyzed swapped data for i = 290, j = 362 sucessfully passed !
	Initialyzed swapped data for i = 290, j = 363 sucessfully passed !
	Initialyzed swapped data for i = 290, j = 364 sucessfully passed !
	Initialyzed swapped data for i = 290, j = 365 sucessfully passed !
	Initialyzed swapped data for i = 290, j = 366 sucessfully passed !
	Initialyzed swapped data for i = 290, j = 367 sucessfully passed !
	Initialyzed swapped data for i = 290, j = 368 sucessfully passed !
	Initialyzed swapped data for i = 290, j = 369 sucessfully passed !
	Initialyzed swapped data for i = 290, j = 370 sucessfully passed !
	Initialyzed swapped data for i = 290, j = 371 sucessfully passed !
	Initialyzed swapped data for i = 290, j = 372 sucessfully passed !
	Initialyzed swapped data for i = 290, j = 373 sucessfully passed !
	Initialyzed swapped data for i = 290, j = 374 sucessfully passed !
	Initialyzed swapped data for i = 290, j = 375 sucessfully passed !
	Initialyzed swapped data for i = 290, j = 376 sucessfully passed !
	Initialyzed swapped data for i = 290, j = 377 sucessfully passed !
	Initialyzed swapped data for i = 290, j = 378 sucessfully passed !
	Initialyzed swapped data for i = 290, j = 379 sucessfully passed !
	Initialyzed swapped data for i = 290, j = 380 sucessfully passed !
	Initialyzed swapped data for i = 290, j = 381 sucessfully passed !
	Initialyzed swapped data for i = 290, j = 382 sucessfully passed !
	Initialyzed swapped data for i = 290, j = 383 sucessfully passed !
	Initialyzed swapped data for i = 290, j = 384 sucessfully passed !
	Initialyzed swapped data for i = 290, j = 385 sucessfully passed !
	Initialyzed swapped data for i = 290, j = 386 sucessfully passed !
	Initialyzed swapped data for i = 290, j = 387 sucessfully passed !
	Initialyzed swapped data for i = 290, j = 388 sucessfully passed !
	Initialyzed swapped data for i = 290, j = 389 sucessfully passed !
	Initialyzed swapped data for i = 290, j = 390 sucessfully passed !
	Initialyzed swapped data for i = 290, j = 391 sucessfully passed !
	Initialyzed swapped data for i = 290, j = 392 sucessfully passed !
	Initialyzed swapped data for i = 290, j = 393 sucessfully passed !
	Initialyzed swapped data for i = 290, j = 394 sucessfully passed !
	Initialyzed swapped data for i = 290, j = 395 sucessfully passed !
	Initialyzed swapped data for i = 290, j = 396 sucessfully passed !
	Initialyzed swapped data for i = 290, j = 397 sucessfully passed !
	Initialyzed swapped data for i = 290, j = 398 sucessfully passed !
	Initialyzed swapped data for i = 290, j = 399 sucessfully passed !
	Initialyzed swapped data for i = 290, j = 400 sucessfully passed !
	Initialyzed swapped data for i = 290, j = 401 sucessfully passed !
	Initialyzed swapped data for i = 290, j = 402 sucessfully passed !
	Initialyzed swapped data for i = 290, j = 403 sucessfully passed !
	Initialyzed swapped data for i = 290, j = 404 sucessfully passed !
	Initialyzed swapped data for i = 290, j = 405 sucessfully passed !
	Initialyzed swapped data for i = 290, j = 406 sucessfully passed !
	Initialyzed swapped data for i = 290, j = 407 sucessfully passed !
	Initialyzed swapped data for i = 290, j = 408 sucessfully passed !
	Initialyzed swapped data for i = 290, j = 409 sucessfully passed !
	Initialyzed swapped data for i = 290, j = 410 sucessfully passed !
	Initialyzed swapped data for i = 290, j = 411 sucessfully passed !
	Initialyzed swapped data for i = 290, j = 412 sucessfully passed !
	Initialyzed swapped data for i = 290, j = 413 sucessfully passed !
	Initialyzed swapped data for i = 290, j = 414 sucessfully passed !
	Initialyzed swapped data for i = 290, j = 415 sucessfully passed !
	Initialyzed swapped data for i = 290, j = 416 sucessfully passed !
	Initialyzed swapped data for i = 290, j = 417 sucessfully passed !
	Initialyzed swapped data for i = 290, j = 418 sucessfully passed !
	Initialyzed swapped data for i = 290, j = 419 sucessfully passed !
	Initialyzed swapped data for i = 290, j = 420 sucessfully passed !
	Initialyzed swapped data for i = 290, j = 421 sucessfully passed !
	Initialyzed swapped data for i = 290, j = 422 sucessfully passed !
	Initialyzed swapped data for i = 290, j = 423 sucessfully passed !
	Initialyzed swapped data for i = 290, j = 424 sucessfully passed !
	Initialyzed swapped data for i = 290, j = 425 sucessfully passed !
	Initialyzed swapped data for i = 290, j = 426 sucessfully passed !
	Initialyzed swapped data for i = 290, j = 427 sucessfully passed !
	Initialyzed swapped data for i = 290, j = 428 sucessfully passed !
	Initialyzed swapped data for i = 290, j = 429 sucessfully passed !
	Initialyzed swapped data for i = 290, j = 430 sucessfully passed !
	Initialyzed swapped data for i = 290, j = 431 sucessfully passed !
	Initialyzed swapped data for i = 290, j = 432 sucessfully passed !
	Initialyzed swapped data for i = 290, j = 433 sucessfully passed !
	Initialyzed swapped data for i = 291, j = 292 sucessfully passed !
	Initialyzed swapped data for i = 291, j = 293 sucessfully passed !
	Initialyzed swapped data for i = 291, j = 294 sucessfully passed !
	Initialyzed swapped data for i = 291, j = 295 sucessfully passed !
	Initialyzed swapped data for i = 291, j = 296 sucessfully passed !
	Initialyzed swapped data for i = 291, j = 297 sucessfully passed !
	Initialyzed swapped data for i = 291, j = 298 sucessfully passed !
	Initialyzed swapped data for i = 291, j = 299 sucessfully passed !
	Initialyzed swapped data for i = 291, j = 300 sucessfully passed !
	Initialyzed swapped data for i = 291, j = 301 sucessfully passed !
	Initialyzed swapped data for i = 291, j = 302 sucessfully passed !
	Initialyzed swapped data for i = 291, j = 303 sucessfully passed !
	Initialyzed swapped data for i = 291, j = 304 sucessfully passed !
	Initialyzed swapped data for i = 291, j = 305 sucessfully passed !
	Initialyzed swapped data for i = 291, j = 306 sucessfully passed !
	Initialyzed swapped data for i = 291, j = 307 sucessfully passed !
	Initialyzed swapped data for i = 291, j = 308 sucessfully passed !
	Initialyzed swapped data for i = 291, j = 309 sucessfully passed !
	Initialyzed swapped data for i = 291, j = 310 sucessfully passed !
	Initialyzed swapped data for i = 291, j = 311 sucessfully passed !
	Initialyzed swapped data for i = 291, j = 312 sucessfully passed !
	Initialyzed swapped data for i = 291, j = 313 sucessfully passed !
	Initialyzed swapped data for i = 291, j = 314 sucessfully passed !
	Initialyzed swapped data for i = 291, j = 315 sucessfully passed !
	Initialyzed swapped data for i = 291, j = 316 sucessfully passed !
	Initialyzed swapped data for i = 291, j = 317 sucessfully passed !
	Initialyzed swapped data for i = 291, j = 318 sucessfully passed !
	Initialyzed swapped data for i = 291, j = 319 sucessfully passed !
	Initialyzed swapped data for i = 291, j = 320 sucessfully passed !
	Initialyzed swapped data for i = 291, j = 321 sucessfully passed !
	Initialyzed swapped data for i = 291, j = 322 sucessfully passed !
	Initialyzed swapped data for i = 291, j = 323 sucessfully passed !
	Initialyzed swapped data for i = 291, j = 324 sucessfully passed !
	Initialyzed swapped data for i = 291, j = 325 sucessfully passed !
	Initialyzed swapped data for i = 291, j = 326 sucessfully passed !
	Initialyzed swapped data for i = 291, j = 327 sucessfully passed !
	Initialyzed swapped data for i = 291, j = 328 sucessfully passed !
	Initialyzed swapped data for i = 291, j = 329 sucessfully passed !
	Initialyzed swapped data for i = 291, j = 330 sucessfully passed !
	Initialyzed swapped data for i = 291, j = 331 sucessfully passed !
	Initialyzed swapped data for i = 291, j = 332 sucessfully passed !
	Initialyzed swapped data for i = 291, j = 333 sucessfully passed !
	Initialyzed swapped data for i = 291, j = 334 sucessfully passed !
	Initialyzed swapped data for i = 291, j = 335 sucessfully passed !
	Initialyzed swapped data for i = 291, j = 336 sucessfully passed !
	Initialyzed swapped data for i = 291, j = 337 sucessfully passed !
	Initialyzed swapped data for i = 291, j = 338 sucessfully passed !
	Initialyzed swapped data for i = 291, j = 339 sucessfully passed !
	Initialyzed swapped data for i = 291, j = 340 sucessfully passed !
	Initialyzed swapped data for i = 291, j = 341 sucessfully passed !
	Initialyzed swapped data for i = 291, j = 342 sucessfully passed !
	Initialyzed swapped data for i = 291, j = 343 sucessfully passed !
	Initialyzed swapped data for i = 291, j = 344 sucessfully passed !
	Initialyzed swapped data for i = 291, j = 345 sucessfully passed !
	Initialyzed swapped data for i = 291, j = 346 sucessfully passed !
	Initialyzed swapped data for i = 291, j = 347 sucessfully passed !
	Initialyzed swapped data for i = 291, j = 348 sucessfully passed !
	Initialyzed swapped data for i = 291, j = 349 sucessfully passed !
	Initialyzed swapped data for i = 291, j = 350 sucessfully passed !
	Initialyzed swapped data for i = 291, j = 351 sucessfully passed !
	Initialyzed swapped data for i = 291, j = 352 sucessfully passed !
	Initialyzed swapped data for i = 291, j = 353 sucessfully passed !
	Initialyzed swapped data for i = 291, j = 354 sucessfully passed !
	Initialyzed swapped data for i = 291, j = 355 sucessfully passed !
	Initialyzed swapped data for i = 291, j = 356 sucessfully passed !
	Initialyzed swapped data for i = 291, j = 357 sucessfully passed !
	Initialyzed swapped data for i = 291, j = 358 sucessfully passed !
	Initialyzed swapped data for i = 291, j = 359 sucessfully passed !
	Initialyzed swapped data for i = 291, j = 360 sucessfully passed !
	Initialyzed swapped data for i = 291, j = 361 sucessfully passed !
	Initialyzed swapped data for i = 291, j = 362 sucessfully passed !
	Initialyzed swapped data for i = 291, j = 363 sucessfully passed !
	Initialyzed swapped data for i = 291, j = 364 sucessfully passed !
	Initialyzed swapped data for i = 291, j = 365 sucessfully passed !
	Initialyzed swapped data for i = 291, j = 366 sucessfully passed !
	Initialyzed swapped data for i = 291, j = 367 sucessfully passed !
	Initialyzed swapped data for i = 291, j = 368 sucessfully passed !
	Initialyzed swapped data for i = 291, j = 369 sucessfully passed !
	Initialyzed swapped data for i = 291, j = 370 sucessfully passed !
	Initialyzed swapped data for i = 291, j = 371 sucessfully passed !
	Initialyzed swapped data for i = 291, j = 372 sucessfully passed !
	Initialyzed swapped data for i = 291, j = 373 sucessfully passed !
	Initialyzed swapped data for i = 291, j = 374 sucessfully passed !
	Initialyzed swapped data for i = 291, j = 375 sucessfully passed !
	Initialyzed swapped data for i = 291, j = 376 sucessfully passed !
	Initialyzed swapped data for i = 291, j = 377 sucessfully passed !
	Initialyzed swapped data for i = 291, j = 378 sucessfully passed !
	Initialyzed swapped data for i = 291, j = 379 sucessfully passed !
	Initialyzed swapped data for i = 291, j = 380 sucessfully passed !
	Initialyzed swapped data for i = 291, j = 381 sucessfully passed !
	Initialyzed swapped data for i = 291, j = 382 sucessfully passed !
	Initialyzed swapped data for i = 291, j = 383 sucessfully passed !
	Initialyzed swapped data for i = 291, j = 384 sucessfully passed !
	Initialyzed swapped data for i = 291, j = 385 sucessfully passed !
	Initialyzed swapped data for i = 291, j = 386 sucessfully passed !
	Initialyzed swapped data for i = 291, j = 387 sucessfully passed !
	Initialyzed swapped data for i = 291, j = 388 sucessfully passed !
	Initialyzed swapped data for i = 291, j = 389 sucessfully passed !
	Initialyzed swapped data for i = 291, j = 390 sucessfully passed !
	Initialyzed swapped data for i = 291, j = 391 sucessfully passed !
	Initialyzed swapped data for i = 291, j = 392 sucessfully passed !
	Initialyzed swapped data for i = 291, j = 393 sucessfully passed !
	Initialyzed swapped data for i = 291, j = 394 sucessfully passed !
	Initialyzed swapped data for i = 291, j = 395 sucessfully passed !
	Initialyzed swapped data for i = 291, j = 396 sucessfully passed !
	Initialyzed swapped data for i = 291, j = 397 sucessfully passed !
	Initialyzed swapped data for i = 291, j = 398 sucessfully passed !
	Initialyzed swapped data for i = 291, j = 399 sucessfully passed !
	Initialyzed swapped data for i = 291, j = 400 sucessfully passed !
	Initialyzed swapped data for i = 291, j = 401 sucessfully passed !
	Initialyzed swapped data for i = 291, j = 402 sucessfully passed !
	Initialyzed swapped data for i = 291, j = 403 sucessfully passed !
	Initialyzed swapped data for i = 291, j = 404 sucessfully passed !
	Initialyzed swapped data for i = 291, j = 405 sucessfully passed !
	Initialyzed swapped data for i = 291, j = 406 sucessfully passed !
	Initialyzed swapped data for i = 291, j = 407 sucessfully passed !
	Initialyzed swapped data for i = 291, j = 408 sucessfully passed !
	Initialyzed swapped data for i = 291, j = 409 sucessfully passed !
	Initialyzed swapped data for i = 291, j = 410 sucessfully passed !
	Initialyzed swapped data for i = 291, j = 411 sucessfully passed !
	Initialyzed swapped data for i = 291, j = 412 sucessfully passed !
	Initialyzed swapped data for i = 291, j = 413 sucessfully passed !
	Initialyzed swapped data for i = 291, j = 414 sucessfully passed !
	Initialyzed swapped data for i = 291, j = 415 sucessfully passed !
	Initialyzed swapped data for i = 291, j = 416 sucessfully passed !
	Initialyzed swapped data for i = 291, j = 417 sucessfully passed !
	Initialyzed swapped data for i = 291, j = 418 sucessfully passed !
	Initialyzed swapped data for i = 291, j = 419 sucessfully passed !
	Initialyzed swapped data for i = 291, j = 420 sucessfully passed !
	Initialyzed swapped data for i = 291, j = 421 sucessfully passed !
	Initialyzed swapped data for i = 291, j = 422 sucessfully passed !
	Initialyzed swapped data for i = 291, j = 423 sucessfully passed !
	Initialyzed swapped data for i = 291, j = 424 sucessfully passed !
	Initialyzed swapped data for i = 291, j = 425 sucessfully passed !
	Initialyzed swapped data for i = 291, j = 426 sucessfully passed !
	Initialyzed swapped data for i = 291, j = 427 sucessfully passed !
	Initialyzed swapped data for i = 291, j = 428 sucessfully passed !
	Initialyzed swapped data for i = 291, j = 429 sucessfully passed !
	Initialyzed swapped data for i = 291, j = 430 sucessfully passed !
	Initialyzed swapped data for i = 291, j = 431 sucessfully passed !
	Initialyzed swapped data for i = 291, j = 432 sucessfully passed !
	Initialyzed swapped data for i = 291, j = 433 sucessfully passed !
	Initialyzed swapped data for i = 292, j = 293 sucessfully passed !
	Initialyzed swapped data for i = 292, j = 294 sucessfully passed !
	Initialyzed swapped data for i = 292, j = 295 sucessfully passed !
	Initialyzed swapped data for i = 292, j = 296 sucessfully passed !
	Initialyzed swapped data for i = 292, j = 297 sucessfully passed !
	Initialyzed swapped data for i = 292, j = 298 sucessfully passed !
	Initialyzed swapped data for i = 292, j = 299 sucessfully passed !
	Initialyzed swapped data for i = 292, j = 300 sucessfully passed !
	Initialyzed swapped data for i = 292, j = 301 sucessfully passed !
	Initialyzed swapped data for i = 292, j = 302 sucessfully passed !
	Initialyzed swapped data for i = 292, j = 303 sucessfully passed !
	Initialyzed swapped data for i = 292, j = 304 sucessfully passed !
	Initialyzed swapped data for i = 292, j = 305 sucessfully passed !
	Initialyzed swapped data for i = 292, j = 306 sucessfully passed !
	Initialyzed swapped data for i = 292, j = 307 sucessfully passed !
	Initialyzed swapped data for i = 292, j = 308 sucessfully passed !
	Initialyzed swapped data for i = 292, j = 309 sucessfully passed !
	Initialyzed swapped data for i = 292, j = 310 sucessfully passed !
	Initialyzed swapped data for i = 292, j = 311 sucessfully passed !
	Initialyzed swapped data for i = 292, j = 312 sucessfully passed !
	Initialyzed swapped data for i = 292, j = 313 sucessfully passed !
	Initialyzed swapped data for i = 292, j = 314 sucessfully passed !
	Initialyzed swapped data for i = 292, j = 315 sucessfully passed !
	Initialyzed swapped data for i = 292, j = 316 sucessfully passed !
	Initialyzed swapped data for i = 292, j = 317 sucessfully passed !
	Initialyzed swapped data for i = 292, j = 318 sucessfully passed !
	Initialyzed swapped data for i = 292, j = 319 sucessfully passed !
	Initialyzed swapped data for i = 292, j = 320 sucessfully passed !
	Initialyzed swapped data for i = 292, j = 321 sucessfully passed !
	Initialyzed swapped data for i = 292, j = 322 sucessfully passed !
	Initialyzed swapped data for i = 292, j = 323 sucessfully passed !
	Initialyzed swapped data for i = 292, j = 324 sucessfully passed !
	Initialyzed swapped data for i = 292, j = 325 sucessfully passed !
	Initialyzed swapped data for i = 292, j = 326 sucessfully passed !
	Initialyzed swapped data for i = 292, j = 327 sucessfully passed !
	Initialyzed swapped data for i = 292, j = 328 sucessfully passed !
	Initialyzed swapped data for i = 292, j = 329 sucessfully passed !
	Initialyzed swapped data for i = 292, j = 330 sucessfully passed !
	Initialyzed swapped data for i = 292, j = 331 sucessfully passed !
	Initialyzed swapped data for i = 292, j = 332 sucessfully passed !
	Initialyzed swapped data for i = 292, j = 333 sucessfully passed !
	Initialyzed swapped data for i = 292, j = 334 sucessfully passed !
	Initialyzed swapped data for i = 292, j = 335 sucessfully passed !
	Initialyzed swapped data for i = 292, j = 336 sucessfully passed !
	Initialyzed swapped data for i = 292, j = 337 sucessfully passed !
	Initialyzed swapped data for i = 292, j = 338 sucessfully passed !
	Initialyzed swapped data for i = 292, j = 339 sucessfully passed !
	Initialyzed swapped data for i = 292, j = 340 sucessfully passed !
	Initialyzed swapped data for i = 292, j = 341 sucessfully passed !
	Initialyzed swapped data for i = 292, j = 342 sucessfully passed !
	Initialyzed swapped data for i = 292, j = 343 sucessfully passed !
	Initialyzed swapped data for i = 292, j = 344 sucessfully passed !
	Initialyzed swapped data for i = 292, j = 345 sucessfully passed !
	Initialyzed swapped data for i = 292, j = 346 sucessfully passed !
	Initialyzed swapped data for i = 292, j = 347 sucessfully passed !
	Initialyzed swapped data for i = 292, j = 348 sucessfully passed !
	Initialyzed swapped data for i = 292, j = 349 sucessfully passed !
	Initialyzed swapped data for i = 292, j = 350 sucessfully passed !
	Initialyzed swapped data for i = 292, j = 351 sucessfully passed !
	Initialyzed swapped data for i = 292, j = 352 sucessfully passed !
	Initialyzed swapped data for i = 292, j = 353 sucessfully passed !
	Initialyzed swapped data for i = 292, j = 354 sucessfully passed !
	Initialyzed swapped data for i = 292, j = 355 sucessfully passed !
	Initialyzed swapped data for i = 292, j = 356 sucessfully passed !
	Initialyzed swapped data for i = 292, j = 357 sucessfully passed !
	Initialyzed swapped data for i = 292, j = 358 sucessfully passed !
	Initialyzed swapped data for i = 292, j = 359 sucessfully passed !
	Initialyzed swapped data for i = 292, j = 360 sucessfully passed !
	Initialyzed swapped data for i = 292, j = 361 sucessfully passed !
	Initialyzed swapped data for i = 292, j = 362 sucessfully passed !
	Initialyzed swapped data for i = 292, j = 363 sucessfully passed !
	Initialyzed swapped data for i = 292, j = 364 sucessfully passed !
	Initialyzed swapped data for i = 292, j = 365 sucessfully passed !
	Initialyzed swapped data for i = 292, j = 366 sucessfully passed !
	Initialyzed swapped data for i = 292, j = 367 sucessfully passed !
	Initialyzed swapped data for i = 292, j = 368 sucessfully passed !
	Initialyzed swapped data for i = 292, j = 369 sucessfully passed !
	Initialyzed swapped data for i = 292, j = 370 sucessfully passed !
	Initialyzed swapped data for i = 292, j = 371 sucessfully passed !
	Initialyzed swapped data for i = 292, j = 372 sucessfully passed !
	Initialyzed swapped data for i = 292, j = 373 sucessfully passed !
	Initialyzed swapped data for i = 292, j = 374 sucessfully passed !
	Initialyzed swapped data for i = 292, j = 375 sucessfully passed !
	Initialyzed swapped data for i = 292, j = 376 sucessfully passed !
	Initialyzed swapped data for i = 292, j = 377 sucessfully passed !
	Initialyzed swapped data for i = 292, j = 378 sucessfully passed !
	Initialyzed swapped data for i = 292, j = 379 sucessfully passed !
	Initialyzed swapped data for i = 292, j = 380 sucessfully passed !
	Initialyzed swapped data for i = 292, j = 381 sucessfully passed !
	Initialyzed swapped data for i = 292, j = 382 sucessfully passed !
	Initialyzed swapped data for i = 292, j = 383 sucessfully passed !
	Initialyzed swapped data for i = 292, j = 384 sucessfully passed !
	Initialyzed swapped data for i = 292, j = 385 sucessfully passed !
	Initialyzed swapped data for i = 292, j = 386 sucessfully passed !
	Initialyzed swapped data for i = 292, j = 387 sucessfully passed !
	Initialyzed swapped data for i = 292, j = 388 sucessfully passed !
	Initialyzed swapped data for i = 292, j = 389 sucessfully passed !
	Initialyzed swapped data for i = 292, j = 390 sucessfully passed !
	Initialyzed swapped data for i = 292, j = 391 sucessfully passed !
	Initialyzed swapped data for i = 292, j = 392 sucessfully passed !
	Initialyzed swapped data for i = 292, j = 393 sucessfully passed !
	Initialyzed swapped data for i = 292, j = 394 sucessfully passed !
	Initialyzed swapped data for i = 292, j = 395 sucessfully passed !
	Initialyzed swapped data for i = 292, j = 396 sucessfully passed !
	Initialyzed swapped data for i = 292, j = 397 sucessfully passed !
	Initialyzed swapped data for i = 292, j = 398 sucessfully passed !
	Initialyzed swapped data for i = 292, j = 399 sucessfully passed !
	Initialyzed swapped data for i = 292, j = 400 sucessfully passed !
	Initialyzed swapped data for i = 292, j = 401 sucessfully passed !
	Initialyzed swapped data for i = 292, j = 402 sucessfully passed !
	Initialyzed swapped data for i = 292, j = 403 sucessfully passed !
	Initialyzed swapped data for i = 292, j = 404 sucessfully passed !
	Initialyzed swapped data for i = 292, j = 405 sucessfully passed !
	Initialyzed swapped data for i = 292, j = 406 sucessfully passed !
	Initialyzed swapped data for i = 292, j = 407 sucessfully passed !
	Initialyzed swapped data for i = 292, j = 408 sucessfully passed !
	Initialyzed swapped data for i = 292, j = 409 sucessfully passed !
	Initialyzed swapped data for i = 292, j = 410 sucessfully passed !
	Initialyzed swapped data for i = 292, j = 411 sucessfully passed !
	Initialyzed swapped data for i = 292, j = 412 sucessfully passed !
	Initialyzed swapped data for i = 292, j = 413 sucessfully passed !
	Initialyzed swapped data for i = 292, j = 414 sucessfully passed !
	Initialyzed swapped data for i = 292, j = 415 sucessfully passed !
	Initialyzed swapped data for i = 292, j = 416 sucessfully passed !
	Initialyzed swapped data for i = 292, j = 417 sucessfully passed !
	Initialyzed swapped data for i = 292, j = 418 sucessfully passed !
	Initialyzed swapped data for i = 292, j = 419 sucessfully passed !
	Initialyzed swapped data for i = 292, j = 420 sucessfully passed !
	Initialyzed swapped data for i = 292, j = 421 sucessfully passed !
	Initialyzed swapped data for i = 292, j = 422 sucessfully passed !
	Initialyzed swapped data for i = 292, j = 423 sucessfully passed !
	Initialyzed swapped data for i = 292, j = 424 sucessfully passed !
	Initialyzed swapped data for i = 292, j = 425 sucessfully passed !
	Initialyzed swapped data for i = 292, j = 426 sucessfully passed !
	Initialyzed swapped data for i = 292, j = 427 sucessfully passed !
	Initialyzed swapped data for i = 292, j = 428 sucessfully passed !
	Initialyzed swapped data for i = 292, j = 429 sucessfully passed !
	Initialyzed swapped data for i = 292, j = 430 sucessfully passed !
	Initialyzed swapped data for i = 292, j = 431 sucessfully passed !
	Initialyzed swapped data for i = 292, j = 432 sucessfully passed !
	Initialyzed swapped data for i = 292, j = 433 sucessfully passed !
	Initialyzed swapped data for i = 293, j = 294 sucessfully passed !
	Initialyzed swapped data for i = 293, j = 295 sucessfully passed !
	Initialyzed swapped data for i = 293, j = 296 sucessfully passed !
	Initialyzed swapped data for i = 293, j = 297 sucessfully passed !
	Initialyzed swapped data for i = 293, j = 298 sucessfully passed !
	Initialyzed swapped data for i = 293, j = 299 sucessfully passed !
	Initialyzed swapped data for i = 293, j = 300 sucessfully passed !
	Initialyzed swapped data for i = 293, j = 301 sucessfully passed !
	Initialyzed swapped data for i = 293, j = 302 sucessfully passed !
	Initialyzed swapped data for i = 293, j = 303 sucessfully passed !
	Initialyzed swapped data for i = 293, j = 304 sucessfully passed !
	Initialyzed swapped data for i = 293, j = 305 sucessfully passed !
	Initialyzed swapped data for i = 293, j = 306 sucessfully passed !
	Initialyzed swapped data for i = 293, j = 307 sucessfully passed !
	Initialyzed swapped data for i = 293, j = 308 sucessfully passed !
	Initialyzed swapped data for i = 293, j = 309 sucessfully passed !
	Initialyzed swapped data for i = 293, j = 310 sucessfully passed !
	Initialyzed swapped data for i = 293, j = 311 sucessfully passed !
	Initialyzed swapped data for i = 293, j = 312 sucessfully passed !
	Initialyzed swapped data for i = 293, j = 313 sucessfully passed !
	Initialyzed swapped data for i = 293, j = 314 sucessfully passed !
	Initialyzed swapped data for i = 293, j = 315 sucessfully passed !
	Initialyzed swapped data for i = 293, j = 316 sucessfully passed !
	Initialyzed swapped data for i = 293, j = 317 sucessfully passed !
	Initialyzed swapped data for i = 293, j = 318 sucessfully passed !
	Initialyzed swapped data for i = 293, j = 319 sucessfully passed !
	Initialyzed swapped data for i = 293, j = 320 sucessfully passed !
	Initialyzed swapped data for i = 293, j = 321 sucessfully passed !
	Initialyzed swapped data for i = 293, j = 322 sucessfully passed !
	Initialyzed swapped data for i = 293, j = 323 sucessfully passed !
	Initialyzed swapped data for i = 293, j = 324 sucessfully passed !
	Initialyzed swapped data for i = 293, j = 325 sucessfully passed !
	Initialyzed swapped data for i = 293, j = 326 sucessfully passed !
	Initialyzed swapped data for i = 293, j = 327 sucessfully passed !
	Initialyzed swapped data for i = 293, j = 328 sucessfully passed !
	Initialyzed swapped data for i = 293, j = 329 sucessfully passed !
	Initialyzed swapped data for i = 293, j = 330 sucessfully passed !
	Initialyzed swapped data for i = 293, j = 331 sucessfully passed !
	Initialyzed swapped data for i = 293, j = 332 sucessfully passed !
	Initialyzed swapped data for i = 293, j = 333 sucessfully passed !
	Initialyzed swapped data for i = 293, j = 334 sucessfully passed !
	Initialyzed swapped data for i = 293, j = 335 sucessfully passed !
	Initialyzed swapped data for i = 293, j = 336 sucessfully passed !
	Initialyzed swapped data for i = 293, j = 337 sucessfully passed !
	Initialyzed swapped data for i = 293, j = 338 sucessfully passed !
	Initialyzed swapped data for i = 293, j = 339 sucessfully passed !
	Initialyzed swapped data for i = 293, j = 340 sucessfully passed !
	Initialyzed swapped data for i = 293, j = 341 sucessfully passed !
	Initialyzed swapped data for i = 293, j = 342 sucessfully passed !
	Initialyzed swapped data for i = 293, j = 343 sucessfully passed !
	Initialyzed swapped data for i = 293, j = 344 sucessfully passed !
	Initialyzed swapped data for i = 293, j = 345 sucessfully passed !
	Initialyzed swapped data for i = 293, j = 346 sucessfully passed !
	Initialyzed swapped data for i = 293, j = 347 sucessfully passed !
	Initialyzed swapped data for i = 293, j = 348 sucessfully passed !
	Initialyzed swapped data for i = 293, j = 349 sucessfully passed !
	Initialyzed swapped data for i = 293, j = 350 sucessfully passed !
	Initialyzed swapped data for i = 293, j = 351 sucessfully passed !
	Initialyzed swapped data for i = 293, j = 352 sucessfully passed !
	Initialyzed swapped data for i = 293, j = 353 sucessfully passed !
	Initialyzed swapped data for i = 293, j = 354 sucessfully passed !
	Initialyzed swapped data for i = 293, j = 355 sucessfully passed !
	Initialyzed swapped data for i = 293, j = 356 sucessfully passed !
	Initialyzed swapped data for i = 293, j = 357 sucessfully passed !
	Initialyzed swapped data for i = 293, j = 358 sucessfully passed !
	Initialyzed swapped data for i = 293, j = 359 sucessfully passed !
	Initialyzed swapped data for i = 293, j = 360 sucessfully passed !
	Initialyzed swapped data for i = 293, j = 361 sucessfully passed !
	Initialyzed swapped data for i = 293, j = 362 sucessfully passed !
	Initialyzed swapped data for i = 293, j = 363 sucessfully passed !
	Initialyzed swapped data for i = 293, j = 364 sucessfully passed !
	Initialyzed swapped data for i = 293, j = 365 sucessfully passed !
	Initialyzed swapped data for i = 293, j = 366 sucessfully passed !
	Initialyzed swapped data for i = 293, j = 367 sucessfully passed !
	Initialyzed swapped data for i = 293, j = 368 sucessfully passed !
	Initialyzed swapped data for i = 293, j = 369 sucessfully passed !
	Initialyzed swapped data for i = 293, j = 370 sucessfully passed !
	Initialyzed swapped data for i = 293, j = 371 sucessfully passed !
	Initialyzed swapped data for i = 293, j = 372 sucessfully passed !
	Initialyzed swapped data for i = 293, j = 373 sucessfully passed !
	Initialyzed swapped data for i = 293, j = 374 sucessfully passed !
	Initialyzed swapped data for i = 293, j = 375 sucessfully passed !
	Initialyzed swapped data for i = 293, j = 376 sucessfully passed !
	Initialyzed swapped data for i = 293, j = 377 sucessfully passed !
	Initialyzed swapped data for i = 293, j = 378 sucessfully passed !
	Initialyzed swapped data for i = 293, j = 379 sucessfully passed !
	Initialyzed swapped data for i = 293, j = 380 sucessfully passed !
	Initialyzed swapped data for i = 293, j = 381 sucessfully passed !
	Initialyzed swapped data for i = 293, j = 382 sucessfully passed !
	Initialyzed swapped data for i = 293, j = 383 sucessfully passed !
	Initialyzed swapped data for i = 293, j = 384 sucessfully passed !
	Initialyzed swapped data for i = 293, j = 385 sucessfully passed !
	Initialyzed swapped data for i = 293, j = 386 sucessfully passed !
	Initialyzed swapped data for i = 293, j = 387 sucessfully passed !
	Initialyzed swapped data for i = 293, j = 388 sucessfully passed !
	Initialyzed swapped data for i = 293, j = 389 sucessfully passed !
	Initialyzed swapped data for i = 293, j = 390 sucessfully passed !
	Initialyzed swapped data for i = 293, j = 391 sucessfully passed !
	Initialyzed swapped data for i = 293, j = 392 sucessfully passed !
	Initialyzed swapped data for i = 293, j = 393 sucessfully passed !
	Initialyzed swapped data for i = 293, j = 394 sucessfully passed !
	Initialyzed swapped data for i = 293, j = 395 sucessfully passed !
	Initialyzed swapped data for i = 293, j = 396 sucessfully passed !
	Initialyzed swapped data for i = 293, j = 397 sucessfully passed !
	Initialyzed swapped data for i = 293, j = 398 sucessfully passed !
	Initialyzed swapped data for i = 293, j = 399 sucessfully passed !
	Initialyzed swapped data for i = 293, j = 400 sucessfully passed !
	Initialyzed swapped data for i = 293, j = 401 sucessfully passed !
	Initialyzed swapped data for i = 293, j = 402 sucessfully passed !
	Initialyzed swapped data for i = 293, j = 403 sucessfully passed !
	Initialyzed swapped data for i = 293, j = 404 sucessfully passed !
	Initialyzed swapped data for i = 293, j = 405 sucessfully passed !
	Initialyzed swapped data for i = 293, j = 406 sucessfully passed !
	Initialyzed swapped data for i = 293, j = 407 sucessfully passed !
	Initialyzed swapped data for i = 293, j = 408 sucessfully passed !
	Initialyzed swapped data for i = 293, j = 409 sucessfully passed !
	Initialyzed swapped data for i = 293, j = 410 sucessfully passed !
	Initialyzed swapped data for i = 293, j = 411 sucessfully passed !
	Initialyzed swapped data for i = 293, j = 412 sucessfully passed !
	Initialyzed swapped data for i = 293, j = 413 sucessfully passed !
	Initialyzed swapped data for i = 293, j = 414 sucessfully passed !
	Initialyzed swapped data for i = 293, j = 415 sucessfully passed !
	Initialyzed swapped data for i = 293, j = 416 sucessfully passed !
	Initialyzed swapped data for i = 293, j = 417 sucessfully passed !
	Initialyzed swapped data for i = 293, j = 418 sucessfully passed !
	Initialyzed swapped data for i = 293, j = 419 sucessfully passed !
	Initialyzed swapped data for i = 293, j = 420 sucessfully passed !
	Initialyzed swapped data for i = 293, j = 421 sucessfully passed !
	Initialyzed swapped data for i = 293, j = 422 sucessfully passed !
	Initialyzed swapped data for i = 293, j = 423 sucessfully passed !
	Initialyzed swapped data for i = 293, j = 424 sucessfully passed !
	Initialyzed swapped data for i = 293, j = 425 sucessfully passed !
	Initialyzed swapped data for i = 293, j = 426 sucessfully passed !
	Initialyzed swapped data for i = 293, j = 427 sucessfully passed !
	Initialyzed swapped data for i = 293, j = 428 sucessfully passed !
	Initialyzed swapped data for i = 293, j = 429 sucessfully passed !
	Initialyzed swapped data for i = 293, j = 430 sucessfully passed !
	Initialyzed swapped data for i = 293, j = 431 sucessfully passed !
	Initialyzed swapped data for i = 293, j = 432 sucessfully passed !
	Initialyzed swapped data for i = 293, j = 433 sucessfully passed !
	Initialyzed swapped data for i = 294, j = 295 sucessfully passed !
	Initialyzed swapped data for i = 294, j = 296 sucessfully passed !
	Initialyzed swapped data for i = 294, j = 297 sucessfully passed !
	Initialyzed swapped data for i = 294, j = 298 sucessfully passed !
	Initialyzed swapped data for i = 294, j = 299 sucessfully passed !
	Initialyzed swapped data for i = 294, j = 300 sucessfully passed !
	Initialyzed swapped data for i = 294, j = 301 sucessfully passed !
	Initialyzed swapped data for i = 294, j = 302 sucessfully passed !
	Initialyzed swapped data for i = 294, j = 303 sucessfully passed !
	Initialyzed swapped data for i = 294, j = 304 sucessfully passed !
	Initialyzed swapped data for i = 294, j = 305 sucessfully passed !
	Initialyzed swapped data for i = 294, j = 306 sucessfully passed !
	Initialyzed swapped data for i = 294, j = 307 sucessfully passed !
	Initialyzed swapped data for i = 294, j = 308 sucessfully passed !
	Initialyzed swapped data for i = 294, j = 309 sucessfully passed !
	Initialyzed swapped data for i = 294, j = 310 sucessfully passed !
	Initialyzed swapped data for i = 294, j = 311 sucessfully passed !
	Initialyzed swapped data for i = 294, j = 312 sucessfully passed !
	Initialyzed swapped data for i = 294, j = 313 sucessfully passed !
	Initialyzed swapped data for i = 294, j = 314 sucessfully passed !
	Initialyzed swapped data for i = 294, j = 315 sucessfully passed !
	Initialyzed swapped data for i = 294, j = 316 sucessfully passed !
	Initialyzed swapped data for i = 294, j = 317 sucessfully passed !
	Initialyzed swapped data for i = 294, j = 318 sucessfully passed !
	Initialyzed swapped data for i = 294, j = 319 sucessfully passed !
	Initialyzed swapped data for i = 294, j = 320 sucessfully passed !
	Initialyzed swapped data for i = 294, j = 321 sucessfully passed !
	Initialyzed swapped data for i = 294, j = 322 sucessfully passed !
	Initialyzed swapped data for i = 294, j = 323 sucessfully passed !
	Initialyzed swapped data for i = 294, j = 324 sucessfully passed !
	Initialyzed swapped data for i = 294, j = 325 sucessfully passed !
	Initialyzed swapped data for i = 294, j = 326 sucessfully passed !
	Initialyzed swapped data for i = 294, j = 327 sucessfully passed !
	Initialyzed swapped data for i = 294, j = 328 sucessfully passed !
	Initialyzed swapped data for i = 294, j = 329 sucessfully passed !
	Initialyzed swapped data for i = 294, j = 330 sucessfully passed !
	Initialyzed swapped data for i = 294, j = 331 sucessfully passed !
	Initialyzed swapped data for i = 294, j = 332 sucessfully passed !
	Initialyzed swapped data for i = 294, j = 333 sucessfully passed !
	Initialyzed swapped data for i = 294, j = 334 sucessfully passed !
	Initialyzed swapped data for i = 294, j = 335 sucessfully passed !
	Initialyzed swapped data for i = 294, j = 336 sucessfully passed !
	Initialyzed swapped data for i = 294, j = 337 sucessfully passed !
	Initialyzed swapped data for i = 294, j = 338 sucessfully passed !
	Initialyzed swapped data for i = 294, j = 339 sucessfully passed !
	Initialyzed swapped data for i = 294, j = 340 sucessfully passed !
	Initialyzed swapped data for i = 294, j = 341 sucessfully passed !
	Initialyzed swapped data for i = 294, j = 342 sucessfully passed !
	Initialyzed swapped data for i = 294, j = 343 sucessfully passed !
	Initialyzed swapped data for i = 294, j = 344 sucessfully passed !
	Initialyzed swapped data for i = 294, j = 345 sucessfully passed !
	Initialyzed swapped data for i = 294, j = 346 sucessfully passed !
	Initialyzed swapped data for i = 294, j = 347 sucessfully passed !
	Initialyzed swapped data for i = 294, j = 348 sucessfully passed !
	Initialyzed swapped data for i = 294, j = 349 sucessfully passed !
	Initialyzed swapped data for i = 294, j = 350 sucessfully passed !
	Initialyzed swapped data for i = 294, j = 351 sucessfully passed !
	Initialyzed swapped data for i = 294, j = 352 sucessfully passed !
	Initialyzed swapped data for i = 294, j = 353 sucessfully passed !
	Initialyzed swapped data for i = 294, j = 354 sucessfully passed !
	Initialyzed swapped data for i = 294, j = 355 sucessfully passed !
	Initialyzed swapped data for i = 294, j = 356 sucessfully passed !
	Initialyzed swapped data for i = 294, j = 357 sucessfully passed !
	Initialyzed swapped data for i = 294, j = 358 sucessfully passed !
	Initialyzed swapped data for i = 294, j = 359 sucessfully passed !
	Initialyzed swapped data for i = 294, j = 360 sucessfully passed !
	Initialyzed swapped data for i = 294, j = 361 sucessfully passed !
	Initialyzed swapped data for i = 294, j = 362 sucessfully passed !
	Initialyzed swapped data for i = 294, j = 363 sucessfully passed !
	Initialyzed swapped data for i = 294, j = 364 sucessfully passed !
	Initialyzed swapped data for i = 294, j = 365 sucessfully passed !
	Initialyzed swapped data for i = 294, j = 366 sucessfully passed !
	Initialyzed swapped data for i = 294, j = 367 sucessfully passed !
	Initialyzed swapped data for i = 294, j = 368 sucessfully passed !
	Initialyzed swapped data for i = 294, j = 369 sucessfully passed !
	Initialyzed swapped data for i = 294, j = 370 sucessfully passed !
	Initialyzed swapped data for i = 294, j = 371 sucessfully passed !
	Initialyzed swapped data for i = 294, j = 372 sucessfully passed !
	Initialyzed swapped data for i = 294, j = 373 sucessfully passed !
	Initialyzed swapped data for i = 294, j = 374 sucessfully passed !
	Initialyzed swapped data for i = 294, j = 375 sucessfully passed !
	Initialyzed swapped data for i = 294, j = 376 sucessfully passed !
	Initialyzed swapped data for i = 294, j = 377 sucessfully passed !
	Initialyzed swapped data for i = 294, j = 378 sucessfully passed !
	Initialyzed swapped data for i = 294, j = 379 sucessfully passed !
	Initialyzed swapped data for i = 294, j = 380 sucessfully passed !
	Initialyzed swapped data for i = 294, j = 381 sucessfully passed !
	Initialyzed swapped data for i = 294, j = 382 sucessfully passed !
	Initialyzed swapped data for i = 294, j = 383 sucessfully passed !
	Initialyzed swapped data for i = 294, j = 384 sucessfully passed !
	Initialyzed swapped data for i = 294, j = 385 sucessfully passed !
	Initialyzed swapped data for i = 294, j = 386 sucessfully passed !
	Initialyzed swapped data for i = 294, j = 387 sucessfully passed !
	Initialyzed swapped data for i = 294, j = 388 sucessfully passed !
	Initialyzed swapped data for i = 294, j = 389 sucessfully passed !
	Initialyzed swapped data for i = 294, j = 390 sucessfully passed !
	Initialyzed swapped data for i = 294, j = 391 sucessfully passed !
	Initialyzed swapped data for i = 294, j = 392 sucessfully passed !
	Initialyzed swapped data for i = 294, j = 393 sucessfully passed !
	Initialyzed swapped data for i = 294, j = 394 sucessfully passed !
	Initialyzed swapped data for i = 294, j = 395 sucessfully passed !
	Initialyzed swapped data for i = 294, j = 396 sucessfully passed !
	Initialyzed swapped data for i = 294, j = 397 sucessfully passed !
	Initialyzed swapped data for i = 294, j = 398 sucessfully passed !
	Initialyzed swapped data for i = 294, j = 399 sucessfully passed !
	Initialyzed swapped data for i = 294, j = 400 sucessfully passed !
	Initialyzed swapped data for i = 294, j = 401 sucessfully passed !
	Initialyzed swapped data for i = 294, j = 402 sucessfully passed !
	Initialyzed swapped data for i = 294, j = 403 sucessfully passed !
	Initialyzed swapped data for i = 294, j = 404 sucessfully passed !
	Initialyzed swapped data for i = 294, j = 405 sucessfully passed !
	Initialyzed swapped data for i = 294, j = 406 sucessfully passed !
	Initialyzed swapped data for i = 294, j = 407 sucessfully passed !
	Initialyzed swapped data for i = 294, j = 408 sucessfully passed !
	Initialyzed swapped data for i = 294, j = 409 sucessfully passed !
	Initialyzed swapped data for i = 294, j = 410 sucessfully passed !
	Initialyzed swapped data for i = 294, j = 411 sucessfully passed !
	Initialyzed swapped data for i = 294, j = 412 sucessfully passed !
	Initialyzed swapped data for i = 294, j = 413 sucessfully passed !
	Initialyzed swapped data for i = 294, j = 414 sucessfully passed !
	Initialyzed swapped data for i = 294, j = 415 sucessfully passed !
	Initialyzed swapped data for i = 294, j = 416 sucessfully passed !
	Initialyzed swapped data for i = 294, j = 417 sucessfully passed !
	Initialyzed swapped data for i = 294, j = 418 sucessfully passed !
	Initialyzed swapped data for i = 294, j = 419 sucessfully passed !
	Initialyzed swapped data for i = 294, j = 420 sucessfully passed !
	Initialyzed swapped data for i = 294, j = 421 sucessfully passed !
	Initialyzed swapped data for i = 294, j = 422 sucessfully passed !
	Initialyzed swapped data for i = 294, j = 423 sucessfully passed !
	Initialyzed swapped data for i = 294, j = 424 sucessfully passed !
	Initialyzed swapped data for i = 294, j = 425 sucessfully passed !
	Initialyzed swapped data for i = 294, j = 426 sucessfully passed !
	Initialyzed swapped data for i = 294, j = 427 sucessfully passed !
	Initialyzed swapped data for i = 294, j = 428 sucessfully passed !
	Initialyzed swapped data for i = 294, j = 429 sucessfully passed !
	Initialyzed swapped data for i = 294, j = 430 sucessfully passed !
	Initialyzed swapped data for i = 294, j = 431 sucessfully passed !
	Initialyzed swapped data for i = 294, j = 432 sucessfully passed !
	Initialyzed swapped data for i = 294, j = 433 sucessfully passed !
	Initialyzed swapped data for i = 295, j = 296 sucessfully passed !
	Initialyzed swapped data for i = 295, j = 297 sucessfully passed !
	Initialyzed swapped data for i = 295, j = 298 sucessfully passed !
	Initialyzed swapped data for i = 295, j = 299 sucessfully passed !
	Initialyzed swapped data for i = 295, j = 300 sucessfully passed !
	Initialyzed swapped data for i = 295, j = 301 sucessfully passed !
	Initialyzed swapped data for i = 295, j = 302 sucessfully passed !
	Initialyzed swapped data for i = 295, j = 303 sucessfully passed !
	Initialyzed swapped data for i = 295, j = 304 sucessfully passed !
	Initialyzed swapped data for i = 295, j = 305 sucessfully passed !
	Initialyzed swapped data for i = 295, j = 306 sucessfully passed !
	Initialyzed swapped data for i = 295, j = 307 sucessfully passed !
	Initialyzed swapped data for i = 295, j = 308 sucessfully passed !
	Initialyzed swapped data for i = 295, j = 309 sucessfully passed !
	Initialyzed swapped data for i = 295, j = 310 sucessfully passed !
	Initialyzed swapped data for i = 295, j = 311 sucessfully passed !
	Initialyzed swapped data for i = 295, j = 312 sucessfully passed !
	Initialyzed swapped data for i = 295, j = 313 sucessfully passed !
	Initialyzed swapped data for i = 295, j = 314 sucessfully passed !
	Initialyzed swapped data for i = 295, j = 315 sucessfully passed !
	Initialyzed swapped data for i = 295, j = 316 sucessfully passed !
	Initialyzed swapped data for i = 295, j = 317 sucessfully passed !
	Initialyzed swapped data for i = 295, j = 318 sucessfully passed !
	Initialyzed swapped data for i = 295, j = 319 sucessfully passed !
	Initialyzed swapped data for i = 295, j = 320 sucessfully passed !
	Initialyzed swapped data for i = 295, j = 321 sucessfully passed !
	Initialyzed swapped data for i = 295, j = 322 sucessfully passed !
	Initialyzed swapped data for i = 295, j = 323 sucessfully passed !
	Initialyzed swapped data for i = 295, j = 324 sucessfully passed !
	Initialyzed swapped data for i = 295, j = 325 sucessfully passed !
	Initialyzed swapped data for i = 295, j = 326 sucessfully passed !
	Initialyzed swapped data for i = 295, j = 327 sucessfully passed !
	Initialyzed swapped data for i = 295, j = 328 sucessfully passed !
	Initialyzed swapped data for i = 295, j = 329 sucessfully passed !
	Initialyzed swapped data for i = 295, j = 330 sucessfully passed !
	Initialyzed swapped data for i = 295, j = 331 sucessfully passed !
	Initialyzed swapped data for i = 295, j = 332 sucessfully passed !
	Initialyzed swapped data for i = 295, j = 333 sucessfully passed !
	Initialyzed swapped data for i = 295, j = 334 sucessfully passed !
	Initialyzed swapped data for i = 295, j = 335 sucessfully passed !
	Initialyzed swapped data for i = 295, j = 336 sucessfully passed !
	Initialyzed swapped data for i = 295, j = 337 sucessfully passed !
	Initialyzed swapped data for i = 295, j = 338 sucessfully passed !
	Initialyzed swapped data for i = 295, j = 339 sucessfully passed !
	Initialyzed swapped data for i = 295, j = 340 sucessfully passed !
	Initialyzed swapped data for i = 295, j = 341 sucessfully passed !
	Initialyzed swapped data for i = 295, j = 342 sucessfully passed !
	Initialyzed swapped data for i = 295, j = 343 sucessfully passed !
	Initialyzed swapped data for i = 295, j = 344 sucessfully passed !
	Initialyzed swapped data for i = 295, j = 345 sucessfully passed !
	Initialyzed swapped data for i = 295, j = 346 sucessfully passed !
	Initialyzed swapped data for i = 295, j = 347 sucessfully passed !
	Initialyzed swapped data for i = 295, j = 348 sucessfully passed !
	Initialyzed swapped data for i = 295, j = 349 sucessfully passed !
	Initialyzed swapped data for i = 295, j = 350 sucessfully passed !
	Initialyzed swapped data for i = 295, j = 351 sucessfully passed !
	Initialyzed swapped data for i = 295, j = 352 sucessfully passed !
	Initialyzed swapped data for i = 295, j = 353 sucessfully passed !
	Initialyzed swapped data for i = 295, j = 354 sucessfully passed !
	Initialyzed swapped data for i = 295, j = 355 sucessfully passed !
	Initialyzed swapped data for i = 295, j = 356 sucessfully passed !
	Initialyzed swapped data for i = 295, j = 357 sucessfully passed !
	Initialyzed swapped data for i = 295, j = 358 sucessfully passed !
	Initialyzed swapped data for i = 295, j = 359 sucessfully passed !
	Initialyzed swapped data for i = 295, j = 360 sucessfully passed !
	Initialyzed swapped data for i = 295, j = 361 sucessfully passed !
	Initialyzed swapped data for i = 295, j = 362 sucessfully passed !
	Initialyzed swapped data for i = 295, j = 363 sucessfully passed !
	Initialyzed swapped data for i = 295, j = 364 sucessfully passed !
	Initialyzed swapped data for i = 295, j = 365 sucessfully passed !
	Initialyzed swapped data for i = 295, j = 366 sucessfully passed !
	Initialyzed swapped data for i = 295, j = 367 sucessfully passed !
	Initialyzed swapped data for i = 295, j = 368 sucessfully passed !
	Initialyzed swapped data for i = 295, j = 369 sucessfully passed !
	Initialyzed swapped data for i = 295, j = 370 sucessfully passed !
	Initialyzed swapped data for i = 295, j = 371 sucessfully passed !
	Initialyzed swapped data for i = 295, j = 372 sucessfully passed !
	Initialyzed swapped data for i = 295, j = 373 sucessfully passed !
	Initialyzed swapped data for i = 295, j = 374 sucessfully passed !
	Initialyzed swapped data for i = 295, j = 375 sucessfully passed !
	Initialyzed swapped data for i = 295, j = 376 sucessfully passed !
	Initialyzed swapped data for i = 295, j = 377 sucessfully passed !
	Initialyzed swapped data for i = 295, j = 378 sucessfully passed !
	Initialyzed swapped data for i = 295, j = 379 sucessfully passed !
	Initialyzed swapped data for i = 295, j = 380 sucessfully passed !
	Initialyzed swapped data for i = 295, j = 381 sucessfully passed !
	Initialyzed swapped data for i = 295, j = 382 sucessfully passed !
	Initialyzed swapped data for i = 295, j = 383 sucessfully passed !
	Initialyzed swapped data for i = 295, j = 384 sucessfully passed !
	Initialyzed swapped data for i = 295, j = 385 sucessfully passed !
	Initialyzed swapped data for i = 295, j = 386 sucessfully passed !
	Initialyzed swapped data for i = 295, j = 387 sucessfully passed !
	Initialyzed swapped data for i = 295, j = 388 sucessfully passed !
	Initialyzed swapped data for i = 295, j = 389 sucessfully passed !
	Initialyzed swapped data for i = 295, j = 390 sucessfully passed !
	Initialyzed swapped data for i = 295, j = 391 sucessfully passed !
	Initialyzed swapped data for i = 295, j = 392 sucessfully passed !
	Initialyzed swapped data for i = 295, j = 393 sucessfully passed !
	Initialyzed swapped data for i = 295, j = 394 sucessfully passed !
	Initialyzed swapped data for i = 295, j = 395 sucessfully passed !
	Initialyzed swapped data for i = 295, j = 396 sucessfully passed !
	Initialyzed swapped data for i = 295, j = 397 sucessfully passed !
	Initialyzed swapped data for i = 295, j = 398 sucessfully passed !
	Initialyzed swapped data for i = 295, j = 399 sucessfully passed !
	Initialyzed swapped data for i = 295, j = 400 sucessfully passed !
	Initialyzed swapped data for i = 295, j = 401 sucessfully passed !
	Initialyzed swapped data for i = 295, j = 402 sucessfully passed !
	Initialyzed swapped data for i = 295, j = 403 sucessfully passed !
	Initialyzed swapped data for i = 295, j = 404 sucessfully passed !
	Initialyzed swapped data for i = 295, j = 405 sucessfully passed !
	Initialyzed swapped data for i = 295, j = 406 sucessfully passed !
	Initialyzed swapped data for i = 295, j = 407 sucessfully passed !
	Initialyzed swapped data for i = 295, j = 408 sucessfully passed !
	Initialyzed swapped data for i = 295, j = 409 sucessfully passed !
	Initialyzed swapped data for i = 295, j = 410 sucessfully passed !
	Initialyzed swapped data for i = 295, j = 411 sucessfully passed !
	Initialyzed swapped data for i = 295, j = 412 sucessfully passed !
	Initialyzed swapped data for i = 295, j = 413 sucessfully passed !
	Initialyzed swapped data for i = 295, j = 414 sucessfully passed !
	Initialyzed swapped data for i = 295, j = 415 sucessfully passed !
	Initialyzed swapped data for i = 295, j = 416 sucessfully passed !
	Initialyzed swapped data for i = 295, j = 417 sucessfully passed !
	Initialyzed swapped data for i = 295, j = 418 sucessfully passed !
	Initialyzed swapped data for i = 295, j = 419 sucessfully passed !
	Initialyzed swapped data for i = 295, j = 420 sucessfully passed !
	Initialyzed swapped data for i = 295, j = 421 sucessfully passed !
	Initialyzed swapped data for i = 295, j = 422 sucessfully passed !
	Initialyzed swapped data for i = 295, j = 423 sucessfully passed !
	Initialyzed swapped data for i = 295, j = 424 sucessfully passed !
	Initialyzed swapped data for i = 295, j = 425 sucessfully passed !
	Initialyzed swapped data for i = 295, j = 426 sucessfully passed !
	Initialyzed swapped data for i = 295, j = 427 sucessfully passed !
	Initialyzed swapped data for i = 295, j = 428 sucessfully passed !
	Initialyzed swapped data for i = 295, j = 429 sucessfully passed !
	Initialyzed swapped data for i = 295, j = 430 sucessfully passed !
	Initialyzed swapped data for i = 295, j = 431 sucessfully passed !
	Initialyzed swapped data for i = 295, j = 432 sucessfully passed !
	Initialyzed swapped data for i = 295, j = 433 sucessfully passed !
	Initialyzed swapped data for i = 296, j = 297 sucessfully passed !
	Initialyzed swapped data for i = 296, j = 298 sucessfully passed !
	Initialyzed swapped data for i = 296, j = 299 sucessfully passed !
	Initialyzed swapped data for i = 296, j = 300 sucessfully passed !
	Initialyzed swapped data for i = 296, j = 301 sucessfully passed !
	Initialyzed swapped data for i = 296, j = 302 sucessfully passed !
	Initialyzed swapped data for i = 296, j = 303 sucessfully passed !
	Initialyzed swapped data for i = 296, j = 304 sucessfully passed !
	Initialyzed swapped data for i = 296, j = 305 sucessfully passed !
	Initialyzed swapped data for i = 296, j = 306 sucessfully passed !
	Initialyzed swapped data for i = 296, j = 307 sucessfully passed !
	Initialyzed swapped data for i = 296, j = 308 sucessfully passed !
	Initialyzed swapped data for i = 296, j = 309 sucessfully passed !
	Initialyzed swapped data for i = 296, j = 310 sucessfully passed !
	Initialyzed swapped data for i = 296, j = 311 sucessfully passed !
	Initialyzed swapped data for i = 296, j = 312 sucessfully passed !
	Initialyzed swapped data for i = 296, j = 313 sucessfully passed !
	Initialyzed swapped data for i = 296, j = 314 sucessfully passed !
	Initialyzed swapped data for i = 296, j = 315 sucessfully passed !
	Initialyzed swapped data for i = 296, j = 316 sucessfully passed !
	Initialyzed swapped data for i = 296, j = 317 sucessfully passed !
	Initialyzed swapped data for i = 296, j = 318 sucessfully passed !
	Initialyzed swapped data for i = 296, j = 319 sucessfully passed !
	Initialyzed swapped data for i = 296, j = 320 sucessfully passed !
	Initialyzed swapped data for i = 296, j = 321 sucessfully passed !
	Initialyzed swapped data for i = 296, j = 322 sucessfully passed !
	Initialyzed swapped data for i = 296, j = 323 sucessfully passed !
	Initialyzed swapped data for i = 296, j = 324 sucessfully passed !
	Initialyzed swapped data for i = 296, j = 325 sucessfully passed !
	Initialyzed swapped data for i = 296, j = 326 sucessfully passed !
	Initialyzed swapped data for i = 296, j = 327 sucessfully passed !
	Initialyzed swapped data for i = 296, j = 328 sucessfully passed !
	Initialyzed swapped data for i = 296, j = 329 sucessfully passed !
	Initialyzed swapped data for i = 296, j = 330 sucessfully passed !
	Initialyzed swapped data for i = 296, j = 331 sucessfully passed !
	Initialyzed swapped data for i = 296, j = 332 sucessfully passed !
	Initialyzed swapped data for i = 296, j = 333 sucessfully passed !
	Initialyzed swapped data for i = 296, j = 334 sucessfully passed !
	Initialyzed swapped data for i = 296, j = 335 sucessfully passed !
	Initialyzed swapped data for i = 296, j = 336 sucessfully passed !
	Initialyzed swapped data for i = 296, j = 337 sucessfully passed !
	Initialyzed swapped data for i = 296, j = 338 sucessfully passed !
	Initialyzed swapped data for i = 296, j = 339 sucessfully passed !
	Initialyzed swapped data for i = 296, j = 340 sucessfully passed !
	Initialyzed swapped data for i = 296, j = 341 sucessfully passed !
	Initialyzed swapped data for i = 296, j = 342 sucessfully passed !
	Initialyzed swapped data for i = 296, j = 343 sucessfully passed !
	Initialyzed swapped data for i = 296, j = 344 sucessfully passed !
	Initialyzed swapped data for i = 296, j = 345 sucessfully passed !
	Initialyzed swapped data for i = 296, j = 346 sucessfully passed !
	Initialyzed swapped data for i = 296, j = 347 sucessfully passed !
	Initialyzed swapped data for i = 296, j = 348 sucessfully passed !
	Initialyzed swapped data for i = 296, j = 349 sucessfully passed !
	Initialyzed swapped data for i = 296, j = 350 sucessfully passed !
	Initialyzed swapped data for i = 296, j = 351 sucessfully passed !
	Initialyzed swapped data for i = 296, j = 352 sucessfully passed !
	Initialyzed swapped data for i = 296, j = 353 sucessfully passed !
	Initialyzed swapped data for i = 296, j = 354 sucessfully passed !
	Initialyzed swapped data for i = 296, j = 355 sucessfully passed !
	Initialyzed swapped data for i = 296, j = 356 sucessfully passed !
	Initialyzed swapped data for i = 296, j = 357 sucessfully passed !
	Initialyzed swapped data for i = 296, j = 358 sucessfully passed !
	Initialyzed swapped data for i = 296, j = 359 sucessfully passed !
	Initialyzed swapped data for i = 296, j = 360 sucessfully passed !
	Initialyzed swapped data for i = 296, j = 361 sucessfully passed !
	Initialyzed swapped data for i = 296, j = 362 sucessfully passed !
	Initialyzed swapped data for i = 296, j = 363 sucessfully passed !
	Initialyzed swapped data for i = 296, j = 364 sucessfully passed !
	Initialyzed swapped data for i = 296, j = 365 sucessfully passed !
	Initialyzed swapped data for i = 296, j = 366 sucessfully passed !
	Initialyzed swapped data for i = 296, j = 367 sucessfully passed !
	Initialyzed swapped data for i = 296, j = 368 sucessfully passed !
	Initialyzed swapped data for i = 296, j = 369 sucessfully passed !
	Initialyzed swapped data for i = 296, j = 370 sucessfully passed !
	Initialyzed swapped data for i = 296, j = 371 sucessfully passed !
	Initialyzed swapped data for i = 296, j = 372 sucessfully passed !
	Initialyzed swapped data for i = 296, j = 373 sucessfully passed !
	Initialyzed swapped data for i = 296, j = 374 sucessfully passed !
	Initialyzed swapped data for i = 296, j = 375 sucessfully passed !
	Initialyzed swapped data for i = 296, j = 376 sucessfully passed !
	Initialyzed swapped data for i = 296, j = 377 sucessfully passed !
	Initialyzed swapped data for i = 296, j = 378 sucessfully passed !
	Initialyzed swapped data for i = 296, j = 379 sucessfully passed !
	Initialyzed swapped data for i = 296, j = 380 sucessfully passed !
	Initialyzed swapped data for i = 296, j = 381 sucessfully passed !
	Initialyzed swapped data for i = 296, j = 382 sucessfully passed !
	Initialyzed swapped data for i = 296, j = 383 sucessfully passed !
	Initialyzed swapped data for i = 296, j = 384 sucessfully passed !
	Initialyzed swapped data for i = 296, j = 385 sucessfully passed !
	Initialyzed swapped data for i = 296, j = 386 sucessfully passed !
	Initialyzed swapped data for i = 296, j = 387 sucessfully passed !
	Initialyzed swapped data for i = 296, j = 388 sucessfully passed !
	Initialyzed swapped data for i = 296, j = 389 sucessfully passed !
	Initialyzed swapped data for i = 296, j = 390 sucessfully passed !
	Initialyzed swapped data for i = 296, j = 391 sucessfully passed !
	Initialyzed swapped data for i = 296, j = 392 sucessfully passed !
	Initialyzed swapped data for i = 296, j = 393 sucessfully passed !
	Initialyzed swapped data for i = 296, j = 394 sucessfully passed !
	Initialyzed swapped data for i = 296, j = 395 sucessfully passed !
	Initialyzed swapped data for i = 296, j = 396 sucessfully passed !
	Initialyzed swapped data for i = 296, j = 397 sucessfully passed !
	Initialyzed swapped data for i = 296, j = 398 sucessfully passed !
	Initialyzed swapped data for i = 296, j = 399 sucessfully passed !
	Initialyzed swapped data for i = 296, j = 400 sucessfully passed !
	Initialyzed swapped data for i = 296, j = 401 sucessfully passed !
	Initialyzed swapped data for i = 296, j = 402 sucessfully passed !
	Initialyzed swapped data for i = 296, j = 403 sucessfully passed !
	Initialyzed swapped data for i = 296, j = 404 sucessfully passed !
	Initialyzed swapped data for i = 296, j = 405 sucessfully passed !
	Initialyzed swapped data for i = 296, j = 406 sucessfully passed !
	Initialyzed swapped data for i = 296, j = 407 sucessfully passed !
	Initialyzed swapped data for i = 296, j = 408 sucessfully passed !
	Initialyzed swapped data for i = 296, j = 409 sucessfully passed !
	Initialyzed swapped data for i = 296, j = 410 sucessfully passed !
	Initialyzed swapped data for i = 296, j = 411 sucessfully passed !
	Initialyzed swapped data for i = 296, j = 412 sucessfully passed !
	Initialyzed swapped data for i = 296, j = 413 sucessfully passed !
	Initialyzed swapped data for i = 296, j = 414 sucessfully passed !
	Initialyzed swapped data for i = 296, j = 415 sucessfully passed !
	Initialyzed swapped data for i = 296, j = 416 sucessfully passed !
	Initialyzed swapped data for i = 296, j = 417 sucessfully passed !
	Initialyzed swapped data for i = 296, j = 418 sucessfully passed !
	Initialyzed swapped data for i = 296, j = 419 sucessfully passed !
	Initialyzed swapped data for i = 296, j = 420 sucessfully passed !
	Initialyzed swapped data for i = 296, j = 421 sucessfully passed !
	Initialyzed swapped data for i = 296, j = 422 sucessfully passed !
	Initialyzed swapped data for i = 296, j = 423 sucessfully passed !
	Initialyzed swapped data for i = 296, j = 424 sucessfully passed !
	Initialyzed swapped data for i = 296, j = 425 sucessfully passed !
	Initialyzed swapped data for i = 296, j = 426 sucessfully passed !
	Initialyzed swapped data for i = 296, j = 427 sucessfully passed !
	Initialyzed swapped data for i = 296, j = 428 sucessfully passed !
	Initialyzed swapped data for i = 296, j = 429 sucessfully passed !
	Initialyzed swapped data for i = 296, j = 430 sucessfully passed !
	Initialyzed swapped data for i = 296, j = 431 sucessfully passed !
	Initialyzed swapped data for i = 296, j = 432 sucessfully passed !
	Initialyzed swapped data for i = 296, j = 433 sucessfully passed !
	Initialyzed swapped data for i = 297, j = 298 sucessfully passed !
	Initialyzed swapped data for i = 297, j = 299 sucessfully passed !
	Initialyzed swapped data for i = 297, j = 300 sucessfully passed !
	Initialyzed swapped data for i = 297, j = 301 sucessfully passed !
	Initialyzed swapped data for i = 297, j = 302 sucessfully passed !
	Initialyzed swapped data for i = 297, j = 303 sucessfully passed !
	Initialyzed swapped data for i = 297, j = 304 sucessfully passed !
	Initialyzed swapped data for i = 297, j = 305 sucessfully passed !
	Initialyzed swapped data for i = 297, j = 306 sucessfully passed !
	Initialyzed swapped data for i = 297, j = 307 sucessfully passed !
	Initialyzed swapped data for i = 297, j = 308 sucessfully passed !
	Initialyzed swapped data for i = 297, j = 309 sucessfully passed !
	Initialyzed swapped data for i = 297, j = 310 sucessfully passed !
	Initialyzed swapped data for i = 297, j = 311 sucessfully passed !
	Initialyzed swapped data for i = 297, j = 312 sucessfully passed !
	Initialyzed swapped data for i = 297, j = 313 sucessfully passed !
	Initialyzed swapped data for i = 297, j = 314 sucessfully passed !
	Initialyzed swapped data for i = 297, j = 315 sucessfully passed !
	Initialyzed swapped data for i = 297, j = 316 sucessfully passed !
	Initialyzed swapped data for i = 297, j = 317 sucessfully passed !
	Initialyzed swapped data for i = 297, j = 318 sucessfully passed !
	Initialyzed swapped data for i = 297, j = 319 sucessfully passed !
	Initialyzed swapped data for i = 297, j = 320 sucessfully passed !
	Initialyzed swapped data for i = 297, j = 321 sucessfully passed !
	Initialyzed swapped data for i = 297, j = 322 sucessfully passed !
	Initialyzed swapped data for i = 297, j = 323 sucessfully passed !
	Initialyzed swapped data for i = 297, j = 324 sucessfully passed !
	Initialyzed swapped data for i = 297, j = 325 sucessfully passed !
	Initialyzed swapped data for i = 297, j = 326 sucessfully passed !
	Initialyzed swapped data for i = 297, j = 327 sucessfully passed !
	Initialyzed swapped data for i = 297, j = 328 sucessfully passed !
	Initialyzed swapped data for i = 297, j = 329 sucessfully passed !
	Initialyzed swapped data for i = 297, j = 330 sucessfully passed !
	Initialyzed swapped data for i = 297, j = 331 sucessfully passed !
	Initialyzed swapped data for i = 297, j = 332 sucessfully passed !
	Initialyzed swapped data for i = 297, j = 333 sucessfully passed !
	Initialyzed swapped data for i = 297, j = 334 sucessfully passed !
	Initialyzed swapped data for i = 297, j = 335 sucessfully passed !
	Initialyzed swapped data for i = 297, j = 336 sucessfully passed !
	Initialyzed swapped data for i = 297, j = 337 sucessfully passed !
	Initialyzed swapped data for i = 297, j = 338 sucessfully passed !
	Initialyzed swapped data for i = 297, j = 339 sucessfully passed !
	Initialyzed swapped data for i = 297, j = 340 sucessfully passed !
	Initialyzed swapped data for i = 297, j = 341 sucessfully passed !
	Initialyzed swapped data for i = 297, j = 342 sucessfully passed !
	Initialyzed swapped data for i = 297, j = 343 sucessfully passed !
	Initialyzed swapped data for i = 297, j = 344 sucessfully passed !
	Initialyzed swapped data for i = 297, j = 345 sucessfully passed !
	Initialyzed swapped data for i = 297, j = 346 sucessfully passed !
	Initialyzed swapped data for i = 297, j = 347 sucessfully passed !
	Initialyzed swapped data for i = 297, j = 348 sucessfully passed !
	Initialyzed swapped data for i = 297, j = 349 sucessfully passed !
	Initialyzed swapped data for i = 297, j = 350 sucessfully passed !
	Initialyzed swapped data for i = 297, j = 351 sucessfully passed !
	Initialyzed swapped data for i = 297, j = 352 sucessfully passed !
	Initialyzed swapped data for i = 297, j = 353 sucessfully passed !
	Initialyzed swapped data for i = 297, j = 354 sucessfully passed !
	Initialyzed swapped data for i = 297, j = 355 sucessfully passed !
	Initialyzed swapped data for i = 297, j = 356 sucessfully passed !
	Initialyzed swapped data for i = 297, j = 357 sucessfully passed !
	Initialyzed swapped data for i = 297, j = 358 sucessfully passed !
	Initialyzed swapped data for i = 297, j = 359 sucessfully passed !
	Initialyzed swapped data for i = 297, j = 360 sucessfully passed !
	Initialyzed swapped data for i = 297, j = 361 sucessfully passed !
	Initialyzed swapped data for i = 297, j = 362 sucessfully passed !
	Initialyzed swapped data for i = 297, j = 363 sucessfully passed !
	Initialyzed swapped data for i = 297, j = 364 sucessfully passed !
	Initialyzed swapped data for i = 297, j = 365 sucessfully passed !
	Initialyzed swapped data for i = 297, j = 366 sucessfully passed !
	Initialyzed swapped data for i = 297, j = 367 sucessfully passed !
	Initialyzed swapped data for i = 297, j = 368 sucessfully passed !
	Initialyzed swapped data for i = 297, j = 369 sucessfully passed !
	Initialyzed swapped data for i = 297, j = 370 sucessfully passed !
	Initialyzed swapped data for i = 297, j = 371 sucessfully passed !
	Initialyzed swapped data for i = 297, j = 372 sucessfully passed !
	Initialyzed swapped data for i = 297, j = 373 sucessfully passed !
	Initialyzed swapped data for i = 297, j = 374 sucessfully passed !
	Initialyzed swapped data for i = 297, j = 375 sucessfully passed !
	Initialyzed swapped data for i = 297, j = 376 sucessfully passed !
	Initialyzed swapped data for i = 297, j = 377 sucessfully passed !
	Initialyzed swapped data for i = 297, j = 378 sucessfully passed !
	Initialyzed swapped data for i = 297, j = 379 sucessfully passed !
	Initialyzed swapped data for i = 297, j = 380 sucessfully passed !
	Initialyzed swapped data for i = 297, j = 381 sucessfully passed !
	Initialyzed swapped data for i = 297, j = 382 sucessfully passed !
	Initialyzed swapped data for i = 297, j = 383 sucessfully passed !
	Initialyzed swapped data for i = 297, j = 384 sucessfully passed !
	Initialyzed swapped data for i = 297, j = 385 sucessfully passed !
	Initialyzed swapped data for i = 297, j = 386 sucessfully passed !
	Initialyzed swapped data for i = 297, j = 387 sucessfully passed !
	Initialyzed swapped data for i = 297, j = 388 sucessfully passed !
	Initialyzed swapped data for i = 297, j = 389 sucessfully passed !
	Initialyzed swapped data for i = 297, j = 390 sucessfully passed !
	Initialyzed swapped data for i = 297, j = 391 sucessfully passed !
	Initialyzed swapped data for i = 297, j = 392 sucessfully passed !
	Initialyzed swapped data for i = 297, j = 393 sucessfully passed !
	Initialyzed swapped data for i = 297, j = 394 sucessfully passed !
	Initialyzed swapped data for i = 297, j = 395 sucessfully passed !
	Initialyzed swapped data for i = 297, j = 396 sucessfully passed !
	Initialyzed swapped data for i = 297, j = 397 sucessfully passed !
	Initialyzed swapped data for i = 297, j = 398 sucessfully passed !
	Initialyzed swapped data for i = 297, j = 399 sucessfully passed !
	Initialyzed swapped data for i = 297, j = 400 sucessfully passed !
	Initialyzed swapped data for i = 297, j = 401 sucessfully passed !
	Initialyzed swapped data for i = 297, j = 402 sucessfully passed !
	Initialyzed swapped data for i = 297, j = 403 sucessfully passed !
	Initialyzed swapped data for i = 297, j = 404 sucessfully passed !
	Initialyzed swapped data for i = 297, j = 405 sucessfully passed !
	Initialyzed swapped data for i = 297, j = 406 sucessfully passed !
	Initialyzed swapped data for i = 297, j = 407 sucessfully passed !
	Initialyzed swapped data for i = 297, j = 408 sucessfully passed !
	Initialyzed swapped data for i = 297, j = 409 sucessfully passed !
	Initialyzed swapped data for i = 297, j = 410 sucessfully passed !
	Initialyzed swapped data for i = 297, j = 411 sucessfully passed !
	Initialyzed swapped data for i = 297, j = 412 sucessfully passed !
	Initialyzed swapped data for i = 297, j = 413 sucessfully passed !
	Initialyzed swapped data for i = 297, j = 414 sucessfully passed !
	Initialyzed swapped data for i = 297, j = 415 sucessfully passed !
	Initialyzed swapped data for i = 297, j = 416 sucessfully passed !
	Initialyzed swapped data for i = 297, j = 417 sucessfully passed !
	Initialyzed swapped data for i = 297, j = 418 sucessfully passed !
	Initialyzed swapped data for i = 297, j = 419 sucessfully passed !
	Initialyzed swapped data for i = 297, j = 420 sucessfully passed !
	Initialyzed swapped data for i = 297, j = 421 sucessfully passed !
	Initialyzed swapped data for i = 297, j = 422 sucessfully passed !
	Initialyzed swapped data for i = 297, j = 423 sucessfully passed !
	Initialyzed swapped data for i = 297, j = 424 sucessfully passed !
	Initialyzed swapped data for i = 297, j = 425 sucessfully passed !
	Initialyzed swapped data for i = 297, j = 426 sucessfully passed !
	Initialyzed swapped data for i = 297, j = 427 sucessfully passed !
	Initialyzed swapped data for i = 297, j = 428 sucessfully passed !
	Initialyzed swapped data for i = 297, j = 429 sucessfully passed !
	Initialyzed swapped data for i = 297, j = 430 sucessfully passed !
	Initialyzed swapped data for i = 297, j = 431 sucessfully passed !
	Initialyzed swapped data for i = 297, j = 432 sucessfully passed !
	Initialyzed swapped data for i = 297, j = 433 sucessfully passed !
	Initialyzed swapped data for i = 298, j = 299 sucessfully passed !
	Initialyzed swapped data for i = 298, j = 300 sucessfully passed !
	Initialyzed swapped data for i = 298, j = 301 sucessfully passed !
	Initialyzed swapped data for i = 298, j = 302 sucessfully passed !
	Initialyzed swapped data for i = 298, j = 303 sucessfully passed !
	Initialyzed swapped data for i = 298, j = 304 sucessfully passed !
	Initialyzed swapped data for i = 298, j = 305 sucessfully passed !
	Initialyzed swapped data for i = 298, j = 306 sucessfully passed !
	Initialyzed swapped data for i = 298, j = 307 sucessfully passed !
	Initialyzed swapped data for i = 298, j = 308 sucessfully passed !
	Initialyzed swapped data for i = 298, j = 309 sucessfully passed !
	Initialyzed swapped data for i = 298, j = 310 sucessfully passed !
	Initialyzed swapped data for i = 298, j = 311 sucessfully passed !
	Initialyzed swapped data for i = 298, j = 312 sucessfully passed !
	Initialyzed swapped data for i = 298, j = 313 sucessfully passed !
	Initialyzed swapped data for i = 298, j = 314 sucessfully passed !
	Initialyzed swapped data for i = 298, j = 315 sucessfully passed !
	Initialyzed swapped data for i = 298, j = 316 sucessfully passed !
	Initialyzed swapped data for i = 298, j = 317 sucessfully passed !
	Initialyzed swapped data for i = 298, j = 318 sucessfully passed !
	Initialyzed swapped data for i = 298, j = 319 sucessfully passed !
	Initialyzed swapped data for i = 298, j = 320 sucessfully passed !
	Initialyzed swapped data for i = 298, j = 321 sucessfully passed !
	Initialyzed swapped data for i = 298, j = 322 sucessfully passed !
	Initialyzed swapped data for i = 298, j = 323 sucessfully passed !
	Initialyzed swapped data for i = 298, j = 324 sucessfully passed !
	Initialyzed swapped data for i = 298, j = 325 sucessfully passed !
	Initialyzed swapped data for i = 298, j = 326 sucessfully passed !
	Initialyzed swapped data for i = 298, j = 327 sucessfully passed !
	Initialyzed swapped data for i = 298, j = 328 sucessfully passed !
	Initialyzed swapped data for i = 298, j = 329 sucessfully passed !
	Initialyzed swapped data for i = 298, j = 330 sucessfully passed !
	Initialyzed swapped data for i = 298, j = 331 sucessfully passed !
	Initialyzed swapped data for i = 298, j = 332 sucessfully passed !
	Initialyzed swapped data for i = 298, j = 333 sucessfully passed !
	Initialyzed swapped data for i = 298, j = 334 sucessfully passed !
	Initialyzed swapped data for i = 298, j = 335 sucessfully passed !
	Initialyzed swapped data for i = 298, j = 336 sucessfully passed !
	Initialyzed swapped data for i = 298, j = 337 sucessfully passed !
	Initialyzed swapped data for i = 298, j = 338 sucessfully passed !
	Initialyzed swapped data for i = 298, j = 339 sucessfully passed !
	Initialyzed swapped data for i = 298, j = 340 sucessfully passed !
	Initialyzed swapped data for i = 298, j = 341 sucessfully passed !
	Initialyzed swapped data for i = 298, j = 342 sucessfully passed !
	Initialyzed swapped data for i = 298, j = 343 sucessfully passed !
	Initialyzed swapped data for i = 298, j = 344 sucessfully passed !
	Initialyzed swapped data for i = 298, j = 345 sucessfully passed !
	Initialyzed swapped data for i = 298, j = 346 sucessfully passed !
	Initialyzed swapped data for i = 298, j = 347 sucessfully passed !
	Initialyzed swapped data for i = 298, j = 348 sucessfully passed !
	Initialyzed swapped data for i = 298, j = 349 sucessfully passed !
	Initialyzed swapped data for i = 298, j = 350 sucessfully passed !
	Initialyzed swapped data for i = 298, j = 351 sucessfully passed !
	Initialyzed swapped data for i = 298, j = 352 sucessfully passed !
	Initialyzed swapped data for i = 298, j = 353 sucessfully passed !
	Initialyzed swapped data for i = 298, j = 354 sucessfully passed !
	Initialyzed swapped data for i = 298, j = 355 sucessfully passed !
	Initialyzed swapped data for i = 298, j = 356 sucessfully passed !
	Initialyzed swapped data for i = 298, j = 357 sucessfully passed !
	Initialyzed swapped data for i = 298, j = 358 sucessfully passed !
	Initialyzed swapped data for i = 298, j = 359 sucessfully passed !
	Initialyzed swapped data for i = 298, j = 360 sucessfully passed !
	Initialyzed swapped data for i = 298, j = 361 sucessfully passed !
	Initialyzed swapped data for i = 298, j = 362 sucessfully passed !
	Initialyzed swapped data for i = 298, j = 363 sucessfully passed !
	Initialyzed swapped data for i = 298, j = 364 sucessfully passed !
	Initialyzed swapped data for i = 298, j = 365 sucessfully passed !
	Initialyzed swapped data for i = 298, j = 366 sucessfully passed !
	Initialyzed swapped data for i = 298, j = 367 sucessfully passed !
	Initialyzed swapped data for i = 298, j = 368 sucessfully passed !
	Initialyzed swapped data for i = 298, j = 369 sucessfully passed !
	Initialyzed swapped data for i = 298, j = 370 sucessfully passed !
	Initialyzed swapped data for i = 298, j = 371 sucessfully passed !
	Initialyzed swapped data for i = 298, j = 372 sucessfully passed !
	Initialyzed swapped data for i = 298, j = 373 sucessfully passed !
	Initialyzed swapped data for i = 298, j = 374 sucessfully passed !
	Initialyzed swapped data for i = 298, j = 375 sucessfully passed !
	Initialyzed swapped data for i = 298, j = 376 sucessfully passed !
	Initialyzed swapped data for i = 298, j = 377 sucessfully passed !
	Initialyzed swapped data for i = 298, j = 378 sucessfully passed !
	Initialyzed swapped data for i = 298, j = 379 sucessfully passed !
	Initialyzed swapped data for i = 298, j = 380 sucessfully passed !
	Initialyzed swapped data for i = 298, j = 381 sucessfully passed !
	Initialyzed swapped data for i = 298, j = 382 sucessfully passed !
	Initialyzed swapped data for i = 298, j = 383 sucessfully passed !
	Initialyzed swapped data for i = 298, j = 384 sucessfully passed !
	Initialyzed swapped data for i = 298, j = 385 sucessfully passed !
	Initialyzed swapped data for i = 298, j = 386 sucessfully passed !
	Initialyzed swapped data for i = 298, j = 387 sucessfully passed !
	Initialyzed swapped data for i = 298, j = 388 sucessfully passed !
	Initialyzed swapped data for i = 298, j = 389 sucessfully passed !
	Initialyzed swapped data for i = 298, j = 390 sucessfully passed !
	Initialyzed swapped data for i = 298, j = 391 sucessfully passed !
	Initialyzed swapped data for i = 298, j = 392 sucessfully passed !
	Initialyzed swapped data for i = 298, j = 393 sucessfully passed !
	Initialyzed swapped data for i = 298, j = 394 sucessfully passed !
	Initialyzed swapped data for i = 298, j = 395 sucessfully passed !
	Initialyzed swapped data for i = 298, j = 396 sucessfully passed !
	Initialyzed swapped data for i = 298, j = 397 sucessfully passed !
	Initialyzed swapped data for i = 298, j = 398 sucessfully passed !
	Initialyzed swapped data for i = 298, j = 399 sucessfully passed !
	Initialyzed swapped data for i = 298, j = 400 sucessfully passed !
	Initialyzed swapped data for i = 298, j = 401 sucessfully passed !
	Initialyzed swapped data for i = 298, j = 402 sucessfully passed !
	Initialyzed swapped data for i = 298, j = 403 sucessfully passed !
	Initialyzed swapped data for i = 298, j = 404 sucessfully passed !
	Initialyzed swapped data for i = 298, j = 405 sucessfully passed !
	Initialyzed swapped data for i = 298, j = 406 sucessfully passed !
	Initialyzed swapped data for i = 298, j = 407 sucessfully passed !
	Initialyzed swapped data for i = 298, j = 408 sucessfully passed !
	Initialyzed swapped data for i = 298, j = 409 sucessfully passed !
	Initialyzed swapped data for i = 298, j = 410 sucessfully passed !
	Initialyzed swapped data for i = 298, j = 411 sucessfully passed !
	Initialyzed swapped data for i = 298, j = 412 sucessfully passed !
	Initialyzed swapped data for i = 298, j = 413 sucessfully passed !
	Initialyzed swapped data for i = 298, j = 414 sucessfully passed !
	Initialyzed swapped data for i = 298, j = 415 sucessfully passed !
	Initialyzed swapped data for i = 298, j = 416 sucessfully passed !
	Initialyzed swapped data for i = 298, j = 417 sucessfully passed !
	Initialyzed swapped data for i = 298, j = 418 sucessfully passed !
	Initialyzed swapped data for i = 298, j = 419 sucessfully passed !
	Initialyzed swapped data for i = 298, j = 420 sucessfully passed !
	Initialyzed swapped data for i = 298, j = 421 sucessfully passed !
	Initialyzed swapped data for i = 298, j = 422 sucessfully passed !
	Initialyzed swapped data for i = 298, j = 423 sucessfully passed !
	Initialyzed swapped data for i = 298, j = 424 sucessfully passed !
	Initialyzed swapped data for i = 298, j = 425 sucessfully passed !
	Initialyzed swapped data for i = 298, j = 426 sucessfully passed !
	Initialyzed swapped data for i = 298, j = 427 sucessfully passed !
	Initialyzed swapped data for i = 298, j = 428 sucessfully passed !
	Initialyzed swapped data for i = 298, j = 429 sucessfully passed !
	Initialyzed swapped data for i = 298, j = 430 sucessfully passed !
	Initialyzed swapped data for i = 298, j = 431 sucessfully passed !
	Initialyzed swapped data for i = 298, j = 432 sucessfully passed !
	Initialyzed swapped data for i = 298, j = 433 sucessfully passed !
	Initialyzed swapped data for i = 299, j = 300 sucessfully passed !
	Initialyzed swapped data for i = 299, j = 301 sucessfully passed !
	Initialyzed swapped data for i = 299, j = 302 sucessfully passed !
	Initialyzed swapped data for i = 299, j = 303 sucessfully passed !
	Initialyzed swapped data for i = 299, j = 304 sucessfully passed !
	Initialyzed swapped data for i = 299, j = 305 sucessfully passed !
	Initialyzed swapped data for i = 299, j = 306 sucessfully passed !
	Initialyzed swapped data for i = 299, j = 307 sucessfully passed !
	Initialyzed swapped data for i = 299, j = 308 sucessfully passed !
	Initialyzed swapped data for i = 299, j = 309 sucessfully passed !
	Initialyzed swapped data for i = 299, j = 310 sucessfully passed !
	Initialyzed swapped data for i = 299, j = 311 sucessfully passed !
	Initialyzed swapped data for i = 299, j = 312 sucessfully passed !
	Initialyzed swapped data for i = 299, j = 313 sucessfully passed !
	Initialyzed swapped data for i = 299, j = 314 sucessfully passed !
	Initialyzed swapped data for i = 299, j = 315 sucessfully passed !
	Initialyzed swapped data for i = 299, j = 316 sucessfully passed !
	Initialyzed swapped data for i = 299, j = 317 sucessfully passed !
	Initialyzed swapped data for i = 299, j = 318 sucessfully passed !
	Initialyzed swapped data for i = 299, j = 319 sucessfully passed !
	Initialyzed swapped data for i = 299, j = 320 sucessfully passed !
	Initialyzed swapped data for i = 299, j = 321 sucessfully passed !
	Initialyzed swapped data for i = 299, j = 322 sucessfully passed !
	Initialyzed swapped data for i = 299, j = 323 sucessfully passed !
	Initialyzed swapped data for i = 299, j = 324 sucessfully passed !
	Initialyzed swapped data for i = 299, j = 325 sucessfully passed !
	Initialyzed swapped data for i = 299, j = 326 sucessfully passed !
	Initialyzed swapped data for i = 299, j = 327 sucessfully passed !
	Initialyzed swapped data for i = 299, j = 328 sucessfully passed !
	Initialyzed swapped data for i = 299, j = 329 sucessfully passed !
	Initialyzed swapped data for i = 299, j = 330 sucessfully passed !
	Initialyzed swapped data for i = 299, j = 331 sucessfully passed !
	Initialyzed swapped data for i = 299, j = 332 sucessfully passed !
	Initialyzed swapped data for i = 299, j = 333 sucessfully passed !
	Initialyzed swapped data for i = 299, j = 334 sucessfully passed !
	Initialyzed swapped data for i = 299, j = 335 sucessfully passed !
	Initialyzed swapped data for i = 299, j = 336 sucessfully passed !
	Initialyzed swapped data for i = 299, j = 337 sucessfully passed !
	Initialyzed swapped data for i = 299, j = 338 sucessfully passed !
	Initialyzed swapped data for i = 299, j = 339 sucessfully passed !
	Initialyzed swapped data for i = 299, j = 340 sucessfully passed !
	Initialyzed swapped data for i = 299, j = 341 sucessfully passed !
	Initialyzed swapped data for i = 299, j = 342 sucessfully passed !
	Initialyzed swapped data for i = 299, j = 343 sucessfully passed !
	Initialyzed swapped data for i = 299, j = 344 sucessfully passed !
	Initialyzed swapped data for i = 299, j = 345 sucessfully passed !
	Initialyzed swapped data for i = 299, j = 346 sucessfully passed !
	Initialyzed swapped data for i = 299, j = 347 sucessfully passed !
	Initialyzed swapped data for i = 299, j = 348 sucessfully passed !
	Initialyzed swapped data for i = 299, j = 349 sucessfully passed !
	Initialyzed swapped data for i = 299, j = 350 sucessfully passed !
	Initialyzed swapped data for i = 299, j = 351 sucessfully passed !
	Initialyzed swapped data for i = 299, j = 352 sucessfully passed !
	Initialyzed swapped data for i = 299, j = 353 sucessfully passed !
	Initialyzed swapped data for i = 299, j = 354 sucessfully passed !
	Initialyzed swapped data for i = 299, j = 355 sucessfully passed !
	Initialyzed swapped data for i = 299, j = 356 sucessfully passed !
	Initialyzed swapped data for i = 299, j = 357 sucessfully passed !
	Initialyzed swapped data for i = 299, j = 358 sucessfully passed !
	Initialyzed swapped data for i = 299, j = 359 sucessfully passed !
	Initialyzed swapped data for i = 299, j = 360 sucessfully passed !
	Initialyzed swapped data for i = 299, j = 361 sucessfully passed !
	Initialyzed swapped data for i = 299, j = 362 sucessfully passed !
	Initialyzed swapped data for i = 299, j = 363 sucessfully passed !
	Initialyzed swapped data for i = 299, j = 364 sucessfully passed !
	Initialyzed swapped data for i = 299, j = 365 sucessfully passed !
	Initialyzed swapped data for i = 299, j = 366 sucessfully passed !
	Initialyzed swapped data for i = 299, j = 367 sucessfully passed !
	Initialyzed swapped data for i = 299, j = 368 sucessfully passed !
	Initialyzed swapped data for i = 299, j = 369 sucessfully passed !
	Initialyzed swapped data for i = 299, j = 370 sucessfully passed !
	Initialyzed swapped data for i = 299, j = 371 sucessfully passed !
	Initialyzed swapped data for i = 299, j = 372 sucessfully passed !
	Initialyzed swapped data for i = 299, j = 373 sucessfully passed !
	Initialyzed swapped data for i = 299, j = 374 sucessfully passed !
	Initialyzed swapped data for i = 299, j = 375 sucessfully passed !
	Initialyzed swapped data for i = 299, j = 376 sucessfully passed !
	Initialyzed swapped data for i = 299, j = 377 sucessfully passed !
	Initialyzed swapped data for i = 299, j = 378 sucessfully passed !
	Initialyzed swapped data for i = 299, j = 379 sucessfully passed !
	Initialyzed swapped data for i = 299, j = 380 sucessfully passed !
	Initialyzed swapped data for i = 299, j = 381 sucessfully passed !
	Initialyzed swapped data for i = 299, j = 382 sucessfully passed !
	Initialyzed swapped data for i = 299, j = 383 sucessfully passed !
	Initialyzed swapped data for i = 299, j = 384 sucessfully passed !
	Initialyzed swapped data for i = 299, j = 385 sucessfully passed !
	Initialyzed swapped data for i = 299, j = 386 sucessfully passed !
	Initialyzed swapped data for i = 299, j = 387 sucessfully passed !
	Initialyzed swapped data for i = 299, j = 388 sucessfully passed !
	Initialyzed swapped data for i = 299, j = 389 sucessfully passed !
	Initialyzed swapped data for i = 299, j = 390 sucessfully passed !
	Initialyzed swapped data for i = 299, j = 391 sucessfully passed !
	Initialyzed swapped data for i = 299, j = 392 sucessfully passed !
	Initialyzed swapped data for i = 299, j = 393 sucessfully passed !
	Initialyzed swapped data for i = 299, j = 394 sucessfully passed !
	Initialyzed swapped data for i = 299, j = 395 sucessfully passed !
	Initialyzed swapped data for i = 299, j = 396 sucessfully passed !
	Initialyzed swapped data for i = 299, j = 397 sucessfully passed !
	Initialyzed swapped data for i = 299, j = 398 sucessfully passed !
	Initialyzed swapped data for i = 299, j = 399 sucessfully passed !
	Initialyzed swapped data for i = 299, j = 400 sucessfully passed !
	Initialyzed swapped data for i = 299, j = 401 sucessfully passed !
	Initialyzed swapped data for i = 299, j = 402 sucessfully passed !
	Initialyzed swapped data for i = 299, j = 403 sucessfully passed !
	Initialyzed swapped data for i = 299, j = 404 sucessfully passed !
	Initialyzed swapped data for i = 299, j = 405 sucessfully passed !
	Initialyzed swapped data for i = 299, j = 406 sucessfully passed !
	Initialyzed swapped data for i = 299, j = 407 sucessfully passed !
	Initialyzed swapped data for i = 299, j = 408 sucessfully passed !
	Initialyzed swapped data for i = 299, j = 409 sucessfully passed !
	Initialyzed swapped data for i = 299, j = 410 sucessfully passed !
	Initialyzed swapped data for i = 299, j = 411 sucessfully passed !
	Initialyzed swapped data for i = 299, j = 412 sucessfully passed !
	Initialyzed swapped data for i = 299, j = 413 sucessfully passed !
	Initialyzed swapped data for i = 299, j = 414 sucessfully passed !
	Initialyzed swapped data for i = 299, j = 415 sucessfully passed !
	Initialyzed swapped data for i = 299, j = 416 sucessfully passed !
	Initialyzed swapped data for i = 299, j = 417 sucessfully passed !
	Initialyzed swapped data for i = 299, j = 418 sucessfully passed !
	Initialyzed swapped data for i = 299, j = 419 sucessfully passed !
	Initialyzed swapped data for i = 299, j = 420 sucessfully passed !
	Initialyzed swapped data for i = 299, j = 421 sucessfully passed !
	Initialyzed swapped data for i = 299, j = 422 sucessfully passed !
	Initialyzed swapped data for i = 299, j = 423 sucessfully passed !
	Initialyzed swapped data for i = 299, j = 424 sucessfully passed !
	Initialyzed swapped data for i = 299, j = 425 sucessfully passed !
	Initialyzed swapped data for i = 299, j = 426 sucessfully passed !
	Initialyzed swapped data for i = 299, j = 427 sucessfully passed !
	Initialyzed swapped data for i = 299, j = 428 sucessfully passed !
	Initialyzed swapped data for i = 299, j = 429 sucessfully passed !
	Initialyzed swapped data for i = 299, j = 430 sucessfully passed !
	Initialyzed swapped data for i = 299, j = 431 sucessfully passed !
	Initialyzed swapped data for i = 299, j = 432 sucessfully passed !
	Initialyzed swapped data for i = 299, j = 433 sucessfully passed !
	Initialyzed swapped data for i = 300, j = 301 sucessfully passed !
	Initialyzed swapped data for i = 300, j = 302 sucessfully passed !
	Initialyzed swapped data for i = 300, j = 303 sucessfully passed !
	Initialyzed swapped data for i = 300, j = 304 sucessfully passed !
	Initialyzed swapped data for i = 300, j = 305 sucessfully passed !
	Initialyzed swapped data for i = 300, j = 306 sucessfully passed !
	Initialyzed swapped data for i = 300, j = 307 sucessfully passed !
	Initialyzed swapped data for i = 300, j = 308 sucessfully passed !
	Initialyzed swapped data for i = 300, j = 309 sucessfully passed !
	Initialyzed swapped data for i = 300, j = 310 sucessfully passed !
	Initialyzed swapped data for i = 300, j = 311 sucessfully passed !
	Initialyzed swapped data for i = 300, j = 312 sucessfully passed !
	Initialyzed swapped data for i = 300, j = 313 sucessfully passed !
	Initialyzed swapped data for i = 300, j = 314 sucessfully passed !
	Initialyzed swapped data for i = 300, j = 315 sucessfully passed !
	Initialyzed swapped data for i = 300, j = 316 sucessfully passed !
	Initialyzed swapped data for i = 300, j = 317 sucessfully passed !
	Initialyzed swapped data for i = 300, j = 318 sucessfully passed !
	Initialyzed swapped data for i = 300, j = 319 sucessfully passed !
	Initialyzed swapped data for i = 300, j = 320 sucessfully passed !
	Initialyzed swapped data for i = 300, j = 321 sucessfully passed !
	Initialyzed swapped data for i = 300, j = 322 sucessfully passed !
	Initialyzed swapped data for i = 300, j = 323 sucessfully passed !
	Initialyzed swapped data for i = 300, j = 324 sucessfully passed !
	Initialyzed swapped data for i = 300, j = 325 sucessfully passed !
	Initialyzed swapped data for i = 300, j = 326 sucessfully passed !
	Initialyzed swapped data for i = 300, j = 327 sucessfully passed !
	Initialyzed swapped data for i = 300, j = 328 sucessfully passed !
	Initialyzed swapped data for i = 300, j = 329 sucessfully passed !
	Initialyzed swapped data for i = 300, j = 330 sucessfully passed !
	Initialyzed swapped data for i = 300, j = 331 sucessfully passed !
	Initialyzed swapped data for i = 300, j = 332 sucessfully passed !
	Initialyzed swapped data for i = 300, j = 333 sucessfully passed !
	Initialyzed swapped data for i = 300, j = 334 sucessfully passed !
	Initialyzed swapped data for i = 300, j = 335 sucessfully passed !
	Initialyzed swapped data for i = 300, j = 336 sucessfully passed !
	Initialyzed swapped data for i = 300, j = 337 sucessfully passed !
	Initialyzed swapped data for i = 300, j = 338 sucessfully passed !
	Initialyzed swapped data for i = 300, j = 339 sucessfully passed !
	Initialyzed swapped data for i = 300, j = 340 sucessfully passed !
	Initialyzed swapped data for i = 300, j = 341 sucessfully passed !
	Initialyzed swapped data for i = 300, j = 342 sucessfully passed !
	Initialyzed swapped data for i = 300, j = 343 sucessfully passed !
	Initialyzed swapped data for i = 300, j = 344 sucessfully passed !
	Initialyzed swapped data for i = 300, j = 345 sucessfully passed !
	Initialyzed swapped data for i = 300, j = 346 sucessfully passed !
	Initialyzed swapped data for i = 300, j = 347 sucessfully passed !
	Initialyzed swapped data for i = 300, j = 348 sucessfully passed !
	Initialyzed swapped data for i = 300, j = 349 sucessfully passed !
	Initialyzed swapped data for i = 300, j = 350 sucessfully passed !
	Initialyzed swapped data for i = 300, j = 351 sucessfully passed !
	Initialyzed swapped data for i = 300, j = 352 sucessfully passed !
	Initialyzed swapped data for i = 300, j = 353 sucessfully passed !
	Initialyzed swapped data for i = 300, j = 354 sucessfully passed !
	Initialyzed swapped data for i = 300, j = 355 sucessfully passed !
	Initialyzed swapped data for i = 300, j = 356 sucessfully passed !
	Initialyzed swapped data for i = 300, j = 357 sucessfully passed !
	Initialyzed swapped data for i = 300, j = 358 sucessfully passed !
	Initialyzed swapped data for i = 300, j = 359 sucessfully passed !
	Initialyzed swapped data for i = 300, j = 360 sucessfully passed !
	Initialyzed swapped data for i = 300, j = 361 sucessfully passed !
	Initialyzed swapped data for i = 300, j = 362 sucessfully passed !
	Initialyzed swapped data for i = 300, j = 363 sucessfully passed !
	Initialyzed swapped data for i = 300, j = 364 sucessfully passed !
	Initialyzed swapped data for i = 300, j = 365 sucessfully passed !
	Initialyzed swapped data for i = 300, j = 366 sucessfully passed !
	Initialyzed swapped data for i = 300, j = 367 sucessfully passed !
	Initialyzed swapped data for i = 300, j = 368 sucessfully passed !
	Initialyzed swapped data for i = 300, j = 369 sucessfully passed !
	Initialyzed swapped data for i = 300, j = 370 sucessfully passed !
	Initialyzed swapped data for i = 300, j = 371 sucessfully passed !
	Initialyzed swapped data for i = 300, j = 372 sucessfully passed !
	Initialyzed swapped data for i = 300, j = 373 sucessfully passed !
	Initialyzed swapped data for i = 300, j = 374 sucessfully passed !
	Initialyzed swapped data for i = 300, j = 375 sucessfully passed !
	Initialyzed swapped data for i = 300, j = 376 sucessfully passed !
	Initialyzed swapped data for i = 300, j = 377 sucessfully passed !
	Initialyzed swapped data for i = 300, j = 378 sucessfully passed !
	Initialyzed swapped data for i = 300, j = 379 sucessfully passed !
	Initialyzed swapped data for i = 300, j = 380 sucessfully passed !
	Initialyzed swapped data for i = 300, j = 381 sucessfully passed !
	Initialyzed swapped data for i = 300, j = 382 sucessfully passed !
	Initialyzed swapped data for i = 300, j = 383 sucessfully passed !
	Initialyzed swapped data for i = 300, j = 384 sucessfully passed !
	Initialyzed swapped data for i = 300, j = 385 sucessfully passed !
	Initialyzed swapped data for i = 300, j = 386 sucessfully passed !
	Initialyzed swapped data for i = 300, j = 387 sucessfully passed !
	Initialyzed swapped data for i = 300, j = 388 sucessfully passed !
	Initialyzed swapped data for i = 300, j = 389 sucessfully passed !
	Initialyzed swapped data for i = 300, j = 390 sucessfully passed !
	Initialyzed swapped data for i = 300, j = 391 sucessfully passed !
	Initialyzed swapped data for i = 300, j = 392 sucessfully passed !
	Initialyzed swapped data for i = 300, j = 393 sucessfully passed !
	Initialyzed swapped data for i = 300, j = 394 sucessfully passed !
	Initialyzed swapped data for i = 300, j = 395 sucessfully passed !
	Initialyzed swapped data for i = 300, j = 396 sucessfully passed !
	Initialyzed swapped data for i = 300, j = 397 sucessfully passed !
	Initialyzed swapped data for i = 300, j = 398 sucessfully passed !
	Initialyzed swapped data for i = 300, j = 399 sucessfully passed !
	Initialyzed swapped data for i = 300, j = 400 sucessfully passed !
	Initialyzed swapped data for i = 300, j = 401 sucessfully passed !
	Initialyzed swapped data for i = 300, j = 402 sucessfully passed !
	Initialyzed swapped data for i = 300, j = 403 sucessfully passed !
	Initialyzed swapped data for i = 300, j = 404 sucessfully passed !
	Initialyzed swapped data for i = 300, j = 405 sucessfully passed !
	Initialyzed swapped data for i = 300, j = 406 sucessfully passed !
	Initialyzed swapped data for i = 300, j = 407 sucessfully passed !
	Initialyzed swapped data for i = 300, j = 408 sucessfully passed !
	Initialyzed swapped data for i = 300, j = 409 sucessfully passed !
	Initialyzed swapped data for i = 300, j = 410 sucessfully passed !
	Initialyzed swapped data for i = 300, j = 411 sucessfully passed !
	Initialyzed swapped data for i = 300, j = 412 sucessfully passed !
	Initialyzed swapped data for i = 300, j = 413 sucessfully passed !
	Initialyzed swapped data for i = 300, j = 414 sucessfully passed !
	Initialyzed swapped data for i = 300, j = 415 sucessfully passed !
	Initialyzed swapped data for i = 300, j = 416 sucessfully passed !
	Initialyzed swapped data for i = 300, j = 417 sucessfully passed !
	Initialyzed swapped data for i = 300, j = 418 sucessfully passed !
	Initialyzed swapped data for i = 300, j = 419 sucessfully passed !
	Initialyzed swapped data for i = 300, j = 420 sucessfully passed !
	Initialyzed swapped data for i = 300, j = 421 sucessfully passed !
	Initialyzed swapped data for i = 300, j = 422 sucessfully passed !
	Initialyzed swapped data for i = 300, j = 423 sucessfully passed !
	Initialyzed swapped data for i = 300, j = 424 sucessfully passed !
	Initialyzed swapped data for i = 300, j = 425 sucessfully passed !
	Initialyzed swapped data for i = 300, j = 426 sucessfully passed !
	Initialyzed swapped data for i = 300, j = 427 sucessfully passed !
	Initialyzed swapped data for i = 300, j = 428 sucessfully passed !
	Initialyzed swapped data for i = 300, j = 429 sucessfully passed !
	Initialyzed swapped data for i = 300, j = 430 sucessfully passed !
	Initialyzed swapped data for i = 300, j = 431 sucessfully passed !
	Initialyzed swapped data for i = 300, j = 432 sucessfully passed !
	Initialyzed swapped data for i = 300, j = 433 sucessfully passed !
	Initialyzed swapped data for i = 301, j = 302 sucessfully passed !
	Initialyzed swapped data for i = 301, j = 303 sucessfully passed !
	Initialyzed swapped data for i = 301, j = 304 sucessfully passed !
	Initialyzed swapped data for i = 301, j = 305 sucessfully passed !
	Initialyzed swapped data for i = 301, j = 306 sucessfully passed !
	Initialyzed swapped data for i = 301, j = 307 sucessfully passed !
	Initialyzed swapped data for i = 301, j = 308 sucessfully passed !
	Initialyzed swapped data for i = 301, j = 309 sucessfully passed !
	Initialyzed swapped data for i = 301, j = 310 sucessfully passed !
	Initialyzed swapped data for i = 301, j = 311 sucessfully passed !
	Initialyzed swapped data for i = 301, j = 312 sucessfully passed !
	Initialyzed swapped data for i = 301, j = 313 sucessfully passed !
	Initialyzed swapped data for i = 301, j = 314 sucessfully passed !
	Initialyzed swapped data for i = 301, j = 315 sucessfully passed !
	Initialyzed swapped data for i = 301, j = 316 sucessfully passed !
	Initialyzed swapped data for i = 301, j = 317 sucessfully passed !
	Initialyzed swapped data for i = 301, j = 318 sucessfully passed !
	Initialyzed swapped data for i = 301, j = 319 sucessfully passed !
	Initialyzed swapped data for i = 301, j = 320 sucessfully passed !
	Initialyzed swapped data for i = 301, j = 321 sucessfully passed !
	Initialyzed swapped data for i = 301, j = 322 sucessfully passed !
	Initialyzed swapped data for i = 301, j = 323 sucessfully passed !
	Initialyzed swapped data for i = 301, j = 324 sucessfully passed !
	Initialyzed swapped data for i = 301, j = 325 sucessfully passed !
	Initialyzed swapped data for i = 301, j = 326 sucessfully passed !
	Initialyzed swapped data for i = 301, j = 327 sucessfully passed !
	Initialyzed swapped data for i = 301, j = 328 sucessfully passed !
	Initialyzed swapped data for i = 301, j = 329 sucessfully passed !
	Initialyzed swapped data for i = 301, j = 330 sucessfully passed !
	Initialyzed swapped data for i = 301, j = 331 sucessfully passed !
	Initialyzed swapped data for i = 301, j = 332 sucessfully passed !
	Initialyzed swapped data for i = 301, j = 333 sucessfully passed !
	Initialyzed swapped data for i = 301, j = 334 sucessfully passed !
	Initialyzed swapped data for i = 301, j = 335 sucessfully passed !
	Initialyzed swapped data for i = 301, j = 336 sucessfully passed !
	Initialyzed swapped data for i = 301, j = 337 sucessfully passed !
	Initialyzed swapped data for i = 301, j = 338 sucessfully passed !
	Initialyzed swapped data for i = 301, j = 339 sucessfully passed !
	Initialyzed swapped data for i = 301, j = 340 sucessfully passed !
	Initialyzed swapped data for i = 301, j = 341 sucessfully passed !
	Initialyzed swapped data for i = 301, j = 342 sucessfully passed !
	Initialyzed swapped data for i = 301, j = 343 sucessfully passed !
	Initialyzed swapped data for i = 301, j = 344 sucessfully passed !
	Initialyzed swapped data for i = 301, j = 345 sucessfully passed !
	Initialyzed swapped data for i = 301, j = 346 sucessfully passed !
	Initialyzed swapped data for i = 301, j = 347 sucessfully passed !
	Initialyzed swapped data for i = 301, j = 348 sucessfully passed !
	Initialyzed swapped data for i = 301, j = 349 sucessfully passed !
	Initialyzed swapped data for i = 301, j = 350 sucessfully passed !
	Initialyzed swapped data for i = 301, j = 351 sucessfully passed !
	Initialyzed swapped data for i = 301, j = 352 sucessfully passed !
	Initialyzed swapped data for i = 301, j = 353 sucessfully passed !
	Initialyzed swapped data for i = 301, j = 354 sucessfully passed !
	Initialyzed swapped data for i = 301, j = 355 sucessfully passed !
	Initialyzed swapped data for i = 301, j = 356 sucessfully passed !
	Initialyzed swapped data for i = 301, j = 357 sucessfully passed !
	Initialyzed swapped data for i = 301, j = 358 sucessfully passed !
	Initialyzed swapped data for i = 301, j = 359 sucessfully passed !
	Initialyzed swapped data for i = 301, j = 360 sucessfully passed !
	Initialyzed swapped data for i = 301, j = 361 sucessfully passed !
	Initialyzed swapped data for i = 301, j = 362 sucessfully passed !
	Initialyzed swapped data for i = 301, j = 363 sucessfully passed !
	Initialyzed swapped data for i = 301, j = 364 sucessfully passed !
	Initialyzed swapped data for i = 301, j = 365 sucessfully passed !
	Initialyzed swapped data for i = 301, j = 366 sucessfully passed !
	Initialyzed swapped data for i = 301, j = 367 sucessfully passed !
	Initialyzed swapped data for i = 301, j = 368 sucessfully passed !
	Initialyzed swapped data for i = 301, j = 369 sucessfully passed !
	Initialyzed swapped data for i = 301, j = 370 sucessfully passed !
	Initialyzed swapped data for i = 301, j = 371 sucessfully passed !
	Initialyzed swapped data for i = 301, j = 372 sucessfully passed !
	Initialyzed swapped data for i = 301, j = 373 sucessfully passed !
	Initialyzed swapped data for i = 301, j = 374 sucessfully passed !
	Initialyzed swapped data for i = 301, j = 375 sucessfully passed !
	Initialyzed swapped data for i = 301, j = 376 sucessfully passed !
	Initialyzed swapped data for i = 301, j = 377 sucessfully passed !
	Initialyzed swapped data for i = 301, j = 378 sucessfully passed !
	Initialyzed swapped data for i = 301, j = 379 sucessfully passed !
	Initialyzed swapped data for i = 301, j = 380 sucessfully passed !
	Initialyzed swapped data for i = 301, j = 381 sucessfully passed !
	Initialyzed swapped data for i = 301, j = 382 sucessfully passed !
	Initialyzed swapped data for i = 301, j = 383 sucessfully passed !
	Initialyzed swapped data for i = 301, j = 384 sucessfully passed !
	Initialyzed swapped data for i = 301, j = 385 sucessfully passed !
	Initialyzed swapped data for i = 301, j = 386 sucessfully passed !
	Initialyzed swapped data for i = 301, j = 387 sucessfully passed !
	Initialyzed swapped data for i = 301, j = 388 sucessfully passed !
	Initialyzed swapped data for i = 301, j = 389 sucessfully passed !
	Initialyzed swapped data for i = 301, j = 390 sucessfully passed !
	Initialyzed swapped data for i = 301, j = 391 sucessfully passed !
	Initialyzed swapped data for i = 301, j = 392 sucessfully passed !
	Initialyzed swapped data for i = 301, j = 393 sucessfully passed !
	Initialyzed swapped data for i = 301, j = 394 sucessfully passed !
	Initialyzed swapped data for i = 301, j = 395 sucessfully passed !
	Initialyzed swapped data for i = 301, j = 396 sucessfully passed !
	Initialyzed swapped data for i = 301, j = 397 sucessfully passed !
	Initialyzed swapped data for i = 301, j = 398 sucessfully passed !
	Initialyzed swapped data for i = 301, j = 399 sucessfully passed !
	Initialyzed swapped data for i = 301, j = 400 sucessfully passed !
	Initialyzed swapped data for i = 301, j = 401 sucessfully passed !
	Initialyzed swapped data for i = 301, j = 402 sucessfully passed !
	Initialyzed swapped data for i = 301, j = 403 sucessfully passed !
	Initialyzed swapped data for i = 301, j = 404 sucessfully passed !
	Initialyzed swapped data for i = 301, j = 405 sucessfully passed !
	Initialyzed swapped data for i = 301, j = 406 sucessfully passed !
	Initialyzed swapped data for i = 301, j = 407 sucessfully passed !
	Initialyzed swapped data for i = 301, j = 408 sucessfully passed !
	Initialyzed swapped data for i = 301, j = 409 sucessfully passed !
	Initialyzed swapped data for i = 301, j = 410 sucessfully passed !
	Initialyzed swapped data for i = 301, j = 411 sucessfully passed !
	Initialyzed swapped data for i = 301, j = 412 sucessfully passed !
	Initialyzed swapped data for i = 301, j = 413 sucessfully passed !
	Initialyzed swapped data for i = 301, j = 414 sucessfully passed !
	Initialyzed swapped data for i = 301, j = 415 sucessfully passed !
	Initialyzed swapped data for i = 301, j = 416 sucessfully passed !
	Initialyzed swapped data for i = 301, j = 417 sucessfully passed !
	Initialyzed swapped data for i = 301, j = 418 sucessfully passed !
	Initialyzed swapped data for i = 301, j = 419 sucessfully passed !
	Initialyzed swapped data for i = 301, j = 420 sucessfully passed !
	Initialyzed swapped data for i = 301, j = 421 sucessfully passed !
	Initialyzed swapped data for i = 301, j = 422 sucessfully passed !
	Initialyzed swapped data for i = 301, j = 423 sucessfully passed !
	Initialyzed swapped data for i = 301, j = 424 sucessfully passed !
	Initialyzed swapped data for i = 301, j = 425 sucessfully passed !
	Initialyzed swapped data for i = 301, j = 426 sucessfully passed !
	Initialyzed swapped data for i = 301, j = 427 sucessfully passed !
	Initialyzed swapped data for i = 301, j = 428 sucessfully passed !
	Initialyzed swapped data for i = 301, j = 429 sucessfully passed !
	Initialyzed swapped data for i = 301, j = 430 sucessfully passed !
	Initialyzed swapped data for i = 301, j = 431 sucessfully passed !
	Initialyzed swapped data for i = 301, j = 432 sucessfully passed !
	Initialyzed swapped data for i = 301, j = 433 sucessfully passed !
	Initialyzed swapped data for i = 302, j = 303 sucessfully passed !
	Initialyzed swapped data for i = 302, j = 304 sucessfully passed !
	Initialyzed swapped data for i = 302, j = 305 sucessfully passed !
	Initialyzed swapped data for i = 302, j = 306 sucessfully passed !
	Initialyzed swapped data for i = 302, j = 307 sucessfully passed !
	Initialyzed swapped data for i = 302, j = 308 sucessfully passed !
	Initialyzed swapped data for i = 302, j = 309 sucessfully passed !
	Initialyzed swapped data for i = 302, j = 310 sucessfully passed !
	Initialyzed swapped data for i = 302, j = 311 sucessfully passed !
	Initialyzed swapped data for i = 302, j = 312 sucessfully passed !
	Initialyzed swapped data for i = 302, j = 313 sucessfully passed !
	Initialyzed swapped data for i = 302, j = 314 sucessfully passed !
	Initialyzed swapped data for i = 302, j = 315 sucessfully passed !
	Initialyzed swapped data for i = 302, j = 316 sucessfully passed !
	Initialyzed swapped data for i = 302, j = 317 sucessfully passed !
	Initialyzed swapped data for i = 302, j = 318 sucessfully passed !
	Initialyzed swapped data for i = 302, j = 319 sucessfully passed !
	Initialyzed swapped data for i = 302, j = 320 sucessfully passed !
	Initialyzed swapped data for i = 302, j = 321 sucessfully passed !
	Initialyzed swapped data for i = 302, j = 322 sucessfully passed !
	Initialyzed swapped data for i = 302, j = 323 sucessfully passed !
	Initialyzed swapped data for i = 302, j = 324 sucessfully passed !
	Initialyzed swapped data for i = 302, j = 325 sucessfully passed !
	Initialyzed swapped data for i = 302, j = 326 sucessfully passed !
	Initialyzed swapped data for i = 302, j = 327 sucessfully passed !
	Initialyzed swapped data for i = 302, j = 328 sucessfully passed !
	Initialyzed swapped data for i = 302, j = 329 sucessfully passed !
	Initialyzed swapped data for i = 302, j = 330 sucessfully passed !
	Initialyzed swapped data for i = 302, j = 331 sucessfully passed !
	Initialyzed swapped data for i = 302, j = 332 sucessfully passed !
	Initialyzed swapped data for i = 302, j = 333 sucessfully passed !
	Initialyzed swapped data for i = 302, j = 334 sucessfully passed !
	Initialyzed swapped data for i = 302, j = 335 sucessfully passed !
	Initialyzed swapped data for i = 302, j = 336 sucessfully passed !
	Initialyzed swapped data for i = 302, j = 337 sucessfully passed !
	Initialyzed swapped data for i = 302, j = 338 sucessfully passed !
	Initialyzed swapped data for i = 302, j = 339 sucessfully passed !
	Initialyzed swapped data for i = 302, j = 340 sucessfully passed !
	Initialyzed swapped data for i = 302, j = 341 sucessfully passed !
	Initialyzed swapped data for i = 302, j = 342 sucessfully passed !
	Initialyzed swapped data for i = 302, j = 343 sucessfully passed !
	Initialyzed swapped data for i = 302, j = 344 sucessfully passed !
	Initialyzed swapped data for i = 302, j = 345 sucessfully passed !
	Initialyzed swapped data for i = 302, j = 346 sucessfully passed !
	Initialyzed swapped data for i = 302, j = 347 sucessfully passed !
	Initialyzed swapped data for i = 302, j = 348 sucessfully passed !
	Initialyzed swapped data for i = 302, j = 349 sucessfully passed !
	Initialyzed swapped data for i = 302, j = 350 sucessfully passed !
	Initialyzed swapped data for i = 302, j = 351 sucessfully passed !
	Initialyzed swapped data for i = 302, j = 352 sucessfully passed !
	Initialyzed swapped data for i = 302, j = 353 sucessfully passed !
	Initialyzed swapped data for i = 302, j = 354 sucessfully passed !
	Initialyzed swapped data for i = 302, j = 355 sucessfully passed !
	Initialyzed swapped data for i = 302, j = 356 sucessfully passed !
	Initialyzed swapped data for i = 302, j = 357 sucessfully passed !
	Initialyzed swapped data for i = 302, j = 358 sucessfully passed !
	Initialyzed swapped data for i = 302, j = 359 sucessfully passed !
	Initialyzed swapped data for i = 302, j = 360 sucessfully passed !
	Initialyzed swapped data for i = 302, j = 361 sucessfully passed !
	Initialyzed swapped data for i = 302, j = 362 sucessfully passed !
	Initialyzed swapped data for i = 302, j = 363 sucessfully passed !
	Initialyzed swapped data for i = 302, j = 364 sucessfully passed !
	Initialyzed swapped data for i = 302, j = 365 sucessfully passed !
	Initialyzed swapped data for i = 302, j = 366 sucessfully passed !
	Initialyzed swapped data for i = 302, j = 367 sucessfully passed !
	Initialyzed swapped data for i = 302, j = 368 sucessfully passed !
	Initialyzed swapped data for i = 302, j = 369 sucessfully passed !
	Initialyzed swapped data for i = 302, j = 370 sucessfully passed !
	Initialyzed swapped data for i = 302, j = 371 sucessfully passed !
	Initialyzed swapped data for i = 302, j = 372 sucessfully passed !
	Initialyzed swapped data for i = 302, j = 373 sucessfully passed !
	Initialyzed swapped data for i = 302, j = 374 sucessfully passed !
	Initialyzed swapped data for i = 302, j = 375 sucessfully passed !
	Initialyzed swapped data for i = 302, j = 376 sucessfully passed !
	Initialyzed swapped data for i = 302, j = 377 sucessfully passed !
	Initialyzed swapped data for i = 302, j = 378 sucessfully passed !
	Initialyzed swapped data for i = 302, j = 379 sucessfully passed !
	Initialyzed swapped data for i = 302, j = 380 sucessfully passed !
	Initialyzed swapped data for i = 302, j = 381 sucessfully passed !
	Initialyzed swapped data for i = 302, j = 382 sucessfully passed !
	Initialyzed swapped data for i = 302, j = 383 sucessfully passed !
	Initialyzed swapped data for i = 302, j = 384 sucessfully passed !
	Initialyzed swapped data for i = 302, j = 385 sucessfully passed !
	Initialyzed swapped data for i = 302, j = 386 sucessfully passed !
	Initialyzed swapped data for i = 302, j = 387 sucessfully passed !
	Initialyzed swapped data for i = 302, j = 388 sucessfully passed !
	Initialyzed swapped data for i = 302, j = 389 sucessfully passed !
	Initialyzed swapped data for i = 302, j = 390 sucessfully passed !
	Initialyzed swapped data for i = 302, j = 391 sucessfully passed !
	Initialyzed swapped data for i = 302, j = 392 sucessfully passed !
	Initialyzed swapped data for i = 302, j = 393 sucessfully passed !
	Initialyzed swapped data for i = 302, j = 394 sucessfully passed !
	Initialyzed swapped data for i = 302, j = 395 sucessfully passed !
	Initialyzed swapped data for i = 302, j = 396 sucessfully passed !
	Initialyzed swapped data for i = 302, j = 397 sucessfully passed !
	Initialyzed swapped data for i = 302, j = 398 sucessfully passed !
	Initialyzed swapped data for i = 302, j = 399 sucessfully passed !
	Initialyzed swapped data for i = 302, j = 400 sucessfully passed !
	Initialyzed swapped data for i = 302, j = 401 sucessfully passed !
	Initialyzed swapped data for i = 302, j = 402 sucessfully passed !
	Initialyzed swapped data for i = 302, j = 403 sucessfully passed !
	Initialyzed swapped data for i = 302, j = 404 sucessfully passed !
	Initialyzed swapped data for i = 302, j = 405 sucessfully passed !
	Initialyzed swapped data for i = 302, j = 406 sucessfully passed !
	Initialyzed swapped data for i = 302, j = 407 sucessfully passed !
	Initialyzed swapped data for i = 302, j = 408 sucessfully passed !
	Initialyzed swapped data for i = 302, j = 409 sucessfully passed !
	Initialyzed swapped data for i = 302, j = 410 sucessfully passed !
	Initialyzed swapped data for i = 302, j = 411 sucessfully passed !
	Initialyzed swapped data for i = 302, j = 412 sucessfully passed !
	Initialyzed swapped data for i = 302, j = 413 sucessfully passed !
	Initialyzed swapped data for i = 302, j = 414 sucessfully passed !
	Initialyzed swapped data for i = 302, j = 415 sucessfully passed !
	Initialyzed swapped data for i = 302, j = 416 sucessfully passed !
	Initialyzed swapped data for i = 302, j = 417 sucessfully passed !
	Initialyzed swapped data for i = 302, j = 418 sucessfully passed !
	Initialyzed swapped data for i = 302, j = 419 sucessfully passed !
	Initialyzed swapped data for i = 302, j = 420 sucessfully passed !
	Initialyzed swapped data for i = 302, j = 421 sucessfully passed !
	Initialyzed swapped data for i = 302, j = 422 sucessfully passed !
	Initialyzed swapped data for i = 302, j = 423 sucessfully passed !
	Initialyzed swapped data for i = 302, j = 424 sucessfully passed !
	Initialyzed swapped data for i = 302, j = 425 sucessfully passed !
	Initialyzed swapped data for i = 302, j = 426 sucessfully passed !
	Initialyzed swapped data for i = 302, j = 427 sucessfully passed !
	Initialyzed swapped data for i = 302, j = 428 sucessfully passed !
	Initialyzed swapped data for i = 302, j = 429 sucessfully passed !
	Initialyzed swapped data for i = 302, j = 430 sucessfully passed !
	Initialyzed swapped data for i = 302, j = 431 sucessfully passed !
	Initialyzed swapped data for i = 302, j = 432 sucessfully passed !
	Initialyzed swapped data for i = 302, j = 433 sucessfully passed !
	Initialyzed swapped data for i = 303, j = 304 sucessfully passed !
	Initialyzed swapped data for i = 303, j = 305 sucessfully passed !
	Initialyzed swapped data for i = 303, j = 306 sucessfully passed !
	Initialyzed swapped data for i = 303, j = 307 sucessfully passed !
	Initialyzed swapped data for i = 303, j = 308 sucessfully passed !
	Initialyzed swapped data for i = 303, j = 309 sucessfully passed !
	Initialyzed swapped data for i = 303, j = 310 sucessfully passed !
	Initialyzed swapped data for i = 303, j = 311 sucessfully passed !
	Initialyzed swapped data for i = 303, j = 312 sucessfully passed !
	Initialyzed swapped data for i = 303, j = 313 sucessfully passed !
	Initialyzed swapped data for i = 303, j = 314 sucessfully passed !
	Initialyzed swapped data for i = 303, j = 315 sucessfully passed !
	Initialyzed swapped data for i = 303, j = 316 sucessfully passed !
	Initialyzed swapped data for i = 303, j = 317 sucessfully passed !
	Initialyzed swapped data for i = 303, j = 318 sucessfully passed !
	Initialyzed swapped data for i = 303, j = 319 sucessfully passed !
	Initialyzed swapped data for i = 303, j = 320 sucessfully passed !
	Initialyzed swapped data for i = 303, j = 321 sucessfully passed !
	Initialyzed swapped data for i = 303, j = 322 sucessfully passed !
	Initialyzed swapped data for i = 303, j = 323 sucessfully passed !
	Initialyzed swapped data for i = 303, j = 324 sucessfully passed !
	Initialyzed swapped data for i = 303, j = 325 sucessfully passed !
	Initialyzed swapped data for i = 303, j = 326 sucessfully passed !
	Initialyzed swapped data for i = 303, j = 327 sucessfully passed !
	Initialyzed swapped data for i = 303, j = 328 sucessfully passed !
	Initialyzed swapped data for i = 303, j = 329 sucessfully passed !
	Initialyzed swapped data for i = 303, j = 330 sucessfully passed !
	Initialyzed swapped data for i = 303, j = 331 sucessfully passed !
	Initialyzed swapped data for i = 303, j = 332 sucessfully passed !
	Initialyzed swapped data for i = 303, j = 333 sucessfully passed !
	Initialyzed swapped data for i = 303, j = 334 sucessfully passed !
	Initialyzed swapped data for i = 303, j = 335 sucessfully passed !
	Initialyzed swapped data for i = 303, j = 336 sucessfully passed !
	Initialyzed swapped data for i = 303, j = 337 sucessfully passed !
	Initialyzed swapped data for i = 303, j = 338 sucessfully passed !
	Initialyzed swapped data for i = 303, j = 339 sucessfully passed !
	Initialyzed swapped data for i = 303, j = 340 sucessfully passed !
	Initialyzed swapped data for i = 303, j = 341 sucessfully passed !
	Initialyzed swapped data for i = 303, j = 342 sucessfully passed !
	Initialyzed swapped data for i = 303, j = 343 sucessfully passed !
	Initialyzed swapped data for i = 303, j = 344 sucessfully passed !
	Initialyzed swapped data for i = 303, j = 345 sucessfully passed !
	Initialyzed swapped data for i = 303, j = 346 sucessfully passed !
	Initialyzed swapped data for i = 303, j = 347 sucessfully passed !
	Initialyzed swapped data for i = 303, j = 348 sucessfully passed !
	Initialyzed swapped data for i = 303, j = 349 sucessfully passed !
	Initialyzed swapped data for i = 303, j = 350 sucessfully passed !
	Initialyzed swapped data for i = 303, j = 351 sucessfully passed !
	Initialyzed swapped data for i = 303, j = 352 sucessfully passed !
	Initialyzed swapped data for i = 303, j = 353 sucessfully passed !
	Initialyzed swapped data for i = 303, j = 354 sucessfully passed !
	Initialyzed swapped data for i = 303, j = 355 sucessfully passed !
	Initialyzed swapped data for i = 303, j = 356 sucessfully passed !
	Initialyzed swapped data for i = 303, j = 357 sucessfully passed !
	Initialyzed swapped data for i = 303, j = 358 sucessfully passed !
	Initialyzed swapped data for i = 303, j = 359 sucessfully passed !
	Initialyzed swapped data for i = 303, j = 360 sucessfully passed !
	Initialyzed swapped data for i = 303, j = 361 sucessfully passed !
	Initialyzed swapped data for i = 303, j = 362 sucessfully passed !
	Initialyzed swapped data for i = 303, j = 363 sucessfully passed !
	Initialyzed swapped data for i = 303, j = 364 sucessfully passed !
	Initialyzed swapped data for i = 303, j = 365 sucessfully passed !
	Initialyzed swapped data for i = 303, j = 366 sucessfully passed !
	Initialyzed swapped data for i = 303, j = 367 sucessfully passed !
	Initialyzed swapped data for i = 303, j = 368 sucessfully passed !
	Initialyzed swapped data for i = 303, j = 369 sucessfully passed !
	Initialyzed swapped data for i = 303, j = 370 sucessfully passed !
	Initialyzed swapped data for i = 303, j = 371 sucessfully passed !
	Initialyzed swapped data for i = 303, j = 372 sucessfully passed !
	Initialyzed swapped data for i = 303, j = 373 sucessfully passed !
	Initialyzed swapped data for i = 303, j = 374 sucessfully passed !
	Initialyzed swapped data for i = 303, j = 375 sucessfully passed !
	Initialyzed swapped data for i = 303, j = 376 sucessfully passed !
	Initialyzed swapped data for i = 303, j = 377 sucessfully passed !
	Initialyzed swapped data for i = 303, j = 378 sucessfully passed !
	Initialyzed swapped data for i = 303, j = 379 sucessfully passed !
	Initialyzed swapped data for i = 303, j = 380 sucessfully passed !
	Initialyzed swapped data for i = 303, j = 381 sucessfully passed !
	Initialyzed swapped data for i = 303, j = 382 sucessfully passed !
	Initialyzed swapped data for i = 303, j = 383 sucessfully passed !
	Initialyzed swapped data for i = 303, j = 384 sucessfully passed !
	Initialyzed swapped data for i = 303, j = 385 sucessfully passed !
	Initialyzed swapped data for i = 303, j = 386 sucessfully passed !
	Initialyzed swapped data for i = 303, j = 387 sucessfully passed !
	Initialyzed swapped data for i = 303, j = 388 sucessfully passed !
	Initialyzed swapped data for i = 303, j = 389 sucessfully passed !
	Initialyzed swapped data for i = 303, j = 390 sucessfully passed !
	Initialyzed swapped data for i = 303, j = 391 sucessfully passed !
	Initialyzed swapped data for i = 303, j = 392 sucessfully passed !
	Initialyzed swapped data for i = 303, j = 393 sucessfully passed !
	Initialyzed swapped data for i = 303, j = 394 sucessfully passed !
	Initialyzed swapped data for i = 303, j = 395 sucessfully passed !
	Initialyzed swapped data for i = 303, j = 396 sucessfully passed !
	Initialyzed swapped data for i = 303, j = 397 sucessfully passed !
	Initialyzed swapped data for i = 303, j = 398 sucessfully passed !
	Initialyzed swapped data for i = 303, j = 399 sucessfully passed !
	Initialyzed swapped data for i = 303, j = 400 sucessfully passed !
	Initialyzed swapped data for i = 303, j = 401 sucessfully passed !
	Initialyzed swapped data for i = 303, j = 402 sucessfully passed !
	Initialyzed swapped data for i = 303, j = 403 sucessfully passed !
	Initialyzed swapped data for i = 303, j = 404 sucessfully passed !
	Initialyzed swapped data for i = 303, j = 405 sucessfully passed !
	Initialyzed swapped data for i = 303, j = 406 sucessfully passed !
	Initialyzed swapped data for i = 303, j = 407 sucessfully passed !
	Initialyzed swapped data for i = 303, j = 408 sucessfully passed !
	Initialyzed swapped data for i = 303, j = 409 sucessfully passed !
	Initialyzed swapped data for i = 303, j = 410 sucessfully passed !
	Initialyzed swapped data for i = 303, j = 411 sucessfully passed !
	Initialyzed swapped data for i = 303, j = 412 sucessfully passed !
	Initialyzed swapped data for i = 303, j = 413 sucessfully passed !
	Initialyzed swapped data for i = 303, j = 414 sucessfully passed !
	Initialyzed swapped data for i = 303, j = 415 sucessfully passed !
	Initialyzed swapped data for i = 303, j = 416 sucessfully passed !
	Initialyzed swapped data for i = 303, j = 417 sucessfully passed !
	Initialyzed swapped data for i = 303, j = 418 sucessfully passed !
	Initialyzed swapped data for i = 303, j = 419 sucessfully passed !
	Initialyzed swapped data for i = 303, j = 420 sucessfully passed !
	Initialyzed swapped data for i = 303, j = 421 sucessfully passed !
	Initialyzed swapped data for i = 303, j = 422 sucessfully passed !
	Initialyzed swapped data for i = 303, j = 423 sucessfully passed !
	Initialyzed swapped data for i = 303, j = 424 sucessfully passed !
	Initialyzed swapped data for i = 303, j = 425 sucessfully passed !
	Initialyzed swapped data for i = 303, j = 426 sucessfully passed !
	Initialyzed swapped data for i = 303, j = 427 sucessfully passed !
	Initialyzed swapped data for i = 303, j = 428 sucessfully passed !
	Initialyzed swapped data for i = 303, j = 429 sucessfully passed !
	Initialyzed swapped data for i = 303, j = 430 sucessfully passed !
	Initialyzed swapped data for i = 303, j = 431 sucessfully passed !
	Initialyzed swapped data for i = 303, j = 432 sucessfully passed !
	Initialyzed swapped data for i = 303, j = 433 sucessfully passed !
	Initialyzed swapped data for i = 304, j = 305 sucessfully passed !
	Initialyzed swapped data for i = 304, j = 306 sucessfully passed !
	Initialyzed swapped data for i = 304, j = 307 sucessfully passed !
	Initialyzed swapped data for i = 304, j = 308 sucessfully passed !
	Initialyzed swapped data for i = 304, j = 309 sucessfully passed !
	Initialyzed swapped data for i = 304, j = 310 sucessfully passed !
	Initialyzed swapped data for i = 304, j = 311 sucessfully passed !
	Initialyzed swapped data for i = 304, j = 312 sucessfully passed !
	Initialyzed swapped data for i = 304, j = 313 sucessfully passed !
	Initialyzed swapped data for i = 304, j = 314 sucessfully passed !
	Initialyzed swapped data for i = 304, j = 315 sucessfully passed !
	Initialyzed swapped data for i = 304, j = 316 sucessfully passed !
	Initialyzed swapped data for i = 304, j = 317 sucessfully passed !
	Initialyzed swapped data for i = 304, j = 318 sucessfully passed !
	Initialyzed swapped data for i = 304, j = 319 sucessfully passed !
	Initialyzed swapped data for i = 304, j = 320 sucessfully passed !
	Initialyzed swapped data for i = 304, j = 321 sucessfully passed !
	Initialyzed swapped data for i = 304, j = 322 sucessfully passed !
	Initialyzed swapped data for i = 304, j = 323 sucessfully passed !
	Initialyzed swapped data for i = 304, j = 324 sucessfully passed !
	Initialyzed swapped data for i = 304, j = 325 sucessfully passed !
	Initialyzed swapped data for i = 304, j = 326 sucessfully passed !
	Initialyzed swapped data for i = 304, j = 327 sucessfully passed !
	Initialyzed swapped data for i = 304, j = 328 sucessfully passed !
	Initialyzed swapped data for i = 304, j = 329 sucessfully passed !
	Initialyzed swapped data for i = 304, j = 330 sucessfully passed !
	Initialyzed swapped data for i = 304, j = 331 sucessfully passed !
	Initialyzed swapped data for i = 304, j = 332 sucessfully passed !
	Initialyzed swapped data for i = 304, j = 333 sucessfully passed !
	Initialyzed swapped data for i = 304, j = 334 sucessfully passed !
	Initialyzed swapped data for i = 304, j = 335 sucessfully passed !
	Initialyzed swapped data for i = 304, j = 336 sucessfully passed !
	Initialyzed swapped data for i = 304, j = 337 sucessfully passed !
	Initialyzed swapped data for i = 304, j = 338 sucessfully passed !
	Initialyzed swapped data for i = 304, j = 339 sucessfully passed !
	Initialyzed swapped data for i = 304, j = 340 sucessfully passed !
	Initialyzed swapped data for i = 304, j = 341 sucessfully passed !
	Initialyzed swapped data for i = 304, j = 342 sucessfully passed !
	Initialyzed swapped data for i = 304, j = 343 sucessfully passed !
	Initialyzed swapped data for i = 304, j = 344 sucessfully passed !
	Initialyzed swapped data for i = 304, j = 345 sucessfully passed !
	Initialyzed swapped data for i = 304, j = 346 sucessfully passed !
	Initialyzed swapped data for i = 304, j = 347 sucessfully passed !
	Initialyzed swapped data for i = 304, j = 348 sucessfully passed !
	Initialyzed swapped data for i = 304, j = 349 sucessfully passed !
	Initialyzed swapped data for i = 304, j = 350 sucessfully passed !
	Initialyzed swapped data for i = 304, j = 351 sucessfully passed !
	Initialyzed swapped data for i = 304, j = 352 sucessfully passed !
	Initialyzed swapped data for i = 304, j = 353 sucessfully passed !
	Initialyzed swapped data for i = 304, j = 354 sucessfully passed !
	Initialyzed swapped data for i = 304, j = 355 sucessfully passed !
	Initialyzed swapped data for i = 304, j = 356 sucessfully passed !
	Initialyzed swapped data for i = 304, j = 357 sucessfully passed !
	Initialyzed swapped data for i = 304, j = 358 sucessfully passed !
	Initialyzed swapped data for i = 304, j = 359 sucessfully passed !
	Initialyzed swapped data for i = 304, j = 360 sucessfully passed !
	Initialyzed swapped data for i = 304, j = 361 sucessfully passed !
	Initialyzed swapped data for i = 304, j = 362 sucessfully passed !
	Initialyzed swapped data for i = 304, j = 363 sucessfully passed !
	Initialyzed swapped data for i = 304, j = 364 sucessfully passed !
	Initialyzed swapped data for i = 304, j = 365 sucessfully passed !
	Initialyzed swapped data for i = 304, j = 366 sucessfully passed !
	Initialyzed swapped data for i = 304, j = 367 sucessfully passed !
	Initialyzed swapped data for i = 304, j = 368 sucessfully passed !
	Initialyzed swapped data for i = 304, j = 369 sucessfully passed !
	Initialyzed swapped data for i = 304, j = 370 sucessfully passed !
	Initialyzed swapped data for i = 304, j = 371 sucessfully passed !
	Initialyzed swapped data for i = 304, j = 372 sucessfully passed !
	Initialyzed swapped data for i = 304, j = 373 sucessfully passed !
	Initialyzed swapped data for i = 304, j = 374 sucessfully passed !
	Initialyzed swapped data for i = 304, j = 375 sucessfully passed !
	Initialyzed swapped data for i = 304, j = 376 sucessfully passed !
	Initialyzed swapped data for i = 304, j = 377 sucessfully passed !
	Initialyzed swapped data for i = 304, j = 378 sucessfully passed !
	Initialyzed swapped data for i = 304, j = 379 sucessfully passed !
	Initialyzed swapped data for i = 304, j = 380 sucessfully passed !
	Initialyzed swapped data for i = 304, j = 381 sucessfully passed !
	Initialyzed swapped data for i = 304, j = 382 sucessfully passed !
	Initialyzed swapped data for i = 304, j = 383 sucessfully passed !
	Initialyzed swapped data for i = 304, j = 384 sucessfully passed !
	Initialyzed swapped data for i = 304, j = 385 sucessfully passed !
	Initialyzed swapped data for i = 304, j = 386 sucessfully passed !
	Initialyzed swapped data for i = 304, j = 387 sucessfully passed !
	Initialyzed swapped data for i = 304, j = 388 sucessfully passed !
	Initialyzed swapped data for i = 304, j = 389 sucessfully passed !
	Initialyzed swapped data for i = 304, j = 390 sucessfully passed !
	Initialyzed swapped data for i = 304, j = 391 sucessfully passed !
	Initialyzed swapped data for i = 304, j = 392 sucessfully passed !
	Initialyzed swapped data for i = 304, j = 393 sucessfully passed !
	Initialyzed swapped data for i = 304, j = 394 sucessfully passed !
	Initialyzed swapped data for i = 304, j = 395 sucessfully passed !
	Initialyzed swapped data for i = 304, j = 396 sucessfully passed !
	Initialyzed swapped data for i = 304, j = 397 sucessfully passed !
	Initialyzed swapped data for i = 304, j = 398 sucessfully passed !
	Initialyzed swapped data for i = 304, j = 399 sucessfully passed !
	Initialyzed swapped data for i = 304, j = 400 sucessfully passed !
	Initialyzed swapped data for i = 304, j = 401 sucessfully passed !
	Initialyzed swapped data for i = 304, j = 402 sucessfully passed !
	Initialyzed swapped data for i = 304, j = 403 sucessfully passed !
	Initialyzed swapped data for i = 304, j = 404 sucessfully passed !
	Initialyzed swapped data for i = 304, j = 405 sucessfully passed !
	Initialyzed swapped data for i = 304, j = 406 sucessfully passed !
	Initialyzed swapped data for i = 304, j = 407 sucessfully passed !
	Initialyzed swapped data for i = 304, j = 408 sucessfully passed !
	Initialyzed swapped data for i = 304, j = 409 sucessfully passed !
	Initialyzed swapped data for i = 304, j = 410 sucessfully passed !
	Initialyzed swapped data for i = 304, j = 411 sucessfully passed !
	Initialyzed swapped data for i = 304, j = 412 sucessfully passed !
	Initialyzed swapped data for i = 304, j = 413 sucessfully passed !
	Initialyzed swapped data for i = 304, j = 414 sucessfully passed !
	Initialyzed swapped data for i = 304, j = 415 sucessfully passed !
	Initialyzed swapped data for i = 304, j = 416 sucessfully passed !
	Initialyzed swapped data for i = 304, j = 417 sucessfully passed !
	Initialyzed swapped data for i = 304, j = 418 sucessfully passed !
	Initialyzed swapped data for i = 304, j = 419 sucessfully passed !
	Initialyzed swapped data for i = 304, j = 420 sucessfully passed !
	Initialyzed swapped data for i = 304, j = 421 sucessfully passed !
	Initialyzed swapped data for i = 304, j = 422 sucessfully passed !
	Initialyzed swapped data for i = 304, j = 423 sucessfully passed !
	Initialyzed swapped data for i = 304, j = 424 sucessfully passed !
	Initialyzed swapped data for i = 304, j = 425 sucessfully passed !
	Initialyzed swapped data for i = 304, j = 426 sucessfully passed !
	Initialyzed swapped data for i = 304, j = 427 sucessfully passed !
	Initialyzed swapped data for i = 304, j = 428 sucessfully passed !
	Initialyzed swapped data for i = 304, j = 429 sucessfully passed !
	Initialyzed swapped data for i = 304, j = 430 sucessfully passed !
	Initialyzed swapped data for i = 304, j = 431 sucessfully passed !
	Initialyzed swapped data for i = 304, j = 432 sucessfully passed !
	Initialyzed swapped data for i = 304, j = 433 sucessfully passed !
	Initialyzed swapped data for i = 305, j = 306 sucessfully passed !
	Initialyzed swapped data for i = 305, j = 307 sucessfully passed !
	Initialyzed swapped data for i = 305, j = 308 sucessfully passed !
	Initialyzed swapped data for i = 305, j = 309 sucessfully passed !
	Initialyzed swapped data for i = 305, j = 310 sucessfully passed !
	Initialyzed swapped data for i = 305, j = 311 sucessfully passed !
	Initialyzed swapped data for i = 305, j = 312 sucessfully passed !
	Initialyzed swapped data for i = 305, j = 313 sucessfully passed !
	Initialyzed swapped data for i = 305, j = 314 sucessfully passed !
	Initialyzed swapped data for i = 305, j = 315 sucessfully passed !
	Initialyzed swapped data for i = 305, j = 316 sucessfully passed !
	Initialyzed swapped data for i = 305, j = 317 sucessfully passed !
	Initialyzed swapped data for i = 305, j = 318 sucessfully passed !
	Initialyzed swapped data for i = 305, j = 319 sucessfully passed !
	Initialyzed swapped data for i = 305, j = 320 sucessfully passed !
	Initialyzed swapped data for i = 305, j = 321 sucessfully passed !
	Initialyzed swapped data for i = 305, j = 322 sucessfully passed !
	Initialyzed swapped data for i = 305, j = 323 sucessfully passed !
	Initialyzed swapped data for i = 305, j = 324 sucessfully passed !
	Initialyzed swapped data for i = 305, j = 325 sucessfully passed !
	Initialyzed swapped data for i = 305, j = 326 sucessfully passed !
	Initialyzed swapped data for i = 305, j = 327 sucessfully passed !
	Initialyzed swapped data for i = 305, j = 328 sucessfully passed !
	Initialyzed swapped data for i = 305, j = 329 sucessfully passed !
	Initialyzed swapped data for i = 305, j = 330 sucessfully passed !
	Initialyzed swapped data for i = 305, j = 331 sucessfully passed !
	Initialyzed swapped data for i = 305, j = 332 sucessfully passed !
	Initialyzed swapped data for i = 305, j = 333 sucessfully passed !
	Initialyzed swapped data for i = 305, j = 334 sucessfully passed !
	Initialyzed swapped data for i = 305, j = 335 sucessfully passed !
	Initialyzed swapped data for i = 305, j = 336 sucessfully passed !
	Initialyzed swapped data for i = 305, j = 337 sucessfully passed !
	Initialyzed swapped data for i = 305, j = 338 sucessfully passed !
	Initialyzed swapped data for i = 305, j = 339 sucessfully passed !
	Initialyzed swapped data for i = 305, j = 340 sucessfully passed !
	Initialyzed swapped data for i = 305, j = 341 sucessfully passed !
	Initialyzed swapped data for i = 305, j = 342 sucessfully passed !
	Initialyzed swapped data for i = 305, j = 343 sucessfully passed !
	Initialyzed swapped data for i = 305, j = 344 sucessfully passed !
	Initialyzed swapped data for i = 305, j = 345 sucessfully passed !
	Initialyzed swapped data for i = 305, j = 346 sucessfully passed !
	Initialyzed swapped data for i = 305, j = 347 sucessfully passed !
	Initialyzed swapped data for i = 305, j = 348 sucessfully passed !
	Initialyzed swapped data for i = 305, j = 349 sucessfully passed !
	Initialyzed swapped data for i = 305, j = 350 sucessfully passed !
	Initialyzed swapped data for i = 305, j = 351 sucessfully passed !
	Initialyzed swapped data for i = 305, j = 352 sucessfully passed !
	Initialyzed swapped data for i = 305, j = 353 sucessfully passed !
	Initialyzed swapped data for i = 305, j = 354 sucessfully passed !
	Initialyzed swapped data for i = 305, j = 355 sucessfully passed !
	Initialyzed swapped data for i = 305, j = 356 sucessfully passed !
	Initialyzed swapped data for i = 305, j = 357 sucessfully passed !
	Initialyzed swapped data for i = 305, j = 358 sucessfully passed !
	Initialyzed swapped data for i = 305, j = 359 sucessfully passed !
	Initialyzed swapped data for i = 305, j = 360 sucessfully passed !
	Initialyzed swapped data for i = 305, j = 361 sucessfully passed !
	Initialyzed swapped data for i = 305, j = 362 sucessfully passed !
	Initialyzed swapped data for i = 305, j = 363 sucessfully passed !
	Initialyzed swapped data for i = 305, j = 364 sucessfully passed !
	Initialyzed swapped data for i = 305, j = 365 sucessfully passed !
	Initialyzed swapped data for i = 305, j = 366 sucessfully passed !
	Initialyzed swapped data for i = 305, j = 367 sucessfully passed !
	Initialyzed swapped data for i = 305, j = 368 sucessfully passed !
	Initialyzed swapped data for i = 305, j = 369 sucessfully passed !
	Initialyzed swapped data for i = 305, j = 370 sucessfully passed !
	Initialyzed swapped data for i = 305, j = 371 sucessfully passed !
	Initialyzed swapped data for i = 305, j = 372 sucessfully passed !
	Initialyzed swapped data for i = 305, j = 373 sucessfully passed !
	Initialyzed swapped data for i = 305, j = 374 sucessfully passed !
	Initialyzed swapped data for i = 305, j = 375 sucessfully passed !
	Initialyzed swapped data for i = 305, j = 376 sucessfully passed !
	Initialyzed swapped data for i = 305, j = 377 sucessfully passed !
	Initialyzed swapped data for i = 305, j = 378 sucessfully passed !
	Initialyzed swapped data for i = 305, j = 379 sucessfully passed !
	Initialyzed swapped data for i = 305, j = 380 sucessfully passed !
	Initialyzed swapped data for i = 305, j = 381 sucessfully passed !
	Initialyzed swapped data for i = 305, j = 382 sucessfully passed !
	Initialyzed swapped data for i = 305, j = 383 sucessfully passed !
	Initialyzed swapped data for i = 305, j = 384 sucessfully passed !
	Initialyzed swapped data for i = 305, j = 385 sucessfully passed !
	Initialyzed swapped data for i = 305, j = 386 sucessfully passed !
	Initialyzed swapped data for i = 305, j = 387 sucessfully passed !
	Initialyzed swapped data for i = 305, j = 388 sucessfully passed !
	Initialyzed swapped data for i = 305, j = 389 sucessfully passed !
	Initialyzed swapped data for i = 305, j = 390 sucessfully passed !
	Initialyzed swapped data for i = 305, j = 391 sucessfully passed !
	Initialyzed swapped data for i = 305, j = 392 sucessfully passed !
	Initialyzed swapped data for i = 305, j = 393 sucessfully passed !
	Initialyzed swapped data for i = 305, j = 394 sucessfully passed !
	Initialyzed swapped data for i = 305, j = 395 sucessfully passed !
	Initialyzed swapped data for i = 305, j = 396 sucessfully passed !
	Initialyzed swapped data for i = 305, j = 397 sucessfully passed !
	Initialyzed swapped data for i = 305, j = 398 sucessfully passed !
	Initialyzed swapped data for i = 305, j = 399 sucessfully passed !
	Initialyzed swapped data for i = 305, j = 400 sucessfully passed !
	Initialyzed swapped data for i = 305, j = 401 sucessfully passed !
	Initialyzed swapped data for i = 305, j = 402 sucessfully passed !
	Initialyzed swapped data for i = 305, j = 403 sucessfully passed !
	Initialyzed swapped data for i = 305, j = 404 sucessfully passed !
	Initialyzed swapped data for i = 305, j = 405 sucessfully passed !
	Initialyzed swapped data for i = 305, j = 406 sucessfully passed !
	Initialyzed swapped data for i = 305, j = 407 sucessfully passed !
	Initialyzed swapped data for i = 305, j = 408 sucessfully passed !
	Initialyzed swapped data for i = 305, j = 409 sucessfully passed !
	Initialyzed swapped data for i = 305, j = 410 sucessfully passed !
	Initialyzed swapped data for i = 305, j = 411 sucessfully passed !
	Initialyzed swapped data for i = 305, j = 412 sucessfully passed !
	Initialyzed swapped data for i = 305, j = 413 sucessfully passed !
	Initialyzed swapped data for i = 305, j = 414 sucessfully passed !
	Initialyzed swapped data for i = 305, j = 415 sucessfully passed !
	Initialyzed swapped data for i = 305, j = 416 sucessfully passed !
	Initialyzed swapped data for i = 305, j = 417 sucessfully passed !
	Initialyzed swapped data for i = 305, j = 418 sucessfully passed !
	Initialyzed swapped data for i = 305, j = 419 sucessfully passed !
	Initialyzed swapped data for i = 305, j = 420 sucessfully passed !
	Initialyzed swapped data for i = 305, j = 421 sucessfully passed !
	Initialyzed swapped data for i = 305, j = 422 sucessfully passed !
	Initialyzed swapped data for i = 305, j = 423 sucessfully passed !
	Initialyzed swapped data for i = 305, j = 424 sucessfully passed !
	Initialyzed swapped data for i = 305, j = 425 sucessfully passed !
	Initialyzed swapped data for i = 305, j = 426 sucessfully passed !
	Initialyzed swapped data for i = 305, j = 427 sucessfully passed !
	Initialyzed swapped data for i = 305, j = 428 sucessfully passed !
	Initialyzed swapped data for i = 305, j = 429 sucessfully passed !
	Initialyzed swapped data for i = 305, j = 430 sucessfully passed !
	Initialyzed swapped data for i = 305, j = 431 sucessfully passed !
	Initialyzed swapped data for i = 305, j = 432 sucessfully passed !
	Initialyzed swapped data for i = 305, j = 433 sucessfully passed !
	Initialyzed swapped data for i = 306, j = 307 sucessfully passed !
	Initialyzed swapped data for i = 306, j = 308 sucessfully passed !
	Initialyzed swapped data for i = 306, j = 309 sucessfully passed !
	Initialyzed swapped data for i = 306, j = 310 sucessfully passed !
	Initialyzed swapped data for i = 306, j = 311 sucessfully passed !
	Initialyzed swapped data for i = 306, j = 312 sucessfully passed !
	Initialyzed swapped data for i = 306, j = 313 sucessfully passed !
	Initialyzed swapped data for i = 306, j = 314 sucessfully passed !
	Initialyzed swapped data for i = 306, j = 315 sucessfully passed !
	Initialyzed swapped data for i = 306, j = 316 sucessfully passed !
	Initialyzed swapped data for i = 306, j = 317 sucessfully passed !
	Initialyzed swapped data for i = 306, j = 318 sucessfully passed !
	Initialyzed swapped data for i = 306, j = 319 sucessfully passed !
	Initialyzed swapped data for i = 306, j = 320 sucessfully passed !
	Initialyzed swapped data for i = 306, j = 321 sucessfully passed !
	Initialyzed swapped data for i = 306, j = 322 sucessfully passed !
	Initialyzed swapped data for i = 306, j = 323 sucessfully passed !
	Initialyzed swapped data for i = 306, j = 324 sucessfully passed !
	Initialyzed swapped data for i = 306, j = 325 sucessfully passed !
	Initialyzed swapped data for i = 306, j = 326 sucessfully passed !
	Initialyzed swapped data for i = 306, j = 327 sucessfully passed !
	Initialyzed swapped data for i = 306, j = 328 sucessfully passed !
	Initialyzed swapped data for i = 306, j = 329 sucessfully passed !
	Initialyzed swapped data for i = 306, j = 330 sucessfully passed !
	Initialyzed swapped data for i = 306, j = 331 sucessfully passed !
	Initialyzed swapped data for i = 306, j = 332 sucessfully passed !
	Initialyzed swapped data for i = 306, j = 333 sucessfully passed !
	Initialyzed swapped data for i = 306, j = 334 sucessfully passed !
	Initialyzed swapped data for i = 306, j = 335 sucessfully passed !
	Initialyzed swapped data for i = 306, j = 336 sucessfully passed !
	Initialyzed swapped data for i = 306, j = 337 sucessfully passed !
	Initialyzed swapped data for i = 306, j = 338 sucessfully passed !
	Initialyzed swapped data for i = 306, j = 339 sucessfully passed !
	Initialyzed swapped data for i = 306, j = 340 sucessfully passed !
	Initialyzed swapped data for i = 306, j = 341 sucessfully passed !
	Initialyzed swapped data for i = 306, j = 342 sucessfully passed !
	Initialyzed swapped data for i = 306, j = 343 sucessfully passed !
	Initialyzed swapped data for i = 306, j = 344 sucessfully passed !
	Initialyzed swapped data for i = 306, j = 345 sucessfully passed !
	Initialyzed swapped data for i = 306, j = 346 sucessfully passed !
	Initialyzed swapped data for i = 306, j = 347 sucessfully passed !
	Initialyzed swapped data for i = 306, j = 348 sucessfully passed !
	Initialyzed swapped data for i = 306, j = 349 sucessfully passed !
	Initialyzed swapped data for i = 306, j = 350 sucessfully passed !
	Initialyzed swapped data for i = 306, j = 351 sucessfully passed !
	Initialyzed swapped data for i = 306, j = 352 sucessfully passed !
	Initialyzed swapped data for i = 306, j = 353 sucessfully passed !
	Initialyzed swapped data for i = 306, j = 354 sucessfully passed !
	Initialyzed swapped data for i = 306, j = 355 sucessfully passed !
	Initialyzed swapped data for i = 306, j = 356 sucessfully passed !
	Initialyzed swapped data for i = 306, j = 357 sucessfully passed !
	Initialyzed swapped data for i = 306, j = 358 sucessfully passed !
	Initialyzed swapped data for i = 306, j = 359 sucessfully passed !
	Initialyzed swapped data for i = 306, j = 360 sucessfully passed !
	Initialyzed swapped data for i = 306, j = 361 sucessfully passed !
	Initialyzed swapped data for i = 306, j = 362 sucessfully passed !
	Initialyzed swapped data for i = 306, j = 363 sucessfully passed !
	Initialyzed swapped data for i = 306, j = 364 sucessfully passed !
	Initialyzed swapped data for i = 306, j = 365 sucessfully passed !
	Initialyzed swapped data for i = 306, j = 366 sucessfully passed !
	Initialyzed swapped data for i = 306, j = 367 sucessfully passed !
	Initialyzed swapped data for i = 306, j = 368 sucessfully passed !
	Initialyzed swapped data for i = 306, j = 369 sucessfully passed !
	Initialyzed swapped data for i = 306, j = 370 sucessfully passed !
	Initialyzed swapped data for i = 306, j = 371 sucessfully passed !
	Initialyzed swapped data for i = 306, j = 372 sucessfully passed !
	Initialyzed swapped data for i = 306, j = 373 sucessfully passed !
	Initialyzed swapped data for i = 306, j = 374 sucessfully passed !
	Initialyzed swapped data for i = 306, j = 375 sucessfully passed !
	Initialyzed swapped data for i = 306, j = 376 sucessfully passed !
	Initialyzed swapped data for i = 306, j = 377 sucessfully passed !
	Initialyzed swapped data for i = 306, j = 378 sucessfully passed !
	Initialyzed swapped data for i = 306, j = 379 sucessfully passed !
	Initialyzed swapped data for i = 306, j = 380 sucessfully passed !
	Initialyzed swapped data for i = 306, j = 381 sucessfully passed !
	Initialyzed swapped data for i = 306, j = 382 sucessfully passed !
	Initialyzed swapped data for i = 306, j = 383 sucessfully passed !
	Initialyzed swapped data for i = 306, j = 384 sucessfully passed !
	Initialyzed swapped data for i = 306, j = 385 sucessfully passed !
	Initialyzed swapped data for i = 306, j = 386 sucessfully passed !
	Initialyzed swapped data for i = 306, j = 387 sucessfully passed !
	Initialyzed swapped data for i = 306, j = 388 sucessfully passed !
	Initialyzed swapped data for i = 306, j = 389 sucessfully passed !
	Initialyzed swapped data for i = 306, j = 390 sucessfully passed !
	Initialyzed swapped data for i = 306, j = 391 sucessfully passed !
	Initialyzed swapped data for i = 306, j = 392 sucessfully passed !
	Initialyzed swapped data for i = 306, j = 393 sucessfully passed !
	Initialyzed swapped data for i = 306, j = 394 sucessfully passed !
	Initialyzed swapped data for i = 306, j = 395 sucessfully passed !
	Initialyzed swapped data for i = 306, j = 396 sucessfully passed !
	Initialyzed swapped data for i = 306, j = 397 sucessfully passed !
	Initialyzed swapped data for i = 306, j = 398 sucessfully passed !
	Initialyzed swapped data for i = 306, j = 399 sucessfully passed !
	Initialyzed swapped data for i = 306, j = 400 sucessfully passed !
	Initialyzed swapped data for i = 306, j = 401 sucessfully passed !
	Initialyzed swapped data for i = 306, j = 402 sucessfully passed !
	Initialyzed swapped data for i = 306, j = 403 sucessfully passed !
	Initialyzed swapped data for i = 306, j = 404 sucessfully passed !
	Initialyzed swapped data for i = 306, j = 405 sucessfully passed !
	Initialyzed swapped data for i = 306, j = 406 sucessfully passed !
	Initialyzed swapped data for i = 306, j = 407 sucessfully passed !
	Initialyzed swapped data for i = 306, j = 408 sucessfully passed !
	Initialyzed swapped data for i = 306, j = 409 sucessfully passed !
	Initialyzed swapped data for i = 306, j = 410 sucessfully passed !
	Initialyzed swapped data for i = 306, j = 411 sucessfully passed !
	Initialyzed swapped data for i = 306, j = 412 sucessfully passed !
	Initialyzed swapped data for i = 306, j = 413 sucessfully passed !
	Initialyzed swapped data for i = 306, j = 414 sucessfully passed !
	Initialyzed swapped data for i = 306, j = 415 sucessfully passed !
	Initialyzed swapped data for i = 306, j = 416 sucessfully passed !
	Initialyzed swapped data for i = 306, j = 417 sucessfully passed !
	Initialyzed swapped data for i = 306, j = 418 sucessfully passed !
	Initialyzed swapped data for i = 306, j = 419 sucessfully passed !
	Initialyzed swapped data for i = 306, j = 420 sucessfully passed !
	Initialyzed swapped data for i = 306, j = 421 sucessfully passed !
	Initialyzed swapped data for i = 306, j = 422 sucessfully passed !
	Initialyzed swapped data for i = 306, j = 423 sucessfully passed !
	Initialyzed swapped data for i = 306, j = 424 sucessfully passed !
	Initialyzed swapped data for i = 306, j = 425 sucessfully passed !
	Initialyzed swapped data for i = 306, j = 426 sucessfully passed !
	Initialyzed swapped data for i = 306, j = 427 sucessfully passed !
	Initialyzed swapped data for i = 306, j = 428 sucessfully passed !
	Initialyzed swapped data for i = 306, j = 429 sucessfully passed !
	Initialyzed swapped data for i = 306, j = 430 sucessfully passed !
	Initialyzed swapped data for i = 306, j = 431 sucessfully passed !
	Initialyzed swapped data for i = 306, j = 432 sucessfully passed !
	Initialyzed swapped data for i = 306, j = 433 sucessfully passed !
	Initialyzed swapped data for i = 307, j = 308 sucessfully passed !
	Initialyzed swapped data for i = 307, j = 309 sucessfully passed !
	Initialyzed swapped data for i = 307, j = 310 sucessfully passed !
	Initialyzed swapped data for i = 307, j = 311 sucessfully passed !
	Initialyzed swapped data for i = 307, j = 312 sucessfully passed !
	Initialyzed swapped data for i = 307, j = 313 sucessfully passed !
	Initialyzed swapped data for i = 307, j = 314 sucessfully passed !
	Initialyzed swapped data for i = 307, j = 315 sucessfully passed !
	Initialyzed swapped data for i = 307, j = 316 sucessfully passed !
	Initialyzed swapped data for i = 307, j = 317 sucessfully passed !
	Initialyzed swapped data for i = 307, j = 318 sucessfully passed !
	Initialyzed swapped data for i = 307, j = 319 sucessfully passed !
	Initialyzed swapped data for i = 307, j = 320 sucessfully passed !
	Initialyzed swapped data for i = 307, j = 321 sucessfully passed !
	Initialyzed swapped data for i = 307, j = 322 sucessfully passed !
	Initialyzed swapped data for i = 307, j = 323 sucessfully passed !
	Initialyzed swapped data for i = 307, j = 324 sucessfully passed !
	Initialyzed swapped data for i = 307, j = 325 sucessfully passed !
	Initialyzed swapped data for i = 307, j = 326 sucessfully passed !
	Initialyzed swapped data for i = 307, j = 327 sucessfully passed !
	Initialyzed swapped data for i = 307, j = 328 sucessfully passed !
	Initialyzed swapped data for i = 307, j = 329 sucessfully passed !
	Initialyzed swapped data for i = 307, j = 330 sucessfully passed !
	Initialyzed swapped data for i = 307, j = 331 sucessfully passed !
	Initialyzed swapped data for i = 307, j = 332 sucessfully passed !
	Initialyzed swapped data for i = 307, j = 333 sucessfully passed !
	Initialyzed swapped data for i = 307, j = 334 sucessfully passed !
	Initialyzed swapped data for i = 307, j = 335 sucessfully passed !
	Initialyzed swapped data for i = 307, j = 336 sucessfully passed !
	Initialyzed swapped data for i = 307, j = 337 sucessfully passed !
	Initialyzed swapped data for i = 307, j = 338 sucessfully passed !
	Initialyzed swapped data for i = 307, j = 339 sucessfully passed !
	Initialyzed swapped data for i = 307, j = 340 sucessfully passed !
	Initialyzed swapped data for i = 307, j = 341 sucessfully passed !
	Initialyzed swapped data for i = 307, j = 342 sucessfully passed !
	Initialyzed swapped data for i = 307, j = 343 sucessfully passed !
	Initialyzed swapped data for i = 307, j = 344 sucessfully passed !
	Initialyzed swapped data for i = 307, j = 345 sucessfully passed !
	Initialyzed swapped data for i = 307, j = 346 sucessfully passed !
	Initialyzed swapped data for i = 307, j = 347 sucessfully passed !
	Initialyzed swapped data for i = 307, j = 348 sucessfully passed !
	Initialyzed swapped data for i = 307, j = 349 sucessfully passed !
	Initialyzed swapped data for i = 307, j = 350 sucessfully passed !
	Initialyzed swapped data for i = 307, j = 351 sucessfully passed !
	Initialyzed swapped data for i = 307, j = 352 sucessfully passed !
	Initialyzed swapped data for i = 307, j = 353 sucessfully passed !
	Initialyzed swapped data for i = 307, j = 354 sucessfully passed !
	Initialyzed swapped data for i = 307, j = 355 sucessfully passed !
	Initialyzed swapped data for i = 307, j = 356 sucessfully passed !
	Initialyzed swapped data for i = 307, j = 357 sucessfully passed !
	Initialyzed swapped data for i = 307, j = 358 sucessfully passed !
	Initialyzed swapped data for i = 307, j = 359 sucessfully passed !
	Initialyzed swapped data for i = 307, j = 360 sucessfully passed !
	Initialyzed swapped data for i = 307, j = 361 sucessfully passed !
	Initialyzed swapped data for i = 307, j = 362 sucessfully passed !
	Initialyzed swapped data for i = 307, j = 363 sucessfully passed !
	Initialyzed swapped data for i = 307, j = 364 sucessfully passed !
	Initialyzed swapped data for i = 307, j = 365 sucessfully passed !
	Initialyzed swapped data for i = 307, j = 366 sucessfully passed !
	Initialyzed swapped data for i = 307, j = 367 sucessfully passed !
	Initialyzed swapped data for i = 307, j = 368 sucessfully passed !
	Initialyzed swapped data for i = 307, j = 369 sucessfully passed !
	Initialyzed swapped data for i = 307, j = 370 sucessfully passed !
	Initialyzed swapped data for i = 307, j = 371 sucessfully passed !
	Initialyzed swapped data for i = 307, j = 372 sucessfully passed !
	Initialyzed swapped data for i = 307, j = 373 sucessfully passed !
	Initialyzed swapped data for i = 307, j = 374 sucessfully passed !
	Initialyzed swapped data for i = 307, j = 375 sucessfully passed !
	Initialyzed swapped data for i = 307, j = 376 sucessfully passed !
	Initialyzed swapped data for i = 307, j = 377 sucessfully passed !
	Initialyzed swapped data for i = 307, j = 378 sucessfully passed !
	Initialyzed swapped data for i = 307, j = 379 sucessfully passed !
	Initialyzed swapped data for i = 307, j = 380 sucessfully passed !
	Initialyzed swapped data for i = 307, j = 381 sucessfully passed !
	Initialyzed swapped data for i = 307, j = 382 sucessfully passed !
	Initialyzed swapped data for i = 307, j = 383 sucessfully passed !
	Initialyzed swapped data for i = 307, j = 384 sucessfully passed !
	Initialyzed swapped data for i = 307, j = 385 sucessfully passed !
	Initialyzed swapped data for i = 307, j = 386 sucessfully passed !
	Initialyzed swapped data for i = 307, j = 387 sucessfully passed !
	Initialyzed swapped data for i = 307, j = 388 sucessfully passed !
	Initialyzed swapped data for i = 307, j = 389 sucessfully passed !
	Initialyzed swapped data for i = 307, j = 390 sucessfully passed !
	Initialyzed swapped data for i = 307, j = 391 sucessfully passed !
	Initialyzed swapped data for i = 307, j = 392 sucessfully passed !
	Initialyzed swapped data for i = 307, j = 393 sucessfully passed !
	Initialyzed swapped data for i = 307, j = 394 sucessfully passed !
	Initialyzed swapped data for i = 307, j = 395 sucessfully passed !
	Initialyzed swapped data for i = 307, j = 396 sucessfully passed !
	Initialyzed swapped data for i = 307, j = 397 sucessfully passed !
	Initialyzed swapped data for i = 307, j = 398 sucessfully passed !
	Initialyzed swapped data for i = 307, j = 399 sucessfully passed !
	Initialyzed swapped data for i = 307, j = 400 sucessfully passed !
	Initialyzed swapped data for i = 307, j = 401 sucessfully passed !
	Initialyzed swapped data for i = 307, j = 402 sucessfully passed !
	Initialyzed swapped data for i = 307, j = 403 sucessfully passed !
	Initialyzed swapped data for i = 307, j = 404 sucessfully passed !
	Initialyzed swapped data for i = 307, j = 405 sucessfully passed !
	Initialyzed swapped data for i = 307, j = 406 sucessfully passed !
	Initialyzed swapped data for i = 307, j = 407 sucessfully passed !
	Initialyzed swapped data for i = 307, j = 408 sucessfully passed !
	Initialyzed swapped data for i = 307, j = 409 sucessfully passed !
	Initialyzed swapped data for i = 307, j = 410 sucessfully passed !
	Initialyzed swapped data for i = 307, j = 411 sucessfully passed !
	Initialyzed swapped data for i = 307, j = 412 sucessfully passed !
	Initialyzed swapped data for i = 307, j = 413 sucessfully passed !
	Initialyzed swapped data for i = 307, j = 414 sucessfully passed !
	Initialyzed swapped data for i = 307, j = 415 sucessfully passed !
	Initialyzed swapped data for i = 307, j = 416 sucessfully passed !
	Initialyzed swapped data for i = 307, j = 417 sucessfully passed !
	Initialyzed swapped data for i = 307, j = 418 sucessfully passed !
	Initialyzed swapped data for i = 307, j = 419 sucessfully passed !
	Initialyzed swapped data for i = 307, j = 420 sucessfully passed !
	Initialyzed swapped data for i = 307, j = 421 sucessfully passed !
	Initialyzed swapped data for i = 307, j = 422 sucessfully passed !
	Initialyzed swapped data for i = 307, j = 423 sucessfully passed !
	Initialyzed swapped data for i = 307, j = 424 sucessfully passed !
	Initialyzed swapped data for i = 307, j = 425 sucessfully passed !
	Initialyzed swapped data for i = 307, j = 426 sucessfully passed !
	Initialyzed swapped data for i = 307, j = 427 sucessfully passed !
	Initialyzed swapped data for i = 307, j = 428 sucessfully passed !
	Initialyzed swapped data for i = 307, j = 429 sucessfully passed !
	Initialyzed swapped data for i = 307, j = 430 sucessfully passed !
	Initialyzed swapped data for i = 307, j = 431 sucessfully passed !
	Initialyzed swapped data for i = 307, j = 432 sucessfully passed !
	Initialyzed swapped data for i = 307, j = 433 sucessfully passed !
	Initialyzed swapped data for i = 308, j = 309 sucessfully passed !
	Initialyzed swapped data for i = 308, j = 310 sucessfully passed !
	Initialyzed swapped data for i = 308, j = 311 sucessfully passed !
	Initialyzed swapped data for i = 308, j = 312 sucessfully passed !
	Initialyzed swapped data for i = 308, j = 313 sucessfully passed !
	Initialyzed swapped data for i = 308, j = 314 sucessfully passed !
	Initialyzed swapped data for i = 308, j = 315 sucessfully passed !
	Initialyzed swapped data for i = 308, j = 316 sucessfully passed !
	Initialyzed swapped data for i = 308, j = 317 sucessfully passed !
	Initialyzed swapped data for i = 308, j = 318 sucessfully passed !
	Initialyzed swapped data for i = 308, j = 319 sucessfully passed !
	Initialyzed swapped data for i = 308, j = 320 sucessfully passed !
	Initialyzed swapped data for i = 308, j = 321 sucessfully passed !
	Initialyzed swapped data for i = 308, j = 322 sucessfully passed !
	Initialyzed swapped data for i = 308, j = 323 sucessfully passed !
	Initialyzed swapped data for i = 308, j = 324 sucessfully passed !
	Initialyzed swapped data for i = 308, j = 325 sucessfully passed !
	Initialyzed swapped data for i = 308, j = 326 sucessfully passed !
	Initialyzed swapped data for i = 308, j = 327 sucessfully passed !
	Initialyzed swapped data for i = 308, j = 328 sucessfully passed !
	Initialyzed swapped data for i = 308, j = 329 sucessfully passed !
	Initialyzed swapped data for i = 308, j = 330 sucessfully passed !
	Initialyzed swapped data for i = 308, j = 331 sucessfully passed !
	Initialyzed swapped data for i = 308, j = 332 sucessfully passed !
	Initialyzed swapped data for i = 308, j = 333 sucessfully passed !
	Initialyzed swapped data for i = 308, j = 334 sucessfully passed !
	Initialyzed swapped data for i = 308, j = 335 sucessfully passed !
	Initialyzed swapped data for i = 308, j = 336 sucessfully passed !
	Initialyzed swapped data for i = 308, j = 337 sucessfully passed !
	Initialyzed swapped data for i = 308, j = 338 sucessfully passed !
	Initialyzed swapped data for i = 308, j = 339 sucessfully passed !
	Initialyzed swapped data for i = 308, j = 340 sucessfully passed !
	Initialyzed swapped data for i = 308, j = 341 sucessfully passed !
	Initialyzed swapped data for i = 308, j = 342 sucessfully passed !
	Initialyzed swapped data for i = 308, j = 343 sucessfully passed !
	Initialyzed swapped data for i = 308, j = 344 sucessfully passed !
	Initialyzed swapped data for i = 308, j = 345 sucessfully passed !
	Initialyzed swapped data for i = 308, j = 346 sucessfully passed !
	Initialyzed swapped data for i = 308, j = 347 sucessfully passed !
	Initialyzed swapped data for i = 308, j = 348 sucessfully passed !
	Initialyzed swapped data for i = 308, j = 349 sucessfully passed !
	Initialyzed swapped data for i = 308, j = 350 sucessfully passed !
	Initialyzed swapped data for i = 308, j = 351 sucessfully passed !
	Initialyzed swapped data for i = 308, j = 352 sucessfully passed !
	Initialyzed swapped data for i = 308, j = 353 sucessfully passed !
	Initialyzed swapped data for i = 308, j = 354 sucessfully passed !
	Initialyzed swapped data for i = 308, j = 355 sucessfully passed !
	Initialyzed swapped data for i = 308, j = 356 sucessfully passed !
	Initialyzed swapped data for i = 308, j = 357 sucessfully passed !
	Initialyzed swapped data for i = 308, j = 358 sucessfully passed !
	Initialyzed swapped data for i = 308, j = 359 sucessfully passed !
	Initialyzed swapped data for i = 308, j = 360 sucessfully passed !
	Initialyzed swapped data for i = 308, j = 361 sucessfully passed !
	Initialyzed swapped data for i = 308, j = 362 sucessfully passed !
	Initialyzed swapped data for i = 308, j = 363 sucessfully passed !
	Initialyzed swapped data for i = 308, j = 364 sucessfully passed !
	Initialyzed swapped data for i = 308, j = 365 sucessfully passed !
	Initialyzed swapped data for i = 308, j = 366 sucessfully passed !
	Initialyzed swapped data for i = 308, j = 367 sucessfully passed !
	Initialyzed swapped data for i = 308, j = 368 sucessfully passed !
	Initialyzed swapped data for i = 308, j = 369 sucessfully passed !
	Initialyzed swapped data for i = 308, j = 370 sucessfully passed !
	Initialyzed swapped data for i = 308, j = 371 sucessfully passed !
	Initialyzed swapped data for i = 308, j = 372 sucessfully passed !
	Initialyzed swapped data for i = 308, j = 373 sucessfully passed !
	Initialyzed swapped data for i = 308, j = 374 sucessfully passed !
	Initialyzed swapped data for i = 308, j = 375 sucessfully passed !
	Initialyzed swapped data for i = 308, j = 376 sucessfully passed !
	Initialyzed swapped data for i = 308, j = 377 sucessfully passed !
	Initialyzed swapped data for i = 308, j = 378 sucessfully passed !
	Initialyzed swapped data for i = 308, j = 379 sucessfully passed !
	Initialyzed swapped data for i = 308, j = 380 sucessfully passed !
	Initialyzed swapped data for i = 308, j = 381 sucessfully passed !
	Initialyzed swapped data for i = 308, j = 382 sucessfully passed !
	Initialyzed swapped data for i = 308, j = 383 sucessfully passed !
	Initialyzed swapped data for i = 308, j = 384 sucessfully passed !
	Initialyzed swapped data for i = 308, j = 385 sucessfully passed !
	Initialyzed swapped data for i = 308, j = 386 sucessfully passed !
	Initialyzed swapped data for i = 308, j = 387 sucessfully passed !
	Initialyzed swapped data for i = 308, j = 388 sucessfully passed !
	Initialyzed swapped data for i = 308, j = 389 sucessfully passed !
	Initialyzed swapped data for i = 308, j = 390 sucessfully passed !
	Initialyzed swapped data for i = 308, j = 391 sucessfully passed !
	Initialyzed swapped data for i = 308, j = 392 sucessfully passed !
	Initialyzed swapped data for i = 308, j = 393 sucessfully passed !
	Initialyzed swapped data for i = 308, j = 394 sucessfully passed !
	Initialyzed swapped data for i = 308, j = 395 sucessfully passed !
	Initialyzed swapped data for i = 308, j = 396 sucessfully passed !
	Initialyzed swapped data for i = 308, j = 397 sucessfully passed !
	Initialyzed swapped data for i = 308, j = 398 sucessfully passed !
	Initialyzed swapped data for i = 308, j = 399 sucessfully passed !
	Initialyzed swapped data for i = 308, j = 400 sucessfully passed !
	Initialyzed swapped data for i = 308, j = 401 sucessfully passed !
	Initialyzed swapped data for i = 308, j = 402 sucessfully passed !
	Initialyzed swapped data for i = 308, j = 403 sucessfully passed !
	Initialyzed swapped data for i = 308, j = 404 sucessfully passed !
	Initialyzed swapped data for i = 308, j = 405 sucessfully passed !
	Initialyzed swapped data for i = 308, j = 406 sucessfully passed !
	Initialyzed swapped data for i = 308, j = 407 sucessfully passed !
	Initialyzed swapped data for i = 308, j = 408 sucessfully passed !
	Initialyzed swapped data for i = 308, j = 409 sucessfully passed !
	Initialyzed swapped data for i = 308, j = 410 sucessfully passed !
	Initialyzed swapped data for i = 308, j = 411 sucessfully passed !
	Initialyzed swapped data for i = 308, j = 412 sucessfully passed !
	Initialyzed swapped data for i = 308, j = 413 sucessfully passed !
	Initialyzed swapped data for i = 308, j = 414 sucessfully passed !
	Initialyzed swapped data for i = 308, j = 415 sucessfully passed !
	Initialyzed swapped data for i = 308, j = 416 sucessfully passed !
	Initialyzed swapped data for i = 308, j = 417 sucessfully passed !
	Initialyzed swapped data for i = 308, j = 418 sucessfully passed !
	Initialyzed swapped data for i = 308, j = 419 sucessfully passed !
	Initialyzed swapped data for i = 308, j = 420 sucessfully passed !
	Initialyzed swapped data for i = 308, j = 421 sucessfully passed !
	Initialyzed swapped data for i = 308, j = 422 sucessfully passed !
	Initialyzed swapped data for i = 308, j = 423 sucessfully passed !
	Initialyzed swapped data for i = 308, j = 424 sucessfully passed !
	Initialyzed swapped data for i = 308, j = 425 sucessfully passed !
	Initialyzed swapped data for i = 308, j = 426 sucessfully passed !
	Initialyzed swapped data for i = 308, j = 427 sucessfully passed !
	Initialyzed swapped data for i = 308, j = 428 sucessfully passed !
	Initialyzed swapped data for i = 308, j = 429 sucessfully passed !
	Initialyzed swapped data for i = 308, j = 430 sucessfully passed !
	Initialyzed swapped data for i = 308, j = 431 sucessfully passed !
	Initialyzed swapped data for i = 308, j = 432 sucessfully passed !
	Initialyzed swapped data for i = 308, j = 433 sucessfully passed !
	Initialyzed swapped data for i = 309, j = 310 sucessfully passed !
	Initialyzed swapped data for i = 309, j = 311 sucessfully passed !
	Initialyzed swapped data for i = 309, j = 312 sucessfully passed !
	Initialyzed swapped data for i = 309, j = 313 sucessfully passed !
	Initialyzed swapped data for i = 309, j = 314 sucessfully passed !
	Initialyzed swapped data for i = 309, j = 315 sucessfully passed !
	Initialyzed swapped data for i = 309, j = 316 sucessfully passed !
	Initialyzed swapped data for i = 309, j = 317 sucessfully passed !
	Initialyzed swapped data for i = 309, j = 318 sucessfully passed !
	Initialyzed swapped data for i = 309, j = 319 sucessfully passed !
	Initialyzed swapped data for i = 309, j = 320 sucessfully passed !
	Initialyzed swapped data for i = 309, j = 321 sucessfully passed !
	Initialyzed swapped data for i = 309, j = 322 sucessfully passed !
	Initialyzed swapped data for i = 309, j = 323 sucessfully passed !
	Initialyzed swapped data for i = 309, j = 324 sucessfully passed !
	Initialyzed swapped data for i = 309, j = 325 sucessfully passed !
	Initialyzed swapped data for i = 309, j = 326 sucessfully passed !
	Initialyzed swapped data for i = 309, j = 327 sucessfully passed !
	Initialyzed swapped data for i = 309, j = 328 sucessfully passed !
	Initialyzed swapped data for i = 309, j = 329 sucessfully passed !
	Initialyzed swapped data for i = 309, j = 330 sucessfully passed !
	Initialyzed swapped data for i = 309, j = 331 sucessfully passed !
	Initialyzed swapped data for i = 309, j = 332 sucessfully passed !
	Initialyzed swapped data for i = 309, j = 333 sucessfully passed !
	Initialyzed swapped data for i = 309, j = 334 sucessfully passed !
	Initialyzed swapped data for i = 309, j = 335 sucessfully passed !
	Initialyzed swapped data for i = 309, j = 336 sucessfully passed !
	Initialyzed swapped data for i = 309, j = 337 sucessfully passed !
	Initialyzed swapped data for i = 309, j = 338 sucessfully passed !
	Initialyzed swapped data for i = 309, j = 339 sucessfully passed !
	Initialyzed swapped data for i = 309, j = 340 sucessfully passed !
	Initialyzed swapped data for i = 309, j = 341 sucessfully passed !
	Initialyzed swapped data for i = 309, j = 342 sucessfully passed !
	Initialyzed swapped data for i = 309, j = 343 sucessfully passed !
	Initialyzed swapped data for i = 309, j = 344 sucessfully passed !
	Initialyzed swapped data for i = 309, j = 345 sucessfully passed !
	Initialyzed swapped data for i = 309, j = 346 sucessfully passed !
	Initialyzed swapped data for i = 309, j = 347 sucessfully passed !
	Initialyzed swapped data for i = 309, j = 348 sucessfully passed !
	Initialyzed swapped data for i = 309, j = 349 sucessfully passed !
	Initialyzed swapped data for i = 309, j = 350 sucessfully passed !
	Initialyzed swapped data for i = 309, j = 351 sucessfully passed !
	Initialyzed swapped data for i = 309, j = 352 sucessfully passed !
	Initialyzed swapped data for i = 309, j = 353 sucessfully passed !
	Initialyzed swapped data for i = 309, j = 354 sucessfully passed !
	Initialyzed swapped data for i = 309, j = 355 sucessfully passed !
	Initialyzed swapped data for i = 309, j = 356 sucessfully passed !
	Initialyzed swapped data for i = 309, j = 357 sucessfully passed !
	Initialyzed swapped data for i = 309, j = 358 sucessfully passed !
	Initialyzed swapped data for i = 309, j = 359 sucessfully passed !
	Initialyzed swapped data for i = 309, j = 360 sucessfully passed !
	Initialyzed swapped data for i = 309, j = 361 sucessfully passed !
	Initialyzed swapped data for i = 309, j = 362 sucessfully passed !
	Initialyzed swapped data for i = 309, j = 363 sucessfully passed !
	Initialyzed swapped data for i = 309, j = 364 sucessfully passed !
	Initialyzed swapped data for i = 309, j = 365 sucessfully passed !
	Initialyzed swapped data for i = 309, j = 366 sucessfully passed !
	Initialyzed swapped data for i = 309, j = 367 sucessfully passed !
	Initialyzed swapped data for i = 309, j = 368 sucessfully passed !
	Initialyzed swapped data for i = 309, j = 369 sucessfully passed !
	Initialyzed swapped data for i = 309, j = 370 sucessfully passed !
	Initialyzed swapped data for i = 309, j = 371 sucessfully passed !
	Initialyzed swapped data for i = 309, j = 372 sucessfully passed !
	Initialyzed swapped data for i = 309, j = 373 sucessfully passed !
	Initialyzed swapped data for i = 309, j = 374 sucessfully passed !
	Initialyzed swapped data for i = 309, j = 375 sucessfully passed !
	Initialyzed swapped data for i = 309, j = 376 sucessfully passed !
	Initialyzed swapped data for i = 309, j = 377 sucessfully passed !
	Initialyzed swapped data for i = 309, j = 378 sucessfully passed !
	Initialyzed swapped data for i = 309, j = 379 sucessfully passed !
	Initialyzed swapped data for i = 309, j = 380 sucessfully passed !
	Initialyzed swapped data for i = 309, j = 381 sucessfully passed !
	Initialyzed swapped data for i = 309, j = 382 sucessfully passed !
	Initialyzed swapped data for i = 309, j = 383 sucessfully passed !
	Initialyzed swapped data for i = 309, j = 384 sucessfully passed !
	Initialyzed swapped data for i = 309, j = 385 sucessfully passed !
	Initialyzed swapped data for i = 309, j = 386 sucessfully passed !
	Initialyzed swapped data for i = 309, j = 387 sucessfully passed !
	Initialyzed swapped data for i = 309, j = 388 sucessfully passed !
	Initialyzed swapped data for i = 309, j = 389 sucessfully passed !
	Initialyzed swapped data for i = 309, j = 390 sucessfully passed !
	Initialyzed swapped data for i = 309, j = 391 sucessfully passed !
	Initialyzed swapped data for i = 309, j = 392 sucessfully passed !
	Initialyzed swapped data for i = 309, j = 393 sucessfully passed !
	Initialyzed swapped data for i = 309, j = 394 sucessfully passed !
	Initialyzed swapped data for i = 309, j = 395 sucessfully passed !
	Initialyzed swapped data for i = 309, j = 396 sucessfully passed !
	Initialyzed swapped data for i = 309, j = 397 sucessfully passed !
	Initialyzed swapped data for i = 309, j = 398 sucessfully passed !
	Initialyzed swapped data for i = 309, j = 399 sucessfully passed !
	Initialyzed swapped data for i = 309, j = 400 sucessfully passed !
	Initialyzed swapped data for i = 309, j = 401 sucessfully passed !
	Initialyzed swapped data for i = 309, j = 402 sucessfully passed !
	Initialyzed swapped data for i = 309, j = 403 sucessfully passed !
	Initialyzed swapped data for i = 309, j = 404 sucessfully passed !
	Initialyzed swapped data for i = 309, j = 405 sucessfully passed !
	Initialyzed swapped data for i = 309, j = 406 sucessfully passed !
	Initialyzed swapped data for i = 309, j = 407 sucessfully passed !
	Initialyzed swapped data for i = 309, j = 408 sucessfully passed !
	Initialyzed swapped data for i = 309, j = 409 sucessfully passed !
	Initialyzed swapped data for i = 309, j = 410 sucessfully passed !
	Initialyzed swapped data for i = 309, j = 411 sucessfully passed !
	Initialyzed swapped data for i = 309, j = 412 sucessfully passed !
	Initialyzed swapped data for i = 309, j = 413 sucessfully passed !
	Initialyzed swapped data for i = 309, j = 414 sucessfully passed !
	Initialyzed swapped data for i = 309, j = 415 sucessfully passed !
	Initialyzed swapped data for i = 309, j = 416 sucessfully passed !
	Initialyzed swapped data for i = 309, j = 417 sucessfully passed !
	Initialyzed swapped data for i = 309, j = 418 sucessfully passed !
	Initialyzed swapped data for i = 309, j = 419 sucessfully passed !
	Initialyzed swapped data for i = 309, j = 420 sucessfully passed !
	Initialyzed swapped data for i = 309, j = 421 sucessfully passed !
	Initialyzed swapped data for i = 309, j = 422 sucessfully passed !
	Initialyzed swapped data for i = 309, j = 423 sucessfully passed !
	Initialyzed swapped data for i = 309, j = 424 sucessfully passed !
	Initialyzed swapped data for i = 309, j = 425 sucessfully passed !
	Initialyzed swapped data for i = 309, j = 426 sucessfully passed !
	Initialyzed swapped data for i = 309, j = 427 sucessfully passed !
	Initialyzed swapped data for i = 309, j = 428 sucessfully passed !
	Initialyzed swapped data for i = 309, j = 429 sucessfully passed !
	Initialyzed swapped data for i = 309, j = 430 sucessfully passed !
	Initialyzed swapped data for i = 309, j = 431 sucessfully passed !
	Initialyzed swapped data for i = 309, j = 432 sucessfully passed !
	Initialyzed swapped data for i = 309, j = 433 sucessfully passed !
	Initialyzed swapped data for i = 310, j = 311 sucessfully passed !
	Initialyzed swapped data for i = 310, j = 312 sucessfully passed !
	Initialyzed swapped data for i = 310, j = 313 sucessfully passed !
	Initialyzed swapped data for i = 310, j = 314 sucessfully passed !
	Initialyzed swapped data for i = 310, j = 315 sucessfully passed !
	Initialyzed swapped data for i = 310, j = 316 sucessfully passed !
	Initialyzed swapped data for i = 310, j = 317 sucessfully passed !
	Initialyzed swapped data for i = 310, j = 318 sucessfully passed !
	Initialyzed swapped data for i = 310, j = 319 sucessfully passed !
	Initialyzed swapped data for i = 310, j = 320 sucessfully passed !
	Initialyzed swapped data for i = 310, j = 321 sucessfully passed !
	Initialyzed swapped data for i = 310, j = 322 sucessfully passed !
	Initialyzed swapped data for i = 310, j = 323 sucessfully passed !
	Initialyzed swapped data for i = 310, j = 324 sucessfully passed !
	Initialyzed swapped data for i = 310, j = 325 sucessfully passed !
	Initialyzed swapped data for i = 310, j = 326 sucessfully passed !
	Initialyzed swapped data for i = 310, j = 327 sucessfully passed !
	Initialyzed swapped data for i = 310, j = 328 sucessfully passed !
	Initialyzed swapped data for i = 310, j = 329 sucessfully passed !
	Initialyzed swapped data for i = 310, j = 330 sucessfully passed !
	Initialyzed swapped data for i = 310, j = 331 sucessfully passed !
	Initialyzed swapped data for i = 310, j = 332 sucessfully passed !
	Initialyzed swapped data for i = 310, j = 333 sucessfully passed !
	Initialyzed swapped data for i = 310, j = 334 sucessfully passed !
	Initialyzed swapped data for i = 310, j = 335 sucessfully passed !
	Initialyzed swapped data for i = 310, j = 336 sucessfully passed !
	Initialyzed swapped data for i = 310, j = 337 sucessfully passed !
	Initialyzed swapped data for i = 310, j = 338 sucessfully passed !
	Initialyzed swapped data for i = 310, j = 339 sucessfully passed !
	Initialyzed swapped data for i = 310, j = 340 sucessfully passed !
	Initialyzed swapped data for i = 310, j = 341 sucessfully passed !
	Initialyzed swapped data for i = 310, j = 342 sucessfully passed !
	Initialyzed swapped data for i = 310, j = 343 sucessfully passed !
	Initialyzed swapped data for i = 310, j = 344 sucessfully passed !
	Initialyzed swapped data for i = 310, j = 345 sucessfully passed !
	Initialyzed swapped data for i = 310, j = 346 sucessfully passed !
	Initialyzed swapped data for i = 310, j = 347 sucessfully passed !
	Initialyzed swapped data for i = 310, j = 348 sucessfully passed !
	Initialyzed swapped data for i = 310, j = 349 sucessfully passed !
	Initialyzed swapped data for i = 310, j = 350 sucessfully passed !
	Initialyzed swapped data for i = 310, j = 351 sucessfully passed !
	Initialyzed swapped data for i = 310, j = 352 sucessfully passed !
	Initialyzed swapped data for i = 310, j = 353 sucessfully passed !
	Initialyzed swapped data for i = 310, j = 354 sucessfully passed !
	Initialyzed swapped data for i = 310, j = 355 sucessfully passed !
	Initialyzed swapped data for i = 310, j = 356 sucessfully passed !
	Initialyzed swapped data for i = 310, j = 357 sucessfully passed !
	Initialyzed swapped data for i = 310, j = 358 sucessfully passed !
	Initialyzed swapped data for i = 310, j = 359 sucessfully passed !
	Initialyzed swapped data for i = 310, j = 360 sucessfully passed !
	Initialyzed swapped data for i = 310, j = 361 sucessfully passed !
	Initialyzed swapped data for i = 310, j = 362 sucessfully passed !
	Initialyzed swapped data for i = 310, j = 363 sucessfully passed !
	Initialyzed swapped data for i = 310, j = 364 sucessfully passed !
	Initialyzed swapped data for i = 310, j = 365 sucessfully passed !
	Initialyzed swapped data for i = 310, j = 366 sucessfully passed !
	Initialyzed swapped data for i = 310, j = 367 sucessfully passed !
	Initialyzed swapped data for i = 310, j = 368 sucessfully passed !
	Initialyzed swapped data for i = 310, j = 369 sucessfully passed !
	Initialyzed swapped data for i = 310, j = 370 sucessfully passed !
	Initialyzed swapped data for i = 310, j = 371 sucessfully passed !
	Initialyzed swapped data for i = 310, j = 372 sucessfully passed !
	Initialyzed swapped data for i = 310, j = 373 sucessfully passed !
	Initialyzed swapped data for i = 310, j = 374 sucessfully passed !
	Initialyzed swapped data for i = 310, j = 375 sucessfully passed !
	Initialyzed swapped data for i = 310, j = 376 sucessfully passed !
	Initialyzed swapped data for i = 310, j = 377 sucessfully passed !
	Initialyzed swapped data for i = 310, j = 378 sucessfully passed !
	Initialyzed swapped data for i = 310, j = 379 sucessfully passed !
	Initialyzed swapped data for i = 310, j = 380 sucessfully passed !
	Initialyzed swapped data for i = 310, j = 381 sucessfully passed !
	Initialyzed swapped data for i = 310, j = 382 sucessfully passed !
	Initialyzed swapped data for i = 310, j = 383 sucessfully passed !
	Initialyzed swapped data for i = 310, j = 384 sucessfully passed !
	Initialyzed swapped data for i = 310, j = 385 sucessfully passed !
	Initialyzed swapped data for i = 310, j = 386 sucessfully passed !
	Initialyzed swapped data for i = 310, j = 387 sucessfully passed !
	Initialyzed swapped data for i = 310, j = 388 sucessfully passed !
	Initialyzed swapped data for i = 310, j = 389 sucessfully passed !
	Initialyzed swapped data for i = 310, j = 390 sucessfully passed !
	Initialyzed swapped data for i = 310, j = 391 sucessfully passed !
	Initialyzed swapped data for i = 310, j = 392 sucessfully passed !
	Initialyzed swapped data for i = 310, j = 393 sucessfully passed !
	Initialyzed swapped data for i = 310, j = 394 sucessfully passed !
	Initialyzed swapped data for i = 310, j = 395 sucessfully passed !
	Initialyzed swapped data for i = 310, j = 396 sucessfully passed !
	Initialyzed swapped data for i = 310, j = 397 sucessfully passed !
	Initialyzed swapped data for i = 310, j = 398 sucessfully passed !
	Initialyzed swapped data for i = 310, j = 399 sucessfully passed !
	Initialyzed swapped data for i = 310, j = 400 sucessfully passed !
	Initialyzed swapped data for i = 310, j = 401 sucessfully passed !
	Initialyzed swapped data for i = 310, j = 402 sucessfully passed !
	Initialyzed swapped data for i = 310, j = 403 sucessfully passed !
	Initialyzed swapped data for i = 310, j = 404 sucessfully passed !
	Initialyzed swapped data for i = 310, j = 405 sucessfully passed !
	Initialyzed swapped data for i = 310, j = 406 sucessfully passed !
	Initialyzed swapped data for i = 310, j = 407 sucessfully passed !
	Initialyzed swapped data for i = 310, j = 408 sucessfully passed !
	Initialyzed swapped data for i = 310, j = 409 sucessfully passed !
	Initialyzed swapped data for i = 310, j = 410 sucessfully passed !
	Initialyzed swapped data for i = 310, j = 411 sucessfully passed !
	Initialyzed swapped data for i = 310, j = 412 sucessfully passed !
	Initialyzed swapped data for i = 310, j = 413 sucessfully passed !
	Initialyzed swapped data for i = 310, j = 414 sucessfully passed !
	Initialyzed swapped data for i = 310, j = 415 sucessfully passed !
	Initialyzed swapped data for i = 310, j = 416 sucessfully passed !
	Initialyzed swapped data for i = 310, j = 417 sucessfully passed !
	Initialyzed swapped data for i = 310, j = 418 sucessfully passed !
	Initialyzed swapped data for i = 310, j = 419 sucessfully passed !
	Initialyzed swapped data for i = 310, j = 420 sucessfully passed !
	Initialyzed swapped data for i = 310, j = 421 sucessfully passed !
	Initialyzed swapped data for i = 310, j = 422 sucessfully passed !
	Initialyzed swapped data for i = 310, j = 423 sucessfully passed !
	Initialyzed swapped data for i = 310, j = 424 sucessfully passed !
	Initialyzed swapped data for i = 310, j = 425 sucessfully passed !
	Initialyzed swapped data for i = 310, j = 426 sucessfully passed !
	Initialyzed swapped data for i = 310, j = 427 sucessfully passed !
	Initialyzed swapped data for i = 310, j = 428 sucessfully passed !
	Initialyzed swapped data for i = 310, j = 429 sucessfully passed !
	Initialyzed swapped data for i = 310, j = 430 sucessfully passed !
	Initialyzed swapped data for i = 310, j = 431 sucessfully passed !
	Initialyzed swapped data for i = 310, j = 432 sucessfully passed !
	Initialyzed swapped data for i = 310, j = 433 sucessfully passed !
	Initialyzed swapped data for i = 311, j = 312 sucessfully passed !
	Initialyzed swapped data for i = 311, j = 313 sucessfully passed !
	Initialyzed swapped data for i = 311, j = 314 sucessfully passed !
	Initialyzed swapped data for i = 311, j = 315 sucessfully passed !
	Initialyzed swapped data for i = 311, j = 316 sucessfully passed !
	Initialyzed swapped data for i = 311, j = 317 sucessfully passed !
	Initialyzed swapped data for i = 311, j = 318 sucessfully passed !
	Initialyzed swapped data for i = 311, j = 319 sucessfully passed !
	Initialyzed swapped data for i = 311, j = 320 sucessfully passed !
	Initialyzed swapped data for i = 311, j = 321 sucessfully passed !
	Initialyzed swapped data for i = 311, j = 322 sucessfully passed !
	Initialyzed swapped data for i = 311, j = 323 sucessfully passed !
	Initialyzed swapped data for i = 311, j = 324 sucessfully passed !
	Initialyzed swapped data for i = 311, j = 325 sucessfully passed !
	Initialyzed swapped data for i = 311, j = 326 sucessfully passed !
	Initialyzed swapped data for i = 311, j = 327 sucessfully passed !
	Initialyzed swapped data for i = 311, j = 328 sucessfully passed !
	Initialyzed swapped data for i = 311, j = 329 sucessfully passed !
	Initialyzed swapped data for i = 311, j = 330 sucessfully passed !
	Initialyzed swapped data for i = 311, j = 331 sucessfully passed !
	Initialyzed swapped data for i = 311, j = 332 sucessfully passed !
	Initialyzed swapped data for i = 311, j = 333 sucessfully passed !
	Initialyzed swapped data for i = 311, j = 334 sucessfully passed !
	Initialyzed swapped data for i = 311, j = 335 sucessfully passed !
	Initialyzed swapped data for i = 311, j = 336 sucessfully passed !
	Initialyzed swapped data for i = 311, j = 337 sucessfully passed !
	Initialyzed swapped data for i = 311, j = 338 sucessfully passed !
	Initialyzed swapped data for i = 311, j = 339 sucessfully passed !
	Initialyzed swapped data for i = 311, j = 340 sucessfully passed !
	Initialyzed swapped data for i = 311, j = 341 sucessfully passed !
	Initialyzed swapped data for i = 311, j = 342 sucessfully passed !
	Initialyzed swapped data for i = 311, j = 343 sucessfully passed !
	Initialyzed swapped data for i = 311, j = 344 sucessfully passed !
	Initialyzed swapped data for i = 311, j = 345 sucessfully passed !
	Initialyzed swapped data for i = 311, j = 346 sucessfully passed !
	Initialyzed swapped data for i = 311, j = 347 sucessfully passed !
	Initialyzed swapped data for i = 311, j = 348 sucessfully passed !
	Initialyzed swapped data for i = 311, j = 349 sucessfully passed !
	Initialyzed swapped data for i = 311, j = 350 sucessfully passed !
	Initialyzed swapped data for i = 311, j = 351 sucessfully passed !
	Initialyzed swapped data for i = 311, j = 352 sucessfully passed !
	Initialyzed swapped data for i = 311, j = 353 sucessfully passed !
	Initialyzed swapped data for i = 311, j = 354 sucessfully passed !
	Initialyzed swapped data for i = 311, j = 355 sucessfully passed !
	Initialyzed swapped data for i = 311, j = 356 sucessfully passed !
	Initialyzed swapped data for i = 311, j = 357 sucessfully passed !
	Initialyzed swapped data for i = 311, j = 358 sucessfully passed !
	Initialyzed swapped data for i = 311, j = 359 sucessfully passed !
	Initialyzed swapped data for i = 311, j = 360 sucessfully passed !
	Initialyzed swapped data for i = 311, j = 361 sucessfully passed !
	Initialyzed swapped data for i = 311, j = 362 sucessfully passed !
	Initialyzed swapped data for i = 311, j = 363 sucessfully passed !
	Initialyzed swapped data for i = 311, j = 364 sucessfully passed !
	Initialyzed swapped data for i = 311, j = 365 sucessfully passed !
	Initialyzed swapped data for i = 311, j = 366 sucessfully passed !
	Initialyzed swapped data for i = 311, j = 367 sucessfully passed !
	Initialyzed swapped data for i = 311, j = 368 sucessfully passed !
	Initialyzed swapped data for i = 311, j = 369 sucessfully passed !
	Initialyzed swapped data for i = 311, j = 370 sucessfully passed !
	Initialyzed swapped data for i = 311, j = 371 sucessfully passed !
	Initialyzed swapped data for i = 311, j = 372 sucessfully passed !
	Initialyzed swapped data for i = 311, j = 373 sucessfully passed !
	Initialyzed swapped data for i = 311, j = 374 sucessfully passed !
	Initialyzed swapped data for i = 311, j = 375 sucessfully passed !
	Initialyzed swapped data for i = 311, j = 376 sucessfully passed !
	Initialyzed swapped data for i = 311, j = 377 sucessfully passed !
	Initialyzed swapped data for i = 311, j = 378 sucessfully passed !
	Initialyzed swapped data for i = 311, j = 379 sucessfully passed !
	Initialyzed swapped data for i = 311, j = 380 sucessfully passed !
	Initialyzed swapped data for i = 311, j = 381 sucessfully passed !
	Initialyzed swapped data for i = 311, j = 382 sucessfully passed !
	Initialyzed swapped data for i = 311, j = 383 sucessfully passed !
	Initialyzed swapped data for i = 311, j = 384 sucessfully passed !
	Initialyzed swapped data for i = 311, j = 385 sucessfully passed !
	Initialyzed swapped data for i = 311, j = 386 sucessfully passed !
	Initialyzed swapped data for i = 311, j = 387 sucessfully passed !
	Initialyzed swapped data for i = 311, j = 388 sucessfully passed !
	Initialyzed swapped data for i = 311, j = 389 sucessfully passed !
	Initialyzed swapped data for i = 311, j = 390 sucessfully passed !
	Initialyzed swapped data for i = 311, j = 391 sucessfully passed !
	Initialyzed swapped data for i = 311, j = 392 sucessfully passed !
	Initialyzed swapped data for i = 311, j = 393 sucessfully passed !
	Initialyzed swapped data for i = 311, j = 394 sucessfully passed !
	Initialyzed swapped data for i = 311, j = 395 sucessfully passed !
	Initialyzed swapped data for i = 311, j = 396 sucessfully passed !
	Initialyzed swapped data for i = 311, j = 397 sucessfully passed !
	Initialyzed swapped data for i = 311, j = 398 sucessfully passed !
	Initialyzed swapped data for i = 311, j = 399 sucessfully passed !
	Initialyzed swapped data for i = 311, j = 400 sucessfully passed !
	Initialyzed swapped data for i = 311, j = 401 sucessfully passed !
	Initialyzed swapped data for i = 311, j = 402 sucessfully passed !
	Initialyzed swapped data for i = 311, j = 403 sucessfully passed !
	Initialyzed swapped data for i = 311, j = 404 sucessfully passed !
	Initialyzed swapped data for i = 311, j = 405 sucessfully passed !
	Initialyzed swapped data for i = 311, j = 406 sucessfully passed !
	Initialyzed swapped data for i = 311, j = 407 sucessfully passed !
	Initialyzed swapped data for i = 311, j = 408 sucessfully passed !
	Initialyzed swapped data for i = 311, j = 409 sucessfully passed !
	Initialyzed swapped data for i = 311, j = 410 sucessfully passed !
	Initialyzed swapped data for i = 311, j = 411 sucessfully passed !
	Initialyzed swapped data for i = 311, j = 412 sucessfully passed !
	Initialyzed swapped data for i = 311, j = 413 sucessfully passed !
	Initialyzed swapped data for i = 311, j = 414 sucessfully passed !
	Initialyzed swapped data for i = 311, j = 415 sucessfully passed !
	Initialyzed swapped data for i = 311, j = 416 sucessfully passed !
	Initialyzed swapped data for i = 311, j = 417 sucessfully passed !
	Initialyzed swapped data for i = 311, j = 418 sucessfully passed !
	Initialyzed swapped data for i = 311, j = 419 sucessfully passed !
	Initialyzed swapped data for i = 311, j = 420 sucessfully passed !
	Initialyzed swapped data for i = 311, j = 421 sucessfully passed !
	Initialyzed swapped data for i = 311, j = 422 sucessfully passed !
	Initialyzed swapped data for i = 311, j = 423 sucessfully passed !
	Initialyzed swapped data for i = 311, j = 424 sucessfully passed !
	Initialyzed swapped data for i = 311, j = 425 sucessfully passed !
	Initialyzed swapped data for i = 311, j = 426 sucessfully passed !
	Initialyzed swapped data for i = 311, j = 427 sucessfully passed !
	Initialyzed swapped data for i = 311, j = 428 sucessfully passed !
	Initialyzed swapped data for i = 311, j = 429 sucessfully passed !
	Initialyzed swapped data for i = 311, j = 430 sucessfully passed !
	Initialyzed swapped data for i = 311, j = 431 sucessfully passed !
	Initialyzed swapped data for i = 311, j = 432 sucessfully passed !
	Initialyzed swapped data for i = 311, j = 433 sucessfully passed !
	Initialyzed swapped data for i = 312, j = 313 sucessfully passed !
	Initialyzed swapped data for i = 312, j = 314 sucessfully passed !
	Initialyzed swapped data for i = 312, j = 315 sucessfully passed !
	Initialyzed swapped data for i = 312, j = 316 sucessfully passed !
	Initialyzed swapped data for i = 312, j = 317 sucessfully passed !
	Initialyzed swapped data for i = 312, j = 318 sucessfully passed !
	Initialyzed swapped data for i = 312, j = 319 sucessfully passed !
	Initialyzed swapped data for i = 312, j = 320 sucessfully passed !
	Initialyzed swapped data for i = 312, j = 321 sucessfully passed !
	Initialyzed swapped data for i = 312, j = 322 sucessfully passed !
	Initialyzed swapped data for i = 312, j = 323 sucessfully passed !
	Initialyzed swapped data for i = 312, j = 324 sucessfully passed !
	Initialyzed swapped data for i = 312, j = 325 sucessfully passed !
	Initialyzed swapped data for i = 312, j = 326 sucessfully passed !
	Initialyzed swapped data for i = 312, j = 327 sucessfully passed !
	Initialyzed swapped data for i = 312, j = 328 sucessfully passed !
	Initialyzed swapped data for i = 312, j = 329 sucessfully passed !
	Initialyzed swapped data for i = 312, j = 330 sucessfully passed !
	Initialyzed swapped data for i = 312, j = 331 sucessfully passed !
	Initialyzed swapped data for i = 312, j = 332 sucessfully passed !
	Initialyzed swapped data for i = 312, j = 333 sucessfully passed !
	Initialyzed swapped data for i = 312, j = 334 sucessfully passed !
	Initialyzed swapped data for i = 312, j = 335 sucessfully passed !
	Initialyzed swapped data for i = 312, j = 336 sucessfully passed !
	Initialyzed swapped data for i = 312, j = 337 sucessfully passed !
	Initialyzed swapped data for i = 312, j = 338 sucessfully passed !
	Initialyzed swapped data for i = 312, j = 339 sucessfully passed !
	Initialyzed swapped data for i = 312, j = 340 sucessfully passed !
	Initialyzed swapped data for i = 312, j = 341 sucessfully passed !
	Initialyzed swapped data for i = 312, j = 342 sucessfully passed !
	Initialyzed swapped data for i = 312, j = 343 sucessfully passed !
	Initialyzed swapped data for i = 312, j = 344 sucessfully passed !
	Initialyzed swapped data for i = 312, j = 345 sucessfully passed !
	Initialyzed swapped data for i = 312, j = 346 sucessfully passed !
	Initialyzed swapped data for i = 312, j = 347 sucessfully passed !
	Initialyzed swapped data for i = 312, j = 348 sucessfully passed !
	Initialyzed swapped data for i = 312, j = 349 sucessfully passed !
	Initialyzed swapped data for i = 312, j = 350 sucessfully passed !
	Initialyzed swapped data for i = 312, j = 351 sucessfully passed !
	Initialyzed swapped data for i = 312, j = 352 sucessfully passed !
	Initialyzed swapped data for i = 312, j = 353 sucessfully passed !
	Initialyzed swapped data for i = 312, j = 354 sucessfully passed !
	Initialyzed swapped data for i = 312, j = 355 sucessfully passed !
	Initialyzed swapped data for i = 312, j = 356 sucessfully passed !
	Initialyzed swapped data for i = 312, j = 357 sucessfully passed !
	Initialyzed swapped data for i = 312, j = 358 sucessfully passed !
	Initialyzed swapped data for i = 312, j = 359 sucessfully passed !
	Initialyzed swapped data for i = 312, j = 360 sucessfully passed !
	Initialyzed swapped data for i = 312, j = 361 sucessfully passed !
	Initialyzed swapped data for i = 312, j = 362 sucessfully passed !
	Initialyzed swapped data for i = 312, j = 363 sucessfully passed !
	Initialyzed swapped data for i = 312, j = 364 sucessfully passed !
	Initialyzed swapped data for i = 312, j = 365 sucessfully passed !
	Initialyzed swapped data for i = 312, j = 366 sucessfully passed !
	Initialyzed swapped data for i = 312, j = 367 sucessfully passed !
	Initialyzed swapped data for i = 312, j = 368 sucessfully passed !
	Initialyzed swapped data for i = 312, j = 369 sucessfully passed !
	Initialyzed swapped data for i = 312, j = 370 sucessfully passed !
	Initialyzed swapped data for i = 312, j = 371 sucessfully passed !
	Initialyzed swapped data for i = 312, j = 372 sucessfully passed !
	Initialyzed swapped data for i = 312, j = 373 sucessfully passed !
	Initialyzed swapped data for i = 312, j = 374 sucessfully passed !
	Initialyzed swapped data for i = 312, j = 375 sucessfully passed !
	Initialyzed swapped data for i = 312, j = 376 sucessfully passed !
	Initialyzed swapped data for i = 312, j = 377 sucessfully passed !
	Initialyzed swapped data for i = 312, j = 378 sucessfully passed !
	Initialyzed swapped data for i = 312, j = 379 sucessfully passed !
	Initialyzed swapped data for i = 312, j = 380 sucessfully passed !
	Initialyzed swapped data for i = 312, j = 381 sucessfully passed !
	Initialyzed swapped data for i = 312, j = 382 sucessfully passed !
	Initialyzed swapped data for i = 312, j = 383 sucessfully passed !
	Initialyzed swapped data for i = 312, j = 384 sucessfully passed !
	Initialyzed swapped data for i = 312, j = 385 sucessfully passed !
	Initialyzed swapped data for i = 312, j = 386 sucessfully passed !
	Initialyzed swapped data for i = 312, j = 387 sucessfully passed !
	Initialyzed swapped data for i = 312, j = 388 sucessfully passed !
	Initialyzed swapped data for i = 312, j = 389 sucessfully passed !
	Initialyzed swapped data for i = 312, j = 390 sucessfully passed !
	Initialyzed swapped data for i = 312, j = 391 sucessfully passed !
	Initialyzed swapped data for i = 312, j = 392 sucessfully passed !
	Initialyzed swapped data for i = 312, j = 393 sucessfully passed !
	Initialyzed swapped data for i = 312, j = 394 sucessfully passed !
	Initialyzed swapped data for i = 312, j = 395 sucessfully passed !
	Initialyzed swapped data for i = 312, j = 396 sucessfully passed !
	Initialyzed swapped data for i = 312, j = 397 sucessfully passed !
	Initialyzed swapped data for i = 312, j = 398 sucessfully passed !
	Initialyzed swapped data for i = 312, j = 399 sucessfully passed !
	Initialyzed swapped data for i = 312, j = 400 sucessfully passed !
	Initialyzed swapped data for i = 312, j = 401 sucessfully passed !
	Initialyzed swapped data for i = 312, j = 402 sucessfully passed !
	Initialyzed swapped data for i = 312, j = 403 sucessfully passed !
	Initialyzed swapped data for i = 312, j = 404 sucessfully passed !
	Initialyzed swapped data for i = 312, j = 405 sucessfully passed !
	Initialyzed swapped data for i = 312, j = 406 sucessfully passed !
	Initialyzed swapped data for i = 312, j = 407 sucessfully passed !
	Initialyzed swapped data for i = 312, j = 408 sucessfully passed !
	Initialyzed swapped data for i = 312, j = 409 sucessfully passed !
	Initialyzed swapped data for i = 312, j = 410 sucessfully passed !
	Initialyzed swapped data for i = 312, j = 411 sucessfully passed !
	Initialyzed swapped data for i = 312, j = 412 sucessfully passed !
	Initialyzed swapped data for i = 312, j = 413 sucessfully passed !
	Initialyzed swapped data for i = 312, j = 414 sucessfully passed !
	Initialyzed swapped data for i = 312, j = 415 sucessfully passed !
	Initialyzed swapped data for i = 312, j = 416 sucessfully passed !
	Initialyzed swapped data for i = 312, j = 417 sucessfully passed !
	Initialyzed swapped data for i = 312, j = 418 sucessfully passed !
	Initialyzed swapped data for i = 312, j = 419 sucessfully passed !
	Initialyzed swapped data for i = 312, j = 420 sucessfully passed !
	Initialyzed swapped data for i = 312, j = 421 sucessfully passed !
	Initialyzed swapped data for i = 312, j = 422 sucessfully passed !
	Initialyzed swapped data for i = 312, j = 423 sucessfully passed !
	Initialyzed swapped data for i = 312, j = 424 sucessfully passed !
	Initialyzed swapped data for i = 312, j = 425 sucessfully passed !
	Initialyzed swapped data for i = 312, j = 426 sucessfully passed !
	Initialyzed swapped data for i = 312, j = 427 sucessfully passed !
	Initialyzed swapped data for i = 312, j = 428 sucessfully passed !
	Initialyzed swapped data for i = 312, j = 429 sucessfully passed !
	Initialyzed swapped data for i = 312, j = 430 sucessfully passed !
	Initialyzed swapped data for i = 312, j = 431 sucessfully passed !
	Initialyzed swapped data for i = 312, j = 432 sucessfully passed !
	Initialyzed swapped data for i = 312, j = 433 sucessfully passed !
	Initialyzed swapped data for i = 313, j = 314 sucessfully passed !
	Initialyzed swapped data for i = 313, j = 315 sucessfully passed !
	Initialyzed swapped data for i = 313, j = 316 sucessfully passed !
	Initialyzed swapped data for i = 313, j = 317 sucessfully passed !
	Initialyzed swapped data for i = 313, j = 318 sucessfully passed !
	Initialyzed swapped data for i = 313, j = 319 sucessfully passed !
	Initialyzed swapped data for i = 313, j = 320 sucessfully passed !
	Initialyzed swapped data for i = 313, j = 321 sucessfully passed !
	Initialyzed swapped data for i = 313, j = 322 sucessfully passed !
	Initialyzed swapped data for i = 313, j = 323 sucessfully passed !
	Initialyzed swapped data for i = 313, j = 324 sucessfully passed !
	Initialyzed swapped data for i = 313, j = 325 sucessfully passed !
	Initialyzed swapped data for i = 313, j = 326 sucessfully passed !
	Initialyzed swapped data for i = 313, j = 327 sucessfully passed !
	Initialyzed swapped data for i = 313, j = 328 sucessfully passed !
	Initialyzed swapped data for i = 313, j = 329 sucessfully passed !
	Initialyzed swapped data for i = 313, j = 330 sucessfully passed !
	Initialyzed swapped data for i = 313, j = 331 sucessfully passed !
	Initialyzed swapped data for i = 313, j = 332 sucessfully passed !
	Initialyzed swapped data for i = 313, j = 333 sucessfully passed !
	Initialyzed swapped data for i = 313, j = 334 sucessfully passed !
	Initialyzed swapped data for i = 313, j = 335 sucessfully passed !
	Initialyzed swapped data for i = 313, j = 336 sucessfully passed !
	Initialyzed swapped data for i = 313, j = 337 sucessfully passed !
	Initialyzed swapped data for i = 313, j = 338 sucessfully passed !
	Initialyzed swapped data for i = 313, j = 339 sucessfully passed !
	Initialyzed swapped data for i = 313, j = 340 sucessfully passed !
	Initialyzed swapped data for i = 313, j = 341 sucessfully passed !
	Initialyzed swapped data for i = 313, j = 342 sucessfully passed !
	Initialyzed swapped data for i = 313, j = 343 sucessfully passed !
	Initialyzed swapped data for i = 313, j = 344 sucessfully passed !
	Initialyzed swapped data for i = 313, j = 345 sucessfully passed !
	Initialyzed swapped data for i = 313, j = 346 sucessfully passed !
	Initialyzed swapped data for i = 313, j = 347 sucessfully passed !
	Initialyzed swapped data for i = 313, j = 348 sucessfully passed !
	Initialyzed swapped data for i = 313, j = 349 sucessfully passed !
	Initialyzed swapped data for i = 313, j = 350 sucessfully passed !
	Initialyzed swapped data for i = 313, j = 351 sucessfully passed !
	Initialyzed swapped data for i = 313, j = 352 sucessfully passed !
	Initialyzed swapped data for i = 313, j = 353 sucessfully passed !
	Initialyzed swapped data for i = 313, j = 354 sucessfully passed !
	Initialyzed swapped data for i = 313, j = 355 sucessfully passed !
	Initialyzed swapped data for i = 313, j = 356 sucessfully passed !
	Initialyzed swapped data for i = 313, j = 357 sucessfully passed !
	Initialyzed swapped data for i = 313, j = 358 sucessfully passed !
	Initialyzed swapped data for i = 313, j = 359 sucessfully passed !
	Initialyzed swapped data for i = 313, j = 360 sucessfully passed !
	Initialyzed swapped data for i = 313, j = 361 sucessfully passed !
	Initialyzed swapped data for i = 313, j = 362 sucessfully passed !
	Initialyzed swapped data for i = 313, j = 363 sucessfully passed !
	Initialyzed swapped data for i = 313, j = 364 sucessfully passed !
	Initialyzed swapped data for i = 313, j = 365 sucessfully passed !
	Initialyzed swapped data for i = 313, j = 366 sucessfully passed !
	Initialyzed swapped data for i = 313, j = 367 sucessfully passed !
	Initialyzed swapped data for i = 313, j = 368 sucessfully passed !
	Initialyzed swapped data for i = 313, j = 369 sucessfully passed !
	Initialyzed swapped data for i = 313, j = 370 sucessfully passed !
	Initialyzed swapped data for i = 313, j = 371 sucessfully passed !
	Initialyzed swapped data for i = 313, j = 372 sucessfully passed !
	Initialyzed swapped data for i = 313, j = 373 sucessfully passed !
	Initialyzed swapped data for i = 313, j = 374 sucessfully passed !
	Initialyzed swapped data for i = 313, j = 375 sucessfully passed !
	Initialyzed swapped data for i = 313, j = 376 sucessfully passed !
	Initialyzed swapped data for i = 313, j = 377 sucessfully passed !
	Initialyzed swapped data for i = 313, j = 378 sucessfully passed !
	Initialyzed swapped data for i = 313, j = 379 sucessfully passed !
	Initialyzed swapped data for i = 313, j = 380 sucessfully passed !
	Initialyzed swapped data for i = 313, j = 381 sucessfully passed !
	Initialyzed swapped data for i = 313, j = 382 sucessfully passed !
	Initialyzed swapped data for i = 313, j = 383 sucessfully passed !
	Initialyzed swapped data for i = 313, j = 384 sucessfully passed !
	Initialyzed swapped data for i = 313, j = 385 sucessfully passed !
	Initialyzed swapped data for i = 313, j = 386 sucessfully passed !
	Initialyzed swapped data for i = 313, j = 387 sucessfully passed !
	Initialyzed swapped data for i = 313, j = 388 sucessfully passed !
	Initialyzed swapped data for i = 313, j = 389 sucessfully passed !
	Initialyzed swapped data for i = 313, j = 390 sucessfully passed !
	Initialyzed swapped data for i = 313, j = 391 sucessfully passed !
	Initialyzed swapped data for i = 313, j = 392 sucessfully passed !
	Initialyzed swapped data for i = 313, j = 393 sucessfully passed !
	Initialyzed swapped data for i = 313, j = 394 sucessfully passed !
	Initialyzed swapped data for i = 313, j = 395 sucessfully passed !
	Initialyzed swapped data for i = 313, j = 396 sucessfully passed !
	Initialyzed swapped data for i = 313, j = 397 sucessfully passed !
	Initialyzed swapped data for i = 313, j = 398 sucessfully passed !
	Initialyzed swapped data for i = 313, j = 399 sucessfully passed !
	Initialyzed swapped data for i = 313, j = 400 sucessfully passed !
	Initialyzed swapped data for i = 313, j = 401 sucessfully passed !
	Initialyzed swapped data for i = 313, j = 402 sucessfully passed !
	Initialyzed swapped data for i = 313, j = 403 sucessfully passed !
	Initialyzed swapped data for i = 313, j = 404 sucessfully passed !
	Initialyzed swapped data for i = 313, j = 405 sucessfully passed !
	Initialyzed swapped data for i = 313, j = 406 sucessfully passed !
	Initialyzed swapped data for i = 313, j = 407 sucessfully passed !
	Initialyzed swapped data for i = 313, j = 408 sucessfully passed !
	Initialyzed swapped data for i = 313, j = 409 sucessfully passed !
	Initialyzed swapped data for i = 313, j = 410 sucessfully passed !
	Initialyzed swapped data for i = 313, j = 411 sucessfully passed !
	Initialyzed swapped data for i = 313, j = 412 sucessfully passed !
	Initialyzed swapped data for i = 313, j = 413 sucessfully passed !
	Initialyzed swapped data for i = 313, j = 414 sucessfully passed !
	Initialyzed swapped data for i = 313, j = 415 sucessfully passed !
	Initialyzed swapped data for i = 313, j = 416 sucessfully passed !
	Initialyzed swapped data for i = 313, j = 417 sucessfully passed !
	Initialyzed swapped data for i = 313, j = 418 sucessfully passed !
	Initialyzed swapped data for i = 313, j = 419 sucessfully passed !
	Initialyzed swapped data for i = 313, j = 420 sucessfully passed !
	Initialyzed swapped data for i = 313, j = 421 sucessfully passed !
	Initialyzed swapped data for i = 313, j = 422 sucessfully passed !
	Initialyzed swapped data for i = 313, j = 423 sucessfully passed !
	Initialyzed swapped data for i = 313, j = 424 sucessfully passed !
	Initialyzed swapped data for i = 313, j = 425 sucessfully passed !
	Initialyzed swapped data for i = 313, j = 426 sucessfully passed !
	Initialyzed swapped data for i = 313, j = 427 sucessfully passed !
	Initialyzed swapped data for i = 313, j = 428 sucessfully passed !
	Initialyzed swapped data for i = 313, j = 429 sucessfully passed !
	Initialyzed swapped data for i = 313, j = 430 sucessfully passed !
	Initialyzed swapped data for i = 313, j = 431 sucessfully passed !
	Initialyzed swapped data for i = 313, j = 432 sucessfully passed !
	Initialyzed swapped data for i = 313, j = 433 sucessfully passed !
	Initialyzed swapped data for i = 314, j = 315 sucessfully passed !
	Initialyzed swapped data for i = 314, j = 316 sucessfully passed !
	Initialyzed swapped data for i = 314, j = 317 sucessfully passed !
	Initialyzed swapped data for i = 314, j = 318 sucessfully passed !
	Initialyzed swapped data for i = 314, j = 319 sucessfully passed !
	Initialyzed swapped data for i = 314, j = 320 sucessfully passed !
	Initialyzed swapped data for i = 314, j = 321 sucessfully passed !
	Initialyzed swapped data for i = 314, j = 322 sucessfully passed !
	Initialyzed swapped data for i = 314, j = 323 sucessfully passed !
	Initialyzed swapped data for i = 314, j = 324 sucessfully passed !
	Initialyzed swapped data for i = 314, j = 325 sucessfully passed !
	Initialyzed swapped data for i = 314, j = 326 sucessfully passed !
	Initialyzed swapped data for i = 314, j = 327 sucessfully passed !
	Initialyzed swapped data for i = 314, j = 328 sucessfully passed !
	Initialyzed swapped data for i = 314, j = 329 sucessfully passed !
	Initialyzed swapped data for i = 314, j = 330 sucessfully passed !
	Initialyzed swapped data for i = 314, j = 331 sucessfully passed !
	Initialyzed swapped data for i = 314, j = 332 sucessfully passed !
	Initialyzed swapped data for i = 314, j = 333 sucessfully passed !
	Initialyzed swapped data for i = 314, j = 334 sucessfully passed !
	Initialyzed swapped data for i = 314, j = 335 sucessfully passed !
	Initialyzed swapped data for i = 314, j = 336 sucessfully passed !
	Initialyzed swapped data for i = 314, j = 337 sucessfully passed !
	Initialyzed swapped data for i = 314, j = 338 sucessfully passed !
	Initialyzed swapped data for i = 314, j = 339 sucessfully passed !
	Initialyzed swapped data for i = 314, j = 340 sucessfully passed !
	Initialyzed swapped data for i = 314, j = 341 sucessfully passed !
	Initialyzed swapped data for i = 314, j = 342 sucessfully passed !
	Initialyzed swapped data for i = 314, j = 343 sucessfully passed !
	Initialyzed swapped data for i = 314, j = 344 sucessfully passed !
	Initialyzed swapped data for i = 314, j = 345 sucessfully passed !
	Initialyzed swapped data for i = 314, j = 346 sucessfully passed !
	Initialyzed swapped data for i = 314, j = 347 sucessfully passed !
	Initialyzed swapped data for i = 314, j = 348 sucessfully passed !
	Initialyzed swapped data for i = 314, j = 349 sucessfully passed !
	Initialyzed swapped data for i = 314, j = 350 sucessfully passed !
	Initialyzed swapped data for i = 314, j = 351 sucessfully passed !
	Initialyzed swapped data for i = 314, j = 352 sucessfully passed !
	Initialyzed swapped data for i = 314, j = 353 sucessfully passed !
	Initialyzed swapped data for i = 314, j = 354 sucessfully passed !
	Initialyzed swapped data for i = 314, j = 355 sucessfully passed !
	Initialyzed swapped data for i = 314, j = 356 sucessfully passed !
	Initialyzed swapped data for i = 314, j = 357 sucessfully passed !
	Initialyzed swapped data for i = 314, j = 358 sucessfully passed !
	Initialyzed swapped data for i = 314, j = 359 sucessfully passed !
	Initialyzed swapped data for i = 314, j = 360 sucessfully passed !
	Initialyzed swapped data for i = 314, j = 361 sucessfully passed !
	Initialyzed swapped data for i = 314, j = 362 sucessfully passed !
	Initialyzed swapped data for i = 314, j = 363 sucessfully passed !
	Initialyzed swapped data for i = 314, j = 364 sucessfully passed !
	Initialyzed swapped data for i = 314, j = 365 sucessfully passed !
	Initialyzed swapped data for i = 314, j = 366 sucessfully passed !
	Initialyzed swapped data for i = 314, j = 367 sucessfully passed !
	Initialyzed swapped data for i = 314, j = 368 sucessfully passed !
	Initialyzed swapped data for i = 314, j = 369 sucessfully passed !
	Initialyzed swapped data for i = 314, j = 370 sucessfully passed !
	Initialyzed swapped data for i = 314, j = 371 sucessfully passed !
	Initialyzed swapped data for i = 314, j = 372 sucessfully passed !
	Initialyzed swapped data for i = 314, j = 373 sucessfully passed !
	Initialyzed swapped data for i = 314, j = 374 sucessfully passed !
	Initialyzed swapped data for i = 314, j = 375 sucessfully passed !
	Initialyzed swapped data for i = 314, j = 376 sucessfully passed !
	Initialyzed swapped data for i = 314, j = 377 sucessfully passed !
	Initialyzed swapped data for i = 314, j = 378 sucessfully passed !
	Initialyzed swapped data for i = 314, j = 379 sucessfully passed !
	Initialyzed swapped data for i = 314, j = 380 sucessfully passed !
	Initialyzed swapped data for i = 314, j = 381 sucessfully passed !
	Initialyzed swapped data for i = 314, j = 382 sucessfully passed !
	Initialyzed swapped data for i = 314, j = 383 sucessfully passed !
	Initialyzed swapped data for i = 314, j = 384 sucessfully passed !
	Initialyzed swapped data for i = 314, j = 385 sucessfully passed !
	Initialyzed swapped data for i = 314, j = 386 sucessfully passed !
	Initialyzed swapped data for i = 314, j = 387 sucessfully passed !
	Initialyzed swapped data for i = 314, j = 388 sucessfully passed !
	Initialyzed swapped data for i = 314, j = 389 sucessfully passed !
	Initialyzed swapped data for i = 314, j = 390 sucessfully passed !
	Initialyzed swapped data for i = 314, j = 391 sucessfully passed !
	Initialyzed swapped data for i = 314, j = 392 sucessfully passed !
	Initialyzed swapped data for i = 314, j = 393 sucessfully passed !
	Initialyzed swapped data for i = 314, j = 394 sucessfully passed !
	Initialyzed swapped data for i = 314, j = 395 sucessfully passed !
	Initialyzed swapped data for i = 314, j = 396 sucessfully passed !
	Initialyzed swapped data for i = 314, j = 397 sucessfully passed !
	Initialyzed swapped data for i = 314, j = 398 sucessfully passed !
	Initialyzed swapped data for i = 314, j = 399 sucessfully passed !
	Initialyzed swapped data for i = 314, j = 400 sucessfully passed !
	Initialyzed swapped data for i = 314, j = 401 sucessfully passed !
	Initialyzed swapped data for i = 314, j = 402 sucessfully passed !
	Initialyzed swapped data for i = 314, j = 403 sucessfully passed !
	Initialyzed swapped data for i = 314, j = 404 sucessfully passed !
	Initialyzed swapped data for i = 314, j = 405 sucessfully passed !
	Initialyzed swapped data for i = 314, j = 406 sucessfully passed !
	Initialyzed swapped data for i = 314, j = 407 sucessfully passed !
	Initialyzed swapped data for i = 314, j = 408 sucessfully passed !
	Initialyzed swapped data for i = 314, j = 409 sucessfully passed !
	Initialyzed swapped data for i = 314, j = 410 sucessfully passed !
	Initialyzed swapped data for i = 314, j = 411 sucessfully passed !
	Initialyzed swapped data for i = 314, j = 412 sucessfully passed !
	Initialyzed swapped data for i = 314, j = 413 sucessfully passed !
	Initialyzed swapped data for i = 314, j = 414 sucessfully passed !
	Initialyzed swapped data for i = 314, j = 415 sucessfully passed !
	Initialyzed swapped data for i = 314, j = 416 sucessfully passed !
	Initialyzed swapped data for i = 314, j = 417 sucessfully passed !
	Initialyzed swapped data for i = 314, j = 418 sucessfully passed !
	Initialyzed swapped data for i = 314, j = 419 sucessfully passed !
	Initialyzed swapped data for i = 314, j = 420 sucessfully passed !
	Initialyzed swapped data for i = 314, j = 421 sucessfully passed !
	Initialyzed swapped data for i = 314, j = 422 sucessfully passed !
	Initialyzed swapped data for i = 314, j = 423 sucessfully passed !
	Initialyzed swapped data for i = 314, j = 424 sucessfully passed !
	Initialyzed swapped data for i = 314, j = 425 sucessfully passed !
	Initialyzed swapped data for i = 314, j = 426 sucessfully passed !
	Initialyzed swapped data for i = 314, j = 427 sucessfully passed !
	Initialyzed swapped data for i = 314, j = 428 sucessfully passed !
	Initialyzed swapped data for i = 314, j = 429 sucessfully passed !
	Initialyzed swapped data for i = 314, j = 430 sucessfully passed !
	Initialyzed swapped data for i = 314, j = 431 sucessfully passed !
	Initialyzed swapped data for i = 314, j = 432 sucessfully passed !
	Initialyzed swapped data for i = 314, j = 433 sucessfully passed !
	Initialyzed swapped data for i = 315, j = 316 sucessfully passed !
	Initialyzed swapped data for i = 315, j = 317 sucessfully passed !
	Initialyzed swapped data for i = 315, j = 318 sucessfully passed !
	Initialyzed swapped data for i = 315, j = 319 sucessfully passed !
	Initialyzed swapped data for i = 315, j = 320 sucessfully passed !
	Initialyzed swapped data for i = 315, j = 321 sucessfully passed !
	Initialyzed swapped data for i = 315, j = 322 sucessfully passed !
	Initialyzed swapped data for i = 315, j = 323 sucessfully passed !
	Initialyzed swapped data for i = 315, j = 324 sucessfully passed !
	Initialyzed swapped data for i = 315, j = 325 sucessfully passed !
	Initialyzed swapped data for i = 315, j = 326 sucessfully passed !
	Initialyzed swapped data for i = 315, j = 327 sucessfully passed !
	Initialyzed swapped data for i = 315, j = 328 sucessfully passed !
	Initialyzed swapped data for i = 315, j = 329 sucessfully passed !
	Initialyzed swapped data for i = 315, j = 330 sucessfully passed !
	Initialyzed swapped data for i = 315, j = 331 sucessfully passed !
	Initialyzed swapped data for i = 315, j = 332 sucessfully passed !
	Initialyzed swapped data for i = 315, j = 333 sucessfully passed !
	Initialyzed swapped data for i = 315, j = 334 sucessfully passed !
	Initialyzed swapped data for i = 315, j = 335 sucessfully passed !
	Initialyzed swapped data for i = 315, j = 336 sucessfully passed !
	Initialyzed swapped data for i = 315, j = 337 sucessfully passed !
	Initialyzed swapped data for i = 315, j = 338 sucessfully passed !
	Initialyzed swapped data for i = 315, j = 339 sucessfully passed !
	Initialyzed swapped data for i = 315, j = 340 sucessfully passed !
	Initialyzed swapped data for i = 315, j = 341 sucessfully passed !
	Initialyzed swapped data for i = 315, j = 342 sucessfully passed !
	Initialyzed swapped data for i = 315, j = 343 sucessfully passed !
	Initialyzed swapped data for i = 315, j = 344 sucessfully passed !
	Initialyzed swapped data for i = 315, j = 345 sucessfully passed !
	Initialyzed swapped data for i = 315, j = 346 sucessfully passed !
	Initialyzed swapped data for i = 315, j = 347 sucessfully passed !
	Initialyzed swapped data for i = 315, j = 348 sucessfully passed !
	Initialyzed swapped data for i = 315, j = 349 sucessfully passed !
	Initialyzed swapped data for i = 315, j = 350 sucessfully passed !
	Initialyzed swapped data for i = 315, j = 351 sucessfully passed !
	Initialyzed swapped data for i = 315, j = 352 sucessfully passed !
	Initialyzed swapped data for i = 315, j = 353 sucessfully passed !
	Initialyzed swapped data for i = 315, j = 354 sucessfully passed !
	Initialyzed swapped data for i = 315, j = 355 sucessfully passed !
	Initialyzed swapped data for i = 315, j = 356 sucessfully passed !
	Initialyzed swapped data for i = 315, j = 357 sucessfully passed !
	Initialyzed swapped data for i = 315, j = 358 sucessfully passed !
	Initialyzed swapped data for i = 315, j = 359 sucessfully passed !
	Initialyzed swapped data for i = 315, j = 360 sucessfully passed !
	Initialyzed swapped data for i = 315, j = 361 sucessfully passed !
	Initialyzed swapped data for i = 315, j = 362 sucessfully passed !
	Initialyzed swapped data for i = 315, j = 363 sucessfully passed !
	Initialyzed swapped data for i = 315, j = 364 sucessfully passed !
	Initialyzed swapped data for i = 315, j = 365 sucessfully passed !
	Initialyzed swapped data for i = 315, j = 366 sucessfully passed !
	Initialyzed swapped data for i = 315, j = 367 sucessfully passed !
	Initialyzed swapped data for i = 315, j = 368 sucessfully passed !
	Initialyzed swapped data for i = 315, j = 369 sucessfully passed !
	Initialyzed swapped data for i = 315, j = 370 sucessfully passed !
	Initialyzed swapped data for i = 315, j = 371 sucessfully passed !
	Initialyzed swapped data for i = 315, j = 372 sucessfully passed !
	Initialyzed swapped data for i = 315, j = 373 sucessfully passed !
	Initialyzed swapped data for i = 315, j = 374 sucessfully passed !
	Initialyzed swapped data for i = 315, j = 375 sucessfully passed !
	Initialyzed swapped data for i = 315, j = 376 sucessfully passed !
	Initialyzed swapped data for i = 315, j = 377 sucessfully passed !
	Initialyzed swapped data for i = 315, j = 378 sucessfully passed !
	Initialyzed swapped data for i = 315, j = 379 sucessfully passed !
	Initialyzed swapped data for i = 315, j = 380 sucessfully passed !
	Initialyzed swapped data for i = 315, j = 381 sucessfully passed !
	Initialyzed swapped data for i = 315, j = 382 sucessfully passed !
	Initialyzed swapped data for i = 315, j = 383 sucessfully passed !
	Initialyzed swapped data for i = 315, j = 384 sucessfully passed !
	Initialyzed swapped data for i = 315, j = 385 sucessfully passed !
	Initialyzed swapped data for i = 315, j = 386 sucessfully passed !
	Initialyzed swapped data for i = 315, j = 387 sucessfully passed !
	Initialyzed swapped data for i = 315, j = 388 sucessfully passed !
	Initialyzed swapped data for i = 315, j = 389 sucessfully passed !
	Initialyzed swapped data for i = 315, j = 390 sucessfully passed !
	Initialyzed swapped data for i = 315, j = 391 sucessfully passed !
	Initialyzed swapped data for i = 315, j = 392 sucessfully passed !
	Initialyzed swapped data for i = 315, j = 393 sucessfully passed !
	Initialyzed swapped data for i = 315, j = 394 sucessfully passed !
	Initialyzed swapped data for i = 315, j = 395 sucessfully passed !
	Initialyzed swapped data for i = 315, j = 396 sucessfully passed !
	Initialyzed swapped data for i = 315, j = 397 sucessfully passed !
	Initialyzed swapped data for i = 315, j = 398 sucessfully passed !
	Initialyzed swapped data for i = 315, j = 399 sucessfully passed !
	Initialyzed swapped data for i = 315, j = 400 sucessfully passed !
	Initialyzed swapped data for i = 315, j = 401 sucessfully passed !
	Initialyzed swapped data for i = 315, j = 402 sucessfully passed !
	Initialyzed swapped data for i = 315, j = 403 sucessfully passed !
	Initialyzed swapped data for i = 315, j = 404 sucessfully passed !
	Initialyzed swapped data for i = 315, j = 405 sucessfully passed !
	Initialyzed swapped data for i = 315, j = 406 sucessfully passed !
	Initialyzed swapped data for i = 315, j = 407 sucessfully passed !
	Initialyzed swapped data for i = 315, j = 408 sucessfully passed !
	Initialyzed swapped data for i = 315, j = 409 sucessfully passed !
	Initialyzed swapped data for i = 315, j = 410 sucessfully passed !
	Initialyzed swapped data for i = 315, j = 411 sucessfully passed !
	Initialyzed swapped data for i = 315, j = 412 sucessfully passed !
	Initialyzed swapped data for i = 315, j = 413 sucessfully passed !
	Initialyzed swapped data for i = 315, j = 414 sucessfully passed !
	Initialyzed swapped data for i = 315, j = 415 sucessfully passed !
	Initialyzed swapped data for i = 315, j = 416 sucessfully passed !
	Initialyzed swapped data for i = 315, j = 417 sucessfully passed !
	Initialyzed swapped data for i = 315, j = 418 sucessfully passed !
	Initialyzed swapped data for i = 315, j = 419 sucessfully passed !
	Initialyzed swapped data for i = 315, j = 420 sucessfully passed !
	Initialyzed swapped data for i = 315, j = 421 sucessfully passed !
	Initialyzed swapped data for i = 315, j = 422 sucessfully passed !
	Initialyzed swapped data for i = 315, j = 423 sucessfully passed !
	Initialyzed swapped data for i = 315, j = 424 sucessfully passed !
	Initialyzed swapped data for i = 315, j = 425 sucessfully passed !
	Initialyzed swapped data for i = 315, j = 426 sucessfully passed !
	Initialyzed swapped data for i = 315, j = 427 sucessfully passed !
	Initialyzed swapped data for i = 315, j = 428 sucessfully passed !
	Initialyzed swapped data for i = 315, j = 429 sucessfully passed !
	Initialyzed swapped data for i = 315, j = 430 sucessfully passed !
	Initialyzed swapped data for i = 315, j = 431 sucessfully passed !
	Initialyzed swapped data for i = 315, j = 432 sucessfully passed !
	Initialyzed swapped data for i = 315, j = 433 sucessfully passed !
	Initialyzed swapped data for i = 316, j = 317 sucessfully passed !
	Initialyzed swapped data for i = 316, j = 318 sucessfully passed !
	Initialyzed swapped data for i = 316, j = 319 sucessfully passed !
	Initialyzed swapped data for i = 316, j = 320 sucessfully passed !
	Initialyzed swapped data for i = 316, j = 321 sucessfully passed !
	Initialyzed swapped data for i = 316, j = 322 sucessfully passed !
	Initialyzed swapped data for i = 316, j = 323 sucessfully passed !
	Initialyzed swapped data for i = 316, j = 324 sucessfully passed !
	Initialyzed swapped data for i = 316, j = 325 sucessfully passed !
	Initialyzed swapped data for i = 316, j = 326 sucessfully passed !
	Initialyzed swapped data for i = 316, j = 327 sucessfully passed !
	Initialyzed swapped data for i = 316, j = 328 sucessfully passed !
	Initialyzed swapped data for i = 316, j = 329 sucessfully passed !
	Initialyzed swapped data for i = 316, j = 330 sucessfully passed !
	Initialyzed swapped data for i = 316, j = 331 sucessfully passed !
	Initialyzed swapped data for i = 316, j = 332 sucessfully passed !
	Initialyzed swapped data for i = 316, j = 333 sucessfully passed !
	Initialyzed swapped data for i = 316, j = 334 sucessfully passed !
	Initialyzed swapped data for i = 316, j = 335 sucessfully passed !
	Initialyzed swapped data for i = 316, j = 336 sucessfully passed !
	Initialyzed swapped data for i = 316, j = 337 sucessfully passed !
	Initialyzed swapped data for i = 316, j = 338 sucessfully passed !
	Initialyzed swapped data for i = 316, j = 339 sucessfully passed !
	Initialyzed swapped data for i = 316, j = 340 sucessfully passed !
	Initialyzed swapped data for i = 316, j = 341 sucessfully passed !
	Initialyzed swapped data for i = 316, j = 342 sucessfully passed !
	Initialyzed swapped data for i = 316, j = 343 sucessfully passed !
	Initialyzed swapped data for i = 316, j = 344 sucessfully passed !
	Initialyzed swapped data for i = 316, j = 345 sucessfully passed !
	Initialyzed swapped data for i = 316, j = 346 sucessfully passed !
	Initialyzed swapped data for i = 316, j = 347 sucessfully passed !
	Initialyzed swapped data for i = 316, j = 348 sucessfully passed !
	Initialyzed swapped data for i = 316, j = 349 sucessfully passed !
	Initialyzed swapped data for i = 316, j = 350 sucessfully passed !
	Initialyzed swapped data for i = 316, j = 351 sucessfully passed !
	Initialyzed swapped data for i = 316, j = 352 sucessfully passed !
	Initialyzed swapped data for i = 316, j = 353 sucessfully passed !
	Initialyzed swapped data for i = 316, j = 354 sucessfully passed !
	Initialyzed swapped data for i = 316, j = 355 sucessfully passed !
	Initialyzed swapped data for i = 316, j = 356 sucessfully passed !
	Initialyzed swapped data for i = 316, j = 357 sucessfully passed !
	Initialyzed swapped data for i = 316, j = 358 sucessfully passed !
	Initialyzed swapped data for i = 316, j = 359 sucessfully passed !
	Initialyzed swapped data for i = 316, j = 360 sucessfully passed !
	Initialyzed swapped data for i = 316, j = 361 sucessfully passed !
	Initialyzed swapped data for i = 316, j = 362 sucessfully passed !
	Initialyzed swapped data for i = 316, j = 363 sucessfully passed !
	Initialyzed swapped data for i = 316, j = 364 sucessfully passed !
	Initialyzed swapped data for i = 316, j = 365 sucessfully passed !
	Initialyzed swapped data for i = 316, j = 366 sucessfully passed !
	Initialyzed swapped data for i = 316, j = 367 sucessfully passed !
	Initialyzed swapped data for i = 316, j = 368 sucessfully passed !
	Initialyzed swapped data for i = 316, j = 369 sucessfully passed !
	Initialyzed swapped data for i = 316, j = 370 sucessfully passed !
	Initialyzed swapped data for i = 316, j = 371 sucessfully passed !
	Initialyzed swapped data for i = 316, j = 372 sucessfully passed !
	Initialyzed swapped data for i = 316, j = 373 sucessfully passed !
	Initialyzed swapped data for i = 316, j = 374 sucessfully passed !
	Initialyzed swapped data for i = 316, j = 375 sucessfully passed !
	Initialyzed swapped data for i = 316, j = 376 sucessfully passed !
	Initialyzed swapped data for i = 316, j = 377 sucessfully passed !
	Initialyzed swapped data for i = 316, j = 378 sucessfully passed !
	Initialyzed swapped data for i = 316, j = 379 sucessfully passed !
	Initialyzed swapped data for i = 316, j = 380 sucessfully passed !
	Initialyzed swapped data for i = 316, j = 381 sucessfully passed !
	Initialyzed swapped data for i = 316, j = 382 sucessfully passed !
	Initialyzed swapped data for i = 316, j = 383 sucessfully passed !
	Initialyzed swapped data for i = 316, j = 384 sucessfully passed !
	Initialyzed swapped data for i = 316, j = 385 sucessfully passed !
	Initialyzed swapped data for i = 316, j = 386 sucessfully passed !
	Initialyzed swapped data for i = 316, j = 387 sucessfully passed !
	Initialyzed swapped data for i = 316, j = 388 sucessfully passed !
	Initialyzed swapped data for i = 316, j = 389 sucessfully passed !
	Initialyzed swapped data for i = 316, j = 390 sucessfully passed !
	Initialyzed swapped data for i = 316, j = 391 sucessfully passed !
	Initialyzed swapped data for i = 316, j = 392 sucessfully passed !
	Initialyzed swapped data for i = 316, j = 393 sucessfully passed !
	Initialyzed swapped data for i = 316, j = 394 sucessfully passed !
	Initialyzed swapped data for i = 316, j = 395 sucessfully passed !
	Initialyzed swapped data for i = 316, j = 396 sucessfully passed !
	Initialyzed swapped data for i = 316, j = 397 sucessfully passed !
	Initialyzed swapped data for i = 316, j = 398 sucessfully passed !
	Initialyzed swapped data for i = 316, j = 399 sucessfully passed !
	Initialyzed swapped data for i = 316, j = 400 sucessfully passed !
	Initialyzed swapped data for i = 316, j = 401 sucessfully passed !
	Initialyzed swapped data for i = 316, j = 402 sucessfully passed !
	Initialyzed swapped data for i = 316, j = 403 sucessfully passed !
	Initialyzed swapped data for i = 316, j = 404 sucessfully passed !
	Initialyzed swapped data for i = 316, j = 405 sucessfully passed !
	Initialyzed swapped data for i = 316, j = 406 sucessfully passed !
	Initialyzed swapped data for i = 316, j = 407 sucessfully passed !
	Initialyzed swapped data for i = 316, j = 408 sucessfully passed !
	Initialyzed swapped data for i = 316, j = 409 sucessfully passed !
	Initialyzed swapped data for i = 316, j = 410 sucessfully passed !
	Initialyzed swapped data for i = 316, j = 411 sucessfully passed !
	Initialyzed swapped data for i = 316, j = 412 sucessfully passed !
	Initialyzed swapped data for i = 316, j = 413 sucessfully passed !
	Initialyzed swapped data for i = 316, j = 414 sucessfully passed !
	Initialyzed swapped data for i = 316, j = 415 sucessfully passed !
	Initialyzed swapped data for i = 316, j = 416 sucessfully passed !
	Initialyzed swapped data for i = 316, j = 417 sucessfully passed !
	Initialyzed swapped data for i = 316, j = 418 sucessfully passed !
	Initialyzed swapped data for i = 316, j = 419 sucessfully passed !
	Initialyzed swapped data for i = 316, j = 420 sucessfully passed !
	Initialyzed swapped data for i = 316, j = 421 sucessfully passed !
	Initialyzed swapped data for i = 316, j = 422 sucessfully passed !
	Initialyzed swapped data for i = 316, j = 423 sucessfully passed !
	Initialyzed swapped data for i = 316, j = 424 sucessfully passed !
	Initialyzed swapped data for i = 316, j = 425 sucessfully passed !
	Initialyzed swapped data for i = 316, j = 426 sucessfully passed !
	Initialyzed swapped data for i = 316, j = 427 sucessfully passed !
	Initialyzed swapped data for i = 316, j = 428 sucessfully passed !
	Initialyzed swapped data for i = 316, j = 429 sucessfully passed !
	Initialyzed swapped data for i = 316, j = 430 sucessfully passed !
	Initialyzed swapped data for i = 316, j = 431 sucessfully passed !
	Initialyzed swapped data for i = 316, j = 432 sucessfully passed !
	Initialyzed swapped data for i = 316, j = 433 sucessfully passed !
	Initialyzed swapped data for i = 317, j = 318 sucessfully passed !
	Initialyzed swapped data for i = 317, j = 319 sucessfully passed !
	Initialyzed swapped data for i = 317, j = 320 sucessfully passed !
	Initialyzed swapped data for i = 317, j = 321 sucessfully passed !
	Initialyzed swapped data for i = 317, j = 322 sucessfully passed !
	Initialyzed swapped data for i = 317, j = 323 sucessfully passed !
	Initialyzed swapped data for i = 317, j = 324 sucessfully passed !
	Initialyzed swapped data for i = 317, j = 325 sucessfully passed !
	Initialyzed swapped data for i = 317, j = 326 sucessfully passed !
	Initialyzed swapped data for i = 317, j = 327 sucessfully passed !
	Initialyzed swapped data for i = 317, j = 328 sucessfully passed !
	Initialyzed swapped data for i = 317, j = 329 sucessfully passed !
	Initialyzed swapped data for i = 317, j = 330 sucessfully passed !
	Initialyzed swapped data for i = 317, j = 331 sucessfully passed !
	Initialyzed swapped data for i = 317, j = 332 sucessfully passed !
	Initialyzed swapped data for i = 317, j = 333 sucessfully passed !
	Initialyzed swapped data for i = 317, j = 334 sucessfully passed !
	Initialyzed swapped data for i = 317, j = 335 sucessfully passed !
	Initialyzed swapped data for i = 317, j = 336 sucessfully passed !
	Initialyzed swapped data for i = 317, j = 337 sucessfully passed !
	Initialyzed swapped data for i = 317, j = 338 sucessfully passed !
	Initialyzed swapped data for i = 317, j = 339 sucessfully passed !
	Initialyzed swapped data for i = 317, j = 340 sucessfully passed !
	Initialyzed swapped data for i = 317, j = 341 sucessfully passed !
	Initialyzed swapped data for i = 317, j = 342 sucessfully passed !
	Initialyzed swapped data for i = 317, j = 343 sucessfully passed !
	Initialyzed swapped data for i = 317, j = 344 sucessfully passed !
	Initialyzed swapped data for i = 317, j = 345 sucessfully passed !
	Initialyzed swapped data for i = 317, j = 346 sucessfully passed !
	Initialyzed swapped data for i = 317, j = 347 sucessfully passed !
	Initialyzed swapped data for i = 317, j = 348 sucessfully passed !
	Initialyzed swapped data for i = 317, j = 349 sucessfully passed !
	Initialyzed swapped data for i = 317, j = 350 sucessfully passed !
	Initialyzed swapped data for i = 317, j = 351 sucessfully passed !
	Initialyzed swapped data for i = 317, j = 352 sucessfully passed !
	Initialyzed swapped data for i = 317, j = 353 sucessfully passed !
	Initialyzed swapped data for i = 317, j = 354 sucessfully passed !
	Initialyzed swapped data for i = 317, j = 355 sucessfully passed !
	Initialyzed swapped data for i = 317, j = 356 sucessfully passed !
	Initialyzed swapped data for i = 317, j = 357 sucessfully passed !
	Initialyzed swapped data for i = 317, j = 358 sucessfully passed !
	Initialyzed swapped data for i = 317, j = 359 sucessfully passed !
	Initialyzed swapped data for i = 317, j = 360 sucessfully passed !
	Initialyzed swapped data for i = 317, j = 361 sucessfully passed !
	Initialyzed swapped data for i = 317, j = 362 sucessfully passed !
	Initialyzed swapped data for i = 317, j = 363 sucessfully passed !
	Initialyzed swapped data for i = 317, j = 364 sucessfully passed !
	Initialyzed swapped data for i = 317, j = 365 sucessfully passed !
	Initialyzed swapped data for i = 317, j = 366 sucessfully passed !
	Initialyzed swapped data for i = 317, j = 367 sucessfully passed !
	Initialyzed swapped data for i = 317, j = 368 sucessfully passed !
	Initialyzed swapped data for i = 317, j = 369 sucessfully passed !
	Initialyzed swapped data for i = 317, j = 370 sucessfully passed !
	Initialyzed swapped data for i = 317, j = 371 sucessfully passed !
	Initialyzed swapped data for i = 317, j = 372 sucessfully passed !
	Initialyzed swapped data for i = 317, j = 373 sucessfully passed !
	Initialyzed swapped data for i = 317, j = 374 sucessfully passed !
	Initialyzed swapped data for i = 317, j = 375 sucessfully passed !
	Initialyzed swapped data for i = 317, j = 376 sucessfully passed !
	Initialyzed swapped data for i = 317, j = 377 sucessfully passed !
	Initialyzed swapped data for i = 317, j = 378 sucessfully passed !
	Initialyzed swapped data for i = 317, j = 379 sucessfully passed !
	Initialyzed swapped data for i = 317, j = 380 sucessfully passed !
	Initialyzed swapped data for i = 317, j = 381 sucessfully passed !
	Initialyzed swapped data for i = 317, j = 382 sucessfully passed !
	Initialyzed swapped data for i = 317, j = 383 sucessfully passed !
	Initialyzed swapped data for i = 317, j = 384 sucessfully passed !
	Initialyzed swapped data for i = 317, j = 385 sucessfully passed !
	Initialyzed swapped data for i = 317, j = 386 sucessfully passed !
	Initialyzed swapped data for i = 317, j = 387 sucessfully passed !
	Initialyzed swapped data for i = 317, j = 388 sucessfully passed !
	Initialyzed swapped data for i = 317, j = 389 sucessfully passed !
	Initialyzed swapped data for i = 317, j = 390 sucessfully passed !
	Initialyzed swapped data for i = 317, j = 391 sucessfully passed !
	Initialyzed swapped data for i = 317, j = 392 sucessfully passed !
	Initialyzed swapped data for i = 317, j = 393 sucessfully passed !
	Initialyzed swapped data for i = 317, j = 394 sucessfully passed !
	Initialyzed swapped data for i = 317, j = 395 sucessfully passed !
	Initialyzed swapped data for i = 317, j = 396 sucessfully passed !
	Initialyzed swapped data for i = 317, j = 397 sucessfully passed !
	Initialyzed swapped data for i = 317, j = 398 sucessfully passed !
	Initialyzed swapped data for i = 317, j = 399 sucessfully passed !
	Initialyzed swapped data for i = 317, j = 400 sucessfully passed !
	Initialyzed swapped data for i = 317, j = 401 sucessfully passed !
	Initialyzed swapped data for i = 317, j = 402 sucessfully passed !
	Initialyzed swapped data for i = 317, j = 403 sucessfully passed !
	Initialyzed swapped data for i = 317, j = 404 sucessfully passed !
	Initialyzed swapped data for i = 317, j = 405 sucessfully passed !
	Initialyzed swapped data for i = 317, j = 406 sucessfully passed !
	Initialyzed swapped data for i = 317, j = 407 sucessfully passed !
	Initialyzed swapped data for i = 317, j = 408 sucessfully passed !
	Initialyzed swapped data for i = 317, j = 409 sucessfully passed !
	Initialyzed swapped data for i = 317, j = 410 sucessfully passed !
	Initialyzed swapped data for i = 317, j = 411 sucessfully passed !
	Initialyzed swapped data for i = 317, j = 412 sucessfully passed !
	Initialyzed swapped data for i = 317, j = 413 sucessfully passed !
	Initialyzed swapped data for i = 317, j = 414 sucessfully passed !
	Initialyzed swapped data for i = 317, j = 415 sucessfully passed !
	Initialyzed swapped data for i = 317, j = 416 sucessfully passed !
	Initialyzed swapped data for i = 317, j = 417 sucessfully passed !
	Initialyzed swapped data for i = 317, j = 418 sucessfully passed !
	Initialyzed swapped data for i = 317, j = 419 sucessfully passed !
	Initialyzed swapped data for i = 317, j = 420 sucessfully passed !
	Initialyzed swapped data for i = 317, j = 421 sucessfully passed !
	Initialyzed swapped data for i = 317, j = 422 sucessfully passed !
	Initialyzed swapped data for i = 317, j = 423 sucessfully passed !
	Initialyzed swapped data for i = 317, j = 424 sucessfully passed !
	Initialyzed swapped data for i = 317, j = 425 sucessfully passed !
	Initialyzed swapped data for i = 317, j = 426 sucessfully passed !
	Initialyzed swapped data for i = 317, j = 427 sucessfully passed !
	Initialyzed swapped data for i = 317, j = 428 sucessfully passed !
	Initialyzed swapped data for i = 317, j = 429 sucessfully passed !
	Initialyzed swapped data for i = 317, j = 430 sucessfully passed !
	Initialyzed swapped data for i = 317, j = 431 sucessfully passed !
	Initialyzed swapped data for i = 317, j = 432 sucessfully passed !
	Initialyzed swapped data for i = 317, j = 433 sucessfully passed !
	Initialyzed swapped data for i = 318, j = 319 sucessfully passed !
	Initialyzed swapped data for i = 318, j = 320 sucessfully passed !
	Initialyzed swapped data for i = 318, j = 321 sucessfully passed !
	Initialyzed swapped data for i = 318, j = 322 sucessfully passed !
	Initialyzed swapped data for i = 318, j = 323 sucessfully passed !
	Initialyzed swapped data for i = 318, j = 324 sucessfully passed !
	Initialyzed swapped data for i = 318, j = 325 sucessfully passed !
	Initialyzed swapped data for i = 318, j = 326 sucessfully passed !
	Initialyzed swapped data for i = 318, j = 327 sucessfully passed !
	Initialyzed swapped data for i = 318, j = 328 sucessfully passed !
	Initialyzed swapped data for i = 318, j = 329 sucessfully passed !
	Initialyzed swapped data for i = 318, j = 330 sucessfully passed !
	Initialyzed swapped data for i = 318, j = 331 sucessfully passed !
	Initialyzed swapped data for i = 318, j = 332 sucessfully passed !
	Initialyzed swapped data for i = 318, j = 333 sucessfully passed !
	Initialyzed swapped data for i = 318, j = 334 sucessfully passed !
	Initialyzed swapped data for i = 318, j = 335 sucessfully passed !
	Initialyzed swapped data for i = 318, j = 336 sucessfully passed !
	Initialyzed swapped data for i = 318, j = 337 sucessfully passed !
	Initialyzed swapped data for i = 318, j = 338 sucessfully passed !
	Initialyzed swapped data for i = 318, j = 339 sucessfully passed !
	Initialyzed swapped data for i = 318, j = 340 sucessfully passed !
	Initialyzed swapped data for i = 318, j = 341 sucessfully passed !
	Initialyzed swapped data for i = 318, j = 342 sucessfully passed !
	Initialyzed swapped data for i = 318, j = 343 sucessfully passed !
	Initialyzed swapped data for i = 318, j = 344 sucessfully passed !
	Initialyzed swapped data for i = 318, j = 345 sucessfully passed !
	Initialyzed swapped data for i = 318, j = 346 sucessfully passed !
	Initialyzed swapped data for i = 318, j = 347 sucessfully passed !
	Initialyzed swapped data for i = 318, j = 348 sucessfully passed !
	Initialyzed swapped data for i = 318, j = 349 sucessfully passed !
	Initialyzed swapped data for i = 318, j = 350 sucessfully passed !
	Initialyzed swapped data for i = 318, j = 351 sucessfully passed !
	Initialyzed swapped data for i = 318, j = 352 sucessfully passed !
	Initialyzed swapped data for i = 318, j = 353 sucessfully passed !
	Initialyzed swapped data for i = 318, j = 354 sucessfully passed !
	Initialyzed swapped data for i = 318, j = 355 sucessfully passed !
	Initialyzed swapped data for i = 318, j = 356 sucessfully passed !
	Initialyzed swapped data for i = 318, j = 357 sucessfully passed !
	Initialyzed swapped data for i = 318, j = 358 sucessfully passed !
	Initialyzed swapped data for i = 318, j = 359 sucessfully passed !
	Initialyzed swapped data for i = 318, j = 360 sucessfully passed !
	Initialyzed swapped data for i = 318, j = 361 sucessfully passed !
	Initialyzed swapped data for i = 318, j = 362 sucessfully passed !
	Initialyzed swapped data for i = 318, j = 363 sucessfully passed !
	Initialyzed swapped data for i = 318, j = 364 sucessfully passed !
	Initialyzed swapped data for i = 318, j = 365 sucessfully passed !
	Initialyzed swapped data for i = 318, j = 366 sucessfully passed !
	Initialyzed swapped data for i = 318, j = 367 sucessfully passed !
	Initialyzed swapped data for i = 318, j = 368 sucessfully passed !
	Initialyzed swapped data for i = 318, j = 369 sucessfully passed !
	Initialyzed swapped data for i = 318, j = 370 sucessfully passed !
	Initialyzed swapped data for i = 318, j = 371 sucessfully passed !
	Initialyzed swapped data for i = 318, j = 372 sucessfully passed !
	Initialyzed swapped data for i = 318, j = 373 sucessfully passed !
	Initialyzed swapped data for i = 318, j = 374 sucessfully passed !
	Initialyzed swapped data for i = 318, j = 375 sucessfully passed !
	Initialyzed swapped data for i = 318, j = 376 sucessfully passed !
	Initialyzed swapped data for i = 318, j = 377 sucessfully passed !
	Initialyzed swapped data for i = 318, j = 378 sucessfully passed !
	Initialyzed swapped data for i = 318, j = 379 sucessfully passed !
	Initialyzed swapped data for i = 318, j = 380 sucessfully passed !
	Initialyzed swapped data for i = 318, j = 381 sucessfully passed !
	Initialyzed swapped data for i = 318, j = 382 sucessfully passed !
	Initialyzed swapped data for i = 318, j = 383 sucessfully passed !
	Initialyzed swapped data for i = 318, j = 384 sucessfully passed !
	Initialyzed swapped data for i = 318, j = 385 sucessfully passed !
	Initialyzed swapped data for i = 318, j = 386 sucessfully passed !
	Initialyzed swapped data for i = 318, j = 387 sucessfully passed !
	Initialyzed swapped data for i = 318, j = 388 sucessfully passed !
	Initialyzed swapped data for i = 318, j = 389 sucessfully passed !
	Initialyzed swapped data for i = 318, j = 390 sucessfully passed !
	Initialyzed swapped data for i = 318, j = 391 sucessfully passed !
	Initialyzed swapped data for i = 318, j = 392 sucessfully passed !
	Initialyzed swapped data for i = 318, j = 393 sucessfully passed !
	Initialyzed swapped data for i = 318, j = 394 sucessfully passed !
	Initialyzed swapped data for i = 318, j = 395 sucessfully passed !
	Initialyzed swapped data for i = 318, j = 396 sucessfully passed !
	Initialyzed swapped data for i = 318, j = 397 sucessfully passed !
	Initialyzed swapped data for i = 318, j = 398 sucessfully passed !
	Initialyzed swapped data for i = 318, j = 399 sucessfully passed !
	Initialyzed swapped data for i = 318, j = 400 sucessfully passed !
	Initialyzed swapped data for i = 318, j = 401 sucessfully passed !
	Initialyzed swapped data for i = 318, j = 402 sucessfully passed !
	Initialyzed swapped data for i = 318, j = 403 sucessfully passed !
	Initialyzed swapped data for i = 318, j = 404 sucessfully passed !
	Initialyzed swapped data for i = 318, j = 405 sucessfully passed !
	Initialyzed swapped data for i = 318, j = 406 sucessfully passed !
	Initialyzed swapped data for i = 318, j = 407 sucessfully passed !
	Initialyzed swapped data for i = 318, j = 408 sucessfully passed !
	Initialyzed swapped data for i = 318, j = 409 sucessfully passed !
	Initialyzed swapped data for i = 318, j = 410 sucessfully passed !
	Initialyzed swapped data for i = 318, j = 411 sucessfully passed !
	Initialyzed swapped data for i = 318, j = 412 sucessfully passed !
	Initialyzed swapped data for i = 318, j = 413 sucessfully passed !
	Initialyzed swapped data for i = 318, j = 414 sucessfully passed !
	Initialyzed swapped data for i = 318, j = 415 sucessfully passed !
	Initialyzed swapped data for i = 318, j = 416 sucessfully passed !
	Initialyzed swapped data for i = 318, j = 417 sucessfully passed !
	Initialyzed swapped data for i = 318, j = 418 sucessfully passed !
	Initialyzed swapped data for i = 318, j = 419 sucessfully passed !
	Initialyzed swapped data for i = 318, j = 420 sucessfully passed !
	Initialyzed swapped data for i = 318, j = 421 sucessfully passed !
	Initialyzed swapped data for i = 318, j = 422 sucessfully passed !
	Initialyzed swapped data for i = 318, j = 423 sucessfully passed !
	Initialyzed swapped data for i = 318, j = 424 sucessfully passed !
	Initialyzed swapped data for i = 318, j = 425 sucessfully passed !
	Initialyzed swapped data for i = 318, j = 426 sucessfully passed !
	Initialyzed swapped data for i = 318, j = 427 sucessfully passed !
	Initialyzed swapped data for i = 318, j = 428 sucessfully passed !
	Initialyzed swapped data for i = 318, j = 429 sucessfully passed !
	Initialyzed swapped data for i = 318, j = 430 sucessfully passed !
	Initialyzed swapped data for i = 318, j = 431 sucessfully passed !
	Initialyzed swapped data for i = 318, j = 432 sucessfully passed !
	Initialyzed swapped data for i = 318, j = 433 sucessfully passed !
	Initialyzed swapped data for i = 319, j = 320 sucessfully passed !
	Initialyzed swapped data for i = 319, j = 321 sucessfully passed !
	Initialyzed swapped data for i = 319, j = 322 sucessfully passed !
	Initialyzed swapped data for i = 319, j = 323 sucessfully passed !
	Initialyzed swapped data for i = 319, j = 324 sucessfully passed !
	Initialyzed swapped data for i = 319, j = 325 sucessfully passed !
	Initialyzed swapped data for i = 319, j = 326 sucessfully passed !
	Initialyzed swapped data for i = 319, j = 327 sucessfully passed !
	Initialyzed swapped data for i = 319, j = 328 sucessfully passed !
	Initialyzed swapped data for i = 319, j = 329 sucessfully passed !
	Initialyzed swapped data for i = 319, j = 330 sucessfully passed !
	Initialyzed swapped data for i = 319, j = 331 sucessfully passed !
	Initialyzed swapped data for i = 319, j = 332 sucessfully passed !
	Initialyzed swapped data for i = 319, j = 333 sucessfully passed !
	Initialyzed swapped data for i = 319, j = 334 sucessfully passed !
	Initialyzed swapped data for i = 319, j = 335 sucessfully passed !
	Initialyzed swapped data for i = 319, j = 336 sucessfully passed !
	Initialyzed swapped data for i = 319, j = 337 sucessfully passed !
	Initialyzed swapped data for i = 319, j = 338 sucessfully passed !
	Initialyzed swapped data for i = 319, j = 339 sucessfully passed !
	Initialyzed swapped data for i = 319, j = 340 sucessfully passed !
	Initialyzed swapped data for i = 319, j = 341 sucessfully passed !
	Initialyzed swapped data for i = 319, j = 342 sucessfully passed !
	Initialyzed swapped data for i = 319, j = 343 sucessfully passed !
	Initialyzed swapped data for i = 319, j = 344 sucessfully passed !
	Initialyzed swapped data for i = 319, j = 345 sucessfully passed !
	Initialyzed swapped data for i = 319, j = 346 sucessfully passed !
	Initialyzed swapped data for i = 319, j = 347 sucessfully passed !
	Initialyzed swapped data for i = 319, j = 348 sucessfully passed !
	Initialyzed swapped data for i = 319, j = 349 sucessfully passed !
	Initialyzed swapped data for i = 319, j = 350 sucessfully passed !
	Initialyzed swapped data for i = 319, j = 351 sucessfully passed !
	Initialyzed swapped data for i = 319, j = 352 sucessfully passed !
	Initialyzed swapped data for i = 319, j = 353 sucessfully passed !
	Initialyzed swapped data for i = 319, j = 354 sucessfully passed !
	Initialyzed swapped data for i = 319, j = 355 sucessfully passed !
	Initialyzed swapped data for i = 319, j = 356 sucessfully passed !
	Initialyzed swapped data for i = 319, j = 357 sucessfully passed !
	Initialyzed swapped data for i = 319, j = 358 sucessfully passed !
	Initialyzed swapped data for i = 319, j = 359 sucessfully passed !
	Initialyzed swapped data for i = 319, j = 360 sucessfully passed !
	Initialyzed swapped data for i = 319, j = 361 sucessfully passed !
	Initialyzed swapped data for i = 319, j = 362 sucessfully passed !
	Initialyzed swapped data for i = 319, j = 363 sucessfully passed !
	Initialyzed swapped data for i = 319, j = 364 sucessfully passed !
	Initialyzed swapped data for i = 319, j = 365 sucessfully passed !
	Initialyzed swapped data for i = 319, j = 366 sucessfully passed !
	Initialyzed swapped data for i = 319, j = 367 sucessfully passed !
	Initialyzed swapped data for i = 319, j = 368 sucessfully passed !
	Initialyzed swapped data for i = 319, j = 369 sucessfully passed !
	Initialyzed swapped data for i = 319, j = 370 sucessfully passed !
	Initialyzed swapped data for i = 319, j = 371 sucessfully passed !
	Initialyzed swapped data for i = 319, j = 372 sucessfully passed !
	Initialyzed swapped data for i = 319, j = 373 sucessfully passed !
	Initialyzed swapped data for i = 319, j = 374 sucessfully passed !
	Initialyzed swapped data for i = 319, j = 375 sucessfully passed !
	Initialyzed swapped data for i = 319, j = 376 sucessfully passed !
	Initialyzed swapped data for i = 319, j = 377 sucessfully passed !
	Initialyzed swapped data for i = 319, j = 378 sucessfully passed !
	Initialyzed swapped data for i = 319, j = 379 sucessfully passed !
	Initialyzed swapped data for i = 319, j = 380 sucessfully passed !
	Initialyzed swapped data for i = 319, j = 381 sucessfully passed !
	Initialyzed swapped data for i = 319, j = 382 sucessfully passed !
	Initialyzed swapped data for i = 319, j = 383 sucessfully passed !
	Initialyzed swapped data for i = 319, j = 384 sucessfully passed !
	Initialyzed swapped data for i = 319, j = 385 sucessfully passed !
	Initialyzed swapped data for i = 319, j = 386 sucessfully passed !
	Initialyzed swapped data for i = 319, j = 387 sucessfully passed !
	Initialyzed swapped data for i = 319, j = 388 sucessfully passed !
	Initialyzed swapped data for i = 319, j = 389 sucessfully passed !
	Initialyzed swapped data for i = 319, j = 390 sucessfully passed !
	Initialyzed swapped data for i = 319, j = 391 sucessfully passed !
	Initialyzed swapped data for i = 319, j = 392 sucessfully passed !
	Initialyzed swapped data for i = 319, j = 393 sucessfully passed !
	Initialyzed swapped data for i = 319, j = 394 sucessfully passed !
	Initialyzed swapped data for i = 319, j = 395 sucessfully passed !
	Initialyzed swapped data for i = 319, j = 396 sucessfully passed !
	Initialyzed swapped data for i = 319, j = 397 sucessfully passed !
	Initialyzed swapped data for i = 319, j = 398 sucessfully passed !
	Initialyzed swapped data for i = 319, j = 399 sucessfully passed !
	Initialyzed swapped data for i = 319, j = 400 sucessfully passed !
	Initialyzed swapped data for i = 319, j = 401 sucessfully passed !
	Initialyzed swapped data for i = 319, j = 402 sucessfully passed !
	Initialyzed swapped data for i = 319, j = 403 sucessfully passed !
	Initialyzed swapped data for i = 319, j = 404 sucessfully passed !
	Initialyzed swapped data for i = 319, j = 405 sucessfully passed !
	Initialyzed swapped data for i = 319, j = 406 sucessfully passed !
	Initialyzed swapped data for i = 319, j = 407 sucessfully passed !
	Initialyzed swapped data for i = 319, j = 408 sucessfully passed !
	Initialyzed swapped data for i = 319, j = 409 sucessfully passed !
	Initialyzed swapped data for i = 319, j = 410 sucessfully passed !
	Initialyzed swapped data for i = 319, j = 411 sucessfully passed !
	Initialyzed swapped data for i = 319, j = 412 sucessfully passed !
	Initialyzed swapped data for i = 319, j = 413 sucessfully passed !
	Initialyzed swapped data for i = 319, j = 414 sucessfully passed !
	Initialyzed swapped data for i = 319, j = 415 sucessfully passed !
	Initialyzed swapped data for i = 319, j = 416 sucessfully passed !
	Initialyzed swapped data for i = 319, j = 417 sucessfully passed !
	Initialyzed swapped data for i = 319, j = 418 sucessfully passed !
	Initialyzed swapped data for i = 319, j = 419 sucessfully passed !
	Initialyzed swapped data for i = 319, j = 420 sucessfully passed !
	Initialyzed swapped data for i = 319, j = 421 sucessfully passed !
	Initialyzed swapped data for i = 319, j = 422 sucessfully passed !
	Initialyzed swapped data for i = 319, j = 423 sucessfully passed !
	Initialyzed swapped data for i = 319, j = 424 sucessfully passed !
	Initialyzed swapped data for i = 319, j = 425 sucessfully passed !
	Initialyzed swapped data for i = 319, j = 426 sucessfully passed !
	Initialyzed swapped data for i = 319, j = 427 sucessfully passed !
	Initialyzed swapped data for i = 319, j = 428 sucessfully passed !
	Initialyzed swapped data for i = 319, j = 429 sucessfully passed !
	Initialyzed swapped data for i = 319, j = 430 sucessfully passed !
	Initialyzed swapped data for i = 319, j = 431 sucessfully passed !
	Initialyzed swapped data for i = 319, j = 432 sucessfully passed !
	Initialyzed swapped data for i = 319, j = 433 sucessfully passed !
	Initialyzed swapped data for i = 320, j = 321 sucessfully passed !
	Initialyzed swapped data for i = 320, j = 322 sucessfully passed !
	Initialyzed swapped data for i = 320, j = 323 sucessfully passed !
	Initialyzed swapped data for i = 320, j = 324 sucessfully passed !
	Initialyzed swapped data for i = 320, j = 325 sucessfully passed !
	Initialyzed swapped data for i = 320, j = 326 sucessfully passed !
	Initialyzed swapped data for i = 320, j = 327 sucessfully passed !
	Initialyzed swapped data for i = 320, j = 328 sucessfully passed !
	Initialyzed swapped data for i = 320, j = 329 sucessfully passed !
	Initialyzed swapped data for i = 320, j = 330 sucessfully passed !
	Initialyzed swapped data for i = 320, j = 331 sucessfully passed !
	Initialyzed swapped data for i = 320, j = 332 sucessfully passed !
	Initialyzed swapped data for i = 320, j = 333 sucessfully passed !
	Initialyzed swapped data for i = 320, j = 334 sucessfully passed !
	Initialyzed swapped data for i = 320, j = 335 sucessfully passed !
	Initialyzed swapped data for i = 320, j = 336 sucessfully passed !
	Initialyzed swapped data for i = 320, j = 337 sucessfully passed !
	Initialyzed swapped data for i = 320, j = 338 sucessfully passed !
	Initialyzed swapped data for i = 320, j = 339 sucessfully passed !
	Initialyzed swapped data for i = 320, j = 340 sucessfully passed !
	Initialyzed swapped data for i = 320, j = 341 sucessfully passed !
	Initialyzed swapped data for i = 320, j = 342 sucessfully passed !
	Initialyzed swapped data for i = 320, j = 343 sucessfully passed !
	Initialyzed swapped data for i = 320, j = 344 sucessfully passed !
	Initialyzed swapped data for i = 320, j = 345 sucessfully passed !
	Initialyzed swapped data for i = 320, j = 346 sucessfully passed !
	Initialyzed swapped data for i = 320, j = 347 sucessfully passed !
	Initialyzed swapped data for i = 320, j = 348 sucessfully passed !
	Initialyzed swapped data for i = 320, j = 349 sucessfully passed !
	Initialyzed swapped data for i = 320, j = 350 sucessfully passed !
	Initialyzed swapped data for i = 320, j = 351 sucessfully passed !
	Initialyzed swapped data for i = 320, j = 352 sucessfully passed !
	Initialyzed swapped data for i = 320, j = 353 sucessfully passed !
	Initialyzed swapped data for i = 320, j = 354 sucessfully passed !
	Initialyzed swapped data for i = 320, j = 355 sucessfully passed !
	Initialyzed swapped data for i = 320, j = 356 sucessfully passed !
	Initialyzed swapped data for i = 320, j = 357 sucessfully passed !
	Initialyzed swapped data for i = 320, j = 358 sucessfully passed !
	Initialyzed swapped data for i = 320, j = 359 sucessfully passed !
	Initialyzed swapped data for i = 320, j = 360 sucessfully passed !
	Initialyzed swapped data for i = 320, j = 361 sucessfully passed !
	Initialyzed swapped data for i = 320, j = 362 sucessfully passed !
	Initialyzed swapped data for i = 320, j = 363 sucessfully passed !
	Initialyzed swapped data for i = 320, j = 364 sucessfully passed !
	Initialyzed swapped data for i = 320, j = 365 sucessfully passed !
	Initialyzed swapped data for i = 320, j = 366 sucessfully passed !
	Initialyzed swapped data for i = 320, j = 367 sucessfully passed !
	Initialyzed swapped data for i = 320, j = 368 sucessfully passed !
	Initialyzed swapped data for i = 320, j = 369 sucessfully passed !
	Initialyzed swapped data for i = 320, j = 370 sucessfully passed !
	Initialyzed swapped data for i = 320, j = 371 sucessfully passed !
	Initialyzed swapped data for i = 320, j = 372 sucessfully passed !
	Initialyzed swapped data for i = 320, j = 373 sucessfully passed !
	Initialyzed swapped data for i = 320, j = 374 sucessfully passed !
	Initialyzed swapped data for i = 320, j = 375 sucessfully passed !
	Initialyzed swapped data for i = 320, j = 376 sucessfully passed !
	Initialyzed swapped data for i = 320, j = 377 sucessfully passed !
	Initialyzed swapped data for i = 320, j = 378 sucessfully passed !
	Initialyzed swapped data for i = 320, j = 379 sucessfully passed !
	Initialyzed swapped data for i = 320, j = 380 sucessfully passed !
	Initialyzed swapped data for i = 320, j = 381 sucessfully passed !
	Initialyzed swapped data for i = 320, j = 382 sucessfully passed !
	Initialyzed swapped data for i = 320, j = 383 sucessfully passed !
	Initialyzed swapped data for i = 320, j = 384 sucessfully passed !
	Initialyzed swapped data for i = 320, j = 385 sucessfully passed !
	Initialyzed swapped data for i = 320, j = 386 sucessfully passed !
	Initialyzed swapped data for i = 320, j = 387 sucessfully passed !
	Initialyzed swapped data for i = 320, j = 388 sucessfully passed !
	Initialyzed swapped data for i = 320, j = 389 sucessfully passed !
	Initialyzed swapped data for i = 320, j = 390 sucessfully passed !
	Initialyzed swapped data for i = 320, j = 391 sucessfully passed !
	Initialyzed swapped data for i = 320, j = 392 sucessfully passed !
	Initialyzed swapped data for i = 320, j = 393 sucessfully passed !
	Initialyzed swapped data for i = 320, j = 394 sucessfully passed !
	Initialyzed swapped data for i = 320, j = 395 sucessfully passed !
	Initialyzed swapped data for i = 320, j = 396 sucessfully passed !
	Initialyzed swapped data for i = 320, j = 397 sucessfully passed !
	Initialyzed swapped data for i = 320, j = 398 sucessfully passed !
	Initialyzed swapped data for i = 320, j = 399 sucessfully passed !
	Initialyzed swapped data for i = 320, j = 400 sucessfully passed !
	Initialyzed swapped data for i = 320, j = 401 sucessfully passed !
	Initialyzed swapped data for i = 320, j = 402 sucessfully passed !
	Initialyzed swapped data for i = 320, j = 403 sucessfully passed !
	Initialyzed swapped data for i = 320, j = 404 sucessfully passed !
	Initialyzed swapped data for i = 320, j = 405 sucessfully passed !
	Initialyzed swapped data for i = 320, j = 406 sucessfully passed !
	Initialyzed swapped data for i = 320, j = 407 sucessfully passed !
	Initialyzed swapped data for i = 320, j = 408 sucessfully passed !
	Initialyzed swapped data for i = 320, j = 409 sucessfully passed !
	Initialyzed swapped data for i = 320, j = 410 sucessfully passed !
	Initialyzed swapped data for i = 320, j = 411 sucessfully passed !
	Initialyzed swapped data for i = 320, j = 412 sucessfully passed !
	Initialyzed swapped data for i = 320, j = 413 sucessfully passed !
	Initialyzed swapped data for i = 320, j = 414 sucessfully passed !
	Initialyzed swapped data for i = 320, j = 415 sucessfully passed !
	Initialyzed swapped data for i = 320, j = 416 sucessfully passed !
	Initialyzed swapped data for i = 320, j = 417 sucessfully passed !
	Initialyzed swapped data for i = 320, j = 418 sucessfully passed !
	Initialyzed swapped data for i = 320, j = 419 sucessfully passed !
	Initialyzed swapped data for i = 320, j = 420 sucessfully passed !
	Initialyzed swapped data for i = 320, j = 421 sucessfully passed !
	Initialyzed swapped data for i = 320, j = 422 sucessfully passed !
	Initialyzed swapped data for i = 320, j = 423 sucessfully passed !
	Initialyzed swapped data for i = 320, j = 424 sucessfully passed !
	Initialyzed swapped data for i = 320, j = 425 sucessfully passed !
	Initialyzed swapped data for i = 320, j = 426 sucessfully passed !
	Initialyzed swapped data for i = 320, j = 427 sucessfully passed !
	Initialyzed swapped data for i = 320, j = 428 sucessfully passed !
	Initialyzed swapped data for i = 320, j = 429 sucessfully passed !
	Initialyzed swapped data for i = 320, j = 430 sucessfully passed !
	Initialyzed swapped data for i = 320, j = 431 sucessfully passed !
	Initialyzed swapped data for i = 320, j = 432 sucessfully passed !
	Initialyzed swapped data for i = 320, j = 433 sucessfully passed !
	Initialyzed swapped data for i = 321, j = 322 sucessfully passed !
	Initialyzed swapped data for i = 321, j = 323 sucessfully passed !
	Initialyzed swapped data for i = 321, j = 324 sucessfully passed !
	Initialyzed swapped data for i = 321, j = 325 sucessfully passed !
	Initialyzed swapped data for i = 321, j = 326 sucessfully passed !
	Initialyzed swapped data for i = 321, j = 327 sucessfully passed !
	Initialyzed swapped data for i = 321, j = 328 sucessfully passed !
	Initialyzed swapped data for i = 321, j = 329 sucessfully passed !
	Initialyzed swapped data for i = 321, j = 330 sucessfully passed !
	Initialyzed swapped data for i = 321, j = 331 sucessfully passed !
	Initialyzed swapped data for i = 321, j = 332 sucessfully passed !
	Initialyzed swapped data for i = 321, j = 333 sucessfully passed !
	Initialyzed swapped data for i = 321, j = 334 sucessfully passed !
	Initialyzed swapped data for i = 321, j = 335 sucessfully passed !
	Initialyzed swapped data for i = 321, j = 336 sucessfully passed !
	Initialyzed swapped data for i = 321, j = 337 sucessfully passed !
	Initialyzed swapped data for i = 321, j = 338 sucessfully passed !
	Initialyzed swapped data for i = 321, j = 339 sucessfully passed !
	Initialyzed swapped data for i = 321, j = 340 sucessfully passed !
	Initialyzed swapped data for i = 321, j = 341 sucessfully passed !
	Initialyzed swapped data for i = 321, j = 342 sucessfully passed !
	Initialyzed swapped data for i = 321, j = 343 sucessfully passed !
	Initialyzed swapped data for i = 321, j = 344 sucessfully passed !
	Initialyzed swapped data for i = 321, j = 345 sucessfully passed !
	Initialyzed swapped data for i = 321, j = 346 sucessfully passed !
	Initialyzed swapped data for i = 321, j = 347 sucessfully passed !
	Initialyzed swapped data for i = 321, j = 348 sucessfully passed !
	Initialyzed swapped data for i = 321, j = 349 sucessfully passed !
	Initialyzed swapped data for i = 321, j = 350 sucessfully passed !
	Initialyzed swapped data for i = 321, j = 351 sucessfully passed !
	Initialyzed swapped data for i = 321, j = 352 sucessfully passed !
	Initialyzed swapped data for i = 321, j = 353 sucessfully passed !
	Initialyzed swapped data for i = 321, j = 354 sucessfully passed !
	Initialyzed swapped data for i = 321, j = 355 sucessfully passed !
	Initialyzed swapped data for i = 321, j = 356 sucessfully passed !
	Initialyzed swapped data for i = 321, j = 357 sucessfully passed !
	Initialyzed swapped data for i = 321, j = 358 sucessfully passed !
	Initialyzed swapped data for i = 321, j = 359 sucessfully passed !
	Initialyzed swapped data for i = 321, j = 360 sucessfully passed !
	Initialyzed swapped data for i = 321, j = 361 sucessfully passed !
	Initialyzed swapped data for i = 321, j = 362 sucessfully passed !
	Initialyzed swapped data for i = 321, j = 363 sucessfully passed !
	Initialyzed swapped data for i = 321, j = 364 sucessfully passed !
	Initialyzed swapped data for i = 321, j = 365 sucessfully passed !
	Initialyzed swapped data for i = 321, j = 366 sucessfully passed !
	Initialyzed swapped data for i = 321, j = 367 sucessfully passed !
	Initialyzed swapped data for i = 321, j = 368 sucessfully passed !
	Initialyzed swapped data for i = 321, j = 369 sucessfully passed !
	Initialyzed swapped data for i = 321, j = 370 sucessfully passed !
	Initialyzed swapped data for i = 321, j = 371 sucessfully passed !
	Initialyzed swapped data for i = 321, j = 372 sucessfully passed !
	Initialyzed swapped data for i = 321, j = 373 sucessfully passed !
	Initialyzed swapped data for i = 321, j = 374 sucessfully passed !
	Initialyzed swapped data for i = 321, j = 375 sucessfully passed !
	Initialyzed swapped data for i = 321, j = 376 sucessfully passed !
	Initialyzed swapped data for i = 321, j = 377 sucessfully passed !
	Initialyzed swapped data for i = 321, j = 378 sucessfully passed !
	Initialyzed swapped data for i = 321, j = 379 sucessfully passed !
	Initialyzed swapped data for i = 321, j = 380 sucessfully passed !
	Initialyzed swapped data for i = 321, j = 381 sucessfully passed !
	Initialyzed swapped data for i = 321, j = 382 sucessfully passed !
	Initialyzed swapped data for i = 321, j = 383 sucessfully passed !
	Initialyzed swapped data for i = 321, j = 384 sucessfully passed !
	Initialyzed swapped data for i = 321, j = 385 sucessfully passed !
	Initialyzed swapped data for i = 321, j = 386 sucessfully passed !
	Initialyzed swapped data for i = 321, j = 387 sucessfully passed !
	Initialyzed swapped data for i = 321, j = 388 sucessfully passed !
	Initialyzed swapped data for i = 321, j = 389 sucessfully passed !
	Initialyzed swapped data for i = 321, j = 390 sucessfully passed !
	Initialyzed swapped data for i = 321, j = 391 sucessfully passed !
	Initialyzed swapped data for i = 321, j = 392 sucessfully passed !
	Initialyzed swapped data for i = 321, j = 393 sucessfully passed !
	Initialyzed swapped data for i = 321, j = 394 sucessfully passed !
	Initialyzed swapped data for i = 321, j = 395 sucessfully passed !
	Initialyzed swapped data for i = 321, j = 396 sucessfully passed !
	Initialyzed swapped data for i = 321, j = 397 sucessfully passed !
	Initialyzed swapped data for i = 321, j = 398 sucessfully passed !
	Initialyzed swapped data for i = 321, j = 399 sucessfully passed !
	Initialyzed swapped data for i = 321, j = 400 sucessfully passed !
	Initialyzed swapped data for i = 321, j = 401 sucessfully passed !
	Initialyzed swapped data for i = 321, j = 402 sucessfully passed !
	Initialyzed swapped data for i = 321, j = 403 sucessfully passed !
	Initialyzed swapped data for i = 321, j = 404 sucessfully passed !
	Initialyzed swapped data for i = 321, j = 405 sucessfully passed !
	Initialyzed swapped data for i = 321, j = 406 sucessfully passed !
	Initialyzed swapped data for i = 321, j = 407 sucessfully passed !
	Initialyzed swapped data for i = 321, j = 408 sucessfully passed !
	Initialyzed swapped data for i = 321, j = 409 sucessfully passed !
	Initialyzed swapped data for i = 321, j = 410 sucessfully passed !
	Initialyzed swapped data for i = 321, j = 411 sucessfully passed !
	Initialyzed swapped data for i = 321, j = 412 sucessfully passed !
	Initialyzed swapped data for i = 321, j = 413 sucessfully passed !
	Initialyzed swapped data for i = 321, j = 414 sucessfully passed !
	Initialyzed swapped data for i = 321, j = 415 sucessfully passed !
	Initialyzed swapped data for i = 321, j = 416 sucessfully passed !
	Initialyzed swapped data for i = 321, j = 417 sucessfully passed !
	Initialyzed swapped data for i = 321, j = 418 sucessfully passed !
	Initialyzed swapped data for i = 321, j = 419 sucessfully passed !
	Initialyzed swapped data for i = 321, j = 420 sucessfully passed !
	Initialyzed swapped data for i = 321, j = 421 sucessfully passed !
	Initialyzed swapped data for i = 321, j = 422 sucessfully passed !
	Initialyzed swapped data for i = 321, j = 423 sucessfully passed !
	Initialyzed swapped data for i = 321, j = 424 sucessfully passed !
	Initialyzed swapped data for i = 321, j = 425 sucessfully passed !
	Initialyzed swapped data for i = 321, j = 426 sucessfully passed !
	Initialyzed swapped data for i = 321, j = 427 sucessfully passed !
	Initialyzed swapped data for i = 321, j = 428 sucessfully passed !
	Initialyzed swapped data for i = 321, j = 429 sucessfully passed !
	Initialyzed swapped data for i = 321, j = 430 sucessfully passed !
	Initialyzed swapped data for i = 321, j = 431 sucessfully passed !
	Initialyzed swapped data for i = 321, j = 432 sucessfully passed !
	Initialyzed swapped data for i = 321, j = 433 sucessfully passed !
	Initialyzed swapped data for i = 322, j = 323 sucessfully passed !
	Initialyzed swapped data for i = 322, j = 324 sucessfully passed !
	Initialyzed swapped data for i = 322, j = 325 sucessfully passed !
	Initialyzed swapped data for i = 322, j = 326 sucessfully passed !
	Initialyzed swapped data for i = 322, j = 327 sucessfully passed !
	Initialyzed swapped data for i = 322, j = 328 sucessfully passed !
	Initialyzed swapped data for i = 322, j = 329 sucessfully passed !
	Initialyzed swapped data for i = 322, j = 330 sucessfully passed !
	Initialyzed swapped data for i = 322, j = 331 sucessfully passed !
	Initialyzed swapped data for i = 322, j = 332 sucessfully passed !
	Initialyzed swapped data for i = 322, j = 333 sucessfully passed !
	Initialyzed swapped data for i = 322, j = 334 sucessfully passed !
	Initialyzed swapped data for i = 322, j = 335 sucessfully passed !
	Initialyzed swapped data for i = 322, j = 336 sucessfully passed !
	Initialyzed swapped data for i = 322, j = 337 sucessfully passed !
	Initialyzed swapped data for i = 322, j = 338 sucessfully passed !
	Initialyzed swapped data for i = 322, j = 339 sucessfully passed !
	Initialyzed swapped data for i = 322, j = 340 sucessfully passed !
	Initialyzed swapped data for i = 322, j = 341 sucessfully passed !
	Initialyzed swapped data for i = 322, j = 342 sucessfully passed !
	Initialyzed swapped data for i = 322, j = 343 sucessfully passed !
	Initialyzed swapped data for i = 322, j = 344 sucessfully passed !
	Initialyzed swapped data for i = 322, j = 345 sucessfully passed !
	Initialyzed swapped data for i = 322, j = 346 sucessfully passed !
	Initialyzed swapped data for i = 322, j = 347 sucessfully passed !
	Initialyzed swapped data for i = 322, j = 348 sucessfully passed !
	Initialyzed swapped data for i = 322, j = 349 sucessfully passed !
	Initialyzed swapped data for i = 322, j = 350 sucessfully passed !
	Initialyzed swapped data for i = 322, j = 351 sucessfully passed !
	Initialyzed swapped data for i = 322, j = 352 sucessfully passed !
	Initialyzed swapped data for i = 322, j = 353 sucessfully passed !
	Initialyzed swapped data for i = 322, j = 354 sucessfully passed !
	Initialyzed swapped data for i = 322, j = 355 sucessfully passed !
	Initialyzed swapped data for i = 322, j = 356 sucessfully passed !
	Initialyzed swapped data for i = 322, j = 357 sucessfully passed !
	Initialyzed swapped data for i = 322, j = 358 sucessfully passed !
	Initialyzed swapped data for i = 322, j = 359 sucessfully passed !
	Initialyzed swapped data for i = 322, j = 360 sucessfully passed !
	Initialyzed swapped data for i = 322, j = 361 sucessfully passed !
	Initialyzed swapped data for i = 322, j = 362 sucessfully passed !
	Initialyzed swapped data for i = 322, j = 363 sucessfully passed !
	Initialyzed swapped data for i = 322, j = 364 sucessfully passed !
	Initialyzed swapped data for i = 322, j = 365 sucessfully passed !
	Initialyzed swapped data for i = 322, j = 366 sucessfully passed !
	Initialyzed swapped data for i = 322, j = 367 sucessfully passed !
	Initialyzed swapped data for i = 322, j = 368 sucessfully passed !
	Initialyzed swapped data for i = 322, j = 369 sucessfully passed !
	Initialyzed swapped data for i = 322, j = 370 sucessfully passed !
	Initialyzed swapped data for i = 322, j = 371 sucessfully passed !
	Initialyzed swapped data for i = 322, j = 372 sucessfully passed !
	Initialyzed swapped data for i = 322, j = 373 sucessfully passed !
	Initialyzed swapped data for i = 322, j = 374 sucessfully passed !
	Initialyzed swapped data for i = 322, j = 375 sucessfully passed !
	Initialyzed swapped data for i = 322, j = 376 sucessfully passed !
	Initialyzed swapped data for i = 322, j = 377 sucessfully passed !
	Initialyzed swapped data for i = 322, j = 378 sucessfully passed !
	Initialyzed swapped data for i = 322, j = 379 sucessfully passed !
	Initialyzed swapped data for i = 322, j = 380 sucessfully passed !
	Initialyzed swapped data for i = 322, j = 381 sucessfully passed !
	Initialyzed swapped data for i = 322, j = 382 sucessfully passed !
	Initialyzed swapped data for i = 322, j = 383 sucessfully passed !
	Initialyzed swapped data for i = 322, j = 384 sucessfully passed !
	Initialyzed swapped data for i = 322, j = 385 sucessfully passed !
	Initialyzed swapped data for i = 322, j = 386 sucessfully passed !
	Initialyzed swapped data for i = 322, j = 387 sucessfully passed !
	Initialyzed swapped data for i = 322, j = 388 sucessfully passed !
	Initialyzed swapped data for i = 322, j = 389 sucessfully passed !
	Initialyzed swapped data for i = 322, j = 390 sucessfully passed !
	Initialyzed swapped data for i = 322, j = 391 sucessfully passed !
	Initialyzed swapped data for i = 322, j = 392 sucessfully passed !
	Initialyzed swapped data for i = 322, j = 393 sucessfully passed !
	Initialyzed swapped data for i = 322, j = 394 sucessfully passed !
	Initialyzed swapped data for i = 322, j = 395 sucessfully passed !
	Initialyzed swapped data for i = 322, j = 396 sucessfully passed !
	Initialyzed swapped data for i = 322, j = 397 sucessfully passed !
	Initialyzed swapped data for i = 322, j = 398 sucessfully passed !
	Initialyzed swapped data for i = 322, j = 399 sucessfully passed !
	Initialyzed swapped data for i = 322, j = 400 sucessfully passed !
	Initialyzed swapped data for i = 322, j = 401 sucessfully passed !
	Initialyzed swapped data for i = 322, j = 402 sucessfully passed !
	Initialyzed swapped data for i = 322, j = 403 sucessfully passed !
	Initialyzed swapped data for i = 322, j = 404 sucessfully passed !
	Initialyzed swapped data for i = 322, j = 405 sucessfully passed !
	Initialyzed swapped data for i = 322, j = 406 sucessfully passed !
	Initialyzed swapped data for i = 322, j = 407 sucessfully passed !
	Initialyzed swapped data for i = 322, j = 408 sucessfully passed !
	Initialyzed swapped data for i = 322, j = 409 sucessfully passed !
	Initialyzed swapped data for i = 322, j = 410 sucessfully passed !
	Initialyzed swapped data for i = 322, j = 411 sucessfully passed !
	Initialyzed swapped data for i = 322, j = 412 sucessfully passed !
	Initialyzed swapped data for i = 322, j = 413 sucessfully passed !
	Initialyzed swapped data for i = 322, j = 414 sucessfully passed !
	Initialyzed swapped data for i = 322, j = 415 sucessfully passed !
	Initialyzed swapped data for i = 322, j = 416 sucessfully passed !
	Initialyzed swapped data for i = 322, j = 417 sucessfully passed !
	Initialyzed swapped data for i = 322, j = 418 sucessfully passed !
	Initialyzed swapped data for i = 322, j = 419 sucessfully passed !
	Initialyzed swapped data for i = 322, j = 420 sucessfully passed !
	Initialyzed swapped data for i = 322, j = 421 sucessfully passed !
	Initialyzed swapped data for i = 322, j = 422 sucessfully passed !
	Initialyzed swapped data for i = 322, j = 423 sucessfully passed !
	Initialyzed swapped data for i = 322, j = 424 sucessfully passed !
	Initialyzed swapped data for i = 322, j = 425 sucessfully passed !
	Initialyzed swapped data for i = 322, j = 426 sucessfully passed !
	Initialyzed swapped data for i = 322, j = 427 sucessfully passed !
	Initialyzed swapped data for i = 322, j = 428 sucessfully passed !
	Initialyzed swapped data for i = 322, j = 429 sucessfully passed !
	Initialyzed swapped data for i = 322, j = 430 sucessfully passed !
	Initialyzed swapped data for i = 322, j = 431 sucessfully passed !
	Initialyzed swapped data for i = 322, j = 432 sucessfully passed !
	Initialyzed swapped data for i = 322, j = 433 sucessfully passed !
	Initialyzed swapped data for i = 323, j = 324 sucessfully passed !
	Initialyzed swapped data for i = 323, j = 325 sucessfully passed !
	Initialyzed swapped data for i = 323, j = 326 sucessfully passed !
	Initialyzed swapped data for i = 323, j = 327 sucessfully passed !
	Initialyzed swapped data for i = 323, j = 328 sucessfully passed !
	Initialyzed swapped data for i = 323, j = 329 sucessfully passed !
	Initialyzed swapped data for i = 323, j = 330 sucessfully passed !
	Initialyzed swapped data for i = 323, j = 331 sucessfully passed !
	Initialyzed swapped data for i = 323, j = 332 sucessfully passed !
	Initialyzed swapped data for i = 323, j = 333 sucessfully passed !
	Initialyzed swapped data for i = 323, j = 334 sucessfully passed !
	Initialyzed swapped data for i = 323, j = 335 sucessfully passed !
	Initialyzed swapped data for i = 323, j = 336 sucessfully passed !
	Initialyzed swapped data for i = 323, j = 337 sucessfully passed !
	Initialyzed swapped data for i = 323, j = 338 sucessfully passed !
	Initialyzed swapped data for i = 323, j = 339 sucessfully passed !
	Initialyzed swapped data for i = 323, j = 340 sucessfully passed !
	Initialyzed swapped data for i = 323, j = 341 sucessfully passed !
	Initialyzed swapped data for i = 323, j = 342 sucessfully passed !
	Initialyzed swapped data for i = 323, j = 343 sucessfully passed !
	Initialyzed swapped data for i = 323, j = 344 sucessfully passed !
	Initialyzed swapped data for i = 323, j = 345 sucessfully passed !
	Initialyzed swapped data for i = 323, j = 346 sucessfully passed !
	Initialyzed swapped data for i = 323, j = 347 sucessfully passed !
	Initialyzed swapped data for i = 323, j = 348 sucessfully passed !
	Initialyzed swapped data for i = 323, j = 349 sucessfully passed !
	Initialyzed swapped data for i = 323, j = 350 sucessfully passed !
	Initialyzed swapped data for i = 323, j = 351 sucessfully passed !
	Initialyzed swapped data for i = 323, j = 352 sucessfully passed !
	Initialyzed swapped data for i = 323, j = 353 sucessfully passed !
	Initialyzed swapped data for i = 323, j = 354 sucessfully passed !
	Initialyzed swapped data for i = 323, j = 355 sucessfully passed !
	Initialyzed swapped data for i = 323, j = 356 sucessfully passed !
	Initialyzed swapped data for i = 323, j = 357 sucessfully passed !
	Initialyzed swapped data for i = 323, j = 358 sucessfully passed !
	Initialyzed swapped data for i = 323, j = 359 sucessfully passed !
	Initialyzed swapped data for i = 323, j = 360 sucessfully passed !
	Initialyzed swapped data for i = 323, j = 361 sucessfully passed !
	Initialyzed swapped data for i = 323, j = 362 sucessfully passed !
	Initialyzed swapped data for i = 323, j = 363 sucessfully passed !
	Initialyzed swapped data for i = 323, j = 364 sucessfully passed !
	Initialyzed swapped data for i = 323, j = 365 sucessfully passed !
	Initialyzed swapped data for i = 323, j = 366 sucessfully passed !
	Initialyzed swapped data for i = 323, j = 367 sucessfully passed !
	Initialyzed swapped data for i = 323, j = 368 sucessfully passed !
	Initialyzed swapped data for i = 323, j = 369 sucessfully passed !
	Initialyzed swapped data for i = 323, j = 370 sucessfully passed !
	Initialyzed swapped data for i = 323, j = 371 sucessfully passed !
	Initialyzed swapped data for i = 323, j = 372 sucessfully passed !
	Initialyzed swapped data for i = 323, j = 373 sucessfully passed !
	Initialyzed swapped data for i = 323, j = 374 sucessfully passed !
	Initialyzed swapped data for i = 323, j = 375 sucessfully passed !
	Initialyzed swapped data for i = 323, j = 376 sucessfully passed !
	Initialyzed swapped data for i = 323, j = 377 sucessfully passed !
	Initialyzed swapped data for i = 323, j = 378 sucessfully passed !
	Initialyzed swapped data for i = 323, j = 379 sucessfully passed !
	Initialyzed swapped data for i = 323, j = 380 sucessfully passed !
	Initialyzed swapped data for i = 323, j = 381 sucessfully passed !
	Initialyzed swapped data for i = 323, j = 382 sucessfully passed !
	Initialyzed swapped data for i = 323, j = 383 sucessfully passed !
	Initialyzed swapped data for i = 323, j = 384 sucessfully passed !
	Initialyzed swapped data for i = 323, j = 385 sucessfully passed !
	Initialyzed swapped data for i = 323, j = 386 sucessfully passed !
	Initialyzed swapped data for i = 323, j = 387 sucessfully passed !
	Initialyzed swapped data for i = 323, j = 388 sucessfully passed !
	Initialyzed swapped data for i = 323, j = 389 sucessfully passed !
	Initialyzed swapped data for i = 323, j = 390 sucessfully passed !
	Initialyzed swapped data for i = 323, j = 391 sucessfully passed !
	Initialyzed swapped data for i = 323, j = 392 sucessfully passed !
	Initialyzed swapped data for i = 323, j = 393 sucessfully passed !
	Initialyzed swapped data for i = 323, j = 394 sucessfully passed !
	Initialyzed swapped data for i = 323, j = 395 sucessfully passed !
	Initialyzed swapped data for i = 323, j = 396 sucessfully passed !
	Initialyzed swapped data for i = 323, j = 397 sucessfully passed !
	Initialyzed swapped data for i = 323, j = 398 sucessfully passed !
	Initialyzed swapped data for i = 323, j = 399 sucessfully passed !
	Initialyzed swapped data for i = 323, j = 400 sucessfully passed !
	Initialyzed swapped data for i = 323, j = 401 sucessfully passed !
	Initialyzed swapped data for i = 323, j = 402 sucessfully passed !
	Initialyzed swapped data for i = 323, j = 403 sucessfully passed !
	Initialyzed swapped data for i = 323, j = 404 sucessfully passed !
	Initialyzed swapped data for i = 323, j = 405 sucessfully passed !
	Initialyzed swapped data for i = 323, j = 406 sucessfully passed !
	Initialyzed swapped data for i = 323, j = 407 sucessfully passed !
	Initialyzed swapped data for i = 323, j = 408 sucessfully passed !
	Initialyzed swapped data for i = 323, j = 409 sucessfully passed !
	Initialyzed swapped data for i = 323, j = 410 sucessfully passed !
	Initialyzed swapped data for i = 323, j = 411 sucessfully passed !
	Initialyzed swapped data for i = 323, j = 412 sucessfully passed !
	Initialyzed swapped data for i = 323, j = 413 sucessfully passed !
	Initialyzed swapped data for i = 323, j = 414 sucessfully passed !
	Initialyzed swapped data for i = 323, j = 415 sucessfully passed !
	Initialyzed swapped data for i = 323, j = 416 sucessfully passed !
	Initialyzed swapped data for i = 323, j = 417 sucessfully passed !
	Initialyzed swapped data for i = 323, j = 418 sucessfully passed !
	Initialyzed swapped data for i = 323, j = 419 sucessfully passed !
	Initialyzed swapped data for i = 323, j = 420 sucessfully passed !
	Initialyzed swapped data for i = 323, j = 421 sucessfully passed !
	Initialyzed swapped data for i = 323, j = 422 sucessfully passed !
	Initialyzed swapped data for i = 323, j = 423 sucessfully passed !
	Initialyzed swapped data for i = 323, j = 424 sucessfully passed !
	Initialyzed swapped data for i = 323, j = 425 sucessfully passed !
	Initialyzed swapped data for i = 323, j = 426 sucessfully passed !
	Initialyzed swapped data for i = 323, j = 427 sucessfully passed !
	Initialyzed swapped data for i = 323, j = 428 sucessfully passed !
	Initialyzed swapped data for i = 323, j = 429 sucessfully passed !
	Initialyzed swapped data for i = 323, j = 430 sucessfully passed !
	Initialyzed swapped data for i = 323, j = 431 sucessfully passed !
	Initialyzed swapped data for i = 323, j = 432 sucessfully passed !
	Initialyzed swapped data for i = 323, j = 433 sucessfully passed !
	Initialyzed swapped data for i = 324, j = 325 sucessfully passed !
	Initialyzed swapped data for i = 324, j = 326 sucessfully passed !
	Initialyzed swapped data for i = 324, j = 327 sucessfully passed !
	Initialyzed swapped data for i = 324, j = 328 sucessfully passed !
	Initialyzed swapped data for i = 324, j = 329 sucessfully passed !
	Initialyzed swapped data for i = 324, j = 330 sucessfully passed !
	Initialyzed swapped data for i = 324, j = 331 sucessfully passed !
	Initialyzed swapped data for i = 324, j = 332 sucessfully passed !
	Initialyzed swapped data for i = 324, j = 333 sucessfully passed !
	Initialyzed swapped data for i = 324, j = 334 sucessfully passed !
	Initialyzed swapped data for i = 324, j = 335 sucessfully passed !
	Initialyzed swapped data for i = 324, j = 336 sucessfully passed !
	Initialyzed swapped data for i = 324, j = 337 sucessfully passed !
	Initialyzed swapped data for i = 324, j = 338 sucessfully passed !
	Initialyzed swapped data for i = 324, j = 339 sucessfully passed !
	Initialyzed swapped data for i = 324, j = 340 sucessfully passed !
	Initialyzed swapped data for i = 324, j = 341 sucessfully passed !
	Initialyzed swapped data for i = 324, j = 342 sucessfully passed !
	Initialyzed swapped data for i = 324, j = 343 sucessfully passed !
	Initialyzed swapped data for i = 324, j = 344 sucessfully passed !
	Initialyzed swapped data for i = 324, j = 345 sucessfully passed !
	Initialyzed swapped data for i = 324, j = 346 sucessfully passed !
	Initialyzed swapped data for i = 324, j = 347 sucessfully passed !
	Initialyzed swapped data for i = 324, j = 348 sucessfully passed !
	Initialyzed swapped data for i = 324, j = 349 sucessfully passed !
	Initialyzed swapped data for i = 324, j = 350 sucessfully passed !
	Initialyzed swapped data for i = 324, j = 351 sucessfully passed !
	Initialyzed swapped data for i = 324, j = 352 sucessfully passed !
	Initialyzed swapped data for i = 324, j = 353 sucessfully passed !
	Initialyzed swapped data for i = 324, j = 354 sucessfully passed !
	Initialyzed swapped data for i = 324, j = 355 sucessfully passed !
	Initialyzed swapped data for i = 324, j = 356 sucessfully passed !
	Initialyzed swapped data for i = 324, j = 357 sucessfully passed !
	Initialyzed swapped data for i = 324, j = 358 sucessfully passed !
	Initialyzed swapped data for i = 324, j = 359 sucessfully passed !
	Initialyzed swapped data for i = 324, j = 360 sucessfully passed !
	Initialyzed swapped data for i = 324, j = 361 sucessfully passed !
	Initialyzed swapped data for i = 324, j = 362 sucessfully passed !
	Initialyzed swapped data for i = 324, j = 363 sucessfully passed !
	Initialyzed swapped data for i = 324, j = 364 sucessfully passed !
	Initialyzed swapped data for i = 324, j = 365 sucessfully passed !
	Initialyzed swapped data for i = 324, j = 366 sucessfully passed !
	Initialyzed swapped data for i = 324, j = 367 sucessfully passed !
	Initialyzed swapped data for i = 324, j = 368 sucessfully passed !
	Initialyzed swapped data for i = 324, j = 369 sucessfully passed !
	Initialyzed swapped data for i = 324, j = 370 sucessfully passed !
	Initialyzed swapped data for i = 324, j = 371 sucessfully passed !
	Initialyzed swapped data for i = 324, j = 372 sucessfully passed !
	Initialyzed swapped data for i = 324, j = 373 sucessfully passed !
	Initialyzed swapped data for i = 324, j = 374 sucessfully passed !
	Initialyzed swapped data for i = 324, j = 375 sucessfully passed !
	Initialyzed swapped data for i = 324, j = 376 sucessfully passed !
	Initialyzed swapped data for i = 324, j = 377 sucessfully passed !
	Initialyzed swapped data for i = 324, j = 378 sucessfully passed !
	Initialyzed swapped data for i = 324, j = 379 sucessfully passed !
	Initialyzed swapped data for i = 324, j = 380 sucessfully passed !
	Initialyzed swapped data for i = 324, j = 381 sucessfully passed !
	Initialyzed swapped data for i = 324, j = 382 sucessfully passed !
	Initialyzed swapped data for i = 324, j = 383 sucessfully passed !
	Initialyzed swapped data for i = 324, j = 384 sucessfully passed !
	Initialyzed swapped data for i = 324, j = 385 sucessfully passed !
	Initialyzed swapped data for i = 324, j = 386 sucessfully passed !
	Initialyzed swapped data for i = 324, j = 387 sucessfully passed !
	Initialyzed swapped data for i = 324, j = 388 sucessfully passed !
	Initialyzed swapped data for i = 324, j = 389 sucessfully passed !
	Initialyzed swapped data for i = 324, j = 390 sucessfully passed !
	Initialyzed swapped data for i = 324, j = 391 sucessfully passed !
	Initialyzed swapped data for i = 324, j = 392 sucessfully passed !
	Initialyzed swapped data for i = 324, j = 393 sucessfully passed !
	Initialyzed swapped data for i = 324, j = 394 sucessfully passed !
	Initialyzed swapped data for i = 324, j = 395 sucessfully passed !
	Initialyzed swapped data for i = 324, j = 396 sucessfully passed !
	Initialyzed swapped data for i = 324, j = 397 sucessfully passed !
	Initialyzed swapped data for i = 324, j = 398 sucessfully passed !
	Initialyzed swapped data for i = 324, j = 399 sucessfully passed !
	Initialyzed swapped data for i = 324, j = 400 sucessfully passed !
	Initialyzed swapped data for i = 324, j = 401 sucessfully passed !
	Initialyzed swapped data for i = 324, j = 402 sucessfully passed !
	Initialyzed swapped data for i = 324, j = 403 sucessfully passed !
	Initialyzed swapped data for i = 324, j = 404 sucessfully passed !
	Initialyzed swapped data for i = 324, j = 405 sucessfully passed !
	Initialyzed swapped data for i = 324, j = 406 sucessfully passed !
	Initialyzed swapped data for i = 324, j = 407 sucessfully passed !
	Initialyzed swapped data for i = 324, j = 408 sucessfully passed !
	Initialyzed swapped data for i = 324, j = 409 sucessfully passed !
	Initialyzed swapped data for i = 324, j = 410 sucessfully passed !
	Initialyzed swapped data for i = 324, j = 411 sucessfully passed !
	Initialyzed swapped data for i = 324, j = 412 sucessfully passed !
	Initialyzed swapped data for i = 324, j = 413 sucessfully passed !
	Initialyzed swapped data for i = 324, j = 414 sucessfully passed !
	Initialyzed swapped data for i = 324, j = 415 sucessfully passed !
	Initialyzed swapped data for i = 324, j = 416 sucessfully passed !
	Initialyzed swapped data for i = 324, j = 417 sucessfully passed !
	Initialyzed swapped data for i = 324, j = 418 sucessfully passed !
	Initialyzed swapped data for i = 324, j = 419 sucessfully passed !
	Initialyzed swapped data for i = 324, j = 420 sucessfully passed !
	Initialyzed swapped data for i = 324, j = 421 sucessfully passed !
	Initialyzed swapped data for i = 324, j = 422 sucessfully passed !
	Initialyzed swapped data for i = 324, j = 423 sucessfully passed !
	Initialyzed swapped data for i = 324, j = 424 sucessfully passed !
	Initialyzed swapped data for i = 324, j = 425 sucessfully passed !
	Initialyzed swapped data for i = 324, j = 426 sucessfully passed !
	Initialyzed swapped data for i = 324, j = 427 sucessfully passed !
	Initialyzed swapped data for i = 324, j = 428 sucessfully passed !
	Initialyzed swapped data for i = 324, j = 429 sucessfully passed !
	Initialyzed swapped data for i = 324, j = 430 sucessfully passed !
	Initialyzed swapped data for i = 324, j = 431 sucessfully passed !
	Initialyzed swapped data for i = 324, j = 432 sucessfully passed !
	Initialyzed swapped data for i = 324, j = 433 sucessfully passed !
	Initialyzed swapped data for i = 325, j = 326 sucessfully passed !
	Initialyzed swapped data for i = 325, j = 327 sucessfully passed !
	Initialyzed swapped data for i = 325, j = 328 sucessfully passed !
	Initialyzed swapped data for i = 325, j = 329 sucessfully passed !
	Initialyzed swapped data for i = 325, j = 330 sucessfully passed !
	Initialyzed swapped data for i = 325, j = 331 sucessfully passed !
	Initialyzed swapped data for i = 325, j = 332 sucessfully passed !
	Initialyzed swapped data for i = 325, j = 333 sucessfully passed !
	Initialyzed swapped data for i = 325, j = 334 sucessfully passed !
	Initialyzed swapped data for i = 325, j = 335 sucessfully passed !
	Initialyzed swapped data for i = 325, j = 336 sucessfully passed !
	Initialyzed swapped data for i = 325, j = 337 sucessfully passed !
	Initialyzed swapped data for i = 325, j = 338 sucessfully passed !
	Initialyzed swapped data for i = 325, j = 339 sucessfully passed !
	Initialyzed swapped data for i = 325, j = 340 sucessfully passed !
	Initialyzed swapped data for i = 325, j = 341 sucessfully passed !
	Initialyzed swapped data for i = 325, j = 342 sucessfully passed !
	Initialyzed swapped data for i = 325, j = 343 sucessfully passed !
	Initialyzed swapped data for i = 325, j = 344 sucessfully passed !
	Initialyzed swapped data for i = 325, j = 345 sucessfully passed !
	Initialyzed swapped data for i = 325, j = 346 sucessfully passed !
	Initialyzed swapped data for i = 325, j = 347 sucessfully passed !
	Initialyzed swapped data for i = 325, j = 348 sucessfully passed !
	Initialyzed swapped data for i = 325, j = 349 sucessfully passed !
	Initialyzed swapped data for i = 325, j = 350 sucessfully passed !
	Initialyzed swapped data for i = 325, j = 351 sucessfully passed !
	Initialyzed swapped data for i = 325, j = 352 sucessfully passed !
	Initialyzed swapped data for i = 325, j = 353 sucessfully passed !
	Initialyzed swapped data for i = 325, j = 354 sucessfully passed !
	Initialyzed swapped data for i = 325, j = 355 sucessfully passed !
	Initialyzed swapped data for i = 325, j = 356 sucessfully passed !
	Initialyzed swapped data for i = 325, j = 357 sucessfully passed !
	Initialyzed swapped data for i = 325, j = 358 sucessfully passed !
	Initialyzed swapped data for i = 325, j = 359 sucessfully passed !
	Initialyzed swapped data for i = 325, j = 360 sucessfully passed !
	Initialyzed swapped data for i = 325, j = 361 sucessfully passed !
	Initialyzed swapped data for i = 325, j = 362 sucessfully passed !
	Initialyzed swapped data for i = 325, j = 363 sucessfully passed !
	Initialyzed swapped data for i = 325, j = 364 sucessfully passed !
	Initialyzed swapped data for i = 325, j = 365 sucessfully passed !
	Initialyzed swapped data for i = 325, j = 366 sucessfully passed !
	Initialyzed swapped data for i = 325, j = 367 sucessfully passed !
	Initialyzed swapped data for i = 325, j = 368 sucessfully passed !
	Initialyzed swapped data for i = 325, j = 369 sucessfully passed !
	Initialyzed swapped data for i = 325, j = 370 sucessfully passed !
	Initialyzed swapped data for i = 325, j = 371 sucessfully passed !
	Initialyzed swapped data for i = 325, j = 372 sucessfully passed !
	Initialyzed swapped data for i = 325, j = 373 sucessfully passed !
	Initialyzed swapped data for i = 325, j = 374 sucessfully passed !
	Initialyzed swapped data for i = 325, j = 375 sucessfully passed !
	Initialyzed swapped data for i = 325, j = 376 sucessfully passed !
	Initialyzed swapped data for i = 325, j = 377 sucessfully passed !
	Initialyzed swapped data for i = 325, j = 378 sucessfully passed !
	Initialyzed swapped data for i = 325, j = 379 sucessfully passed !
	Initialyzed swapped data for i = 325, j = 380 sucessfully passed !
	Initialyzed swapped data for i = 325, j = 381 sucessfully passed !
	Initialyzed swapped data for i = 325, j = 382 sucessfully passed !
	Initialyzed swapped data for i = 325, j = 383 sucessfully passed !
	Initialyzed swapped data for i = 325, j = 384 sucessfully passed !
	Initialyzed swapped data for i = 325, j = 385 sucessfully passed !
	Initialyzed swapped data for i = 325, j = 386 sucessfully passed !
	Initialyzed swapped data for i = 325, j = 387 sucessfully passed !
	Initialyzed swapped data for i = 325, j = 388 sucessfully passed !
	Initialyzed swapped data for i = 325, j = 389 sucessfully passed !
	Initialyzed swapped data for i = 325, j = 390 sucessfully passed !
	Initialyzed swapped data for i = 325, j = 391 sucessfully passed !
	Initialyzed swapped data for i = 325, j = 392 sucessfully passed !
	Initialyzed swapped data for i = 325, j = 393 sucessfully passed !
	Initialyzed swapped data for i = 325, j = 394 sucessfully passed !
	Initialyzed swapped data for i = 325, j = 395 sucessfully passed !
	Initialyzed swapped data for i = 325, j = 396 sucessfully passed !
	Initialyzed swapped data for i = 325, j = 397 sucessfully passed !
	Initialyzed swapped data for i = 325, j = 398 sucessfully passed !
	Initialyzed swapped data for i = 325, j = 399 sucessfully passed !
	Initialyzed swapped data for i = 325, j = 400 sucessfully passed !
	Initialyzed swapped data for i = 325, j = 401 sucessfully passed !
	Initialyzed swapped data for i = 325, j = 402 sucessfully passed !
	Initialyzed swapped data for i = 325, j = 403 sucessfully passed !
	Initialyzed swapped data for i = 325, j = 404 sucessfully passed !
	Initialyzed swapped data for i = 325, j = 405 sucessfully passed !
	Initialyzed swapped data for i = 325, j = 406 sucessfully passed !
	Initialyzed swapped data for i = 325, j = 407 sucessfully passed !
	Initialyzed swapped data for i = 325, j = 408 sucessfully passed !
	Initialyzed swapped data for i = 325, j = 409 sucessfully passed !
	Initialyzed swapped data for i = 325, j = 410 sucessfully passed !
	Initialyzed swapped data for i = 325, j = 411 sucessfully passed !
	Initialyzed swapped data for i = 325, j = 412 sucessfully passed !
	Initialyzed swapped data for i = 325, j = 413 sucessfully passed !
	Initialyzed swapped data for i = 325, j = 414 sucessfully passed !
	Initialyzed swapped data for i = 325, j = 415 sucessfully passed !
	Initialyzed swapped data for i = 325, j = 416 sucessfully passed !
	Initialyzed swapped data for i = 325, j = 417 sucessfully passed !
	Initialyzed swapped data for i = 325, j = 418 sucessfully passed !
	Initialyzed swapped data for i = 325, j = 419 sucessfully passed !
	Initialyzed swapped data for i = 325, j = 420 sucessfully passed !
	Initialyzed swapped data for i = 325, j = 421 sucessfully passed !
	Initialyzed swapped data for i = 325, j = 422 sucessfully passed !
	Initialyzed swapped data for i = 325, j = 423 sucessfully passed !
	Initialyzed swapped data for i = 325, j = 424 sucessfully passed !
	Initialyzed swapped data for i = 325, j = 425 sucessfully passed !
	Initialyzed swapped data for i = 325, j = 426 sucessfully passed !
	Initialyzed swapped data for i = 325, j = 427 sucessfully passed !
	Initialyzed swapped data for i = 325, j = 428 sucessfully passed !
	Initialyzed swapped data for i = 325, j = 429 sucessfully passed !
	Initialyzed swapped data for i = 325, j = 430 sucessfully passed !
	Initialyzed swapped data for i = 325, j = 431 sucessfully passed !
	Initialyzed swapped data for i = 325, j = 432 sucessfully passed !
	Initialyzed swapped data for i = 325, j = 433 sucessfully passed !
	Initialyzed swapped data for i = 326, j = 327 sucessfully passed !
	Initialyzed swapped data for i = 326, j = 328 sucessfully passed !
	Initialyzed swapped data for i = 326, j = 329 sucessfully passed !
	Initialyzed swapped data for i = 326, j = 330 sucessfully passed !
	Initialyzed swapped data for i = 326, j = 331 sucessfully passed !
	Initialyzed swapped data for i = 326, j = 332 sucessfully passed !
	Initialyzed swapped data for i = 326, j = 333 sucessfully passed !
	Initialyzed swapped data for i = 326, j = 334 sucessfully passed !
	Initialyzed swapped data for i = 326, j = 335 sucessfully passed !
	Initialyzed swapped data for i = 326, j = 336 sucessfully passed !
	Initialyzed swapped data for i = 326, j = 337 sucessfully passed !
	Initialyzed swapped data for i = 326, j = 338 sucessfully passed !
	Initialyzed swapped data for i = 326, j = 339 sucessfully passed !
	Initialyzed swapped data for i = 326, j = 340 sucessfully passed !
	Initialyzed swapped data for i = 326, j = 341 sucessfully passed !
	Initialyzed swapped data for i = 326, j = 342 sucessfully passed !
	Initialyzed swapped data for i = 326, j = 343 sucessfully passed !
	Initialyzed swapped data for i = 326, j = 344 sucessfully passed !
	Initialyzed swapped data for i = 326, j = 345 sucessfully passed !
	Initialyzed swapped data for i = 326, j = 346 sucessfully passed !
	Initialyzed swapped data for i = 326, j = 347 sucessfully passed !
	Initialyzed swapped data for i = 326, j = 348 sucessfully passed !
	Initialyzed swapped data for i = 326, j = 349 sucessfully passed !
	Initialyzed swapped data for i = 326, j = 350 sucessfully passed !
	Initialyzed swapped data for i = 326, j = 351 sucessfully passed !
	Initialyzed swapped data for i = 326, j = 352 sucessfully passed !
	Initialyzed swapped data for i = 326, j = 353 sucessfully passed !
	Initialyzed swapped data for i = 326, j = 354 sucessfully passed !
	Initialyzed swapped data for i = 326, j = 355 sucessfully passed !
	Initialyzed swapped data for i = 326, j = 356 sucessfully passed !
	Initialyzed swapped data for i = 326, j = 357 sucessfully passed !
	Initialyzed swapped data for i = 326, j = 358 sucessfully passed !
	Initialyzed swapped data for i = 326, j = 359 sucessfully passed !
	Initialyzed swapped data for i = 326, j = 360 sucessfully passed !
	Initialyzed swapped data for i = 326, j = 361 sucessfully passed !
	Initialyzed swapped data for i = 326, j = 362 sucessfully passed !
	Initialyzed swapped data for i = 326, j = 363 sucessfully passed !
	Initialyzed swapped data for i = 326, j = 364 sucessfully passed !
	Initialyzed swapped data for i = 326, j = 365 sucessfully passed !
	Initialyzed swapped data for i = 326, j = 366 sucessfully passed !
	Initialyzed swapped data for i = 326, j = 367 sucessfully passed !
	Initialyzed swapped data for i = 326, j = 368 sucessfully passed !
	Initialyzed swapped data for i = 326, j = 369 sucessfully passed !
	Initialyzed swapped data for i = 326, j = 370 sucessfully passed !
	Initialyzed swapped data for i = 326, j = 371 sucessfully passed !
	Initialyzed swapped data for i = 326, j = 372 sucessfully passed !
	Initialyzed swapped data for i = 326, j = 373 sucessfully passed !
	Initialyzed swapped data for i = 326, j = 374 sucessfully passed !
	Initialyzed swapped data for i = 326, j = 375 sucessfully passed !
	Initialyzed swapped data for i = 326, j = 376 sucessfully passed !
	Initialyzed swapped data for i = 326, j = 377 sucessfully passed !
	Initialyzed swapped data for i = 326, j = 378 sucessfully passed !
	Initialyzed swapped data for i = 326, j = 379 sucessfully passed !
	Initialyzed swapped data for i = 326, j = 380 sucessfully passed !
	Initialyzed swapped data for i = 326, j = 381 sucessfully passed !
	Initialyzed swapped data for i = 326, j = 382 sucessfully passed !
	Initialyzed swapped data for i = 326, j = 383 sucessfully passed !
	Initialyzed swapped data for i = 326, j = 384 sucessfully passed !
	Initialyzed swapped data for i = 326, j = 385 sucessfully passed !
	Initialyzed swapped data for i = 326, j = 386 sucessfully passed !
	Initialyzed swapped data for i = 326, j = 387 sucessfully passed !
	Initialyzed swapped data for i = 326, j = 388 sucessfully passed !
	Initialyzed swapped data for i = 326, j = 389 sucessfully passed !
	Initialyzed swapped data for i = 326, j = 390 sucessfully passed !
	Initialyzed swapped data for i = 326, j = 391 sucessfully passed !
	Initialyzed swapped data for i = 326, j = 392 sucessfully passed !
	Initialyzed swapped data for i = 326, j = 393 sucessfully passed !
	Initialyzed swapped data for i = 326, j = 394 sucessfully passed !
	Initialyzed swapped data for i = 326, j = 395 sucessfully passed !
	Initialyzed swapped data for i = 326, j = 396 sucessfully passed !
	Initialyzed swapped data for i = 326, j = 397 sucessfully passed !
	Initialyzed swapped data for i = 326, j = 398 sucessfully passed !
	Initialyzed swapped data for i = 326, j = 399 sucessfully passed !
	Initialyzed swapped data for i = 326, j = 400 sucessfully passed !
	Initialyzed swapped data for i = 326, j = 401 sucessfully passed !
	Initialyzed swapped data for i = 326, j = 402 sucessfully passed !
	Initialyzed swapped data for i = 326, j = 403 sucessfully passed !
	Initialyzed swapped data for i = 326, j = 404 sucessfully passed !
	Initialyzed swapped data for i = 326, j = 405 sucessfully passed !
	Initialyzed swapped data for i = 326, j = 406 sucessfully passed !
	Initialyzed swapped data for i = 326, j = 407 sucessfully passed !
	Initialyzed swapped data for i = 326, j = 408 sucessfully passed !
	Initialyzed swapped data for i = 326, j = 409 sucessfully passed !
	Initialyzed swapped data for i = 326, j = 410 sucessfully passed !
	Initialyzed swapped data for i = 326, j = 411 sucessfully passed !
	Initialyzed swapped data for i = 326, j = 412 sucessfully passed !
	Initialyzed swapped data for i = 326, j = 413 sucessfully passed !
	Initialyzed swapped data for i = 326, j = 414 sucessfully passed !
	Initialyzed swapped data for i = 326, j = 415 sucessfully passed !
	Initialyzed swapped data for i = 326, j = 416 sucessfully passed !
	Initialyzed swapped data for i = 326, j = 417 sucessfully passed !
	Initialyzed swapped data for i = 326, j = 418 sucessfully passed !
	Initialyzed swapped data for i = 326, j = 419 sucessfully passed !
	Initialyzed swapped data for i = 326, j = 420 sucessfully passed !
	Initialyzed swapped data for i = 326, j = 421 sucessfully passed !
	Initialyzed swapped data for i = 326, j = 422 sucessfully passed !
	Initialyzed swapped data for i = 326, j = 423 sucessfully passed !
	Initialyzed swapped data for i = 326, j = 424 sucessfully passed !
	Initialyzed swapped data for i = 326, j = 425 sucessfully passed !
	Initialyzed swapped data for i = 326, j = 426 sucessfully passed !
	Initialyzed swapped data for i = 326, j = 427 sucessfully passed !
	Initialyzed swapped data for i = 326, j = 428 sucessfully passed !
	Initialyzed swapped data for i = 326, j = 429 sucessfully passed !
	Initialyzed swapped data for i = 326, j = 430 sucessfully passed !
	Initialyzed swapped data for i = 326, j = 431 sucessfully passed !
	Initialyzed swapped data for i = 326, j = 432 sucessfully passed !
	Initialyzed swapped data for i = 326, j = 433 sucessfully passed !
	Initialyzed swapped data for i = 327, j = 328 sucessfully passed !
	Initialyzed swapped data for i = 327, j = 329 sucessfully passed !
	Initialyzed swapped data for i = 327, j = 330 sucessfully passed !
	Initialyzed swapped data for i = 327, j = 331 sucessfully passed !
	Initialyzed swapped data for i = 327, j = 332 sucessfully passed !
	Initialyzed swapped data for i = 327, j = 333 sucessfully passed !
	Initialyzed swapped data for i = 327, j = 334 sucessfully passed !
	Initialyzed swapped data for i = 327, j = 335 sucessfully passed !
	Initialyzed swapped data for i = 327, j = 336 sucessfully passed !
	Initialyzed swapped data for i = 327, j = 337 sucessfully passed !
	Initialyzed swapped data for i = 327, j = 338 sucessfully passed !
	Initialyzed swapped data for i = 327, j = 339 sucessfully passed !
	Initialyzed swapped data for i = 327, j = 340 sucessfully passed !
	Initialyzed swapped data for i = 327, j = 341 sucessfully passed !
	Initialyzed swapped data for i = 327, j = 342 sucessfully passed !
	Initialyzed swapped data for i = 327, j = 343 sucessfully passed !
	Initialyzed swapped data for i = 327, j = 344 sucessfully passed !
	Initialyzed swapped data for i = 327, j = 345 sucessfully passed !
	Initialyzed swapped data for i = 327, j = 346 sucessfully passed !
	Initialyzed swapped data for i = 327, j = 347 sucessfully passed !
	Initialyzed swapped data for i = 327, j = 348 sucessfully passed !
	Initialyzed swapped data for i = 327, j = 349 sucessfully passed !
	Initialyzed swapped data for i = 327, j = 350 sucessfully passed !
	Initialyzed swapped data for i = 327, j = 351 sucessfully passed !
	Initialyzed swapped data for i = 327, j = 352 sucessfully passed !
	Initialyzed swapped data for i = 327, j = 353 sucessfully passed !
	Initialyzed swapped data for i = 327, j = 354 sucessfully passed !
	Initialyzed swapped data for i = 327, j = 355 sucessfully passed !
	Initialyzed swapped data for i = 327, j = 356 sucessfully passed !
	Initialyzed swapped data for i = 327, j = 357 sucessfully passed !
	Initialyzed swapped data for i = 327, j = 358 sucessfully passed !
	Initialyzed swapped data for i = 327, j = 359 sucessfully passed !
	Initialyzed swapped data for i = 327, j = 360 sucessfully passed !
	Initialyzed swapped data for i = 327, j = 361 sucessfully passed !
	Initialyzed swapped data for i = 327, j = 362 sucessfully passed !
	Initialyzed swapped data for i = 327, j = 363 sucessfully passed !
	Initialyzed swapped data for i = 327, j = 364 sucessfully passed !
	Initialyzed swapped data for i = 327, j = 365 sucessfully passed !
	Initialyzed swapped data for i = 327, j = 366 sucessfully passed !
	Initialyzed swapped data for i = 327, j = 367 sucessfully passed !
	Initialyzed swapped data for i = 327, j = 368 sucessfully passed !
	Initialyzed swapped data for i = 327, j = 369 sucessfully passed !
	Initialyzed swapped data for i = 327, j = 370 sucessfully passed !
	Initialyzed swapped data for i = 327, j = 371 sucessfully passed !
	Initialyzed swapped data for i = 327, j = 372 sucessfully passed !
	Initialyzed swapped data for i = 327, j = 373 sucessfully passed !
	Initialyzed swapped data for i = 327, j = 374 sucessfully passed !
	Initialyzed swapped data for i = 327, j = 375 sucessfully passed !
	Initialyzed swapped data for i = 327, j = 376 sucessfully passed !
	Initialyzed swapped data for i = 327, j = 377 sucessfully passed !
	Initialyzed swapped data for i = 327, j = 378 sucessfully passed !
	Initialyzed swapped data for i = 327, j = 379 sucessfully passed !
	Initialyzed swapped data for i = 327, j = 380 sucessfully passed !
	Initialyzed swapped data for i = 327, j = 381 sucessfully passed !
	Initialyzed swapped data for i = 327, j = 382 sucessfully passed !
	Initialyzed swapped data for i = 327, j = 383 sucessfully passed !
	Initialyzed swapped data for i = 327, j = 384 sucessfully passed !
	Initialyzed swapped data for i = 327, j = 385 sucessfully passed !
	Initialyzed swapped data for i = 327, j = 386 sucessfully passed !
	Initialyzed swapped data for i = 327, j = 387 sucessfully passed !
	Initialyzed swapped data for i = 327, j = 388 sucessfully passed !
	Initialyzed swapped data for i = 327, j = 389 sucessfully passed !
	Initialyzed swapped data for i = 327, j = 390 sucessfully passed !
	Initialyzed swapped data for i = 327, j = 391 sucessfully passed !
	Initialyzed swapped data for i = 327, j = 392 sucessfully passed !
	Initialyzed swapped data for i = 327, j = 393 sucessfully passed !
	Initialyzed swapped data for i = 327, j = 394 sucessfully passed !
	Initialyzed swapped data for i = 327, j = 395 sucessfully passed !
	Initialyzed swapped data for i = 327, j = 396 sucessfully passed !
	Initialyzed swapped data for i = 327, j = 397 sucessfully passed !
	Initialyzed swapped data for i = 327, j = 398 sucessfully passed !
	Initialyzed swapped data for i = 327, j = 399 sucessfully passed !
	Initialyzed swapped data for i = 327, j = 400 sucessfully passed !
	Initialyzed swapped data for i = 327, j = 401 sucessfully passed !
	Initialyzed swapped data for i = 327, j = 402 sucessfully passed !
	Initialyzed swapped data for i = 327, j = 403 sucessfully passed !
	Initialyzed swapped data for i = 327, j = 404 sucessfully passed !
	Initialyzed swapped data for i = 327, j = 405 sucessfully passed !
	Initialyzed swapped data for i = 327, j = 406 sucessfully passed !
	Initialyzed swapped data for i = 327, j = 407 sucessfully passed !
	Initialyzed swapped data for i = 327, j = 408 sucessfully passed !
	Initialyzed swapped data for i = 327, j = 409 sucessfully passed !
	Initialyzed swapped data for i = 327, j = 410 sucessfully passed !
	Initialyzed swapped data for i = 327, j = 411 sucessfully passed !
	Initialyzed swapped data for i = 327, j = 412 sucessfully passed !
	Initialyzed swapped data for i = 327, j = 413 sucessfully passed !
	Initialyzed swapped data for i = 327, j = 414 sucessfully passed !
	Initialyzed swapped data for i = 327, j = 415 sucessfully passed !
	Initialyzed swapped data for i = 327, j = 416 sucessfully passed !
	Initialyzed swapped data for i = 327, j = 417 sucessfully passed !
	Initialyzed swapped data for i = 327, j = 418 sucessfully passed !
	Initialyzed swapped data for i = 327, j = 419 sucessfully passed !
	Initialyzed swapped data for i = 327, j = 420 sucessfully passed !
	Initialyzed swapped data for i = 327, j = 421 sucessfully passed !
	Initialyzed swapped data for i = 327, j = 422 sucessfully passed !
	Initialyzed swapped data for i = 327, j = 423 sucessfully passed !
	Initialyzed swapped data for i = 327, j = 424 sucessfully passed !
	Initialyzed swapped data for i = 327, j = 425 sucessfully passed !
	Initialyzed swapped data for i = 327, j = 426 sucessfully passed !
	Initialyzed swapped data for i = 327, j = 427 sucessfully passed !
	Initialyzed swapped data for i = 327, j = 428 sucessfully passed !
	Initialyzed swapped data for i = 327, j = 429 sucessfully passed !
	Initialyzed swapped data for i = 327, j = 430 sucessfully passed !
	Initialyzed swapped data for i = 327, j = 431 sucessfully passed !
	Initialyzed swapped data for i = 327, j = 432 sucessfully passed !
	Initialyzed swapped data for i = 327, j = 433 sucessfully passed !
	Initialyzed swapped data for i = 328, j = 329 sucessfully passed !
	Initialyzed swapped data for i = 328, j = 330 sucessfully passed !
	Initialyzed swapped data for i = 328, j = 331 sucessfully passed !
	Initialyzed swapped data for i = 328, j = 332 sucessfully passed !
	Initialyzed swapped data for i = 328, j = 333 sucessfully passed !
	Initialyzed swapped data for i = 328, j = 334 sucessfully passed !
	Initialyzed swapped data for i = 328, j = 335 sucessfully passed !
	Initialyzed swapped data for i = 328, j = 336 sucessfully passed !
	Initialyzed swapped data for i = 328, j = 337 sucessfully passed !
	Initialyzed swapped data for i = 328, j = 338 sucessfully passed !
	Initialyzed swapped data for i = 328, j = 339 sucessfully passed !
	Initialyzed swapped data for i = 328, j = 340 sucessfully passed !
	Initialyzed swapped data for i = 328, j = 341 sucessfully passed !
	Initialyzed swapped data for i = 328, j = 342 sucessfully passed !
	Initialyzed swapped data for i = 328, j = 343 sucessfully passed !
	Initialyzed swapped data for i = 328, j = 344 sucessfully passed !
	Initialyzed swapped data for i = 328, j = 345 sucessfully passed !
	Initialyzed swapped data for i = 328, j = 346 sucessfully passed !
	Initialyzed swapped data for i = 328, j = 347 sucessfully passed !
	Initialyzed swapped data for i = 328, j = 348 sucessfully passed !
	Initialyzed swapped data for i = 328, j = 349 sucessfully passed !
	Initialyzed swapped data for i = 328, j = 350 sucessfully passed !
	Initialyzed swapped data for i = 328, j = 351 sucessfully passed !
	Initialyzed swapped data for i = 328, j = 352 sucessfully passed !
	Initialyzed swapped data for i = 328, j = 353 sucessfully passed !
	Initialyzed swapped data for i = 328, j = 354 sucessfully passed !
	Initialyzed swapped data for i = 328, j = 355 sucessfully passed !
	Initialyzed swapped data for i = 328, j = 356 sucessfully passed !
	Initialyzed swapped data for i = 328, j = 357 sucessfully passed !
	Initialyzed swapped data for i = 328, j = 358 sucessfully passed !
	Initialyzed swapped data for i = 328, j = 359 sucessfully passed !
	Initialyzed swapped data for i = 328, j = 360 sucessfully passed !
	Initialyzed swapped data for i = 328, j = 361 sucessfully passed !
	Initialyzed swapped data for i = 328, j = 362 sucessfully passed !
	Initialyzed swapped data for i = 328, j = 363 sucessfully passed !
	Initialyzed swapped data for i = 328, j = 364 sucessfully passed !
	Initialyzed swapped data for i = 328, j = 365 sucessfully passed !
	Initialyzed swapped data for i = 328, j = 366 sucessfully passed !
	Initialyzed swapped data for i = 328, j = 367 sucessfully passed !
	Initialyzed swapped data for i = 328, j = 368 sucessfully passed !
	Initialyzed swapped data for i = 328, j = 369 sucessfully passed !
	Initialyzed swapped data for i = 328, j = 370 sucessfully passed !
	Initialyzed swapped data for i = 328, j = 371 sucessfully passed !
	Initialyzed swapped data for i = 328, j = 372 sucessfully passed !
	Initialyzed swapped data for i = 328, j = 373 sucessfully passed !
	Initialyzed swapped data for i = 328, j = 374 sucessfully passed !
	Initialyzed swapped data for i = 328, j = 375 sucessfully passed !
	Initialyzed swapped data for i = 328, j = 376 sucessfully passed !
	Initialyzed swapped data for i = 328, j = 377 sucessfully passed !
	Initialyzed swapped data for i = 328, j = 378 sucessfully passed !
	Initialyzed swapped data for i = 328, j = 379 sucessfully passed !
	Initialyzed swapped data for i = 328, j = 380 sucessfully passed !
	Initialyzed swapped data for i = 328, j = 381 sucessfully passed !
	Initialyzed swapped data for i = 328, j = 382 sucessfully passed !
	Initialyzed swapped data for i = 328, j = 383 sucessfully passed !
	Initialyzed swapped data for i = 328, j = 384 sucessfully passed !
	Initialyzed swapped data for i = 328, j = 385 sucessfully passed !
	Initialyzed swapped data for i = 328, j = 386 sucessfully passed !
	Initialyzed swapped data for i = 328, j = 387 sucessfully passed !
	Initialyzed swapped data for i = 328, j = 388 sucessfully passed !
	Initialyzed swapped data for i = 328, j = 389 sucessfully passed !
	Initialyzed swapped data for i = 328, j = 390 sucessfully passed !
	Initialyzed swapped data for i = 328, j = 391 sucessfully passed !
	Initialyzed swapped data for i = 328, j = 392 sucessfully passed !
	Initialyzed swapped data for i = 328, j = 393 sucessfully passed !
	Initialyzed swapped data for i = 328, j = 394 sucessfully passed !
	Initialyzed swapped data for i = 328, j = 395 sucessfully passed !
	Initialyzed swapped data for i = 328, j = 396 sucessfully passed !
	Initialyzed swapped data for i = 328, j = 397 sucessfully passed !
	Initialyzed swapped data for i = 328, j = 398 sucessfully passed !
	Initialyzed swapped data for i = 328, j = 399 sucessfully passed !
	Initialyzed swapped data for i = 328, j = 400 sucessfully passed !
	Initialyzed swapped data for i = 328, j = 401 sucessfully passed !
	Initialyzed swapped data for i = 328, j = 402 sucessfully passed !
	Initialyzed swapped data for i = 328, j = 403 sucessfully passed !
	Initialyzed swapped data for i = 328, j = 404 sucessfully passed !
	Initialyzed swapped data for i = 328, j = 405 sucessfully passed !
	Initialyzed swapped data for i = 328, j = 406 sucessfully passed !
	Initialyzed swapped data for i = 328, j = 407 sucessfully passed !
	Initialyzed swapped data for i = 328, j = 408 sucessfully passed !
	Initialyzed swapped data for i = 328, j = 409 sucessfully passed !
	Initialyzed swapped data for i = 328, j = 410 sucessfully passed !
	Initialyzed swapped data for i = 328, j = 411 sucessfully passed !
	Initialyzed swapped data for i = 328, j = 412 sucessfully passed !
	Initialyzed swapped data for i = 328, j = 413 sucessfully passed !
	Initialyzed swapped data for i = 328, j = 414 sucessfully passed !
	Initialyzed swapped data for i = 328, j = 415 sucessfully passed !
	Initialyzed swapped data for i = 328, j = 416 sucessfully passed !
	Initialyzed swapped data for i = 328, j = 417 sucessfully passed !
	Initialyzed swapped data for i = 328, j = 418 sucessfully passed !
	Initialyzed swapped data for i = 328, j = 419 sucessfully passed !
	Initialyzed swapped data for i = 328, j = 420 sucessfully passed !
	Initialyzed swapped data for i = 328, j = 421 sucessfully passed !
	Initialyzed swapped data for i = 328, j = 422 sucessfully passed !
	Initialyzed swapped data for i = 328, j = 423 sucessfully passed !
	Initialyzed swapped data for i = 328, j = 424 sucessfully passed !
	Initialyzed swapped data for i = 328, j = 425 sucessfully passed !
	Initialyzed swapped data for i = 328, j = 426 sucessfully passed !
	Initialyzed swapped data for i = 328, j = 427 sucessfully passed !
	Initialyzed swapped data for i = 328, j = 428 sucessfully passed !
	Initialyzed swapped data for i = 328, j = 429 sucessfully passed !
	Initialyzed swapped data for i = 328, j = 430 sucessfully passed !
	Initialyzed swapped data for i = 328, j = 431 sucessfully passed !
	Initialyzed swapped data for i = 328, j = 432 sucessfully passed !
	Initialyzed swapped data for i = 328, j = 433 sucessfully passed !
	Initialyzed swapped data for i = 329, j = 330 sucessfully passed !
	Initialyzed swapped data for i = 329, j = 331 sucessfully passed !
	Initialyzed swapped data for i = 329, j = 332 sucessfully passed !
	Initialyzed swapped data for i = 329, j = 333 sucessfully passed !
	Initialyzed swapped data for i = 329, j = 334 sucessfully passed !
	Initialyzed swapped data for i = 329, j = 335 sucessfully passed !
	Initialyzed swapped data for i = 329, j = 336 sucessfully passed !
	Initialyzed swapped data for i = 329, j = 337 sucessfully passed !
	Initialyzed swapped data for i = 329, j = 338 sucessfully passed !
	Initialyzed swapped data for i = 329, j = 339 sucessfully passed !
	Initialyzed swapped data for i = 329, j = 340 sucessfully passed !
	Initialyzed swapped data for i = 329, j = 341 sucessfully passed !
	Initialyzed swapped data for i = 329, j = 342 sucessfully passed !
	Initialyzed swapped data for i = 329, j = 343 sucessfully passed !
	Initialyzed swapped data for i = 329, j = 344 sucessfully passed !
	Initialyzed swapped data for i = 329, j = 345 sucessfully passed !
	Initialyzed swapped data for i = 329, j = 346 sucessfully passed !
	Initialyzed swapped data for i = 329, j = 347 sucessfully passed !
	Initialyzed swapped data for i = 329, j = 348 sucessfully passed !
	Initialyzed swapped data for i = 329, j = 349 sucessfully passed !
	Initialyzed swapped data for i = 329, j = 350 sucessfully passed !
	Initialyzed swapped data for i = 329, j = 351 sucessfully passed !
	Initialyzed swapped data for i = 329, j = 352 sucessfully passed !
	Initialyzed swapped data for i = 329, j = 353 sucessfully passed !
	Initialyzed swapped data for i = 329, j = 354 sucessfully passed !
	Initialyzed swapped data for i = 329, j = 355 sucessfully passed !
	Initialyzed swapped data for i = 329, j = 356 sucessfully passed !
	Initialyzed swapped data for i = 329, j = 357 sucessfully passed !
	Initialyzed swapped data for i = 329, j = 358 sucessfully passed !
	Initialyzed swapped data for i = 329, j = 359 sucessfully passed !
	Initialyzed swapped data for i = 329, j = 360 sucessfully passed !
	Initialyzed swapped data for i = 329, j = 361 sucessfully passed !
	Initialyzed swapped data for i = 329, j = 362 sucessfully passed !
	Initialyzed swapped data for i = 329, j = 363 sucessfully passed !
	Initialyzed swapped data for i = 329, j = 364 sucessfully passed !
	Initialyzed swapped data for i = 329, j = 365 sucessfully passed !
	Initialyzed swapped data for i = 329, j = 366 sucessfully passed !
	Initialyzed swapped data for i = 329, j = 367 sucessfully passed !
	Initialyzed swapped data for i = 329, j = 368 sucessfully passed !
	Initialyzed swapped data for i = 329, j = 369 sucessfully passed !
	Initialyzed swapped data for i = 329, j = 370 sucessfully passed !
	Initialyzed swapped data for i = 329, j = 371 sucessfully passed !
	Initialyzed swapped data for i = 329, j = 372 sucessfully passed !
	Initialyzed swapped data for i = 329, j = 373 sucessfully passed !
	Initialyzed swapped data for i = 329, j = 374 sucessfully passed !
	Initialyzed swapped data for i = 329, j = 375 sucessfully passed !
	Initialyzed swapped data for i = 329, j = 376 sucessfully passed !
	Initialyzed swapped data for i = 329, j = 377 sucessfully passed !
	Initialyzed swapped data for i = 329, j = 378 sucessfully passed !
	Initialyzed swapped data for i = 329, j = 379 sucessfully passed !
	Initialyzed swapped data for i = 329, j = 380 sucessfully passed !
	Initialyzed swapped data for i = 329, j = 381 sucessfully passed !
	Initialyzed swapped data for i = 329, j = 382 sucessfully passed !
	Initialyzed swapped data for i = 329, j = 383 sucessfully passed !
	Initialyzed swapped data for i = 329, j = 384 sucessfully passed !
	Initialyzed swapped data for i = 329, j = 385 sucessfully passed !
	Initialyzed swapped data for i = 329, j = 386 sucessfully passed !
	Initialyzed swapped data for i = 329, j = 387 sucessfully passed !
	Initialyzed swapped data for i = 329, j = 388 sucessfully passed !
	Initialyzed swapped data for i = 329, j = 389 sucessfully passed !
	Initialyzed swapped data for i = 329, j = 390 sucessfully passed !
	Initialyzed swapped data for i = 329, j = 391 sucessfully passed !
	Initialyzed swapped data for i = 329, j = 392 sucessfully passed !
	Initialyzed swapped data for i = 329, j = 393 sucessfully passed !
	Initialyzed swapped data for i = 329, j = 394 sucessfully passed !
	Initialyzed swapped data for i = 329, j = 395 sucessfully passed !
	Initialyzed swapped data for i = 329, j = 396 sucessfully passed !
	Initialyzed swapped data for i = 329, j = 397 sucessfully passed !
	Initialyzed swapped data for i = 329, j = 398 sucessfully passed !
	Initialyzed swapped data for i = 329, j = 399 sucessfully passed !
	Initialyzed swapped data for i = 329, j = 400 sucessfully passed !
	Initialyzed swapped data for i = 329, j = 401 sucessfully passed !
	Initialyzed swapped data for i = 329, j = 402 sucessfully passed !
	Initialyzed swapped data for i = 329, j = 403 sucessfully passed !
	Initialyzed swapped data for i = 329, j = 404 sucessfully passed !
	Initialyzed swapped data for i = 329, j = 405 sucessfully passed !
	Initialyzed swapped data for i = 329, j = 406 sucessfully passed !
	Initialyzed swapped data for i = 329, j = 407 sucessfully passed !
	Initialyzed swapped data for i = 329, j = 408 sucessfully passed !
	Initialyzed swapped data for i = 329, j = 409 sucessfully passed !
	Initialyzed swapped data for i = 329, j = 410 sucessfully passed !
	Initialyzed swapped data for i = 329, j = 411 sucessfully passed !
	Initialyzed swapped data for i = 329, j = 412 sucessfully passed !
	Initialyzed swapped data for i = 329, j = 413 sucessfully passed !
	Initialyzed swapped data for i = 329, j = 414 sucessfully passed !
	Initialyzed swapped data for i = 329, j = 415 sucessfully passed !
	Initialyzed swapped data for i = 329, j = 416 sucessfully passed !
	Initialyzed swapped data for i = 329, j = 417 sucessfully passed !
	Initialyzed swapped data for i = 329, j = 418 sucessfully passed !
	Initialyzed swapped data for i = 329, j = 419 sucessfully passed !
	Initialyzed swapped data for i = 329, j = 420 sucessfully passed !
	Initialyzed swapped data for i = 329, j = 421 sucessfully passed !
	Initialyzed swapped data for i = 329, j = 422 sucessfully passed !
	Initialyzed swapped data for i = 329, j = 423 sucessfully passed !
	Initialyzed swapped data for i = 329, j = 424 sucessfully passed !
	Initialyzed swapped data for i = 329, j = 425 sucessfully passed !
	Initialyzed swapped data for i = 329, j = 426 sucessfully passed !
	Initialyzed swapped data for i = 329, j = 427 sucessfully passed !
	Initialyzed swapped data for i = 329, j = 428 sucessfully passed !
	Initialyzed swapped data for i = 329, j = 429 sucessfully passed !
	Initialyzed swapped data for i = 329, j = 430 sucessfully passed !
	Initialyzed swapped data for i = 329, j = 431 sucessfully passed !
	Initialyzed swapped data for i = 329, j = 432 sucessfully passed !
	Initialyzed swapped data for i = 329, j = 433 sucessfully passed !
	Initialyzed swapped data for i = 330, j = 331 sucessfully passed !
	Initialyzed swapped data for i = 330, j = 332 sucessfully passed !
	Initialyzed swapped data for i = 330, j = 333 sucessfully passed !
	Initialyzed swapped data for i = 330, j = 334 sucessfully passed !
	Initialyzed swapped data for i = 330, j = 335 sucessfully passed !
	Initialyzed swapped data for i = 330, j = 336 sucessfully passed !
	Initialyzed swapped data for i = 330, j = 337 sucessfully passed !
	Initialyzed swapped data for i = 330, j = 338 sucessfully passed !
	Initialyzed swapped data for i = 330, j = 339 sucessfully passed !
	Initialyzed swapped data for i = 330, j = 340 sucessfully passed !
	Initialyzed swapped data for i = 330, j = 341 sucessfully passed !
	Initialyzed swapped data for i = 330, j = 342 sucessfully passed !
	Initialyzed swapped data for i = 330, j = 343 sucessfully passed !
	Initialyzed swapped data for i = 330, j = 344 sucessfully passed !
	Initialyzed swapped data for i = 330, j = 345 sucessfully passed !
	Initialyzed swapped data for i = 330, j = 346 sucessfully passed !
	Initialyzed swapped data for i = 330, j = 347 sucessfully passed !
	Initialyzed swapped data for i = 330, j = 348 sucessfully passed !
	Initialyzed swapped data for i = 330, j = 349 sucessfully passed !
	Initialyzed swapped data for i = 330, j = 350 sucessfully passed !
	Initialyzed swapped data for i = 330, j = 351 sucessfully passed !
	Initialyzed swapped data for i = 330, j = 352 sucessfully passed !
	Initialyzed swapped data for i = 330, j = 353 sucessfully passed !
	Initialyzed swapped data for i = 330, j = 354 sucessfully passed !
	Initialyzed swapped data for i = 330, j = 355 sucessfully passed !
	Initialyzed swapped data for i = 330, j = 356 sucessfully passed !
	Initialyzed swapped data for i = 330, j = 357 sucessfully passed !
	Initialyzed swapped data for i = 330, j = 358 sucessfully passed !
	Initialyzed swapped data for i = 330, j = 359 sucessfully passed !
	Initialyzed swapped data for i = 330, j = 360 sucessfully passed !
	Initialyzed swapped data for i = 330, j = 361 sucessfully passed !
	Initialyzed swapped data for i = 330, j = 362 sucessfully passed !
	Initialyzed swapped data for i = 330, j = 363 sucessfully passed !
	Initialyzed swapped data for i = 330, j = 364 sucessfully passed !
	Initialyzed swapped data for i = 330, j = 365 sucessfully passed !
	Initialyzed swapped data for i = 330, j = 366 sucessfully passed !
	Initialyzed swapped data for i = 330, j = 367 sucessfully passed !
	Initialyzed swapped data for i = 330, j = 368 sucessfully passed !
	Initialyzed swapped data for i = 330, j = 369 sucessfully passed !
	Initialyzed swapped data for i = 330, j = 370 sucessfully passed !
	Initialyzed swapped data for i = 330, j = 371 sucessfully passed !
	Initialyzed swapped data for i = 330, j = 372 sucessfully passed !
	Initialyzed swapped data for i = 330, j = 373 sucessfully passed !
	Initialyzed swapped data for i = 330, j = 374 sucessfully passed !
	Initialyzed swapped data for i = 330, j = 375 sucessfully passed !
	Initialyzed swapped data for i = 330, j = 376 sucessfully passed !
	Initialyzed swapped data for i = 330, j = 377 sucessfully passed !
	Initialyzed swapped data for i = 330, j = 378 sucessfully passed !
	Initialyzed swapped data for i = 330, j = 379 sucessfully passed !
	Initialyzed swapped data for i = 330, j = 380 sucessfully passed !
	Initialyzed swapped data for i = 330, j = 381 sucessfully passed !
	Initialyzed swapped data for i = 330, j = 382 sucessfully passed !
	Initialyzed swapped data for i = 330, j = 383 sucessfully passed !
	Initialyzed swapped data for i = 330, j = 384 sucessfully passed !
	Initialyzed swapped data for i = 330, j = 385 sucessfully passed !
	Initialyzed swapped data for i = 330, j = 386 sucessfully passed !
	Initialyzed swapped data for i = 330, j = 387 sucessfully passed !
	Initialyzed swapped data for i = 330, j = 388 sucessfully passed !
	Initialyzed swapped data for i = 330, j = 389 sucessfully passed !
	Initialyzed swapped data for i = 330, j = 390 sucessfully passed !
	Initialyzed swapped data for i = 330, j = 391 sucessfully passed !
	Initialyzed swapped data for i = 330, j = 392 sucessfully passed !
	Initialyzed swapped data for i = 330, j = 393 sucessfully passed !
	Initialyzed swapped data for i = 330, j = 394 sucessfully passed !
	Initialyzed swapped data for i = 330, j = 395 sucessfully passed !
	Initialyzed swapped data for i = 330, j = 396 sucessfully passed !
	Initialyzed swapped data for i = 330, j = 397 sucessfully passed !
	Initialyzed swapped data for i = 330, j = 398 sucessfully passed !
	Initialyzed swapped data for i = 330, j = 399 sucessfully passed !
	Initialyzed swapped data for i = 330, j = 400 sucessfully passed !
	Initialyzed swapped data for i = 330, j = 401 sucessfully passed !
	Initialyzed swapped data for i = 330, j = 402 sucessfully passed !
	Initialyzed swapped data for i = 330, j = 403 sucessfully passed !
	Initialyzed swapped data for i = 330, j = 404 sucessfully passed !
	Initialyzed swapped data for i = 330, j = 405 sucessfully passed !
	Initialyzed swapped data for i = 330, j = 406 sucessfully passed !
	Initialyzed swapped data for i = 330, j = 407 sucessfully passed !
	Initialyzed swapped data for i = 330, j = 408 sucessfully passed !
	Initialyzed swapped data for i = 330, j = 409 sucessfully passed !
	Initialyzed swapped data for i = 330, j = 410 sucessfully passed !
	Initialyzed swapped data for i = 330, j = 411 sucessfully passed !
	Initialyzed swapped data for i = 330, j = 412 sucessfully passed !
	Initialyzed swapped data for i = 330, j = 413 sucessfully passed !
	Initialyzed swapped data for i = 330, j = 414 sucessfully passed !
	Initialyzed swapped data for i = 330, j = 415 sucessfully passed !
	Initialyzed swapped data for i = 330, j = 416 sucessfully passed !
	Initialyzed swapped data for i = 330, j = 417 sucessfully passed !
	Initialyzed swapped data for i = 330, j = 418 sucessfully passed !
	Initialyzed swapped data for i = 330, j = 419 sucessfully passed !
	Initialyzed swapped data for i = 330, j = 420 sucessfully passed !
	Initialyzed swapped data for i = 330, j = 421 sucessfully passed !
	Initialyzed swapped data for i = 330, j = 422 sucessfully passed !
	Initialyzed swapped data for i = 330, j = 423 sucessfully passed !
	Initialyzed swapped data for i = 330, j = 424 sucessfully passed !
	Initialyzed swapped data for i = 330, j = 425 sucessfully passed !
	Initialyzed swapped data for i = 330, j = 426 sucessfully passed !
	Initialyzed swapped data for i = 330, j = 427 sucessfully passed !
	Initialyzed swapped data for i = 330, j = 428 sucessfully passed !
	Initialyzed swapped data for i = 330, j = 429 sucessfully passed !
	Initialyzed swapped data for i = 330, j = 430 sucessfully passed !
	Initialyzed swapped data for i = 330, j = 431 sucessfully passed !
	Initialyzed swapped data for i = 330, j = 432 sucessfully passed !
	Initialyzed swapped data for i = 330, j = 433 sucessfully passed !
	Initialyzed swapped data for i = 331, j = 332 sucessfully passed !
	Initialyzed swapped data for i = 331, j = 333 sucessfully passed !
	Initialyzed swapped data for i = 331, j = 334 sucessfully passed !
	Initialyzed swapped data for i = 331, j = 335 sucessfully passed !
	Initialyzed swapped data for i = 331, j = 336 sucessfully passed !
	Initialyzed swapped data for i = 331, j = 337 sucessfully passed !
	Initialyzed swapped data for i = 331, j = 338 sucessfully passed !
	Initialyzed swapped data for i = 331, j = 339 sucessfully passed !
	Initialyzed swapped data for i = 331, j = 340 sucessfully passed !
	Initialyzed swapped data for i = 331, j = 341 sucessfully passed !
	Initialyzed swapped data for i = 331, j = 342 sucessfully passed !
	Initialyzed swapped data for i = 331, j = 343 sucessfully passed !
	Initialyzed swapped data for i = 331, j = 344 sucessfully passed !
	Initialyzed swapped data for i = 331, j = 345 sucessfully passed !
	Initialyzed swapped data for i = 331, j = 346 sucessfully passed !
	Initialyzed swapped data for i = 331, j = 347 sucessfully passed !
	Initialyzed swapped data for i = 331, j = 348 sucessfully passed !
	Initialyzed swapped data for i = 331, j = 349 sucessfully passed !
	Initialyzed swapped data for i = 331, j = 350 sucessfully passed !
	Initialyzed swapped data for i = 331, j = 351 sucessfully passed !
	Initialyzed swapped data for i = 331, j = 352 sucessfully passed !
	Initialyzed swapped data for i = 331, j = 353 sucessfully passed !
	Initialyzed swapped data for i = 331, j = 354 sucessfully passed !
	Initialyzed swapped data for i = 331, j = 355 sucessfully passed !
	Initialyzed swapped data for i = 331, j = 356 sucessfully passed !
	Initialyzed swapped data for i = 331, j = 357 sucessfully passed !
	Initialyzed swapped data for i = 331, j = 358 sucessfully passed !
	Initialyzed swapped data for i = 331, j = 359 sucessfully passed !
	Initialyzed swapped data for i = 331, j = 360 sucessfully passed !
	Initialyzed swapped data for i = 331, j = 361 sucessfully passed !
	Initialyzed swapped data for i = 331, j = 362 sucessfully passed !
	Initialyzed swapped data for i = 331, j = 363 sucessfully passed !
	Initialyzed swapped data for i = 331, j = 364 sucessfully passed !
	Initialyzed swapped data for i = 331, j = 365 sucessfully passed !
	Initialyzed swapped data for i = 331, j = 366 sucessfully passed !
	Initialyzed swapped data for i = 331, j = 367 sucessfully passed !
	Initialyzed swapped data for i = 331, j = 368 sucessfully passed !
	Initialyzed swapped data for i = 331, j = 369 sucessfully passed !
	Initialyzed swapped data for i = 331, j = 370 sucessfully passed !
	Initialyzed swapped data for i = 331, j = 371 sucessfully passed !
	Initialyzed swapped data for i = 331, j = 372 sucessfully passed !
	Initialyzed swapped data for i = 331, j = 373 sucessfully passed !
	Initialyzed swapped data for i = 331, j = 374 sucessfully passed !
	Initialyzed swapped data for i = 331, j = 375 sucessfully passed !
	Initialyzed swapped data for i = 331, j = 376 sucessfully passed !
	Initialyzed swapped data for i = 331, j = 377 sucessfully passed !
	Initialyzed swapped data for i = 331, j = 378 sucessfully passed !
	Initialyzed swapped data for i = 331, j = 379 sucessfully passed !
	Initialyzed swapped data for i = 331, j = 380 sucessfully passed !
	Initialyzed swapped data for i = 331, j = 381 sucessfully passed !
	Initialyzed swapped data for i = 331, j = 382 sucessfully passed !
	Initialyzed swapped data for i = 331, j = 383 sucessfully passed !
	Initialyzed swapped data for i = 331, j = 384 sucessfully passed !
	Initialyzed swapped data for i = 331, j = 385 sucessfully passed !
	Initialyzed swapped data for i = 331, j = 386 sucessfully passed !
	Initialyzed swapped data for i = 331, j = 387 sucessfully passed !
	Initialyzed swapped data for i = 331, j = 388 sucessfully passed !
	Initialyzed swapped data for i = 331, j = 389 sucessfully passed !
	Initialyzed swapped data for i = 331, j = 390 sucessfully passed !
	Initialyzed swapped data for i = 331, j = 391 sucessfully passed !
	Initialyzed swapped data for i = 331, j = 392 sucessfully passed !
	Initialyzed swapped data for i = 331, j = 393 sucessfully passed !
	Initialyzed swapped data for i = 331, j = 394 sucessfully passed !
	Initialyzed swapped data for i = 331, j = 395 sucessfully passed !
	Initialyzed swapped data for i = 331, j = 396 sucessfully passed !
	Initialyzed swapped data for i = 331, j = 397 sucessfully passed !
	Initialyzed swapped data for i = 331, j = 398 sucessfully passed !
	Initialyzed swapped data for i = 331, j = 399 sucessfully passed !
	Initialyzed swapped data for i = 331, j = 400 sucessfully passed !
	Initialyzed swapped data for i = 331, j = 401 sucessfully passed !
	Initialyzed swapped data for i = 331, j = 402 sucessfully passed !
	Initialyzed swapped data for i = 331, j = 403 sucessfully passed !
	Initialyzed swapped data for i = 331, j = 404 sucessfully passed !
	Initialyzed swapped data for i = 331, j = 405 sucessfully passed !
	Initialyzed swapped data for i = 331, j = 406 sucessfully passed !
	Initialyzed swapped data for i = 331, j = 407 sucessfully passed !
	Initialyzed swapped data for i = 331, j = 408 sucessfully passed !
	Initialyzed swapped data for i = 331, j = 409 sucessfully passed !
	Initialyzed swapped data for i = 331, j = 410 sucessfully passed !
	Initialyzed swapped data for i = 331, j = 411 sucessfully passed !
	Initialyzed swapped data for i = 331, j = 412 sucessfully passed !
	Initialyzed swapped data for i = 331, j = 413 sucessfully passed !
	Initialyzed swapped data for i = 331, j = 414 sucessfully passed !
	Initialyzed swapped data for i = 331, j = 415 sucessfully passed !
	Initialyzed swapped data for i = 331, j = 416 sucessfully passed !
	Initialyzed swapped data for i = 331, j = 417 sucessfully passed !
	Initialyzed swapped data for i = 331, j = 418 sucessfully passed !
	Initialyzed swapped data for i = 331, j = 419 sucessfully passed !
	Initialyzed swapped data for i = 331, j = 420 sucessfully passed !
	Initialyzed swapped data for i = 331, j = 421 sucessfully passed !
	Initialyzed swapped data for i = 331, j = 422 sucessfully passed !
	Initialyzed swapped data for i = 331, j = 423 sucessfully passed !
	Initialyzed swapped data for i = 331, j = 424 sucessfully passed !
	Initialyzed swapped data for i = 331, j = 425 sucessfully passed !
	Initialyzed swapped data for i = 331, j = 426 sucessfully passed !
	Initialyzed swapped data for i = 331, j = 427 sucessfully passed !
	Initialyzed swapped data for i = 331, j = 428 sucessfully passed !
	Initialyzed swapped data for i = 331, j = 429 sucessfully passed !
	Initialyzed swapped data for i = 331, j = 430 sucessfully passed !
	Initialyzed swapped data for i = 331, j = 431 sucessfully passed !
	Initialyzed swapped data for i = 331, j = 432 sucessfully passed !
	Initialyzed swapped data for i = 331, j = 433 sucessfully passed !
	Initialyzed swapped data for i = 332, j = 333 sucessfully passed !
	Initialyzed swapped data for i = 332, j = 334 sucessfully passed !
	Initialyzed swapped data for i = 332, j = 335 sucessfully passed !
	Initialyzed swapped data for i = 332, j = 336 sucessfully passed !
	Initialyzed swapped data for i = 332, j = 337 sucessfully passed !
	Initialyzed swapped data for i = 332, j = 338 sucessfully passed !
	Initialyzed swapped data for i = 332, j = 339 sucessfully passed !
	Initialyzed swapped data for i = 332, j = 340 sucessfully passed !
	Initialyzed swapped data for i = 332, j = 341 sucessfully passed !
	Initialyzed swapped data for i = 332, j = 342 sucessfully passed !
	Initialyzed swapped data for i = 332, j = 343 sucessfully passed !
	Initialyzed swapped data for i = 332, j = 344 sucessfully passed !
	Initialyzed swapped data for i = 332, j = 345 sucessfully passed !
	Initialyzed swapped data for i = 332, j = 346 sucessfully passed !
	Initialyzed swapped data for i = 332, j = 347 sucessfully passed !
	Initialyzed swapped data for i = 332, j = 348 sucessfully passed !
	Initialyzed swapped data for i = 332, j = 349 sucessfully passed !
	Initialyzed swapped data for i = 332, j = 350 sucessfully passed !
	Initialyzed swapped data for i = 332, j = 351 sucessfully passed !
	Initialyzed swapped data for i = 332, j = 352 sucessfully passed !
	Initialyzed swapped data for i = 332, j = 353 sucessfully passed !
	Initialyzed swapped data for i = 332, j = 354 sucessfully passed !
	Initialyzed swapped data for i = 332, j = 355 sucessfully passed !
	Initialyzed swapped data for i = 332, j = 356 sucessfully passed !
	Initialyzed swapped data for i = 332, j = 357 sucessfully passed !
	Initialyzed swapped data for i = 332, j = 358 sucessfully passed !
	Initialyzed swapped data for i = 332, j = 359 sucessfully passed !
	Initialyzed swapped data for i = 332, j = 360 sucessfully passed !
	Initialyzed swapped data for i = 332, j = 361 sucessfully passed !
	Initialyzed swapped data for i = 332, j = 362 sucessfully passed !
	Initialyzed swapped data for i = 332, j = 363 sucessfully passed !
	Initialyzed swapped data for i = 332, j = 364 sucessfully passed !
	Initialyzed swapped data for i = 332, j = 365 sucessfully passed !
	Initialyzed swapped data for i = 332, j = 366 sucessfully passed !
	Initialyzed swapped data for i = 332, j = 367 sucessfully passed !
	Initialyzed swapped data for i = 332, j = 368 sucessfully passed !
	Initialyzed swapped data for i = 332, j = 369 sucessfully passed !
	Initialyzed swapped data for i = 332, j = 370 sucessfully passed !
	Initialyzed swapped data for i = 332, j = 371 sucessfully passed !
	Initialyzed swapped data for i = 332, j = 372 sucessfully passed !
	Initialyzed swapped data for i = 332, j = 373 sucessfully passed !
	Initialyzed swapped data for i = 332, j = 374 sucessfully passed !
	Initialyzed swapped data for i = 332, j = 375 sucessfully passed !
	Initialyzed swapped data for i = 332, j = 376 sucessfully passed !
	Initialyzed swapped data for i = 332, j = 377 sucessfully passed !
	Initialyzed swapped data for i = 332, j = 378 sucessfully passed !
	Initialyzed swapped data for i = 332, j = 379 sucessfully passed !
	Initialyzed swapped data for i = 332, j = 380 sucessfully passed !
	Initialyzed swapped data for i = 332, j = 381 sucessfully passed !
	Initialyzed swapped data for i = 332, j = 382 sucessfully passed !
	Initialyzed swapped data for i = 332, j = 383 sucessfully passed !
	Initialyzed swapped data for i = 332, j = 384 sucessfully passed !
	Initialyzed swapped data for i = 332, j = 385 sucessfully passed !
	Initialyzed swapped data for i = 332, j = 386 sucessfully passed !
	Initialyzed swapped data for i = 332, j = 387 sucessfully passed !
	Initialyzed swapped data for i = 332, j = 388 sucessfully passed !
	Initialyzed swapped data for i = 332, j = 389 sucessfully passed !
	Initialyzed swapped data for i = 332, j = 390 sucessfully passed !
	Initialyzed swapped data for i = 332, j = 391 sucessfully passed !
	Initialyzed swapped data for i = 332, j = 392 sucessfully passed !
	Initialyzed swapped data for i = 332, j = 393 sucessfully passed !
	Initialyzed swapped data for i = 332, j = 394 sucessfully passed !
	Initialyzed swapped data for i = 332, j = 395 sucessfully passed !
	Initialyzed swapped data for i = 332, j = 396 sucessfully passed !
	Initialyzed swapped data for i = 332, j = 397 sucessfully passed !
	Initialyzed swapped data for i = 332, j = 398 sucessfully passed !
	Initialyzed swapped data for i = 332, j = 399 sucessfully passed !
	Initialyzed swapped data for i = 332, j = 400 sucessfully passed !
	Initialyzed swapped data for i = 332, j = 401 sucessfully passed !
	Initialyzed swapped data for i = 332, j = 402 sucessfully passed !
	Initialyzed swapped data for i = 332, j = 403 sucessfully passed !
	Initialyzed swapped data for i = 332, j = 404 sucessfully passed !
	Initialyzed swapped data for i = 332, j = 405 sucessfully passed !
	Initialyzed swapped data for i = 332, j = 406 sucessfully passed !
	Initialyzed swapped data for i = 332, j = 407 sucessfully passed !
	Initialyzed swapped data for i = 332, j = 408 sucessfully passed !
	Initialyzed swapped data for i = 332, j = 409 sucessfully passed !
	Initialyzed swapped data for i = 332, j = 410 sucessfully passed !
	Initialyzed swapped data for i = 332, j = 411 sucessfully passed !
	Initialyzed swapped data for i = 332, j = 412 sucessfully passed !
	Initialyzed swapped data for i = 332, j = 413 sucessfully passed !
	Initialyzed swapped data for i = 332, j = 414 sucessfully passed !
	Initialyzed swapped data for i = 332, j = 415 sucessfully passed !
	Initialyzed swapped data for i = 332, j = 416 sucessfully passed !
	Initialyzed swapped data for i = 332, j = 417 sucessfully passed !
	Initialyzed swapped data for i = 332, j = 418 sucessfully passed !
	Initialyzed swapped data for i = 332, j = 419 sucessfully passed !
	Initialyzed swapped data for i = 332, j = 420 sucessfully passed !
	Initialyzed swapped data for i = 332, j = 421 sucessfully passed !
	Initialyzed swapped data for i = 332, j = 422 sucessfully passed !
	Initialyzed swapped data for i = 332, j = 423 sucessfully passed !
	Initialyzed swapped data for i = 332, j = 424 sucessfully passed !
	Initialyzed swapped data for i = 332, j = 425 sucessfully passed !
	Initialyzed swapped data for i = 332, j = 426 sucessfully passed !
	Initialyzed swapped data for i = 332, j = 427 sucessfully passed !
	Initialyzed swapped data for i = 332, j = 428 sucessfully passed !
	Initialyzed swapped data for i = 332, j = 429 sucessfully passed !
	Initialyzed swapped data for i = 332, j = 430 sucessfully passed !
	Initialyzed swapped data for i = 332, j = 431 sucessfully passed !
	Initialyzed swapped data for i = 332, j = 432 sucessfully passed !
	Initialyzed swapped data for i = 332, j = 433 sucessfully passed !
	Initialyzed swapped data for i = 333, j = 334 sucessfully passed !
	Initialyzed swapped data for i = 333, j = 335 sucessfully passed !
	Initialyzed swapped data for i = 333, j = 336 sucessfully passed !
	Initialyzed swapped data for i = 333, j = 337 sucessfully passed !
	Initialyzed swapped data for i = 333, j = 338 sucessfully passed !
	Initialyzed swapped data for i = 333, j = 339 sucessfully passed !
	Initialyzed swapped data for i = 333, j = 340 sucessfully passed !
	Initialyzed swapped data for i = 333, j = 341 sucessfully passed !
	Initialyzed swapped data for i = 333, j = 342 sucessfully passed !
	Initialyzed swapped data for i = 333, j = 343 sucessfully passed !
	Initialyzed swapped data for i = 333, j = 344 sucessfully passed !
	Initialyzed swapped data for i = 333, j = 345 sucessfully passed !
	Initialyzed swapped data for i = 333, j = 346 sucessfully passed !
	Initialyzed swapped data for i = 333, j = 347 sucessfully passed !
	Initialyzed swapped data for i = 333, j = 348 sucessfully passed !
	Initialyzed swapped data for i = 333, j = 349 sucessfully passed !
	Initialyzed swapped data for i = 333, j = 350 sucessfully passed !
	Initialyzed swapped data for i = 333, j = 351 sucessfully passed !
	Initialyzed swapped data for i = 333, j = 352 sucessfully passed !
	Initialyzed swapped data for i = 333, j = 353 sucessfully passed !
	Initialyzed swapped data for i = 333, j = 354 sucessfully passed !
	Initialyzed swapped data for i = 333, j = 355 sucessfully passed !
	Initialyzed swapped data for i = 333, j = 356 sucessfully passed !
	Initialyzed swapped data for i = 333, j = 357 sucessfully passed !
	Initialyzed swapped data for i = 333, j = 358 sucessfully passed !
	Initialyzed swapped data for i = 333, j = 359 sucessfully passed !
	Initialyzed swapped data for i = 333, j = 360 sucessfully passed !
	Initialyzed swapped data for i = 333, j = 361 sucessfully passed !
	Initialyzed swapped data for i = 333, j = 362 sucessfully passed !
	Initialyzed swapped data for i = 333, j = 363 sucessfully passed !
	Initialyzed swapped data for i = 333, j = 364 sucessfully passed !
	Initialyzed swapped data for i = 333, j = 365 sucessfully passed !
	Initialyzed swapped data for i = 333, j = 366 sucessfully passed !
	Initialyzed swapped data for i = 333, j = 367 sucessfully passed !
	Initialyzed swapped data for i = 333, j = 368 sucessfully passed !
	Initialyzed swapped data for i = 333, j = 369 sucessfully passed !
	Initialyzed swapped data for i = 333, j = 370 sucessfully passed !
	Initialyzed swapped data for i = 333, j = 371 sucessfully passed !
	Initialyzed swapped data for i = 333, j = 372 sucessfully passed !
	Initialyzed swapped data for i = 333, j = 373 sucessfully passed !
	Initialyzed swapped data for i = 333, j = 374 sucessfully passed !
	Initialyzed swapped data for i = 333, j = 375 sucessfully passed !
	Initialyzed swapped data for i = 333, j = 376 sucessfully passed !
	Initialyzed swapped data for i = 333, j = 377 sucessfully passed !
	Initialyzed swapped data for i = 333, j = 378 sucessfully passed !
	Initialyzed swapped data for i = 333, j = 379 sucessfully passed !
	Initialyzed swapped data for i = 333, j = 380 sucessfully passed !
	Initialyzed swapped data for i = 333, j = 381 sucessfully passed !
	Initialyzed swapped data for i = 333, j = 382 sucessfully passed !
	Initialyzed swapped data for i = 333, j = 383 sucessfully passed !
	Initialyzed swapped data for i = 333, j = 384 sucessfully passed !
	Initialyzed swapped data for i = 333, j = 385 sucessfully passed !
	Initialyzed swapped data for i = 333, j = 386 sucessfully passed !
	Initialyzed swapped data for i = 333, j = 387 sucessfully passed !
	Initialyzed swapped data for i = 333, j = 388 sucessfully passed !
	Initialyzed swapped data for i = 333, j = 389 sucessfully passed !
	Initialyzed swapped data for i = 333, j = 390 sucessfully passed !
	Initialyzed swapped data for i = 333, j = 391 sucessfully passed !
	Initialyzed swapped data for i = 333, j = 392 sucessfully passed !
	Initialyzed swapped data for i = 333, j = 393 sucessfully passed !
	Initialyzed swapped data for i = 333, j = 394 sucessfully passed !
	Initialyzed swapped data for i = 333, j = 395 sucessfully passed !
	Initialyzed swapped data for i = 333, j = 396 sucessfully passed !
	Initialyzed swapped data for i = 333, j = 397 sucessfully passed !
	Initialyzed swapped data for i = 333, j = 398 sucessfully passed !
	Initialyzed swapped data for i = 333, j = 399 sucessfully passed !
	Initialyzed swapped data for i = 333, j = 400 sucessfully passed !
	Initialyzed swapped data for i = 333, j = 401 sucessfully passed !
	Initialyzed swapped data for i = 333, j = 402 sucessfully passed !
	Initialyzed swapped data for i = 333, j = 403 sucessfully passed !
	Initialyzed swapped data for i = 333, j = 404 sucessfully passed !
	Initialyzed swapped data for i = 333, j = 405 sucessfully passed !
	Initialyzed swapped data for i = 333, j = 406 sucessfully passed !
	Initialyzed swapped data for i = 333, j = 407 sucessfully passed !
	Initialyzed swapped data for i = 333, j = 408 sucessfully passed !
	Initialyzed swapped data for i = 333, j = 409 sucessfully passed !
	Initialyzed swapped data for i = 333, j = 410 sucessfully passed !
	Initialyzed swapped data for i = 333, j = 411 sucessfully passed !
	Initialyzed swapped data for i = 333, j = 412 sucessfully passed !
	Initialyzed swapped data for i = 333, j = 413 sucessfully passed !
	Initialyzed swapped data for i = 333, j = 414 sucessfully passed !
	Initialyzed swapped data for i = 333, j = 415 sucessfully passed !
	Initialyzed swapped data for i = 333, j = 416 sucessfully passed !
	Initialyzed swapped data for i = 333, j = 417 sucessfully passed !
	Initialyzed swapped data for i = 333, j = 418 sucessfully passed !
	Initialyzed swapped data for i = 333, j = 419 sucessfully passed !
	Initialyzed swapped data for i = 333, j = 420 sucessfully passed !
	Initialyzed swapped data for i = 333, j = 421 sucessfully passed !
	Initialyzed swapped data for i = 333, j = 422 sucessfully passed !
	Initialyzed swapped data for i = 333, j = 423 sucessfully passed !
	Initialyzed swapped data for i = 333, j = 424 sucessfully passed !
	Initialyzed swapped data for i = 333, j = 425 sucessfully passed !
	Initialyzed swapped data for i = 333, j = 426 sucessfully passed !
	Initialyzed swapped data for i = 333, j = 427 sucessfully passed !
	Initialyzed swapped data for i = 333, j = 428 sucessfully passed !
	Initialyzed swapped data for i = 333, j = 429 sucessfully passed !
	Initialyzed swapped data for i = 333, j = 430 sucessfully passed !
	Initialyzed swapped data for i = 333, j = 431 sucessfully passed !
	Initialyzed swapped data for i = 333, j = 432 sucessfully passed !
	Initialyzed swapped data for i = 333, j = 433 sucessfully passed !
	Initialyzed swapped data for i = 334, j = 335 sucessfully passed !
	Initialyzed swapped data for i = 334, j = 336 sucessfully passed !
	Initialyzed swapped data for i = 334, j = 337 sucessfully passed !
	Initialyzed swapped data for i = 334, j = 338 sucessfully passed !
	Initialyzed swapped data for i = 334, j = 339 sucessfully passed !
	Initialyzed swapped data for i = 334, j = 340 sucessfully passed !
	Initialyzed swapped data for i = 334, j = 341 sucessfully passed !
	Initialyzed swapped data for i = 334, j = 342 sucessfully passed !
	Initialyzed swapped data for i = 334, j = 343 sucessfully passed !
	Initialyzed swapped data for i = 334, j = 344 sucessfully passed !
	Initialyzed swapped data for i = 334, j = 345 sucessfully passed !
	Initialyzed swapped data for i = 334, j = 346 sucessfully passed !
	Initialyzed swapped data for i = 334, j = 347 sucessfully passed !
	Initialyzed swapped data for i = 334, j = 348 sucessfully passed !
	Initialyzed swapped data for i = 334, j = 349 sucessfully passed !
	Initialyzed swapped data for i = 334, j = 350 sucessfully passed !
	Initialyzed swapped data for i = 334, j = 351 sucessfully passed !
	Initialyzed swapped data for i = 334, j = 352 sucessfully passed !
	Initialyzed swapped data for i = 334, j = 353 sucessfully passed !
	Initialyzed swapped data for i = 334, j = 354 sucessfully passed !
	Initialyzed swapped data for i = 334, j = 355 sucessfully passed !
	Initialyzed swapped data for i = 334, j = 356 sucessfully passed !
	Initialyzed swapped data for i = 334, j = 357 sucessfully passed !
	Initialyzed swapped data for i = 334, j = 358 sucessfully passed !
	Initialyzed swapped data for i = 334, j = 359 sucessfully passed !
	Initialyzed swapped data for i = 334, j = 360 sucessfully passed !
	Initialyzed swapped data for i = 334, j = 361 sucessfully passed !
	Initialyzed swapped data for i = 334, j = 362 sucessfully passed !
	Initialyzed swapped data for i = 334, j = 363 sucessfully passed !
	Initialyzed swapped data for i = 334, j = 364 sucessfully passed !
	Initialyzed swapped data for i = 334, j = 365 sucessfully passed !
	Initialyzed swapped data for i = 334, j = 366 sucessfully passed !
	Initialyzed swapped data for i = 334, j = 367 sucessfully passed !
	Initialyzed swapped data for i = 334, j = 368 sucessfully passed !
	Initialyzed swapped data for i = 334, j = 369 sucessfully passed !
	Initialyzed swapped data for i = 334, j = 370 sucessfully passed !
	Initialyzed swapped data for i = 334, j = 371 sucessfully passed !
	Initialyzed swapped data for i = 334, j = 372 sucessfully passed !
	Initialyzed swapped data for i = 334, j = 373 sucessfully passed !
	Initialyzed swapped data for i = 334, j = 374 sucessfully passed !
	Initialyzed swapped data for i = 334, j = 375 sucessfully passed !
	Initialyzed swapped data for i = 334, j = 376 sucessfully passed !
	Initialyzed swapped data for i = 334, j = 377 sucessfully passed !
	Initialyzed swapped data for i = 334, j = 378 sucessfully passed !
	Initialyzed swapped data for i = 334, j = 379 sucessfully passed !
	Initialyzed swapped data for i = 334, j = 380 sucessfully passed !
	Initialyzed swapped data for i = 334, j = 381 sucessfully passed !
	Initialyzed swapped data for i = 334, j = 382 sucessfully passed !
	Initialyzed swapped data for i = 334, j = 383 sucessfully passed !
	Initialyzed swapped data for i = 334, j = 384 sucessfully passed !
	Initialyzed swapped data for i = 334, j = 385 sucessfully passed !
	Initialyzed swapped data for i = 334, j = 386 sucessfully passed !
	Initialyzed swapped data for i = 334, j = 387 sucessfully passed !
	Initialyzed swapped data for i = 334, j = 388 sucessfully passed !
	Initialyzed swapped data for i = 334, j = 389 sucessfully passed !
	Initialyzed swapped data for i = 334, j = 390 sucessfully passed !
	Initialyzed swapped data for i = 334, j = 391 sucessfully passed !
	Initialyzed swapped data for i = 334, j = 392 sucessfully passed !
	Initialyzed swapped data for i = 334, j = 393 sucessfully passed !
	Initialyzed swapped data for i = 334, j = 394 sucessfully passed !
	Initialyzed swapped data for i = 334, j = 395 sucessfully passed !
	Initialyzed swapped data for i = 334, j = 396 sucessfully passed !
	Initialyzed swapped data for i = 334, j = 397 sucessfully passed !
	Initialyzed swapped data for i = 334, j = 398 sucessfully passed !
	Initialyzed swapped data for i = 334, j = 399 sucessfully passed !
	Initialyzed swapped data for i = 334, j = 400 sucessfully passed !
	Initialyzed swapped data for i = 334, j = 401 sucessfully passed !
	Initialyzed swapped data for i = 334, j = 402 sucessfully passed !
	Initialyzed swapped data for i = 334, j = 403 sucessfully passed !
	Initialyzed swapped data for i = 334, j = 404 sucessfully passed !
	Initialyzed swapped data for i = 334, j = 405 sucessfully passed !
	Initialyzed swapped data for i = 334, j = 406 sucessfully passed !
	Initialyzed swapped data for i = 334, j = 407 sucessfully passed !
	Initialyzed swapped data for i = 334, j = 408 sucessfully passed !
	Initialyzed swapped data for i = 334, j = 409 sucessfully passed !
	Initialyzed swapped data for i = 334, j = 410 sucessfully passed !
	Initialyzed swapped data for i = 334, j = 411 sucessfully passed !
	Initialyzed swapped data for i = 334, j = 412 sucessfully passed !
	Initialyzed swapped data for i = 334, j = 413 sucessfully passed !
	Initialyzed swapped data for i = 334, j = 414 sucessfully passed !
	Initialyzed swapped data for i = 334, j = 415 sucessfully passed !
	Initialyzed swapped data for i = 334, j = 416 sucessfully passed !
	Initialyzed swapped data for i = 334, j = 417 sucessfully passed !
	Initialyzed swapped data for i = 334, j = 418 sucessfully passed !
	Initialyzed swapped data for i = 334, j = 419 sucessfully passed !
	Initialyzed swapped data for i = 334, j = 420 sucessfully passed !
	Initialyzed swapped data for i = 334, j = 421 sucessfully passed !
	Initialyzed swapped data for i = 334, j = 422 sucessfully passed !
	Initialyzed swapped data for i = 334, j = 423 sucessfully passed !
	Initialyzed swapped data for i = 334, j = 424 sucessfully passed !
	Initialyzed swapped data for i = 334, j = 425 sucessfully passed !
	Initialyzed swapped data for i = 334, j = 426 sucessfully passed !
	Initialyzed swapped data for i = 334, j = 427 sucessfully passed !
	Initialyzed swapped data for i = 334, j = 428 sucessfully passed !
	Initialyzed swapped data for i = 334, j = 429 sucessfully passed !
	Initialyzed swapped data for i = 334, j = 430 sucessfully passed !
	Initialyzed swapped data for i = 334, j = 431 sucessfully passed !
	Initialyzed swapped data for i = 334, j = 432 sucessfully passed !
	Initialyzed swapped data for i = 334, j = 433 sucessfully passed !
	Initialyzed swapped data for i = 335, j = 336 sucessfully passed !
	Initialyzed swapped data for i = 335, j = 337 sucessfully passed !
	Initialyzed swapped data for i = 335, j = 338 sucessfully passed !
	Initialyzed swapped data for i = 335, j = 339 sucessfully passed !
	Initialyzed swapped data for i = 335, j = 340 sucessfully passed !
	Initialyzed swapped data for i = 335, j = 341 sucessfully passed !
	Initialyzed swapped data for i = 335, j = 342 sucessfully passed !
	Initialyzed swapped data for i = 335, j = 343 sucessfully passed !
	Initialyzed swapped data for i = 335, j = 344 sucessfully passed !
	Initialyzed swapped data for i = 335, j = 345 sucessfully passed !
	Initialyzed swapped data for i = 335, j = 346 sucessfully passed !
	Initialyzed swapped data for i = 335, j = 347 sucessfully passed !
	Initialyzed swapped data for i = 335, j = 348 sucessfully passed !
	Initialyzed swapped data for i = 335, j = 349 sucessfully passed !
	Initialyzed swapped data for i = 335, j = 350 sucessfully passed !
	Initialyzed swapped data for i = 335, j = 351 sucessfully passed !
	Initialyzed swapped data for i = 335, j = 352 sucessfully passed !
	Initialyzed swapped data for i = 335, j = 353 sucessfully passed !
	Initialyzed swapped data for i = 335, j = 354 sucessfully passed !
	Initialyzed swapped data for i = 335, j = 355 sucessfully passed !
	Initialyzed swapped data for i = 335, j = 356 sucessfully passed !
	Initialyzed swapped data for i = 335, j = 357 sucessfully passed !
	Initialyzed swapped data for i = 335, j = 358 sucessfully passed !
	Initialyzed swapped data for i = 335, j = 359 sucessfully passed !
	Initialyzed swapped data for i = 335, j = 360 sucessfully passed !
	Initialyzed swapped data for i = 335, j = 361 sucessfully passed !
	Initialyzed swapped data for i = 335, j = 362 sucessfully passed !
	Initialyzed swapped data for i = 335, j = 363 sucessfully passed !
	Initialyzed swapped data for i = 335, j = 364 sucessfully passed !
	Initialyzed swapped data for i = 335, j = 365 sucessfully passed !
	Initialyzed swapped data for i = 335, j = 366 sucessfully passed !
	Initialyzed swapped data for i = 335, j = 367 sucessfully passed !
	Initialyzed swapped data for i = 335, j = 368 sucessfully passed !
	Initialyzed swapped data for i = 335, j = 369 sucessfully passed !
	Initialyzed swapped data for i = 335, j = 370 sucessfully passed !
	Initialyzed swapped data for i = 335, j = 371 sucessfully passed !
	Initialyzed swapped data for i = 335, j = 372 sucessfully passed !
	Initialyzed swapped data for i = 335, j = 373 sucessfully passed !
	Initialyzed swapped data for i = 335, j = 374 sucessfully passed !
	Initialyzed swapped data for i = 335, j = 375 sucessfully passed !
	Initialyzed swapped data for i = 335, j = 376 sucessfully passed !
	Initialyzed swapped data for i = 335, j = 377 sucessfully passed !
	Initialyzed swapped data for i = 335, j = 378 sucessfully passed !
	Initialyzed swapped data for i = 335, j = 379 sucessfully passed !
	Initialyzed swapped data for i = 335, j = 380 sucessfully passed !
	Initialyzed swapped data for i = 335, j = 381 sucessfully passed !
	Initialyzed swapped data for i = 335, j = 382 sucessfully passed !
	Initialyzed swapped data for i = 335, j = 383 sucessfully passed !
	Initialyzed swapped data for i = 335, j = 384 sucessfully passed !
	Initialyzed swapped data for i = 335, j = 385 sucessfully passed !
	Initialyzed swapped data for i = 335, j = 386 sucessfully passed !
	Initialyzed swapped data for i = 335, j = 387 sucessfully passed !
	Initialyzed swapped data for i = 335, j = 388 sucessfully passed !
	Initialyzed swapped data for i = 335, j = 389 sucessfully passed !
	Initialyzed swapped data for i = 335, j = 390 sucessfully passed !
	Initialyzed swapped data for i = 335, j = 391 sucessfully passed !
	Initialyzed swapped data for i = 335, j = 392 sucessfully passed !
	Initialyzed swapped data for i = 335, j = 393 sucessfully passed !
	Initialyzed swapped data for i = 335, j = 394 sucessfully passed !
	Initialyzed swapped data for i = 335, j = 395 sucessfully passed !
	Initialyzed swapped data for i = 335, j = 396 sucessfully passed !
	Initialyzed swapped data for i = 335, j = 397 sucessfully passed !
	Initialyzed swapped data for i = 335, j = 398 sucessfully passed !
	Initialyzed swapped data for i = 335, j = 399 sucessfully passed !
	Initialyzed swapped data for i = 335, j = 400 sucessfully passed !
	Initialyzed swapped data for i = 335, j = 401 sucessfully passed !
	Initialyzed swapped data for i = 335, j = 402 sucessfully passed !
	Initialyzed swapped data for i = 335, j = 403 sucessfully passed !
	Initialyzed swapped data for i = 335, j = 404 sucessfully passed !
	Initialyzed swapped data for i = 335, j = 405 sucessfully passed !
	Initialyzed swapped data for i = 335, j = 406 sucessfully passed !
	Initialyzed swapped data for i = 335, j = 407 sucessfully passed !
	Initialyzed swapped data for i = 335, j = 408 sucessfully passed !
	Initialyzed swapped data for i = 335, j = 409 sucessfully passed !
	Initialyzed swapped data for i = 335, j = 410 sucessfully passed !
	Initialyzed swapped data for i = 335, j = 411 sucessfully passed !
	Initialyzed swapped data for i = 335, j = 412 sucessfully passed !
	Initialyzed swapped data for i = 335, j = 413 sucessfully passed !
	Initialyzed swapped data for i = 335, j = 414 sucessfully passed !
	Initialyzed swapped data for i = 335, j = 415 sucessfully passed !
	Initialyzed swapped data for i = 335, j = 416 sucessfully passed !
	Initialyzed swapped data for i = 335, j = 417 sucessfully passed !
	Initialyzed swapped data for i = 335, j = 418 sucessfully passed !
	Initialyzed swapped data for i = 335, j = 419 sucessfully passed !
	Initialyzed swapped data for i = 335, j = 420 sucessfully passed !
	Initialyzed swapped data for i = 335, j = 421 sucessfully passed !
	Initialyzed swapped data for i = 335, j = 422 sucessfully passed !
	Initialyzed swapped data for i = 335, j = 423 sucessfully passed !
	Initialyzed swapped data for i = 335, j = 424 sucessfully passed !
	Initialyzed swapped data for i = 335, j = 425 sucessfully passed !
	Initialyzed swapped data for i = 335, j = 426 sucessfully passed !
	Initialyzed swapped data for i = 335, j = 427 sucessfully passed !
	Initialyzed swapped data for i = 335, j = 428 sucessfully passed !
	Initialyzed swapped data for i = 335, j = 429 sucessfully passed !
	Initialyzed swapped data for i = 335, j = 430 sucessfully passed !
	Initialyzed swapped data for i = 335, j = 431 sucessfully passed !
	Initialyzed swapped data for i = 335, j = 432 sucessfully passed !
	Initialyzed swapped data for i = 335, j = 433 sucessfully passed !
	Initialyzed swapped data for i = 336, j = 337 sucessfully passed !
	Initialyzed swapped data for i = 336, j = 338 sucessfully passed !
	Initialyzed swapped data for i = 336, j = 339 sucessfully passed !
	Initialyzed swapped data for i = 336, j = 340 sucessfully passed !
	Initialyzed swapped data for i = 336, j = 341 sucessfully passed !
	Initialyzed swapped data for i = 336, j = 342 sucessfully passed !
	Initialyzed swapped data for i = 336, j = 343 sucessfully passed !
	Initialyzed swapped data for i = 336, j = 344 sucessfully passed !
	Initialyzed swapped data for i = 336, j = 345 sucessfully passed !
	Initialyzed swapped data for i = 336, j = 346 sucessfully passed !
	Initialyzed swapped data for i = 336, j = 347 sucessfully passed !
	Initialyzed swapped data for i = 336, j = 348 sucessfully passed !
	Initialyzed swapped data for i = 336, j = 349 sucessfully passed !
	Initialyzed swapped data for i = 336, j = 350 sucessfully passed !
	Initialyzed swapped data for i = 336, j = 351 sucessfully passed !
	Initialyzed swapped data for i = 336, j = 352 sucessfully passed !
	Initialyzed swapped data for i = 336, j = 353 sucessfully passed !
	Initialyzed swapped data for i = 336, j = 354 sucessfully passed !
	Initialyzed swapped data for i = 336, j = 355 sucessfully passed !
	Initialyzed swapped data for i = 336, j = 356 sucessfully passed !
	Initialyzed swapped data for i = 336, j = 357 sucessfully passed !
	Initialyzed swapped data for i = 336, j = 358 sucessfully passed !
	Initialyzed swapped data for i = 336, j = 359 sucessfully passed !
	Initialyzed swapped data for i = 336, j = 360 sucessfully passed !
	Initialyzed swapped data for i = 336, j = 361 sucessfully passed !
	Initialyzed swapped data for i = 336, j = 362 sucessfully passed !
	Initialyzed swapped data for i = 336, j = 363 sucessfully passed !
	Initialyzed swapped data for i = 336, j = 364 sucessfully passed !
	Initialyzed swapped data for i = 336, j = 365 sucessfully passed !
	Initialyzed swapped data for i = 336, j = 366 sucessfully passed !
	Initialyzed swapped data for i = 336, j = 367 sucessfully passed !
	Initialyzed swapped data for i = 336, j = 368 sucessfully passed !
	Initialyzed swapped data for i = 336, j = 369 sucessfully passed !
	Initialyzed swapped data for i = 336, j = 370 sucessfully passed !
	Initialyzed swapped data for i = 336, j = 371 sucessfully passed !
	Initialyzed swapped data for i = 336, j = 372 sucessfully passed !
	Initialyzed swapped data for i = 336, j = 373 sucessfully passed !
	Initialyzed swapped data for i = 336, j = 374 sucessfully passed !
	Initialyzed swapped data for i = 336, j = 375 sucessfully passed !
	Initialyzed swapped data for i = 336, j = 376 sucessfully passed !
	Initialyzed swapped data for i = 336, j = 377 sucessfully passed !
	Initialyzed swapped data for i = 336, j = 378 sucessfully passed !
	Initialyzed swapped data for i = 336, j = 379 sucessfully passed !
	Initialyzed swapped data for i = 336, j = 380 sucessfully passed !
	Initialyzed swapped data for i = 336, j = 381 sucessfully passed !
	Initialyzed swapped data for i = 336, j = 382 sucessfully passed !
	Initialyzed swapped data for i = 336, j = 383 sucessfully passed !
	Initialyzed swapped data for i = 336, j = 384 sucessfully passed !
	Initialyzed swapped data for i = 336, j = 385 sucessfully passed !
	Initialyzed swapped data for i = 336, j = 386 sucessfully passed !
	Initialyzed swapped data for i = 336, j = 387 sucessfully passed !
	Initialyzed swapped data for i = 336, j = 388 sucessfully passed !
	Initialyzed swapped data for i = 336, j = 389 sucessfully passed !
	Initialyzed swapped data for i = 336, j = 390 sucessfully passed !
	Initialyzed swapped data for i = 336, j = 391 sucessfully passed !
	Initialyzed swapped data for i = 336, j = 392 sucessfully passed !
	Initialyzed swapped data for i = 336, j = 393 sucessfully passed !
	Initialyzed swapped data for i = 336, j = 394 sucessfully passed !
	Initialyzed swapped data for i = 336, j = 395 sucessfully passed !
	Initialyzed swapped data for i = 336, j = 396 sucessfully passed !
	Initialyzed swapped data for i = 336, j = 397 sucessfully passed !
	Initialyzed swapped data for i = 336, j = 398 sucessfully passed !
	Initialyzed swapped data for i = 336, j = 399 sucessfully passed !
	Initialyzed swapped data for i = 336, j = 400 sucessfully passed !
	Initialyzed swapped data for i = 336, j = 401 sucessfully passed !
	Initialyzed swapped data for i = 336, j = 402 sucessfully passed !
	Initialyzed swapped data for i = 336, j = 403 sucessfully passed !
	Initialyzed swapped data for i = 336, j = 404 sucessfully passed !
	Initialyzed swapped data for i = 336, j = 405 sucessfully passed !
	Initialyzed swapped data for i = 336, j = 406 sucessfully passed !
	Initialyzed swapped data for i = 336, j = 407 sucessfully passed !
	Initialyzed swapped data for i = 336, j = 408 sucessfully passed !
	Initialyzed swapped data for i = 336, j = 409 sucessfully passed !
	Initialyzed swapped data for i = 336, j = 410 sucessfully passed !
	Initialyzed swapped data for i = 336, j = 411 sucessfully passed !
	Initialyzed swapped data for i = 336, j = 412 sucessfully passed !
	Initialyzed swapped data for i = 336, j = 413 sucessfully passed !
	Initialyzed swapped data for i = 336, j = 414 sucessfully passed !
	Initialyzed swapped data for i = 336, j = 415 sucessfully passed !
	Initialyzed swapped data for i = 336, j = 416 sucessfully passed !
	Initialyzed swapped data for i = 336, j = 417 sucessfully passed !
	Initialyzed swapped data for i = 336, j = 418 sucessfully passed !
	Initialyzed swapped data for i = 336, j = 419 sucessfully passed !
	Initialyzed swapped data for i = 336, j = 420 sucessfully passed !
	Initialyzed swapped data for i = 336, j = 421 sucessfully passed !
	Initialyzed swapped data for i = 336, j = 422 sucessfully passed !
	Initialyzed swapped data for i = 336, j = 423 sucessfully passed !
	Initialyzed swapped data for i = 336, j = 424 sucessfully passed !
	Initialyzed swapped data for i = 336, j = 425 sucessfully passed !
	Initialyzed swapped data for i = 336, j = 426 sucessfully passed !
	Initialyzed swapped data for i = 336, j = 427 sucessfully passed !
	Initialyzed swapped data for i = 336, j = 428 sucessfully passed !
	Initialyzed swapped data for i = 336, j = 429 sucessfully passed !
	Initialyzed swapped data for i = 336, j = 430 sucessfully passed !
	Initialyzed swapped data for i = 336, j = 431 sucessfully passed !
	Initialyzed swapped data for i = 336, j = 432 sucessfully passed !
	Initialyzed swapped data for i = 336, j = 433 sucessfully passed !
	Initialyzed swapped data for i = 337, j = 338 sucessfully passed !
	Initialyzed swapped data for i = 337, j = 339 sucessfully passed !
	Initialyzed swapped data for i = 337, j = 340 sucessfully passed !
	Initialyzed swapped data for i = 337, j = 341 sucessfully passed !
	Initialyzed swapped data for i = 337, j = 342 sucessfully passed !
	Initialyzed swapped data for i = 337, j = 343 sucessfully passed !
	Initialyzed swapped data for i = 337, j = 344 sucessfully passed !
	Initialyzed swapped data for i = 337, j = 345 sucessfully passed !
	Initialyzed swapped data for i = 337, j = 346 sucessfully passed !
	Initialyzed swapped data for i = 337, j = 347 sucessfully passed !
	Initialyzed swapped data for i = 337, j = 348 sucessfully passed !
	Initialyzed swapped data for i = 337, j = 349 sucessfully passed !
	Initialyzed swapped data for i = 337, j = 350 sucessfully passed !
	Initialyzed swapped data for i = 337, j = 351 sucessfully passed !
	Initialyzed swapped data for i = 337, j = 352 sucessfully passed !
	Initialyzed swapped data for i = 337, j = 353 sucessfully passed !
	Initialyzed swapped data for i = 337, j = 354 sucessfully passed !
	Initialyzed swapped data for i = 337, j = 355 sucessfully passed !
	Initialyzed swapped data for i = 337, j = 356 sucessfully passed !
	Initialyzed swapped data for i = 337, j = 357 sucessfully passed !
	Initialyzed swapped data for i = 337, j = 358 sucessfully passed !
	Initialyzed swapped data for i = 337, j = 359 sucessfully passed !
	Initialyzed swapped data for i = 337, j = 360 sucessfully passed !
	Initialyzed swapped data for i = 337, j = 361 sucessfully passed !
	Initialyzed swapped data for i = 337, j = 362 sucessfully passed !
	Initialyzed swapped data for i = 337, j = 363 sucessfully passed !
	Initialyzed swapped data for i = 337, j = 364 sucessfully passed !
	Initialyzed swapped data for i = 337, j = 365 sucessfully passed !
	Initialyzed swapped data for i = 337, j = 366 sucessfully passed !
	Initialyzed swapped data for i = 337, j = 367 sucessfully passed !
	Initialyzed swapped data for i = 337, j = 368 sucessfully passed !
	Initialyzed swapped data for i = 337, j = 369 sucessfully passed !
	Initialyzed swapped data for i = 337, j = 370 sucessfully passed !
	Initialyzed swapped data for i = 337, j = 371 sucessfully passed !
	Initialyzed swapped data for i = 337, j = 372 sucessfully passed !
	Initialyzed swapped data for i = 337, j = 373 sucessfully passed !
	Initialyzed swapped data for i = 337, j = 374 sucessfully passed !
	Initialyzed swapped data for i = 337, j = 375 sucessfully passed !
	Initialyzed swapped data for i = 337, j = 376 sucessfully passed !
	Initialyzed swapped data for i = 337, j = 377 sucessfully passed !
	Initialyzed swapped data for i = 337, j = 378 sucessfully passed !
	Initialyzed swapped data for i = 337, j = 379 sucessfully passed !
	Initialyzed swapped data for i = 337, j = 380 sucessfully passed !
	Initialyzed swapped data for i = 337, j = 381 sucessfully passed !
	Initialyzed swapped data for i = 337, j = 382 sucessfully passed !
	Initialyzed swapped data for i = 337, j = 383 sucessfully passed !
	Initialyzed swapped data for i = 337, j = 384 sucessfully passed !
	Initialyzed swapped data for i = 337, j = 385 sucessfully passed !
	Initialyzed swapped data for i = 337, j = 386 sucessfully passed !
	Initialyzed swapped data for i = 337, j = 387 sucessfully passed !
	Initialyzed swapped data for i = 337, j = 388 sucessfully passed !
	Initialyzed swapped data for i = 337, j = 389 sucessfully passed !
	Initialyzed swapped data for i = 337, j = 390 sucessfully passed !
	Initialyzed swapped data for i = 337, j = 391 sucessfully passed !
	Initialyzed swapped data for i = 337, j = 392 sucessfully passed !
	Initialyzed swapped data for i = 337, j = 393 sucessfully passed !
	Initialyzed swapped data for i = 337, j = 394 sucessfully passed !
	Initialyzed swapped data for i = 337, j = 395 sucessfully passed !
	Initialyzed swapped data for i = 337, j = 396 sucessfully passed !
	Initialyzed swapped data for i = 337, j = 397 sucessfully passed !
	Initialyzed swapped data for i = 337, j = 398 sucessfully passed !
	Initialyzed swapped data for i = 337, j = 399 sucessfully passed !
	Initialyzed swapped data for i = 337, j = 400 sucessfully passed !
	Initialyzed swapped data for i = 337, j = 401 sucessfully passed !
	Initialyzed swapped data for i = 337, j = 402 sucessfully passed !
	Initialyzed swapped data for i = 337, j = 403 sucessfully passed !
	Initialyzed swapped data for i = 337, j = 404 sucessfully passed !
	Initialyzed swapped data for i = 337, j = 405 sucessfully passed !
	Initialyzed swapped data for i = 337, j = 406 sucessfully passed !
	Initialyzed swapped data for i = 337, j = 407 sucessfully passed !
	Initialyzed swapped data for i = 337, j = 408 sucessfully passed !
	Initialyzed swapped data for i = 337, j = 409 sucessfully passed !
	Initialyzed swapped data for i = 337, j = 410 sucessfully passed !
	Initialyzed swapped data for i = 337, j = 411 sucessfully passed !
	Initialyzed swapped data for i = 337, j = 412 sucessfully passed !
	Initialyzed swapped data for i = 337, j = 413 sucessfully passed !
	Initialyzed swapped data for i = 337, j = 414 sucessfully passed !
	Initialyzed swapped data for i = 337, j = 415 sucessfully passed !
	Initialyzed swapped data for i = 337, j = 416 sucessfully passed !
	Initialyzed swapped data for i = 337, j = 417 sucessfully passed !
	Initialyzed swapped data for i = 337, j = 418 sucessfully passed !
	Initialyzed swapped data for i = 337, j = 419 sucessfully passed !
	Initialyzed swapped data for i = 337, j = 420 sucessfully passed !
	Initialyzed swapped data for i = 337, j = 421 sucessfully passed !
	Initialyzed swapped data for i = 337, j = 422 sucessfully passed !
	Initialyzed swapped data for i = 337, j = 423 sucessfully passed !
	Initialyzed swapped data for i = 337, j = 424 sucessfully passed !
	Initialyzed swapped data for i = 337, j = 425 sucessfully passed !
	Initialyzed swapped data for i = 337, j = 426 sucessfully passed !
	Initialyzed swapped data for i = 337, j = 427 sucessfully passed !
	Initialyzed swapped data for i = 337, j = 428 sucessfully passed !
	Initialyzed swapped data for i = 337, j = 429 sucessfully passed !
	Initialyzed swapped data for i = 337, j = 430 sucessfully passed !
	Initialyzed swapped data for i = 337, j = 431 sucessfully passed !
	Initialyzed swapped data for i = 337, j = 432 sucessfully passed !
	Initialyzed swapped data for i = 337, j = 433 sucessfully passed !
	Initialyzed swapped data for i = 338, j = 339 sucessfully passed !
	Initialyzed swapped data for i = 338, j = 340 sucessfully passed !
	Initialyzed swapped data for i = 338, j = 341 sucessfully passed !
	Initialyzed swapped data for i = 338, j = 342 sucessfully passed !
	Initialyzed swapped data for i = 338, j = 343 sucessfully passed !
	Initialyzed swapped data for i = 338, j = 344 sucessfully passed !
	Initialyzed swapped data for i = 338, j = 345 sucessfully passed !
	Initialyzed swapped data for i = 338, j = 346 sucessfully passed !
	Initialyzed swapped data for i = 338, j = 347 sucessfully passed !
	Initialyzed swapped data for i = 338, j = 348 sucessfully passed !
	Initialyzed swapped data for i = 338, j = 349 sucessfully passed !
	Initialyzed swapped data for i = 338, j = 350 sucessfully passed !
	Initialyzed swapped data for i = 338, j = 351 sucessfully passed !
	Initialyzed swapped data for i = 338, j = 352 sucessfully passed !
	Initialyzed swapped data for i = 338, j = 353 sucessfully passed !
	Initialyzed swapped data for i = 338, j = 354 sucessfully passed !
	Initialyzed swapped data for i = 338, j = 355 sucessfully passed !
	Initialyzed swapped data for i = 338, j = 356 sucessfully passed !
	Initialyzed swapped data for i = 338, j = 357 sucessfully passed !
	Initialyzed swapped data for i = 338, j = 358 sucessfully passed !
	Initialyzed swapped data for i = 338, j = 359 sucessfully passed !
	Initialyzed swapped data for i = 338, j = 360 sucessfully passed !
	Initialyzed swapped data for i = 338, j = 361 sucessfully passed !
	Initialyzed swapped data for i = 338, j = 362 sucessfully passed !
	Initialyzed swapped data for i = 338, j = 363 sucessfully passed !
	Initialyzed swapped data for i = 338, j = 364 sucessfully passed !
	Initialyzed swapped data for i = 338, j = 365 sucessfully passed !
	Initialyzed swapped data for i = 338, j = 366 sucessfully passed !
	Initialyzed swapped data for i = 338, j = 367 sucessfully passed !
	Initialyzed swapped data for i = 338, j = 368 sucessfully passed !
	Initialyzed swapped data for i = 338, j = 369 sucessfully passed !
	Initialyzed swapped data for i = 338, j = 370 sucessfully passed !
	Initialyzed swapped data for i = 338, j = 371 sucessfully passed !
	Initialyzed swapped data for i = 338, j = 372 sucessfully passed !
	Initialyzed swapped data for i = 338, j = 373 sucessfully passed !
	Initialyzed swapped data for i = 338, j = 374 sucessfully passed !
	Initialyzed swapped data for i = 338, j = 375 sucessfully passed !
	Initialyzed swapped data for i = 338, j = 376 sucessfully passed !
	Initialyzed swapped data for i = 338, j = 377 sucessfully passed !
	Initialyzed swapped data for i = 338, j = 378 sucessfully passed !
	Initialyzed swapped data for i = 338, j = 379 sucessfully passed !
	Initialyzed swapped data for i = 338, j = 380 sucessfully passed !
	Initialyzed swapped data for i = 338, j = 381 sucessfully passed !
	Initialyzed swapped data for i = 338, j = 382 sucessfully passed !
	Initialyzed swapped data for i = 338, j = 383 sucessfully passed !
	Initialyzed swapped data for i = 338, j = 384 sucessfully passed !
	Initialyzed swapped data for i = 338, j = 385 sucessfully passed !
	Initialyzed swapped data for i = 338, j = 386 sucessfully passed !
	Initialyzed swapped data for i = 338, j = 387 sucessfully passed !
	Initialyzed swapped data for i = 338, j = 388 sucessfully passed !
	Initialyzed swapped data for i = 338, j = 389 sucessfully passed !
	Initialyzed swapped data for i = 338, j = 390 sucessfully passed !
	Initialyzed swapped data for i = 338, j = 391 sucessfully passed !
	Initialyzed swapped data for i = 338, j = 392 sucessfully passed !
	Initialyzed swapped data for i = 338, j = 393 sucessfully passed !
	Initialyzed swapped data for i = 338, j = 394 sucessfully passed !
	Initialyzed swapped data for i = 338, j = 395 sucessfully passed !
	Initialyzed swapped data for i = 338, j = 396 sucessfully passed !
	Initialyzed swapped data for i = 338, j = 397 sucessfully passed !
	Initialyzed swapped data for i = 338, j = 398 sucessfully passed !
	Initialyzed swapped data for i = 338, j = 399 sucessfully passed !
	Initialyzed swapped data for i = 338, j = 400 sucessfully passed !
	Initialyzed swapped data for i = 338, j = 401 sucessfully passed !
	Initialyzed swapped data for i = 338, j = 402 sucessfully passed !
	Initialyzed swapped data for i = 338, j = 403 sucessfully passed !
	Initialyzed swapped data for i = 338, j = 404 sucessfully passed !
	Initialyzed swapped data for i = 338, j = 405 sucessfully passed !
	Initialyzed swapped data for i = 338, j = 406 sucessfully passed !
	Initialyzed swapped data for i = 338, j = 407 sucessfully passed !
	Initialyzed swapped data for i = 338, j = 408 sucessfully passed !
	Initialyzed swapped data for i = 338, j = 409 sucessfully passed !
	Initialyzed swapped data for i = 338, j = 410 sucessfully passed !
	Initialyzed swapped data for i = 338, j = 411 sucessfully passed !
	Initialyzed swapped data for i = 338, j = 412 sucessfully passed !
	Initialyzed swapped data for i = 338, j = 413 sucessfully passed !
	Initialyzed swapped data for i = 338, j = 414 sucessfully passed !
	Initialyzed swapped data for i = 338, j = 415 sucessfully passed !
	Initialyzed swapped data for i = 338, j = 416 sucessfully passed !
	Initialyzed swapped data for i = 338, j = 417 sucessfully passed !
	Initialyzed swapped data for i = 338, j = 418 sucessfully passed !
	Initialyzed swapped data for i = 338, j = 419 sucessfully passed !
	Initialyzed swapped data for i = 338, j = 420 sucessfully passed !
	Initialyzed swapped data for i = 338, j = 421 sucessfully passed !
	Initialyzed swapped data for i = 338, j = 422 sucessfully passed !
	Initialyzed swapped data for i = 338, j = 423 sucessfully passed !
	Initialyzed swapped data for i = 338, j = 424 sucessfully passed !
	Initialyzed swapped data for i = 338, j = 425 sucessfully passed !
	Initialyzed swapped data for i = 338, j = 426 sucessfully passed !
	Initialyzed swapped data for i = 338, j = 427 sucessfully passed !
	Initialyzed swapped data for i = 338, j = 428 sucessfully passed !
	Initialyzed swapped data for i = 338, j = 429 sucessfully passed !
	Initialyzed swapped data for i = 338, j = 430 sucessfully passed !
	Initialyzed swapped data for i = 338, j = 431 sucessfully passed !
	Initialyzed swapped data for i = 338, j = 432 sucessfully passed !
	Initialyzed swapped data for i = 338, j = 433 sucessfully passed !
	Initialyzed swapped data for i = 339, j = 340 sucessfully passed !
	Initialyzed swapped data for i = 339, j = 341 sucessfully passed !
	Initialyzed swapped data for i = 339, j = 342 sucessfully passed !
	Initialyzed swapped data for i = 339, j = 343 sucessfully passed !
	Initialyzed swapped data for i = 339, j = 344 sucessfully passed !
	Initialyzed swapped data for i = 339, j = 345 sucessfully passed !
	Initialyzed swapped data for i = 339, j = 346 sucessfully passed !
	Initialyzed swapped data for i = 339, j = 347 sucessfully passed !
	Initialyzed swapped data for i = 339, j = 348 sucessfully passed !
	Initialyzed swapped data for i = 339, j = 349 sucessfully passed !
	Initialyzed swapped data for i = 339, j = 350 sucessfully passed !
	Initialyzed swapped data for i = 339, j = 351 sucessfully passed !
	Initialyzed swapped data for i = 339, j = 352 sucessfully passed !
	Initialyzed swapped data for i = 339, j = 353 sucessfully passed !
	Initialyzed swapped data for i = 339, j = 354 sucessfully passed !
	Initialyzed swapped data for i = 339, j = 355 sucessfully passed !
	Initialyzed swapped data for i = 339, j = 356 sucessfully passed !
	Initialyzed swapped data for i = 339, j = 357 sucessfully passed !
	Initialyzed swapped data for i = 339, j = 358 sucessfully passed !
	Initialyzed swapped data for i = 339, j = 359 sucessfully passed !
	Initialyzed swapped data for i = 339, j = 360 sucessfully passed !
	Initialyzed swapped data for i = 339, j = 361 sucessfully passed !
	Initialyzed swapped data for i = 339, j = 362 sucessfully passed !
	Initialyzed swapped data for i = 339, j = 363 sucessfully passed !
	Initialyzed swapped data for i = 339, j = 364 sucessfully passed !
	Initialyzed swapped data for i = 339, j = 365 sucessfully passed !
	Initialyzed swapped data for i = 339, j = 366 sucessfully passed !
	Initialyzed swapped data for i = 339, j = 367 sucessfully passed !
	Initialyzed swapped data for i = 339, j = 368 sucessfully passed !
	Initialyzed swapped data for i = 339, j = 369 sucessfully passed !
	Initialyzed swapped data for i = 339, j = 370 sucessfully passed !
	Initialyzed swapped data for i = 339, j = 371 sucessfully passed !
	Initialyzed swapped data for i = 339, j = 372 sucessfully passed !
	Initialyzed swapped data for i = 339, j = 373 sucessfully passed !
	Initialyzed swapped data for i = 339, j = 374 sucessfully passed !
	Initialyzed swapped data for i = 339, j = 375 sucessfully passed !
	Initialyzed swapped data for i = 339, j = 376 sucessfully passed !
	Initialyzed swapped data for i = 339, j = 377 sucessfully passed !
	Initialyzed swapped data for i = 339, j = 378 sucessfully passed !
	Initialyzed swapped data for i = 339, j = 379 sucessfully passed !
	Initialyzed swapped data for i = 339, j = 380 sucessfully passed !
	Initialyzed swapped data for i = 339, j = 381 sucessfully passed !
	Initialyzed swapped data for i = 339, j = 382 sucessfully passed !
	Initialyzed swapped data for i = 339, j = 383 sucessfully passed !
	Initialyzed swapped data for i = 339, j = 384 sucessfully passed !
	Initialyzed swapped data for i = 339, j = 385 sucessfully passed !
	Initialyzed swapped data for i = 339, j = 386 sucessfully passed !
	Initialyzed swapped data for i = 339, j = 387 sucessfully passed !
	Initialyzed swapped data for i = 339, j = 388 sucessfully passed !
	Initialyzed swapped data for i = 339, j = 389 sucessfully passed !
	Initialyzed swapped data for i = 339, j = 390 sucessfully passed !
	Initialyzed swapped data for i = 339, j = 391 sucessfully passed !
	Initialyzed swapped data for i = 339, j = 392 sucessfully passed !
	Initialyzed swapped data for i = 339, j = 393 sucessfully passed !
	Initialyzed swapped data for i = 339, j = 394 sucessfully passed !
	Initialyzed swapped data for i = 339, j = 395 sucessfully passed !
	Initialyzed swapped data for i = 339, j = 396 sucessfully passed !
	Initialyzed swapped data for i = 339, j = 397 sucessfully passed !
	Initialyzed swapped data for i = 339, j = 398 sucessfully passed !
	Initialyzed swapped data for i = 339, j = 399 sucessfully passed !
	Initialyzed swapped data for i = 339, j = 400 sucessfully passed !
	Initialyzed swapped data for i = 339, j = 401 sucessfully passed !
	Initialyzed swapped data for i = 339, j = 402 sucessfully passed !
	Initialyzed swapped data for i = 339, j = 403 sucessfully passed !
	Initialyzed swapped data for i = 339, j = 404 sucessfully passed !
	Initialyzed swapped data for i = 339, j = 405 sucessfully passed !
	Initialyzed swapped data for i = 339, j = 406 sucessfully passed !
	Initialyzed swapped data for i = 339, j = 407 sucessfully passed !
	Initialyzed swapped data for i = 339, j = 408 sucessfully passed !
	Initialyzed swapped data for i = 339, j = 409 sucessfully passed !
	Initialyzed swapped data for i = 339, j = 410 sucessfully passed !
	Initialyzed swapped data for i = 339, j = 411 sucessfully passed !
	Initialyzed swapped data for i = 339, j = 412 sucessfully passed !
	Initialyzed swapped data for i = 339, j = 413 sucessfully passed !
	Initialyzed swapped data for i = 339, j = 414 sucessfully passed !
	Initialyzed swapped data for i = 339, j = 415 sucessfully passed !
	Initialyzed swapped data for i = 339, j = 416 sucessfully passed !
	Initialyzed swapped data for i = 339, j = 417 sucessfully passed !
	Initialyzed swapped data for i = 339, j = 418 sucessfully passed !
	Initialyzed swapped data for i = 339, j = 419 sucessfully passed !
	Initialyzed swapped data for i = 339, j = 420 sucessfully passed !
	Initialyzed swapped data for i = 339, j = 421 sucessfully passed !
	Initialyzed swapped data for i = 339, j = 422 sucessfully passed !
	Initialyzed swapped data for i = 339, j = 423 sucessfully passed !
	Initialyzed swapped data for i = 339, j = 424 sucessfully passed !
	Initialyzed swapped data for i = 339, j = 425 sucessfully passed !
	Initialyzed swapped data for i = 339, j = 426 sucessfully passed !
	Initialyzed swapped data for i = 339, j = 427 sucessfully passed !
	Initialyzed swapped data for i = 339, j = 428 sucessfully passed !
	Initialyzed swapped data for i = 339, j = 429 sucessfully passed !
	Initialyzed swapped data for i = 339, j = 430 sucessfully passed !
	Initialyzed swapped data for i = 339, j = 431 sucessfully passed !
	Initialyzed swapped data for i = 339, j = 432 sucessfully passed !
	Initialyzed swapped data for i = 339, j = 433 sucessfully passed !
	Initialyzed swapped data for i = 340, j = 341 sucessfully passed !
	Initialyzed swapped data for i = 340, j = 342 sucessfully passed !
	Initialyzed swapped data for i = 340, j = 343 sucessfully passed !
	Initialyzed swapped data for i = 340, j = 344 sucessfully passed !
	Initialyzed swapped data for i = 340, j = 345 sucessfully passed !
	Initialyzed swapped data for i = 340, j = 346 sucessfully passed !
	Initialyzed swapped data for i = 340, j = 347 sucessfully passed !
	Initialyzed swapped data for i = 340, j = 348 sucessfully passed !
	Initialyzed swapped data for i = 340, j = 349 sucessfully passed !
	Initialyzed swapped data for i = 340, j = 350 sucessfully passed !
	Initialyzed swapped data for i = 340, j = 351 sucessfully passed !
	Initialyzed swapped data for i = 340, j = 352 sucessfully passed !
	Initialyzed swapped data for i = 340, j = 353 sucessfully passed !
	Initialyzed swapped data for i = 340, j = 354 sucessfully passed !
	Initialyzed swapped data for i = 340, j = 355 sucessfully passed !
	Initialyzed swapped data for i = 340, j = 356 sucessfully passed !
	Initialyzed swapped data for i = 340, j = 357 sucessfully passed !
	Initialyzed swapped data for i = 340, j = 358 sucessfully passed !
	Initialyzed swapped data for i = 340, j = 359 sucessfully passed !
	Initialyzed swapped data for i = 340, j = 360 sucessfully passed !
	Initialyzed swapped data for i = 340, j = 361 sucessfully passed !
	Initialyzed swapped data for i = 340, j = 362 sucessfully passed !
	Initialyzed swapped data for i = 340, j = 363 sucessfully passed !
	Initialyzed swapped data for i = 340, j = 364 sucessfully passed !
	Initialyzed swapped data for i = 340, j = 365 sucessfully passed !
	Initialyzed swapped data for i = 340, j = 366 sucessfully passed !
	Initialyzed swapped data for i = 340, j = 367 sucessfully passed !
	Initialyzed swapped data for i = 340, j = 368 sucessfully passed !
	Initialyzed swapped data for i = 340, j = 369 sucessfully passed !
	Initialyzed swapped data for i = 340, j = 370 sucessfully passed !
	Initialyzed swapped data for i = 340, j = 371 sucessfully passed !
	Initialyzed swapped data for i = 340, j = 372 sucessfully passed !
	Initialyzed swapped data for i = 340, j = 373 sucessfully passed !
	Initialyzed swapped data for i = 340, j = 374 sucessfully passed !
	Initialyzed swapped data for i = 340, j = 375 sucessfully passed !
	Initialyzed swapped data for i = 340, j = 376 sucessfully passed !
	Initialyzed swapped data for i = 340, j = 377 sucessfully passed !
	Initialyzed swapped data for i = 340, j = 378 sucessfully passed !
	Initialyzed swapped data for i = 340, j = 379 sucessfully passed !
	Initialyzed swapped data for i = 340, j = 380 sucessfully passed !
	Initialyzed swapped data for i = 340, j = 381 sucessfully passed !
	Initialyzed swapped data for i = 340, j = 382 sucessfully passed !
	Initialyzed swapped data for i = 340, j = 383 sucessfully passed !
	Initialyzed swapped data for i = 340, j = 384 sucessfully passed !
	Initialyzed swapped data for i = 340, j = 385 sucessfully passed !
	Initialyzed swapped data for i = 340, j = 386 sucessfully passed !
	Initialyzed swapped data for i = 340, j = 387 sucessfully passed !
	Initialyzed swapped data for i = 340, j = 388 sucessfully passed !
	Initialyzed swapped data for i = 340, j = 389 sucessfully passed !
	Initialyzed swapped data for i = 340, j = 390 sucessfully passed !
	Initialyzed swapped data for i = 340, j = 391 sucessfully passed !
	Initialyzed swapped data for i = 340, j = 392 sucessfully passed !
	Initialyzed swapped data for i = 340, j = 393 sucessfully passed !
	Initialyzed swapped data for i = 340, j = 394 sucessfully passed !
	Initialyzed swapped data for i = 340, j = 395 sucessfully passed !
	Initialyzed swapped data for i = 340, j = 396 sucessfully passed !
	Initialyzed swapped data for i = 340, j = 397 sucessfully passed !
	Initialyzed swapped data for i = 340, j = 398 sucessfully passed !
	Initialyzed swapped data for i = 340, j = 399 sucessfully passed !
	Initialyzed swapped data for i = 340, j = 400 sucessfully passed !
	Initialyzed swapped data for i = 340, j = 401 sucessfully passed !
	Initialyzed swapped data for i = 340, j = 402 sucessfully passed !
	Initialyzed swapped data for i = 340, j = 403 sucessfully passed !
	Initialyzed swapped data for i = 340, j = 404 sucessfully passed !
	Initialyzed swapped data for i = 340, j = 405 sucessfully passed !
	Initialyzed swapped data for i = 340, j = 406 sucessfully passed !
	Initialyzed swapped data for i = 340, j = 407 sucessfully passed !
	Initialyzed swapped data for i = 340, j = 408 sucessfully passed !
	Initialyzed swapped data for i = 340, j = 409 sucessfully passed !
	Initialyzed swapped data for i = 340, j = 410 sucessfully passed !
	Initialyzed swapped data for i = 340, j = 411 sucessfully passed !
	Initialyzed swapped data for i = 340, j = 412 sucessfully passed !
	Initialyzed swapped data for i = 340, j = 413 sucessfully passed !
	Initialyzed swapped data for i = 340, j = 414 sucessfully passed !
	Initialyzed swapped data for i = 340, j = 415 sucessfully passed !
	Initialyzed swapped data for i = 340, j = 416 sucessfully passed !
	Initialyzed swapped data for i = 340, j = 417 sucessfully passed !
	Initialyzed swapped data for i = 340, j = 418 sucessfully passed !
	Initialyzed swapped data for i = 340, j = 419 sucessfully passed !
	Initialyzed swapped data for i = 340, j = 420 sucessfully passed !
	Initialyzed swapped data for i = 340, j = 421 sucessfully passed !
	Initialyzed swapped data for i = 340, j = 422 sucessfully passed !
	Initialyzed swapped data for i = 340, j = 423 sucessfully passed !
	Initialyzed swapped data for i = 340, j = 424 sucessfully passed !
	Initialyzed swapped data for i = 340, j = 425 sucessfully passed !
	Initialyzed swapped data for i = 340, j = 426 sucessfully passed !
	Initialyzed swapped data for i = 340, j = 427 sucessfully passed !
	Initialyzed swapped data for i = 340, j = 428 sucessfully passed !
	Initialyzed swapped data for i = 340, j = 429 sucessfully passed !
	Initialyzed swapped data for i = 340, j = 430 sucessfully passed !
	Initialyzed swapped data for i = 340, j = 431 sucessfully passed !
	Initialyzed swapped data for i = 340, j = 432 sucessfully passed !
	Initialyzed swapped data for i = 340, j = 433 sucessfully passed !
	Initialyzed swapped data for i = 341, j = 342 sucessfully passed !
	Initialyzed swapped data for i = 341, j = 343 sucessfully passed !
	Initialyzed swapped data for i = 341, j = 344 sucessfully passed !
	Initialyzed swapped data for i = 341, j = 345 sucessfully passed !
	Initialyzed swapped data for i = 341, j = 346 sucessfully passed !
	Initialyzed swapped data for i = 341, j = 347 sucessfully passed !
	Initialyzed swapped data for i = 341, j = 348 sucessfully passed !
	Initialyzed swapped data for i = 341, j = 349 sucessfully passed !
	Initialyzed swapped data for i = 341, j = 350 sucessfully passed !
	Initialyzed swapped data for i = 341, j = 351 sucessfully passed !
	Initialyzed swapped data for i = 341, j = 352 sucessfully passed !
	Initialyzed swapped data for i = 341, j = 353 sucessfully passed !
	Initialyzed swapped data for i = 341, j = 354 sucessfully passed !
	Initialyzed swapped data for i = 341, j = 355 sucessfully passed !
	Initialyzed swapped data for i = 341, j = 356 sucessfully passed !
	Initialyzed swapped data for i = 341, j = 357 sucessfully passed !
	Initialyzed swapped data for i = 341, j = 358 sucessfully passed !
	Initialyzed swapped data for i = 341, j = 359 sucessfully passed !
	Initialyzed swapped data for i = 341, j = 360 sucessfully passed !
	Initialyzed swapped data for i = 341, j = 361 sucessfully passed !
	Initialyzed swapped data for i = 341, j = 362 sucessfully passed !
	Initialyzed swapped data for i = 341, j = 363 sucessfully passed !
	Initialyzed swapped data for i = 341, j = 364 sucessfully passed !
	Initialyzed swapped data for i = 341, j = 365 sucessfully passed !
	Initialyzed swapped data for i = 341, j = 366 sucessfully passed !
	Initialyzed swapped data for i = 341, j = 367 sucessfully passed !
	Initialyzed swapped data for i = 341, j = 368 sucessfully passed !
	Initialyzed swapped data for i = 341, j = 369 sucessfully passed !
	Initialyzed swapped data for i = 341, j = 370 sucessfully passed !
	Initialyzed swapped data for i = 341, j = 371 sucessfully passed !
	Initialyzed swapped data for i = 341, j = 372 sucessfully passed !
	Initialyzed swapped data for i = 341, j = 373 sucessfully passed !
	Initialyzed swapped data for i = 341, j = 374 sucessfully passed !
	Initialyzed swapped data for i = 341, j = 375 sucessfully passed !
	Initialyzed swapped data for i = 341, j = 376 sucessfully passed !
	Initialyzed swapped data for i = 341, j = 377 sucessfully passed !
	Initialyzed swapped data for i = 341, j = 378 sucessfully passed !
	Initialyzed swapped data for i = 341, j = 379 sucessfully passed !
	Initialyzed swapped data for i = 341, j = 380 sucessfully passed !
	Initialyzed swapped data for i = 341, j = 381 sucessfully passed !
	Initialyzed swapped data for i = 341, j = 382 sucessfully passed !
	Initialyzed swapped data for i = 341, j = 383 sucessfully passed !
	Initialyzed swapped data for i = 341, j = 384 sucessfully passed !
	Initialyzed swapped data for i = 341, j = 385 sucessfully passed !
	Initialyzed swapped data for i = 341, j = 386 sucessfully passed !
	Initialyzed swapped data for i = 341, j = 387 sucessfully passed !
	Initialyzed swapped data for i = 341, j = 388 sucessfully passed !
	Initialyzed swapped data for i = 341, j = 389 sucessfully passed !
	Initialyzed swapped data for i = 341, j = 390 sucessfully passed !
	Initialyzed swapped data for i = 341, j = 391 sucessfully passed !
	Initialyzed swapped data for i = 341, j = 392 sucessfully passed !
	Initialyzed swapped data for i = 341, j = 393 sucessfully passed !
	Initialyzed swapped data for i = 341, j = 394 sucessfully passed !
	Initialyzed swapped data for i = 341, j = 395 sucessfully passed !
	Initialyzed swapped data for i = 341, j = 396 sucessfully passed !
	Initialyzed swapped data for i = 341, j = 397 sucessfully passed !
	Initialyzed swapped data for i = 341, j = 398 sucessfully passed !
	Initialyzed swapped data for i = 341, j = 399 sucessfully passed !
	Initialyzed swapped data for i = 341, j = 400 sucessfully passed !
	Initialyzed swapped data for i = 341, j = 401 sucessfully passed !
	Initialyzed swapped data for i = 341, j = 402 sucessfully passed !
	Initialyzed swapped data for i = 341, j = 403 sucessfully passed !
	Initialyzed swapped data for i = 341, j = 404 sucessfully passed !
	Initialyzed swapped data for i = 341, j = 405 sucessfully passed !
	Initialyzed swapped data for i = 341, j = 406 sucessfully passed !
	Initialyzed swapped data for i = 341, j = 407 sucessfully passed !
	Initialyzed swapped data for i = 341, j = 408 sucessfully passed !
	Initialyzed swapped data for i = 341, j = 409 sucessfully passed !
	Initialyzed swapped data for i = 341, j = 410 sucessfully passed !
	Initialyzed swapped data for i = 341, j = 411 sucessfully passed !
	Initialyzed swapped data for i = 341, j = 412 sucessfully passed !
	Initialyzed swapped data for i = 341, j = 413 sucessfully passed !
	Initialyzed swapped data for i = 341, j = 414 sucessfully passed !
	Initialyzed swapped data for i = 341, j = 415 sucessfully passed !
	Initialyzed swapped data for i = 341, j = 416 sucessfully passed !
	Initialyzed swapped data for i = 341, j = 417 sucessfully passed !
	Initialyzed swapped data for i = 341, j = 418 sucessfully passed !
	Initialyzed swapped data for i = 341, j = 419 sucessfully passed !
	Initialyzed swapped data for i = 341, j = 420 sucessfully passed !
	Initialyzed swapped data for i = 341, j = 421 sucessfully passed !
	Initialyzed swapped data for i = 341, j = 422 sucessfully passed !
	Initialyzed swapped data for i = 341, j = 423 sucessfully passed !
	Initialyzed swapped data for i = 341, j = 424 sucessfully passed !
	Initialyzed swapped data for i = 341, j = 425 sucessfully passed !
	Initialyzed swapped data for i = 341, j = 426 sucessfully passed !
	Initialyzed swapped data for i = 341, j = 427 sucessfully passed !
	Initialyzed swapped data for i = 341, j = 428 sucessfully passed !
	Initialyzed swapped data for i = 341, j = 429 sucessfully passed !
	Initialyzed swapped data for i = 341, j = 430 sucessfully passed !
	Initialyzed swapped data for i = 341, j = 431 sucessfully passed !
	Initialyzed swapped data for i = 341, j = 432 sucessfully passed !
	Initialyzed swapped data for i = 341, j = 433 sucessfully passed !
	Initialyzed swapped data for i = 342, j = 343 sucessfully passed !
	Initialyzed swapped data for i = 342, j = 344 sucessfully passed !
	Initialyzed swapped data for i = 342, j = 345 sucessfully passed !
	Initialyzed swapped data for i = 342, j = 346 sucessfully passed !
	Initialyzed swapped data for i = 342, j = 347 sucessfully passed !
	Initialyzed swapped data for i = 342, j = 348 sucessfully passed !
	Initialyzed swapped data for i = 342, j = 349 sucessfully passed !
	Initialyzed swapped data for i = 342, j = 350 sucessfully passed !
	Initialyzed swapped data for i = 342, j = 351 sucessfully passed !
	Initialyzed swapped data for i = 342, j = 352 sucessfully passed !
	Initialyzed swapped data for i = 342, j = 353 sucessfully passed !
	Initialyzed swapped data for i = 342, j = 354 sucessfully passed !
	Initialyzed swapped data for i = 342, j = 355 sucessfully passed !
	Initialyzed swapped data for i = 342, j = 356 sucessfully passed !
	Initialyzed swapped data for i = 342, j = 357 sucessfully passed !
	Initialyzed swapped data for i = 342, j = 358 sucessfully passed !
	Initialyzed swapped data for i = 342, j = 359 sucessfully passed !
	Initialyzed swapped data for i = 342, j = 360 sucessfully passed !
	Initialyzed swapped data for i = 342, j = 361 sucessfully passed !
	Initialyzed swapped data for i = 342, j = 362 sucessfully passed !
	Initialyzed swapped data for i = 342, j = 363 sucessfully passed !
	Initialyzed swapped data for i = 342, j = 364 sucessfully passed !
	Initialyzed swapped data for i = 342, j = 365 sucessfully passed !
	Initialyzed swapped data for i = 342, j = 366 sucessfully passed !
	Initialyzed swapped data for i = 342, j = 367 sucessfully passed !
	Initialyzed swapped data for i = 342, j = 368 sucessfully passed !
	Initialyzed swapped data for i = 342, j = 369 sucessfully passed !
	Initialyzed swapped data for i = 342, j = 370 sucessfully passed !
	Initialyzed swapped data for i = 342, j = 371 sucessfully passed !
	Initialyzed swapped data for i = 342, j = 372 sucessfully passed !
	Initialyzed swapped data for i = 342, j = 373 sucessfully passed !
	Initialyzed swapped data for i = 342, j = 374 sucessfully passed !
	Initialyzed swapped data for i = 342, j = 375 sucessfully passed !
	Initialyzed swapped data for i = 342, j = 376 sucessfully passed !
	Initialyzed swapped data for i = 342, j = 377 sucessfully passed !
	Initialyzed swapped data for i = 342, j = 378 sucessfully passed !
	Initialyzed swapped data for i = 342, j = 379 sucessfully passed !
	Initialyzed swapped data for i = 342, j = 380 sucessfully passed !
	Initialyzed swapped data for i = 342, j = 381 sucessfully passed !
	Initialyzed swapped data for i = 342, j = 382 sucessfully passed !
	Initialyzed swapped data for i = 342, j = 383 sucessfully passed !
	Initialyzed swapped data for i = 342, j = 384 sucessfully passed !
	Initialyzed swapped data for i = 342, j = 385 sucessfully passed !
	Initialyzed swapped data for i = 342, j = 386 sucessfully passed !
	Initialyzed swapped data for i = 342, j = 387 sucessfully passed !
	Initialyzed swapped data for i = 342, j = 388 sucessfully passed !
	Initialyzed swapped data for i = 342, j = 389 sucessfully passed !
	Initialyzed swapped data for i = 342, j = 390 sucessfully passed !
	Initialyzed swapped data for i = 342, j = 391 sucessfully passed !
	Initialyzed swapped data for i = 342, j = 392 sucessfully passed !
	Initialyzed swapped data for i = 342, j = 393 sucessfully passed !
	Initialyzed swapped data for i = 342, j = 394 sucessfully passed !
	Initialyzed swapped data for i = 342, j = 395 sucessfully passed !
	Initialyzed swapped data for i = 342, j = 396 sucessfully passed !
	Initialyzed swapped data for i = 342, j = 397 sucessfully passed !
	Initialyzed swapped data for i = 342, j = 398 sucessfully passed !
	Initialyzed swapped data for i = 342, j = 399 sucessfully passed !
	Initialyzed swapped data for i = 342, j = 400 sucessfully passed !
	Initialyzed swapped data for i = 342, j = 401 sucessfully passed !
	Initialyzed swapped data for i = 342, j = 402 sucessfully passed !
	Initialyzed swapped data for i = 342, j = 403 sucessfully passed !
	Initialyzed swapped data for i = 342, j = 404 sucessfully passed !
	Initialyzed swapped data for i = 342, j = 405 sucessfully passed !
	Initialyzed swapped data for i = 342, j = 406 sucessfully passed !
	Initialyzed swapped data for i = 342, j = 407 sucessfully passed !
	Initialyzed swapped data for i = 342, j = 408 sucessfully passed !
	Initialyzed swapped data for i = 342, j = 409 sucessfully passed !
	Initialyzed swapped data for i = 342, j = 410 sucessfully passed !
	Initialyzed swapped data for i = 342, j = 411 sucessfully passed !
	Initialyzed swapped data for i = 342, j = 412 sucessfully passed !
	Initialyzed swapped data for i = 342, j = 413 sucessfully passed !
	Initialyzed swapped data for i = 342, j = 414 sucessfully passed !
	Initialyzed swapped data for i = 342, j = 415 sucessfully passed !
	Initialyzed swapped data for i = 342, j = 416 sucessfully passed !
	Initialyzed swapped data for i = 342, j = 417 sucessfully passed !
	Initialyzed swapped data for i = 342, j = 418 sucessfully passed !
	Initialyzed swapped data for i = 342, j = 419 sucessfully passed !
	Initialyzed swapped data for i = 342, j = 420 sucessfully passed !
	Initialyzed swapped data for i = 342, j = 421 sucessfully passed !
	Initialyzed swapped data for i = 342, j = 422 sucessfully passed !
	Initialyzed swapped data for i = 342, j = 423 sucessfully passed !
	Initialyzed swapped data for i = 342, j = 424 sucessfully passed !
	Initialyzed swapped data for i = 342, j = 425 sucessfully passed !
	Initialyzed swapped data for i = 342, j = 426 sucessfully passed !
	Initialyzed swapped data for i = 342, j = 427 sucessfully passed !
	Initialyzed swapped data for i = 342, j = 428 sucessfully passed !
	Initialyzed swapped data for i = 342, j = 429 sucessfully passed !
	Initialyzed swapped data for i = 342, j = 430 sucessfully passed !
	Initialyzed swapped data for i = 342, j = 431 sucessfully passed !
	Initialyzed swapped data for i = 342, j = 432 sucessfully passed !
	Initialyzed swapped data for i = 342, j = 433 sucessfully passed !
	Initialyzed swapped data for i = 343, j = 344 sucessfully passed !
	Initialyzed swapped data for i = 343, j = 345 sucessfully passed !
	Initialyzed swapped data for i = 343, j = 346 sucessfully passed !
	Initialyzed swapped data for i = 343, j = 347 sucessfully passed !
	Initialyzed swapped data for i = 343, j = 348 sucessfully passed !
	Initialyzed swapped data for i = 343, j = 349 sucessfully passed !
	Initialyzed swapped data for i = 343, j = 350 sucessfully passed !
	Initialyzed swapped data for i = 343, j = 351 sucessfully passed !
	Initialyzed swapped data for i = 343, j = 352 sucessfully passed !
	Initialyzed swapped data for i = 343, j = 353 sucessfully passed !
	Initialyzed swapped data for i = 343, j = 354 sucessfully passed !
	Initialyzed swapped data for i = 343, j = 355 sucessfully passed !
	Initialyzed swapped data for i = 343, j = 356 sucessfully passed !
	Initialyzed swapped data for i = 343, j = 357 sucessfully passed !
	Initialyzed swapped data for i = 343, j = 358 sucessfully passed !
	Initialyzed swapped data for i = 343, j = 359 sucessfully passed !
	Initialyzed swapped data for i = 343, j = 360 sucessfully passed !
	Initialyzed swapped data for i = 343, j = 361 sucessfully passed !
	Initialyzed swapped data for i = 343, j = 362 sucessfully passed !
	Initialyzed swapped data for i = 343, j = 363 sucessfully passed !
	Initialyzed swapped data for i = 343, j = 364 sucessfully passed !
	Initialyzed swapped data for i = 343, j = 365 sucessfully passed !
	Initialyzed swapped data for i = 343, j = 366 sucessfully passed !
	Initialyzed swapped data for i = 343, j = 367 sucessfully passed !
	Initialyzed swapped data for i = 343, j = 368 sucessfully passed !
	Initialyzed swapped data for i = 343, j = 369 sucessfully passed !
	Initialyzed swapped data for i = 343, j = 370 sucessfully passed !
	Initialyzed swapped data for i = 343, j = 371 sucessfully passed !
	Initialyzed swapped data for i = 343, j = 372 sucessfully passed !
	Initialyzed swapped data for i = 343, j = 373 sucessfully passed !
	Initialyzed swapped data for i = 343, j = 374 sucessfully passed !
	Initialyzed swapped data for i = 343, j = 375 sucessfully passed !
	Initialyzed swapped data for i = 343, j = 376 sucessfully passed !
	Initialyzed swapped data for i = 343, j = 377 sucessfully passed !
	Initialyzed swapped data for i = 343, j = 378 sucessfully passed !
	Initialyzed swapped data for i = 343, j = 379 sucessfully passed !
	Initialyzed swapped data for i = 343, j = 380 sucessfully passed !
	Initialyzed swapped data for i = 343, j = 381 sucessfully passed !
	Initialyzed swapped data for i = 343, j = 382 sucessfully passed !
	Initialyzed swapped data for i = 343, j = 383 sucessfully passed !
	Initialyzed swapped data for i = 343, j = 384 sucessfully passed !
	Initialyzed swapped data for i = 343, j = 385 sucessfully passed !
	Initialyzed swapped data for i = 343, j = 386 sucessfully passed !
	Initialyzed swapped data for i = 343, j = 387 sucessfully passed !
	Initialyzed swapped data for i = 343, j = 388 sucessfully passed !
	Initialyzed swapped data for i = 343, j = 389 sucessfully passed !
	Initialyzed swapped data for i = 343, j = 390 sucessfully passed !
	Initialyzed swapped data for i = 343, j = 391 sucessfully passed !
	Initialyzed swapped data for i = 343, j = 392 sucessfully passed !
	Initialyzed swapped data for i = 343, j = 393 sucessfully passed !
	Initialyzed swapped data for i = 343, j = 394 sucessfully passed !
	Initialyzed swapped data for i = 343, j = 395 sucessfully passed !
	Initialyzed swapped data for i = 343, j = 396 sucessfully passed !
	Initialyzed swapped data for i = 343, j = 397 sucessfully passed !
	Initialyzed swapped data for i = 343, j = 398 sucessfully passed !
	Initialyzed swapped data for i = 343, j = 399 sucessfully passed !
	Initialyzed swapped data for i = 343, j = 400 sucessfully passed !
	Initialyzed swapped data for i = 343, j = 401 sucessfully passed !
	Initialyzed swapped data for i = 343, j = 402 sucessfully passed !
	Initialyzed swapped data for i = 343, j = 403 sucessfully passed !
	Initialyzed swapped data for i = 343, j = 404 sucessfully passed !
	Initialyzed swapped data for i = 343, j = 405 sucessfully passed !
	Initialyzed swapped data for i = 343, j = 406 sucessfully passed !
	Initialyzed swapped data for i = 343, j = 407 sucessfully passed !
	Initialyzed swapped data for i = 343, j = 408 sucessfully passed !
	Initialyzed swapped data for i = 343, j = 409 sucessfully passed !
	Initialyzed swapped data for i = 343, j = 410 sucessfully passed !
	Initialyzed swapped data for i = 343, j = 411 sucessfully passed !
	Initialyzed swapped data for i = 343, j = 412 sucessfully passed !
	Initialyzed swapped data for i = 343, j = 413 sucessfully passed !
	Initialyzed swapped data for i = 343, j = 414 sucessfully passed !
	Initialyzed swapped data for i = 343, j = 415 sucessfully passed !
	Initialyzed swapped data for i = 343, j = 416 sucessfully passed !
	Initialyzed swapped data for i = 343, j = 417 sucessfully passed !
	Initialyzed swapped data for i = 343, j = 418 sucessfully passed !
	Initialyzed swapped data for i = 343, j = 419 sucessfully passed !
	Initialyzed swapped data for i = 343, j = 420 sucessfully passed !
	Initialyzed swapped data for i = 343, j = 421 sucessfully passed !
	Initialyzed swapped data for i = 343, j = 422 sucessfully passed !
	Initialyzed swapped data for i = 343, j = 423 sucessfully passed !
	Initialyzed swapped data for i = 343, j = 424 sucessfully passed !
	Initialyzed swapped data for i = 343, j = 425 sucessfully passed !
	Initialyzed swapped data for i = 343, j = 426 sucessfully passed !
	Initialyzed swapped data for i = 343, j = 427 sucessfully passed !
	Initialyzed swapped data for i = 343, j = 428 sucessfully passed !
	Initialyzed swapped data for i = 343, j = 429 sucessfully passed !
	Initialyzed swapped data for i = 343, j = 430 sucessfully passed !
	Initialyzed swapped data for i = 343, j = 431 sucessfully passed !
	Initialyzed swapped data for i = 343, j = 432 sucessfully passed !
	Initialyzed swapped data for i = 343, j = 433 sucessfully passed !
	Initialyzed swapped data for i = 344, j = 345 sucessfully passed !
	Initialyzed swapped data for i = 344, j = 346 sucessfully passed !
	Initialyzed swapped data for i = 344, j = 347 sucessfully passed !
	Initialyzed swapped data for i = 344, j = 348 sucessfully passed !
	Initialyzed swapped data for i = 344, j = 349 sucessfully passed !
	Initialyzed swapped data for i = 344, j = 350 sucessfully passed !
	Initialyzed swapped data for i = 344, j = 351 sucessfully passed !
	Initialyzed swapped data for i = 344, j = 352 sucessfully passed !
	Initialyzed swapped data for i = 344, j = 353 sucessfully passed !
	Initialyzed swapped data for i = 344, j = 354 sucessfully passed !
	Initialyzed swapped data for i = 344, j = 355 sucessfully passed !
	Initialyzed swapped data for i = 344, j = 356 sucessfully passed !
	Initialyzed swapped data for i = 344, j = 357 sucessfully passed !
	Initialyzed swapped data for i = 344, j = 358 sucessfully passed !
	Initialyzed swapped data for i = 344, j = 359 sucessfully passed !
	Initialyzed swapped data for i = 344, j = 360 sucessfully passed !
	Initialyzed swapped data for i = 344, j = 361 sucessfully passed !
	Initialyzed swapped data for i = 344, j = 362 sucessfully passed !
	Initialyzed swapped data for i = 344, j = 363 sucessfully passed !
	Initialyzed swapped data for i = 344, j = 364 sucessfully passed !
	Initialyzed swapped data for i = 344, j = 365 sucessfully passed !
	Initialyzed swapped data for i = 344, j = 366 sucessfully passed !
	Initialyzed swapped data for i = 344, j = 367 sucessfully passed !
	Initialyzed swapped data for i = 344, j = 368 sucessfully passed !
	Initialyzed swapped data for i = 344, j = 369 sucessfully passed !
	Initialyzed swapped data for i = 344, j = 370 sucessfully passed !
	Initialyzed swapped data for i = 344, j = 371 sucessfully passed !
	Initialyzed swapped data for i = 344, j = 372 sucessfully passed !
	Initialyzed swapped data for i = 344, j = 373 sucessfully passed !
	Initialyzed swapped data for i = 344, j = 374 sucessfully passed !
	Initialyzed swapped data for i = 344, j = 375 sucessfully passed !
	Initialyzed swapped data for i = 344, j = 376 sucessfully passed !
	Initialyzed swapped data for i = 344, j = 377 sucessfully passed !
	Initialyzed swapped data for i = 344, j = 378 sucessfully passed !
	Initialyzed swapped data for i = 344, j = 379 sucessfully passed !
	Initialyzed swapped data for i = 344, j = 380 sucessfully passed !
	Initialyzed swapped data for i = 344, j = 381 sucessfully passed !
	Initialyzed swapped data for i = 344, j = 382 sucessfully passed !
	Initialyzed swapped data for i = 344, j = 383 sucessfully passed !
	Initialyzed swapped data for i = 344, j = 384 sucessfully passed !
	Initialyzed swapped data for i = 344, j = 385 sucessfully passed !
	Initialyzed swapped data for i = 344, j = 386 sucessfully passed !
	Initialyzed swapped data for i = 344, j = 387 sucessfully passed !
	Initialyzed swapped data for i = 344, j = 388 sucessfully passed !
	Initialyzed swapped data for i = 344, j = 389 sucessfully passed !
	Initialyzed swapped data for i = 344, j = 390 sucessfully passed !
	Initialyzed swapped data for i = 344, j = 391 sucessfully passed !
	Initialyzed swapped data for i = 344, j = 392 sucessfully passed !
	Initialyzed swapped data for i = 344, j = 393 sucessfully passed !
	Initialyzed swapped data for i = 344, j = 394 sucessfully passed !
	Initialyzed swapped data for i = 344, j = 395 sucessfully passed !
	Initialyzed swapped data for i = 344, j = 396 sucessfully passed !
	Initialyzed swapped data for i = 344, j = 397 sucessfully passed !
	Initialyzed swapped data for i = 344, j = 398 sucessfully passed !
	Initialyzed swapped data for i = 344, j = 399 sucessfully passed !
	Initialyzed swapped data for i = 344, j = 400 sucessfully passed !
	Initialyzed swapped data for i = 344, j = 401 sucessfully passed !
	Initialyzed swapped data for i = 344, j = 402 sucessfully passed !
	Initialyzed swapped data for i = 344, j = 403 sucessfully passed !
	Initialyzed swapped data for i = 344, j = 404 sucessfully passed !
	Initialyzed swapped data for i = 344, j = 405 sucessfully passed !
	Initialyzed swapped data for i = 344, j = 406 sucessfully passed !
	Initialyzed swapped data for i = 344, j = 407 sucessfully passed !
	Initialyzed swapped data for i = 344, j = 408 sucessfully passed !
	Initialyzed swapped data for i = 344, j = 409 sucessfully passed !
	Initialyzed swapped data for i = 344, j = 410 sucessfully passed !
	Initialyzed swapped data for i = 344, j = 411 sucessfully passed !
	Initialyzed swapped data for i = 344, j = 412 sucessfully passed !
	Initialyzed swapped data for i = 344, j = 413 sucessfully passed !
	Initialyzed swapped data for i = 344, j = 414 sucessfully passed !
	Initialyzed swapped data for i = 344, j = 415 sucessfully passed !
	Initialyzed swapped data for i = 344, j = 416 sucessfully passed !
	Initialyzed swapped data for i = 344, j = 417 sucessfully passed !
	Initialyzed swapped data for i = 344, j = 418 sucessfully passed !
	Initialyzed swapped data for i = 344, j = 419 sucessfully passed !
	Initialyzed swapped data for i = 344, j = 420 sucessfully passed !
	Initialyzed swapped data for i = 344, j = 421 sucessfully passed !
	Initialyzed swapped data for i = 344, j = 422 sucessfully passed !
	Initialyzed swapped data for i = 344, j = 423 sucessfully passed !
	Initialyzed swapped data for i = 344, j = 424 sucessfully passed !
	Initialyzed swapped data for i = 344, j = 425 sucessfully passed !
	Initialyzed swapped data for i = 344, j = 426 sucessfully passed !
	Initialyzed swapped data for i = 344, j = 427 sucessfully passed !
	Initialyzed swapped data for i = 344, j = 428 sucessfully passed !
	Initialyzed swapped data for i = 344, j = 429 sucessfully passed !
	Initialyzed swapped data for i = 344, j = 430 sucessfully passed !
	Initialyzed swapped data for i = 344, j = 431 sucessfully passed !
	Initialyzed swapped data for i = 344, j = 432 sucessfully passed !
	Initialyzed swapped data for i = 344, j = 433 sucessfully passed !
	Initialyzed swapped data for i = 345, j = 346 sucessfully passed !
	Initialyzed swapped data for i = 345, j = 347 sucessfully passed !
	Initialyzed swapped data for i = 345, j = 348 sucessfully passed !
	Initialyzed swapped data for i = 345, j = 349 sucessfully passed !
	Initialyzed swapped data for i = 345, j = 350 sucessfully passed !
	Initialyzed swapped data for i = 345, j = 351 sucessfully passed !
	Initialyzed swapped data for i = 345, j = 352 sucessfully passed !
	Initialyzed swapped data for i = 345, j = 353 sucessfully passed !
	Initialyzed swapped data for i = 345, j = 354 sucessfully passed !
	Initialyzed swapped data for i = 345, j = 355 sucessfully passed !
	Initialyzed swapped data for i = 345, j = 356 sucessfully passed !
	Initialyzed swapped data for i = 345, j = 357 sucessfully passed !
	Initialyzed swapped data for i = 345, j = 358 sucessfully passed !
	Initialyzed swapped data for i = 345, j = 359 sucessfully passed !
	Initialyzed swapped data for i = 345, j = 360 sucessfully passed !
	Initialyzed swapped data for i = 345, j = 361 sucessfully passed !
	Initialyzed swapped data for i = 345, j = 362 sucessfully passed !
	Initialyzed swapped data for i = 345, j = 363 sucessfully passed !
	Initialyzed swapped data for i = 345, j = 364 sucessfully passed !
	Initialyzed swapped data for i = 345, j = 365 sucessfully passed !
	Initialyzed swapped data for i = 345, j = 366 sucessfully passed !
	Initialyzed swapped data for i = 345, j = 367 sucessfully passed !
	Initialyzed swapped data for i = 345, j = 368 sucessfully passed !
	Initialyzed swapped data for i = 345, j = 369 sucessfully passed !
	Initialyzed swapped data for i = 345, j = 370 sucessfully passed !
	Initialyzed swapped data for i = 345, j = 371 sucessfully passed !
	Initialyzed swapped data for i = 345, j = 372 sucessfully passed !
	Initialyzed swapped data for i = 345, j = 373 sucessfully passed !
	Initialyzed swapped data for i = 345, j = 374 sucessfully passed !
	Initialyzed swapped data for i = 345, j = 375 sucessfully passed !
	Initialyzed swapped data for i = 345, j = 376 sucessfully passed !
	Initialyzed swapped data for i = 345, j = 377 sucessfully passed !
	Initialyzed swapped data for i = 345, j = 378 sucessfully passed !
	Initialyzed swapped data for i = 345, j = 379 sucessfully passed !
	Initialyzed swapped data for i = 345, j = 380 sucessfully passed !
	Initialyzed swapped data for i = 345, j = 381 sucessfully passed !
	Initialyzed swapped data for i = 345, j = 382 sucessfully passed !
	Initialyzed swapped data for i = 345, j = 383 sucessfully passed !
	Initialyzed swapped data for i = 345, j = 384 sucessfully passed !
	Initialyzed swapped data for i = 345, j = 385 sucessfully passed !
	Initialyzed swapped data for i = 345, j = 386 sucessfully passed !
	Initialyzed swapped data for i = 345, j = 387 sucessfully passed !
	Initialyzed swapped data for i = 345, j = 388 sucessfully passed !
	Initialyzed swapped data for i = 345, j = 389 sucessfully passed !
	Initialyzed swapped data for i = 345, j = 390 sucessfully passed !
	Initialyzed swapped data for i = 345, j = 391 sucessfully passed !
	Initialyzed swapped data for i = 345, j = 392 sucessfully passed !
	Initialyzed swapped data for i = 345, j = 393 sucessfully passed !
	Initialyzed swapped data for i = 345, j = 394 sucessfully passed !
	Initialyzed swapped data for i = 345, j = 395 sucessfully passed !
	Initialyzed swapped data for i = 345, j = 396 sucessfully passed !
	Initialyzed swapped data for i = 345, j = 397 sucessfully passed !
	Initialyzed swapped data for i = 345, j = 398 sucessfully passed !
	Initialyzed swapped data for i = 345, j = 399 sucessfully passed !
	Initialyzed swapped data for i = 345, j = 400 sucessfully passed !
	Initialyzed swapped data for i = 345, j = 401 sucessfully passed !
	Initialyzed swapped data for i = 345, j = 402 sucessfully passed !
	Initialyzed swapped data for i = 345, j = 403 sucessfully passed !
	Initialyzed swapped data for i = 345, j = 404 sucessfully passed !
	Initialyzed swapped data for i = 345, j = 405 sucessfully passed !
	Initialyzed swapped data for i = 345, j = 406 sucessfully passed !
	Initialyzed swapped data for i = 345, j = 407 sucessfully passed !
	Initialyzed swapped data for i = 345, j = 408 sucessfully passed !
	Initialyzed swapped data for i = 345, j = 409 sucessfully passed !
	Initialyzed swapped data for i = 345, j = 410 sucessfully passed !
	Initialyzed swapped data for i = 345, j = 411 sucessfully passed !
	Initialyzed swapped data for i = 345, j = 412 sucessfully passed !
	Initialyzed swapped data for i = 345, j = 413 sucessfully passed !
	Initialyzed swapped data for i = 345, j = 414 sucessfully passed !
	Initialyzed swapped data for i = 345, j = 415 sucessfully passed !
	Initialyzed swapped data for i = 345, j = 416 sucessfully passed !
	Initialyzed swapped data for i = 345, j = 417 sucessfully passed !
	Initialyzed swapped data for i = 345, j = 418 sucessfully passed !
	Initialyzed swapped data for i = 345, j = 419 sucessfully passed !
	Initialyzed swapped data for i = 345, j = 420 sucessfully passed !
	Initialyzed swapped data for i = 345, j = 421 sucessfully passed !
	Initialyzed swapped data for i = 345, j = 422 sucessfully passed !
	Initialyzed swapped data for i = 345, j = 423 sucessfully passed !
	Initialyzed swapped data for i = 345, j = 424 sucessfully passed !
	Initialyzed swapped data for i = 345, j = 425 sucessfully passed !
	Initialyzed swapped data for i = 345, j = 426 sucessfully passed !
	Initialyzed swapped data for i = 345, j = 427 sucessfully passed !
	Initialyzed swapped data for i = 345, j = 428 sucessfully passed !
	Initialyzed swapped data for i = 345, j = 429 sucessfully passed !
	Initialyzed swapped data for i = 345, j = 430 sucessfully passed !
	Initialyzed swapped data for i = 345, j = 431 sucessfully passed !
	Initialyzed swapped data for i = 345, j = 432 sucessfully passed !
	Initialyzed swapped data for i = 345, j = 433 sucessfully passed !
	Initialyzed swapped data for i = 346, j = 347 sucessfully passed !
	Initialyzed swapped data for i = 346, j = 348 sucessfully passed !
	Initialyzed swapped data for i = 346, j = 349 sucessfully passed !
	Initialyzed swapped data for i = 346, j = 350 sucessfully passed !
	Initialyzed swapped data for i = 346, j = 351 sucessfully passed !
	Initialyzed swapped data for i = 346, j = 352 sucessfully passed !
	Initialyzed swapped data for i = 346, j = 353 sucessfully passed !
	Initialyzed swapped data for i = 346, j = 354 sucessfully passed !
	Initialyzed swapped data for i = 346, j = 355 sucessfully passed !
	Initialyzed swapped data for i = 346, j = 356 sucessfully passed !
	Initialyzed swapped data for i = 346, j = 357 sucessfully passed !
	Initialyzed swapped data for i = 346, j = 358 sucessfully passed !
	Initialyzed swapped data for i = 346, j = 359 sucessfully passed !
	Initialyzed swapped data for i = 346, j = 360 sucessfully passed !
	Initialyzed swapped data for i = 346, j = 361 sucessfully passed !
	Initialyzed swapped data for i = 346, j = 362 sucessfully passed !
	Initialyzed swapped data for i = 346, j = 363 sucessfully passed !
	Initialyzed swapped data for i = 346, j = 364 sucessfully passed !
	Initialyzed swapped data for i = 346, j = 365 sucessfully passed !
	Initialyzed swapped data for i = 346, j = 366 sucessfully passed !
	Initialyzed swapped data for i = 346, j = 367 sucessfully passed !
	Initialyzed swapped data for i = 346, j = 368 sucessfully passed !
	Initialyzed swapped data for i = 346, j = 369 sucessfully passed !
	Initialyzed swapped data for i = 346, j = 370 sucessfully passed !
	Initialyzed swapped data for i = 346, j = 371 sucessfully passed !
	Initialyzed swapped data for i = 346, j = 372 sucessfully passed !
	Initialyzed swapped data for i = 346, j = 373 sucessfully passed !
	Initialyzed swapped data for i = 346, j = 374 sucessfully passed !
	Initialyzed swapped data for i = 346, j = 375 sucessfully passed !
	Initialyzed swapped data for i = 346, j = 376 sucessfully passed !
	Initialyzed swapped data for i = 346, j = 377 sucessfully passed !
	Initialyzed swapped data for i = 346, j = 378 sucessfully passed !
	Initialyzed swapped data for i = 346, j = 379 sucessfully passed !
	Initialyzed swapped data for i = 346, j = 380 sucessfully passed !
	Initialyzed swapped data for i = 346, j = 381 sucessfully passed !
	Initialyzed swapped data for i = 346, j = 382 sucessfully passed !
	Initialyzed swapped data for i = 346, j = 383 sucessfully passed !
	Initialyzed swapped data for i = 346, j = 384 sucessfully passed !
	Initialyzed swapped data for i = 346, j = 385 sucessfully passed !
	Initialyzed swapped data for i = 346, j = 386 sucessfully passed !
	Initialyzed swapped data for i = 346, j = 387 sucessfully passed !
	Initialyzed swapped data for i = 346, j = 388 sucessfully passed !
	Initialyzed swapped data for i = 346, j = 389 sucessfully passed !
	Initialyzed swapped data for i = 346, j = 390 sucessfully passed !
	Initialyzed swapped data for i = 346, j = 391 sucessfully passed !
	Initialyzed swapped data for i = 346, j = 392 sucessfully passed !
	Initialyzed swapped data for i = 346, j = 393 sucessfully passed !
	Initialyzed swapped data for i = 346, j = 394 sucessfully passed !
	Initialyzed swapped data for i = 346, j = 395 sucessfully passed !
	Initialyzed swapped data for i = 346, j = 396 sucessfully passed !
	Initialyzed swapped data for i = 346, j = 397 sucessfully passed !
	Initialyzed swapped data for i = 346, j = 398 sucessfully passed !
	Initialyzed swapped data for i = 346, j = 399 sucessfully passed !
	Initialyzed swapped data for i = 346, j = 400 sucessfully passed !
	Initialyzed swapped data for i = 346, j = 401 sucessfully passed !
	Initialyzed swapped data for i = 346, j = 402 sucessfully passed !
	Initialyzed swapped data for i = 346, j = 403 sucessfully passed !
	Initialyzed swapped data for i = 346, j = 404 sucessfully passed !
	Initialyzed swapped data for i = 346, j = 405 sucessfully passed !
	Initialyzed swapped data for i = 346, j = 406 sucessfully passed !
	Initialyzed swapped data for i = 346, j = 407 sucessfully passed !
	Initialyzed swapped data for i = 346, j = 408 sucessfully passed !
	Initialyzed swapped data for i = 346, j = 409 sucessfully passed !
	Initialyzed swapped data for i = 346, j = 410 sucessfully passed !
	Initialyzed swapped data for i = 346, j = 411 sucessfully passed !
	Initialyzed swapped data for i = 346, j = 412 sucessfully passed !
	Initialyzed swapped data for i = 346, j = 413 sucessfully passed !
	Initialyzed swapped data for i = 346, j = 414 sucessfully passed !
	Initialyzed swapped data for i = 346, j = 415 sucessfully passed !
	Initialyzed swapped data for i = 346, j = 416 sucessfully passed !
	Initialyzed swapped data for i = 346, j = 417 sucessfully passed !
	Initialyzed swapped data for i = 346, j = 418 sucessfully passed !
	Initialyzed swapped data for i = 346, j = 419 sucessfully passed !
	Initialyzed swapped data for i = 346, j = 420 sucessfully passed !
	Initialyzed swapped data for i = 346, j = 421 sucessfully passed !
	Initialyzed swapped data for i = 346, j = 422 sucessfully passed !
	Initialyzed swapped data for i = 346, j = 423 sucessfully passed !
	Initialyzed swapped data for i = 346, j = 424 sucessfully passed !
	Initialyzed swapped data for i = 346, j = 425 sucessfully passed !
	Initialyzed swapped data for i = 346, j = 426 sucessfully passed !
	Initialyzed swapped data for i = 346, j = 427 sucessfully passed !
	Initialyzed swapped data for i = 346, j = 428 sucessfully passed !
	Initialyzed swapped data for i = 346, j = 429 sucessfully passed !
	Initialyzed swapped data for i = 346, j = 430 sucessfully passed !
	Initialyzed swapped data for i = 346, j = 431 sucessfully passed !
	Initialyzed swapped data for i = 346, j = 432 sucessfully passed !
	Initialyzed swapped data for i = 346, j = 433 sucessfully passed !
	Initialyzed swapped data for i = 347, j = 348 sucessfully passed !
	Initialyzed swapped data for i = 347, j = 349 sucessfully passed !
	Initialyzed swapped data for i = 347, j = 350 sucessfully passed !
	Initialyzed swapped data for i = 347, j = 351 sucessfully passed !
	Initialyzed swapped data for i = 347, j = 352 sucessfully passed !
	Initialyzed swapped data for i = 347, j = 353 sucessfully passed !
	Initialyzed swapped data for i = 347, j = 354 sucessfully passed !
	Initialyzed swapped data for i = 347, j = 355 sucessfully passed !
	Initialyzed swapped data for i = 347, j = 356 sucessfully passed !
	Initialyzed swapped data for i = 347, j = 357 sucessfully passed !
	Initialyzed swapped data for i = 347, j = 358 sucessfully passed !
	Initialyzed swapped data for i = 347, j = 359 sucessfully passed !
	Initialyzed swapped data for i = 347, j = 360 sucessfully passed !
	Initialyzed swapped data for i = 347, j = 361 sucessfully passed !
	Initialyzed swapped data for i = 347, j = 362 sucessfully passed !
	Initialyzed swapped data for i = 347, j = 363 sucessfully passed !
	Initialyzed swapped data for i = 347, j = 364 sucessfully passed !
	Initialyzed swapped data for i = 347, j = 365 sucessfully passed !
	Initialyzed swapped data for i = 347, j = 366 sucessfully passed !
	Initialyzed swapped data for i = 347, j = 367 sucessfully passed !
	Initialyzed swapped data for i = 347, j = 368 sucessfully passed !
	Initialyzed swapped data for i = 347, j = 369 sucessfully passed !
	Initialyzed swapped data for i = 347, j = 370 sucessfully passed !
	Initialyzed swapped data for i = 347, j = 371 sucessfully passed !
	Initialyzed swapped data for i = 347, j = 372 sucessfully passed !
	Initialyzed swapped data for i = 347, j = 373 sucessfully passed !
	Initialyzed swapped data for i = 347, j = 374 sucessfully passed !
	Initialyzed swapped data for i = 347, j = 375 sucessfully passed !
	Initialyzed swapped data for i = 347, j = 376 sucessfully passed !
	Initialyzed swapped data for i = 347, j = 377 sucessfully passed !
	Initialyzed swapped data for i = 347, j = 378 sucessfully passed !
	Initialyzed swapped data for i = 347, j = 379 sucessfully passed !
	Initialyzed swapped data for i = 347, j = 380 sucessfully passed !
	Initialyzed swapped data for i = 347, j = 381 sucessfully passed !
	Initialyzed swapped data for i = 347, j = 382 sucessfully passed !
	Initialyzed swapped data for i = 347, j = 383 sucessfully passed !
	Initialyzed swapped data for i = 347, j = 384 sucessfully passed !
	Initialyzed swapped data for i = 347, j = 385 sucessfully passed !
	Initialyzed swapped data for i = 347, j = 386 sucessfully passed !
	Initialyzed swapped data for i = 347, j = 387 sucessfully passed !
	Initialyzed swapped data for i = 347, j = 388 sucessfully passed !
	Initialyzed swapped data for i = 347, j = 389 sucessfully passed !
	Initialyzed swapped data for i = 347, j = 390 sucessfully passed !
	Initialyzed swapped data for i = 347, j = 391 sucessfully passed !
	Initialyzed swapped data for i = 347, j = 392 sucessfully passed !
	Initialyzed swapped data for i = 347, j = 393 sucessfully passed !
	Initialyzed swapped data for i = 347, j = 394 sucessfully passed !
	Initialyzed swapped data for i = 347, j = 395 sucessfully passed !
	Initialyzed swapped data for i = 347, j = 396 sucessfully passed !
	Initialyzed swapped data for i = 347, j = 397 sucessfully passed !
	Initialyzed swapped data for i = 347, j = 398 sucessfully passed !
	Initialyzed swapped data for i = 347, j = 399 sucessfully passed !
	Initialyzed swapped data for i = 347, j = 400 sucessfully passed !
	Initialyzed swapped data for i = 347, j = 401 sucessfully passed !
	Initialyzed swapped data for i = 347, j = 402 sucessfully passed !
	Initialyzed swapped data for i = 347, j = 403 sucessfully passed !
	Initialyzed swapped data for i = 347, j = 404 sucessfully passed !
	Initialyzed swapped data for i = 347, j = 405 sucessfully passed !
	Initialyzed swapped data for i = 347, j = 406 sucessfully passed !
	Initialyzed swapped data for i = 347, j = 407 sucessfully passed !
	Initialyzed swapped data for i = 347, j = 408 sucessfully passed !
	Initialyzed swapped data for i = 347, j = 409 sucessfully passed !
	Initialyzed swapped data for i = 347, j = 410 sucessfully passed !
	Initialyzed swapped data for i = 347, j = 411 sucessfully passed !
	Initialyzed swapped data for i = 347, j = 412 sucessfully passed !
	Initialyzed swapped data for i = 347, j = 413 sucessfully passed !
	Initialyzed swapped data for i = 347, j = 414 sucessfully passed !
	Initialyzed swapped data for i = 347, j = 415 sucessfully passed !
	Initialyzed swapped data for i = 347, j = 416 sucessfully passed !
	Initialyzed swapped data for i = 347, j = 417 sucessfully passed !
	Initialyzed swapped data for i = 347, j = 418 sucessfully passed !
	Initialyzed swapped data for i = 347, j = 419 sucessfully passed !
	Initialyzed swapped data for i = 347, j = 420 sucessfully passed !
	Initialyzed swapped data for i = 347, j = 421 sucessfully passed !
	Initialyzed swapped data for i = 347, j = 422 sucessfully passed !
	Initialyzed swapped data for i = 347, j = 423 sucessfully passed !
	Initialyzed swapped data for i = 347, j = 424 sucessfully passed !
	Initialyzed swapped data for i = 347, j = 425 sucessfully passed !
	Initialyzed swapped data for i = 347, j = 426 sucessfully passed !
	Initialyzed swapped data for i = 347, j = 427 sucessfully passed !
	Initialyzed swapped data for i = 347, j = 428 sucessfully passed !
	Initialyzed swapped data for i = 347, j = 429 sucessfully passed !
	Initialyzed swapped data for i = 347, j = 430 sucessfully passed !
	Initialyzed swapped data for i = 347, j = 431 sucessfully passed !
	Initialyzed swapped data for i = 347, j = 432 sucessfully passed !
	Initialyzed swapped data for i = 347, j = 433 sucessfully passed !
	Initialyzed swapped data for i = 348, j = 349 sucessfully passed !
	Initialyzed swapped data for i = 348, j = 350 sucessfully passed !
	Initialyzed swapped data for i = 348, j = 351 sucessfully passed !
	Initialyzed swapped data for i = 348, j = 352 sucessfully passed !
	Initialyzed swapped data for i = 348, j = 353 sucessfully passed !
	Initialyzed swapped data for i = 348, j = 354 sucessfully passed !
	Initialyzed swapped data for i = 348, j = 355 sucessfully passed !
	Initialyzed swapped data for i = 348, j = 356 sucessfully passed !
	Initialyzed swapped data for i = 348, j = 357 sucessfully passed !
	Initialyzed swapped data for i = 348, j = 358 sucessfully passed !
	Initialyzed swapped data for i = 348, j = 359 sucessfully passed !
	Initialyzed swapped data for i = 348, j = 360 sucessfully passed !
	Initialyzed swapped data for i = 348, j = 361 sucessfully passed !
	Initialyzed swapped data for i = 348, j = 362 sucessfully passed !
	Initialyzed swapped data for i = 348, j = 363 sucessfully passed !
	Initialyzed swapped data for i = 348, j = 364 sucessfully passed !
	Initialyzed swapped data for i = 348, j = 365 sucessfully passed !
	Initialyzed swapped data for i = 348, j = 366 sucessfully passed !
	Initialyzed swapped data for i = 348, j = 367 sucessfully passed !
	Initialyzed swapped data for i = 348, j = 368 sucessfully passed !
	Initialyzed swapped data for i = 348, j = 369 sucessfully passed !
	Initialyzed swapped data for i = 348, j = 370 sucessfully passed !
	Initialyzed swapped data for i = 348, j = 371 sucessfully passed !
	Initialyzed swapped data for i = 348, j = 372 sucessfully passed !
	Initialyzed swapped data for i = 348, j = 373 sucessfully passed !
	Initialyzed swapped data for i = 348, j = 374 sucessfully passed !
	Initialyzed swapped data for i = 348, j = 375 sucessfully passed !
	Initialyzed swapped data for i = 348, j = 376 sucessfully passed !
	Initialyzed swapped data for i = 348, j = 377 sucessfully passed !
	Initialyzed swapped data for i = 348, j = 378 sucessfully passed !
	Initialyzed swapped data for i = 348, j = 379 sucessfully passed !
	Initialyzed swapped data for i = 348, j = 380 sucessfully passed !
	Initialyzed swapped data for i = 348, j = 381 sucessfully passed !
	Initialyzed swapped data for i = 348, j = 382 sucessfully passed !
	Initialyzed swapped data for i = 348, j = 383 sucessfully passed !
	Initialyzed swapped data for i = 348, j = 384 sucessfully passed !
	Initialyzed swapped data for i = 348, j = 385 sucessfully passed !
	Initialyzed swapped data for i = 348, j = 386 sucessfully passed !
	Initialyzed swapped data for i = 348, j = 387 sucessfully passed !
	Initialyzed swapped data for i = 348, j = 388 sucessfully passed !
	Initialyzed swapped data for i = 348, j = 389 sucessfully passed !
	Initialyzed swapped data for i = 348, j = 390 sucessfully passed !
	Initialyzed swapped data for i = 348, j = 391 sucessfully passed !
	Initialyzed swapped data for i = 348, j = 392 sucessfully passed !
	Initialyzed swapped data for i = 348, j = 393 sucessfully passed !
	Initialyzed swapped data for i = 348, j = 394 sucessfully passed !
	Initialyzed swapped data for i = 348, j = 395 sucessfully passed !
	Initialyzed swapped data for i = 348, j = 396 sucessfully passed !
	Initialyzed swapped data for i = 348, j = 397 sucessfully passed !
	Initialyzed swapped data for i = 348, j = 398 sucessfully passed !
	Initialyzed swapped data for i = 348, j = 399 sucessfully passed !
	Initialyzed swapped data for i = 348, j = 400 sucessfully passed !
	Initialyzed swapped data for i = 348, j = 401 sucessfully passed !
	Initialyzed swapped data for i = 348, j = 402 sucessfully passed !
	Initialyzed swapped data for i = 348, j = 403 sucessfully passed !
	Initialyzed swapped data for i = 348, j = 404 sucessfully passed !
	Initialyzed swapped data for i = 348, j = 405 sucessfully passed !
	Initialyzed swapped data for i = 348, j = 406 sucessfully passed !
	Initialyzed swapped data for i = 348, j = 407 sucessfully passed !
	Initialyzed swapped data for i = 348, j = 408 sucessfully passed !
	Initialyzed swapped data for i = 348, j = 409 sucessfully passed !
	Initialyzed swapped data for i = 348, j = 410 sucessfully passed !
	Initialyzed swapped data for i = 348, j = 411 sucessfully passed !
	Initialyzed swapped data for i = 348, j = 412 sucessfully passed !
	Initialyzed swapped data for i = 348, j = 413 sucessfully passed !
	Initialyzed swapped data for i = 348, j = 414 sucessfully passed !
	Initialyzed swapped data for i = 348, j = 415 sucessfully passed !
	Initialyzed swapped data for i = 348, j = 416 sucessfully passed !
	Initialyzed swapped data for i = 348, j = 417 sucessfully passed !
	Initialyzed swapped data for i = 348, j = 418 sucessfully passed !
	Initialyzed swapped data for i = 348, j = 419 sucessfully passed !
	Initialyzed swapped data for i = 348, j = 420 sucessfully passed !
	Initialyzed swapped data for i = 348, j = 421 sucessfully passed !
	Initialyzed swapped data for i = 348, j = 422 sucessfully passed !
	Initialyzed swapped data for i = 348, j = 423 sucessfully passed !
	Initialyzed swapped data for i = 348, j = 424 sucessfully passed !
	Initialyzed swapped data for i = 348, j = 425 sucessfully passed !
	Initialyzed swapped data for i = 348, j = 426 sucessfully passed !
	Initialyzed swapped data for i = 348, j = 427 sucessfully passed !
	Initialyzed swapped data for i = 348, j = 428 sucessfully passed !
	Initialyzed swapped data for i = 348, j = 429 sucessfully passed !
	Initialyzed swapped data for i = 348, j = 430 sucessfully passed !
	Initialyzed swapped data for i = 348, j = 431 sucessfully passed !
	Initialyzed swapped data for i = 348, j = 432 sucessfully passed !
	Initialyzed swapped data for i = 348, j = 433 sucessfully passed !
	Initialyzed swapped data for i = 349, j = 350 sucessfully passed !
	Initialyzed swapped data for i = 349, j = 351 sucessfully passed !
	Initialyzed swapped data for i = 349, j = 352 sucessfully passed !
	Initialyzed swapped data for i = 349, j = 353 sucessfully passed !
	Initialyzed swapped data for i = 349, j = 354 sucessfully passed !
	Initialyzed swapped data for i = 349, j = 355 sucessfully passed !
	Initialyzed swapped data for i = 349, j = 356 sucessfully passed !
	Initialyzed swapped data for i = 349, j = 357 sucessfully passed !
	Initialyzed swapped data for i = 349, j = 358 sucessfully passed !
	Initialyzed swapped data for i = 349, j = 359 sucessfully passed !
	Initialyzed swapped data for i = 349, j = 360 sucessfully passed !
	Initialyzed swapped data for i = 349, j = 361 sucessfully passed !
	Initialyzed swapped data for i = 349, j = 362 sucessfully passed !
	Initialyzed swapped data for i = 349, j = 363 sucessfully passed !
	Initialyzed swapped data for i = 349, j = 364 sucessfully passed !
	Initialyzed swapped data for i = 349, j = 365 sucessfully passed !
	Initialyzed swapped data for i = 349, j = 366 sucessfully passed !
	Initialyzed swapped data for i = 349, j = 367 sucessfully passed !
	Initialyzed swapped data for i = 349, j = 368 sucessfully passed !
	Initialyzed swapped data for i = 349, j = 369 sucessfully passed !
	Initialyzed swapped data for i = 349, j = 370 sucessfully passed !
	Initialyzed swapped data for i = 349, j = 371 sucessfully passed !
	Initialyzed swapped data for i = 349, j = 372 sucessfully passed !
	Initialyzed swapped data for i = 349, j = 373 sucessfully passed !
	Initialyzed swapped data for i = 349, j = 374 sucessfully passed !
	Initialyzed swapped data for i = 349, j = 375 sucessfully passed !
	Initialyzed swapped data for i = 349, j = 376 sucessfully passed !
	Initialyzed swapped data for i = 349, j = 377 sucessfully passed !
	Initialyzed swapped data for i = 349, j = 378 sucessfully passed !
	Initialyzed swapped data for i = 349, j = 379 sucessfully passed !
	Initialyzed swapped data for i = 349, j = 380 sucessfully passed !
	Initialyzed swapped data for i = 349, j = 381 sucessfully passed !
	Initialyzed swapped data for i = 349, j = 382 sucessfully passed !
	Initialyzed swapped data for i = 349, j = 383 sucessfully passed !
	Initialyzed swapped data for i = 349, j = 384 sucessfully passed !
	Initialyzed swapped data for i = 349, j = 385 sucessfully passed !
	Initialyzed swapped data for i = 349, j = 386 sucessfully passed !
	Initialyzed swapped data for i = 349, j = 387 sucessfully passed !
	Initialyzed swapped data for i = 349, j = 388 sucessfully passed !
	Initialyzed swapped data for i = 349, j = 389 sucessfully passed !
	Initialyzed swapped data for i = 349, j = 390 sucessfully passed !
	Initialyzed swapped data for i = 349, j = 391 sucessfully passed !
	Initialyzed swapped data for i = 349, j = 392 sucessfully passed !
	Initialyzed swapped data for i = 349, j = 393 sucessfully passed !
	Initialyzed swapped data for i = 349, j = 394 sucessfully passed !
	Initialyzed swapped data for i = 349, j = 395 sucessfully passed !
	Initialyzed swapped data for i = 349, j = 396 sucessfully passed !
	Initialyzed swapped data for i = 349, j = 397 sucessfully passed !
	Initialyzed swapped data for i = 349, j = 398 sucessfully passed !
	Initialyzed swapped data for i = 349, j = 399 sucessfully passed !
	Initialyzed swapped data for i = 349, j = 400 sucessfully passed !
	Initialyzed swapped data for i = 349, j = 401 sucessfully passed !
	Initialyzed swapped data for i = 349, j = 402 sucessfully passed !
	Initialyzed swapped data for i = 349, j = 403 sucessfully passed !
	Initialyzed swapped data for i = 349, j = 404 sucessfully passed !
	Initialyzed swapped data for i = 349, j = 405 sucessfully passed !
	Initialyzed swapped data for i = 349, j = 406 sucessfully passed !
	Initialyzed swapped data for i = 349, j = 407 sucessfully passed !
	Initialyzed swapped data for i = 349, j = 408 sucessfully passed !
	Initialyzed swapped data for i = 349, j = 409 sucessfully passed !
	Initialyzed swapped data for i = 349, j = 410 sucessfully passed !
	Initialyzed swapped data for i = 349, j = 411 sucessfully passed !
	Initialyzed swapped data for i = 349, j = 412 sucessfully passed !
	Initialyzed swapped data for i = 349, j = 413 sucessfully passed !
	Initialyzed swapped data for i = 349, j = 414 sucessfully passed !
	Initialyzed swapped data for i = 349, j = 415 sucessfully passed !
	Initialyzed swapped data for i = 349, j = 416 sucessfully passed !
	Initialyzed swapped data for i = 349, j = 417 sucessfully passed !
	Initialyzed swapped data for i = 349, j = 418 sucessfully passed !
	Initialyzed swapped data for i = 349, j = 419 sucessfully passed !
	Initialyzed swapped data for i = 349, j = 420 sucessfully passed !
	Initialyzed swapped data for i = 349, j = 421 sucessfully passed !
	Initialyzed swapped data for i = 349, j = 422 sucessfully passed !
	Initialyzed swapped data for i = 349, j = 423 sucessfully passed !
	Initialyzed swapped data for i = 349, j = 424 sucessfully passed !
	Initialyzed swapped data for i = 349, j = 425 sucessfully passed !
	Initialyzed swapped data for i = 349, j = 426 sucessfully passed !
	Initialyzed swapped data for i = 349, j = 427 sucessfully passed !
	Initialyzed swapped data for i = 349, j = 428 sucessfully passed !
	Initialyzed swapped data for i = 349, j = 429 sucessfully passed !
	Initialyzed swapped data for i = 349, j = 430 sucessfully passed !
	Initialyzed swapped data for i = 349, j = 431 sucessfully passed !
	Initialyzed swapped data for i = 349, j = 432 sucessfully passed !
	Initialyzed swapped data for i = 349, j = 433 sucessfully passed !
	Initialyzed swapped data for i = 350, j = 351 sucessfully passed !
	Initialyzed swapped data for i = 350, j = 352 sucessfully passed !
	Initialyzed swapped data for i = 350, j = 353 sucessfully passed !
	Initialyzed swapped data for i = 350, j = 354 sucessfully passed !
	Initialyzed swapped data for i = 350, j = 355 sucessfully passed !
	Initialyzed swapped data for i = 350, j = 356 sucessfully passed !
	Initialyzed swapped data for i = 350, j = 357 sucessfully passed !
	Initialyzed swapped data for i = 350, j = 358 sucessfully passed !
	Initialyzed swapped data for i = 350, j = 359 sucessfully passed !
	Initialyzed swapped data for i = 350, j = 360 sucessfully passed !
	Initialyzed swapped data for i = 350, j = 361 sucessfully passed !
	Initialyzed swapped data for i = 350, j = 362 sucessfully passed !
	Initialyzed swapped data for i = 350, j = 363 sucessfully passed !
	Initialyzed swapped data for i = 350, j = 364 sucessfully passed !
	Initialyzed swapped data for i = 350, j = 365 sucessfully passed !
	Initialyzed swapped data for i = 350, j = 366 sucessfully passed !
	Initialyzed swapped data for i = 350, j = 367 sucessfully passed !
	Initialyzed swapped data for i = 350, j = 368 sucessfully passed !
	Initialyzed swapped data for i = 350, j = 369 sucessfully passed !
	Initialyzed swapped data for i = 350, j = 370 sucessfully passed !
	Initialyzed swapped data for i = 350, j = 371 sucessfully passed !
	Initialyzed swapped data for i = 350, j = 372 sucessfully passed !
	Initialyzed swapped data for i = 350, j = 373 sucessfully passed !
	Initialyzed swapped data for i = 350, j = 374 sucessfully passed !
	Initialyzed swapped data for i = 350, j = 375 sucessfully passed !
	Initialyzed swapped data for i = 350, j = 376 sucessfully passed !
	Initialyzed swapped data for i = 350, j = 377 sucessfully passed !
	Initialyzed swapped data for i = 350, j = 378 sucessfully passed !
	Initialyzed swapped data for i = 350, j = 379 sucessfully passed !
	Initialyzed swapped data for i = 350, j = 380 sucessfully passed !
	Initialyzed swapped data for i = 350, j = 381 sucessfully passed !
	Initialyzed swapped data for i = 350, j = 382 sucessfully passed !
	Initialyzed swapped data for i = 350, j = 383 sucessfully passed !
	Initialyzed swapped data for i = 350, j = 384 sucessfully passed !
	Initialyzed swapped data for i = 350, j = 385 sucessfully passed !
	Initialyzed swapped data for i = 350, j = 386 sucessfully passed !
	Initialyzed swapped data for i = 350, j = 387 sucessfully passed !
	Initialyzed swapped data for i = 350, j = 388 sucessfully passed !
	Initialyzed swapped data for i = 350, j = 389 sucessfully passed !
	Initialyzed swapped data for i = 350, j = 390 sucessfully passed !
	Initialyzed swapped data for i = 350, j = 391 sucessfully passed !
	Initialyzed swapped data for i = 350, j = 392 sucessfully passed !
	Initialyzed swapped data for i = 350, j = 393 sucessfully passed !
	Initialyzed swapped data for i = 350, j = 394 sucessfully passed !
	Initialyzed swapped data for i = 350, j = 395 sucessfully passed !
	Initialyzed swapped data for i = 350, j = 396 sucessfully passed !
	Initialyzed swapped data for i = 350, j = 397 sucessfully passed !
	Initialyzed swapped data for i = 350, j = 398 sucessfully passed !
	Initialyzed swapped data for i = 350, j = 399 sucessfully passed !
	Initialyzed swapped data for i = 350, j = 400 sucessfully passed !
	Initialyzed swapped data for i = 350, j = 401 sucessfully passed !
	Initialyzed swapped data for i = 350, j = 402 sucessfully passed !
	Initialyzed swapped data for i = 350, j = 403 sucessfully passed !
	Initialyzed swapped data for i = 350, j = 404 sucessfully passed !
	Initialyzed swapped data for i = 350, j = 405 sucessfully passed !
	Initialyzed swapped data for i = 350, j = 406 sucessfully passed !
	Initialyzed swapped data for i = 350, j = 407 sucessfully passed !
	Initialyzed swapped data for i = 350, j = 408 sucessfully passed !
	Initialyzed swapped data for i = 350, j = 409 sucessfully passed !
	Initialyzed swapped data for i = 350, j = 410 sucessfully passed !
	Initialyzed swapped data for i = 350, j = 411 sucessfully passed !
	Initialyzed swapped data for i = 350, j = 412 sucessfully passed !
	Initialyzed swapped data for i = 350, j = 413 sucessfully passed !
	Initialyzed swapped data for i = 350, j = 414 sucessfully passed !
	Initialyzed swapped data for i = 350, j = 415 sucessfully passed !
	Initialyzed swapped data for i = 350, j = 416 sucessfully passed !
	Initialyzed swapped data for i = 350, j = 417 sucessfully passed !
	Initialyzed swapped data for i = 350, j = 418 sucessfully passed !
	Initialyzed swapped data for i = 350, j = 419 sucessfully passed !
	Initialyzed swapped data for i = 350, j = 420 sucessfully passed !
	Initialyzed swapped data for i = 350, j = 421 sucessfully passed !
	Initialyzed swapped data for i = 350, j = 422 sucessfully passed !
	Initialyzed swapped data for i = 350, j = 423 sucessfully passed !
	Initialyzed swapped data for i = 350, j = 424 sucessfully passed !
	Initialyzed swapped data for i = 350, j = 425 sucessfully passed !
	Initialyzed swapped data for i = 350, j = 426 sucessfully passed !
	Initialyzed swapped data for i = 350, j = 427 sucessfully passed !
	Initialyzed swapped data for i = 350, j = 428 sucessfully passed !
	Initialyzed swapped data for i = 350, j = 429 sucessfully passed !
	Initialyzed swapped data for i = 350, j = 430 sucessfully passed !
	Initialyzed swapped data for i = 350, j = 431 sucessfully passed !
	Initialyzed swapped data for i = 350, j = 432 sucessfully passed !
	Initialyzed swapped data for i = 350, j = 433 sucessfully passed !
	Initialyzed swapped data for i = 351, j = 352 sucessfully passed !
	Initialyzed swapped data for i = 351, j = 353 sucessfully passed !
	Initialyzed swapped data for i = 351, j = 354 sucessfully passed !
	Initialyzed swapped data for i = 351, j = 355 sucessfully passed !
	Initialyzed swapped data for i = 351, j = 356 sucessfully passed !
	Initialyzed swapped data for i = 351, j = 357 sucessfully passed !
	Initialyzed swapped data for i = 351, j = 358 sucessfully passed !
	Initialyzed swapped data for i = 351, j = 359 sucessfully passed !
	Initialyzed swapped data for i = 351, j = 360 sucessfully passed !
	Initialyzed swapped data for i = 351, j = 361 sucessfully passed !
	Initialyzed swapped data for i = 351, j = 362 sucessfully passed !
	Initialyzed swapped data for i = 351, j = 363 sucessfully passed !
	Initialyzed swapped data for i = 351, j = 364 sucessfully passed !
	Initialyzed swapped data for i = 351, j = 365 sucessfully passed !
	Initialyzed swapped data for i = 351, j = 366 sucessfully passed !
	Initialyzed swapped data for i = 351, j = 367 sucessfully passed !
	Initialyzed swapped data for i = 351, j = 368 sucessfully passed !
	Initialyzed swapped data for i = 351, j = 369 sucessfully passed !
	Initialyzed swapped data for i = 351, j = 370 sucessfully passed !
	Initialyzed swapped data for i = 351, j = 371 sucessfully passed !
	Initialyzed swapped data for i = 351, j = 372 sucessfully passed !
	Initialyzed swapped data for i = 351, j = 373 sucessfully passed !
	Initialyzed swapped data for i = 351, j = 374 sucessfully passed !
	Initialyzed swapped data for i = 351, j = 375 sucessfully passed !
	Initialyzed swapped data for i = 351, j = 376 sucessfully passed !
	Initialyzed swapped data for i = 351, j = 377 sucessfully passed !
	Initialyzed swapped data for i = 351, j = 378 sucessfully passed !
	Initialyzed swapped data for i = 351, j = 379 sucessfully passed !
	Initialyzed swapped data for i = 351, j = 380 sucessfully passed !
	Initialyzed swapped data for i = 351, j = 381 sucessfully passed !
	Initialyzed swapped data for i = 351, j = 382 sucessfully passed !
	Initialyzed swapped data for i = 351, j = 383 sucessfully passed !
	Initialyzed swapped data for i = 351, j = 384 sucessfully passed !
	Initialyzed swapped data for i = 351, j = 385 sucessfully passed !
	Initialyzed swapped data for i = 351, j = 386 sucessfully passed !
	Initialyzed swapped data for i = 351, j = 387 sucessfully passed !
	Initialyzed swapped data for i = 351, j = 388 sucessfully passed !
	Initialyzed swapped data for i = 351, j = 389 sucessfully passed !
	Initialyzed swapped data for i = 351, j = 390 sucessfully passed !
	Initialyzed swapped data for i = 351, j = 391 sucessfully passed !
	Initialyzed swapped data for i = 351, j = 392 sucessfully passed !
	Initialyzed swapped data for i = 351, j = 393 sucessfully passed !
	Initialyzed swapped data for i = 351, j = 394 sucessfully passed !
	Initialyzed swapped data for i = 351, j = 395 sucessfully passed !
	Initialyzed swapped data for i = 351, j = 396 sucessfully passed !
	Initialyzed swapped data for i = 351, j = 397 sucessfully passed !
	Initialyzed swapped data for i = 351, j = 398 sucessfully passed !
	Initialyzed swapped data for i = 351, j = 399 sucessfully passed !
	Initialyzed swapped data for i = 351, j = 400 sucessfully passed !
	Initialyzed swapped data for i = 351, j = 401 sucessfully passed !
	Initialyzed swapped data for i = 351, j = 402 sucessfully passed !
	Initialyzed swapped data for i = 351, j = 403 sucessfully passed !
	Initialyzed swapped data for i = 351, j = 404 sucessfully passed !
	Initialyzed swapped data for i = 351, j = 405 sucessfully passed !
	Initialyzed swapped data for i = 351, j = 406 sucessfully passed !
	Initialyzed swapped data for i = 351, j = 407 sucessfully passed !
	Initialyzed swapped data for i = 351, j = 408 sucessfully passed !
	Initialyzed swapped data for i = 351, j = 409 sucessfully passed !
	Initialyzed swapped data for i = 351, j = 410 sucessfully passed !
	Initialyzed swapped data for i = 351, j = 411 sucessfully passed !
	Initialyzed swapped data for i = 351, j = 412 sucessfully passed !
	Initialyzed swapped data for i = 351, j = 413 sucessfully passed !
	Initialyzed swapped data for i = 351, j = 414 sucessfully passed !
	Initialyzed swapped data for i = 351, j = 415 sucessfully passed !
	Initialyzed swapped data for i = 351, j = 416 sucessfully passed !
	Initialyzed swapped data for i = 351, j = 417 sucessfully passed !
	Initialyzed swapped data for i = 351, j = 418 sucessfully passed !
	Initialyzed swapped data for i = 351, j = 419 sucessfully passed !
	Initialyzed swapped data for i = 351, j = 420 sucessfully passed !
	Initialyzed swapped data for i = 351, j = 421 sucessfully passed !
	Initialyzed swapped data for i = 351, j = 422 sucessfully passed !
	Initialyzed swapped data for i = 351, j = 423 sucessfully passed !
	Initialyzed swapped data for i = 351, j = 424 sucessfully passed !
	Initialyzed swapped data for i = 351, j = 425 sucessfully passed !
	Initialyzed swapped data for i = 351, j = 426 sucessfully passed !
	Initialyzed swapped data for i = 351, j = 427 sucessfully passed !
	Initialyzed swapped data for i = 351, j = 428 sucessfully passed !
	Initialyzed swapped data for i = 351, j = 429 sucessfully passed !
	Initialyzed swapped data for i = 351, j = 430 sucessfully passed !
	Initialyzed swapped data for i = 351, j = 431 sucessfully passed !
	Initialyzed swapped data for i = 351, j = 432 sucessfully passed !
	Initialyzed swapped data for i = 351, j = 433 sucessfully passed !
	Initialyzed swapped data for i = 352, j = 353 sucessfully passed !
	Initialyzed swapped data for i = 352, j = 354 sucessfully passed !
	Initialyzed swapped data for i = 352, j = 355 sucessfully passed !
	Initialyzed swapped data for i = 352, j = 356 sucessfully passed !
	Initialyzed swapped data for i = 352, j = 357 sucessfully passed !
	Initialyzed swapped data for i = 352, j = 358 sucessfully passed !
	Initialyzed swapped data for i = 352, j = 359 sucessfully passed !
	Initialyzed swapped data for i = 352, j = 360 sucessfully passed !
	Initialyzed swapped data for i = 352, j = 361 sucessfully passed !
	Initialyzed swapped data for i = 352, j = 362 sucessfully passed !
	Initialyzed swapped data for i = 352, j = 363 sucessfully passed !
	Initialyzed swapped data for i = 352, j = 364 sucessfully passed !
	Initialyzed swapped data for i = 352, j = 365 sucessfully passed !
	Initialyzed swapped data for i = 352, j = 366 sucessfully passed !
	Initialyzed swapped data for i = 352, j = 367 sucessfully passed !
	Initialyzed swapped data for i = 352, j = 368 sucessfully passed !
	Initialyzed swapped data for i = 352, j = 369 sucessfully passed !
	Initialyzed swapped data for i = 352, j = 370 sucessfully passed !
	Initialyzed swapped data for i = 352, j = 371 sucessfully passed !
	Initialyzed swapped data for i = 352, j = 372 sucessfully passed !
	Initialyzed swapped data for i = 352, j = 373 sucessfully passed !
	Initialyzed swapped data for i = 352, j = 374 sucessfully passed !
	Initialyzed swapped data for i = 352, j = 375 sucessfully passed !
	Initialyzed swapped data for i = 352, j = 376 sucessfully passed !
	Initialyzed swapped data for i = 352, j = 377 sucessfully passed !
	Initialyzed swapped data for i = 352, j = 378 sucessfully passed !
	Initialyzed swapped data for i = 352, j = 379 sucessfully passed !
	Initialyzed swapped data for i = 352, j = 380 sucessfully passed !
	Initialyzed swapped data for i = 352, j = 381 sucessfully passed !
	Initialyzed swapped data for i = 352, j = 382 sucessfully passed !
	Initialyzed swapped data for i = 352, j = 383 sucessfully passed !
	Initialyzed swapped data for i = 352, j = 384 sucessfully passed !
	Initialyzed swapped data for i = 352, j = 385 sucessfully passed !
	Initialyzed swapped data for i = 352, j = 386 sucessfully passed !
	Initialyzed swapped data for i = 352, j = 387 sucessfully passed !
	Initialyzed swapped data for i = 352, j = 388 sucessfully passed !
	Initialyzed swapped data for i = 352, j = 389 sucessfully passed !
	Initialyzed swapped data for i = 352, j = 390 sucessfully passed !
	Initialyzed swapped data for i = 352, j = 391 sucessfully passed !
	Initialyzed swapped data for i = 352, j = 392 sucessfully passed !
	Initialyzed swapped data for i = 352, j = 393 sucessfully passed !
	Initialyzed swapped data for i = 352, j = 394 sucessfully passed !
	Initialyzed swapped data for i = 352, j = 395 sucessfully passed !
	Initialyzed swapped data for i = 352, j = 396 sucessfully passed !
	Initialyzed swapped data for i = 352, j = 397 sucessfully passed !
	Initialyzed swapped data for i = 352, j = 398 sucessfully passed !
	Initialyzed swapped data for i = 352, j = 399 sucessfully passed !
	Initialyzed swapped data for i = 352, j = 400 sucessfully passed !
	Initialyzed swapped data for i = 352, j = 401 sucessfully passed !
	Initialyzed swapped data for i = 352, j = 402 sucessfully passed !
	Initialyzed swapped data for i = 352, j = 403 sucessfully passed !
	Initialyzed swapped data for i = 352, j = 404 sucessfully passed !
	Initialyzed swapped data for i = 352, j = 405 sucessfully passed !
	Initialyzed swapped data for i = 352, j = 406 sucessfully passed !
	Initialyzed swapped data for i = 352, j = 407 sucessfully passed !
	Initialyzed swapped data for i = 352, j = 408 sucessfully passed !
	Initialyzed swapped data for i = 352, j = 409 sucessfully passed !
	Initialyzed swapped data for i = 352, j = 410 sucessfully passed !
	Initialyzed swapped data for i = 352, j = 411 sucessfully passed !
	Initialyzed swapped data for i = 352, j = 412 sucessfully passed !
	Initialyzed swapped data for i = 352, j = 413 sucessfully passed !
	Initialyzed swapped data for i = 352, j = 414 sucessfully passed !
	Initialyzed swapped data for i = 352, j = 415 sucessfully passed !
	Initialyzed swapped data for i = 352, j = 416 sucessfully passed !
	Initialyzed swapped data for i = 352, j = 417 sucessfully passed !
	Initialyzed swapped data for i = 352, j = 418 sucessfully passed !
	Initialyzed swapped data for i = 352, j = 419 sucessfully passed !
	Initialyzed swapped data for i = 352, j = 420 sucessfully passed !
	Initialyzed swapped data for i = 352, j = 421 sucessfully passed !
	Initialyzed swapped data for i = 352, j = 422 sucessfully passed !
	Initialyzed swapped data for i = 352, j = 423 sucessfully passed !
	Initialyzed swapped data for i = 352, j = 424 sucessfully passed !
	Initialyzed swapped data for i = 352, j = 425 sucessfully passed !
	Initialyzed swapped data for i = 352, j = 426 sucessfully passed !
	Initialyzed swapped data for i = 352, j = 427 sucessfully passed !
	Initialyzed swapped data for i = 352, j = 428 sucessfully passed !
	Initialyzed swapped data for i = 352, j = 429 sucessfully passed !
	Initialyzed swapped data for i = 352, j = 430 sucessfully passed !
	Initialyzed swapped data for i = 352, j = 431 sucessfully passed !
	Initialyzed swapped data for i = 352, j = 432 sucessfully passed !
	Initialyzed swapped data for i = 352, j = 433 sucessfully passed !
	Initialyzed swapped data for i = 353, j = 354 sucessfully passed !
	Initialyzed swapped data for i = 353, j = 355 sucessfully passed !
	Initialyzed swapped data for i = 353, j = 356 sucessfully passed !
	Initialyzed swapped data for i = 353, j = 357 sucessfully passed !
	Initialyzed swapped data for i = 353, j = 358 sucessfully passed !
	Initialyzed swapped data for i = 353, j = 359 sucessfully passed !
	Initialyzed swapped data for i = 353, j = 360 sucessfully passed !
	Initialyzed swapped data for i = 353, j = 361 sucessfully passed !
	Initialyzed swapped data for i = 353, j = 362 sucessfully passed !
	Initialyzed swapped data for i = 353, j = 363 sucessfully passed !
	Initialyzed swapped data for i = 353, j = 364 sucessfully passed !
	Initialyzed swapped data for i = 353, j = 365 sucessfully passed !
	Initialyzed swapped data for i = 353, j = 366 sucessfully passed !
	Initialyzed swapped data for i = 353, j = 367 sucessfully passed !
	Initialyzed swapped data for i = 353, j = 368 sucessfully passed !
	Initialyzed swapped data for i = 353, j = 369 sucessfully passed !
	Initialyzed swapped data for i = 353, j = 370 sucessfully passed !
	Initialyzed swapped data for i = 353, j = 371 sucessfully passed !
	Initialyzed swapped data for i = 353, j = 372 sucessfully passed !
	Initialyzed swapped data for i = 353, j = 373 sucessfully passed !
	Initialyzed swapped data for i = 353, j = 374 sucessfully passed !
	Initialyzed swapped data for i = 353, j = 375 sucessfully passed !
	Initialyzed swapped data for i = 353, j = 376 sucessfully passed !
	Initialyzed swapped data for i = 353, j = 377 sucessfully passed !
	Initialyzed swapped data for i = 353, j = 378 sucessfully passed !
	Initialyzed swapped data for i = 353, j = 379 sucessfully passed !
	Initialyzed swapped data for i = 353, j = 380 sucessfully passed !
	Initialyzed swapped data for i = 353, j = 381 sucessfully passed !
	Initialyzed swapped data for i = 353, j = 382 sucessfully passed !
	Initialyzed swapped data for i = 353, j = 383 sucessfully passed !
	Initialyzed swapped data for i = 353, j = 384 sucessfully passed !
	Initialyzed swapped data for i = 353, j = 385 sucessfully passed !
	Initialyzed swapped data for i = 353, j = 386 sucessfully passed !
	Initialyzed swapped data for i = 353, j = 387 sucessfully passed !
	Initialyzed swapped data for i = 353, j = 388 sucessfully passed !
	Initialyzed swapped data for i = 353, j = 389 sucessfully passed !
	Initialyzed swapped data for i = 353, j = 390 sucessfully passed !
	Initialyzed swapped data for i = 353, j = 391 sucessfully passed !
	Initialyzed swapped data for i = 353, j = 392 sucessfully passed !
	Initialyzed swapped data for i = 353, j = 393 sucessfully passed !
	Initialyzed swapped data for i = 353, j = 394 sucessfully passed !
	Initialyzed swapped data for i = 353, j = 395 sucessfully passed !
	Initialyzed swapped data for i = 353, j = 396 sucessfully passed !
	Initialyzed swapped data for i = 353, j = 397 sucessfully passed !
	Initialyzed swapped data for i = 353, j = 398 sucessfully passed !
	Initialyzed swapped data for i = 353, j = 399 sucessfully passed !
	Initialyzed swapped data for i = 353, j = 400 sucessfully passed !
	Initialyzed swapped data for i = 353, j = 401 sucessfully passed !
	Initialyzed swapped data for i = 353, j = 402 sucessfully passed !
	Initialyzed swapped data for i = 353, j = 403 sucessfully passed !
	Initialyzed swapped data for i = 353, j = 404 sucessfully passed !
	Initialyzed swapped data for i = 353, j = 405 sucessfully passed !
	Initialyzed swapped data for i = 353, j = 406 sucessfully passed !
	Initialyzed swapped data for i = 353, j = 407 sucessfully passed !
	Initialyzed swapped data for i = 353, j = 408 sucessfully passed !
	Initialyzed swapped data for i = 353, j = 409 sucessfully passed !
	Initialyzed swapped data for i = 353, j = 410 sucessfully passed !
	Initialyzed swapped data for i = 353, j = 411 sucessfully passed !
	Initialyzed swapped data for i = 353, j = 412 sucessfully passed !
	Initialyzed swapped data for i = 353, j = 413 sucessfully passed !
	Initialyzed swapped data for i = 353, j = 414 sucessfully passed !
	Initialyzed swapped data for i = 353, j = 415 sucessfully passed !
	Initialyzed swapped data for i = 353, j = 416 sucessfully passed !
	Initialyzed swapped data for i = 353, j = 417 sucessfully passed !
	Initialyzed swapped data for i = 353, j = 418 sucessfully passed !
	Initialyzed swapped data for i = 353, j = 419 sucessfully passed !
	Initialyzed swapped data for i = 353, j = 420 sucessfully passed !
	Initialyzed swapped data for i = 353, j = 421 sucessfully passed !
	Initialyzed swapped data for i = 353, j = 422 sucessfully passed !
	Initialyzed swapped data for i = 353, j = 423 sucessfully passed !
	Initialyzed swapped data for i = 353, j = 424 sucessfully passed !
	Initialyzed swapped data for i = 353, j = 425 sucessfully passed !
	Initialyzed swapped data for i = 353, j = 426 sucessfully passed !
	Initialyzed swapped data for i = 353, j = 427 sucessfully passed !
	Initialyzed swapped data for i = 353, j = 428 sucessfully passed !
	Initialyzed swapped data for i = 353, j = 429 sucessfully passed !
	Initialyzed swapped data for i = 353, j = 430 sucessfully passed !
	Initialyzed swapped data for i = 353, j = 431 sucessfully passed !
	Initialyzed swapped data for i = 353, j = 432 sucessfully passed !
	Initialyzed swapped data for i = 353, j = 433 sucessfully passed !
	Initialyzed swapped data for i = 354, j = 355 sucessfully passed !
	Initialyzed swapped data for i = 354, j = 356 sucessfully passed !
	Initialyzed swapped data for i = 354, j = 357 sucessfully passed !
	Initialyzed swapped data for i = 354, j = 358 sucessfully passed !
	Initialyzed swapped data for i = 354, j = 359 sucessfully passed !
	Initialyzed swapped data for i = 354, j = 360 sucessfully passed !
	Initialyzed swapped data for i = 354, j = 361 sucessfully passed !
	Initialyzed swapped data for i = 354, j = 362 sucessfully passed !
	Initialyzed swapped data for i = 354, j = 363 sucessfully passed !
	Initialyzed swapped data for i = 354, j = 364 sucessfully passed !
	Initialyzed swapped data for i = 354, j = 365 sucessfully passed !
	Initialyzed swapped data for i = 354, j = 366 sucessfully passed !
	Initialyzed swapped data for i = 354, j = 367 sucessfully passed !
	Initialyzed swapped data for i = 354, j = 368 sucessfully passed !
	Initialyzed swapped data for i = 354, j = 369 sucessfully passed !
	Initialyzed swapped data for i = 354, j = 370 sucessfully passed !
	Initialyzed swapped data for i = 354, j = 371 sucessfully passed !
	Initialyzed swapped data for i = 354, j = 372 sucessfully passed !
	Initialyzed swapped data for i = 354, j = 373 sucessfully passed !
	Initialyzed swapped data for i = 354, j = 374 sucessfully passed !
	Initialyzed swapped data for i = 354, j = 375 sucessfully passed !
	Initialyzed swapped data for i = 354, j = 376 sucessfully passed !
	Initialyzed swapped data for i = 354, j = 377 sucessfully passed !
	Initialyzed swapped data for i = 354, j = 378 sucessfully passed !
	Initialyzed swapped data for i = 354, j = 379 sucessfully passed !
	Initialyzed swapped data for i = 354, j = 380 sucessfully passed !
	Initialyzed swapped data for i = 354, j = 381 sucessfully passed !
	Initialyzed swapped data for i = 354, j = 382 sucessfully passed !
	Initialyzed swapped data for i = 354, j = 383 sucessfully passed !
	Initialyzed swapped data for i = 354, j = 384 sucessfully passed !
	Initialyzed swapped data for i = 354, j = 385 sucessfully passed !
	Initialyzed swapped data for i = 354, j = 386 sucessfully passed !
	Initialyzed swapped data for i = 354, j = 387 sucessfully passed !
	Initialyzed swapped data for i = 354, j = 388 sucessfully passed !
	Initialyzed swapped data for i = 354, j = 389 sucessfully passed !
	Initialyzed swapped data for i = 354, j = 390 sucessfully passed !
	Initialyzed swapped data for i = 354, j = 391 sucessfully passed !
	Initialyzed swapped data for i = 354, j = 392 sucessfully passed !
	Initialyzed swapped data for i = 354, j = 393 sucessfully passed !
	Initialyzed swapped data for i = 354, j = 394 sucessfully passed !
	Initialyzed swapped data for i = 354, j = 395 sucessfully passed !
	Initialyzed swapped data for i = 354, j = 396 sucessfully passed !
	Initialyzed swapped data for i = 354, j = 397 sucessfully passed !
	Initialyzed swapped data for i = 354, j = 398 sucessfully passed !
	Initialyzed swapped data for i = 354, j = 399 sucessfully passed !
	Initialyzed swapped data for i = 354, j = 400 sucessfully passed !
	Initialyzed swapped data for i = 354, j = 401 sucessfully passed !
	Initialyzed swapped data for i = 354, j = 402 sucessfully passed !
	Initialyzed swapped data for i = 354, j = 403 sucessfully passed !
	Initialyzed swapped data for i = 354, j = 404 sucessfully passed !
	Initialyzed swapped data for i = 354, j = 405 sucessfully passed !
	Initialyzed swapped data for i = 354, j = 406 sucessfully passed !
	Initialyzed swapped data for i = 354, j = 407 sucessfully passed !
	Initialyzed swapped data for i = 354, j = 408 sucessfully passed !
	Initialyzed swapped data for i = 354, j = 409 sucessfully passed !
	Initialyzed swapped data for i = 354, j = 410 sucessfully passed !
	Initialyzed swapped data for i = 354, j = 411 sucessfully passed !
	Initialyzed swapped data for i = 354, j = 412 sucessfully passed !
	Initialyzed swapped data for i = 354, j = 413 sucessfully passed !
	Initialyzed swapped data for i = 354, j = 414 sucessfully passed !
	Initialyzed swapped data for i = 354, j = 415 sucessfully passed !
	Initialyzed swapped data for i = 354, j = 416 sucessfully passed !
	Initialyzed swapped data for i = 354, j = 417 sucessfully passed !
	Initialyzed swapped data for i = 354, j = 418 sucessfully passed !
	Initialyzed swapped data for i = 354, j = 419 sucessfully passed !
	Initialyzed swapped data for i = 354, j = 420 sucessfully passed !
	Initialyzed swapped data for i = 354, j = 421 sucessfully passed !
	Initialyzed swapped data for i = 354, j = 422 sucessfully passed !
	Initialyzed swapped data for i = 354, j = 423 sucessfully passed !
	Initialyzed swapped data for i = 354, j = 424 sucessfully passed !
	Initialyzed swapped data for i = 354, j = 425 sucessfully passed !
	Initialyzed swapped data for i = 354, j = 426 sucessfully passed !
	Initialyzed swapped data for i = 354, j = 427 sucessfully passed !
	Initialyzed swapped data for i = 354, j = 428 sucessfully passed !
	Initialyzed swapped data for i = 354, j = 429 sucessfully passed !
	Initialyzed swapped data for i = 354, j = 430 sucessfully passed !
	Initialyzed swapped data for i = 354, j = 431 sucessfully passed !
	Initialyzed swapped data for i = 354, j = 432 sucessfully passed !
	Initialyzed swapped data for i = 354, j = 433 sucessfully passed !
	Initialyzed swapped data for i = 355, j = 356 sucessfully passed !
	Initialyzed swapped data for i = 355, j = 357 sucessfully passed !
	Initialyzed swapped data for i = 355, j = 358 sucessfully passed !
	Initialyzed swapped data for i = 355, j = 359 sucessfully passed !
	Initialyzed swapped data for i = 355, j = 360 sucessfully passed !
	Initialyzed swapped data for i = 355, j = 361 sucessfully passed !
	Initialyzed swapped data for i = 355, j = 362 sucessfully passed !
	Initialyzed swapped data for i = 355, j = 363 sucessfully passed !
	Initialyzed swapped data for i = 355, j = 364 sucessfully passed !
	Initialyzed swapped data for i = 355, j = 365 sucessfully passed !
	Initialyzed swapped data for i = 355, j = 366 sucessfully passed !
	Initialyzed swapped data for i = 355, j = 367 sucessfully passed !
	Initialyzed swapped data for i = 355, j = 368 sucessfully passed !
	Initialyzed swapped data for i = 355, j = 369 sucessfully passed !
	Initialyzed swapped data for i = 355, j = 370 sucessfully passed !
	Initialyzed swapped data for i = 355, j = 371 sucessfully passed !
	Initialyzed swapped data for i = 355, j = 372 sucessfully passed !
	Initialyzed swapped data for i = 355, j = 373 sucessfully passed !
	Initialyzed swapped data for i = 355, j = 374 sucessfully passed !
	Initialyzed swapped data for i = 355, j = 375 sucessfully passed !
	Initialyzed swapped data for i = 355, j = 376 sucessfully passed !
	Initialyzed swapped data for i = 355, j = 377 sucessfully passed !
	Initialyzed swapped data for i = 355, j = 378 sucessfully passed !
	Initialyzed swapped data for i = 355, j = 379 sucessfully passed !
	Initialyzed swapped data for i = 355, j = 380 sucessfully passed !
	Initialyzed swapped data for i = 355, j = 381 sucessfully passed !
	Initialyzed swapped data for i = 355, j = 382 sucessfully passed !
	Initialyzed swapped data for i = 355, j = 383 sucessfully passed !
	Initialyzed swapped data for i = 355, j = 384 sucessfully passed !
	Initialyzed swapped data for i = 355, j = 385 sucessfully passed !
	Initialyzed swapped data for i = 355, j = 386 sucessfully passed !
	Initialyzed swapped data for i = 355, j = 387 sucessfully passed !
	Initialyzed swapped data for i = 355, j = 388 sucessfully passed !
	Initialyzed swapped data for i = 355, j = 389 sucessfully passed !
	Initialyzed swapped data for i = 355, j = 390 sucessfully passed !
	Initialyzed swapped data for i = 355, j = 391 sucessfully passed !
	Initialyzed swapped data for i = 355, j = 392 sucessfully passed !
	Initialyzed swapped data for i = 355, j = 393 sucessfully passed !
	Initialyzed swapped data for i = 355, j = 394 sucessfully passed !
	Initialyzed swapped data for i = 355, j = 395 sucessfully passed !
	Initialyzed swapped data for i = 355, j = 396 sucessfully passed !
	Initialyzed swapped data for i = 355, j = 397 sucessfully passed !
	Initialyzed swapped data for i = 355, j = 398 sucessfully passed !
	Initialyzed swapped data for i = 355, j = 399 sucessfully passed !
	Initialyzed swapped data for i = 355, j = 400 sucessfully passed !
	Initialyzed swapped data for i = 355, j = 401 sucessfully passed !
	Initialyzed swapped data for i = 355, j = 402 sucessfully passed !
	Initialyzed swapped data for i = 355, j = 403 sucessfully passed !
	Initialyzed swapped data for i = 355, j = 404 sucessfully passed !
	Initialyzed swapped data for i = 355, j = 405 sucessfully passed !
	Initialyzed swapped data for i = 355, j = 406 sucessfully passed !
	Initialyzed swapped data for i = 355, j = 407 sucessfully passed !
	Initialyzed swapped data for i = 355, j = 408 sucessfully passed !
	Initialyzed swapped data for i = 355, j = 409 sucessfully passed !
	Initialyzed swapped data for i = 355, j = 410 sucessfully passed !
	Initialyzed swapped data for i = 355, j = 411 sucessfully passed !
	Initialyzed swapped data for i = 355, j = 412 sucessfully passed !
	Initialyzed swapped data for i = 355, j = 413 sucessfully passed !
	Initialyzed swapped data for i = 355, j = 414 sucessfully passed !
	Initialyzed swapped data for i = 355, j = 415 sucessfully passed !
	Initialyzed swapped data for i = 355, j = 416 sucessfully passed !
	Initialyzed swapped data for i = 355, j = 417 sucessfully passed !
	Initialyzed swapped data for i = 355, j = 418 sucessfully passed !
	Initialyzed swapped data for i = 355, j = 419 sucessfully passed !
	Initialyzed swapped data for i = 355, j = 420 sucessfully passed !
	Initialyzed swapped data for i = 355, j = 421 sucessfully passed !
	Initialyzed swapped data for i = 355, j = 422 sucessfully passed !
	Initialyzed swapped data for i = 355, j = 423 sucessfully passed !
	Initialyzed swapped data for i = 355, j = 424 sucessfully passed !
	Initialyzed swapped data for i = 355, j = 425 sucessfully passed !
	Initialyzed swapped data for i = 355, j = 426 sucessfully passed !
	Initialyzed swapped data for i = 355, j = 427 sucessfully passed !
	Initialyzed swapped data for i = 355, j = 428 sucessfully passed !
	Initialyzed swapped data for i = 355, j = 429 sucessfully passed !
	Initialyzed swapped data for i = 355, j = 430 sucessfully passed !
	Initialyzed swapped data for i = 355, j = 431 sucessfully passed !
	Initialyzed swapped data for i = 355, j = 432 sucessfully passed !
	Initialyzed swapped data for i = 355, j = 433 sucessfully passed !
	Initialyzed swapped data for i = 356, j = 357 sucessfully passed !
	Initialyzed swapped data for i = 356, j = 358 sucessfully passed !
	Initialyzed swapped data for i = 356, j = 359 sucessfully passed !
	Initialyzed swapped data for i = 356, j = 360 sucessfully passed !
	Initialyzed swapped data for i = 356, j = 361 sucessfully passed !
	Initialyzed swapped data for i = 356, j = 362 sucessfully passed !
	Initialyzed swapped data for i = 356, j = 363 sucessfully passed !
	Initialyzed swapped data for i = 356, j = 364 sucessfully passed !
	Initialyzed swapped data for i = 356, j = 365 sucessfully passed !
	Initialyzed swapped data for i = 356, j = 366 sucessfully passed !
	Initialyzed swapped data for i = 356, j = 367 sucessfully passed !
	Initialyzed swapped data for i = 356, j = 368 sucessfully passed !
	Initialyzed swapped data for i = 356, j = 369 sucessfully passed !
	Initialyzed swapped data for i = 356, j = 370 sucessfully passed !
	Initialyzed swapped data for i = 356, j = 371 sucessfully passed !
	Initialyzed swapped data for i = 356, j = 372 sucessfully passed !
	Initialyzed swapped data for i = 356, j = 373 sucessfully passed !
	Initialyzed swapped data for i = 356, j = 374 sucessfully passed !
	Initialyzed swapped data for i = 356, j = 375 sucessfully passed !
	Initialyzed swapped data for i = 356, j = 376 sucessfully passed !
	Initialyzed swapped data for i = 356, j = 377 sucessfully passed !
	Initialyzed swapped data for i = 356, j = 378 sucessfully passed !
	Initialyzed swapped data for i = 356, j = 379 sucessfully passed !
	Initialyzed swapped data for i = 356, j = 380 sucessfully passed !
	Initialyzed swapped data for i = 356, j = 381 sucessfully passed !
	Initialyzed swapped data for i = 356, j = 382 sucessfully passed !
	Initialyzed swapped data for i = 356, j = 383 sucessfully passed !
	Initialyzed swapped data for i = 356, j = 384 sucessfully passed !
	Initialyzed swapped data for i = 356, j = 385 sucessfully passed !
	Initialyzed swapped data for i = 356, j = 386 sucessfully passed !
	Initialyzed swapped data for i = 356, j = 387 sucessfully passed !
	Initialyzed swapped data for i = 356, j = 388 sucessfully passed !
	Initialyzed swapped data for i = 356, j = 389 sucessfully passed !
	Initialyzed swapped data for i = 356, j = 390 sucessfully passed !
	Initialyzed swapped data for i = 356, j = 391 sucessfully passed !
	Initialyzed swapped data for i = 356, j = 392 sucessfully passed !
	Initialyzed swapped data for i = 356, j = 393 sucessfully passed !
	Initialyzed swapped data for i = 356, j = 394 sucessfully passed !
	Initialyzed swapped data for i = 356, j = 395 sucessfully passed !
	Initialyzed swapped data for i = 356, j = 396 sucessfully passed !
	Initialyzed swapped data for i = 356, j = 397 sucessfully passed !
	Initialyzed swapped data for i = 356, j = 398 sucessfully passed !
	Initialyzed swapped data for i = 356, j = 399 sucessfully passed !
	Initialyzed swapped data for i = 356, j = 400 sucessfully passed !
	Initialyzed swapped data for i = 356, j = 401 sucessfully passed !
	Initialyzed swapped data for i = 356, j = 402 sucessfully passed !
	Initialyzed swapped data for i = 356, j = 403 sucessfully passed !
	Initialyzed swapped data for i = 356, j = 404 sucessfully passed !
	Initialyzed swapped data for i = 356, j = 405 sucessfully passed !
	Initialyzed swapped data for i = 356, j = 406 sucessfully passed !
	Initialyzed swapped data for i = 356, j = 407 sucessfully passed !
	Initialyzed swapped data for i = 356, j = 408 sucessfully passed !
	Initialyzed swapped data for i = 356, j = 409 sucessfully passed !
	Initialyzed swapped data for i = 356, j = 410 sucessfully passed !
	Initialyzed swapped data for i = 356, j = 411 sucessfully passed !
	Initialyzed swapped data for i = 356, j = 412 sucessfully passed !
	Initialyzed swapped data for i = 356, j = 413 sucessfully passed !
	Initialyzed swapped data for i = 356, j = 414 sucessfully passed !
	Initialyzed swapped data for i = 356, j = 415 sucessfully passed !
	Initialyzed swapped data for i = 356, j = 416 sucessfully passed !
	Initialyzed swapped data for i = 356, j = 417 sucessfully passed !
	Initialyzed swapped data for i = 356, j = 418 sucessfully passed !
	Initialyzed swapped data for i = 356, j = 419 sucessfully passed !
	Initialyzed swapped data for i = 356, j = 420 sucessfully passed !
	Initialyzed swapped data for i = 356, j = 421 sucessfully passed !
	Initialyzed swapped data for i = 356, j = 422 sucessfully passed !
	Initialyzed swapped data for i = 356, j = 423 sucessfully passed !
	Initialyzed swapped data for i = 356, j = 424 sucessfully passed !
	Initialyzed swapped data for i = 356, j = 425 sucessfully passed !
	Initialyzed swapped data for i = 356, j = 426 sucessfully passed !
	Initialyzed swapped data for i = 356, j = 427 sucessfully passed !
	Initialyzed swapped data for i = 356, j = 428 sucessfully passed !
	Initialyzed swapped data for i = 356, j = 429 sucessfully passed !
	Initialyzed swapped data for i = 356, j = 430 sucessfully passed !
	Initialyzed swapped data for i = 356, j = 431 sucessfully passed !
	Initialyzed swapped data for i = 356, j = 432 sucessfully passed !
	Initialyzed swapped data for i = 356, j = 433 sucessfully passed !
	Initialyzed swapped data for i = 357, j = 358 sucessfully passed !
	Initialyzed swapped data for i = 357, j = 359 sucessfully passed !
	Initialyzed swapped data for i = 357, j = 360 sucessfully passed !
	Initialyzed swapped data for i = 357, j = 361 sucessfully passed !
	Initialyzed swapped data for i = 357, j = 362 sucessfully passed !
	Initialyzed swapped data for i = 357, j = 363 sucessfully passed !
	Initialyzed swapped data for i = 357, j = 364 sucessfully passed !
	Initialyzed swapped data for i = 357, j = 365 sucessfully passed !
	Initialyzed swapped data for i = 357, j = 366 sucessfully passed !
	Initialyzed swapped data for i = 357, j = 367 sucessfully passed !
	Initialyzed swapped data for i = 357, j = 368 sucessfully passed !
	Initialyzed swapped data for i = 357, j = 369 sucessfully passed !
	Initialyzed swapped data for i = 357, j = 370 sucessfully passed !
	Initialyzed swapped data for i = 357, j = 371 sucessfully passed !
	Initialyzed swapped data for i = 357, j = 372 sucessfully passed !
	Initialyzed swapped data for i = 357, j = 373 sucessfully passed !
	Initialyzed swapped data for i = 357, j = 374 sucessfully passed !
	Initialyzed swapped data for i = 357, j = 375 sucessfully passed !
	Initialyzed swapped data for i = 357, j = 376 sucessfully passed !
	Initialyzed swapped data for i = 357, j = 377 sucessfully passed !
	Initialyzed swapped data for i = 357, j = 378 sucessfully passed !
	Initialyzed swapped data for i = 357, j = 379 sucessfully passed !
	Initialyzed swapped data for i = 357, j = 380 sucessfully passed !
	Initialyzed swapped data for i = 357, j = 381 sucessfully passed !
	Initialyzed swapped data for i = 357, j = 382 sucessfully passed !
	Initialyzed swapped data for i = 357, j = 383 sucessfully passed !
	Initialyzed swapped data for i = 357, j = 384 sucessfully passed !
	Initialyzed swapped data for i = 357, j = 385 sucessfully passed !
	Initialyzed swapped data for i = 357, j = 386 sucessfully passed !
	Initialyzed swapped data for i = 357, j = 387 sucessfully passed !
	Initialyzed swapped data for i = 357, j = 388 sucessfully passed !
	Initialyzed swapped data for i = 357, j = 389 sucessfully passed !
	Initialyzed swapped data for i = 357, j = 390 sucessfully passed !
	Initialyzed swapped data for i = 357, j = 391 sucessfully passed !
	Initialyzed swapped data for i = 357, j = 392 sucessfully passed !
	Initialyzed swapped data for i = 357, j = 393 sucessfully passed !
	Initialyzed swapped data for i = 357, j = 394 sucessfully passed !
	Initialyzed swapped data for i = 357, j = 395 sucessfully passed !
	Initialyzed swapped data for i = 357, j = 396 sucessfully passed !
	Initialyzed swapped data for i = 357, j = 397 sucessfully passed !
	Initialyzed swapped data for i = 357, j = 398 sucessfully passed !
	Initialyzed swapped data for i = 357, j = 399 sucessfully passed !
	Initialyzed swapped data for i = 357, j = 400 sucessfully passed !
	Initialyzed swapped data for i = 357, j = 401 sucessfully passed !
	Initialyzed swapped data for i = 357, j = 402 sucessfully passed !
	Initialyzed swapped data for i = 357, j = 403 sucessfully passed !
	Initialyzed swapped data for i = 357, j = 404 sucessfully passed !
	Initialyzed swapped data for i = 357, j = 405 sucessfully passed !
	Initialyzed swapped data for i = 357, j = 406 sucessfully passed !
	Initialyzed swapped data for i = 357, j = 407 sucessfully passed !
	Initialyzed swapped data for i = 357, j = 408 sucessfully passed !
	Initialyzed swapped data for i = 357, j = 409 sucessfully passed !
	Initialyzed swapped data for i = 357, j = 410 sucessfully passed !
	Initialyzed swapped data for i = 357, j = 411 sucessfully passed !
	Initialyzed swapped data for i = 357, j = 412 sucessfully passed !
	Initialyzed swapped data for i = 357, j = 413 sucessfully passed !
	Initialyzed swapped data for i = 357, j = 414 sucessfully passed !
	Initialyzed swapped data for i = 357, j = 415 sucessfully passed !
	Initialyzed swapped data for i = 357, j = 416 sucessfully passed !
	Initialyzed swapped data for i = 357, j = 417 sucessfully passed !
	Initialyzed swapped data for i = 357, j = 418 sucessfully passed !
	Initialyzed swapped data for i = 357, j = 419 sucessfully passed !
	Initialyzed swapped data for i = 357, j = 420 sucessfully passed !
	Initialyzed swapped data for i = 357, j = 421 sucessfully passed !
	Initialyzed swapped data for i = 357, j = 422 sucessfully passed !
	Initialyzed swapped data for i = 357, j = 423 sucessfully passed !
	Initialyzed swapped data for i = 357, j = 424 sucessfully passed !
	Initialyzed swapped data for i = 357, j = 425 sucessfully passed !
	Initialyzed swapped data for i = 357, j = 426 sucessfully passed !
	Initialyzed swapped data for i = 357, j = 427 sucessfully passed !
	Initialyzed swapped data for i = 357, j = 428 sucessfully passed !
	Initialyzed swapped data for i = 357, j = 429 sucessfully passed !
	Initialyzed swapped data for i = 357, j = 430 sucessfully passed !
	Initialyzed swapped data for i = 357, j = 431 sucessfully passed !
	Initialyzed swapped data for i = 357, j = 432 sucessfully passed !
	Initialyzed swapped data for i = 357, j = 433 sucessfully passed !
	Initialyzed swapped data for i = 358, j = 359 sucessfully passed !
	Initialyzed swapped data for i = 358, j = 360 sucessfully passed !
	Initialyzed swapped data for i = 358, j = 361 sucessfully passed !
	Initialyzed swapped data for i = 358, j = 362 sucessfully passed !
	Initialyzed swapped data for i = 358, j = 363 sucessfully passed !
	Initialyzed swapped data for i = 358, j = 364 sucessfully passed !
	Initialyzed swapped data for i = 358, j = 365 sucessfully passed !
	Initialyzed swapped data for i = 358, j = 366 sucessfully passed !
	Initialyzed swapped data for i = 358, j = 367 sucessfully passed !
	Initialyzed swapped data for i = 358, j = 368 sucessfully passed !
	Initialyzed swapped data for i = 358, j = 369 sucessfully passed !
	Initialyzed swapped data for i = 358, j = 370 sucessfully passed !
	Initialyzed swapped data for i = 358, j = 371 sucessfully passed !
	Initialyzed swapped data for i = 358, j = 372 sucessfully passed !
	Initialyzed swapped data for i = 358, j = 373 sucessfully passed !
	Initialyzed swapped data for i = 358, j = 374 sucessfully passed !
	Initialyzed swapped data for i = 358, j = 375 sucessfully passed !
	Initialyzed swapped data for i = 358, j = 376 sucessfully passed !
	Initialyzed swapped data for i = 358, j = 377 sucessfully passed !
	Initialyzed swapped data for i = 358, j = 378 sucessfully passed !
	Initialyzed swapped data for i = 358, j = 379 sucessfully passed !
	Initialyzed swapped data for i = 358, j = 380 sucessfully passed !
	Initialyzed swapped data for i = 358, j = 381 sucessfully passed !
	Initialyzed swapped data for i = 358, j = 382 sucessfully passed !
	Initialyzed swapped data for i = 358, j = 383 sucessfully passed !
	Initialyzed swapped data for i = 358, j = 384 sucessfully passed !
	Initialyzed swapped data for i = 358, j = 385 sucessfully passed !
	Initialyzed swapped data for i = 358, j = 386 sucessfully passed !
	Initialyzed swapped data for i = 358, j = 387 sucessfully passed !
	Initialyzed swapped data for i = 358, j = 388 sucessfully passed !
	Initialyzed swapped data for i = 358, j = 389 sucessfully passed !
	Initialyzed swapped data for i = 358, j = 390 sucessfully passed !
	Initialyzed swapped data for i = 358, j = 391 sucessfully passed !
	Initialyzed swapped data for i = 358, j = 392 sucessfully passed !
	Initialyzed swapped data for i = 358, j = 393 sucessfully passed !
	Initialyzed swapped data for i = 358, j = 394 sucessfully passed !
	Initialyzed swapped data for i = 358, j = 395 sucessfully passed !
	Initialyzed swapped data for i = 358, j = 396 sucessfully passed !
	Initialyzed swapped data for i = 358, j = 397 sucessfully passed !
	Initialyzed swapped data for i = 358, j = 398 sucessfully passed !
	Initialyzed swapped data for i = 358, j = 399 sucessfully passed !
	Initialyzed swapped data for i = 358, j = 400 sucessfully passed !
	Initialyzed swapped data for i = 358, j = 401 sucessfully passed !
	Initialyzed swapped data for i = 358, j = 402 sucessfully passed !
	Initialyzed swapped data for i = 358, j = 403 sucessfully passed !
	Initialyzed swapped data for i = 358, j = 404 sucessfully passed !
	Initialyzed swapped data for i = 358, j = 405 sucessfully passed !
	Initialyzed swapped data for i = 358, j = 406 sucessfully passed !
	Initialyzed swapped data for i = 358, j = 407 sucessfully passed !
	Initialyzed swapped data for i = 358, j = 408 sucessfully passed !
	Initialyzed swapped data for i = 358, j = 409 sucessfully passed !
	Initialyzed swapped data for i = 358, j = 410 sucessfully passed !
	Initialyzed swapped data for i = 358, j = 411 sucessfully passed !
	Initialyzed swapped data for i = 358, j = 412 sucessfully passed !
	Initialyzed swapped data for i = 358, j = 413 sucessfully passed !
	Initialyzed swapped data for i = 358, j = 414 sucessfully passed !
	Initialyzed swapped data for i = 358, j = 415 sucessfully passed !
	Initialyzed swapped data for i = 358, j = 416 sucessfully passed !
	Initialyzed swapped data for i = 358, j = 417 sucessfully passed !
	Initialyzed swapped data for i = 358, j = 418 sucessfully passed !
	Initialyzed swapped data for i = 358, j = 419 sucessfully passed !
	Initialyzed swapped data for i = 358, j = 420 sucessfully passed !
	Initialyzed swapped data for i = 358, j = 421 sucessfully passed !
	Initialyzed swapped data for i = 358, j = 422 sucessfully passed !
	Initialyzed swapped data for i = 358, j = 423 sucessfully passed !
	Initialyzed swapped data for i = 358, j = 424 sucessfully passed !
	Initialyzed swapped data for i = 358, j = 425 sucessfully passed !
	Initialyzed swapped data for i = 358, j = 426 sucessfully passed !
	Initialyzed swapped data for i = 358, j = 427 sucessfully passed !
	Initialyzed swapped data for i = 358, j = 428 sucessfully passed !
	Initialyzed swapped data for i = 358, j = 429 sucessfully passed !
	Initialyzed swapped data for i = 358, j = 430 sucessfully passed !
	Initialyzed swapped data for i = 358, j = 431 sucessfully passed !
	Initialyzed swapped data for i = 358, j = 432 sucessfully passed !
	Initialyzed swapped data for i = 358, j = 433 sucessfully passed !
	Initialyzed swapped data for i = 359, j = 360 sucessfully passed !
	Initialyzed swapped data for i = 359, j = 361 sucessfully passed !
	Initialyzed swapped data for i = 359, j = 362 sucessfully passed !
	Initialyzed swapped data for i = 359, j = 363 sucessfully passed !
	Initialyzed swapped data for i = 359, j = 364 sucessfully passed !
	Initialyzed swapped data for i = 359, j = 365 sucessfully passed !
	Initialyzed swapped data for i = 359, j = 366 sucessfully passed !
	Initialyzed swapped data for i = 359, j = 367 sucessfully passed !
	Initialyzed swapped data for i = 359, j = 368 sucessfully passed !
	Initialyzed swapped data for i = 359, j = 369 sucessfully passed !
	Initialyzed swapped data for i = 359, j = 370 sucessfully passed !
	Initialyzed swapped data for i = 359, j = 371 sucessfully passed !
	Initialyzed swapped data for i = 359, j = 372 sucessfully passed !
	Initialyzed swapped data for i = 359, j = 373 sucessfully passed !
	Initialyzed swapped data for i = 359, j = 374 sucessfully passed !
	Initialyzed swapped data for i = 359, j = 375 sucessfully passed !
	Initialyzed swapped data for i = 359, j = 376 sucessfully passed !
	Initialyzed swapped data for i = 359, j = 377 sucessfully passed !
	Initialyzed swapped data for i = 359, j = 378 sucessfully passed !
	Initialyzed swapped data for i = 359, j = 379 sucessfully passed !
	Initialyzed swapped data for i = 359, j = 380 sucessfully passed !
	Initialyzed swapped data for i = 359, j = 381 sucessfully passed !
	Initialyzed swapped data for i = 359, j = 382 sucessfully passed !
	Initialyzed swapped data for i = 359, j = 383 sucessfully passed !
	Initialyzed swapped data for i = 359, j = 384 sucessfully passed !
	Initialyzed swapped data for i = 359, j = 385 sucessfully passed !
	Initialyzed swapped data for i = 359, j = 386 sucessfully passed !
	Initialyzed swapped data for i = 359, j = 387 sucessfully passed !
	Initialyzed swapped data for i = 359, j = 388 sucessfully passed !
	Initialyzed swapped data for i = 359, j = 389 sucessfully passed !
	Initialyzed swapped data for i = 359, j = 390 sucessfully passed !
	Initialyzed swapped data for i = 359, j = 391 sucessfully passed !
	Initialyzed swapped data for i = 359, j = 392 sucessfully passed !
	Initialyzed swapped data for i = 359, j = 393 sucessfully passed !
	Initialyzed swapped data for i = 359, j = 394 sucessfully passed !
	Initialyzed swapped data for i = 359, j = 395 sucessfully passed !
	Initialyzed swapped data for i = 359, j = 396 sucessfully passed !
	Initialyzed swapped data for i = 359, j = 397 sucessfully passed !
	Initialyzed swapped data for i = 359, j = 398 sucessfully passed !
	Initialyzed swapped data for i = 359, j = 399 sucessfully passed !
	Initialyzed swapped data for i = 359, j = 400 sucessfully passed !
	Initialyzed swapped data for i = 359, j = 401 sucessfully passed !
	Initialyzed swapped data for i = 359, j = 402 sucessfully passed !
	Initialyzed swapped data for i = 359, j = 403 sucessfully passed !
	Initialyzed swapped data for i = 359, j = 404 sucessfully passed !
	Initialyzed swapped data for i = 359, j = 405 sucessfully passed !
	Initialyzed swapped data for i = 359, j = 406 sucessfully passed !
	Initialyzed swapped data for i = 359, j = 407 sucessfully passed !
	Initialyzed swapped data for i = 359, j = 408 sucessfully passed !
	Initialyzed swapped data for i = 359, j = 409 sucessfully passed !
	Initialyzed swapped data for i = 359, j = 410 sucessfully passed !
	Initialyzed swapped data for i = 359, j = 411 sucessfully passed !
	Initialyzed swapped data for i = 359, j = 412 sucessfully passed !
	Initialyzed swapped data for i = 359, j = 413 sucessfully passed !
	Initialyzed swapped data for i = 359, j = 414 sucessfully passed !
	Initialyzed swapped data for i = 359, j = 415 sucessfully passed !
	Initialyzed swapped data for i = 359, j = 416 sucessfully passed !
	Initialyzed swapped data for i = 359, j = 417 sucessfully passed !
	Initialyzed swapped data for i = 359, j = 418 sucessfully passed !
	Initialyzed swapped data for i = 359, j = 419 sucessfully passed !
	Initialyzed swapped data for i = 359, j = 420 sucessfully passed !
	Initialyzed swapped data for i = 359, j = 421 sucessfully passed !
	Initialyzed swapped data for i = 359, j = 422 sucessfully passed !
	Initialyzed swapped data for i = 359, j = 423 sucessfully passed !
	Initialyzed swapped data for i = 359, j = 424 sucessfully passed !
	Initialyzed swapped data for i = 359, j = 425 sucessfully passed !
	Initialyzed swapped data for i = 359, j = 426 sucessfully passed !
	Initialyzed swapped data for i = 359, j = 427 sucessfully passed !
	Initialyzed swapped data for i = 359, j = 428 sucessfully passed !
	Initialyzed swapped data for i = 359, j = 429 sucessfully passed !
	Initialyzed swapped data for i = 359, j = 430 sucessfully passed !
	Initialyzed swapped data for i = 359, j = 431 sucessfully passed !
	Initialyzed swapped data for i = 359, j = 432 sucessfully passed !
	Initialyzed swapped data for i = 359, j = 433 sucessfully passed !
	Initialyzed swapped data for i = 360, j = 361 sucessfully passed !
	Initialyzed swapped data for i = 360, j = 362 sucessfully passed !
	Initialyzed swapped data for i = 360, j = 363 sucessfully passed !
	Initialyzed swapped data for i = 360, j = 364 sucessfully passed !
	Initialyzed swapped data for i = 360, j = 365 sucessfully passed !
	Initialyzed swapped data for i = 360, j = 366 sucessfully passed !
	Initialyzed swapped data for i = 360, j = 367 sucessfully passed !
	Initialyzed swapped data for i = 360, j = 368 sucessfully passed !
	Initialyzed swapped data for i = 360, j = 369 sucessfully passed !
	Initialyzed swapped data for i = 360, j = 370 sucessfully passed !
	Initialyzed swapped data for i = 360, j = 371 sucessfully passed !
	Initialyzed swapped data for i = 360, j = 372 sucessfully passed !
	Initialyzed swapped data for i = 360, j = 373 sucessfully passed !
	Initialyzed swapped data for i = 360, j = 374 sucessfully passed !
	Initialyzed swapped data for i = 360, j = 375 sucessfully passed !
	Initialyzed swapped data for i = 360, j = 376 sucessfully passed !
	Initialyzed swapped data for i = 360, j = 377 sucessfully passed !
	Initialyzed swapped data for i = 360, j = 378 sucessfully passed !
	Initialyzed swapped data for i = 360, j = 379 sucessfully passed !
	Initialyzed swapped data for i = 360, j = 380 sucessfully passed !
	Initialyzed swapped data for i = 360, j = 381 sucessfully passed !
	Initialyzed swapped data for i = 360, j = 382 sucessfully passed !
	Initialyzed swapped data for i = 360, j = 383 sucessfully passed !
	Initialyzed swapped data for i = 360, j = 384 sucessfully passed !
	Initialyzed swapped data for i = 360, j = 385 sucessfully passed !
	Initialyzed swapped data for i = 360, j = 386 sucessfully passed !
	Initialyzed swapped data for i = 360, j = 387 sucessfully passed !
	Initialyzed swapped data for i = 360, j = 388 sucessfully passed !
	Initialyzed swapped data for i = 360, j = 389 sucessfully passed !
	Initialyzed swapped data for i = 360, j = 390 sucessfully passed !
	Initialyzed swapped data for i = 360, j = 391 sucessfully passed !
	Initialyzed swapped data for i = 360, j = 392 sucessfully passed !
	Initialyzed swapped data for i = 360, j = 393 sucessfully passed !
	Initialyzed swapped data for i = 360, j = 394 sucessfully passed !
	Initialyzed swapped data for i = 360, j = 395 sucessfully passed !
	Initialyzed swapped data for i = 360, j = 396 sucessfully passed !
	Initialyzed swapped data for i = 360, j = 397 sucessfully passed !
	Initialyzed swapped data for i = 360, j = 398 sucessfully passed !
	Initialyzed swapped data for i = 360, j = 399 sucessfully passed !
	Initialyzed swapped data for i = 360, j = 400 sucessfully passed !
	Initialyzed swapped data for i = 360, j = 401 sucessfully passed !
	Initialyzed swapped data for i = 360, j = 402 sucessfully passed !
	Initialyzed swapped data for i = 360, j = 403 sucessfully passed !
	Initialyzed swapped data for i = 360, j = 404 sucessfully passed !
	Initialyzed swapped data for i = 360, j = 405 sucessfully passed !
	Initialyzed swapped data for i = 360, j = 406 sucessfully passed !
	Initialyzed swapped data for i = 360, j = 407 sucessfully passed !
	Initialyzed swapped data for i = 360, j = 408 sucessfully passed !
	Initialyzed swapped data for i = 360, j = 409 sucessfully passed !
	Initialyzed swapped data for i = 360, j = 410 sucessfully passed !
	Initialyzed swapped data for i = 360, j = 411 sucessfully passed !
	Initialyzed swapped data for i = 360, j = 412 sucessfully passed !
	Initialyzed swapped data for i = 360, j = 413 sucessfully passed !
	Initialyzed swapped data for i = 360, j = 414 sucessfully passed !
	Initialyzed swapped data for i = 360, j = 415 sucessfully passed !
	Initialyzed swapped data for i = 360, j = 416 sucessfully passed !
	Initialyzed swapped data for i = 360, j = 417 sucessfully passed !
	Initialyzed swapped data for i = 360, j = 418 sucessfully passed !
	Initialyzed swapped data for i = 360, j = 419 sucessfully passed !
	Initialyzed swapped data for i = 360, j = 420 sucessfully passed !
	Initialyzed swapped data for i = 360, j = 421 sucessfully passed !
	Initialyzed swapped data for i = 360, j = 422 sucessfully passed !
	Initialyzed swapped data for i = 360, j = 423 sucessfully passed !
	Initialyzed swapped data for i = 360, j = 424 sucessfully passed !
	Initialyzed swapped data for i = 360, j = 425 sucessfully passed !
	Initialyzed swapped data for i = 360, j = 426 sucessfully passed !
	Initialyzed swapped data for i = 360, j = 427 sucessfully passed !
	Initialyzed swapped data for i = 360, j = 428 sucessfully passed !
	Initialyzed swapped data for i = 360, j = 429 sucessfully passed !
	Initialyzed swapped data for i = 360, j = 430 sucessfully passed !
	Initialyzed swapped data for i = 360, j = 431 sucessfully passed !
	Initialyzed swapped data for i = 360, j = 432 sucessfully passed !
	Initialyzed swapped data for i = 360, j = 433 sucessfully passed !
	Initialyzed swapped data for i = 361, j = 362 sucessfully passed !
	Initialyzed swapped data for i = 361, j = 363 sucessfully passed !
	Initialyzed swapped data for i = 361, j = 364 sucessfully passed !
	Initialyzed swapped data for i = 361, j = 365 sucessfully passed !
	Initialyzed swapped data for i = 361, j = 366 sucessfully passed !
	Initialyzed swapped data for i = 361, j = 367 sucessfully passed !
	Initialyzed swapped data for i = 361, j = 368 sucessfully passed !
	Initialyzed swapped data for i = 361, j = 369 sucessfully passed !
	Initialyzed swapped data for i = 361, j = 370 sucessfully passed !
	Initialyzed swapped data for i = 361, j = 371 sucessfully passed !
	Initialyzed swapped data for i = 361, j = 372 sucessfully passed !
	Initialyzed swapped data for i = 361, j = 373 sucessfully passed !
	Initialyzed swapped data for i = 361, j = 374 sucessfully passed !
	Initialyzed swapped data for i = 361, j = 375 sucessfully passed !
	Initialyzed swapped data for i = 361, j = 376 sucessfully passed !
	Initialyzed swapped data for i = 361, j = 377 sucessfully passed !
	Initialyzed swapped data for i = 361, j = 378 sucessfully passed !
	Initialyzed swapped data for i = 361, j = 379 sucessfully passed !
	Initialyzed swapped data for i = 361, j = 380 sucessfully passed !
	Initialyzed swapped data for i = 361, j = 381 sucessfully passed !
	Initialyzed swapped data for i = 361, j = 382 sucessfully passed !
	Initialyzed swapped data for i = 361, j = 383 sucessfully passed !
	Initialyzed swapped data for i = 361, j = 384 sucessfully passed !
	Initialyzed swapped data for i = 361, j = 385 sucessfully passed !
	Initialyzed swapped data for i = 361, j = 386 sucessfully passed !
	Initialyzed swapped data for i = 361, j = 387 sucessfully passed !
	Initialyzed swapped data for i = 361, j = 388 sucessfully passed !
	Initialyzed swapped data for i = 361, j = 389 sucessfully passed !
	Initialyzed swapped data for i = 361, j = 390 sucessfully passed !
	Initialyzed swapped data for i = 361, j = 391 sucessfully passed !
	Initialyzed swapped data for i = 361, j = 392 sucessfully passed !
	Initialyzed swapped data for i = 361, j = 393 sucessfully passed !
	Initialyzed swapped data for i = 361, j = 394 sucessfully passed !
	Initialyzed swapped data for i = 361, j = 395 sucessfully passed !
	Initialyzed swapped data for i = 361, j = 396 sucessfully passed !
	Initialyzed swapped data for i = 361, j = 397 sucessfully passed !
	Initialyzed swapped data for i = 361, j = 398 sucessfully passed !
	Initialyzed swapped data for i = 361, j = 399 sucessfully passed !
	Initialyzed swapped data for i = 361, j = 400 sucessfully passed !
	Initialyzed swapped data for i = 361, j = 401 sucessfully passed !
	Initialyzed swapped data for i = 361, j = 402 sucessfully passed !
	Initialyzed swapped data for i = 361, j = 403 sucessfully passed !
	Initialyzed swapped data for i = 361, j = 404 sucessfully passed !
	Initialyzed swapped data for i = 361, j = 405 sucessfully passed !
	Initialyzed swapped data for i = 361, j = 406 sucessfully passed !
	Initialyzed swapped data for i = 361, j = 407 sucessfully passed !
	Initialyzed swapped data for i = 361, j = 408 sucessfully passed !
	Initialyzed swapped data for i = 361, j = 409 sucessfully passed !
	Initialyzed swapped data for i = 361, j = 410 sucessfully passed !
	Initialyzed swapped data for i = 361, j = 411 sucessfully passed !
	Initialyzed swapped data for i = 361, j = 412 sucessfully passed !
	Initialyzed swapped data for i = 361, j = 413 sucessfully passed !
	Initialyzed swapped data for i = 361, j = 414 sucessfully passed !
	Initialyzed swapped data for i = 361, j = 415 sucessfully passed !
	Initialyzed swapped data for i = 361, j = 416 sucessfully passed !
	Initialyzed swapped data for i = 361, j = 417 sucessfully passed !
	Initialyzed swapped data for i = 361, j = 418 sucessfully passed !
	Initialyzed swapped data for i = 361, j = 419 sucessfully passed !
	Initialyzed swapped data for i = 361, j = 420 sucessfully passed !
	Initialyzed swapped data for i = 361, j = 421 sucessfully passed !
	Initialyzed swapped data for i = 361, j = 422 sucessfully passed !
	Initialyzed swapped data for i = 361, j = 423 sucessfully passed !
	Initialyzed swapped data for i = 361, j = 424 sucessfully passed !
	Initialyzed swapped data for i = 361, j = 425 sucessfully passed !
	Initialyzed swapped data for i = 361, j = 426 sucessfully passed !
	Initialyzed swapped data for i = 361, j = 427 sucessfully passed !
	Initialyzed swapped data for i = 361, j = 428 sucessfully passed !
	Initialyzed swapped data for i = 361, j = 429 sucessfully passed !
	Initialyzed swapped data for i = 361, j = 430 sucessfully passed !
	Initialyzed swapped data for i = 361, j = 431 sucessfully passed !
	Initialyzed swapped data for i = 361, j = 432 sucessfully passed !
	Initialyzed swapped data for i = 361, j = 433 sucessfully passed !
	Initialyzed swapped data for i = 362, j = 363 sucessfully passed !
	Initialyzed swapped data for i = 362, j = 364 sucessfully passed !
	Initialyzed swapped data for i = 362, j = 365 sucessfully passed !
	Initialyzed swapped data for i = 362, j = 366 sucessfully passed !
	Initialyzed swapped data for i = 362, j = 367 sucessfully passed !
	Initialyzed swapped data for i = 362, j = 368 sucessfully passed !
	Initialyzed swapped data for i = 362, j = 369 sucessfully passed !
	Initialyzed swapped data for i = 362, j = 370 sucessfully passed !
	Initialyzed swapped data for i = 362, j = 371 sucessfully passed !
	Initialyzed swapped data for i = 362, j = 372 sucessfully passed !
	Initialyzed swapped data for i = 362, j = 373 sucessfully passed !
	Initialyzed swapped data for i = 362, j = 374 sucessfully passed !
	Initialyzed swapped data for i = 362, j = 375 sucessfully passed !
	Initialyzed swapped data for i = 362, j = 376 sucessfully passed !
	Initialyzed swapped data for i = 362, j = 377 sucessfully passed !
	Initialyzed swapped data for i = 362, j = 378 sucessfully passed !
	Initialyzed swapped data for i = 362, j = 379 sucessfully passed !
	Initialyzed swapped data for i = 362, j = 380 sucessfully passed !
	Initialyzed swapped data for i = 362, j = 381 sucessfully passed !
	Initialyzed swapped data for i = 362, j = 382 sucessfully passed !
	Initialyzed swapped data for i = 362, j = 383 sucessfully passed !
	Initialyzed swapped data for i = 362, j = 384 sucessfully passed !
	Initialyzed swapped data for i = 362, j = 385 sucessfully passed !
	Initialyzed swapped data for i = 362, j = 386 sucessfully passed !
	Initialyzed swapped data for i = 362, j = 387 sucessfully passed !
	Initialyzed swapped data for i = 362, j = 388 sucessfully passed !
	Initialyzed swapped data for i = 362, j = 389 sucessfully passed !
	Initialyzed swapped data for i = 362, j = 390 sucessfully passed !
	Initialyzed swapped data for i = 362, j = 391 sucessfully passed !
	Initialyzed swapped data for i = 362, j = 392 sucessfully passed !
	Initialyzed swapped data for i = 362, j = 393 sucessfully passed !
	Initialyzed swapped data for i = 362, j = 394 sucessfully passed !
	Initialyzed swapped data for i = 362, j = 395 sucessfully passed !
	Initialyzed swapped data for i = 362, j = 396 sucessfully passed !
	Initialyzed swapped data for i = 362, j = 397 sucessfully passed !
	Initialyzed swapped data for i = 362, j = 398 sucessfully passed !
	Initialyzed swapped data for i = 362, j = 399 sucessfully passed !
	Initialyzed swapped data for i = 362, j = 400 sucessfully passed !
	Initialyzed swapped data for i = 362, j = 401 sucessfully passed !
	Initialyzed swapped data for i = 362, j = 402 sucessfully passed !
	Initialyzed swapped data for i = 362, j = 403 sucessfully passed !
	Initialyzed swapped data for i = 362, j = 404 sucessfully passed !
	Initialyzed swapped data for i = 362, j = 405 sucessfully passed !
	Initialyzed swapped data for i = 362, j = 406 sucessfully passed !
	Initialyzed swapped data for i = 362, j = 407 sucessfully passed !
	Initialyzed swapped data for i = 362, j = 408 sucessfully passed !
	Initialyzed swapped data for i = 362, j = 409 sucessfully passed !
	Initialyzed swapped data for i = 362, j = 410 sucessfully passed !
	Initialyzed swapped data for i = 362, j = 411 sucessfully passed !
	Initialyzed swapped data for i = 362, j = 412 sucessfully passed !
	Initialyzed swapped data for i = 362, j = 413 sucessfully passed !
	Initialyzed swapped data for i = 362, j = 414 sucessfully passed !
	Initialyzed swapped data for i = 362, j = 415 sucessfully passed !
	Initialyzed swapped data for i = 362, j = 416 sucessfully passed !
	Initialyzed swapped data for i = 362, j = 417 sucessfully passed !
	Initialyzed swapped data for i = 362, j = 418 sucessfully passed !
	Initialyzed swapped data for i = 362, j = 419 sucessfully passed !
	Initialyzed swapped data for i = 362, j = 420 sucessfully passed !
	Initialyzed swapped data for i = 362, j = 421 sucessfully passed !
	Initialyzed swapped data for i = 362, j = 422 sucessfully passed !
	Initialyzed swapped data for i = 362, j = 423 sucessfully passed !
	Initialyzed swapped data for i = 362, j = 424 sucessfully passed !
	Initialyzed swapped data for i = 362, j = 425 sucessfully passed !
	Initialyzed swapped data for i = 362, j = 426 sucessfully passed !
	Initialyzed swapped data for i = 362, j = 427 sucessfully passed !
	Initialyzed swapped data for i = 362, j = 428 sucessfully passed !
	Initialyzed swapped data for i = 362, j = 429 sucessfully passed !
	Initialyzed swapped data for i = 362, j = 430 sucessfully passed !
	Initialyzed swapped data for i = 362, j = 431 sucessfully passed !
	Initialyzed swapped data for i = 362, j = 432 sucessfully passed !
	Initialyzed swapped data for i = 362, j = 433 sucessfully passed !
	Initialyzed swapped data for i = 363, j = 364 sucessfully passed !
	Initialyzed swapped data for i = 363, j = 365 sucessfully passed !
	Initialyzed swapped data for i = 363, j = 366 sucessfully passed !
	Initialyzed swapped data for i = 363, j = 367 sucessfully passed !
	Initialyzed swapped data for i = 363, j = 368 sucessfully passed !
	Initialyzed swapped data for i = 363, j = 369 sucessfully passed !
	Initialyzed swapped data for i = 363, j = 370 sucessfully passed !
	Initialyzed swapped data for i = 363, j = 371 sucessfully passed !
	Initialyzed swapped data for i = 363, j = 372 sucessfully passed !
	Initialyzed swapped data for i = 363, j = 373 sucessfully passed !
	Initialyzed swapped data for i = 363, j = 374 sucessfully passed !
	Initialyzed swapped data for i = 363, j = 375 sucessfully passed !
	Initialyzed swapped data for i = 363, j = 376 sucessfully passed !
	Initialyzed swapped data for i = 363, j = 377 sucessfully passed !
	Initialyzed swapped data for i = 363, j = 378 sucessfully passed !
	Initialyzed swapped data for i = 363, j = 379 sucessfully passed !
	Initialyzed swapped data for i = 363, j = 380 sucessfully passed !
	Initialyzed swapped data for i = 363, j = 381 sucessfully passed !
	Initialyzed swapped data for i = 363, j = 382 sucessfully passed !
	Initialyzed swapped data for i = 363, j = 383 sucessfully passed !
	Initialyzed swapped data for i = 363, j = 384 sucessfully passed !
	Initialyzed swapped data for i = 363, j = 385 sucessfully passed !
	Initialyzed swapped data for i = 363, j = 386 sucessfully passed !
	Initialyzed swapped data for i = 363, j = 387 sucessfully passed !
	Initialyzed swapped data for i = 363, j = 388 sucessfully passed !
	Initialyzed swapped data for i = 363, j = 389 sucessfully passed !
	Initialyzed swapped data for i = 363, j = 390 sucessfully passed !
	Initialyzed swapped data for i = 363, j = 391 sucessfully passed !
	Initialyzed swapped data for i = 363, j = 392 sucessfully passed !
	Initialyzed swapped data for i = 363, j = 393 sucessfully passed !
	Initialyzed swapped data for i = 363, j = 394 sucessfully passed !
	Initialyzed swapped data for i = 363, j = 395 sucessfully passed !
	Initialyzed swapped data for i = 363, j = 396 sucessfully passed !
	Initialyzed swapped data for i = 363, j = 397 sucessfully passed !
	Initialyzed swapped data for i = 363, j = 398 sucessfully passed !
	Initialyzed swapped data for i = 363, j = 399 sucessfully passed !
	Initialyzed swapped data for i = 363, j = 400 sucessfully passed !
	Initialyzed swapped data for i = 363, j = 401 sucessfully passed !
	Initialyzed swapped data for i = 363, j = 402 sucessfully passed !
	Initialyzed swapped data for i = 363, j = 403 sucessfully passed !
	Initialyzed swapped data for i = 363, j = 404 sucessfully passed !
	Initialyzed swapped data for i = 363, j = 405 sucessfully passed !
	Initialyzed swapped data for i = 363, j = 406 sucessfully passed !
	Initialyzed swapped data for i = 363, j = 407 sucessfully passed !
	Initialyzed swapped data for i = 363, j = 408 sucessfully passed !
	Initialyzed swapped data for i = 363, j = 409 sucessfully passed !
	Initialyzed swapped data for i = 363, j = 410 sucessfully passed !
	Initialyzed swapped data for i = 363, j = 411 sucessfully passed !
	Initialyzed swapped data for i = 363, j = 412 sucessfully passed !
	Initialyzed swapped data for i = 363, j = 413 sucessfully passed !
	Initialyzed swapped data for i = 363, j = 414 sucessfully passed !
	Initialyzed swapped data for i = 363, j = 415 sucessfully passed !
	Initialyzed swapped data for i = 363, j = 416 sucessfully passed !
	Initialyzed swapped data for i = 363, j = 417 sucessfully passed !
	Initialyzed swapped data for i = 363, j = 418 sucessfully passed !
	Initialyzed swapped data for i = 363, j = 419 sucessfully passed !
	Initialyzed swapped data for i = 363, j = 420 sucessfully passed !
	Initialyzed swapped data for i = 363, j = 421 sucessfully passed !
	Initialyzed swapped data for i = 363, j = 422 sucessfully passed !
	Initialyzed swapped data for i = 363, j = 423 sucessfully passed !
	Initialyzed swapped data for i = 363, j = 424 sucessfully passed !
	Initialyzed swapped data for i = 363, j = 425 sucessfully passed !
	Initialyzed swapped data for i = 363, j = 426 sucessfully passed !
	Initialyzed swapped data for i = 363, j = 427 sucessfully passed !
	Initialyzed swapped data for i = 363, j = 428 sucessfully passed !
	Initialyzed swapped data for i = 363, j = 429 sucessfully passed !
	Initialyzed swapped data for i = 363, j = 430 sucessfully passed !
	Initialyzed swapped data for i = 363, j = 431 sucessfully passed !
	Initialyzed swapped data for i = 363, j = 432 sucessfully passed !
	Initialyzed swapped data for i = 363, j = 433 sucessfully passed !
	Initialyzed swapped data for i = 364, j = 365 sucessfully passed !
	Initialyzed swapped data for i = 364, j = 366 sucessfully passed !
	Initialyzed swapped data for i = 364, j = 367 sucessfully passed !
	Initialyzed swapped data for i = 364, j = 368 sucessfully passed !
	Initialyzed swapped data for i = 364, j = 369 sucessfully passed !
	Initialyzed swapped data for i = 364, j = 370 sucessfully passed !
	Initialyzed swapped data for i = 364, j = 371 sucessfully passed !
	Initialyzed swapped data for i = 364, j = 372 sucessfully passed !
	Initialyzed swapped data for i = 364, j = 373 sucessfully passed !
	Initialyzed swapped data for i = 364, j = 374 sucessfully passed !
	Initialyzed swapped data for i = 364, j = 375 sucessfully passed !
	Initialyzed swapped data for i = 364, j = 376 sucessfully passed !
	Initialyzed swapped data for i = 364, j = 377 sucessfully passed !
	Initialyzed swapped data for i = 364, j = 378 sucessfully passed !
	Initialyzed swapped data for i = 364, j = 379 sucessfully passed !
	Initialyzed swapped data for i = 364, j = 380 sucessfully passed !
	Initialyzed swapped data for i = 364, j = 381 sucessfully passed !
	Initialyzed swapped data for i = 364, j = 382 sucessfully passed !
	Initialyzed swapped data for i = 364, j = 383 sucessfully passed !
	Initialyzed swapped data for i = 364, j = 384 sucessfully passed !
	Initialyzed swapped data for i = 364, j = 385 sucessfully passed !
	Initialyzed swapped data for i = 364, j = 386 sucessfully passed !
	Initialyzed swapped data for i = 364, j = 387 sucessfully passed !
	Initialyzed swapped data for i = 364, j = 388 sucessfully passed !
	Initialyzed swapped data for i = 364, j = 389 sucessfully passed !
	Initialyzed swapped data for i = 364, j = 390 sucessfully passed !
	Initialyzed swapped data for i = 364, j = 391 sucessfully passed !
	Initialyzed swapped data for i = 364, j = 392 sucessfully passed !
	Initialyzed swapped data for i = 364, j = 393 sucessfully passed !
	Initialyzed swapped data for i = 364, j = 394 sucessfully passed !
	Initialyzed swapped data for i = 364, j = 395 sucessfully passed !
	Initialyzed swapped data for i = 364, j = 396 sucessfully passed !
	Initialyzed swapped data for i = 364, j = 397 sucessfully passed !
	Initialyzed swapped data for i = 364, j = 398 sucessfully passed !
	Initialyzed swapped data for i = 364, j = 399 sucessfully passed !
	Initialyzed swapped data for i = 364, j = 400 sucessfully passed !
	Initialyzed swapped data for i = 364, j = 401 sucessfully passed !
	Initialyzed swapped data for i = 364, j = 402 sucessfully passed !
	Initialyzed swapped data for i = 364, j = 403 sucessfully passed !
	Initialyzed swapped data for i = 364, j = 404 sucessfully passed !
	Initialyzed swapped data for i = 364, j = 405 sucessfully passed !
	Initialyzed swapped data for i = 364, j = 406 sucessfully passed !
	Initialyzed swapped data for i = 364, j = 407 sucessfully passed !
	Initialyzed swapped data for i = 364, j = 408 sucessfully passed !
	Initialyzed swapped data for i = 364, j = 409 sucessfully passed !
	Initialyzed swapped data for i = 364, j = 410 sucessfully passed !
	Initialyzed swapped data for i = 364, j = 411 sucessfully passed !
	Initialyzed swapped data for i = 364, j = 412 sucessfully passed !
	Initialyzed swapped data for i = 364, j = 413 sucessfully passed !
	Initialyzed swapped data for i = 364, j = 414 sucessfully passed !
	Initialyzed swapped data for i = 364, j = 415 sucessfully passed !
	Initialyzed swapped data for i = 364, j = 416 sucessfully passed !
	Initialyzed swapped data for i = 364, j = 417 sucessfully passed !
	Initialyzed swapped data for i = 364, j = 418 sucessfully passed !
	Initialyzed swapped data for i = 364, j = 419 sucessfully passed !
	Initialyzed swapped data for i = 364, j = 420 sucessfully passed !
	Initialyzed swapped data for i = 364, j = 421 sucessfully passed !
	Initialyzed swapped data for i = 364, j = 422 sucessfully passed !
	Initialyzed swapped data for i = 364, j = 423 sucessfully passed !
	Initialyzed swapped data for i = 364, j = 424 sucessfully passed !
	Initialyzed swapped data for i = 364, j = 425 sucessfully passed !
	Initialyzed swapped data for i = 364, j = 426 sucessfully passed !
	Initialyzed swapped data for i = 364, j = 427 sucessfully passed !
	Initialyzed swapped data for i = 364, j = 428 sucessfully passed !
	Initialyzed swapped data for i = 364, j = 429 sucessfully passed !
	Initialyzed swapped data for i = 364, j = 430 sucessfully passed !
	Initialyzed swapped data for i = 364, j = 431 sucessfully passed !
	Initialyzed swapped data for i = 364, j = 432 sucessfully passed !
	Initialyzed swapped data for i = 364, j = 433 sucessfully passed !
	Initialyzed swapped data for i = 365, j = 366 sucessfully passed !
	Initialyzed swapped data for i = 365, j = 367 sucessfully passed !
	Initialyzed swapped data for i = 365, j = 368 sucessfully passed !
	Initialyzed swapped data for i = 365, j = 369 sucessfully passed !
	Initialyzed swapped data for i = 365, j = 370 sucessfully passed !
	Initialyzed swapped data for i = 365, j = 371 sucessfully passed !
	Initialyzed swapped data for i = 365, j = 372 sucessfully passed !
	Initialyzed swapped data for i = 365, j = 373 sucessfully passed !
	Initialyzed swapped data for i = 365, j = 374 sucessfully passed !
	Initialyzed swapped data for i = 365, j = 375 sucessfully passed !
	Initialyzed swapped data for i = 365, j = 376 sucessfully passed !
	Initialyzed swapped data for i = 365, j = 377 sucessfully passed !
	Initialyzed swapped data for i = 365, j = 378 sucessfully passed !
	Initialyzed swapped data for i = 365, j = 379 sucessfully passed !
	Initialyzed swapped data for i = 365, j = 380 sucessfully passed !
	Initialyzed swapped data for i = 365, j = 381 sucessfully passed !
	Initialyzed swapped data for i = 365, j = 382 sucessfully passed !
	Initialyzed swapped data for i = 365, j = 383 sucessfully passed !
	Initialyzed swapped data for i = 365, j = 384 sucessfully passed !
	Initialyzed swapped data for i = 365, j = 385 sucessfully passed !
	Initialyzed swapped data for i = 365, j = 386 sucessfully passed !
	Initialyzed swapped data for i = 365, j = 387 sucessfully passed !
	Initialyzed swapped data for i = 365, j = 388 sucessfully passed !
	Initialyzed swapped data for i = 365, j = 389 sucessfully passed !
	Initialyzed swapped data for i = 365, j = 390 sucessfully passed !
	Initialyzed swapped data for i = 365, j = 391 sucessfully passed !
	Initialyzed swapped data for i = 365, j = 392 sucessfully passed !
	Initialyzed swapped data for i = 365, j = 393 sucessfully passed !
	Initialyzed swapped data for i = 365, j = 394 sucessfully passed !
	Initialyzed swapped data for i = 365, j = 395 sucessfully passed !
	Initialyzed swapped data for i = 365, j = 396 sucessfully passed !
	Initialyzed swapped data for i = 365, j = 397 sucessfully passed !
	Initialyzed swapped data for i = 365, j = 398 sucessfully passed !
	Initialyzed swapped data for i = 365, j = 399 sucessfully passed !
	Initialyzed swapped data for i = 365, j = 400 sucessfully passed !
	Initialyzed swapped data for i = 365, j = 401 sucessfully passed !
	Initialyzed swapped data for i = 365, j = 402 sucessfully passed !
	Initialyzed swapped data for i = 365, j = 403 sucessfully passed !
	Initialyzed swapped data for i = 365, j = 404 sucessfully passed !
	Initialyzed swapped data for i = 365, j = 405 sucessfully passed !
	Initialyzed swapped data for i = 365, j = 406 sucessfully passed !
	Initialyzed swapped data for i = 365, j = 407 sucessfully passed !
	Initialyzed swapped data for i = 365, j = 408 sucessfully passed !
	Initialyzed swapped data for i = 365, j = 409 sucessfully passed !
	Initialyzed swapped data for i = 365, j = 410 sucessfully passed !
	Initialyzed swapped data for i = 365, j = 411 sucessfully passed !
	Initialyzed swapped data for i = 365, j = 412 sucessfully passed !
	Initialyzed swapped data for i = 365, j = 413 sucessfully passed !
	Initialyzed swapped data for i = 365, j = 414 sucessfully passed !
	Initialyzed swapped data for i = 365, j = 415 sucessfully passed !
	Initialyzed swapped data for i = 365, j = 416 sucessfully passed !
	Initialyzed swapped data for i = 365, j = 417 sucessfully passed !
	Initialyzed swapped data for i = 365, j = 418 sucessfully passed !
	Initialyzed swapped data for i = 365, j = 419 sucessfully passed !
	Initialyzed swapped data for i = 365, j = 420 sucessfully passed !
	Initialyzed swapped data for i = 365, j = 421 sucessfully passed !
	Initialyzed swapped data for i = 365, j = 422 sucessfully passed !
	Initialyzed swapped data for i = 365, j = 423 sucessfully passed !
	Initialyzed swapped data for i = 365, j = 424 sucessfully passed !
	Initialyzed swapped data for i = 365, j = 425 sucessfully passed !
	Initialyzed swapped data for i = 365, j = 426 sucessfully passed !
	Initialyzed swapped data for i = 365, j = 427 sucessfully passed !
	Initialyzed swapped data for i = 365, j = 428 sucessfully passed !
	Initialyzed swapped data for i = 365, j = 429 sucessfully passed !
	Initialyzed swapped data for i = 365, j = 430 sucessfully passed !
	Initialyzed swapped data for i = 365, j = 431 sucessfully passed !
	Initialyzed swapped data for i = 365, j = 432 sucessfully passed !
	Initialyzed swapped data for i = 365, j = 433 sucessfully passed !
	Initialyzed swapped data for i = 366, j = 367 sucessfully passed !
	Initialyzed swapped data for i = 366, j = 368 sucessfully passed !
	Initialyzed swapped data for i = 366, j = 369 sucessfully passed !
	Initialyzed swapped data for i = 366, j = 370 sucessfully passed !
	Initialyzed swapped data for i = 366, j = 371 sucessfully passed !
	Initialyzed swapped data for i = 366, j = 372 sucessfully passed !
	Initialyzed swapped data for i = 366, j = 373 sucessfully passed !
	Initialyzed swapped data for i = 366, j = 374 sucessfully passed !
	Initialyzed swapped data for i = 366, j = 375 sucessfully passed !
	Initialyzed swapped data for i = 366, j = 376 sucessfully passed !
	Initialyzed swapped data for i = 366, j = 377 sucessfully passed !
	Initialyzed swapped data for i = 366, j = 378 sucessfully passed !
	Initialyzed swapped data for i = 366, j = 379 sucessfully passed !
	Initialyzed swapped data for i = 366, j = 380 sucessfully passed !
	Initialyzed swapped data for i = 366, j = 381 sucessfully passed !
	Initialyzed swapped data for i = 366, j = 382 sucessfully passed !
	Initialyzed swapped data for i = 366, j = 383 sucessfully passed !
	Initialyzed swapped data for i = 366, j = 384 sucessfully passed !
	Initialyzed swapped data for i = 366, j = 385 sucessfully passed !
	Initialyzed swapped data for i = 366, j = 386 sucessfully passed !
	Initialyzed swapped data for i = 366, j = 387 sucessfully passed !
	Initialyzed swapped data for i = 366, j = 388 sucessfully passed !
	Initialyzed swapped data for i = 366, j = 389 sucessfully passed !
	Initialyzed swapped data for i = 366, j = 390 sucessfully passed !
	Initialyzed swapped data for i = 366, j = 391 sucessfully passed !
	Initialyzed swapped data for i = 366, j = 392 sucessfully passed !
	Initialyzed swapped data for i = 366, j = 393 sucessfully passed !
	Initialyzed swapped data for i = 366, j = 394 sucessfully passed !
	Initialyzed swapped data for i = 366, j = 395 sucessfully passed !
	Initialyzed swapped data for i = 366, j = 396 sucessfully passed !
	Initialyzed swapped data for i = 366, j = 397 sucessfully passed !
	Initialyzed swapped data for i = 366, j = 398 sucessfully passed !
	Initialyzed swapped data for i = 366, j = 399 sucessfully passed !
	Initialyzed swapped data for i = 366, j = 400 sucessfully passed !
	Initialyzed swapped data for i = 366, j = 401 sucessfully passed !
	Initialyzed swapped data for i = 366, j = 402 sucessfully passed !
	Initialyzed swapped data for i = 366, j = 403 sucessfully passed !
	Initialyzed swapped data for i = 366, j = 404 sucessfully passed !
	Initialyzed swapped data for i = 366, j = 405 sucessfully passed !
	Initialyzed swapped data for i = 366, j = 406 sucessfully passed !
	Initialyzed swapped data for i = 366, j = 407 sucessfully passed !
	Initialyzed swapped data for i = 366, j = 408 sucessfully passed !
	Initialyzed swapped data for i = 366, j = 409 sucessfully passed !
	Initialyzed swapped data for i = 366, j = 410 sucessfully passed !
	Initialyzed swapped data for i = 366, j = 411 sucessfully passed !
	Initialyzed swapped data for i = 366, j = 412 sucessfully passed !
	Initialyzed swapped data for i = 366, j = 413 sucessfully passed !
	Initialyzed swapped data for i = 366, j = 414 sucessfully passed !
	Initialyzed swapped data for i = 366, j = 415 sucessfully passed !
	Initialyzed swapped data for i = 366, j = 416 sucessfully passed !
	Initialyzed swapped data for i = 366, j = 417 sucessfully passed !
	Initialyzed swapped data for i = 366, j = 418 sucessfully passed !
	Initialyzed swapped data for i = 366, j = 419 sucessfully passed !
	Initialyzed swapped data for i = 366, j = 420 sucessfully passed !
	Initialyzed swapped data for i = 366, j = 421 sucessfully passed !
	Initialyzed swapped data for i = 366, j = 422 sucessfully passed !
	Initialyzed swapped data for i = 366, j = 423 sucessfully passed !
	Initialyzed swapped data for i = 366, j = 424 sucessfully passed !
	Initialyzed swapped data for i = 366, j = 425 sucessfully passed !
	Initialyzed swapped data for i = 366, j = 426 sucessfully passed !
	Initialyzed swapped data for i = 366, j = 427 sucessfully passed !
	Initialyzed swapped data for i = 366, j = 428 sucessfully passed !
	Initialyzed swapped data for i = 366, j = 429 sucessfully passed !
	Initialyzed swapped data for i = 366, j = 430 sucessfully passed !
	Initialyzed swapped data for i = 366, j = 431 sucessfully passed !
	Initialyzed swapped data for i = 366, j = 432 sucessfully passed !
	Initialyzed swapped data for i = 366, j = 433 sucessfully passed !
	Initialyzed swapped data for i = 367, j = 368 sucessfully passed !
	Initialyzed swapped data for i = 367, j = 369 sucessfully passed !
	Initialyzed swapped data for i = 367, j = 370 sucessfully passed !
	Initialyzed swapped data for i = 367, j = 371 sucessfully passed !
	Initialyzed swapped data for i = 367, j = 372 sucessfully passed !
	Initialyzed swapped data for i = 367, j = 373 sucessfully passed !
	Initialyzed swapped data for i = 367, j = 374 sucessfully passed !
	Initialyzed swapped data for i = 367, j = 375 sucessfully passed !
	Initialyzed swapped data for i = 367, j = 376 sucessfully passed !
	Initialyzed swapped data for i = 367, j = 377 sucessfully passed !
	Initialyzed swapped data for i = 367, j = 378 sucessfully passed !
	Initialyzed swapped data for i = 367, j = 379 sucessfully passed !
	Initialyzed swapped data for i = 367, j = 380 sucessfully passed !
	Initialyzed swapped data for i = 367, j = 381 sucessfully passed !
	Initialyzed swapped data for i = 367, j = 382 sucessfully passed !
	Initialyzed swapped data for i = 367, j = 383 sucessfully passed !
	Initialyzed swapped data for i = 367, j = 384 sucessfully passed !
	Initialyzed swapped data for i = 367, j = 385 sucessfully passed !
	Initialyzed swapped data for i = 367, j = 386 sucessfully passed !
	Initialyzed swapped data for i = 367, j = 387 sucessfully passed !
	Initialyzed swapped data for i = 367, j = 388 sucessfully passed !
	Initialyzed swapped data for i = 367, j = 389 sucessfully passed !
	Initialyzed swapped data for i = 367, j = 390 sucessfully passed !
	Initialyzed swapped data for i = 367, j = 391 sucessfully passed !
	Initialyzed swapped data for i = 367, j = 392 sucessfully passed !
	Initialyzed swapped data for i = 367, j = 393 sucessfully passed !
	Initialyzed swapped data for i = 367, j = 394 sucessfully passed !
	Initialyzed swapped data for i = 367, j = 395 sucessfully passed !
	Initialyzed swapped data for i = 367, j = 396 sucessfully passed !
	Initialyzed swapped data for i = 367, j = 397 sucessfully passed !
	Initialyzed swapped data for i = 367, j = 398 sucessfully passed !
	Initialyzed swapped data for i = 367, j = 399 sucessfully passed !
	Initialyzed swapped data for i = 367, j = 400 sucessfully passed !
	Initialyzed swapped data for i = 367, j = 401 sucessfully passed !
	Initialyzed swapped data for i = 367, j = 402 sucessfully passed !
	Initialyzed swapped data for i = 367, j = 403 sucessfully passed !
	Initialyzed swapped data for i = 367, j = 404 sucessfully passed !
	Initialyzed swapped data for i = 367, j = 405 sucessfully passed !
	Initialyzed swapped data for i = 367, j = 406 sucessfully passed !
	Initialyzed swapped data for i = 367, j = 407 sucessfully passed !
	Initialyzed swapped data for i = 367, j = 408 sucessfully passed !
	Initialyzed swapped data for i = 367, j = 409 sucessfully passed !
	Initialyzed swapped data for i = 367, j = 410 sucessfully passed !
	Initialyzed swapped data for i = 367, j = 411 sucessfully passed !
	Initialyzed swapped data for i = 367, j = 412 sucessfully passed !
	Initialyzed swapped data for i = 367, j = 413 sucessfully passed !
	Initialyzed swapped data for i = 367, j = 414 sucessfully passed !
	Initialyzed swapped data for i = 367, j = 415 sucessfully passed !
	Initialyzed swapped data for i = 367, j = 416 sucessfully passed !
	Initialyzed swapped data for i = 367, j = 417 sucessfully passed !
	Initialyzed swapped data for i = 367, j = 418 sucessfully passed !
	Initialyzed swapped data for i = 367, j = 419 sucessfully passed !
	Initialyzed swapped data for i = 367, j = 420 sucessfully passed !
	Initialyzed swapped data for i = 367, j = 421 sucessfully passed !
	Initialyzed swapped data for i = 367, j = 422 sucessfully passed !
	Initialyzed swapped data for i = 367, j = 423 sucessfully passed !
	Initialyzed swapped data for i = 367, j = 424 sucessfully passed !
	Initialyzed swapped data for i = 367, j = 425 sucessfully passed !
	Initialyzed swapped data for i = 367, j = 426 sucessfully passed !
	Initialyzed swapped data for i = 367, j = 427 sucessfully passed !
	Initialyzed swapped data for i = 367, j = 428 sucessfully passed !
	Initialyzed swapped data for i = 367, j = 429 sucessfully passed !
	Initialyzed swapped data for i = 367, j = 430 sucessfully passed !
	Initialyzed swapped data for i = 367, j = 431 sucessfully passed !
	Initialyzed swapped data for i = 367, j = 432 sucessfully passed !
	Initialyzed swapped data for i = 367, j = 433 sucessfully passed !
	Initialyzed swapped data for i = 368, j = 369 sucessfully passed !
	Initialyzed swapped data for i = 368, j = 370 sucessfully passed !
	Initialyzed swapped data for i = 368, j = 371 sucessfully passed !
	Initialyzed swapped data for i = 368, j = 372 sucessfully passed !
	Initialyzed swapped data for i = 368, j = 373 sucessfully passed !
	Initialyzed swapped data for i = 368, j = 374 sucessfully passed !
	Initialyzed swapped data for i = 368, j = 375 sucessfully passed !
	Initialyzed swapped data for i = 368, j = 376 sucessfully passed !
	Initialyzed swapped data for i = 368, j = 377 sucessfully passed !
	Initialyzed swapped data for i = 368, j = 378 sucessfully passed !
	Initialyzed swapped data for i = 368, j = 379 sucessfully passed !
	Initialyzed swapped data for i = 368, j = 380 sucessfully passed !
	Initialyzed swapped data for i = 368, j = 381 sucessfully passed !
	Initialyzed swapped data for i = 368, j = 382 sucessfully passed !
	Initialyzed swapped data for i = 368, j = 383 sucessfully passed !
	Initialyzed swapped data for i = 368, j = 384 sucessfully passed !
	Initialyzed swapped data for i = 368, j = 385 sucessfully passed !
	Initialyzed swapped data for i = 368, j = 386 sucessfully passed !
	Initialyzed swapped data for i = 368, j = 387 sucessfully passed !
	Initialyzed swapped data for i = 368, j = 388 sucessfully passed !
	Initialyzed swapped data for i = 368, j = 389 sucessfully passed !
	Initialyzed swapped data for i = 368, j = 390 sucessfully passed !
	Initialyzed swapped data for i = 368, j = 391 sucessfully passed !
	Initialyzed swapped data for i = 368, j = 392 sucessfully passed !
	Initialyzed swapped data for i = 368, j = 393 sucessfully passed !
	Initialyzed swapped data for i = 368, j = 394 sucessfully passed !
	Initialyzed swapped data for i = 368, j = 395 sucessfully passed !
	Initialyzed swapped data for i = 368, j = 396 sucessfully passed !
	Initialyzed swapped data for i = 368, j = 397 sucessfully passed !
	Initialyzed swapped data for i = 368, j = 398 sucessfully passed !
	Initialyzed swapped data for i = 368, j = 399 sucessfully passed !
	Initialyzed swapped data for i = 368, j = 400 sucessfully passed !
	Initialyzed swapped data for i = 368, j = 401 sucessfully passed !
	Initialyzed swapped data for i = 368, j = 402 sucessfully passed !
	Initialyzed swapped data for i = 368, j = 403 sucessfully passed !
	Initialyzed swapped data for i = 368, j = 404 sucessfully passed !
	Initialyzed swapped data for i = 368, j = 405 sucessfully passed !
	Initialyzed swapped data for i = 368, j = 406 sucessfully passed !
	Initialyzed swapped data for i = 368, j = 407 sucessfully passed !
	Initialyzed swapped data for i = 368, j = 408 sucessfully passed !
	Initialyzed swapped data for i = 368, j = 409 sucessfully passed !
	Initialyzed swapped data for i = 368, j = 410 sucessfully passed !
	Initialyzed swapped data for i = 368, j = 411 sucessfully passed !
	Initialyzed swapped data for i = 368, j = 412 sucessfully passed !
	Initialyzed swapped data for i = 368, j = 413 sucessfully passed !
	Initialyzed swapped data for i = 368, j = 414 sucessfully passed !
	Initialyzed swapped data for i = 368, j = 415 sucessfully passed !
	Initialyzed swapped data for i = 368, j = 416 sucessfully passed !
	Initialyzed swapped data for i = 368, j = 417 sucessfully passed !
	Initialyzed swapped data for i = 368, j = 418 sucessfully passed !
	Initialyzed swapped data for i = 368, j = 419 sucessfully passed !
	Initialyzed swapped data for i = 368, j = 420 sucessfully passed !
	Initialyzed swapped data for i = 368, j = 421 sucessfully passed !
	Initialyzed swapped data for i = 368, j = 422 sucessfully passed !
	Initialyzed swapped data for i = 368, j = 423 sucessfully passed !
	Initialyzed swapped data for i = 368, j = 424 sucessfully passed !
	Initialyzed swapped data for i = 368, j = 425 sucessfully passed !
	Initialyzed swapped data for i = 368, j = 426 sucessfully passed !
	Initialyzed swapped data for i = 368, j = 427 sucessfully passed !
	Initialyzed swapped data for i = 368, j = 428 sucessfully passed !
	Initialyzed swapped data for i = 368, j = 429 sucessfully passed !
	Initialyzed swapped data for i = 368, j = 430 sucessfully passed !
	Initialyzed swapped data for i = 368, j = 431 sucessfully passed !
	Initialyzed swapped data for i = 368, j = 432 sucessfully passed !
	Initialyzed swapped data for i = 368, j = 433 sucessfully passed !
	Initialyzed swapped data for i = 369, j = 370 sucessfully passed !
	Initialyzed swapped data for i = 369, j = 371 sucessfully passed !
	Initialyzed swapped data for i = 369, j = 372 sucessfully passed !
	Initialyzed swapped data for i = 369, j = 373 sucessfully passed !
	Initialyzed swapped data for i = 369, j = 374 sucessfully passed !
	Initialyzed swapped data for i = 369, j = 375 sucessfully passed !
	Initialyzed swapped data for i = 369, j = 376 sucessfully passed !
	Initialyzed swapped data for i = 369, j = 377 sucessfully passed !
	Initialyzed swapped data for i = 369, j = 378 sucessfully passed !
	Initialyzed swapped data for i = 369, j = 379 sucessfully passed !
	Initialyzed swapped data for i = 369, j = 380 sucessfully passed !
	Initialyzed swapped data for i = 369, j = 381 sucessfully passed !
	Initialyzed swapped data for i = 369, j = 382 sucessfully passed !
	Initialyzed swapped data for i = 369, j = 383 sucessfully passed !
	Initialyzed swapped data for i = 369, j = 384 sucessfully passed !
	Initialyzed swapped data for i = 369, j = 385 sucessfully passed !
	Initialyzed swapped data for i = 369, j = 386 sucessfully passed !
	Initialyzed swapped data for i = 369, j = 387 sucessfully passed !
	Initialyzed swapped data for i = 369, j = 388 sucessfully passed !
	Initialyzed swapped data for i = 369, j = 389 sucessfully passed !
	Initialyzed swapped data for i = 369, j = 390 sucessfully passed !
	Initialyzed swapped data for i = 369, j = 391 sucessfully passed !
	Initialyzed swapped data for i = 369, j = 392 sucessfully passed !
	Initialyzed swapped data for i = 369, j = 393 sucessfully passed !
	Initialyzed swapped data for i = 369, j = 394 sucessfully passed !
	Initialyzed swapped data for i = 369, j = 395 sucessfully passed !
	Initialyzed swapped data for i = 369, j = 396 sucessfully passed !
	Initialyzed swapped data for i = 369, j = 397 sucessfully passed !
	Initialyzed swapped data for i = 369, j = 398 sucessfully passed !
	Initialyzed swapped data for i = 369, j = 399 sucessfully passed !
	Initialyzed swapped data for i = 369, j = 400 sucessfully passed !
	Initialyzed swapped data for i = 369, j = 401 sucessfully passed !
	Initialyzed swapped data for i = 369, j = 402 sucessfully passed !
	Initialyzed swapped data for i = 369, j = 403 sucessfully passed !
	Initialyzed swapped data for i = 369, j = 404 sucessfully passed !
	Initialyzed swapped data for i = 369, j = 405 sucessfully passed !
	Initialyzed swapped data for i = 369, j = 406 sucessfully passed !
	Initialyzed swapped data for i = 369, j = 407 sucessfully passed !
	Initialyzed swapped data for i = 369, j = 408 sucessfully passed !
	Initialyzed swapped data for i = 369, j = 409 sucessfully passed !
	Initialyzed swapped data for i = 369, j = 410 sucessfully passed !
	Initialyzed swapped data for i = 369, j = 411 sucessfully passed !
	Initialyzed swapped data for i = 369, j = 412 sucessfully passed !
	Initialyzed swapped data for i = 369, j = 413 sucessfully passed !
	Initialyzed swapped data for i = 369, j = 414 sucessfully passed !
	Initialyzed swapped data for i = 369, j = 415 sucessfully passed !
	Initialyzed swapped data for i = 369, j = 416 sucessfully passed !
	Initialyzed swapped data for i = 369, j = 417 sucessfully passed !
	Initialyzed swapped data for i = 369, j = 418 sucessfully passed !
	Initialyzed swapped data for i = 369, j = 419 sucessfully passed !
	Initialyzed swapped data for i = 369, j = 420 sucessfully passed !
	Initialyzed swapped data for i = 369, j = 421 sucessfully passed !
	Initialyzed swapped data for i = 369, j = 422 sucessfully passed !
	Initialyzed swapped data for i = 369, j = 423 sucessfully passed !
	Initialyzed swapped data for i = 369, j = 424 sucessfully passed !
	Initialyzed swapped data for i = 369, j = 425 sucessfully passed !
	Initialyzed swapped data for i = 369, j = 426 sucessfully passed !
	Initialyzed swapped data for i = 369, j = 427 sucessfully passed !
	Initialyzed swapped data for i = 369, j = 428 sucessfully passed !
	Initialyzed swapped data for i = 369, j = 429 sucessfully passed !
	Initialyzed swapped data for i = 369, j = 430 sucessfully passed !
	Initialyzed swapped data for i = 369, j = 431 sucessfully passed !
	Initialyzed swapped data for i = 369, j = 432 sucessfully passed !
	Initialyzed swapped data for i = 369, j = 433 sucessfully passed !
	Initialyzed swapped data for i = 370, j = 371 sucessfully passed !
	Initialyzed swapped data for i = 370, j = 372 sucessfully passed !
	Initialyzed swapped data for i = 370, j = 373 sucessfully passed !
	Initialyzed swapped data for i = 370, j = 374 sucessfully passed !
	Initialyzed swapped data for i = 370, j = 375 sucessfully passed !
	Initialyzed swapped data for i = 370, j = 376 sucessfully passed !
	Initialyzed swapped data for i = 370, j = 377 sucessfully passed !
	Initialyzed swapped data for i = 370, j = 378 sucessfully passed !
	Initialyzed swapped data for i = 370, j = 379 sucessfully passed !
	Initialyzed swapped data for i = 370, j = 380 sucessfully passed !
	Initialyzed swapped data for i = 370, j = 381 sucessfully passed !
	Initialyzed swapped data for i = 370, j = 382 sucessfully passed !
	Initialyzed swapped data for i = 370, j = 383 sucessfully passed !
	Initialyzed swapped data for i = 370, j = 384 sucessfully passed !
	Initialyzed swapped data for i = 370, j = 385 sucessfully passed !
	Initialyzed swapped data for i = 370, j = 386 sucessfully passed !
	Initialyzed swapped data for i = 370, j = 387 sucessfully passed !
	Initialyzed swapped data for i = 370, j = 388 sucessfully passed !
	Initialyzed swapped data for i = 370, j = 389 sucessfully passed !
	Initialyzed swapped data for i = 370, j = 390 sucessfully passed !
	Initialyzed swapped data for i = 370, j = 391 sucessfully passed !
	Initialyzed swapped data for i = 370, j = 392 sucessfully passed !
	Initialyzed swapped data for i = 370, j = 393 sucessfully passed !
	Initialyzed swapped data for i = 370, j = 394 sucessfully passed !
	Initialyzed swapped data for i = 370, j = 395 sucessfully passed !
	Initialyzed swapped data for i = 370, j = 396 sucessfully passed !
	Initialyzed swapped data for i = 370, j = 397 sucessfully passed !
	Initialyzed swapped data for i = 370, j = 398 sucessfully passed !
	Initialyzed swapped data for i = 370, j = 399 sucessfully passed !
	Initialyzed swapped data for i = 370, j = 400 sucessfully passed !
	Initialyzed swapped data for i = 370, j = 401 sucessfully passed !
	Initialyzed swapped data for i = 370, j = 402 sucessfully passed !
	Initialyzed swapped data for i = 370, j = 403 sucessfully passed !
	Initialyzed swapped data for i = 370, j = 404 sucessfully passed !
	Initialyzed swapped data for i = 370, j = 405 sucessfully passed !
	Initialyzed swapped data for i = 370, j = 406 sucessfully passed !
	Initialyzed swapped data for i = 370, j = 407 sucessfully passed !
	Initialyzed swapped data for i = 370, j = 408 sucessfully passed !
	Initialyzed swapped data for i = 370, j = 409 sucessfully passed !
	Initialyzed swapped data for i = 370, j = 410 sucessfully passed !
	Initialyzed swapped data for i = 370, j = 411 sucessfully passed !
	Initialyzed swapped data for i = 370, j = 412 sucessfully passed !
	Initialyzed swapped data for i = 370, j = 413 sucessfully passed !
	Initialyzed swapped data for i = 370, j = 414 sucessfully passed !
	Initialyzed swapped data for i = 370, j = 415 sucessfully passed !
	Initialyzed swapped data for i = 370, j = 416 sucessfully passed !
	Initialyzed swapped data for i = 370, j = 417 sucessfully passed !
	Initialyzed swapped data for i = 370, j = 418 sucessfully passed !
	Initialyzed swapped data for i = 370, j = 419 sucessfully passed !
	Initialyzed swapped data for i = 370, j = 420 sucessfully passed !
	Initialyzed swapped data for i = 370, j = 421 sucessfully passed !
	Initialyzed swapped data for i = 370, j = 422 sucessfully passed !
	Initialyzed swapped data for i = 370, j = 423 sucessfully passed !
	Initialyzed swapped data for i = 370, j = 424 sucessfully passed !
	Initialyzed swapped data for i = 370, j = 425 sucessfully passed !
	Initialyzed swapped data for i = 370, j = 426 sucessfully passed !
	Initialyzed swapped data for i = 370, j = 427 sucessfully passed !
	Initialyzed swapped data for i = 370, j = 428 sucessfully passed !
	Initialyzed swapped data for i = 370, j = 429 sucessfully passed !
	Initialyzed swapped data for i = 370, j = 430 sucessfully passed !
	Initialyzed swapped data for i = 370, j = 431 sucessfully passed !
	Initialyzed swapped data for i = 370, j = 432 sucessfully passed !
	Initialyzed swapped data for i = 370, j = 433 sucessfully passed !
	Initialyzed swapped data for i = 371, j = 372 sucessfully passed !
	Initialyzed swapped data for i = 371, j = 373 sucessfully passed !
	Initialyzed swapped data for i = 371, j = 374 sucessfully passed !
	Initialyzed swapped data for i = 371, j = 375 sucessfully passed !
	Initialyzed swapped data for i = 371, j = 376 sucessfully passed !
	Initialyzed swapped data for i = 371, j = 377 sucessfully passed !
	Initialyzed swapped data for i = 371, j = 378 sucessfully passed !
	Initialyzed swapped data for i = 371, j = 379 sucessfully passed !
	Initialyzed swapped data for i = 371, j = 380 sucessfully passed !
	Initialyzed swapped data for i = 371, j = 381 sucessfully passed !
	Initialyzed swapped data for i = 371, j = 382 sucessfully passed !
	Initialyzed swapped data for i = 371, j = 383 sucessfully passed !
	Initialyzed swapped data for i = 371, j = 384 sucessfully passed !
	Initialyzed swapped data for i = 371, j = 385 sucessfully passed !
	Initialyzed swapped data for i = 371, j = 386 sucessfully passed !
	Initialyzed swapped data for i = 371, j = 387 sucessfully passed !
	Initialyzed swapped data for i = 371, j = 388 sucessfully passed !
	Initialyzed swapped data for i = 371, j = 389 sucessfully passed !
	Initialyzed swapped data for i = 371, j = 390 sucessfully passed !
	Initialyzed swapped data for i = 371, j = 391 sucessfully passed !
	Initialyzed swapped data for i = 371, j = 392 sucessfully passed !
	Initialyzed swapped data for i = 371, j = 393 sucessfully passed !
	Initialyzed swapped data for i = 371, j = 394 sucessfully passed !
	Initialyzed swapped data for i = 371, j = 395 sucessfully passed !
	Initialyzed swapped data for i = 371, j = 396 sucessfully passed !
	Initialyzed swapped data for i = 371, j = 397 sucessfully passed !
	Initialyzed swapped data for i = 371, j = 398 sucessfully passed !
	Initialyzed swapped data for i = 371, j = 399 sucessfully passed !
	Initialyzed swapped data for i = 371, j = 400 sucessfully passed !
	Initialyzed swapped data for i = 371, j = 401 sucessfully passed !
	Initialyzed swapped data for i = 371, j = 402 sucessfully passed !
	Initialyzed swapped data for i = 371, j = 403 sucessfully passed !
	Initialyzed swapped data for i = 371, j = 404 sucessfully passed !
	Initialyzed swapped data for i = 371, j = 405 sucessfully passed !
	Initialyzed swapped data for i = 371, j = 406 sucessfully passed !
	Initialyzed swapped data for i = 371, j = 407 sucessfully passed !
	Initialyzed swapped data for i = 371, j = 408 sucessfully passed !
	Initialyzed swapped data for i = 371, j = 409 sucessfully passed !
	Initialyzed swapped data for i = 371, j = 410 sucessfully passed !
	Initialyzed swapped data for i = 371, j = 411 sucessfully passed !
	Initialyzed swapped data for i = 371, j = 412 sucessfully passed !
	Initialyzed swapped data for i = 371, j = 413 sucessfully passed !
	Initialyzed swapped data for i = 371, j = 414 sucessfully passed !
	Initialyzed swapped data for i = 371, j = 415 sucessfully passed !
	Initialyzed swapped data for i = 371, j = 416 sucessfully passed !
	Initialyzed swapped data for i = 371, j = 417 sucessfully passed !
	Initialyzed swapped data for i = 371, j = 418 sucessfully passed !
	Initialyzed swapped data for i = 371, j = 419 sucessfully passed !
	Initialyzed swapped data for i = 371, j = 420 sucessfully passed !
	Initialyzed swapped data for i = 371, j = 421 sucessfully passed !
	Initialyzed swapped data for i = 371, j = 422 sucessfully passed !
	Initialyzed swapped data for i = 371, j = 423 sucessfully passed !
	Initialyzed swapped data for i = 371, j = 424 sucessfully passed !
	Initialyzed swapped data for i = 371, j = 425 sucessfully passed !
	Initialyzed swapped data for i = 371, j = 426 sucessfully passed !
	Initialyzed swapped data for i = 371, j = 427 sucessfully passed !
	Initialyzed swapped data for i = 371, j = 428 sucessfully passed !
	Initialyzed swapped data for i = 371, j = 429 sucessfully passed !
	Initialyzed swapped data for i = 371, j = 430 sucessfully passed !
	Initialyzed swapped data for i = 371, j = 431 sucessfully passed !
	Initialyzed swapped data for i = 371, j = 432 sucessfully passed !
	Initialyzed swapped data for i = 371, j = 433 sucessfully passed !
	Initialyzed swapped data for i = 372, j = 373 sucessfully passed !
	Initialyzed swapped data for i = 372, j = 374 sucessfully passed !
	Initialyzed swapped data for i = 372, j = 375 sucessfully passed !
	Initialyzed swapped data for i = 372, j = 376 sucessfully passed !
	Initialyzed swapped data for i = 372, j = 377 sucessfully passed !
	Initialyzed swapped data for i = 372, j = 378 sucessfully passed !
	Initialyzed swapped data for i = 372, j = 379 sucessfully passed !
	Initialyzed swapped data for i = 372, j = 380 sucessfully passed !
	Initialyzed swapped data for i = 372, j = 381 sucessfully passed !
	Initialyzed swapped data for i = 372, j = 382 sucessfully passed !
	Initialyzed swapped data for i = 372, j = 383 sucessfully passed !
	Initialyzed swapped data for i = 372, j = 384 sucessfully passed !
	Initialyzed swapped data for i = 372, j = 385 sucessfully passed !
	Initialyzed swapped data for i = 372, j = 386 sucessfully passed !
	Initialyzed swapped data for i = 372, j = 387 sucessfully passed !
	Initialyzed swapped data for i = 372, j = 388 sucessfully passed !
	Initialyzed swapped data for i = 372, j = 389 sucessfully passed !
	Initialyzed swapped data for i = 372, j = 390 sucessfully passed !
	Initialyzed swapped data for i = 372, j = 391 sucessfully passed !
	Initialyzed swapped data for i = 372, j = 392 sucessfully passed !
	Initialyzed swapped data for i = 372, j = 393 sucessfully passed !
	Initialyzed swapped data for i = 372, j = 394 sucessfully passed !
	Initialyzed swapped data for i = 372, j = 395 sucessfully passed !
	Initialyzed swapped data for i = 372, j = 396 sucessfully passed !
	Initialyzed swapped data for i = 372, j = 397 sucessfully passed !
	Initialyzed swapped data for i = 372, j = 398 sucessfully passed !
	Initialyzed swapped data for i = 372, j = 399 sucessfully passed !
	Initialyzed swapped data for i = 372, j = 400 sucessfully passed !
	Initialyzed swapped data for i = 372, j = 401 sucessfully passed !
	Initialyzed swapped data for i = 372, j = 402 sucessfully passed !
	Initialyzed swapped data for i = 372, j = 403 sucessfully passed !
	Initialyzed swapped data for i = 372, j = 404 sucessfully passed !
	Initialyzed swapped data for i = 372, j = 405 sucessfully passed !
	Initialyzed swapped data for i = 372, j = 406 sucessfully passed !
	Initialyzed swapped data for i = 372, j = 407 sucessfully passed !
	Initialyzed swapped data for i = 372, j = 408 sucessfully passed !
	Initialyzed swapped data for i = 372, j = 409 sucessfully passed !
	Initialyzed swapped data for i = 372, j = 410 sucessfully passed !
	Initialyzed swapped data for i = 372, j = 411 sucessfully passed !
	Initialyzed swapped data for i = 372, j = 412 sucessfully passed !
	Initialyzed swapped data for i = 372, j = 413 sucessfully passed !
	Initialyzed swapped data for i = 372, j = 414 sucessfully passed !
	Initialyzed swapped data for i = 372, j = 415 sucessfully passed !
	Initialyzed swapped data for i = 372, j = 416 sucessfully passed !
	Initialyzed swapped data for i = 372, j = 417 sucessfully passed !
	Initialyzed swapped data for i = 372, j = 418 sucessfully passed !
	Initialyzed swapped data for i = 372, j = 419 sucessfully passed !
	Initialyzed swapped data for i = 372, j = 420 sucessfully passed !
	Initialyzed swapped data for i = 372, j = 421 sucessfully passed !
	Initialyzed swapped data for i = 372, j = 422 sucessfully passed !
	Initialyzed swapped data for i = 372, j = 423 sucessfully passed !
	Initialyzed swapped data for i = 372, j = 424 sucessfully passed !
	Initialyzed swapped data for i = 372, j = 425 sucessfully passed !
	Initialyzed swapped data for i = 372, j = 426 sucessfully passed !
	Initialyzed swapped data for i = 372, j = 427 sucessfully passed !
	Initialyzed swapped data for i = 372, j = 428 sucessfully passed !
	Initialyzed swapped data for i = 372, j = 429 sucessfully passed !
	Initialyzed swapped data for i = 372, j = 430 sucessfully passed !
	Initialyzed swapped data for i = 372, j = 431 sucessfully passed !
	Initialyzed swapped data for i = 372, j = 432 sucessfully passed !
	Initialyzed swapped data for i = 372, j = 433 sucessfully passed !
	Initialyzed swapped data for i = 373, j = 374 sucessfully passed !
	Initialyzed swapped data for i = 373, j = 375 sucessfully passed !
	Initialyzed swapped data for i = 373, j = 376 sucessfully passed !
	Initialyzed swapped data for i = 373, j = 377 sucessfully passed !
	Initialyzed swapped data for i = 373, j = 378 sucessfully passed !
	Initialyzed swapped data for i = 373, j = 379 sucessfully passed !
	Initialyzed swapped data for i = 373, j = 380 sucessfully passed !
	Initialyzed swapped data for i = 373, j = 381 sucessfully passed !
	Initialyzed swapped data for i = 373, j = 382 sucessfully passed !
	Initialyzed swapped data for i = 373, j = 383 sucessfully passed !
	Initialyzed swapped data for i = 373, j = 384 sucessfully passed !
	Initialyzed swapped data for i = 373, j = 385 sucessfully passed !
	Initialyzed swapped data for i = 373, j = 386 sucessfully passed !
	Initialyzed swapped data for i = 373, j = 387 sucessfully passed !
	Initialyzed swapped data for i = 373, j = 388 sucessfully passed !
	Initialyzed swapped data for i = 373, j = 389 sucessfully passed !
	Initialyzed swapped data for i = 373, j = 390 sucessfully passed !
	Initialyzed swapped data for i = 373, j = 391 sucessfully passed !
	Initialyzed swapped data for i = 373, j = 392 sucessfully passed !
	Initialyzed swapped data for i = 373, j = 393 sucessfully passed !
	Initialyzed swapped data for i = 373, j = 394 sucessfully passed !
	Initialyzed swapped data for i = 373, j = 395 sucessfully passed !
	Initialyzed swapped data for i = 373, j = 396 sucessfully passed !
	Initialyzed swapped data for i = 373, j = 397 sucessfully passed !
	Initialyzed swapped data for i = 373, j = 398 sucessfully passed !
	Initialyzed swapped data for i = 373, j = 399 sucessfully passed !
	Initialyzed swapped data for i = 373, j = 400 sucessfully passed !
	Initialyzed swapped data for i = 373, j = 401 sucessfully passed !
	Initialyzed swapped data for i = 373, j = 402 sucessfully passed !
	Initialyzed swapped data for i = 373, j = 403 sucessfully passed !
	Initialyzed swapped data for i = 373, j = 404 sucessfully passed !
	Initialyzed swapped data for i = 373, j = 405 sucessfully passed !
	Initialyzed swapped data for i = 373, j = 406 sucessfully passed !
	Initialyzed swapped data for i = 373, j = 407 sucessfully passed !
	Initialyzed swapped data for i = 373, j = 408 sucessfully passed !
	Initialyzed swapped data for i = 373, j = 409 sucessfully passed !
	Initialyzed swapped data for i = 373, j = 410 sucessfully passed !
	Initialyzed swapped data for i = 373, j = 411 sucessfully passed !
	Initialyzed swapped data for i = 373, j = 412 sucessfully passed !
	Initialyzed swapped data for i = 373, j = 413 sucessfully passed !
	Initialyzed swapped data for i = 373, j = 414 sucessfully passed !
	Initialyzed swapped data for i = 373, j = 415 sucessfully passed !
	Initialyzed swapped data for i = 373, j = 416 sucessfully passed !
	Initialyzed swapped data for i = 373, j = 417 sucessfully passed !
	Initialyzed swapped data for i = 373, j = 418 sucessfully passed !
	Initialyzed swapped data for i = 373, j = 419 sucessfully passed !
	Initialyzed swapped data for i = 373, j = 420 sucessfully passed !
	Initialyzed swapped data for i = 373, j = 421 sucessfully passed !
	Initialyzed swapped data for i = 373, j = 422 sucessfully passed !
	Initialyzed swapped data for i = 373, j = 423 sucessfully passed !
	Initialyzed swapped data for i = 373, j = 424 sucessfully passed !
	Initialyzed swapped data for i = 373, j = 425 sucessfully passed !
	Initialyzed swapped data for i = 373, j = 426 sucessfully passed !
	Initialyzed swapped data for i = 373, j = 427 sucessfully passed !
	Initialyzed swapped data for i = 373, j = 428 sucessfully passed !
	Initialyzed swapped data for i = 373, j = 429 sucessfully passed !
	Initialyzed swapped data for i = 373, j = 430 sucessfully passed !
	Initialyzed swapped data for i = 373, j = 431 sucessfully passed !
	Initialyzed swapped data for i = 373, j = 432 sucessfully passed !
	Initialyzed swapped data for i = 373, j = 433 sucessfully passed !
	Initialyzed swapped data for i = 374, j = 375 sucessfully passed !
	Initialyzed swapped data for i = 374, j = 376 sucessfully passed !
	Initialyzed swapped data for i = 374, j = 377 sucessfully passed !
	Initialyzed swapped data for i = 374, j = 378 sucessfully passed !
	Initialyzed swapped data for i = 374, j = 379 sucessfully passed !
	Initialyzed swapped data for i = 374, j = 380 sucessfully passed !
	Initialyzed swapped data for i = 374, j = 381 sucessfully passed !
	Initialyzed swapped data for i = 374, j = 382 sucessfully passed !
	Initialyzed swapped data for i = 374, j = 383 sucessfully passed !
	Initialyzed swapped data for i = 374, j = 384 sucessfully passed !
	Initialyzed swapped data for i = 374, j = 385 sucessfully passed !
	Initialyzed swapped data for i = 374, j = 386 sucessfully passed !
	Initialyzed swapped data for i = 374, j = 387 sucessfully passed !
	Initialyzed swapped data for i = 374, j = 388 sucessfully passed !
	Initialyzed swapped data for i = 374, j = 389 sucessfully passed !
	Initialyzed swapped data for i = 374, j = 390 sucessfully passed !
	Initialyzed swapped data for i = 374, j = 391 sucessfully passed !
	Initialyzed swapped data for i = 374, j = 392 sucessfully passed !
	Initialyzed swapped data for i = 374, j = 393 sucessfully passed !
	Initialyzed swapped data for i = 374, j = 394 sucessfully passed !
	Initialyzed swapped data for i = 374, j = 395 sucessfully passed !
	Initialyzed swapped data for i = 374, j = 396 sucessfully passed !
	Initialyzed swapped data for i = 374, j = 397 sucessfully passed !
	Initialyzed swapped data for i = 374, j = 398 sucessfully passed !
	Initialyzed swapped data for i = 374, j = 399 sucessfully passed !
	Initialyzed swapped data for i = 374, j = 400 sucessfully passed !
	Initialyzed swapped data for i = 374, j = 401 sucessfully passed !
	Initialyzed swapped data for i = 374, j = 402 sucessfully passed !
	Initialyzed swapped data for i = 374, j = 403 sucessfully passed !
	Initialyzed swapped data for i = 374, j = 404 sucessfully passed !
	Initialyzed swapped data for i = 374, j = 405 sucessfully passed !
	Initialyzed swapped data for i = 374, j = 406 sucessfully passed !
	Initialyzed swapped data for i = 374, j = 407 sucessfully passed !
	Initialyzed swapped data for i = 374, j = 408 sucessfully passed !
	Initialyzed swapped data for i = 374, j = 409 sucessfully passed !
	Initialyzed swapped data for i = 374, j = 410 sucessfully passed !
	Initialyzed swapped data for i = 374, j = 411 sucessfully passed !
	Initialyzed swapped data for i = 374, j = 412 sucessfully passed !
	Initialyzed swapped data for i = 374, j = 413 sucessfully passed !
	Initialyzed swapped data for i = 374, j = 414 sucessfully passed !
	Initialyzed swapped data for i = 374, j = 415 sucessfully passed !
	Initialyzed swapped data for i = 374, j = 416 sucessfully passed !
	Initialyzed swapped data for i = 374, j = 417 sucessfully passed !
	Initialyzed swapped data for i = 374, j = 418 sucessfully passed !
	Initialyzed swapped data for i = 374, j = 419 sucessfully passed !
	Initialyzed swapped data for i = 374, j = 420 sucessfully passed !
	Initialyzed swapped data for i = 374, j = 421 sucessfully passed !
	Initialyzed swapped data for i = 374, j = 422 sucessfully passed !
	Initialyzed swapped data for i = 374, j = 423 sucessfully passed !
	Initialyzed swapped data for i = 374, j = 424 sucessfully passed !
	Initialyzed swapped data for i = 374, j = 425 sucessfully passed !
	Initialyzed swapped data for i = 374, j = 426 sucessfully passed !
	Initialyzed swapped data for i = 374, j = 427 sucessfully passed !
	Initialyzed swapped data for i = 374, j = 428 sucessfully passed !
	Initialyzed swapped data for i = 374, j = 429 sucessfully passed !
	Initialyzed swapped data for i = 374, j = 430 sucessfully passed !
	Initialyzed swapped data for i = 374, j = 431 sucessfully passed !
	Initialyzed swapped data for i = 374, j = 432 sucessfully passed !
	Initialyzed swapped data for i = 374, j = 433 sucessfully passed !
	Initialyzed swapped data for i = 375, j = 376 sucessfully passed !
	Initialyzed swapped data for i = 375, j = 377 sucessfully passed !
	Initialyzed swapped data for i = 375, j = 378 sucessfully passed !
	Initialyzed swapped data for i = 375, j = 379 sucessfully passed !
	Initialyzed swapped data for i = 375, j = 380 sucessfully passed !
	Initialyzed swapped data for i = 375, j = 381 sucessfully passed !
	Initialyzed swapped data for i = 375, j = 382 sucessfully passed !
	Initialyzed swapped data for i = 375, j = 383 sucessfully passed !
	Initialyzed swapped data for i = 375, j = 384 sucessfully passed !
	Initialyzed swapped data for i = 375, j = 385 sucessfully passed !
	Initialyzed swapped data for i = 375, j = 386 sucessfully passed !
	Initialyzed swapped data for i = 375, j = 387 sucessfully passed !
	Initialyzed swapped data for i = 375, j = 388 sucessfully passed !
	Initialyzed swapped data for i = 375, j = 389 sucessfully passed !
	Initialyzed swapped data for i = 375, j = 390 sucessfully passed !
	Initialyzed swapped data for i = 375, j = 391 sucessfully passed !
	Initialyzed swapped data for i = 375, j = 392 sucessfully passed !
	Initialyzed swapped data for i = 375, j = 393 sucessfully passed !
	Initialyzed swapped data for i = 375, j = 394 sucessfully passed !
	Initialyzed swapped data for i = 375, j = 395 sucessfully passed !
	Initialyzed swapped data for i = 375, j = 396 sucessfully passed !
	Initialyzed swapped data for i = 375, j = 397 sucessfully passed !
	Initialyzed swapped data for i = 375, j = 398 sucessfully passed !
	Initialyzed swapped data for i = 375, j = 399 sucessfully passed !
	Initialyzed swapped data for i = 375, j = 400 sucessfully passed !
	Initialyzed swapped data for i = 375, j = 401 sucessfully passed !
	Initialyzed swapped data for i = 375, j = 402 sucessfully passed !
	Initialyzed swapped data for i = 375, j = 403 sucessfully passed !
	Initialyzed swapped data for i = 375, j = 404 sucessfully passed !
	Initialyzed swapped data for i = 375, j = 405 sucessfully passed !
	Initialyzed swapped data for i = 375, j = 406 sucessfully passed !
	Initialyzed swapped data for i = 375, j = 407 sucessfully passed !
	Initialyzed swapped data for i = 375, j = 408 sucessfully passed !
	Initialyzed swapped data for i = 375, j = 409 sucessfully passed !
	Initialyzed swapped data for i = 375, j = 410 sucessfully passed !
	Initialyzed swapped data for i = 375, j = 411 sucessfully passed !
	Initialyzed swapped data for i = 375, j = 412 sucessfully passed !
	Initialyzed swapped data for i = 375, j = 413 sucessfully passed !
	Initialyzed swapped data for i = 375, j = 414 sucessfully passed !
	Initialyzed swapped data for i = 375, j = 415 sucessfully passed !
	Initialyzed swapped data for i = 375, j = 416 sucessfully passed !
	Initialyzed swapped data for i = 375, j = 417 sucessfully passed !
	Initialyzed swapped data for i = 375, j = 418 sucessfully passed !
	Initialyzed swapped data for i = 375, j = 419 sucessfully passed !
	Initialyzed swapped data for i = 375, j = 420 sucessfully passed !
	Initialyzed swapped data for i = 375, j = 421 sucessfully passed !
	Initialyzed swapped data for i = 375, j = 422 sucessfully passed !
	Initialyzed swapped data for i = 375, j = 423 sucessfully passed !
	Initialyzed swapped data for i = 375, j = 424 sucessfully passed !
	Initialyzed swapped data for i = 375, j = 425 sucessfully passed !
	Initialyzed swapped data for i = 375, j = 426 sucessfully passed !
	Initialyzed swapped data for i = 375, j = 427 sucessfully passed !
	Initialyzed swapped data for i = 375, j = 428 sucessfully passed !
	Initialyzed swapped data for i = 375, j = 429 sucessfully passed !
	Initialyzed swapped data for i = 375, j = 430 sucessfully passed !
	Initialyzed swapped data for i = 375, j = 431 sucessfully passed !
	Initialyzed swapped data for i = 375, j = 432 sucessfully passed !
	Initialyzed swapped data for i = 375, j = 433 sucessfully passed !
	Initialyzed swapped data for i = 376, j = 377 sucessfully passed !
	Initialyzed swapped data for i = 376, j = 378 sucessfully passed !
	Initialyzed swapped data for i = 376, j = 379 sucessfully passed !
	Initialyzed swapped data for i = 376, j = 380 sucessfully passed !
	Initialyzed swapped data for i = 376, j = 381 sucessfully passed !
	Initialyzed swapped data for i = 376, j = 382 sucessfully passed !
	Initialyzed swapped data for i = 376, j = 383 sucessfully passed !
	Initialyzed swapped data for i = 376, j = 384 sucessfully passed !
	Initialyzed swapped data for i = 376, j = 385 sucessfully passed !
	Initialyzed swapped data for i = 376, j = 386 sucessfully passed !
	Initialyzed swapped data for i = 376, j = 387 sucessfully passed !
	Initialyzed swapped data for i = 376, j = 388 sucessfully passed !
	Initialyzed swapped data for i = 376, j = 389 sucessfully passed !
	Initialyzed swapped data for i = 376, j = 390 sucessfully passed !
	Initialyzed swapped data for i = 376, j = 391 sucessfully passed !
	Initialyzed swapped data for i = 376, j = 392 sucessfully passed !
	Initialyzed swapped data for i = 376, j = 393 sucessfully passed !
	Initialyzed swapped data for i = 376, j = 394 sucessfully passed !
	Initialyzed swapped data for i = 376, j = 395 sucessfully passed !
	Initialyzed swapped data for i = 376, j = 396 sucessfully passed !
	Initialyzed swapped data for i = 376, j = 397 sucessfully passed !
	Initialyzed swapped data for i = 376, j = 398 sucessfully passed !
	Initialyzed swapped data for i = 376, j = 399 sucessfully passed !
	Initialyzed swapped data for i = 376, j = 400 sucessfully passed !
	Initialyzed swapped data for i = 376, j = 401 sucessfully passed !
	Initialyzed swapped data for i = 376, j = 402 sucessfully passed !
	Initialyzed swapped data for i = 376, j = 403 sucessfully passed !
	Initialyzed swapped data for i = 376, j = 404 sucessfully passed !
	Initialyzed swapped data for i = 376, j = 405 sucessfully passed !
	Initialyzed swapped data for i = 376, j = 406 sucessfully passed !
	Initialyzed swapped data for i = 376, j = 407 sucessfully passed !
	Initialyzed swapped data for i = 376, j = 408 sucessfully passed !
	Initialyzed swapped data for i = 376, j = 409 sucessfully passed !
	Initialyzed swapped data for i = 376, j = 410 sucessfully passed !
	Initialyzed swapped data for i = 376, j = 411 sucessfully passed !
	Initialyzed swapped data for i = 376, j = 412 sucessfully passed !
	Initialyzed swapped data for i = 376, j = 413 sucessfully passed !
	Initialyzed swapped data for i = 376, j = 414 sucessfully passed !
	Initialyzed swapped data for i = 376, j = 415 sucessfully passed !
	Initialyzed swapped data for i = 376, j = 416 sucessfully passed !
	Initialyzed swapped data for i = 376, j = 417 sucessfully passed !
	Initialyzed swapped data for i = 376, j = 418 sucessfully passed !
	Initialyzed swapped data for i = 376, j = 419 sucessfully passed !
	Initialyzed swapped data for i = 376, j = 420 sucessfully passed !
	Initialyzed swapped data for i = 376, j = 421 sucessfully passed !
	Initialyzed swapped data for i = 376, j = 422 sucessfully passed !
	Initialyzed swapped data for i = 376, j = 423 sucessfully passed !
	Initialyzed swapped data for i = 376, j = 424 sucessfully passed !
	Initialyzed swapped data for i = 376, j = 425 sucessfully passed !
	Initialyzed swapped data for i = 376, j = 426 sucessfully passed !
	Initialyzed swapped data for i = 376, j = 427 sucessfully passed !
	Initialyzed swapped data for i = 376, j = 428 sucessfully passed !
	Initialyzed swapped data for i = 376, j = 429 sucessfully passed !
	Initialyzed swapped data for i = 376, j = 430 sucessfully passed !
	Initialyzed swapped data for i = 376, j = 431 sucessfully passed !
	Initialyzed swapped data for i = 376, j = 432 sucessfully passed !
	Initialyzed swapped data for i = 376, j = 433 sucessfully passed !
	Initialyzed swapped data for i = 377, j = 378 sucessfully passed !
	Initialyzed swapped data for i = 377, j = 379 sucessfully passed !
	Initialyzed swapped data for i = 377, j = 380 sucessfully passed !
	Initialyzed swapped data for i = 377, j = 381 sucessfully passed !
	Initialyzed swapped data for i = 377, j = 382 sucessfully passed !
	Initialyzed swapped data for i = 377, j = 383 sucessfully passed !
	Initialyzed swapped data for i = 377, j = 384 sucessfully passed !
	Initialyzed swapped data for i = 377, j = 385 sucessfully passed !
	Initialyzed swapped data for i = 377, j = 386 sucessfully passed !
	Initialyzed swapped data for i = 377, j = 387 sucessfully passed !
	Initialyzed swapped data for i = 377, j = 388 sucessfully passed !
	Initialyzed swapped data for i = 377, j = 389 sucessfully passed !
	Initialyzed swapped data for i = 377, j = 390 sucessfully passed !
	Initialyzed swapped data for i = 377, j = 391 sucessfully passed !
	Initialyzed swapped data for i = 377, j = 392 sucessfully passed !
	Initialyzed swapped data for i = 377, j = 393 sucessfully passed !
	Initialyzed swapped data for i = 377, j = 394 sucessfully passed !
	Initialyzed swapped data for i = 377, j = 395 sucessfully passed !
	Initialyzed swapped data for i = 377, j = 396 sucessfully passed !
	Initialyzed swapped data for i = 377, j = 397 sucessfully passed !
	Initialyzed swapped data for i = 377, j = 398 sucessfully passed !
	Initialyzed swapped data for i = 377, j = 399 sucessfully passed !
	Initialyzed swapped data for i = 377, j = 400 sucessfully passed !
	Initialyzed swapped data for i = 377, j = 401 sucessfully passed !
	Initialyzed swapped data for i = 377, j = 402 sucessfully passed !
	Initialyzed swapped data for i = 377, j = 403 sucessfully passed !
	Initialyzed swapped data for i = 377, j = 404 sucessfully passed !
	Initialyzed swapped data for i = 377, j = 405 sucessfully passed !
	Initialyzed swapped data for i = 377, j = 406 sucessfully passed !
	Initialyzed swapped data for i = 377, j = 407 sucessfully passed !
	Initialyzed swapped data for i = 377, j = 408 sucessfully passed !
	Initialyzed swapped data for i = 377, j = 409 sucessfully passed !
	Initialyzed swapped data for i = 377, j = 410 sucessfully passed !
	Initialyzed swapped data for i = 377, j = 411 sucessfully passed !
	Initialyzed swapped data for i = 377, j = 412 sucessfully passed !
	Initialyzed swapped data for i = 377, j = 413 sucessfully passed !
	Initialyzed swapped data for i = 377, j = 414 sucessfully passed !
	Initialyzed swapped data for i = 377, j = 415 sucessfully passed !
	Initialyzed swapped data for i = 377, j = 416 sucessfully passed !
	Initialyzed swapped data for i = 377, j = 417 sucessfully passed !
	Initialyzed swapped data for i = 377, j = 418 sucessfully passed !
	Initialyzed swapped data for i = 377, j = 419 sucessfully passed !
	Initialyzed swapped data for i = 377, j = 420 sucessfully passed !
	Initialyzed swapped data for i = 377, j = 421 sucessfully passed !
	Initialyzed swapped data for i = 377, j = 422 sucessfully passed !
	Initialyzed swapped data for i = 377, j = 423 sucessfully passed !
	Initialyzed swapped data for i = 377, j = 424 sucessfully passed !
	Initialyzed swapped data for i = 377, j = 425 sucessfully passed !
	Initialyzed swapped data for i = 377, j = 426 sucessfully passed !
	Initialyzed swapped data for i = 377, j = 427 sucessfully passed !
	Initialyzed swapped data for i = 377, j = 428 sucessfully passed !
	Initialyzed swapped data for i = 377, j = 429 sucessfully passed !
	Initialyzed swapped data for i = 377, j = 430 sucessfully passed !
	Initialyzed swapped data for i = 377, j = 431 sucessfully passed !
	Initialyzed swapped data for i = 377, j = 432 sucessfully passed !
	Initialyzed swapped data for i = 377, j = 433 sucessfully passed !
	Initialyzed swapped data for i = 378, j = 379 sucessfully passed !
	Initialyzed swapped data for i = 378, j = 380 sucessfully passed !
	Initialyzed swapped data for i = 378, j = 381 sucessfully passed !
	Initialyzed swapped data for i = 378, j = 382 sucessfully passed !
	Initialyzed swapped data for i = 378, j = 383 sucessfully passed !
	Initialyzed swapped data for i = 378, j = 384 sucessfully passed !
	Initialyzed swapped data for i = 378, j = 385 sucessfully passed !
	Initialyzed swapped data for i = 378, j = 386 sucessfully passed !
	Initialyzed swapped data for i = 378, j = 387 sucessfully passed !
	Initialyzed swapped data for i = 378, j = 388 sucessfully passed !
	Initialyzed swapped data for i = 378, j = 389 sucessfully passed !
	Initialyzed swapped data for i = 378, j = 390 sucessfully passed !
	Initialyzed swapped data for i = 378, j = 391 sucessfully passed !
	Initialyzed swapped data for i = 378, j = 392 sucessfully passed !
	Initialyzed swapped data for i = 378, j = 393 sucessfully passed !
	Initialyzed swapped data for i = 378, j = 394 sucessfully passed !
	Initialyzed swapped data for i = 378, j = 395 sucessfully passed !
	Initialyzed swapped data for i = 378, j = 396 sucessfully passed !
	Initialyzed swapped data for i = 378, j = 397 sucessfully passed !
	Initialyzed swapped data for i = 378, j = 398 sucessfully passed !
	Initialyzed swapped data for i = 378, j = 399 sucessfully passed !
	Initialyzed swapped data for i = 378, j = 400 sucessfully passed !
	Initialyzed swapped data for i = 378, j = 401 sucessfully passed !
	Initialyzed swapped data for i = 378, j = 402 sucessfully passed !
	Initialyzed swapped data for i = 378, j = 403 sucessfully passed !
	Initialyzed swapped data for i = 378, j = 404 sucessfully passed !
	Initialyzed swapped data for i = 378, j = 405 sucessfully passed !
	Initialyzed swapped data for i = 378, j = 406 sucessfully passed !
	Initialyzed swapped data for i = 378, j = 407 sucessfully passed !
	Initialyzed swapped data for i = 378, j = 408 sucessfully passed !
	Initialyzed swapped data for i = 378, j = 409 sucessfully passed !
	Initialyzed swapped data for i = 378, j = 410 sucessfully passed !
	Initialyzed swapped data for i = 378, j = 411 sucessfully passed !
	Initialyzed swapped data for i = 378, j = 412 sucessfully passed !
	Initialyzed swapped data for i = 378, j = 413 sucessfully passed !
	Initialyzed swapped data for i = 378, j = 414 sucessfully passed !
	Initialyzed swapped data for i = 378, j = 415 sucessfully passed !
	Initialyzed swapped data for i = 378, j = 416 sucessfully passed !
	Initialyzed swapped data for i = 378, j = 417 sucessfully passed !
	Initialyzed swapped data for i = 378, j = 418 sucessfully passed !
	Initialyzed swapped data for i = 378, j = 419 sucessfully passed !
	Initialyzed swapped data for i = 378, j = 420 sucessfully passed !
	Initialyzed swapped data for i = 378, j = 421 sucessfully passed !
	Initialyzed swapped data for i = 378, j = 422 sucessfully passed !
	Initialyzed swapped data for i = 378, j = 423 sucessfully passed !
	Initialyzed swapped data for i = 378, j = 424 sucessfully passed !
	Initialyzed swapped data for i = 378, j = 425 sucessfully passed !
	Initialyzed swapped data for i = 378, j = 426 sucessfully passed !
	Initialyzed swapped data for i = 378, j = 427 sucessfully passed !
	Initialyzed swapped data for i = 378, j = 428 sucessfully passed !
	Initialyzed swapped data for i = 378, j = 429 sucessfully passed !
	Initialyzed swapped data for i = 378, j = 430 sucessfully passed !
	Initialyzed swapped data for i = 378, j = 431 sucessfully passed !
	Initialyzed swapped data for i = 378, j = 432 sucessfully passed !
	Initialyzed swapped data for i = 378, j = 433 sucessfully passed !
	Initialyzed swapped data for i = 379, j = 380 sucessfully passed !
	Initialyzed swapped data for i = 379, j = 381 sucessfully passed !
	Initialyzed swapped data for i = 379, j = 382 sucessfully passed !
	Initialyzed swapped data for i = 379, j = 383 sucessfully passed !
	Initialyzed swapped data for i = 379, j = 384 sucessfully passed !
	Initialyzed swapped data for i = 379, j = 385 sucessfully passed !
	Initialyzed swapped data for i = 379, j = 386 sucessfully passed !
	Initialyzed swapped data for i = 379, j = 387 sucessfully passed !
	Initialyzed swapped data for i = 379, j = 388 sucessfully passed !
	Initialyzed swapped data for i = 379, j = 389 sucessfully passed !
	Initialyzed swapped data for i = 379, j = 390 sucessfully passed !
	Initialyzed swapped data for i = 379, j = 391 sucessfully passed !
	Initialyzed swapped data for i = 379, j = 392 sucessfully passed !
	Initialyzed swapped data for i = 379, j = 393 sucessfully passed !
	Initialyzed swapped data for i = 379, j = 394 sucessfully passed !
	Initialyzed swapped data for i = 379, j = 395 sucessfully passed !
	Initialyzed swapped data for i = 379, j = 396 sucessfully passed !
	Initialyzed swapped data for i = 379, j = 397 sucessfully passed !
	Initialyzed swapped data for i = 379, j = 398 sucessfully passed !
	Initialyzed swapped data for i = 379, j = 399 sucessfully passed !
	Initialyzed swapped data for i = 379, j = 400 sucessfully passed !
	Initialyzed swapped data for i = 379, j = 401 sucessfully passed !
	Initialyzed swapped data for i = 379, j = 402 sucessfully passed !
	Initialyzed swapped data for i = 379, j = 403 sucessfully passed !
	Initialyzed swapped data for i = 379, j = 404 sucessfully passed !
	Initialyzed swapped data for i = 379, j = 405 sucessfully passed !
	Initialyzed swapped data for i = 379, j = 406 sucessfully passed !
	Initialyzed swapped data for i = 379, j = 407 sucessfully passed !
	Initialyzed swapped data for i = 379, j = 408 sucessfully passed !
	Initialyzed swapped data for i = 379, j = 409 sucessfully passed !
	Initialyzed swapped data for i = 379, j = 410 sucessfully passed !
	Initialyzed swapped data for i = 379, j = 411 sucessfully passed !
	Initialyzed swapped data for i = 379, j = 412 sucessfully passed !
	Initialyzed swapped data for i = 379, j = 413 sucessfully passed !
	Initialyzed swapped data for i = 379, j = 414 sucessfully passed !
	Initialyzed swapped data for i = 379, j = 415 sucessfully passed !
	Initialyzed swapped data for i = 379, j = 416 sucessfully passed !
	Initialyzed swapped data for i = 379, j = 417 sucessfully passed !
	Initialyzed swapped data for i = 379, j = 418 sucessfully passed !
	Initialyzed swapped data for i = 379, j = 419 sucessfully passed !
	Initialyzed swapped data for i = 379, j = 420 sucessfully passed !
	Initialyzed swapped data for i = 379, j = 421 sucessfully passed !
	Initialyzed swapped data for i = 379, j = 422 sucessfully passed !
	Initialyzed swapped data for i = 379, j = 423 sucessfully passed !
	Initialyzed swapped data for i = 379, j = 424 sucessfully passed !
	Initialyzed swapped data for i = 379, j = 425 sucessfully passed !
	Initialyzed swapped data for i = 379, j = 426 sucessfully passed !
	Initialyzed swapped data for i = 379, j = 427 sucessfully passed !
	Initialyzed swapped data for i = 379, j = 428 sucessfully passed !
	Initialyzed swapped data for i = 379, j = 429 sucessfully passed !
	Initialyzed swapped data for i = 379, j = 430 sucessfully passed !
	Initialyzed swapped data for i = 379, j = 431 sucessfully passed !
	Initialyzed swapped data for i = 379, j = 432 sucessfully passed !
	Initialyzed swapped data for i = 379, j = 433 sucessfully passed !
	Initialyzed swapped data for i = 380, j = 381 sucessfully passed !
	Initialyzed swapped data for i = 380, j = 382 sucessfully passed !
	Initialyzed swapped data for i = 380, j = 383 sucessfully passed !
	Initialyzed swapped data for i = 380, j = 384 sucessfully passed !
	Initialyzed swapped data for i = 380, j = 385 sucessfully passed !
	Initialyzed swapped data for i = 380, j = 386 sucessfully passed !
	Initialyzed swapped data for i = 380, j = 387 sucessfully passed !
	Initialyzed swapped data for i = 380, j = 388 sucessfully passed !
	Initialyzed swapped data for i = 380, j = 389 sucessfully passed !
	Initialyzed swapped data for i = 380, j = 390 sucessfully passed !
	Initialyzed swapped data for i = 380, j = 391 sucessfully passed !
	Initialyzed swapped data for i = 380, j = 392 sucessfully passed !
	Initialyzed swapped data for i = 380, j = 393 sucessfully passed !
	Initialyzed swapped data for i = 380, j = 394 sucessfully passed !
	Initialyzed swapped data for i = 380, j = 395 sucessfully passed !
	Initialyzed swapped data for i = 380, j = 396 sucessfully passed !
	Initialyzed swapped data for i = 380, j = 397 sucessfully passed !
	Initialyzed swapped data for i = 380, j = 398 sucessfully passed !
	Initialyzed swapped data for i = 380, j = 399 sucessfully passed !
	Initialyzed swapped data for i = 380, j = 400 sucessfully passed !
	Initialyzed swapped data for i = 380, j = 401 sucessfully passed !
	Initialyzed swapped data for i = 380, j = 402 sucessfully passed !
	Initialyzed swapped data for i = 380, j = 403 sucessfully passed !
	Initialyzed swapped data for i = 380, j = 404 sucessfully passed !
	Initialyzed swapped data for i = 380, j = 405 sucessfully passed !
	Initialyzed swapped data for i = 380, j = 406 sucessfully passed !
	Initialyzed swapped data for i = 380, j = 407 sucessfully passed !
	Initialyzed swapped data for i = 380, j = 408 sucessfully passed !
	Initialyzed swapped data for i = 380, j = 409 sucessfully passed !
	Initialyzed swapped data for i = 380, j = 410 sucessfully passed !
	Initialyzed swapped data for i = 380, j = 411 sucessfully passed !
	Initialyzed swapped data for i = 380, j = 412 sucessfully passed !
	Initialyzed swapped data for i = 380, j = 413 sucessfully passed !
	Initialyzed swapped data for i = 380, j = 414 sucessfully passed !
	Initialyzed swapped data for i = 380, j = 415 sucessfully passed !
	Initialyzed swapped data for i = 380, j = 416 sucessfully passed !
	Initialyzed swapped data for i = 380, j = 417 sucessfully passed !
	Initialyzed swapped data for i = 380, j = 418 sucessfully passed !
	Initialyzed swapped data for i = 380, j = 419 sucessfully passed !
	Initialyzed swapped data for i = 380, j = 420 sucessfully passed !
	Initialyzed swapped data for i = 380, j = 421 sucessfully passed !
	Initialyzed swapped data for i = 380, j = 422 sucessfully passed !
	Initialyzed swapped data for i = 380, j = 423 sucessfully passed !
	Initialyzed swapped data for i = 380, j = 424 sucessfully passed !
	Initialyzed swapped data for i = 380, j = 425 sucessfully passed !
	Initialyzed swapped data for i = 380, j = 426 sucessfully passed !
	Initialyzed swapped data for i = 380, j = 427 sucessfully passed !
	Initialyzed swapped data for i = 380, j = 428 sucessfully passed !
	Initialyzed swapped data for i = 380, j = 429 sucessfully passed !
	Initialyzed swapped data for i = 380, j = 430 sucessfully passed !
	Initialyzed swapped data for i = 380, j = 431 sucessfully passed !
	Initialyzed swapped data for i = 380, j = 432 sucessfully passed !
	Initialyzed swapped data for i = 380, j = 433 sucessfully passed !
	Initialyzed swapped data for i = 381, j = 382 sucessfully passed !
	Initialyzed swapped data for i = 381, j = 383 sucessfully passed !
	Initialyzed swapped data for i = 381, j = 384 sucessfully passed !
	Initialyzed swapped data for i = 381, j = 385 sucessfully passed !
	Initialyzed swapped data for i = 381, j = 386 sucessfully passed !
	Initialyzed swapped data for i = 381, j = 387 sucessfully passed !
	Initialyzed swapped data for i = 381, j = 388 sucessfully passed !
	Initialyzed swapped data for i = 381, j = 389 sucessfully passed !
	Initialyzed swapped data for i = 381, j = 390 sucessfully passed !
	Initialyzed swapped data for i = 381, j = 391 sucessfully passed !
	Initialyzed swapped data for i = 381, j = 392 sucessfully passed !
	Initialyzed swapped data for i = 381, j = 393 sucessfully passed !
	Initialyzed swapped data for i = 381, j = 394 sucessfully passed !
	Initialyzed swapped data for i = 381, j = 395 sucessfully passed !
	Initialyzed swapped data for i = 381, j = 396 sucessfully passed !
	Initialyzed swapped data for i = 381, j = 397 sucessfully passed !
	Initialyzed swapped data for i = 381, j = 398 sucessfully passed !
	Initialyzed swapped data for i = 381, j = 399 sucessfully passed !
	Initialyzed swapped data for i = 381, j = 400 sucessfully passed !
	Initialyzed swapped data for i = 381, j = 401 sucessfully passed !
	Initialyzed swapped data for i = 381, j = 402 sucessfully passed !
	Initialyzed swapped data for i = 381, j = 403 sucessfully passed !
	Initialyzed swapped data for i = 381, j = 404 sucessfully passed !
	Initialyzed swapped data for i = 381, j = 405 sucessfully passed !
	Initialyzed swapped data for i = 381, j = 406 sucessfully passed !
	Initialyzed swapped data for i = 381, j = 407 sucessfully passed !
	Initialyzed swapped data for i = 381, j = 408 sucessfully passed !
	Initialyzed swapped data for i = 381, j = 409 sucessfully passed !
	Initialyzed swapped data for i = 381, j = 410 sucessfully passed !
	Initialyzed swapped data for i = 381, j = 411 sucessfully passed !
	Initialyzed swapped data for i = 381, j = 412 sucessfully passed !
	Initialyzed swapped data for i = 381, j = 413 sucessfully passed !
	Initialyzed swapped data for i = 381, j = 414 sucessfully passed !
	Initialyzed swapped data for i = 381, j = 415 sucessfully passed !
	Initialyzed swapped data for i = 381, j = 416 sucessfully passed !
	Initialyzed swapped data for i = 381, j = 417 sucessfully passed !
	Initialyzed swapped data for i = 381, j = 418 sucessfully passed !
	Initialyzed swapped data for i = 381, j = 419 sucessfully passed !
	Initialyzed swapped data for i = 381, j = 420 sucessfully passed !
	Initialyzed swapped data for i = 381, j = 421 sucessfully passed !
	Initialyzed swapped data for i = 381, j = 422 sucessfully passed !
	Initialyzed swapped data for i = 381, j = 423 sucessfully passed !
	Initialyzed swapped data for i = 381, j = 424 sucessfully passed !
	Initialyzed swapped data for i = 381, j = 425 sucessfully passed !
	Initialyzed swapped data for i = 381, j = 426 sucessfully passed !
	Initialyzed swapped data for i = 381, j = 427 sucessfully passed !
	Initialyzed swapped data for i = 381, j = 428 sucessfully passed !
	Initialyzed swapped data for i = 381, j = 429 sucessfully passed !
	Initialyzed swapped data for i = 381, j = 430 sucessfully passed !
	Initialyzed swapped data for i = 381, j = 431 sucessfully passed !
	Initialyzed swapped data for i = 381, j = 432 sucessfully passed !
	Initialyzed swapped data for i = 381, j = 433 sucessfully passed !
	Initialyzed swapped data for i = 382, j = 383 sucessfully passed !
	Initialyzed swapped data for i = 382, j = 384 sucessfully passed !
	Initialyzed swapped data for i = 382, j = 385 sucessfully passed !
	Initialyzed swapped data for i = 382, j = 386 sucessfully passed !
	Initialyzed swapped data for i = 382, j = 387 sucessfully passed !
	Initialyzed swapped data for i = 382, j = 388 sucessfully passed !
	Initialyzed swapped data for i = 382, j = 389 sucessfully passed !
	Initialyzed swapped data for i = 382, j = 390 sucessfully passed !
	Initialyzed swapped data for i = 382, j = 391 sucessfully passed !
	Initialyzed swapped data for i = 382, j = 392 sucessfully passed !
	Initialyzed swapped data for i = 382, j = 393 sucessfully passed !
	Initialyzed swapped data for i = 382, j = 394 sucessfully passed !
	Initialyzed swapped data for i = 382, j = 395 sucessfully passed !
	Initialyzed swapped data for i = 382, j = 396 sucessfully passed !
	Initialyzed swapped data for i = 382, j = 397 sucessfully passed !
	Initialyzed swapped data for i = 382, j = 398 sucessfully passed !
	Initialyzed swapped data for i = 382, j = 399 sucessfully passed !
	Initialyzed swapped data for i = 382, j = 400 sucessfully passed !
	Initialyzed swapped data for i = 382, j = 401 sucessfully passed !
	Initialyzed swapped data for i = 382, j = 402 sucessfully passed !
	Initialyzed swapped data for i = 382, j = 403 sucessfully passed !
	Initialyzed swapped data for i = 382, j = 404 sucessfully passed !
	Initialyzed swapped data for i = 382, j = 405 sucessfully passed !
	Initialyzed swapped data for i = 382, j = 406 sucessfully passed !
	Initialyzed swapped data for i = 382, j = 407 sucessfully passed !
	Initialyzed swapped data for i = 382, j = 408 sucessfully passed !
	Initialyzed swapped data for i = 382, j = 409 sucessfully passed !
	Initialyzed swapped data for i = 382, j = 410 sucessfully passed !
	Initialyzed swapped data for i = 382, j = 411 sucessfully passed !
	Initialyzed swapped data for i = 382, j = 412 sucessfully passed !
	Initialyzed swapped data for i = 382, j = 413 sucessfully passed !
	Initialyzed swapped data for i = 382, j = 414 sucessfully passed !
	Initialyzed swapped data for i = 382, j = 415 sucessfully passed !
	Initialyzed swapped data for i = 382, j = 416 sucessfully passed !
	Initialyzed swapped data for i = 382, j = 417 sucessfully passed !
	Initialyzed swapped data for i = 382, j = 418 sucessfully passed !
	Initialyzed swapped data for i = 382, j = 419 sucessfully passed !
	Initialyzed swapped data for i = 382, j = 420 sucessfully passed !
	Initialyzed swapped data for i = 382, j = 421 sucessfully passed !
	Initialyzed swapped data for i = 382, j = 422 sucessfully passed !
	Initialyzed swapped data for i = 382, j = 423 sucessfully passed !
	Initialyzed swapped data for i = 382, j = 424 sucessfully passed !
	Initialyzed swapped data for i = 382, j = 425 sucessfully passed !
	Initialyzed swapped data for i = 382, j = 426 sucessfully passed !
	Initialyzed swapped data for i = 382, j = 427 sucessfully passed !
	Initialyzed swapped data for i = 382, j = 428 sucessfully passed !
	Initialyzed swapped data for i = 382, j = 429 sucessfully passed !
	Initialyzed swapped data for i = 382, j = 430 sucessfully passed !
	Initialyzed swapped data for i = 382, j = 431 sucessfully passed !
	Initialyzed swapped data for i = 382, j = 432 sucessfully passed !
	Initialyzed swapped data for i = 382, j = 433 sucessfully passed !
	Initialyzed swapped data for i = 383, j = 384 sucessfully passed !
	Initialyzed swapped data for i = 383, j = 385 sucessfully passed !
	Initialyzed swapped data for i = 383, j = 386 sucessfully passed !
	Initialyzed swapped data for i = 383, j = 387 sucessfully passed !
	Initialyzed swapped data for i = 383, j = 388 sucessfully passed !
	Initialyzed swapped data for i = 383, j = 389 sucessfully passed !
	Initialyzed swapped data for i = 383, j = 390 sucessfully passed !
	Initialyzed swapped data for i = 383, j = 391 sucessfully passed !
	Initialyzed swapped data for i = 383, j = 392 sucessfully passed !
	Initialyzed swapped data for i = 383, j = 393 sucessfully passed !
	Initialyzed swapped data for i = 383, j = 394 sucessfully passed !
	Initialyzed swapped data for i = 383, j = 395 sucessfully passed !
	Initialyzed swapped data for i = 383, j = 396 sucessfully passed !
	Initialyzed swapped data for i = 383, j = 397 sucessfully passed !
	Initialyzed swapped data for i = 383, j = 398 sucessfully passed !
	Initialyzed swapped data for i = 383, j = 399 sucessfully passed !
	Initialyzed swapped data for i = 383, j = 400 sucessfully passed !
	Initialyzed swapped data for i = 383, j = 401 sucessfully passed !
	Initialyzed swapped data for i = 383, j = 402 sucessfully passed !
	Initialyzed swapped data for i = 383, j = 403 sucessfully passed !
	Initialyzed swapped data for i = 383, j = 404 sucessfully passed !
	Initialyzed swapped data for i = 383, j = 405 sucessfully passed !
	Initialyzed swapped data for i = 383, j = 406 sucessfully passed !
	Initialyzed swapped data for i = 383, j = 407 sucessfully passed !
	Initialyzed swapped data for i = 383, j = 408 sucessfully passed !
	Initialyzed swapped data for i = 383, j = 409 sucessfully passed !
	Initialyzed swapped data for i = 383, j = 410 sucessfully passed !
	Initialyzed swapped data for i = 383, j = 411 sucessfully passed !
	Initialyzed swapped data for i = 383, j = 412 sucessfully passed !
	Initialyzed swapped data for i = 383, j = 413 sucessfully passed !
	Initialyzed swapped data for i = 383, j = 414 sucessfully passed !
	Initialyzed swapped data for i = 383, j = 415 sucessfully passed !
	Initialyzed swapped data for i = 383, j = 416 sucessfully passed !
	Initialyzed swapped data for i = 383, j = 417 sucessfully passed !
	Initialyzed swapped data for i = 383, j = 418 sucessfully passed !
	Initialyzed swapped data for i = 383, j = 419 sucessfully passed !
	Initialyzed swapped data for i = 383, j = 420 sucessfully passed !
	Initialyzed swapped data for i = 383, j = 421 sucessfully passed !
	Initialyzed swapped data for i = 383, j = 422 sucessfully passed !
	Initialyzed swapped data for i = 383, j = 423 sucessfully passed !
	Initialyzed swapped data for i = 383, j = 424 sucessfully passed !
	Initialyzed swapped data for i = 383, j = 425 sucessfully passed !
	Initialyzed swapped data for i = 383, j = 426 sucessfully passed !
	Initialyzed swapped data for i = 383, j = 427 sucessfully passed !
	Initialyzed swapped data for i = 383, j = 428 sucessfully passed !
	Initialyzed swapped data for i = 383, j = 429 sucessfully passed !
	Initialyzed swapped data for i = 383, j = 430 sucessfully passed !
	Initialyzed swapped data for i = 383, j = 431 sucessfully passed !
	Initialyzed swapped data for i = 383, j = 432 sucessfully passed !
	Initialyzed swapped data for i = 383, j = 433 sucessfully passed !
	Initialyzed swapped data for i = 384, j = 385 sucessfully passed !
	Initialyzed swapped data for i = 384, j = 386 sucessfully passed !
	Initialyzed swapped data for i = 384, j = 387 sucessfully passed !
	Initialyzed swapped data for i = 384, j = 388 sucessfully passed !
	Initialyzed swapped data for i = 384, j = 389 sucessfully passed !
	Initialyzed swapped data for i = 384, j = 390 sucessfully passed !
	Initialyzed swapped data for i = 384, j = 391 sucessfully passed !
	Initialyzed swapped data for i = 384, j = 392 sucessfully passed !
	Initialyzed swapped data for i = 384, j = 393 sucessfully passed !
	Initialyzed swapped data for i = 384, j = 394 sucessfully passed !
	Initialyzed swapped data for i = 384, j = 395 sucessfully passed !
	Initialyzed swapped data for i = 384, j = 396 sucessfully passed !
	Initialyzed swapped data for i = 384, j = 397 sucessfully passed !
	Initialyzed swapped data for i = 384, j = 398 sucessfully passed !
	Initialyzed swapped data for i = 384, j = 399 sucessfully passed !
	Initialyzed swapped data for i = 384, j = 400 sucessfully passed !
	Initialyzed swapped data for i = 384, j = 401 sucessfully passed !
	Initialyzed swapped data for i = 384, j = 402 sucessfully passed !
	Initialyzed swapped data for i = 384, j = 403 sucessfully passed !
	Initialyzed swapped data for i = 384, j = 404 sucessfully passed !
	Initialyzed swapped data for i = 384, j = 405 sucessfully passed !
	Initialyzed swapped data for i = 384, j = 406 sucessfully passed !
	Initialyzed swapped data for i = 384, j = 407 sucessfully passed !
	Initialyzed swapped data for i = 384, j = 408 sucessfully passed !
	Initialyzed swapped data for i = 384, j = 409 sucessfully passed !
	Initialyzed swapped data for i = 384, j = 410 sucessfully passed !
	Initialyzed swapped data for i = 384, j = 411 sucessfully passed !
	Initialyzed swapped data for i = 384, j = 412 sucessfully passed !
	Initialyzed swapped data for i = 384, j = 413 sucessfully passed !
	Initialyzed swapped data for i = 384, j = 414 sucessfully passed !
	Initialyzed swapped data for i = 384, j = 415 sucessfully passed !
	Initialyzed swapped data for i = 384, j = 416 sucessfully passed !
	Initialyzed swapped data for i = 384, j = 417 sucessfully passed !
	Initialyzed swapped data for i = 384, j = 418 sucessfully passed !
	Initialyzed swapped data for i = 384, j = 419 sucessfully passed !
	Initialyzed swapped data for i = 384, j = 420 sucessfully passed !
	Initialyzed swapped data for i = 384, j = 421 sucessfully passed !
	Initialyzed swapped data for i = 384, j = 422 sucessfully passed !
	Initialyzed swapped data for i = 384, j = 423 sucessfully passed !
	Initialyzed swapped data for i = 384, j = 424 sucessfully passed !
	Initialyzed swapped data for i = 384, j = 425 sucessfully passed !
	Initialyzed swapped data for i = 384, j = 426 sucessfully passed !
	Initialyzed swapped data for i = 384, j = 427 sucessfully passed !
	Initialyzed swapped data for i = 384, j = 428 sucessfully passed !
	Initialyzed swapped data for i = 384, j = 429 sucessfully passed !
	Initialyzed swapped data for i = 384, j = 430 sucessfully passed !
	Initialyzed swapped data for i = 384, j = 431 sucessfully passed !
	Initialyzed swapped data for i = 384, j = 432 sucessfully passed !
	Initialyzed swapped data for i = 384, j = 433 sucessfully passed !
	Initialyzed swapped data for i = 385, j = 386 sucessfully passed !
	Initialyzed swapped data for i = 385, j = 387 sucessfully passed !
	Initialyzed swapped data for i = 385, j = 388 sucessfully passed !
	Initialyzed swapped data for i = 385, j = 389 sucessfully passed !
	Initialyzed swapped data for i = 385, j = 390 sucessfully passed !
	Initialyzed swapped data for i = 385, j = 391 sucessfully passed !
	Initialyzed swapped data for i = 385, j = 392 sucessfully passed !
	Initialyzed swapped data for i = 385, j = 393 sucessfully passed !
	Initialyzed swapped data for i = 385, j = 394 sucessfully passed !
	Initialyzed swapped data for i = 385, j = 395 sucessfully passed !
	Initialyzed swapped data for i = 385, j = 396 sucessfully passed !
	Initialyzed swapped data for i = 385, j = 397 sucessfully passed !
	Initialyzed swapped data for i = 385, j = 398 sucessfully passed !
	Initialyzed swapped data for i = 385, j = 399 sucessfully passed !
	Initialyzed swapped data for i = 385, j = 400 sucessfully passed !
	Initialyzed swapped data for i = 385, j = 401 sucessfully passed !
	Initialyzed swapped data for i = 385, j = 402 sucessfully passed !
	Initialyzed swapped data for i = 385, j = 403 sucessfully passed !
	Initialyzed swapped data for i = 385, j = 404 sucessfully passed !
	Initialyzed swapped data for i = 385, j = 405 sucessfully passed !
	Initialyzed swapped data for i = 385, j = 406 sucessfully passed !
	Initialyzed swapped data for i = 385, j = 407 sucessfully passed !
	Initialyzed swapped data for i = 385, j = 408 sucessfully passed !
	Initialyzed swapped data for i = 385, j = 409 sucessfully passed !
	Initialyzed swapped data for i = 385, j = 410 sucessfully passed !
	Initialyzed swapped data for i = 385, j = 411 sucessfully passed !
	Initialyzed swapped data for i = 385, j = 412 sucessfully passed !
	Initialyzed swapped data for i = 385, j = 413 sucessfully passed !
	Initialyzed swapped data for i = 385, j = 414 sucessfully passed !
	Initialyzed swapped data for i = 385, j = 415 sucessfully passed !
	Initialyzed swapped data for i = 385, j = 416 sucessfully passed !
	Initialyzed swapped data for i = 385, j = 417 sucessfully passed !
	Initialyzed swapped data for i = 385, j = 418 sucessfully passed !
	Initialyzed swapped data for i = 385, j = 419 sucessfully passed !
	Initialyzed swapped data for i = 385, j = 420 sucessfully passed !
	Initialyzed swapped data for i = 385, j = 421 sucessfully passed !
	Initialyzed swapped data for i = 385, j = 422 sucessfully passed !
	Initialyzed swapped data for i = 385, j = 423 sucessfully passed !
	Initialyzed swapped data for i = 385, j = 424 sucessfully passed !
	Initialyzed swapped data for i = 385, j = 425 sucessfully passed !
	Initialyzed swapped data for i = 385, j = 426 sucessfully passed !
	Initialyzed swapped data for i = 385, j = 427 sucessfully passed !
	Initialyzed swapped data for i = 385, j = 428 sucessfully passed !
	Initialyzed swapped data for i = 385, j = 429 sucessfully passed !
	Initialyzed swapped data for i = 385, j = 430 sucessfully passed !
	Initialyzed swapped data for i = 385, j = 431 sucessfully passed !
	Initialyzed swapped data for i = 385, j = 432 sucessfully passed !
	Initialyzed swapped data for i = 385, j = 433 sucessfully passed !
	Initialyzed swapped data for i = 386, j = 387 sucessfully passed !
	Initialyzed swapped data for i = 386, j = 388 sucessfully passed !
	Initialyzed swapped data for i = 386, j = 389 sucessfully passed !
	Initialyzed swapped data for i = 386, j = 390 sucessfully passed !
	Initialyzed swapped data for i = 386, j = 391 sucessfully passed !
	Initialyzed swapped data for i = 386, j = 392 sucessfully passed !
	Initialyzed swapped data for i = 386, j = 393 sucessfully passed !
	Initialyzed swapped data for i = 386, j = 394 sucessfully passed !
	Initialyzed swapped data for i = 386, j = 395 sucessfully passed !
	Initialyzed swapped data for i = 386, j = 396 sucessfully passed !
	Initialyzed swapped data for i = 386, j = 397 sucessfully passed !
	Initialyzed swapped data for i = 386, j = 398 sucessfully passed !
	Initialyzed swapped data for i = 386, j = 399 sucessfully passed !
	Initialyzed swapped data for i = 386, j = 400 sucessfully passed !
	Initialyzed swapped data for i = 386, j = 401 sucessfully passed !
	Initialyzed swapped data for i = 386, j = 402 sucessfully passed !
	Initialyzed swapped data for i = 386, j = 403 sucessfully passed !
	Initialyzed swapped data for i = 386, j = 404 sucessfully passed !
	Initialyzed swapped data for i = 386, j = 405 sucessfully passed !
	Initialyzed swapped data for i = 386, j = 406 sucessfully passed !
	Initialyzed swapped data for i = 386, j = 407 sucessfully passed !
	Initialyzed swapped data for i = 386, j = 408 sucessfully passed !
	Initialyzed swapped data for i = 386, j = 409 sucessfully passed !
	Initialyzed swapped data for i = 386, j = 410 sucessfully passed !
	Initialyzed swapped data for i = 386, j = 411 sucessfully passed !
	Initialyzed swapped data for i = 386, j = 412 sucessfully passed !
	Initialyzed swapped data for i = 386, j = 413 sucessfully passed !
	Initialyzed swapped data for i = 386, j = 414 sucessfully passed !
	Initialyzed swapped data for i = 386, j = 415 sucessfully passed !
	Initialyzed swapped data for i = 386, j = 416 sucessfully passed !
	Initialyzed swapped data for i = 386, j = 417 sucessfully passed !
	Initialyzed swapped data for i = 386, j = 418 sucessfully passed !
	Initialyzed swapped data for i = 386, j = 419 sucessfully passed !
	Initialyzed swapped data for i = 386, j = 420 sucessfully passed !
	Initialyzed swapped data for i = 386, j = 421 sucessfully passed !
	Initialyzed swapped data for i = 386, j = 422 sucessfully passed !
	Initialyzed swapped data for i = 386, j = 423 sucessfully passed !
	Initialyzed swapped data for i = 386, j = 424 sucessfully passed !
	Initialyzed swapped data for i = 386, j = 425 sucessfully passed !
	Initialyzed swapped data for i = 386, j = 426 sucessfully passed !
	Initialyzed swapped data for i = 386, j = 427 sucessfully passed !
	Initialyzed swapped data for i = 386, j = 428 sucessfully passed !
	Initialyzed swapped data for i = 386, j = 429 sucessfully passed !
	Initialyzed swapped data for i = 386, j = 430 sucessfully passed !
	Initialyzed swapped data for i = 386, j = 431 sucessfully passed !
	Initialyzed swapped data for i = 386, j = 432 sucessfully passed !
	Initialyzed swapped data for i = 386, j = 433 sucessfully passed !
	Initialyzed swapped data for i = 387, j = 388 sucessfully passed !
	Initialyzed swapped data for i = 387, j = 389 sucessfully passed !
	Initialyzed swapped data for i = 387, j = 390 sucessfully passed !
	Initialyzed swapped data for i = 387, j = 391 sucessfully passed !
	Initialyzed swapped data for i = 387, j = 392 sucessfully passed !
	Initialyzed swapped data for i = 387, j = 393 sucessfully passed !
	Initialyzed swapped data for i = 387, j = 394 sucessfully passed !
	Initialyzed swapped data for i = 387, j = 395 sucessfully passed !
	Initialyzed swapped data for i = 387, j = 396 sucessfully passed !
	Initialyzed swapped data for i = 387, j = 397 sucessfully passed !
	Initialyzed swapped data for i = 387, j = 398 sucessfully passed !
	Initialyzed swapped data for i = 387, j = 399 sucessfully passed !
	Initialyzed swapped data for i = 387, j = 400 sucessfully passed !
	Initialyzed swapped data for i = 387, j = 401 sucessfully passed !
	Initialyzed swapped data for i = 387, j = 402 sucessfully passed !
	Initialyzed swapped data for i = 387, j = 403 sucessfully passed !
	Initialyzed swapped data for i = 387, j = 404 sucessfully passed !
	Initialyzed swapped data for i = 387, j = 405 sucessfully passed !
	Initialyzed swapped data for i = 387, j = 406 sucessfully passed !
	Initialyzed swapped data for i = 387, j = 407 sucessfully passed !
	Initialyzed swapped data for i = 387, j = 408 sucessfully passed !
	Initialyzed swapped data for i = 387, j = 409 sucessfully passed !
	Initialyzed swapped data for i = 387, j = 410 sucessfully passed !
	Initialyzed swapped data for i = 387, j = 411 sucessfully passed !
	Initialyzed swapped data for i = 387, j = 412 sucessfully passed !
	Initialyzed swapped data for i = 387, j = 413 sucessfully passed !
	Initialyzed swapped data for i = 387, j = 414 sucessfully passed !
	Initialyzed swapped data for i = 387, j = 415 sucessfully passed !
	Initialyzed swapped data for i = 387, j = 416 sucessfully passed !
	Initialyzed swapped data for i = 387, j = 417 sucessfully passed !
	Initialyzed swapped data for i = 387, j = 418 sucessfully passed !
	Initialyzed swapped data for i = 387, j = 419 sucessfully passed !
	Initialyzed swapped data for i = 387, j = 420 sucessfully passed !
	Initialyzed swapped data for i = 387, j = 421 sucessfully passed !
	Initialyzed swapped data for i = 387, j = 422 sucessfully passed !
	Initialyzed swapped data for i = 387, j = 423 sucessfully passed !
	Initialyzed swapped data for i = 387, j = 424 sucessfully passed !
	Initialyzed swapped data for i = 387, j = 425 sucessfully passed !
	Initialyzed swapped data for i = 387, j = 426 sucessfully passed !
	Initialyzed swapped data for i = 387, j = 427 sucessfully passed !
	Initialyzed swapped data for i = 387, j = 428 sucessfully passed !
	Initialyzed swapped data for i = 387, j = 429 sucessfully passed !
	Initialyzed swapped data for i = 387, j = 430 sucessfully passed !
	Initialyzed swapped data for i = 387, j = 431 sucessfully passed !
	Initialyzed swapped data for i = 387, j = 432 sucessfully passed !
	Initialyzed swapped data for i = 387, j = 433 sucessfully passed !
	Initialyzed swapped data for i = 388, j = 389 sucessfully passed !
	Initialyzed swapped data for i = 388, j = 390 sucessfully passed !
	Initialyzed swapped data for i = 388, j = 391 sucessfully passed !
	Initialyzed swapped data for i = 388, j = 392 sucessfully passed !
	Initialyzed swapped data for i = 388, j = 393 sucessfully passed !
	Initialyzed swapped data for i = 388, j = 394 sucessfully passed !
	Initialyzed swapped data for i = 388, j = 395 sucessfully passed !
	Initialyzed swapped data for i = 388, j = 396 sucessfully passed !
	Initialyzed swapped data for i = 388, j = 397 sucessfully passed !
	Initialyzed swapped data for i = 388, j = 398 sucessfully passed !
	Initialyzed swapped data for i = 388, j = 399 sucessfully passed !
	Initialyzed swapped data for i = 388, j = 400 sucessfully passed !
	Initialyzed swapped data for i = 388, j = 401 sucessfully passed !
	Initialyzed swapped data for i = 388, j = 402 sucessfully passed !
	Initialyzed swapped data for i = 388, j = 403 sucessfully passed !
	Initialyzed swapped data for i = 388, j = 404 sucessfully passed !
	Initialyzed swapped data for i = 388, j = 405 sucessfully passed !
	Initialyzed swapped data for i = 388, j = 406 sucessfully passed !
	Initialyzed swapped data for i = 388, j = 407 sucessfully passed !
	Initialyzed swapped data for i = 388, j = 408 sucessfully passed !
	Initialyzed swapped data for i = 388, j = 409 sucessfully passed !
	Initialyzed swapped data for i = 388, j = 410 sucessfully passed !
	Initialyzed swapped data for i = 388, j = 411 sucessfully passed !
	Initialyzed swapped data for i = 388, j = 412 sucessfully passed !
	Initialyzed swapped data for i = 388, j = 413 sucessfully passed !
	Initialyzed swapped data for i = 388, j = 414 sucessfully passed !
	Initialyzed swapped data for i = 388, j = 415 sucessfully passed !
	Initialyzed swapped data for i = 388, j = 416 sucessfully passed !
	Initialyzed swapped data for i = 388, j = 417 sucessfully passed !
	Initialyzed swapped data for i = 388, j = 418 sucessfully passed !
	Initialyzed swapped data for i = 388, j = 419 sucessfully passed !
	Initialyzed swapped data for i = 388, j = 420 sucessfully passed !
	Initialyzed swapped data for i = 388, j = 421 sucessfully passed !
	Initialyzed swapped data for i = 388, j = 422 sucessfully passed !
	Initialyzed swapped data for i = 388, j = 423 sucessfully passed !
	Initialyzed swapped data for i = 388, j = 424 sucessfully passed !
	Initialyzed swapped data for i = 388, j = 425 sucessfully passed !
	Initialyzed swapped data for i = 388, j = 426 sucessfully passed !
	Initialyzed swapped data for i = 388, j = 427 sucessfully passed !
	Initialyzed swapped data for i = 388, j = 428 sucessfully passed !
	Initialyzed swapped data for i = 388, j = 429 sucessfully passed !
	Initialyzed swapped data for i = 388, j = 430 sucessfully passed !
	Initialyzed swapped data for i = 388, j = 431 sucessfully passed !
	Initialyzed swapped data for i = 388, j = 432 sucessfully passed !
	Initialyzed swapped data for i = 388, j = 433 sucessfully passed !
	Initialyzed swapped data for i = 389, j = 390 sucessfully passed !
	Initialyzed swapped data for i = 389, j = 391 sucessfully passed !
	Initialyzed swapped data for i = 389, j = 392 sucessfully passed !
	Initialyzed swapped data for i = 389, j = 393 sucessfully passed !
	Initialyzed swapped data for i = 389, j = 394 sucessfully passed !
	Initialyzed swapped data for i = 389, j = 395 sucessfully passed !
	Initialyzed swapped data for i = 389, j = 396 sucessfully passed !
	Initialyzed swapped data for i = 389, j = 397 sucessfully passed !
	Initialyzed swapped data for i = 389, j = 398 sucessfully passed !
	Initialyzed swapped data for i = 389, j = 399 sucessfully passed !
	Initialyzed swapped data for i = 389, j = 400 sucessfully passed !
	Initialyzed swapped data for i = 389, j = 401 sucessfully passed !
	Initialyzed swapped data for i = 389, j = 402 sucessfully passed !
	Initialyzed swapped data for i = 389, j = 403 sucessfully passed !
	Initialyzed swapped data for i = 389, j = 404 sucessfully passed !
	Initialyzed swapped data for i = 389, j = 405 sucessfully passed !
	Initialyzed swapped data for i = 389, j = 406 sucessfully passed !
	Initialyzed swapped data for i = 389, j = 407 sucessfully passed !
	Initialyzed swapped data for i = 389, j = 408 sucessfully passed !
	Initialyzed swapped data for i = 389, j = 409 sucessfully passed !
	Initialyzed swapped data for i = 389, j = 410 sucessfully passed !
	Initialyzed swapped data for i = 389, j = 411 sucessfully passed !
	Initialyzed swapped data for i = 389, j = 412 sucessfully passed !
	Initialyzed swapped data for i = 389, j = 413 sucessfully passed !
	Initialyzed swapped data for i = 389, j = 414 sucessfully passed !
	Initialyzed swapped data for i = 389, j = 415 sucessfully passed !
	Initialyzed swapped data for i = 389, j = 416 sucessfully passed !
	Initialyzed swapped data for i = 389, j = 417 sucessfully passed !
	Initialyzed swapped data for i = 389, j = 418 sucessfully passed !
	Initialyzed swapped data for i = 389, j = 419 sucessfully passed !
	Initialyzed swapped data for i = 389, j = 420 sucessfully passed !
	Initialyzed swapped data for i = 389, j = 421 sucessfully passed !
	Initialyzed swapped data for i = 389, j = 422 sucessfully passed !
	Initialyzed swapped data for i = 389, j = 423 sucessfully passed !
	Initialyzed swapped data for i = 389, j = 424 sucessfully passed !
	Initialyzed swapped data for i = 389, j = 425 sucessfully passed !
	Initialyzed swapped data for i = 389, j = 426 sucessfully passed !
	Initialyzed swapped data for i = 389, j = 427 sucessfully passed !
	Initialyzed swapped data for i = 389, j = 428 sucessfully passed !
	Initialyzed swapped data for i = 389, j = 429 sucessfully passed !
	Initialyzed swapped data for i = 389, j = 430 sucessfully passed !
	Initialyzed swapped data for i = 389, j = 431 sucessfully passed !
	Initialyzed swapped data for i = 389, j = 432 sucessfully passed !
	Initialyzed swapped data for i = 389, j = 433 sucessfully passed !
	Initialyzed swapped data for i = 390, j = 391 sucessfully passed !
	Initialyzed swapped data for i = 390, j = 392 sucessfully passed !
	Initialyzed swapped data for i = 390, j = 393 sucessfully passed !
	Initialyzed swapped data for i = 390, j = 394 sucessfully passed !
	Initialyzed swapped data for i = 390, j = 395 sucessfully passed !
	Initialyzed swapped data for i = 390, j = 396 sucessfully passed !
	Initialyzed swapped data for i = 390, j = 397 sucessfully passed !
	Initialyzed swapped data for i = 390, j = 398 sucessfully passed !
	Initialyzed swapped data for i = 390, j = 399 sucessfully passed !
	Initialyzed swapped data for i = 390, j = 400 sucessfully passed !
	Initialyzed swapped data for i = 390, j = 401 sucessfully passed !
	Initialyzed swapped data for i = 390, j = 402 sucessfully passed !
	Initialyzed swapped data for i = 390, j = 403 sucessfully passed !
	Initialyzed swapped data for i = 390, j = 404 sucessfully passed !
	Initialyzed swapped data for i = 390, j = 405 sucessfully passed !
	Initialyzed swapped data for i = 390, j = 406 sucessfully passed !
	Initialyzed swapped data for i = 390, j = 407 sucessfully passed !
	Initialyzed swapped data for i = 390, j = 408 sucessfully passed !
	Initialyzed swapped data for i = 390, j = 409 sucessfully passed !
	Initialyzed swapped data for i = 390, j = 410 sucessfully passed !
	Initialyzed swapped data for i = 390, j = 411 sucessfully passed !
	Initialyzed swapped data for i = 390, j = 412 sucessfully passed !
	Initialyzed swapped data for i = 390, j = 413 sucessfully passed !
	Initialyzed swapped data for i = 390, j = 414 sucessfully passed !
	Initialyzed swapped data for i = 390, j = 415 sucessfully passed !
	Initialyzed swapped data for i = 390, j = 416 sucessfully passed !
	Initialyzed swapped data for i = 390, j = 417 sucessfully passed !
	Initialyzed swapped data for i = 390, j = 418 sucessfully passed !
	Initialyzed swapped data for i = 390, j = 419 sucessfully passed !
	Initialyzed swapped data for i = 390, j = 420 sucessfully passed !
	Initialyzed swapped data for i = 390, j = 421 sucessfully passed !
	Initialyzed swapped data for i = 390, j = 422 sucessfully passed !
	Initialyzed swapped data for i = 390, j = 423 sucessfully passed !
	Initialyzed swapped data for i = 390, j = 424 sucessfully passed !
	Initialyzed swapped data for i = 390, j = 425 sucessfully passed !
	Initialyzed swapped data for i = 390, j = 426 sucessfully passed !
	Initialyzed swapped data for i = 390, j = 427 sucessfully passed !
	Initialyzed swapped data for i = 390, j = 428 sucessfully passed !
	Initialyzed swapped data for i = 390, j = 429 sucessfully passed !
	Initialyzed swapped data for i = 390, j = 430 sucessfully passed !
	Initialyzed swapped data for i = 390, j = 431 sucessfully passed !
	Initialyzed swapped data for i = 390, j = 432 sucessfully passed !
	Initialyzed swapped data for i = 390, j = 433 sucessfully passed !
	Initialyzed swapped data for i = 391, j = 392 sucessfully passed !
	Initialyzed swapped data for i = 391, j = 393 sucessfully passed !
	Initialyzed swapped data for i = 391, j = 394 sucessfully passed !
	Initialyzed swapped data for i = 391, j = 395 sucessfully passed !
	Initialyzed swapped data for i = 391, j = 396 sucessfully passed !
	Initialyzed swapped data for i = 391, j = 397 sucessfully passed !
	Initialyzed swapped data for i = 391, j = 398 sucessfully passed !
	Initialyzed swapped data for i = 391, j = 399 sucessfully passed !
	Initialyzed swapped data for i = 391, j = 400 sucessfully passed !
	Initialyzed swapped data for i = 391, j = 401 sucessfully passed !
	Initialyzed swapped data for i = 391, j = 402 sucessfully passed !
	Initialyzed swapped data for i = 391, j = 403 sucessfully passed !
	Initialyzed swapped data for i = 391, j = 404 sucessfully passed !
	Initialyzed swapped data for i = 391, j = 405 sucessfully passed !
	Initialyzed swapped data for i = 391, j = 406 sucessfully passed !
	Initialyzed swapped data for i = 391, j = 407 sucessfully passed !
	Initialyzed swapped data for i = 391, j = 408 sucessfully passed !
	Initialyzed swapped data for i = 391, j = 409 sucessfully passed !
	Initialyzed swapped data for i = 391, j = 410 sucessfully passed !
	Initialyzed swapped data for i = 391, j = 411 sucessfully passed !
	Initialyzed swapped data for i = 391, j = 412 sucessfully passed !
	Initialyzed swapped data for i = 391, j = 413 sucessfully passed !
	Initialyzed swapped data for i = 391, j = 414 sucessfully passed !
	Initialyzed swapped data for i = 391, j = 415 sucessfully passed !
	Initialyzed swapped data for i = 391, j = 416 sucessfully passed !
	Initialyzed swapped data for i = 391, j = 417 sucessfully passed !
	Initialyzed swapped data for i = 391, j = 418 sucessfully passed !
	Initialyzed swapped data for i = 391, j = 419 sucessfully passed !
	Initialyzed swapped data for i = 391, j = 420 sucessfully passed !
	Initialyzed swapped data for i = 391, j = 421 sucessfully passed !
	Initialyzed swapped data for i = 391, j = 422 sucessfully passed !
	Initialyzed swapped data for i = 391, j = 423 sucessfully passed !
	Initialyzed swapped data for i = 391, j = 424 sucessfully passed !
	Initialyzed swapped data for i = 391, j = 425 sucessfully passed !
	Initialyzed swapped data for i = 391, j = 426 sucessfully passed !
	Initialyzed swapped data for i = 391, j = 427 sucessfully passed !
	Initialyzed swapped data for i = 391, j = 428 sucessfully passed !
	Initialyzed swapped data for i = 391, j = 429 sucessfully passed !
	Initialyzed swapped data for i = 391, j = 430 sucessfully passed !
	Initialyzed swapped data for i = 391, j = 431 sucessfully passed !
	Initialyzed swapped data for i = 391, j = 432 sucessfully passed !
	Initialyzed swapped data for i = 391, j = 433 sucessfully passed !
	Initialyzed swapped data for i = 392, j = 393 sucessfully passed !
	Initialyzed swapped data for i = 392, j = 394 sucessfully passed !
	Initialyzed swapped data for i = 392, j = 395 sucessfully passed !
	Initialyzed swapped data for i = 392, j = 396 sucessfully passed !
	Initialyzed swapped data for i = 392, j = 397 sucessfully passed !
	Initialyzed swapped data for i = 392, j = 398 sucessfully passed !
	Initialyzed swapped data for i = 392, j = 399 sucessfully passed !
	Initialyzed swapped data for i = 392, j = 400 sucessfully passed !
	Initialyzed swapped data for i = 392, j = 401 sucessfully passed !
	Initialyzed swapped data for i = 392, j = 402 sucessfully passed !
	Initialyzed swapped data for i = 392, j = 403 sucessfully passed !
	Initialyzed swapped data for i = 392, j = 404 sucessfully passed !
	Initialyzed swapped data for i = 392, j = 405 sucessfully passed !
	Initialyzed swapped data for i = 392, j = 406 sucessfully passed !
	Initialyzed swapped data for i = 392, j = 407 sucessfully passed !
	Initialyzed swapped data for i = 392, j = 408 sucessfully passed !
	Initialyzed swapped data for i = 392, j = 409 sucessfully passed !
	Initialyzed swapped data for i = 392, j = 410 sucessfully passed !
	Initialyzed swapped data for i = 392, j = 411 sucessfully passed !
	Initialyzed swapped data for i = 392, j = 412 sucessfully passed !
	Initialyzed swapped data for i = 392, j = 413 sucessfully passed !
	Initialyzed swapped data for i = 392, j = 414 sucessfully passed !
	Initialyzed swapped data for i = 392, j = 415 sucessfully passed !
	Initialyzed swapped data for i = 392, j = 416 sucessfully passed !
	Initialyzed swapped data for i = 392, j = 417 sucessfully passed !
	Initialyzed swapped data for i = 392, j = 418 sucessfully passed !
	Initialyzed swapped data for i = 392, j = 419 sucessfully passed !
	Initialyzed swapped data for i = 392, j = 420 sucessfully passed !
	Initialyzed swapped data for i = 392, j = 421 sucessfully passed !
	Initialyzed swapped data for i = 392, j = 422 sucessfully passed !
	Initialyzed swapped data for i = 392, j = 423 sucessfully passed !
	Initialyzed swapped data for i = 392, j = 424 sucessfully passed !
	Initialyzed swapped data for i = 392, j = 425 sucessfully passed !
	Initialyzed swapped data for i = 392, j = 426 sucessfully passed !
	Initialyzed swapped data for i = 392, j = 427 sucessfully passed !
	Initialyzed swapped data for i = 392, j = 428 sucessfully passed !
	Initialyzed swapped data for i = 392, j = 429 sucessfully passed !
	Initialyzed swapped data for i = 392, j = 430 sucessfully passed !
	Initialyzed swapped data for i = 392, j = 431 sucessfully passed !
	Initialyzed swapped data for i = 392, j = 432 sucessfully passed !
	Initialyzed swapped data for i = 392, j = 433 sucessfully passed !
	Initialyzed swapped data for i = 393, j = 394 sucessfully passed !
	Initialyzed swapped data for i = 393, j = 395 sucessfully passed !
	Initialyzed swapped data for i = 393, j = 396 sucessfully passed !
	Initialyzed swapped data for i = 393, j = 397 sucessfully passed !
	Initialyzed swapped data for i = 393, j = 398 sucessfully passed !
	Initialyzed swapped data for i = 393, j = 399 sucessfully passed !
	Initialyzed swapped data for i = 393, j = 400 sucessfully passed !
	Initialyzed swapped data for i = 393, j = 401 sucessfully passed !
	Initialyzed swapped data for i = 393, j = 402 sucessfully passed !
	Initialyzed swapped data for i = 393, j = 403 sucessfully passed !
	Initialyzed swapped data for i = 393, j = 404 sucessfully passed !
	Initialyzed swapped data for i = 393, j = 405 sucessfully passed !
	Initialyzed swapped data for i = 393, j = 406 sucessfully passed !
	Initialyzed swapped data for i = 393, j = 407 sucessfully passed !
	Initialyzed swapped data for i = 393, j = 408 sucessfully passed !
	Initialyzed swapped data for i = 393, j = 409 sucessfully passed !
	Initialyzed swapped data for i = 393, j = 410 sucessfully passed !
	Initialyzed swapped data for i = 393, j = 411 sucessfully passed !
	Initialyzed swapped data for i = 393, j = 412 sucessfully passed !
	Initialyzed swapped data for i = 393, j = 413 sucessfully passed !
	Initialyzed swapped data for i = 393, j = 414 sucessfully passed !
	Initialyzed swapped data for i = 393, j = 415 sucessfully passed !
	Initialyzed swapped data for i = 393, j = 416 sucessfully passed !
	Initialyzed swapped data for i = 393, j = 417 sucessfully passed !
	Initialyzed swapped data for i = 393, j = 418 sucessfully passed !
	Initialyzed swapped data for i = 393, j = 419 sucessfully passed !
	Initialyzed swapped data for i = 393, j = 420 sucessfully passed !
	Initialyzed swapped data for i = 393, j = 421 sucessfully passed !
	Initialyzed swapped data for i = 393, j = 422 sucessfully passed !
	Initialyzed swapped data for i = 393, j = 423 sucessfully passed !
	Initialyzed swapped data for i = 393, j = 424 sucessfully passed !
	Initialyzed swapped data for i = 393, j = 425 sucessfully passed !
	Initialyzed swapped data for i = 393, j = 426 sucessfully passed !
	Initialyzed swapped data for i = 393, j = 427 sucessfully passed !
	Initialyzed swapped data for i = 393, j = 428 sucessfully passed !
	Initialyzed swapped data for i = 393, j = 429 sucessfully passed !
	Initialyzed swapped data for i = 393, j = 430 sucessfully passed !
	Initialyzed swapped data for i = 393, j = 431 sucessfully passed !
	Initialyzed swapped data for i = 393, j = 432 sucessfully passed !
	Initialyzed swapped data for i = 393, j = 433 sucessfully passed !
	Initialyzed swapped data for i = 394, j = 395 sucessfully passed !
	Initialyzed swapped data for i = 394, j = 396 sucessfully passed !
	Initialyzed swapped data for i = 394, j = 397 sucessfully passed !
	Initialyzed swapped data for i = 394, j = 398 sucessfully passed !
	Initialyzed swapped data for i = 394, j = 399 sucessfully passed !
	Initialyzed swapped data for i = 394, j = 400 sucessfully passed !
	Initialyzed swapped data for i = 394, j = 401 sucessfully passed !
	Initialyzed swapped data for i = 394, j = 402 sucessfully passed !
	Initialyzed swapped data for i = 394, j = 403 sucessfully passed !
	Initialyzed swapped data for i = 394, j = 404 sucessfully passed !
	Initialyzed swapped data for i = 394, j = 405 sucessfully passed !
	Initialyzed swapped data for i = 394, j = 406 sucessfully passed !
	Initialyzed swapped data for i = 394, j = 407 sucessfully passed !
	Initialyzed swapped data for i = 394, j = 408 sucessfully passed !
	Initialyzed swapped data for i = 394, j = 409 sucessfully passed !
	Initialyzed swapped data for i = 394, j = 410 sucessfully passed !
	Initialyzed swapped data for i = 394, j = 411 sucessfully passed !
	Initialyzed swapped data for i = 394, j = 412 sucessfully passed !
	Initialyzed swapped data for i = 394, j = 413 sucessfully passed !
	Initialyzed swapped data for i = 394, j = 414 sucessfully passed !
	Initialyzed swapped data for i = 394, j = 415 sucessfully passed !
	Initialyzed swapped data for i = 394, j = 416 sucessfully passed !
	Initialyzed swapped data for i = 394, j = 417 sucessfully passed !
	Initialyzed swapped data for i = 394, j = 418 sucessfully passed !
	Initialyzed swapped data for i = 394, j = 419 sucessfully passed !
	Initialyzed swapped data for i = 394, j = 420 sucessfully passed !
	Initialyzed swapped data for i = 394, j = 421 sucessfully passed !
	Initialyzed swapped data for i = 394, j = 422 sucessfully passed !
	Initialyzed swapped data for i = 394, j = 423 sucessfully passed !
	Initialyzed swapped data for i = 394, j = 424 sucessfully passed !
	Initialyzed swapped data for i = 394, j = 425 sucessfully passed !
	Initialyzed swapped data for i = 394, j = 426 sucessfully passed !
	Initialyzed swapped data for i = 394, j = 427 sucessfully passed !
	Initialyzed swapped data for i = 394, j = 428 sucessfully passed !
	Initialyzed swapped data for i = 394, j = 429 sucessfully passed !
	Initialyzed swapped data for i = 394, j = 430 sucessfully passed !
	Initialyzed swapped data for i = 394, j = 431 sucessfully passed !
	Initialyzed swapped data for i = 394, j = 432 sucessfully passed !
	Initialyzed swapped data for i = 394, j = 433 sucessfully passed !
	Initialyzed swapped data for i = 395, j = 396 sucessfully passed !
	Initialyzed swapped data for i = 395, j = 397 sucessfully passed !
	Initialyzed swapped data for i = 395, j = 398 sucessfully passed !
	Initialyzed swapped data for i = 395, j = 399 sucessfully passed !
	Initialyzed swapped data for i = 395, j = 400 sucessfully passed !
	Initialyzed swapped data for i = 395, j = 401 sucessfully passed !
	Initialyzed swapped data for i = 395, j = 402 sucessfully passed !
	Initialyzed swapped data for i = 395, j = 403 sucessfully passed !
	Initialyzed swapped data for i = 395, j = 404 sucessfully passed !
	Initialyzed swapped data for i = 395, j = 405 sucessfully passed !
	Initialyzed swapped data for i = 395, j = 406 sucessfully passed !
	Initialyzed swapped data for i = 395, j = 407 sucessfully passed !
	Initialyzed swapped data for i = 395, j = 408 sucessfully passed !
	Initialyzed swapped data for i = 395, j = 409 sucessfully passed !
	Initialyzed swapped data for i = 395, j = 410 sucessfully passed !
	Initialyzed swapped data for i = 395, j = 411 sucessfully passed !
	Initialyzed swapped data for i = 395, j = 412 sucessfully passed !
	Initialyzed swapped data for i = 395, j = 413 sucessfully passed !
	Initialyzed swapped data for i = 395, j = 414 sucessfully passed !
	Initialyzed swapped data for i = 395, j = 415 sucessfully passed !
	Initialyzed swapped data for i = 395, j = 416 sucessfully passed !
	Initialyzed swapped data for i = 395, j = 417 sucessfully passed !
	Initialyzed swapped data for i = 395, j = 418 sucessfully passed !
	Initialyzed swapped data for i = 395, j = 419 sucessfully passed !
	Initialyzed swapped data for i = 395, j = 420 sucessfully passed !
	Initialyzed swapped data for i = 395, j = 421 sucessfully passed !
	Initialyzed swapped data for i = 395, j = 422 sucessfully passed !
	Initialyzed swapped data for i = 395, j = 423 sucessfully passed !
	Initialyzed swapped data for i = 395, j = 424 sucessfully passed !
	Initialyzed swapped data for i = 395, j = 425 sucessfully passed !
	Initialyzed swapped data for i = 395, j = 426 sucessfully passed !
	Initialyzed swapped data for i = 395, j = 427 sucessfully passed !
	Initialyzed swapped data for i = 395, j = 428 sucessfully passed !
	Initialyzed swapped data for i = 395, j = 429 sucessfully passed !
	Initialyzed swapped data for i = 395, j = 430 sucessfully passed !
	Initialyzed swapped data for i = 395, j = 431 sucessfully passed !
	Initialyzed swapped data for i = 395, j = 432 sucessfully passed !
	Initialyzed swapped data for i = 395, j = 433 sucessfully passed !
	Initialyzed swapped data for i = 396, j = 397 sucessfully passed !
	Initialyzed swapped data for i = 396, j = 398 sucessfully passed !
	Initialyzed swapped data for i = 396, j = 399 sucessfully passed !
	Initialyzed swapped data for i = 396, j = 400 sucessfully passed !
	Initialyzed swapped data for i = 396, j = 401 sucessfully passed !
	Initialyzed swapped data for i = 396, j = 402 sucessfully passed !
	Initialyzed swapped data for i = 396, j = 403 sucessfully passed !
	Initialyzed swapped data for i = 396, j = 404 sucessfully passed !
	Initialyzed swapped data for i = 396, j = 405 sucessfully passed !
	Initialyzed swapped data for i = 396, j = 406 sucessfully passed !
	Initialyzed swapped data for i = 396, j = 407 sucessfully passed !
	Initialyzed swapped data for i = 396, j = 408 sucessfully passed !
	Initialyzed swapped data for i = 396, j = 409 sucessfully passed !
	Initialyzed swapped data for i = 396, j = 410 sucessfully passed !
	Initialyzed swapped data for i = 396, j = 411 sucessfully passed !
	Initialyzed swapped data for i = 396, j = 412 sucessfully passed !
	Initialyzed swapped data for i = 396, j = 413 sucessfully passed !
	Initialyzed swapped data for i = 396, j = 414 sucessfully passed !
	Initialyzed swapped data for i = 396, j = 415 sucessfully passed !
	Initialyzed swapped data for i = 396, j = 416 sucessfully passed !
	Initialyzed swapped data for i = 396, j = 417 sucessfully passed !
	Initialyzed swapped data for i = 396, j = 418 sucessfully passed !
	Initialyzed swapped data for i = 396, j = 419 sucessfully passed !
	Initialyzed swapped data for i = 396, j = 420 sucessfully passed !
	Initialyzed swapped data for i = 396, j = 421 sucessfully passed !
	Initialyzed swapped data for i = 396, j = 422 sucessfully passed !
	Initialyzed swapped data for i = 396, j = 423 sucessfully passed !
	Initialyzed swapped data for i = 396, j = 424 sucessfully passed !
	Initialyzed swapped data for i = 396, j = 425 sucessfully passed !
	Initialyzed swapped data for i = 396, j = 426 sucessfully passed !
	Initialyzed swapped data for i = 396, j = 427 sucessfully passed !
	Initialyzed swapped data for i = 396, j = 428 sucessfully passed !
	Initialyzed swapped data for i = 396, j = 429 sucessfully passed !
	Initialyzed swapped data for i = 396, j = 430 sucessfully passed !
	Initialyzed swapped data for i = 396, j = 431 sucessfully passed !
	Initialyzed swapped data for i = 396, j = 432 sucessfully passed !
	Initialyzed swapped data for i = 396, j = 433 sucessfully passed !
	Initialyzed swapped data for i = 397, j = 398 sucessfully passed !
	Initialyzed swapped data for i = 397, j = 399 sucessfully passed !
	Initialyzed swapped data for i = 397, j = 400 sucessfully passed !
	Initialyzed swapped data for i = 397, j = 401 sucessfully passed !
	Initialyzed swapped data for i = 397, j = 402 sucessfully passed !
	Initialyzed swapped data for i = 397, j = 403 sucessfully passed !
	Initialyzed swapped data for i = 397, j = 404 sucessfully passed !
	Initialyzed swapped data for i = 397, j = 405 sucessfully passed !
	Initialyzed swapped data for i = 397, j = 406 sucessfully passed !
	Initialyzed swapped data for i = 397, j = 407 sucessfully passed !
	Initialyzed swapped data for i = 397, j = 408 sucessfully passed !
	Initialyzed swapped data for i = 397, j = 409 sucessfully passed !
	Initialyzed swapped data for i = 397, j = 410 sucessfully passed !
	Initialyzed swapped data for i = 397, j = 411 sucessfully passed !
	Initialyzed swapped data for i = 397, j = 412 sucessfully passed !
	Initialyzed swapped data for i = 397, j = 413 sucessfully passed !
	Initialyzed swapped data for i = 397, j = 414 sucessfully passed !
	Initialyzed swapped data for i = 397, j = 415 sucessfully passed !
	Initialyzed swapped data for i = 397, j = 416 sucessfully passed !
	Initialyzed swapped data for i = 397, j = 417 sucessfully passed !
	Initialyzed swapped data for i = 397, j = 418 sucessfully passed !
	Initialyzed swapped data for i = 397, j = 419 sucessfully passed !
	Initialyzed swapped data for i = 397, j = 420 sucessfully passed !
	Initialyzed swapped data for i = 397, j = 421 sucessfully passed !
	Initialyzed swapped data for i = 397, j = 422 sucessfully passed !
	Initialyzed swapped data for i = 397, j = 423 sucessfully passed !
	Initialyzed swapped data for i = 397, j = 424 sucessfully passed !
	Initialyzed swapped data for i = 397, j = 425 sucessfully passed !
	Initialyzed swapped data for i = 397, j = 426 sucessfully passed !
	Initialyzed swapped data for i = 397, j = 427 sucessfully passed !
	Initialyzed swapped data for i = 397, j = 428 sucessfully passed !
	Initialyzed swapped data for i = 397, j = 429 sucessfully passed !
	Initialyzed swapped data for i = 397, j = 430 sucessfully passed !
	Initialyzed swapped data for i = 397, j = 431 sucessfully passed !
	Initialyzed swapped data for i = 397, j = 432 sucessfully passed !
	Initialyzed swapped data for i = 397, j = 433 sucessfully passed !
	Initialyzed swapped data for i = 398, j = 399 sucessfully passed !
	Initialyzed swapped data for i = 398, j = 400 sucessfully passed !
	Initialyzed swapped data for i = 398, j = 401 sucessfully passed !
	Initialyzed swapped data for i = 398, j = 402 sucessfully passed !
	Initialyzed swapped data for i = 398, j = 403 sucessfully passed !
	Initialyzed swapped data for i = 398, j = 404 sucessfully passed !
	Initialyzed swapped data for i = 398, j = 405 sucessfully passed !
	Initialyzed swapped data for i = 398, j = 406 sucessfully passed !
	Initialyzed swapped data for i = 398, j = 407 sucessfully passed !
	Initialyzed swapped data for i = 398, j = 408 sucessfully passed !
	Initialyzed swapped data for i = 398, j = 409 sucessfully passed !
	Initialyzed swapped data for i = 398, j = 410 sucessfully passed !
	Initialyzed swapped data for i = 398, j = 411 sucessfully passed !
	Initialyzed swapped data for i = 398, j = 412 sucessfully passed !
	Initialyzed swapped data for i = 398, j = 413 sucessfully passed !
	Initialyzed swapped data for i = 398, j = 414 sucessfully passed !
	Initialyzed swapped data for i = 398, j = 415 sucessfully passed !
	Initialyzed swapped data for i = 398, j = 416 sucessfully passed !
	Initialyzed swapped data for i = 398, j = 417 sucessfully passed !
	Initialyzed swapped data for i = 398, j = 418 sucessfully passed !
	Initialyzed swapped data for i = 398, j = 419 sucessfully passed !
	Initialyzed swapped data for i = 398, j = 420 sucessfully passed !
	Initialyzed swapped data for i = 398, j = 421 sucessfully passed !
	Initialyzed swapped data for i = 398, j = 422 sucessfully passed !
	Initialyzed swapped data for i = 398, j = 423 sucessfully passed !
	Initialyzed swapped data for i = 398, j = 424 sucessfully passed !
	Initialyzed swapped data for i = 398, j = 425 sucessfully passed !
	Initialyzed swapped data for i = 398, j = 426 sucessfully passed !
	Initialyzed swapped data for i = 398, j = 427 sucessfully passed !
	Initialyzed swapped data for i = 398, j = 428 sucessfully passed !
	Initialyzed swapped data for i = 398, j = 429 sucessfully passed !
	Initialyzed swapped data for i = 398, j = 430 sucessfully passed !
	Initialyzed swapped data for i = 398, j = 431 sucessfully passed !
	Initialyzed swapped data for i = 398, j = 432 sucessfully passed !
	Initialyzed swapped data for i = 398, j = 433 sucessfully passed !
	Initialyzed swapped data for i = 399, j = 400 sucessfully passed !
	Initialyzed swapped data for i = 399, j = 401 sucessfully passed !
	Initialyzed swapped data for i = 399, j = 402 sucessfully passed !
	Initialyzed swapped data for i = 399, j = 403 sucessfully passed !
	Initialyzed swapped data for i = 399, j = 404 sucessfully passed !
	Initialyzed swapped data for i = 399, j = 405 sucessfully passed !
	Initialyzed swapped data for i = 399, j = 406 sucessfully passed !
	Initialyzed swapped data for i = 399, j = 407 sucessfully passed !
	Initialyzed swapped data for i = 399, j = 408 sucessfully passed !
	Initialyzed swapped data for i = 399, j = 409 sucessfully passed !
	Initialyzed swapped data for i = 399, j = 410 sucessfully passed !
	Initialyzed swapped data for i = 399, j = 411 sucessfully passed !
	Initialyzed swapped data for i = 399, j = 412 sucessfully passed !
	Initialyzed swapped data for i = 399, j = 413 sucessfully passed !
	Initialyzed swapped data for i = 399, j = 414 sucessfully passed !
	Initialyzed swapped data for i = 399, j = 415 sucessfully passed !
	Initialyzed swapped data for i = 399, j = 416 sucessfully passed !
	Initialyzed swapped data for i = 399, j = 417 sucessfully passed !
	Initialyzed swapped data for i = 399, j = 418 sucessfully passed !
	Initialyzed swapped data for i = 399, j = 419 sucessfully passed !
	Initialyzed swapped data for i = 399, j = 420 sucessfully passed !
	Initialyzed swapped data for i = 399, j = 421 sucessfully passed !
	Initialyzed swapped data for i = 399, j = 422 sucessfully passed !
	Initialyzed swapped data for i = 399, j = 423 sucessfully passed !
	Initialyzed swapped data for i = 399, j = 424 sucessfully passed !
	Initialyzed swapped data for i = 399, j = 425 sucessfully passed !
	Initialyzed swapped data for i = 399, j = 426 sucessfully passed !
	Initialyzed swapped data for i = 399, j = 427 sucessfully passed !
	Initialyzed swapped data for i = 399, j = 428 sucessfully passed !
	Initialyzed swapped data for i = 399, j = 429 sucessfully passed !
	Initialyzed swapped data for i = 399, j = 430 sucessfully passed !
	Initialyzed swapped data for i = 399, j = 431 sucessfully passed !
	Initialyzed swapped data for i = 399, j = 432 sucessfully passed !
	Initialyzed swapped data for i = 399, j = 433 sucessfully passed !
	Initialyzed swapped data for i = 400, j = 401 sucessfully passed !
	Initialyzed swapped data for i = 400, j = 402 sucessfully passed !
	Initialyzed swapped data for i = 400, j = 403 sucessfully passed !
	Initialyzed swapped data for i = 400, j = 404 sucessfully passed !
	Initialyzed swapped data for i = 400, j = 405 sucessfully passed !
	Initialyzed swapped data for i = 400, j = 406 sucessfully passed !
	Initialyzed swapped data for i = 400, j = 407 sucessfully passed !
	Initialyzed swapped data for i = 400, j = 408 sucessfully passed !
	Initialyzed swapped data for i = 400, j = 409 sucessfully passed !
	Initialyzed swapped data for i = 400, j = 410 sucessfully passed !
	Initialyzed swapped data for i = 400, j = 411 sucessfully passed !
	Initialyzed swapped data for i = 400, j = 412 sucessfully passed !
	Initialyzed swapped data for i = 400, j = 413 sucessfully passed !
	Initialyzed swapped data for i = 400, j = 414 sucessfully passed !
	Initialyzed swapped data for i = 400, j = 415 sucessfully passed !
	Initialyzed swapped data for i = 400, j = 416 sucessfully passed !
	Initialyzed swapped data for i = 400, j = 417 sucessfully passed !
	Initialyzed swapped data for i = 400, j = 418 sucessfully passed !
	Initialyzed swapped data for i = 400, j = 419 sucessfully passed !
	Initialyzed swapped data for i = 400, j = 420 sucessfully passed !
	Initialyzed swapped data for i = 400, j = 421 sucessfully passed !
	Initialyzed swapped data for i = 400, j = 422 sucessfully passed !
	Initialyzed swapped data for i = 400, j = 423 sucessfully passed !
	Initialyzed swapped data for i = 400, j = 424 sucessfully passed !
	Initialyzed swapped data for i = 400, j = 425 sucessfully passed !
	Initialyzed swapped data for i = 400, j = 426 sucessfully passed !
	Initialyzed swapped data for i = 400, j = 427 sucessfully passed !
	Initialyzed swapped data for i = 400, j = 428 sucessfully passed !
	Initialyzed swapped data for i = 400, j = 429 sucessfully passed !
	Initialyzed swapped data for i = 400, j = 430 sucessfully passed !
	Initialyzed swapped data for i = 400, j = 431 sucessfully passed !
	Initialyzed swapped data for i = 400, j = 432 sucessfully passed !
	Initialyzed swapped data for i = 400, j = 433 sucessfully passed !
	Initialyzed swapped data for i = 401, j = 402 sucessfully passed !
	Initialyzed swapped data for i = 401, j = 403 sucessfully passed !
	Initialyzed swapped data for i = 401, j = 404 sucessfully passed !
	Initialyzed swapped data for i = 401, j = 405 sucessfully passed !
	Initialyzed swapped data for i = 401, j = 406 sucessfully passed !
	Initialyzed swapped data for i = 401, j = 407 sucessfully passed !
	Initialyzed swapped data for i = 401, j = 408 sucessfully passed !
	Initialyzed swapped data for i = 401, j = 409 sucessfully passed !
	Initialyzed swapped data for i = 401, j = 410 sucessfully passed !
	Initialyzed swapped data for i = 401, j = 411 sucessfully passed !
	Initialyzed swapped data for i = 401, j = 412 sucessfully passed !
	Initialyzed swapped data for i = 401, j = 413 sucessfully passed !
	Initialyzed swapped data for i = 401, j = 414 sucessfully passed !
	Initialyzed swapped data for i = 401, j = 415 sucessfully passed !
	Initialyzed swapped data for i = 401, j = 416 sucessfully passed !
	Initialyzed swapped data for i = 401, j = 417 sucessfully passed !
	Initialyzed swapped data for i = 401, j = 418 sucessfully passed !
	Initialyzed swapped data for i = 401, j = 419 sucessfully passed !
	Initialyzed swapped data for i = 401, j = 420 sucessfully passed !
	Initialyzed swapped data for i = 401, j = 421 sucessfully passed !
	Initialyzed swapped data for i = 401, j = 422 sucessfully passed !
	Initialyzed swapped data for i = 401, j = 423 sucessfully passed !
	Initialyzed swapped data for i = 401, j = 424 sucessfully passed !
	Initialyzed swapped data for i = 401, j = 425 sucessfully passed !
	Initialyzed swapped data for i = 401, j = 426 sucessfully passed !
	Initialyzed swapped data for i = 401, j = 427 sucessfully passed !
	Initialyzed swapped data for i = 401, j = 428 sucessfully passed !
	Initialyzed swapped data for i = 401, j = 429 sucessfully passed !
	Initialyzed swapped data for i = 401, j = 430 sucessfully passed !
	Initialyzed swapped data for i = 401, j = 431 sucessfully passed !
	Initialyzed swapped data for i = 401, j = 432 sucessfully passed !
	Initialyzed swapped data for i = 401, j = 433 sucessfully passed !
	Initialyzed swapped data for i = 402, j = 403 sucessfully passed !
	Initialyzed swapped data for i = 402, j = 404 sucessfully passed !
	Initialyzed swapped data for i = 402, j = 405 sucessfully passed !
	Initialyzed swapped data for i = 402, j = 406 sucessfully passed !
	Initialyzed swapped data for i = 402, j = 407 sucessfully passed !
	Initialyzed swapped data for i = 402, j = 408 sucessfully passed !
	Initialyzed swapped data for i = 402, j = 409 sucessfully passed !
	Initialyzed swapped data for i = 402, j = 410 sucessfully passed !
	Initialyzed swapped data for i = 402, j = 411 sucessfully passed !
	Initialyzed swapped data for i = 402, j = 412 sucessfully passed !
	Initialyzed swapped data for i = 402, j = 413 sucessfully passed !
	Initialyzed swapped data for i = 402, j = 414 sucessfully passed !
	Initialyzed swapped data for i = 402, j = 415 sucessfully passed !
	Initialyzed swapped data for i = 402, j = 416 sucessfully passed !
	Initialyzed swapped data for i = 402, j = 417 sucessfully passed !
	Initialyzed swapped data for i = 402, j = 418 sucessfully passed !
	Initialyzed swapped data for i = 402, j = 419 sucessfully passed !
	Initialyzed swapped data for i = 402, j = 420 sucessfully passed !
	Initialyzed swapped data for i = 402, j = 421 sucessfully passed !
	Initialyzed swapped data for i = 402, j = 422 sucessfully passed !
	Initialyzed swapped data for i = 402, j = 423 sucessfully passed !
	Initialyzed swapped data for i = 402, j = 424 sucessfully passed !
	Initialyzed swapped data for i = 402, j = 425 sucessfully passed !
	Initialyzed swapped data for i = 402, j = 426 sucessfully passed !
	Initialyzed swapped data for i = 402, j = 427 sucessfully passed !
	Initialyzed swapped data for i = 402, j = 428 sucessfully passed !
	Initialyzed swapped data for i = 402, j = 429 sucessfully passed !
	Initialyzed swapped data for i = 402, j = 430 sucessfully passed !
	Initialyzed swapped data for i = 402, j = 431 sucessfully passed !
	Initialyzed swapped data for i = 402, j = 432 sucessfully passed !
	Initialyzed swapped data for i = 402, j = 433 sucessfully passed !
	Initialyzed swapped data for i = 403, j = 404 sucessfully passed !
	Initialyzed swapped data for i = 403, j = 405 sucessfully passed !
	Initialyzed swapped data for i = 403, j = 406 sucessfully passed !
	Initialyzed swapped data for i = 403, j = 407 sucessfully passed !
	Initialyzed swapped data for i = 403, j = 408 sucessfully passed !
	Initialyzed swapped data for i = 403, j = 409 sucessfully passed !
	Initialyzed swapped data for i = 403, j = 410 sucessfully passed !
	Initialyzed swapped data for i = 403, j = 411 sucessfully passed !
	Initialyzed swapped data for i = 403, j = 412 sucessfully passed !
	Initialyzed swapped data for i = 403, j = 413 sucessfully passed !
	Initialyzed swapped data for i = 403, j = 414 sucessfully passed !
	Initialyzed swapped data for i = 403, j = 415 sucessfully passed !
	Initialyzed swapped data for i = 403, j = 416 sucessfully passed !
	Initialyzed swapped data for i = 403, j = 417 sucessfully passed !
	Initialyzed swapped data for i = 403, j = 418 sucessfully passed !
	Initialyzed swapped data for i = 403, j = 419 sucessfully passed !
	Initialyzed swapped data for i = 403, j = 420 sucessfully passed !
	Initialyzed swapped data for i = 403, j = 421 sucessfully passed !
	Initialyzed swapped data for i = 403, j = 422 sucessfully passed !
	Initialyzed swapped data for i = 403, j = 423 sucessfully passed !
	Initialyzed swapped data for i = 403, j = 424 sucessfully passed !
	Initialyzed swapped data for i = 403, j = 425 sucessfully passed !
	Initialyzed swapped data for i = 403, j = 426 sucessfully passed !
	Initialyzed swapped data for i = 403, j = 427 sucessfully passed !
	Initialyzed swapped data for i = 403, j = 428 sucessfully passed !
	Initialyzed swapped data for i = 403, j = 429 sucessfully passed !
	Initialyzed swapped data for i = 403, j = 430 sucessfully passed !
	Initialyzed swapped data for i = 403, j = 431 sucessfully passed !
	Initialyzed swapped data for i = 403, j = 432 sucessfully passed !
	Initialyzed swapped data for i = 403, j = 433 sucessfully passed !
	Initialyzed swapped data for i = 404, j = 405 sucessfully passed !
	Initialyzed swapped data for i = 404, j = 406 sucessfully passed !
	Initialyzed swapped data for i = 404, j = 407 sucessfully passed !
	Initialyzed swapped data for i = 404, j = 408 sucessfully passed !
	Initialyzed swapped data for i = 404, j = 409 sucessfully passed !
	Initialyzed swapped data for i = 404, j = 410 sucessfully passed !
	Initialyzed swapped data for i = 404, j = 411 sucessfully passed !
	Initialyzed swapped data for i = 404, j = 412 sucessfully passed !
	Initialyzed swapped data for i = 404, j = 413 sucessfully passed !
	Initialyzed swapped data for i = 404, j = 414 sucessfully passed !
	Initialyzed swapped data for i = 404, j = 415 sucessfully passed !
	Initialyzed swapped data for i = 404, j = 416 sucessfully passed !
	Initialyzed swapped data for i = 404, j = 417 sucessfully passed !
	Initialyzed swapped data for i = 404, j = 418 sucessfully passed !
	Initialyzed swapped data for i = 404, j = 419 sucessfully passed !
	Initialyzed swapped data for i = 404, j = 420 sucessfully passed !
	Initialyzed swapped data for i = 404, j = 421 sucessfully passed !
	Initialyzed swapped data for i = 404, j = 422 sucessfully passed !
	Initialyzed swapped data for i = 404, j = 423 sucessfully passed !
	Initialyzed swapped data for i = 404, j = 424 sucessfully passed !
	Initialyzed swapped data for i = 404, j = 425 sucessfully passed !
	Initialyzed swapped data for i = 404, j = 426 sucessfully passed !
	Initialyzed swapped data for i = 404, j = 427 sucessfully passed !
	Initialyzed swapped data for i = 404, j = 428 sucessfully passed !
	Initialyzed swapped data for i = 404, j = 429 sucessfully passed !
	Initialyzed swapped data for i = 404, j = 430 sucessfully passed !
	Initialyzed swapped data for i = 404, j = 431 sucessfully passed !
	Initialyzed swapped data for i = 404, j = 432 sucessfully passed !
	Initialyzed swapped data for i = 404, j = 433 sucessfully passed !
	Initialyzed swapped data for i = 405, j = 406 sucessfully passed !
	Initialyzed swapped data for i = 405, j = 407 sucessfully passed !
	Initialyzed swapped data for i = 405, j = 408 sucessfully passed !
	Initialyzed swapped data for i = 405, j = 409 sucessfully passed !
	Initialyzed swapped data for i = 405, j = 410 sucessfully passed !
	Initialyzed swapped data for i = 405, j = 411 sucessfully passed !
	Initialyzed swapped data for i = 405, j = 412 sucessfully passed !
	Initialyzed swapped data for i = 405, j = 413 sucessfully passed !
	Initialyzed swapped data for i = 405, j = 414 sucessfully passed !
	Initialyzed swapped data for i = 405, j = 415 sucessfully passed !
	Initialyzed swapped data for i = 405, j = 416 sucessfully passed !
	Initialyzed swapped data for i = 405, j = 417 sucessfully passed !
	Initialyzed swapped data for i = 405, j = 418 sucessfully passed !
	Initialyzed swapped data for i = 405, j = 419 sucessfully passed !
	Initialyzed swapped data for i = 405, j = 420 sucessfully passed !
	Initialyzed swapped data for i = 405, j = 421 sucessfully passed !
	Initialyzed swapped data for i = 405, j = 422 sucessfully passed !
	Initialyzed swapped data for i = 405, j = 423 sucessfully passed !
	Initialyzed swapped data for i = 405, j = 424 sucessfully passed !
	Initialyzed swapped data for i = 405, j = 425 sucessfully passed !
	Initialyzed swapped data for i = 405, j = 426 sucessfully passed !
	Initialyzed swapped data for i = 405, j = 427 sucessfully passed !
	Initialyzed swapped data for i = 405, j = 428 sucessfully passed !
	Initialyzed swapped data for i = 405, j = 429 sucessfully passed !
	Initialyzed swapped data for i = 405, j = 430 sucessfully passed !
	Initialyzed swapped data for i = 405, j = 431 sucessfully passed !
	Initialyzed swapped data for i = 405, j = 432 sucessfully passed !
	Initialyzed swapped data for i = 405, j = 433 sucessfully passed !
	Initialyzed swapped data for i = 406, j = 407 sucessfully passed !
	Initialyzed swapped data for i = 406, j = 408 sucessfully passed !
	Initialyzed swapped data for i = 406, j = 409 sucessfully passed !
	Initialyzed swapped data for i = 406, j = 410 sucessfully passed !
	Initialyzed swapped data for i = 406, j = 411 sucessfully passed !
	Initialyzed swapped data for i = 406, j = 412 sucessfully passed !
	Initialyzed swapped data for i = 406, j = 413 sucessfully passed !
	Initialyzed swapped data for i = 406, j = 414 sucessfully passed !
	Initialyzed swapped data for i = 406, j = 415 sucessfully passed !
	Initialyzed swapped data for i = 406, j = 416 sucessfully passed !
	Initialyzed swapped data for i = 406, j = 417 sucessfully passed !
	Initialyzed swapped data for i = 406, j = 418 sucessfully passed !
	Initialyzed swapped data for i = 406, j = 419 sucessfully passed !
	Initialyzed swapped data for i = 406, j = 420 sucessfully passed !
	Initialyzed swapped data for i = 406, j = 421 sucessfully passed !
	Initialyzed swapped data for i = 406, j = 422 sucessfully passed !
	Initialyzed swapped data for i = 406, j = 423 sucessfully passed !
	Initialyzed swapped data for i = 406, j = 424 sucessfully passed !
	Initialyzed swapped data for i = 406, j = 425 sucessfully passed !
	Initialyzed swapped data for i = 406, j = 426 sucessfully passed !
	Initialyzed swapped data for i = 406, j = 427 sucessfully passed !
	Initialyzed swapped data for i = 406, j = 428 sucessfully passed !
	Initialyzed swapped data for i = 406, j = 429 sucessfully passed !
	Initialyzed swapped data for i = 406, j = 430 sucessfully passed !
	Initialyzed swapped data for i = 406, j = 431 sucessfully passed !
	Initialyzed swapped data for i = 406, j = 432 sucessfully passed !
	Initialyzed swapped data for i = 406, j = 433 sucessfully passed !
	Initialyzed swapped data for i = 407, j = 408 sucessfully passed !
	Initialyzed swapped data for i = 407, j = 409 sucessfully passed !
	Initialyzed swapped data for i = 407, j = 410 sucessfully passed !
	Initialyzed swapped data for i = 407, j = 411 sucessfully passed !
	Initialyzed swapped data for i = 407, j = 412 sucessfully passed !
	Initialyzed swapped data for i = 407, j = 413 sucessfully passed !
	Initialyzed swapped data for i = 407, j = 414 sucessfully passed !
	Initialyzed swapped data for i = 407, j = 415 sucessfully passed !
	Initialyzed swapped data for i = 407, j = 416 sucessfully passed !
	Initialyzed swapped data for i = 407, j = 417 sucessfully passed !
	Initialyzed swapped data for i = 407, j = 418 sucessfully passed !
	Initialyzed swapped data for i = 407, j = 419 sucessfully passed !
	Initialyzed swapped data for i = 407, j = 420 sucessfully passed !
	Initialyzed swapped data for i = 407, j = 421 sucessfully passed !
	Initialyzed swapped data for i = 407, j = 422 sucessfully passed !
	Initialyzed swapped data for i = 407, j = 423 sucessfully passed !
	Initialyzed swapped data for i = 407, j = 424 sucessfully passed !
	Initialyzed swapped data for i = 407, j = 425 sucessfully passed !
	Initialyzed swapped data for i = 407, j = 426 sucessfully passed !
	Initialyzed swapped data for i = 407, j = 427 sucessfully passed !
	Initialyzed swapped data for i = 407, j = 428 sucessfully passed !
	Initialyzed swapped data for i = 407, j = 429 sucessfully passed !
	Initialyzed swapped data for i = 407, j = 430 sucessfully passed !
	Initialyzed swapped data for i = 407, j = 431 sucessfully passed !
	Initialyzed swapped data for i = 407, j = 432 sucessfully passed !
	Initialyzed swapped data for i = 407, j = 433 sucessfully passed !
	Initialyzed swapped data for i = 408, j = 409 sucessfully passed !
	Initialyzed swapped data for i = 408, j = 410 sucessfully passed !
	Initialyzed swapped data for i = 408, j = 411 sucessfully passed !
	Initialyzed swapped data for i = 408, j = 412 sucessfully passed !
	Initialyzed swapped data for i = 408, j = 413 sucessfully passed !
	Initialyzed swapped data for i = 408, j = 414 sucessfully passed !
	Initialyzed swapped data for i = 408, j = 415 sucessfully passed !
	Initialyzed swapped data for i = 408, j = 416 sucessfully passed !
	Initialyzed swapped data for i = 408, j = 417 sucessfully passed !
	Initialyzed swapped data for i = 408, j = 418 sucessfully passed !
	Initialyzed swapped data for i = 408, j = 419 sucessfully passed !
	Initialyzed swapped data for i = 408, j = 420 sucessfully passed !
	Initialyzed swapped data for i = 408, j = 421 sucessfully passed !
	Initialyzed swapped data for i = 408, j = 422 sucessfully passed !
	Initialyzed swapped data for i = 408, j = 423 sucessfully passed !
	Initialyzed swapped data for i = 408, j = 424 sucessfully passed !
	Initialyzed swapped data for i = 408, j = 425 sucessfully passed !
	Initialyzed swapped data for i = 408, j = 426 sucessfully passed !
	Initialyzed swapped data for i = 408, j = 427 sucessfully passed !
	Initialyzed swapped data for i = 408, j = 428 sucessfully passed !
	Initialyzed swapped data for i = 408, j = 429 sucessfully passed !
	Initialyzed swapped data for i = 408, j = 430 sucessfully passed !
	Initialyzed swapped data for i = 408, j = 431 sucessfully passed !
	Initialyzed swapped data for i = 408, j = 432 sucessfully passed !
	Initialyzed swapped data for i = 408, j = 433 sucessfully passed !
	Initialyzed swapped data for i = 409, j = 410 sucessfully passed !
	Initialyzed swapped data for i = 409, j = 411 sucessfully passed !
	Initialyzed swapped data for i = 409, j = 412 sucessfully passed !
	Initialyzed swapped data for i = 409, j = 413 sucessfully passed !
	Initialyzed swapped data for i = 409, j = 414 sucessfully passed !
	Initialyzed swapped data for i = 409, j = 415 sucessfully passed !
	Initialyzed swapped data for i = 409, j = 416 sucessfully passed !
	Initialyzed swapped data for i = 409, j = 417 sucessfully passed !
	Initialyzed swapped data for i = 409, j = 418 sucessfully passed !
	Initialyzed swapped data for i = 409, j = 419 sucessfully passed !
	Initialyzed swapped data for i = 409, j = 420 sucessfully passed !
	Initialyzed swapped data for i = 409, j = 421 sucessfully passed !
	Initialyzed swapped data for i = 409, j = 422 sucessfully passed !
	Initialyzed swapped data for i = 409, j = 423 sucessfully passed !
	Initialyzed swapped data for i = 409, j = 424 sucessfully passed !
	Initialyzed swapped data for i = 409, j = 425 sucessfully passed !
	Initialyzed swapped data for i = 409, j = 426 sucessfully passed !
	Initialyzed swapped data for i = 409, j = 427 sucessfully passed !
	Initialyzed swapped data for i = 409, j = 428 sucessfully passed !
	Initialyzed swapped data for i = 409, j = 429 sucessfully passed !
	Initialyzed swapped data for i = 409, j = 430 sucessfully passed !
	Initialyzed swapped data for i = 409, j = 431 sucessfully passed !
	Initialyzed swapped data for i = 409, j = 432 sucessfully passed !
	Initialyzed swapped data for i = 409, j = 433 sucessfully passed !
	Initialyzed swapped data for i = 410, j = 411 sucessfully passed !
	Initialyzed swapped data for i = 410, j = 412 sucessfully passed !
	Initialyzed swapped data for i = 410, j = 413 sucessfully passed !
	Initialyzed swapped data for i = 410, j = 414 sucessfully passed !
	Initialyzed swapped data for i = 410, j = 415 sucessfully passed !
	Initialyzed swapped data for i = 410, j = 416 sucessfully passed !
	Initialyzed swapped data for i = 410, j = 417 sucessfully passed !
	Initialyzed swapped data for i = 410, j = 418 sucessfully passed !
	Initialyzed swapped data for i = 410, j = 419 sucessfully passed !
	Initialyzed swapped data for i = 410, j = 420 sucessfully passed !
	Initialyzed swapped data for i = 410, j = 421 sucessfully passed !
	Initialyzed swapped data for i = 410, j = 422 sucessfully passed !
	Initialyzed swapped data for i = 410, j = 423 sucessfully passed !
	Initialyzed swapped data for i = 410, j = 424 sucessfully passed !
	Initialyzed swapped data for i = 410, j = 425 sucessfully passed !
	Initialyzed swapped data for i = 410, j = 426 sucessfully passed !
	Initialyzed swapped data for i = 410, j = 427 sucessfully passed !
	Initialyzed swapped data for i = 410, j = 428 sucessfully passed !
	Initialyzed swapped data for i = 410, j = 429 sucessfully passed !
	Initialyzed swapped data for i = 410, j = 430 sucessfully passed !
	Initialyzed swapped data for i = 410, j = 431 sucessfully passed !
	Initialyzed swapped data for i = 410, j = 432 sucessfully passed !
	Initialyzed swapped data for i = 410, j = 433 sucessfully passed !
	Initialyzed swapped data for i = 411, j = 412 sucessfully passed !
	Initialyzed swapped data for i = 411, j = 413 sucessfully passed !
	Initialyzed swapped data for i = 411, j = 414 sucessfully passed !
	Initialyzed swapped data for i = 411, j = 415 sucessfully passed !
	Initialyzed swapped data for i = 411, j = 416 sucessfully passed !
	Initialyzed swapped data for i = 411, j = 417 sucessfully passed !
	Initialyzed swapped data for i = 411, j = 418 sucessfully passed !
	Initialyzed swapped data for i = 411, j = 419 sucessfully passed !
	Initialyzed swapped data for i = 411, j = 420 sucessfully passed !
	Initialyzed swapped data for i = 411, j = 421 sucessfully passed !
	Initialyzed swapped data for i = 411, j = 422 sucessfully passed !
	Initialyzed swapped data for i = 411, j = 423 sucessfully passed !
	Initialyzed swapped data for i = 411, j = 424 sucessfully passed !
	Initialyzed swapped data for i = 411, j = 425 sucessfully passed !
	Initialyzed swapped data for i = 411, j = 426 sucessfully passed !
	Initialyzed swapped data for i = 411, j = 427 sucessfully passed !
	Initialyzed swapped data for i = 411, j = 428 sucessfully passed !
	Initialyzed swapped data for i = 411, j = 429 sucessfully passed !
	Initialyzed swapped data for i = 411, j = 430 sucessfully passed !
	Initialyzed swapped data for i = 411, j = 431 sucessfully passed !
	Initialyzed swapped data for i = 411, j = 432 sucessfully passed !
	Initialyzed swapped data for i = 411, j = 433 sucessfully passed !
	Initialyzed swapped data for i = 412, j = 413 sucessfully passed !
	Initialyzed swapped data for i = 412, j = 414 sucessfully passed !
	Initialyzed swapped data for i = 412, j = 415 sucessfully passed !
	Initialyzed swapped data for i = 412, j = 416 sucessfully passed !
	Initialyzed swapped data for i = 412, j = 417 sucessfully passed !
	Initialyzed swapped data for i = 412, j = 418 sucessfully passed !
	Initialyzed swapped data for i = 412, j = 419 sucessfully passed !
	Initialyzed swapped data for i = 412, j = 420 sucessfully passed !
	Initialyzed swapped data for i = 412, j = 421 sucessfully passed !
	Initialyzed swapped data for i = 412, j = 422 sucessfully passed !
	Initialyzed swapped data for i = 412, j = 423 sucessfully passed !
	Initialyzed swapped data for i = 412, j = 424 sucessfully passed !
	Initialyzed swapped data for i = 412, j = 425 sucessfully passed !
	Initialyzed swapped data for i = 412, j = 426 sucessfully passed !
	Initialyzed swapped data for i = 412, j = 427 sucessfully passed !
	Initialyzed swapped data for i = 412, j = 428 sucessfully passed !
	Initialyzed swapped data for i = 412, j = 429 sucessfully passed !
	Initialyzed swapped data for i = 412, j = 430 sucessfully passed !
	Initialyzed swapped data for i = 412, j = 431 sucessfully passed !
	Initialyzed swapped data for i = 412, j = 432 sucessfully passed !
	Initialyzed swapped data for i = 412, j = 433 sucessfully passed !
	Initialyzed swapped data for i = 413, j = 414 sucessfully passed !
	Initialyzed swapped data for i = 413, j = 415 sucessfully passed !
	Initialyzed swapped data for i = 413, j = 416 sucessfully passed !
	Initialyzed swapped data for i = 413, j = 417 sucessfully passed !
	Initialyzed swapped data for i = 413, j = 418 sucessfully passed !
	Initialyzed swapped data for i = 413, j = 419 sucessfully passed !
	Initialyzed swapped data for i = 413, j = 420 sucessfully passed !
	Initialyzed swapped data for i = 413, j = 421 sucessfully passed !
	Initialyzed swapped data for i = 413, j = 422 sucessfully passed !
	Initialyzed swapped data for i = 413, j = 423 sucessfully passed !
	Initialyzed swapped data for i = 413, j = 424 sucessfully passed !
	Initialyzed swapped data for i = 413, j = 425 sucessfully passed !
	Initialyzed swapped data for i = 413, j = 426 sucessfully passed !
	Initialyzed swapped data for i = 413, j = 427 sucessfully passed !
	Initialyzed swapped data for i = 413, j = 428 sucessfully passed !
	Initialyzed swapped data for i = 413, j = 429 sucessfully passed !
	Initialyzed swapped data for i = 413, j = 430 sucessfully passed !
	Initialyzed swapped data for i = 413, j = 431 sucessfully passed !
	Initialyzed swapped data for i = 413, j = 432 sucessfully passed !
	Initialyzed swapped data for i = 413, j = 433 sucessfully passed !
	Initialyzed swapped data for i = 414, j = 415 sucessfully passed !
	Initialyzed swapped data for i = 414, j = 416 sucessfully passed !
	Initialyzed swapped data for i = 414, j = 417 sucessfully passed !
	Initialyzed swapped data for i = 414, j = 418 sucessfully passed !
	Initialyzed swapped data for i = 414, j = 419 sucessfully passed !
	Initialyzed swapped data for i = 414, j = 420 sucessfully passed !
	Initialyzed swapped data for i = 414, j = 421 sucessfully passed !
	Initialyzed swapped data for i = 414, j = 422 sucessfully passed !
	Initialyzed swapped data for i = 414, j = 423 sucessfully passed !
	Initialyzed swapped data for i = 414, j = 424 sucessfully passed !
	Initialyzed swapped data for i = 414, j = 425 sucessfully passed !
	Initialyzed swapped data for i = 414, j = 426 sucessfully passed !
	Initialyzed swapped data for i = 414, j = 427 sucessfully passed !
	Initialyzed swapped data for i = 414, j = 428 sucessfully passed !
	Initialyzed swapped data for i = 414, j = 429 sucessfully passed !
	Initialyzed swapped data for i = 414, j = 430 sucessfully passed !
	Initialyzed swapped data for i = 414, j = 431 sucessfully passed !
	Initialyzed swapped data for i = 414, j = 432 sucessfully passed !
	Initialyzed swapped data for i = 414, j = 433 sucessfully passed !
	Initialyzed swapped data for i = 415, j = 416 sucessfully passed !
	Initialyzed swapped data for i = 415, j = 417 sucessfully passed !
	Initialyzed swapped data for i = 415, j = 418 sucessfully passed !
	Initialyzed swapped data for i = 415, j = 419 sucessfully passed !
	Initialyzed swapped data for i = 415, j = 420 sucessfully passed !
	Initialyzed swapped data for i = 415, j = 421 sucessfully passed !
	Initialyzed swapped data for i = 415, j = 422 sucessfully passed !
	Initialyzed swapped data for i = 415, j = 423 sucessfully passed !
	Initialyzed swapped data for i = 415, j = 424 sucessfully passed !
	Initialyzed swapped data for i = 415, j = 425 sucessfully passed !
	Initialyzed swapped data for i = 415, j = 426 sucessfully passed !
	Initialyzed swapped data for i = 415, j = 427 sucessfully passed !
	Initialyzed swapped data for i = 415, j = 428 sucessfully passed !
	Initialyzed swapped data for i = 415, j = 429 sucessfully passed !
	Initialyzed swapped data for i = 415, j = 430 sucessfully passed !
	Initialyzed swapped data for i = 415, j = 431 sucessfully passed !
	Initialyzed swapped data for i = 415, j = 432 sucessfully passed !
	Initialyzed swapped data for i = 415, j = 433 sucessfully passed !
	Initialyzed swapped data for i = 416, j = 417 sucessfully passed !
	Initialyzed swapped data for i = 416, j = 418 sucessfully passed !
	Initialyzed swapped data for i = 416, j = 419 sucessfully passed !
	Initialyzed swapped data for i = 416, j = 420 sucessfully passed !
	Initialyzed swapped data for i = 416, j = 421 sucessfully passed !
	Initialyzed swapped data for i = 416, j = 422 sucessfully passed !
	Initialyzed swapped data for i = 416, j = 423 sucessfully passed !
	Initialyzed swapped data for i = 416, j = 424 sucessfully passed !
	Initialyzed swapped data for i = 416, j = 425 sucessfully passed !
	Initialyzed swapped data for i = 416, j = 426 sucessfully passed !
	Initialyzed swapped data for i = 416, j = 427 sucessfully passed !
	Initialyzed swapped data for i = 416, j = 428 sucessfully passed !
	Initialyzed swapped data for i = 416, j = 429 sucessfully passed !
	Initialyzed swapped data for i = 416, j = 430 sucessfully passed !
	Initialyzed swapped data for i = 416, j = 431 sucessfully passed !
	Initialyzed swapped data for i = 416, j = 432 sucessfully passed !
	Initialyzed swapped data for i = 416, j = 433 sucessfully passed !
	Initialyzed swapped data for i = 417, j = 418 sucessfully passed !
	Initialyzed swapped data for i = 417, j = 419 sucessfully passed !
	Initialyzed swapped data for i = 417, j = 420 sucessfully passed !
	Initialyzed swapped data for i = 417, j = 421 sucessfully passed !
	Initialyzed swapped data for i = 417, j = 422 sucessfully passed !
	Initialyzed swapped data for i = 417, j = 423 sucessfully passed !
	Initialyzed swapped data for i = 417, j = 424 sucessfully passed !
	Initialyzed swapped data for i = 417, j = 425 sucessfully passed !
	Initialyzed swapped data for i = 417, j = 426 sucessfully passed !
	Initialyzed swapped data for i = 417, j = 427 sucessfully passed !
	Initialyzed swapped data for i = 417, j = 428 sucessfully passed !
	Initialyzed swapped data for i = 417, j = 429 sucessfully passed !
	Initialyzed swapped data for i = 417, j = 430 sucessfully passed !
	Initialyzed swapped data for i = 417, j = 431 sucessfully passed !
	Initialyzed swapped data for i = 417, j = 432 sucessfully passed !
	Initialyzed swapped data for i = 417, j = 433 sucessfully passed !
	Initialyzed swapped data for i = 418, j = 419 sucessfully passed !
	Initialyzed swapped data for i = 418, j = 420 sucessfully passed !
	Initialyzed swapped data for i = 418, j = 421 sucessfully passed !
	Initialyzed swapped data for i = 418, j = 422 sucessfully passed !
	Initialyzed swapped data for i = 418, j = 423 sucessfully passed !
	Initialyzed swapped data for i = 418, j = 424 sucessfully passed !
	Initialyzed swapped data for i = 418, j = 425 sucessfully passed !
	Initialyzed swapped data for i = 418, j = 426 sucessfully passed !
	Initialyzed swapped data for i = 418, j = 427 sucessfully passed !
	Initialyzed swapped data for i = 418, j = 428 sucessfully passed !
	Initialyzed swapped data for i = 418, j = 429 sucessfully passed !
	Initialyzed swapped data for i = 418, j = 430 sucessfully passed !
	Initialyzed swapped data for i = 418, j = 431 sucessfully passed !
	Initialyzed swapped data for i = 418, j = 432 sucessfully passed !
	Initialyzed swapped data for i = 418, j = 433 sucessfully passed !
	Initialyzed swapped data for i = 419, j = 420 sucessfully passed !
	Initialyzed swapped data for i = 419, j = 421 sucessfully passed !
	Initialyzed swapped data for i = 419, j = 422 sucessfully passed !
	Initialyzed swapped data for i = 419, j = 423 sucessfully passed !
	Initialyzed swapped data for i = 419, j = 424 sucessfully passed !
	Initialyzed swapped data for i = 419, j = 425 sucessfully passed !
	Initialyzed swapped data for i = 419, j = 426 sucessfully passed !
	Initialyzed swapped data for i = 419, j = 427 sucessfully passed !
	Initialyzed swapped data for i = 419, j = 428 sucessfully passed !
	Initialyzed swapped data for i = 419, j = 429 sucessfully passed !
	Initialyzed swapped data for i = 419, j = 430 sucessfully passed !
	Initialyzed swapped data for i = 419, j = 431 sucessfully passed !
	Initialyzed swapped data for i = 419, j = 432 sucessfully passed !
	Initialyzed swapped data for i = 419, j = 433 sucessfully passed !
	Initialyzed swapped data for i = 420, j = 421 sucessfully passed !
	Initialyzed swapped data for i = 420, j = 422 sucessfully passed !
	Initialyzed swapped data for i = 420, j = 423 sucessfully passed !
	Initialyzed swapped data for i = 420, j = 424 sucessfully passed !
	Initialyzed swapped data for i = 420, j = 425 sucessfully passed !
	Initialyzed swapped data for i = 420, j = 426 sucessfully passed !
	Initialyzed swapped data for i = 420, j = 427 sucessfully passed !
	Initialyzed swapped data for i = 420, j = 428 sucessfully passed !
	Initialyzed swapped data for i = 420, j = 429 sucessfully passed !
	Initialyzed swapped data for i = 420, j = 430 sucessfully passed !
	Initialyzed swapped data for i = 420, j = 431 sucessfully passed !
	Initialyzed swapped data for i = 420, j = 432 sucessfully passed !
	Initialyzed swapped data for i = 420, j = 433 sucessfully passed !
	Initialyzed swapped data for i = 421, j = 422 sucessfully passed !
	Initialyzed swapped data for i = 421, j = 423 sucessfully passed !
	Initialyzed swapped data for i = 421, j = 424 sucessfully passed !
	Initialyzed swapped data for i = 421, j = 425 sucessfully passed !
	Initialyzed swapped data for i = 421, j = 426 sucessfully passed !
	Initialyzed swapped data for i = 421, j = 427 sucessfully passed !
	Initialyzed swapped data for i = 421, j = 428 sucessfully passed !
	Initialyzed swapped data for i = 421, j = 429 sucessfully passed !
	Initialyzed swapped data for i = 421, j = 430 sucessfully passed !
	Initialyzed swapped data for i = 421, j = 431 sucessfully passed !
	Initialyzed swapped data for i = 421, j = 432 sucessfully passed !
	Initialyzed swapped data for i = 421, j = 433 sucessfully passed !
	Initialyzed swapped data for i = 422, j = 423 sucessfully passed !
	Initialyzed swapped data for i = 422, j = 424 sucessfully passed !
	Initialyzed swapped data for i = 422, j = 425 sucessfully passed !
	Initialyzed swapped data for i = 422, j = 426 sucessfully passed !
	Initialyzed swapped data for i = 422, j = 427 sucessfully passed !
	Initialyzed swapped data for i = 422, j = 428 sucessfully passed !
	Initialyzed swapped data for i = 422, j = 429 sucessfully passed !
	Initialyzed swapped data for i = 422, j = 430 sucessfully passed !
	Initialyzed swapped data for i = 422, j = 431 sucessfully passed !
	Initialyzed swapped data for i = 422, j = 432 sucessfully passed !
	Initialyzed swapped data for i = 422, j = 433 sucessfully passed !
	Initialyzed swapped data for i = 423, j = 424 sucessfully passed !
	Initialyzed swapped data for i = 423, j = 425 sucessfully passed !
	Initialyzed swapped data for i = 423, j = 426 sucessfully passed !
	Initialyzed swapped data for i = 423, j = 427 sucessfully passed !
	Initialyzed swapped data for i = 423, j = 428 sucessfully passed !
	Initialyzed swapped data for i = 423, j = 429 sucessfully passed !
	Initialyzed swapped data for i = 423, j = 430 sucessfully passed !
	Initialyzed swapped data for i = 423, j = 431 sucessfully passed !
	Initialyzed swapped data for i = 423, j = 432 sucessfully passed !
	Initialyzed swapped data for i = 423, j = 433 sucessfully passed !
	Initialyzed swapped data for i = 424, j = 425 sucessfully passed !
	Initialyzed swapped data for i = 424, j = 426 sucessfully passed !
	Initialyzed swapped data for i = 424, j = 427 sucessfully passed !
	Initialyzed swapped data for i = 424, j = 428 sucessfully passed !
	Initialyzed swapped data for i = 424, j = 429 sucessfully passed !
	Initialyzed swapped data for i = 424, j = 430 sucessfully passed !
	Initialyzed swapped data for i = 424, j = 431 sucessfully passed !
	Initialyzed swapped data for i = 424, j = 432 sucessfully passed !
	Initialyzed swapped data for i = 424, j = 433 sucessfully passed !
	Initialyzed swapped data for i = 425, j = 426 sucessfully passed !
	Initialyzed swapped data for i = 425, j = 427 sucessfully passed !
	Initialyzed swapped data for i = 425, j = 428 sucessfully passed !
	Initialyzed swapped data for i = 425, j = 429 sucessfully passed !
	Initialyzed swapped data for i = 425, j = 430 sucessfully passed !
	Initialyzed swapped data for i = 425, j = 431 sucessfully passed !
	Initialyzed swapped data for i = 425, j = 432 sucessfully passed !
	Initialyzed swapped data for i = 425, j = 433 sucessfully passed !
	Initialyzed swapped data for i = 426, j = 427 sucessfully passed !
	Initialyzed swapped data for i = 426, j = 428 sucessfully passed !
	Initialyzed swapped data for i = 426, j = 429 sucessfully passed !
	Initialyzed swapped data for i = 426, j = 430 sucessfully passed !
	Initialyzed swapped data for i = 426, j = 431 sucessfully passed !
	Initialyzed swapped data for i = 426, j = 432 sucessfully passed !
	Initialyzed swapped data for i = 426, j = 433 sucessfully passed !
	Initialyzed swapped data for i = 427, j = 428 sucessfully passed !
	Initialyzed swapped data for i = 427, j = 429 sucessfully passed !
	Initialyzed swapped data for i = 427, j = 430 sucessfully passed !
	Initialyzed swapped data for i = 427, j = 431 sucessfully passed !
	Initialyzed swapped data for i = 427, j = 432 sucessfully passed !
	Initialyzed swapped data for i = 427, j = 433 sucessfully passed !
	Initialyzed swapped data for i = 428, j = 429 sucessfully passed !
	Initialyzed swapped data for i = 428, j = 430 sucessfully passed !
	Initialyzed swapped data for i = 428, j = 431 sucessfully passed !
	Initialyzed swapped data for i = 428, j = 432 sucessfully passed !
	Initialyzed swapped data for i = 428, j = 433 sucessfully passed !
	Initialyzed swapped data for i = 429, j = 430 sucessfully passed !
	Initialyzed swapped data for i = 429, j = 431 sucessfully passed !
	Initialyzed swapped data for i = 429, j = 432 sucessfully passed !
	Initialyzed swapped data for i = 429, j = 433 sucessfully passed !
	Initialyzed swapped data for i = 430, j = 431 sucessfully passed !
	Initialyzed swapped data for i = 430, j = 432 sucessfully passed !
	Initialyzed swapped data for i = 430, j = 433 sucessfully passed !
	Initialyzed swapped data for i = 431, j = 432 sucessfully passed !
	Initialyzed swapped data for i = 431, j = 433 sucessfully passed !
	Initialyzed swapped data for i = 432, j = 433 sucessfully passed !
]]></system-out>
  <system-err><![CDATA[]]></system-err>
</testsuite>
